Csz: 4, pgsz: 4096
Hello World1: 65536
Hell oWorld
File page count: 0
Hello World: 65536
0
0
Env opened
DB1 opened
Stg buf: 65536kb, Idx1 buf: 65536kb, Idx1+ buf: 16384kb
Idx1 entry count limit: 250 million
10988 10000 0 0 w0 r0 m0 f0 r0 p0
 1501663=280564+736534+546799 i732629 u987122 u0 t4.95
22023 20000 0 0 w0 r0 m0 f0 r0 p0
 2969833=556529+1459387+1077009 i1316180 u2085487 u0 t4.701
Idx1+ lookups: 1849723 
Idx1+ positiv: 4854 
Idx1+ found  : 4854 
33024 30000 0 0 w0 r0 m0 f0 r0 p0
 4455111=837101+2191661+1611754 i1877017 u3226548 u0 t5.569
44043 40000 0 0 w0 r0 m0 f0 r0 p0
 6020851=1126445+2951279+2192551 i2436084 u4457833 u0 t6.572
55121 50000 0 0 w0 r0 m0 f0 r0 p0
 7456147=1398962+3658349+2709577 i2939468 u5599484 u0 t6.279
Idx1+ lookups: 3476438 
Idx1+ positiv: 106880 
Idx1+ found  : 106880 
66115 60000 0 0 w0 r0 m0 f0 r0 p0
 8880851=1666179+4350823+3234648 i3419104 u6749918 u0 t5.018
77117 70000 0 0 w0 r0 m0 f0 r0 p0
 10321935=1938435+5065049+3750268 i3906266 u7914960 u0 t5.668
88102 80000 0 0 w0 r0 m0 f0 r0 p0
 11700254=2200704+5742595+4246944 i4363213 u9037806 u0 t5.789
Idx1+ lookups: 5077450 
Idx1+ positiv: 255939 
Idx1+ found  : 255939 
99095 90000 0 0 w0 r0 m0 f0 r0 p0
 13136962=2468232+6447219+4770729 i4834869 u10211527 u0 t6.001
110113 100000 0 0 w0 r0 m0 f0 r0 p0
 14567887=2739132+7154639+5283726 i5290840 u11395752 u0 t6.075
121109 110000 0 0 w0 r0 m0 f0 r0 p0
 15979341=3006343+7853621+5788507 i5744072 u12560404 u0 t5.866
Idx1+ lookups: 6615191 
Idx1+ positiv: 432498 
Idx1+ found  : 432498 
132028 120000 0 0 w0 r0 m0 f0 r0 p0
 17529576=3286631+8592403+6381321 i6202530 u13870471 u0 t6.13
142990 130000 0 0 w0 r0 m0 f0 r0 p0
 18983246=3562515+9313266+6900099 i6652150 u15087377 u0 t6.369
153925 140000 0 0 w0 r0 m0 f0 r0 p0
 20471021=3841520+10053635+7429782 i7107103 u16337894 u0 t6.574
Idx1+ lookups: 8153144 
Idx1+ positiv: 631193 
Idx1+ found  : 631193 
164855 150000 0 0 w0 r0 m0 f0 r0 p0
 21979188=4125986+10799401+7971072 i7567835 u17605454 u0 t6.439
175812 160000 0 0 w0 r0 m0 f0 r0 p0
 23581702=4417062+11563939+8582289 i8035915 u18965547 u0 t6.807
186797 170000 0 0 w0 r0 m0 f0 r0 p0
 25057302=4694184+12294315+9112151 i8483630 u20209360 u0 t6.614
Idx1+ lookups: 9666143 
Idx1+ positiv: 847225 
Idx1+ found  : 847225 
197847 180000 0 0 w0 r0 m0 f0 r0 p0
 26591014=4977448+13039031+9681211 i8936396 u21510058 u0 t6.937
208776 190000 0 0 w0 r0 m0 f0 r0 p0
 28103392=5261528+13786971+10225271 i9389016 u22790724 u0 t6.819
219728 200000 0 0 w0 r0 m0 f0 r0 p0
 29608450=5546129+14533215+10762856 i9830477 u24075187 u0 t6.994
Idx1+ lookups: 11191140 
Idx1+ positiv: 1084686 
Idx1+ found  : 1084686 
230584 210000 0 0 w0 r0 m0 f0 r0 p0
 31172079=5839074+15306099+11325356 i10287305 u25409728 u0 t7.152
241548 220000 0 0 w0 r0 m0 f0 r0 p0
 32679763=6122575+16050615+11868600 i10728860 u26695809 u0 t7.298
252514 230000 0 0 w0 r0 m0 f0 r0 p0
 34277699=6416178+16828359+12459598 i11188994 u28062718 u0 t7.528
Idx1+ lookups: 12719212 
Idx1+ positiv: 1338059 
Idx1+ found  : 1338059 
263483 240000 0 0 w0 r0 m0 f0 r0 p0
 35775562=6699007+17569616+12996185 i11625825 u29342840 u0 t7.338
274496 250000 0 0 w0 r0 m0 f0 r0 p0
 37306387=6986514+18328557+13544396 i12066775 u30656221 u0 t7.4
285461 260000 0 0 w0 r0 m0 f0 r0 p0
 38798465=7268992+19071624+14074168 i12494985 u31939302 u0 t7.469
Idx1+ lookups: 14245378 
Idx1+ positiv: 1608514 
Idx1+ found  : 1608514 
296415 270000 0 0 w0 r0 m0 f0 r0 p0
 40286813=7549046+19806127+14610355 i12922088 u33217613 u0 t7.645
307437 280000 0 0 w0 r0 m0 f0 r0 p0
 41793008=7832777+20553957+15148531 i13350295 u34516191 u0 t7.652
318462 290000 0 0 w0 r0 m0 f0 r0 p0
 43396955=8135807+21348388+15722674 i13806458 u35898390 u0 t8.355
Idx1+ lookups: 15777423 
Idx1+ positiv: 1896274 
Idx1+ found  : 1896274 
329483 300000 0 0 w0 r0 m0 f0 r0 p0
 45023848=8442695+22162598+16297402 i14273169 u37298177 u0 t8.717
340525 310000 0 0 w0 r0 m0 f0 r0 p0
 46611532=8738490+22941883+16875445 i14719088 u38669837 u0 t8.191
Idx1+ lookups: 17308410 
Idx1+ positiv: 2191569 
Idx1+ found  : 2191569 
351480 320000 0 0 w0 r0 m0 f0 r0 p0
 48197505=9039364+23732513+17435874 i15165473 u40042333 u0 t9.143
362496 330000 0 0 w0 r0 m0 f0 r0 p0
 49733163=9330690+24494894+17981459 i15594739 u41373900 u0 t8.097
373551 340000 0 0 w0 r0 m0 f0 r0 p0
 51290535=9626489+25266085+18538220 i16032091 u42722212 u0 t8.994
Idx1+ lookups: 18844057 
Idx1+ positiv: 2504802 
Idx1+ found  : 2504802 
384689 350000 0 0 w0 r0 m0 f0 r0 p0
 52864103=9922506+26034770+19112797 i16473292 u44082735 u0 t8.648
395874 360000 0 0 w0 r0 m0 f0 r0 p0
 54482824=10222227+26820615+19712109 i16929371 u45477771 u0 t9.316
406862 370000 0 0 w0 r0 m0 f0 r0 p0
 56129539=10531411+27615260+20322793 i17391151 u46898952 u0 t10.019
Idx1+ lookups: 20395157 
Idx1+ positiv: 2827778 
Idx1+ found  : 2827778 
417894 380000 0 0 w0 r0 m0 f0 r0 p0
 57712949=10827913+28389797+20900704 i17836070 u48266702 u0 t9.264
428912 390000 0 0 w0 r0 m0 f0 r0 p0
 59270435=11119317+29151504+21469891 i18270783 u49614818 u0 t9.487
439874 400000 0 0 w0 r0 m0 f0 r0 p0
 60804892=11404852+29899292+22034748 i18692199 u50948966 u0 t10.249
Idx1+ lookups: 21946986 
Idx1+ positiv: 3166305 
Idx1+ found  : 3166305 
450859 410000 0 0 w0 r0 m0 f0 r0 p0
 62351139=11693776+30659561+22596214 i19124562 u52287510 u0 t9.047
461847 420000 0 0 w0 r0 m0 f0 r0 p0
 63850841=11975377+31395903+23140121 i19539614 u53589995 u0 t10.532
472807 430000 0 0 w0 r0 m0 f0 r0 p0
 65444280=12275975+32177959+23717713 i19976868 u54977596 u0 t10.213
Idx1+ lookups: 23506892 
Idx1+ positiv: 3519015 
Idx1+ found  : 3519015 
483790 440000 0 0 w0 r0 m0 f0 r0 p0
 67052770=12576164+32971980+24298959 i20419617 u56377665 u0 t10.075
494708 450000 0 0 w0 r0 m0 f0 r0 p0
 68705897=12884577+33787893+24896004 i20868531 u57822293 u0 t11.86
Idx1+ lookups: 25066850 
Idx1+ positiv: 3887579 
Idx1+ found  : 3887579 
505590 460000 0 0 w0 r0 m0 f0 r0 p0
 70357934=13192981+34603737+25491990 i21317720 u59266083 u0 t10.991
516566 470000 0 0 w0 r0 m0 f0 r0 p0
 71996886=13498910+35407294+26089323 i21757306 u60702224 u0 t10.95
527520 480000 0 0 w0 r0 m0 f0 r0 p0
 73651227=13807158+36223256+26687973 i22205099 u62148945 u0 t12.354
Idx1+ lookups: 26622592 
Idx1+ positiv: 4265823 
Idx1+ found  : 4265823 
538466 490000 0 0 w0 r0 m0 f0 r0 p0
 75328414=14119122+37045202+27301263 i22656919 u63616669 u0 t11.849
549399 500000 0 0 w0 r0 m0 f0 r0 p0
 77031674=14444781+37880830+27920571 i23113256 u65110642 u0 t12.506
Idx1+ lookups: 28179989 
Idx1+ positiv: 4655547 
Idx1+ found  : 4655547 
560288 510000 0 0 w0 r0 m0 f0 r0 p0
 78691914=14755244+38702032+28518787 i23554362 u66571644 u0 t12.083
571192 520000 0 0 w0 r0 m0 f0 r0 p0
 80360609=15064921+39523583+29124883 i24001351 u68035133 u0 t12.548
582148 530000 0 0 w0 r0 m0 f0 r0 p0
 82044111=15379373+40351252+29736648 i24447921 u69516499 u0 t13.157
Idx1+ lookups: 29738362 
Idx1+ positiv: 5054495 
Idx1+ found  : 5054495 
593039 540000 0 0 w0 r0 m0 f0 r0 p0
 83778986=15700366+41200465+30372745 i24899741 u71049751 u0 t12.716
604123 550000 0 0 w0 r0 m0 f0 r0 p0
 85301594=15986949+41941190+30932383 i25296665 u72395324 u0 t11.706
615220 560000 0 0 w0 r0 m0 f0 r0 p0
 86603192=16234528+42588345+31398786 i25645750 u73539257 u0 t10.878
Idx1+ lookups: 31290387 
Idx1+ positiv: 5460502 
Idx1+ found  : 5460502 
626410 570000 0 0 w0 r0 m0 f0 r0 p0
 87874750=16473215+43206126+31868007 i25977094 u74662767 u0 t9.744
637646 580000 0 0 w0 r0 m0 f0 r0 p0
 89107135=16707388+43808787+32316462 i26295797 u75755899 u0 t9.2
648847 590000 0 0 w0 r0 m0 f0 r0 p0
 90412630=16951660+44441753+32801330 i26620966 u76923643 u0 t11.178
660023 600000 0 0 w0 r0 m0 f0 r0 p0
 91570967=17172097+45004553+33225590 i26915260 u77955948 u0 t8.666
Idx1+ lookups: 32811002 
Idx1+ positiv: 5866958 
Idx1+ found  : 5866958 
671169 610000 0 0 w0 r0 m0 f0 r0 p0
 92720576=17392089+45568160+33643052 i27208758 u78980120 u0 t10.123
682330 620000 0 0 w0 r0 m0 f0 r0 p0
 93872580=17614200+46130772+34061693 i27501436 u80007406 u0 t10.217
693457 630000 0 0 w0 r0 m0 f0 r0 p0
 95117626=17848307+46742027+34515848 i27814277 u81119698 u0 t11.514
Idx1+ lookups: 34332017 
Idx1+ positiv: 6284905 
Idx1+ found  : 6284905 
704731 640000 0 0 w0 r0 m0 f0 r0 p0
 96356538=18079814+47339736+34977401 i28121173 u82229516 u0 t12.464
715916 650000 0 0 w0 r0 m0 f0 r0 p0
 97508759=18300176+47903789+35395992 i28406358 u83265060 u0 t11.054
727122 660000 0 0 w0 r0 m0 f0 r0 p0
 98740996=18534472+48502649+35847867 i28710588 u84371807 u0 t12.87
738273 670000 0 0 w0 r0 m0 f0 r0 p0
 99944408=18763831+49088470+36288041 i29009112 u85452223 u0 t13.238
Idx1+ lookups: 35841340 
Idx1+ positiv: 6718418 
Idx1+ found  : 6718418 
749495 680000 0 0 w0 r0 m0 f0 r0 p0
 101110657=18988146+49655129+36713823 i29295697 u86502099 u0 t12.288
760693 690000 0 0 w0 r0 m0 f0 r0 p0
 102322796=19218634+50241042+37161239 i29597616 u87587719 u0 t14.615
771972 700000 0 0 w0 r0 m0 f0 r0 p0
 103533429=19447840+50827756+37607332 i29897330 u88674155 u0 t14.836
783287 710000 0 0 w0 r0 m0 f0 r0 p0
 104707193=19672297+51400620+38034556 i30187991 u89728401 u0 t12.745
Idx1+ lookups: 37362455 
Idx1+ positiv: 7156338 
Idx1+ found  : 7156338 
794503 720000 0 0 w0 r0 m0 f0 r0 p0
 105884101=19899080+51986529+38454162 i30484403 u90782949 u0 t14.349
805629 730000 0 0 w0 r0 m0 f0 r0 p0
 107102630=20129008+52567936+38912881 i30784795 u91875314 u0 t16.924
816809 740000 0 0 w0 r0 m0 f0 r0 p0
 108260466=20346670+53116721+39353044 i31063839 u92918105 u0 t13.644
Idx1+ lookups: 38881385 
Idx1+ positiv: 7606611 
Idx1+ found  : 7606611 
827890 750000 0 0 w0 r0 m0 f0 r0 p0
 109450287=20570289+53679196+39809043 i31352991 u93987186 u0 t13.944
839058 760000 0 0 w0 r0 m0 f0 r0 p0
 110562771=20782639+54214127+40221801 i31620202 u94993219 u0 t12.814
850231 770000 0 0 w0 r0 m0 f0 r0 p0
 111752710=21007204+54789950+40662048 i31911842 u96063116 u0 t15.957
861324 780000 0 0 w0 r0 m0 f0 r0 p0
 112865010=21220423+55328425+41070987 i32186752 u97061849 u0 t14.522
Idx1+ lookups: 40405323 
Idx1+ positiv: 8060128 
Idx1+ found  : 8060128 
872344 790000 0 0 w0 r0 m0 f0 r0 p0
 114010133=21439524+55879572+41494872 i32459525 u98100055 u0 t13.847
883522 800000 0 0 w0 r0 m0 f0 r0 p0
 115161072=21660061+56435512+41919077 i32734776 u99142606 u0 t13.818
894714 810000 0 0 w0 r0 m0 f0 r0 p0
 116268557=21873210+56964926+42332762 i33003910 u100140586 u0 t14.741
905844 820000 0 0 w0 r0 m0 f0 r0 p0
 117391502=22087870+57507981+42746359 i33271949 u101158020 u0 t14.893
Idx1+ lookups: 41908931 
Idx1+ positiv: 8516801 
Idx1+ found  : 8516801 
916882 830000 0 0 w0 r0 m0 f0 r0 p0
 118666036=22330007+58123971+43219051 i33587557 u102300685 u0 t16.05
927964 840000 0 0 w0 r0 m0 f0 r0 p0
 119859838=22558740+58706062+43653202 i33882600 u103373783 u0 t16.32
939033 850000 0 0 w0 r0 m0 f0 r0 p0
 121120121=22797057+59316939+44117564 i34192766 u104506332 u0 t16.58
Idx1+ lookups: 43461212 
Idx1+ positiv: 8986875 
Idx1+ found  : 8986875 
950128 860000 0 0 w0 r0 m0 f0 r0 p0
 122354185=23032142+59920770+44564969 i34498927 u105614146 u0 t17.147
961260 870000 0 0 w0 r0 m0 f0 r0 p0
 123573738=23265156+60513662+45010556 i34798107 u106711519 u0 t17.061
972424 880000 0 0 w0 r0 m0 f0 r0 p0
 124788360=23496396+61098156+45461105 i35096170 u107803069 u0 t16.564
983571 890000 0 0 w0 r0 m0 f0 r0 p0
 125999572=23725782+61687928+45904575 i35396114 u108889774 u0 t17.495
Idx1+ lookups: 45017089 
Idx1+ positiv: 9468427 
Idx1+ found  : 9468427 
994789 900000 0 0 w0 r0 m0 f0 r0 p0
 127172847=23948729+62252858+46339706 i35679762 u109948765 u0 t15.13
1005944 910000 0 0 w0 r0 m0 f0 r0 p0
 128418208=24183935+62848114+46805482 i35967846 u111084354 u0 t15.863
1017100 920000 0 0 w0 r0 m0 f0 r0 p0
 129545972=24400080+63392506+47221159 i36239872 u112103740 u0 t18.466
1028294 930000 0 0 w0 r0 m0 f0 r0 p0
 130643791=24609789+63922720+47625947 i36504991 u113095411 u0 t15.072
Idx1+ lookups: 46536656 
Idx1+ positiv: 9947268 
Idx1+ found  : 9947268 
1039422 940000 0 0 w0 r0 m0 f0 r0 p0
 131802780=24830099+64485884+48050785 i36784926 u114142679 u0 t17.008
1050473 950000 0 0 w0 r0 m0 f0 r0 p0
 132969390=25052197+65053534+48476741 i37064038 u115199617 u0 t15.161
1061568 960000 0 0 w0 r0 m0 f0 r0 p0
 134157730=25282050+65633678+48906939 i37340592 u116285874 u0 t17.512
Idx1+ lookups: 48047354 
Idx1+ positiv: 10426417 
Idx1+ found  : 10426417 
1072599 970000 0 0 w0 r0 m0 f0 r0 p0
 135407491=25517546+66234964+49372312 i37632587 u117423142 u0 t19.776
1083733 980000 0 0 w0 r0 m0 f0 r0 p0
 136514396=25732860+66779076+49768214 i37896983 u118428728 u0 t15.884
1094785 990000 0 0 w0 r0 m0 f0 r0 p0
 137634440=25949068+67323878+50175916 i38165865 u119443529 u0 t15.813
1105876 1000000 0 0 w0 r0 m0 f0 r0 p0
 138781039=26169464+67886377+50589458 i38439714 u120484710 u0 t18.906
Idx1+ lookups: 49584624 
Idx1+ positiv: 10918870 
Idx1+ found  : 10918870 
1117034 1010000 0 0 w0 r0 m0 f0 r0 p0
 139902352=26386172+68433488+50996406 i38709608 u121499858 u0 t16.846
1128112 1020000 0 0 w0 r0 m0 f0 r0 p0
 141036729=26605393+68991950+51402469 i38983327 u122527656 u0 t17.601
1139060 1030000 0 0 w0 r0 m0 f0 r0 p0
 142284177=26846201+69605267+51850105 i39289022 u123652642 u0 t19.441
1150007 1040000 0 0 w0 r0 m0 f0 r0 p0
 143675941=27111664+70284235+52356986 i39628123 u124907326 u0 t22.362
Idx1+ lookups: 51148289 
Idx1+ positiv: 11418825 
Idx1+ found  : 11418825 
1160894 1050000 0 0 w0 r0 m0 f0 r0 p0
 145112873=27383007+70990985+52876397 i39982866 u126199039 u0 t22.785
1171814 1060000 0 0 w0 r0 m0 f0 r0 p0
 146493490=27645470+71670517+53373723 i40324159 u127439999 u0 t22.928
1182789 1070000 0 0 w0 r0 m0 f0 r0 p0
 147885970=27910737+72358778+53871885 i40668152 u128692812 u0 t21.481
Idx1+ lookups: 52731191 
Idx1+ positiv: 11925990 
Idx1+ found  : 11925989 
1193726 1080000 0 0 w0 r0 m0 f0 r0 p0
 149248597=28170852+73028966+54362327 i41002314 u129920504 u0 t24.256
1204582 1090000 0 0 w0 r0 m0 f0 r0 p0
 150675659=28443408+73739146+54868631 i41358125 u131201924 u0 t22.394
1215452 1100000 0 0 w0 r0 m0 f0 r0 p0
 152122500=28719425+74451995+55388584 i41709907 u132508086 u0 t24.439
Idx1+ lookups: 54320929 
Idx1+ positiv: 12444488 
Idx1+ found  : 12444487 
1226363 1110000 0 0 w0 r0 m0 f0 r0 p0
 153617882=29001917+75190527+55926051 i42075966 u133856186 u0 t25.263
1237247 1120000 0 0 w0 r0 m0 f0 r0 p0
 155054285=29275805+75901339+56439056 i42426782 u135152293 u0 t21.923
1248176 1130000 0 0 w0 r0 m0 f0 r0 p0
 156519704=29555003+76624493+56964355 i42785730 u136473333 u0 t28.086
Idx1+ lookups: 55913327 
Idx1+ positiv: 12967890 
Idx1+ found  : 12967889 
1259068 1140000 0 0 w0 r0 m0 f0 r0 p0
 157977972=29830686+77346072+57487002 i43143846 u137786736 u0 t23.642
1269968 1150000 0 0 w0 r0 m0 f0 r0 p0
 159450196=30110531+78082271+58007501 i43509459 u139110175 u0 t25.399
1280888 1160000 0 0 w0 r0 m0 f0 r0 p0
 160907851=30387286+78807042+58526254 i43872385 u140418853 u0 t28.67
Idx1+ lookups: 57517306 
Idx1+ positiv: 13492227 
Idx1+ found  : 13492226 
1291754 1170000 0 0 w0 r0 m0 f0 r0 p0
 162377587=30666293+79535830+59050467 i44234317 u141742482 u0 t25.273
1302652 1180000 0 0 w0 r0 m0 f0 r0 p0
 163860563=30948696+80270902+59578864 i44594244 u143083740 u0 t25.352
1313613 1190000 0 0 w0 r0 m0 f0 r0 p0
 165342596=31230146+81006856+60107068 i44959741 u144418018 u0 t27.186
Idx1+ lookups: 59114237 
Idx1+ positiv: 14021790 
Idx1+ found  : 14021789 
1324596 1200000 0 0 w0 r0 m0 f0 r0 p0
 166825281=31511423+81745045+60633318 i45321687 u145757004 u0 t26.758
1335456 1210000 0 0 w0 r0 m0 f0 r0 p0
 168344682=31799164+82499352+61175153 i45695482 u147125603 u0 t29.796
1346441 1220000 0 0 w0 r0 m0 f0 r0 p0
 169903140=32093687+83267629+61736487 i46069580 u148537257 u0 t27.191
Idx1+ lookups: 60706952 
Idx1+ positiv: 14553724 
Idx1+ found  : 14553723 
1357399 1230000 0 0 w0 r0 m0 f0 r0 p0
 171459914=32386736+84039990+62292736 i46446589 u149944892 u0 t30.888
1368385 1240000 0 0 w0 r0 m0 f0 r0 p0
 173068201=32689518+84834892+62871494 i46833315 u151401423 u0 t29.572
Idx1+ lookups: 62300182 
Idx1+ positiv: 15091426 
Idx1+ found  : 15091425 
1379469 1250000 0 0 w0 r0 m0 f0 r0 p0
 174698534=32994406+85643477+63455878 i47230706 u152872247 u0 t29.876
1390543 1260000 0 0 w0 r0 m0 f0 r0 p0
 176336606=33299469+86446427+64054298 i47623990 u154353720 u0 t32.422
1401635 1270000 0 0 w0 r0 m0 f0 r0 p0
 177964553=33605748+87254333+64636301 i48023105 u155821006 u0 t29.759
Idx1+ lookups: 63896894 
Idx1+ positiv: 15626848 
Idx1+ found  : 15626847 
1412662 1280000 0 0 w0 r0 m0 f0 r0 p0
 179568726=33910264+88055050+65203488 i48414741 u157270062 u0 t29.794
1423732 1290000 0 0 w0 r0 m0 f0 r0 p0
 181168988=34210477+88845071+65780310 i48803712 u158714965 u0 t32.259
1434749 1300000 0 0 w0 r0 m0 f0 r0 p0
 182828444=34519798+89661203+66382766 i49206811 u160212225 u0 t29.869
Idx1+ lookups: 65494453 
Idx1+ positiv: 16162840 
Idx1+ found  : 16162839 
1445738 1310000 0 0 w0 r0 m0 f0 r0 p0
 184513839=34836400+90488851+66994880 i49619988 u161729340 u0 t30.983
1456743 1320000 0 0 w0 r0 m0 f0 r0 p0
 186190806=35151296+91313453+67602860 i50028247 u163241900 u0 t36.209
Idx1+ lookups: 67095588 
Idx1+ positiv: 16703679 
Idx1+ found  : 16703678 
1467716 1330000 0 0 w0 r0 m0 f0 r0 p0
 187946974=35480337+92177165+68240027 i50452753 u164828618 u0 t32.922
1478847 1340000 0 0 w0 r0 m0 f0 r0 p0
 189697328=35804419+93033522+68881769 i50879610 u166404796 u0 t34.778
1489858 1350000 0 0 w0 r0 m0 f0 r0 p0
 191414757=36125132+93880640+69503293 i51304589 u167947094 u0 t37.255
Idx1+ lookups: 68714655 
Idx1+ positiv: 17249830 
Idx1+ found  : 17249829 
1500812 1360000 0 0 w0 r0 m0 f0 r0 p0
 193066526=36431463+94688311+70109181 i51712648 u169429848 u0 t32.899
1511816 1370000 0 0 w0 r0 m0 f0 r0 p0
 194750584=36746208+95519892+70716954 i52120571 u170951512 u0 t36.673
1522795 1380000 0 0 w0 r0 m0 f0 r0 p0
 196383403=37050140+96326851+71306228 i52520700 u172421631 u0 t36.121
Idx1+ lookups: 70333286 
Idx1+ positiv: 17800810 
Idx1+ found  : 17800809 
1533703 1390000 0 0 w0 r0 m0 f0 r0 p0
 198040254=37358448+97143117+71907162 i52930031 u173910154 u0 t39.175
1544569 1400000 0 0 w0 r0 m0 f0 r0 p0
 199683314=37667316+97956179+72497019 i53328733 u175394734 u0 t36.257
Idx1+ lookups: 71964034 
Idx1+ positiv: 18364235 
Idx1+ found  : 18364234 
1555499 1410000 0 0 w0 r0 m0 f0 r0 p0
 201439503=37995459+98821930+73132287 i53752794 u176981925 u0 t45.663
1566395 1420000 0 0 w0 r0 m0 f0 r0 p0
 203165112=38317565+99678555+73751029 i54169473 u178542810 u0 t38.381
1577238 1430000 0 0 w0 r0 m0 f0 r0 p0
 204894445=38640361+100537132+74371317 i54592116 u180101556 u0 t43.744
Idx1+ lookups: 73577556 
Idx1+ positiv: 18920377 
Idx1+ found  : 18920376 
1588118 1440000 0 0 w0 r0 m0 f0 r0 p0
 206627131=38964282+101395438+74993483 i55013361 u181665516 u0 t45.163
1598949 1450000 0 0 w0 r0 m0 f0 r0 p0
 208394435=39292777+102268869+75631828 i55438735 u183264547 u0 t43.03
Idx1+ lookups: 75196542 
Idx1+ positiv: 19486717 
Idx1+ found  : 19486716 
1609797 1460000 0 0 w0 r0 m0 f0 r0 p0
 210170348=39622403+103146362+76274219 i55865208 u184871582 u0 t46.521
1620630 1470000 0 0 w0 r0 m0 f0 r0 p0
 211921199=39952135+104017109+76898702 i56281950 u186461141 u0 t48.533
1631477 1480000 0 0 w0 r0 m0 f0 r0 p0
 213670656=40279217+104881983+77529084 i56703103 u188043720 u0 t48.372
Idx1+ lookups: 76812797 
Idx1+ positiv: 20056994 
Idx1+ found  : 20056993 
1642373 1490000 0 0 w0 r0 m0 f0 r0 p0
 215467958=40615467+105772455+78174794 i57130433 u189675606 u0 t54.111
1653233 1500000 0 0 w0 r0 m0 f0 r0 p0
 217268113=40950561+106663886+78823439 i57559244 u191309101 u0 t53.434
Idx1+ lookups: 78422998 
Idx1+ positiv: 20628759 
Idx1+ found  : 20628758 
1664130 1510000 0 0 w0 r0 m0 f0 r0 p0
 219046475=41280963+107539800+79469073 i57979424 u192925021 u0 t48.657
1675034 1520000 0 0 w0 r0 m0 f0 r0 p0
 220835433=41612975+108422057+80117563 i58403574 u194549377 u0 t54.49
Idx1+ lookups: 80025713 
Idx1+ positiv: 21201665 
Idx1+ found  : 21201664 
1685958 1530000 0 0 w0 r0 m0 f0 r0 p0
 222654602=41950493+109317901+80778408 i58831542 u196204348 u0 t58.511
1696847 1540000 0 0 w0 r0 m0 f0 r0 p0
 224442390=42281602+110193885+81432718 i59253849 u197827721 u0 t53.246
1707676 1550000 0 0 w0 r0 m0 f0 r0 p0
 226272771=42619605+111095368+82098654 i59687841 u199488775 u0 t66.849
Idx1+ lookups: 81642379 
Idx1+ positiv: 21783503 
Idx1+ found  : 21783502 
1718573 1560000 0 0 w0 r0 m0 f0 r0 p0
 228104626=42957580+111994802+82768499 i60119130 u201153236 u0 t59.932
1729487 1570000 0 0 w0 r0 m0 f0 r0 p0
 229880933=43285461+112866746+83417946 i60535151 u202770039 u0 t57.614
Idx1+ lookups: 83248758 
Idx1+ positiv: 22366134 
Idx1+ found  : 22366133 
1740347 1580000 0 0 w0 r0 m0 f0 r0 p0
 231680658=43618172+113748000+84077399 i60957445 u204407129 u0 t60.286
1751207 1590000 0 0 w0 r0 m0 f0 r0 p0
 233507802=43956640+114647778+84741772 i61386981 u206068787 u0 t55.252
1762023 1600000 0 0 w0 r0 m0 f0 r0 p0
 235284021=44287479+115526027+85382513 i61804613 u207685524 u0 t50.779
Idx1+ lookups: 84865482 
Idx1+ positiv: 22956471 
Idx1+ found  : 22956469 
1772878 1610000 0 0 w0 r0 m0 f0 r0 p0
 237058091=44615710+116394367+86033018 i62221548 u209298869 u0 t43.696
1783723 1620000 0 0 w0 r0 m0 f0 r0 p0
 238817152=44942446+117265322+86667125 i62634289 u210900768 u0 t43.993
Idx1+ lookups: 86479211 
Idx1+ positiv: 23546604 
Idx1+ found  : 23546600 
1794607 1630000 0 0 w0 r0 m0 f0 r0 p0
 240593114=45270791+118136276+87316421 i63050358 u212516699 u0 t48.597
1805498 1640000 0 0 w0 r0 m0 f0 r0 p0
 242382880=45602364+119021975+87963283 i63469255 u214147535 u0 t44.06
1816421 1650000 0 0 w0 r0 m0 f0 r0 p0
 244178851=45933915+119909627+88614062 i63894197 u215778761 u0 t43.638
Idx1+ lookups: 88104727 
Idx1+ positiv: 24142171 
Idx1+ found  : 24142166 
1827273 1660000 0 0 w0 r0 m0 f0 r0 p0
 245982739=46268214+120794044+89273520 i64317528 u217419608 u0 t48.978
1838160 1670000 0 0 w0 r0 m0 f0 r0 p0
 247787480=46603036+121681664+89930207 i64744105 u219058887 u0 t47.164
Idx1+ lookups: 89725553 
Idx1+ positiv: 24736436 
Idx1+ found  : 24736429 
1849005 1680000 0 0 w0 r0 m0 f0 r0 p0
 249559284=46929845+122549529+90579661 i65155723 u220674864 u0 t46.977
1859879 1690000 0 0 w0 r0 m0 f0 r0 p0
 251260174=47246311+123393055+91190964 i65554473 u222224868 u0 t44.512
1870739 1700000 0 0 w0 r0 m0 f0 r0 p0
 253019895=47573526+124267404+91822462 i65965092 u223830519 u0 t49.337
Idx1+ lookups: 91343629 
Idx1+ positiv: 25337719 
Idx1+ found  : 25337712 
1881698 1710000 0 0 w0 r0 m0 f0 r0 p0
 254708925=47889282+125101992+92431836 i66357128 u225373401 u0 t45.285
1892578 1720000 0 0 w0 r0 m0 f0 r0 p0
 256422034=48209762+125948816+93049330 i66754520 u226938862 u0 t50.001
Idx1+ lookups: 92961105 
Idx1+ positiv: 25942342 
Idx1+ found  : 25942334 
1903425 1730000 0 0 w0 r0 m0 f0 r0 p0
 258151098=48531128+126803006+93675122 i67155607 u228518460 u0 t52.731
1914319 1740000 0 0 w0 r0 m0 f0 r0 p0
 259943322=48864688+127681881+94330360 i67569970 u230155032 u0 t50.33
1925121 1750000 0 0 w0 r0 m0 f0 r0 p0
 261669194=49186851+128536860+94951100 i67971530 u231731163 u0 t52.417
Idx1+ lookups: 94581553 
Idx1+ positiv: 26549289 
Idx1+ found  : 26549281 
1936035 1760000 0 0 w0 r0 m0 f0 r0 p0
 263458308=49520220+129423171+95595260 i68393215 u233359140 u0 t50.735
1946942 1770000 0 0 w0 r0 m0 f0 r0 p0
 265176825=49839955+130265313+96222824 i68783728 u234935601 u0 t49.166
Idx1+ lookups: 96198062 
Idx1+ positiv: 27157788 
Idx1+ found  : 27157780 
1957829 1780000 0 0 w0 r0 m0 f0 r0 p0
 266880298=50159017+131109725+96834289 i69177610 u236494160 u0 t51.47
1968722 1790000 0 0 w0 r0 m0 f0 r0 p0
 268620364=50482904+131964281+97468164 i69581502 u238082423 u0 t57.285
1979581 1800000 0 0 w0 r0 m0 f0 r0 p0
 270290935=50794936+132785153+98075600 i69970330 u239606309 u0 t50.765
Idx1+ lookups: 97822590 
Idx1+ positiv: 27767789 
Idx1+ found  : 27767779 
1990482 1810000 0 0 w0 r0 m0 f0 r0 p0
 271956692=51106210+133601567+98683174 i70349654 u241134091 u0 t54.252
2001382 1820000 0 0 w0 r0 m0 f0 r0 p0
 273619847=51416038+134416362+99290772 i70737466 u242650164 u0 t85.886
Idx1+ lookups: 99442624 
Idx1+ positiv: 28383496 
Idx1+ found  : 28383483 
2012247 1830000 0 0 w0 r0 m0 f0 r0 p0
 275314080=51732959+135250341+99905110 i71125277 u244202541 u0 t49.842
2023129 1840000 0 0 w0 r0 m0 f0 r0 p0
 276988722=52045651+136073996+100513243 i71509570 u245735659 u0 t56.713
2034053 1850000 0 0 w0 r0 m0 f0 r0 p0
 278712880=52368393+136923507+101137010 i71903611 u247316415 u0 t53.332
Idx1+ lookups: 101065897 
Idx1+ positiv: 29004422 
Idx1+ found  : 29004408 
2044917 1860000 0 0 w0 r0 m0 f0 r0 p0
 280378004=52680583+137747044+101736375 i72282470 u248845502 u0 t89.336
2055814 1870000 0 0 w0 r0 m0 f0 r0 p0
 282051843=52992861+138572889+102341949 i72675185 u250369999 u0 t54.448
2066728 1880000 0 0 w0 r0 m0 f0 r0 p0
 283706616=53302261+139390750+102938633 i73052626 u251888200 u0 t55.659
Idx1+ lookups: 102689162 
Idx1+ positiv: 29624785 
Idx1+ found  : 29624769 
2077660 1890000 0 0 w0 r0 m0 f0 r0 p0
 285366497=53613913+140212111+103535092 i73432087 u253410524 u0 t57.014
2088614 1900000 0 0 w0 r0 m0 f0 r0 p0
 287041729=53926943+141034038+104145407 i73817371 u254942697 u0 t55.975
Idx1+ lookups: 104311324 
Idx1+ positiv: 30246603 
Idx1+ found  : 30246586 
2099586 1910000 0 0 w0 r0 m0 f0 r0 p0
 288744918=54243674+141871300+104765346 i74204172 u256505861 u0 t59.488
2110524 1920000 0 0 w0 r0 m0 f0 r0 p0
 290369475=54549228+142670505+105353646 i74573791 u257996695 u0 t56.081
2121483 1930000 0 0 w0 r0 m0 f0 r0 p0
 292052058=54864406+143501540+105960121 i74961817 u259536404 u0 t58.651
Idx1+ lookups: 105930628 
Idx1+ positiv: 30868079 
Idx1+ found  : 30868061 
2132440 1940000 0 0 w0 r0 m0 f0 r0 p0
 293694255=55170737+144308922+106557109 i75338254 u261040178 u0 t59.914
2143340 1950000 0 0 w0 r0 m0 f0 r0 p0
 295367413=55483485+145131769+107164751 i75720401 u262574209 u0 t63.941
Idx1+ lookups: 107550316 
Idx1+ positiv: 31492912 
Idx1+ found  : 31492893 
2154286 1960000 0 0 w0 r0 m0 f0 r0 p0
 296988538=55788240+145928869+107751908 i76087708 u264063949 u0 t59.52
2165157 1970000 0 0 w0 r0 m0 f0 r0 p0
 298540975=56079143+146690357+108316891 i76438394 u265490661 u0 t51.814
2176142 1980000 0 0 w0 r0 m0 f0 r0 p0
 300107825=56372925+147461885+108884199 i76793507 u266930312 u0 t47.879
Idx1+ lookups: 109173510 
Idx1+ positiv: 32123996 
Idx1+ found  : 32123974 
2187090 1990000 0 0 w0 r0 m0 f0 r0 p0
 301747150=56679040+148271317+109476337 i77171769 u268429873 u0 t53.091
2198031 2000000 0 0 w0 r0 m0 f0 r0 p0
 303313580=56973518+149044964+110040282 i77529384 u269867367 u0 t47.254
2208970 2010000 0 0 w0 r0 m0 f0 r0 p0
 304880535=57266755+149814873+110609691 i77881024 u271309958 u0 t46.21
Idx1+ lookups: 110792739 
Idx1+ positiv: 32752716 
Idx1+ found  : 32752692 
2219875 2020000 0 0 w0 r0 m0 f0 r0 p0
 306462293=57567650+150599483+111174210 i78238657 u272765835 u0 t48.377
2230717 2030000 0 0 w0 r0 m0 f0 r0 p0
 307973254=57852647+151350438+111712984 i78578617 u274158201 u0 t74.177
2241553 2040000 0 0 w0 r0 m0 f0 r0 p0
 309501045=58140654+152109616+112258488 i78928227 u275560024 u0 t45.759
Idx1+ lookups: 112420856 
Idx1+ positiv: 33388607 
Idx1+ found  : 33388582 
2252478 2050000 0 0 w0 r0 m0 f0 r0 p0
 311045128=58431999+152874154+112812073 i79281301 u276977031 u0 t49.993
2263400 2060000 0 0 w0 r0 m0 f0 r0 p0
 312587837=58722721+153634268+113368941 i79629624 u278396212 u0 t47.411
2274335 2070000 0 0 w0 r0 m0 f0 r0 p0
 314133511=59013694+154399081+113923884 i79976866 u279820584 u0 t40.663
Idx1+ lookups: 114042617 
Idx1+ positiv: 34026780 
Idx1+ found  : 34026751 
2285238 2080000 0 0 w0 r0 m0 f0 r0 p0
 315607418=59292392+155123819+114456432 i80305957 u281180726 u0 t39.102
2296195 2090000 0 0 w0 r0 m0 f0 r0 p0
 317129339=59581750+155878650+114998759 i80644382 u282587292 u0 t39.98
Idx1+ lookups: 115654445 
Idx1+ positiv: 34665055 
Idx1+ found  : 34665023 
2307093 2100000 0 0 w0 r0 m0 f0 r0 p0
 318676265=59876160+156649876+115546395 i80990612 u284016071 u0 t41.116
2317991 2110000 0 0 w0 r0 m0 f0 r0 p0
 320192680=60163687+157398333+116091463 i81328303 u285416699 u0 t42.603
2328915 2120000 0 0 w0 r0 m0 f0 r0 p0
 321667127=60444027+158131181+116615325 i81658156 u286777847 u0 t39.438
Idx1+ lookups: 117270935 
Idx1+ positiv: 35304855 
Idx1+ found  : 35304820 
2339889 2130000 0 0 w0 r0 m0 f0 r0 p0
 323191428=60732124+158889320+117157821 i82003156 u288181194 u0 t41.733
2350849 2140000 0 0 w0 r0 m0 f0 r0 p0
 324694814=61015853+159638390+117692169 i82339777 u289568761 u0 t44.355
2361818 2150000 0 0 w0 r0 m0 f0 r0 p0
 326171197=61295863+160374317+118215279 i82674025 u290928653 u0 t42.742
Idx1+ lookups: 118889663 
Idx1+ positiv: 35945943 
Idx1+ found  : 35945903 
2372703 2160000 0 0 w0 r0 m0 f0 r0 p0
 327706867=61584829+161132257+118769068 i83016029 u292346073 u0 t40.13
2383611 2170000 0 0 w0 r0 m0 f0 r0 p0
 329144612=61857657+161847770+119280021 i83338424 u293673028 u0 t41.533
2394538 2180000 0 0 w0 r0 m0 f0 r0 p0
 330594880=62133525+162574001+119790052 i83663632 u295012568 u0 t41.622
Idx1+ lookups: 120507302 
Idx1+ positiv: 36584811 
Idx1+ found  : 36584768 
2405448 2190000 0 0 w0 r0 m0 f0 r0 p0
 332177375=62432524+163367543+120347537 i84018634 u296472721 u0 t45.016
2416385 2200000 0 0 w0 r0 m0 f0 r0 p0
 333702673=62721355+164125446+120891392 i84359686 u297880723 u0 t44.36
2427291 2210000 0 0 w0 r0 m0 f0 r0 p0
 335184843=63002435+164859902+121421622 i84689972 u299249866 u0 t42.768
Idx1+ lookups: 122126894 
Idx1+ positiv: 37229504 
Idx1+ found  : 37229459 
2438224 2220000 0 0 w0 r0 m0 f0 r0 p0
 336691785=63288111+165612753+121954294 i85027425 u300641352 u0 t42.002
2449156 2230000 0 0 w0 r0 m0 f0 r0 p0
 338227867=63580472+166376580+122500738 i85368299 u302062113 u0 t45.971
2460085 2240000 0 0 w0 r0 m0 f0 r0 p0
 339803578=63879850+167161588+123059153 i85721942 u303515563 u0 t44.295
Idx1+ lookups: 123745011 
Idx1+ positiv: 37875223 
Idx1+ found  : 37875173 
2471031 2250000 0 0 w0 r0 m0 f0 r0 p0
 341456821=64190719+167976508+123655721 i86090761 u305040613 u0 t48.424
2481891 2260000 0 0 w0 r0 m0 f0 r0 p0
 343048471=64491447+168759476+124230919 i86446315 u306508196 u0 t46.683
2492839 2270000 0 0 w0 r0 m0 f0 r0 p0
 344653117=64792499+169549608+124811646 i86802266 u307990840 u0 t83.314
Idx1+ lookups: 125363664 
Idx1+ positiv: 38521262 
Idx1+ found  : 38521208 
2503770 2280000 0 0 w0 r0 m0 f0 r0 p0
 346293094=65101839+170361430+125399681 i87173038 u309499724 u0 t48.481
2514685 2290000 0 0 w0 r0 m0 f0 r0 p0
 347905802=65403974+171155231+125983590 i87529729 u310990760 u0 t45.058
Idx1+ lookups: 126987262 
Idx1+ positiv: 39174925 
Idx1+ found  : 39174860 
2525687 2300000 0 0 w0 r0 m0 f0 r0 p0
 349558281=65712870+171967848+126583201 i87893169 u312519277 u0 t47.504
2536614 2310000 0 0 w0 r0 m0 f0 r0 p0
 351199131=66018950+172775928+127177803 i88258014 u314033773 u0 t48.461
2547690 2320000 0 0 w0 r0 m0 f0 r0 p0
 352903113=66337286+173615552+127794672 i88640509 u315602571 u0 t50.218
Idx1+ lookups: 128611929 
Idx1+ positiv: 39824266 
Idx1+ found  : 39824197 
2558712 2330000 0 0 w0 r0 m0 f0 r0 p0
 354606515=66655644+174456095+128410330 i89019031 u317174969 u0 t49.282
2569709 2340000 0 0 w0 r0 m0 f0 r0 p0
 356246740=66965337+175274605+128991627 i89386726 u318688902 u0 t44.774
Idx1+ lookups: 130239907 
Idx1+ positiv: 40476235 
Idx1+ found  : 40476156 
2580699 2350000 0 0 w0 r0 m0 f0 r0 p0
 357993949=67289498+176131911+129629324 i89778647 u320297420 u0 t54.607
2591715 2360000 0 0 w0 r0 m0 f0 r0 p0
 359695409=67606592+176969103+130247495 i90157837 u321866459 u0 t47.523
2602831 2370000 0 0 w0 r0 m0 f0 r0 p0
 361462001=67935504+177839960+130887497 i90555697 u323492135 u0 t53.733
Idx1+ lookups: 131871887 
Idx1+ positiv: 41133832 
Idx1+ found  : 41133747 
2613986 2380000 0 0 w0 r0 m0 f0 r0 p0
 363270928=68267047+178720207+131558190 i90955644 u325160998 u0 t52.998
2624949 2390000 0 0 w0 r0 m0 f0 r0 p0
 365086929=68600974+179606205+132228019 i91368476 u326825516 u0 t53.55
Idx1+ lookups: 133514062 
Idx1+ positiv: 41785075 
Idx1+ found  : 41784981 
2635909 2400000 0 0 w0 r0 m0 f0 r0 p0
 366923094=68938890+180504145+132903230 i91787657 u328506684 u0 t55.884
2646913 2410000 0 0 w0 r0 m0 f0 r0 p0
 368677098=69262711+181360894+133548935 i92187225 u330113502 u0 t51.975
2657884 2420000 0 0 w0 r0 m0 f0 r0 p0
 370381282=69579366+182197027+134170367 i92568991 u331682480 u0 t50.962
Idx1+ lookups: 135152054 
Idx1+ positiv: 42436113 
Idx1+ found  : 42436017 
2668918 2430000 0 0 w0 r0 m0 f0 r0 p0
 372076682=69893191+183024243+134793407 i92950834 u333240103 u0 t51.379
2679809 2440000 0 0 w0 r0 m0 f0 r0 p0
 373725889=70201816+183837774+135388654 i93328205 u334751744 u0 t52.185
2690746 2450000 0 0 w0 r0 m0 f0 r0 p0
 375397127=70512699+184665088+135991001 i93705296 u336288938 u0 t47.489
Idx1+ lookups: 136802457 
Idx1+ positiv: 43096076 
Idx1+ found  : 43095976 
2701594 2460000 0 0 w0 r0 m0 f0 r0 p0
 377159280=70840992+185532339+136630219 i94101466 u337910463 u0 t55.466
2712475 2470000 0 0 w0 r0 m0 f0 r0 p0
 378870525=71159687+186381532+137244485 i94485975 u339486675 u0 t53.697
Idx1+ lookups: 138439537 
Idx1+ positiv: 43756994 
Idx1+ found  : 43756890 
2723357 2480000 0 0 w0 r0 m0 f0 r0 p0
 380621311=71484777+187247025+137876759 i94874820 u341103218 u0 t52.26
2734166 2490000 0 0 w0 r0 m0 f0 r0 p0
 382366421=71812904+188125830+138494900 i95281485 u342690497 u0 t55.541
2745023 2500000 0 0 w0 r0 m0 f0 r0 p0
 384128646=72139321+188994414+139134645 i95670718 u344319250 u0 t55.872
Idx1+ lookups: 140099284 
Idx1+ positiv: 44426931 
Idx1+ found  : 44426820 
2755880 2510000 0 0 w0 r0 m0 f0 r0 p0
 385871396=72463107+189855269+139764554 i96060901 u345925034 u0 t55.393
2766772 2520000 0 0 w0 r0 m0 f0 r0 p0
 387632240=72789927+190721699+140404473 i96453646 u347548742 u0 t59.897
Idx1+ lookups: 141739767 
Idx1+ positiv: 45093202 
Idx1+ found  : 45093082 
2777605 2530000 0 0 w0 r0 m0 f0 r0 p0
 389378329=73116037+191581234+141037293 i96838839 u349163148 u0 t52.475
2788466 2540000 0 0 w0 r0 m0 f0 r0 p0
 391161976=73449910+192460112+141683083 i97232286 u350811890 u0 t60.086
Idx1+ lookups: 143365258 
Idx1+ positiv: 45755313 
Idx1+ found  : 45755189 
2799329 2550000 0 0 w0 r0 m0 f0 r0 p0
 393022637=73791980+193374922+142362846 i97643828 u352529560 u0 t58.418
2810193 2560000 0 0 w0 r0 m0 f0 r0 p0
 394755530=74114793+194231689+142988456 i98033559 u354124757 u0 t59.394
2821115 2570000 0 0 w0 r0 m0 f0 r0 p0
 396544570=74445209+195110004+143642096 i98430206 u355775570 u0 t59.867
Idx1+ lookups: 145007334 
Idx1+ positiv: 46426007 
Idx1+ found  : 46425874 
2832025 2580000 0 0 w0 r0 m0 f0 r0 p0
 398372339=74784877+196011275+144304829 i98835092 u357463694 u0 t62.568
2842894 2590000 0 0 w0 r0 m0 f0 r0 p0
 400131991=75110840+196874368+144948034 i99223299 u359089677 u0 t57.187
Idx1+ lookups: 146647872 
Idx1+ positiv: 47098942 
Idx1+ found  : 47098796 
2853742 2600000 0 0 w0 r0 m0 f0 r0 p0
 401982951=75452072+197787795+145620068 i99632416 u360799657 u0 t62.447
2864632 2610000 0 0 w0 r0 m0 f0 r0 p0
 403839439=75794987+198705506+146291911 i100038983 u362518836 u0 t63.733
2875503 2620000 0 0 w0 r0 m0 f0 r0 p0
 405672994=76135780+199608249+146958209 i100443004 u364214300 u0 t60.049
Idx1+ lookups: 148280452 
Idx1+ positiv: 47771337 
Idx1+ found  : 47771180 
2886360 2630000 0 0 w0 r0 m0 f0 r0 p0
 407489830=76473366+200506033+147615554 i100842094 u365896239 u0 t64.466
2897239 2640000 0 0 w0 r0 m0 f0 r0 p0
 409304471=76811180+201399099+148274544 i101239319 u367576244 u0 t61.716
Idx1+ lookups: 149909299 
Idx1+ positiv: 48443169 
Idx1+ found  : 48443001 
2908079 2650000 0 0 w0 r0 m0 f0 r0 p0
 411169901=77158948+202318214+148950332 i101651672 u369299840 u0 t63.946
2919336 2660000 0 0 w0 r0 m0 f0 r0 p0
 413036118=77503293+203235176+149631851 i102054168 u371032888 u0 t64.201
Idx1+ lookups: 151533658 
Idx1+ positiv: 49113638 
Idx1+ found  : 49113457 
2930193 2670000 0 0 w0 r0 m0 f0 r0 p0
 414928957=77852213+204169312+150319221 i102469090 u372784775 u0 t66.485
2941058 2680000 0 0 w0 r0 m0 f0 r0 p0
 416733280=78186343+205058331+150974303 i102865178 u374454243 u0 t64.258
2951948 2690000 0 0 w0 r0 m0 f0 r0 p0
 418565567=78526794+205962418+151637534 i103264500 u376153090 u0 t63.172
Idx1+ lookups: 153165645 
Idx1+ positiv: 49788907 
Idx1+ found  : 49788711 
2962792 2700000 0 0 w0 r0 m0 f0 r0 p0
 420358277=78859805+206849759+152284114 i103660210 u377810734 u0 t65.666
2973731 2710000 0 0 w0 r0 m0 f0 r0 p0
 422135363=79192176+207721174+152931618 i104042702 u379462143 u0 t60.737
Idx1+ lookups: 154799453 
Idx1+ positiv: 50471523 
Idx1+ found  : 50471315 
2984605 2720000 0 0 w0 r0 m0 f0 r0 p0
 423932724=79524840+208598812+153592766 i104429372 u381131090 u0 t65.341
2995574 2730000 0 0 w0 r0 m0 f0 r0 p0
 425712180=79853743+209470290+154244621 i104817943 u382778134 u0 t66.159
3006468 2740000 0 0 w0 r0 m0 f0 r0 p0
 427530529=80189737+210363192+154908471 i105215798 u384460458 u0 t63.985
Idx1+ lookups: 156427551 
Idx1+ positiv: 51151136 
Idx1+ found  : 51150903 
3017345 2750000 0 0 w0 r0 m0 f0 r0 p0
 429282211=80516129+211229611+155539600 i105600453 u386082315 u0 t70.449
3028291 2760000 0 0 w0 r0 m0 f0 r0 p0
 431022802=80838707+212080217+156177755 i105982953 u387690937 u0 t61.258
Idx1+ lookups: 158070759 
Idx1+ positiv: 51836337 
Idx1+ found  : 51836085 
3039192 2770000 0 0 w0 r0 m0 f0 r0 p0
 432707039=81152438+212904841+156793462 i106346693 u389254243 u0 t60.433
3050078 2780000 0 0 w0 r0 m0 f0 r0 p0
 434415692=81473674+213738473+157417663 i106713292 u390842370 u0 t62.826
Total lines processed: 2789495
Block Count:1, 255
Avg Block Count:625585 = 159524386 / 255
Avg Max Count:0, 9108, 127
Level Count:2
3038675 5
1639825 5
Max word len: 127
Total words generated: 436104343
Words inserted 107076627
Words updated: 392410894
OUBLK INBLK
    -     -
192606408704
168658579456
