01:57:13 ~/git/Text_frequency_research % ./a.out RC_2013-04.zst 64 4096 dfost 
Csz: 64, pgsz: 4096
Stg buf: 1048576kb, Idx1 buf: 1048576kb, Idx1+ buf: 65536kb
Idx1 entry count limit: 25 million
10988 10000 63 3 w0 r0 m0 f0 r0 p0
 1501663=280564+736534+546799 i732629 u987122 u0 t2.981
22023 20000 63 3 w0 r0 m0 f0 r0 p0
 2969833=556529+1459387+1077009 i1316180 u2085487 u0 t3.181
33024 30000 63 4 w0 r0 m0 f0 r0 p0
 4455111=837101+2191661+1611754 i1877017 u3226548 u0 t3.425
44043 40000 91 4 w0 r0 m0 f0 r0 p0
 6020851=1126445+2951279+2192551 i2436084 u4457833 u0 t3.532
55121 50000 91 4 w0 r0 m0 f0 r0 p0
 7456147=1398962+3658349+2709577 i2939468 u5599484 u0 t3.321
66115 60000 91 4 w0 r0 m0 f0 r0 p0
 8880851=1666179+4350823+3234648 i3419104 u6749918 u0 t3.326
77117 70000 91 4 w0 r0 m0 f0 r0 p0
 10321935=1938435+5065049+3750268 i3906266 u7914960 u0 t3.399
88102 80000 91 4 w0 r0 m0 f0 r0 p0
 11700254=2200704+5742595+4246944 i4363213 u9037806 u0 t3.491
99095 90000 91 4 w0 r0 m0 f0 r0 p0
 13136962=2468232+6447219+4770729 i4834869 u10211527 u0 t3.689
110113 100000 91 4 w0 r0 m0 f0 r0 p0
 14567887=2739132+7154639+5283726 i5290840 u11395752 u0 t3.533
121109 110000 91 4 w0 r0 m0 f0 r0 p0
 15979341=3006343+7853621+5788507 i5744072 u12560404 u0 t3.871
132028 120000 91 4 w0 r0 m0 f0 r0 p0
 17529576=3286631+8592403+6381321 i6202530 u13870471 u0 t3.813
142990 130000 91 4 w0 r0 m0 f0 r0 p0
 18983246=3562515+9313266+6900099 i6652150 u15087377 u0 t3.641
153925 140000 91 4 w0 r0 m0 f0 r0 p0
 20471021=3841520+10053635+7429782 i7107103 u16337894 u0 t3.662
164855 150000 91 4 w0 r0 m0 f0 r0 p0
 21979188=4125986+10799401+7971072 i7567835 u17605454 u0 t3.821
175812 160000 91 4 w0 r0 m0 f0 r0 p0
 23581702=4417062+11563939+8582289 i8035915 u18965547 u0 t3.986
186797 170000 91 4 w0 r0 m0 f0 r0 p0
 25057302=4694184+12294315+9112151 i8483630 u20209360 u0 t3.763
197847 180000 91 4 w0 r0 m0 f0 r0 p0
 26591014=4977448+13039031+9681211 i8936396 u21510058 u0 t3.791
208776 190000 91 4 w0 r0 m0 f0 r0 p0
 28103392=5261528+13786971+10225271 i9389016 u22790724 u0 t3.795
219728 200000 91 4 w0 r0 m0 f0 r0 p0
 29608450=5546129+14533215+10762856 i9830477 u24075187 u0 t3.801
230584 210000 91 4 w0 r0 m0 f0 r0 p0
 31172079=5839074+15306099+11325356 i10287305 u25409728 u0 t3.917
241548 220000 91 4 w0 r0 m0 f0 r0 p0
 32679763=6122575+16050615+11868600 i10728860 u26695809 u0 t3.905
252514 230000 91 4 w0 r0 m0 f0 r0 p0
 34277699=6416178+16828359+12459598 i11188994 u28062718 u0 t4.095
263483 240000 91 4 w0 r0 m0 f0 r0 p0
 35775562=6699007+17569616+12996185 i11625825 u29342840 u0 t3.904
274496 250000 91 4 w0 r0 m0 f0 r0 p0
 37306387=6986514+18328557+13544396 i12066775 u30656221 u0 t3.903
285461 260000 91 4 w0 r0 m0 f0 r0 p0
 38798465=7268992+19071624+14074168 i12494985 u31939302 u0 t3.848
296415 270000 91 4 w0 r0 m0 f0 r0 p0
 40286813=7549046+19806127+14610355 i12922088 u33217613 u0 t3.884
307437 280000 91 4 w0 r0 m0 f0 r0 p0
 41793008=7832777+20553957+15148531 i13350295 u34516191 u0 t3.883
318462 290000 91 4 w0 r0 m0 f0 r0 p0
 43396955=8135807+21348388+15722674 i13806458 u35898390 u0 t4.22
329483 300000 91 4 w0 r0 m0 f0 r0 p0
 45023848=8442695+22162598+16297402 i14273169 u37298177 u0 t4.267
340525 310000 91 4 w0 r0 m0 f0 r0 p0
 46611532=8738490+22941883+16875445 i14719088 u38669837 u0 t4.164
351480 320000 115 4 w0 r0 m0 f0 r0 p0
 48197505=9039364+23732513+17435874 i15165473 u40042333 u0 t4.039
362496 330000 115 4 w0 r0 m0 f0 r0 p0
 49733163=9330690+24494894+17981459 i15594739 u41373900 u0 t4.042
373551 340000 115 4 w0 r0 m0 f0 r0 p0
 51290535=9626489+25266085+18538220 i16032091 u42722212 u0 t4.155
384689 350000 115 4 w0 r0 m0 f0 r0 p0
 52864103=9922506+26034770+19112797 i16473292 u44082735 u0 t4.132
Idx1+ lookups: 0 
Idx1+ positiv: 0 
Idx1+ found  : 0 
395874 360000 81 3 w0 r0 m0 f0 r0 p0
 54482824=10222227+26820615+19712109 i16929371 u45477771 u0 t30.004
406862 370000 82 3 w0 r0 m0 f0 r0 p0
 56129539=10531411+27615260+20322793 i17391151 u46898952 u0 t5.274
417894 380000 82 3 w0 r0 m0 f0 r0 p0
 57712949=10827913+28389797+20900704 i17836070 u48266702 u0 t4.628
428912 390000 82 4 w0 r0 m0 f0 r0 p0
 59270435=11119317+29151504+21469891 i18270783 u49614818 u0 t4.557
439874 400000 93 4 w0 r0 m0 f0 r0 p0
 60804892=11404852+29899292+22034748 i18692199 u50948966 u0 t4.452
450859 410000 93 4 w0 r0 m0 f0 r0 p0
 62351139=11693776+30659561+22596214 i19124562 u52287510 u0 t4.447
461847 420000 93 4 w0 r0 m0 f0 r0 p0
 63850841=11975377+31395903+23140121 i19539614 u53589995 u0 t4.359
472807 430000 93 4 w0 r0 m0 f0 r0 p0
 65444280=12275975+32177959+23717713 i19976868 u54977596 u0 t4.825
483790 440000 93 4 w0 r0 m0 f0 r0 p0
 67052770=12576164+32971980+24298959 i20419617 u56377665 u0 t4.768
494708 450000 93 4 w0 r0 m0 f0 r0 p0
 68705897=12884577+33787893+24896004 i20868531 u57822293 u0 t4.768
505590 460000 93 4 w0 r0 m0 f0 r0 p0
 70357934=13192981+34603737+25491990 i21317720 u59266083 u0 t5.368
516566 470000 93 4 w0 r0 m0 f0 r0 p0
 71996886=13498910+35407294+26089323 i21757306 u60702224 u0 t4.986
527520 480000 93 4 w0 r0 m0 f0 r0 p0
 73651227=13807158+36223256+26687973 i22205099 u62148945 u0 t5.12
538466 490000 93 4 w0 r0 m0 f0 r0 p0
 75328414=14119122+37045202+27301263 i22656919 u63616669 u0 t4.892
549399 500000 103 4 w0 r0 m0 f0 r0 p0
 77031674=14444781+37880830+27920571 i23113256 u65110642 u0 t4.938
560288 510000 103 4 w0 r0 m0 f0 r0 p0
 78691914=14755244+38702032+28518787 i23554362 u66571644 u0 t4.806
571192 520000 103 4 w0 r0 m0 f0 r0 p0
 80360609=15064921+39523583+29124883 i24001351 u68035133 u0 t4.757
582148 530000 103 4 w0 r0 m0 f0 r0 p0
 82044111=15379373+40351252+29736648 i24447921 u69516499 u0 t4.818
593039 540000 103 4 w0 r0 m0 f0 r0 p0
 83778986=15700366+41200465+30372745 i24899741 u71049751 u0 t4.926
604123 550000 103 4 w0 r0 m0 f0 r0 p0
 85301594=15986949+41941190+30932383 i25296665 u72395324 u0 t4.344
615220 560000 103 4 w0 r0 m0 f0 r0 p0
 86603192=16234528+42588345+31398786 i25645750 u73539257 u0 t3.717
626410 570000 103 4 w0 r0 m0 f0 r0 p0
 87874750=16473215+43206126+31868007 i25977094 u74662767 u0 t3.646
637646 580000 103 4 w0 r0 m0 f0 r0 p0
 89107135=16707388+43808787+32316462 i26295797 u75755899 u0 t3.563
648847 590000 103 4 w0 r0 m0 f0 r0 p0
 90412630=16951660+44441753+32801330 i26620966 u76923643 u0 t3.7
660023 600000 103 4 w0 r0 m0 f0 r0 p0
 91570967=17172097+45004553+33225590 i26915260 u77955948 u0 t3.371
671169 610000 103 4 w0 r0 m0 f0 r0 p0
 92720576=17392089+45568160+33643052 i27208758 u78980120 u0 t3.52
682330 620000 104 4 w0 r0 m0 f0 r0 p0
 93872580=17614200+46130772+34061693 i27501436 u80007406 u0 t4.334
693457 630000 104 4 w0 r0 m0 f0 r0 p0
 95117626=17848307+46742027+34515848 i27814277 u81119698 u0 t3.539
704731 640000 104 4 w0 r0 m0 f0 r0 p0
 96356538=18079814+47339736+34977401 i28121173 u82229516 u0 t3.561
715916 650000 104 4 w0 r0 m0 f0 r0 p0
 97508759=18300176+47903789+35395992 i28406358 u83265060 u0 t3.314
727122 660000 104 4 w0 r0 m0 f0 r0 p0
 98740996=18534472+48502649+35847867 i28710588 u84371807 u0 t3.531
738273 670000 104 4 w0 r0 m0 f0 r0 p0
 99944408=18763831+49088470+36288041 i29009112 u85452223 u0 t3.486
749495 680000 104 4 w0 r0 m0 f0 r0 p0
 101110657=18988146+49655129+36713823 i29295697 u86502099 u0 t3.36
760693 690000 104 4 w0 r0 m0 f0 r0 p0
 102322796=19218634+50241042+37161239 i29597616 u87587719 u0 t3.477
771972 700000 104 4 w0 r0 m0 f0 r0 p0
 103533429=19447840+50827756+37607332 i29897330 u88674155 u0 t3.583
783287 710000 104 4 w0 r0 m0 f0 r0 p0
 104707193=19672297+51400620+38034556 i30187991 u89728401 u0 t3.486
794503 720000 104 4 w0 r0 m0 f0 r0 p0
 105884101=19899080+51986529+38454162 i30484403 u90782949 u0 t3.371
805629 730000 104 4 w0 r0 m0 f0 r0 p0
 107102630=20129008+52567936+38912881 i30784795 u91875314 u0 t3.487
816809 740000 104 4 w0 r0 m0 f0 r0 p0
 108260466=20346670+53116721+39353044 i31063839 u92918105 u0 t3.288
Idx1+ lookups: 0 16907692 
Idx1+ positiv: 0 2660074 
Idx1+ found  : 0 2587813 
827890 750000 70 3 w0 r0 m0 f0 r0 p0
 109450287=20570289+53679196+39809043 i31352991 u93987186 u0 t29.95
839058 760000 89 3 w0 r0 m0 f0 r0 p0
 110562771=20782639+54214127+40221801 i31620202 u94993219 u0 t5.783
850231 770000 89 3 w0 r0 m0 f0 r0 p0
 111752710=21007204+54789950+40662048 i31911842 u96063116 u0 t5.536
861324 780000 89 3 w0 r0 m0 f0 r0 p0
 112865010=21220423+55328425+41070987 i32186752 u97061849 u0 t4.561
872344 790000 89 4 w0 r0 m0 f0 r0 p0
 114010133=21439524+55879572+41494872 i32459525 u98100055 u0 t3.959
883522 800000 89 4 w0 r0 m0 f0 r0 p0
 115161072=21660061+56435512+41919077 i32734776 u99142606 u0 t4.056
894714 810000 89 4 w0 r0 m0 f0 r0 p0
 116268557=21873210+56964926+42332762 i33003910 u100140586 u0 t3.59
905844 820000 89 4 w0 r0 m0 f0 r0 p0
 117391502=22087870+57507981+42746359 i33271949 u101158020 u0 t3.931
916882 830000 89 4 w0 r0 m0 f0 r0 p0
 118666036=22330007+58123971+43219051 i33587557 u102300685 u0 t4.351
927964 840000 89 4 w0 r0 m0 f0 r0 p0
 119859838=22558740+58706062+43653202 i33882600 u103373783 u0 t4.263
939033 850000 89 4 w0 r0 m0 f0 r0 p0
 121120121=22797057+59316939+44117564 i34192766 u104506332 u0 t4.902
950128 860000 89 4 w0 r0 m0 f0 r0 p0
 122354185=23032142+59920770+44564969 i34498927 u105614146 u0 t4.614
961260 870000 89 4 w0 r0 m0 f0 r0 p0
 123573738=23265156+60513662+45010556 i34798107 u106711519 u0 t4.142
972424 880000 89 4 w0 r0 m0 f0 r0 p0
 124788360=23496396+61098156+45461105 i35096170 u107803069 u0 t4.492
983571 890000 89 4 w0 r0 m0 f0 r0 p0
 125999572=23725782+61687928+45904575 i35396114 u108889774 u0 t3.869
994789 900000 89 4 w0 r0 m0 f0 r0 p0
 127172847=23948729+62252858+46339706 i35679762 u109948765 u0 t3.691
1005944 910000 89 4 w0 r0 m0 f0 r0 p0
 128418208=24183935+62848114+46805482 i35967846 u111084354 u0 t3.886
1017100 920000 89 4 w0 r0 m0 f0 r0 p0
 129545972=24400080+63392506+47221159 i36239872 u112103740 u0 t3.647
1028294 930000 89 4 w0 r0 m0 f0 r0 p0
 130643791=24609789+63922720+47625947 i36504991 u113095411 u0 t3.455
1039422 940000 89 4 w0 r0 m0 f0 r0 p0
 131802780=24830099+64485884+48050785 i36784926 u114142679 u0 t3.737
1050473 950000 89 4 w0 r0 m0 f0 r0 p0
 132969390=25052197+65053534+48476741 i37064038 u115199617 u0 t3.753
1061568 960000 89 4 w0 r0 m0 f0 r0 p0
 134157730=25282050+65633678+48906939 i37340592 u116285874 u0 t3.794
1072599 970000 89 4 w0 r0 m0 f0 r0 p0
 135407491=25517546+66234964+49372312 i37632587 u117423142 u0 t3.957
1083733 980000 89 4 w0 r0 m0 f0 r0 p0
 136514396=25732860+66779076+49768214 i37896983 u118428728 u0 t3.606
1094785 990000 89 4 w0 r0 m0 f0 r0 p0
 137634440=25949068+67323878+50175916 i38165865 u119443529 u0 t3.959
1105876 1000000 89 4 w0 r0 m0 f0 r0 p0
 138781039=26169464+67886377+50589458 i38439714 u120484710 u0 t3.776
1117034 1010000 89 4 w0 r0 m0 f0 r0 p0
 139902352=26386172+68433488+50996406 i38709608 u121499858 u0 t3.65
1128112 1020000 89 4 w0 r0 m0 f0 r0 p0
 141036729=26605393+68991950+51402469 i38983327 u122527656 u0 t3.593
1139060 1030000 89 4 w0 r0 m0 f0 r0 p0
 142284177=26846201+69605267+51850105 i39289022 u123652642 u0 t4.105
1150007 1040000 89 4 w0 r0 m0 f0 r0 p0
 143675941=27111664+70284235+52356986 i39628123 u124907326 u0 t4.556
1160894 1050000 89 4 w0 r0 m0 f0 r0 p0
 145112873=27383007+70990985+52876397 i39982866 u126199039 u0 t4.52
1171814 1060000 89 4 w0 r0 m0 f0 r0 p0
 146493490=27645470+71670517+53373723 i40324159 u127439999 u0 t4.474
1182789 1070000 89 4 w0 r0 m0 f0 r0 p0
 147885970=27910737+72358778+53871885 i40668152 u128692812 u0 t4.495
1193726 1080000 89 4 w0 r0 m0 f0 r0 p0
 149248597=28170852+73028966+54362327 i41002314 u129920504 u0 t4.599
1204582 1090000 89 4 w0 r0 m0 f0 r0 p0
 150675659=28443408+73739146+54868631 i41358125 u131201924 u0 t4.569
1215452 1100000 89 4 w0 r0 m0 f0 r0 p0
 152122500=28719425+74451995+55388584 i41709907 u132508086 u0 t4.675
1226363 1110000 89 4 w0 r0 m0 f0 r0 p0
 153617882=29001917+75190527+55926051 i42075966 u133856186 u0 t4.881
1237247 1120000 89 4 w0 r0 m0 f0 r0 p0
 155054285=29275805+75901339+56439056 i42426782 u135152293 u0 t4.547
1248176 1130000 89 4 w0 r0 m0 f0 r0 p0
 156519704=29555003+76624493+56964355 i42785730 u136473333 u0 t4.781
1259068 1140000 89 4 w0 r0 m0 f0 r0 p0
 157977972=29830686+77346072+57487002 i43143846 u137786736 u0 t4.634
1269968 1150000 89 4 w0 r0 m0 f0 r0 p0
 159450196=30110531+78082271+58007501 i43509459 u139110175 u0 t4.916
1280888 1160000 89 4 w0 r0 m0 f0 r0 p0
 160907851=30387286+78807042+58526254 i43872385 u140418853 u0 t4.587
1291754 1170000 89 4 w0 r0 m0 f0 r0 p0
 162377587=30666293+79535830+59050467 i44234317 u141742482 u0 t4.673
Idx1+ lookups: 0 16783093 31060589 
Idx1+ positiv: 0 2701292 3570792 
Idx1+ found  : 0 2630196 3432118 
1302652 1180000 52 3 w0 r0 m0 f0 r0 p0
 163860563=30948696+80270902+59578864 i44594244 u143083740 u0 t29.639
1313613 1190000 71 3 w0 r0 m0 f0 r0 p0
 165342596=31230146+81006856+60107068 i44959741 u144418018 u0 t6.58
1324596 1200000 75 3 w0 r0 m0 f0 r0 p0
 166825281=31511423+81745045+60633318 i45321687 u145757004 u0 t5.675
1335456 1210000 75 4 w0 r0 m0 f0 r0 p0
 168344682=31799164+82499352+61175153 i45695482 u147125603 u0 t5.271
1346441 1220000 75 4 w0 r0 m0 f0 r0 p0
 169903140=32093687+83267629+61736487 i46069580 u148537257 u0 t5.394
1357399 1230000 77 4 w0 r0 m0 f0 r0 p0
 171459914=32386736+84039990+62292736 i46446589 u149944892 u0 t5.626
1368385 1240000 91 4 w0 r0 m0 f0 r0 p0
 173068201=32689518+84834892+62871494 i46833315 u151401423 u0 t5.625
1379469 1250000 91 4 w0 r0 m0 f0 r0 p0
 174698534=32994406+85643477+63455878 i47230706 u152872247 u0 t5.456
1390543 1260000 91 4 w0 r0 m0 f0 r0 p0
 176336606=33299469+86446427+64054298 i47623990 u154353720 u0 t5.451
1401635 1270000 91 4 w0 r0 m0 f0 r0 p0
 177964553=33605748+87254333+64636301 i48023105 u155821006 u0 t5.421
1412662 1280000 91 4 w0 r0 m0 f0 r0 p0
 179568726=33910264+88055050+65203488 i48414741 u157270062 u0 t5.326
1423732 1290000 91 4 w0 r0 m0 f0 r0 p0
 181168988=34210477+88845071+65780310 i48803712 u158714965 u0 t5.252
1434749 1300000 91 4 w0 r0 m0 f0 r0 p0
 182828444=34519798+89661203+66382766 i49206811 u160212225 u0 t5.438
1445738 1310000 91 4 w0 r0 m0 f0 r0 p0
 184513839=34836400+90488851+66994880 i49619988 u161729340 u0 t5.549
1456743 1320000 91 4 w0 r0 m0 f0 r0 p0
 186190806=35151296+91313453+67602860 i50028247 u163241900 u0 t5.544
1467716 1330000 91 4 w0 r0 m0 f0 r0 p0
 187946974=35480337+92177165+68240027 i50452753 u164828618 u0 t5.811
1478847 1340000 91 4 w0 r0 m0 f0 r0 p0
 189697328=35804419+93033522+68881769 i50879610 u166404796 u0 t5.713
1489858 1350000 91 4 w0 r0 m0 f0 r0 p0
 191414757=36125132+93880640+69503293 i51304589 u167947094 u0 t5.673
1500812 1360000 91 4 w0 r0 m0 f0 r0 p0
 193066526=36431463+94688311+70109181 i51712648 u169429848 u0 t5.42
1511816 1370000 100 4 w0 r0 m0 f0 r0 p0
 194750584=36746208+95519892+70716954 i52120571 u170951512 u0 t5.56
1522795 1380000 100 4 w0 r0 m0 f0 r0 p0
 196383403=37050140+96326851+71306228 i52520700 u172421631 u0 t5.342
1533703 1390000 100 4 w0 r0 m0 f0 r0 p0
 198040254=37358448+97143117+71907162 i52930031 u173910154 u0 t5.444
1544569 1400000 100 4 w0 r0 m0 f0 r0 p0
 199683314=37667316+97956179+72497019 i53328733 u175394734 u0 t5.453
1555499 1410000 100 4 w0 r0 m0 f0 r0 p0
 201439503=37995459+98821930+73132287 i53752794 u176981925 u0 t5.841
1566395 1420000 100 4 w0 r0 m0 f0 r0 p0
 203165112=38317565+99678555+73751029 i54169473 u178542810 u0 t5.812
1577238 1430000 100 4 w0 r0 m0 f0 r0 p0
 204894445=38640361+100537132+74371317 i54592116 u180101556 u0 t5.78
1588118 1440000 101 4 w0 r0 m0 f0 r0 p0
 206627131=38964282+101395438+74993483 i55013361 u181665516 u0 t5.766
1598949 1450000 101 4 w0 r0 m0 f0 r0 p0
 208394435=39292777+102268869+75631828 i55438735 u183264547 u0 t5.88
1609797 1460000 101 4 w0 r0 m0 f0 r0 p0
 210170348=39622403+103146362+76274219 i55865208 u184871582 u0 t5.916
1620630 1470000 101 4 w0 r0 m0 f0 r0 p0
 211921199=39952135+104017109+76898702 i56281950 u186461141 u0 t5.763
1631477 1480000 101 4 w0 r0 m0 f0 r0 p0
 213670656=40279217+104881983+77529084 i56703103 u188043720 u0 t5.797
1642373 1490000 101 4 w0 r0 m0 f0 r0 p0
 215467958=40615467+105772455+78174794 i57130433 u189675606 u0 t5.889
1653233 1500000 101 4 w0 r0 m0 f0 r0 p0
 217268113=40950561+106663886+78823439 i57559244 u191309101 u0 t5.901
Idx1+ lookups: 0 17172558 31363211 44786754 
Idx1+ positiv: 0 2665757 3623922 4179472 
Idx1+ found  : 0 2592440 3484149 3974994 
1664130 1510000 65 3 w0 r0 m0 f0 r0 p0
 219046475=41280963+107539800+79469073 i57979424 u192925021 u0 t35.374
1675034 1520000 65 3 w0 r0 m0 f0 r0 p0
 220835433=41612975+108422057+80117563 i58403574 u194549377 u0 t7.919
1685958 1530000 69 4 w0 r0 m0 f0 r0 p0
 222654602=41950493+109317901+80778408 i58831542 u196204348 u0 t6.968
1696847 1540000 69 4 w0 r0 m0 f0 r0 p0
 224442390=42281602+110193885+81432718 i59253849 u197827721 u0 t6.565
1707676 1550000 69 4 w0 r0 m0 f0 r0 p0
 226272771=42619605+111095368+82098654 i59687841 u199488775 u0 t6.528
1718573 1560000 69 4 w0 r0 m0 f0 r0 p0
 228104626=42957580+111994802+82768499 i60119130 u201153236 u0 t6.46
1729487 1570000 69 4 w0 r0 m0 f0 r0 p0
 229880933=43285461+112866746+83417946 i60535151 u202770039 u0 t6.226
1740347 1580000 89 4 w0 r0 m0 f0 r0 p0
 231680658=43618172+113748000+84077399 i60957445 u204407129 u0 t6.266
1751207 1590000 89 4 w0 r0 m0 f0 r0 p0
 233507802=43956640+114647778+84741772 i61386981 u206068787 u0 t6.394
1762023 1600000 97 4 w0 r0 m0 f0 r0 p0
 235284021=44287479+115526027+85382513 i61804613 u207685524 u0 t6.222
1772878 1610000 97 4 w0 r0 m0 f0 r0 p0
 237058091=44615710+116394367+86033018 i62221548 u209298869 u0 t6.184
1783723 1620000 97 4 w0 r0 m0 f0 r0 p0
 238817152=44942446+117265322+86667125 i62634289 u210900768 u0 t6.127
1794607 1630000 101 4 w0 r0 m0 f0 r0 p0
 240593114=45270791+118136276+87316421 i63050358 u212516699 u0 t6.596
1805498 1640000 101 4 w0 r0 m0 f0 r0 p0
 242382880=45602364+119021975+87963283 i63469255 u214147535 u0 t6.307
1816421 1650000 101 4 w0 r0 m0 f0 r0 p0
 244178851=45933915+119909627+88614062 i63894197 u215778761 u0 t6.309
1827273 1660000 101 4 w0 r0 m0 f0 r0 p0
 245982739=46268214+120794044+89273520 i64317528 u217419608 u0 t6.409
1838160 1670000 101 4 w0 r0 m0 f0 r0 p0
 247787480=46603036+121681664+89930207 i64744105 u219058887 u0 t6.376
1849005 1680000 101 4 w0 r0 m0 f0 r0 p0
 249559284=46929845+122549529+90579661 i65155723 u220674864 u0 t6.153
1859879 1690000 101 4 w0 r0 m0 f0 r0 p0
 251260174=47246311+123393055+91190964 i65554473 u222224868 u0 t5.963
1870739 1700000 101 4 w0 r0 m0 f0 r0 p0
 253019895=47573526+124267404+91822462 i65965092 u223830519 u0 t6.227
1881698 1710000 101 4 w0 r0 m0 f0 r0 p0
 254708925=47889282+125101992+92431836 i66357128 u225373401 u0 t5.844
1892578 1720000 101 4 w0 r0 m0 f0 r0 p0
 256422034=48209762+125948816+93049330 i66754520 u226938862 u0 t6.006
1903425 1730000 101 4 w0 r0 m0 f0 r0 p0
 258151098=48531128+126803006+93675122 i67155607 u228518460 u0 t6.09
1914319 1740000 101 4 w0 r0 m0 f0 r0 p0
 259943322=48864688+127681881+94330360 i67569970 u230155032 u0 t8.875
1925121 1750000 101 4 w0 r0 m0 f0 r0 p0
 261669194=49186851+128536860+94951100 i67971530 u231731163 u0 t6.816
1936035 1760000 101 4 w0 r0 m0 f0 r0 p0
 263458308=49520220+129423171+95595260 i68393215 u233359140 u0 t6.436
1946942 1770000 101 4 w0 r0 m0 f0 r0 p0
 265176825=49839955+130265313+96222824 i68783728 u234935601 u0 t5.934
1957829 1780000 101 4 w0 r0 m0 f0 r0 p0
 266880298=50159017+131109725+96834289 i69177610 u236494160 u0 t6.046
1968722 1790000 101 4 w0 r0 m0 f0 r0 p0
 268620364=50482904+131964281+97468164 i69581502 u238082423 u0 t6.114
1979581 1800000 101 4 w0 r0 m0 f0 r0 p0
 270290935=50794936+132785153+98075600 i69970330 u239606309 u0 t5.868
1990482 1810000 101 4 w0 r0 m0 f0 r0 p0
 271956692=51106210+133601567+98683174 i70349654 u241134091 u0 t5.925
Idx1+ lookups: 0 17063734 31608666 44972202 57869789 
Idx1+ positiv: 0 2699628 3560879 4215635 4634154 
Idx1+ found  : 0 2627626 3419557 4010105 4365856 
2001382 1820000 68 3 w0 r0 m0 f0 r0 p0
 273619847=51416038+134416362+99290772 i70737466 u242650164 u0 t28.712
2012247 1830000 68 3 w0 r0 m0 f0 r0 p0
 275314080=51732959+135250341+99905110 i71125277 u244202541 u0 t6.25
2023129 1840000 68 4 w0 r0 m0 f0 r0 p0
 276988722=52045651+136073996+100513243 i71509570 u245735659 u0 t6.281
2034053 1850000 68 4 w0 r0 m0 f0 r0 p0
 278712880=52368393+136923507+101137010 i71903611 u247316415 u0 t6.382
2044917 1860000 68 4 w0 r0 m0 f0 r0 p0
 280378004=52680583+137747044+101736375 i72282470 u248845502 u0 t6.203
2055814 1870000 68 4 w0 r0 m0 f0 r0 p0
 282051843=52992861+138572889+102341949 i72675185 u250369999 u0 t6.331
2066728 1880000 68 4 w0 r0 m0 f0 r0 p0
 283706616=53302261+139390750+102938633 i73052626 u251888200 u0 t6.067
2077660 1890000 68 4 w0 r0 m0 f0 r0 p0
 285366497=53613913+140212111+103535092 i73432087 u253410524 u0 t6.128
2088614 1900000 68 4 w0 r0 m0 f0 r0 p0
 287041729=53926943+141034038+104145407 i73817371 u254942697 u0 t6.155
2099586 1910000 68 4 w0 r0 m0 f0 r0 p0
 288744918=54243674+141871300+104765346 i74204172 u256505861 u0 t6.305
2110524 1920000 70 4 w0 r0 m0 f0 r0 p0
 290369475=54549228+142670505+105353646 i74573791 u257996695 u0 t5.879
2121483 1930000 73 4 w0 r0 m0 f0 r0 p0
 292052058=54864406+143501540+105960121 i74961817 u259536404 u0 t6.248
2132440 1940000 115 4 w0 r0 m0 f0 r0 p0
 293694255=55170737+144308922+106557109 i75338254 u261040178 u0 t6.02
2143340 1950000 115 4 w0 r0 m0 f0 r0 p0
 295367413=55483485+145131769+107164751 i75720401 u262574209 u0 t6.128
2154286 1960000 115 4 w0 r0 m0 f0 r0 p0
 296988538=55788240+145928869+107751908 i76087708 u264063949 u0 t6.082
2165157 1970000 115 4 w0 r0 m0 f0 r0 p0
 298540975=56079143+146690357+108316891 i76438394 u265490661 u0 t5.765
2176142 1980000 115 4 w0 r0 m0 f0 r0 p0
 300107825=56372925+147461885+108884199 i76793507 u266930312 u0 t5.708
2187090 1990000 115 4 w0 r0 m0 f0 r0 p0
 301747150=56679040+148271317+109476337 i77171769 u268429873 u0 t6.056
2198031 2000000 124 4 w0 r0 m0 f0 r0 p0
 303313580=56973518+149044964+110040282 i77529384 u269867367 u0 t5.715
2208970 2010000 124 4 w0 r0 m0 f0 r0 p0
 304880535=57266755+149814873+110609691 i77881024 u271309958 u0 t5.625
2219875 2020000 124 4 w0 r0 m0 f0 r0 p0
 306462293=57567650+150599483+111174210 i78238657 u272765835 u0 t5.822
2230717 2030000 124 4 w0 r0 m0 f0 r0 p0
 307973254=57852647+151350438+111712984 i78578617 u274158201 u0 t5.645
2241553 2040000 124 4 w0 r0 m0 f0 r0 p0
 309501045=58140654+152109616+112258488 i78928227 u275560024 u0 t5.5
2252478 2050000 124 4 w0 r0 m0 f0 r0 p0
 311045128=58431999+152874154+112812073 i79281301 u276977031 u0 t5.559
2263400 2060000 124 4 w0 r0 m0 f0 r0 p0
 312587837=58722721+153634268+113368941 i79629624 u278396212 u0 t5.71
2274335 2070000 124 4 w0 r0 m0 f0 r0 p0
 314133511=59013694+154399081+113923884 i79976866 u279820584 u0 t5.517
2285238 2080000 124 4 w0 r0 m0 f0 r0 p0
 315607418=59292392+155123819+114456432 i80305957 u281180726 u0 t5.454
2296195 2090000 124 4 w0 r0 m0 f0 r0 p0
 317129339=59581750+155878650+114998759 i80644382 u282587292 u0 t5.643
2307093 2100000 124 4 w0 r0 m0 f0 r0 p0
 318676265=59876160+156649876+115546395 i80990612 u284016071 u0 t5.576
2317991 2110000 124 4 w0 r0 m0 f0 r0 p0
 320192680=60163687+157398333+116091463 i81328303 u285416699 u0 t5.408
2328915 2120000 124 4 w0 r0 m0 f0 r0 p0
 321667127=60444027+158131181+116615325 i81658156 u286777847 u0 t5.381
2339889 2130000 124 4 w0 r0 m0 f0 r0 p0
 323191428=60732124+158889320+117157821 i82003156 u288181194 u0 t5.527
2350849 2140000 124 4 w0 r0 m0 f0 r0 p0
 324694814=61015853+159638390+117692169 i82339777 u289568761 u0 t5.558
2361818 2150000 124 4 w0 r0 m0 f0 r0 p0
 326171197=61295863+160374317+118215279 i82674025 u290928653 u0 t5.275
Idx1+ lookups: 0 17077446 31508090 45187003 58017076 70535505 
Idx1+ positiv: 0 2705227 3633264 4159851 4658186 5009634 
Idx1+ found  : 0 2633090 3493645 3953020 4389263 4679500 
2372703 2160000 70 3 w0 r0 m0 f0 r0 p0
 327706867=61584829+161132257+118769068 i83016029 u292346073 u0 t28.234
2383611 2170000 70 3 w0 r0 m0 f0 r0 p0
 329144612=61857657+161847770+119280021 i83338424 u293673028 u0 t5.614
2394538 2180000 70 3 w0 r0 m0 f0 r0 p0
 330594880=62133525+162574001+119790052 i83663632 u295012568 u0 t5.62
2405448 2190000 70 4 w0 r0 m0 f0 r0 p0
 332177375=62432524+163367543+120347537 i84018634 u296472721 u0 t6.226
2416385 2200000 75 4 w0 r0 m0 f0 r0 p0
 333702673=62721355+164125446+120891392 i84359686 u297880723 u0 t5.808
2427291 2210000 75 4 w0 r0 m0 f0 r0 p0
 335184843=63002435+164859902+121421622 i84689972 u299249866 u0 t5.738
2438224 2220000 75 4 w0 r0 m0 f0 r0 p0
 336691785=63288111+165612753+121954294 i85027425 u300641352 u0 t5.739
2449156 2230000 75 4 w0 r0 m0 f0 r0 p0
 338227867=63580472+166376580+122500738 i85368299 u302062113 u0 t5.937
2460085 2240000 75 4 w0 r0 m0 f0 r0 p0
 339803578=63879850+167161588+123059153 i85721942 u303515563 u0 t6.044
2471031 2250000 75 4 w0 r0 m0 f0 r0 p0
 341456821=64190719+167976508+123655721 i86090761 u305040613 u0 t6.313
2481891 2260000 75 4 w0 r0 m0 f0 r0 p0
 343048471=64491447+168759476+124230919 i86446315 u306508196 u0 t5.963
2492839 2270000 75 4 w0 r0 m0 f0 r0 p0
 344653117=64792499+169549608+124811646 i86802266 u307990840 u0 t6.085
2503770 2280000 75 4 w0 r0 m0 f0 r0 p0
 346293094=65101839+170361430+125399681 i87173038 u309499724 u0 t6.462
2514685 2290000 75 4 w0 r0 m0 f0 r0 p0
 347905802=65403974+171155231+125983590 i87529729 u310990760 u0 t6.202
2525687 2300000 75 4 w0 r0 m0 f0 r0 p0
 349558281=65712870+171967848+126583201 i87893169 u312519277 u0 t6.165
2536614 2310000 75 4 w0 r0 m0 f0 r0 p0
 351199131=66018950+172775928+127177803 i88258014 u314033773 u0 t6.104
2547690 2320000 75 4 w0 r0 m0 f0 r0 p0
 352903113=66337286+173615552+127794672 i88640509 u315602571 u0 t6.399
2558712 2330000 92 4 w0 r0 m0 f0 r0 p0
 354606515=66655644+174456095+128410330 i89019031 u317174969 u0 t6.345
2569709 2340000 92 4 w0 r0 m0 f0 r0 p0
 356246740=66965337+175274605+128991627 i89386726 u318688902 u0 t6.113
2580699 2350000 92 4 w0 r0 m0 f0 r0 p0
 357993949=67289498+176131911+129629324 i89778647 u320297420 u0 t6.574
2591715 2360000 92 4 w0 r0 m0 f0 r0 p0
 359695409=67606592+176969103+130247495 i90157837 u321866459 u0 t6.294
2602831 2370000 92 4 w0 r0 m0 f0 r0 p0
 361462001=67935504+177839960+130887497 i90555697 u323492135 u0 t6.568
2613986 2380000 92 4 w0 r0 m0 f0 r0 p0
 363270928=68267047+178720207+131558190 i90955644 u325160998 u0 t6.657
2624949 2390000 92 4 w0 r0 m0 f0 r0 p0
 365086929=68600974+179606205+132228019 i91368476 u326825516 u0 t6.7
2635909 2400000 92 4 w0 r0 m0 f0 r0 p0
 366923094=68938890+180504145+132903230 i91787657 u328506684 u0 t6.768
2646913 2410000 92 4 w0 r0 m0 f0 r0 p0
 368677098=69262711+181360894+133548935 i92187225 u330113502 u0 t6.662
2657884 2420000 92 4 w0 r0 m0 f0 r0 p0
 370381282=69579366+182197027+134170367 i92568991 u331682480 u0 t6.458
2668918 2430000 92 4 w0 r0 m0 f0 r0 p0
 372076682=69893191+183024243+134793407 i92950834 u333240103 u0 t6.456
2679809 2440000 92 4 w0 r0 m0 f0 r0 p0
 373725889=70201816+183837774+135388654 i93328205 u334751744 u0 t6.339
2690746 2450000 92 4 w0 r0 m0 f0 r0 p0
 375397127=70512699+184665088+135991001 i93705296 u336288938 u0 t6.395
2701594 2460000 92 4 w0 r0 m0 f0 r0 p0
 377159280=70840992+185532339+136630219 i94101466 u337910463 u0 t6.792
2712475 2470000 92 4 w0 r0 m0 f0 r0 p0
 378870525=71159687+186381532+137244485 i94485975 u339486675 u0 t6.373
2723357 2480000 92 4 w0 r0 m0 f0 r0 p0
 380621311=71484777+187247025+137876759 i94874820 u341103218 u0 t6.775
Idx1+ lookups: 0 17153726 31588395 45165204 58300332 70746057 82963079 
Idx1+ positiv: 0 2715492 3627164 4242804 4608241 5022356 5323644 
Idx1+ found  : 0 2642777 3486925 4037430 4337368 4690670 4932974 
2734166 2490000 59 3 w0 r0 m0 f0 r0 p0
 382366421=71812904+188125830+138494900 i95281485 u342690497 u0 t36.059
2745023 2500000 67 3 w0 r0 m0 f0 r0 p0
 384128646=72139321+188994414+139134645 i95670718 u344319250 u0 t8.154
2755880 2510000 67 4 w0 r0 m0 f0 r0 p0
 385871396=72463107+189855269+139764554 i96060901 u345925034 u0 t7.349
2766772 2520000 78 4 w0 r0 m0 f0 r0 p0
 387632240=72789927+190721699+140404473 i96453646 u347548742 u0 t7.183
2777605 2530000 78 4 w0 r0 m0 f0 r0 p0
 389378329=73116037+191581234+141037293 i96838839 u349163148 u0 t7.021
2788466 2540000 78 4 w0 r0 m0 f0 r0 p0
 391161976=73449910+192460112+141683083 i97232286 u350811890 u0 t7.227
2799329 2550000 78 4 w0 r0 m0 f0 r0 p0
 393022637=73791980+193374922+142362846 i97643828 u352529560 u0 t7.544
2810193 2560000 127 4 w0 r0 m0 f0 r0 p0
 394755530=74114793+194231689+142988456 i98033559 u354124757 u0 t7.043
2821115 2570000 127 4 w0 r0 m0 f0 r0 p0
 396544570=74445209+195110004+143642096 i98430206 u355775570 u0 t7.122
2832025 2580000 127 4 w0 r0 m0 f0 r0 p0
 398372339=74784877+196011275+144304829 i98835092 u357463694 u0 t7.215
2842894 2590000 127 4 w0 r0 m0 f0 r0 p0
 400131991=75110840+196874368+144948034 i99223299 u359089677 u0 t6.836
2853742 2600000 127 4 w0 r0 m0 f0 r0 p0
 401982951=75452072+197787795+145620068 i99632416 u360799657 u0 t7.406
2864632 2610000 127 4 w0 r0 m0 f0 r0 p0
 403839439=75794987+198705506+146291911 i100038983 u362518836 u0 t7.369
2875503 2620000 127 4 w0 r0 m0 f0 r0 p0
 405672994=76135780+199608249+146958209 i100443004 u364214300 u0 t7.416
2886360 2630000 127 4 w0 r0 m0 f0 r0 p0
 407489830=76473366+200506033+147615554 i100842094 u365896239 u0 t7.259
2897239 2640000 127 4 w0 r0 m0 f0 r0 p0
 409304471=76811180+201399099+148274544 i101239319 u367576244 u0 t7.158
2908079 2650000 127 4 w0 r0 m0 f0 r0 p0
 411169901=77158948+202318214+148950332 i101651672 u369299840 u0 t7.463
2919336 2660000 127 4 w0 r0 m0 f0 r0 p0
 413036118=77503293+203235176+149631851 i102054168 u371032888 u0 t7.418
2930193 2670000 127 4 w0 r0 m0 f0 r0 p0
 414928957=77852213+204169312+150319221 i102469090 u372784775 u0 t7.345
2941058 2680000 127 4 w0 r0 m0 f0 r0 p0
 416733280=78186343+205058331+150974303 i102865178 u374454243 u0 t7.607
2951948 2690000 127 4 w0 r0 m0 f0 r0 p0
 418565567=78526794+205962418+151637534 i103264500 u376153090 u0 t7.848
2962792 2700000 127 4 w0 r0 m0 f0 r0 p0
 420358277=78859805+206849759+152284114 i103660210 u377810734 u0 t8.086
2973731 2710000 127 4 w0 r0 m0 f0 r0 p0
 422135363=79192176+207721174+152931618 i104042702 u379462143 u0 t8.199
2984605 2720000 127 4 w0 r0 m0 f0 r0 p0
 423932724=79524840+208598812+153592766 i104429372 u381131090 u0 t8.403
2995574 2730000 127 4 w0 r0 m0 f0 r0 p0
 425712180=79853743+209470290+154244621 i104817943 u382778134 u0 t8.634
3006468 2740000 127 4 w0 r0 m0 f0 r0 p0
 427530529=80189737+210363192+154908471 i105215798 u384460458 u0 t8.908
3017345 2750000 127 4 w0 r0 m0 f0 r0 p0
 429282211=80516129+211229611+155539600 i105600453 u386082315 u0 t8.527
3028291 2760000 127 4 w0 r0 m0 f0 r0 p0
 431022802=80838707+212080217+156177755 i105982953 u387690937 u0 t8.43
3039192 2770000 127 4 w0 r0 m0 f0 r0 p0
 432707039=81152438+212904841+156793462 i106346693 u389254243 u0 t8.14
3050078 2780000 127 4 w0 r0 m0 f0 r0 p0
 434415692=81473674+213738473+157417663 i106713292 u390842370 u0 t8.316
Idx1+ lookups: 0 17068520 31610519 45193708 58240539 70990961 83138751 95111198 
Idx1+ positiv: 0 2683929 3635215 4222449 4691718 4968570 5327618 5593308 
Idx1+ found  : 0 2611727 3494257 4016903 4422136 4635303 4935245 5142692 
3060975 2790000 58 3 w0 r0 m0 f0 r0 p0
 436194907=81805932+214610000+158066440 i107096536 u392494644 u0 t38.338
3071909 2800000 58 3 w0 r0 m0 f0 r0 p0
 437892099=82123727+215438836+158687421 i107459414 u394073340 u0 t11.143
3082762 2810000 60 4 w0 r0 m0 f0 r0 p0
 439669523=82452095+216305939+159342189 i107845876 u395719484 u0 t10.95
3093667 2820000 60 4 w0 r0 m0 f0 r0 p0
 441419655=82779372+217161797+159981793 i108223933 u397343326 u0 t9.836
3104606 2830000 60 4 w0 r0 m0 f0 r0 p0
 443173864=83105467+218018719+160624891 i108601578 u398972637 u0 t17.921
3115556 2840000 63 4 w0 r0 m0 f0 r0 p0
 444855417=83417235+218840721+161241759 i108963910 u400534164 u0 t34.978
3126447 2850000 63 4 w0 r0 m0 f0 r0 p0
 446540526=83731519+219668349+161854828 i109326476 u402100670 u0 t25.752
3137354 2860000 66 4 w0 r0 m0 f0 r0 p0
 448251650=84051835+220506171+162477584 i109694265 u403690854 u0 t18.6
3148306 2870000 66 4 w0 r0 m0 f0 r0 p0
 449876007=84355682+221304830+163067096 i110042493 u405202735 u0 t16.499
3159170 2880000 66 4 w0 r0 m0 f0 r0 p0
 451518687=84662421+222105936+163669797 i110392802 u406731972 u0 t16.007
3170031 2890000 66 4 w0 r0 m0 f0 r0 p0
 453180145=84973692+222917503+164277565 i110742461 u408283677 u0 t15.735
3180938 2900000 66 4 w0 r0 m0 f0 r0 p0
 454828252=85282276+223723734+164879340 i111087405 u409825056 u0 t14.576
3191816 2910000 66 4 w0 r0 m0 f0 r0 p0
 456516981=85595432+224543667+165504444 i111446363 u411397220 u0 t13.799
3202736 2920000 77 4 w0 r0 m0 f0 r0 p0
 458233862=85917186+225387056+166127678 i111811225 u412997756 u0 t13.404
3213588 2930000 77 4 w0 r0 m0 f0 r0 p0
 459932070=86235594+226216804+166748885 i112171415 u414580340 u0 t12.29
3224450 2940000 77 4 w0 r0 m0 f0 r0 p0
 461625482=86550436+227049835+167364842 i112538706 u416151323 u0 t11.822
3235384 2950000 77 4 w0 r0 m0 f0 r0 p0
 463282743=86859492+227870023+167961677 i112894998 u417693835 u0 t11.037
3246267 2960000 100 4 w0 r0 m0 f0 r0 p0
 465024966=87184735+228725663+168595421 i113269461 u419313808 u0 t10.93
3257218 2970000 100 4 w0 r0 m0 f0 r0 p0
 466779365=87510557+229588791+169233563 i113641988 u420949372 u0 t11.052
3268155 2980000 100 4 w0 r0 m0 f0 r0 p0
 468434597=87819992+230400914+169836538 i113996915 u422488980 u0 t10.709
3278993 2990000 100 4 w0 r0 m0 f0 r0 p0
 470135968=88135889+231233510+170459725 i114360502 u424072393 u0 t11.091
3289873 3000000 100 4 w0 r0 m0 f0 r0 p0
 471736434=88436304+232013561+171046926 i114695084 u425569570 u0 t10.692
3300770 3010000 100 4 w0 r0 m0 f0 r0 p0
 473399195=88746941+232833511+171648531 i115051715 u427117752 u0 t11.46
3311716 3020000 100 4 w0 r0 m0 f0 r0 p0
 475050265=89056262+233652022+172241173 i115408081 u428652843 u0 t11.484
3322684 3030000 100 4 w0 r0 m0 f0 r0 p0
 476673630=89358462+234450885+172830511 i115757161 u430162594 u0 t11.586
3333558 3040000 100 4 w0 r0 m0 f0 r0 p0
 478309430=89662881+235253399+173427132 i116105274 u431687426 u0 t11.722
3344467 3050000 100 4 w0 r0 m0 f0 r0 p0
 479906435=89962707+236039365+174005253 i116444949 u433177031 u0 t11.504
3355390 3060000 100 4 w0 r0 m0 f0 r0 p0
 481578983=90275109+236860585+174614190 i116804063 u434732958 u0 t12.036
3366284 3070000 100 4 w0 r0 m0 f0 r0 p0
 483154132=90571027+237639241+175180818 i117138712 u436202966 u0 t11.284
3377177 3080000 100 4 w0 r0 m0 f0 r0 p0
 484771332=90872486+238431324+175772022 i117483161 u437708756 u0 t11.658
3388055 3090000 100 4 w0 r0 m0 f0 r0 p0
 486317098=91164090+239196645+176326119 i117818343 u439145213 u0 t11.096
3398880 3100000 100 4 w0 r0 m0 f0 r0 p0
 487849184=91453830+239958741+176871017 i118148147 u440572088 u0 t11.112
3409787 3110000 100 4 w0 r0 m0 f0 r0 p0
 489388034=91742838+240719657+177424548 i118478512 u442004846 u0 t11.084
Idx1+ lookups: 0 17001915 31432446 45105320 58148120 70808943 83259738 95163192 106929912 
Idx1+ positiv: 0 2709995 3620664 4240405 4671360 5052845 5273151 5592736 5834672 
Idx1+ found  : 0 2637989 3480852 4034646 4402911 4721763 4879639 5140972 5325226 
3420708 3120000 61 3 w0 r0 m0 f0 r0 p0
 490946902=92036237+241493074+177982551 i118810703 u443459475 u0 t38.52
3431637 3130000 67 3 w0 r0 m0 f0 r0 p0
 492535648=92335327+242278361+178554371 i119154071 u444936124 u0 t13.649
3442607 3140000 67 3 w0 r0 m0 f0 r0 p0
 494031105=92620750+243017432+179089298 i119471717 u446332573 u0 t12.357
3453456 3150000 70 4 w0 r0 m0 f0 r0 p0
 495582180=92915335+243788692+179640449 i119801966 u447781138 u0 t12.345
3464366 3160000 70 4 w0 r0 m0 f0 r0 p0
 497130035=93209339+244558752+180190264 i120133616 u449224247 u0 t11.703
3475266 3170000 70 4 w0 r0 m0 f0 r0 p0
 498667369=93499255+245319411+180741332 i120467014 u450652416 u0 t11.158
3486141 3180000 70 4 w0 r0 m0 f0 r0 p0
 500150271=93781773+246055179+181269192 i120780631 u452039646 u0 t11.861
3497008 3190000 70 4 w0 r0 m0 f0 r0 p0
 501693146=94070616+246812262+181830452 i121105408 u453481262 u0 t11.672
3507853 3200000 87 4 w0 r0 m0 f0 r0 p0
 503209736=94360367+247564409+182370536 i121424867 u454900674 u0 t11.805
3518683 3210000 87 4 w0 r0 m0 f0 r0 p0
 504727739=94647586+248316974+182912934 i121745251 u456320616 u0 t11.858
3529542 3220000 87 4 w0 r0 m0 f0 r0 p0
 506249067=94937646+249071089+183455245 i122071228 u457738990 u0 t11.943
3540480 3230000 87 4 w0 r0 m0 f0 r0 p0
 507736113=95220962+249813460+183980607 i122389230 u459127078 u0 t11.603
3551409 3240000 87 4 w0 r0 m0 f0 r0 p0
 509299594=95516340+250589270+184539182 i122723689 u460585574 u0 t12.205
3562370 3250000 87 4 w0 r0 m0 f0 r0 p0
 510796596=95801252+251332563+185071988 i123044803 u461980948 u0 t11.738
3573321 3260000 92 4 w0 r0 m0 f0 r0 p0
 512317234=96090772+252087232+185613753 i123368384 u463401413 u0 t12.127
3584317 3270000 92 4 w0 r0 m0 f0 r0 p0
 513874355=96385348+252864513+186164936 i123700379 u464855596 u0 t12.456
3595165 3280000 92 4 w0 r0 m0 f0 r0 p0
 515391685=96674237+253615621+186706782 i124023465 u466272331 u0 t12.341
3606131 3290000 92 4 w0 r0 m0 f0 r0 p0
 516950505=96970904+254386973+187264095 i124350950 u467732121 u0 t12.869
3617031 3300000 92 4 w0 r0 m0 f0 r0 p0
 518446098=97254585+255134400+187792605 i124673133 u469126029 u0 t12.669
3627996 3310000 92 4 w0 r0 m0 f0 r0 p0
 519966098=97543651+255894708+188327957 i124999338 u470543891 u0 t12.649
3638920 3320000 92 4 w0 r0 m0 f0 r0 p0
 521537494=97837642+256669512+188895999 i125331636 u472011297 u0 t13.254
3649881 3330000 92 4 w0 r0 m0 f0 r0 p0
 523042118=98120840+257414105+189436146 i125647568 u473419790 u0 t12.66
3660867 3340000 92 4 w0 r0 m0 f0 r0 p0
 524652827=98424464+258213218+190012027 i125987183 u474926428 u0 t13.598
3671820 3350000 92 4 w0 r0 m0 f0 r0 p0
 526202286=98720193+258984105+190560654 i126318295 u476373216 u0 t13.183
3682790 3360000 92 4 w0 r0 m0 f0 r0 p0
 527819981=99024268+259780836+191145389 i126657253 u477887203 u0 t13.513
3693808 3370000 92 4 w0 r0 m0 f0 r0 p0
 529487521=99338000+260602524+191747858 i127007409 u479446805 u0 t13.856
3704793 3380000 92 4 w0 r0 m0 f0 r0 p0
 531104467=99642673+261405359+192325525 i127353084 u480955139 u0 t13.79
3715703 3390000 92 4 w0 r0 m0 f0 r0 p0
 532802827=99960263+262244199+192938444 i127708231 u482545962 u0 t14.236
3726649 3400000 92 4 w0 r0 m0 f0 r0 p0
 534507631=100278627+263091382+193548485 i128068060 u484140310 u0 t14.326
3737635 3410000 92 4 w0 r0 m0 f0 r0 p0
 536295620=100613401+263990758+194175753 i128447601 u485812056 u0 t14.872
3748614 3420000 92 4 w0 r0 m0 f0 r0 p0
 538075346=100946816+264868852+194819126 i128820354 u487478300 u0 t14.605
3759597 3430000 92 4 w0 r0 m0 f0 r0 p0
 539893542=101288325+265765021+195476472 i129210095 u489170893 u0 t14.955
3770552 3440000 92 4 w0 r0 m0 f0 r0 p0
 541701673=101626710+266653784+196133034 i129595852 u490855642 u0 t15.022
3781517 3450000 95 4 w0 r0 m0 f0 r0 p0
 543503111=101962216+267538075+196790084 i129978342 u492535781 u0 t14.785
Idx1+ lookups: 0 17072622 31442470 45026456 58148101 70797622 83158398 95356320 107049181 118638085 
Idx1+ positiv: 0 2704498 3624594 4237518 4696802 5033455 5366653 5543572 5829429 6058593 
Idx1+ found  : 0 2632067 3484534 4032081 4427925 4702958 4974636 5090232 5318788 5491547 
3792483 3460000 119 3 w0 r0 m0 f0 r0 p0
 545282051=102293869+268416777+197432805 i130364204 u494188702 u0 t39.709
3803443 3470000 119 3 w0 r0 m0 f0 r0 p0
 547035376=102622513+269290858+198057310 i130743906 u495819419 u0 t15.541
3814317 3480000 119 4 w0 r0 m0 f0 r0 p0
 548790893=102951665+270159997+198688641 i131125790 u497449091 u0 t15.073
3825200 3490000 119 4 w0 r0 m0 f0 r0 p0
 550541890=103278254+271027463+199318989 i131501453 u499080072 u0 t14.523
3836062 3500000 119 4 w0 r0 m0 f0 r0 p0
 552216213=103590034+271857337+199921674 i131864451 u500635716 u0 t13.382
3847051 3510000 119 4 w0 r0 m0 f0 r0 p0
 553917302=103907082+272697448+200536802 i132226464 u502222146 u0 t12.982
3857981 3520000 119 4 w0 r0 m0 f0 r0 p0
 555712167=104242986+273593465+201175473 i132617469 u503889141 u0 t13.72
3868919 3530000 119 4 w0 r0 m0 f0 r0 p0
 557551790=104587156+274515075+201826114 i133011840 u505604315 u0 t14.136
3879700 3540000 119 4 w0 r0 m0 f0 r0 p0
 559353815=104923593+275413378+202468990 i133396023 u507285828 u0 t14.306
3890544 3550000 119 4 w0 r0 m0 f0 r0 p0
 561233631=105276373+276358547+203129204 i133795929 u509042489 u0 t15.475
3901420 3560000 119 4 w0 r0 m0 f0 r0 p0
 563037493=105612073+277258151+203772973 i134179715 u510726380 u0 t14.63
3912350 3570000 119 4 w0 r0 m0 f0 r0 p0
 564899820=105959531+278184791+204439548 i134574788 u512465624 u0 t15.221
3923255 3580000 119 4 w0 r0 m0 f0 r0 p0
 566716542=106299822+279088400+205089322 i134957635 u514164788 u0 t14.494
3934146 3590000 119 4 w0 r0 m0 f0 r0 p0
 568594656=106650778+280014644+205768405 i135353892 u515919142 u0 t14.938
3945058 3600000 119 4 w0 r0 m0 f0 r0 p0
 570434952=106995880+280925759+206428712 i135737176 u517643541 u0 t14.658
3955958 3610000 119 4 w0 r0 m0 f0 r0 p0
 572322375=107345141+281858824+207112600 i136136690 u519405020 u0 t15.129
3966817 3620000 119 4 w0 r0 m0 f0 r0 p0
 574150454=107689504+282770229+207763302 i136516619 u521118468 u0 t14.553
3977696 3630000 119 4 w0 r0 m0 f0 r0 p0
 575985618=108030613+283680043+208423884 i136903929 u522833235 u0 t14.719
3988551 3640000 119 4 w0 r0 m0 f0 r0 p0
 577885559=108382211+284615550+209115594 i137301007 u524610573 u0 t15.055
3999436 3650000 119 4 w0 r0 m0 f0 r0 p0
 579742444=108724625+285530570+209791399 i137697537 u526339936 u0 t15.257
4010266 3660000 119 4 w0 r0 m0 f0 r0 p0
 581582543=109066135+286445788+210450993 i138084430 u528061493 u0 t15.256
4021082 3670000 119 4 w0 r0 m0 f0 r0 p0
 583419770=109406620+287355836+211113873 i138472599 u529777720 u0 t15.242
4031936 3680000 119 4 w0 r0 m0 f0 r0 p0
 585333686=109761260+288302377+211805399 i138872945 u531568583 u0 t16.016
4042723 3690000 119 4 w0 r0 m0 f0 r0 p0
 587216060=110111008+289233975+212485013 i139268253 u533328663 u0 t15.984
4053582 3700000 119 4 w0 r0 m0 f0 r0 p0
 589109726=110464865+290175837+213163920 i139664904 u535099930 u0 t16.065
4064959 3710000 119 4 w0 r0 m0 f0 r0 p0
 591011395=110816639+291120429+213847254 i140056740 u536886344 u0 t16.171
4075764 3720000 119 4 w0 r0 m0 f0 r0 p0
 592865207=111161743+292036112+214518310 i140443302 u538623299 u0 t16.08
4086632 3730000 119 4 w0 r0 m0 f0 r0 p0
 594693672=111502089+292938126+215180994 i140827398 u540332772 u0 t15.705
4097561 3740000 119 4 w0 r0 m0 f0 r0 p0
 596521734=111840351+293834992+215849173 i141212148 u542039873 u0 t15.656
Idx1+ lookups: 0 17143811 31595245 45108084 58157640 70887009 83234567 95347286 107322908 118838654 130269348 
Idx1+ positiv: 0 2694395 3630438 4225459 4693664 5060865 5342793 5649297 5779850 6046097 6260222 
Idx1+ found  : 0 2621188 3489076 4018964 4424357 4729888 4951015 5196936 5267347 5476998 5635527 
4108439 3750000 53 3 w0 r0 m0 f0 r0 p0
 598371249=112184193+294748455+216518979 i141604658 u543765117 u0 t40.748
4119319 3760000 60 3 w0 r0 m0 f0 r0 p0
 600208915=112525645+295655091+217185685 i141988921 u545484808 u0 t17.778
4130276 3770000 60 3 w0 r0 m0 f0 r0 p0
 601952754=112850929+296514767+217817667 i142354134 u547116509 u0 t16.006
4141183 3780000 60 4 w0 r0 m0 f0 r0 p0
 603756579=113188700+297406089+218468763 i142734150 u548802944 u0 t16.715
4152093 3790000 61 4 w0 r0 m0 f0 r0 p0
 605538708=113521540+298287403+219111065 i143104310 u550474450 u0 t15.783
4162989 3800000 61 4 w0 r0 m0 f0 r0 p0
 607406189=113868022+299203158+219793369 i143490797 u552225196 u0 t16.506
4173910 3810000 61 4 w0 r0 m0 f0 r0 p0
 609191822=114199883+300085124+220439865 i143866945 u553893835 u0 t15.998
4184895 3820000 70 4 w0 r0 m0 f0 r0 p0
 610980790=114533814+300970664+221084433 i144238967 u555571279 u0 t15.907
4195828 3830000 70 4 w0 r0 m0 f0 r0 p0
 612719526=114858723+301833794+221707896 i144599485 u557203224 u0 t15.434
4206739 3840000 70 4 w0 r0 m0 f0 r0 p0
 614494140=115189233+302713269+222346555 i144968413 u558867014 u0 t15.678
4217677 3850000 73 4 w0 r0 m0 f0 r0 p0
 616235870=115513633+303578950+222971183 i145331778 u560499288 u0 t15.223
4228607 3860000 113 4 w0 r0 m0 f0 r0 p0
 617960136=115833788+304431958+223593824 i145692442 u562113552 u0 t15.347
4239510 3870000 113 4 w0 r0 m0 f0 r0 p0
 619660699=116151555+305273025+224206680 i146046704 u563707252 u0 t15.064
4250423 3880000 113 4 w0 r0 m0 f0 r0 p0
 621363611=116469163+306118020+224817923 i146406518 u565298691 u0 t14.962
4261357 3890000 113 4 w0 r0 m0 f0 r0 p0
 623045288=116784579+306955669+225416476 i146753370 u566879725 u0 t15.276
4272391 3900000 113 4 w0 r0 m0 f0 r0 p0
 624761944=117111625+307792250+226045164 i147106585 u568490199 u0 t15.095
4283314 3910000 113 4 w0 r0 m0 f0 r0 p0
 626495931=117437157+308644558+226673681 i147468559 u570113467 u0 t15.319
4294200 3920000 113 4 w0 r0 m0 f0 r0 p0
 628179610=117752875+309474834+227282122 i147815930 u571694365 u0 t15.153
4305160 3930000 113 4 w0 r0 m0 f0 r0 p0
 629859418=118068822+310303265+227888436 i148166776 u573267617 u0 t15.301
4316083 3940000 113 4 w0 r0 m0 f0 r0 p0
 631515287=118383481+311119510+228484072 i148507254 u574824188 u0 t15.053
4326986 3950000 113 4 w0 r0 m0 f0 r0 p0
 633288292=118716894+311985166+229132787 i148872079 u576488372 u0 t16.111
4337955 3960000 113 4 w0 r0 m0 f0 r0 p0
 634911439=119024405+312779944+229722253 i149201723 u578016895 u0 t14.751
4348836 3970000 113 4 w0 r0 m0 f0 r0 p0
 636535942=119332473+313582982+230304676 i149537455 u579543401 u0 t14.932
4359757 3980000 113 4 w0 r0 m0 f0 r0 p0
 638168481=119640268+314395033+230886537 i149879702 u581073195 u0 t15.541
4370729 3990000 113 4 w0 r0 m0 f0 r0 p0
 639788504=119946262+315198245+231465708 i150211187 u582598647 u0 t15.166
4381681 4000000 113 4 w0 r0 m0 f0 r0 p0
 641426875=120255530+316012437+232049785 i150553385 u584134946 u0 t15.512
4392555 4010000 113 4 w0 r0 m0 f0 r0 p0
 643071874=120565204+316826253+232640776 i150888537 u585684629 u0 t15.464
4403440 4020000 113 4 w0 r0 m0 f0 r0 p0
 644676207=120866581+317618431+233219214 i151222576 u587188769 u0 t15.279
4414465 4030000 113 4 w0 r0 m0 f0 r0 p0
 646256212=121165162+318401148+233784440 i151551339 u588671030 u0 t15.03
4425446 4040000 113 4 w0 r0 m0 f0 r0 p0
 647845006=121465465+319191430+234349688 i151881171 u590163627 u0 t14.983
4436408 4050000 113 4 w0 r0 m0 f0 r0 p0
 649464402=121771411+319991192+234932277 i152217016 u591683386 u0 t15.109
4447331 4060000 113 4 w0 r0 m0 f0 r0 p0
 651066056=122073522+320788746+235501863 i152550379 u593187135 u0 t15.087
Idx1+ lookups: 0 17087946 31586714 45177852 58156574 70819512 83242130 95337578 107237869 119031040 130388985 141678475 
Idx1+ positiv: 0 2717616 3622366 4229915 4675473 5062414 5373942 5615177 5890566 5995475 6244652 6447156 
Idx1+ found  : 0 2645043 3481484 4023193 4405582 4731108 4981998 5163443 5379387 5425148 5618202 5765768 
4458226 4070000 103 3 w0 r0 m0 f0 r0 p0
 652678085=122376100+321583859+236083608 i152882586 u594702134 u0 t41.97
4469117 4080000 103 3 w0 r0 m0 f0 r0 p0
 654294157=122682557+322385819+236661502 i153215401 u596221588 u0 t19.352
4480047 4090000 103 3 w0 r0 m0 f0 r0 p0
 655941317=122992286+323203063+237251913 i153559774 u597765671 u0 t17.54
4490942 4100000 103 4 w0 r0 m0 f0 r0 p0
 657534346=123293841+323990321+237822986 i153890038 u599261259 u0 t17.173
4501893 4110000 103 4 w0 r0 m0 f0 r0 p0
 659098467=123588667+324760102+238387779 i154211653 u600731281 u0 t16.125
4512866 4120000 103 4 w0 r0 m0 f0 r0 p0
 660654993=123883556+325529003+238946137 i154533191 u602194088 u0 t15.748
4523822 4130000 103 4 w0 r0 m0 f0 r0 p0
 662238089=124180910+326312253+239514579 i154856828 u603684897 u0 t15.807
4534728 4140000 103 4 w0 r0 m0 f0 r0 p0
 663814590=124478797+327095342+240076488 i155180707 u605168896 u0 t15.895
4545718 4150000 103 4 w0 r0 m0 f0 r0 p0
 665360579=124771449+327857201+240633278 i155499069 u606621785 u0 t15.642
4556635 4160000 103 4 w0 r0 m0 f0 r0 p0
 666901382=125062813+328616826+241188616 i155816114 u608070175 u0 t15.562
4567595 4170000 103 4 w0 r0 m0 f0 r0 p0
 668398629=125346910+329360880+241721101 i156124010 u609479544 u0 t15.11
4578516 4180000 103 4 w0 r0 m0 f0 r0 p0
 669924767=125636040+330114588+242268700 i156434740 u610917593 u0 t15.357
4589453 4190000 103 4 w0 r0 m0 f0 r0 p0
 671507086=125932425+330897466+242837776 i156756414 u612408975 u0 t15.769
4600387 4200000 103 4 w0 r0 m0 f0 r0 p0
 673018114=126218485+331641750+243382693 i157065174 u613831436 u0 t15.296
4611320 4210000 103 4 w0 r0 m0 f0 r0 p0
 674447710=126491365+332355553+243886746 i157362096 u615175055 u0 t14.79
4622248 4220000 103 4 w0 r0 m0 f0 r0 p0
 675945142=126775204+333101527+244417930 i157669749 u616585296 u0 t15.534
4633106 4230000 103 4 w0 r0 m0 f0 r0 p0
 677430595=127056898+333843216+244942991 i157975579 u617984032 u0 t15.628
4644049 4240000 103 4 w0 r0 m0 f0 r0 p0
 678965109=127346782+334606599+245489161 i158291205 u619428076 u0 t16.123
4655040 4250000 103 4 w0 r0 m0 f0 r0 p0
 680456762=127628867+335346357+246022091 i158598288 u620831657 u0 t15.711
4665924 4260000 103 4 w0 r0 m0 f0 r0 p0
 681981361=127918086+336101005+246568196 i158907896 u622269743 u0 t16.425
4676832 4270000 103 4 w0 r0 m0 f0 r0 p0
 683469037=128202400+336840587+247096717 i159209924 u623673919 u0 t15.891
4687741 4280000 103 4 w0 r0 m0 f0 r0 p0
 684958875=128486818+337582013+247624137 i159514502 u625078860 u0 t16.21
4698685 4290000 103 4 w0 r0 m0 f0 r0 p0
 686406901=128762761+338302007+248137902 i159815005 u626439397 u0 t15.495
4709603 4300000 103 4 w0 r0 m0 f0 r0 p0
 687952760=129053992+339068041+248692005 i160131010 u627895493 u0 t16.46
4720503 4310000 103 4 w0 r0 m0 f0 r0 p0
 689480854=129342895+339828573+249235551 i160449006 u629329999 u0 t16.291
4731420 4320000 103 4 w0 r0 m0 f0 r0 p0
 691013791=129633849+340595309+249776478 i160765059 u630773015 u0 t17.083
4742321 4330000 103 4 w0 r0 m0 f0 r0 p0
 692548211=129923391+341359125+250322397 i161080692 u632216935 u0 t36.366
4753259 4340000 103 4 w0 r0 m0 f0 r0 p0
 694108607=130218059+342133880+250879356 i161401245 u633685306 u0 t21.617
4764201 4350000 103 4 w0 r0 m0 f0 r0 p0
 695692665=130519022+342936818+251425838 i161717266 u635188368 u0 t20.04
4775138 4360000 103 4 w0 r0 m0 f0 r0 p0
 697289901=130822691+343736778+251990875 i162039009 u636696407 u0 t19.129
4786096 4370000 103 4 w0 r0 m0 f0 r0 p0
 698885945=131126083+344533977+252557153 i162362957 u638200388 u0 t17.955
4797101 4380000 103 4 w0 r0 m0 f0 r0 p0
 700458712=131425189+345324772+253109794 i162682077 u639683848 u0 t17.542
4808087 4390000 103 4 w0 r0 m0 f0 r0 p0
 702097312=131736562+346141113+253693925 i163010723 u641231276 u0 t18.089
4819049 4400000 103 4 w0 r0 m0 f0 r0 p0
 703762035=132049394+346969522+254287271 i163348250 u642802312 u0 t18.361
4830048 4410000 103 4 w0 r0 m0 f0 r0 p0
 705411130=132362109+347798626+254867868 i163687728 u644352396 u0 t18.131
Idx1+ lookups: 0 17078174 31532595 45172989 58215095 70802572 83165879 95331355 107209365 118927339 130556733 141768758 152931637 
Idx1+ positiv: 0 2705871 3644173 4237152 4684714 5037500 5380525 5650969 5856358 6112009 6198736 6427596 6625686 
Idx1+ found  : 0 2633525 3503417 4030516 4414438 4705213 4988250 5199436 5345760 5543164 5571068 5744813 5888833 
4841026 4420000 60 3 w0 r0 m0 f0 r0 p0
 707057877=132670034+348611936+255462282 i164022561 u645904306 u0 t45.422
4852001 4430000 75 3 w0 r0 m0 f0 r0 p0
 708677581=132974466+349415367+256042799 i164356093 u647427225 u0 t20.477
4862997 4440000 75 3 w0 r0 m0 f0 r0 p0
 710372922=133291721+350256388+256651715 i164699334 u649026309 u0 t20.2
4873904 4450000 75 4 w0 r0 m0 f0 r0 p0
 712036605=133605209+351082005+257246759 i165034579 u650598641 u0 t19.311
4884867 4460000 101 4 w0 r0 m0 f0 r0 p0
 713741710=133923920+351922500+257864194 i165380134 u652205988 u0 t19.472
4895781 4470000 101 4 w0 r0 m0 f0 r0 p0
 715448792=134245050+352769844+258477255 i165726583 u653813152 u0 t19.252
4906756 4480000 101 4 w0 r0 m0 f0 r0 p0
 717258560=134583415+353663658+259133532 i166091716 u655518141 u0 t20.299
4917771 4490000 118 4 w0 r0 m0 f0 r0 p0
 719102151=134923852+354567525+259809180 i166471260 u657248095 u0 t20.834
4928768 4500000 118 4 w0 r0 m0 f0 r0 p0
 720920380=135262521+355456770+260475182 i166843766 u658956764 u0 t20.597
4939756 4510000 118 4 w0 r0 m0 f0 r0 p0
 722692673=135591096+356327748+261121458 i167212652 u660617041 u0 t19.916
4950853 4520000 118 4 w0 r0 m0 f0 r0 p0
 724519504=135928648+357218959+261794752 i167593944 u662325490 u0 t20.517
4961839 4530000 118 4 w0 r0 m0 f0 r0 p0
 726259247=136249961+358073377+262429922 i167954897 u663956380 u0 t19.781
4972832 4540000 118 4 w0 r0 m0 f0 r0 p0
 728024822=136576172+358938945+263076157 i168317805 u665614336 u0 t19.746
4983782 4550000 118 4 w0 r0 m0 f0 r0 p0
 729726982=136893048+359774649+263696507 i168671772 u667209593 u0 t19.035
4994759 4560000 118 4 w0 r0 m0 f0 r0 p0
 731447084=137214734+360628409+264312545 i169030056 u668823251 u0 t19.391
5005677 4570000 118 4 w0 r0 m0 f0 r0 p0
 733139770=137530334+361460738+264927565 i169381879 u670409826 u0 t19.139
5016605 4580000 118 4 w0 r0 m0 f0 r0 p0
 734899905=137858316+362332925+265560818 i169747606 u672060799 u0 t19.982
5027569 4590000 118 4 w0 r0 m0 f0 r0 p0
 736681548=138190176+363207318+266210441 i170113354 u673734544 u0 t20.1
5038460 4600000 118 4 w0 r0 m0 f0 r0 p0
 738337037=138500457+364028499+266804162 i170455282 u675290156 u0 t18.762
5049344 4610000 118 4 w0 r0 m0 f0 r0 p0
 740086503=138827234+364893201+267434852 i170812258 u676937860 u0 t19.47
5060214 4620000 118 4 w0 r0 m0 f0 r0 p0
 741812754=139150756+365753244+268050177 i171171801 u678558138 u0 t19.672
5071166 4630000 118 4 w0 r0 m0 f0 r0 p0
 743554930=139476467+366614120+268678525 i171523226 u680202834 u0 t19.702
5082077 4640000 118 4 w0 r0 m0 f0 r0 p0
 745280639=139799671+367471463+269295446 i171876358 u681827304 u0 t19.84
5092952 4650000 118 4 w0 r0 m0 f0 r0 p0
 747030466=140125162+368343273+269921165 i172232368 u683476812 u0 t20.836
5103888 4660000 118 4 w0 r0 m0 f0 r0 p0
 748859119=140465945+369248659+270580035 i172605068 u685199215 u0 t21.134
5114792 4670000 118 4 w0 r0 m0 f0 r0 p0
 750586466=140789399+370106606+271198514 i172959435 u686823956 u0 t19.482
5125741 4680000 118 4 w0 r0 m0 f0 r0 p0
 752310177=141113687+370966240+271811113 i173308876 u688451179 u0 t18.999
5136717 4690000 118 4 w0 r0 m0 f0 r0 p0
 754064687=141440206+371839001+272439084 i173668135 u690102840 u0 t19.587
5147654 4700000 118 4 w0 r0 m0 f0 r0 p0
 755823024=141768898+372713895+273067160 i174026416 u691758998 u0 t19.717
5158619 4710000 118 4 w0 r0 m0 f0 r0 p0
 757596570=142099675+373591041+273706950 i174385475 u693431483 u0 t19.624
5169534 4720000 118 4 w0 r0 m0 f0 r0 p0
 759346829=142430832+374459623+274331265 i174743342 u695079426 u0 t19.566
Idx1+ lookups: 0 17154928 31602742 45198962 58293128 70948943 83234082 95346892 107294120 118989024 130545676 142027415 153113784 164157440 
Idx1+ positiv: 0 2703190 3632634 4256425 4687160 5049305 5349690 5658892 5893317 6076182 6317170 6381177 6603409 6791491 
Idx1+ found  : 0 2630360 3491726 4049645 4416807 4716776 4955710 5206498 5382542 5507082 5690819 5696724 5864036 5998644 
5180402 4730000 53 3 w0 r0 m0 f0 r0 p0
 761123831=142763188+375342989+274966949 i175102531 u696756929 u0 t44.913
5191291 4740000 62 3 w0 r0 m0 f0 r0 p0
 762953854=143102538+376250447+275625990 i175475023 u698480681 u0 t23.746
5202167 4750000 62 3 w0 r0 m0 f0 r0 p0
 764756569=143437926+377139289+276279098 i175842665 u700176864 u0 t22.351
5213037 4760000 62 4 w0 r0 m0 f0 r0 p0
 766582591=143775243+378036010+276947008 i176210242 u701899228 u0 t21.89
5223884 4770000 101 4 w0 r0 m0 f0 r0 p0
 768354255=144107260+378912344+277584231 i176569380 u703569443 u0 t20.771
5234779 4780000 101 4 w0 r0 m0 f0 r0 p0
 770062349=144425787+379763733+278193331 i176921922 u705174814 u0 t20.164
5245825 4790000 101 4 w0 r0 m0 f0 r0 p0
 771835635=144752872+380638532+278837445 i177283926 u706842901 u0 t20.623
5256768 4800000 101 4 w0 r0 m0 f0 r0 p0
 773630174=145084741+381525565+279487354 i177648319 u708533487 u0 t20.746
5267626 4810000 101 4 w0 r0 m0 f0 r0 p0
 775397697=145414094+382400265+280124335 i178011895 u710194656 u0 t20.428
5278527 4820000 101 4 w0 r0 m0 f0 r0 p0
 777089305=145730761+383235843+280734324 i178353439 u711790937 u0 t19.722
5289476 4830000 101 4 w0 r0 m0 f0 r0 p0
 778839992=146055104+384094654+281373882 i178709781 u713437819 u0 t20.246
5300488 4840000 101 4 w0 r0 m0 f0 r0 p0
 780520196=146368312+384925550+281979681 i179051951 u715020077 u0 t19.308
5311384 4850000 101 4 w0 r0 m0 f0 r0 p0
 782226924=146686187+385770041+282595104 i179398000 u716629361 u0 t20.046
5322312 4860000 101 4 w0 r0 m0 f0 r0 p0
 783977562=147011554+386635034+283228315 i179750990 u718281543 u0 t20.063
5333136 4870000 101 4 w0 r0 m0 f0 r0 p0
 785783501=147347483+387526254+283881911 i180114550 u719985576 u0 t20.575
5344051 4880000 101 4 w0 r0 m0 f0 r0 p0
 787544191=147674636+388393948+284521146 i180467246 u721648942 u0 t20.356
5354961 4890000 101 4 w0 r0 m0 f0 r0 p0
 789306913=148003178+389262258+285160542 i180825811 u723308850 u0 t20.122
5365866 4900000 101 4 w0 r0 m0 f0 r0 p0
 791064916=148329772+390125639+285801445 i181177062 u724969803 u0 t19.93
5376756 4910000 101 4 w0 r0 m0 f0 r0 p0
 792759998=148647131+390961296+286414702 i181515040 u726573234 u0 t19.462
5387675 4920000 101 4 w0 r0 m0 f0 r0 p0
 794456380=148964889+391799307+287026588 i181857117 u728174313 u0 t19.41
5398578 4930000 101 4 w0 r0 m0 f0 r0 p0
 796163449=149285695+392644755+287638757 i182201100 u729786744 u0 t19.561
5409490 4940000 101 4 w0 r0 m0 f0 r0 p0
 797833599=149598097+393470969+288240216 i182538536 u731362872 u0 t19.152
5420355 4950000 101 4 w0 r0 m0 f0 r0 p0
 799586363=149924490+394334773+288875837 i182890001 u733018583 u0 t19.741
5431223 4960000 101 4 w0 r0 m0 f0 r0 p0
 801277770=150240111+395171092+289486081 i183230736 u734615641 u0 t19.193
5442092 4970000 101 4 w0 r0 m0 f0 r0 p0
 802939403=150552587+395991239+290085342 i183564910 u736184806 u0 t18.755
5453015 4980000 101 4 w0 r0 m0 f0 r0 p0
 804651573=150871637+396834589+290706148 i183906396 u737803761 u0 t19.017
5463959 4990000 117 4 w0 r0 m0 f0 r0 p0
 806337594=151186931+397666457+291315675 i184248797 u739392593 u0 t19.01
5474924 5000000 117 4 w0 r0 m0 f0 r0 p0
 807969913=151491100+398467042+291910816 i184577404 u740932636 u0 t18.29
5485938 5010000 117 4 w0 r0 m0 f0 r0 p0
 809678528=151809358+399310523+292528853 i184918080 u742548603 u0 t19.169
5496880 5020000 117 4 w0 r0 m0 f0 r0 p0
 811299859=152114060+400113275+293111515 i185246603 u744077956 u0 t18.293
qEOF before end of stream: 3, 5507218
Total lines processed: 5029446
Block Count:1860, 174324
Avg Block Count:94 = 16478356 / 174324
Avg Max Count:148, 140, 117
Block Count:0, 1
Avg Block Count:0 = 0 / 1
Avg Max Count:0, 0, 0
Trie Len:1564, Trie Len:0, 0
BloomFilter
        bits: 189180328
        estimated elements: 17154929
        number hashes: 8
        max false positive rate: 0.005000
        bloom length (8 bits): 23647541
        elements added: 17154929
        estimated elements added: 17155048
        current false positive rate: 0.005017
        export size (bytes): 23647561
        number bits set: 97596637
        is on disk: no
Block Count:0, 1
Avg Block Count:0 = 0 / 1
Avg Max Count:0, 0, 0
Trie Len:1573, Trie Len:0, 0
BloomFilter
        bits: 188333893
        estimated elements: 17078174
        number hashes: 8
        max false positive rate: 0.005000
        bloom length (8 bits): 23541737
        elements added: 17078174
        estimated elements added: 17078546
        current false positive rate: 0.005017
        export size (bytes): 23541757
        number bits set: 97160949
        is on disk: no
Block Count:0, 1
Avg Block Count:0 = 0 / 1
Avg Max Count:0, 0, 0
Trie Len:1272, Trie Len:0, 0
BloomFilter
        bits: 188441656
        estimated elements: 17087946
        number hashes: 8
        max false positive rate: 0.005000
        bloom length (8 bits): 23555207
        elements added: 17087946
        estimated elements added: 17089910
        current false positive rate: 0.005017
        export size (bytes): 23555227
        number bits set: 97222707
        is on disk: no
Block Count:0, 1
Avg Block Count:0 = 0 / 1
Avg Max Count:0, 0, 0
Trie Len:1592, Trie Len:0, 0
BloomFilter
        bits: 189057733
        estimated elements: 17143812
        number hashes: 8
        max false positive rate: 0.005000
        bloom length (8 bits): 23632217
        elements added: 17143812
        estimated elements added: 17143895
        current false positive rate: 0.005017
        export size (bytes): 23632237
        number bits set: 97533250
        is on disk: no
Block Count:0, 1
Avg Block Count:0 = 0 / 1
Avg Max Count:0, 0, 0
Trie Len:1724, Trie Len:0, 0
BloomFilter
        bits: 188272667
        estimated elements: 17072622
        number hashes: 8
        max false positive rate: 0.005000
        bloom length (8 bits): 23534084
        elements added: 17072622
        estimated elements added: 17073697
        current false positive rate: 0.005017
        export size (bytes): 23534104
        number bits set: 97132084
        is on disk: no
Block Count:0, 1
Avg Block Count:0 = 0 / 1
Avg Max Count:0, 0, 0
Trie Len:1462, Trie Len:0, 0
BloomFilter
        bits: 187492928
        estimated elements: 17001915
        number hashes: 8
        max false positive rate: 0.005000
        bloom length (8 bits): 23436616
        elements added: 17001915
        estimated elements added: 17003025
        current false positive rate: 0.005017
        export size (bytes): 23436636
        number bits set: 96729962
        is on disk: no
Block Count:0, 1
Avg Block Count:0 = 0 / 1
Avg Max Count:0, 0, 0
Trie Len:1542, Trie Len:0, 0
BloomFilter
        bits: 188227431
        estimated elements: 17068520
        number hashes: 8
        max false positive rate: 0.005000
        bloom length (8 bits): 23528429
        elements added: 17068520
        estimated elements added: 17067590
        current false positive rate: 0.005017
        export size (bytes): 23528449
        number bits set: 97100985
        is on disk: no
Block Count:0, 1
Avg Block Count:0 = 0 / 1
Avg Max Count:0, 0, 0
Trie Len:1529, Trie Len:0, 0
BloomFilter
        bits: 189167062
        estimated elements: 17153726
        number hashes: 8
        max false positive rate: 0.005000
        bloom length (8 bits): 23645883
        elements added: 17153726
        estimated elements added: 17155182
        current false positive rate: 0.005017
        export size (bytes): 23645903
        number bits set: 97594972
        is on disk: no
Block Count:0, 1
Avg Block Count:0 = 0 / 1
Avg Max Count:0, 0, 0
Trie Len:1565, Trie Len:0, 0
BloomFilter
        bits: 188325865
        estimated elements: 17077446
        number hashes: 8
        max false positive rate: 0.005000
        bloom length (8 bits): 23540734
        elements added: 17077446
        estimated elements added: 17078715
        current false positive rate: 0.005017
        export size (bytes): 23540754
        number bits set: 97160280
        is on disk: no
Block Count:0, 1
Avg Block Count:0 = 0 / 1
Avg Max Count:0, 0, 0
Trie Len:1499, Trie Len:0, 0
BloomFilter
        bits: 188174652
        estimated elements: 17063734
        number hashes: 8
        max false positive rate: 0.005000
        bloom length (8 bits): 23521832
        elements added: 17063734
        estimated elements added: 17064354
        current false positive rate: 0.005017
        export size (bytes): 23521852
        number bits set: 97079759
        is on disk: no
Block Count:0, 1
Avg Block Count:0 = 0 / 1
Avg Max Count:0, 0, 0
Trie Len:1565, Trie Len:0, 0
BloomFilter
        bits: 189374748
        estimated elements: 17172559
        number hashes: 8
        max false positive rate: 0.005000
        bloom length (8 bits): 23671844
        elements added: 17172559
        estimated elements added: 17171912
        current false positive rate: 0.005017
        export size (bytes): 23671864
        number bits set: 97693970
        is on disk: no
Block Count:0, 1
Avg Block Count:0 = 0 / 1
Avg Max Count:0, 0, 0
Trie Len:1586, Trie Len:0, 0
BloomFilter
        bits: 185079824
        estimated elements: 16783094
        number hashes: 8
        max false positive rate: 0.005000
        bloom length (8 bits): 23134978
        elements added: 16783094
        estimated elements added: 16782699
        current false positive rate: 0.005017
        export size (bytes): 23134998
        number bits set: 95479237
        is on disk: no
Block Count:0, 1
Avg Block Count:0 = 0 / 1
Avg Max Count:0, 0, 0
Trie Len:1596, Trie Len:0, 0
BloomFilter
        bits: 186453860
        estimated elements: 16907692
        number hashes: 8
        max false positive rate: 0.005000
        bloom length (8 bits): 23306733
        elements added: 16907692
        estimated elements added: 16908761
        current false positive rate: 0.005017
        export size (bytes): 23306753
        number bits set: 96193757
        is on disk: no
Block Count:0, 1
Avg Block Count:0 = 0 / 1
Avg Max Count:0, 0, 0
Trie Len:1266, Trie Len:0, 0
BloomFilter
        bits: 186369332
        estimated elements: 16900027
        number hashes: 8
        max false positive rate: 0.005000
        bloom length (8 bits): 23296167
        elements added: 16900027
        estimated elements added: 16900516
        current false positive rate: 0.005017
        export size (bytes): 23296187
        number bits set: 96147907
        is on disk: no
Level Count:4
Level Count:1
Level Count:1
Level Count:1
Level Count:1
Level Count:1
Level Count:1
Level Count:1
Level Count:1
Level Count:1
Level Count:1
Level Count:1
Level Count:1
Level Count:1
Level Count:1
5685608 4
3073723 4
Max word len: 127
Total words generated: 812916991
Words inserted 185570593
Words updated: 745606881
OUBLK INBLK
    -     -
35542863872
3981209600
