15:50:38 ~/git/Text_frequency_research % ./a.out RC_2013-04.zst 64000 4096 sqlite
Csz: 64000, pgsz: 4096
10988 10000 63 3 w8275 r0 m0 f356 r0 p20
 1501663=280564+736534+546799 i732629 u987122 u0 t3.561
22023 20000 63 4 w14617 r0 m0 f658 r0 p20
 2969833=556529+1459387+1077009 i1316180 u2085487 u0 t3.853
33024 30000 63 4 w42317 r16141 m20142 f804 r6606318 p500
 4455111=837101+2191661+1611754 i1877017 u3226548 u0 t3.93
44043 40000 91 4 w136162 r96644 m106804 f979 r17281127 p500
 6020851=1126445+2951279+2192551 i2436084 u4457833 u0 t4.921
55121 50000 91 4 w267477 r216883 m232603 f1230 r27084179 p500
 7456147=1398962+3658349+2709577 i2939468 u5599484 u0 t5.895
66115 60000 91 4 w424715 r364048 m385200 f1533 r36795767 p500
 8880851=1666179+4350823+3234648 i3419104 u6749918 u0 t5.922
77117 70000 91 4 w610009 r539268 m565851 f1892 r46636787 p500
 10321935=1938435+5065049+3750268 i3906266 u7914960 u0 t7.331
88102 80000 91 4 w802997 r723485 m755187 f2267 r56043973 p500
 11700254=2200704+5742595+4246944 i4363213 u9037806 u0 t6.236
99095 90000 91 4 w1016190 r927516 m964488 f2682 r65841127 p500
 13136962=2468232+6447219+4770729 i4834869 u10211527 u0 t7.296
110113 100000 91 4 w1242828 r1145688 m1187857 f3124 r75605035 p500
 14567887=2739132+7154639+5283726 i5290840 u11395752 u0 t7.438
121109 110000 91 4 w1479953 r1374475 m1421815 f3587 r85234613 p500
 15979341=3006343+7853621+5788507 i5744072 u12560404 u0 t6.63
132028 120000 91 4 w1737156 r1623248 m1675789 f4090 r95758598 p500
 17529576=3286631+8592403+6381321 i6202530 u13870471 u0 t7.723
142990 130000 91 4 w1999245 r1877198 m1934805 f4603 r105673006 p500
 18983246=3562515+9313266+6900099 i6652150 u15087377 u0 t7.428
153925 140000 91 4 w2275461 r2144795 m2207575 f5144 r115819741 p500
 20471021=3841520+10053635+7429782 i7107103 u16337894 u0 t8.032
164855 150000 91 4 w2563823 r2425163 m2493242 f5709 r126098650 p500
 21979188=4125986+10799401+7971072 i7567835 u17605454 u0 t9.191
175812 160000 91 4 w2864287 r2717284 m2790736 f6298 r136974722 p500
 23581702=4417062+11563939+8582289 i8035915 u18965547 u0 t8.502
186797 170000 91 4 w3161481 r3006492 m3085058 f6881 r147033889 p500
 25057302=4694184+12294315+9112151 i8483630 u20209360 u0 t8.253
197847 180000 91 4 w3468679 r3306130 m3389792 f7484 r157461437 p500
 26591014=4977448+13039031+9681211 i8936396 u21510058 u0 t8.66
208776 190000 91 4 w3784981 r3614183 m3703021 f8105 r167766313 p500
 28103392=5261528+13786971+10225271 i9389016 u22790724 u0 t9.608
219728 200000 91 4 w4106271 r3927996 m4022007 f8736 r178026424 p500
 29608450=5546129+14533215+10762856 i9830477 u24075187 u0 t8.839
230584 210000 91 4 w4438865 r4252167 m4351611 f9389 r188675994 p500
 31172079=5839074+15306099+11325356 i10287305 u25409728 u0 t9.337
241548 220000 91 4 w4769166 r4574668 m4679258 f10038 r198944484 p500
 32679763=6122575+16050615+11868600 i10728860 u26695809 u0 t10.062
252514 230000 91 4 w5115078 r4912642 m5022465 f10718 r209805480 p500
 34277699=6416178+16828359+12459598 i11188994 u28062718 u0 t8.455
263483 240000 91 4 w5456815 r5246997 m5361886 f11390 r220010264 p500
 35775562=6699007+17569616+12996185 i11625825 u29342840 u0 t7.843
274496 250000 91 4 w5808142 r5591185 m5711211 f12081 r230435790 p500
 37306387=6986514+18328557+13544396 i12066775 u30656221 u0 t8.09
285461 260000 91 4 w6156168 r5932444 m6057312 f12766 r240604567 p500
 38798465=7268992+19071624+14074168 i12494985 u31939302 u0 t8.933
296415 270000 91 4 w6505670 r6275022 m6404706 f13454 r250737708 p500
 40286813=7549046+19806127+14610355 i12922088 u33217613 u0 t7.823
307437 280000 91 4 w6863308 r6625637 m6760252 f14158 r260995758 p500
 41793008=7832777+20553957+15148531 i13350295 u34516191 u0 t8.038
318462 290000 91 4 w7243818 r6999092 m7138970 f14907 r271914993 p500
 43396955=8135807+21348388+15722674 i13806458 u35898390 u0 t8.844
329483 300000 91 4 w7637356 r7385854 m7530994 f15682 r282999445 p500
 45023848=8442695+22162598+16297402 i14273169 u37298177 u0 t8.702
340525 310000 91 4 w8014672 r7756353 m7906569 f16425 r293796719 p500
 46611532=8738490+22941883+16875445 i14719088 u38669837 u0 t8.45
351480 320000 115 4 w8392622 r8127414 m8282829 f17169 r304601361 p500
 48197505=9039364+23732513+17435874 i15165473 u40042333 u0 t8.215
362496 330000 115 4 w8766816 r8495989 m8656365 f17906 r315059003 p500
 49733163=9330690+24494894+17981459 i15594739 u41373900 u0 t8.695
373551 340000 115 4 w9154814 r8877782 m9043390 f18670 r325662984 p500
 51290535=9626489+25266085+18538220 i16032091 u42722212 u0 t8.378
384689 350000 115 4 w9546684 r9264544 m9435251 f19442 r336363036 p500
 52864103=9922506+26034770+19112797 i16473292 u44082735 u0 t8.304
395874 360000 115 4 w9947805 r9660586 m9836622 f20232 r347356113 p500
 54482824=10222227+26820615+19712109 i16929371 u45477771 u0 t9.13
406862 370000 115 4 w10356990 r10065566 m10246987 f21038 r358539377 p500
 56129539=10531411+27615260+20322793 i17391151 u46898952 u0 t8.745
417894 380000 115 4 w10759506 r10464538 m10651178 f21831 r369304060 p500
 57712949=10827913+28389797+20900704 i17836070 u48266702 u0 t8.453
428912 390000 115 4 w11159352 r10861631 m11053328 f22619 r379890106 p500
 59270435=11119317+29151504+21469891 i18270783 u49614818 u0 t8.334
439874 400000 115 4 w11552606 r11253607 m11450289 f23394 r390315453 p500
 60804892=11404852+29899292+22034748 i18692199 u50948966 u0 t9.314
450859 410000 115 4 w11957545 r11657803 m11859621 f24192 r400830321 p500
 62351139=11693776+30659561+22596214 i19124562 u52287510 u0 t8.386
461847 420000 115 4 w12352664 r12053516 m12260175 f24971 r411027453 p500
 63850841=11975377+31395903+23140121 i19539614 u53589995 u0 t8.222
472807 430000 115 4 w12774581 r12477338 m12689081 f25803 r421860617 p500
 65444280=12275975+32177959+23717713 i19976868 u54977596 u0 t11.03
483790 440000 115 4 w13205121 r12911226 m13128161 f26652 r432799593 p500
 67052770=12576164+32971980+24298959 i20419617 u56377665 u0 t9.745
494708 450000 115 4 w13651821 r13362547 m13584843 f27533 r444039296 p500
 68705897=12884577+33787893+24896004 i20868531 u57822293 u0 t9.514
505590 460000 115 4 w14103867 r13820423 m14047915 f28428 r455273574 p500
 70357934=13192981+34603737+25491990 i21317720 u59266083 u0 t10.409
516566 470000 115 4 w14548757 r14272789 m14505448 f29308 r466403626 p500
 71996886=13498910+35407294+26089323 i21757306 u60702224 u0 t9.331
527520 480000 115 4 w15003818 r14736548 m14974439 f30210 r477647341 p500
 73651227=13807158+36223256+26687973 i22205099 u62148945 u0 t10.234
538466 490000 115 4 w15464709 r15206986 m15450153 f31129 r489038325 p500
 75328414=14119122+37045202+27301263 i22656919 u63616669 u0 t12.316
549399 500000 115 4 w15936184 r15689237 m15937795 f32073 r500613318 p500
 77031674=14444781+37880830+27920571 i23113256 u65110642 u0 t11.084
560288 510000 115 4 w16401268 r16166277 m16419980 f33017 r511898816 p500
 78691914=14755244+38702032+28518787 i23554362 u66571644 u0 t10.924
571192 520000 115 4 w16867741 r16645278 m16904218 f33974 r523234819 p500
 80360609=15064921+39523583+29124883 i24001351 u68035133 u0 t12.755
582148 530000 115 4 w17342239 r17133792 m17397965 f34933 r534671904 p500
 82044111=15379373+40351252+29736648 i24447921 u69516499 u0 t11.326
593039 540000 115 4 w17832518 r17639044 m17908542 f35933 r546446397 p500
 83778986=15700366+41200465+30372745 i24899741 u71049751 u0 t13.639
604123 550000 115 4 w18259502 r18080236 m18354301 f36816 r556783550 p500
 85301594=15986949+41941190+30932383 i25296665 u72395324 u0 t10.056
615220 560000 115 4 w18623264 r18456174 m18734268 f37571 r565639143 p500
 86603192=16234528+42588345+31398786 i25645750 u73539257 u0 t8.606
626410 570000 115 4 w18978261 r18823461 m19105285 f38309 r574267266 p500
 87874750=16473215+43206126+31868007 i25977094 u74662767 u0 t10.815
637646 580000 115 4 w19326721 r19184551 m19470121 f39050 r582639694 p500
 89107135=16707388+43808787+32316462 i26295797 u75755899 u0 t8.261
648847 590000 115 4 w19680315 r19551635 m19840859 f39781 r591494021 p500
 90412630=16951660+44441753+32801330 i26620966 u76923643 u0 t21.917
660023 600000 115 4 w20010241 r19894363 m20186983 f40464 r599360474 p500
 91570967=17172097+45004553+33225590 i26915260 u77955948 u0 t13.883
671169 610000 115 4 w20339053 r20235983 m20532018 f41182 r607175341 p500
 92720576=17392089+45568160+33643052 i27208758 u78980120 u0 t7.962
682330 620000 115 4 w20668682 r20578278 m20877652 f41885 r615003337 p500
 93872580=17614200+46130772+34061693 i27501436 u80007406 u0 t11.251
693457 630000 115 4 w21017255 r20941829 m21244767 f42856 r623452634 p500
 95117626=17848307+46742027+34515848 i27814277 u81119698 u0 t8.333
704731 640000 115 4 w21369106 r21307445 m21613948 f43597 r631853934 p500
 96356538=18079814+47339736+34977401 i28121173 u82229516 u0 t8.362
715916 650000 115 4 w21700044 r21653868 m21963695 f44308 r639686312 p500
 97508759=18300176+47903789+35395992 i28406358 u83265060 u0 t10.534
727122 660000 115 4 w22055847 r22025193 m22338538 f45066 r648053492 p500
 98740996=18534472+48502649+35847867 i28710588 u84371807 u0 t8.535
738273 670000 115 4 w22404239 r22389231 m22705990 f45854 r656229365 p500
 99944408=18763831+49088470+36288041 i29009112 u85452223 u0 t7.947
749495 680000 115 4 w22737809 r22738477 m23058526 f46584 r664154670 p500
 101110657=18988146+49655129+36713823 i29295697 u86502099 u0 t10.311
760693 690000 115 4 w23090576 r23107505 m23431108 f47339 r672382906 p500
 102322796=19218634+50241042+37161239 i29597616 u87587719 u0 t7.676
771972 700000 115 4 w23443987 r23478292 m23805348 f48099 r680602110 p500
 103533429=19447840+50827756+37607332 i29897330 u88674155 u0 t7.777
783287 710000 115 4 w23788362 r23839309 m24169820 f48854 r688576626 p500
 104707193=19672297+51400620+38034556 i30187991 u89728401 u0 t7.495
794503 720000 115 4 w24131871 r24200364 m24534416 f49608 r696588190 p500
 105884101=19899080+51986529+38454162 i30484403 u90782949 u0 t10.535
805629 730000 115 4 w24486784 r24573837 m24911387 f50371 r704847980 p500
 107102630=20129008+52567936+38912881 i30784795 u91875314 u0 t7.774
816809 740000 115 4 w24822330 r24926589 m25267369 f51118 r712687703 p500
 108260466=20346670+53116721+39353044 i31063839 u92918105 u0 t7.765
827890 750000 115 4 w25156248 r25279525 m25623720 f51868 r720745625 p500
 109450287=20570289+53679196+39809043 i31352991 u93987186 u0 t10.971
839058 760000 115 4 w25482300 r25624090 m25971429 f52597 r728294776 p500
 110562771=20782639+54214127+40221801 i31620202 u94993219 u0 t7.564
850231 770000 115 4 w25831529 r25993251 m26344005 f53396 r736369900 p500
 111752710=21007204+54789950+40662048 i31911842 u96063116 u0 t8.12
861324 780000 115 4 w26159188 r26341779 m26695588 f54135 r743921705 p500
 112865010=21220423+55328425+41070987 i32186752 u97061849 u0 t7.708
872344 790000 115 4 w26499071 r26702742 m27059837 f54887 r751693059 p500
 114010133=21439524+55879572+41494872 i32459525 u98100055 u0 t11.313
883522 800000 115 4 w26842685 r27068885 m27429233 f55637 r759503129 p500
 115161072=21660061+56435512+41919077 i32734776 u99142606 u0 t7.981
894714 810000 115 4 w27175618 r27423216 m27786782 f56417 r767015186 p500
 116268557=21873210+56964926+42332762 i33003910 u100140586 u0 t7.756
905844 820000 115 4 w27511187 r27782830 m28149614 f57172 r774635144 p500
 117391502=22087870+57507981+42746359 i33271949 u101158020 u0 t11.42
916882 830000 115 4 w27887328 r28186651 m28557155 f58008 r783279256 p500
 118666036=22330007+58123971+43219051 i33587557 u102300685 u0 t8.715
927964 840000 115 4 w28251790 r28578122 m28952073 f58822 r791389948 p500
 119859838=22558740+58706062+43653202 i33882600 u103373783 u0 t8.358
939033 850000 115 4 w28634604 r28994346 m29372044 f59654 r799943117 p500
 121120121=22797057+59316939+44117564 i34192766 u104506332 u0 t12.576
950128 860000 115 4 w29011313 r29404632 m29786002 f60512 r808324645 p500
 122354185=23032142+59920770+44564969 i34498927 u105614146 u0 t8.686
961260 870000 115 4 w29384064 r29814108 m30198952 f61325 r816603676 p500
 123573738=23265156+60513662+45010556 i34798107 u106711519 u0 t8.43
972424 880000 115 4 w29754735 r30221726 m30610081 f62152 r824841056 p500
 124788360=23496396+61098156+45461105 i35096170 u107803069 u0 t12.557
983571 890000 115 4 w30123465 r30630381 m31022311 f62955 r833061419 p500
 125999572=23725782+61687928+45904575 i35396114 u108889774 u0 t8.439
994789 900000 115 4 w30478197 r31028286 m31423630 f63718 r841020253 p500
 127172847=23948729+62252858+46339706 i35679762 u109948765 u0 t8.24
qEOF before end of stream: 3, 998354
Total lines processed: 903157
Block Count:5182, 407243
Avg Block Count:87 = 35773278 / 407243
Avg Max Count:113, 128, 115
Level Count:4
884736 4
471450 4
Max word len: 115
Total words generated: 127552544
Words inserted 35773278
Words updated: 110289451
OUBLK INBLK
    -     -
1737236480
1187610624

