Csz: 64, pgsz: 4096
File page count: 0
File page count: 0
File page count: 0
10988 10000 60 1 w0 r0 m0 f0 r0 p20
 1502009=280567+736357+547318 i721658 u998423 u0 t2.766
22023 20000 60 1 w0 r0 m0 f0 r0 p20
 2970299=556558+1459020+1077812 i1299209 u2102895 u0 t2.966
33024 30000 60 3 w339 r0 m0 f16 r0 p20
 4455591=837142+2190955+1612898 i1852406 u3251560 u0 t3.034
44043 40000 66 3 w11260 r0 m0 f535 r0 p20
 6021768=1126498+2950354+2194339 i2414059 u4480652 u0 t4.102
55121 50000 66 4 w22791 r13296 m19201 f791 r1650252 p500
 7457432=1399039+3657323+2711810 i2941587 u5598505 u0 t3.795
66115 60000 66 4 w27611 r69482 m79466 f800 r4206604 p500
 8882525=1666288+4349737+3237298 i3452323 u6718222 u0 t3.928
77117 70000 66 4 w34615 r146565 m160101 f808 r7076878 p500
 10323681=1938542+5063745+3753209 i3972046 u7850744 u0 t3.977
88102 80000 66 4 w42207 r230995 m247155 f819 r9935585 p500
 11702242=2200826+5741136+4250267 i4459453 u8943357 u0 t4.134
99095 90000 66 4 w52672 r329414 m348606 f835 r13096263 p500
 13139065=2468368+6445510+4774403 i4965805 u10082405 u0 t4.071
110113 100000 66 4 w65362 r437624 m460239 f856 r16223910 p500
 14570300=2739305+7152735+5287868 i5464955 u11223736 u0 t4.062
121109 110000 66 4 w74426 r549913 m574866 f870 r18852485 p500
 15981984=3006512+7851613+5792984 i5961313 u12345476 u0 t3.873
132028 120000 66 4 w85029 r672728 m701470 f885 r21780281 p500
 17532484=3286822+8590277+6386159 i6467870 u13607704 u0 t4.263
142990 130000 66 4 w104710 r805746 m839720 f915 r25153093 p500
 18986448=3562710+9311119+6905248 i6966486 u14775907 u0 t4.446
153925 140000 66 4 w118249 r945746 m983272 f936 r27899106 p500
 20474477=3841729+10051396+7435263 i7478857 u15969241 u0 t4.374
164855 150000 66 4 w133475 r1094422 m1136327 f959 r30920470 p500
 21982251=4126056+10796461+7976893 i7996291 u17179576 u0 t4.475
175812 160000 66 4 w156412 r1256554 m1304024 f995 r34350328 p500
 23584909=4417148+11560934+8588302 i8524177 u18479988 u0 t4.779
186797 170000 66 4 w173818 r1412960 m1464062 f1023 r37152581 p500
 25060643=4694278+12291216+9118384 i9032359 u19663457 u0 t4.387
197847 180000 66 4 w191716 r1576048 m1630799 f1052 r39957730 p500
 26594805=4977567+13035840+9687961 i9547234 u20902480 u0 t4.599
208776 190000 66 4 w220425 r1752293 m1812984 f1099 r43460065 p500
 28107430=5261667+13783743+10232285 i10062188 u22121059 u0 t4.865
219728 200000 66 4 w244621 r1924729 m1989420 f1140 r46325544 p500
 29612928=5546285+14529981+10770299 i10574995 u23334623 u0 t4.872
230584 210000 66 4 w267611 r2106136 m2174995 f1179 r49284266 p500
 31176719=5839236+15302598+11333221 i11099250 u24601792 u0 t4.845
241548 220000 66 4 w294559 r2288015 m2361233 f1226 r52359422 p500
 32683216=6122373+16045650+11876729 i11610573 u25816565 u0 t4.799
252514 230000 66 4 w327269 r2480494 m2558289 f1283 r55537415 p500
 34281333=6415992+16823378+12467909 i12145146 u27109206 u0 t5.02
263483 240000 66 4 w352681 r2666369 m2748102 f1328 r58443557 p500
 35779645=6698842+17564571+13004988 i12657389 u28314350 u0 t5.219
274496 250000 66 4 w384753 r2859574 m2945264 f1386 r61487237 p500
 37310768=6986369+18323484+13553505 i13178981 u29547384 u0 t5.048
285461 260000 66 4 w417939 r3054487 m3144380 f1447 r64590805 p500
 38803050=7268863+19066410+14083606 i13688735 u30749101 u0 t5.284
296415 270000 66 4 w447315 r3244692 m3338144 f1502 r67371731 p500
 40291659=7548931+19800727+14620226 i14197941 u31945509 u0 t4.951
307437 280000 66 4 w478059 r3440562 m3537504 f1559 r70231324 p500
 41798389=7832680+20548382+15159093 i14712607 u33158101 u0 t5.397
318462 290000 66 4 w518016 r3654202 m3755883 f1631 r73527443 p500
 43400957=8135339+21341253+15733409 i15261638 u34445699 u0 t6.57
329483 300000 66 4 w552506 r3870820 m3976644 f1693 r76745099 p500
 45028066=8442234+22155263+16308545 i15826453 u35747551 u0 t6.637
340525 310000 66 4 w592810 r4083005 m4193510 f1767 r79973647 p500
 46615497=8738046+22934138+16886727 i16361484 u37029725 u0 t7.48
351480 320000 94 4 w630623 r4293187 m4407841 f1837 r82969504 p500
 48198443=9038935+23721499+17447383 i16896543 u38308932 u0 t7.662
362496 330000 94 4 w666696 r4499001 m4617614 f1904 r85863773 p500
 49733443=9330284+24482692+17993474 i17419437 u39545784 u0 t6.58
373551 340000 94 4 w707502 r4714947 m4837953 f1980 r88926793 p500
 51290419=9626097+25253246+18550462 i17950147 u40800105 u0 t6.344
384689 350000 94 4 w745945 r4929407 m5056439 f2051 r91919137 p500
 52863840=9922129+26021395+19125405 i18486089 u42065612 u0 t7.214
395874 360000 94 4 w791996 r5155866 m5287658 f2137 r95193527 p500
 54481112=10221859+26805577+19724920 i19040689 u43360148 u0 t6.608
406862 370000 94 4 w839082 r5385699 m5522102 f2225 r98418056 p500
 56127736=10531055+27599843+20335875 i19596838 u44686779 u0 t6.847
417894 380000 94 4 w885079 r5611284 m5752064 f2312 r101512877 p500
 57710651=10827571+28373736+20913921 i20137444 u45958239 u0 t7.252
428912 390000 94 4 w925450 r5830600 m5975110 f2390 r104408482 p500
 59267667=11118998+29134387+21483671 i20668763 u47208996 u0 t7.166
439874 400000 94 4 w976661 r6054225 m6203410 f2488 r107551875 p500
 60798946=11403897+29878773+22048736 i21181690 u48447611 u0 t8.351
450859 410000 94 4 w1022853 r6276844 m6430043 f2577 r110513295 p500
 62344800=11692810+30638301+22610559 i21703128 u49696480 u0 t8.476
461847 420000 94 4 w1069038 r6495393 m6652752 f2665 r113439439 p500
 63844428=11974358+31373784+23155224 i22204784 u50912092 u0 t6.962
472807 430000 94 4 w1117705 r6727465 m6888825 f2763 r116415095 p500
 65437777=12274970+32155539+23733013 i22732508 u52209075 u0 t8.349
483790 440000 94 4 w1170399 r6964826 m7130468 f2867 r119512245 p500
 67045764=12575174+32948774+24314526 i23283708 u53500060 u0 t7.369
494708 450000 94 4 w1227068 r7216244 m7386830 f2977 r122924955 p500
 68699469=12883619+33764275+24912528 i23846832 u54830993 u0 t7.089
505590 460000 94 4 w1289472 r7467378 m7642385 f3100 r126187108 p500
 70351529=13192036+34579703+25508938 i24416950 u56153776 u0 t6.682
516566 470000 94 4 w1337444 r7706804 m7885465 f3197 r129141226 p500
 71990799=13497983+35383004+26106827 i24972264 u57474437 u0 t6.772
527520 480000 94 4 w1394587 r7958384 m8141368 f3311 r132353251 p500
 73645396=13806248+36198720+26705962 i25532203 u58809241 u0 t8.569
538466 490000 94 4 w1451298 r8208195 m8395167 f3430 r135474046 p500
 75322033=14118226+37019796+27319558 i26096532 u60163684 u0 t7.836
549399 500000 94 4 w1518090 r8470667 m8662266 f3564 r138862834 p500
 77023422=14443739+37852951+27939450 i26674996 u61532901 u0 t8.24
560288 510000 94 4 w1580018 r8730291 m8926458 f3686 r142162079 p500
 78683776=14754211+38673947+28537977 i27232654 u62877435 u0 t9.948
571192 520000 94 4 w1640749 r8985249 m9185237 f3807 r145208124 p500
 80352709=15063905+39495351+29144441 i27800680 u64220102 u0 t8.283
582148 530000 94 4 w1706124 r9250651 m9454930 f3940 r148494293 p500
 82036333=15378372+40322769+29756564 i28376254 u65572542 u0 t8.516
593039 540000 94 4 w1771490 r9514751 m9723141 f4071 r151633024 p500
 83771287=15699382+41171815+30392889 i28959733 u66974181 u0 t8.778
604123 550000 94 4 w1830199 r9750821 m9963130 f4190 r154562511 p500
 85292838=15985696+41911091+30952924 i29475518 u68199675 u0 t9.429
615220 560000 94 4 w1880369 r9950427 m10165923 f4293 r156950765 p500
 86578403=16228956+42541143+31420367 i29904402 u69243543 u0 t6.182
626410 570000 94 4 w1930403 r10148434 m10367331 f4396 r159372432 p500
 87844098=16466215+43152805+31889824 i30323464 u70272382 u0 t6.207
637646 580000 94 4 w1973501 r10330778 m10552178 f4482 r161476430 p500
 89076807=16700413+43755344+32338700 i30727622 u71280342 u0 t5.885
648847 590000 94 4 w2022719 r10522545 m10747031 f4584 r163771596 p500
 90374027=16941574+44376422+32827113 i31141248 u72348429 u0 t7.969
660023 600000 94 4 w2081530 r10714034 m10942176 f4701 r166181140 p500
 91532379=17161983+44938682+33251930 i31525933 u73290234 u0 t6.148
671169 610000 94 4 w2124298 r10889717 m11120296 f4789 r168170094 p500
 92677878=17380618+45496976+33670548 i31905950 u74222386 u0 t5.606
682330 620000 94 4 w2168161 r11063912 m11296983 f4880 r170191624 p500
 93822074=17600425+46050280+34090643 i32277863 u75160288 u0 t5.2
693457 630000 94 4 w2209109 r11245658 m11481192 f4967 r172256236 p500
 95055694=17831544+46649550+34545328 i32673807 u76175862 u0 t5.283
704731 640000 94 4 w2261441 r11437649 m11676068 f5072 r174479603 p500
 96294484=18063003+47246521+35007530 i33078081 u77188069 u0 t7.464
715916 650000 94 4 w2313225 r11620118 m11861575 f5176 r176620197 p500
 97439917=18281492+47802828+35427033 i33456000 u78122163 u0 t5.514
727122 660000 94 4 w2362428 r11813401 m12057871 f5278 r178869965 p500
 98670865=18515586+48399959+35879324 i33858410 u79129043 u0 t5.779
cache requests:  179794410, Misses: 12138537, Flush#: 5325
File page count: 262144
File page count: 0
738273 670000 94 3 w2928 r0 m0 f139 r0 p20
 99875738=18744879+48985343+36321340 i34251887 u80115845 u0 t6.767
749495 680000 94 3 w6698 r0 m0 f318 r0 p20
 101042378=18969139+49551143+36748333 i34630762 u81073647 u0 t5.184
760693 690000 94 3 w11368 r0 m0 f540 r0 p20
 102254975=19199662+50136770+37196451 i35029423 u82062910 u0 t5.374
771972 700000 94 3 w16417 r2 m45 f780 r29985 p500
 103465715=19428892+50723315+37642782 i35429485 u83049069 u0 t5.307
783287 710000 94 3 w21500 r9814 m13973 f788 r1457037 p500
 104639895=19653350+51296043+38070528 i35818486 u84005355 u0 t6.199
794503 720000 94 3 w26781 r41231 m49047 f795 r2873830 p500
 105795632=19874772+51860524+38490371 i36202463 u84945770 u0 t7.19
805629 730000 94 4 w32711 r89042 m99295 f803 r4369737 p500
 107012874=20104345+52440052+38949648 i36603473 u85935756 u0 t6.686
816809 740000 94 4 w39745 r142895 m155914 f813 r6593550 p500
 108170745=20322040+52988329+39390320 i36976764 u86884239 u0 t6.075
827890 750000 94 4 w48039 r204610 m220327 f826 r8814782 p500
 109346018=20541989+53535547+39846971 i37347369 u87853454 u0 t5.69
839058 760000 94 4 w53983 r268657 m286230 f835 r10624971 p500
 110457269=20754203+54068761+40260177 i37707800 u88764541 u0 t5.433
850231 770000 94 4 w60329 r342599 m362229 f845 r12619525 p500
 111644525=20977813+54640699+40701563 i38093158 u89737086 u0 t6.005
861324 780000 94 4 w68976 r417951 m440230 f857 r14671852 p500
 112756707=21190675+55177904+41111664 i38457259 u90646253 u0 t6.123
872344 790000 94 4 w79348 r499946 m524881 f873 r16701897 p500
 113901225=21409742+55727856+41536162 i38827170 u91586450 u0 t6.179
883522 800000 94 4 w88639 r586802 m614605 f887 r18758025 p500
 115052441=21630278+56283615+41960824 i39201491 u92530174 u0 t5.902
894714 810000 94 4 w98671 r674982 m705401 f902 r20614197 p500
 116160178=21843396+56812897+42374924 i39564195 u93434811 u0 t5.698
905844 820000 94 4 w109149 r767746 m801163 f917 r22598161 p500
 117283218=22058020+57355645+42788958 i39928206 u94356316 u0 t5.847
916882 830000 94 4 w123164 r878057 m915423 f939 r25034288 p500
 118549962=22298051+57962861+43262648 i40343643 u95389156 u0 t6.766
927964 840000 94 4 w134610 r987011 m1027347 f958 r27082001 p500
 119743931=22526808+58544733+43697160 i40745502 u96355566 u0 t6.543
939033 850000 94 4 w149369 r1105890 m1149447 f982 r29268549 p500
 121004021=22765153+59154770+44162141 i41170525 u97372727 u0 t6.045
950128 860000 94 4 w163115 r1226680 m1273853 f1003 r31572569 p500
 122238906=23000262+59758465+44610477 i41587821 u98370203 u0 t5.739
961260 870000 94 4 w179676 r1348344 m1399140 f1031 r33841839 p500
 123458240=23233305+60350981+45056192 i41998249 u99356026 u0 t5.629
972424 880000 94 4 w194367 r1472296 m1526514 f1055 r36062038 p500
 124673071=23464512+60935225+45507233 i42406778 u100337243 u0 t5.538
983571 890000 94 4 w214571 r1601860 m1659999 f1089 r38489572 p500
 125884339=23693919+61524697+45951038 i42816820 u101313841 u0 t5.942
994789 900000 94 4 w227168 r1720996 m1781306 f1110 r40249151 p500
 127057729=23916913+62089299+46386559 i43205028 u102268280 u0 t5.129
1005944 910000 94 4 w245595 r1846942 m1910475 f1141 r42351937 p500
 128303140=24152134+62684289+46852627 i43597502 u103299463 u0 t5.595
1017100 920000 94 4 w261658 r1968589 m2035152 f1168 r44376700 p500
 129430527=24368312+63227679+47268896 i43970447 u104217210 u0 t6.019
1028294 930000 94 4 w281817 r2091145 m2160959 f1203 r46516148 p500
 130528672=24578027+63757612+47674280 i44333356 u105111392 u0 t6.093
1039422 940000 94 4 w301659 r2220711 m2293319 f1237 r48604396 p500
 131687822=24798359+64320403+48099625 i44719798 u106052229 u0 t6.671
1050473 950000 94 4 w320086 r2350390 m2425702 f1269 r50568918 p500
 132854628=25020471+64887893+48525915 i45101646 u107006607 u0 t6.152
1061568 960000 94 4 w337227 r2481203 m2559136 f1299 r52537609 p500
 134043065=25250332+65467521+48956677 i45486897 u107984166 u0 t6.283
1072599 970000 94 4 w357705 r2620834 m2701520 f1335 r54642303 p500
 135291842=25485759+66067542+49422289 i45890280 u109008587 u0 t6.555
1083733 980000 94 4 w383204 r2753934 m2838006 f1380 r56867311 p500
 136399095=25701025+66611278+49818915 i46253698 u109915435 u0 t6.295
1094785 990000 94 4 w403592 r2885083 m2971921 f1417 r58864554 p500
 137519045=25917256+67155540+50227039 i46627020 u110825516 u0 t6.385
1105876 1000000 94 4 w422827 r3019963 m3109444 f1450 r60796718 p500
 138665708=26137694+67717784+50640858 i47010077 u111757509 u0 t6.323
1117034 1010000 94 4 w444128 r3153367 m3245432 f1488 r62718331 p500
 139787398=26354447+68264708+51048324 i47384456 u112668499 u0 t6.213
1128112 1020000 94 4 w462467 r3289444 m3383951 f1521 r64597354 p500
 140921786=26573667+68822755+51454803 i47766493 u113587889 u0 t6.285
1139060 1030000 94 4 w496024 r3451652 m3550401 f1582 r67236514 p500
 142169257=26814499+69435817+51902693 i48192931 u114592091 u0 t7.879
1150007 1040000 94 4 w523469 r3623213 m3725405 f1630 r69655859 p500
 143561524=27079997+70114418+52410409 i48667019 u115712206 u0 t7.778
1160894 1050000 94 4 w553003 r3803864 m3909526 f1684 r72168711 p500
 144998329=27351325+70820475+52930355 i49161171 u116864199 u0 t8.245
1171814 1060000 94 4 w582740 r3977751 m4086698 f1739 r74579928 p500
 146379091=27613814+71499763+53428044 i49635769 u117971931 u0 t8.046
1182789 1070000 94 4 w623097 r4168231 m4282203 f1812 r77530542 p500
 147771408=27879097+72187374+53926677 i50117453 u119086687 u0 t8.963
1193726 1080000 94 4 w659359 r4348872 m4466672 f1877 r80055732 p500
 149134062=28139226+72857138+54417545 i50587254 u120178683 u0 t8.027
1204582 1090000 94 4 w690693 r4533702 m4654789 f1935 r82485742 p500
 150558184=28410799+73563244+54924918 i51080483 u121318653 u0 t28.482
1215452 1100000 94 4 w724604 r4724637 m4849333 f1998 r85026370 p500
 152005108=28686815+74275924+55445124 i51575805 u122481322 u0 t11.968
1226363 1110000 94 4 w770813 r4933490 m5062882 f2084 r88021161 p500
 153500818=28969234+75014161+55983165 i52092271 u123679264 u0 t9.702
1237247 1120000 94 4 w807143 r5125310 m5258256 f2154 r90518803 p500
 154937431=29243148+75724625+56496700 i52587750 u124830847 u0 t8.396
1248176 1130000 94 4 w851691 r5329826 m5467083 f2238 r93372862 p500
 156402730=29522271+76447278+57022334 i53093966 u126004389 u0 t8.93
1259068 1140000 94 4 w889407 r5529322 m5669928 f2312 r95936622 p500
 157861125=29797984+77168674+57545261 i53600558 u127169389 u0 t8.872
1269968 1150000 94 4 w930326 r5733019 m5877303 f2392 r98591154 p500
 159329502=30076802+77900612+58066160 i54110073 u128343997 u0 t9.478
1280888 1160000 94 4 w971375 r5937270 m6085201 f2472 r101222491 p500
 160787355=30353504+78624948+58585500 i54617843 u129507917 u0 t8.618
1291754 1170000 94 4 w1025265 r6153589 m6306121 f2576 r104226836 p500
 162257081=30632523+79353396+59110031 i55127831 u130683396 u0 t9.133
1302652 1180000 94 4 w1064643 r6358671 m6514324 f2654 r106730266 p500
 163740220=30914947+80088433+59638605 i55642375 u131870194 u0 t9.554
1313613 1190000 94 4 w1112223 r6571900 m6731298 f2750 r109469301 p500
 165222360=31196414+80824289+60166997 i56155426 u133057011 u0 t9.131
1324596 1200000 94 4 w1157923 r6786421 m6949504 f2842 r112201531 p500
 166705137=31477696+81562307+60693488 i56668104 u134245323 u0 t9.232
1335456 1210000 94 4 w1217644 r7014852 m7182383 f2961 r115211143 p500
 168224630=31765450+82316176+61235826 i57199257 u135456564 u0 t10.518
1346441 1220000 94 4 w1260725 r7233506 m7404471 f3048 r117868585 p500
 169783146=32059975+83084342+61797322 i57733353 u136708269 u0 t9.838
1357399 1230000 94 4 w1312701 r7462370 m7637293 f3152 r120750435 p500
 171340122=32353046+83856368+62354085 i58273356 u137953024 u0 t9.609
1368385 1240000 94 4 w1367015 r7697954 m7877015 f3259 r123681872 p500
 172947608=32655798+84649796+62933484 i58828963 u139239285 u0 t10.087
1379469 1250000 94 4 w1424473 r7940344 m8123563 f3374 r126677962 p500
 174578353=32960714+85458237+63518396 i59398017 u140538820 u0 t9.48
1390543 1260000 94 4 w1482694 r8181428 m8368771 f3492 r129624914 p500
 176216491=33265767+86260659+64117373 i59962416 u141849158 u0 t8.687
1401635 1270000 94 4 w1541519 r8426895 m8618550 f3611 r132669406 p500
 177844395=33572063+87068311+64699569 i60527265 u143150603 u0 t9.826
1412662 1280000 94 4 w1599676 r8667139 m8862670 f3728 r135525498 p500
 179448459=33876558+87868585+65267066 i61087357 u144431004 u0 t9.525
1423732 1290000 94 4 w1659978 r8908528 m9108161 f3848 r138424346 p500
 181048813=34176734+88658077+65844466 i61642190 u145710027 u0 t9.41
1434749 1300000 94 4 w1731121 r9169944 m9374534 f3991 r141734236 p500
 182708012=34486059+89473649+66447219 i62215001 u147037221 u0 t11.194
1445738 1310000 94 4 w1797596 r9426558 m9635391 f4128 r144787749 p500
 184393702=34802514+90300279+67060581 i62805093 u148377389 u0 t10.304
1456743 1320000 94 4 w1846603 r9671275 m9883438 f4228 r147527136 p500
 186070228=35117419+91124338+67668654 i63389004 u149713743 u0 t10.068
1467716 1330000 94 4 w1928476 r9952568 m10169999 f4392 r150988824 p500
 187826313=35446439+91987570+68306198 i63997167 u151116620 u0 t12.16
1478847 1340000 94 4 w2005349 r10228827 m10451188 f4546 r154322363 p500
 189576199=35770546+92843092+68948282 i64608359 u152507825 u0 t10.739
1489858 1350000 94 4 w2065838 r10487692 m10713857 f4669 r157284515 p500
 191293701=36091273+93689714+69570361 i65212140 u153871302 u0 t10.298
1500812 1360000 94 4 w2132514 r10743899 m10974095 f4802 r160238079 p500
 192945486=36397575+94496222+70177408 i65788138 u155185889 u0 t11.086
1511816 1370000 94 4 w2210606 r11018535 m11253585 f4960 r163511583 p500
 194629032=36712328+95326971+70785491 i66376155 u156526805 u0 t10.637
1522795 1380000 94 4 w2273131 r11269003 m11507802 f5087 r166330561 p500
 196261102=37016279+96132860+71375067 i66950630 u157821606 u0 t9.977
1533703 1390000 94 4 w2354159 r11545772 m11789580 f5247 r169627994 p500
 197916575=37324591+96947275+71976454 i67538175 u159129958 u0 t11.942
cache requests:  171073126, Misses: 11921468, Flush#: 5312
File page count: 262144
File page count: 0
1544569 1400000 94 3 w3378 r0 m0 f160 r0 p20
 199559254=37633477+97759355+72566894 i68116273 u160434572 u0 t11.309
1555499 1410000 94 3 w10094 r0 m0 f479 r0 p20
 201315489=37961627+98624605+73202702 i68733439 u161828584 u0 t11.059
1566395 1420000 94 3 w16135 r0 m0 f766 r0 p20
 203040846=38283743+99480615+73821796 i69337205 u163202007 u0 t10.372
1577238 1430000 94 3 w25144 r29895 m36645 f793 r2247293 p500
 204769952=38606558+100338547+74442475 i69941632 u164578642 u0 t14.535
1588118 1440000 98 4 w35465 r100134 m111188 f807 r4924862 p500
 206501959=38930450+101195825+75064960 i70552564 u165952011 u0 t16.314
1598949 1450000 98 4 w45271 r190702 m205144 f822 r7976014 p500
 208268953=39258962+102068645+75703589 i71174269 u167354298 u0 t16.695
1609797 1460000 98 4 w57636 r298345 m316795 f840 r11312620 p500
 210044942=39588610+102945770+76346402 i71796252 u168765827 u0 t16.166
1620630 1470000 98 4 w71242 r418311 m441012 f862 r14582833 p500
 211794580=39917932+103814704+76971466 i72406375 u170160753 u0 t15.022
1631477 1480000 98 4 w86057 r549635 m576462 f884 r17680851 p500
 213544040=40245036+104679189+77602217 i73017663 u171553146 u0 t13.954
1642373 1490000 98 4 w104409 r697676 m729985 f912 r21139757 p500
 215341277=40581294+105569208+78248295 i73643741 u172986125 u0 t15.848
1653233 1500000 98 4 w119908 r853506 m889885 f935 r24085414 p500
 217140856=40916400+106459891+78897100 i74269530 u174421896 u0 t15.629
1664130 1510000 98 4 w141422 r1017668 m1059440 f968 r27372521 p500
 218918858=41246818+107335188+79542975 i74885557 u175841382 u0 t15.957
1675034 1520000 98 4 w166234 r1192627 m1240583 f1009 r30939541 p500
 220707779=41578831+108217124+80191729 i75505707 u177269623 u0 t16.511
1685958 1530000 98 4 w186973 r1373373 m1425565 f1042 r33911350 p500
 222527075=41916353+109112653+80853011 i76139781 u178718587 u0 t17.322
1696847 1540000 98 4 w213151 r1559868 m1617336 f1085 r37200158 p500
 224315173=42247472+109988212+81508045 i76762463 u180141827 u0 t17.452
1707676 1550000 98 4 w240815 r1756812 m1819469 f1131 r40483098 p500
 226145545=42585443+110889061+82174588 i77404391 u181594828 u0 t19.3
1718573 1560000 98 4 w269339 r1958133 m2026073 f1179 r43882314 p500
 227977330=42923423+111787999+82844853 i78042394 u183052427 u0 t19.279
1729487 1570000 98 4 w299097 r2157486 m2229926 f1230 r47080710 p500
 229753610=43251319+112659502+83494699 i78660572 u184466970 u0 t18.765
1740347 1580000 98 4 w331078 r2363192 m2440284 f1286 r50342437 p500
 231553099=43584045+113540125+84154532 i79283006 u185903501 u0 t19.257
1751207 1590000 98 4 w364827 r2576957 m2658814 f1346 r53652525 p500
 233379935=43922519+114439161+84819331 i79918845 u187358392 u0 t19.627
1762023 1600000 98 4 w400682 r2789678 m2876300 f1409 r56947141 p500
 235155838=44253360+115316780+85460368 i80538531 u188772620 u0 t19.882
1772878 1610000 98 4 w434762 r3002897 m3094273 f1470 r60125570 p500
 236929765=44581601+116184385+86111450 i81157163 u190183925 u0 t19.582
1783723 1620000 98 4 w472898 r3219091 m3315071 f1538 r63298722 p500
 238688802=44908359+117054935+86745914 i81771887 u191583742 u0 t19.485
1794607 1630000 98 4 w507673 r3437942 m3538434 f1600 r66377502 p500
 240464474=45236721+117925167+87395625 i82392443 u192994665 u0 t19.87
1805498 1640000 98 4 w548564 r3664619 m3770267 f1673 r69700435 p500
 242254148=45568299+118810419+88042812 i83016781 u194419890 u0 t21.407
1816421 1650000 98 4 w592612 r3895843 m4006494 f1753 r72982271 p500
 244050460=45899875+119697682+88694294 i83649713 u195843413 u0 t21.631
1827273 1660000 98 4 w631432 r4123766 m4238915 f1824 r76092172 p500
 245854594=46234182+120581771+89354317 i84278168 u197279342 u0 t20.79
1838160 1670000 98 4 w677560 r4361342 m4481730 f1910 r79431054 p500
 247658499=46569016+121468086+90011461 i84909727 u198712434 u0 t21.335
1849005 1680000 98 4 w726757 r4593948 m4719198 f2001 r82652902 p500
 249430273=46895841+122335533+90661287 i85525808 u200123836 u0 t21.14
1859879 1690000 98 4 w768320 r4822399 m4952316 f2079 r85738337 p500
 251131274=47212314+123178813+91272930 i86122651 u201475808 u0 t20.481
1870739 1700000 98 4 w822828 r5063148 m5198045 f2186 r88979273 p500
 252891040=47539368+124052324+91905243 i86741100 u202873463 u0 t22.849
1881698 1710000 98 4 w865057 r5289611 m5428641 f2266 r91936932 p500
 254580506=47855131+124886720+92515238 i87330858 u204219040 u0 t20.493
1892578 1720000 98 4 w910825 r5519904 m5662907 f2354 r94867643 p500
 256293641=48175629+125733252+93133032 i87925968 u205586753 u0 t20.891
1903425 1730000 98 4 w973297 r5771499 m5920111 f2473 r98362428 p500
 258022910=48497010+126587322+93759134 i88528740 u206964861 u0 t22.445
1914319 1740000 98 4 w1014303 r6009860 m6162169 f2553 r101235020 p500
 259815204=48830591+127465985+94414633 i89154578 u208389999 u0 t22.438
1925121 1750000 98 4 w1076964 r6259437 m6416661 f2674 r104505490 p500
 261541343=49152780+128320704+95035874 i89760501 u209762003 u0 t22.319
1936035 1760000 98 4 w1132197 r6513251 m6675030 f2783 r107718305 p500
 263330388=49486166+129206644+95680319 i90393484 u211178547 u0 t22.472
1946942 1770000 98 4 w1183263 r6754198 m6920224 f2880 r110740626 p500
 265050277=49805913+130048834+96309100 i90985410 u212555021 u0 t21.512
1957829 1780000 98 4 w1243377 r7002271 m7172884 f2997 r113875341 p500
 266753294=50124837+130892409+96920924 i91581206 u213911044 u0 t21.913
1968722 1790000 98 4 w1301326 r7252376 m7427345 f3111 r116981156 p500
 268493543=50448738+131746780+97555153 i92188603 u215295958 u0 t22.874
1979581 1800000 98 4 w1361578 r7499012 m7678298 f3234 r120035597 p500
 270164279=50760784+132567358+98163030 i92776644 u216620759 u0 t21.514
1990482 1810000 98 4 w1413730 r7736145 m7919081 f3339 r122857299 p500
 271830243=51072078+133383609+98770954 i93357947 u217946742 u0 t20.388
2001382 1820000 98 4 w1468558 r7977882 m8164815 f3447 r125777075 p500
 273492860=51381901+134197434+99378988 i93941137 u219266708 u0 t20.024
2012247 1830000 98 4 w1546499 r8241037 m8433259 f3605 r129170327 p500
 275187109=51698828+135031055+99993694 i94530845 u220617160 u0 t19.81
2023129 1840000 98 4 w1593404 r8479199 m8674875 f3699 r131880787 p500
 276861592=52011531+135854419+100601948 i95114924 u221950291 u0 t17.524
2034053 1850000 98 4 w1665589 r8744424 m8944866 f3843 r135090545 p500
 278586075=52334285+136703614+101226344 i95716181 u223324098 u0 t19.348
2044917 1860000 98 4 w1729354 r8994977 m9199661 f3972 r138049274 p500
 280251213=52646493+137526857+101825999 i96298331 u224649856 u0 t17.448
2055814 1870000 98 4 w1788289 r9244503 m9453099 f4093 r140955227 p500
 281924739=52958787+138352252+102431693 i96892538 u225972461 u0 t16.158
2066728 1880000 98 4 w1858293 r9504683 m9718074 f4234 r144078514 p500
 283579249=53268198+139169715+103028499 i97471232 u227289069 u0 t16.2
2077660 1890000 98 4 w1916038 r9750062 m9967185 f4353 r146861080 p500
 285237033=53579291+139988643+103625276 i98051234 u228608159 u0 t16.885
2088614 1900000 98 4 w1982713 r10007627 m10229021 f4485 r149813114 p500
 286912644=53892334+140810185+104236342 i98636725 u229940443 u0 t16.343
2099586 1910000 98 4 w2060631 r10277783 m10503964 f4643 r152997804 p500
 288616232=54209092+141647327+104856773 i99229534 u231297985 u0 t17.536
2110524 1920000 98 4 w2126773 r10529231 m10759456 f4777 r155861388 p500
 290241226=54514628+142446303+105445707 i99797455 u232590909 u0 t17.44
2121483 1930000 98 4 w2193254 r10787758 m11021999 f4911 r158733334 p500
 291923559=54829824+143276743+106052509 i100388694 u233927033 u0 t17.786
2132440 1940000 98 4 w2266564 r11052095 m11291019 f5058 r161806093 p500
 293565773=55136147+144083806+106649829 i100965564 u235230330 u0 t19.848
2143340 1950000 98 4 w2343898 r11320088 m11563551 f5216 r164874637 p500
 295239008=55448866+144906211+107257959 i101549581 u236562488 u0 t20.449
cache requests:  166619757, Misses: 11727885, Flush#: 5293
File page count: 262144
File page count: 0
2154286 1960000 98 3 w2256 r0 m0 f107 r0 p20
 296860096=55753647+145703015+107845349 i102115844 u237853198 u0 t19.553
2165157 1970000 98 3 w8425 r0 m0 f400 r0 p20
 298412580=56044541+146464173+108410690 i102655665 u239090766 u0 t17.63
2176142 1980000 98 3 w14486 r0 m0 f688 r0 p20
 299979485=56338336+147235354+108978387 i103202548 u240338622 u0 t17.824
2187090 1990000 98 3 w21602 r9586 m13731 f788 r1335892 p500
 301618564=56644427+148044181+109570863 i103779000 u241639598 u0 t17.068
2198031 2000000 98 4 w29717 r58071 m66737 f798 r3307395 p500
 303185199=56938922+148817650+110135174 i104328488 u242885392 u0 t17.359
2208970 2010000 98 4 w38038 r125925 m137910 f810 r6012491 p500
 304752529=57232179+149587337+110705160 i104873466 u244134990 u0 t16.123
2219875 2020000 98 4 w48043 r210704 m226114 f826 r8782617 p500
 306334444=57532947+150371332+111270390 i105426811 u245395125 u0 t17.285
2230717 2030000 98 4 w58701 r303124 m321760 f842 r11538737 p500
 307845640=57817947+151122157+111809522 i105955203 u246599269 u0 t16.364
2241553 2040000 98 4 w70679 r407246 m429303 f859 r14331517 p500
 309373559=58105977+151881084+112355382 i106495272 u247810727 u0 t17.403
2252478 2050000 98 4 w83658 r521803 m547725 f879 r17083281 p500
 310917790=58397345+152645204+112909509 i107038160 u249037984 u0 t16.289
2263400 2060000 98 4 w96632 r642414 m672030 f900 r19673408 p500
 312460625=58688082+153405052+113466745 i107576828 u250266901 u0 t15.009
2274335 2070000 98 4 w112597 r772285 m806105 f925 r22369524 p500
 314006102=58979073+154169481+114021856 i108114816 u251500275 u0 t15.126
2285238 2080000 98 4 w129683 r904735 m943569 f950 r25223839 p500
 315479750=59257780+154893633+114554722 i108627450 u252676376 u0 t14.62
2296195 2090000 98 4 w146680 r1044982 m1087836 f976 r27849793 p500
 317001731=59547159+155648315+115097236 i109157619 u253891232 u0 t15.333
2307093 2100000 98 4 w165776 r1193388 m1240419 f1007 r30488154 p500
 318548773=59841584+156419314+115645200 i109696875 u255127047 u0 t16.668
2317991 2110000 98 4 w184039 r1343749 m1395102 f1036 r33115273 p500
 320065299=60129115+157167613+116190533 i110222596 u256339729 u0 t17.433
2328915 2120000 98 4 w203841 r1494881 m1550277 f1068 r35712482 p500
 321540215=60409483+157900375+116714922 i110737499 u257516288 u0 t17.477
2339889 2130000 98 4 w226861 r1656268 m1716077 f1106 r38448068 p500
 323065261=60697601+158658425+117258231 i111272309 u258730551 u0 t22.828
2350849 2140000 98 4 w250661 r1819683 m1883710 f1147 r41171297 p500
 324569265=60981044+159406540+117794063 i111797595 u259929805 u0 t28.491
2361818 2150000 98 4 w271319 r1982475 m2050132 f1182 r43709942 p500
 326046152=61261071+160142425+118317701 i112315593 u261106440 u0 t27.36
2372703 2160000 98 4 w296275 r2152713 m2224235 f1225 r46396165 p500
 327582184=61550055+160900281+118871918 i112848976 u262332839 u0 t28.402
2383611 2170000 98 4 w325148 r2319476 m2395378 f1275 r49184962 p500
 329020922=61822909+161615512+119384118 i113349907 u263482184 u0 t26.798
2394538 2180000 98 4 w349575 r2486417 m2565689 f1318 r51643501 p500
 330471629=62098696+162341500+119894759 i113859523 u264637676 u0 t27.402
2405448 2190000 98 4 w373801 r2668172 m2751057 f1360 r54267999 p500
 332047271=62396170+163128686+120452538 i114412707 u265892017 u0 t30.824
2416385 2200000 98 4 w408462 r2852074 m2939312 f1422 r57120475 p500
 333572666=62685021+163886371+120996688 i114945241 u267108610 u0 t22.133
2427291 2210000 98 4 w436797 r3029815 m3120862 f1473 r59720471 p500
 335055143=62966104+164620723+121527322 i115460461 u268293115 u0 t17.62
2438224 2220000 98 4 w461488 r3208191 m3302398 f1516 r62124640 p500
 336562217=63251798+165373345+122060337 i115987800 u269494796 u0 t14.704
2449156 2230000 98 4 w498350 r3400598 m3499494 f1581 r64997263 p500
 338098459=63544180+166137065+122607027 i116520012 u270724355 u0 t13.776
2460085 2240000 98 4 w540222 r3602554 m3706524 f1655 r68051520 p500
 339674646=63843459+166921569+123166520 i117072980 u271978930 u0 t12.757
2471031 2250000 98 4 w571471 r3804609 m3912440 f1711 r70763199 p500
 341328210=64154312+167736404+123763454 i117652995 u273293080 u0 t12.767
2481891 2260000 98 4 w606359 r4003418 m4115329 f1776 r73451064 p500
 342920083=64455059+168519044+124339183 i118204396 u274564955 u0 t11.417
2492839 2270000 98 4 w648169 r4210565 m4326907 f1854 r76307109 p500
 344524921=64756129+169308970+124920281 i118764876 u275843238 u0 t11.294
2503770 2280000 98 4 w686072 r4420591 m4541181 f1924 r79117989 p500
 346165162=65065474+170120749+125508601 i119340782 u277147229 u0 t12.046
2514685 2290000 98 4 w728894 r4634267 m4759598 f2003 r82073954 p500
 347777848=65367627+170914357+126092662 i119900858 u278434832 u0 t10.998
2525687 2300000 98 4 w779812 r4857145 m4987301 f2100 r85144420 p500
 349430545=65676532+171726819+126692637 i120474205 u279753620 u0 t11.252
2536614 2310000 98 4 w818331 r5071799 m5205850 f2174 r87888264 p500
 351071451=65982635+172534843+127287328 i121047619 u281059601 u0 t12.081
2547690 2320000 98 4 w863222 r5300840 m5438975 f2259 r90798584 p500
 352775778=66300992+173374078+127904909 i121648357 u282410414 u0 t12.246
2558712 2330000 98 4 w913278 r5530683 m5673121 f2354 r93778618 p500
 354479316=66619346+174214406+128520914 i122246111 u283763652 u0 t12.776
2569709 2340000 98 4 w961933 r5758364 m5905662 f2448 r96809506 p500
 356119805=66929028+175032721+129102647 i122821329 u285070273 u0 t11.737
2580699 2350000 98 4 w1021666 r6005338 m6157512 f2564 r100050861 p500
 357866964=67253211+175889572+129740727 i123431006 u286460887 u0 t13.075
2591715 2360000 98 4 w1060860 r6228900 m6384247 f2643 r102641506 p500
 359567786=67570318+176725970+130359040 i124028175 u287811129 u0 t13.584
2602831 2370000 98 4 w1125124 r6485368 m6645874 f2770 r105983611 p500
 361333792=67899238+177596044+130999231 i124652281 u289209762 u0 t14.222
2613986 2380000 98 4 w1185353 r6740078 m6905578 f2887 r109285656 p500
 363142482=68230805+178475866+131670086 i125286108 u290644437 u0 t15.878
2624949 2390000 98 4 w1230797 r6984599 m7153643 f2979 r112157892 p500
 364958236=68564734+179361240+132340258 i125927668 u292079873 u0 t14.549
2635909 2400000 98 4 w1301229 r7253716 m7428204 f3114 r115621477 p500
 366793730=68902583+180257977+133015980 i126575209 u293531794 u0 t16.439
2646913 2410000 98 4 w1363976 r7506888 m7685786 f3244 r118742727 p500
 368547145=69226359+181113701+133662091 i127194800 u294917781 u0 t14.869
2657884 2420000 98 4 w1418012 r7750403 m7933441 f3352 r121696688 p500
 370250731=69543017+181948977+134283765 i127790006 u296272574 u0 t14.932
2668918 2430000 98 4 w1476819 r7994426 m8181710 f3471 r124678609 p500
 371945322=69856853+182774867+134907311 i128385594 u297615368 u0 t14.783
2679809 2440000 98 4 w1539726 r8239443 m8431135 f3594 r127670846 p500
 373593581=70165485+183587194+135502806 i128975695 u298912983 u0 t14.067
2690746 2450000 98 4 w1600184 r8488456 m8684382 f3713 r130656577 p500
 375264720=70476389+184414187+136105353 i129566947 u300235865 u0 t12.212
2701594 2460000 98 4 w1663503 r8749143 m8949453 f3841 r133736133 p500
 377026930=70804693+185280946+136745108 i130190162 u301630298 u0 t13.678
2712475 2470000 98 4 w1730482 r9009365 m9214213 f3975 r136800640 p500
 378737263=71123410+186129022+137359557 i130795837 u302984170 u0 t11.932
2723357 2480000 98 4 w1804356 r9276945 m9486591 f4121 r139996539 p500
 380487312=71448455+186993343+137992235 i131408238 u304376131 u0 t13.257
2734166 2490000 98 4 w1863766 r9530123 m9743691 f4238 r142899383 p500
 382198008=71767922+187837145+138610930 i132010351 u305733441 u0 t11.7
2745023 2500000 98 4 w1939531 r9800836 m10019079 f4391 r146046646 p500
 383959894=72094365+188705047+139250992 i132631967 u307129347 u0 t12.773
2755880 2510000 98 4 w2013341 r10071322 m10294250 f4541 r149213819 p500
 385703167=72418171+189565642+139881664 i133248902 u308508863 u0 t13.876
2766772 2520000 98 4 w2083188 r10341701 m10568831 f4683 r152234667 p500
 387463915=72744985+190431468+140522076 i133871230 u309902761 u0 t14.553
2777605 2530000 98 4 w2148103 r10606428 m10837749 f4814 r155200755 p500
 389210228=73071109+191290840+141155266 i134481497 u311292286 u0 t17.285
2788466 2540000 98 4 w2234999 r10893935 m11130677 f4990 r158606778 p500
 390993909=73404998+192169507+141801285 i135107893 u312708085 u0 t14.787
2799329 2550000 98 4 w2312396 r11182502 m11423933 f5145 r161799327 p500
 392854420=73747077+193084037+142481169 i135762916 u314182081 u0 t15.546
2810193 2560000 98 4 w2381278 r11450854 m11696435 f5280 r164745056 p500
 394586159=74069903+193939379+143107037 i136377394 u315550842 u0 t12.793
cache requests:  164915188, Misses: 11713987, Flush#: 5292
File page count: 262144
File page count: 0
2821115 2570000 98 3 w7334 r0 m0 f348 r0 p20
 396373826=74400327+194815979+143761002 i137006358 u316967292 u0 t13.666
2832025 2580000 98 3 w14031 r0 m0 f666 r0 p20
 398201255=74740005+195716688+144423938 i137653293 u318412852 u0 t13.698
2842894 2590000 98 3 w20146 r10036 m13505 f786 r1333639 p500
 399960847=75065977+196579438+145067417 i138274666 u319805558 u0 t14.059
2853742 2600000 98 3 w30476 r63556 m72606 f799 r3618063 p500
 401811606=75407228+197492340+145739755 i138926435 u321272592 u0 t17.361
2864632 2610000 98 4 w42416 r149544 m163043 f816 r7054830 p500
 403667938=75750164+198409676+146411796 i139576020 u322748527 u0 t14.898
2875503 2620000 98 4 w52327 r250613 m267192 f831 r10009492 p500
 405501159=76090970+199311905+147078261 i140221949 u324201633 u0 t16.235
2886360 2630000 98 4 w64941 r365963 m386848 f850 r13312116 p500
 407318366=76428575+200209412+147736224 i140860221 u325644721 u0 t17.907
2897239 2640000 98 4 w82631 r495957 m521299 f878 r16540591 p500
 409133056=76766400+201102310+148395416 i141498645 u327083560 u0 t18.065
2908079 2650000 98 4 w99445 r641281 m671510 f904 r19765396 p500
 410998864=77114173+202021245+149071755 i142152762 u328565743 u0 t19.353
2919336 2660000 98 4 w117364 r794040 m829288 f932 r22957973 p500
 412865067=77458530+202937687+149753768 i142794807 u330059153 u0 t19.949
2930193 2670000 98 4 w136395 r961289 m1001750 f962 r26191377 p500
 414758000=77807457+203871475+150441568 i143456234 u331564582 u0 t21.696
2941058 2680000 98 4 w158944 r1130916 m1176474 f999 r29355186 p500
 416562270=78141599+204760078+151096999 i144094055 u332992188 u0 t21.835
2951948 2690000 98 4 w183070 r1311118 m1362462 f1038 r32698156 p500
 418394539=78482055+205663983+151760388 i144735110 u334449260 u0 t21.285
2962792 2700000 98 4 w204541 r1490631 m1546308 f1074 r35647512 p500
 420187217=78815080+206550893+152407352 i145367204 u335870412 u0 t21.406
2973731 2710000 98 4 w234648 r1676921 m1737660 f1124 r38828528 p500
 421964419=79147440+207422080+153055183 i145986517 u337285077 u0 t21.982
2984605 2720000 98 4 w261250 r1866276 m1931861 f1169 r41948362 p500
 423762143=79480123+208299524+153716869 i146607291 u338720262 u0 t22.79
2995574 2730000 98 4 w288424 r2058995 m2129167 f1215 r45018286 p500
 425541752=79809041+209170703+154369161 i147229037 u340134188 u0 t24.848
3006468 2740000 98 4 w320637 r2263655 m2338643 f1271 r48248307 p500
 427360531=80145047+210063377+155033656 i147867664 u341576135 u0 t25.361
3017345 2750000 98 4 w350739 r2462857 m2541973 f1324 r51253734 p500
 429112438=80471442+210929417+155665367 i148485289 u342965188 u0 t24.111
3028291 2760000 98 4 w377815 r2660198 m2742986 f1371 r54027721 p500
 430853600=80794047+211779719+156304369 i149098286 u344343852 u0 t24.351
3039192 2770000 98 4 w415542 r2862266 m2950493 f1438 r57253655 p500
 432538433=81107781+212604136+156920876 i149685329 u345684421 u0 t24.138
3050078 2780000 98 4 w450214 r3064685 m3157549 f1500 r60283545 p500
 434247249=81429025+213437678+157545321 i150280601 u347044025 u0 t24.736
3060975 2790000 98 4 w484585 r3274313 m3371270 f1561 r63158639 p500
 436026687=81761299+214309122+158194388 i150895048 u348465305 u0 t26.332
3071909 2800000 98 4 w528039 r3484362 m3586571 f1639 r66329769 p500
 437724194=82079126+215137529+158816081 i151483399 u349818778 u0 t25.679
3082762 2810000 98 4 w563728 r3699485 m3806047 f1705 r69263322 p500
 439502070=82407514+216004291+159471622 i152107813 u351227383 u0 t26.905
3093667 2820000 98 4 w601709 r3915889 m4026956 f1773 r72250759 p500
 441252447=82734822+216859879+160111709 i152718037 u352619282 u0 t27.359
3104606 2830000 98 4 w648780 r4139495 m4255642 f1859 r75358566 p500
 443006855=83060933+217716616+160755174 i153331382 u354013067 u0 t28.015
3115556 2840000 98 4 w686919 r4352623 m4473084 f1931 r78237636 p500
 444688453=83372727+218538465+161372214 i153917342 u355350987 u0 t27.48
3126447 2850000 98 4 w731253 r4570860 m4695924 f2013 r81143852 p500
 446373538=83687019+219365881+161985462 i154506015 u356691335 u0 t28.038
3137354 2860000 98 4 w773679 r4789318 m4918638 f2093 r84000705 p500
 448084382=84007354+220203011+162608609 i155099807 u358055104 u0 t28.532
3148306 2870000 98 4 w814087 r4999985 m5133210 f2170 r86701108 p500
 449709118=84311139+221001355+163198770 i155668136 u359347180 u0 t28.47
3159170 2880000 98 4 w863120 r5223650 m5361849 f2262 r89764822 p500
 451351854=84617903+221801995+163801968 i156239223 u360655486 u0 t29.377
3170031 2890000 98 4 w914553 r5447369 m5590043 f2360 r92724857 p500
 453013464=84929197+222613409+164410018 i156816136 u361980072 u0 t30.43
3180938 2900000 98 4 w958108 r5665725 m5811969 f2446 r95394398 p500
 454661653=85237772+223419310+165012214 i157390956 u363291597 u0 t30.546
3191816 2910000 98 4 w1002144 r5889530 m6039739 f2531 r98154717 p500
 456350563=85550943+224239007+165637719 i157973876 u364639954 u0 t32.324
3202736 2920000 98 4 w1061345 r6128728 m6283577 f2646 r101271457 p500
 458067153=85872724+225081730+166261300 i158574438 u366004322 u0 t34.621
3213588 2930000 98 4 w1118271 r6367248 m6526751 f2757 r104355182 p500
 459765373=86191151+225911223+166882755 i159169733 u367351777 u0 t34.146
3224450 2940000 98 4 w1157937 r6589969 m6752370 f2835 r106887217 p500
 461458928=86506008+226744045+167499049 i159767509 u368692393 u0 t34.414
3235384 2950000 98 4 w1209605 r6821569 m6987914 f2935 r109697954 p500
 463116197=86815084+227563971+168096135 i160349800 u370008879 u0 t64.495
3246267 2960000 98 4 w1275466 r7074795 m7246292 f3065 r112993721 p500
 464858572=87140340+228419116+168730513 i160959111 u371394066 u0 t38.017
3257218 2970000 98 4 w1334123 r7323161 m7499330 f3181 r116072589 p500
 466613043=87466184+229282063+169368886 i161572515 u372788797 u0 t38.936
3268155 2980000 98 4 w1390272 r7558270 m7738477 f3291 r118881876 p500
 468268345=87775613+230093740+169972355 i162151638 u374104204 u0 t37.094
3278993 2990000 98 4 w1449942 r7802526 m7986965 f3407 r121813261 p500
 469969684=88091505+230926035+170595793 i162743611 u375459156 u0 t37.747
3289873 3000000 98 4 w1507269 r8033696 m8222344 f3518 r124597219 p500
 471569939=88391935+231705535+171183319 i163296576 u376737625 u0 t35.162
3300770 3010000 98 4 w1564211 r8272487 m8465022 f3633 r127345919 p500
 473233215=88702596+232525378+171785521 i163880995 u378058530 u0 t37.191
3311716 3020000 98 4 w1625052 r8513511 m8710026 f3759 r130151499 p500
 474884673=89011900+233343665+172378752 i164465354 u379365967 u0 t37.106
3322684 3030000 98 4 w1682575 r8753983 m8954690 f3873 r133011167 p500
 476508143=89314093+234142220+172968462 i165040071 u380650101 u0 t36.906
3333558 3040000 98 4 w1752402 r9003521 m9208825 f4015 r135979720 p500
 478143335=89618542+234943975+173565204 i165612085 u381950197 u0 t38.232
3344467 3050000 98 4 w1815219 r9242953 m9452276 f4141 r138775841 p500
 479740706=89918379+235729816+174143805 i166171931 u383219973 u0 t37.9
3355390 3060000 98 4 w1878083 r9491208 m9704609 f4269 r141581737 p500
 481413555=90230618+236550325+174753668 i166756881 u384550172 u0 t39.204
3366284 3070000 98 4 w1939944 r9729749 m9947223 f4395 r144312401 p500
 482988929=90526554+237328752+175320731 i167310285 u385801578 u0 t39.249
3377177 3080000 98 4 w1999367 r9966875 m10188090 f4514 r146947199 p500
 484606376=90828035+238120584+175912411 i167877470 u387084855 u0 t38.684
3388055 3090000 98 4 w2065374 r10208065 m10433596 f4648 r149737875 p500
 486152437=91119662+238885760+176466925 i168421680 u388312564 u0 t37.41
3398880 3100000 98 4 w2129572 r10443789 m10673202 f4777 r152377434 p500
 487684732=91409424+239647787+177012078 i168963415 u389527717 u0 t38.298
Total lines processed: 3100484
Block Count:1, 255
Avg Block Count:650086
Avg Max Count:0, 10140, 98
Block Count:2001, 243990
Avg Block Count:100
Avg Max Count:186, 146, 71
Block Count:192, 30972
Avg Block Count:127
Avg Max Count:239, 188, 98
Level Count:2
Level Count:4
Level Count:3
3475315 4
1875029 4
Max word len: 98
Total words generated: 487762223
Words inserted 168990649
Words updated: 389589142
cache requests:  0, Misses: 0, Flush#: 12
cache requests:  152520887, Misses: 10685423, Flush#: 4781
cache requests:  353836595, Misses: 42706482, Flush#: 5911
cache requests:  348555474, Misses: 61680689, Flush#: 0
cache requests:  223011573, Misses: 41774761, Flush#: 0
cache requests:  137384946, Misses: 26608989, Flush#: 0
cache requests:  63607960, Misses: 12501925, Flush#: 0
OUBLK INBLK
    -     -
43697410048
1984237568
