14:36:03 ~/git/Text_frequency_research % ./a.out RC_2013-04.zst 40000 4096 test
Csz: 40000, pgsz: 4096
File page count: 0
File page count: 0
10988 10000 60 1 w0 r0 m0 f0 r0 p20
 1502009=280567+736357+547318 i721658 u998423 u0 t2.127
22023 20000 60 1 w0 r0 m0 f0 r0 p20
 2970299=556558+1459020+1077812 i1299209 u2102895 u0 t2.175
33024 30000 60 1 w0 r0 m0 f0 r0 p20
 4455591=837142+2190955+1612898 i1852391 u3251575 u0 t2.266
44043 40000 66 1 w0 r0 m0 f0 r0 p20
 6021768=1126498+2950354+2194339 i2403108 u4491603 u0 t2.418
55121 50000 66 1 w0 r0 m0 f0 r0 p20
 7457432=1399039+3657323+2711810 i2899495 u5640597 u0 t2.274
66115 60000 66 1 w0 r0 m0 f0 r0 p20
 8882525=1666288+4349737+3237298 i3372066 u6798479 u0 t2.351
77117 70000 66 1 w0 r0 m0 f0 r0 p20
 10323681=1938542+5063745+3753209 i3851018 u7971772 u0 t2.373
88102 80000 66 1 w0 r0 m0 f0 r0 p20
 11702242=2200826+5741136+4250267 i4299728 u9103082 u0 t2.345
99095 90000 66 1 w0 r0 m0 f0 r0 p20
 13139065=2468368+6445510+4774403 i4761616 u10286594 u0 t2.362
110113 100000 66 1 w0 r0 m0 f0 r0 p20
 14570300=2739305+7152735+5287868 i5211290 u11477401 u0 t2.358
121109 110000 66 1 w0 r0 m0 f0 r0 p20
 15981984=3006512+7851613+5792984 i5655730 u12651059 u0 t2.357
132028 120000 66 1 w0 r0 m0 f0 r0 p20
 17532484=3286822+8590277+6386159 i6106532 u13969042 u0 t2.513
142990 130000 66 1 w0 r0 m0 f0 r0 p20
 18986448=3562710+9311119+6905248 i6548879 u15193514 u0 t2.458
153925 140000 66 1 w0 r0 m0 f0 r0 p20
 20474477=3841729+10051396+7435263 i6999138 u16448960 u0 t2.507
164855 150000 66 1 w0 r0 m0 f0 r0 p20
 21982251=4126056+10796461+7976893 i7453888 u17721979 u0 t2.566
175812 160000 66 1 w0 r0 m0 f0 r0 p20
 23584909=4417148+11560934+8588302 i7914229 u19089936 u0 t2.683
186797 170000 66 1 w0 r0 m0 f0 r0 p20
 25060643=4694278+12291216+9118384 i8355287 u20340529 u0 t2.553
197847 180000 66 1 w0 r0 m0 f0 r0 p20
 26594805=4977567+13035840+9687961 i8800877 u21648837 u0 t2.833
208776 190000 66 1 w0 r0 m0 f0 r0 p20
 28107430=5261667+13783743+10232285 i9242517 u22940730 u0 t2.612
219728 200000 66 1 w0 r0 m0 f0 r0 p20
 29612928=5546285+14529981+10770299 i9679782 u24229836 u0 t2.612
230584 210000 66 1 w0 r0 m0 f0 r0 p20
 31176719=5839236+15302598+11333221 i10127173 u25573869 u0 t2.679
241548 220000 66 1 w0 r0 m0 f0 r0 p20
 32683216=6122373+16045650+11876729 i10560684 u26866454 u0 t2.617
252514 230000 66 1 w0 r0 m0 f0 r0 p20
 34281333=6415992+16823378+12467909 i11011552 u28242800 u0 t2.723
263483 240000 66 1 w0 r0 m0 f0 r0 p20
 35779645=6698842+17564571+13004988 i11440130 u29531609 u0 t2.642
274496 250000 66 1 w0 r0 m0 f0 r0 p20
 37310768=6986369+18323484+13553505 i11876637 u30849728 u0 t2.702
285461 260000 66 1 w0 r0 m0 f0 r0 p20
 38803050=7268863+19066410+14083606 i12299706 u32138130 u0 t2.632
296415 270000 66 1 w0 r0 m0 f0 r0 p20
 40291659=7548931+19800727+14620226 i12719613 u33423837 u0 t2.627
307437 280000 66 1 w0 r0 m0 f0 r0 p20
 41798389=7832680+20548382+15159093 i13142021 u34728687 u0 t2.653
318462 290000 66 1 w0 r0 m0 f0 r0 p20
 43400957=8135339+21341253+15733409 i13591130 u36116207 u0 t2.832
329483 300000 66 1 w0 r0 m0 f0 r0 p20
 45028066=8442234+22155263+16308545 i14053071 u37520933 u0 t3.176
340525 310000 66 1 w0 r0 m0 f0 r0 p20
 46615497=8738046+22934138+16886727 i14489502 u38901707 u0 t2.77
351480 320000 94 1 w0 r0 m0 f0 r0 p20
 48198443=9038935+23721499+17447383 i14924282 u40281193 u0 t2.792
362496 330000 94 1 w0 r0 m0 f0 r0 p20
 49733443=9330284+24482692+17993474 i15348081 u41617140 u0 t2.728
373551 340000 94 1 w0 r0 m0 f0 r0 p20
 51290419=9626097+25253246+18550462 i15776820 u42973432 u0 t2.772
384689 350000 94 1 w0 r0 m0 f0 r0 p20
 52863840=9922129+26021395+19125405 i16211249 u44340452 u0 t2.799
395874 360000 94 1 w0 r0 m0 f0 r0 p20
 54481112=10221859+26805577+19724920 i16659775 u45741062 u0 t2.881
406862 370000 94 1 w0 r0 m0 f0 r0 p20
 56127736=10531055+27599843+20335875 i17111951 u47171666 u0 t2.925
417894 380000 94 1 w0 r0 m0 f0 r0 p20
 57710651=10827571+28373736+20913921 i17550057 u48545626 u0 t2.857
428912 390000 94 1 w0 r0 m0 f0 r0 p20
 59267667=11118998+29134387+21483671 i17976990 u49900769 u0 t2.777
439874 400000 94 1 w0 r0 m0 f0 r0 p20
 60798946=11403897+29878773+22048736 i18389876 u51239425 u0 t2.988
450859 410000 94 1 w0 r0 m0 f0 r0 p20
 62344800=11692810+30638301+22610559 i18812370 u52587238 u0 t2.764
461847 420000 94 1 w0 r0 m0 f0 r0 p20
 63844428=11974358+31373784+23155224 i19219105 u53897771 u0 t2.687
472807 430000 94 1 w0 r0 m0 f0 r0 p20
 65437777=12274970+32155539+23733013 i19647656 u55293927 u0 t2.833
483790 440000 94 1 w0 r0 m0 f0 r0 p20
 67045764=12575174+32948774+24314526 i20083482 u56700286 u0 t2.863
494708 450000 94 1 w0 r0 m0 f0 r0 p20
 68699469=12883619+33764275+24912528 i20527362 u58150463 u0 t2.947
505590 460000 94 1 w0 r0 m0 f0 r0 p20
 70351529=13192036+34579703+25508938 i20970523 u59600203 u0 t2.954
516566 470000 94 1 w0 r0 m0 f0 r0 p20
 71990799=13497983+35383004+26106827 i21405996 u61040705 u0 t2.934
527520 480000 94 1 w0 r0 m0 f0 r0 p20
 73645396=13806248+36198720+26705962 i21848376 u62493068 u0 t2.953
538466 490000 94 1 w0 r0 m0 f0 r0 p20
 75322033=14118226+37019796+27319558 i22291188 u63969028 u0 t2.985
549399 500000 94 1 w0 r0 m0 f0 r0 p20
 77023422=14443739+37852951+27939450 i22739703 u65468194 u0 t3.165
560288 510000 94 1 w0 r0 m0 f0 r0 p20
 78683776=14754211+38673947+28537977 i23175064 u66935025 u0 t2.98
571192 520000 94 1 w0 r0 m0 f0 r0 p20
 80352709=15063905+39495351+29144441 i23615128 u68405654 u0 t3.005
582148 530000 94 1 w0 r0 m0 f0 r0 p20
 82036333=15378372+40322769+29756564 i24055888 u69892908 u0 t3.025
593039 540000 94 1 w0 r0 m0 f0 r0 p20
 83771287=15699382+41171815+30392889 i24502006 u71431908 u0 t3.118
604123 550000 94 1 w0 r0 m0 f0 r0 p20
 85292838=15985696+41911091+30952924 i24892720 u72782473 u0 t2.734
615220 560000 94 1 w0 r0 m0 f0 r0 p20
 86578403=16228956+42541143+31420367 i25220399 u73927546 u0 t2.359
626410 570000 94 1 w0 r0 m0 f0 r0 p20
 87844098=16466215+43152805+31889824 i25539738 u75056108 u0 t2.307
637646 580000 94 1 w0 r0 m0 f0 r0 p20
 89076807=16700413+43755344+32338700 i25850241 u76157723 u0 t2.259
648847 590000 94 1 w0 r0 m0 f0 r0 p20
 90374027=16941574+44376422+32827113 i26161947 u77327730 u0 t2.339
660023 600000 94 1 w0 r0 m0 f0 r0 p20
 91532379=17161983+44938682+33251930 i26450887 u78365280 u0 t2.154
671169 610000 94 1 w0 r0 m0 f0 r0 p20
 92677878=17380618+45496976+33670548 i26735778 u79392558 u0 t2.136
682330 620000 94 1 w0 r0 m0 f0 r0 p20
 93822074=17600425+46050280+34090643 i27017520 u80420631 u0 t2.314
693457 630000 94 1 w0 r0 m0 f0 r0 p20
 95055694=17831544+46649550+34545328 i27315747 u81533922 u0 t2.389
704731 640000 94 1 w0 r0 m0 f0 r0 p20
 96294484=18063003+47246521+35007530 i27615784 u82650366 u0 t2.301
715916 650000 94 1 w0 r0 m0 f0 r0 p20
 97439917=18281492+47802828+35427033 i27896441 u83681722 u0 t2.155
727122 660000 94 1 w0 r0 m0 f0 r0 p20
 98670865=18515586+48399959+35879324 i28194440 u84793013 u0 t2.3
738273 670000 94 1 w0 r0 m0 f0 r0 p20
 99875738=18744879+48985343+36321340 i28486522 u85881210 u0 t2.255
749495 680000 94 1 w0 r0 m0 f0 r0 p20
 101042378=18969139+49551143+36748333 i28765998 u86938411 u0 t2.185
760693 690000 94 1 w0 r0 m0 f0 r0 p20
 102254975=19199662+50136770+37196451 i29060521 u88031812 u0 t2.271
771972 700000 94 1 w0 r0 m0 f0 r0 p20
 103465715=19428892+50723315+37642782 i29355703 u89122851 u0 t2.598
783287 710000 94 1 w0 r0 m0 f0 r0 p20
 104639895=19653350+51296043+38070528 i29640443 u90183398 u0 t2.243
794503 720000 94 1 w0 r0 m0 f0 r0 p20
 105795632=19874772+51860524+38490371 i29922001 u91226232 u0 t2.221
805629 730000 94 1 w0 r0 m0 f0 r0 p20
 107012874=20104345+52440052+38949648 i30215346 u92323883 u0 t2.28
816809 740000 94 1 w0 r0 m0 f0 r0 p20
 108170745=20322040+52988329+39390320 i30489380 u93371623 u0 t2.151
827890 750000 94 1 w0 r0 m0 f0 r0 p20
 109346018=20541989+53535547+39846971 i30760167 u94440656 u0 t2.312
839058 760000 94 1 w0 r0 m0 f0 r0 p20
 110457269=20754203+54068761+40260177 i31020988 u95451353 u0 t2.106
850231 770000 94 1 w0 r0 m0 f0 r0 p20
 111644525=20977813+54640699+40701563 i31303300 u96526944 u0 t2.238
861324 780000 94 1 w0 r0 m0 f0 r0 p20
 112756707=21190675+55177904+41111664 i31571149 u97532363 u0 t2.128
872344 790000 94 1 w0 r0 m0 f0 r0 p20
 113901225=21409742+55727856+41536162 i31839785 u98573835 u0 t2.173
883522 800000 94 3 w4752 r0 m0 f226 r0 p20
 115052441=21630278+56283615+41960824 i32110627 u99621038 u0 t2.522
894714 810000 94 3 w9919 r0 m0 f472 r0 p20
 116160178=21843396+56812897+42374924 i32374217 u100624789 u0 t2.56
905844 820000 94 3 w15191 r0 m0 f723 r0 p20
 117283218=22058020+57355645+42788958 i32639133 u101645389 u0 t2.621
916882 830000 94 3 w21472 r0 m0 f1022 r0 p20
 118549962=22298051+57962861+43262648 i32942881 u102789918 u0 t2.983
927964 840000 94 4 w27121 r0 m0 f1291 r0 p20
 119743931=22526808+58544733+43697160 i33234412 u103866656 u0 t2.882
939033 850000 94 4 w32541 r0 m0 f1549 r0 p20
 121004021=22765153+59154770+44162141 i33541799 u105001453 u0 t3.007
950128 860000 94 4 w38190 r0 m0 f1818 r0 p20
 122238906=23000262+59758465+44610477 i33845582 u106112442 u0 t2.99
961260 870000 94 4 w44452 r443 m4821 f1912 r2517011 p500
 123458240=23233305+60350981+45056192 i34143476 u107210799 u0 t3.244
972424 880000 94 4 w51086 r2799 m12990 f1924 r5954000 p500
 124673071=23464512+60935225+45507233 i34440320 u108303701 u0 t2.956
983571 890000 94 4 w57276 r7036 m22874 f1935 r9325702 p500
 125884339=23693919+61524697+45951038 i34739165 u109391496 u0 t2.971
994789 900000 94 4 w63904 r13072 m34950 f1947 r12815760 p500
 127057729=23916913+62089299+46386559 i35020436 u110452872 u0 t2.921
1005944 910000 94 4 w69366 r20957 m47948 f1957 r15907847 p500
 128303140=24152134+62684289+46852627 i35305836 u111591129 u0 t2.929
1017100 920000 94 4 w74767 r30001 m61634 f1967 r18767896 p500
 129430527=24368312+63227679+47268896 i35576605 u112611052 u0 t2.759
1028294 930000 94 4 w79582 r40027 m76264 f1976 r21593681 p500
 130528672=24578027+63757612+47674280 i35841024 u113603724 u0 t2.719
1039422 940000 94 4 w84352 r52286 m93298 f1985 r24521913 p500
 131687822=24798359+64320403+48099625 i36122434 u114649593 u0 t2.847
1050473 950000 94 4 w90130 r66163 m112451 f1996 r27677058 p500
 132854628=25020471+64887893+48525915 i36402255 u115705998 u0 t2.907
1061568 960000 94 4 w94871 r81513 m132466 f2005 r30547382 p500
 134043065=25250332+65467521+48956677 i36681522 u116789541 u0 t2.887
1072599 970000 94 4 w100670 r99628 m155730 f2016 r33713378 p500
 135291842=25485759+66067542+49422289 i36975521 u117923346 u0 t3.322
1083733 980000 94 4 w105393 r117225 m178006 f2025 r36542202 p500
 136399095=25701025+66611278+49818915 i37240154 u118928979 u0 t2.785
1094785 990000 94 4 w110136 r136479 m201876 f2034 r39371263 p500
 137519045=25917256+67155540+50227039 i37510045 u119942491 u0 t2.849
1105876 1000000 94 4 w114882 r158043 m227944 f2043 r42162450 p500
 138665708=26137694+67717784+50640858 i37787936 u120979650 u0 t2.88
1117034 1010000 94 4 w119584 r180401 m254950 f2052 r45006230 p500
 139787398=26354447+68264708+51048324 i38060780 u121992175 u0 t2.839
1128112 1020000 94 4 w124862 r204889 m284125 f2062 r47879245 p500
 140921786=26573667+68822755+51454803 i38338742 u123015640 u0 t2.992
1139060 1030000 94 4 w130128 r233716 m318173 f2072 r51101946 p500
 142169257=26814499+69435817+51902693 i38649528 u124135494 u0 t3.19
1150007 1040000 94 4 w135925 r267325 m357179 f2083 r54506457 p500
 143561524=27079997+70114418+52410409 i38995688 u125383537 u0 t3.478
1160894 1050000 94 4 w142252 r304505 m400312 f2095 r58209695 p500
 144998329=27351325+70820475+52930355 i39357729 u126667641 u0 t3.624
1171814 1060000 94 4 w148063 r342466 m444078 f2106 r61790981 p500
 146379091=27613814+71499763+53428044 i39705753 u127901947 u0 t3.545
1182789 1070000 94 4 w153892 r383051 m490187 f2117 r65248522 p500
 147771408=27879097+72187374+53926677 i40057343 u129146797 u0 t3.79
1193726 1080000 94 4 w160245 r424823 m537608 f2129 r68728459 p500
 149134062=28139226+72857138+54417545 i40399714 u130366223 u0 t3.517
1204582 1090000 94 4 w166089 r470631 m589089 f2140 r72285038 p500
 150558184=28410799+73563244+54924918 i40760069 u131639067 u0 t3.662
1215452 1100000 94 4 w171913 r517921 m642055 f2151 r75835624 p500
 152005108=28686815+74275924+55445124 i41119902 u132937225 u0 t3.699
1226363 1110000 94 4 w177771 r569962 m699419 f2162 r79266858 p500
 153500818=28969234+75014161+55983165 i41496278 u134275257 u0 t3.826
1237247 1120000 94 4 w183580 r621291 m756476 f2173 r82833106 p500
 154937431=29243148+75724625+56496700 i41853925 u135564672 u0 t3.699
1248176 1130000 94 4 w190468 r676355 m817680 f2186 r86618589 p500
 156402730=29522271+76447278+57022334 i42221828 u136876527 u0 t3.819
1259068 1140000 94 4 w196320 r733681 m880577 f2197 r90142307 p500
 157861125=29797984+77168674+57545261 i42591446 u138178501 u0 t3.787
1269968 1150000 94 4 w202683 r793428 m946268 f2209 r93839248 p500
 159329502=30076802+77900612+58066160 i42962610 u139491460 u0 t4.043
1280888 1160000 94 4 w208553 r855329 m1013931 f2220 r97449250 p500
 160787355=30353504+78624948+58585500 i43334485 u140791275 u0 t3.824
1291754 1170000 94 4 w214391 r919550 m1083777 f2231 r101023405 p500
 162257081=30632523+79353396+59110031 i43707678 u142103549 u0 t3.856
1302652 1180000 94 4 w220257 r985342 m1154929 f2242 r104486954 p500
 163740220=30914947+80088433+59638605 i44080319 u143432250 u0 t3.838
1313613 1190000 94 4 w226619 r1053486 m1229063 f2254 r108206220 p500
 165222360=31196414+80824289+60166997 i44455409 u144757028 u0 t3.925
1324596 1200000 94 4 w233003 r1123723 m1305298 f2266 r111953072 p500
 166705137=31477696+81562307+60693488 i44829467 u146083960 u0 t4.027
1335456 1210000 94 4 w239403 r1197459 m1384958 f2278 r115698150 p500
 168224630=31765450+82316176+61235826 i45215415 u147440406 u0 t4.009
1346441 1220000 94 4 w245300 r1274408 m1467723 f2289 r119361565 p500
 169783146=32059975+83084342+61797322 i45603933 u148837689 u0 t4.255
1357399 1230000 94 4 w251698 r1354209 m1553291 f2301 r123057792 p500
 171340122=32353046+83856368+62354085 i45995289 u150231091 u0 t4.077
1368385 1240000 94 4 w257890 r1438369 m1643449 f2313 r126847313 p500
 172947608=32655798+84649796+62933484 i46397862 u151670386 u0 t4.239
1379469 1250000 94 4 w264823 r1527157 m1738668 f2326 r130875138 p500
 174578353=32960714+85458237+63518396 i46811053 u153125784 u0 t4.3
1390543 1260000 94 4 w271770 r1617416 m1835289 f2339 r134877475 p500
 176216491=33265767+86260659+64117373 i47219921 u154591653 u0 t4.278
1401635 1270000 94 4 w278616 r1710237 m1934424 f2352 r138838171 p500
 177844395=33572063+87068311+64699569 i47632841 u156045027 u0 t4.313
1412662 1280000 94 4 w285044 r1804274 m2034733 f2364 r142754060 p500
 179448459=33876558+87868585+65267066 i48041120 u157477241 u0 t4.287
1423732 1290000 94 4 w291458 r1899252 m2135732 f2376 r146574115 p500
 181048813=34176734+88658077+65844466 i48447056 u158905161 u0 t4.393
1434749 1300000 94 4 w298395 r1999228 m2242182 f2389 r150647596 p500
 182708012=34486059+89473649+66447219 i48865968 u160386254 u0 t4.42
1445738 1310000 94 4 w305358 r2103564 m2353018 f2402 r154753039 p500
 184393702=34802514+90300279+67060581 i49296663 u161885819 u0 t4.467
1456743 1320000 94 4 w311772 r2209404 m2465102 f2414 r158714832 p500
 186070228=35117419+91124338+67668654 i49721927 u163380820 u0 t4.416
1467716 1330000 94 4 w320344 r2322798 m2586230 f2430 r163416415 p500
 187826313=35446439+91987570+68306198 i50165511 u164948276 u0 t4.714
1478847 1340000 94 4 w327842 r2438170 m2708542 f2444 r167735916 p500
 189576199=35770546+92843092+68948282 i50609683 u166506501 u0 t4.644
1489858 1350000 94 4 w334815 r2554729 m2831917 f2457 r172008318 p500
 191293701=36091273+93689714+69570361 i51049491 u168033951 u0 t4.624
1500812 1360000 94 4 w341801 r2668488 m2951880 f2470 r175954052 p500
 192945486=36397575+94496222+70177408 i51469835 u169504192 u0 t4.573
1511816 1370000 94 4 w348737 r2787204 m3077370 f2483 r180166343 p500
 194629032=36712328+95326971+70785491 i51897552 u171005408 u0 t4.648
1522795 1380000 94 4 w355200 r2904835 m3201038 f2495 r184053035 p500
 196261102=37016279+96132860+71375067 i52314872 u172457364 u0 t4.398
1533703 1390000 94 4 w363359 r3026590 m3330050 f2510 r188505358 p500
 197916575=37324591+96947275+71976454 i52741129 u173927004 u0 t4.55
1544569 1400000 94 4 w370462 r3149862 m3459999 f2523 r192702446 p500
 199559254=37633477+97759355+72566894 i53159135 u175391710 u0 t4.53
1555499 1410000 94 4 w378181 r3283499 m3600629 f2538 r197076561 p500
 201315489=37961627+98624605+73202702 i53605398 u176956625 u0 t4.785
1566395 1420000 94 4 w385912 r3418161 m3742291 f2552 r201461241 p500
 203040846=38283743+99480615+73821796 i54044385 u178494827 u0 t4.902
1577238 1430000 94 4 w394198 r3555584 m3887485 f2567 r206207234 p500
 204769952=38606558+100338547+74442475 i54484073 u180036201 u0 t4.833
1588118 1440000 98 4 w402725 r3695725 m4035111 f2583 r210833172 p500
 206501959=38930450+101195825+75064960 i54926870 u181577705 u0 t4.826
1598949 1450000 98 4 w411314 r3840824 m4188007 f2601 r215624216 p500
 208268953=39258962+102068645+75703589 i55375438 u183153129 u0 t4.941
1609797 1460000 98 4 w420200 r3989232 m4343956 f2618 r220348449 p500
 210044942=39588610+102945770+76346402 i55823437 u184738642 u0 t4.978
1620630 1470000 98 4 w429039 r4137682 m4500171 f2635 r225195482 p500
 211794580=39917932+103814704+76971466 i56264575 u186302553 u0 t4.945
1631477 1480000 98 4 w438038 r4288865 m4659031 f2651 r230009624 p500
 213544040=40245036+104679189+77602217 i56707865 u187862944 u0 t5.172
1642373 1490000 98 4 w447255 r4446704 m4824502 f2667 r235048550 p500
 215341277=40581294+105569208+78248295 i57160186 u189469680 u0 t5.06
1653233 1500000 98 4 w457593 r4607213 m4993119 f2686 r240263211 p500
 217140856=40916400+106459891+78897100 i57613015 u191078411 u0 t5.144
1664130 1510000 98 4 w466653 r4767593 m5160534 f2703 r245133777 p500
 218918858=41246818+107335188+79542975 i58057544 u192669395 u0 t4.995
1675034 1520000 98 4 w476865 r4931247 m5331694 f2721 r250290495 p500
 220707779=41578831+108217124+80191729 i58505526 u194269804 u0 t5.123
1685958 1530000 98 4 w488239 r5100954 m5509561 f2747 r255848679 p500
 222527075=41916353+109112653+80853011 i58962005 u195896363 u0 t5.352
1696847 1540000 98 4 w499627 r5269707 m5686112 f2769 r261362684 p500
 224315173=42247472+109988212+81508045 i59410859 u197493431 u0 t5.403
1707676 1550000 98 4 w511937 r5446285 m5870996 f2795 r267226659 p500
 226145545=42585443+110889061+82174588 i59873098 u199126121 u0 t5.352
1718573 1560000 98 4 w523534 r5623564 m6056020 f2820 r272806021 p500
 227977330=42923423+111787999+82844853 i60332927 u200761894 u0 t5.313
1729487 1570000 98 4 w535208 r5797668 m6237553 f2851 r278339409 p500
 229753610=43251319+112659502+83494699 i60777347 u202350195 u0 t5.18
1740347 1580000 98 4 w547862 r5975318 m6422791 f2874 r284054891 p500
 231553099=43584045+113540125+84154532 i61227400 u203959107 u0 t5.296
1751207 1590000 98 4 w560307 r6158744 m6613491 f2899 r289682859 p500
 233379935=43922519+114439161+84819331 i61686056 u205591181 u0 t5.373
1762023 1600000 98 4 w571540 r6338912 m6800186 f2926 r294957357 p500
 235155838=44253360+115316780+85460368 i62132852 u207178299 u0 t5.57
1772878 1610000 98 4 w583337 r6519741 m6987488 f2956 r300276360 p500
 236929765=44581601+116184385+86111450 i62578046 u208763042 u0 t5.177
1783723 1620000 98 4 w595182 r6701437 m7176003 f2982 r305733171 p500
 238688802=44908359+117054935+86745914 i63020667 u210334962 u0 t5.178
1794607 1630000 98 4 w605790 r6886133 m7366805 f3010 r310827547 p500
 240464474=45236721+117925167+87395625 i63468921 u211918187 u0 t5.152
1805498 1640000 98 4 w616613 r7073431 m7559660 f3037 r315778631 p500
 242254148=45568299+118810419+88042812 i63919563 u213517108 u0 t5.154
1816421 1650000 98 4 w627338 r7263080 m7754783 f3064 r320770838 p500
 244050460=45899875+119697682+88694294 i64375027 u215118099 u0 t5.217
1827273 1660000 98 4 w637211 r7452039 m7948495 f3094 r325324870 p500
 245854594=46234182+120581771+89354317 i64829329 u216728181 u0 t5.99
1838160 1670000 98 4 w646407 r7642732 m8144198 f3123 r329993887 p500
 247658499=46569016+121468086+90011461 i65285851 u218336310 u0 t5.139
1849005 1680000 98 4 w655043 r7829950 m8335516 f3150 r334301170 p500
 249430273=46895841+122335533+90661287 i65730243 u219919401 u0 t5.267
1859879 1690000 98 4 w663802 r8011970 m8521207 f3184 r338270981 p500
 251131274=47212314+123178813+91272930 i66160088 u221438371 u0 t4.927
1870739 1700000 98 4 w672232 r8200426 m8713310 f3210 r342243111 p500
 252891040=47539368+124052324+91905243 i66603155 u223011408 u0 t4.943
1881698 1710000 98 4 w680028 r8381199 m8897283 f3240 r345960931 p500
 254580506=47855131+124886720+92515238 i67026789 u224523109 u0 t5.075
1892578 1720000 98 4 w687800 r8564644 m9084054 f3261 r349799435 p500
 256293641=48175629+125733252+93133032 i67454890 u226057831 u0 t4.922
1903425 1730000 98 4 w695503 r8751346 m9273755 f3282 r353534060 p500
 258022910=48497010+126587322+93759134 i67889148 u227604453 u0 t4.85
1914319 1740000 98 4 w702897 r8943016 m9468440 f3302 r357356659 p500
 259815204=48830591+127465985+94414633 i68337823 u229206754 u0 t4.979
1925121 1750000 98 4 w710011 r9129514 m9657358 f3324 r360859832 p500
 261541343=49152780+128320704+95035874 i68772302 u230750202 u0 t4.798
1936035 1760000 98 4 w717735 r9323216 m9853642 f3348 r364558302 p500
 263330388=49486166+129206644+95680319 i69224877 u232347154 u0 t4.986
1946942 1770000 98 4 w724138 r9506189 m10038721 f3365 r367815435 p500
 265050277=49805913+130048834+96309100 i69648239 u233892192 u0 t5.085
1957829 1780000 98 4 w730253 r9689774 m10224265 f3393 r370895048 p500
 266753294=50124837+130892409+96920924 i70074750 u235417500 u0 t4.682
1968722 1790000 98 4 w736836 r9877993 m10414474 f3417 r374120798 p500
 268493543=50448738+131746780+97555153 i70510798 u236973763 u0 t4.771
1979581 1800000 98 4 w742517 r10058059 m10596291 f3441 r377185434 p500
 270164279=50760784+132567358+98163030 i70930558 u238466845 u0 t4.582
1990482 1810000 98 4 w747878 r10236443 m10776326 f3461 r380125538 p500
 271830243=51072078+133383609+98770954 i71343834 u239960855 u0 t4.626
2001382 1820000 98 4 w753767 r10415612 m10956985 f3488 r383051163 p500
 273492860=51381901+134197434+99378988 i71760818 u241447027 u0 t4.544
2012247 1830000 98 4 w759885 r10597745 m11140888 f3511 r386248545 p500
 275187109=51698828+135031055+99993694 i72181869 u242966136 u0 t4.648
2023129 1840000 98 4 w765269 r10777397 m11321838 f3530 r388947952 p500
 276861592=52011531+135854419+100601948 i72597992 u244467223 u0 t4.626
2034053 1850000 98 4 w770959 r10963649 m11509716 f3548 r391974877 p500
 278586075=52334285+136703614+101226344 i73026985 u246013294 u0 t4.819
2044917 1860000 98 4 w777093 r11143082 m11690732 f3574 r394946297 p500
 280251213=52646493+137526857+101825999 i73439038 u247509149 u0 t4.574
2055814 1870000 98 4 w781872 r11325292 m11874213 f3592 r397712451 p500
 281924739=52958787+138352252+102431693 i73863529 u249001470 u0 t4.574
2066728 1880000 98 4 w786840 r11503983 m12054139 f3606 r400347694 p500
 283579249=53268198+139169715+103028499 i74275637 u250484664 u0 t4.617
2077660 1890000 98 4 w790885 r11682485 m12233752 f3620 r402909615 p500
 285237033=53579291+139988643+103625276 i74686925 u251972468 u0 t4.517
2088614 1900000 98 4 w796409 r11862711 m12415280 f3643 r405653772 p500
 286912644=53892334+140810185+104236342 i75102426 u253474742 u0 t4.771
2099586 1910000 98 4 w801246 r12045501 m12599271 f3661 r408331487 p500
 288616232=54209092+141647327+104856773 i75522438 u255005081 u0 t4.631
2110524 1920000 98 4 w806774 r12221580 m12776643 f3683 r411087002 p500
 290241226=54514628+142446303+105445707 i75924992 u256463372 u0 t4.473
2121483 1930000 98 4 w811609 r12403869 m12960277 f3698 r413866927 p500
 291923559=54829824+143276743+106052509 i76344901 u257970826 u0 t4.606
2132440 1940000 98 4 w816831 r12580243 m13137852 f3714 r416470269 p500
 293565773=55136147+144083806+106649829 i76751376 u259444518 u0 t4.489
2143340 1950000 98 4 w821530 r12761182 m13320177 f3729 r419271330 p500
 295239008=55448866+144906211+107257959 i77164962 u260947107 u0 t4.578
2154286 1960000 98 4 w828199 r12935314 m13495806 f3750 r422159229 p500
 296860096=55753647+145703015+107845349 i77563593 u262405449 u0 t4.491
2165157 1970000 98 4 w832952 r13101914 m13663649 f3773 r424759706 p500
 298412580=56044541+146464173+108410690 i77944251 u263802180 u0 t4.485
2176142 1980000 98 4 w838418 r13270108 m13833032 f3793 r427302814 p500
 299979485=56338336+147235354+108978387 i78329102 u265212068 u0 t4.356
2187090 1990000 98 4 w843074 r13447456 m14011694 f3811 r429939676 p500
 301618564=56644427+148044181+109570863 i78736792 u266681806 u0 t4.521
2198031 2000000 98 4 w848215 r13616964 m14182493 f3827 r432540264 p500
 303185199=56938922+148817650+110135174 i79124177 u268089703 u0 t4.32
2208970 2010000 98 4 w853442 r13784559 m14351309 f3846 r435014601 p500
 304752529=57232179+149587337+110705160 i79506655 u269501801 u0 t4.315
2219875 2020000 98 4 w858626 r13955870 m14523999 f3864 r437646715 p500
 306334444=57532947+150371332+111270390 i79896940 u270924996 u0 t4.397
2230717 2030000 98 4 w863907 r14119077 m14688547 f3879 r440115127 p500
 307845640=57817947+151122157+111809522 i80267394 u272287078 u0 t4.206
2241553 2040000 98 4 w869884 r14286295 m14857326 f3898 r442897800 p500
 309373559=58105977+151881084+112355382 i80646911 u273659088 u0 t4.828
2252478 2050000 98 4 w875932 r14454885 m15027528 f3920 r445680428 p500
 310917790=58397345+152645204+112909509 i81028929 u275047215 u0 t4.759
2263400 2060000 98 4 w881741 r14621857 m15196184 f3939 r448562347 p500
 312460625=58688082+153405052+113466745 i81408383 u276435346 u0 t4.876
2274335 2070000 98 4 w888728 r14788800 m15364764 f3963 r451279424 p500
 314006102=58979073+154169481+114021856 i81786148 u277828943 u0 t4.903
2285238 2080000 98 4 w894154 r14948193 m15525715 f3981 r453853417 p500
 315479750=59257780+154893633+114554722 i82145344 u279158482 u0 t4.691
2296195 2090000 98 4 w900922 r15113529 m15692813 f4001 r456662703 p500
 317001731=59547159+155648315+115097236 i82516085 u280532766 u0 t4.947
2307093 2100000 98 4 w907891 r15280811 m15861876 f4024 r459463143 p500
 318548773=59841584+156419314+115645200 i82891663 u281932259 u0 t5.305
2317991 2110000 98 4 w913457 r15444032 m16026779 f4044 r462146524 p500
 320065299=60129115+157167613+116190533 i83259006 u283303319 u0 t5.056
2328915 2120000 98 4 w920546 r15604496 m16189101 f4060 r464821656 p500
 321540215=60409483+157900375+116714922 i83619227 u284634560 u0 t4.973
2339889 2130000 98 4 w927653 r15771105 m16357578 f4081 r467636332 p500
 323065261=60697601+158658425+117258231 i83995405 u286007455 u0 t5.243
2350849 2140000 98 4 w934604 r15935358 m16523886 f4101 r470472247 p500
 324569265=60981044+159406540+117794063 i84362914 u287364486 u0 t5.249
2361818 2150000 98 4 w942459 r16097909 m16688705 f4118 r473472409 p500
 326046152=61261071+160142425+118317701 i84726332 u288695701 u0 t5.285
2372703 2160000 98 4 w950897 r16265773 m16859123 f4139 r476675337 p500
 327582184=61550055+160900281+118871918 i85100674 u290081141 u0 t6.052
2383611 2170000 98 4 w958524 r16422584 m17017960 f4155 r479457980 p500
 329020922=61822909+161615512+119384118 i85451909 u291380182 u0 t5.214
2394538 2180000 98 4 w966325 r16582192 m17179841 f4171 r482433999 p500
 330471629=62098696+162341500+119894759 i85808610 u292688589 u0 t5.376
2405448 2190000 98 4 w974731 r16754197 m17354084 f4195 r485530194 p500
 332047271=62396170+163128686+120452538 i86193712 u294111012 u0 t5.825
2416385 2200000 98 4 w982416 r16920868 m17523084 f4216 r488634614 p500
 333572666=62685021+163886371+120996688 i86564965 u295488886 u0 t5.664
2427291 2210000 98 4 w991046 r17082881 m17687613 f4233 r491682173 p500
 335055143=62966104+164620723+121527322 i86925089 u296828487 u0 t6.331
2438224 2220000 98 4 w999977 r17249067 m17856463 f4256 r494889923 p500
 336562217=63251798+165373345+122060337 i87294334 u298188262 u0 t5.829
2449156 2230000 98 4 w1008500 r17417481 m18027289 f4277 r497865092 p500
 338098459=63544180+166137065+122607027 i87667423 u299576944 u0 t5.984
2460085 2240000 98 4 w1017185 r17591229 m18203752 f4299 r501199153 p500
 339674646=63843459+166921569+123166520 i88054316 u300997594 u0 t6.304
2471031 2250000 98 4 w1028888 r17773159 m18388907 f4327 r504926158 p500
 341328210=64154312+167736404+123763454 i88460247 u302485828 u0 t6.615
2481891 2260000 98 4 w1038707 r17946546 m18565141 f4354 r508355008 p500
 342920083=64455059+168519044+124339183 i88845701 u303923650 u0 t6.647
2492839 2270000 98 4 w1047257 r18121227 m18742489 f4377 r511778584 p500
 344524921=64756129+169308970+124920281 i89234760 u305373354 u0 t6.55
2503770 2280000 98 4 w1059000 r18302902 m18927401 f4403 r515609818 p500
 346165162=65065474+170120749+125508601 i89635812 u306852199 u0 t6.823
2514685 2290000 98 4 w1068988 r18479204 m19106487 f4430 r519028066 p500
 347777848=65367627+170914357+126092662 i90027525 u308308165 u0 t6.737
2525687 2300000 98 4 w1078837 r18660960 m19291335 f4457 r522654509 p500
 349430545=65676532+171726819+126692637 i90429089 u309798736 u0 t7.726
2536614 2310000 98 4 w1089617 r18842215 m19475575 f4482 r526132630 p500
 351071451=65982635+172534843+127287328 i90830220 u311277000 u0 t7.092
2547690 2320000 98 4 w1101276 r19031262 m19668010 f4510 r530043453 p500
 352775778=66300992+173374078+127904909 i91250287 u312808484 u0 t7.436
2558712 2330000 98 4 w1109721 r19219389 m19859007 f4530 r533538721 p500
 354479316=66619346+174214406+128520914 i91667673 u314342090 u0 t7.418
2569709 2340000 98 4 w1121122 r19402120 m20044503 f4566 r536946569 p500
 356119805=66929028+175032721+129102647 i92069678 u315821924 u0 t7.888
2580699 2350000 98 4 w1131448 r19595031 m20240577 f4591 r540738880 p500
 357866964=67253211+175889572+129740727 i92498006 u317393887 u0 t7.755
2591715 2360000 98 4 w1141862 r19782504 m20431097 f4622 r544418714 p500
 359567786=67570318+176725970+130359040 i92915019 u318924285 u0 t7.609
2602831 2370000 98 4 w1152656 r19978718 m20630538 f4650 r548319615 p500
 361333792=67899238+177596044+130999231 i93351342 u320510701 u0 t7.975
2613986 2380000 98 4 w1165418 r20177435 m20832853 f4685 r552416272 p500
 363142482=68230805+178475866+131670086 i93792046 u322138499 u0 t8.586
2624949 2390000 98 4 w1177093 r20378461 m21037218 f4713 r556438624 p500
 364958236=68564734+179361240+132340258 i94242895 u323764646 u0 t8.233
2635909 2400000 98 4 w1188473 r20583013 m21245411 f4743 r560678984 p500
 366793730=68902583+180257977+133015980 i94701184 u325405819 u0 t8.471
2646913 2410000 98 4 w1199696 r20777701 m21443010 f4773 r564339064 p500
 368547145=69226359+181113701+133662091 i95137965 u326974616 u0 t8.064
2657884 2420000 98 4 w1209722 r20965529 m21633740 f4806 r568091241 p500
 370250731=69543017+181948977+134283765 i95556476 u328506104 u0 t8.461
2668918 2430000 98 4 w1221046 r21152098 m21823326 f4834 r571769519 p500
 371945322=69856853+182774867+134907311 i95974595 u330026367 u0 t7.888
2679809 2440000 98 4 w1231374 r21337083 m22011313 f4860 r575358344 p500
 373593581=70165485+183587194+135502806 i96388723 u331499955 u0 t7.829
2690746 2450000 98 4 w1242957 r21524678 m22202289 f4899 r579266279 p500
 375264720=70476389+184414187+136105353 i96803998 u332998814 u0 t8.577
2701594 2460000 98 4 w1254713 r21721815 m22402661 f4929 r583229232 p500
 377026930=70804693+185280946+136745108 i97239319 u334581141 u0 t8.481
2712475 2470000 98 4 w1266169 r21914546 m22598671 f4971 r587180285 p500
 378737263=71123410+186129022+137359557 i97662252 u336117755 u0 t8.313
2723357 2480000 98 4 w1277802 r22108470 m22795891 f5001 r591104925 p500
 380487312=71448455+186993343+137992235 i98089885 u337694484 u0 t8.496
2734166 2490000 98 4 w1289274 r22299356 m22989969 f5027 r594933984 p500
 382198008=71767922+187837145+138610930 i98511156 u339232636 u0 t8.606
2745023 2500000 98 4 w1301095 r22495283 m23189131 f5062 r598968472 p500
 383959894=72094365+188705047+139250992 i98941387 u340819927 u0 t8.707
2755880 2510000 98 4 w1312567 r22690645 m23387755 f5096 r602892051 p500
 385703167=72418171+189565642+139881664 i99371560 u342386205 u0 t8.7
2766772 2520000 98 4 w1323005 r22887724 m23587847 f5131 r606631438 p500
 387463915=72744985+190431468+140522076 i99805006 u343968985 u0 t9.567
2777605 2530000 98 4 w1336406 r23083083 m23786667 f5180 r610833266 p500
 389210228=73071109+191290840+141155266 i100230988 u345542795 u0 t8.997
2788466 2540000 98 4 w1348205 r23282550 m23989462 f5223 r614921979 p500
 390993909=73404998+192169507+141801285 i100667791 u347148187 u0 t9.262
2799329 2550000 98 4 w1361183 r23490768 m24201215 f5255 r619213537 p500
 392854420=73747077+193084037+142481169 i101123179 u348821818 u0 t10.186
2810193 2560000 98 4 w1373523 r23686798 m24400697 f5288 r623378417 p500
 394586159=74069903+193939379+143107037 i101553706 u350374530 u0 t9.178
2821115 2570000 98 4 w1385350 r23886218 m24603241 f5337 r627316296 p500
 396373826=74400327+194815979+143761002 i101991472 u351982178 u0 t9.377
2832025 2580000 98 4 w1397109 r24091356 m24811754 f5377 r631464064 p500
 398201255=74740005+195716688+144423938 i102440931 u353625214 u0 t9.692
2842894 2590000 98 4 w1409693 r24288131 m25011768 f5422 r635417468 p500
 399960847=75065977+196579438+145067417 i102870912 u355209312 u0 t10.131
2853742 2600000 98 4 w1423349 r24496537 m25223669 f5471 r639719809 p500
 401811606=75407228+197492340+145739755 i103325239 u356873788 u0 t10.082
2864632 2610000 98 4 w1436449 r24704150 m25434879 f5524 r643967263 p500
 403667938=75750164+198409676+146411796 i103776253 u358548294 u0 t10.151
2875503 2620000 98 4 w1449189 r24910467 m25644719 f5576 r648223678 p500
 405501159=76090970+199311905+147078261 i104223922 u360199660 u0 t10.744
2886360 2630000 98 4 w1463893 r25116179 m25854120 f5628 r652503653 p500
 407318366=76428575+200209412+147736224 i104668759 u361836183 u0 t9.998
2897239 2640000 98 4 w1476628 r25320655 m26061885 f5687 r656626255 p500
 409133056=76766400+201102310+148395416 i105111089 u363471116 u0 t10.627
2908079 2650000 98 4 w1490374 r25531475 m26276225 f5736 r660894900 p500
 410998864=77114173+202021245+149071755 i105567409 u365151096 u0 t10.335
2919336 2660000 98 4 w1502997 r25736857 m26484812 f5797 r665000329 p500
 412865067=77458530+202937687+149753768 i106014965 u366838995 u0 t10.207
2930193 2670000 98 4 w1516770 r25949470 m26700976 f5857 r669482321 p500
 414758000=77807457+203871475+150441568 i106475691 u368545125 u0 t11.051
2941058 2680000 98 4 w1532057 r26154905 m26910147 f5929 r673956265 p500
 416562270=78141599+204760078+151096999 i106917757 u370168486 u0 t10.335
2951948 2690000 98 4 w1546145 r26361820 m27120647 f6004 r678406588 p500
 418394539=78482055+205663983+151760388 i107362125 u371822245 u0 t10.502
2962792 2700000 98 4 w1560445 r26565999 m27328258 f6078 r682636744 p500
 420187217=78815080+206550893+152407352 i107801129 u373436487 u0 t10.908
2973731 2710000 98 4 w1574105 r26765107 m27530715 f6154 r686743275 p500
 421964419=79147440+207422080+153055183 i108228763 u375042831 u0 t10.248
2984605 2720000 98 4 w1587423 r26964535 m27733435 f6215 r690863726 p500
 423762143=79480123+208299524+153716869 i108658749 u376668804 u0 t10.413
2995574 2730000 98 4 w1602343 r27165434 m27938103 f6294 r695188762 p500
 425541752=79809041+209170703+154369161 i109090344 u378272881 u0 t11.168
3006468 2740000 98 4 w1617601 r27372023 m28148476 f6372 r699632514 p500
 427360531=80145047+210063377+155033656 i109533136 u379910663 u0 t10.799
3017345 2750000 98 4 w1631291 r27571302 m28351177 f6438 r703764028 p500
 429112438=80471442+210929417+155665367 i109959866 u381490611 u0 t10.507
3028291 2760000 98 4 w1645425 r27769485 m28552841 f6503 r707903994 p500
 430853600=80794047+211779719+156304369 i110386351 u383055787 u0 t11.119
3039192 2770000 98 4 w1658886 r27960580 m28747530 f6570 r712028379 p500
 432538433=81107781+212604136+156920876 i110793177 u384576573 u0 t10.488
3050078 2780000 98 4 w1672475 r28152925 m28942995 f6633 r715994193 p500
 434247249=81429025+213437678+157545321 i111205031 u386119595 u0 t10.571
3060975 2790000 98 4 w1687079 r28352806 m29146379 f6709 r720217852 p500
 436026687=81761299+214309122+158194388 i111630483 u387729870 u0 t11.596
3071909 2800000 98 4 w1701022 r28543902 m29340950 f6780 r724269744 p500
 437724194=82079126+215137529+158816081 i112036870 u389265307 u0 t10.798
3082762 2810000 98 4 w1715069 r28744298 m29544591 f6860 r728277394 p500
 439502070=82407514+216004291+159471622 i112467389 u390867807 u0 t11.984
3093667 2820000 98 4 w1729466 r28943617 m29747289 f6948 r732449151 p500
 441252447=82734822+216859879+160111709 i112890640 u392446679 u0 t11.436
3104606 2830000 98 4 w1743976 r29142189 m29949437 f7024 r736624200 p500
 443006855=83060933+217716616+160755174 i113312117 u394032332 u0 t11.585
3115556 2840000 98 4 w1758805 r29334265 m30145009 f7111 r740714132 p500
 444688453=83372727+218538465+161372214 i113716285 u395552044 u0 t12.07
3126447 2850000 98 4 w1772429 r29525974 m30339893 f7180 r744607060 p500
 446373538=83687019+219365881+161985462 i114121386 u397075964 u0 t11.442
3137354 2860000 98 4 w1785483 r29716880 m30533918 f7257 r748393706 p500
 448084382=84007354+220203011+162608609 i114529899 u398625012 u0 t12.157
3148306 2870000 98 4 w1799343 r29902519 m30722931 f7343 r752401008 p500
 449709118=84311139+221001355+163198770 i114920919 u400094397 u0 t11.408
3159170 2880000 98 4 w1812185 r30089042 m30912468 f7414 r756049675 p500
 451351854=84617903+221801995+163801968 i115315599 u401579110 u0 t11.635
3170031 2890000 98 4 w1825539 r30277462 m31103917 f7504 r759773090 p500
 453013464=84929197+222613409+164410018 i115710966 u403085242 u0 t12.846
3180938 2900000 98 4 w1839952 r30464259 m31294119 f7592 r763735817 p500
 454661653=85237772+223419310+165012214 i116102928 u404579625 u0 t12.265
3191816 2910000 98 4 w1853674 r30655003 m31488041 f7674 r767559757 p500
 456350563=85550943+224239007+165637719 i116505438 u406108392 u0 t13.344
3202736 2920000 98 4 w1868592 r30851852 m31688548 f7747 r771668460 p500
 458067153=85872724+225081730+166261300 i116918145 u407660615 u0 t13.148
3213588 2930000 98 4 w1881892 r31045512 m31885480 f7824 r775464943 p500
 459765373=86191151+225911223+166882755 i117325153 u409196357 u0 t13.101
3224450 2940000 98 4 w1896591 r31240933 m32084390 f7904 r779485276 p500
 461458928=86506008+226744045+167499049 i117736993 u410722909 u0 t13.27
3235384 2950000 98 4 w1910154 r31431530 m32278215 f7978 r783307348 p500
 463116197=86815084+227563971+168096135 i118139282 u412219397 u0 t12.992
3246267 2960000 98 4 w1924710 r31631174 m32481260 f8068 r787254713 p500
 464858572=87140340+228419116+168730513 i118561018 u413792159 u0 t14.388
3257218 2970000 98 4 w1938373 r31829762 m32683085 f8160 r791111432 p500
 466613043=87466184+229282063+169368886 i118981075 u415380237 u0 t13.908
3268155 2980000 98 4 w1950822 r32019171 m32875466 f8233 r794739018 p500
 468268345=87775613+230093740+169972355 i119380266 u416875576 u0 t13.742
3278993 2990000 98 4 w1964054 r32212692 m33072005 f8316 r798379398 p500
 469969684=88091505+230926035+170595793 i119787898 u418414869 u0 t13.714
3289873 3000000 98 4 w1975374 r32392914 m33254940 f8388 r801651635 p500
 471569939=88391935+231705535+171183319 i120166795 u419867406 u0 t13.399
3300770 3010000 98 4 w1988073 r32584796 m33449982 f8453 r805198231 p500
 473233215=88702596+232525378+171785521 i120568803 u421370722 u0 t13.74
3311716 3020000 98 4 w2001479 r32776675 m33645137 f8536 r808917643 p500
 474884673=89011900+233343665+172378752 i120971086 u422860235 u0 t14.511
3322684 3030000 98 4 w2015201 r32965111 m33836740 f8612 r812453999 p500
 476508143=89314093+234142220+172968462 i121367350 u424322822 u0 t13.785
3333558 3040000 98 4 w2028731 r33154261 m34029176 f8688 r816085855 p500
 478143335=89618542+234943975+173565204 i121761096 u425801186 u0 t14.144
3344467 3050000 98 4 w2041926 r33339349 m34217382 f8763 r819614730 p500
 479740706=89918379+235729816+174143805 i122148206 u427243698 u0 t13.613
3355390 3060000 98 4 w2054693 r33531852 m34413128 f8841 r823123119 p500
 481413555=90230618+236550325+174753668 i122550952 u428756101 u0 t14.75
3366284 3070000 98 4 w2066766 r33712488 m34596521 f8927 r826413099 p500
 482988929=90526554+237328752+175320731 i122928960 u430182903 u0 t13.725
3377177 3080000 98 4 w2079215 r33897286 m34784201 f9002 r829714225 p500
 484606376=90828035+238120584+175912411 i123316721 u431645604 u0 t13.762
3388055 3090000 98 4 w2091267 r34077457 m34967185 f9078 r832971164 p500
 486152437=91119662+238885760+176466925 i123691437 u433042807 u0 t14.174
3398880 3100000 98 4 w2103869 r34256690 m35149474 f9155 r836321814 p500
 487684732=91409424+239647787+177012078 i124065289 u434425843 u0 t13.386
3409787 3110000 98 4 w2117770 r34436978 m35333102 f9225 r839810114 p500
 489223712=91698448+240408486+177565940 i124438019 u435816327 u0 t14.418
3420708 3120000 98 4 w2129802 r34618321 m35517241 f9298 r842983010 p500
 490782935=91991868+241181842+178124338 i124815057 u437226461 u0 t14.726
3431637 3130000 98 4 w2142532 r34804015 m35705977 f9379 r846348866 p500
 492372030=92290966+241966925+178696701 i125201182 u438660673 u0 t14.946
3442607 3140000 98 4 w2153764 r34977529 m35882078 f9454 r849319378 p500
 493867448=92576404+242705730+179231840 i125561453 u440014406 u0 t13.806
3453456 3150000 98 4 w2166722 r35159054 m36066777 f9534 r852704824 p500
 495418187=92870791+243475993+179783850 i125936042 u441418227 u0 t14.394
3464366 3160000 98 4 w2178130 r35338595 m36249155 f9598 r855828881 p500
 496965905=93164709+244245385+180334175 i126311391 u442817375 u0 t14.149
3475266 3170000 98 4 w2189338 r35518688 m36431847 f9684 r858765892 p500
 498503450=93454649+245005787+180885687 i126685723 u444204781 u0 t13.678
3486141 3180000 98 4 w2201030 r35691809 m36607621 f9759 r861710361 p500
 499986467=93737184+245741372+181413828 i127042319 u445549110 u0 t13.358
3497008 3190000 98 4 w2211984 r35868891 m36787473 f9831 r864713120 p500
 501529456=94026050+246498289+181975345 i127410469 u446947426 u0 t14.719
3507853 3200000 98 4 w2223690 r36044066 m36965484 f9905 r867758653 p500
 503046528=94315829+247250146+182516173 i127771661 u448325502 u0 t13.631
3518683 3210000 98 4 w2235673 r36220650 m37144880 f9984 r870829824 p500
 504564837=94603069+248002582+183058985 i128136429 u449701344 u0 t14.544
3529542 3220000 98 4 w2249392 r36399932 m37327387 f10072 r874127163 p500
 506086275=94893147+248756521+183601564 i128503990 u451078223 u0 t14.314
3540480 3230000 98 4 w2261570 r36575170 m37505408 f10151 r877147882 p500
 507573404=95176484+249498785+184127095 i128863932 u452424443 u0 t13.102
3551409 3240000 98 4 w2275140 r36759273 m37692780 f10232 r880456706 p500
 509136873=95471881+250274203+184686028 i129242032 u453839176 u0 t14.874
3562370 3250000 98 4 w2287885 r36934797 m37871223 f10312 r883465022 p500
 510633858=95756810+251017110+185219186 i129602880 u455194703 u0 t14.204
3573321 3260000 98 4 w2299584 r37112698 m38052130 f10391 r886635185 p500
 512154000=96046342+251771055+185761166 i129969252 u456571633 u0 t13.921
3584317 3270000 98 4 w2313569 r37296871 m38239677 f10471 r889935102 p500
 513710969=96340912+252547887+186312643 i130345544 u457981160 u0 t14.494
3595165 3280000 98 4 w2327486 r37475004 m38421092 f10550 r893246937 p500
 515228581=96629794+253298986+186854747 i130709423 u459357381 u0 t14.654
3606131 3290000 98 4 w2340380 r37656974 m38606020 f10631 r896323764 p500
 516787681=96926485+254070282+187412372 i131083189 u460771162 u0 t14.319
3617031 3300000 98 4 w2353237 r37834271 m38786529 f10703 r899533366 p500
 518283230=97210185+254817315+187941213 i131445014 u462125258 u0 t14.31
3627996 3310000 98 4 w2367210 r38014581 m38970167 f10790 r902824959 p500
 519803602=97499268+255577527+188477014 i131814904 u463499805 u0 t14.249
3638920 3320000 98 4 w2380445 r38198944 m39157796 f10871 r906048691 p500
 521375357=97793274+256352274+189045452 i132193967 u464920808 u0 t15.28
3649881 3330000 98 4 w2393266 r38374492 m39336380 f10946 r909124324 p500
 522880523=98076297+257096332+189586585 i132553146 u466286445 u0 t14.375
3660867 3340000 98 4 w2407527 r38564539 m39529671 f11032 r912426050 p500
 524491346=98379936+257895167+190162843 i132941959 u467743952 u0 t15.545
3671820 3350000 98 4 w2420694 r38747955 m39716178 f11117 r915573358 p500
 526041347=98675683+258665761+190712287 i133316214 u469148021 u0 t14.531
3682790 3360000 98 4 w2434363 r38937498 m39909170 f11194 r918885170 p500
 527659189=98979775+259462349+191297294 i133702619 u470614689 u0 t15.783
3693808 3370000 98 4 w2450080 r39132700 m40108102 f11286 r922425790 p500
 529325923=99293188+260282579+191900358 i134100708 u472125253 u0 t15.817
3704793 3380000 98 4 w2464609 r39324465 m40303382 f11368 r925725389 p500
 530943036=99597880+261085253+192478334 i134491815 u473588301 u0 t15.844
3715703 3390000 98 4 w2479713 r39524193 m40506612 f11457 r929151121 p500
 532641449=99915484+261923866+193091519 i134898693 u475127394 u0 t16.23
3726649 3400000 98 4 w2494214 r39725441 m40711356 f11543 r932537148 p500
 534346355=100233850+262770851+193701842 i135308757 u476671572 u0 t16.891
3737635 3410000 98 4 w2510407 r39936697 m40926454 f11646 r936229675 p500
 536134415=100568649+263669928+194329448 i135739582 u478292037 u0 t17.59
3748614 3420000 98 4 w2526642 r40145244 m41138901 f11737 r939894871 p500
 537914023=100902009+264547432+194973249 i136164963 u479905388 u0 t17.283
3759597 3430000 98 4 w2542741 r40360425 m41358070 f11831 r943667171 p500
 539732145=101243531+265443046+195631063 i136605489 u481546974 u0 t17.47
3770552 3440000 98 4 w2558591 r40573427 m41574921 f11932 r947349640 p500
 541540282=101581932+266331149+196288272 i137043528 u483179288 u0 t16.951
3781517 3450000 98 4 w2574386 r40784600 m41790054 f12017 r951086333 p500
 543336895=101916517+267210381+196945536 i137476413 u484802894 u0 t17.096
3792483 3460000 98 4 w2591388 r40995784 m42005170 f12113 r954799998 p500
 545110372=102247713+268083308+197588556 i137913661 u486396915 u0 t16.837
3803443 3470000 98 4 w2607458 r41206884 m42220283 f12201 r958600909 p500
 546863415=102576359+268956543+198213595 i138342953 u487977605 u0 t17.634
3814317 3480000 98 4 w2622916 r41415492 m42432353 f12290 r962130975 p500
 548616293=102905061+269822514+198845436 i138768603 u489560033 u0 t16.88
3825200 3490000 98 4 w2639877 r41625796 m42646809 f12389 r965921934 p500
 550364664=103231202+270687061+199476053 i139195181 u491136732 u0 t16.678
3836062 3500000 98 4 w2656838 r41829222 m42854291 f12490 r969683670 p500
 552038884=103542915+271516196+200079361 i139606602 u492643687 u0 t16.838
3847051 3510000 98 4 w2672488 r42032000 m43060870 f12578 r973210221 p500
 553738798=103859964+272354788+200694820 i140018559 u494178559 u0 t16.994
3857981 3520000 98 4 w2689730 r42250207 m43283246 f12677 r977035126 p500
 555533103=104195864+273249791+201333926 i140460158 u495794158 u0 t17.415
3868919 3530000 98 4 w2707032 r42472564 m43509781 f12770 r980939755 p500
 557372626=104540045+274170952+201984902 i140910148 u497453541 u0 t17.2
3879700 3540000 98 4 w2723534 r42690533 m43731765 f12859 r984732747 p500
 559174845=104876493+275068763+202628452 i141349801 u499079654 u0 t17.212
3890544 3550000 98 4 w2742052 r42917831 m43963338 f12973 r988739513 p500
 561055042=105229285+276013654+203289313 i141805592 u500780755 u0 t18.022
3901420 3560000 98 4 w2759109 r43136960 m44186565 f13079 r992575820 p500
 562858759=105565004+276912894+203933282 i142246116 u502407721 u0 t16.649
3912350 3570000 98 4 w2778584 r43363575 m44417781 f13192 r996710171 p500
 564721725=105912491+277839363+204600638 i142697076 u504091701 u0 t17.913
3923255 3580000 98 4 w2796732 r43582785 m44641341 f13306 r1000665176 p500
 566536198=106252219+278740210+205250909 i143133037 u505734882 u0 t16.756
3934146 3590000 98 4 w2815526 r43809119 m44872226 f13411 r1004713682 p500
 568414514=106603182+279666108+205930533 i143585475 u507433211 u0 t17.389
3945058 3600000 98 4 w2831867 r44029287 m45096185 f13509 r1008395967 p500
 570254535=106948202+280576625+206591245 i144026372 u509099690 u0 t16.21
3955958 3610000 98 4 w2851671 r44259093 m45330611 f13625 r1012640907 p500
 572141832=107297475+281509363+207275322 i144483609 u510803244 u0 t17.532
3966817 3620000 98 4 w2870137 r44479561 m45555599 f13723 r1016588275 p500
 573970082=107641834+282420513+207926450 i144920842 u512459524 u0 t17.014
3977696 3630000 98 4 w2887852 r44702916 m45783202 f13819 r1020498501 p500
 575805413=107982970+283330149+208587350 i145365047 u514117528 u0 t16.676
3988551 3640000 98 4 w2906977 r44931477 m46016264 f13929 r1024565111 p500
 577705592=108334569+284265401+209279552 i145818599 u515838580 u0 t17.391
3999436 3650000 98 4 w2927021 r45159714 m46249126 f14042 r1028721980 p500
 579562619=108676999+285180144+209955760 i146271742 u517511422 u0 t16.56
4010266 3660000 98 4 w2946595 r45384453 m46478364 f14165 r1032810381 p500
 581403572=109018520+286095146+210616411 i146715657 u519176782 u0 t17.366
4021082 3670000 98 4 w2964426 r45608466 m46706477 f14277 r1036690602 p500
 583240958=109359012+287005073+211279561 i147161175 u520835802 u0 t17.136
4031936 3680000 98 4 w2983860 r45840266 m46942705 f14393 r1040767695 p500
 585155333=109713671+287951491+211971646 i147620162 u522568474 u0 t17.791
4042723 3690000 98 4 w3003396 r46071884 m47178788 f14509 r1044872000 p500
 587038303=110063438+288882899+212652027 i148076711 u524267887 u0 t17.36
4053582 3700000 98 4 w3022018 r46303215 m47414384 f14623 r1048940136 p500
 588932100=110417316+289824561+213331244 i148531923 u525980689 u0 t17.624
4064959 3710000 98 4 w3041508 r46530835 m47646655 f14738 r1053041462 p500
 590833801=110769097+290768842+214014911 i148980511 u527710334 u0 t17.814
4075764 3720000 98 4 w3061453 r46758458 m47878925 f14862 r1057232731 p500
 592687569=111114208+291684206+214686234 i149425615 u529388667 u0 t17.514
4086632 3730000 98 4 w3081138 r46982024 m48106868 f14991 r1061287705 p500
 594516166=111454573+292586093+215349158 i149865196 u531042775 u0 t17.83
4097561 3740000 98 4 w3100159 r47205956 m48335218 f15108 r1065267697 p500
 596344249=111792856+293482661+216017635 i150306113 u532693684 u0 t17.855
4108439 3750000 98 4 w3119361 r47434117 m48567713 f15232 r1069256527 p500
 598193638=112136705+294395735+216687696 i150756248 u534361099 u0 t16.86
4119319 3760000 98 4 w3140238 r47661129 m48799487 f15356 r1073472093 p500
 600031307=112478168+295302178+217354587 i151198113 u536023159 u0 t17.232
4130276 3770000 98 4 w3160021 r47877761 m49020554 f15477 r1077483164 p500
 601775385=112803451+296161710+217986953 i151617422 u537600982 u0 t15.872
4141183 3780000 98 4 w3179843 r48100114 m49247305 f15590 r1081454073 p500
 603575308=113140162+297048518+218638641 i152050404 u539229521 u0 t16.893
4152093 3790000 98 4 w3198478 r48320078 m49471338 f15713 r1085295558 p500
 605357853=113473021+297929801+219281371 i152477979 u540844029 u0 t16.337
4162989 3800000 98 4 w3217965 r48548863 m49704355 f15828 r1089292339 p500
 607225529=113819514+298845196+219964219 i152922738 u542536650 u0 t17.209
4173910 3810000 98 4 w3237329 r48770837 m49930640 f15947 r1093228948 p500
 609011369=114151387+299726937+220611128 i153354990 u544149359 u0 t16.485
4184895 3820000 98 4 w3258938 r48994590 m50159118 f16084 r1097439790 p500
 610800309=114485335+300612276+221255852 i153785052 u545768705 u0 t17.472
4195828 3830000 98 4 w3276835 r49209844 m50378361 f16202 r1101157604 p500
 612539258=114810255+301475328+221879594 i154201481 u547344945 u0 t16.725
4206739 3840000 98 4 w3296286 r49430947 m50603833 f16324 r1105159306 p500
 614314231=115140773+302354608+222518799 i154628103 u548951375 u0 t16.035
4217677 3850000 98 4 w3316513 r49649713 m50827035 f16446 r1109107055 p500
 616056357=115465143+303220045+223144024 i155049190 u550526264 u0 t16.888
4228607 3860000 98 4 w3337638 r49865737 m51047665 f16585 r1113213015 p500
 617780247=115785321+304072281+223767038 i155464173 u552085529 u0 t16.353
4239510 3870000 98 4 w3357236 r50078916 m51265091 f16702 r1117101070 p500
 619481374=116103108+304913119+224380667 i155875285 u553622920 u0 t15.943
4250423 3880000 98 4 w3376380 r50293305 m51483741 f16813 r1120936575 p500
 621184359=116420726+305757677+224992410 i156290288 u555159189 u0 t16.037
4261357 3890000 98 4 w3396347 r50503541 m51698193 f16940 r1124771135 p500
 622866114=116736167+306595181+225591161 i156691280 u556686147 u0 t15.941
4272391 3900000 98 4 w3415579 r50715772 m51914571 f17061 r1128583273 p500
 624582740=117063224+307431516+226220053 i157098406 u558242649 u0 t15.841
4283314 3910000 98 4 w3433992 r50930734 m52133431 f17181 r1132306161 p500
 626316773=117388783+308283688+226848724 i157514674 u559811667 u0 t16.472
4294200 3920000 98 4 w3450875 r51138694 m52345186 f17291 r1135820301 p500
 628000571=117704514+309113778+227457457 i157916124 u561338577 u0 t15.432
4305160 3930000 98 4 w3471131 r51350823 m52561846 f17403 r1139803820 p500
 629680514=118020468+309942045+228064062 i158320258 u562858653 u0 t16.652
4316083 3940000 98 4 w3490938 r51558673 m52773920 f17532 r1143604648 p500
 631336585=118335141+310758071+228660104 i158714353 u564361779 u0 t15.466
4326986 3950000 98 4 w3511506 r51778765 m52998350 f17660 r1147582408 p500
 633109716=118668571+311623473+229309182 i159133414 u565971824 u0 t17.564
4337955 3960000 98 4 w3531388 r51981459 m53205254 f17781 r1151389272 p500
 634733413=118976106+312418068+229899357 i159515833 u567448099 u0 t15.966
4348836 3970000 98 4 w3550662 r52186515 m53414422 f17907 r1155120796 p500
 636358207=119284187+313221028+230482136 i159904596 u568921859 u0 t15.582
4359757 3980000 98 4 w3569345 r52394232 m53626301 f18016 r1158836865 p500
 637990557=119591998+314032763+231064108 i160300624 u570397647 u0 t15.877
4370729 3990000 98 4 w3589250 r52599439 m53835531 f18147 r1162496646 p500
 639610573=119898008+314835807+231643424 i160686985 u571868200 u0 t15.458
4381681 4000000 98 4 w3608298 r52808771 m54049093 f18263 r1166250933 p500
 641248944=120207291+315649797+232227688 i161082686 u573350962 u0 t16.484
4392555 4010000 98 4 w3628250 r53016370 m54260722 f18407 r1169972777 p500
 642893988=120516987+316463406+232818909 i161474247 u574844261 u0 t15.279
4403440 4020000 98 4 w3647431 r53220643 m54468990 f18524 r1173646617 p500
 644498355=120818360+317255231+233397738 i161860506 u576296174 u0 t16.111
4414465 4030000 98 4 w3666284 r53422302 m54674595 f18651 r1177225619 p500
 646078505=121116953+318037769+233963267 i162240211 u577727614 u0 t15.033
4425446 4040000 98 4 w3684127 r53623923 m54879769 f18772 r1180661370 p500
 647667577=121417268+318827932+234528900 i162623185 u579167328 u0 t28.862
4436408 4050000 98 4 w3701815 r53828788 m55088422 f18886 r1184184640 p500
 649287161=121723225+319627524+235111836 i163012852 u580633418 u0 t31.945
4447331 4060000 98 4 w3718193 r54032261 m55295321 f19001 r1187531971 p500
 650889023=122025356+320424941+235681747 i163398936 u582084640 u0 t15.238
4458226 4070000 98 4 w3736284 r54236013 m55502770 f19119 r1191025293 p500
 652500762=122327945+321219552+236263692 i163783347 u583546917 u0 t15.425
4469117 4080000 98 4 w3754745 r54440973 m55711428 f19244 r1194552370 p500
 654117172=122634428+322021324+236842086 i164170794 u585012044 u0 t15.842
4480047 4090000 98 4 w3773380 r54650031 m55924210 f19374 r1198144092 p500
 655764555=122944181+322838284+237432980 i164569454 u586502027 u0 t15.59
4490942 4100000 98 4 w3791011 r54853126 m56130887 f19497 r1201613691 p500
 657357935=123245756+323625397+238004526 i164952459 u587945220 u0 t16.275
4501893 4110000 98 4 w3808481 r55052097 m56333432 f19621 r1205023352 p500
 658922161=123540585+324395054+238569544 i165325294 u589364098 u0 t14.972
4512866 4120000 98 4 w3827246 r55250180 m56535164 f19739 r1208416006 p500
 660478980=123835496+325163878+239128250 i165695985 u590778042 u0 t15.497
4523822 4130000 98 4 w3845275 r55450869 m56739496 f19858 r1211845617 p500
 662062189=124132864+325946742+239697176 i166071791 u592216709 u0 t15.535
4534728 4140000 98 4 w3861767 r55651604 m56943681 f19977 r1215175005 p500
 663638706=124430764+326729659+240259258 i166448787 u593647594 u0 t15.759
4545718 4150000 98 4 w3880479 r55847910 m57143653 f20112 r1218610901 p500
 665184523=124723425+327491054+240816322 i166814727 u595052562 u0 t14.952
4556635 4160000 98 4 w3899957 r56046616 m57346132 f20255 r1222195275 p500
 666724860=125014807+328249946+241371908 i167182090 u596449799 u0 t15.925
4567595 4170000 98 4 w3917299 r56239553 m57542418 f20370 r1225461779 p500
 668221840=125298914+328993444+241904672 i167541449 u597807213 u0 t14.768
4578516 4180000 98 4 w3935121 r56434849 m57741317 f20490 r1228859699 p500
 669748255=125588059+329746877+242452804 i167903637 u599194016 u0 t15.593
4589453 4190000 98 4 w3953592 r56635299 m57945411 f20615 r1232351958 p500
 671330164=125884458+330528876+243022333 i168276109 u600633768 u0 t15.199
4600387 4200000 98 4 w3971600 r56827614 m58141233 f20742 r1235646437 p500
 672841418=126170440+331272712+243567896 i168633769 u602007461 u0 t15.335
4611320 4210000 98 4 w3987223 r57011642 m58328249 f20845 r1238646097 p500
 674271303=126443337+331986468+244072264 i168978506 u603303546 u0 t14.288
4622248 4220000 98 4 w4004865 r57205972 m58526202 f20969 r1242036053 p500
 675768827=126727187+332732119+244603848 i169338253 u604661752 u0 t15.369
4633106 4230000 98 4 w4024162 r57400225 m58724118 f21095 r1245466660 p500
 677254523=127008900+333473611+245129329 i169694870 u606009910 u0 t15.8
4644049 4240000 98 4 w4042461 r57600007 m58927453 f21219 r1248870114 p500
 678789643=127298801+334236863+245676213 i170064740 u607400303 u0 t15.294
4655040 4250000 98 4 w4060185 r57793295 m59124325 f21347 r1252245645 p500
 680281200=127580908+334976347+246209299 i170421518 u608754014 u0 t15.35
4665924 4260000 98 4 w4078333 r57990001 m59324551 f21474 r1255605259 p500
 681806437=127870156+335730911+246756096 i170783677 u610140170 u0 t15.254
4676832 4270000 98 4 w4095545 r58181507 m59519219 f21599 r1258753327 p500
 683292367=128154022+336468635+247284707 i171137746 u611490128 u0 t15.525
4687741 4280000 98 4 w4113388 r58374957 m59715950 f21731 r1261984340 p500
 684782427=128438389+337209719+247812659 i171492563 u612844951 u0 t14.809
4698685 4290000 98 4 w4129929 r58564560 m59908792 f21842 r1265174457 p500
 686230404=128714339+337929518+248326556 i171842458 u614155997 u0 t15.278
4709603 4300000 98 4 w4149068 r58765310 m60113000 f21988 r1268630364 p500
 687776922=129005588+338695457+248881395 i172209739 u615561470 u0 t15.478
4720503 4310000 98 4 w4165896 r58962101 m60312934 f22113 r1271838334 p500
 689305474=129294515+339455736+249425627 i172574875 u616949253 u0 t15.936
4731420 4320000 98 4 w4184060 r59162836 m60517108 f22231 r1275206805 p500
 690838450=129585483+340222203+249966841 i172944295 u618338884 u0 t15.556
4742321 4330000 98 4 w4201265 r59362659 m60720184 f22361 r1278487676 p500
 692372897=129875034+340985885+250512912 i173312423 u619730301 u0 t15.968
4753259 4340000 98 4 w4219324 r59564856 m60925667 f22495 r1281758739 p500
 693933931=130169715+341760268+251070868 i173686823 u621145401 u0 t15.84
4764201 4350000 98 4 w4238459 r59768795 m61133192 f22631 r1285297403 p500
 695518129=130470690+342563160+251617518 i174057475 u622593967 u0 t16.569
4775138 4360000 98 4 w4257805 r59973390 m61341279 f22765 r1288825945 p500
 697115927=130774349+343363038+252183169 i174434573 u624047204 u0 t16.057
4786096 4370000 98 4 w4277055 r60181005 m61552396 f22902 r1292354351 p500
 698712139=131077752+344159958+252749883 i174815567 u625494254 u0 t16.796
4797101 4380000 98 4 w4295061 r60385018 m61759559 f23039 r1295693300 p500
 700285088=131376876+344950394+253303047 i175192177 u626920305 u0 t15.745
4808087 4390000 98 4 w4313568 r60594478 m61972331 f23166 r1299152680 p500
 701923806=131688216+345766388+253887608 i175580409 u628408185 u0 t17.017
4819049 4400000 98 4 w4334666 r60812827 m62194522 f23314 r1302944339 p500
 703588507=132001053+346594535+254481189 i175976726 u629920351 u0 t18.096
4830048 4410000 98 4 w4354388 r61028037 m62413247 f23469 r1306539758 p500
 705237234=132313726+347422977+255062116 i176373626 u631412549 u0 t17.104
4841026 4420000 98 4 w4373085 r61241348 m62629939 f23602 r1309983345 p500
 706883803=132621546+348235632+255656961 i176765096 u632907477 u0 t17.473
4852001 4430000 98 4 w4392961 r61453658 m62845651 f23746 r1313466043 p500
 708503895=132925993+349038847+256238066 i177152617 u634376758 u0 t16.83
4862997 4440000 98 4 w4413667 r61675112 m63070788 f23905 r1317177803 p500
 710198095=133242915+349878468+256847228 i177554291 u635915935 u0 t18.105
4873904 4450000 98 4 w4434181 r61891932 m63291218 f24059 r1320819225 p500
 711861317=133556418+350703259+257442611 i177947858 u637429128 u0 t17.251
4884867 4460000 98 4 w4456030 r62115780 m63518831 f24226 r1324639208 p500
 713566445=133875135+351543450+258060367 i178352669 u638977185 u0 t18.455
4895781 4470000 98 4 w4476457 r62337439 m63743969 f24371 r1328280723 p500
 715273693=134196288+352390676+258673689 i178760783 u640522840 u0 t18.468
4906756 4480000 98 4 w4498073 r62571858 m63982122 f24535 r1332188299 p500
 717082871=134534626+353283567+259330271 i179191935 u642160984 u0 t19.031
4917771 4490000 98 4 w4520563 r62812500 m64226483 f24714 r1336115198 p500
 718926223=134875083+354186656+260006438 i179632967 u643829013 u0 t20.026
4928768 4500000 98 4 w4542369 r63048649 m64466166 f24871 r1339948997 p500
 720743987=135213569+355074555+260673260 i180067636 u645474726 u0 t19.547
4939756 4510000 98 4 w4564824 r63283611 m64704903 f25031 r1343912098 p500
 722515509=135542124+355944349+261319927 i180497057 u647073505 u0 t19.03
4950853 4520000 98 4 w4587175 r63524184 m64949283 f25194 r1347872604 p500
 724341103=135879651+356834068+261993459 i180941244 u648717536 u0 t20.43
4961839 4530000 98 4 w4608226 r63753044 m65181726 f25352 r1351557628 p500
 726080420=136200990+357687930+262628733 i181362553 u650287538 u0 t19.365
4972832 4540000 98 4 w4629393 r63982720 m65415047 f25507 r1355366433 p500
 727843459=136527183+358550633+263275261 i181784907 u651882414 u0 t18.809
4983782 4550000 98 4 w4651343 r64207491 m65643448 f25664 r1359113631 p500
 729544116=136843983+359384411+263895977 i182197194 u653417331 u0 t18.923
4994759 4560000 98 4 w4673270 r64437262 m65876861 f25833 r1362931077 p500
 731263798=137165696+360237307+264512432 i182614504 u654971361 u0 t18.842
5005677 4570000 98 4 w4694190 r64661832 m66104906 f25979 r1366586760 p500
 732955652=137481286+361068435+265127788 i183025179 u656498073 u0 t19.279
5016605 4580000 98 4 w4716899 r64897444 m66344313 f26148 r1370492646 p500
 734715352=137809274+361939604+265761617 i183452131 u658087167 u0 t20.975
5027569 4590000 98 4 w4740974 r65134240 m66585091 f26319 r1374507613 p500
 736496837=138141141+362813402+266411658 i183879163 u659699391 u0 t19.997
5038460 4600000 98 4 w4762632 r65357059 m66811329 f26474 r1378176826 p500
 738152167=138451430+363633974+267005821 i184280283 u661195497 u0 t19.397
5049344 4610000 98 4 w4784160 r65589815 m67047654 f26632 r1381918562 p500
 739901126=138778120+364497539+267637097 i184699541 u662780044 u0 t20.172
qEOF before end of stream: 3, 5051089
Total lines processed: 4611609
Block Count:33, 39967
Avg Block Count:4623
Avg Max Count:1486, 1183, 98
Block Count:12648, 1485954
Avg Block Count:96
Avg Max Count:172, 142, 93
Level Count:3
Level Count:4
5290704 5
2860371 5
Max word len: 98
Total words generated: 740179386
Words inserted 184768854
Words updated: 663030421
total_cache_requests:  0
total_cache_misses:  0
cache_flush_count:  1904
total_cache_requests:  1382653685
total_cache_misses:  67087544
cache_flush_count:  26665

