11:57:02 ~/git/Text_frequency_research % ./a.out RC_2013-04.zst 10000 4096 test
Csz: 10000, pgsz: 4096
File page count: 0
File page count: 0
10988 10000 60 1 w0 r0 m0 f0 r0 p20
 1502009=280567+736357+547318 i721658 u998423 u0 t2.149
22023 20000 60 1 w0 r0 m0 f0 r0 p20
 2970299=556558+1459020+1077812 i1299209 u2102895 u0 t2.173
33024 30000 60 1 w0 r0 m0 f0 r0 p20
 4455591=837142+2190955+1612898 i1852391 u3251575 u0 t2.386
44043 40000 66 1 w0 r0 m0 f0 r0 p20
 6021768=1126498+2950354+2194339 i2403108 u4491603 u0 t2.443
55121 50000 66 1 w0 r0 m0 f0 r0 p20
 7457432=1399039+3657323+2711810 i2899495 u5640597 u0 t2.293
66115 60000 66 1 w0 r0 m0 f0 r0 p20
 8882525=1666288+4349737+3237298 i3372066 u6798479 u0 t2.276
77117 70000 66 1 w0 r0 m0 f0 r0 p20
 10323681=1938542+5063745+3753209 i3851018 u7971772 u0 t2.354
88102 80000 66 1 w0 r0 m0 f0 r0 p20
 11702242=2200826+5741136+4250267 i4299728 u9103082 u0 t2.29
99095 90000 66 1 w0 r0 m0 f0 r0 p20
 13139065=2468368+6445510+4774403 i4761616 u10286594 u0 t2.366
110113 100000 66 1 w0 r0 m0 f0 r0 p20
 14570300=2739305+7152735+5287868 i5211290 u11477401 u0 t2.363
121109 110000 66 1 w0 r0 m0 f0 r0 p20
 15981984=3006512+7851613+5792984 i5655730 u12651059 u0 t2.358
132028 120000 66 1 w0 r0 m0 f0 r0 p20
 17532484=3286822+8590277+6386159 i6106532 u13969042 u0 t2.502
142990 130000 66 1 w0 r0 m0 f0 r0 p20
 18986448=3562710+9311119+6905248 i6548879 u15193514 u0 t2.45
153925 140000 66 1 w0 r0 m0 f0 r0 p20
 20474477=3841729+10051396+7435263 i6999138 u16448960 u0 t2.507
164855 150000 66 1 w0 r0 m0 f0 r0 p20
 21982251=4126056+10796461+7976893 i7453888 u17721979 u0 t2.563
175812 160000 66 1 w0 r0 m0 f0 r0 p20
 23584909=4417148+11560934+8588302 i7914229 u19089936 u0 t2.905
186797 170000 66 3 w2760 r0 m0 f131 r0 p20
 25060643=4694278+12291216+9118384 i8355520 u20340296 u0 t2.71
197847 180000 66 3 w11544 r0 m0 f549 r0 p20
 26594805=4977567+13035840+9687961 i8804669 u21645045 u0 t3.184
208776 190000 66 3 w19697 r0 m0 f937 r0 p20
 28107430=5261667+13783743+10232285 i9253609 u22929638 u0 t3.208
219728 200000 66 4 w26844 r0 m0 f1277 r0 p20
 29612928=5546285+14529981+10770299 i9700824 u24208794 u0 t3.187
230584 210000 66 4 w33693 r0 m0 f1603 r0 p20
 31176719=5839236+15302598+11333221 i10160375 u25540667 u0 t3.28
241548 220000 66 4 w40016 r2 m113 f1904 r48721 p500
 32683216=6122373+16045650+11876729 i10608058 u26819080 u0 t3.231
252514 230000 66 4 w48241 r6218 m13634 f1918 r3100515 p500
 34281333=6415992+16823378+12467909 i11076047 u28178305 u0 t3.408
263483 240000 66 4 w56532 r23185 m37560 f1932 r6005955 p500
 35779645=6698842+17564571+13004988 i11523936 u29447803 u0 t3.288
274496 250000 66 4 w64481 r51294 m72592 f1946 r8933287 p500
 37310768=6986369+18323484+13553505 i11981482 u30744883 u0 t3.655
285461 260000 66 4 w71581 r88952 m116866 f1959 r11732559 p500
 38803050=7268863+19066410+14083606 i12427165 u32010671 u0 t3.412
296415 270000 66 4 w78482 r135385 m169733 f1972 r14501665 p500
 40291659=7548931+19800727+14620226 i12870238 u33273212 u0 t3.43
307437 280000 66 4 w85324 r191040 m231828 f1985 r17272451 p500
 41798389=7832680+20548382+15159093 i13317521 u34553187 u0 t3.5
318462 290000 66 4 w93741 r260594 m309360 f2001 r20484819 p500
 43400957=8135339+21341253+15733409 i13794433 u35912904 u0 t3.814
329483 300000 66 4 w102774 r344109 m401673 f2018 r23926332 p500
 45028066=8442234+22155263+16308545 i14285124 u37288880 u0 t3.965
340525 310000 66 4 w111694 r434508 m499795 f2034 r27146820 p500
 46615497=8738046+22934138+16886727 i14751385 u38639824 u0 t3.816
351480 320000 94 4 w122399 r535360 m609090 f2051 r30735803 p500
 48198443=9038935+23721499+17447383 i15217701 u39987774 u0 t3.985
362496 330000 94 4 w133605 r644980 m726922 f2070 r34370440 p500
 49733443=9330284+24482692+17993474 i15673578 u41291643 u0 t4.161
373551 340000 94 4 w146082 r766329 m855600 f2087 r38002188 p500
 51290419=9626097+25253246+18550462 i16139234 u42611018 u0 t3.999
384689 350000 94 4 w156406 r895426 m990654 f2103 r41333899 p500
 52863840=9922129+26021395+19125405 i16610638 u43941063 u0 t3.97
395874 360000 94 4 w166378 r1032839 m1132912 f2122 r44563990 p500
 54481112=10221859+26805577+19724920 i17099336 u45301501 u0 t4.016
406862 370000 94 4 w174582 r1174663 m1277884 f2136 r47343039 p500
 56127736=10531055+27599843+20335875 i17593047 u46690570 u0 t3.973
417894 380000 94 4 w181359 r1314884 m1420539 f2149 r49876031 p500
 57710651=10827571+28373736+20913921 i18071913 u48023770 u0 t3.843
428912 390000 94 4 w186881 r1453992 m1561411 f2166 r52238915 p500
 59267667=11118998+29134387+21483671 i18538811 u49338948 u0 t3.756
439874 400000 94 4 w192692 r1589855 m1698723 f2182 r54427127 p500
 60798946=11403897+29878773+22048736 i18991312 u50637989 u0 t3.758
450859 410000 94 4 w197562 r1728910 m1839205 f2192 r56662968 p500
 62344800=11692810+30638301+22610559 i19453600 u51946008 u0 t4.047
461847 420000 94 4 w202883 r1864010 m1975666 f2205 r58816966 p500
 63844428=11974358+31373784+23155224 i19899315 u53217561 u0 t3.709
472807 430000 94 4 w208708 r2007600 m2120621 f2221 r61047880 p500
 65437777=12274970+32155539+23733013 i20369425 u54572158 u0 t3.929
483790 440000 94 4 w214980 r2154603 m2269276 f2236 r63439103 p500
 67045764=12575174+32948774+24314526 i20847100 u55936668 u0 t3.989
494708 450000 94 4 w222604 r2306216 m2423031 f2253 r65977253 p500
 68699469=12883619+33764275+24912528 i21334197 u57343628 u0 t4.098
505590 460000 94 4 w230480 r2459552 m2578533 f2273 r68530505 p500
 70351529=13192036+34579703+25508938 i21821489 u58749237 u0 t4.102
516566 470000 94 4 w240214 r2612182 m2734087 f2293 r71253309 p500
 71990799=13497983+35383004+26106827 i22300424 u60146277 u0 t4.122
527520 480000 94 4 w249960 r2768293 m2893346 f2312 r74073092 p500
 73645396=13806248+36198720+26705962 i22787744 u61553700 u0 t4.507
538466 490000 94 4 w262016 r2926716 m3055137 f2333 r76987029 p500
 75322033=14118226+37019796+27319558 i23275410 u62984806 u0 t4.261
549399 500000 94 4 w274899 r3089104 m3221353 f2361 r80025112 p500
 77023422=14443739+37852951+27939450 i23771729 u64436168 u0 t4.352
560288 510000 94 4 w285576 r3248369 m3383605 f2385 r82800581 p500
 78683776=14754211+38673947+28537977 i24255025 u65855064 u0 t4.219
571192 520000 94 4 w297905 r3411214 m3550431 f2408 r85871233 p500
 80352709=15063905+39495351+29144441 i24741697 u67279085 u0 t4.482
582148 530000 94 4 w310853 r3576486 m3719350 f2432 r88876991 p500
 82036333=15378372+40322769+29756564 i25231710 u68717086 u0 t4.339
593039 540000 94 4 w322719 r3744592 m3890775 f2456 r91843159 p500
 83771287=15699382+41171815+30392889 i25729005 u70204909 u0 t4.4
604123 550000 94 4 w333400 r3892646 m4042188 f2476 r94637768 p500
 85292838=15985696+41911091+30952924 i26164245 u71510948 u0 t4.182
615220 560000 94 4 w342781 r4016437 m4168501 f2502 r96838527 p500
 86578403=16228956+42541143+31420367 i26529468 u72618477 u0 t3.312
626410 570000 94 4 w352675 r4138148 m4292839 f2524 r99055096 p500
 87844098=16466215+43152805+31889824 i26886918 u73708928 u0 t3.271
637646 580000 94 4 w362269 r4257468 m4414633 f2551 r101200649 p500
 89076807=16700413+43755344+32338700 i27234104 u74773860 u0 t3.198
648847 590000 94 4 w371195 r4377830 m4537685 f2575 r103444494 p500
 90374027=16941574+44376422+32827113 i27583128 u75906549 u0 t3.263
660023 600000 94 4 w381177 r4490358 m4652589 f2608 r105510914 p500
 91532379=17161983+44938682+33251930 i27908132 u76908035 u0 t3.026
671169 610000 94 4 w389949 r4602558 m4767320 f2644 r107595930 p500
 92677878=17380618+45496976+33670548 i28227950 u77900386 u0 t3.006
682330 620000 94 4 w400618 r4715153 m4882603 f2681 r109753395 p500
 93822074=17600425+46050280+34090643 i28544588 u78893563 u0 t3.026
693457 630000 94 4 w411383 r4834048 m5004195 f2721 r111920488 p500
 95055694=17831544+46649550+34545328 i28879349 u79970320 u0 t3.182
704731 640000 94 4 w421793 r4954073 m5126663 f2762 r114038931 p500
 96294484=18063003+47246521+35007530 i29216379 u81049771 u0 t3.183
715916 650000 94 4 w431152 r5067171 m5242266 f2800 r116080068 p500
 97439917=18281492+47802828+35427033 i29532596 u82045567 u0 t3.407
727122 660000 94 4 w442897 r5189978 m5368132 f2844 r118396507 p500
 98670865=18515586+48399959+35879324 i29871709 u83115744 u0 t3.249
738273 670000 94 4 w454404 r5310677 m5491709 f2894 r120625137 p500
 99875738=18744879+48985343+36321340 i30202743 u84164989 u0 t3.212
749495 680000 94 4 w464467 r5425108 m5608532 f2944 r122640404 p500
 101042378=18969139+49551143+36748333 i30519439 u85184970 u0 t3.77
760693 690000 94 4 w474820 r5546163 m5732135 f2986 r124704003 p500
 102254975=19199662+50136770+37196451 i30853886 u86238447 u0 t3.299
771972 700000 94 4 w485706 r5669353 m5858106 f3034 r126884757 p500
 103465715=19428892+50723315+37642782 i31189603 u87288951 u0 t3.186
783287 710000 94 4 w495866 r5788194 m5979430 f3088 r128880136 p500
 104639895=19653350+51296043+38070528 i31514149 u88309692 u0 t3.076
794503 720000 94 4 w506287 r5905950 m6099731 f3147 r130906032 p500
 105795632=19874772+51860524+38490371 i31834067 u89314166 u0 t3.052
805629 730000 94 4 w515909 r6028134 m6224310 f3187 r132925223 p500
 107012874=20104345+52440052+38949648 i32169376 u90369853 u0 t3.13
816809 740000 94 4 w524196 r6142831 m6341282 f3229 r134826079 p500
 108170745=20322040+52988329+39390320 i32482291 u91378712 u0 t3.534
827890 750000 94 4 w534757 r6256849 m6457770 f3280 r136745376 p500
 109346018=20541989+53535547+39846971 i32791991 u92408832 u0 t2.99
839058 760000 94 4 w543982 r6367811 m6570960 f3330 r138539395 p500
 110457269=20754203+54068761+40260177 i33091421 u93380920 u0 t2.877
850231 770000 94 4 w553388 r6487287 m6692795 f3373 r140453076 p500
 111644525=20977813+54640699+40701563 i33413726 u94416518 u0 t3.066
861324 780000 94 4 w562147 r6599636 m6807367 f3417 r142238316 p500
 112756707=21190675+55177904+41111664 i33719919 u95383593 u0 t2.898
872344 790000 94 4 w571899 r6714983 m6925017 f3476 r144074095 p500
 113901225=21409742+55727856+41536162 i34027198 u96386422 u0 t2.974
883522 800000 94 4 w581948 r6832205 m7044675 f3523 r145914445 p500
 115052441=21630278+56283615+41960824 i34337234 u97394431 u0 t2.998
894714 810000 94 4 w591725 r6945878 m7160909 f3569 r147765017 p500
 116160178=21843396+56812897+42374924 i34637397 u98361609 u0 t2.92
905844 820000 94 4 w601684 r7060820 m7278130 f3622 r149561127 p500
 117283218=22058020+57355645+42788958 i34939498 u99345024 u0 t2.943
916882 830000 94 4 w612636 r7191005 m7411224 f3681 r151667772 p500
 118549962=22298051+57962861+43262648 i35284937 u100447862 u0 t3.3
927964 840000 94 4 w624284 r7317895 m7541004 f3739 r153717110 p500
 119743931=22526808+58544733+43697160 i35616717 u101484351 u0 t3.803
939033 850000 94 4 w636794 r7451957 m7678101 f3802 r155837477 p500
 121004021=22765153+59154770+44162141 i35966790 u102576462 u0 t3.356
950128 860000 94 4 w648971 r7584802 m7813967 f3870 r157967612 p500
 122238906=23000262+59758465+44610477 i36311258 u103646766 u0 t3.313
961260 870000 94 4 w660919 r7714444 m7946439 f3938 r160007839 p500
 123458240=23233305+60350981+45056192 i36649503 u104704772 u0 t3.245
972424 880000 94 4 w673662 r7844617 m8079765 f4004 r162128284 p500
 124673071=23464512+60935225+45507233 i36986279 u105757742 u0 t3.26
983571 890000 94 4 w687059 r7975960 m8214399 f4061 r164300302 p500
 125884339=23693919+61524697+45951038 i37324672 u106805989 u0 t3.286
994789 900000 94 4 w700239 r8101354 m8343045 f4127 r166438144 p500
 127057729=23916913+62089299+46386559 i37643034 u107830274 u0 t3.174
1005944 910000 94 4 w714025 r8227759 m8472590 f4196 r168549998 p500
 128303140=24152134+62684289+46852627 i37966256 u108930709 u0 t3.236
1017100 920000 94 4 w726277 r8347581 m8595360 f4267 r170514534 p500
 129430527=24368312+63227679+47268896 i38273619 u109914038 u0 t3.03
1028294 930000 94 4 w738402 r8465175 m8715739 f4338 r172426142 p500
 130528672=24578027+63757612+47674280 i38572440 u110872308 u0 t3.662
1039422 940000 94 4 w751025 r8590247 m8843872 f4410 r174456898 p500
 131687822=24798359+64320403+48099625 i38889989 u111882038 u0 t3.129
1050473 950000 94 4 w762591 r8714436 m8970826 f4478 r176423543 p500
 132854628=25020471+64887893+48525915 i39204987 u112903266 u0 t3.115
1061568 960000 94 4 w775702 r8840385 m9099888 f4549 r178479207 p500
 134043065=25250332+65467521+48956677 i39521009 u113950054 u0 t3.182
1072599 970000 94 4 w790063 r8973018 m9235779 f4623 r180648558 p500
 135291842=25485759+66067542+49422289 i39852543 u115046324 u0 t3.369
1083733 980000 94 4 w802648 r9093237 m9358874 f4689 r182592757 p500
 136399095=25701025+66611278+49818915 i40150923 u116018210 u0 t3.005
1094785 990000 94 4 w816326 r9216392 m9485162 f4760 r184634439 p500
 137519045=25917256+67155540+50227039 i40456912 u116995624 u0 t3.071
1105876 1000000 94 4 w829833 r9342847 m9614626 f4844 r186665526 p500
 138665708=26137694+67717784+50640858 i40771120 u117996466 u0 t3.131
1117034 1010000 94 4 w842996 r9466572 m9741200 f4914 r188656369 p500
 139787398=26354447+68264708+51048324 i41078618 u118974337 u0 t3.053
1128112 1020000 94 4 w856521 r9593663 m9871337 f4991 r190712748 p500
 140921786=26573667+68822755+51454803 i41391947 u119962435 u0 t3.87
1139060 1030000 94 4 w871024 r9735349 m10016283 f5075 r192956026 p500
 142169257=26814499+69435817+51902693 i41741535 u121043487 u0 t3.43
1150007 1040000 94 4 w888224 r9893184 m10177658 f5174 r195403594 p500
 143561524=27079997+70114418+52410409 i42130554 u122248671 u0 t3.785
1160894 1050000 94 4 w906442 r10058320 m10346732 f5284 r198076610 p500
 144998329=27351325+70820475+52930355 i42537040 u123488330 u0 t3.937
1171814 1060000 94 4 w924531 r10218559 m10510810 f5395 r200653331 p500
 146379091=27613814+71499763+53428044 i42927697 u124680003 u0 t3.817
1182789 1070000 94 4 w943165 r10380492 m10676494 f5507 r203205199 p500
 147771408=27879097+72187374+53926677 i43323464 u125880676 u0 t3.856
1193726 1080000 94 4 w961003 r10539080 m10838717 f5613 r205697637 p500
 149134062=28139226+72857138+54417545 i43707862 u127058075 u0 t3.756
1204582 1090000 94 4 w982407 r10707757 m11011690 f5746 r208438190 p500
 150558184=28410799+73563244+54924918 i44113214 u128285922 u0 t4.005
1215452 1100000 94 4 w1002059 r10876141 m11183974 f5871 r211063332 p500
 152005108=28686815+74275924+55445124 i44518989 u129538138 u0 t4.891
1226363 1110000 94 4 w1022161 r11052431 m11364150 f5987 r213792791 p500
 153500818=28969234+75014161+55983165 i44942304 u130829231 u0 t4.179
1237247 1120000 94 4 w1040198 r11219179 m11534397 f6102 r216332890 p500
 154937431=29243148+75724625+56496700 i45344265 u132074332 u0 t3.983
1248176 1130000 94 4 w1059365 r11391605 m11710569 f6226 r218977589 p500
 156402730=29522271+76447278+57022334 i45758121 u133340234 u0 t4.029
1259068 1140000 94 4 w1078142 r11563207 m11885484 f6360 r221518030 p500
 157861125=29797984+77168674+57545261 i46172256 u134597691 u0 t3.989
1269968 1150000 94 4 w1097155 r11736984 m12062711 f6491 r224150110 p500
 159329502=30076802+77900612+58066160 i46588891 u135865179 u0 t4.032
1280888 1160000 94 4 w1116228 r11910861 m12239982 f6622 r226730526 p500
 160787355=30353504+78624948+58585500 i47005973 u137119787 u0 t4.023
1291754 1170000 94 4 w1137960 r12087946 m12420765 f6756 r229417813 p500
 162257081=30632523+79353396+59110031 i47424370 u138386857 u0 t4.968
1302652 1180000 94 4 w1158063 r12264670 m12600896 f6891 r232069583 p500
 163740220=30914947+80088433+59638605 i47843012 u139669557 u0 t4.094
1313613 1190000 94 4 w1177968 r12441966 m12781529 f7033 r234674602 p500
 165222360=31196414+80824289+60166997 i48263471 u140948966 u0 t4.088
1324596 1200000 94 4 w1197901 r12620011 m12962928 f7170 r237280357 p500
 166705137=31477696+81562307+60693488 i48682821 u142230606 u0 t4.08
1335456 1210000 94 4 w1221149 r12804715 m13151472 f7318 r240112522 p500
 168224630=31765450+82316176+61235826 i49115969 u143539852 u0 t4.254
1346441 1220000 94 4 w1244195 r12991360 m13341802 f7476 r242953386 p500
 169783146=32059975+83084342+61797322 i49551745 u144889877 u0 t4.302
1357399 1230000 94 4 w1266219 r13178472 m13532285 f7620 r245665224 p500
 171340122=32353046+83856368+62354085 i49991365 u146235015 u0 t4.281
1368385 1240000 94 4 w1290247 r13372776 m13730470 f7780 r248602080 p500
 172947608=32655798+84649796+62933484 i50444448 u147623800 u0 t5.44
1379469 1250000 94 4 w1314305 r13570642 m13932115 f7941 r251518371 p500
 174578353=32960714+85458237+63518396 i50907417 u149029420 u0 t4.511
1390543 1260000 94 4 w1340044 r13768808 m14134180 f8107 r254519447 p500
 176216491=33265767+86260659+64117373 i51366723 u150444851 u0 t4.527
1401635 1270000 94 4 w1366064 r13969246 m14338694 f8278 r257563586 p500
 177844395=33572063+87068311+64699569 i51828985 u151848883 u0 t4.556
1412662 1280000 94 4 w1391276 r14167206 m14540477 f8444 r260511133 p500
 179448459=33876558+87868585+65267066 i52286650 u153231711 u0 t4.484
1423732 1290000 94 4 w1415681 r14362618 m14739658 f8607 r263416758 p500
 181048813=34176734+88658077+65844466 i52741476 u154610741 u0 t4.468
1434749 1300000 94 4 w1439712 r14563428 m14944058 f8768 r266337088 p500
 182708012=34486059+89473649+66447219 i53211424 u156040798 u0 t5.618
1445738 1310000 94 4 w1467282 r14770940 m15155551 f8949 r269464743 p500
 184393702=34802514+90300279+67060581 i53694281 u157488201 u0 t4.699
1456743 1320000 94 4 w1493373 r14976700 m15365174 f9125 r272520973 p500
 186070228=35117419+91124338+67668654 i54171708 u158931039 u0 t4.642
1467716 1330000 94 4 w1520652 r15191446 m15583917 f9310 r275695770 p500
 187826313=35446439+91987570+68306198 i54669916 u160443871 u0 t4.853
1478847 1340000 94 4 w1550283 r15406858 m15803673 f9500 r279003444 p500
 189576199=35770546+92843092+68948282 i55169340 u161946844 u0 t4.879
1489858 1350000 94 4 w1580226 r15621684 m16022891 f9688 r282323565 p500
 191293701=36091273+93689714+69570361 i55663177 u163420265 u0 t4.84
1500812 1360000 94 4 w1606998 r15825348 m16230450 f9871 r285331538 p500
 192945486=36397575+94496222+70177408 i56135873 u164838154 u0 t4.592
1511816 1370000 94 4 w1635868 r16034629 m16443808 f10043 r288456104 p500
 194629032=36712328+95326971+70785491 i56616578 u166286382 u0 t5.937
1522795 1380000 94 4 w1662774 r16237899 m16650910 f10214 r291417330 p500
 196261102=37016279+96132860+71375067 i57085493 u167686743 u0 t4.57
1533703 1390000 94 4 w1690280 r16445676 m16862711 f10381 r294512774 p500
 197916575=37324591+96947275+71976454 i57565936 u169102197 u0 t4.646
1544569 1400000 94 4 w1718721 r16652278 m17073415 f10562 r297568144 p500
 199559254=37633477+97759355+72566894 i58035113 u170515732 u0 t4.638
1555499 1410000 94 4 w1750658 r16874747 m17300428 f10751 r300890126 p500
 201315489=37961627+98624605+73202702 i58536410 u172025613 u0 t4.956
1566395 1420000 94 4 w1781155 r17091828 m17521733 f10938 r304035998 p500
 203040846=38283743+99480615+73821796 i59029096 u173510116 u0 t4.873
1577238 1430000 94 4 w1812081 r17311909 m17746302 f11121 r307330067 p500
 204769952=38606558+100338547+74442475 i59522258 u174998016 u0 t6.14
1588118 1440000 98 4 w1844212 r17533572 m17972524 f11311 r310609593 p500
 206501959=38930450+101195825+75064960 i60019516 u176485059 u0 t4.925
1598949 1450000 98 4 w1876434 r17758377 m18202013 f11500 r313947590 p500
 208268953=39258962+102068645+75703589 i60524797 u178003770 u0 t4.992
1609797 1460000 98 4 w1906750 r17981751 m18429458 f11698 r317107424 p500
 210044942=39588610+102945770+76346402 i61028436 u179533643 u0 t4.984
1620630 1470000 98 4 w1939757 r18205654 m18657919 f11895 r320402197 p500
 211794580=39917932+103814704+76971466 i61524758 u181042370 u0 t4.975
1631477 1480000 98 4 w1970118 r18427523 m18883901 f12081 r323585347 p500
 213544040=40245036+104679189+77602217 i62022280 u182548529 u0 t6.297
1642373 1490000 98 4 w2002445 r18656400 m19117152 f12282 r326894635 p500
 215341277=40581294+105569208+78248295 i62531095 u184098771 u0 t5.083
1653233 1500000 98 4 w2035910 r18885777 m19351034 f12481 r330214223 p500
 217140856=40916400+106459891+78897100 i63039844 u185651582 u0 t5.088
1664130 1510000 98 4 w2068620 r19111535 m19581224 f12677 r333484725 p500
 218918858=41246818+107335188+79542975 i63539469 u187187470 u0 t5.017
1675034 1520000 98 4 w2100735 r19338281 m19812237 f12879 r336727292 p500
 220707779=41578831+108217124+80191729 i64041977 u188733353 u0 t5.042
1685958 1530000 98 4 w2135716 r19572219 m20050890 f13088 r340147923 p500
 222527075=41916353+109112653+80853011 i64554944 u190303424 u0 t5.191
1696847 1540000 98 4 w2170365 r19800241 m20283276 f13286 r343424563 p500
 224315173=42247472+109988212+81508045 i65058575 u191845715 u0 t6.492
1707676 1550000 98 4 w2203706 r20035366 m20522706 f13484 r346775950 p500
 226145545=42585443+110889061+82174588 i65576708 u193422511 u0 t5.18
1718573 1560000 98 4 w2238438 r20270373 m20762107 f13702 r350137310 p500
 227977330=42923423+111787999+82844853 i66092820 u195002001 u0 t5.187
1729487 1570000 98 4 w2272855 r20499491 m20995781 f13903 r353451747 p500
 229753610=43251319+112659502+83494699 i66591505 u196536037 u0 t5.079
1740347 1580000 98 4 w2311283 r20731962 m21233094 f14109 r356896446 p500
 231553099=43584045+113540125+84154532 i67096149 u198090358 u0 t5.765
1751207 1590000 98 4 w2347423 r20969099 m21474795 f14327 r360318998 p500
 233379935=43922519+114439161+84819331 i67609720 u199667517 u0 t7.806
1762023 1600000 98 4 w2382479 r21200249 m21710443 f14534 r363636967 p500
 235155838=44253360+115316780+85460368 i68110440 u201200711 u0 t6.244
1772878 1610000 98 4 w2421351 r21431789 m21946686 f14744 r367040957 p500
 236929765=44581601+116184385+86111450 i68609680 u202731408 u0 t7.176
1783723 1620000 98 4 w2458826 r21663354 m22182951 f14954 r370390953 p500
 238688802=44908359+117054935+86745914 i69105588 u204250041 u0 t7.039
1794607 1630000 98 4 w2492864 r21894072 m22417900 f15153 r373628270 p500
 240464474=45236721+117925167+87395625 i69607806 u205779302 u0 t8.569
1805498 1640000 98 4 w2529013 r22128598 m22656899 f15366 r376978421 p500
 242254148=45568299+118810419+88042812 i70112424 u207324247 u0 t7.268
1816421 1650000 98 4 w2566430 r22364402 m22897188 f15571 r380346116 p500
 244050460=45899875+119697682+88694294 i70622104 u208871022 u0 t7.557
1827273 1660000 98 4 w2608587 r22605006 m23142890 f15800 r383936785 p500
 245854594=46234182+120581771+89354317 i71130544 u210426966 u0 t8.043
1838160 1670000 98 4 w2644744 r22840638 m23382660 f15997 r387239100 p500
 247658499=46569016+121468086+90011461 i71642107 u211980054 u0 t9.323
1849005 1680000 98 4 w2680795 r23072520 m23618872 f16208 r390529400 p500
 249430273=46895841+122335533+90661287 i72139611 u213510033 u0 t7.923
1859879 1690000 98 4 w2715489 r23296852 m23847267 f16416 r393633721 p500
 251131274=47212314+123178813+91272930 i72620533 u214977926 u0 t8.02
1870739 1700000 98 4 w2751501 r23529711 m24084143 f16628 r396862810 p500
 252891040=47539368+124052324+91905243 i73116754 u216497809 u0 t8.118
1881698 1710000 98 4 w2785591 r23751506 m24309828 f16825 r399917681 p500
 254580506=47855131+124886720+92515238 i73591465 u217958433 u0 t9.223
1892578 1720000 98 4 w2824110 r23980897 m24543586 f17038 r403188924 p500
 256293641=48175629+125733252+93133032 i74072152 u219440569 u0 t8.213
1903425 1730000 98 4 w2863694 r24214369 m24781439 f17251 r406518109 p500
 258022910=48497010+126587322+93759134 i74558117 u220935484 u0 t8.343
1914319 1740000 98 4 w2903606 r24451829 m25023144 f17468 r409868527 p500
 259815204=48830591+127465985+94414633 i75061166 u222483411 u0 t10.11
1925121 1750000 98 4 w2940585 r24682059 m25257310 f17680 r413066938 p500
 261541343=49152780+128320704+95035874 i75548074 u223974430 u0 t8.517
1936035 1760000 98 4 w2979634 r24921685 m25500979 f17918 r416385650 p500
 263330388=49486166+129206644+95680319 i76055496 u225516535 u0 t8.858
1946942 1770000 98 4 w3014882 r25147633 m25730704 f18116 r419474540 p500
 265050277=49805913+130048834+96309100 i76531712 u227008719 u0 t8.458
1957829 1780000 98 4 w3053027 r25377365 m25964633 f18331 r422705237 p500
 266753294=50124837+130892409+96920924 i77010912 u228481338 u0 t9.737
1968722 1790000 98 4 w3093430 r25611714 m26202964 f18547 r425955406 p500
 268493543=50448738+131746780+97555153 i77499698 u229984863 u0 t8.556
1979581 1800000 98 4 w3130841 r25836974 m26432287 f18757 r429108273 p500
 270164279=50760784+132567358+98163030 i77971376 u231426027 u0 t8.321
1990482 1810000 98 4 w3168756 r26060073 m26659251 f18971 r432221609 p500
 271830243=51072078+133383609+98770954 i78436072 u232868617 u0 t9.506
2001382 1820000 98 4 w3208881 r26286065 m26889406 f19191 r435428813 p500
 273492860=51381901+134197434+99378988 i78905271 u234302574 u0 t8.326
2012247 1830000 98 4 w3248177 r26514945 m27122354 f19403 r438631172 p500
 275187109=51698828+135031055+99993694 i79379095 u235768910 u0 t8.347
2023129 1840000 98 4 w3287878 r26741872 m27353265 f19620 r441783689 p500
 276861592=52011531+135854419+100601948 i79847842 u237217373 u0 t10.185
2034053 1850000 98 4 w3330609 r26978628 m27594356 f19850 r445126505 p500
 278586075=52334285+136703614+101226344 i80331422 u238708857 u0 t8.515
2044917 1860000 98 4 w3367213 r27202276 m27821750 f20054 r448185269 p500
 280251213=52646493+137526857+101825999 i80796546 u240151641 u0 t7.965
2055814 1870000 98 4 w3407113 r27432351 m28055749 f20271 r451400235 p500
 281924739=52958787+138352252+102431693 i81274500 u241590499 u0 t8.287
2066728 1880000 98 4 w3443694 r27656038 m28283132 f20475 r454431951 p500
 283579249=53268198+139169715+103028499 i81739928 u243020373 u0 t8.68
2077660 1890000 98 4 w3482180 r27882062 m28512980 f20695 r457510638 p500
 285237033=53579291+139988643+103625276 i82204240 u244455153 u0 t7.456
2088614 1900000 98 4 w3521753 r28110503 m28745281 f20908 r460683728 p500
 286912644=53892334+140810185+104236342 i82674078 u245903090 u0 t7.332
2099586 1910000 98 4 w3562692 r28343003 m28981588 f21124 r463837625 p500
 288616232=54209092+141647327+104856773 i83149523 u247377996 u0 t8.905
2110524 1920000 98 4 w3600634 r28566682 m29208999 f21329 r466858516 p500
 290241226=54514628+142446303+105445707 i83604386 u248783978 u0 t8.776
2121483 1930000 98 4 w3641826 r28799385 m29445572 f21547 r469999707 p500
 291923559=54829824+143276743+106052509 i84078484 u250237243 u0 t7.942
2132440 1940000 98 4 w3681231 r29024184 m29674039 f21763 r473033053 p500
 293565773=55136147+144083806+106649829 i84539198 u251656696 u0 t8.268
2143340 1950000 98 4 w3724021 r29256557 m29910470 f21985 r476218517 p500
 295239008=55448866+144906211+107257959 i85007292 u253104777 u0 t9.879
2154286 1960000 98 4 w3765803 r29482592 m30140542 f22205 r479330939 p500
 296860096=55753647+145703015+107845349 i85460181 u254508861 u0 t7.472
2165157 1970000 98 4 w3802928 r29695056 m30356431 f22414 r482139756 p500
 298412580=56044541+146464173+108410690 i85892391 u255854040 u0 t7.201
2176142 1980000 98 4 w3842363 r29912782 m30577979 f22608 r485122317 p500
 299979485=56338336+147235354+108978387 i86330152 u257211018 u0 t8.846
2187090 1990000 98 4 w3884508 r30141727 m30810753 f22827 r488216407 p500
 301618564=56644427+148044181+109570863 i86792170 u258626428 u0 t9.294
2198031 2000000 98 4 w3923865 r30359203 m31031833 f23031 r491140116 p500
 303185199=56938922+148817650+110135174 i87231043 u259982837 u0 t7.391
2208970 2010000 98 4 w3961321 r30574880 m31251047 f23236 r493986825 p500
 304752529=57232179+149587337+110705160 i87666494 u261341962 u0 t8.17
2219875 2020000 98 4 w3997556 r30791692 m31471149 f23432 r496814911 p500
 306334444=57532947+150371332+111270390 i88109267 u262712669 u0 t9.727
2230717 2030000 98 4 w4035926 r31004585 m31687684 f23622 r499671640 p500
 307845640=57817947+151122157+111809522 i88530556 u264023916 u0 t7.212
2241553 2040000 98 4 w4075033 r31218821 m31905243 f23822 r502497131 p500
 309373559=58105977+151881084+112355382 i88962035 u265343964 u0 t7.149
2252478 2050000 98 4 w4117421 r31439078 m32129339 f24043 r505494627 p500
 310917790=58397345+152645204+112909509 i89396570 u266679574 u0 t9.149
2263400 2060000 98 4 w4156873 r31654502 m32348311 f24238 r508384123 p500
 312460625=58688082+153405052+113466745 i89828715 u268015014 u0 t9.384
2274335 2070000 98 4 w4195345 r31869769 m32566887 f24446 r511216566 p500
 314006102=58979073+154169481+114021856 i90259143 u269355948 u0 t7.345
2285238 2080000 98 4 w4231230 r32075104 m32775331 f24632 r513902516 p500
 315479750=59257780+154893633+114554722 i90668620 u270635206 u0 t7.243
2296195 2090000 98 4 w4270958 r32288083 m32991619 f24825 r516697484 p500
 317001731=59547159+155648315+115097236 i91090504 u271958347 u0 t8.963
2307093 2100000 98 4 w4309981 r32505008 m33211901 f25038 r519533794 p500
 318548773=59841584+156419314+115645200 i91519081 u273304841 u0 t8.869
2317991 2110000 98 4 w4345717 r32714628 m33424706 f25230 r522249056 p500
 320065299=60129115+157167613+116190533 i91938574 u274623751 u0 t6.906
2328915 2120000 98 4 w4385225 r32924447 m33637894 f25443 r525045542 p500
 321540215=60409483+157900375+116714922 i92349402 u275904385 u0 t8.055
2339889 2130000 98 4 w4424938 r33141488 m33858429 f25653 r527919582 p500
 323065261=60697601+158658425+117258231 i92777299 u277225561 u0 t10.176
2350849 2140000 98 4 w4465354 r33353984 m34074222 f25845 r530689113 p500
 324569265=60981044+159406540+117794063 i93196896 u278530504 u0 t6.927
2361818 2150000 98 4 w4505040 r33566565 m34290167 f26047 r533526116 p500
 326046152=61261071+160142425+118317701 i93611418 u279810615 u0 t7.208
2372703 2160000 98 4 w4549331 r33787284 m34514654 f26268 r536500174 p500
 327582184=61550055+160900281+118871918 i94038490 u281143325 u0 t9.564
2383611 2170000 98 4 w4587542 r33991326 m34721917 f26459 r539164627 p500
 329020922=61822909+161615512+119384118 i94439092 u282392999 u0 t8.818
2394538 2180000 98 4 w4624851 r34197516 m34931276 f26654 r541849259 p500
 330471629=62098696+162341500+119894759 i94845751 u283651448 u0 t6.655
2405448 2190000 98 4 w4670032 r34424351 m35161789 f26877 r544891841 p500
 332047271=62396170+163128686+120452538 i95286030 u285018694 u0 t8.594
2416385 2200000 98 4 w4711260 r34641998 m35382845 f27072 r547777644 p500
 333572666=62685021+163886371+120996688 i95710466 u286343385 u0 t10.786
2427291 2210000 98 4 w4749841 r34852934 m35597023 f27277 r550546631 p500
 335055143=62966104+164620723+121527322 i96120935 u287632641 u0 t7.029
2438224 2220000 98 4 w4790398 r35068770 m35816097 f27476 r553373659 p500
 336562217=63251798+165373345+122060337 i96542672 u288939924 u0 t7.095
2449156 2230000 98 4 w4831840 r35289189 m36040010 f27693 r556256346 p500
 338098459=63544180+166137065+122607027 i96969006 u290275361 u0 t11.211
2460085 2240000 98 4 w4875140 r35514434 m36268840 f27909 r559205714 p500
 339674646=63843459+166921569+123166520 i97410506 u291641404 u0 t9.923
2471031 2250000 98 4 w4920519 r35751897 m36510049 f28138 r562358913 p500
 341328210=64154312+167736404+123763454 i97873269 u293072806 u0 t7.644
2481891 2260000 98 4 w4964674 r35979118 m36740927 f28350 r565376325 p500
 342920083=64455059+168519044+124339183 i98313104 u294456247 u0 t9.561
2492839 2270000 98 4 w5007821 r36206678 m36971974 f28567 r568347160 p500
 344524921=64756129+169308970+124920281 i98757989 u295850125 u0 t10.52
2503770 2280000 98 4 w5048627 r36439519 m37208090 f28790 r571337935 p500
 346165162=65065474+170120749+125508601 i99215578 u297272433 u0 t7.545
2514685 2290000 98 4 w5096336 r36673816 m37446152 f29010 r574446826 p500
 347777848=65367627+170914357+126092662 i99662973 u298672717 u0 t9.047
2525687 2300000 98 4 w5143937 r36912076 m37688095 f29227 r577523468 p500
 349430545=65676532+171726819+126692637 i100121261 u300106564 u0 t11.191
2536614 2310000 98 4 w5189513 r37148747 m37928460 f29450 r580617949 p500
 351071451=65982635+172534843+127287328 i100578476 u301528744 u0 t7.758
2547690 2320000 98 4 w5237358 r37396782 m38180455 f29683 r583871662 p500
 352775778=66300992+173374078+127904909 i101057956 u303000815 u0 t9.185
2558712 2330000 98 4 w5287799 r37646195 m38433849 f29918 r587152264 p500
 354479316=66619346+174214406+128520914 i101533561 u304476202 u0 t12.164
2569709 2340000 98 4 w5333036 r37883549 m38674663 f30142 r590160015 p500
 356119805=66929028+175032721+129102647 i101992534 u305899068 u0 t7.736
2580699 2350000 98 4 w5384363 r38139804 m38935070 f30393 r593544034 p500
 357866964=67253211+175889572+129740727 i102480790 u307411103 u0 t9.283
2591715 2360000 98 4 w5431478 r38386074 m39184962 f30623 r596722461 p500
 359567786=67570318+176725970+130359040 i102957378 u308881926 u0 t10.451
2602831 2370000 98 4 w5480855 r38644041 m39446622 f30863 r600046863 p500
 361333792=67899238+177596044+130999231 i103456930 u310405113 u0 t9.744
2613986 2380000 98 4 w5533808 r38906486 m39713224 f31121 r603479089 p500
 363142482=68230805+178475866+131670086 i103959969 u311970576 u0 t9.72
2624949 2390000 98 4 w5586551 r39172361 m39983061 f31370 r606939515 p500
 364958236=68564734+179361240+132340258 i104473901 u313533640 u0 t13.24
2635909 2400000 98 4 w5639986 r39442131 m40257013 f31639 r610475789 p500
 366793730=68902583+180257977+133015980 i104994977 u315112026 u0 t8.653
2646913 2410000 98 4 w5696237 r39704146 m40523359 f31899 r613975518 p500
 368547145=69226359+181113701+133662091 i105492734 u316619847 u0 t10.527
2657884 2420000 98 4 w5746811 r39953695 m40776921 f32142 r617243008 p500
 370250731=69543017+181948977+134283765 i105970329 u318092251 u0 t12.021
2668918 2430000 98 4 w5794185 r40198967 m41025953 f32379 r620439408 p500
 371945322=69856853+182774867+134907311 i106448176 u319552786 u0 t7.915
2679809 2440000 98 4 w5843126 r40444919 m41275676 f32617 r623641284 p500
 373593581=70165485+183587194+135502806 i106921542 u320967136 u0 t9.989
2690746 2450000 98 4 w5896683 r40696830 m41531570 f32865 r626939695 p500
 375264720=70476389+184414187+136105353 i107396211 u322406601 u0 t12.357
2701594 2460000 98 4 w5949711 r40959295 m41798126 f33114 r630299609 p500
 377026930=70804693+185280946+136745108 i107893762 u323926698 u0 t8.361
2712475 2470000 98 4 w6004640 r41218511 m42061425 f33359 r633679931 p500
 378737263=71123410+186129022+137359557 i108377731 u325402276 u0 t11.143
2723357 2480000 98 4 w6056806 r41477966 m42324903 f33599 r637057156 p500
 380487312=71448455+186993343+137992235 i108866392 u326917977 u0 t11.938
2734166 2490000 98 4 w6108983 r41733297 m42584188 f33854 r640373953 p500
 382198008=71767922+187837145+138610930 i109347579 u328396213 u0 t8.133
2745023 2500000 98 4 w6163318 r41996707 m42851626 f34113 r643775576 p500
 383959894=72094365+188705047+139250992 i109841728 u329919586 u0 t12.03
2755880 2510000 98 4 w6216642 r42257524 m43116420 f34352 r647106753 p500
 385703167=72418171+189565642+139881664 i110333890 u331423875 u0 t11.395
2766772 2520000 98 4 w6272022 r42524173 m43387291 f34601 r650562101 p500
 387463915=72744985+190431468+140522076 i110829899 u332944092 u0 t9.378
2777605 2530000 98 4 w6325501 r42784314 m43651371 f34863 r653897225 p500
 389210228=73071109+191290840+141155266 i111316262 u334457521 u0 t12.459
2788466 2540000 98 4 w6380911 r43051598 m43922743 f35127 r657327453 p500
 390993909=73404998+192169507+141801285 i111814910 u336001068 u0 t11.194
2799329 2550000 98 4 w6438866 r43330175 m44205632 f35391 r660907472 p500
 392854420=73747077+193084037+142481169 i112335483 u337609514 u0 t11.866
2810193 2560000 98 4 w6491845 r43591401 m44470624 f35640 r664223623 p500
 394586159=74069903+193939379+143107037 i112827934 u339100302 u0 t13.037
2821115 2570000 98 4 w6543296 r43856583 m44739634 f35880 r667549900 p500
 396373826=74400327+194815979+143761002 i113329618 u340644032 u0 t9.503
2832025 2580000 98 4 w6599280 r44132945 m45020129 f36149 r671069372 p500
 398201255=74740005+195716688+144423938 i113843776 u342222369 u0 t13.84
2842894 2590000 98 4 w6656016 r44399621 m45290994 f36398 r674490766 p500
 399960847=75065977+196579438+145067417 i114336200 u343744024 u0 t12.02
2853742 2600000 98 4 w6712749 r44679254 m45574825 f36677 r678042495 p500
 401811606=75407228+197492340+145739755 i114855929 u345343098 u0 t13.358
2864632 2610000 98 4 w6775267 r44962418 m45862421 f36941 r681667394 p500
 403667938=75750164+198409676+146411796 i115373434 u346951113 u0 t14.62
2875503 2620000 98 4 w6833798 r45242215 m46146462 f37205 r685228731 p500
 405501159=76090970+199311905+147078261 i115886173 u348537409 u0 t12.743
2886360 2630000 98 4 w6891516 r45520546 m46429165 f37471 r688786244 p500
 407318366=76428575+200209412+147736224 i116395410 u350109532 u0 t15.069
2897239 2640000 98 4 w6952336 r45798867 m46711631 f37731 r692320266 p500
 409133056=76766400+201102310+148395416 i116902203 u351680002 u0 t11.987
2908079 2650000 98 4 w7015363 r46086348 m47003648 f38015 r696015939 p500
 410998864=77114173+202021245+149071755 i117424219 u353294286 u0 t16.826
2919336 2660000 98 4 w7073688 r46364659 m47286136 f38280 r699546257 p500
 412865067=77458530+202937687+149753768 i117937127 u354916833 u0 t12.135
2930193 2670000 98 4 w7137386 r46655440 m47581332 f38566 r703270311 p500
 414758000=77807457+203871475+150441568 i118463972 u356556844 u0 t17.784
2941058 2680000 98 4 w7192911 r46929938 m47859748 f38815 r706751094 p500
 416562270=78141599+204760078+151096999 i118970479 u358115764 u0 t11.938
2951948 2690000 98 4 w7251116 r47208507 m48142386 f39099 r710266490 p500
 418394539=78482055+205663983+151760388 i119479489 u359704881 u0 t17.508
2962792 2700000 98 4 w7308922 r47483394 m48421158 f39361 r713707448 p500
 420187217=78815080+206550893+152407352 i119982408 u361255208 u0 t12.2
2973731 2710000 98 4 w7363299 r47751578 m48693227 f39604 r717067211 p500
 421964419=79147440+207422080+153055183 i120474058 u362797536 u0 t17.459
2984605 2720000 98 4 w7419422 r48023335 m48968913 f39854 r720504451 p500
 423762143=79480123+208299524+153716869 i120968385 u364359168 u0 t12.685
2995574 2730000 98 4 w7478756 r48296154 m49245812 f40119 r723963277 p500
 425541752=79809041+209170703+154369161 i121463783 u365899442 u0 t17.928
3006468 2740000 98 4 w7543565 r48582979 m49537157 f40401 r727631341 p500
 427360531=80145047+210063377+155033656 i121971531 u367472268 u0 t14.578
3017345 2750000 98 4 w7602907 r48854329 m49812560 f40653 r731041923 p500
 429112438=80471442+210929417+155665367 i122461963 u368988514 u0 t17.693
3028291 2760000 98 4 w7660966 r49125827 m50088081 f40922 r734469770 p500
 430853600=80794047+211779719+156304369 i122951318 u370490820 u0 t14.619
3039192 2770000 98 4 w7720520 r49391525 m50357857 f41182 r737837996 p500
 432538433=81107781+212604136+156920876 i123417938 u371951812 u0 t16.909
3050078 2780000 98 4 w7777161 r49653376 m50623420 f41427 r741089199 p500
 434247249=81429025+213437678+157545321 i123891048 u373433578 u0 t14.975
3060975 2790000 98 4 w7835985 r49926897 m50901054 f41690 r744548706 p500
 436026687=81761299+214309122+158194388 i124379253 u374981100 u0 t17.234
3071909 2800000 98 4 w7892828 r50190047 m51168039 f41934 r747868673 p500
 437724194=82079126+215137529+158816081 i124846907 u376455270 u0 t15.944
3082762 2810000 98 4 w7949805 r50460881 m51442622 f42189 r751235622 p500
 439502070=82407514+216004291+159471622 i125341656 u377993540 u0 t16.845
3093667 2820000 98 4 w8007017 r50730126 m51715642 f42459 r754580453 p500
 441252447=82734822+216859879+160111709 i125828056 u379509263 u0 t18.651
3104606 2830000 98 4 w8059510 r50995745 m51984874 f42714 r757847698 p500
 443006855=83060933+217716616+160755174 i126311951 u381032498 u0 t14.427
3115556 2840000 98 4 w8116172 r51260519 m52253495 f42966 r761163198 p500
 444688453=83372727+218538465+161372214 i126777061 u382491268 u0 t18.191
3126447 2850000 98 4 w8173708 r51523340 m52520069 f43216 r764419830 p500
 446373538=83687019+219365881+161985462 i127242506 u383954844 u0 t14.74
3137354 2860000 98 4 w8231956 r51788778 m52789493 f43497 r767801542 p500
 448084382=84007354+220203011+162608609 i127713026 u385441885 u0 t18.677
3148306 2870000 98 4 w8290467 r52047276 m53051974 f43747 r771061583 p500
 449709118=84311139+221001355+163198770 i128162316 u386853000 u0 t15.986
3159170 2880000 98 4 w8347290 r52306716 m53315091 f44005 r774300372 p500
 451351854=84617903+221801995+163801968 i128616009 u388278700 u0 t17.414
3170031 2890000 98 4 w8404119 r52565000 m53576980 f44247 r777493732 p500
 453013464=84929197+222613409+164410018 i129071691 u389724517 u0 t17.041
3180938 2900000 98 4 w8460704 r52823814 m53839439 f44493 r780701470 p500
 454661653=85237772+223419310+165012214 i129526611 u391155942 u0 t16.209
3191816 2910000 98 4 w8515160 r53085557 m54104754 f44749 r783933623 p500
 456350563=85550943+224239007+165637719 i129989976 u392623854 u0 t19.115
3202736 2920000 98 4 w8571771 r53354252 m54377027 f44999 r787248801 p500
 458067153=85872724+225081730+166261300 i130466173 u394112587 u0 t15.313
3213588 2930000 98 4 w8633495 r53626810 m54653484 f45272 r790624471 p500
 459765373=86191151+225911223+166882755 i130936287 u395585223 u0 t19.783
3224450 2940000 98 4 w8695329 r53899021 m54929667 f45546 r794014177 p500
 461458928=86506008+226744045+167499049 i131409969 u397049933 u0 t18.313
3235384 2950000 98 4 w8752680 r54161484 m55195798 f45795 r797209061 p500
 463116197=86815084+227563971+168096135 i131872938 u398485741 u0 t17.535
3246267 2960000 98 4 w8814260 r54440312 m55478618 f46058 r800653725 p500
 464858572=87140340+228419116+168730513 i132357924 u399995253 u0 t20.469
3257218 2970000 98 4 w8875644 r54717978 m55760210 f46320 r804082159 p500
 466613043=87466184+229282063+169368886 i132842044 u401519268 u0 t17.442
3268155 2980000 98 4 w8938394 r54985619 m56031859 f46585 r807399574 p500
 468268345=87775613+230093740+169972355 i133301301 u402954541 u0 t19.406
3278993 2990000 98 4 w8996892 r55255644 m56305488 f46829 r810687165 p500
 469969684=88091505+230926035+170595793 i133770634 u404432133 u0 t20.401
3289873 3000000 98 4 w9050654 r55506247 m56559398 f47069 r813715610 p500
 471569939=88391935+231705535+171183319 i134208191 u405826010 u0 t15.202
3300770 3010000 98 4 w9105712 r55770163 m56826873 f47306 r816892570 p500
 473233215=88702596+232525378+171785521 i134670675 u407268850 u0 t20.008
3311716 3020000 98 4 w9163668 r56037562 m57097971 f47563 r820137661 p500
 474884673=89011900+233343665+172378752 i135133332 u408697989 u0 t18.043
3322684 3030000 98 4 w9224423 r56303689 m57367879 f47833 r823382001 p500
 476508143=89314093+234142220+172968462 i135589370 u410100802 u0 t18.858
3333558 3040000 98 4 w9284824 r56569076 m57637120 f48086 r826635277 p500
 478143335=89618542+234943975+173565204 i136043435 u411518847 u0 t21.134
3344467 3050000 98 4 w9341046 r56826618 m57898388 f48322 r829776937 p500
 479740706=89918379+235729816+174143805 i136489176 u412902728 u0 t16.775
3355390 3060000 98 4 w9397756 r57091954 m58167188 f48578 r832966541 p500
 481413555=90230618+236550325+174753668 i136953032 u414354021 u0 t20.134
3366284 3070000 98 4 w9453052 r57346029 m58424705 f48823 r836026297 p500
 482988929=90526554+237328752+175320731 i137389606 u415722257 u0 t19.913
3377177 3080000 98 4 w9511211 r57606541 m58688744 f49064 r839175125 p500
 484606376=90828035+238120584+175912411 i137836829 u417125496 u0 t17.166
3388055 3090000 98 4 w9565494 r57857877 m58943491 f49302 r842240129 p500
 486152437=91119662+238885760+176466925 i138268431 u418465813 u0 t20.272
3398880 3100000 98 4 w9625133 r58114365 m59203887 f49545 r845414268 p500
 487684732=91409424+239647787+177012078 i138698785 u419792347 u0 t19.271
3409787 3110000 98 4 w9680813 r58364684 m59457536 f49785 r848418420 p500
 489223712=91698448+240408486+177565940 i139128441 u421125905 u0 t18.187
3420708 3120000 98 4 w9740130 r58623131 m59719501 f50034 r851544595 p500
 490782935=91991868+241181842+178124338 i139563359 u422478159 u0 t20.834
3431637 3130000 98 4 w9797669 r58882405 m59982212 f50277 r854632904 p500
 492372030=92290966+241966925+178696701 i140008418 u423853437 u0 t19.346
3442607 3140000 98 4 w9854503 r59131976 m60235278 f50525 r857668955 p500
 493867448=92576404+242705730+179231840 i140423803 u425152056 u0 t18.526
3453456 3150000 98 4 w9909012 r59383809 m60490336 f50769 r860653049 p500
 495418187=92870791+243475993+179783850 i140856380 u426497889 u0 t20.801
3464366 3160000 98 4 w9964577 r59637038 m60746952 f51015 r863693414 p500
 496965905=93164709+244245385+180334175 i141289141 u427839625 u0 t18.301
3475266 3170000 98 4 w10022897 r59894444 m61007885 f51258 r866791521 p500
 498503450=93454649+245005787+180885687 i141721406 u429169098 u0 t19.924
3486141 3180000 98 4 w10082481 r60144661 m61261705 f51509 r869825823 p500
 499986467=93737184+245741372+181413828 i142132651 u430458778 u0 t21.385
3497008 3190000 98 4 w10138029 r60394909 m61515295 f51731 r872833206 p500
 501529456=94026050+246498289+181975345 i142557229 u431800666 u0 t18.475
3507853 3200000 98 4 w10189320 r60638347 m61761812 f51958 r875698085 p500
 503046528=94315829+247250146+182516173 i142975955 u433121208 u0 t19.24
3518683 3210000 98 4 w10241454 r60887153 m62013852 f52188 r878643338 p500
 504564837=94603069+248002582+183058985 i143397706 u434440067 u0 t20.617
3529542 3220000 98 4 w10296532 r61136169 m62266019 f52434 r881616823 p500
 506086275=94893147+248756521+183601564 i143822477 u435759736 u0 t17.469
3540480 3230000 98 4 w10351025 r61383199 m62516386 f52681 r884552661 p500
 507573404=95176484+249498785+184127095 i144237404 u437050971 u0 t20.573
3551409 3240000 98 4 w10410938 r61644449 m62781171 f52930 r887676713 p500
 509136873=95471881+250274203+184686028 i144673901 u438407307 u0 t22.227
3562370 3250000 98 4 w10463251 r61890008 m63029823 f53164 r890572616 p500
 510633858=95756810+251017110+185219186 i145090797 u439706786 u0 t17.547
3573321 3260000 98 4 w10520134 r62141316 m63284503 f53397 r893556341 p500
 512154000=96046342+251771055+185761166 i145513838 u441027047 u0 t21.065
3584317 3270000 98 4 w10578291 r62401134 m63547738 f53647 r896606042 p500
 513710969=96340912+252547887+186312643 i145947304 u442379400 u0 t22.153
3595165 3280000 98 4 w10635503 r62653279 m63803176 f53888 r899628267 p500
 515228581=96629794+253298986+186854747 i146367514 u443699290 u0 t19.31
3606131 3290000 98 4 w10697483 r62914858 m64068361 f54139 r902768076 p500
 516787681=96926485+254070282+187412372 i146798224 u445056127 u0 t21.475
3617031 3300000 98 4 w10756972 r63169548 m64326636 f54388 r905833509 p500
 518283230=97210185+254817315+187941213 i147215723 u446354549 u0 t21.955
3627996 3310000 98 4 w10822319 r63433138 m64594026 f54648 r909018040 p500
 519803602=97499268+255577527+188477014 i147642562 u447672147 u0 t23.365
3638920 3320000 98 4 w10882854 r63694364 m64858723 f54888 r912122271 p500
 521375357=97793274+256352274+189045452 i148079511 u449035264 u0 t19.438
3649881 3330000 98 4 w10937956 r63944820 m65112457 f55126 r915072772 p500
 522880523=98076297+257096332+189586585 i148494532 u450345059 u0 t21.604
3660867 3340000 98 4 w10998004 r64212209 m65383141 f55378 r918183756 p500
 524491346=98379936+257895167+190162843 i148944059 u451741852 u0 t23.635
3671820 3350000 98 4 w11057807 r64473104 m65647399 f55634 r921266292 p500
 526041347=98675683+258665761+190712287 i149376982 u453087253 u0 t20.898
3682790 3360000 98 4 w11113276 r64738654 m65916199 f55883 r924385784 p500
 527659189=98979775+259462349+191297294 i149824910 u454492398 u0 t22.266
3693808 3370000 98 4 w11176838 r65015882 m66197021 f56146 r927673748 p500
 529325923=99293188+260282579+191900358 i150285729 u455940232 u0 t23.863
3704793 3380000 98 4 w11235146 r65284461 m66469029 f56402 r930808330 p500
 530943036=99597880+261085253+192478334 i150737674 u457342442 u0 t23.811
3715703 3390000 98 4 w11301616 r65571893 m66760231 f56698 r934222154 p500
 532641449=99915484+261923866+193091519 i151208535 u458817552 u0 t25.347
3726649 3400000 98 4 w11368635 r65860421 m67052579 f56963 r937617786 p500
 534346355=100233850+262770851+193701842 i151682338 u460297991 u0 t23.367
3737635 3410000 98 4 w11437186 r66160876 m67356896 f57239 r941079683 p500
 536134415=100568649+263669928+194329448 i152179881 u461851738 u0 t25.372
3748614 3420000 98 4 w11504465 r66459103 m67658931 f57529 r944579829 p500
 537914023=100902009+264547432+194973249 i152671906 u463398445 u0 t26.24
3759597 3430000 98 4 w11575063 r66768360 m67972206 f57819 r948220511 p500
 539732145=101243531+265443046+195631063 i153182316 u464970147 u0 t27.694
3770552 3440000 98 4 w11646197 r67075715 m68283510 f58120 r951813373 p500
 541540282=101581932+266331149+196288272 i153689820 u466532996 u0 t27.023
3781517 3450000 98 4 w11723607 r67384799 m68596914 f58427 r955490751 p500
 543336895=101916517+267210381+196945536 i154189600 u468089707 u0 t28.151
3792483 3460000 98 4 w11795581 r67690940 m68907009 f58720 r959120969 p500
 545110372=102247713+268083308+197588556 i154696554 u469614022 u0 t27.294
3803443 3470000 98 4 w11865538 r67993853 m69213778 f59013 r962662831 p500
 546863415=102576359+268956543+198213595 i155192836 u471127722 u0 t27.091
3814317 3480000 98 4 w11931994 r68289862 m69513464 f59289 r966100105 p500
 548616293=102905061+269822514+198845436 i155685774 u472642862 u0 t26.64
3825200 3490000 98 4 w12001669 r68592189 m69819790 f59591 r969650856 p500
 550364664=103231202+270687061+199476053 i156179029 u474152884 u0 t25.192
3836062 3500000 98 4 w12069396 r68883084 m70114397 f59864 r973037378 p500
 552038884=103542915+271516196+200079361 i156656270 u475594019 u0 t24.316
3847051 3510000 98 4 w12133753 r69170813 m70405669 f60154 r976368586 p500
 553738798=103859964+272354788+200694820 i157134944 u477062174 u0 t26.024
3857981 3520000 98 4 w12205175 r69482370 m70721168 f60447 r979997983 p500
 555533103=104195864+273249791+201333926 i157647510 u478606806 u0 t28.008
3868919 3530000 98 4 w12278306 r69801240 m71044035 f60769 r983696613 p500
 557372626=104540045+274170952+201984902 i158167782 u480195907 u0 t26.167
3879700 3540000 98 4 w12352387 r70116413 m71363210 f61080 r987342983 p500
 559174845=104876493+275068763+202628452 i158677840 u481751615 u0 t26.671
3890544 3550000 98 4 w12427243 r70441560 m71692516 f61378 r991107198 p500
 561055042=105229285+276013654+203289313 i159205864 u483380483 u0 t27.212
3901420 3560000 98 4 w12501503 r70757704 m72012691 f61690 r994769365 p500
 562858759=105565004+276912894+203933282 i159716252 u484937585 u0 t25.176
3912350 3570000 98 4 w12580160 r71086128 m72345464 f62009 r998582706 p500
 564721725=105912491+277839363+204600638 i160239144 u486549633 u0 t25.107
3923255 3580000 98 4 w12655505 r71403348 m72666799 f62321 r1002258091 p500
 566536198=106252219+278740210+205250909 i160745660 u488122259 u0 t24.914
3934146 3590000 98 4 w12729243 r71726206 m72993680 f62617 r1005982819 p500
 568414514=106603182+279666108+205930533 i161271227 u489747459 u0 t24.908
3945058 3600000 98 4 w12800085 r72041782 m73313197 f62913 r1009628141 p500
 570254535=106948202+280576625+206591245 i161783485 u491342577 u0 t24.891
3955958 3610000 98 4 w12875369 r72369037 m73644517 f63238 r1013408792 p500
 572141832=107297475+281509363+207275322 i162313813 u492973040 u0 t26.423
3966817 3620000 98 4 w12953628 r72691682 m73971363 f63548 r1017170758 p500
 573970082=107641834+282420513+207926450 i162821557 u494558809 u0 t25.933
3977696 3630000 98 4 w13029189 r73014333 m74298124 f63859 r1020913900 p500
 575805413=107982970+283330149+208587350 i163336303 u496146272 u0 t23.1
3988551 3640000 98 4 w13106827 r73344040 m74631989 f64186 r1024716364 p500
 577705592=108334569+284265401+209279552 i163863153 u497794026 u0 t24.461
3999436 3650000 98 4 w13182448 r73671029 m74963040 f64485 r1028484804 p500
 579562619=108676999+285180144+209955760 i164388168 u499394996 u0 t25.242
4010266 3660000 98 4 w13256320 r73991562 m75287505 f64799 r1032169638 p500
 581403572=109018520+286095146+210616411 i164902995 u500989444 u0 t25.173
4021082 3670000 98 4 w13332659 r74315748 m75615877 f65109 r1035903733 p500
 583240958=109359012+287005073+211279561 i165421580 u502575397 u0 t25.435
4031936 3680000 98 4 w13409977 r74649364 m75953531 f65446 r1039746634 p500
 585155333=109713671+287951491+211971646 i165955506 u504233130 u0 t26.064
4042723 3690000 98 4 w13485632 r74980568 m76288688 f65748 r1043566261 p500
 587038303=110063438+288882899+212652027 i166484466 u505860132 u0 t22.276
4053582 3700000 98 4 w13566180 r75318315 m76630592 f66073 r1047440633 p500
 588932100=110417316+289824561+213331244 i167013907 u507498705 u0 t24.113
4064959 3710000 98 4 w13644190 r75646305 m76962667 f66389 r1051228026 p500
 590833801=110769097+290768842+214014911 i167534499 u509156346 u0 t25.145
4075764 3720000 98 4 w13716864 r75970903 m77291146 f66698 r1054966063 p500
 592687569=111114208+291684206+214686234 i168052476 u510761806 u0 t25.105
4086632 3730000 98 4 w13797042 r76299649 m77624160 f67017 r1058771395 p500
 594516166=111454573+292586093+215349158 i168565468 u512342503 u0 t25.681
4097561 3740000 98 4 w13869983 r76620805 m77949187 f67309 r1062467658 p500
 596344249=111792856+293482661+216017635 i169078556 u513921241 u0 t22.69
4108439 3750000 98 4 w13950275 r76954164 m78286682 f67642 r1066328124 p500
 598193638=112136705+294395735+216687696 i169603579 u515513768 u0 t26.507
4119319 3760000 98 4 w14034571 r77289910 m78626799 f67981 r1070237115 p500
 600031307=112478168+295302178+217354587 i170118874 u517102398 u0 t25.091
4130276 3770000 98 4 w14103779 r77595340 m78935757 f68273 r1073698364 p500
 601775385=112803451+296161710+217986953 i170607738 u518610666 u0 t23.333
4141183 3780000 98 4 w14176177 r77914108 m79258241 f68579 r1077309249 p500
 603575308=113140162+297048518+218638641 i171112807 u520167118 u0 t24.628
4152093 3790000 98 4 w14254963 r78237132 m79585345 f68895 r1080998403 p500
 605357853=113473021+297929801+219281371 i171612041 u521709967 u0 t25.532
4162989 3800000 98 4 w14332388 r78570480 m79922724 f69220 r1084798393 p500
 607225529=113819514+298845196+219964219 i172131010 u523328378 u0 t23.147
4173910 3810000 98 4 w14409292 r78893517 m80249644 f69539 r1088455811 p500
 609011369=114151387+299726937+220611128 i172634606 u524869743 u0 t23.266
4184895 3820000 98 4 w14485437 r79215771 m80575660 f69843 r1092094511 p500
 610800309=114485335+300612276+221255852 i173137437 u526416320 u0 t25.293
4195828 3830000 98 4 w14559902 r79529594 m80893218 f70141 r1095651158 p500
 612539258=114810255+301475328+221879594 i173624519 u527921907 u0 t24.521
4206739 3840000 98 4 w14631597 r79846534 m81213963 f70441 r1099217035 p500
 614314231=115140773+302354608+222518799 i174123199 u529456279 u0 t25.122
4217677 3850000 98 4 w14702694 r80158888 m81529895 f70725 r1102731443 p500
 616056357=115465143+303220045+223144024 i174614727 u530960727 u0 t21.761
4228607 3860000 98 4 w14775471 r80466871 m81841488 f71011 r1106202585 p500
 617780247=115785321+304072281+223767038 i175099222 u532450480 u0 t22.389
4239510 3870000 98 4 w14847539 r80774605 m82153019 f71316 r1109715490 p500
 619481374=116103108+304913119+224380667 i175577433 u533920772 u0 t23.993
4250423 3880000 98 4 w14919694 r81084916 m82467045 f71601 r1113227189 p500
 621184359=116420726+305757677+224992410 i176061018 u535388459 u0 t24.964
4261357 3890000 98 4 w14992431 r81388279 m82773955 f71906 r1116662683 p500
 622866114=116736167+306595181+225591161 i176529323 u536848104 u0 t22.694
4272391 3900000 98 4 w15068016 r81698046 m83087541 f72190 r1120194841 p500
 624582740=117063224+307431516+226220053 i177004172 u538336883 u0 t22.712
4283314 3910000 98 4 w15140668 r82008417 m83401513 f72497 r1123695965 p500
 626316773=117388783+308283688+226848724 i177490653 u539835688 u0 t23.127
4294200 3920000 98 4 w15210276 r82311461 m83708030 f72773 r1127111763 p500
 628000571=117704514+309113778+227457457 i177958559 u541296142 u0 t24.382
4305160 3930000 98 4 w15280815 r82615359 m84015382 f73056 r1130524985 p500
 629680514=118020468+309942045+228064062 i178430025 u542748886 u0 t24.388
4316083 3940000 98 4 w15355562 r82918846 m84322605 f73345 r1133958125 p500
 631336585=118335141+310758071+228660104 i178891786 u544184346 u0 t22.415
4326986 3950000 98 4 w15432991 r83243241 m84650988 f73661 r1137633184 p500
 633109716=118668571+311623473+229309182 i179381799 u545723439 u0 t24.423
4337955 3960000 98 4 w15503383 r83535712 m84946751 f73931 r1140925641 p500
 634733413=118976106+312418068+229899357 i179828702 u547135230 u0 t22.57
4348836 3970000 98 4 w15575865 r83834689 m85249236 f74214 r1144288667 p500
 636358207=119284187+313221028+230482136 i180281993 u548544462 u0 t24.272
4359757 3980000 98 4 w15644485 r84133160 m85551123 f74492 r1147650330 p500
 637990557=119591998+314032763+231064108 i180742798 u549955473 u0 t24.541
4370729 3990000 98 4 w15710753 r84425290 m85846379 f74772 r1150906973 p500
 639610573=119898008+314835807+231643424 i181195213 u551359972 u0 t19.976
4381681 4000000 98 4 w15784433 r84729397 m86154019 f75053 r1154311427 p500
 641248944=120207291+315649797+232227688 i181656949 u552776699 u0 t22.943
4392555 4010000 98 4 w15851865 r85025077 m86452936 f75347 r1157609386 p500
 642893988=120516987+316463406+232818909 i182116233 u554202275 u0 t24.49
4403440 4020000 98 4 w15920489 r85318986 m86750243 f75628 r1160942903 p500
 644498355=120818360+317255231+233397738 i182567391 u555589289 u0 t24.326
4414465 4030000 98 4 w15990217 r85611468 m87046182 f75908 r1164215520 p500
 646078505=121116953+318037769+233963267 i183010758 u556957067 u0 t21.414
4425446 4040000 98 4 w16056031 r85900369 m87338229 f76173 r1167415387 p500
 647667577=121417268+318827932+234528900 i183458320 u558332193 u0 t21.832
4436408 4050000 98 4 w16121819 r86194760 m87635968 f76455 r1170667129 p500
 649287161=121723225+319627524+235111836 i183913379 u559732891 u0 t24.336
4447331 4060000 98 4 w16196061 r86497044 m87942011 f76733 r1174055164 p500
 650889023=122025356+320424941+235681747 i184365020 u561118556 u0 t25.264
4458226 4070000 98 4 w16267684 r86796080 m88244451 f77027 r1177362986 p500
 652500762=122327945+321219552+236263692 i184814162 u562516102 u0 t25.631
4469117 4080000 98 4 w16339529 r87096708 m88548472 f77309 r1180721147 p500
 654117172=122634428+322021324+236842086 i185266230 u563916608 u0 t22.171
4480047 4090000 98 4 w16416929 r87405175 m88860592 f77616 r1184187285 p500
 655764555=122944181+322838284+237432980 i185731794 u565339687 u0 t24.559
4490942 4100000 98 4 w16487204 r87700206 m89159001 f77905 r1187455107 p500
 657357935=123245756+323625397+238004526 i186178391 u566719288 u0 t24.62
4501893 4110000 98 4 w16559134 r87994659 m89457026 f78170 r1190778250 p500
 658922161=123540585+324395054+238569544 i186612375 u568077017 u0 t24.747
4512866 4120000 98 4 w16627745 r88282692 m89748334 f78456 r1193992176 p500
 660478980=123835496+325163878+239128250 i187045224 u569428803 u0 t25.15
4523822 4130000 98 4 w16697456 r88575170 m90044120 f78720 r1197238342 p500
 662062189=124132864+325946742+239697176 i187485105 u570803395 u0 t22.414
4534728 4140000 98 4 w16765909 r88868094 m90340364 f79009 r1200503493 p500
 663638706=124430764+326729659+240259258 i187926416 u572169965 u0 t24.414
4545718 4150000 98 4 w16828927 r89147268 m90622522 f79265 r1203621010 p500
 665184523=124723425+327491054+240816322 i188354806 u573512483 u0 t23.417
4556635 4160000 98 4 w16893491 r89429581 m90907912 f79529 r1206714851 p500
 666724860=125014807+328249946+241371908 i188784694 u574847195 u0 t24.065
4567595 4170000 98 4 w16958163 r89708950 m91190451 f79792 r1209816738 p500
 668221840=125298914+328993444+241904672 i189204790 u576143872 u0 t25.212
4578516 4180000 98 4 w17025245 r89991996 m91476650 f80059 r1212972028 p500
 669748255=125588059+329746877+242452804 i189627529 u577470124 u0 t22.378
4589453 4190000 98 4 w17092658 r90279769 m91767581 f80325 r1216171228 p500
 671330164=125884458+330528876+243022333 i190063785 u578846092 u0 t24.134
4600387 4200000 98 4 w17156849 r90555992 m92046842 f80576 r1219221524 p500
 672841418=126170440+331272712+243567896 i190482357 u580158873 u0 t23.707
4611320 4210000 98 4 w17221723 r90829965 m92323936 f80845 r1222247452 p500
 674271303=126443337+331986468+244072264 i190885703 u581396349 u0 t23.822
4622248 4220000 98 4 w17293564 r91117311 m92614662 f81115 r1225434853 p500
 675768827=126727187+332732119+244603848 i191305591 u582694414 u0 t25.759
4633106 4230000 98 4 w17363746 r91401789 m92902360 f81399 r1228591763 p500
 677254523=127008900+333473611+245129329 i191722848 u583981932 u0 t23.883
4644049 4240000 98 4 w17429017 r91686892 m93190566 f81643 r1231708876 p500
 678789643=127298801+334236863+245676213 i192154996 u585310047 u0 t23.576
4655040 4250000 98 4 w17495970 r91966851 m93473471 f81920 r1234777322 p500
 680281200=127580908+334976347+246209299 i192572146 u586603386 u0 t24.105
4665924 4260000 98 4 w17565544 r92256445 m93766397 f82185 r1237995638 p500
 681806437=127870156+335730911+246756096 i192995836 u587928011 u0 t25.318
4676832 4270000 98 4 w17636911 r92541477 m94054738 f82461 r1241153536 p500
 683292367=128154022+336468635+247284707 i193411601 u589216273 u0 t26.217
4687741 4280000 98 4 w17706225 r92827602 m94344137 f82745 r1244299080 p500
 684782427=128438389+337209719+247812659 i193827119 u590510395 u0 t26.839
4698685 4290000 98 4 w17775063 r93105071 m94624797 f83008 r1247340697 p500
 686230404=128714339+337929518+248326556 i194235164 u591763291 u0 t23.227
4709603 4300000 98 4 w17841458 r93395546 m94918454 f83293 r1250523304 p500
 687776922=129005588+338695457+248881395 i194664703 u593106506 u0 t24.609
4720503 4310000 98 4 w17909560 r93682284 m95208336 f83554 r1253646556 p500
 689305474=129294515+339455736+249425627 i195091758 u594432370 u0 t25.852
4731420 4320000 98 4 w17975659 r93972454 m95501687 f83820 r1256810301 p500
 690838450=129585483+340222203+249966841 i195524070 u595759109 u0 t25.948
4742321 4330000 98 4 w18043683 r94260865 m95793268 f84102 r1259925604 p500
 692372897=129875034+340985885+250512912 i195953971 u597088753 u0 t25.733
4753259 4340000 98 4 w18110279 r94553200 m96088722 f84373 r1263107540 p500
 693933931=130169715+341760268+251070868 i196391869 u598440355 u0 t26.588
4764201 4350000 98 4 w18176554 r94843354 m96381998 f84638 r1266258315 p500
 695518129=130470690+342563160+251617518 i196825626 u599825816 u0 t25.54
4775138 4360000 98 4 w18246831 r95142504 m96684427 f84926 r1269530913 p500
 697115927=130774349+343363038+252183169 i197267595 u601214182 u0 t26.195
4786096 4370000 98 4 w18318969 r95444477 m96989737 f85213 r1272865868 p500
 698712139=131077752+344159958+252749883 i197714299 u602595522 u0 t26.278
4797101 4380000 98 4 w18392566 r95745384 m97294072 f85506 r1276159197 p500
 700285088=131376876+344950394+253303047 i198156402 u603956080 u0 t26.654
4808087 4390000 98 4 w18465241 r96050895 m97602904 f85804 r1279499739 p500
 701923806=131688216+345766388+253887608 i198613358 u605375236 u0 t27.748
4819049 4400000 98 4 w18539476 r96367908 m97923458 f86091 r1282966324 p500
 703588507=132001053+346594535+254481189 i199076887 u606820190 u0 t28.126
4830048 4410000 98 4 w18615455 r96681533 m98240600 f86391 r1286401269 p500
 705237234=132313726+347422977+255062116 i199541607 u608244568 u0 t28.568
4841026 4420000 98 4 w18695403 r97001749 m98564502 f86696 r1289921047 p500
 706883803=132621546+348235632+255656961 i200000487 u609672086 u0 t28.905
4852001 4430000 98 4 w18766937 r97307682 m98873741 f86990 r1293245061 p500
 708503895=132925993+349038847+256238066 i200454074 u611075301 u0 t28.492
4862997 4440000 98 4 w18847797 r97636781 m99206639 f87312 r1296866792 p500
 710198095=133242915+349878468+256847228 i200924617 u612545609 u0 t30.377
4873904 4450000 98 4 w18922989 r97952320 m99525603 f87617 r1300311696 p500
 711861317=133556418+350703259+257442611 i201384690 u613992296 u0 t28.868
4884867 4460000 98 4 w19004119 r98279321 m99856204 f87929 r1303865682 p500
 713566445=133875135+351543450+258060367 i201858315 u615471539 u0 t30.475
4895781 4470000 98 4 w19084014 r98606836 m100187503 f88243 r1307465959 p500
 715273693=134196288+352390676+258673689 i202337370 u616946253 u0 t29.85
4906756 4480000 98 4 w19164985 r98947180 m100531552 f88570 r1311200854 p500
 717082871=134534626+353283567+259330271 i202842629 u618510290 u0 t32.083
4917771 4490000 98 4 w19253512 r99303151 m100891450 f88911 r1315128027 p500
 718926223=134875083+354186656+260006438 i203358658 u620103322 u0 t34.051
4928768 4500000 98 4 w19338896 r99655089 m101247297 f89249 r1318978699 p500
 720743987=135213569+355074555+260673260 i203869432 u621672930 u0 t33.66
4939756 4510000 98 4 w19420060 r99994907 m101590718 f89575 r1322656213 p500
 722515509=135542124+355944349+261319927 i204371825 u623198737 u0 t32.879
4950853 4520000 98 4 w19497985 r100340909 m101940419 f89894 r1326394354 p500
 724341103=135879651+356834068+261993459 i204890550 u624768230 u0 t31.61
4961839 4530000 98 4 w19580206 r100676393 m102279634 f90207 r1330030145 p500
 726080420=136200990+357687930+262628733 i205383618 u626266473 u0 t31.912
4972832 4540000 98 4 w19660242 r101011719 m102618657 f90520 r1333684260 p500
 727843459=136527183+358550633+263275261 i205878999 u627788322 u0 t32.117
4983782 4550000 98 4 w19736314 r101337700 m102948252 f90836 r1337197381 p500
 729544116=136843983+359384411+263895977 i206363539 u629250986 u0 t30.48
4994759 4560000 98 4 w19823855 r101683197 m103297845 f91172 r1340971443 p500
 731263798=137165696+360237307+264512432 i206852992 u630732873 u0 t34.743
5005677 4570000 98 4 w19904130 r102013058 m103631304 f91475 r1344527897 p500
 732955652=137481286+361068435+265127788 i207335006 u632188246 u0 t31.587
5016605 4580000 98 4 w19988062 r102361271 m103983537 f91806 r1348335251 p500
 734715352=137809274+361939604+265761617 i207836852 u633702446 u0 t33.482
5027569 4590000 98 4 w20074806 r102710991 m104337147 f92135 r1352135292 p500
 736496837=138141141+362813402+266411658 i208338972 u635239582 u0 t35.102
5038460 4600000 98 4 w20149998 r103031214 m104660577 f92431 r1355529990 p500
 738152167=138451430+363633974+267005821 i208810828 u636664952 u0 t30.842
5049344 4610000 98 4 w20230518 r103374202 m105007359 f92739 r1359236908 p500
 739901126=138778120+364497539+267637097 i209306100 u638173485 u0 t33.667
qEOF before end of stream: 1203, 5058043
Total lines processed: 4618017
Block Count:9, 9991
Avg Block Count:20989
Avg Max Count:1295, 1235, 98
Block Count:14150, 1661986
Avg Block Count:98
Avg Max Count:175, 144, 98
Level Count:3
Level Count:4
5298925 5
2864782 4
Max word len: 98
Total words generated: 741294393
Words inserted 209704269
Words updated: 639372898
total_cache_requests:  0
total_cache_misses:  0
cache_flush_count:  476
total_cache_requests:  1362178394
total_cache_misses:  105285155
cache_flush_count:  92987

