Csz: 5000, pgsz: 4096
10988 10000 1502292=280572+736640+547318 724709 11494421 10.3429
22023 20000 2970861=556570+1459582+1077812 1304562 21531893 12.8939
33024 30000 4456588=837163+2191952+1612898 1860489 31418446 16.1763
44043 40000 6023064=1126535+2951650+2194339 2414854 41410408 19.2661
55121 50000 7458923=1399081+3658814+2711810 2913023 50484160 14.1433
66115 60000 8884200=1666343+4351412+3237298 3387155 59209541 16.0587
77117 70000 10325672=1938612+5065738+3753209 3868753 68103587 18.7258
88102 80000 11704520=2200904+5743417+4250267 4319625 76462513 20.0326
99095 90000 13141708=2468450+6448156+4774403 4783691 85097027 14.3988
110113 100000 14573248=2739390+7155686+5287868 5236616 93603248 16.4071
121109 110000 15985093=3006601+7854726+5792984 5683649 102030466 18.6304
132028 120000 17535828=3286917+8593625+6386159 6137594 110629878 21.8252
142990 130000 18989910=3562813+9314585+6905248 6583228 119109469 15.1442
153925 140000 20478113=3841840+10055039+7435263 7034882 127723025 17.6523
164855 150000 21986075=4126173+10800292+7976893 7490924 136451279 20.33
175812 160000 23588906=4417278+11564938+8588302 7954039 145329692 21.7359
186797 170000 25064787=4694417+12295367+9118384 8398225 153834638 16.5557
197847 180000 26599186=4977710+13040228+9687961 8845866 162452693 19.1685
208776 190000 28111953=5261817+13788273+10232285 9289271 171025923 25.3973
219728 200000 29617587=5546453+14534647+10770299 9728227 179514297 16.4907
230584 210000 31181708=5839412+15307594+11333221 10179701 188260050 17.9656
241548 220000 32688282=6122551+16050723+11876729 10615615 196717832 20.166
252514 230000 34286526=6416184+16828578+12467909 11069504 205534843 25.5938
263483 240000 35784986=6699043+17569920+13004988 11499787 213898554 16.0013
274496 250000 37316243=6986574+18328967+13553505 11937199 222465084 18.7701
285461 260000 38808738=7269076+19072107+14083606 12361847 230769700 20.8834
296415 270000 40297599=7549151+19806677+14620226 12783529 239006213 23.7361
307437 280000 41804539=7832902+20554543+15159093 13207502 247312833 16.9642
318462 290000 43407289=8135567+21347596+15733409 13659747 256135345 20.6411
329483 300000 45034621=8442468+22161830+16308545 14123235 265235033 29.8736
340525 310000 46622556=8738285+22941211+16886727 14561898 273822019 16.3958
351480 320000 48208903=9039190+23731973+17447383 14998511 282396801 19.1664
362496 330000 49745201=9330549+24494464+17993474 15425224 290744310 21.1407
373551 340000 51302846=9626362+25265687+18550462 15856764 299196565 26.9311
384689 350000 52876882=9922400+26034452+19125405 16293916 307772633 17.6666
395874 360000 54496036=10222163+26820519+19724920 16746671 316629445 21.0054
406862 370000 56143114=10531369+27615239+20335875 17201985 325551151 31.6166
417894 380000 57726755=10827892+28389858+20913921 17643857 334188479 16.6231
428912 390000 59284979=11119328+29151717+21483671 18074245 342637406 19.076
439874 400000 60817103=11404232+29896950+22048736 18490890 350802993 21.0843
450859 410000 62363774=11693154+30657296+22610559 18916097 359168769 28.8617
461847 420000 63864099=11974711+31393476+23155224 19325928 367220254 16.8861
472807 430000 65457843=12275334+32175626+23733013 19756999 375737160 20.6609
483790 440000 67066708=12575543+32969739+24314526 20196397 384414512 32.7342
494708 450000 68720958=12883999+33785785+24912528 20643085 393276461 18.238
505590 460000 70373617=13192425+34601814+25508938 21089196 402147029 20.2211
516566 470000 72013260=13498380+35405489+26106827 21526914 410874819 25.16
527520 480000 73668204=13806659+36221553+26705962 21971719 419699055 28.9969
538466 490000 75345794=14118646+37043582+27319558 22418393 428564691 19.4766
549399 500000 77049248=14444195+37878804+27939450 22870908 437536155 22.9675
560288 510000 78709960=14754687+38700159+28537977 23308737 446267214 33.5269
571192 520000 80379140=15064387+39521810+29144441 23750823 455136811 19.3279
582148 530000 82063172=15378859+40349636+29756564 24193967 463998281 22.2094
593039 540000 83798386=15699879+41198942+30392889 24642268 473032340 37.3041
604123 550000 85320364=15986210+41938649+30952924 25034916 480837910 16.3195
615220 560000 86606519=16229482+42569291+31420367 25365579 487398936 15.7584
626410 570000 87872812=16466755+43181551+31889824 25687197 493817096 17.3583
637646 580000 89106534=16700961+43785103+32338700 26001396 500037425 27.8041
648847 590000 90405606=16942134+44408033+32827113 26315336 506278602 17.5969
660023 600000 91564479=17162543+44970814+33251930 26606039 512035118 13.6769
671169 610000 92710228=17381182+45529358+33670548 26892511 517739124 14.832
682330 620000 93854888=17601002+46083126+34090643 27176450 523370817 16.2031
693457 630000 95088749=17832127+46682637+34545328 27476212 529346538 30.223
704731 640000 96328134=18063601+47280203+35007530 27778142 535377425 13.4086
715916 650000 97474214=18282103+47837157+35427033 28060713 540983352 14.0994
727122 660000 98706133=18516207+48435259+35879324 28361546 546970797 16.6577
738273 670000 99911532=18745503+49021170+36321340 28656427 552832184 24.6971
749495 680000 101078812=18969767+49587610+36748333 28938466 558418814 21.9241
760693 690000 102291788=19200291+50173616+37196451 29237764 564340237 13.9156
771972 700000 103502883=19429523+50760516+37642782 29534641 570278302 15.4128
783287 710000 104677315=19653983+51333498+38070528 29821292 575984313 16.241
794503 720000 105833354=19875409+51898281+38490371 30104714 581624274 31.051
805629 730000 107051264=20105006+52478479+38949648 30400306 587500938 14.7398
816809 740000 108209746=20322705+53027367+39390320 30676673 592971472 13.9168
827890 750000 109386100=20542675+53575667+39846971 30952085 598416143 15.3106
839058 760000 110498500=20754893+54110031+40260177 31215289 603659502 17.1704
850231 770000 111686115=20978508+54682329+40701563 31499569 609336478 13.0012
861324 780000 112798948=21191374+55220185+41111664 31769668 614683030 14.1665
872344 790000 113944668=21410445+55771339+41536162 32040453 620074715 15.8859
883522 800000 115096177=21630986+56327391+41960824 32312633 625506810 17.2206
894714 810000 116204116=21844107+56856875+42374924 32577790 630810496 19.0811
905844 820000 117327545=22058738+57400012+42788958 32843351 636117850 12.8659
916882 830000 118595149=22298772+58008088+43262648 33149011 642178791 16.0928
927964 840000 119789441=22527534+58590283+43697160 33440000 647964525 17.1062
939033 850000 121050465=22765895+59201256+44162141 33746793 654116627 20.0704
950128 860000 122285571=23001008+59805173+44610477 34048867 660175523 19.7634
961260 870000 123505437=23234052+60398221+45056192 34345439 666073448 15.0997
972424 880000 124720633=23465270+60982830+45507233 34639962 671930122 16.5939
983571 890000 125932291=23694688+61572693+45951038 34935862 677850862 18.2119
994789 900000 127106159=23917690+62137773+46386559 35214215 683442641 22.833
1005944 910000 128351976=24152924+62733169+46852627 35496185 689082287 14.1259
1017100 920000 129480502=24369103+63277699+47268896 35764087 694411625 14.0593
1028294 930000 130578960=24578825+63807945+47674280 36024361 699599946 15.5956
1039422 940000 131738568=24799159+64371194+48099625 36301572 705133851 17.889
1050473 950000 132905599=25021272+64938910+48525915 36577024 710653455 22.3426
1061568 960000 134094654=25251146+65519157+48956677 36850944 716101392 14.0439
1072599 970000 135344393=25486581+66120140+49422289 37138596 721870741 16.3613
1083733 980000 136451910=25701852+66664140+49818915 37397138 727050982 16.1291
1094785 990000 137572495=25918086+67209037+50227039 37663098 732357612 17.3883
1105876 1000000 138719530=26138526+67771653+50640858 37934110 737810232 21.7668
1117034 1010000 139841483=26355283+68318840+51048324 38200092 743141636 13.9057
1128112 1020000 140976255=26574512+68877273+51454803 38470787 748551136 15.5102
1139060 1030000 142224078=26815353+69490689+51902693 38773444 754615919 18.5733
1150007 1040000 143616821=27080853+70169767+52410409 39110163 761401996 27.8546
1160894 1050000 145054318=27352184+70876517+52930355 39462120 768510279 18.4835
1171814 1060000 146435407=27614674+71556132+53428044 39800414 775339166 18.5985
1182789 1070000 147828430=27879964+72244449+53926677 40141849 782222586 20.9232
1193726 1080000 149191580=28140101+72914709+54417545 40472965 788902177 29.4525
1204582 1090000 150616324=28411683+73621437+54924918 40824649 795978256 17.1973
1215452 1100000 152063472=28687714+74334341+55445124 41172283 803013205 19.6318
1226363 1110000 153559466=28970147+75072862+55983165 41535288 810377085 22.7878
1237247 1120000 154996572=29244076+75783819+56496700 41881279 817374223 30.2858
1248176 1130000 156462273=29523204+76506874+57022334 42236061 824547371 18.1858
1259068 1140000 157921089=29798922+77228691+57545261 42592020 831782681 20.3971
1269968 1150000 159389802=30077754+77960965+58066160 42948506 838997190 22.9068
1280888 1160000 160848161=30354478+78685807+58585500 43307088 846249683 30.1491
1291754 1170000 162318241=30633499+79414609+59110031 43664917 853495317 19.2122
1302652 1180000 163801559=30915928+80149825+59638605 44022016 860738942 21.6457
1313613 1190000 165283850=31197399+80885832+60166997 44381988 868030747 27.3235
1324596 1200000 166766920=31478694+81624146+60693488 44740778 875328455 26.4137
1335456 1210000 168286931=31766452+82378533+61235826 45109948 882828062 20.3945
1346441 1220000 169845650=32060983+83146902+61797322 45481362 890396400 23.3689
1357399 1230000 171403087=32354060+83919391+62354085 45855657 898015426 35.1994
1368385 1240000 173012049=32656821+84714295+62933484 46240620 905868116 19.9365
1379469 1250000 174643099=32961749+85523042+63518396 46634992 913938350 23.6058
1390543 1260000 176281873=33266817+86326103+64117373 47025207 921907433 31.3799
1401635 1270000 177910120=33573128+87134099+64699569 47419354 929973303 33.2993
1412662 1280000 179514599=33877631+87934788+65267066 47808675 937900913 21.436
1423732 1290000 181115530=34177813+88724857+65844466 48195499 945806480 24.1373
1434749 1300000 182775415=34487155+89541116+66447219 48594377 953985066 33.192
1445738 1310000 184461952=34803615+90368593+67060581 49004712 962303288 22.1355
1456743 1320000 186139097=35118528+91193271+67668654 49409787 970539073 25.0994
1467716 1330000 187895693=35447556+92057014+68306198 49831166 979142369 37.1578
1478847 1340000 189646632=35771674+92913589+68948282 50254339 987780767 22.3952
1489858 1350000 191364688=36092408+93760765+69570361 50672346 996281785 25.2677
1500812 1360000 193017676=36398721+94568477+70177408 51073831 1004429426 37.1999
1511816 1370000 194702113=36713482+95400117+70785491 51479201 1012679950 27.0112
1522795 1380000 196335339=37017440+96207162+71375067 51875694 1020723276 22.8779
1533703 1390000 197992750=37325756+97023515+71976454 52281744 1028911573 30.4573
1544569 1400000 199636485=37634648+97836651+72566894 52677960 1036977811 26.6172
1555499 1410000 201393281=37962807+98702462+73202702 53099326 1045604143 24.0198
1566395 1420000 203119301=38284924+99559135+73821796 53513705 1054107968 27.3762
1577238 1430000 204849186=38607747+100417847+74442475 53934157 1062661986 34.411
1588118 1440000 206582305=38931640+101276237+75064960 54353213 1071222363 23.5117
1598949 1450000 208349999=39260171+102149759+75703589 54775162 1079892513 27.1766
1609797 1460000 210126521=39589824+103027417+76346402 55197604 1088580842 42.3789
1620630 1470000 211876515=39919155+103896709+76971466 55610930 1097074288 23.0329
1631477 1480000 213626492=40246269+104761711+77602217 56028530 1105631483 26.1267
1642373 1490000 215424276=40582534+105652277+78248295 56452441 1114343459 34.3603
1653233 1500000 217224708=40917653+106543814+78897100 56878049 1123097428 23.8762
1664130 1510000 219003401=41248075+107419802+79542975 57294256 1131674745 26.918
1675034 1520000 220792737=41580101+108302153+80191729 57713392 1140320406 36.1248
1685958 1530000 222612366=41917627+109198017+80853011 58137800 1149111539 24.1077
1696847 1540000 224400986=42248752+110074098+81508045 58556656 1157749998 26.9205
1707676 1550000 226231974=42586731+110975563+82174588 58986566 1166627227 37.6792
1718573 1560000 228064381=42924737+111875124+82844853 59414593 1175488417 24.0264
1729487 1570000 229841241=43252642+112747208+83494699 59828417 1184037570 26.8652
1740347 1580000 231641522=43585386+113628623+84154532 60247337 1192706280 43.4665
1751207 1590000 233469192=43923866+114528493+84819331 60672482 1201490371 23.681
1762023 1600000 235245820=44254721+115406838+85460368 61086569 1210006833 26.4279
1772878 1610000 237020585=44582976+116275281+86111450 61500054 1218538457 35.1164
1783723 1620000 238780161=44909740+117146370+86745914 61909266 1227011502 23.442
1794607 1630000 240556652=45238107+118017421+87395625 62322759 1235568281 26.8777
1805498 1640000 242346937=45569703+118903285+88042812 62738321 1244179141 37.2708
1816421 1650000 244143859=45901297+119791158+88694294 63161457 1252878256 23.669
1827273 1660000 245948414=46235611+120675668+89354317 63580368 1261503323 26.9396
1838160 1670000 247753674=46570451+121563339+90011461 64003142 1270230129 42.2166
1849005 1680000 249526004=46897291+122431342+90661287 64411789 1278717262 26.2273
1859879 1690000 251227378=47213778+123274995+91272930 64806772 1286895236 24.88
1870739 1700000 252987902=47540856+124149264+91905243 65214123 1295319625 35.9264
1881698 1710000 254677624=47856623+124983916+92515238 65602597 1303304972 21.664
1892578 1720000 256391155=48177125+125830844+93133032 65996097 1311407325 25.2829
1903425 1730000 258120641=48498514+126685131+93759134 66394868 1319657564 38.1052
1914319 1740000 259913277=48832100+127564136+94414633 66805013 1328128349 22.1751
1925121 1750000 261639857=49154304+128419296+95035874 67202350 1336355994 25.361
1936035 1760000 263429343=49487695+129305680+95680319 67617782 1344926559 37.7855
1946942 1770000 265149602=49807444+130148240+96309100 68005691 1352977440 30.9729
1957829 1780000 266852945=50126371+130992143+96920924 68396258 1361077971 23.5402
1968722 1790000 268593491=50450281+131846811+97555153 68795366 1369363730 32.7802
1979581 1800000 270264687=50762338+132667849+98163030 69180868 1377295124 25.5071
1990482 1810000 271930929=51073645+133484379+98770954 69558743 1385112252 22.9789
2001382 1820000 273594524=51383473+134299183+99378988 69943039 1393010939 25.9416
2012247 1830000 275289216=51700412+135133247+99993694 70328531 1400957142 33.9146
2023129 1840000 276964113=52013128+135957025+100601948 70710288 1408828281 22.4913
2034053 1850000 278689018=52335894+136806643+101226344 71101548 1416937592 26.3075
2044917 1860000 280354576=52648107+137630306+101825999 71477437 1424729320 40.8699
2055814 1870000 282028699=52960405+138456299+102431693 71866967 1432731628 23.8379
2066728 1880000 283683650=53269823+139274203+103028499 72242480 1440527752 24.2909
2077660 1890000 285341713=53580923+140093411+103625276 72617896 1448315565 34.6634
2088614 1900000 287017836=53893971+140915466+104236342 72997091 1456151025 21.0424
2099586 1910000 288721646=54210735+141752830+104856773 73379792 1464098817 24.9185
2110524 1920000 290346906=54516274+142552073+105445707 73747495 1471715090 33.2548
2121483 1930000 292029946=54831478+143383220+106052509 74131785 1479673009 24.7039
2132440 1940000 293672500=55137810+144190623+106649829 74503966 1487373386 22.9503
2143340 1950000 295346184=55450552+145013483+107257959 74882898 1495229053 27.4125
2154286 1960000 296967739=55755346+145810756+107845349 75247085 1502771827 40.1704
2165157 1970000 298520633=56046250+146572329+108410690 75594731 1509953886 20.4733
2176142 1980000 300087958=56340055+147343930+108978387 75946132 1517233144 23.4333
2187090 1990000 301727629=56646154+148153349+109570863 76318442 1524949136 33.8191
2198031 2000000 303294504=56940651+148927058+110135174 76673105 1532289453 19.8392
2208970 2010000 304862169=57233915+149697080+110705160 77022292 1539545283 22.8533
2219875 2020000 306444588=57534697+150481579+111270390 77377823 1546917093 30.575
2230717 2030000 307955927=57819700+151232547+111809522 77715309 1553926165 24.8919
2241553 2040000 309484232=58107733+151991863+112355382 78061010 1561100787 20.9291
2252478 2050000 311029014=58399110+152756535+112909509 78408978 1568314273 23.7436
2263400 2060000 312572236=58689859+153516770+113466745 78754980 1575456925 37.7316
2274335 2070000 314118199=58980857+154281685+114021856 79098181 1582579832 25.043
2285238 2080000 315592527=59259575+155006518+114554722 79424236 1589317056 20.8228
2296195 2090000 317114729=59548962+155761421+115097236 79761125 1596314528 26.5675
2307093 2100000 318662112=59843394+156532761+115645200 80102286 1603400704 27.2492
2317991 2110000 320178880=60130948+157281304+116190533 80436894 1610350990 20.5134
2328915 2120000 321653993=60411323+158014263+116714922 80764316 1617152708 22.3906
2339889 2130000 323179244=60699449+158772519+117258231 81106581 1624248662 34.3813
2350849 2140000 324683707=60982922+159521094+117794063 81440976 1631190969 18.8687
2361818 2150000 326160721=61262960+160257107+118317701 81770928 1638026206 20.9947
2372703 2160000 327696929=61551955+161015139+118871918 82110550 1645092655 24.2412
2383611 2170000 329136011=61824817+161730715+119384118 82429983 1651722967 38.0263
2394538 2180000 330587089=62100614+162457075+119894759 82753557 1658432766 22.202
2405448 2190000 332163021=62398094+163244552+120452538 83103370 1665702039 22.8675
2416385 2200000 333688709=62686949+164002531+120996688 83439679 1672706156 31.7976
2427291 2210000 335171312=62968040+164737009+121527322 83767945 1679507716 20.2267
2438224 2220000 336678700=63253734+165489945+122060337 84102632 1686456020 20.8956
2449156 2230000 338215173=63546117+166253896+122607027 84441295 1693495329 23.8372
2460085 2240000 339791552=63845401+167038592+123166520 84791734 1700748350 33.0498
2471031 2250000 341445258=64156259+167853569+123763454 85157859 1708359135 21.9742
2481891 2260000 343037546=64457013+168636625+124339183 85507387 1715613099 23.6071
2492839 2270000 344642769=64758100+169426936+124920281 85859541 1722959564 36.312
2503770 2280000 346283128=65067448+170238833+125508601 86222275 1730526554 29.6126
2514685 2290000 347896141=65369619+171032768+126092662 86576017 1737900741 22.5805
2525687 2300000 349549042=65678530+171845434+126692637 86936296 1745440106 28.9151
2536614 2310000 351190190=65984648+172653700+127287328 87298895 1752990706 28.0621
2547690 2320000 352894980=66303015+173493399+127904909 87679260 1760891117 23.3384
2558712 2330000 354598796=66621371+174334005+128520914 88056126 1768743394 26.4843
2569709 2340000 356239529=66931060+175152565+129102647 88417988 1776294593 33.82
2580699 2350000 357987264=67255253+176009992+129740727 88805467 1784407362 23.5556
2591715 2360000 359688950=67572368+176847254+130359040 89181265 1792233494 25.898
2602831 2370000 361455826=67901295+177718198+130999231 89575705 1800437146 37.0752
2613986 2380000 363265206=68232879+178598712+131670086 89973437 1808774644 24.0905
2624949 2390000 365081795=68566824+179484921+132340258 90381228 1817269224 27.4104
2635909 2400000 366918459=68904686+180382828+133015980 90797065 1825900364 44.4494
2646913 2410000 368672828=69228463+181239506+133662091 91193619 1834110694 26.2134
2657884 2420000 370377312=69545126+182075680+134283765 91571939 1841963068 25.3169
2668918 2430000 372073310=69858971+182902977+134907311 91950649 1849773458 34.8238
2679809 2440000 373722824=70167618+183716561+135502806 92325421 1857515042 21.6482
2690746 2450000 375394426=70478530+184544018+136105353 92699977 1865330134 24.7821
2701594 2460000 377157221=70806837+185411362+136745108 93092913 1873504404 38.8053
2712475 2470000 378868809=71125562+186260693+137359557 93473627 1881460023 21.4621
2723357 2480000 380620099=71450619+187126255+137992235 93858814 1889493430 25.6666
2734166 2490000 382331326=71770107+187970589+138610930 94236927 1897377509 35.6483
2745023 2500000 384094144=72096558+188839423+139250992 94622653 1905416189 36.447
2755880 2510000 385837786=72420372+189700387+139881664 95008397 1913485295 24.5136
2766772 2520000 387599161=72747191+190566840+140522076 95397330 1921609228 34.1983
2777605 2530000 389345804=73073321+191426543+141155266 95779216 1929627605 25.2734
2788466 2540000 391129842=73407226+192305567+141801285 96170933 1937833358 25.0199
2799329 2550000 392990743=73749311+193220488+142481169 96580061 1946448411 36.6399
2810193 2560000 394724002=74072141+194077351+143107037 96967146 1954508043 26.1792
2821115 2570000 396513358=74402569+194955707+143760937 97360015 1962741086 25.0381
2832025 2580000 398341478=74742261+195857108+144423873 97762725 1971160630 35.4881
2842894 2590000 400101555=75068248+196720345+145067352 98148495 1979221854 39.0821
2853742 2600000 401953032=75409520+197633967+145739690 98555498 1987768189 25.6224
2864632 2610000 403809800=75752459+198551739+146411731 98958324 1996232115 36.5963
2875503 2620000 405643666=76093273+199454614+147078196 99358784 2004601836 25.7424
2886360 2630000 407461357=76430883+200352605+147736159 99755911 2012917665 26.079
2897239 2640000 409276308=76768720+201245765+148395351 100151049 2021177585 37.0557
2908079 2650000 411142384=77116506+202164970+149071690 100558728 2029727937 25.9944
2919336 2660000 413009191=77460874+203082017+149753703 100958032 2038118914 27.0026
2930193 2670000 414902559=77809812+204016241+150441503 101369022 2046768811 41.1048
2941058 2680000 416707356=78143960+204905371+151096934 101763244 2055063077 33.3632
2951948 2690000 418539900=78484427+205809551+151760323 102159401 2063385506 26.608
2962792 2700000 420333123=78817464+206697006+152407287 102550629 2071579488 36.856
2973731 2710000 422110575=79149830+207568443+153055118 102929891 2079554671 22.1781
2984605 2720000 423908600=79482523+208446188+153716804 103315417 2087640406 26.4117
2995574 2730000 425688615=79811450+209317774+154369096 103700228 2095699407 38.2923
3006468 2740000 427507682=80147463+210210736+155033591 104095732 2104024711 22.6418
3017345 2750000 429260007=80473865+211077194+155665302 104477553 2112011801 25.9717
3028291 2760000 431001548=80796473+211927875+156304304 104857292 2119977493 38.5013
3039192 2770000 432686765=81110221+212752678+156920811 105218945 2127567466 30.013
3050078 2780000 434395803=81431488+213586442+157545256 105583450 2135205966 24.1988
3060975 2790000 436175459=81763772+214458104+158194323 105961413 2143143270 34.9049
3071909 2800000 437873588=82081612+215287133+158816016 106321561 2150663268 23.7122
3082762 2810000 439651939=82410015+216154370+159471557 106703507 2158685023 24.7508
3093667 2820000 441402800=82737342+217010445+160111644 107078997 2166529009 33.0922
3104606 2830000 443157557=83063475+217867536+160755109 107451822 2174362014 28.1989
3115556 2840000 444839485=83375273+218689716+161372149 107808384 2181882386 23.2757
3126447 2850000 446524851=83689580+219517414+161985397 108167684 2189427041 27.875
3137354 2860000 448236553=84009927+220355404+162608544 108530896 2197019393 43.4726
3148306 2870000 449861652=84313729+221154111+163198705 108876315 2204255424 23.7628
3159170 2880000 451505017=84620500+221955380+163801903 109224271 2211576027 24.7657
3170031 2890000 453166975=84931799+222767142+164409953 109571785 2218916265 32.4645
3180938 2900000 454815549=85240384+223573428+165012149 109915400 2226132574 22.1277
3191816 2910000 456504787=85553558+224393453+165637654 110272178 2233647305 25.0802
3202736 2920000 458222300=85875354+225237100+166261235 110635108 2241294716 36.4425
3213588 2930000 459920902=86193793+226066976+166882690 110993170 2248817161 21.7903
3224450 2940000 461614764=86508658+226900105+167498984 111356935 2256453588 25.2125
3235384 2950000 463272451=86817746+227720449+168096070 111711197 2263874825 35.5929
3246267 2960000 465015381=87143012+228576150+168730448 112082348 2271667031 36.3819
3257218 2970000 466770211=87468869+229439457+169368821 112452642 2279436596 24.8462
3268155 2980000 468426012=87778307+230251634+169972290 112805201 2286833374 33.1781
3278993 2990000 470127741=88094203+231084319+170595728 113163553 2294373352 24.3853
3289873 3000000 471728647=88394640+231864470+171183254 113495175 2301346190 22.3723
3300770 3010000 473392155=88705308+232684545+171785456 113849867 2308790533 26.5334
3311716 3020000 475043945=89014620+233503165+172378687 114204331 2316222994 32.4765
3322684 3030000 476667851=89316826+234302156+172968397 114551714 2323514847 22.0404
3333558 3040000 478304028=89621295+235104896+173565139 114897650 2330810339 25.1039
3344467 3050000 479901627=89921148+235890965+174143740 115235402 2337918809 34.8741
3355390 3060000 481575125=90233411+236712124+174753603 115588614 2345349363 22.0768
3366284 3070000 483150848=90529358+237490900+175320666 115920823 2352304326 23.3909
3377177 3080000 484768737=90830865+238283174+175912346 116260413 2359420328 35.1731
3388055 3090000 486315079=91122500+239048632+176466860 116594146 2366380076 39.4393
3398880 3100000 487847617=91412278+239810902+177012013 116921396 2373210118 22.9438
3409787 3110000 489386896=91701305+240571900+177565875 117248459 2380068082 24.3108
3420708 3120000 490946300=91994736+241345438+178124273 117578745 2387005731 34.0268
3431637 3130000 492535713=92293846+242130839+178696636 117916900 2394110029 21.6875
3442607 3140000 494031470=92579293+242869983+179231775 118231866 2400708492 22.6422
3453456 3150000 495582554=92873688+243640592+179783785 118559351 2407588949 36.4129
3464366 3160000 497130634=93167617+244410346+180334110 118888776 2414466640 21.4871
3475266 3170000 498668558=93457566+245171128+180885622 119217441 2421339647 22.0892
3486141 3180000 500151802=93740105+245906940+181413763 119528900 2427863593 23.6104
3497008 3190000 501695125=94028985+246664191+181975280 119851595 2434642663 45.789
3507853 3200000 503212621=94318768+247416472+182516108 120167631 2441268501 20.1795
3518683 3210000 504731178=94606022+248169156+183058920 120485406 2447926944 22.4395
3529542 3220000 506252894=94896109+248923373+183601499 120806973 2454651383 34.9896
3540480 3230000 507740257=95179456+249665871+184127030 121122432 2461258208 21.6559
3551409 3240000 509304271=95474877+250441836+184685963 121453386 2468197139 22.8416
3562370 3250000 510801701=95759814+251185188+185219121 121768500 2474797553 23.8087
3573321 3260000 512322679=96049357+251939970+185761101 122088880 2481520342 35.511
3584317 3270000 513880132=96343937+252717287+186312578 122417836 2488440657 23.7763
3595165 3280000 515397873=96632825+253468516+186854682 122737423 2495106510 23.5229
3606131 3290000 516957206=96929532+254240047+187412307 123063004 2501935682 39.5097
3617031 3300000 518453260=97213247+254987586+187941148 123378588 2508548805 38.4643
3627996 3310000 519973841=97502342+255748007+188476949 123701677 2515311143 23.2677
3638920 3320000 521545776=97796350+256522934+189045387 124031377 2522270461 24.9846
3649881 3330000 523051432=98079388+257267483+189586520 124344964 2528885701 34.6564
3660867 3340000 524663053=98383036+258067117+190162778 124682165 2535981944 24.1283
3671820 3350000 526213457=98678799+258838114+190712222 125009760 2542836437 24.0705
3682790 3360000 527831563=98982896+259634966+191297229 125345909 2549934124 38.7396
3693808 3370000 529498799=99296317+260455699+191900293 125693855 2557282034 25.8239
3704793 3380000 531116197=99601014+261258658+192478269 126036936 2564485452 24.8784
3715703 3390000 532814917=99918634+262097579+193091454 126389841 2571935402 38.6107
3726649 3400000 534520103=100237003+262944844+193701777 126747245 2579497573 45.265
3737635 3410000 536308715=100571814+263844473+194329383 127123681 2587453158 27.2122
3748614 3420000 538088917=100905183+264722571+194973184 127494148 2595268639 35.5349
3759597 3430000 539907649=101246706+265618795+195630998 127879903 2603377798 32.9197
3770552 3440000 541716537=101585115+266507649+196288207 128262597 2611409051 27.019
3781517 3450000 543514859=101919708+267388592+196945471 128641808 2619377938 38.542
3792483 3460000 545292432=102250913+268265615+197588491 129024236 2627374035 32.1716
3803443 3470000 547046492=102579577+269139868+198213530 129399764 2635246036 26.8229
3814317 3480000 548800874=102908289+270007343+198845371 129774089 2643076260 35.8541
3825200 3490000 550550566=103234436+270873214+199475988 130146938 2650930473 52.0809
3836062 3500000 552225436=103546157+271702999+200079296 130505675 2658460944 26.4188
3847051 3510000 553926956=103863221+272543200+200694755 130864471 2665993666 28.1831
3857981 3520000 555722361=104199133+273439305+201333861 131249171 2674097611 39.6146
3868919 3530000 557562419=104543328+274361003+201984837 131640780 2682326610 28.296
3879700 3540000 559365260=104879815+275259437+202628387 132021601 2690386132 32.1165
3890544 3550000 561245839=105232632+276204713+203289248 132417472 2698748410 40.7836
3901420 3560000 563049989=105568358+277104386+203933217 132799862 2706814509 27.8207
3912350 3570000 564913291=105915852+278031191+204600573 133191280 2715093653 40.0862
3923255 3580000 566728458=106255599+278932733+205250844 133570133 2723126213 49.6752
3934146 3590000 568607197=106606574+279859054+205930468 133964209 2731424961 29.6608
3945058 3600000 570447530=106951599+280769883+206591180 134345315 2739511974 42.6268
3955958 3610000 572335308=107300881+281703103+207275257 134741154 2747926378 29.8935
3966817 3620000 574163852=107645243+282614547+207926385 135118852 2755927429 28.9123
3977696 3630000 575999556=107986393+283524557+208587285 135504313 2764091037 44.0291
3988551 3640000 577900123=108338013+284460199+209279487 135897089 2772436082 30.1735
3999436 3650000 579757565=108680453+285375358+209955695 136292241 2780791268 30.1695
4010266 3660000 581598858=109021995+286290700+210616346 136676560 2788945470 53.5798
4021082 3670000 583436461=109362499+287200844+211279496 137060284 2797073593 39.4585
4031936 3680000 585351077=109717167+288147504+211971581 137456993 2805514130 31.3304
4042723 3690000 587234435=110066959+289079301+212651962 137850532 2813888836 42.0239
4053582 3700000 589128554=110420844+290021288+213331179 138244869 2822253360 30.4763
4064959 3710000 591030627=110772640+290965942+214014846 138633623 2830504310 31.2884
4075764 3720000 592884861=111117774+291881774+214686169 139017784 2838652889 44.455
4086632 3730000 594713714=111458146+292783917+215349093 139397565 2846688833 29.3958
4097561 3740000 596542221=111796442+293680912+216017570 139781263 2854777011 30.7871
4108439 3750000 598392135=112140303+294594512+216687631 140170979 2863006551 62.5281
4119319 3760000 600230217=112481797+295501369+217354522 140552116 2871085888 30.5148
4130276 3770000 601974469=112807088+296361075+217986888 140914709 2878760853 29.4845
4141183 3780000 603774809=113143806+297248300+218638576 141287245 2886651354 40.903
4152093 3790000 605557503=113476671+298129732+219281306 141655755 2894462785 28.2294
4162989 3800000 607425637=113823184+299045587+219964154 142041124 2902622570 31.9198
4173910 3810000 609211793=114155065+299927645+220611063 142414069 2910535215 43.1633
4184895 3820000 611001046=114489029+300813298+221255787 142783604 2918359419 28.7292
4195828 3830000 612740133=114813952+301676488+221879529 143141289 2925967634 30.4105
4206739 3840000 614515375=115144479+302556037+222518734 143507945 2933742148 45.6027
4217677 3850000 616257837=115468851+303421810+223143959 143869916 2941381504 28.5633
4228607 3860000 617982651=115789043+304274970+223766973 144227883 2948964358 30.2368
4239510 3870000 619684102=116106840+305116133+224380602 144580887 2956446895 60.9731
4250423 3880000 621387609=116424464+305961213+224992345 144938387 2963991845 28.5428
4261357 3890000 623069670=116739918+306799023+225591096 145282389 2971291209 28.6469
4272391 3900000 624786652=117066981+307635714+226219988 145632905 2978685991 41.3724
4283314 3910000 626521233=117392586+308488434+226848659 145991584 2986243243 29.4123
4294200 3920000 628205294=117708321+309318787+227457392 146336367 2993533040 28.7075
4305160 3930000 629885496=118024288+310147313+228063997 146683716 3000873818 42.9661
4316083 3940000 631541872=118338963+310963644+228660039 147022216 3008024533 28.247
4326986 3950000 633315389=118672415+311829433+229309117 147384658 3015662044 30.3106
4337955 3960000 634939370=118979962+312624312+229899292 147712807 3022576120 48.5075
4348836 3970000 636564327=119288050+313427435+230482071 148045859 3029591411 38.012
4359757 3980000 638197069=119595862+314239562+231064043 148386005 3036745534 26.7504
4370729 3990000 639817371=119901881+315042892+231643359 148715288 3043720337 35.0783
4381681 4000000 641456035=120211180+315857176+232227623 149054641 3050869532 34.4108
4392555 4010000 643101394=120520886+316671102+232818844 149388632 3057932832 26.9099
4403440 4020000 644706172=120822268+317463339+233397673 149720292 3064945794 28.7418
4414465 4030000 646286615=121120872+318246170+233963202 150045924 3071819914 41.5419
4425446 4040000 647875932=121421200+319036578+234528835 150372863 3078729136 27.3338
4436408 4050000 649495752=121727163+319836406+235111771 150706674 3085779563 28.4328
4447331 4060000 651097860=122029301+320634070+235681682 151036109 3092741374 50.4189
4458226 4070000 652710242=122331908+321429324+236263627 151364897 3099674907 36.6327
4469117 4080000 654327002=122638399+322231448+236842021 151696047 3106678096 26.5852
4480047 4090000 655974789=122948157+323048812+237432915 152036408 3113838482 41.0022
4490942 4100000 657568518=123249737+323836274+238004461 152364254 3120756346 27.4903
4501893 4110000 659132951=123544579+324606138+238569479 152682300 3127505458 26.0285
4512866 4120000 660690001=123839505+325375193+239128185 153001198 3134230134 28.1579
4523822 4130000 662273680=124136884+326158527+239697111 153322255 3141033748 40.3319
4534728 4140000 663850524=124434794+326941771+240259193 153643194 3147815794 27.3945
4545718 4150000 665396904=124727461+327703729+240816257 153958868 3154472764 27.1605
4556635 4160000 666938140=125018862+328463521+241371843 154272187 3161093237 42.1711
4567595 4170000 668435811=125302977+329207710+241904607 154577598 3167536127 27.2128
4578516 4180000 669962617=125592132+329961534+242452739 154886119 3174079621 25.7939
4589453 4190000 671545528=125888543+330744536+243022268 155203811 3180814151 29.2795
4600387 4200000 673057155=126174528+331488745+243567831 155509252 3187222657 56.8387
4611320 4210000 674487251=126447429+332202712+244072199 155802599 3193401653 25.1054
4622248 4220000 675985221=126731284+332948810+244603783 156108125 3199865921 26.1497
4633106 4230000 677471240=127013007+333690625+245129264 156411337 3206282112 39.7108
4644049 4240000 679006610=127302909+334454127+245676148 156724744 3212922144 27.5312
4655040 4250000 680498524=127585023+335193968+246209234 157029522 3219362316 25.3445
4665924 4260000 682023968=127874281+335948740+246756031 157336623 3225859237 28.2001
4676832 4270000 683510173=128158154+336686739+247284642 157636450 3232163267 40.8975
4687741 4280000 685000558=128442530+337428148+247812594 157937119 3238522994 26.359
4698685 4290000 686448781=128718483+338148193+248326491 158233555 3244767565 25.6932
4709603 4300000 687995480=129009734+338914313+248881330 158544995 3251370617 37.2137
4720503 4310000 689524394=129298665+339674954+249425562 158857455 3257985065 45.9633
4731420 4320000 691057726=129589644+340441778+249966776 159170710 3264606180 25.7634
4742321 4330000 692592394=129879200+341205681+250512847 159484291 3271254622 27.7502
4753259 4340000 694153838=130173890+341980475+251070803 159802668 3277971820 39.7539
4764201 4350000 695738153=130474870+342783484+251617453 160116789 3284639068 27.2576
4775138 4360000 697336048=130778532+343583459+252183104 160436534 3291397493 28.5402
4786096 4370000 698932591=131081940+344380710+252749818 160758229 3298222540 42.8725
4797101 4380000 700505962=131381071+345171568+253302982 161075169 3304910533 28.4922
4808087 4390000 702145061=131692418+345987943+253887543 161400893 3311819607 28.1771
4819049 4400000 703810073=132005264+346816402+254481124 161736274 3318961096 31.8689
4830048 4410000 705459280=132317943+347645326+255062051 162073125 3326080398 57.6568
4841026 4420000 707106400=132625774+348458533+255656896 162405578 3333130307 27.7983
4852001 4430000 708726798=132930231+349262055+256238001 162735053 3340125377 29.799
4862997 4440000 710421159=133247159+350101838+256847163 163075024 3347366806 42.0726
4873904 4450000 712085282=133560666+350927530+257442546 163407574 3354431890 28.9723
4884867 4460000 713790801=133879392+351768112+258060302 163749920 3361755023 31.1763
4895781 4470000 715498320=134200552+352615609+258673624 164093905 3369062180 44.4093
4906756 4480000 717308494=134538907+353509498+259330206 164457341 3376795381 32.2121
4917771 4490000 719152763=134879376+354413505+260006373 164835074 3384837099 33.6066
4928768 4500000 720971773=135217867+355302650+260673195 165205594 3392677902 63.2474
4939756 4510000 722744514=135546432+356173663+261319862 165571359 3400404140 31.4988
4950853 4520000 724571636=135883963+357064910+261993394 165948711 3408389444 32.8961
4961839 4530000 726311803=136205320+357919622+262628668 166306856 3415971654 42.9252
4972832 4540000 728077838=136531519+358785321+263275196 166666930 3423628878 30.9695
4983782 4550000 729780519=136848328+359621123+263895912 167017368 3431000455 31.1601
4994759 4560000 731501280=137170047+360475099+264512367 167372216 3438526953 45.0186
5005677 4570000 733194536=137485671+361307632+265127723 167722342 3445927881 30.2408
5016605 4580000 734955325=137813671+362179891+265761552 168084684 3453598316 32.9868
5027569 4590000 736737472=138145545+363054354+266411593 168447134 3461265266 57.128
5038460 4600000 738393463=138455838+363875588+267005756 168784722 3468407396 35.4225
5049344 4610000 740143548=138782548+364740281+267637032 169138642 3475921904 31.7918
5060214 4620000 741870233=139106090+365600408+268252682 169495747 3483456381 43.7625
5071166 4630000 743613192=139431822+366461357+268881721 169845290 3490903172 30.6404
5082077 4640000 745339201=139755035+367318742+269498895 170195370 3498364696 31.6047
5092952 4650000 747089499=140080559+368190757+270124855 170548979 3505926193 45.6347
5103888 4660000 748918815=140421367+369096239+270784275 170918463 3513810643 33.3475
5114792 4670000 750646900=140744847+369954373+271403271 171268189 3521242311 31.6935
5125741 4680000 752370743=141069132+370814041+272015960 171615035 3528644669 46.6716
5136717 4690000 754125951=141395655+371686883+272644514 171972021 3536247372 32.6815
5147654 4700000 755880863=141723602+372558895+273272799 172327227 3543809056 31.8906
5158619 4710000 757654681=142054402+373436112+273912788 172683970 3551433116 50.3384
5169534 4720000 759405171=142385573+374304780+274537245 173038085 3558960233 49.5126
5180402 4730000 761182642=142717946+375188235+275173297 173394558 3566552488 31.9623
5191291 4740000 763013009=143057319+376095774+275832592 173762200 3574407586 46.8506
5202167 4750000 764816212=143392748+376984979+276485800 174126783 3582163926 33.4112
5213037 4760000 766642770=143730118+377881954+277153966 174490831 3589967118 33.857
5223884 4770000 768415032=144062169+378758492+277791554 174847680 3597555405 47.6024
5234779 4780000 770123552=144380720+379609990+278400954 175197458 3604978969 32.4757
5245825 4790000 771897276=144707830+380484915+279045369 175556391 3612623015 32.5
5256768 4800000 773692228=145039729+381372058+279695569 175917572 3620326356 51.1446
5267626 4810000 775460629=145368894+382246602+280333516 176276977 3627972746 51.2882
5278527 4820000 777152619=145685573+383082225+280943831 176616479 3635207996 30.9332
5289476 4830000 778903913=146009973+383941295+281583714 176969361 3642731325 45.3996
5300488 4840000 780584310=146323198+384772257+282189629 177308735 3649949245 31.5703
5311384 4850000 782291240=146641094+385616803+282805182 177652448 3657255047 31.2382
5322312 4860000 784042112=146966488+386481918+283438499 178003044 3664733513 38.083
5333136 4870000 785848740=147302449+387373287+284092611 178364498 3672412524 43.9521
5344051 4880000 787610011=147629640+388241071+284732312 178713861 3679854748 32.2145
5354961 4890000 789373371=147958204+389109434+285372283 179068879 3687415260 38.39
5365866 4900000 791131819=148284815+389972912+286013529 179417320 3694860141 60.2678
5376756 4910000 792827240=148602193+390808703+286626969 179752880 3702013770 30.5757
5387675 4920000 794522352=148919561+391645210+287239075 180090629 3709194687 33.5443
5398578 4930000 796229731=149240395+392490757+287851436 180431852 3716461379 43.3431
5409490 4940000 797900106=149552814+393317032+288453046 180767124 3723602779 30.553
5420355 4950000 799653436=149879244+394180959+289089074 181115519 3731017421 34.9047
5431223 4960000 801343162=150194387+395015403+289699506 181452731 3738224457 45.2121
5442092 4970000 803005260=150506889+395835698+290299070 181783519 3745250926 30.8811
5453015 4980000 804717947=150825962+396679175+290920251 182122469 3752465788 33.4911
5463959 4990000 806404288=151141283+397511154+291529971 182461805 3759663266 61.3223
5474924 5000000 808036824=151445485+398311816+292125241 182788887 3766592541 33.6517
5485938 5010000 809745774=151763765+399155405+292743486 183125573 3773795605 32.4259
5496880 5020000 811367816=152068481+399958254+293326750 183450672 3780686771 42.9698
5507833 5030000 813079522=152388265+400807917+293940886 183790962 3787924705 31.9825
5518806 5040000 814733178=152697523+401623927+294538172 184120782 3794958205 31.6917
5529757 5050000 816376490=153006122+402439075+295126695 184448697 3801939412 45.2324
5540663 5060000 818046802=153317939+403262394+295731304 184779018 3808955196 31.4902
5551636 5070000 819726100=153630642+404090709+296339072 185111806 3816074044 31.1642
5562596 5080000 821359389=153935236+404891851+296934583 185436415 3823002664 35.7252
5573494 5090000 823027788=154246121+405712465+297540862 185767205 3830084825 56.0156
5584492 5100000 824651582=154549727+406510845+298130339 186090322 3836960068 29.4445
5595555 5110000 826218269=154844062+407283353+298695897 186401146 3843543914 30.8041
5606569 5120000 827809343=155145082+408066127+299270148 186715809 3850229462 41.3282
5617545 5130000 829347332=155432911+408822090+299828599 187021382 3856702145 28.5389
5628539 5140000 830902144=155725684+409586914+300391359 187327169 3863201035 30.0615
5639565 5150000 832497457=156024814+410373919+300967062 187646248 3869988051 43.7663
5650481 5160000 834100155=156324899+411164920+301545721 187964390 3876772720 30.3288
5661351 5170000 835650497=156617196+411925606+302108270 188267722 3883215168 28.8849
5672329 5180000 837164641=156902598+412670083+302656103 188567173 3889589385 30.9252
5683321 5190000 838755436=157200633+413451404+303234204 188881912 3896288012 62.4368
5694245 5200000 840275695=157486292+414203755+303780681 189182101 3902665682 28.0535
5705118 5210000 841756314=157766348+414933605+304313722 189476153 3908916574 28.9103
5716075 5220000 843300623=158057512+415694219+304870798 189783630 3915442130 41.4316
5727055 5230000 844831971=158349205+416449100+305420995 190083600 3921827240 28.5365
5738016 5240000 846338514=158633313+417192030+305964060 190381782 3928176273 28.4005
5748974 5250000 847792787=158908823+417909906+306486294 190668487 3934271042 30.12
5759968 5260000 849242865=159185165+418626294+307005172 190949670 3940244160 39.4094
5770885 5270000 850698828=159460550+419343208+307530647 191235192 3946314436 27.6413
5781844 5280000 852154101=159737898+420065374+308049239 191523864 3952454613 28.5519
5792838 5290000 853643528=160017882+420798789+308588085 191817306 3958709786 42.9083
5803819 5300000 855124671=160298530+421530616+309119245 192107040 3964858865 29.7339
5814801 5310000 856586597=160575963+422253584+309642417 192392867 3970962162 27.2966
5825826 5320000 858082430=160859953+422997171+310174395 192687035 3977232659 30.4946
5836769 5330000 859582868=161144459+423741574+310710214 192980443 3983486662 53.9184
5847728 5340000 861049479=161422204+424469922+311232996 193267803 3989618547 40.2769
5858710 5350000 862537423=161703675+425209565+311762370 193559171 3995804684 29.3782
5869730 5360000 863953356=161973645+425915020+312263452 193838311 4001715108 29.5329
5880647 5370000 865473464=162260331+426666678+312809480 194133338 4008009873 39.6527
5891635 5380000 866968023=162543388+427404417+313346289 194425427 4014199556 27.8136
5902588 5390000 868496206=162831914+428161012+313893604 194726180 4020596289 30.7319
5913534 5400000 870010712=163118907+428911224+314436060 195025306 4026941577 41.9536
5924489 5410000 871561758=163413896+429684530+314985586 195329077 4033417297 29.9474
5935564 5420000 873081384=163700996+430439812+315527204 195629549 4039812241 29.2742
5946595 5430000 874651974=163998085+431217570+316088827 195940717 4046431236 33.37
5957566 5440000 876226892=164295251+432002702+316647751 196253586 4053106103 43.239
5968610 5450000 877863427=164598867+432802384+317247865 196569525 4059900318 30.5165
5979615 5460000 879478679=164904094+433604599+317824084 196886439 4066647024 32.9783
5990618 5470000 881143568=165217924+434428241+318421414 197211991 4073590082 61.9081
6001592 5480000 882868218=165540838+435286139+319037053 197554187 4080908811 34.7626
6012521 5490000 884559792=165857626+436122944+319645920 197889011 4088057098 33.6448
6023532 5500000 886298938=166182958+436980414+320275682 198235568 4095446548 45.9172
6034529 5510000 888029857=166503905+437836270+320900498 198582044 4102855022 33.2421
6045561 5520000 889750596=166824805+438683541+321524709 198925324 4110175789 34.668
6056535 5530000 891435093=167139364+439514685+322134542 199265034 4117401132 46.1581
6067584 5540000 893163375=167460128+440366249+322761655 199609097 4124742346 33.2261
6078684 5550000 894827209=167771410+441180962+323368976 199937244 4131695833 33.172
6089671 5560000 896500111=168082596+442005819+323974761 200270894 4138806558 51.6365
6100615 5570000 898152780=168387696+442815747+324579987 200602989 4145892111 45.2344
6111539 5580000 899827024=168699403+443641027+325186782 200939686 4153042568 32.0521
6122490 5590000 901517432=169013614+444472568+325801513 201276503 4160203263 44.6618
6133442 5600000 903173821=169322469+445290717+326399723 201604219 4167207472 33.1773
6144430 5610000 904827969=169630793+446105053+326999658 201932995 4174192145 31.7762
6155425 5620000 906517237=169941789+446936207+327615540 202264766 4181317639 35.5138
6166380 5630000 908213331=170254410+447764827+328240391 202599153 4188452997 46.0861
6177346 5640000 909890598=170565668+448586880+328853228 202924869 4195432987 31.7694
6188339 5650000 911532241=170873402+449396358+329446181 203246665 4202312758 33.973
6199296 5660000 913214128=171185943+450222695+330059056 203575705 4209361803 53.1862
6210250 5670000 914857405=171490604+451032657+330655230 203895171 4216234203 31.0639
6221167 5680000 916537045=171801719+451861256+331264395 204227750 4223326957 34.3184
6232193 5690000 918233573=172116115+452697922+331879318 204558586 4230438322 60.7426
6243114 5700000 919944953=172432924+453536460+332505877 204891089 4237573932 39.6866
6254073 5710000 921655776=172748755+454375809+333131693 205225139 4244768980 34.0231
6265015 5720000 923330942=173060788+455196497+333743807 205550079 4251758019 43.8486
6276014 5730000 924951760=173363959+456000497+334325265 205867702 4258560327 31.6155
6286999 5740000 926604183=173672705+456820802+334918043 206189688 4265465316 32.9111
6298011 5750000 928282635=173984591+457649756+335524921 206514901 4272459246 46.7284
6308975 5760000 930020097=174304799+458503960+336158952 206853641 4279746022 33.8243
6319974 5770000 931685104=174615732+459322223+336764293 207178661 4286684508 32.288
6330997 5780000 933358678=174924011+460143701+337377272 207501819 4293649016 40.9965
6342023 5790000 935016386=175233163+460964516+337973486 207824732 4300592618 59.3626
6353038 5800000 936605372=175531036+461747491+338547819 208130252 4307137884 30.4831
6364053 5810000 938221454=175834040+462548014+339128058 208446697 4313922102 33.9572
6375072 5820000 939869092=176139831+463358777+339727218 208767715 4320811093 42.8507
6386024 5830000 941476620=176441891+464142263+340315658 209077405 4327438996 30.8987
6396912 5840000 943113681=176747771+464948159+340908926 209394446 4334238232 33.6337
6407907 5850000 944711012=177045867+465737742+341484496 209706417 4340910560 43.6013
6418859 5860000 946368727=177354867+466551025+342088820 210032574 4347851104 32.3522
6429878 5870000 947995022=177659208+467359630+342670048 210350269 4354676156 33.3596
6440860 5880000 949544685=177948215+468119013+343235070 210650471 4361083700 45.9737
6451839 5890000 951130299=178245557+468899916+343808354 210959909 4367702329 44.4903
6462899 5900000 952728708=178544723+469683359+344390668 211273736 4374364527 31.0648
6473837 5910000 954298818=178838331+470455082+344960881 211579460 4380905848 33.2872
6484815 5920000 955864572=179132237+471225876+345527698 211883812 4387390099 42.6268
6495784 5930000 957463372=179432594+472016589+346102663 212198189 4394107163 31.2992
6506753 5940000 959039319=179728930+472792062+346672201 212504547 4400644690 32.8836
6517671 5950000 960617374=180024827+473563239+347249343 212813108 4407223881 44.3484
6528600 5960000 962187801=180321697+474340949+347811632 213118862 4413753106 31.5613
6539600 5970000 963777472=180620500+475115611+348393604 213431354 4420394764 31.867
6550555 5980000 965367156=180920706+475902964+348962435 213741807 4427023256 42.8486
6561522 5990000 966924738=181212006+476669522+349526596 214043027 4433483123 57.8052
6572495 6000000 968452621=181500599+477427946+350071496 214342754 4439866643 32.0181
6583420 6010000 970003446=181790815+478189184+350635309 214641059 4446269304 32.4375
6594346 6020000 971517318=182075610+478936122+351181738 214930733 4452467046 41.6482
6605303 6030000 973073062=182368071+479696676+351749143 215226775 4458829452 30.4302
6616312 6040000 974626163=182660610+480468778+352302759 215533530 4465340124 32.2433
6627298 6050000 976184994=182953990+481236265+352865835 215831942 4471711995 45.1046
6638329 6060000 977681466=183238066+481976804+353400604 216123672 4477920228 30.3818
6649282 6070000 979237375=183531905+482748402+353956895 216425788 4484380388 30.8664
6660175 6080000 980775353=183822198+483517322+354501100 216724857 4490765270 33.164
6671098 6090000 982311444=184113063+484273464+355054680 217022514 4497095047 62.4141
6682137 6100000 983882615=184408714+485045895+355623704 217324183 4503536088 36.1767
6693037 6110000 985359371=184687810+485773406+356156382 217605528 4509559931 30.3491
6703966 6120000 986881376=184973844+486522598+356707477 217898588 4515820913 43.7601
6714910 6130000 988384813=185256408+487259589+357253875 218182719 4521904760 29.5779
6725879 6140000 989910711=185545839+488016026+357798392 218474482 4528133163 30.1028
6736831 6150000 991414084=185831306+488759529+358337195 218764689 4534308454 32.7177
6747751 6160000 992882094=186109215+489490141+358858612 219045997 4540318694 41.8352
6758675 6170000 994362172=186390146+490224046+359386505 219329277 4546362453 29.4128
6769641 6180000 995839699=186671085+490957756+359911867 219610333 4552384628 30.9212
6780662 6190000 997321041=186952871+491693317+360439482 219893184 4558407824 42.0019
6791651 6200000 998789355=187232675+492424500+360959486 220175247 4564426153 43.8808
6802737 6210000 1000310251=187520114+493176065+361504501 220464197 4570624520 29.5099
6813690 6220000 1001871908=187812772+493946994+362068051 220760374 4576989960 32.9619
6824712 6230000 1003409172=188102969+494705227+362621607 221053095 4583262348 43.9434
6835868 6240000 1004917293=188390201+495460549+363151127 221341119 4589434139 30.1106
6846951 6250000 1006450012=188678896+496216137+363703646 221635190 4595725020 31.7462
6857988 6260000 1008013497=188973095+496988721+364266045 221934075 4602120238 45.3747
6868994 6270000 1009614268=189272525+497780822+364841680 222245796 4608827552 55.1822
6880103 6280000 1011196183=189568445+498561431+365412934 222550825 4615339250 32.9768
6891121 6290000 1012710356=189856032+499313627+365951375 222841130 4621557098 32.5169
6902258 6300000 1014274472=190150810+500082222+366517130 223140887 4628002274 42.0592
6913312 6310000 1015889540=190453242+500874328+367105266 223448800 4634623127 32.03
6924370 6320000 1017578306=190768985+501704088+367718825 223772580 4641563530 35.5191
6935396 6330000 1019334044=191093146+502562501+368363787 224113105 4648855443 48.2749
6946492 6340000 1021044545=191414375+503408159+368979266 224442275 4655910417 34.5008
6957583 6350000 1022762845=191733138+504251847+369605950 224778072 4663095895 36.0562
6968660 6360000 1024564072=192065853+505131993+370268383 225126544 4670594702 61.7934
6979646 6370000 1026300439=192389466+505983947+370901454 225466337 4677832315 37.4825
6990664 6380000 1028131179=192728116+506885266+371568033 225827973 4685563574 38.2423
7001617 6390000 1029916171=193060805+507768658+372211455 226174984 4692977285 48.4451
7012569 6400000 1031635744=193379142+508614283+372837537 226516151 4700227615 34.3674
7023525 6410000 1033302132=193689421+509435162+373441941 226836758 4707073042 34.6256
7034431 6420000 1034992572=194005542+510271126+374050999 227166969 4714106214 54.7614
7045399 6430000 1036687282=194322043+511113706+374657544 227500960 4721264236 48.8922
7056564 6440000 1038427929=194646888+511974497+375284582 227843565 4728587345 36.7055
7067503 6450000 1040110127=194962144+512806096+375890367 228174188 4735659670 46.0649
7078394 6460000 1041779602=195277595+513628160+376492121 228496920 4742560538 32.9076
7089291 6470000 1043345454=195568620+514395594+377064217 228803625 4749092085 31.9609
7100203 6480000 1045006233=195878594+515210235+377668758 229126150 4755984636 40.1028
7111210 6490000 1046666641=196188636+516030438+378267756 229449861 4762902371 41.9458
7122104 6500000 1048353461=196502275+516857984+378883745 229781743 4769944769 33.7847
7132992 6510000 1050119203=196832768+517733071+379517131 230144457 4777528870 38.3071
7143869 6520000 1051769387=197142555+518544285+380115721 230463002 4784365185 68.202
7154792 6530000 1053397489=197446198+519340171+380712017 230771119 4790993033 34.3909
7165724 6540000 1055072776=197758079+520168608+381316408 231095436 4797954219 36.0142
7176627 6550000 1056755336=198069519+520999773+381925699 231420163 4804937023 45.0433
7187499 6560000 1058488652=198390947+521854957+382553893 231755782 4812149400 35.0933
7198402 6570000 1060152949=198700365+522676203+383156723 232073078 4818978263 35.5984
7209321 6580000 1061805278=199009115+523492980+383752458 232389572 4825779799 46.0229
7220259 6590000 1063417354=199309776+524291693+384332471 232698588 4832404235 32.5914
7231198 6600000 1065076457=199619008+525111077+384932574 233015120 4839215965 35.0435
7242138 6610000 1066728540=199926325+525927078+385529954 233330099 4846006448 48.1914
7253098 6620000 1068437342=200242482+526753735+386167030 233654831 4852937227 34.1117
7264064 6630000 1070105201=200552734+527566592+386780903 233971040 4859697410 34.247
7275025 6640000 1071725244=200854432+528364193+387369224 234279722 4866317332 44.6308
7285938 6650000 1073329616=201153954+529153724+387951092 234588244 4872909342 58.0995
7296863 6660000 1074942165=201455481+529949744+388533040 234898873 4879561123 34.3674
7307845 6670000 1076606513=201765184+530769609+389137502 235217866 4886421259 36.3459
7318841 6680000 1078231473=202070244+531577641+389717645 235531737 4893145069 45.0381
7329826 6690000 1079845661=202371944+532370291+390304884 235841366 4899763645 32.4659
7340828 6700000 1081500502=202679469+533178636+390912912 236155584 4906499673 35.6576
7351721 6710000 1083069803=202972657+533957598+391475647 236456751 4912956918 56.9323
7362715 6720000 1084659562=203270658+534745158+392046427 236757625 4919406234 38.027
7373679 6730000 1086267568=203570362+535535508+392631488 237068682 4926067302 34.0134
7384646 6740000 1087860668=203868285+536323828+393204811 237375078 4932649706 45.8781
7395560 6750000 1089461129=204167118+537111477+393785652 237679357 4939176449 31.8789
7406561 6760000 1091048766=204464422+537892521+394361670 237979689 4945624626 32.3545
7417492 6770000 1092615172=204755207+538658442+394936098 238275798 4951990084 34.8298
7428447 6780000 1094219394=205054137+539445511+395521300 238578883 4958499194 44.5627
7439380 6790000 1095810405=205351320+540226524+396100643 238881200 4964985079 32.232
7450379 6800000 1097420666=205652480+541016554+396687163 239188359 4971579453 35.0387
7461309 6810000 1098948467=205938934+541768617+397239997 239479801 4977823729 55.9595
7472297 6820000 1100514984=206231863+542537772+397810176 239775924 4984169312 42.612
7483211 6830000 1102071198=206525157+543308357+398368072 240073105 4990553813 33.5694
7494114 6840000 1103650666=206821692+544090426+398935436 240372952 4996987141 45.0549
7505085 6850000 1105253092=207121642+544873774+399521799 240676394 5003484457 32.4459
7516008 6860000 1106808845=207414238+545637121+400088057 240971244 5009803810 31.5526
7526957 6870000 1108321954=207697989+546380121+400637834 241259567 5015978930 33.633
7537912 6880000 1109856043=207985319+547134244+401194322 241551515 5022234976 43.1832
7548790 6890000 1111397481=208272320+547888039+401759305 241845888 5028555600 31.3425
7559708 6900000 1112923259=208559085+548641246+402309103 242132979 5034737295 32.6672
7570600 6910000 1114458997=208847457+549399972+402862893 242426015 5041017304 48.3176
7581515 6920000 1115939182=209125876+550131127+403395658 242704209 5046975222 46.6626
7592449 6930000 1117434429=209408375+550870497+403931622 242979394 5052887019 29.9504
7603327 6940000 1118913405=209690187+551606773+404455614 243261065 5058914750 32.6253
7614197 6950000 1120419390=209973992+552350131+404998044 243547603 5065045784 42.325
7625129 6960000 1121890177=210252874+553075969+405527509 243823148 5070962476 29.7595
7636057 6970000 1123395058=210536786+553825658+406062420 244106878 5077063868 32.7582
7646990 6980000 1124868973=210815682+554557516+406588300 244387187 5083079477 44.0911
7657954 6990000 1126318846=211091780+555278369+407103134 244658658 5088895067 30.5082
7668961 7000000 1127799716=211372451+556012422+407632447 244939857 5094921160 30.248
7679936 7010000 1129192375=211636939+556700676+408131240 245201764 5100532830 30.6557
7690902 7020000 1130659675=211915044+557429987+408653608 245479583 5106475059 52.1067
7701895 7030000 1132128582=212193732+558158659+409177616 245756515 5112399893 50.5852
7712825 7040000 1133571529=212468972+558877722+409687458 246033309 5118298250 31.2124
7723728 7050000 1135045163=212748606+559611765+410209751 246309822 5124223306 32.8193
7734650 7060000 1136499645=213025700+560337627+410723151 246582876 5130069571 39.7397
7745562 7070000 1137953915=213300485+561054226+411247149 246853694 5135884863 29.6325
7756442 7080000 1139420731=213578690+561784078+411768105 247132807 5141849712 31.8382
7767374 7090000 1140915222=213862229+562524912+412301738 247409547 5147794961 45.0506
7778289 7100000 1142426861=214149768+563276237+412839017 247696207 5153920006 30.8255
7789255 7110000 1143982290=214442424+564044347+413399804 247987833 5160194797 31.963
7800233 7120000 1145485519=214727550+564788110+413938278 248269990 5166246811 33.6495
7811238 7130000 1147016130=215017883+565546695+414484841 248562169 5172477280 62.3442
7822192 7140000 1148555183=215309462+566313490+415030999 248853174 5178723733 32.1147
7833168 7150000 1150038603=215592441+567058073+415550559 249134380 5184754753 31.8175
7844051 7160000 1151633381=215894529+567849863+416118950 249437792 5191243256 44.4141
7854924 7170000 1153229367=216194898+568645105+416686887 249737975 5197688200 30.6779
7865872 7180000 1154794266=216491041+569416903+417250633 250028959 5203935395 32.4508
7876832 7190000 1156390346=216792773+570212070+417817776 250329174 5210386462 36.059
7887789 7200000 1158006547=217096784+571012856+418397104 250633593 5216927977 44.2447
7898780 7210000 1159616168=217399284+571811461+418973180 250936337 5223457433 32.9537
7909739 7220000 1161244285=217706466+572623096+419551387 251245009 5230099279 36.3318
7920667 7230000 1162885413=218014296+573435593+420140847 251551672 5236700280 47.3601
7931624 7240000 1164521492=218322456+574245400+420727668 251861289 5243361923 33.8798
7942609 7250000 1166226386=218644529+575095280+421333523 252185177 5250282359 37.4438
7953604 7260000 1167935033=218966088+575944537+421943134 252512406 5257296106 60.2832
7964620 7270000 1169638817=219284053+576786938+422557501 252833567 5264215394 34.8153
7975601 7280000 1171420527=219616300+577670560+423196878 253168629 5271420051 38.5313
7986569 7290000 1173246046=219957368+578569748+423858353 253523450 5278978050 63.0388
7997599 7300000 1175076380=220297799+579465960+424527806 253870987 5286399841 50.7412
8008669 7310000 1176846150=220624987+580327293+425181898 254207581 5293648558 38.6275
8019607 7320000 1178716488=220971797+581242279+425868843 254568487 5301362800 50.2257
8030610 7330000 1180512981=221304069+582125300+426523879 254919306 5308867416 37.1875
8041509 7340000 1182287363=221633924+582995864+427171191 255258898 5316170250 38.9373
8052443 7350000 1183976412=221948595+583827797+427783589 255583165 5323126010 47.8982
8063533 7360000 1185718895=222271691+584683032+428419117 255914314 5330256446 36.1422
8074623 7370000 1187383285=222582414+585505024+429019883 256230194 5337041021 36.4438
8085658 7380000 1189032888=222891379+586318990+429615167 256543721 5343760716 55.7636
8096661 7390000 1190758456=223215378+587168395+430239297 256872159 5350834896 50.0914
8107624 7400000 1192455432=223529295+588003633+430856661 257199195 5357849405 37.9802
8118604 7410000 1194194730=223855370+588857900+431488139 257529563 5364942881 47.8952
8129496 7420000 1196011763=224192997+589748763+432151809 257874560 5372381242 37.0707
8140421 7430000 1197744349=224513822+590602832+432780653 258208072 5379538871 37.8851
8151396 7440000 1199511599=224844111+591475627+433417768 258546132 5386831269 50.7674
8162268 7450000 1201293716=225176211+592357137+434060698 258884757 5394118051 37.1527
8173172 7460000 1203105703=225511487+593247980+434721220 259231488 5401576622 39.9589
8184013 7470000 1204936078=225848914+594144964+435392565 259574731 5408979625 58.8035
8194943 7480000 1206809138=226195984+595073050+436068695 259932822 5416700236 38.7994
8205852 7490000 1208688208=226543956+596001804+436748606 260291076 5424416783 41.4106
8216744 7500000 1210551578=226888734+596919859+437426386 260644683 5432035100 67.7039
8227583 7510000 1212401043=227231781+597835105+438094512 260994619 5439608988 50.5331
8238422 7520000 1214263151=227576191+598754308+438770277 261346153 5447201238 41.2579
8249239 7530000 1216101893=227917587+599662978+439434547 261696724 5454767495 49.7924
8260110 7540000 1217941097=228258418+600575033+440096612 262045731 5462325466 38.4545
8270935 7550000 1219808724=228604175+601501576+440769524 262398889 5469986802 42.5561
8281806 7560000 1221717498=228960341+602449298+441454617 262761300 5477819932 52.1274
8292627 7570000 1223531592=229295988+603343736+442113263 263103618 5485224578 38.109
8303534 7580000 1225355546=229633769+604244020+442774399 263451901 5492711704 43.2818
8314407 7590000 1227172587=229970622+605136925+443437220 263792725 5500083502 48.9935
8325271 7600000 1228982003=230306199+606029860+444093550 264133209 5507441784 38.2331
8336115 7610000 1230839735=230652239+606943988+444768842 264486647 5515056910 50.6945
8347033 7620000 1232710480=230998570+607864749+445449578 264837717 5522644270 66.597
8358024 7630000 1234500969=231331952+608754205+446092121 265175900 5529959229 39.4844
8368923 7640000 1236337085=231671742+609662593+446755648 265522748 5537443453 51.9442
8379885 7650000 1238169217=232011406+610574470+447412992 265868427 5544921143 37.7213
8390856 7660000 1239997609=232351327+611481277+448071181 266213121 5552364548 39.9145
8401797 7670000 1241809496=232689166+612375801+448726270 266559580 5559789421 52.8782
8412837 7680000 1243684632=233035441+613298945+449409225 266914849 5567489114 38.7718
8423789 7690000 1245435337=233360995+614163241+450042978 267244532 5574608700 38.6733
8434788 7700000 1247197140=233688193+615033371+450680424 267573080 5581733464 58.4215
8445724 7710000 1248932913=234009665+615879762+451319359 267900858 5588750585 55.4284
8456690 7720000 1250750364=234349031+616784527+451969120 268244633 5596145499 40.9517
8467652 7730000 1252491089=234674269+617648683+452592997 268571406 5603206607 49.1134
8478553 7740000 1254271017=235006862+618531379+453232146 268906005 5610399793 37.0765
8489430 7750000 1256095457=235350243+619433104+453886695 269249226 5617833740 40.2612
8500309 7760000 1257840200=235677353+620293545+454515631 269575422 5624894864 50.1339
8511207 7770000 1259671157=236017584+621194849+455180599 269919102 5632299072 38.0771
8522105 7780000 1261372253=236335007+622036979+455793151 270236359 5639153397 37.789
8532976 7790000 1263137957=236664995+622912997+456426563 270564592 5646248538 59.3204
8543950 7800000 1264832675=236983769+623748428+457037291 270878759 5653045130 41.8379
8554832 7810000 1266548205=237305392+624598898+457652681 271197075 5659916211 37.5001
8565760 7820000 1268304174=237633754+625465700+458286170 271524380 5666993786 51.622
8576695 7830000 1270075226=237968165+626338655+458924858 271855077 5674114243 37.1203
8587656 7840000 1271765654=238285017+627174067+459533707 272172788 5680959214 37.0192
8598609 7850000 1273501157=238611301+628034657+460154765 272496827 5687965811 55.3494
8609557 7860000 1275281071=238942216+628914087+460798001 272828375 5695124796 54.7127
8620522 7870000 1276951158=239254060+629742097+461397790 273142859 5701913731 37.49
8631486 7880000 1278731274=239583600+630619177+462044491 273474108 5709109004 50.6215
8642471 7890000 1280409811=239898718+631450682+462646801 273785984 5715856867 34.8364
8653385 7900000 1282125499=240217420+632295856+463270258 274112577 5722853014 36.9146
8664301 7910000 1283849331=240539814+633140939+463898774 274431025 5729748311 50.1565
8675286 7920000 1285524318=240854274+633971558+464498909 274746277 5736552211 35.9243
8686221 7930000 1287157600=241161168+634777646+465087867 275054891 5743177602 35.1594
8697157 7940000 1288896657=241485660+635630820+465722753 275377826 5750161412 41.5613
8708062 7950000 1290613119=241803701+636472197+466350627 275693511 5757016294 56.0431
8718999 7960000 1292257571=242114726+637283439+466942509 275997274 5763586844 34.3944
8729973 7970000 1293977847=242436453+638129902+467566789 276320247 5770491752 39.4751
8740955 7980000 1295607534=242743930+638936747+468151059 276626068 5777071625 46.9782
8751942 7990000 1297224489=243048380+639738846+468729845 276930679 5783619400 34.1899
8762889 8000000 1298756755=243337125+640496628+469279509 277216496 5789780709 34.818
8773854 8010000 1300288523=243628483+641258418+469822937 277502682 5795931374 55.6797
8784800 8020000 1301808123=243915590+642014276+470363968 277784982 5802013607 45.2918
8795727 8030000 1303348421=244205619+642779359+470913950 278070342 5808176775 34.1351
8806677 8040000 1304859619=244491986+643530064+471452279 278350506 5814198318 39.5917
8817631 8050000 1306393214=244781959+644289571+472001602 278632373 5820270742 39.1798
8828599 8060000 1307936850=245072659+645050409+472559040 278917517 5826411471 32.5901
8839458 8070000 1309360756=245342063+645752645+473071494 279183001 5832108079 32.4409
8850450 8080000 1310826116=245620526+646479354+473594529 279456345 5837973164 44.8735
8861418 8090000 1312273046=245894818+647200283+474107854 279728328 5843821779 31.2215
8872325 8100000 1313784845=246181102+647954173+474643410 280014122 5849963624 32.9255
8883290 8110000 1315238716=246458407+648677707+475158632 280284995 5855774947 34.433
8894199 8120000 1316575066=246713802+649342916+475631627 280536089 5861130217 58.2133
8905111 8130000 1317979901=246981710+650038503+476132782 280795964 5866690995 40.6757
8916020 8140000 1319393995=247251773+650741359+476634802 281060347 5872355625 31.4795
8926973 8150000 1320895584=247535267+651490077+477167689 281340597 5878395501 44.1786
8937864 8160000 1322341829=247810792+652213160+477677025 281616930 5884275496 31.0791
8948820 8170000 1323781399=248084947+652932653+478184546 281883999 5890007504 30.8942
8959785 8180000 1325191682=248353943+653634552+478684135 282147997 5895672025 32.3866
8970688 8190000 1326645250=248629157+654358149+479200265 282417776 5901477598 43.8161
8981627 8200000 1328185971=248920484+655127402+479745443 282704571 5907680497 32.8368
8992534 8210000 1329719927=249209792+655893097+480289032 282989439 5913824749 33.3407
9003462 8220000 1331227885=249494102+656638526+480830249 283269696 5919852036 36.9935
9014398 8230000 1332767624=249784570+657405118+481377446 283554932 5926008689 60.5899
9025284 8240000 1334271065=250069375+658150473+481913871 283832695 5932001637 31.9473
9036188 8250000 1335806118=250361065+658905001+482468577 284115843 5938091684 34.6908
9047114 8260000 1337340759=250649726+659668700+483015887 284401923 5944268559 45.2192
9058112 8270000 1338918753=250945304+660450333+483583113 284691945 5950559829 33.879
9068972 8280000 1340540185=251251973+661255996+484161156 284992363 5957044281 35.9725
9079909 8290000 1342132292=251552769+662049888+484726097 285286891 5963409773 49.6694
9090845 8300000 1343772597=251861216+662867798+485308738 285591871 5970015230 52.7497
9101809 8310000 1345340803=252159391+663652221+485860877 285881262 5976262008 34.7085
9112828 8320000 1346989931=252468650+664467727+486454382 286187471 5982855020 39.1167
9123833 8330000 1348674780=252784488+665305267+487056411 286503838 5989708206 52.17
9134792 8340000 1350328709=253094288+666120211+487655093 286811240 5996328090 35.4571
9145828 8350000 1351998876=253408722+666950313+488251149 287123616 6003061823 38.7135
9156762 8360000 1353819490=253747082+667847357+488911507 287465818 6010471425 71.7396
9167747 8370000 1355572891=254077991+668726111+489529347 287799866 6017659891 39.0396
9178704 8380000 1357325842=254405481+669589937+490164204 288131585 6024814684 40.1828
9189692 8390000 1359117592=254742440+670473706+490810442 288472773 6032116664 48.5798
9200715 8400000 1360902027=255075579+671356787+491452992 288812344 6039433698 38.0985
9211739 8410000 1362637710=255399324+672202857+492090445 289137757 6046451750 40.0368
9222741 8420000 1364481271=255739780+673107950+492765112 289489531 6054001859 50.5564
9233751 8430000 1366095916=256041891+673906708+493345941 289799415 6060642366 34.7236
9244652 8440000 1367856110=256372182+674772461+493985256 290128262 6067734697 40.7412
9255561 8450000 1369635623=256701266+675647245+494633984 290467228 6075052997 70.4757
9266477 8460000 1371368744=257023142+676499306+495264400 290795259 6082124823 44.843
9277371 8470000 1373128898=257348136+677358292+495912234 291125597 6089255404 40.2739
9288260 8480000 1374875300=257673045+678219013+496545035 291457830 6096423549 47.7873
9299148 8490000 1376639361=257999888+679082553+497191556 291783767 6103481516 37.6285
9310042 8500000 1378386955=258322929+679945874+497825090 292117706 6110696384 40.7532
9320918 8510000 1380197773=258658998+680841728+498478029 292458663 6118063895 51.5322
9331811 8520000 1382019124=258996808+681740457+499137831 292800309 6125473947 38.9709
9342699 8530000 1383783813=259324284+682614447+499774123 293132725 6132663905 41.3655
9353605 8540000 1385630750=259665105+683520557+500449727 293476842 6140119477 75.8439
9364536 8550000 1387467689=260003916+684425148+501118568 293823178 6147624227 42.8981
9375400 8560000 1389309493=260344338+685330452+501790476 294168916 6155108343 42.8037
9386266 8570000 1391163118=260686476+686241438+502467083 294517735 6162672228 49.2744
9397085 8580000 1392953137=261016482+687119130+503122722 294852870 6169968142 38.6396
9407946 8590000 1394795454=261355000+688024046+503797359 295197636 6177452624 48.1255
9418840 8600000 1396620894=261692281+688926707+504457797 295539156 6184872027 45.6446
9429879 8610000 1398490282=262035920+689843770+505142923 295885283 6192411068 40.6337
9440791 8620000 1400347587=262378671+690753637+505824077 296230186 6199887039 56.5435
9451744 8630000 1402208671=262723771+691669671+506500902 296576233 6207400836 62.6575
9462700 8640000 1404044950=263061648+692576015+507168596 296916299 6214804727 41.8295
9473558 8650000 1405901337=263406180+693493041+507840088 297261722 6222319926 51.8029
9484538 8660000 1407743372=263747453+694404261+508505546 297607561 6229806571 39.0425
9495691 8670000 1409602606=264090180+695318385+509184141 297949635 6237239789 41.6379
9506599 8680000 1411491376=264437672+696237433+509883100 298290480 6244669508 53.0117
9517528 8690000 1413317062=264775265+697137241+510546561 298628033 6251996725 39.207
9528426 8700000 1415061558=265102430+697995888+511178025 298955032 6259048361 39.9376
9539304 8710000 1416862571=265436584+698876369+511838791 299285040 6266211002 51.3664
9550253 8720000 1418665464=265772920+699766586+512490231 299617554 6273421086 39.04
9561151 8730000 1420489439=266111709+700665371+513152003 299955246 6280733622 41.6269
9572169 8740000 1422227628=266435885+701532296+513771471 300278158 6287747162 64.2621
9583108 8750000 1424152461=266789198+702466284+514488552 300623174 6295264813 46.515
9594070 8760000 1425935344=267122051+703341036+515138092 300948555 6302325775 40.9935
9605026 8770000 1427740245=267456648+704232467+515791475 301279088 6309526140 50.9811
9616043 8780000 1429562801=267795712+705135667+516447615 301613552 6316786193 39.4775
9626976 8790000 1431306133=268120197+705998667+517075979 301935220 6323766794 40.8427
9637868 8800000 1433074953=268449346+706877884+517709589 302262746 6330868281 60.873
9648789 8810000 1434845956=268778971+707750670+518351571 302589781 6337949246 38.5029
9659681 8820000 1436623730=269109018+708624726+518998533 302917098 6345048384 41.4031
9670649 8830000 1438368396=269434158+709488384+519627423 303239059 6352027143 46.9915
9681587 8840000 1440179558=269769467+710381189+520285555 303572841 6359285995 39.3892
9692603 8850000 1441921248=270097274+711248981+520905278 303894483 6366254818 41.4265
9703662 8860000 1443665854=270424271+712108717+521536351 304210741 6373131063 50.0144
9714691 8870000 1445443568=270759238+712988151+522174892 304536053 6380191400 38.783
9725769 8880000 1447222767=271091875+713866291+522817894 304860017 6387210972 42.3397
9736765 8890000 1448941589=271411541+714715072+523440393 305174124 6394036053 70.0133
9747779 8900000 1450687623=271736283+715575502+524074188 305494630 6400984734 45.9787
9758710 8910000 1452420111=272057792+716432976+524700036 305815796 6407956441 40.8396
9769760 8920000 1454191727=272386497+717302632+525346689 306137983 6414967316 48.9265
9780781 8930000 1455932961=272712380+718158422+525979741 306455146 6421817343 37.8459
9791870 8940000 1457663899=273034726+719010261+526608902 306768943 6428593189 40.8785
9802858 8950000 1459386493=273356452+719865357+527226800 307087876 6435508231 49.5484
9813924 8960000 1461089725=273676484+720711056+527836939 307402311 6442324794 37.3893
9824943 8970000 1462828092=273999481+721566071+528469354 307722642 6449254468 40.9676
9835848 8980000 1464500653=274313747+722393549+529070652 308032614 6455940004 49.3451
9846719 8990000 1466170144=274626113+723215218+529676204 308339088 6462562358 36.8535
9857637 9000000 1467830670=274936098+724036632+530274666 308649059 6469250191 38.7464
9868585 9010000 1469533588=275255997+724877369+530888679 308963907 6476039517 61.2281
9879471 9020000 1471244218=275575416+725722492+531507122 309279420 6482855486 53.0722
9890333 9030000 1472892887=275883829+726540951+532097534 309582635 6489417574 38.8692
9901255 9040000 1474525989=276188675+727351759+532683789 309885733 6495985515 48.2381
9912129 9050000 1476165111=276496538+728163510+533271804 310185203 6502485172 36.3558
9923008 9060000 1477760043=276795870+728945874+533852233 310476305 6508743604 36.0622
9933941 9070000 1479448162=277107377+729771813+534472715 310787395 6515485839 50.4459
9944792 9080000 1481091592=277414997+730586626+535061912 311089347 6522027269 38.9603
9955684 9090000 1482710241=277720749+731387193+535642523 311384667 6528425639 36.6918
9966545 9100000 1484317285=278019504+732169279+536234855 311675654 6534753032 39.2691
9977461 9110000 1485867898=278313788+732934614+536791852 311957888 6540857473 65.1284
9988447 9120000 1487462071=278612608+733721475+537366870 312247685 6547154685 36.8748
9999375 9130000 1489055761=278909308+734505014+537946331 312537872 6553447395 37.7666
10010346 9140000 1490653216=279209332+735299314+538516212 312828501 6559751127 48.0807
10021321 9150000 1492189435=279500413+736059074+539066689 313107330 6565762005 34.8785
10032289 9160000 1493759959=279796182+736835546+539630956 313392526 6571968742 37.2762
10043182 9170000 1495272482=280082424+737584171+540173460 313669495 6577950400 46.633
10054075 9180000 1496852203=280378918+738361091+540745869 313954442 6584127409 37.165
10065035 9190000 1498430176=280677238+739145892+541307118 314243261 6590396732 35.6564
10075955 9200000 1499942915=280963721+739899523+541843928 314517973 6596346969 37.1568
10086911 9210000 1501511678=281260909+740677339+542404174 314804073 6602537471 61.1452
10097786 9220000 1503083994=281557212+741454338+542969096 315087878 6608687184 37.0969
10108660 9230000 1504653900=281852987+742229334+543534644 315375222 6614924347 37.3248
10119584 9240000 1506202259=282147583+743001630+544081882 315659343 6621063439 46.7889
10130568 9250000 1507775302=282442937+743774363+544652632 315940988 6627176525 35.1416
10141512 9260000 1509337704=282738024+744546907+545213189 316226431 6633368701 35.5643
10152451 9270000 1510928178=283037725+745333822+545784355 316517197 6639660624 43.1781
10163447 9280000 1512489263=283333510+746104429+546345379 316800762 6645805450 55.769
10174425 9290000 1514080371=283634155+746894201+546913503 317094181 6652150795 35.9743
10185362 9300000 1515679244=283935907+747688291+547484113 317385382 6658473661 39.1845
10196309 9310000 1517275073=284235512+748479319+548056034 317676465 6664788939 47.4073
10207277 9320000 1518916311=284544150+749295190+548641931 317975290 6671275601 37.5862
10218228 9330000 1520547449=284850352+750104946+549225469 318275452 6677787739 39.1706
10229183 9340000 1522171019=285156504+750916421+549800702 318572005 6684191063 57.4594
10240109 9350000 1523773746=285459081+751709903+550375167 318861106 6690456361 56.9199
10251101 9360000 1525464287=285773994+752543667+550987142 319171399 6697201523 40.0671
10262064 9370000 1527166711=286091021+753385563+551601536 319481984 6703930580 50.4859
10273056 9380000 1528856330=286407379+754225320+552205364 319790203 6710625060 37.2978
10283962 9390000 1530537449=286723194+755062490+552804166 320096768 6717268983 38.4312
10294906 9400000 1532185647=287032667+755883204+553391158 320398279 6723805253 50.8469
10305916 9410000 1533870635=287348463+756724926+553989454 320708632 6730553317 37.8074
10316842 9420000 1535602295=287668850+757579699+554616917 321025427 6737485926 39.1133
10327837 9430000 1537261343=287979146+758402911+555211969 321329065 6744067002 44.6299
10338904 9440000 1538974643=288299282+759248695+555831301 321643026 6750881912 67.2098
10349928 9450000 1540710936=288621811+760106602+556458536 321963583 6757840924 40.0461
10360912 9460000 1542483827=288952066+760978234+557103546 322286011 6764845425 47.1758
10371935 9470000 1544246128=289280676+761851106+557737108 322611008 6771890023 46.8381
10382892 9480000 1546048654=289615602+762737945+558392916 322953740 6779292150 41.4593
10393917 9490000 1547923046=289961474+763660466+559075890 323311527 6786998546 54.4501
10404853 9500000 1549617774=290276531+764498211+559687923 323633009 6793934890 47.506
10415815 9510000 1551391797=290606098+765375274+560328088 323964816 6801098404 51.1833
10426841 9520000 1553152580=290932176+766241562+560969670 324294021 6808208343 51.0848
10437767 9530000 1554883906=291254172+767092732+561599635 324620578 6815228030 67.2574
10448709 9540000 1556568743=291567050+767921484+562211989 324934881 6822022441 40.5806
10459621 9550000 1558246127=291880952+768749164+562818031 325246584 6828762044 45.535
10470637 9560000 1559983219=292202460+769602425+563451449 325573287 6835809166 48.0108
10481470 9570000 1561710797=292524834+770456555+564074923 325895628 6842793907 40.1954
10492365 9580000 1563547344=292865009+771358359+564745022 326236566 6850199700 47.8377
10503331 9590000 1565240850=293179181+772198386+565354558 326553726 6857052888 50.9461
10514269 9600000 1566947909=293498022+773042059+565970345 326867273 6863843862 44.529
10525142 9610000 1568727329=293829047+773921315+566613399 327196637 6870972090 46.0333
10535985 9620000 1570414001=294143472+774755914+567220825 327507847 6877722928 53.0862
10546885 9630000 1572151911=294466269+775611745+567851955 327826295 6884643916 41.346
10557856 9640000 1573876131=294786405+776458821+568480302 328141446 6891475901 47.0643
10568773 9650000 1575647029=295114108+777333179+569122306 328468575 6898574455 69.6841
10579716 9660000 1577441732=295448544+778220662+569769425 328802190 6905797132 41.889
10590593 9670000 1579281996=295787337+779124095+570442671 329139809 6913152687 48.2994
10601477 9680000 1581118537=296125082+780021531+571118577 329476198 6920471761 71.2612
10612312 9690000 1582924820=296459171+780911860+571774964 329803118 6927606221 52.2391
10623269 9700000 1584683443=296784513+781781057+572411485 330128018 6934665328 86.9863
10634187 9710000 1586498660=297118374+782677397+573070926 330459345 6941887003 87.1823
10645036 9720000 1588301617=297451258+783565977+573726747 330789677 6949102232 89.1911
10655898 9730000 1590109306=297784816+784449952+574391203 331119222 6956277580 113.713
10666786 9740000 1591908030=298117943+785332960+575048030 331447662 6963437492 57.2929
10677735 9750000 1593693524=298448366+786209262+575699949 331771329 6970463312 41.9125
10688683 9760000 1595494449=298781476+787095848+576355423 332101407 6977625181 57.7413
10699629 9770000 1597335245=299120588+788002564+577025935 332438558 6984992332 59.6709
10710615 9780000 1599118683=299450441+788879292+577676532 332761256 6992013263 42.3593
10721452 9790000 1600901584=299779580+789751439+578331189 333084815 6999073048 52.6445
10732288 9800000 1602657055=300106233+790613051+578970677 333403699 7005985380 39.2931
10743152 9810000 1604456241=300438933+791495736+579628630 333731301 7013108526 42.6023
10754005 9820000 1606232097=300768232+792370674+580274156 334055275 7020137442 55.9317
10764852 9830000 1607952799=301088210+793221036+580895860 334371429 7026997546 41.4595
10775743 9840000 1609677084=301407934+794070373+581522611 334684512 7033816575 41.2915
10786692 9850000 1611360241=301720872+794901040+582131757 334989620 7040476812 55.228
10797546 9860000 1613106838=302047483+795764320+582761349 335311256 7047437074 49.2025
10808442 9870000 1614859284=302373799+796623339+583400818 335626587 7054296818 41.1472
10819319 9880000 1616606681=302696407+797476690+584044708 335940573 7061136558 57.1349
10830230 9890000 1618291737=303011476+798311816+584650533 336249433 7067808251 75.9012
10841071 9900000 1620028049=303334890+799166933+585280772 336564791 7074675269 84.1527
10852022 9910000 1621797387=303662338+800040289+585922270 336887632 7081696652 112.752
10862880 9920000 1623479769=303976945+800863838+586537040 337194327 7088333248 103.856
10873781 9930000 1625186113=304294462+801700856+587159505 337502637 7095044931 57.2222
10884745 9940000 1626868469=304608115+802532903+587766450 337809837 7101700693 49.2403
10895626 9950000 1628565755=304922923+803364932+588387533 338117117 7108357076 41.426
10906535 9960000 1630312034=305246509+804222268+589025464 338436991 7115276765 40.4368
10917449 9970000 1631938546=305549285+805018580+589620347 338731456 7121670269 41.0803
10928350 9980000 1633641195=305865878+805853868+590241497 339038394 7128317771 51.0129
10939259 9990000 1635299828=306174278+806672462+590842175 339340098 7134857546 68.8629
10950176 10000000 1636968069=306486894+807493743+591446449 339643848 7141438718 90.0298
10961107 10010000 1638598565=306789832+808297736+592037169 339941430 7147919286 109.093
10971999 10020000 1640254797=307097002+809110037+592641940 340242105 7154462902 86.8776
10982920 10030000 1641980729=307416824+809955033+593274120 340550064 7161164058 76.5044
10993827 10040000 1643679181=307733415+810786070+593895573 340855050 7167783310 49.1532
11004784 10050000 1645297085=308039620+811583018+594478952 341147765 7174102087 37.5375
11015709 10060000 1646974056=308354326+812407970+595087005 341451209 7180680341 41.1778
11026622 10070000 1648635832=308664274+813227837+595687953 341748579 7187158938 51.2115
11037539 10080000 1650303732=308975518+814044793+596296845 342050519 7193693563 38.7605
11048450 10090000 1652015313=309292736+814883662+596922538 342357578 7200368993 57.376
Csz: 5000, pgsz: 4096
11059342 10100000 1653671815=309601707+815699928+597522942 342657482 7206887641 59.5563
