Csz: 5000, pgsz: 4096
Csz: 5000, pgsz: 4096
Csz: 5000, pgsz: 4096
10988 10000 1502292=280572+736640+547318 724709 11494421 9.5303
22023 20000 2970861=556570+1459582+1077812 1304562 21531893 12.0402
33024 30000 4456588=837163+2191952+1612898 1860489 31418446 14.0321
44043 40000 6023064=1126535+2951650+2194339 2414854 41410408 16.0459
55121 50000 7458923=1399081+3658814+2711810 2913023 50484160 15.6612
66115 60000 8884200=1666343+4351412+3237298 3387155 59209541 16.8816
77117 70000 10325672=1938612+5065738+3753209 3868753 68103587 15.0218
88102 80000 11704520=2200904+5743417+4250267 4319625 76462513 21.4898
99095 90000 13141708=2468450+6448156+4774403 4783691 85097027 38.8356
Csz: 5000, pgsz: 4096
10988 10000 1502292=280572+736640+547318 724709 11494421 9.72454
22023 20000 2970861=556570+1459582+1077812 1304562 21531893 12.3229
33024 30000 4456588=837163+2191952+1612898 1860489 31418446 14.5689
44043 40000 6023064=1126535+2951650+2194339 2414854 41410408 17.0663
55121 50000 7458923=1399081+3658814+2711810 2913023 50484160 16.3852
66115 60000 8884200=1666343+4351412+3237298 3387155 59209541 18.6351
77117 70000 10325672=1938612+5065738+3753209 3868753 68103587 16.1089
88102 80000 11704520=2200904+5743417+4250267 4319625 76462513 16.4633
99095 90000 13141708=2468450+6448156+4774403 4783691 85097027 20.8421
110113 100000 14573248=2739390+7155686+5287868 5236616 93603248 31.7365
121109 110000 15985093=3006601+7854726+5792984 5683649 102030466 45.5318
132028 120000 17535828=3286917+8593625+6386159 6137594 110629878 52.3535
142990 130000 18989910=3562813+9314585+6905248 6583228 119109469 74.7143
153925 140000 20478113=3841840+10055039+7435263 7034882 127723025 84.256
164855 150000 21986075=4126173+10800292+7976893 7490924 136451279 106.935
175812 160000 23588906=4417278+11564938+8588302 7954039 145329692 117.331
186797 170000 25064787=4694417+12295367+9118384 8398225 153834638 74.5292
197847 180000 26599186=4977710+13040228+9687961 8845866 162452693 103.087
Csz: 5000, pgsz: 4096
10988 10000 1502292=280572+736640+547318 724709 11494421 9.56852
22023 20000 2970861=556570+1459582+1077812 1304562 21531893 12.0144
33024 30000 4456588=837163+2191952+1612898 1860489 31418446 13.992
44043 40000 6023064=1126535+2951650+2194339 2414854 41410408 15.9762
55121 50000 7458923=1399081+3658814+2711810 2913023 50484160 15.2974
66115 60000 8884200=1666343+4351412+3237298 3387155 59209541 16.4616
77117 70000 10325672=1938612+5065738+3753209 3868753 68103587 13.7079
88102 80000 11704520=2200904+5743417+4250267 4319625 76462513 13.9181
99095 90000 13141708=2468450+6448156+4774403 4783691 85097027 15.0652
110113 100000 14573248=2739390+7155686+5287868 5236616 93603248 17.4767
121109 110000 15985093=3006601+7854726+5792984 5683649 102030466 21.9175
132028 120000 17535828=3286917+8593625+6386159 6137594 110629878 16.5172
142990 130000 18989910=3562813+9314585+6905248 6583228 119109469 21.393
153925 140000 20478113=3841840+10055039+7435263 7034882 127723025 25.8737
164855 150000 21986075=4126173+10800292+7976893 7490924 136451279 33.8556
175812 160000 23588906=4417278+11564938+8588302 7954039 145329692 45.0567
186797 170000 25064787=4694417+12295367+9118384 8398225 153834638 36.0529
197847 180000 26599186=4977710+13040228+9687961 8845866 162452693 41.5333
208776 190000 28111953=5261817+13788273+10232285 9289271 171025923 46.1443
219728 200000 29617587=5546453+14534647+10770299 9728227 179514297 48.9137
230584 210000 31181708=5839412+15307594+11333221 10179701 188260050 58.0556
241548 220000 32688282=6122551+16050723+11876729 10615615 196717832 65.5864
252514 230000 34286526=6416184+16828578+12467909 11069504 205534843 68.5715
263483 240000 35784986=6699043+17569920+13004988 11499787 213898554 71.1555
274496 250000 37316243=6986574+18328967+13553505 11937199 222465084 74.1536
285461 260000 38808738=7269076+19072107+14083606 12361847 230769700 73.5321
296415 270000 40297599=7549151+19806677+14620226 12783529 239006213 63.6137
307437 280000 41804539=7832902+20554543+15159093 13207502 247312833 71.1473
318462 290000 43407289=8135567+21347596+15733409 13659747 256135345 83.891
329483 300000 45034621=8442468+22161830+16308545 14123235 265235033 91.7211
340525 310000 46622556=8738285+22941211+16886727 14561898 273822019 84.9278
351480 320000 48208903=9039190+23731973+17447383 14998511 282396801 88.1684
362496 330000 49745201=9330549+24494464+17993474 15425224 290744310 90.9449
373551 340000 51302846=9626362+25265687+18550462 15856764 299196565 97.9395
384689 350000 52876882=9922400+26034452+19125405 16293916 307772633 104.439
395874 360000 54496036=10222163+26820519+19724920 16746671 316629445 101.918
406862 370000 56143114=10531369+27615239+20335875 17201985 325551151 110.78
417894 380000 57726755=10827892+28389858+20913921 17643857 334188479 109.028
428912 390000 59284979=11119328+29151717+21483671 18074245 342637406 116.406
439874 400000 60817103=11404232+29896950+22048736 18490890 350802993 96.857
450859 410000 62363774=11693154+30657296+22610559 18916097 359168769 102.659
461847 420000 63864099=11974711+31393476+23155224 19325928 367220254 102.085
472807 430000 65457843=12275334+32175626+23733013 19756999 375737160 116.169
483790 440000 67066708=12575543+32969739+24314526 20196397 384414512 110.222
494708 450000 68720958=12883999+33785785+24912528 20643085 393276461 116.947
505590 460000 70373617=13192425+34601814+25508938 21089196 402147029 121.686
516566 470000 72013260=13498380+35405489+26106827 21526914 410874819 132.607
527520 480000 73668204=13806659+36221553+26705962 21971719 419699055 118.974
538466 490000 75345794=14118646+37043582+27319558 22418393 428564691 120.122
549399 500000 77049248=14444195+37878804+27939450 22870908 437536155 126.948
560288 510000 78709960=14754687+38700159+28537977 23308737 446267214 128.814
571192 520000 80379140=15064387+39521810+29144441 23750823 455136811 134.429
582148 530000 82063172=15378859+40349636+29756564 24193967 463998281 127.94
593039 540000 83798386=15699879+41198942+30392889 24642268 473032340 133.073
604123 550000 85320364=15986210+41938649+30952924 25034916 480837910 120.301
615220 560000 86606519=16229482+42569291+31420367 25365579 487398936 109.053
626410 570000 87872812=16466755+43181551+31889824 25687197 493817096 95.1215
637646 580000 89106534=16700961+43785103+32338700 26001396 500037425 94.8319
648847 590000 90405606=16942134+44408033+32827113 26315336 506278602 95.1803
660023 600000 91564479=17162543+44970814+33251930 26606039 512035118 90.9043
671169 610000 92710228=17381182+45529358+33670548 26892511 517739124 91.085
682330 620000 93854888=17601002+46083126+34090643 27176450 523370817 91.6694
693457 630000 95088749=17832127+46682637+34545328 27476212 529346538 101.95
704731 640000 96328134=18063601+47280203+35007530 27778142 535377425 96.637
715916 650000 97474214=18282103+47837157+35427033 28060713 540983352 94.3173
727122 660000 98706133=18516207+48435259+35879324 28361546 546970797 100.878
738273 670000 99911532=18745503+49021170+36321340 28656427 552832184 101.074
749495 680000 101078812=18969767+49587610+36748333 28938466 558418814 102.638
760693 690000 102291788=19200291+50173616+37196451 29237764 564340237 98.7014
771972 700000 103502883=19429523+50760516+37642782 29534641 570278302 96.8578
783287 710000 104677315=19653983+51333498+38070528 29821292 575984313 95.9316
794503 720000 105833354=19875409+51898281+38490371 30104714 581624274 95.9188
805629 730000 107051264=20105006+52478479+38949648 30400306 587500938 101.813
816809 740000 108209746=20322705+53027367+39390320 30676673 592971472 96.9506
827890 750000 109386100=20542675+53575667+39846971 30952085 598416143 101.489
839058 760000 110498500=20754893+54110031+40260177 31215289 603659502 91.6526
850231 770000 111686115=20978508+54682329+40701563 31499569 609336478 99.2856
861324 780000 112798948=21191374+55220185+41111664 31769668 614683030 94.7353
872344 790000 113944668=21410445+55771339+41536162 32040453 620074715 100.446
883522 800000 115096177=21630986+56327391+41960824 32312633 625506810 101.86
894714 810000 116204116=21844107+56856875+42374924 32577790 630810496 107.706
905844 820000 117327545=22058738+57400012+42788958 32843351 636117850 95.4298
916882 830000 118595149=22298772+58008088+43262648 33149011 642178791 106.82
927964 840000 119789441=22527534+58590283+43697160 33440000 647964525 106.535
939033 850000 121050465=22765895+59201256+44162141 33746793 654116627 112.754
950128 860000 122285571=23001008+59805173+44610477 34048867 660175523 112.832
961260 870000 123505437=23234052+60398221+45056192 34345439 666073448 113.643
972424 880000 124720633=23465270+60982830+45507233 34639962 671930122 117.06
983571 890000 125932291=23694688+61572693+45951038 34935862 677850862 115.492
994789 900000 127106159=23917690+62137773+46386559 35214215 683442641 107.336
1005944 910000 128351976=24152924+62733169+46852627 35496185 689082287 109.891
1017100 920000 129480502=24369103+63277699+47268896 35764087 694411625 106.876
1028294 930000 130578960=24578825+63807945+47674280 36024361 699599946 110.265
1039422 940000 131738568=24799159+64371194+48099625 36301572 705133851 122.874
1050473 950000 132905599=25021272+64938910+48525915 36577024 710653455 70.4794
1061568 960000 134094654=25251146+65519157+48956677 36850944 716101392 71.5919
1072599 970000 135344393=25486581+66120140+49422289 37138596 721870741 78.4224
1083733 980000 136451910=25701852+66664140+49818915 37397138 727050982 73.1058
1094785 990000 137572495=25918086+67209037+50227039 37663098 732357612 76.6253
1105876 1000000 138719530=26138526+67771653+50640858 37934110 737810232 87.2495
1117034 1010000 139841483=26355283+68318840+51048324 38200092 743141636 80.0897
1128112 1020000 140976255=26574512+68877273+51454803 38470787 748551136 79.4552
1139060 1030000 142224078=26815353+69490689+51902693 38773444 754615919 92.3189
1150007 1040000 143616821=27080853+70169767+52410409 39110163 761401996 102.569
1160894 1050000 145054318=27352184+70876517+52930355 39462120 768510279 112.936
1171814 1060000 146435407=27614674+71556132+53428044 39800414 775339166 112.831
1182789 1070000 147828430=27879964+72244449+53926677 40141849 782222586 105.957
1193726 1080000 149191580=28140101+72914709+54417545 40472965 788902177 102.843
1204582 1090000 150616324=28411683+73621437+54924918 40824649 795978256 110.37
1215452 1100000 152063472=28687714+74334341+55445124 41172283 803013205 117.5
1226363 1110000 153559466=28970147+75072862+55983165 41535288 810377085 124.24
1237247 1120000 154996572=29244076+75783819+56496700 41881279 817374223 116.402
1248176 1130000 156462273=29523204+76506874+57022334 42236061 824547371 118.917
1259068 1140000 157921089=29798922+77228691+57545261 42592020 831782681 119.674
1269968 1150000 159389802=30077754+77960965+58066160 42948506 838997190 124.38
1280888 1160000 160848161=30354478+78685807+58585500 43307088 846249683 128.076
1291754 1170000 162318241=30633499+79414609+59110031 43664917 853495317 119.104
1302652 1180000 163801559=30915928+80149825+59638605 44022016 860738942 125.437
1313613 1190000 165283850=31197399+80885832+60166997 44381988 868030747 130.906
1324596 1200000 166766920=31478694+81624146+60693488 44740778 875328455 126.818
1335456 1210000 168286931=31766452+82378533+61235826 45109948 882828062 136.025
1346441 1220000 169845650=32060983+83146902+61797322 45481362 890396400 131.735
1357399 1230000 171403087=32354060+83919391+62354085 45855657 898015426 132.288
1368385 1240000 173012049=32656821+84714295+62933484 46240620 905868116 141.575
1379469 1250000 174643099=32961749+85523042+63518396 46634992 913938350 151.213
1390543 1260000 176281873=33266817+86326103+64117373 47025207 921907433 138.131
1401635 1270000 177910120=33573128+87134099+64699569 47419354 929973303 140.243
1412662 1280000 179514599=33877631+87934788+65267066 47808675 937900913 146.317
1423732 1290000 181115530=34177813+88724857+65844466 48195499 945806480 142.737
1434749 1300000 182775415=34487155+89541116+66447219 48594377 953985066 150.818
1445738 1310000 184461952=34803615+90368593+67060581 49004712 962303288 152.455
1456743 1320000 186139097=35118528+91193271+67668654 49409787 970539073 151.651
1467716 1330000 187895693=35447556+92057014+68306198 49831166 979142369 158.913
