Csz: 2, pgsz: 4096
10988 10000 1502292=280572+736640+547318 724709 11494421 10.2825
22023 20000 2970861=556570+1459582+1077812 1304562 21531893 11.0085
33024 30000 4456588=837163+2191952+1612898 1860489 31418446 11.8425
44043 40000 6023064=1126535+2951650+2194339 2414854 41410408 13.1797
55121 50000 7458923=1399081+3658814+2711810 2913023 50484160 12.8224
66115 60000 8884200=1666343+4351412+3237298 3387155 59209541 13.0067
77117 70000 10325672=1938612+5065738+3753209 3868753 68103587 14.2074
88102 80000 11704520=2200904+5743417+4250267 4319625 76462513 13.9245
99095 90000 13141708=2468450+6448156+4774403 4783691 85097027 13.2323
110113 100000 14573248=2739390+7155686+5287868 5236616 93603248 13.4762
121109 110000 15985093=3006601+7854726+5792984 5683649 102030466 14.6138
132028 120000 17535828=3286917+8593625+6386159 6137594 110629878 15.6999
142990 130000 18989910=3562813+9314585+6905248 6583228 119109469 15.3571
153925 140000 20478113=3841840+10055039+7435263 7034882 127723025 16.1472
164855 150000 21986075=4126173+10800292+7976893 7490924 136451279 17.244
175812 160000 23588906=4417278+11564938+8588302 7954039 145329692 16.085
186797 170000 25064787=4694417+12295367+9118384 8398225 153834638 13.9372
197847 180000 26599186=4977710+13040228+9687961 8845866 162452693 15.0806
208776 190000 28111953=5261817+13788273+10232285 9289271 171025923 15.9277
219728 200000 29617587=5546453+14534647+10770299 9728227 179514297 15.9316
230584 210000 31181708=5839412+15307594+11333221 10179701 188260050 16.6741
241548 220000 32688282=6122551+16050723+11876729 10615615 196717832 17.0644
252514 230000 34286526=6416184+16828578+12467909 11069504 205534843 17.3062
263483 240000 35784986=6699043+17569920+13004988 11499787 213898554 14.2279
274496 250000 37316243=6986574+18328967+13553505 11937199 222465084 14.9777
285461 260000 38808738=7269076+19072107+14083606 12361847 230769700 15.449
296415 270000 40297599=7549151+19806677+14620226 12783529 239006213 15.6908
307437 280000 41804539=7832902+20554543+15159093 13207502 247312833 16.3531
318462 290000 43407289=8135567+21347596+15733409 13659747 256135345 17.7979
329483 300000 45034621=8442468+22161830+16308545 14123235 265235033 19.0656
340525 310000 46622556=8738285+22941211+16886727 14561898 273822019 15.2279
351480 320000 48208903=9039190+23731973+17447383 14998511 282396801 15.4744
362496 330000 49745201=9330549+24494464+17993474 15425224 290744310 16.043
373551 340000 51302846=9626362+25265687+18550462 15856764 299196565 16.2404
384689 350000 52876882=9922400+26034452+19125405 16293916 307772633 17.1384
395874 360000 54496036=10222163+26820519+19724920 16746671 316629445 18.2938
406862 370000 56143114=10531369+27615239+20335875 17201985 325551151 19.2501
417894 380000 57726755=10827892+28389858+20913921 17643857 334188479 15.2029
428912 390000 59284979=11119328+29151717+21483671 18074245 342637406 15.2024
439874 400000 60817103=11404232+29896950+22048736 18490890 350802993 16.1166
450859 410000 62363774=11693154+30657296+22610559 18916097 359168769 16.3129
461847 420000 63864099=11974711+31393476+23155224 19325928 367220254 16.263
472807 430000 65457843=12275334+32175626+23733013 19756999 375737160 17.8982
483790 440000 67066708=12575543+32969739+24314526 20196397 384414512 18.6364
494708 450000 68720958=12883999+33785785+24912528 20643085 393276461 16.6167
505590 460000 70373617=13192425+34601814+25508938 21089196 402147029 16.395
516566 470000 72013260=13498380+35405489+26106827 21526914 410874819 17.5398
527520 480000 73668204=13806659+36221553+26705962 21971719 419699055 17.455
538466 490000 75345794=14118646+37043582+27319558 22418393 428564691 18.2534
549399 500000 77049248=14444195+37878804+27939450 22870908 437536155 19.7329
560288 510000 78709960=14754687+38700159+28537977 23308737 446267214 19.1616
Csz: 2, pgsz: 4096
520962 520000 1618956=302173+794824+589183 0 0 18.371
531911 530000 3291629=612766+1619238+1195819 0 0 18.8133
542858 540000 4975256=934910+2444307+1809283 0 0 19.6685
553767 550000 6662078=1249574+3274130+2421945 0 0 19.8248
564659 560000 8284317=1553097+4077120+3005315 0 0 16.0933
575596 570000 10003776=1870598+4919093+3636008 343475 6902026 17.9173
586547 580000 11704154=2188283+5754164+4254299 787950 15797273 18.4823
597460 590000 13463795=2515040+6610272+4903918 1242913 24938262 19.0714
608580 600000 14764055=2761291+7246327+5377630 1575736 31524455 14.5401
619736 610000 16046680=3003155+7872576+5846269 1903374 38056773 15.3752
630897 620000 17299590=3239649+8483299+6305152 2223933 44426040 15.2046
642136 630000 18620851=3483229+9116595+6803660 2546467 50829825 13.3099
653367 640000 19810471=3710688+9693789+7239595 2842993 56711873 11.935
664516 650000 20970679=3932065+10261349+7661039 3136503 62536075 12.4187
675649 660000 22125782=4151512+10821446+8086309 3423030 68231081 12.9837
686803 670000 23283694=4372372+11379618+8514185 3707300 73884037 12.554
697967 680000 24540576=4607082+11988095+8980097 4011628 79960926 14.0351
709236 690000 25727742=4831087+12567099+9414457 4304420 85793542 13.581
720442 700000 26925527=5059061+13148380+9853977 4598172 91620689 14.3559
731565 710000 28134292=5289080+13736269+10296909 4892896 97491347 14.9153
742789 720000 29339859=5519012+14319709+10740947 5185281 103274035 13.1338
753995 730000 30502765=5741446+14882252+11168754 5470325 108926412 12.0099
765233 740000 31687457=5966486+15454370+11606589 5761823 114714891 12.6064
776515 750000 32918731=6200116+16054530+12056708 6062128 120711878 13.6507
787831 760000 34077520=6422934+16620305+12477259 6345020 126351937 12.8203
798984 770000 35275772=6649666+17203688+12916422 6642124 132278314 13.676
810105 780000 36471118=6875377+17771170+13368696 6927508 137932812 13.5571
821287 790000 37666782=7095955+18321143+13842957 7207380 143440542 13.9351
832349 800000 38789985=7310753+18859319+14260929 7472755 148720964 13.666
843581 810000 39922272=7524973+19403274+14682713 7742836 154115284 12.7918
854661 820000 41090858=7746660+19968328+15114087 8025759 159738902 11.449
865741 830000 42201080=7959817+20504737+15522799 8293508 165051707 11.3096
876811 840000 43345320=8179124+21057695+15943749 8562328 170415482 12.4392
888013 850000 44481664=8396526+21599917+16370480 8829353 175739512 12.4209
899182 860000 45579638=8607717+22128188+16777005 9093614 181036800 12.0972
910301 870000 46773078=8835300+22702815+17219448 9375957 186652434 13.4959
921359 880000 48010784=9069880+23302797+17675172 9677230 192625973 14.8534
932391 890000 49251935=9305472+23902357+18133801 9975317 198591809 15.8419
943473 900000 50485127=9540223+24506302+18580321 10280507 204711691 15.6135
954615 910000 51728954=9776289+25110018+19036820 10581014 210721397 13.4997
965735 920000 52920113=10004858+25688607+19472269 10870766 216486987 12.9545
976886 930000 54143528=10236849+26278200+19926148 11168780 222409425 13.9944
988077 940000 55338956=10463228+26857634+20366063 11458633 228223290 13.9751
999308 950000 56542797=10691710+27435327+20814571 11742669 233915507 13.7413
1010410 960000 57746541=10919972+28013898+21261268 12015850 239372585 13.9721
1021610 970000 58850444=11131091+28546182+21669003 12278122 244590749 13.2749
1032765 980000 59980432=11346247+29094467+22083550 12546647 249953104 14.2567
1043876 990000 61153104=11568475+29660573+22517328 12824835 255510561 14.8267
1054922 1000000 62314883=11791059+30230211+22936488 13098557 260983522 13.1028
1066018 1010000 63517934=12024487+30817151+23371349 13375590 266498203 12.8623
1077059 1020000 64737411=12254130+31403856+23826037 13657557 272152591 13.6833
1088176 1030000 65830233=12466782+31939381+24218262 13911573 277250863 13.1591
1099255 1040000 66970503=12686370+32496301+24631675 14183195 282682974 13.2678
1110374 1050000 68116521=12907909+33058633+25044286 14455525 288143954 13.6922
1121485 1060000 69226869=13120822+33597666+25450675 14717296 293400990 13.446
1132502 1070000 70395814=13347789+34175240+25866624 14997673 299006225 15.1161
1143465 1080000 71734436=13603978+34830796+26350829 15323069 305533292 17.7373
1154374 1090000 73124929=13868347+35513502+26853442 15662529 312381723 16.6043
1165268 1100000 74552295=14137965+36209452+27375463 16009589 319386747 15.381
1176238 1110000 75932555=14400424+36894107+27867082 16351569 326281730 16.1204
1187181 1120000 77336344=14667211+37585237+28372549 16691744 333153752 16.245
1198108 1130000 78712038=14932310+38265256+28862633 17027755 339898117 16.3109
1208919 1140000 80140790=15203495+38972901+29373565 17377808 346973444 17.5057
1219859 1150000 81605407=15481260+39692997+29902452 17728897 354100526 18.8883
1230716 1160000 83075644=15758680+40418390+30431830 18086161 361321913 18.6826
1241670 1170000 84513804=16033814+41129333+30945219 18431735 368311003 16.1058
1252572 1180000 85995603=16314370+41859441+31478807 18793631 375650223 15.9905
1263449 1190000 87454425=16590546+42584694+31998288 19146148 382832257 16.6331
1274381 1200000 88909464=16866972+43310145+32514135 19502290 390013143 16.8928
1285237 1210000 90379998=17146106+44039071+33039501 19862946 397303707 17.6185
1296126 1220000 91869010=17429193+44778474+33569092 20224867 404641688 18.3777
1307065 1230000 93328399=17706624+45502501+34089252 20576465 411765160 18.8486
1318034 1240000 94824944=17991400+46245583+34621965 20939708 419123317 18.1216
1328961 1250000 96336732=18277265+46996302+35161425 21304331 426565346 16.2878
1339876 1260000 97839354=18562829+47745034+35693491 21668494 433955793 17.0168
1350849 1270000 99425504=18859743+48523782+36269971 22047280 441677527 18.2057
1361786 1280000 100955561=19150211+49283665+36814624 22411878 449101618 17.8445
1372808 1290000 102610856=19460052+50102752+37409774 22811169 457267144 19.9457
1383884 1300000 104249059=19765300+50906825+38006684 23202111 465251492 20.5026
1394961 1310000 105847114=20064235+51699692+38580144 23590216 473174998 19.0816
1406070 1320000 107508439=20377990+52524560+39172617 23991095 481365621 18.0223
1417120 1330000 109131997=20683996+53330052+39753040 24383922 489401307 18.7639
1428164 1340000 110719026=20980756+54110602+40328571 24767741 497232433 18.4837
1439154 1350000 112373194=21290749+54926179+40926171 25167502 505383401 20.1836
1450181 1360000 114078744=21610579+55762552+41547095 25580612 513769280 21.3791
1461157 1370000 115799055=21933522+56610348+42169093 25993594 522198176 22.284
1472163 1380000 117518183=22254417+57454368+42794506 26408232 530653123 19.3031
1483258 1390000 119283382=22582407+58321694+43438050 26836315 539395894 19.9578
1494276 1400000 120972641=22895199+59147650+44058258 27245426 547700424 20.1036
1505225 1410000 122622900=23202840+59957935+44658802 27644529 555802116 19.761
1516222 1420000 124312820=23518542+60793113+45268232 28054840 564140758 20.932
1527159 1430000 125950247=23822072+61600221+45862080 28456569 572222062 21.5362
1538059 1440000 127589890=24129653+62408928+46454048 28852347 580259997 20.3456
1548967 1450000 129268864=24444546+63239378+47057479 29257832 588535082 18.6203
1559909 1460000 131020529=24770970+64102725+47692357 29673626 597077997 20.4109
1570749 1470000 132761098=25095961+64970362+48312929 30099183 605751752 20.4809
1581602 1480000 134451806=25411883+65808378+48919956 30508065 614098183 20.2605
1592481 1490000 136227420=25743299+66687157+49558847 30933259 622816171 22.7341
1603311 1500000 138009924=26073737+67565607+50206079 31357409 631542532 23.208
1614162 1510000 139779044=26403308+68444910+50839865 31780092 640232622 19.646
1624962 1520000 141511295=26729118+69302874+51461344 32189773 648631802 19.8601
1635874 1530000 143281983=27059723+70177421+52100758 32607920 657211103 21.0326
1646706 1540000 145106834=27400855+71083623+52754335 33039333 666092168 22.8769
1657618 1550000 146854893=27726088+71946055+53387635 33452754 674566678 22.6267
1668497 1560000 148666598=28063062+72841104+54042151 33876523 683322929 23.7743
1679407 1570000 150458939=28395638+73719936+54697166 34296157 691980003 20.2351
1690327 1580000 152228124=28723450+74589793+55341349 34708265 700500380 20.5097
1701202 1590000 154106375=29069539+75512910+56027505 35146875 709595823 22.5872
1712059 1600000 155915377=29403863+76403582+56685611 35573529 718391531 22.4644
1722935 1610000 157723636=29735937+77285447+57353719 35994563 727101653 23.4306
1733836 1620000 159538344=30071710+78176604+58016200 36416618 735826670 24.03
1744739 1630000 161307243=30398921+79047600+58659155 36827789 744347381 20.1015
1755542 1640000 163119083=30735250+79940432+59317148 37249049 753020963 21.3354
1766376 1650000 164907366=31067310+80818515+59969248 37666222 761596027 21.7065
1777249 1660000 166668742=31393774+81686187+60609225 38076223 770077532 21.6288
1788078 1670000 168425284=31720363+82553774+61244048 38486172 778570475 22.6036
1798968 1680000 170181784=32044603+83417165+61885258 38893928 787012606 23.1078
1809868 1690000 172016145=32383622+84325438+62547966 39323902 795875047 21.3533
1820786 1700000 173812341=32716425+85210976+63199879 39743993 804524304 20.9227
1831646 1710000 175622442=33050985+86099665+63861297 40165163 813191957 21.7275
1842530 1720000 177386667=33378148+86965192+64505102 40576070 821719774 21.501
1853356 1730000 179155257=33705332+87835416+65149173 40984849 830191409 22.8318
1864255 1740000 180884116=34027087+88693239+65770403 41386476 838500119 23.251
1875139 1750000 182592634=34345351+89539882+66384977 41777825 846591465 20.3762
1886055 1760000 184307633=34665835+90387543+67003554 42173168 854700095 20.4413
1896932 1770000 186049654=34990445+91248802+67632511 42573176 862969904 21.8545
1907824 1780000 187757698=35308349+92092043+68250789 42966764 871119207 21.0949
1918667 1790000 189551074=35641295+92970240+68908076 43378513 879618959 23.1676
1929517 1800000 191283536=35966592+93830439+69528323 43778191 887875866 23.7823
1940408 1810000 193084308=36299894+94715852+70184341 44189784 896400282 22.2406
1951331 1820000 194815770=36622701+95569535+70811098 44583067 904566586 19.8639
1962219 1830000 196483876=36934374+96393926+71412800 44967009 912528392 20.3662
1973104 1840000 198193481=37252942+97232837+72036098 45357931 920625327 20.9796
1983988 1850000 199871590=37566808+98057247+72646225 45743906 928566680 21.1321
1994878 1860000 201570137=37881372+98883329+73273814 46132506 936580629 22.4729
2005733 1870000 203224790=38191347+99697111+73874526 46510111 944369397 21.9644
2016619 1880000 204903564=38506692+100527647+74478014 46894616 952275130 19.2478
2027497 1890000 206591813=38821084+101356613+75092482 47277898 960209325 20.4607
2038437 1900000 208268592=39135224+102186563+75695744 47660189 968115690 21.0009
2049291 1910000 209976216=39454488+103027969+76314058 48049882 976149261 22.0387
2060185 1920000 211628656=39763467+103846010+76908382 48430370 984022554 22.2702
2071127 1930000 213285063=40073462+104662306+77507706 48804293 991772863 22.8706
2082054 1940000 214933351=40383744+105477266+78100056 49176914 999486265 20.3724
2093028 1950000 216645610=40701884+106314488+78728008 49562914 1007482004 20.06
2104020 1960000 218320276=41013470+107136620+79338275 49941208 1015334706 20.9456
2114922 1970000 219923892=41316121+107929802+79914167 50304419 1022857038 19.8033
2125899 1980000 221651374=41637542+108778158+80543173 50697153 1030989314 21.9938
2136820 1990000 223281855=41942417+109577634+81137503 51064833 1038617819 21.9951
2147758 2000000 224932651=42252595+110392758+81732406 51440649 1046385131 22.3158
2158639 2010000 226537637=42553063+111180738+82316312 51799727 1053814330 18.2971
2169569 2020000 228077742=42842449+111937140+82875046 52144550 1060947936 18.3845
2180556 2030000 229682777=43141346+112728816+83456275 52506679 1068458677 19.8513
2191464 2040000 231301778=43444357+113527203+84041399 52873883 1076075181 20.1905
2202400 2050000 232865757=43737652+114297731+84607319 53225997 1083355970 20.3194
2213361 2060000 234436984=44034599+115073626+85172459 53576609 1090639045 21.4487
2224214 2070000 235999803=44329859+115848368+85731512 53928202 1097936773 20.5854
2235051 2080000 237503675=44614588+116596944+86265859 54264641 1104921823 17.1286
2245946 2090000 239061914=44907111+117369503+86825076 54617249 1112238156 18.7253
2256862 2100000 240611408=45199272+118134993+87382406 54963973 1119420691 19.2171
2267793 2110000 242125899=45484833+118880894+87928987 55304199 1126446460 18.7294
2278718 2120000 243633890=45769683+119625993+88470937 55635959 1133333122 19.2506
2289644 2130000 245123867=46053284+120363900+89002617 55967262 1140172959 20.246
2300573 2140000 246669262=46345602+121129505+89555636 56310365 1147292630 20.8405
2311468 2150000 248206304=46638941+121892586+90102397 56647787 1154300862 17.4419
2322395 2160000 249714094=46924439+122638800+90642207 56980931 1161235630 18.3226
2333293 2170000 251206927=47206216+123381570+91173715 57312721 1168145968 18.9325
2344312 2180000 252726437=47493526+124137057+91714656 57652617 1175188197 18.9325
2355262 2190000 254201643=47772150+124871688+92238796 57982361 1182016406 18.7095
2366192 2200000 255706054=48057204+125616163+92777738 58314223 1188914820 20.0591
2377098 2210000 257220867=48342331+126366675+93320863 58652953 1195936509 20.5979
2388006 2220000 258660526=48616154+127086212+93828908 58971250 1202542907 16.6914
2398937 2230000 260160880=48899924+127835343+94359829 59304955 1209486779 17.8489
2409843 2240000 261681712=49187295+128594855+94898621 59643723 1216525478 19.0067
2420785 2250000 263236227=49481756+129364518+95455600 59987293 1223655915 19.5424
2431680 2260000 264715033=49761999+130098827+95983265 60313339 1230420874 19.1741
2442628 2270000 266220272=50048510+130850194+96515727 60646309 1237331462 20.4548
2453560 2280000 267784834=50345086+131627000+97073535 60992481 1244510681 21.5906
2464500 2290000 269378357=50648049+132419953+97638966 61346638 1251852270 18.7954
2475378 2300000 271028216=50957160+133230771+98237311 61711762 1259442215 19.1628
2486305 2310000 272627008=51258127+134017627+98815893 62062913 1266758412 19.5718
2497229 2320000 274220378=51558290+134803570+99390295 62411696 1274018196 19.1132
2508202 2330000 275880347=51869256+135622792+99989083 62778098 1281686599 20.6217
2519102 2340000 277519122=52176850+136430777+100580896 63134904 1289129623 21.8435
2530082 2350000 279164194=52483932+137239801+101178015 63497110 1296680228 21.5728
2541072 2360000 280771980=52785805+138033618+101757225 63854479 1304108718 17.9665
2552115 2370000 282518988=53109856+138890399+102395672 64242630 1312182413 20.6444
2563141 2380000 284203476=53426124+139727050+102997888 64614414 1319948902 20.5612
2574141 2390000 285871347=53740058+140556458+103592576 64982822 1327645169 20.6111
2585138 2400000 287647568=54069837+141426191+104242722 65374009 1335817699 22.9449
2596146 2410000 289327675=54382200+142255403+104851041 65749432 1343625211 22.4843
2607262 2420000 291147352=54718301+143145385+105519178 66151764 1352024628 21.3926
2618388 2430000 292943613=55048547+144021458+106182149 66548674 1360323131 21.0308
2629340 2440000 294751235=55380203+144903119+106849527 66956690 1368818833 22.0562
2640347 2450000 296577400=55717248+145796820+107520226 67371502 1377407383 22.8556
2651297 2460000 298297557=56035264+146634301+108155725 67758553 1385423382 22.3286
2662304 2470000 299993345=56349852+147464944+108775588 68134101 1393201586 22.6839
2673309 2480000 301682391=56664623+148296525+109386977 68515783 1401077689 20.3672
2684224 2490000 303328328=56971482+149108466+109982483 68888212 1408800872 19.1777
2695097 2500000 305031178=57288517+149947732+110599274 69266092 1416673576 21.057
2705975 2510000 306819222=57620208+150829696+111247246 69665816 1425012734 22.1347
2716836 2520000 308525899=57937836+151676457+111859921 70041419 1432866414 21.6181
2727704 2530000 310233556=58256555+152520809+112475463 70420993 1440759170 22.9012
2738524 2540000 311972851=58580662+153380495+113103241 70802319 1448718668 22.2095
2749374 2550000 313723974=58904222+154242261+113740549 71187087 1456758067 19.6338
2760281 2560000 315478160=59230451+155107956+114375293 71576735 1464890558 21.3375
2771120 2570000 317243082=59557625+155973918+115019488 71963920 1472985677 21.615
2781955 2580000 319017278=59887854+156848067+115662849 72351059 1481139054 22.3621
2792832 2590000 320828327=60227191+157740362+116318238 72750294 1489497818 24.7794
2803701 2600000 322621774=60557373+158623190+116972334 73143449 1497756934 23.75
2814591 2610000 324411666=60890025+159502906+117623829 73541818 1506064525 20.8189
2825478 2620000 326197627=61219546+160384901+118272045 73933703 1514270747 21.665
2836444 2630000 328007711=61556289+161273928+118931320 74333637 1522615362 22.1185
2847248 2640000 329798187=61886821+162154838+119583879 74726587 1530859270 22.8543
2858062 2650000 331644501=62228246+163065512+120253780 75131038 1539360044 24.993
2869001 2660000 333489316=62569779+163976996+120921650 75531444 1547743066 23.7062
2879871 2670000 335301400=62906037+164869241+121580691 75928174 1556041511 20.8153
2890732 2680000 337138544=63248884+165776263+122244769 76327451 1564393344 22.6755
2901610 2690000 338962019=63587184+166672309+122908865 76722668 1572675448 22.4443
2912879 2700000 340925117=63950334+167637842+123624091 77145557 1581551958 24.9137
2923696 2710000 342690071=64278376+168511968+124259955 77532192 1589674372 23.9175
2934563 2720000 344605696=64630044+169451542+124962225 77949180 1598448236 23.6571
2945413 2730000 346398595=64962647+170337090+125610771 78336726 1606605146 20.6132
2956306 2740000 348201414=65298191+171227068+126262164 78729558 1614845923 21.8961
2967185 2750000 350002775=65633347+172115814+126914985 79117907 1622979763 22.2554
2978108 2760000 351761846=65960953+172979424+127555698 79494652 1630915643 22.3731
2989034 2770000 353580012=66296917+173865107+128226701 79883359 1639053397 24.1342
2999955 2780000 355373899=66627980+174743395+128884799 80273176 1647242810 23.0263
3010851 2790000 357142537=66956969+175615871+129524657 80657334 1655304208 20.8446
3021719 2800000 358939565=67289431+176499456+130178861 81050450 1663540419 22.0603
3032661 2810000 360611895=67601213+177320106+130787971 81414305 1671159442 20.3497
3043586 2820000 362307938=67917188+178147278+131410773 81777280 1678786844 21.2896
3054461 2830000 364049744=68244673+178996297+132047842 82146898 1686543245 23.2014
3065371 2840000 365787114=68569479+179847789+132680877 82515587 1694267502 22.5422
3076238 2850000 367499914=68888366+180681999+133310786 82879292 1701860865 19.2197
3087155 2860000 369320825=69224925+181569360+133982651 83270628 1710080877 22.1789
3098070 2870000 371055562=69549265+182422293+134611996 83642966 1717863378 21.2023
3109007 2880000 372790239=69871405+183267832+135250152 84011325 1725623497 21.6288
3119930 2890000 374455062=70181118+184084579+135857200 84366118 1733083889 21.9762
3130850 2900000 376139805=70495662+184908784+136472487 84723159 1740555863 22.9155
3141767 2910000 377834049=70811580+185737572+137091133 85082214 1748066642 19.6025
3152690 2920000 379473133=71117063+186541422+137688829 85430604 1755409559 19.7487
3163548 2930000 381119839=71426307+187344975+138291378 85777951 1762715276 20.3899
3174411 2940000 382768819=71736361+188151168+138893155 86118780 1769903593 20.6606
3185315 2950000 384451338=72048468+188973023+139511258 86474746 1777383051 21.8886
3196203 2960000 386140974=72364662+189794997+140132675 86831420 1784888675 23.0472
3207124 2970000 387857952=72685527+190636735+140758324 87192951 1792514773 21.3316
3217942 2980000 389531064=72997638+191458095+141367680 87551216 1800018680 19.2069
3228835 2990000 391198480=73308579+192280245+141971361 87906297 1807492525 20.203
3239770 3000000 392918380=73628667+193129342+142593282 88273363 1815179235 21.0326
3250678 3010000 394679240=73956030+193993258+143236177 88649402 1823045071 21.9687
3261622 3020000 396337102=74267267+194809436+143835841 88996833 1830348727 22.1748
3272483 3030000 398046840=74585435+195647146+144460847 89360404 1837982610 22.4423
3283367 3040000 399723775=74895995+196464041+145079740 89710940 1845380674 19.1114
3294264 3050000 401325911=75197377+197250166+145661672 90047202 1852427537 19.1165
3305164 3060000 403000973=75510643+198078912+146264547 90406544 1859965664 21.0091
3316133 3070000 404643726=75817033+198888358+146860318 90757578 1867328822 20.6288
3327076 3080000 406258945=76117826+199685092+147444674 91101379 1874575580 21.1263
3337958 3090000 407891180=76422025+200486118+148039611 91447184 1881842183 22.4426
3348855 3100000 409519962=76727797+201284865+148631800 91790249 1889075507 20.1086
3359759 3110000 411154173=77033849+202089719+149223663 92137840 1896349504 18.8876
3370655 3120000 412705854=77324041+202855561+149784008 92463949 1903198766 19.106
3381527 3130000 414336099=77628626+203654903+150378801 92806530 1910377532 19.8026
3392428 3140000 415867324=77918373+204414574+150925106 93137442 1917260929 19.2046
3403260 3150000 417400881=78207514+205175924+151472959 93464767 1924099468 20.6065
3414170 3160000 418962117=78500519+205949147+152033954 93795396 1931043100 21.3799
3425088 3170000 420528708=78795566+206727155+152593545 94127232 1938023457 18.8272
3436053 3180000 422049805=79083084+207475485+153143208 94450283 1944793124 17.9471
3446974 3190000 423600096=79378952+208244462+153695259 94777031 1951644002 19.1868
3457857 3200000 425138216=79670122+209004899+154246900 95100431 1958433371 18.955
3468730 3210000 426683524=79963335+209774982+154794497 95431490 1965335647 19.7939
3479635 3220000 428189506=80248142+210521021+155332879 95751496 1972038119 20.179
3490497 3230000 429727385=80538215+211278397+155888206 96073925 1978796542 20.8401
3501356 3240000 431232396=80823304+212019928+156430399 96389346 1985412209 18.3022
3512193 3250000 432773481=81115878+212785332+156979369 96709415 1992128680 18.4401
3523056 3260000 434278816=81401551+213534013+157514373 97026845 1998771136 19.0408
3533942 3270000 435798677=81691579+214287956+158055440 97346683 2005476516 18.9174
3544890 3280000 437297102=81976053+215034005+158587528 97663634 2012115653 19.1757
3555817 3290000 438846079=82269695+215800390+159142302 97991011 2018964677 20.6044
3566746 3300000 440357560=82557096+216551358+159680158 98310067 2025653585 20.6147
3577762 3310000 441891184=82847399+217314005+160226124 98633742 2032463844 18.7083
3588687 3320000 443446093=83142780+218085975+160779516 98961352 2039331862 18.3068
3599591 3330000 444980503=83434210+218847384+161326220 99284127 2046088876 19.1329
3610509 3340000 446495068=83723580+219602528+161861745 99601046 2052712479 18.7403
3621419 3350000 447996022=84008481+220354046+162390240 99919853 2059399708 19.1808
3632388 3360000 449521177=84297005+221107641+162937853 100239741 2066106710 20.679
3643298 3370000 451097950=84591284+221887782+163505596 100571914 2073118023 21.758
3654304 3380000 452632902=84879872+222647140+164057057 100892129 2079871388 18.6105
3665284 3390000 454209499=85179576+223431227+164616669 101221197 2086786308 18.3504
3676218 3400000 455790880=85477770+224212269+165184907 101553659 2093762425 19.4466
3687240 3410000 457427168=85786195+225017166+165776717 101895119 2100975328 19.986
3698242 3420000 459081081=86097059+225836374+166370515 102241242 2108274091 20.843
3709167 3430000 460726254=86405884+226650727+166961603 102588389 2115574623 22.1498
3720092 3440000 462445440=86726896+227502002+167580176 102944648 2123104193 23.3554
3731080 3450000 464211396=87058125+228389961+168199536 103315480 2130936797 20.189
3742032 3460000 465945964=87381713+229251452+168821124 103684552 2138729504 21.0104
3753048 3470000 467775571=87724359+230148913+169487777 104062896 2146716343 22.8019
3764032 3480000 469574861=88061794+231035661+170138490 104442089 2154691120 23.3308
3774951 3490000 471410884=88404623+231936136+170807765 104834811 2162906196 24.3733
3785915 3500000 473179413=88732830+232803874+171453457 105209436 2170773148 23.7834
3796897 3510000 474960396=89066345+233688390+172091032 105594326 2178819251 20.5504
3807810 3520000 476693028=89392665+234551346+172707598 105963487 2186554119 20.9141
3818699 3530000 478448831=89720566+235418906+173341351 106336968 2194397127 21.8379
3829541 3540000 480157181=90038805+236265255+173956232 106701800 2202058969 21.812
3840453 3550000 481813697=90347548+237086983+174552008 107054368 2209469902 22.1692
3851435 3560000 483575212=90675706+237957459+175188398 107427472 2217314496 24.5184
3862383 3570000 485388029=91014633+238863732+175832781 107817163 2225515979 22.2602
3873238 3580000 487229654=91358198+239784130+176486452 108207198 2233735709 22.6167
3884078 3590000 489076561=91703702+240712996+177135915 108595211 2241940512 23.4556
3894929 3600000 490953579=92054405+241648071+177805483 108989768 2250284125 23.9992
3905825 3610000 492733355=92386691+242534830+178440989 109368515 2258261117 24.3261
3916735 3620000 494566149=92728376+243447263+179096775 109753132 2266399732 25.6459
3927633 3630000 496424496=93077458+244367010+179764599 110141430 2274629160 21.6836
3938529 3640000 498273171=93422551+245283590+180428211 110527153 2282776956 22.7998
3949463 3650000 500142933=93771458+246206412+181103965 110915402 2291021140 23.571
3960331 3660000 502017333=94119001+247132148+181783088 111308740 2299372094 24.6176
3971209 3670000 503840611=94461810+248041343+182432567 111685487 2307339998 25.027
3982050 3680000 505715724=94810599+248969604+183108563 112078041 2315667842 24.8616
3992943 3690000 507572712=95152522+249882836+183787232 112463605 2323864254 21.7449
4003795 3700000 509426821=95495757+250798104+184459399 112856108 2332157879 23.2643
4014607 3710000 511292717=95840695+251723743+185131552 113245856 2340418817 23.6692
4025434 3720000 513131548=96181644+252636281+185793054 113629630 2348575350 24.0516
4036259 3730000 515042146=96534897+253580743+186484776 114026603 2357029734 26.4247
4047081 3740000 516902336=96882515+254501027+187155380 114414530 2365251545 24.0081
4058328 3750000 518839425=97243005+255464873+187849620 114812091 2373694493 22.8373
4069320 3760000 520712657=97589841+256393997+188524559 115201319 2381937426 23.4742
4080123 3770000 522559897=97933843+257309882+189190174 115582823 2390039686 23.3034
4091004 3780000 524363341=98269718+258193181+189849497 115957344 2397952821 23.8665
4101938 3790000 526214154=98612804+259104273+190522996 116348725 2406196602 25.7416
4112812 3800000 528056295=98955753+260013655+191190089 116733937 2414329689 22.7481
4123720 3810000 529861513=99291328+260902092+191846663 117107272 2422255661 21.5314
4134674 3820000 531633295=99621944+261775990+192488346 117475162 2430047818 22.1081
4145582 3830000 533435926=99959475+262665071+193139832 117847267 2437921511 22.4894
4156476 3840000 535262313=100298343+263565778+193801902 118224096 2445930336 23.7084
4167379 3850000 537108439=100640149+264470143+194478140 118607040 2454041800 24.6714
4178323 3860000 538888925=100972014+265351880+195119999 118979419 2461919764 21.0758
4189277 3870000 540658529=101301953+266230014+195755294 119342894 2469641139 20.6888
4200220 3880000 542393486=101626861+267091025+196377600 119700339 2477223518 21.5087
4211139 3890000 544167097=101957147+267973576+197012343 120068762 2485011994 22.0928
4222044 3900000 545911201=102280518+268840188+197638728 120430473 2492694578 22.9413
4232986 3910000 547630387=102601685+269686227+198262680 120787412 2500232169 23.2429
4243889 3920000 549293451=102911111+270508133+198863515 121134839 2507570231 20.2276
4254787 3930000 551013305=103232248+271367027+199474681 121489805 2515094688 20.1685
4265799 3940000 552671058=103550157+272176385+200078411 121828191 2522233271 20.2677
4276796 3950000 554423659=103877252+273038760+200714706 122190716 2529863652 21.6256
4287694 3960000 556158023=104202659+273893231+201341909 122545101 2537389181 22.4831
4298619 3970000 557777752=104508872+274692468+201924984 122878532 2544423681 21.7373
4309534 3980000 559480799=104828410+275531998+202540529 123231354 2551877797 22.0013
4320479 3990000 561157977=105146939+276355595+203147171 123571620 2559063112 19.2712
4331389 4000000 562910343=105475685+277211271+203788459 123926954 2566553549 21.0085
4342347 4010000 564518564=105780127+278001693+204369835 124255935 2573481146 19.6916
4353203 4020000 566186711=106096413+278826377+204967936 124600255 2580716403 20.9639
4364156 4030000 567780233=106395743+279619035+205536766 124929049 2587667478 21.2653
4375103 4040000 569400219=106703587+280424844+206111802 125260192 2594671388 22.0694
4386038 4050000 571049921=107014541+281241452+206703657 125600908 2601843383 19.6769
4396916 4060000 572704219=107323969+282056782+207302672 125937537 2608976153 19.4286
4407881 4070000 574274408=107620567+282837704+207861891 126263226 2615840892 19.9167
4418893 4080000 575852415=107918928+283618206+208427515 126587195 2622692707 19.8653
4429837 4090000 577458760=108222685+284419044+208996937 126917713 2629687680 20.8912
4440811 4100000 579068871=108526600+285213717+209577192 127247695 2636643578 22.1599
4451713 4110000 580688758=108831611+286015472+210158019 127581327 2643685732 21.362
4462626 4120000 582284787=109131742+286806763+210730991 127905586 2650546815 18.2907
4473546 4130000 583927019=109441288+287617915+211322046 128246589 2657730518 20.1107
4484412 4140000 585558746=109750013+288429247+211903996 128581133 2664771169 20.5061
4495327 4150000 587173770=110053972+289225661+212485808 128911304 2671767549 20.9996
4506319 4160000 588701225=110342797+289976711+213037417 129221430 2678343872 20.2906
4517270 4170000 590247371=110636069+290743048+213589274 129540114 2685054559 20.9171
4528214 4180000 591830048=110932726+291524374+214159634 129857342 2691786983 20.1538
4539136 4190000 593407829=111231949+292307878+214721342 130180249 2698606753 18.4485
4550105 4200000 594937619=111520652+293063005+215272018 130493564 2705211870 18.8564
4561038 4210000 596472271=111811294+293820982+215823454 130805228 2711782972 19.2164
4571985 4220000 597959607=112093450+294559926+216352365 131109172 2718205509 19.028
4582916 4230000 599514440=112386788+295325380+216913704 131422461 2724855042 20.7585
4593877 4240000 601082677=112680940+296098141+217480974 131736452 2731488171 21.9211
4604797 4250000 602582530=112966403+296841038+218016241 132041144 2737886229 19.4067
4615707 4260000 604032413=113242952+297568760+218523900 132338005 2744159687 17.4855
4626618 4270000 605534482=113526024+298315665+219059357 132644571 2750649287 19.1781
4637511 4280000 607026286=113808988+299057884+219589335 132948612 2757084294 19.179
4648457 4290000 608563759=114097894+299819631+220140720 133261740 2763725885 20.0427
4659408 4300000 610043900=114379971+300556780+220665044 133563040 2770080276 20.1895
4670302 4310000 611565405=114668664+301310203+221209865 133870447 2776554975 21.6833
4681213 4320000 613050418=114952578+302047583+221737367 134170181 2782875230 19.8184
4692145 4330000 614533065=115235071+302783465+222264597 134470511 2789220216 17.7388
4703085 4340000 615993240=115512834+303507992+222784724 134765879 2795460158 18.324
4713965 4350000 617581916=115810618+304296598+223353603 135091094 2802342042 20.3541
4724923 4360000 619061896=116092454+305034719+223877294 135390938 2808691186 19.0573
4735793 4370000 620612963=116385018+305809122+224427361 135708009 2815413449 20.7055
4746728 4380000 622160114=116678100+306580715+224975539 136026365 2822130088 21.8274
4757672 4390000 623742393=116976686+307371661+225534015 136341356 2828802540 21.0205
4768598 4400000 625297385=117271847+308151613+226080033 136652846 2835411519 18.5322
4779532 4410000 626918214=117581699+308970704+226647742 136977320 2842258231 20.2418
4790487 4420000 628536890=117887634+309776701+227225406 137301105 2849136301 20.433
4801541 4430000 630090299=118182127+310552133+227775074 137617961 2855823745 20.4571
4812503 4440000 631752915=118498999+311383995+228363199 137948725 2862842221 22.5603
4823456 4450000 633436962=118815936+312229012+228959359 138288093 2870052093 23.6844
4834443 4460000 635041497=119118154+313026271+229532080 138616311 2877000006 20.1199
4845458 4470000 636707567=119428804+313848454+230134843 138952055 2884145942 19.7774
4856429 4480000 638326419=119733592+314651332+230715074 139279913 2891092447 20.649
4867381 4490000 640031093=120053858+315496214+231326604 139623278 2898404942 21.6825
4878296 4500000 641714023=120368672+316329954+231931580 139956671 2905515283 22.3072
4889243 4510000 643427527=120689713+317172392+232553644 140303899 2912919910 24.2066
4900191 4520000 645147085=121013895+318033336+233166360 140647835 2920229696 22.945
4911154 4530000 646955220=121349364+318917103+233829972 141015843 2928042258 21.2345
4922209 4540000 648816263=121694495+319829920+234510819 141395140 2936103403 23.2643
4933192 4550000 650625008=122029774+320715263+235173765 141763430 2943917370 22.535
4944178 4560000 652421071=122362820+321593894+235832377 142133571 2951740250 23.2168
4955276 4570000 654244651=122698874+322487454+236500823 142511795 2959729717 25.14
4966275 4580000 655960223=123015351+323325247+237132777 142863939 2967197428 22.2657
4977197 4590000 657710614=123339934+324186508+237769136 143218104 2974711720 20.6258
4988206 4600000 659379030=123651238+325009673+238372361 143564749 2982005836 21.0656
4999150 4610000 661128048=123977940+325874514+239002524 143927124 2989683397 22.0683
5010071 4620000 662852213=124299024+326721444+239630299 144281444 2997175664 22.7062
5021030 4630000 664590890=124623311+327579317+240259152 144636698 3004694598 24.2253
5031956 4640000 666337759=124948668+328441872+240891072 144993723 3012247738 24.2282
5042840 4650000 668052978=125269344+329290044+241509201 145340292 3019604194 19.9251
5053714 4660000 669788317=125594194+330155625+242126733 145697032 3027147053 21.2462
5064602 4670000 671475790=125911221+330992858+242730856 146042641 3034455510 21.081
5075575 4680000 673210324=126235132+331850443+243356040 146390660 3041887299 22.1345
5086417 4690000 674963133=126562381+332721231+243983920 146745277 3049449255 23.7631
5097367 4700000 676747097=126893940+333607991+244623866 147107511 3057182115 25.3919
5108259 4710000 678578367=127235302+334516824+245281519 147477482 3065077933 22.4021
5119198 4720000 680264336=127551694+335353766+245885164 147816407 3072283113 20.7382
5130144 4730000 682027950=127880813+336229537+246517739 148170710 3079857863 22.2656
5141133 4740000 683768689=128206660+337094813+247139519 148527404 3087430106 22.6811
5152072 4750000 685580943=128543773+337994291+247790895 148890992 3095205133 24.5445
5163010 4760000 687304136=128867300+338850228+248407155 149240637 3102652843 24.4049
5173865 4770000 689049016=129196608+339717744+249028551 149589917 3110092624 21.18
5184812 4780000 690858351=129533246+340612545+249681946 149953646 3117838493 22.1581
5195662 4790000 692664228=129870343+341507558+250330408 150316667 3125576575 22.9915
5206523 4800000 694494461=130208310+342409062+250997114 150685349 3133447925 23.8155
5217397 4810000 696306876=130545314+343299316+251657815 151047382 3141184893 24.6605
5228251 4820000 698037529=130869848+344159703+252275613 151399306 3148651527 24.3776
5239151 4830000 699765501=131190539+345017148+252896930 151751848 3156157502 20.8792
5250208 4840000 701586811=131525662+345915738+253559475 152117612 3163956053 22.3119
5261147 4850000 703317012=131848026+346774352+254180475 152470311 3171452548 22.1605
5272021 4860000 705078337=132176178+347644448+254816968 152823708 3178992912 23.0856
5282913 4870000 706792546=132494801+348489741+255438171 153170521 3186376849 23.7309
5293903 4880000 708531116=132818021+349343062+256071864 153520584 3193835539 24.8407
5304874 4890000 710207002=133129807+350169583+256678829 153858157 3201016057 20.74
5315767 4900000 711927899=133450811+351025054+257295267 154202239 3208343202 21.4737
5326673 4910000 713711006=133781419+351903542+257943239 154562472 3215999959 23.124
5337520 4920000 715491083=134113670+352782768+258585935 154916890 3223541467 23.1384
5348432 4930000 717287678=134446921+353665170+259241664 155273794 3231150782 24.5836
5359326 4940000 719019085=134768848+354517435+259870644 155620252 3238526921 24.8655
5370246 4950000 720739513=135090204+355365194+260494061 155962132 3245828578 22.07
5381148 4960000 722454459=135409959+356210445+261115316 156302590 3253095783 21.1309
5392075 4970000 724131422=135724461+357038802+261719775 156636143 3260189391 21.6429
5402965 4980000 725846718=136047549+357886383+262336392 156977822 3267458860 21.7935
5413888 4990000 727526470=136361392+358716206+262942550 157314533 3274621313 22.1132
5424732 5000000 729259247=136684507+359575086+263565669 157660291 3281988432 24.0525
5435581 5010000 730940324=136997068+360401514+264177565 157995532 3289147684 21.785
5446471 5020000 732643645=137315027+361241858+264793756 158333369 3296325823 19.8336
5457406 5030000 734365292=137637396+362087866+265419051 158675304 3303602197 21.6227
5468349 5040000 735987050=137941291+362891004+266001832 159002188 3310525018 20.5923
5479347 5050000 737670110=138254962+363717267+266614987 159337258 3317660453 21.9442
5490340 5060000 739347777=138568032+364546101+267220697 159670621 3324757292 22.8045
5501278 5070000 741002620=138877407+365363786+267818262 160001600 3331785572 22.9953
5512250 5080000 742682009=139192443+366198296+268418749 160337315 3338920446 19.643
5523220 5090000 744350541=139504836+367020682+269022055 160668923 3345992793 20.3485
5534146 5100000 746002221=139813550+367833982+269620618 160995114 3352939331 20.6681
5545075 5110000 747671111=140124772+368658722+270222956 161325420 3359983833 21.0122
5556065 5120000 749335969=140434447+369480244+270825328 161656403 3367066361 22.2657
5566971 5130000 750965036=140739311+370278918+271418872 161979536 3373954184 22.4373
5577894 5140000 752634003=141050404+371103494+272022016 162312305 3381058882 20.7568
5588986 5150000 754206818=141345517+371876925+272592053 162623696 3387690412 18.1159
5599992 5160000 755769156=141639297+372646502+273156266 162933500 3394242841 18.8879
5610975 5170000 757344119=141936257+373421447+273725520 163245393 3400856220 19.2473
5621980 5180000 758898271=142226765+374184450+274291050 163553079 3407386127 19.4544
5632979 5190000 760503374=142528708+374972588+274873451 163871308 3414151658 20.89
5643953 5200000 762054527=142820526+375741330+275428778 164181987 3420759652 20.8709
5654825 5210000 763658503=143121228+376528522+276012302 164497427 3427496873 19.1618
5665782 5220000 765200635=143411361+377283784+276573782 164799525 3433915426 18.1069
5676724 5230000 766726070=143698760+378034126+277125449 165102779 3440355201 19.0361
5687734 5240000 768317622=143996556+378818983+277701049 165416059 3447033974 19.6148
5698615 5250000 769805121=144277208+379556540+278233324 165711570 3453305862 18.8758
5709539 5260000 771317380=144563851+380299879+278778947 166008743 3459629255 20.0404
5720493 5270000 772880720=144859220+381070378+279342791 166320039 3466251239 21.4038
5731462 5280000 774363423=145140875+381803109+279873815 166609736 3472409563 17.8291
5742444 5290000 775884213=145427375+382554061+280421427 166914088 3478877957 18.3662
5753385 5300000 777316283=145700489+383259779+280935381 167192647 3484800348 17.7064
5764383 5310000 778790001=145978863+383988301+281464133 167482081 3490956733 18.1189
5775286 5320000 780232871=146252351+384697447+281985636 167764271 3496952103 18.3682
5786274 5330000 781676427=146527012+385415028+282499416 168050668 3503040305 19.223
5797261 5340000 783193220=146812605+386160339+283049125 168347009 3509365318 20.5823
5808236 5350000 784650540=147089647+386882155+283569338 168634292 3515457346 17.7338
5819227 5360000 786121829=147369079+387609739+284095946 168920907 3521585635 17.1029
5830225 5370000 787645941=147658356+388368297+284637526 169222265 3527999494 18.7165
5841177 5380000 789141780=147940304+389109171+285173420 169513637 3534232612 18.4327
5852131 5390000 790579554=148214093+389828097+285680319 169796955 3540237391 18.1098
5863126 5400000 792055973=148493169+390558161+286209553 170084902 3546362392 18.9929
5874113 5410000 793505134=148768887+391278647+286724039 170368385 3552389085 19.6147
5885060 5420000 794985137=149049435+392012440+287252799 170657210 3558526878 19.1636
5896042 5430000 796504136=149336186+392763750+287797627 170955085 3564853158 17.3858
5906982 5440000 798028451=149624422+393517038+288344917 171256732 3571243943 18.5347
5917944 5450000 799575951=149917340+394286158+288896696 171558150 3577668892 19.4234
5928920 5460000 801099089=150206201+395041943+289440635 171859149 3584078424 19.4874
5940000 5470000 802671095=150502606+395822291+290002235 172170887 3590718462 20.9881
5951015 5480000 804206544=150793780+396584208+290549063 172474471 3597166553 21.5866
5962014 5490000 805795635=151093253+397376335+291113313 172787205 3603853564 20.6868
5973016 5500000 807440697=151399630+398182326+291713663 173107648 3610720675 19.2584
5984026 5510000 809100045=151712420+399001965+292310627 173429717 3617611654 20.4063
5995007 5520000 810771873=152027815+399834101+292905315 173760126 3624634731 20.8101
6005951 5530000 812503393=152350076+400689667+293530514 174101993 3631963606 22.1399
6016945 5540000 814201741=152668217+401532199+294139614 174443396 3639218745 23.484
6027954 5550000 815949208=152994359+402393386+294772741 174790228 3646629206 23.9521
6038987 5560000 817662059=153313389+403239634+295391223 175131416 3653922511 19.8113
6049977 5570000 819400889=153637389+404094758+296023476 175481315 3661371812 21.2469
6060972 5580000 821077108=153949710+404919450+296632570 175817219 3668535819 20.5491
6072011 5590000 822757404=154262248+405748192+297241081 176147630 3675553051 20.288
6083102 5600000 824445162=154577465+406576601+297855115 176483980 3682716127 21.2651
6094052 5610000 826098174=154884714+407391720+298454013 176815642 3689782023 21.7506
6105024 5620000 827740245=155188905+408195362+299055699 177145392 3696790188 19.2023
6115948 5630000 829433522=155503260+409031171+299669038 177485945 3704022853 19.6081
6126865 5640000 831118910=155816489+409863169+300278990 177819043 3711141668 20.626
6137868 5650000 832776996=156125747+410679048+300880778 178147347 3718138583 20.0376
6148849 5660000 834411227=156429389+411484711+301472940 178472516 3725061177 20.2596
6159823 5670000 836131771=156746193+412327452+302104808 178809482 3732282111 22.3343
6170782 5680000 837820356=157057831+413154818+302723695 179140617 3739380738 20.6466
6181777 5690000 839509716=157371799+413983297+303340025 179469975 3746425299 18.8399
6192738 5700000 841134915=157676814+414784512+303926924 179789080 3753245985 19.4678
6203718 5710000 842806933=157986815+415603818+304538746 180113593 3760209580 20.1046
6214636 5720000 844474409=158295362+416428458+305141526 180440980 3767250512 20.7541
6225607 5730000 846159234=158607355+417258352+305754054 180772153 3774310319 21.8406
6236623 5740000 847884359=158927371+418105642+306382348 181108082 3781531409 23.0771
6247504 5750000 849554527=159236983+418930181+306987513 181435300 3788551338 18.7182
6258475 5760000 851305402=159559910+419783177+307634481 181775077 3795879353 20.0738
6269434 5770000 852915870=159860994+420578344+308215588 182088392 3802605740 18.9441
6280425 5780000 854520539=160162872+421372444+308792114 182401645 3809321775 19.2875
6291417 5790000 856208484=160475533+422210828+309398847 182731226 3816391783 20.7923
6302426 5800000 857944276=160797491+423062195+310033034 183065259 3823587305 22.0772
6313408 5810000 859618962=161107551+423888026+310640553 183393470 3830611670 19.3718
6324417 5820000 861306660=161419430+424712298+311261894 183721439 3837650618 19.164
6335442 5830000 862973840=161729226+425539463+311861443 184044768 3844606315 20.0788
6346473 5840000 864590267=162033046+426340008+312440837 184357785 3851316229 19.4194
6357457 5850000 866166226=162327963+427115774+313011910 184663362 3857871281 19.7372
6368475 5860000 867799283=162632548+427923712+313600170 184982285 3864720037 21.9717
6379457 5870000 869446953=162939279+428732565+314200626 185303414 3871598839 21.4728
6390396 5880000 871049400=163240339+429516162+314784642 185612694 3878217462 17.8063
6401330 5890000 872692704=163546670+430324935+315381054 185932102 3885065449 19.2229
6412334 5900000 874306220=163849071+431123894+315960213 186245861 3891785786 19.4857
6423298 5910000 875986378=164160337+431947356+316574712 186576967 3898845719 20.5128
6434306 5920000 877561785=164455519+432728348+317139692 186883800 3905405464 19.9895
6445248 5930000 879101800=164743699+433483689+317699653 187183234 3911810560 20.3063
6456296 5940000 880714200=165046665+434277581+318282450 187497299 3918498724 19.7096
6467296 5950000 882290672=165340330+435048950+318859109 187807045 3925104841 17.853
6478231 5960000 883874506=165637439+435829763+319431640 188115154 3931680062 18.8941
6489211 5970000 885437020=165931482+436601860+319993892 188419538 3938182780 18.8767
6500202 5980000 887030115=166230253+437386834+320569886 188731916 3944839790 19.7299
6511141 5990000 888592532=166524249+438152795+321137533 189038096 3951356904 20.0832
6522082 6000000 890175574=166821654+438932283+321710059 189347108 3957957341 20.8306
6533019 6010000 891748424=167117969+439703106+322281742 189653749 3964482758 18.1491
6543996 6020000 893362595=167421972+440497599+322864507 189969982 3971241769 18.646
6554951 6030000 894976057=167724766+441292384+323447771 190283250 3977954639 19.5204
6565918 6040000 896504002=168012238+442048079+323995795 190580691 3984297982 18.7154
6576902 6050000 898005353=168294577+442789205+324536603 190872577 3990540836 18.8896
6587804 6060000 899550823=168584206+443548372+325097408 191169278 3996906015 20.2586
6598728 6070000 901102056=168876692+444314200+325656251 191466318 4003262657 20.3011
6609698 6080000 902641397=169166012+445070661+326214156 191760913 4009584165 17.4084
6620734 6090000 904192426=169457548+445838088+326770840 192064586 4016009001 17.8451
6631779 6100000 905729847=169748914+446593886+327325679 192362192 4022362595 18.6308
6642753 6110000 907248528=170037224+447349706+327864666 192655700 4028622076 18.5423
6653687 6120000 908772669=170324723+448106715+328408749 192951805 4034953397 19.0729
6664555 6130000 910295257=170613233+448867671+328946270 193249453 4041302848 20.0731
6675533 6140000 911958060=170924574+449681543+329553472 193569724 4048125096 21.7364
6686508 6150000 913427338=171201833+450404418+330084345 193852210 4054162796 16.4742
6697450 6160000 914910580=171481940+451137896+330616973 194136145 4060234702 17.2773
6708379 6170000 916424854=171767428+451881775+331165416 194425412 4066426962 18.37
6719318 6180000 917932863=172051641+452622033+331712268 194710424 4072513738 18.8892
6730298 6190000 919462566=172342088+453380533+332257724 195005395 4078806246 19.966
6741204 6200000 920938132=172622228+454113370+332783388 195288536 4084842404 19.8735
6752159 6210000 922423720=172902272+454849688+333314962 195574287 4090946377 19.9959
6763063 6220000 923885193=173181219+455575622+333833787 195851248 4096868431 16.7948
6774066 6230000 925365055=173462261+456310283+334361018 196134734 4102920050 17.1581
6785083 6240000 926863754=173747405+457054139+334894671 196418890 4108984209 18.0734
6796124 6250000 928356866=174029397+457792780+335429721 196705016 4115118673 18.1557
6807148 6260000 929869240=174316556+458545046+335966355 196994182 4121306102 18.842
6818108 6270000 931414450=174607007+459305158+336525766 197287406 4127582619 20.0402
6829167 6280000 932948602=174896438+460064851+337075431 197578827 4133843815 20.1732
6840335 6290000 934465824=175184159+460823597+337609873 197872529 4140118298 17.4695
6851380 6300000 936000338=175473665+461581414+338161868 198164671 4146373366 17.7337
6862417 6310000 937590665=175772422+462365536+338735785 198469402 4152918405 19.1973
6873436 6320000 939210648=176075054+463166918+339318946 198784550 4159672014 19.6297
6884504 6330000 940756409=176365343+463929822+339876051 199081615 4166028119 19.2211
6895630 6340000 942266331=176651480+464678035+340415184 199371252 4172237815 20.0821
6906668 6350000 943869836=176952596+465461812+341000453 199675884 4178797335 21.0661
6917757 6360000 945476334=177254981+466256566+341577447 199985813 4185439945 18.4403
6928800 6370000 947198126=177575144+467102495+342204223 200314843 4192513671 20.672
6939838 6380000 948965141=177903413+467965531+342853014 200657995 4199840762 21.989
6950935 6390000 950670630=178221445+468807231+343469647 200990973 4206957985 22.2191
6962064 6400000 952364552=178536513+469640594+344085257 201318958 4213998068 22.9079
6973067 6410000 954198796=178875141+470534580+344762261 201675311 4221644873 25.1739
6984093 6420000 955980467=179206525+471411967+345409119 202024973 4229124004 21.1765
6995082 6430000 957811848=179545828+472311171+346078051 202381484 4236728616 21.7999
7006016 6440000 959541182=179867027+473165679+346703524 202724137 4244015791 21.3026
7016966 6450000 961239376=180182159+474002639+347319397 203056441 4251094465 21.297
7027906 6460000 962932717=180498714+474839337+347930304 203383492 4258090321 22.3541
7038854 6470000 964624700=180814464+475675445+348541077 203714846 4265174717 23.0446
7049885 6480000 966317972=181131897+476519479+349143711 204045342 4272259165 20.7795
7060980 6490000 968060491=181456156+477377063+349776373 204390630 4279632889 20.7994
7071916 6500000 969711760=181766261+478194067+350369829 204714103 4286546304 20.669
7082778 6510000 971344807=182073417+478994936+350962677 205028700 4293266489 20.5309
7093679 6520000 972968897=182374647+479790306+351556807 205347907 4300069763 21.0425
7104629 6530000 974611529=182681913+480599270+352151332 205667818 4306906841 22.6847
7115615 6540000 976300365=182997560+481432410+352761774 205996684 4313918634 22.1645
7126475 6550000 978004634=183314823+482271185+353380522 206329320 4321011409 20.1281
7137352 6560000 979728727=183637538+483121987+354003022 206684685 4328424790 21.547
7148241 6570000 981359255=183943561+483922802+354595114 206998071 4335151855 20.3234
7159183 6580000 983000278=184249171+484728530+355193072 207310487 4341886382 21.1151
7170108 6590000 984695828=184563912+485565554+355806939 207638767 4348926011 23.4437
7180995 6600000 986413894=184882130+486414073+356428965 207969858 4356047216 23.9356
7191879 6610000 988076739=185192843+487239613+357025085 208290904 4362936170 19.3296
7202766 6620000 989745567=185501853+488061778+357631710 208612063 4369849434 19.9413
7213729 6630000 991384548=185808490+488870755+358223485 208924520 4376555293 20.1447
7224620 6640000 993025414=186113620+489681403+358817101 209236647 4383269204 21.1552
7235591 6650000 994669123=186419984+490496564+359408080 209552570 4390066514 22.2654
7246571 6660000 996321090=186729340+491308939+360007325 209869682 4396846157 22.6079
7257516 6670000 998090050=187054618+492160536+360672623 210200547 4403959764 21.2672
7268468 6680000 999713786=187356537+492956806+361265548 210510472 4410570349 19.0438
7279430 6690000 1001328813=187657891+493752642+361850510 210818500 4417182377 20.0029
7290304 6700000 1002932215=187957521+494543831+362429640 211128730 4423801594 19.889
7301283 6710000 1004576057=188264855+495352261+363025950 211442768 4430544917 20.9396
7312261 6720000 1006181744=188564518+496146475+363605559 211750850 4437161244 21.6505
7323273 6730000 1007802686=188868014+496950332+364186801 212064632 4443876074 22.0289
7334278 6740000 1009471163=189177375+497764942+364800265 212381809 4450679350 18.9956
7345209 6750000 1011068307=189476961+498551087+365379326 212686114 4457186004 19.2096
7356144 6760000 1012609293=189765051+499314533+365933069 212982138 4463529901 19.3813
7367120 6770000 1014235124=190069151+500118431+366519124 213293910 4470190655 20.6957
7378078 6780000 1015852253=190369631+500912854+367108312 213606162 4476901969 21.3883
7389008 6790000 1017450651=190668929+501705111+367682295 213909238 4483417817 21.9027
7399987 6800000 1019067424=190971529+502498948+368270118 214216888 4490008576 20.1928
7410966 6810000 1020628868=191262194+503265841+368838995 214511434 4496349869 18.249
7421897 6820000 1022203265=191556141+504039925+369411131 214811575 4502789031 19.4673
7432840 6830000 1023815351=191855916+504828860+370001698 215115509 4509321805 19.987
7443771 6840000 1025385370=192149823+505600244+370571920 215415525 4515745546 19.9131
7454740 6850000 1026963288=192445634+506377492+371142860 215715937 4522194626 20.3656
7465719 6860000 1028525388=192736784+507142281+371713905 216012782 4528560397 20.804
7476684 6870000 1030077487=193028511+507908345+372273655 216307478 4534878454 19.0222
7487615 6880000 1031638076=193322570+508681583+372832642 216604889 4541269602 18.1635
7498486 6890000 1033213725=193618453+509456711+373404312 216903513 4547666648 19.4537
7509450 6900000 1034800730=193915059+510233106+373984602 217204644 4554112076 19.7093
7520408 6910000 1036348109=194206739+510993343+374545843 217497745 4560404705 20.032
7531334 6920000 1037877917=194491927+511743707+375103801 217788685 4566635703 20.3021
7542275 6930000 1039404008=194778293+512490165+375660829 218080404 4572880005 20.7569
7553163 6940000 1040941438=195065373+513247314+376218278 218370938 4579132307 18.0092
7564075 6950000 1042480919=195354159+514007052+376773998 218663433 4585423972 18.0585
7574975 6960000 1043994724=195639319+514754845+377319092 218946702 4591496375 18.927
7585928 6970000 1045493674=195921274+515495552+377858346 219228469 4597528988 18.643
7596811 6980000 1046981722=196203819+516236534+378385505 219508614 4603536158 19.1973
7607706 6990000 1048431833=196479692+516953282+378905006 219781364 4609377815 19.8887
7618582 7000000 1049957044=196767307+517705307+379455417 220071155 4615576018 21.0746
7629504 7010000 1051446304=197048799+518444984+379986767 220351474 4621607672 17.6824
7640470 7020000 1052924947=197328346+519180601+380512927 220630871 4627609866 17.5127
7651385 7030000 1054394667=197607234+519909116+381038034 220908362 4633563447 17.8435
7662391 7040000 1055855497=197884068+520635808+381557314 221186209 4639520795 18.0753
7673348 7050000 1057267102=198152915+521336533+382059700 221450872 4645189615 17.8988
7684340 7060000 1058714972=198427570+522051208+382579619 221723637 4651016755 19.2218
7695313 7070000 1060192028=198706472+522786018+383105615 222004384 4657024645 20.2463
7706319 7080000 1061631549=198980692+523497409+383620810 222274498 4662806753 17.8
7717202 7090000 1063101701=199260191+524231705+384139350 222555359 4668812122 17.3831
7728111 7100000 1064556166=199537610+524958755+384651361 222827274 4674623924 17.9697
7739039 7110000 1066039327=199818820+525693874+385180946 223106442 4680605100 18.6277
7749949 7120000 1067494205=200093226+526412530+385703793 223380007 4686463080 18.523
7760846 7130000 1068949678=200370863+527140540+386215930 223653820 4692330058 19.2762
7771804 7140000 1070469493=200659579+527892337+386759779 223937522 4698414046 21.3501
7782696 7150000 1071969530=200942070+528635205+387297677 224222452 4704522752 19.7606
7793649 7160000 1073540960=201240018+529412235+387861689 224514508 4710791690 18.0982
7804656 7170000 1075031348=201522403+530149947+388395394 224797196 4716841767 18.2314
7815654 7180000 1076574337=201814440+530915440+388945736 225090772 4723113673 19.3063
7826600 7190000 1078095300=202102865+531675396+389483352 225378650 4729311595 19.2106
7837530 7200000 1079644975=202398404+532451094+390028372 225673673 4735621848 20.5653
7848448 7210000 1081192092=202691210+533220499+390578764 225965319 4741877854 21.5632
7859320 7220000 1082799433=202993235+534017808+391154783 226267449 4748344317 20.4745
7870290 7230000 1084353257=203288845+534787575+391709896 226557527 4754578204 18.1752
7881250 7240000 1086012441=203600195+535611845+392303328 226868540 4761283938 20.7391
7892201 7250000 1087577765=203895773+536386284+392864745 227164302 4767625700 19.5266
7903184 7260000 1089219777=204205168+537204431+393448618 227474017 4774296086 21.0465
7914149 7270000 1090857591=204511861+538015344+394037359 227781297 4780917064 21.8925
7925076 7280000 1092501418=204821603+538830723+394625166 228090694 4787571329 22.4989
7936023 7290000 1094104308=205123831+539626761+395197225 228394612 4794096008 19.2349
7947020 7300000 1095849653=205453334+540498152+395816257 228728103 4801225329 21.2273
7958034 7310000 1097581792=205777638+541357294+396436955 229057320 4808313350 21.749
7969023 7320000 1099322496=206103037+542222264+397059459 229381544 4815288334 22.7888
7980047 7330000 1101085852=206431830+543090057+397699614 229717478 4822509360 23.2881
7990995 7340000 1102951781=206779050+544004626+398381576 230080818 4830221363 25.8285
8002027 7350000 1104740817=207110455+544879481+399037566 230421343 4837520240 21.8722
8013074 7360000 1106526743=207442369+545753108+399692677 230760732 4844823867 21.1104
8024034 7370000 1108410357=207789940+546672319+400387429 231126112 4852642799 23.3188
8035000 7380000 1110154960=208113952+547531188+401021270 231464703 4859882876 22.1386
8045873 7390000 1111901999=208439609+548390300+401656120 231800945 4867092961 22.8147
8056915 7400000 1113603435=208755888+549226138+402275455 232124834 4874068348 22.8001
8067991 7410000 1115347558=209079963+550085633+402907577 232456350 4881198348 20.5937
8079033 7420000 1117007624=209389957+550904771+403507368 232772468 4887957190 19.3812
8090041 7430000 1118656829=209699655+551718470+404102146 233086824 4894721694 20.1465
8101049 7440000 1120380329=210020379+552563570+404730811 233417044 4901819247 21.3803
8112029 7450000 1122106157=210342359+553415268+405354433 233747276 4908915539 22.4888
8122988 7460000 1123843574=210667185+554266026+405988831 234076060 4915986976 23.2832
8133881 7470000 1125656839=211003686+555160570+406645784 234423028 4923455180 22.4286
8144811 7480000 1127381947=211325226+556009717+407271094 234752588 4930539962 20.0536
8155757 7490000 1129180295=211658720+556896934+407922927 235098101 4937983765 22.0644
8166647 7500000 1130954625=211988181+557772599+408565493 235434998 4945241806 21.8507
8177566 7510000 1132759460=212323111+558658580+409224145 235776742 4952597095 23.311
8188379 7520000 1134649856=212672292+559587444+409915048 236133789 4960296216 25.2983
8199321 7530000 1136467601=213009394+560490315+410568497 236479835 4967756970 22.111
8210221 7540000 1138382627=213362671+561435436+411263708 236847137 4975666860 22.5294
8221102 7550000 1140240541=213707363+562352325+411937437 237197130 4983228102 22.5012
8231943 7560000 1142093941=214051127+563271986+412604806 237550604 4990861136 23.2759
8242784 7570000 1143937721=214391393+564181547+413274542 237901146 4998432971 23.7923
8253590 7580000 1145810363=214739186+565105175+413952600 238254075 5006070472 24.9943
8264455 7590000 1147646741=215080089+566015055+414614453 238602007 5013598192 20.8856
8275321 7600000 1149513470=215427304+566940658+415286402 238954941 5021248590 22.2296
8286180 7610000 1151378748=215773915+567865919+415957620 239310256 5028911464 22.8188
8297020 7620000 1153186623=216108565+568758483+416612757 239651113 5036266711 22.2904
8307957 7630000 1155001671=216444215+569650829+417274414 239995340 5043704451 24.3508
8318785 7640000 1156811641=216780908+570543718+417930639 240337000 5051071128 23.9016
8329646 7650000 1158664876=217125484+571455692+418604880 240686462 5058624394 21.2454
8340501 7660000 1160515846=217470017+572369888+419274088 241035678 5066156906 21.9594
8351423 7670000 1162366584=217812584+573284055+419944703 241383928 5073688377 22.7546
8362405 7680000 1164218506=218155756+574198922+420615492 241734102 5081262591 23.3631
8373365 7690000 1166012721=218487983+575090636+421259948 242074906 5088615786 24.1292
8384270 7700000 1167856999=218829566+576007525+421922771 242423368 5096147816 23.369
8395262 7710000 1169659525=219165440+576899800+422572722 242762597 5103456137 20.7162
8406200 7720000 1171484518=219505495+577801236+423232217 243109969 5110933772 22.3527
8417238 7730000 1173329452=219845178+578705248+423909274 243458663 5118494014 23.1392
8428218 7740000 1175081690=220172023+579574086+424538853 243789373 5125629301 22.5932
8439212 7750000 1176856179=220500836+580447722+425184289 244118615 5132753151 24.1083
8450153 7760000 1178578203=220820873+581291139+425813750 244445927 5139754886 21.7053
8461096 7770000 1180403260=221161867+582199407+426466176 244790512 5147185809 21.4429
8472014 7780000 1182133835=221485310+583058447+427086626 245115365 5154171868 21.6539
8482917 7790000 1183955927=221826073+583960324+427741351 245458016 5161583296 22.609
8493797 7800000 1185724979=222159661+584834793+428375798 245790822 5168786187 22.83
8504666 7810000 1187493682=222489818+585707849+429013905 246121865 5175928338 23.7813
8515585 7820000 1189284907=222823656+586590898+429662635 246456242 5183138224 21.9788
8526470 7830000 1191019450=223146385+587448703+430288713 246779572 5190142829 20.2263
8537358 7840000 1192772460=223477014+588314638+430918277 247103410 5197142778 21.4498
8548327 7850000 1194466794=223794396+589152308+431528349 247418570 5203956215 21.1157
8559237 7860000 1196185269=224115853+590004349+432144778 247739074 5210856481 22.371
8570178 7870000 1197972736=224450813+590885614+432790789 248071717 5218056148 24.5395
8581124 7880000 1199692891=224774676+591734770+433410168 248394620 5224998852 21.993
8592059 7890000 1201415237=225097824+592584240+434031796 248716676 5231955033 20.2088
8603003 7900000 1203176043=225426758+593457988+434663253 249043547 5239023914 22.0922
8613958 7910000 1204891770=225747484+594307313+435280431 249364454 5245945391 21.507
8624946 7920000 1206605954=226066648+595156699+435897188 249687467 5252950802 22.4749
8635907 7930000 1208326482=226385870+596002387+436524034 250008073 5259890587 24.0535
8646862 7940000 1210035878=226706225+596850929+437136031 250325725 5266765647 22.4843
8657790 7950000 1211752059=227024960+597690291+437765299 250650980 5273736664 20.4204
8668696 7960000 1213467530=227346361+598538915+438382579 250972097 5280673208 21.7144
8679673 7970000 1215116706=227656829+599355310+438974741 251282544 5287345432 21.058
8690636 7980000 1216807055=227973911+600182920+439592230 251597100 5294131178 22.2347
8701552 7990000 1218538007=228294812+601036496+440220362 251918874 5301111641 24.2505
8712455 8000000 1220211771=228607412+601860912+440826686 252226778 5307777626 23.338
8723411 8010000 1221911963=228926713+602692413+441447910 252544263 5314575049 20.0195
8734411 8020000 1223576785=229240398+603517137+442044275 252855667 5321289806 20.7838
8745398 8030000 1225191545=229544600+604318124+442621932 253160789 5327839239 20.7349
8756334 8040000 1226808723=229849229+605118855+443202095 253463414 5334369949 21.08
8767280 8050000 1228295868=230131434+605854316+443733858 253739177 5340304186 20.4211
8778256 8060000 1229816461=230419407+606611022+444274408 254023759 5346415072 21.9481
8789173 8070000 1231370062=230713365+607385456+444825531 254312845 5352659253 20.3502
8800141 8080000 1232916002=231003984+608151318+445379673 254598807 5358826106 18.4763
8811074 8090000 1234393308=231285216+608888621+445901929 254871243 5364680431 18.9592
8822048 8100000 1235962636=231579883+609661386+446470112 255160931 5370927112 20.1091
8832961 8110000 1237440866=231859831+610391032+447001437 255434607 5376804411 19.3183
8843868 8120000 1238875775=232131402+611101150+447515624 255703243 5382573320 19.7318
8854876 8130000 1240348894=232410572+611830248+448043300 255977437 5388458763 20.8855
8865814 8140000 1241802813=232686346+612554871+448558465 256250607 5394336061 19.1774
8876713 8150000 1243357412=232979666+613326805+449113532 256544394 5400645533 18.4102
8887658 8160000 1244710694=233239415+614004678+449587470 256797221 5406057210 16.9717
8898587 8170000 1246078711=233500498+614680011+450077436 257051241 5411470265 17.627
8909481 8180000 1247470805=233767810+615376228+450565951 257311391 5417031223 18.1058
8920423 8190000 1248933820=234045442+616103903+451086030 257585507 5422923037 19.7261
8931343 8200000 1250425127=234328470+616848530+451613063 257865057 5428935366 21.3317
8942259 8210000 1251845014=234598300+617556437+452115836 258133049 5434653405 20.3037
8953238 8220000 1253288907=234873300+618276315+452626492 258401578 5440416406 17.2366
8964169 8230000 1254721145=235144935+618988667+453135496 258668774 5446164760 17.737
8975076 8240000 1256218397=235428243+619736274+453664945 258947536 5452175769 19.795
8986027 8250000 1257730199=235713971+620491153+454199947 259228761 5458252522 19.7132
8996947 8260000 1259286400=236007431+621265728+454753436 259518552 5464492558 20.7345
9007873 8270000 1260774921=236287865+621998785+455290577 259792790 5470396292 21.109
9018761 8280000 1262327374=236581230+622773698+455840037 260082584 5476645555 22.4105
9029694 8290000 1263831013=236867340+623514767+456380582 260356255 5482541764 18.6113
9040595 8300000 1265364312=237156983+624274218+456929999 260642562 5488703384 19.3219
9051509 8310000 1266927851=237449917+625051881+457488820 260933046 5495005227 20.792
9062490 8320000 1268510348=237748378+625835132+458056732 261225409 5501325589 20.7826
9073377 8330000 1270111693=238051981+626632227+458625513 261519898 5507683541 21.9862
9084303 8340000 1271756141=238360171+627452472+459210745 261825695 5514310133 23.9212
9095258 8350000 1273354488=238663408+628249281+459776311 262120956 5520673049 22.4089
9106253 8360000 1274922132=238959903+629028668+460334415 262412047 5526946576 19.0935
9117268 8370000 1276602068=239275179+629863043+460935090 262726125 5533732470 21.0119
9128250 8380000 1278272735=239586256+630690295+461536922 263037153 5540474283 21.4901
9139216 8390000 1279944759=239900450+631513789+462141803 263349616 5547190248 21.9638
9150221 8400000 1281618584=240215652+632349702+462734957 263664461 5553992057 23.4079
9161156 8410000 1283474880=240561885+633268318+463403592 264013480 5561543736 26.6037
9172181 8420000 1285223736=240889833+634136813+464029061 264347635 5568721297 21.5177
9183128 8430000 1287005843=241225240+635015516+464672465 264684305 5575971177 22.1387
9194110 8440000 1288757938=241553293+635883525+465301457 265018758 5583148362 22.4809
9205165 8450000 1290540757=241886109+636757862+465951401 265353430 5590361991 23.2359
9216184 8460000 1292395475=242229938+637663350+466633014 265701656 5597874274 25.3631
9227166 8470000 1294066373=242541189+638490617+467235480 266024741 5604774136 23.7705
9238120 8480000 1295707884=242848833+639302418+467826576 266337810 5611505036 19.9217
9249068 8490000 1297469904=243177332+640170463+468465990 266670129 5618680588 21.5672
9259936 8500000 1299281124=243512091+641055649+469131541 267012792 5626076070 22.8757
9270849 8510000 1301019252=243833723+641908234+469766264 267342467 5633181564 22.5176
9281754 8520000 1302765251=244156839+642763196+470405455 267669367 5640244967 23.5276
9292637 8530000 1304519758=244483269+643625614+471043663 267999324 5647385737 24.4348
9303500 8540000 1306244656=244803804+644473314+471672022 268323597 5654378113 21.0366
9314416 8550000 1308053132=245136945+645365113+472329936 268664629 5661776915 21.7374
9325273 8560000 1309859290=245472529+646259708+472979681 269005414 5669129858 23.0381
9336208 8570000 1311683793=245810414+647161359+473639992 269347985 5676566484 23.6153
9347066 8580000 1313483184=246143967+648049284+474291990 269686170 5683877677 24.4289
9357996 8590000 1315344169=246486527+648959057+474976962 270034182 5691416626 26.0857
Total lines processed: 8590924
OUBLK INBLK
    -     -
rchar: 1857699570677
wchar: 161847794429
syscr: 455650078
syscw: 1507068408
read_bytes: 761159680
write_bytes: 161867399168
cancelled_write_bytes: 3806949376
1486640
316147264
