Csz: 64, pgsz: 4096
Stg buf: 1048576kb, Idx1 buf: 1048576kb, Idx1+ buf: 1024kb
Idx1 entry count limit: 25 million
10988 10000 63 3 w0 r0 m0 f0 r0 p0
 1501663=280564+736534+546799 i732629 u987122 u0 t1.733
22023 20000 63 3 w0 r0 m0 f0 r0 p0
 2969833=556529+1459387+1077009 i1316180 u2085487 u0 t1.863
33024 30000 63 4 w0 r0 m0 f0 r0 p0
 4455111=837101+2191661+1611754 i1877017 u3226548 u0 t1.918
44043 40000 91 4 w0 r0 m0 f0 r0 p0
 6020851=1126445+2951279+2192551 i2436084 u4457833 u0 t2.052
55121 50000 91 4 w0 r0 m0 f0 r0 p0
 7456147=1398962+3658349+2709577 i2939468 u5599484 u0 t1.937
66115 60000 91 4 w0 r0 m0 f0 r0 p0
 8880851=1666179+4350823+3234648 i3419104 u6749918 u0 t1.92
77117 70000 91 4 w0 r0 m0 f0 r0 p0
 10321935=1938435+5065049+3750268 i3906266 u7914960 u0 t1.988
88102 80000 91 4 w0 r0 m0 f0 r0 p0
 11700254=2200704+5742595+4246944 i4363213 u9037806 u0 t1.927
99095 90000 91 4 w0 r0 m0 f0 r0 p0
 13136962=2468232+6447219+4770729 i4834869 u10211527 u0 t2.001
110113 100000 91 4 w0 r0 m0 f0 r0 p0
 14567887=2739132+7154639+5283726 i5290840 u11395752 u0 t2.025
121109 110000 91 4 w0 r0 m0 f0 r0 p0
 15979341=3006343+7853621+5788507 i5744072 u12560404 u0 t2.015
132028 120000 91 4 w0 r0 m0 f0 r0 p0
 17529576=3286631+8592403+6381321 i6202530 u13870471 u0 t2.147
142990 130000 91 4 w0 r0 m0 f0 r0 p0
 18983246=3562515+9313266+6900099 i6652150 u15087377 u0 t2.101
153925 140000 91 4 w0 r0 m0 f0 r0 p0
 20471021=3841520+10053635+7429782 i7107103 u16337894 u0 t2.153
164855 150000 91 4 w0 r0 m0 f0 r0 p0
 21979188=4125986+10799401+7971072 i7567835 u17605454 u0 t2.201
175812 160000 91 4 w0 r0 m0 f0 r0 p0
 23581702=4417062+11563939+8582289 i8035915 u18965547 u0 t2.289
186797 170000 91 4 w0 r0 m0 f0 r0 p0
 25057302=4694184+12294315+9112151 i8483630 u20209360 u0 t2.176
197847 180000 91 4 w0 r0 m0 f0 r0 p0
 26591014=4977448+13039031+9681211 i8936396 u21510058 u0 t2.244
208776 190000 91 4 w0 r0 m0 f0 r0 p0
 28103392=5261528+13786971+10225271 i9389016 u22790724 u0 t2.242
219728 200000 91 4 w0 r0 m0 f0 r0 p0
 29608450=5546129+14533215+10762856 i9830477 u24075187 u0 t2.249
230584 210000 91 4 w0 r0 m0 f0 r0 p0
 31172079=5839074+15306099+11325356 i10287305 u25409728 u0 t2.314
241548 220000 91 4 w0 r0 m0 f0 r0 p0
 32679763=6122575+16050615+11868600 i10728860 u26695809 u0 t2.265
252514 230000 91 4 w0 r0 m0 f0 r0 p0
 34277699=6416178+16828359+12459598 i11188994 u28062718 u0 t2.361
263483 240000 91 4 w0 r0 m0 f0 r0 p0
 35775557=6699007+17569616+12996180 i11625823 u29342837 u0 t2.265
274496 250000 91 4 w0 r0 m0 f0 r0 p0
 37306382=6986514+18328557+13544391 i12066772 u30656219 u0 t2.324
285461 260000 91 4 w0 r0 m0 f0 r0 p0
 38798460=7268992+19071624+14074163 i12494982 u31939300 u0 t2.277
296415 270000 91 4 w0 r0 m0 f0 r0 p0
 40286808=7549046+19806127+14610350 i12922085 u33217611 u0 t2.272
307437 280000 91 4 w0 r0 m0 f0 r0 p0
 41792998=7832777+20553957+15148521 i13350292 u34516184 u0 t2.301
318462 290000 91 4 w0 r0 m0 f0 r0 p0
 43396945=8135807+21348388+15722664 i13806455 u35898383 u0 t2.448
329483 300000 91 4 w0 r0 m0 f0 r0 p0
 45023838=8442695+22162598+16297392 i14273166 u37298170 u0 t2.496
340525 310000 91 4 w0 r0 m0 f0 r0 p0
 46611522=8738490+22941883+16875435 i14719085 u38669830 u0 t2.409
351480 320000 115 4 w0 r0 m0 f0 r0 p0
 48197495=9039364+23732513+17435864 i15165470 u40042326 u0 t2.41
362496 330000 115 4 w0 r0 m0 f0 r0 p0
 49733153=9330690+24494894+17981449 i15594735 u41373894 u0 t2.356
373551 340000 115 4 w0 r0 m0 f0 r0 p0
 51290525=9626489+25266085+18538210 i16032087 u42722206 u0 t2.4
384689 350000 115 4 w0 r0 m0 f0 r0 p0
 52864093=9922506+26034770+19112787 i16473288 u44082729 u0 t2.429
New Cache More Size: 1024
New Cache More Size: 1024
Idx1+ lookups: 0 0 
Idx1+ positiv: 0 0 
Idx1+ found  : 0 0 
OL: 0 435778551 
CL: 0 435778551 
OC: 0 16900026 
CC: 0 16900026 
TotOL: 435778551, TotCL: 435778551, TotOC: 16900026, TotCC: 16900026
395874 360000 81 3 w0 r0 m0 f0 r0 p0
 54482814=10222227+26820615+19712099 i16929367 u45477765 u0 t27.852
406862 370000 82 3 w0 r0 m0 f0 r0 p0
 56129529=10531411+27615260+20322783 i17391147 u46898946 u0 t10.279
417894 380000 82 3 w0 r0 m0 f0 r0 p0
 57712939=10827913+28389797+20900694 i17836066 u48266696 u0 t7.894
428912 390000 82 4 w0 r0 m0 f0 r0 p0
 59270425=11119317+29151504+21469881 i18270779 u49614812 u0 t7.064
439874 400000 93 4 w0 r0 m0 f0 r0 p0
 60804875=11404852+29899292+22034731 i18692192 u50948956 u0 t6.477
450859 410000 93 4 w0 r0 m0 f0 r0 p0
 62351122=11693776+30659561+22596197 i19124555 u52287500 u0 t6.204
461847 420000 93 4 w0 r0 m0 f0 r0 p0
 63850824=11975377+31395903+23140104 i19539607 u53589985 u0 t5.792
472807 430000 93 4 w0 r0 m0 f0 r0 p0
 65444263=12275975+32177959+23717696 i19976861 u54977586 u0 t5.946
483790 440000 93 4 w0 r0 m0 f0 r0 p0
 67052753=12576164+32971980+24298942 i20419610 u56377655 u0 t5.825
494708 450000 93 4 w0 r0 m0 f0 r0 p0
 68705880=12884577+33787893+24895987 i20868524 u57822283 u0 t5.773
505590 460000 93 4 w0 r0 m0 f0 r0 p0
 70357917=13192981+34603737+25491973 i21317713 u59266073 u0 t5.621
516566 470000 93 4 w0 r0 m0 f0 r0 p0
 71996869=13498910+35407294+26089306 i21757299 u60702214 u0 t5.418
527520 480000 93 4 w0 r0 m0 f0 r0 p0
 73651210=13807158+36223256+26687956 i22205092 u62148935 u0 t5.37
538466 490000 93 4 w0 r0 m0 f0 r0 p0
 75328397=14119122+37045202+27301246 i22656912 u63616659 u0 t5.301
549399 500000 103 4 w0 r0 m0 f0 r0 p0
 77031657=14444781+37880830+27920554 i23113249 u65110632 u0 t5.255
560288 510000 103 4 w0 r0 m0 f0 r0 p0
 78691897=14755244+38702032+28518770 i23554355 u66571634 u0 t5.092
571192 520000 103 4 w0 r0 m0 f0 r0 p0
 80360592=15064921+39523583+29124866 i24001344 u68035123 u0 t4.985
582148 530000 103 4 w0 r0 m0 f0 r0 p0
 82044094=15379373+40351252+29736631 i24447914 u69516489 u0 t4.988
593039 540000 103 4 w0 r0 m0 f0 r0 p0
 83778969=15700366+41200465+30372728 i24899734 u71049741 u0 t5.033
604123 550000 103 4 w0 r0 m0 f0 r0 p0
 85301577=15986949+41941190+30932366 i25296658 u72395314 u0 t4.346
615220 560000 103 4 w0 r0 m0 f0 r0 p0
 86603175=16234528+42588345+31398769 i25645743 u73539247 u0 t3.675
626410 570000 103 4 w0 r0 m0 f0 r0 p0
 87874733=16473215+43206126+31867990 i25977087 u74662757 u0 t3.542
637646 580000 103 4 w0 r0 m0 f0 r0 p0
 89107118=16707388+43808787+32316445 i26295790 u75755889 u0 t3.433
648847 590000 103 4 w0 r0 m0 f0 r0 p0
 90412613=16951660+44441753+32801313 i26620959 u76923633 u0 t3.456
660023 600000 103 4 w0 r0 m0 f0 r0 p0
 91570950=17172097+45004553+33225573 i26915253 u77955938 u0 t3.186
671169 610000 103 4 w0 r0 m0 f0 r0 p0
 92720559=17392089+45568160+33643035 i27208751 u78980110 u0 t3.122
682330 620000 104 4 w0 r0 m0 f0 r0 p0
 93872563=17614200+46130772+34061676 i27501429 u80007396 u0 t3.082
693457 630000 104 4 w0 r0 m0 f0 r0 p0
 95117609=17848307+46742027+34515831 i27814270 u81119688 u0 t3.251
704731 640000 104 4 w0 r0 m0 f0 r0 p0
 96356521=18079814+47339736+34977384 i28121166 u82229506 u0 t3.226
715916 650000 104 4 w0 r0 m0 f0 r0 p0
 97508742=18300176+47903789+35395975 i28406351 u83265050 u0 t3.025
727122 660000 104 4 w0 r0 m0 f0 r0 p0
 98740979=18534472+48502649+35847850 i28710581 u84371797 u0 t3.259
738273 670000 104 4 w0 r0 m0 f0 r0 p0
 99944384=18763831+49088470+36288017 i29009102 u85452209 u0 t3.151
749495 680000 104 4 w0 r0 m0 f0 r0 p0
 101110633=18988146+49655129+36713799 i29295687 u86502085 u0 t3.017
760693 690000 104 4 w0 r0 m0 f0 r0 p0
 102322772=19218634+50241042+37161215 i29597606 u87587705 u0 t3.127
771972 700000 104 4 w0 r0 m0 f0 r0 p0
 103533405=19447840+50827756+37607308 i29897320 u88674141 u0 t3.115
783287 710000 104 4 w0 r0 m0 f0 r0 p0
 104707169=19672297+51400620+38034532 i30187981 u89728387 u0 t3.03
794503 720000 104 4 w0 r0 m0 f0 r0 p0
 105884077=19899080+51986529+38454138 i30484393 u90782935 u0 t2.974
805629 730000 104 4 w0 r0 m0 f0 r0 p0
 107102606=20129008+52567936+38912857 i30784785 u91875300 u0 t3.053
816809 740000 104 4 w0 r0 m0 f0 r0 p0
 108260442=20346670+53116721+39353020 i31063829 u92918091 u0 t2.871
New Cache More Size: 1024
New Cache More Size: 1024
Idx1+ lookups: 0 0 16907687 
Idx1+ positiv: 0 0 2659634 
Idx1+ found  : 0 0 2587813 
OL: 0 434186887 435778551 
CL: 0 434186887 383620589 
OC: 0 16907688 16900026 
CC: 0 16907688 14312213 
TotOL: 869965438, TotCL: 817807476, TotOC: 33807714, TotCC: 31219901
827890 750000 70 3 w0 r0 m0 f0 r0 p0
 109450263=20570289+53679196+39809019 i31352981 u93987172 u0 t30.55
839058 760000 89 3 w0 r0 m0 f0 r0 p0
 110562747=20782639+54214127+40221777 i31620192 u94993205 u0 t8.448
850231 770000 89 3 w0 r0 m0 f0 r0 p0
 111752686=21007204+54789950+40662024 i31911832 u96063102 u0 t7.805
861324 780000 89 3 w0 r0 m0 f0 r0 p0
 112864986=21220423+55328425+41070963 i32186742 u97061835 u0 t6.79
872344 790000 89 4 w0 r0 m0 f0 r0 p0
 114010109=21439524+55879572+41494848 i32459515 u98100041 u0 t6.592
883522 800000 89 4 w0 r0 m0 f0 r0 p0
 115161048=21660061+56435512+41919053 i32734766 u99142592 u0 t6.393
894714 810000 89 4 w0 r0 m0 f0 r0 p0
 116268533=21873210+56964926+42332738 i33003900 u100140572 u0 t5.847
905844 820000 89 4 w0 r0 m0 f0 r0 p0
 117391478=22087870+57507981+42746335 i33271939 u101158006 u0 t5.785
916882 830000 89 4 w0 r0 m0 f0 r0 p0
 118666012=22330007+58123971+43219027 i33587547 u102300671 u0 t6.253
927964 840000 89 4 w0 r0 m0 f0 r0 p0
 119859814=22558740+58706062+43653178 i33882590 u103373769 u0 t5.851
939033 850000 89 4 w0 r0 m0 f0 r0 p0
 121120097=22797057+59316939+44117540 i34192756 u104506318 u0 t6.102
950128 860000 89 4 w0 r0 m0 f0 r0 p0
 122354161=23032142+59920770+44564945 i34498917 u105614132 u0 t5.795
961260 870000 89 4 w0 r0 m0 f0 r0 p0
 123573714=23265156+60513662+45010532 i34798097 u106711505 u0 t5.567
972424 880000 89 4 w0 r0 m0 f0 r0 p0
 124788336=23496396+61098156+45461081 i35096160 u107803055 u0 t5.45
983571 890000 89 4 w0 r0 m0 f0 r0 p0
 125999548=23725782+61687928+45904551 i35396104 u108889760 u0 t5.352
994789 900000 89 4 w0 r0 m0 f0 r0 p0
 127172823=23948729+62252858+46339682 i35679752 u109948751 u0 t4.992
1005944 910000 89 4 w0 r0 m0 f0 r0 p0
 128418184=24183935+62848114+46805458 i35967836 u111084340 u0 t5.016
1017100 920000 89 4 w0 r0 m0 f0 r0 p0
 129545948=24400080+63392506+47221135 i36239862 u112103726 u0 t4.705
1028294 930000 89 4 w0 r0 m0 f0 r0 p0
 130643767=24609789+63922720+47625923 i36504981 u113095397 u0 t4.515
1039422 940000 89 4 w0 r0 m0 f0 r0 p0
 131802756=24830099+64485884+48050761 i36784916 u114142665 u0 t4.717
1050473 950000 89 4 w0 r0 m0 f0 r0 p0
 132969366=25052197+65053534+48476717 i37064028 u115199603 u0 t4.614
1061568 960000 89 4 w0 r0 m0 f0 r0 p0
 134157706=25282050+65633678+48906915 i37340582 u116285860 u0 t4.638
1072599 970000 89 4 w0 r0 m0 f0 r0 p0
 135407467=25517546+66234964+49372288 i37632577 u117423128 u0 t4.791
1083733 980000 89 4 w0 r0 m0 f0 r0 p0
 136514372=25732860+66779076+49768190 i37896973 u118428714 u0 t4.274
1094785 990000 89 4 w0 r0 m0 f0 r0 p0
 137634416=25949068+67323878+50175892 i38165855 u119443515 u0 t4.324
1105876 1000000 89 4 w0 r0 m0 f0 r0 p0
 138781015=26169464+67886377+50589434 i38439704 u120484696 u0 t4.409
1117034 1010000 89 4 w0 r0 m0 f0 r0 p0
 139902328=26386172+68433488+50996382 i38709598 u121499844 u0 t4.251
1128112 1020000 89 4 w0 r0 m0 f0 r0 p0
 141036705=26605393+68991950+51402445 i38983317 u122527642 u0 t4.321
1139060 1030000 89 4 w0 r0 m0 f0 r0 p0
 142284153=26846201+69605267+51850081 i39289013 u123652627 u0 t4.728
1150007 1040000 89 4 w0 r0 m0 f0 r0 p0
 143675917=27111664+70284235+52356962 i39628114 u124907311 u0 t5.181
1160894 1050000 89 4 w0 r0 m0 f0 r0 p0
 145112849=27383007+70990985+52876373 i39982857 u126199024 u0 t5.314
1171814 1060000 89 4 w0 r0 m0 f0 r0 p0
 146493466=27645470+71670517+53373699 i40324150 u127439984 u0 t5.062
1182789 1070000 89 4 w0 r0 m0 f0 r0 p0
 147885946=27910737+72358778+53871861 i40668143 u128692797 u0 t5.125
1193726 1080000 89 4 w0 r0 m0 f0 r0 p0
 149248573=28170852+73028966+54362303 i41002305 u129920489 u0 t4.899
1204582 1090000 89 4 w0 r0 m0 f0 r0 p0
 150675635=28443408+73739146+54868607 i41358116 u131201909 u0 t5.113
1215452 1100000 89 4 w0 r0 m0 f0 r0 p0
 152122476=28719425+74451995+55388560 i41709898 u132508071 u0 t5.106
1226363 1110000 89 4 w0 r0 m0 f0 r0 p0
 153617858=29001917+75190527+55926027 i42075957 u133856171 u0 t5.255
1237247 1120000 89 4 w0 r0 m0 f0 r0 p0
 155054261=29275805+75901339+56439032 i42426773 u135152278 u0 t4.95
1248176 1130000 89 4 w0 r0 m0 f0 r0 p0
 156519680=29555003+76624493+56964331 i42785721 u136473318 u0 t5.069
1259068 1140000 89 4 w0 r0 m0 f0 r0 p0
 157977948=29830686+77346072+57486978 i43143837 u137786721 u0 t5.016
1269968 1150000 89 4 w0 r0 m0 f0 r0 p0
 159450172=30110531+78082271+58007477 i43509450 u139110160 u0 t4.996
1280888 1160000 89 4 w0 r0 m0 f0 r0 p0
 160907827=30387286+78807042+58526230 i43872376 u140418838 u0 t4.935
1291754 1170000 89 4 w0 r0 m0 f0 r0 p0
 162377563=30666293+79535830+59050443 i44234308 u141742467 u0 t4.937
Shrinking dfos.ix1.1
New Cache More Size: 1024
New Cache More Size: 1024
New Cache More Size: 1024
Idx1+ lookups: 0 0 16783093 31060585 
Idx1+ positiv: 0 0 2700730 3570949 
Idx1+ found  : 0 0 2630195 3432118 
OL: 0 429393535 434186887 365301450 
CL: 0 429393535 381327420 365301450 
OC: 0 16783093 16907688 13467908 
CC: 0 16783093 14277493 13467908 
TotOL: 1228881872, TotCL: 1176022405, TotOC: 47158689, TotCC: 44528494
1302652 1180000 52 3 w0 r0 m0 f0 r0 p0
 163860539=30948696+80270902+59578840 i44594235 u143083725 u0 t67.301
1313613 1190000 71 3 w0 r0 m0 f0 r0 p0
 165342572=31230146+81006856+60107044 i44959732 u144418003 u0 t12.893
1324596 1200000 75 3 w0 r0 m0 f0 r0 p0
 166825257=31511423+81745045+60633294 i45321678 u145756989 u0 t11.006
1335456 1210000 75 4 w0 r0 m0 f0 r0 p0
 168344658=31799164+82499352+61175129 i45695473 u147125588 u0 t10.339
1346441 1220000 75 4 w0 r0 m0 f0 r0 p0
 169903116=32093687+83267629+61736463 i46069571 u148537242 u0 t9.863
1357399 1230000 77 4 w0 r0 m0 f0 r0 p0
 171459885=32386736+84039990+62292707 i46446578 u149944874 u0 t9.553
1368385 1240000 91 4 w0 r0 m0 f0 r0 p0
 173068172=32689518+84834892+62871465 i46833304 u151401405 u0 t9.414
1379469 1250000 91 4 w0 r0 m0 f0 r0 p0
 174698505=32994406+85643477+63455849 i47230695 u152872229 u0 t9.247
1390543 1260000 91 4 w0 r0 m0 f0 r0 p0
 176336577=33299469+86446427+64054269 i47623979 u154353702 u0 t8.92
1401635 1270000 91 4 w0 r0 m0 f0 r0 p0
 177964524=33605748+87254333+64636272 i48023094 u155820988 u0 t8.682
1412662 1280000 91 4 w0 r0 m0 f0 r0 p0
 179568697=33910264+88055050+65203459 i48414730 u157270044 u0 t8.442
1423732 1290000 91 4 w0 r0 m0 f0 r0 p0
 181168959=34210477+88845071+65780281 i48803701 u158714947 u0 t8.102
1434749 1300000 91 4 w0 r0 m0 f0 r0 p0
 182828415=34519798+89661203+66382737 i49206800 u160212207 u0 t8.209
1445738 1310000 91 4 w0 r0 m0 f0 r0 p0
 184513810=34836400+90488851+66994851 i49619977 u161729322 u0 t8.152
1456743 1320000 91 4 w0 r0 m0 f0 r0 p0
 186190777=35151296+91313453+67602831 i50028236 u163241882 u0 t7.971
1467716 1330000 91 4 w0 r0 m0 f0 r0 p0
 187946945=35480337+92177165+68239998 i50452742 u164828600 u0 t8.227
1478847 1340000 91 4 w0 r0 m0 f0 r0 p0
 189697299=35804419+93033522+68881740 i50879599 u166404778 u0 t8.011
1489858 1350000 91 4 w0 r0 m0 f0 r0 p0
 191414728=36125132+93880640+69503264 i51304578 u167947076 u0 t7.813
1500812 1360000 91 4 w0 r0 m0 f0 r0 p0
 193066497=36431463+94688311+70109152 i51712637 u169429830 u0 t7.315
1511816 1370000 100 4 w0 r0 m0 f0 r0 p0
 194750555=36746208+95519892+70716925 i52120560 u170951494 u0 t7.452
1522795 1380000 100 4 w0 r0 m0 f0 r0 p0
 196383374=37050140+96326851+71306199 i52520689 u172421613 u0 t7.139
1533703 1390000 100 4 w0 r0 m0 f0 r0 p0
 198040225=37358448+97143117+71907133 i52930020 u173910136 u0 t7.129
1544569 1400000 100 4 w0 r0 m0 f0 r0 p0
 199683285=37667316+97956179+72496990 i53328722 u175394716 u0 t7.021
1555499 1410000 100 4 w0 r0 m0 f0 r0 p0
 201439474=37995459+98821930+73132258 i53752784 u176981906 u0 t7.404
1566395 1420000 100 4 w0 r0 m0 f0 r0 p0
 203165083=38317565+99678555+73751000 i54169463 u178542791 u0 t7.197
1577238 1430000 100 4 w0 r0 m0 f0 r0 p0
 204894416=38640361+100537132+74371288 i54592106 u180101537 u0 t7.159
1588118 1440000 101 4 w0 r0 m0 f0 r0 p0
 206627102=38964282+101395438+74993454 i55013351 u181665497 u0 t7.106
1598949 1450000 101 4 w0 r0 m0 f0 r0 p0
 208394406=39292777+102268869+75631799 i55438725 u183264528 u0 t7.148
1609797 1460000 101 4 w0 r0 m0 f0 r0 p0
 210170319=39622403+103146362+76274190 i55865198 u184871563 u0 t7.13
1620630 1470000 101 4 w0 r0 m0 f0 r0 p0
 211921170=39952135+104017109+76898673 i56281940 u186461122 u0 t6.98
1631477 1480000 101 4 w0 r0 m0 f0 r0 p0
 213670627=40279217+104881983+77529055 i56703093 u188043701 u0 t6.886
1642373 1490000 101 4 w0 r0 m0 f0 r0 p0
 215467929=40615467+105772455+78174765 i57130423 u189675587 u0 t7.001
1653233 1500000 101 4 w0 r0 m0 f0 r0 p0
 217268084=40950561+106663886+78823410 i57559234 u191309082 u0 t6.92
Shrinking dfos.ix1.2
Mismatch Cur count: 13423542, rec_count: 13423541
New Cache More Size: 1024
New Cache More Size: 1024
New Cache More Size: 1024
Idx1+ lookups: 0 0 17172561 31363213 44786754 
Idx1+ positiv: 0 0 2665550 3623850 4179821 
Idx1+ found  : 0 0 2592441 3484146 3974995 
OL: 0 442733909 429393535 362758532 365301450 
CL: 0 442733909 377336368 362758532 353211778 
OC: 0 17172561 16783093 13423542 13467908 
CC: 0 17172561 14190652 13423542 12925031 
TotOL: 1600187426, TotCL: 1536040587, TotOC: 60847104, TotCC: 57711786
1664130 1510000 65 3 w0 r0 m0 f0 r0 p0
 219046446=41280963+107539800+79469044 i57979414 u192925002 u0 t74.171
1675034 1520000 65 3 w0 r0 m0 f0 r0 p0
 220835404=41612975+108422057+80117534 i58403564 u194549358 u0 t14.414
1685958 1530000 69 4 w0 r0 m0 f0 r0 p0
 222654573=41950493+109317901+80778379 i58831532 u196204329 u0 t13.361
1696847 1540000 69 4 w0 r0 m0 f0 r0 p0
 224442361=42281602+110193885+81432689 i59253839 u197827702 u0 t12.159
1707676 1550000 69 4 w0 r0 m0 f0 r0 p0
 226272742=42619605+111095368+82098625 i59687831 u199488756 u0 t11.941
1718573 1560000 69 4 w0 r0 m0 f0 r0 p0
 228104597=42957580+111994802+82768470 i60119120 u201153217 u0 t11.429
1729487 1570000 69 4 w0 r0 m0 f0 r0 p0
 229880904=43285461+112866746+83417917 i60535141 u202770020 u0 t10.665
1740347 1580000 89 4 w0 r0 m0 f0 r0 p0
 231680629=43618172+113748000+84077370 i60957435 u204407110 u0 t10.539
1751207 1590000 89 4 w0 r0 m0 f0 r0 p0
 233507773=43956640+114647778+84741743 i61386971 u206068768 u0 t10.434
1762023 1600000 97 4 w0 r0 m0 f0 r0 p0
 235283992=44287479+115526027+85382484 i61804603 u207685505 u0 t9.98
1772878 1610000 97 4 w0 r0 m0 f0 r0 p0
 237058062=44615710+116394367+86032989 i62221538 u209298850 u0 t9.626
1783723 1620000 97 4 w0 r0 m0 f0 r0 p0
 238817123=44942446+117265322+86667096 i62634279 u210900749 u0 t9.497
1794607 1630000 101 4 w0 r0 m0 f0 r0 p0
 240593085=45270791+118136276+87316392 i63050348 u212516680 u0 t9.353
1805498 1640000 101 4 w0 r0 m0 f0 r0 p0
 242382851=45602364+119021975+87963254 i63469245 u214147516 u0 t9.249
1816421 1650000 101 4 w0 r0 m0 f0 r0 p0
 244178822=45933915+119909627+88614033 i63894187 u215778742 u0 t9.139
1827273 1660000 101 4 w0 r0 m0 f0 r0 p0
 245982710=46268214+120794044+89273491 i64317518 u217419589 u0 t8.977
1838160 1670000 101 4 w0 r0 m0 f0 r0 p0
 247787451=46603036+121681664+89930178 i64744095 u219058868 u0 t8.819
1849005 1680000 101 4 w0 r0 m0 f0 r0 p0
 249559255=46929845+122549529+90579632 i65155713 u220674845 u0 t8.558
1859879 1690000 101 4 w0 r0 m0 f0 r0 p0
 251260145=47246311+123393055+91190935 i65554463 u222224849 u0 t8.22
1870739 1700000 101 4 w0 r0 m0 f0 r0 p0
 253019866=47573526+124267404+91822433 i65965082 u223830500 u0 t8.361
1881698 1710000 101 4 w0 r0 m0 f0 r0 p0
 254708896=47889282+125101992+92431807 i66357118 u225373382 u0 t7.963
1892578 1720000 101 4 w0 r0 m0 f0 r0 p0
 256422005=48209762+125948816+93049301 i66754510 u226938843 u0 t7.927
1903425 1730000 101 4 w0 r0 m0 f0 r0 p0
 258151069=48531128+126803006+93675093 i67155597 u228518441 u0 t8.015
1914319 1740000 101 4 w0 r0 m0 f0 r0 p0
 259943293=48864688+127681881+94330331 i67569960 u230155013 u0 t8.16
1925121 1750000 101 4 w0 r0 m0 f0 r0 p0
 261669165=49186851+128536860+94951071 i67971520 u231731144 u0 t7.797
1936035 1760000 101 4 w0 r0 m0 f0 r0 p0
 263458272=49520220+129423171+95595224 i68393201 u233359118 u0 t7.976
1946942 1770000 101 4 w0 r0 m0 f0 r0 p0
 265176789=49839955+130265313+96222788 i68783714 u234935579 u0 t7.558
1957829 1780000 101 4 w0 r0 m0 f0 r0 p0
 266880264=50159017+131109725+96834255 i69177597 u236494139 u0 t7.51
1968722 1790000 101 4 w0 r0 m0 f0 r0 p0
 268620330=50482904+131964281+97468130 i69581489 u238082402 u0 t7.556
1979581 1800000 101 4 w0 r0 m0 f0 r0 p0
 270290901=50794936+132785153+98075566 i69970317 u239606288 u0 t7.203
1990482 1810000 101 4 w0 r0 m0 f0 r0 p0
 271956658=51106210+133601567+98683140 i70349641 u241134070 u0 t7.128
Shrinking dfos.ix1.3
New Cache More Size: 1024
Shrinking dfos.ix1.1
New Cache More Size: 1024
New Cache More Size: 1024
New Cache More Size: 1024
Idx1+ lookups: 0 0 17063733 31608667 44972202 57869787 
Idx1+ positiv: 0 0 2700308 3560654 4215241 4634272 
Idx1+ found  : 0 0 2627627 3419558 4010102 4365857 
OL: 0 441428741 442733909 359407917 362758532 344374337 
CL: 0 441428741 389688587 359407917 351058268 344374337 
OC: 0 17063734 17172561 13363535 13423542 12534169 
CC: 0 17063734 14544934 13363535 12897586 12534169 
TotOL: 1950703436, TotCL: 1885957850, TotOC: 73557541, TotCC: 70403958
2001382 1820000 68 3 w0 r0 m0 f0 r0 p0
 273619806=51416038+134416362+99290731 i70737453 u242650136 u0 t118.827
2012247 1830000 68 3 w0 r0 m0 f0 r0 p0
 275314039=51732959+135250341+99905069 i71125264 u244202513 u0 t14.156
2023129 1840000 68 4 w0 r0 m0 f0 r0 p0
 276988681=52045651+136073996+100513202 i71509557 u245735631 u0 t12.773
2034053 1850000 68 4 w0 r0 m0 f0 r0 p0
 278712839=52368393+136923507+101136969 i71903598 u247316387 u0 t12.43
2044917 1860000 68 4 w0 r0 m0 f0 r0 p0
 280377963=52680583+137747044+101736334 i72282457 u248845474 u0 t11.501
2055814 1870000 68 4 w0 r0 m0 f0 r0 p0
 282051802=52992861+138572889+102341908 i72675172 u250369971 u0 t11.129
2066728 1880000 68 4 w0 r0 m0 f0 r0 p0
 283706575=53302261+139390750+102938592 i73052613 u251888172 u0 t10.706
2077660 1890000 68 4 w0 r0 m0 f0 r0 p0
 285366456=53613913+140212111+103535051 i73432074 u253410496 u0 t10.464
2088614 1900000 68 4 w0 r0 m0 f0 r0 p0
 287041683=53926943+141034038+104145361 i73817355 u254942667 u0 t10.261
2099586 1910000 68 4 w0 r0 m0 f0 r0 p0
 288744872=54243674+141871300+104765300 i74204156 u256505831 u0 t10.145
2110524 1920000 70 4 w0 r0 m0 f0 r0 p0
 290369429=54549228+142670505+105353600 i74573775 u257996665 u0 t9.507
2121483 1930000 73 4 w0 r0 m0 f0 r0 p0
 292052012=54864406+143501540+105960075 i74961801 u259536374 u0 t9.671
2132440 1940000 115 4 w0 r0 m0 f0 r0 p0
 293694209=55170737+144308922+106557063 i75338238 u261040148 u0 t9.323
2143340 1950000 115 4 w0 r0 m0 f0 r0 p0
 295367367=55483485+145131769+107164705 i75720385 u262574179 u0 t9.315
2154286 1960000 115 4 w0 r0 m0 f0 r0 p0
 296988492=55788240+145928869+107751862 i76087692 u264063919 u0 t8.874
2165157 1970000 115 4 w0 r0 m0 f0 r0 p0
 298540929=56079143+146690357+108316845 i76438378 u265490631 u0 t8.42
2176142 1980000 115 4 w0 r0 m0 f0 r0 p0
 300107779=56372925+147461885+108884153 i76793491 u266930282 u0 t8.436
2187090 1990000 115 4 w0 r0 m0 f0 r0 p0
 301747104=56679040+148271317+109476291 i77171753 u268429843 u0 t8.711
2198031 2000000 124 4 w0 r0 m0 f0 r0 p0
 303313534=56973518+149044964+110040236 i77529368 u269867337 u0 t8.193
2208970 2010000 124 4 w0 r0 m0 f0 r0 p0
 304880489=57266755+149814873+110609645 i77881008 u271309928 u0 t8.145
2219875 2020000 124 4 w0 r0 m0 f0 r0 p0
 306462247=57567650+150599483+111174164 i78238641 u272765805 u0 t8.093
2230717 2030000 124 4 w0 r0 m0 f0 r0 p0
 307973208=57852647+151350438+111712938 i78578601 u274158171 u0 t7.686
2241553 2040000 124 4 w0 r0 m0 f0 r0 p0
 309500999=58140654+152109616+112258442 i78928211 u275559994 u0 t7.763
2252478 2050000 124 4 w0 r0 m0 f0 r0 p0
 311045082=58431999+152874154+112812027 i79281285 u276977001 u0 t7.712
2263400 2060000 124 4 w0 r0 m0 f0 r0 p0
 312587791=58722721+153634268+113368895 i79629608 u278396182 u0 t7.646
2274335 2070000 124 4 w0 r0 m0 f0 r0 p0
 314133465=59013694+154399081+113923838 i79976850 u279820554 u0 t7.57
2285238 2080000 124 4 w0 r0 m0 f0 r0 p0
 315607372=59292392+155123819+114456386 i80305941 u281180696 u0 t7.157
2296195 2090000 124 4 w0 r0 m0 f0 r0 p0
 317129293=59581750+155878650+114998713 i80644366 u282587262 u0 t7.315
2307093 2100000 124 4 w0 r0 m0 f0 r0 p0
 318676219=59876160+156649876+115546349 i80990596 u284016041 u0 t7.426
2317991 2110000 124 4 w0 r0 m0 f0 r0 p0
 320192634=60163687+157398333+116091417 i81328289 u285416667 u0 t7.137
2328915 2120000 124 4 w0 r0 m0 f0 r0 p0
 321667081=60444027+158131181+116615279 i81658142 u286777815 u0 t6.966
2339889 2130000 124 4 w0 r0 m0 f0 r0 p0
 323191382=60732124+158889320+117157775 i82003142 u288181162 u0 t7.167
2350849 2140000 124 4 w0 r0 m0 f0 r0 p0
 324694768=61015853+159638390+117692123 i82339763 u289568729 u0 t7.024
2361818 2150000 124 4 w0 r0 m0 f0 r0 p0
 326171151=61295863+160374317+118215233 i82674011 u290928621 u0 t6.856
Shrinking dfos.ix1.4
New Cache More Size: 1024
New Cache More Size: 1024
New Cache More Size: 1024
Idx1+ lookups: 0 0 17077437 31508087 45187001 58017073 70535500 
Idx1+ positiv: 0 0 2705222 3634528 4159378 4657779 5009177 
Idx1+ found  : 0 0 2633083 3493647 3953021 4389260 4679501 
OL: 0 440481252 441428741 370815251 359407917 362758532 344374337 
CL: 0 440481252 388266988 370815251 347642754 342541710 337225455 
OC: 0 17077438 17063734 13678914 13363535 13423542 12534169 
CC: 0 17077438 14430651 13678914 12830072 12518428 12220525 
TotOL: 2319266030, TotCL: 2226973410, TotOC: 87141332, TotCC: 82756028
2372703 2160000 70 3 w0 r0 m0 f0 r0 p0
 327706821=61584829+161132257+118769022 i83016015 u292346041 u0 t76.143
2383611 2170000 70 3 w0 r0 m0 f0 r0 p0
 329144566=61857657+161847770+119279975 i83338410 u293672996 u0 t13.103
2394538 2180000 70 3 w0 r0 m0 f0 r0 p0
 330594834=62133525+162574001+119790006 i83663618 u295012536 u0 t12.13
2405448 2190000 70 4 w0 r0 m0 f0 r0 p0
 332177329=62432524+163367543+120347491 i84018620 u296472689 u0 t12.423
2416385 2200000 75 4 w0 r0 m0 f0 r0 p0
 333702627=62721355+164125446+120891346 i84359672 u297880691 u0 t11.507
2427291 2210000 75 4 w0 r0 m0 f0 r0 p0
 335184797=63002435+164859902+121421576 i84689958 u299249834 u0 t10.686
2438224 2220000 75 4 w0 r0 m0 f0 r0 p0
 336691739=63288111+165612753+121954248 i85027411 u300641320 u0 t10.688
2449156 2230000 75 4 w0 r0 m0 f0 r0 p0
 338227821=63580472+166376580+122500692 i85368285 u302062081 u0 t10.583
2460085 2240000 75 4 w0 r0 m0 f0 r0 p0
 339803532=63879850+167161588+123059107 i85721928 u303515531 u0 t10.57
2471031 2250000 75 4 w0 r0 m0 f0 r0 p0
 341456775=64190719+167976508+123655675 i86090747 u305040581 u0 t10.858
2481891 2260000 75 4 w0 r0 m0 f0 r0 p0
 343048425=64491447+168759476+124230873 i86446301 u306508164 u0 t10.113
2492839 2270000 75 4 w0 r0 m0 f0 r0 p0
 344653071=64792499+169549608+124811600 i86802252 u307990808 u0 t10.103
2503770 2280000 75 4 w0 r0 m0 f0 r0 p0
 346293048=65101839+170361430+125399635 i87173024 u309499692 u0 t10.191
2514685 2290000 75 4 w0 r0 m0 f0 r0 p0
 347905756=65403974+171155231+125983544 i87529715 u310990728 u0 t9.812
2525687 2300000 75 4 w0 r0 m0 f0 r0 p0
 349558235=65712870+171967848+126583155 i87893155 u312519245 u0 t9.95
2536614 2310000 75 4 w0 r0 m0 f0 r0 p0
 351199085=66018950+172775928+127177757 i88258000 u314033741 u0 t9.704
2547690 2320000 75 4 w0 r0 m0 f0 r0 p0
 352903067=66337286+173615552+127794626 i88640495 u315602539 u0 t9.982
2558712 2330000 92 4 w0 r0 m0 f0 r0 p0
 354606469=66655644+174456095+128410284 i89019017 u317174937 u0 t9.841
2569709 2340000 92 4 w0 r0 m0 f0 r0 p0
 356246694=66965337+175274605+128991581 i89386712 u318688870 u0 t9.42
2580699 2350000 92 4 w0 r0 m0 f0 r0 p0
 357993903=67289498+176131911+129629278 i89778633 u320297388 u0 t9.803
2591715 2360000 92 4 w0 r0 m0 f0 r0 p0
 359695362=67606592+176969103+130247449 i90157821 u321866427 u0 t9.509
2602831 2370000 92 4 w0 r0 m0 f0 r0 p0
 361461954=67935504+177839960+130887451 i90555681 u323492103 u0 t9.787
2613986 2380000 92 4 w0 r0 m0 f0 r0 p0
 363270881=68267047+178720207+131558144 i90955628 u325160966 u0 t9.748
2624949 2390000 92 4 w0 r0 m0 f0 r0 p0
 365086882=68600974+179606205+132227973 i91368460 u326825484 u0 t9.743
2635909 2400000 92 4 w0 r0 m0 f0 r0 p0
 366923047=68938890+180504145+132903184 i91787641 u328506652 u0 t9.735
2646913 2410000 92 4 w0 r0 m0 f0 r0 p0
 368677051=69262711+181360894+133548889 i92187209 u330113470 u0 t9.247
2657884 2420000 92 4 w0 r0 m0 f0 r0 p0
 370381235=69579366+182197027+134170321 i92568975 u331682448 u0 t8.837
2668918 2430000 92 4 w0 r0 m0 f0 r0 p0
 372076635=69893191+183024243+134793361 i92950818 u333240071 u0 t8.69
2679809 2440000 92 4 w0 r0 m0 f0 r0 p0
 373725842=70201816+183837774+135388608 i93328189 u334751712 u0 t8.563
2690746 2450000 92 4 w0 r0 m0 f0 r0 p0
 375397080=70512699+184665088+135990955 i93705280 u336288906 u0 t8.552
2701594 2460000 92 4 w0 r0 m0 f0 r0 p0
 377159233=70840992+185532339+136630173 i94101450 u337910431 u0 t8.898
2712475 2470000 92 4 w0 r0 m0 f0 r0 p0
 378870478=71159687+186381532+137244439 i94485959 u339486643 u0 t8.676
2723357 2480000 92 4 w0 r0 m0 f0 r0 p0
 380621259=71484776+187247021+137876713 i94874798 u341103186 u0 t8.701
Shrinking dfos.ix1.5
Mismatch Cur count: 13576816, rec_count: 13576815
New Cache More Size: 1024
New Cache More Size: 1024
New Cache More Size: 1024
Idx1+ lookups: 0 0 17153722 31588383 45165198 58300327 70746050 82963070 
Idx1+ positiv: 0 0 2716018 3627161 4244200 4607597 5021810 5323717 
Idx1+ found  : 0 0 2642776 3486918 4037432 4337370 4690667 4932977 
OL: 0 442466723 440481252 369632864 370815251 359407917 362758532 344374337 
CL: 0 442466723 387171468 369632864 358766738 339027262 335690806 331402108 
OC: 0 17153723 17077438 13576816 13678914 13363535 13423542 12534169 
CC: 0 17153723 14434662 13576816 13135129 12445723 12217021 11967049 
TotOL: 2689936876, TotCL: 2564157969, TotOC: 100808137, TotCC: 94930123
2734166 2490000 59 3 w0 r0 m0 f0 r0 p0
 382366369=71812903+188125826+138494854 i95281463 u342690465 u0 t77.951
2745023 2500000 67 3 w0 r0 m0 f0 r0 p0
 384128594=72139320+188994410+139134599 i95670696 u344319218 u0 t14.931
2755880 2510000 67 4 w0 r0 m0 f0 r0 p0
 385871344=72463106+189855265+139764508 i96060878 u345925003 u0 t13.67
2766772 2520000 78 4 w0 r0 m0 f0 r0 p0
 387632188=72789926+190721695+140404427 i96453623 u347548711 u0 t13.171
2777605 2530000 78 4 w0 r0 m0 f0 r0 p0
 389378277=73116036+191581230+141037247 i96838816 u349163117 u0 t12.49
2788466 2540000 78 4 w0 r0 m0 f0 r0 p0
 391161924=73449909+192460108+141683037 i97232263 u350811859 u0 t12.38
2799329 2550000 78 4 w0 r0 m0 f0 r0 p0
 393022585=73791979+193374918+142362800 i97643805 u352529529 u0 t12.562
2810193 2560000 127 4 w0 r0 m0 f0 r0 p0
 394755478=74114792+194231685+142988410 i98033536 u354124726 u0 t11.554
2821115 2570000 127 4 w0 r0 m0 f0 r0 p0
 396544518=74445209+195110000+143642050 i98430183 u355775539 u0 t11.581
2832025 2580000 127 4 w0 r0 m0 f0 r0 p0
 398372287=74784878+196011271+144304783 i98835069 u357463663 u0 t11.748
2842894 2590000 127 4 w0 r0 m0 f0 r0 p0
 400131939=75110841+196874364+144947988 i99223276 u359089646 u0 t10.991
2853742 2600000 127 4 w0 r0 m0 f0 r0 p0
 401982899=75452073+197787791+145620022 i99632393 u360799626 u0 t11.42
2864632 2610000 127 4 w0 r0 m0 f0 r0 p0
 403839387=75794988+198705502+146291865 i100038960 u362518805 u0 t11.268
2875503 2620000 127 4 w0 r0 m0 f0 r0 p0
 405672942=76135781+199608245+146958163 i100442981 u364214269 u0 t10.983
2886360 2630000 127 4 w0 r0 m0 f0 r0 p0
 407489778=76473367+200506029+147615508 i100842071 u365896208 u0 t10.723
2897239 2640000 127 4 w0 r0 m0 f0 r0 p0
 409304419=76811181+201399095+148274498 i101239296 u367576213 u0 t10.542
2908079 2650000 127 4 w0 r0 m0 f0 r0 p0
 411169849=77158949+202318210+148950286 i101651649 u369299809 u0 t10.724
2919336 2660000 127 4 w0 r0 m0 f0 r0 p0
 413036066=77503294+203235172+149631805 i102054145 u371032857 u0 t10.434
2930193 2670000 127 4 w0 r0 m0 f0 r0 p0
 414928905=77852214+204169308+150319175 i102469067 u372784744 u0 t10.591
2941058 2680000 127 4 w0 r0 m0 f0 r0 p0
 416733228=78186344+205058327+150974257 i102865155 u374454212 u0 t10.095
2951948 2690000 127 4 w0 r0 m0 f0 r0 p0
 418565515=78526795+205962414+151637488 i103264477 u376153059 u0 t10.043
2962792 2700000 127 4 w0 r0 m0 f0 r0 p0
 420358225=78859806+206849755+152284068 i103660187 u377810703 u0 t9.807
2973731 2710000 127 4 w0 r0 m0 f0 r0 p0
 422135311=79192177+207721170+152931572 i104042679 u379462112 u0 t9.593
2984605 2720000 127 4 w0 r0 m0 f0 r0 p0
 423932671=79524840+208598808+153592720 i104429348 u381131059 u0 t9.599
2995574 2730000 127 4 w0 r0 m0 f0 r0 p0
 425712127=79853743+209470286+154244575 i104817919 u382778103 u0 t9.462
3006468 2740000 127 4 w0 r0 m0 f0 r0 p0
 427530476=80189737+210363188+154908425 i105215774 u384460427 u0 t9.59
3017345 2750000 127 4 w0 r0 m0 f0 r0 p0
 429282158=80516129+211229607+155539554 i105600429 u386082284 u0 t9.176
3028291 2760000 127 4 w0 r0 m0 f0 r0 p0
 431022749=80838707+212080213+156177709 i105982929 u387690906 u0 t9.058
3039192 2770000 127 4 w0 r0 m0 f0 r0 p0
 432706986=81152438+212904837+156793416 i106346669 u389254212 u0 t8.746
3050078 2780000 127 4 w0 r0 m0 f0 r0 p0
 434415639=81473674+213738469+157417617 i106713268 u390842339 u0 t8.713
Shrinking dfos.ix1.6
Mismatch Cur count: 13583183, rec_count: 13583182
New Cache More Size: 1024
Shrinking dfos.ix1.1
New Cache More Size: 1024
New Cache More Size: 1024
New Cache More Size: 1024
Idx1+ lookups: 0 0 17068521 31610512 45193694 58240530 70990953 83138742 95111186 
Idx1+ positiv: 0 0 2684232 3635625 4222577 4692562 4967962 5327505 5593552 
Idx1+ found  : 0 0 2611731 3494255 4016897 4422138 4635304 4935243 5142693 
OL: 0 441634840 442466723 368534287 369632864 370815251 359407917 362758532 326532378 
CL: 0 441634840 389747932 368534287 357828443 350115376 332266483 330088968 326532378 
OC: 0 17068521 17153723 13583183 13576816 13678914 13363535 13423542 11757333 
CC: 0 17068521 14541992 13583183 13046837 12750423 12147789 11972445 11757333 
TotOL: 3041782792, TotCL: 2896748707, TotOC: 113605567, TotCC: 106868523
3060975 2790000 58 3 w0 r0 m0 f0 r0 p0
 436194854=81805932+214609996+158066394 i107096512 u392494613 u0 t134.083
3071909 2800000 58 3 w0 r0 m0 f0 r0 p0
 437892046=82123727+215438832+158687375 i107459390 u394073309 u0 t16.029
3082762 2810000 60 4 w0 r0 m0 f0 r0 p0
 439669470=82452095+216305935+159342143 i107845852 u395719453 u0 t15.207
3093667 2820000 60 4 w0 r0 m0 f0 r0 p0
 441419602=82779372+217161793+159981747 i108223909 u397343295 u0 t14.225
3104606 2830000 60 4 w0 r0 m0 f0 r0 p0
 443173811=83105467+218018715+160624845 i108601554 u398972606 u0 t13.644
3115556 2840000 63 4 w0 r0 m0 f0 r0 p0
 444855364=83417235+218840717+161241713 i108963886 u400534133 u0 t12.736
3126447 2850000 63 4 w0 r0 m0 f0 r0 p0
 446540473=83731519+219668345+161854782 i109326452 u402100639 u0 t12.366
3137354 2860000 66 4 w0 r0 m0 f0 r0 p0
 448251597=84051835+220506167+162477538 i109694241 u403690823 u0 t12.061
3148306 2870000 66 4 w0 r0 m0 f0 r0 p0
 449875954=84355682+221304826+163067050 i110042469 u405202704 u0 t11.368
3159170 2880000 66 4 w0 r0 m0 f0 r0 p0
 451518634=84662421+222105932+163669751 i110392778 u406731941 u0 t11.265
3170031 2890000 66 4 w0 r0 m0 f0 r0 p0
 453180092=84973692+222917499+164277519 i110742437 u408283646 u0 t11.268
3180938 2900000 66 4 w0 r0 m0 f0 r0 p0
 454828199=85282276+223723730+164879294 i111087381 u409825025 u0 t10.947
3191816 2910000 66 4 w0 r0 m0 f0 r0 p0
 456516928=85595432+224543663+165504398 i111446339 u411397189 u0 t10.953
3202736 2920000 77 4 w0 r0 m0 f0 r0 p0
 458233811=85917186+225387052+166127634 i111811203 u412997725 u0 t11.159
3213588 2930000 77 4 w0 r0 m0 f0 r0 p0
 459932019=86235594+226216800+166748841 i112171393 u414580309 u0 t10.874
3224450 2940000 77 4 w0 r0 m0 f0 r0 p0
 461625431=86550436+227049831+167364798 i112538684 u416151292 u0 t10.709
3235384 2950000 77 4 w0 r0 m0 f0 r0 p0
 463282691=86859492+227870019+167961633 i112894976 u417693802 u0 t10.362
3246267 2960000 100 4 w0 r0 m0 f0 r0 p0
 465024914=87184735+228725659+168595377 i113269439 u419313775 u0 t10.699
3257218 2970000 100 4 w0 r0 m0 f0 r0 p0
 466779313=87510557+229588787+169233519 i113641966 u420949339 u0 t10.556
3268155 2980000 100 4 w0 r0 m0 f0 r0 p0
 468434545=87819992+230400910+169836494 i113996893 u422488947 u0 t9.917
3278993 2990000 100 4 w0 r0 m0 f0 r0 p0
 470135916=88135889+231233506+170459681 i114360480 u424072360 u0 t10.057
3289873 3000000 100 4 w0 r0 m0 f0 r0 p0
 471736382=88436304+232013557+171046882 i114695062 u425569537 u0 t9.393
3300770 3010000 100 4 w0 r0 m0 f0 r0 p0
 473399143=88746941+232833507+171648487 i115051693 u427117719 u0 t9.851
3311716 3020000 100 4 w0 r0 m0 f0 r0 p0
 475050213=89056262+233652018+172241129 i115408059 u428652810 u0 t9.633
3322684 3030000 100 4 w0 r0 m0 f0 r0 p0
 476673578=89358462+234450881+172830467 i115757139 u430162561 u0 t9.496
3333558 3040000 100 4 w0 r0 m0 f0 r0 p0
 478309378=89662881+235253395+173427088 i116105252 u431687393 u0 t9.354
3344467 3050000 100 4 w0 r0 m0 f0 r0 p0
 479906383=89962707+236039361+174005209 i116444927 u433176998 u0 t9.103
3355390 3060000 100 4 w0 r0 m0 f0 r0 p0
 481578931=90275109+236860581+174614146 i116804041 u434732925 u0 t9.443
3366284 3070000 100 4 w0 r0 m0 f0 r0 p0
 483154080=90571027+237639237+175180774 i117138690 u436202933 u0 t8.866
3377177 3080000 100 4 w0 r0 m0 f0 r0 p0
 484771280=90872486+238431320+175771978 i117483139 u437708723 u0 t8.997
3388055 3090000 100 4 w0 r0 m0 f0 r0 p0
 486317046=91164090+239196641+176326075 i117818321 u439145180 u0 t8.571
3398880 3100000 100 4 w0 r0 m0 f0 r0 p0
 487849132=91453830+239958737+176870973 i118148125 u440572055 u0 t8.562
3409787 3110000 100 4 w0 r0 m0 f0 r0 p0
 489387982=91742838+240719653+177424504 i118478490 u442004813 u0 t8.498
Shrinking dfos.ix1.7
Mismatch Cur count: 13672872, rec_count: 13672871
New Cache More Size: 1024
Shrinking dfos.ix1.2
Mismatch Cur count: 11766718, rec_count: 11766717
New Cache More Size: 1024
New Cache More Size: 1024
New Cache More Size: 1024
Idx1+ lookups: 0 0 17001919 31432434 45105305 58148098 70808926 83259722 95163175 106929892 
Idx1+ positiv: 0 0 2710152 3621111 4240789 4671250 5053720 5272673 5592329 5834493 
Idx1+ found  : 0 0 2638006 3480851 4034644 4402905 4721765 4879640 5140970 5325227 
OL: 0 439010832 441634840 370824004 368534287 369632864 370815251 359407917 325354513 326532378 
CL: 0 439010832 388220229 370824004 356524916 349108891 343306372 326699132 325354513 322288853 
OC: 0 17001920 17068521 13672872 13583183 13576816 13678914 13363535 11766718 11757333 
CC: 0 17001920 14430515 13672872 13042794 12660829 12450796 11903453 11766718 11574799 
TotOL: 3371746886, TotCL: 3221337742, TotOC: 125469812, TotCC: 118504696
3420708 3120000 61 3 w0 r0 m0 f0 r0 p0
 490946850=92036237+241493070+177982507 i118810681 u443459442 u0 t136.649
3431637 3130000 67 3 w0 r0 m0 f0 r0 p0
 492535596=92335327+242278357+178554327 i119154049 u444936091 u0 t14.766
3442607 3140000 67 4 w0 r0 m0 f0 r0 p0
 494031053=92620750+243017428+179089254 i119471695 u446332540 u0 t12.944
3453456 3150000 70 4 w0 r0 m0 f0 r0 p0
 495582128=92915335+243788688+179640405 i119801944 u447781105 u0 t12.905
3464366 3160000 70 4 w0 r0 m0 f0 r0 p0
 497129983=93209339+244558748+180190220 i120133594 u449224214 u0 t12.365
3475266 3170000 70 4 w0 r0 m0 f0 r0 p0
 498667317=93499255+245319407+180741288 i120466992 u450652383 u0 t11.991
3486141 3180000 70 4 w0 r0 m0 f0 r0 p0
 500150219=93781773+246055175+181269148 i120780609 u452039613 u0 t11.322
3497008 3190000 70 4 w0 r0 m0 f0 r0 p0
 501693094=94070616+246812258+181830408 i121105386 u453481229 u0 t11.312
3507853 3200000 87 4 w0 r0 m0 f0 r0 p0
 503209684=94360367+247564405+182370492 i121424845 u454900641 u0 t11.015
3518683 3210000 87 4 w0 r0 m0 f0 r0 p0
 504727687=94647586+248316970+182912890 i121745229 u456320583 u0 t10.93
3529542 3220000 87 4 w0 r0 m0 f0 r0 p0
 506249015=94937646+249071085+183455201 i122071206 u457738957 u0 t10.824
3540480 3230000 87 4 w0 r0 m0 f0 r0 p0
 507736061=95220962+249813456+183980563 i122389208 u459127045 u0 t10.394
3551409 3240000 87 4 w0 r0 m0 f0 r0 p0
 509299542=95516340+250589266+184539138 i122723667 u460585541 u0 t10.728
3562370 3250000 87 4 w0 r0 m0 f0 r0 p0
 510796544=95801252+251332559+185071944 i123044781 u461980915 u0 t10.201
3573321 3260000 92 4 w0 r0 m0 f0 r0 p0
 512317182=96090772+252087228+185613709 i123368362 u463401380 u0 t10.226
3584317 3270000 92 4 w0 r0 m0 f0 r0 p0
 513874303=96385348+252864509+186164892 i123700357 u464855563 u0 t10.317
3595165 3280000 92 4 w0 r0 m0 f0 r0 p0
 515391633=96674237+253615617+186706738 i124023443 u466272298 u0 t9.935
3606131 3290000 92 4 w0 r0 m0 f0 r0 p0
 516950453=96970904+254386969+187264051 i124350928 u467732088 u0 t10.085
3617031 3300000 92 4 w0 r0 m0 f0 r0 p0
 518446046=97254585+255134396+187792561 i124673111 u469125996 u0 t9.647
3627996 3310000 92 4 w0 r0 m0 f0 r0 p0
 519966046=97543651+255894704+188327913 i124999315 u470543859 u0 t9.74
3638920 3320000 92 4 w0 r0 m0 f0 r0 p0
 521537441=97837642+256669508+188895955 i125331611 u472011266 u0 t9.846
3649881 3330000 92 4 w0 r0 m0 f0 r0 p0
 523042062=98120840+257414101+189436100 i125647540 u473419759 u0 t9.353
3660867 3340000 92 4 w0 r0 m0 f0 r0 p0
 524652771=98424464+258213214+190011981 i125987155 u474926397 u0 t10.006
3671820 3350000 92 4 w0 r0 m0 f0 r0 p0
 526202230=98720193+258984101+190560608 i126318267 u476373185 u0 t9.551
3682790 3360000 92 4 w0 r0 m0 f0 r0 p0
 527819925=99024268+259780832+191145343 i126657225 u477887172 u0 t9.845
3693808 3370000 92 4 w0 r0 m0 f0 r0 p0
 529487465=99338000+260602520+191747812 i127007381 u479446774 u0 t9.986
3704793 3380000 92 4 w0 r0 m0 f0 r0 p0
 531104411=99642673+261405355+192325479 i127353056 u480955108 u0 t9.734
3715703 3390000 92 4 w0 r0 m0 f0 r0 p0
 532802771=99960263+262244195+192938398 i127708203 u482545931 u0 t10.165
3726649 3400000 92 4 w0 r0 m0 f0 r0 p0
 534507575=100278627+263091378+193548439 i128068032 u484140279 u0 t10.095
3737635 3410000 92 4 w0 r0 m0 f0 r0 p0
 536295564=100613401+263990754+194175707 i128447573 u485812025 u0 t10.406
3748614 3420000 92 4 w0 r0 m0 f0 r0 p0
 538075284=100946816+264868848+194819076 i128820321 u487478266 u0 t10.256
3759597 3430000 92 4 w0 r0 m0 f0 r0 p0
 539893480=101288325+265765017+195476422 i129210062 u489170859 u0 t10.477
3770552 3440000 92 4 w0 r0 m0 f0 r0 p0
 541701611=101626710+266653780+196132984 i129595819 u490855608 u0 t10.36
3781517 3450000 95 4 w0 r0 m0 f0 r0 p0
 543503049=101962216+267538071+196790034 i129978309 u492535747 u0 t10.119
Shrinking dfos.ix1.8
New Cache More Size: 1024
Shrinking dfos.ix1.3
New Cache More Size: 1024
New Cache More Size: 1024
New Cache More Size: 1024
Idx1+ lookups: 0 0 17072628 31442464 45026447 58148089 70797602 83158383 95356305 107049164 118638065 
Idx1+ positiv: 0 0 2704927 3624530 4238093 4697568 5033066 5367264 5542736 5828796 6058669 
Idx1+ found  : 0 0 2632083 3484538 4032080 4427924 4702952 4974639 5090234 5318786 5491548 
OL: 0 440218151 439010832 369716319 370824004 368534287 369632864 370815251 321861449 325354513 326532378 
CL: 0 440218151 385884837 369716319 358589767 347672735 342287284 337517478 321861449 321243319 318394322 
OC: 0 17072628 17001920 13583983 13672872 13583183 13576816 13678914 11692859 11766718 11757333 
CC: 0 17072628 14369837 13583983 13121643 12649514 12360782 12197922 11692859 11588902 11408478 
TotOL: 3702500048, TotCL: 3543385661, TotOC: 137387226, TotCC: 130046548
3792483 3460000 119 3 w0 r0 m0 f0 r0 p0
 545281989=102293869+268416773+197432755 i130364171 u494188668 u0 t138.718
3803443 3470000 119 3 w0 r0 m0 f0 r0 p0
 547035314=102622513+269290854+198057260 i130743873 u495819385 u0 t16.176
3814317 3480000 119 4 w0 r0 m0 f0 r0 p0
 548790831=102951665+270159993+198688591 i131125757 u497449057 u0 t15.052
3825200 3490000 119 4 w0 r0 m0 f0 r0 p0
 550541828=103278254+271027459+199318939 i131501420 u499080038 u0 t14.463
3836062 3500000 119 4 w0 r0 m0 f0 r0 p0
 552216151=103590034+271857333+199921624 i131864418 u500635682 u0 t13.427
3847051 3510000 119 4 w0 r0 m0 f0 r0 p0
 553917240=103907082+272697444+200536752 i132226431 u502222112 u0 t13.198
3857981 3520000 119 4 w0 r0 m0 f0 r0 p0
 555712105=104242986+273593461+201175423 i132617436 u503889107 u0 t13.735
3868919 3530000 119 4 w0 r0 m0 f0 r0 p0
 557551728=104587156+274515071+201826064 i133011807 u505604281 u0 t13.665
3879700 3540000 119 4 w0 r0 m0 f0 r0 p0
 559353753=104923593+275413374+202468940 i133395990 u507285794 u0 t13.291
3890544 3550000 119 4 w0 r0 m0 f0 r0 p0
 561233569=105276373+276358543+203129154 i133795896 u509042455 u0 t13.482
3901420 3560000 119 4 w0 r0 m0 f0 r0 p0
 563037431=105612073+277258147+203772923 i134179682 u510726346 u0 t12.792
3912350 3570000 119 4 w0 r0 m0 f0 r0 p0
 564899758=105959531+278184787+204439498 i134574755 u512465590 u0 t12.953
3923255 3580000 119 4 w0 r0 m0 f0 r0 p0
 566716480=106299822+279088396+205089272 i134957602 u514164754 u0 t12.393
3934146 3590000 119 4 w0 r0 m0 f0 r0 p0
 568594594=106650778+280014640+205768355 i135353859 u515919108 u0 t12.667
3945058 3600000 119 4 w0 r0 m0 f0 r0 p0
 570434890=106995880+280925755+206428662 i135737143 u517643507 u0 t12.214
3955958 3610000 119 4 w0 r0 m0 f0 r0 p0
 572322313=107345141+281858820+207112550 i136136657 u519404986 u0 t12.491
3966817 3620000 119 4 w0 r0 m0 f0 r0 p0
 574150392=107689504+282770225+207763252 i136516586 u521118434 u0 t11.875
3977696 3630000 119 4 w0 r0 m0 f0 r0 p0
 575985556=108030613+283680039+208423834 i136903896 u522833201 u0 t11.87
3988551 3640000 119 4 w0 r0 m0 f0 r0 p0
 577885497=108382211+284615546+209115544 i137300974 u524610539 u0 t12.081
3999436 3650000 119 4 w0 r0 m0 f0 r0 p0
 579742382=108724625+285530566+209791349 i137697504 u526339902 u0 t11.748
4010266 3660000 119 4 w0 r0 m0 f0 r0 p0
 581582481=109066135+286445784+210450943 i138084397 u528061459 u0 t11.578
4021082 3670000 119 4 w0 r0 m0 f0 r0 p0
 583419708=109406620+287355832+211113823 i138472566 u529777686 u0 t11.502
4031936 3680000 119 4 w0 r0 m0 f0 r0 p0
 585333624=109761260+288302373+211805349 i138872913 u531568548 u0 t11.83
4042723 3690000 119 4 w0 r0 m0 f0 r0 p0
 587215998=110111008+289233971+212484963 i139268221 u533328628 u0 t11.615
4053582 3700000 119 4 w0 r0 m0 f0 r0 p0
 589109664=110464865+290175833+213163870 i139664872 u535099895 u0 t11.49
4064959 3710000 119 4 w0 r0 m0 f0 r0 p0
 591011333=110816639+291120425+213847204 i140056708 u536886309 u0 t11.291
4075764 3720000 119 4 w0 r0 m0 f0 r0 p0
 592865145=111161743+292036108+214518260 i140443270 u538623264 u0 t11.088
4086632 3730000 119 4 w0 r0 m0 f0 r0 p0
 594693610=111502089+292938122+215180944 i140827366 u540332737 u0 t10.863
4097561 3740000 119 4 w0 r0 m0 f0 r0 p0
 596521672=111840351+293834988+215849123 i141212116 u542039838 u0 t10.817
Shrinking dfos.ix1.9
Mismatch Cur count: 13512829, rec_count: 13512828
New Cache More Size: 1024
Shrinking dfos.ix1.4
New Cache More Size: 1024
New Cache More Size: 1024
New Cache More Size: 1024
Idx1+ lookups: 0 0 17143797 31595239 45108067 58157620 70886986 83234536 95347260 107322883 118838627 130269320 
Idx1+ positiv: 0 0 2694139 3630329 4224983 4693947 5061784 5342311 5649483 5779018 6045437 6260567 
Idx1+ found  : 0 0 2621186 3489091 4018968 4424356 4729887 4951009 5196938 5267349 5476994 5635529 
OL: 0 443244843 440218151 367172061 369716319 370824004 368534287 369632864 332422146 321861449 325354513 326532378 
CL: 0 443244843 387274545 367172061 357833519 349765194 340800588 336601394 332422146 317784204 317577623 315007149 
OC: 0 17143798 17072628 13512829 13583983 13672872 13583183 13576816 11975623 11692859 11766718 11757333 
CC: 0 17143798 14451442 13512829 13049553 12729367 12347551 12112725 11975623 11515744 11430694 11264497 
TotOL: 4035513015, TotCL: 3865483266, TotOC: 149338642, TotCC: 141533823
4108439 3750000 53 3 w0 r0 m0 f0 r0 p0
 598371187=112184193+294748451+216518929 i141604626 u543765082 u0 t133.9
4119319 3760000 60 3 w0 r0 m0 f0 r0 p0
 600208853=112525645+295655087+217185635 i141988889 u545484773 u0 t19.102
4130276 3770000 60 3 w0 r0 m0 f0 r0 p0
 601952692=112850929+296514763+217817617 i142354103 u547116473 u0 t16.111
4141183 3780000 60 4 w0 r0 m0 f0 r0 p0
 603756517=113188700+297406085+218468713 i142734119 u548802908 u0 t15.771
4152093 3790000 61 4 w0 r0 m0 f0 r0 p0
 605538646=113521540+298287399+219111015 i143104279 u550474414 u0 t15.02
4162989 3800000 61 4 w0 r0 m0 f0 r0 p0
 607406127=113868022+299203154+219793319 i143490766 u552225160 u0 t15.042
4173910 3810000 61 4 w0 r0 m0 f0 r0 p0
 609191760=114199883+300085120+220439815 i143866914 u553893799 u0 t14.227
4184895 3820000 70 4 w0 r0 m0 f0 r0 p0
 610980728=114533814+300970660+221084383 i144238936 u555571243 u0 t13.844
4195828 3830000 70 4 w0 r0 m0 f0 r0 p0
 612719463=114858723+301833790+221707846 i144599451 u557203189 u0 t13.202
4206739 3840000 70 4 w0 r0 m0 f0 r0 p0
 614494077=115189233+302713265+222346505 i144968379 u558866979 u0 t13.294
4217677 3850000 73 4 w0 r0 m0 f0 r0 p0
 616235807=115513633+303578946+222971133 i145331744 u560499253 u0 t12.815
4228607 3860000 113 4 w0 r0 m0 f0 r0 p0
 617960073=115833788+304431954+223593774 i145692408 u562113517 u0 t12.483
4239510 3870000 113 4 w0 r0 m0 f0 r0 p0
 619660636=116151555+305273021+224206630 i146046670 u563707217 u0 t12.195
4250423 3880000 113 4 w0 r0 m0 f0 r0 p0
 621363548=116469163+306118016+224817873 i146406484 u565298656 u0 t12.063
4261357 3890000 113 4 w0 r0 m0 f0 r0 p0
 623045225=116784579+306955665+225416426 i146753336 u566879690 u0 t11.664
4272391 3900000 113 4 w0 r0 m0 f0 r0 p0
 624761881=117111625+307792246+226045114 i147106551 u568490164 u0 t11.622
4283314 3910000 113 4 w0 r0 m0 f0 r0 p0
 626495868=117437157+308644554+226673631 i147468525 u570113432 u0 t11.723
4294200 3920000 113 4 w0 r0 m0 f0 r0 p0
 628179547=117752875+309474830+227282072 i147815896 u571694330 u0 t11.326
4305160 3930000 113 4 w0 r0 m0 f0 r0 p0
 629859355=118068822+310303261+227888386 i148166742 u573267582 u0 t11.261
4316083 3940000 113 4 w0 r0 m0 f0 r0 p0
 631515224=118383481+311119506+228484022 i148507220 u574824153 u0 t10.996
4326986 3950000 113 4 w0 r0 m0 f0 r0 p0
 633288229=118716894+311985162+229132737 i148872045 u576488337 u0 t11.546
4337955 3960000 113 4 w0 r0 m0 f0 r0 p0
 634911376=119024405+312779940+229722203 i149201689 u578016860 u0 t10.497
4348836 3970000 113 4 w0 r0 m0 f0 r0 p0
 636535879=119332473+313582978+230304626 i149537421 u579543366 u0 t10.486
4359757 3980000 113 4 w0 r0 m0 f0 r0 p0
 638168418=119640268+314395029+230886487 i149879668 u581073160 u0 t10.563
4370729 3990000 113 4 w0 r0 m0 f0 r0 p0
 639788441=119946262+315198241+231465658 i150211153 u582598612 u0 t10.412
4381681 4000000 113 4 w0 r0 m0 f0 r0 p0
 641426812=120255530+316012433+232049735 i150553351 u584134911 u0 t10.4
4392555 4010000 113 4 w0 r0 m0 f0 r0 p0
 643071811=120565204+316826249+232640726 i150888503 u585684594 u0 t10.353
4403440 4020000 113 4 w0 r0 m0 f0 r0 p0
 644676144=120866581+317618427+233219164 i151222542 u587188734 u0 t10.127
4414465 4030000 113 4 w0 r0 m0 f0 r0 p0
 646256149=121165162+318401144+233784390 i151551305 u588670995 u0 t9.925
4425446 4040000 113 4 w0 r0 m0 f0 r0 p0
 647844943=121465465+319191426+234349638 i151881137 u590163592 u0 t9.899
4436408 4050000 113 4 w0 r0 m0 f0 r0 p0
 649464339=121771411+319991188+234932227 i152216982 u591683351 u0 t10.007
4447331 4060000 113 4 w0 r0 m0 f0 r0 p0
 651065993=122073522+320788742+235501813 i152550345 u593187100 u0 t9.929
Shrinking dfos.ix1.10
New Cache More Size: 1024
Shrinking dfos.ix1.5
Mismatch Cur count: 11900297, rec_count: 11900296
New Cache More Size: 1024
New Cache More Size: 1024
New Cache More Size: 1024
Idx1+ lookups: 0 0 17087962 31586716 45177860 58156572 70819507 83242122 95337561 107237857 119031030 130388971 141678461 
Idx1+ positiv: 0 0 2717091 3622392 4229906 4674970 5062340 5374229 5614475 5890501 5994511 6243985 6447385 
Idx1+ found  : 0 0 2645043 3481484 4023207 4405586 4731107 4981998 5163437 5379388 5425152 5618197 5765770 
OL: 0 441339041 443244843 368487074 367172061 369716319 370824004 368534287 331684411 332422146 321861449 325354513 326532378 
CL: 0 441339041 389733201 368487074 355277045 349096876 342798693 335025557 331684411 328187136 314131600 314284281 311939342 
OC: 0 17087963 17143798 13591144 13512829 13583983 13672872 13583183 11900297 11975623 11692859 11766718 11757333 
CC: 0 17087963 14498755 13591144 12978713 12662935 12422616 12095440 11900297 11793173 11357941 11289491 11134256 
TotOL: 4367172526, TotCL: 4181984257, TotOC: 161268602, TotCC: 152812724
4458226 4070000 103 3 w0 r0 m0 f0 r0 p0
 652678022=122376100+321583855+236083558 i152882552 u594702099 u0 t134.617
4469117 4080000 103 3 w0 r0 m0 f0 r0 p0
 654294094=122682557+322385815+236661452 i153215367 u596221553 u0 t18.549
4480047 4090000 103 3 w0 r0 m0 f0 r0 p0
 655941254=122992286+323203059+237251863 i153559740 u597765636 u0 t16.575
4490942 4100000 103 4 w0 r0 m0 f0 r0 p0
 657534283=123293841+323990317+237822936 i153890004 u599261224 u0 t15.249
4501893 4110000 103 4 w0 r0 m0 f0 r0 p0
 659098404=123588667+324760098+238387729 i154211619 u600731246 u0 t14.268
4512866 4120000 103 4 w0 r0 m0 f0 r0 p0
 660654930=123883556+325528999+238946087 i154533157 u602194053 u0 t13.768
4523822 4130000 103 4 w0 r0 m0 f0 r0 p0
 662238026=124180910+326312249+239514529 i154856794 u603684862 u0 t13.637
4534728 4140000 103 4 w0 r0 m0 f0 r0 p0
 663814527=124478797+327095338+240076438 i155180673 u605168861 u0 t13.448
4545718 4150000 103 4 w0 r0 m0 f0 r0 p0
 665360516=124771449+327857197+240633228 i155501782 u606619003 u0 t12.435
4556635 4160000 103 4 w0 r0 m0 f0 r0 p0
 666901319=125062813+328616822+241188566 i155828223 u608057997 u0 t11.701
4567595 4170000 103 4 w0 r0 m0 f0 r0 p0
 668398566=125346910+329360876+241721051 i156145081 u609458404 u0 t11.287
4578516 4180000 103 4 w0 r0 m0 f0 r0 p0
 669924704=125636040+330114584+242268650 i156465054 u610887210 u0 t11.187
4589453 4190000 103 4 w0 r0 m0 f0 r0 p0
 671507023=125932425+330897462+242837726 i156796019 u612369301 u0 t11.452
4600387 4200000 103 4 w0 r0 m0 f0 r0 p0
 673018051=126218485+331641746+243382643 i157112807 u613783734 u0 t10.759
4611320 4210000 103 4 w0 r0 m0 f0 r0 p0
 674447647=126491365+332355549+243886696 i157418054 u615119028 u0 t10.337
4622248 4220000 103 4 w0 r0 m0 f0 r0 p0
 675945079=126775204+333101523+244417880 i157733574 u616521402 u0 t10.642
4633106 4230000 103 4 w0 r0 m0 f0 r0 p0
 677430532=127056898+333843212+244942941 i158047494 u617912048 u0 t10.462
4644049 4240000 103 4 w0 r0 m0 f0 r0 p0
 678965046=127346782+334606595+245489111 i158370662 u619348550 u0 t10.673
4655040 4250000 103 4 w0 r0 m0 f0 r0 p0
 680456699=127628867+335346353+246022041 i158685056 u620744820 u0 t10.291
4665924 4260000 103 4 w0 r0 m0 f0 r0 p0
 681981298=127918086+336101001+246568146 i159002134 u622175436 u0 t10.431
4676832 4270000 103 4 w0 r0 m0 f0 r0 p0
 683468974=128202400+336840583+247096667 i159311289 u623572485 u0 t10.122
4687741 4280000 103 4 w0 r0 m0 f0 r0 p0
 684958812=128486818+337582009+247624087 i159622789 u624970504 u0 t10.022
4698685 4290000 103 4 w0 r0 m0 f0 r0 p0
 686406838=128762761+338302003+248137852 i159929790 u626324543 u0 t9.762
4709603 4300000 103 4 w0 r0 m0 f0 r0 p0
 687952697=129053992+339068037+248691955 i160252899 u627773535 u0 t10.257
4720503 4310000 103 4 w0 r0 m0 f0 r0 p0
 689480791=129342895+339828569+249235501 i160578016 u629200920 u0 t10.096
4731420 4320000 103 4 w0 r0 m0 f0 r0 p0
 691013728=129633849+340595305+249776428 i160901110 u630636895 u0 t10.108
4742321 4330000 103 4 w0 r0 m0 f0 r0 p0
 692548148=129923391+341359121+250322347 i161223001 u632074557 u0 t10.024
4753259 4340000 103 4 w0 r0 m0 f0 r0 p0
 694108514=130218059+342133876+250879276 i161549903 u633536549 u0 t10.087
4764201 4350000 103 4 w0 r0 m0 f0 r0 p0
 695692572=130519022+342936814+251425758 i161872469 u635033066 u0 t10.093
4775138 4360000 103 4 w0 r0 m0 f0 r0 p0
 697289808=130822691+343736774+251990795 i162200397 u636534920 u0 t10.174
4786096 4370000 103 4 w0 r0 m0 f0 r0 p0
 698885852=131126083+344533973+252557073 i162531017 u638032229 u0 t10.134
4797101 4380000 103 4 w0 r0 m0 f0 r0 p0
 700458619=131425189+345324768+253109714 i162856117 u639509709 u0 t9.944
4808087 4390000 103 4 w0 r0 m0 f0 r0 p0
 702097219=131736562+346141109+253693845 i163191173 u641050727 u0 t10.153
4819049 4400000 103 4 w0 r0 m0 f0 r0 p0
 703761942=132049394+346969518+254287191 i163534921 u642615542 u0 t10.422
4830048 4410000 103 4 w0 r0 m0 f0 r0 p0
 705411037=132362109+347798622+254867788 i163880802 u644159223 u0 t10.26
Shrinking dfos.ix1.11
Mismatch Cur count: 13176176, rec_count: 13981420
New Cache More Size: 1024
Shrinking dfos.ix1.6
Mismatch Cur count: 11846780, rec_count: 11878002
New Cache More Size: 1024
Shrinking dfos.ix1.1
Mismatch Cur count: 11003568, rec_count: 11011191
New Cache More Size: 1024
New Cache More Size: 1024
New Cache More Size: 1024
Idx1+ lookups: 0 0 17078150 32401749 45577924 58620035 71143326 83469008 95595497 107442276 119160256 130779100 141982637 153136939 
Idx1+ positiv: 0 0 2706337 4109855 4238631 4750298 5075730 5420776 5683745 5856729 6123453 6206662 6436109 6634422 
Idx1+ found  : 0 0 1764363 3967622 4030517 4478628 4742839 5027233 5230658 5345753 5553717 5579556 5753385 5896458 
OL: 0 440172045 441339041 361584727 368487074 367172061 369716319 370824004 329324519 331684411 332422146 321861449 325354513 308862392 
CL: 0 440172045 406491336 361584727 356301985 345062331 341463620 336055185 329324519 327437541 324144792 310554909 311115210 308862392 
OC: 0 17078151 17087963 13176176 13591144 13512829 13583983 13672872 11846780 11900297 11975623 11692859 11766718 11003568 
CC: 0 17078151 15323600 13176176 13042111 12523292 12325682 12126490 11846780 11717981 11618844 11203537 11154303 11003568 
TotOL: 4668804701, TotCL: 4498570592, TotOC: 171888963, TotCC: 164140515
4841026 4420000 60 3 w0 r0 m0 f0 r0 p0
 707057784=132670034+348611932+255462202 i164220221 u645706547 u0 t224.489
4852001 4430000 75 3 w0 r0 m0 f0 r0 p0
 708677488=132974466+349415363+256042719 i164553753 u647229466 u0 t20.258
4862997 4440000 75 3 w0 r0 m0 f0 r0 p0
 710372829=133291721+350256384+256651635 i164896996 u648828548 u0 t18.658
4873904 4450000 75 4 w0 r0 m0 f0 r0 p0
 712036512=133605209+351082001+257246679 i165232241 u650400880 u0 t17.236
4884867 4460000 101 4 w0 r0 m0 f0 r0 p0
 713741617=133923920+351922496+257864114 i165577796 u652008227 u0 t16.872
4895781 4470000 101 4 w0 r0 m0 f0 r0 p0
 715448699=134245050+352769840+258477175 i165924245 u653615391 u0 t16.198
4906756 4480000 101 4 w0 r0 m0 f0 r0 p0
 717258467=134583415+353663654+259133452 i166289378 u655320380 u0 t16.561
4917771 4490000 118 4 w0 r0 m0 f0 r0 p0
 719102058=134923852+354567521+259809100 i166668922 u657050334 u0 t16.559
4928768 4500000 118 4 w0 r0 m0 f0 r0 p0
 720920287=135262521+355456766+260475102 i167041428 u658759003 u0 t15.976
4939756 4510000 118 4 w0 r0 m0 f0 r0 p0
 722692580=135591096+356327744+261121378 i167410314 u660419280 u0 t15.371
4950853 4520000 118 4 w0 r0 m0 f0 r0 p0
 724519411=135928648+357218955+261794672 i167791606 u662127729 u0 t15.438
4961839 4530000 118 4 w0 r0 m0 f0 r0 p0
 726259154=136249961+358073373+262429842 i168152559 u663758619 u0 t14.528
4972832 4540000 118 4 w0 r0 m0 f0 r0 p0
 728024729=136576172+358938941+263076077 i168515467 u665416575 u0 t14.428
4983782 4550000 118 4 w0 r0 m0 f0 r0 p0
 729726889=136893048+359774645+263696427 i168869435 u667011831 u0 t13.867
4994759 4560000 118 4 w0 r0 m0 f0 r0 p0
 731446991=137214734+360628405+264312465 i169227719 u668625489 u0 t14.002
5005677 4570000 118 4 w0 r0 m0 f0 r0 p0
 733139677=137530334+361460734+264927485 i169579542 u670212064 u0 t13.491
5016605 4580000 118 4 w0 r0 m0 f0 r0 p0
 734899812=137858316+362332921+265560738 i169945269 u671863037 u0 t13.955
5027569 4590000 118 4 w0 r0 m0 f0 r0 p0
 736681455=138190176+363207314+266210361 i170311017 u673536782 u0 t13.788
5038460 4600000 118 4 w0 r0 m0 f0 r0 p0
 738336944=138500457+364028495+266804082 i170652945 u675092394 u0 t12.915
5049344 4610000 118 4 w0 r0 m0 f0 r0 p0
 740086410=138827234+364893197+267434772 i171009921 u676740098 u0 t13.447
5060214 4620000 118 4 w0 r0 m0 f0 r0 p0
 741812661=139150756+365753240+268050097 i171369464 u678360376 u0 t13.174
5071166 4630000 118 4 w0 r0 m0 f0 r0 p0
 743554837=139476467+366614116+268678445 i171720889 u680005072 u0 t13.093
5082077 4640000 118 4 w0 r0 m0 f0 r0 p0
 745280546=139799671+367471459+269295366 i172074021 u681629542 u0 t13.001
5092952 4650000 118 4 w0 r0 m0 f0 r0 p0
 747030373=140125162+368343269+269921085 i172430031 u683279050 u0 t12.97
5103888 4660000 118 4 w0 r0 m0 f0 r0 p0
 748859026=140465945+369248655+270579955 i172802731 u685001453 u0 t13.443
5114792 4670000 118 4 w0 r0 m0 f0 r0 p0
 750586373=140789399+370106602+271198434 i173157098 u686626194 u0 t12.565
5125741 4680000 118 4 w0 r0 m0 f0 r0 p0
 752310084=141113687+370966236+271811033 i173506539 u688253417 u0 t12.504
5136717 4690000 118 4 w0 r0 m0 f0 r0 p0
 754064594=141440206+371838997+272439004 i173865798 u689905078 u0 t12.656
5147654 4700000 118 4 w0 r0 m0 f0 r0 p0
 755822931=141768898+372713891+273067080 i174224079 u691561236 u0 t12.571
5158619 4710000 118 4 w0 r0 m0 f0 r0 p0
 757596477=142099675+373591037+273706870 i174583138 u693233721 u0 t12.565
5169534 4720000 118 4 w0 r0 m0 f0 r0 p0
 759346735=142430832+374459619+274331185 i174941004 u694881664 u0 t12.361
Shrinking dfos.ix1.12
Mismatch Cur count: 14465400, rec_count: 13596236
New Cache More Size: 1024
Shrinking dfos.ix1.7
Mismatch Cur count: 11908243, rec_count: 11947225
New Cache More Size: 1024
Shrinking dfos.ix1.2
Mismatch Cur count: 11035080, rec_count: 11043657
New Cache More Size: 1024
New Cache More Size: 1024
New Cache More Size: 1024
Idx1+ lookups: 0 0 17154937 31602730 46068129 58698077 71353896 83574850 95650036 107558278 119221951 130778609 142249796 153327677 164362756 
Idx1+ positiv: 0 0 2703240 3632881 4746604 4688829 5115271 5386810 5699087 5926543 6076025 6328993 6389431 6611723 6800118 
Idx1+ found  : 0 0 2630357 2622563 4513849 4416809 4780965 4993335 5245480 5413764 5507075 5701374 5705212 5872608 6006269 
OL: 0 442906688 440172045 387791118 361584727 368487074 367172061 369716319 331044651 329324519 331684411 332422146 321861449 308322420 308862392 
CL: 0 442906688 387058730 387791118 349459148 347619100 338200951 335705377 331044651 325086009 323688126 320711896 307630772 308322420 306255260 
OC: 0 17154938 17078151 14465400 13176176 13591144 13512829 13583983 11908243 11846780 11900297 11975623 11692859 11035080 11003568 
CC: 0 17154938 14447794 14465400 12629949 12655819 12220955 12075186 11908243 11663674 11556659 11471187 11077881 11035080 10893757 
TotOL: 5001352020, TotCL: 4811480246, TotOC: 183925071, TotCC: 175256522
5180402 4730000 53 3 w0 r0 m0 f0 r0 p0
 761123737=142763188+375342985+274966869 i175300193 u696559167 u0 t229.531
5191291 4740000 62 3 w0 r0 m0 f0 r0 p0
 762953760=143102538+376250443+275625910 i175672685 u698282919 u0 t20.674
5202167 4750000 62 3 w0 r0 m0 f0 r0 p0
 764756475=143437926+377139285+276279018 i176040327 u699979102 u0 t18.098
5213037 4760000 62 4 w0 r0 m0 f0 r0 p0
 766582497=143775243+378036006+276946928 i176407904 u701701466 u0 t17.376
5223884 4770000 101 4 w0 r0 m0 f0 r0 p0
 768354161=144107260+378912340+277584151 i176767042 u703371681 u0 t16.237
5234779 4780000 101 4 w0 r0 m0 f0 r0 p0
 770062255=144425787+379763729+278193251 i177119584 u704977052 u0 t15.452
5245825 4790000 101 4 w0 r0 m0 f0 r0 p0
 771835541=144752872+380638528+278837365 i177481588 u706645139 u0 t15.422
5256768 4800000 101 4 w0 r0 m0 f0 r0 p0
 773630080=145084741+381525561+279487274 i177845981 u708335725 u0 t15.268
5267626 4810000 101 4 w0 r0 m0 f0 r0 p0
 775397603=145414094+382400261+280124255 i178209557 u709996894 u0 t14.877
5278527 4820000 101 4 w0 r0 m0 f0 r0 p0
 777089211=145730761+383235839+280734244 i178551101 u711593175 u0 t13.948
5289476 4830000 101 4 w0 r0 m0 f0 r0 p0
 778839898=146055104+384094650+281373802 i178907443 u713240057 u0 t14.244
5300488 4840000 101 4 w0 r0 m0 f0 r0 p0
 780520102=146368312+384925546+281979601 i179249613 u714822315 u0 t13.484
5311384 4850000 101 4 w0 r0 m0 f0 r0 p0
 782226830=146686187+385770037+282595024 i179595662 u716431599 u0 t13.533
5322312 4860000 101 4 w0 r0 m0 f0 r0 p0
 783977468=147011554+386635030+283228235 i179948652 u718083781 u0 t13.728
5333136 4870000 101 4 w0 r0 m0 f0 r0 p0
 785783407=147347483+387526250+283881831 i180312212 u719787814 u0 t13.947
5344051 4880000 101 4 w0 r0 m0 f0 r0 p0
 787544097=147674636+388393944+284521066 i180664908 u721451180 u0 t13.576
5354961 4890000 101 4 w0 r0 m0 f0 r0 p0
 789306819=148003178+389262254+285160462 i181023473 u723111088 u0 t13.339
5365866 4900000 101 4 w0 r0 m0 f0 r0 p0
 791064822=148329772+390125635+285801365 i181374724 u724772041 u0 t13.082
5376756 4910000 101 4 w0 r0 m0 f0 r0 p0
 792759904=148647131+390961292+286414622 i181712702 u726375472 u0 t12.673
5387675 4920000 101 4 w0 r0 m0 f0 r0 p0
 794456286=148964889+391799303+287026508 i182054779 u727976551 u0 t12.517
5398578 4930000 101 4 w0 r0 m0 f0 r0 p0
 796163355=149285695+392644751+287638677 i182398762 u729588982 u0 t12.73
5409490 4940000 101 4 w0 r0 m0 f0 r0 p0
 797833505=149598097+393470965+288240136 i182736198 u731165110 u0 t12.456
5420355 4950000 101 4 w0 r0 m0 f0 r0 p0
 799586269=149924490+394334769+288875757 i183087663 u732820821 u0 t12.696
5431223 4960000 101 4 w0 r0 m0 f0 r0 p0
 801277676=150240111+395171088+289486001 i183428398 u734417879 u0 t12.159
5442092 4970000 101 4 w0 r0 m0 f0 r0 p0
 802939309=150552587+395991235+290085262 i183762572 u735987044 u0 t11.855
5453015 4980000 101 4 w0 r0 m0 f0 r0 p0
 804651479=150871637+396834585+290706068 i184104058 u737605999 u0 t12.02
5463959 4990000 117 4 w0 r0 m0 f0 r0 p0
 806337500=151186931+397666453+291315595 i184446459 u739194831 u0 t11.862
5474924 5000000 117 4 w0 r0 m0 f0 r0 p0
 807969819=151491100+398467038+291910736 i184775066 u740734874 u0 t11.408
5485938 5010000 117 4 w0 r0 m0 f0 r0 p0
 809678434=151809358+399310519+292528773 i185115742 u742350841 u0 t11.923
5496880 5020000 117 4 w0 r0 m0 f0 r0 p0
 811299765=152114060+400113271+293111435 i185444265 u743880194 u0 t11.27
5507833 5030000 117 4 w0 r0 m0 f0 r0 p0
 813011100=152433818+400962813+293725340 i185786877 u745498810 u0 t12.066
5518806 5040000 117 4 w0 r0 m0 f0 r0 p0
 814664478=152743058+401778758+294322419 i186119389 u747060238 u0 t11.327
Shrinking dfos.ix1.13
Mismatch Cur count: 13586192, rec_count: 13586191
New Cache More Size: 1024
Shrinking dfos.ix1.8
Mismatch Cur count: 11863513, rec_count: 11901134
New Cache More Size: 1024
Shrinking dfos.ix1.3
Mismatch Cur count: 10961894, rec_count: 10970379
New Cache More Size: 1024
New Cache More Size: 1024
New Cache More Size: 1024
Idx1+ lookups: 0 0 17111728 31626891 45213082 59143897 71386775 83738609 95709468 107572981 119297481 130797023 142207112 153547246 164509140 175434026 
Idx1+ positiv: 0 0 2712435 3632542 4214160 5221404 5054314 5426346 5658394 5942927 6149220 6280049 6516740 6561117 6777663 6957548 
Idx1+ found  : 0 0 2639774 3491959 3157147 4900919 4720794 5031060 5205008 5429222 5577895 5653644 5832427 5821199 5982801 6107954 
OL: 0 441985563 442906688 368244737 387791118 361584727 368487074 367172061 330820774 331044651 329324519 331684411 332422146 304919653 308322420 308862392 
CL: 0 441985563 389593488 368244737 375894979 340733662 340697178 332462095 330820774 326788457 321256315 320234301 317638488 304919653 305708715 303827438 
OC: 0 17111728 17154938 13586192 14465400 13176176 13591144 13512829 11863513 11908243 11846780 11900297 11975623 10961894 11035080 11003568 
CC: 0 17111728 14515164 13586192 13930816 12242879 12351834 11970860 11863513 11724501 11499543 11410090 11340134 10961894 10924887 10792072 
TotOL: 5315572934, TotCL: 5120805843, TotOC: 195093405, TotCC: 186226107
Total lines processed: 5043164
Block Count:1, 33
Avg Block Count:118 = 3897 / 33
Avg Max Count:0, 181, 44
Block Count:0, 1
Avg Block Count:0 = 0 / 1
Avg Max Count:0, 0, 0
Trie Len:1371, Trie Len:0, 0
BloomFilter
        bits: 188703918
        estimated elements: 17111728
        number hashes: 8
        max false positive rate: 0.005000
        bloom length (8 bits): 23587990
        elements added: 17111728
        estimated elements added: 17110531
        current false positive rate: 0.005017
        export size (bytes): 23588010
        number bits set: 97345764
        is on disk: no
Block Count:0, 1
Avg Block Count:0 = 0 / 1
Avg Max Count:0, 0, 0
Trie Len:1629, Trie Len:0, 0
BloomFilter
        bits: 189180427
        estimated elements: 17154938
        number hashes: 8
        max false positive rate: 0.005000
        bloom length (8 bits): 23647554
        elements added: 17154938
        estimated elements added: 17153850
        current false positive rate: 0.005017
        export size (bytes): 23647574
        number bits set: 97592012
        is on disk: no
Block Count:0, 1
Avg Block Count:0 = 0 / 1
Avg Max Count:0, 0, 0
Trie Len:1682, Trie Len:0, 0
BloomFilter
        bits: 149825176
        estimated elements: 13586192
        number hashes: 8
        max false positive rate: 0.005000
        bloom length (8 bits): 18728147
        elements added: 13586191
        estimated elements added: 13586391
        current false positive rate: 0.005017
        export size (bytes): 18728167
        number bits set: 77294032
        is on disk: no
Block Count:0, 1
Avg Block Count:0 = 0 / 1
Avg Max Count:0, 0, 0
Trie Len:1689, Trie Len:0, 0
BloomFilter
        bits: 159520865
        estimated elements: 14465400
        number hashes: 8
        max false positive rate: 0.005000
        bloom length (8 bits): 19940109
        elements added: 13596236
        estimated elements added: 13597171
        current false positive rate: 0.003565
        export size (bytes): 19940129
        number bits set: 78858338
        is on disk: no
Block Count:0, 1
Avg Block Count:0 = 0 / 1
Avg Max Count:0, 0, 0
Trie Len:1549, Trie Len:0, 0
BloomFilter
        bits: 145303621
        estimated elements: 13176176
        number hashes: 8
        max false positive rate: 0.005000
        bloom length (8 bits): 18162953
        elements added: 13981420
        estimated elements added: 13982099
        current false positive rate: 0.006903
        export size (bytes): 18162973
        number bits set: 78013648
        is on disk: no
Block Count:0, 1
Avg Block Count:0 = 0 / 1
Avg Max Count:0, 0, 0
Trie Len:1443, Trie Len:0, 0
BloomFilter
        bits: 149879786
        estimated elements: 13591144
        number hashes: 8
        max false positive rate: 0.005000
        bloom length (8 bits): 18734974
        elements added: 13591144
        estimated elements added: 13590065
        current false positive rate: 0.005017
        export size (bytes): 18734994
        number bits set: 77317253
        is on disk: no
Block Count:0, 1
Avg Block Count:0 = 0 / 1
Avg Max Count:0, 0, 0
Trie Len:1732, Trie Len:0, 0
BloomFilter
        bits: 149016147
        estimated elements: 13512829
        number hashes: 8
        max false positive rate: 0.005000
        bloom length (8 bits): 18627019
        elements added: 13512828
        estimated elements added: 13512836
        current false positive rate: 0.005017
        export size (bytes): 18627039
        number bits set: 76875918
        is on disk: no
Block Count:0, 1
Avg Block Count:0 = 0 / 1
Avg Max Count:0, 0, 0
Trie Len:1703, Trie Len:0, 0
BloomFilter
        bits: 130827897
        estimated elements: 11863513
        number hashes: 8
        max false positive rate: 0.005000
        bloom length (8 bits): 16353488
        elements added: 11901134
        estimated elements added: 11902042
        current false positive rate: 0.005104
        export size (bytes): 16353508
        number bits set: 67641804
        is on disk: no
Block Count:0, 1
Avg Block Count:0 = 0 / 1
Avg Max Count:0, 0, 0
Trie Len:1427, Trie Len:0, 0
BloomFilter
        bits: 131321169
        estimated elements: 11908243
        number hashes: 8
        max false positive rate: 0.005000
        bloom length (8 bits): 16415147
        elements added: 11947225
        estimated elements added: 11947343
        current false positive rate: 0.005107
        export size (bytes): 16415167
        number bits set: 67898483
        is on disk: no
Block Count:0, 1
Avg Block Count:0 = 0 / 1
Avg Max Count:0, 0, 0
Trie Len:1515, Trie Len:0, 0
BloomFilter
        bits: 130643370
        estimated elements: 11846780
        number hashes: 8
        max false positive rate: 0.005000
        bloom length (8 bits): 16330422
        elements added: 11878002
        estimated elements added: 11877098
        current false positive rate: 0.005090
        export size (bytes): 16330442
        number bits set: 67514874
        is on disk: no
Block Count:0, 1
Avg Block Count:0 = 0 / 1
Avg Max Count:0, 0, 0
Trie Len:1516, Trie Len:0, 0
BloomFilter
        bits: 131233542
        estimated elements: 11900297
        number hashes: 8
        max false positive rate: 0.005000
        bloom length (8 bits): 16404193
        elements added: 11900296
        estimated elements added: 11899857
        current false positive rate: 0.005017
        export size (bytes): 16404213
        number bits set: 67700323
        is on disk: no
Block Count:0, 1
Avg Block Count:0 = 0 / 1
Avg Max Count:0, 0, 0
Trie Len:1775, Trie Len:0, 0
BloomFilter
        bits: 132064219
        estimated elements: 11975623
        number hashes: 8
        max false positive rate: 0.005000
        bloom length (8 bits): 16508028
        elements added: 11975623
        estimated elements added: 11975999
        current false positive rate: 0.005017
        export size (bytes): 16508048
        number bits set: 68132020
        is on disk: no
Block Count:0, 1
Avg Block Count:0 = 0 / 1
Avg Max Count:0, 0, 0
Trie Len:1566, Trie Len:0, 0
BloomFilter
        bits: 120885065
        estimated elements: 10961894
        number hashes: 8
        max false positive rate: 0.005000
        bloom length (8 bits): 15110634
        elements added: 10970379
        estimated elements added: 10970731
        current false positive rate: 0.005038
        export size (bytes): 15110654
        number bits set: 62397571
        is on disk: no
Block Count:0, 1
Avg Block Count:0 = 0 / 1
Avg Max Count:0, 0, 0
Trie Len:1384, Trie Len:0, 0
BloomFilter
        bits: 121692142
        estimated elements: 11035080
        number hashes: 8
        max false positive rate: 0.005000
        bloom length (8 bits): 15211518
        elements added: 11043657
        estimated elements added: 11043479
        current false positive rate: 0.005038
        export size (bytes): 15211538
        number bits set: 62812236
        is on disk: no
Block Count:0, 1
Avg Block Count:0 = 0 / 1
Avg Max Count:0, 0, 0
Trie Len:1415, Trie Len:0, 0
BloomFilter
        bits: 121344636
        estimated elements: 11003568
        number hashes: 8
        max false positive rate: 0.005000
        bloom length (8 bits): 15168080
        elements added: 11011191
        estimated elements added: 11011039
        current false positive rate: 0.005036
        export size (bytes): 15168100
        number bits set: 62629370
        is on disk: no
Level Count:2
Level Count:1
Level Count:1
Level Count:1
Level Count:1
Level Count:1
Level Count:1
Level Count:1
Level Count:1
Level Count:1
Level Count:1
Level Count:1
Level Count:1
Level Count:1
Level Count:1
Level Count:1
5701584 4
3082679 4
Max word len: 127
Total words generated: 815194539
Words inserted 186226963
Words updated: 747559958
OUBLK INBLK
    -     -
rchar: 657618298585
wchar: 5487044820
syscr: 161665562
syscw: 3445322
read_bytes: 504631296
write_bytes: 5488541696
cancelled_write_bytes: 4096
985344
10719808
