Csz: 64, pgsz: 4096
10988 10000 1501663=280564+736534+546799 732629 11543895 5.37879
22023 20000 2969833=556529+1459387+1077009 1316180 21605672 5.78838
33024 30000 4455111=837101+2191661+1611754 1877017 31525463 6.42919
44043 40000 6020851=1126445+2951279+2192551 2436084 41547497 7.38231
55121 50000 7456147=1398962+3658349+2709577 2939468 50664844 7.90976
66115 60000 8880851=1666179+4350823+3234648 3419104 59428450 8.14531
77117 70000 10321935=1938435+5065049+3750268 3906266 68364852 8.89712
88102 80000 11700254=2200704+5742595+4246944 4363213 76766243 9.60423
99095 90000 13136962=2468232+6447219+4770729 4834869 85458794 9.93837
110113 100000 14567887=2739132+7154639+5283726 5290840 93987869 9.90467
121109 110000 15979341=3006343+7853621+5788507 5744072 102460299 10.4678
132028 120000 17529576=3286631+8592403+6381321 6202530 111093727 11.751
142990 130000 18983246=3562515+9313266+6900099 6652150 119602915 11.7084
153925 140000 20471021=3841520+10053635+7429782 7107103 128240039 12.4061
164855 150000 21979188=4125986+10799401+7971072 7567835 137004718 13.0264
175812 160000 23581702=4417062+11563939+8582289 8035915 145919156 14.4997
186797 170000 25057302=4694184+12294315+9112151 8483630 154453053 14.1495
197847 180000 26591014=4977448+13039031+9681211 8936396 163109394 14.7262
208776 190000 28103392=5261528+13786971+10225271 9389016 171760358 15.5504
219728 200000 29608450=5546129+14533215+10762856 9830477 180266986 15.8203
230584 210000 31172079=5839074+15306099+11325356 10287305 189054973 16.6352
241548 220000 32679763=6122575+16050615+11868600 10728860 197558344 16.8343
252514 230000 34277699=6416178+16828359+12459598 11188994 206423300 18.2006
263483 240000 35775557=6699007+17569616+12996180 11625823 214839142 17.7033
274496 250000 37306382=6986514+18328557+13544391 12066772 223432982 18.6027
285461 260000 38798460=7268992+19071624+14074163 12494982 231764789 18.7905
296415 270000 40286808=7549046+19806127+14610350 12922085 240045060 19.3752
307437 280000 41792998=7832777+20553957+15148521 13350292 248384698 20.0076
318462 290000 43396945=8135807+21348388+15722664 13806455 257240696 21.4051
329483 300000 45023838=8442695+22162598+16297392 14273166 266366544 22.8141
340525 310000 46611522=8738490+22941883+16875435 14719085 275018390 21.9793
351480 320000 48197495=9039364+23732513+17435864 15165470 283676419 22.3897
362496 330000 49733153=9330690+24494894+17981449 15594735 292042670 22.5943
373551 340000 51290525=9626489+25266085+18538210 16032087 300543953 23.7781
384689 350000 52864093=9922506+26034770+19112787 16473288 309152854 24.1135
395874 360000 54482814=10222227+26820615+19712099 16929367 318034561 25.6514
406862 370000 56129529=10531411+27615260+20322783 17391147 327009160 26.4678
417894 380000 57712939=10827913+28389797+20900694 17836066 335671089 25.9458
428912 390000 59270425=11119317+29151504+21469881 18270779 344161393 25.821
439874 400000 60804875=11404852+29899292+22034731 18692192 352368883 25.9534
450859 410000 62351122=11693776+30659561+22596197 19124555 360791583 27.2963
461847 420000 63850824=11975377+31395903+23140104 19539607 368888412 26.7345
472807 430000 65444263=12275975+32177959+23717696 19976861 377455004 28.7542
483790 440000 67052753=12576164+32971980+24298942 20419610 386160113 29.7882
494708 450000 68705880=12884577+33787893+24895987 20868524 395040197 30.8077
505590 460000 70357917=13192981+34603737+25491973 21317713 403935647 31.7292
516566 470000 71996869=13498910+35407294+26089306 21757299 412677761 31.8088
527520 480000 73651210=13807158+36223256+26687956 22205092 421528300 32.7327
Total lines processed: 485597
518761
279231
OUBLK INBLK
    -     -
rchar: 229300839325
wchar: 550101886
syscr: 56230057
syscw: 716
read_bytes: 181370880
write_bytes: 550445056
cancelled_write_bytes: 0
353968
1075088
