Csz: 4, pgsz: 4096
10988 10000 1501663=280564+736534+546799 732629 11543895 5.74582
22023 20000 2969833=556529+1459387+1077009 1316180 21605672 5.95002
33024 30000 4455111=837101+2191661+1611754 1877017 31525463 6.39498
44043 40000 6020851=1126445+2951279+2192551 2436084 41547497 7.29267
55121 50000 7456147=1398962+3658349+2709577 2939468 50664844 6.05364
66115 60000 8880851=1666179+4350823+3234648 3419104 59428450 6.23614
77117 70000 10321935=1938435+5065049+3750268 3906266 68364852 7.15187
88102 80000 11700254=2200704+5742595+4246944 4363213 76766243 7.04441
99095 90000 13136962=2468232+6447219+4770729 4834869 85458794 6.463
110113 100000 14567887=2739132+7154639+5283726 5290840 93987869 6.7714
121109 110000 15979341=3006343+7853621+5788507 5744072 102460299 6.85232
132028 120000 17529576=3286631+8592403+6381321 6202530 111093727 7.7295
142990 130000 18983246=3562515+9313266+6900099 6652150 119602915 6.72391
153925 140000 20471021=3841520+10053635+7429782 7107103 128240039 7.78968
164855 150000 21979188=4125986+10799401+7971072 7567835 137004718 8.84747
175812 160000 23581702=4417062+11563939+8582289 8035915 145919156 8.26209
186797 170000 25057302=4694184+12294315+9112151 8483630 154453053 6.97377
197847 180000 26591014=4977448+13039031+9681211 8936396 163109394 7.59503
208776 190000 28103392=5261528+13786971+10225271 9389016 171760358 8.12772
219728 200000 29608450=5546129+14533215+10762856 9830477 180266986 7.12894
230584 210000 31172079=5839074+15306099+11325356 10287305 189054973 7.50279
241548 220000 32679763=6122575+16050615+11868600 10728860 197558344 8.0383
252514 230000 34277699=6416178+16828359+12459598 11188994 206423300 8.48079
263483 240000 35775557=6699007+17569616+12996180 11625823 214839142 7.28793
274496 250000 37306382=6986514+18328557+13544391 12066772 223432982 7.41531
285461 260000 38798460=7268992+19071624+14074163 12494982 231764789 7.86369
296415 270000 40286808=7549046+19806127+14610350 12922085 240045060 7.8694
307437 280000 41792998=7832777+20553957+15148521 13350292 248384698 7.33143
318462 290000 43396945=8135807+21348388+15722664 13806455 257240696 8.33259
329483 300000 45023838=8442695+22162598+16297392 14273166 266366544 9.13391
340525 310000 46611522=8738490+22941883+16875435 14719085 275018390 8.29055
351480 320000 48197495=9039364+23732513+17435864 15165470 283676419 7.84836
362496 330000 49733153=9330690+24494894+17981449 15594735 292042670 8.22634
373551 340000 51290525=9626489+25266085+18538210 16032087 300543953 8.30132
384689 350000 52864093=9922506+26034770+19112787 16473288 309152854 7.70209
395874 360000 54482814=10222227+26820615+19712099 16929367 318034561 8.42167
406862 370000 56129529=10531411+27615260+20322783 17391147 327009160 9.16726
417894 380000 57712939=10827913+28389797+20900694 17836066 335671089 8.43672
428912 390000 59270425=11119317+29151504+21469881 18270779 344161393 7.90688
439874 400000 60804875=11404852+29899292+22034731 18692192 352368883 8.20694
450859 410000 62351122=11693776+30659561+22596197 19124555 360791583 8.09792
461847 420000 63850824=11975377+31395903+23140104 19539607 368888412 7.52151
472807 430000 65444263=12275975+32177959+23717696 19976861 377455004 9.0777
483790 440000 67052753=12576164+32971980+24298942 20419610 386160113 9.21528
494708 450000 68705880=12884577+33787893+24895987 20868524 395040197 9.3594
505590 460000 70357917=13192981+34603737+25491973 21317713 403935647 8.43756
516566 470000 71996869=13498910+35407294+26089306 21757299 412677761 9.60394
527520 480000 73651210=13807158+36223256+26687956 22205092 421528300 8.55207
538466 490000 75328397=14119122+37045202+27301246 22656912 430436577 8.35682
549399 500000 77031657=14444781+37880830+27920554 23113249 439441205 9.18123
560288 510000 78691897=14755244+38702032+28518770 23554355 448199696 9.42099
571192 520000 80360592=15064921+39523583+29124866 24001344 457112525 8.86482
582148 530000 82044094=15379373+40351252+29736631 24447914 466002807 8.86388
593039 540000 83778969=15700366+41200465+30372728 24899734 475065661 9.65947
604123 550000 85301577=15986949+41941190+30932366 25296658 482910649 7.5581
615220 560000 86603175=16234528+42588345+31398769 25645743 489648701 6.75544
626410 570000 87874733=16473215+43206126+31867990 25977087 496163655 7.12956
637646 580000 89107118=16707388+43808787+32316445 26295790 502422779 7.30589
648847 590000 90412613=16951660+44441753+32801313 26620959 508745964 6.87174
660023 600000 91570950=17172097+45004553+33225573 26915253 514531736 6.06853
671169 610000 92720559=17392089+45568160+33643035 27208751 520300290 6.08462
682330 620000 93872563=17614200+46130772+34061676 27501429 526016615 6.59041
693457 630000 95117609=17848307+46742027+34515831 27814270 532132649 7.25172
704731 640000 96356521=18079814+47339736+34977384 28121166 538208328 6.66491
715916 650000 97508742=18300176+47903789+35395975 28406351 543834815 6.49341
727122 660000 98740979=18534472+48502649+35847850 28710581 549855138 8.23942
738273 670000 99944384=18763831+49088470+36288017 29009102 555751325 7.52649
749495 680000 101110633=18988146+49655129+36713799 29295687 561377222 6.37429
760693 690000 102322772=19218634+50241042+37161215 29597606 567321543 6.5335
771972 700000 103533405=19447840+50827756+37607308 29897320 573282257 6.4902
783287 710000 104707169=19672297+51400620+38034532 30187981 579020364 6.60056
794503 720000 105884077=19899080+51986529+38454138 30484393 584793941 6.99308
805629 730000 107102606=20129008+52567936+38912857 30784785 590708486 6.25949
816809 740000 108260442=20346670+53116721+39353020 31063829 596202957 5.93383
827890 750000 109450263=20570289+53679196+39809019 31352981 601790678 6.37615
839058 760000 110562747=20782639+54214127+40221777 31620192 607069711 6.29394
850231 770000 111752686=21007204+54789950+40662024 31911832 612817632 6.61559
861324 780000 112864986=21220423+55328425+41070963 32186742 618200434 6.23353
872344 790000 114010109=21439524+55879572+41494848 32459515 623609187 6.48808
883522 800000 115161048=21660061+56435512+41919053 32734766 629067257 6.44756
894714 810000 116268533=21873210+56964926+42332738 33003900 634404067 6.53007
905844 820000 117391478=22087870+57507981+42746335 33271939 639733097 6.03302
916882 830000 118666012=22330007+58123971+43219027 33587547 645891933 6.52026
927964 840000 119859814=22558740+58706062+43653178 33882590 651711754 6.77732
939033 850000 121120097=22797057+59316939+44117540 34192756 657892158 7.70446
950128 860000 122354161=23032142+59920770+44564945 34498917 663986621 7.30963
961260 870000 123573714=23265156+60513662+45010532 34798097 669905640 6.98821
972424 880000 124788336=23496396+61098156+45461081 35096160 675790959 6.84686
983571 890000 125999548=23725782+61687928+45904551 35396104 681749039 7.68649
994789 900000 127172823=23948729+62252858+46339682 35679752 687387343 6.77551
1005944 910000 128418184=24183935+62848114+46805458 35967836 693079842 6.86515
1017100 920000 129545948=24400080+63392506+47221135 36239862 698445938 6.01088
1028294 930000 130643767=24609789+63922720+47625923 36504981 703675500 6.39024
1039422 940000 131802756=24830099+64485884+48050761 36784916 709234703 7.42541
1050473 950000 132969366=25052197+65053534+48476717 37064028 714790142 8.06815
1061568 960000 134157706=25282050+65633678+48906915 37340582 720258575 7.19524
1072599 970000 135407467=25517546+66234964+49372288 37632577 726065494 7.5079
1083733 980000 136514372=25732860+66779076+49768190 37896973 731297712 6.86064
1094785 990000 137634416=25949068+67323878+50175892 38165855 736629552 6.82993
1105876 1000000 138781015=26169464+67886377+50589434 38439704 742107646 6.48461
1117034 1010000 139902328=26386172+68433488+50996382 38709598 747471995 5.75573
1128112 1020000 141036705=26605393+68991950+51402445 38983317 752908183 5.96025
1139060 1030000 142284153=26846201+69605267+51850081 39289013 758999691 7.34934
1150007 1040000 143675917=27111664+70284235+52356962 39628114 765804967 8.26984
1160894 1050000 145112849=27383007+70990985+52876373 39982857 772936140 8.02272
1171814 1060000 146493466=27645470+71670517+53373699 40324150 779789688 7.99727
1182789 1070000 147885946=27910737+72358778+53871861 40668143 786694607 8.0696
1193726 1080000 149248573=28170852+73028966+54362303 41002305 793398207 8.44731
1204582 1090000 150675635=28443408+73739146+54868607 41358116 800511871 7.32964
1215452 1100000 152122476=28719425+74451995+55388560 41709898 807583042 7.57342
1226363 1110000 153617858=29001917+75190527+55926027 42075957 814970188 8.5163
1237247 1120000 155054261=29275805+75901339+56439032 42426773 822009416 8.66335
1248176 1130000 156519680=29555003+76624493+56964331 42785721 829215191 8.58384
1259068 1140000 157977948=29830686+77346072+57486978 43143837 836467196 9.78974
1269968 1150000 159450172=30110531+78082271+58007477 43509450 843767037 9.74198
1280888 1160000 160907827=30387286+78807042+58526230 43872376 851052675 8.93252
1291754 1170000 162377563=30666293+79535830+59050443 44234308 858333683 7.98077
1302652 1180000 163860539=30948696+80270902+59578840 44594235 865601191 8.32262
1313613 1190000 165342572=31230146+81006856+60107044 44959732 872945590 8.71724
1324596 1200000 166825257=31511423+81745045+60633294 45321678 880273118 8.50668
1335456 1210000 168344658=31799164+82499352+61175129 45695473 887810505 8.65181
1346441 1220000 169903116=32093687+83267629+61736463 46069571 895401121 8.5756
1357399 1230000 171459885=32386736+84039990+62292707 46446578 903044027 9.04319
1368385 1240000 173068172=32689518+84834892+62871465 46833304 910909387 8.42238
1379469 1250000 174698505=32994406+85643477+63455849 47230695 919005014 8.92172
1390543 1260000 176336577=33299469+86446427+64054269 47623979 926997747 9.52232
1401635 1270000 177964524=33605748+87254333+64636272 48023094 935107721 9.52395
1412662 1280000 179568697=33910264+88055050+65203459 48414730 943054594 10.1507
1423732 1290000 181168959=34210477+88845071+65780281 48803701 950976919 9.47253
1434749 1300000 182828415=34519798+89661203+66382737 49206800 959191128 12.0354
1445738 1310000 184513810=34836400+90488851+66994851 49619977 967529481 9.00962
1456743 1320000 186190777=35151296+91313453+67602831 50028236 975791584 9.48304
1467716 1330000 187946945=35480337+92177165+68239998 50452742 984421833 10.4558
1478847 1340000 189697299=35804419+93033522+68881740 50879599 993093437 9.95174
1489858 1350000 191414728=36125132+93880640+69503264 51304578 1001659633 9.33456
1500812 1360000 193066497=36431463+94688311+70109152 51712637 1009862077 9.8523
1511816 1370000 194750555=36746208+95519892+70716925 52120560 1018135555 9.03157
1522795 1380000 196383374=37050140+96326851+71306199 52520689 1026211194 8.99312
1533703 1390000 198040225=37358448+97143117+71907133 52930020 1034430404 9.60736
1544569 1400000 199683285=37667316+97956179+72496990 53328722 1042518034 9.64712
1555499 1410000 201439474=37995459+98821930+73132258 53752784 1051167930 10.1182
1566395 1420000 203165083=38317565+99678555+73751000 54169463 1059693008 9.87779
1577238 1430000 204894416=38640361+100537132+74371288 54592106 1068270122 9.63584
1588118 1440000 206627102=38964282+101395438+74993454 55013351 1076849061 9.25671
1598949 1450000 208394406=39292777+102268869+75631799 55438725 1085551708 10.1727
1609797 1460000 210170319=39622403+103146362+76274190 55865198 1094277304 10.3594
1620630 1470000 211921170=39952135+104017109+76898673 56281940 1102800337 9.90612
1631477 1480000 213670627=40279217+104881983+77529055 56703093 1111389729 9.9112
1642373 1490000 215467929=40615467+105772455+78174765 57130423 1120135245 10.2817
1653233 1500000 217268084=40950561+106663886+78823410 57559234 1128919416 9.57056
1664130 1510000 219046446=41280963+107539800+79469044 57979414 1137532452 10.1262
1675034 1520000 220835404=41612975+108422057+80117534 58403564 1146223766 10.6985
1685958 1530000 222654573=41950493+109317901+80778379 58831532 1155046688 11.3831
1696847 1540000 224442361=42281602+110193885+81432689 59253839 1163715634 10.4673
1707676 1550000 226272742=42619605+111095368+82098625 59687831 1172629652 10.5267
1718573 1560000 228104597=42957580+111994802+82768470 60119120 1181522909 9.69452
1729487 1570000 229880904=43285461+112866746+83417917 60535141 1190090153 10.3892
1740347 1580000 231680629=43618172+113748000+84077370 60957435 1198789806 10.765
1751207 1590000 233507773=43956640+114647778+84741743 61386971 1207618332 10.5601
1762023 1600000 235283992=44287479+115526027+85382484 61804603 1216166786 10.5888
1772878 1610000 237058062=44615710+116394367+86032989 62221538 1224731554 10.3001
1783723 1620000 238817123=44942446+117265322+86667096 62634279 1233236437 9.45644
1794607 1630000 240593085=45270791+118136276+87316392 63050348 1241815272 10.088
1805498 1640000 242382851=45602364+119021975+87963254 63469245 1250454062 10.7993
1816421 1650000 244178822=45933915+119909627+88614033 63894187 1259172770 10.3861
1827273 1660000 245982710=46268214+120794044+89273491 64317518 1267840257 10.0465
1838160 1670000 247787451=46603036+121681664+89930178 64744095 1276604218 10.5459
1849005 1680000 249559255=46929845+122549529+90579632 65155713 1285117181 9.36414
1859879 1690000 251260145=47246311+123393055+91190935 65554463 1293329427 9.5961
1870739 1700000 253019866=47573526+124267404+91822433 65965082 1301784172 10.652
1881698 1710000 254708896=47889282+125101992+92431807 66357118 1309802787 9.69168
1892578 1720000 256422005=48209762+125948816+93049301 66754510 1317942272 9.97726
1903425 1730000 258151069=48531128+126803006+93675093 67155597 1326213815 12.9493
1914319 1740000 259943293=48864688+127681881+94330331 67569960 1334721795 11.4756
1925121 1750000 261669165=49186851+128536860+94951071 67971520 1342988742 9.5258
1936035 1760000 263458272=49520220+129423171+95595224 68393201 1351619612 10.7333
1946942 1770000 265176789=49839955+130265313+96222788 68783714 1359696020 10.1554
1957829 1780000 266880264=50159017+131109725+96834255 69177597 1367826830 9.71072
1968722 1790000 268620330=50482904+131964281+97468130 69581489 1376158366 10.1963
1979581 1800000 270290901=50794936+132785153+98075566 69970317 1384122300 10.0081
1990482 1810000 271956658=51106210+133601567+98683140 70349641 1391953591 9.47831
2001382 1820000 273619806=51416038+134416362+99290731 70737453 1399884141 9.72044
2012247 1830000 275314039=51732959+135250341+99905069 71125264 1407851418 10.5111
2023129 1840000 276988681=52045651+136073996+100513202 71509557 1415747937 9.91894
2034053 1850000 278712839=52368393+136923507+101136969 71903598 1423884065 10.3222
2044917 1860000 280377963=52680583+137747044+101736334 72282457 1431702485 10.289
2055814 1870000 282051802=52992861+138572889+102341908 72675172 1439734202 9.0598
2066728 1880000 283706575=53302261+139390750+102938592 73052613 1447547852 9.39132
2077660 1890000 285366456=53613913+140212111+103535051 73432074 1455375918 10.1727
2088614 1900000 287041683=53926943+141034038+104145361 73817355 1463279117 9.57349
2099586 1910000 288744872=54243674+141871300+104765300 74204156 1471268465 9.48982
2110524 1920000 290369429=54549228+142670505+105353600 74573775 1478901263 9.72333
2121483 1930000 292052012=54864406+143501540+105960075 74961801 1486894857 9.52336
2132440 1940000 293694209=55170737+144308922+106557063 75338238 1494633194 8.96866
2143340 1950000 295367367=55483485+145131769+107164705 75720385 1502519237 9.81972
2154286 1960000 296988492=55788240+145928869+107751862 76087692 1510087358 9.81767
2165157 1970000 298540929=56079143+146690357+108316845 76438378 1517296249 9.12041
2176142 1980000 300107779=56372925+147461885+108884153 76793491 1524614769 8.86606
2187090 1990000 301747104=56679040+148271317+109476291 77171753 1532384254 9.89647
2198031 2000000 303313534=56973518+149044964+110040236 77529368 1539754046 8.52449
2208970 2010000 304880489=57266755+149814873+110609645 77881008 1547035224 8.74057
2219875 2020000 306462247=57567650+150599483+111174164 78238641 1554423140 9.49515
2230717 2030000 307973208=57852647+151350438+111712938 78578601 1561455572 9.21689
2241553 2040000 309500999=58140654+152109616+112258442 78928211 1568665549 9.43808
2252478 2050000 311045082=58431999+152874154+112812027 79281285 1575926848 11.6593
2263400 2060000 312587791=58722721+153634268+113368895 79629608 1583093051 9.83266
2274335 2070000 314133465=59013694+154399081+113923838 79976850 1590254976 8.52245
2285238 2080000 315607372=59292392+155123819+114456386 80305941 1597020245 8.25822
2296195 2090000 317129293=59581750+155878650+114998713 80644366 1604031039 9.15784
2307093 2100000 318676219=59876160+156649876+115546349 80990596 1611165088 9.36389
2317991 2110000 320192634=60163687+157398333+116091417 81328289 1618144222 8.93288
2328915 2120000 321667081=60444027+158131181+116615279 81658142 1624968699 8.33837
2339889 2130000 323191382=60732124+158889320+117157775 82003142 1632090145 9.36232
2350849 2140000 324694768=61015853+159638390+117692123 82339763 1639047360 8.37824
2361818 2150000 326171151=61295863+160374317+118215233 82674011 1645923620 8.38052
2372703 2160000 327706821=61584829+161132257+118769022 83016015 1653012304 9.20949
2383611 2170000 329144566=61857657+161847770+119279975 83338410 1659672526 8.91942
2394538 2180000 330594834=62133525+162574001+119790006 83663618 1666393717 8.88207
2405448 2190000 332177329=62432524+163367543+120347491 84018620 1673722437 10.6543
2416385 2200000 333702627=62721355+164125446+120891346 84359672 1680768093 9.30953
2427291 2210000 335184797=63002435+164859902+121421576 84689958 1687589821 8.60411
2438224 2220000 336691739=63288111+165612753+121954248 85027411 1694563314 8.26195
2449156 2230000 338227821=63580472+166376580+122500692 85368285 1701623450 8.94341
2460085 2240000 339803532=63879850+167161588+123059107 85721928 1708902385 9.85029
2471031 2250000 341456775=64190719+167976508+123655675 86090747 1716538234 9.50782
2481891 2260000 343048425=64491447+168759476+124230873 86446301 1723845677 9.94772
2492839 2270000 344653071=64792499+169549608+124811600 86802252 1731228048 9.85152
2503770 2280000 346293048=65101839+170361430+125399635 87173024 1738874183 10.0001
2514685 2290000 347905756=65403974+171155231+125983544 87529715 1746275953 8.93637
2525687 2300000 349558235=65712870+171967848+126583155 87893155 1753843500 9.73648
2536614 2310000 351199085=66018950+172775928+127177757 88258000 1761414142 10.7456
2547690 2320000 352903067=66337286+173615552+127794626 88640495 1769335464 9.84873
2558712 2330000 354606469=66655644+174456095+128410284 89019017 1777204083 9.96389
2569709 2340000 356246694=66965337+175274605+128991581 89386712 1784817115 9.96095
2580699 2350000 357993903=67289498+176131911+129629278 89778633 1792976305 9.4686
2591715 2360000 359695362=67606592+176969103+130247449 90157821 1800834236 9.8371
2602831 2370000 361461954=67935504+177839960+130887451 90555681 1809074040 11.1159
2613986 2380000 363270881=68267047+178720207+131558144 90955628 1817430689 10.62
2624949 2390000 365086882=68600974+179606205+132227973 91368460 1825973466 11.7825
2635909 2400000 366923047=68938890+180504145+132903184 91787641 1834632551 11.8308
2646913 2410000 368677051=69262711+181360894+133548889 92187209 1842870450 9.53065
2657884 2420000 370381235=69579366+182197027+134170321 92568975 1850756546 9.62384
2668918 2430000 372076635=69893191+183024243+134793361 92950818 1858595172 10.4312
2679809 2440000 373725842=70201816+183837774+135388608 93328189 1866360087 9.85508
2690746 2450000 375397080=70512699+184665088+135990955 93705280 1874199264 9.69127
2701594 2460000 377159233=70840992+185532339+136630173 94101450 1882402119 10.5465
2712475 2470000 378870478=71159687+186381532+137244439 94485959 1890393347 9.69642
2723357 2480000 380621259=71484776+187247021+137876713 94874798 1898459663 10.0164
2734166 2490000 382366369=71812903+188125826+138494854 95281463 1906695026 10.665
2745023 2500000 384128594=72139320+188994410+139134599 95670696 1914760440 10.5882
2755880 2510000 385871344=72463106+189855265+139764508 96060878 1922875694 10.494
2766772 2520000 387632188=72789926+190721695+140404427 96453623 1931037671 10.763
2777605 2530000 389378277=73116036+191581230+141037247 96838816 1939087183 10.1314
2788466 2540000 391161924=73449909+192460108+141683037 97232263 1947309392 9.72005
2799329 2550000 393022585=73791979+193374918+142362800 97643805 1955947787 10.9789
2810193 2560000 394755478=74114792+194231685+142988410 98033536 1964033885 10.6526
2821115 2570000 396544518=74445209+195110000+143642050 98430183 1972306593 10.4522
2832025 2580000 398372287=74784878+196011271+144304783 98835069 1980746119 10.9268
2842894 2590000 400131939=75110841+196874364+144947988 99223276 1988831790 11.3353
2853742 2600000 401982899=75452073+197787791+145620022 99632393 1997397326 10.864
2864632 2610000 403839387=75794988+198705502+146291865 100038960 2005904082 11.1385
2875503 2620000 405672942=76135781+199608245+146958163 100442981 2014306726 11.3141
2886360 2630000 407489778=76473367+200506029+147615508 100842071 2022640273 10.6411
2897239 2640000 409304419=76811181+201399095+148274498 101239296 2030920505 11.3049
2908079 2650000 411169849=77158949+202318210+148950286 101651649 2039515065 10.8978
2919336 2660000 413036066=77503294+203235172+149631805 102054145 2047937616 10.3209
2930193 2670000 414928905=77852214+204169308+150319175 102469067 2056629075 11.5038
2941058 2680000 416733228=78186344+205058327+150974257 102865155 2064940391 10.9828
2951948 2690000 418565515=78526795+205962414+151637488 103264477 2073291330 10.6244
2962792 2700000 420358225=78859806+206849755+152284068 103660187 2081530398 10.7146
2973731 2710000 422135311=79192177+207721170+152931572 104042679 2089536085 10.2399
2984605 2720000 423932671=79524840+208598808+153592720 104429348 2097635406 10.21
2995574 2730000 425712127=79853743+209470286+154244575 104817919 2105729820 10.769
3006468 2740000 427530476=80189737+210363188+154908425 105215774 2114077903 10.8905
3017345 2750000 429282158=80516129+211229607+155539554 105600429 2122091909 10.8878
3028291 2760000 431022749=80838707+212080213+156177709 105982929 2130086929 10.3349
3039192 2770000 432706986=81152438+212904837+156793416 106346669 2137696885 10.3466
3050078 2780000 434415639=81473674+213738469+157417617 106713268 2145353635 9.47893
3060975 2790000 436194854=81805932+214609996+158066394 107096512 2153346275 10.6627
3071909 2800000 437892046=82123727+215438832+158687375 107459390 2160891683 10.475
3082762 2810000 439669470=82452095+216305935+159342143 107845852 2168961769 10.4974
3093667 2820000 441419602=82779372+217161793+159981747 108223909 2176831530 10.7649
3104606 2830000 443173811=83105467+218018715+160624845 108601554 2184707328 10.3199
3115556 2840000 444855364=83417235+218840717+161241713 108963886 2192282740 9.31987
3126447 2850000 446540473=83731519+219668345+161854782 109326452 2199860159 10.0495
3137354 2860000 448251597=84051835+220506167+162477538 109694241 2207497068 10.426
3148306 2870000 449875954=84355682+221304826+163067050 110042469 2214759756 9.54307
3159170 2880000 451518634=84662421+222105932+163669751 110392778 2222101340 10.5778
3170031 2890000 453180092=84973692+222917499+164277519 110742437 2229459890 10.3597
3180938 2900000 454828199=85282276+223723730+164879294 111087381 2236691490 9.11303
3191816 2910000 456516928=85595432+224543663+165504398 111446339 2244228293 9.57917
3202736 2920000 458233811=85917186+225387052+166127634 111811203 2251892812 10.5841
3213588 2930000 459932019=86235594+226216800+166748841 112171393 2259437492 10.3386
3224450 2940000 461625431=86550436+227049831+167364798 112538684 2267109033 10.1036
3235384 2950000 463282691=86859492+227870019+167961633 112894976 2274549169 10.1031
3246267 2960000 465024914=87184735+228725659+168595377 113269439 2282374991 10.5062
3257218 2970000 466779313=87510557+229588787+169233519 113641966 2290165901 9.85644
3268155 2980000 468434545=87819992+230400910+169836494 113996893 2297584320 10.062
3278993 2990000 470135916=88135889+231233506+170459681 114360480 2305172350 10.3068
3289873 3000000 471736382=88436304+232013557+171046882 114695062 2312174682 9.71331
3300770 3010000 473399143=88746941+232833507+171648487 115051693 2319639085 10.0437
3311716 3020000 475050213=89056262+233652018+172241129 115408059 2327088159 10.3101
3322684 3030000 476673578=89358462+234450881+172830467 115757139 2334396502 9.00367
3333558 3040000 478309378=89662881+235253395+173427088 116105252 2341711959 9.4225
3344467 3050000 479906383=89962707+236039361+174005209 116444927 2348836673 9.96574
3355390 3060000 481578931=90275109+236860581+174614146 116804041 2356320093 9.94743
3366284 3070000 483154080=90571027+237639237+175180774 117138690 2363300492 9.44026
3377177 3080000 484771280=90872486+238431320+175771978 117483139 2370465864 9.72002
3388055 3090000 486317046=91164090+239196641+176326075 117818321 2377443054 9.11198
3398880 3100000 487849132=91453830+239958737+176870973 118148125 2384299235 8.78124
3409787 3110000 489387982=91742838+240719653+177424504 118478490 2391188107 9.13673
3420708 3120000 490946850=92036237+241493070+177982507 118810681 2398146053 10.0894
3431637 3130000 492535596=92335327+242278357+178554327 119154049 2405304629 9.47462
3442607 3140000 494031053=92620750+243017428+179089254 119471695 2411928742 9.11308
3453456 3150000 495582128=92915335+243788688+179640405 119801944 2418834331 9.41497
3464366 3160000 497129983=93209339+244558748+180190220 120133594 2425732805 9.36133
3475266 3170000 498667317=93499255+245319407+180741288 120466992 2432651569 8.56554
3486141 3180000 500150219=93781773+246055175+181269148 120780609 2439197028 8.82686
3497008 3190000 501693094=94070616+246812258+181830408 121105386 2445995802 9.79742
3507853 3200000 503209684=94360367+247564405+182370492 121424845 2452654772 9.66577
3518683 3210000 504727687=94647586+248316970+182912890 121745229 2459342633 9.51588
3529542 3220000 506249015=94937646+249071085+183455201 122071206 2466107583 9.68605
3540480 3230000 507736061=95220962+249813456+183980563 122389208 2472741313 10.0475
3551409 3240000 509299542=95516340+250589266+184539138 122723667 2479715853 8.65708
3562370 3250000 510796544=95801252+251332559+185071944 123044781 2486381328 8.78187
3573321 3260000 512317182=96090772+252087228+185613709 123368362 2493137998 9.83685
3584317 3270000 513874303=96385348+252864509+186164892 123700357 2500088444 9.37371
3595165 3280000 515391633=96674237+253615617+186706738 124023443 2506797598 9.6451
3606131 3290000 516950453=96970904+254386969+187264051 124350928 2513646081 9.56342
3617031 3300000 518446046=97254585+255134396+187792561 124673111 2520327682 9.21975
3627996 3310000 519966046=97543651+255894704+188327913 124999315 2527119285 8.72164
3638920 3320000 521537441=97837642+256669508+188895955 125331611 2534104384 9.4415
3649881 3330000 523042062=98120840+257414101+189436100 125647540 2540737287 9.77012
3660867 3340000 524652771=98424464+258213214+190011981 125987155 2547857018 9.68843
3671820 3350000 526202230=98720193+258984101+190560608 126318267 2554749834 9.40609
3682790 3360000 527819925=99024268+259780832+191145343 126657225 2561872820 9.76654
3693808 3370000 529487465=99338000+260602520+191747812 127007381 2569243243 9.97381
3704793 3380000 531104411=99642673+261405355+192325479 127353056 2576473918 9.20957
3715703 3390000 532802771=99960263+262244195+192938398 127708203 2583944606 10.2315
3726649 3400000 534507575=100278627+263091378+193548439 128068032 2591530490 10.5301
3737635 3410000 536295564=100613401+263990754+194175707 128447573 2599517334 11.2648
3748614 3420000 538075284=100946816+264868848+194819076 128820321 2607353090 10.8749
3759597 3430000 539893480=101288325+265765017+195476422 129210062 2615501640 11.093
3770552 3440000 541701611=101626710+266653780+196132984 129595819 2623561243 9.92485
3781517 3450000 543503049=101962216+267538071+196790034 129978309 2631559790 10.6479
3792483 3460000 545281989=102293869+268416773+197432755 130364171 2639591275 11.2052
3803443 3470000 547035314=102622513+269290854+198057260 130743873 2647502807 10.85
3814317 3480000 548790831=102951665+270159993+198688591 131125757 2655408495 10.5834
3825200 3490000 550541828=103278254+271027459+199318939 131501420 2663288825 10.627
3836062 3500000 552216151=103590034+271857333+199921624 131864418 2670858499 9.23022
3847051 3510000 553917240=103907082+272697444+200536752 132226431 2678425031 10.0936
3857981 3520000 555712105=104242986+273593461+201175423 132617436 2686594766 11.4001
3868919 3530000 557551728=104587156+274515071+201826064 133011807 2694852501 12.0182
3879700 3540000 559353753=104923593+275413374+202468940 133395990 2702945268 10.9318
3890544 3550000 561233569=105276373+276358543+203129154 133795896 2711350594 12.0224
3901420 3560000 563037431=105612073+277258147+203772923 134179682 2719429759 10.0677
3912350 3570000 564899758=105959531+278184787+204439498 134574755 2727747105 11.0762
3923255 3580000 566716480=106299822+279088396+205089272 134957602 2735820993 11.3136
3934146 3590000 568594594=106650778+280014640+205768355 135353859 2744141866 11.203
3945058 3600000 570434890=106995880+280925755+206428662 135737143 2752250525 11.3433
3955958 3610000 572322313=107345141+281858820+207112550 136136657 2760702552 11.2288
3966817 3620000 574150392=107689504+282770225+207763252 136516586 2768725898 10.3205
3977696 3630000 575985556=108030613+283680039+208423834 136903896 2776906791 10.948
3988551 3640000 577885497=108382211+284615546+209115544 137300974 2785290505 11.6652
3999436 3650000 579742382=108724625+285530566+209791349 137697504 2793659238 11.2405
4010266 3660000 581582481=109066135+286445784+210450943 138084397 2801839912 11.6979
4021082 3670000 583419708=109406620+287355832+211113823 138472566 2810013112 10.9251
4031936 3680000 585333624=109761260+288302373+211805349 138872913 2818492784 10.8832
4042723 3690000 587215998=110111008+289233971+212484963 139268221 2826883920 11.9285
4053582 3700000 589109664=110464865+290175833+213163870 139664872 2835274485 12.6122
4064959 3710000 591011333=110816639+291120425+213847204 140056708 2843557162 11.6614
4075764 3720000 592865145=111161743+292036108+214518260 140443270 2851729276 12.6754
4086632 3730000 594693610=111502089+292938122+215180944 140827366 2859810745 11.1073
4097561 3740000 596521672=111840351+293834988+215849123 141212116 2867910912 11.0535
4108439 3750000 598371187=112184193+294748451+216518929 141604626 2876170753 11.6851
4119319 3760000 600208853=112525645+295655087+217185635 141988889 2884278373 11.4832
4130276 3770000 601952692=112850929+296514763+217817617 142354103 2891982587 10.9494
4141183 3780000 603756517=113188700+297406085+218468713 142734119 2899950117 11.2056
4152093 3790000 605538646=113521540+298287399+219111015 143104279 2907777920 9.92543
4162989 3800000 607406127=113868022+299203154+219793319 143490766 2915950668 11.0561
4173910 3810000 609191760=114199883+300085120+220439815 143866914 2923894727 11.5332
4184895 3820000 610980728=114533814+300970660+221084383 144238936 2931742698 11.0203
4195828 3830000 612719463=114858723+301833790+221707846 144599451 2939379604 10.8975
4206739 3840000 614494077=115189233+302713265+222346505 144968379 2947176424 11.1512
4217677 3850000 616235807=115513633+303578946+222971133 145331744 2954828332 10.0546
4228607 3860000 617960073=115833788+304431954+223593774 145692408 2962439033 10.213
4239510 3870000 619660636=116151555+305273021+224206630 146046670 2969935005 10.869
4250423 3880000 621363548=116469163+306118016+224817873 146406484 2977503503 10.2666
4261357 3890000 623045225=116784579+306955665+225416426 146753336 2984829367 11.2564
4272391 3900000 624761881=117111625+307792246+226045114 147106551 2992246773 11.2983
4283314 3910000 626495868=117437157+308644554+226673631 147468525 2999836066 10.2817
4294200 3920000 628179547=117752875+309474830+227282072 147815896 3007151788 9.85546
4305160 3930000 629859355=118068822+310303261+227888386 148166742 3014524871 10.6084
4316083 3940000 631515224=118383481+311119506+228484022 148507220 3021697153 10.3381
4326986 3950000 633288229=118716894+311985162+229132737 148872045 3029359840 10.5083
4337955 3960000 634911376=119024405+312779940+229722203 149201689 3036289374 9.60983
4348836 3970000 636535879=119332473+313582978+230304626 149537421 3043330796 9.89034
4359757 3980000 638168418=119640268+314395029+230886487 149879668 3050505590 9.37539
4370729 3990000 639788441=119946262+315198241+231465658 150211153 3057502606 9.66206
4381681 4000000 641426812=120255530+316012433+232049735 150553351 3064678553 10.6169
4392555 4010000 643071811=120565204+316826249+232640726 150888503 3071753192 9.60565
4403440 4020000 644676144=120866581+317618427+233219164 151222542 3078792458 9.84287
4414465 4030000 646256149=121165162+318401144+233784390 151551305 3085698337 10.2398
4425446 4040000 647844943=121465465+319191426+234349638 151881137 3092636268 9.88609
4436408 4050000 649464339=121771411+319991188+234932227 152216982 3099707308 9.2541
4447331 4060000 651065993=122073522+320788742+235501813 152550345 3106708026 9.78516
4458226 4070000 652678022=122376100+321583855+236083558 152882552 3113677713 10.1088
4469117 4080000 654294094=122682557+322385815+236661452 153215367 3120696280 9.67048
4480047 4090000 655941254=122992286+323203059+237251863 153559740 3127895904 10.6775
4490942 4100000 657534283=123293841+323990317+237822936 153890004 3134836593 10.6173
4501893 4110000 659098404=123588667+324760098+238387729 154211619 3141619559 8.78404
4512866 4120000 660654930=123883556+325528999+238946087 154533157 3148371893 9.01174
4523822 4130000 662238026=124180910+326312249+239514529 154856794 3155201777 9.7024
4534728 4140000 663814527=124478797+327095338+240076438 155180673 3162012456 9.72942
4545718 4150000 665360516=124771449+327857197+240633228 155499035 3168696008 9.38414
4556635 4160000 666901319=125062813+328616822+241188566 155816080 3175356846 9.19612
4567595 4170000 668398566=125346910+329360876+241721051 156123976 3181825557 9.39816
4578516 4180000 669924704=125636040+330114584+242268650 156434706 3188391099 8.51691
4589453 4190000 671507023=125932425+330897462+242837726 156756380 3195165766 9.21972
4600387 4200000 673018051=126218485+331641746+243382643 157065141 3201610284 9.2959
4611320 4210000 674447647=126491365+332355549+243886696 157362063 3207825754 9.48171
4622248 4220000 675945079=126775204+333101523+244417880 157669716 3214309444 9.06739
4633106 4230000 677430532=127056898+333843212+244942941 157975546 3220753049 9.34621
4644049 4240000 678965046=127346782+334606595+245489111 158291172 3227417553 9.96321
4655040 4250000 680456699=127628867+335346353+246022041 158598255 3233881018 8.34248
4665924 4260000 681981298=127918086+336101001+246568146 158907863 3240402486 8.85757
4676832 4270000 683468974=128202400+336840583+247096667 159209891 3246727129 9.2898
4687741 4280000 684958812=128486818+337582009+247624087 159514469 3253121362 9.47425
4698685 4290000 686406838=128762761+338302003+248137852 159814972 3259404250 9.19675
4709603 4300000 687952697=129053992+339068037+248691955 160130977 3266054760 9.70505
4720503 4310000 689480791=129342895+339828569+249235501 160448973 3272722326 10.3092
4731420 4320000 691013728=129633849+340595305+249776428 160765026 3279370174 8.71546
4742321 4330000 692548148=129923391+341359121+250322347 161080659 3286040221 8.91063
4753259 4340000 694108514=130218059+342133876+250879276 161401192 3292777890 9.68421
4764201 4350000 695692572=130519022+342936814+251425758 161717213 3299464645 10.0177
4775138 4360000 697289808=130822691+343736774+251990795 162038956 3306241029 9.38567
4786096 4370000 698885852=131126083+344533973+252557073 162362904 3313089695 11.1768
4797101 4380000 700458619=131425189+345324768+253109714 162682024 3319800215 9.90344
4808087 4390000 702097219=131736562+346141109+253693845 163010670 3326738172 9.17449
4819049 4400000 703761942=132049394+346969518+254287191 163348197 3333901471 9.89671
4830048 4410000 705411037=132362109+347798622+254867788 163687675 3341048691 10.2767
4841026 4420000 707057784=132670034+348611932+255462202 164022508 3348121553 10.3614
4852001 4430000 708677488=132974466+349415363+256042719 164356040 3355158212 10.0363
4862997 4440000 710372829=133291721+350256384+256651635 164699281 3362431473 10.3817
4873904 4450000 712036512=133605209+351082001+257246679 165034526 3369521408 10.037
4884867 4460000 713741617=133923920+351922496+257864114 165380081 3376874723 9.76298
4895781 4470000 715448699=134245050+352769840+258477175 165726530 3384205297 10.4015
4906756 4480000 717258467=134583415+353663654+259133452 166091663 3391954015 11.3229
4917771 4490000 719102058=134923852+354567521+259809100 166471207 3400016647 11.3584
4928768 4500000 720920287=135262521+355456766+260475102 166843713 3407874298 11.5362
4939756 4510000 722692580=135591096+356327744+261121378 167212599 3415632343 11.3863
4950853 4520000 724519411=135928648+357218955+261794672 167593891 3423655791 10.5052
4961839 4530000 726259154=136249961+358073373+262429842 167954844 3431262734 10.603
4972832 4540000 728024729=136576172+358938941+263076077 168317752 3438949376 10.9324
4983782 4550000 729726889=136893048+359774645+263696427 168671719 3446356110 10.096
4994759 4560000 731446991=137214734+360628405+264312465 169030003 3453917230 10.3584
5005677 4570000 733139677=137530334+361460734+264927485 169381826 3461333798 10.2816
5016605 4580000 734899812=137858316+362332921+265560738 169747553 3469039309 9.90028
5027569 4590000 736681455=138190176+363207314+266210361 170113301 3476738243 10.5513
5038460 4600000 738336944=138500457+364028495+266804082 170455229 3483923789 10.4369
5049344 4610000 740086410=138827234+364893197+267434772 170812205 3491466766 10.7672
5060214 4620000 741812661=139150756+365753240+268050097 171171748 3499025419 10.6189
5071166 4630000 743554837=139476467+366614116+268678445 171523173 3506489710 10.8079
5082077 4640000 745280546=139799671+367471459+269295366 171876305 3513982805 9.96393
5092952 4650000 747030373=140125162+368343269+269921085 172232315 3521569048 10.3761
5103888 4660000 748859026=140465945+369248655+270579955 172605015 3529485290 11.4448
5114792 4670000 750586373=140789399+370106602+271198434 172959382 3536962352 10.3728
5125741 4680000 752310084=141113687+370966236+271811033 173308823 3544390044 10.5652
5136717 4690000 754064594=141440206+371838997+272439004 173668082 3552014036 10.8948
5147654 4700000 755822931=141768898+372713891+273067080 174026363 3559605861 9.86712
5158619 4710000 757596477=142099675+373591037+273706870 174385422 3567256799 10.4058
5169534 4720000 759346735=142430832+374459619+274331185 174743288 3574823541 11.0877
5180402 4730000 761123737=142763188+375342985+274966869 175102477 3582446580 10.6491
5191291 4740000 762953760=143102538+376250443+275625910 175474969 3590350188 11.3561
5202167 4750000 764756475=143437926+377139285+276279018 175842611 3598135993 11.7144
5213037 4760000 766582497=143775243+378036006+276946928 176210188 3605974957 10.2083
5223884 4770000 768354161=144107260+378912340+277584151 176569326 3613585740 10.4803
5234779 4780000 770062255=144425787+379763729+278193251 176921868 3621039400 10.9527
5245825 4790000 771835541=144752872+380638528+278837365 177283872 3628714722 10.4758
5256768 4800000 773630080=145084741+381525561+279487274 177648265 3636452604 11.0225
5267626 4810000 775397603=145414094+382400261+280124255 178011841 3644138765 11.2244
5278527 4820000 777089211=145730761+383235839+280734244 178353385 3651396418 9.60362
5289476 4830000 778839898=146055104+384094650+281373802 178709727 3658957052 10.2522
5300488 4840000 780520102=146368312+384925546+281979601 179051897 3666201374 10.7768
5311384 4850000 782226830=146686187+385770037+282595024 179397946 3673531602 10.3002
5322312 4860000 783977468=147011554+386635030+283228235 179750936 3681033028 10.5976
5333136 4870000 785783407=147347483+387526250+283881831 180114496 3688732463 11.5601
5344051 4880000 787544097=147674636+388393944+284521066 180467192 3696208861 9.9459
5354961 4890000 789306819=148003178+389262254+285160462 180825757 3703805376 10.3062
5365866 4900000 791064822=148329772+390125635+285801365 181177008 3711280588 10.9782
5376756 4910000 792759904=148647131+390961292+286414622 181514986 3718459995 10.4538
5387675 4920000 794456286=148964889+391799303+287026508 181857063 3725687693 11.9404
5398578 4930000 796163355=149285695+392644751+287638677 182201046 3732984262 10.413
5409490 4940000 797833505=149598097+393470965+288240136 182538482 3740148088 9.8935
5420355 4950000 799586269=149924490+394334769+288875757 182889947 3747592566 9.99983
5431223 4960000 801277676=150240111+395171088+289486001 183230682 3754837708 10.4496
5442092 4970000 802939309=150552587+395991235+290085262 183564856 3761899048 10.327
5453015 4980000 804651479=150871637+396834585+290706068 183906342 3769139753 10.4007
5463959 4990000 806337500=151186931+397666453+291315595 184248743 3776367113 10.2511
5474924 5000000 807969819=151491100+398467038+291910736 184577350 3783313190 9.87139
5485938 5010000 809678434=151809358+399310519+292528773 184918026 3790559013 9.62432
5496880 5020000 811299765=152114060+400113271+293111435 185246549 3797487974 9.73663
5507833 5030000 813011100=152433818+400962813+293725340 185589161 3804751306 10.9549
5518806 5040000 814664478=152743058+401778758+294322419 185921673 3811812511 9.74461
5529757 5050000 816307341=153051647+402593863+294910547 186252371 3818819527 11.2494
5540663 5060000 817977098=153363446+403417038+295514761 186584923 3825859955 11.4147
5551636 5070000 819655767=153676125+404245259+296122005 186920273 3833004366 9.49786
5562596 5080000 821288568=153980699+405046326+296717114 187247580 3839960682 9.45473
5573494 5090000 822956316=154291702+405867054+297322692 187581951 3847074171 10.392
5584492 5100000 824579647=154595270+406665256+297911904 187907563 3853976046 10.258
5595555 5110000 826162534=154893806+407454187+298477264 188233919 3860716109 10.7992
5606569 5120000 827753238=155194800+408236831+299051286 188550934 3867426222 10.0363
5617545 5130000 829290738=155482595+408992684+299609384 188860964 3873947963 9.83799
5628539 5140000 830846459=155775749+409758967+300171613 189170022 3880480664 8.84586
5639565 5150000 832441300=156074848+410545910+300746928 189490467 3887281609 9.46393
5650481 5160000 834043560=156374919+411336811+301325270 189811317 3894090511 10.3094
5661351 5170000 835593184=156667268+412097506+301887138 190116733 3900551614 9.27055
5672329 5180000 837106885=156952634+412841868+302434668 190419380 3906957296 10.2165
5683321 5190000 838697355=157250655+413623128+303012522 190738816 3913699970 10.0694
5694245 5200000 840216836=157536285+414375333+303558394 191041676 3920104401 9.30928
5705118 5210000 841696958=157816309+415105002+304091137 191339379 3926388826 8.46005
5716075 5220000 843240827=158107452+415865524+304647882 191648329 3932928902 9.35091
5727055 5230000 844771786=158399123+416620327+305197782 191950485 3939334595 9.94498
5738016 5240000 846277989=158683207+417363208+305740575 192253143 3945729972 9.21411
5748974 5250000 847731856=158958811+418081131+306262408 192544516 3951875820 9.02682
5759968 5260000 849181653=159235134+418797428+306781105 192828280 3957875114 9.01999
5770885 5270000 850637081=159510616+419514371+307306072 193115530 3963959530 9.35155
5781844 5280000 852091744=159787927+420236331+307824289 193406384 3970120320 8.66702
5792838 5290000 853580942=160067886+420969679+308362992 193702150 3976399334 8.89938
5803819 5300000 855061571=160348512+421701417+308893766 193994974 3982583371 9.47173
5814801 5310000 856523044=160625919+422424289+309416599 194282789 3988707094 9.6582
5825826 5320000 858018557=160909892+423167780+309948368 194579820 3995006908 12.7831
5836769 5330000 859518675=161194383+423912102+310483971 194875149 4001279388 10.1244
5847728 5340000 860984768=161472108+424640331+311006361 195165007 4007438721 9.60589
5858710 5350000 862472402=161753563+425379880+311535529 195458146 4013643010 8.83226
5869730 5360000 863888095=162023516+426085295+312036424 195739356 4019574146 8.57488
5880647 5370000 865413785=162311797+426843006+312581989 196042738 4025963828 10.0036
5891635 5380000 866907568=162594842+427580648+313118135 196336551 4032171562 9.68174
5902588 5390000 868435196=162883384+428337229+313664935 196640616 4038600573 10.8123
5913534 5400000 869949373=163170418+429087426+314207100 196944743 4044995014 12.5572
5924489 5410000 871503384=163466223+429863503+314756130 197251977 4051506615 10.6083
5935564 5420000 873022608=163753312+430618706+315297430 197555290 4057932516 8.81218
5946595 5430000 874592707=164050372+431396365+315858680 197869388 4064582866 9.23246
5957566 5440000 876166787=164347528+432181383+316416902 198187085 4071304844 10.1063
5968610 5450000 877802192=164651115+432980818+317016153 198504680 4078113470 10.2815
5979615 5460000 879416459=164956329+433782972+317591462 198824234 4084887385 9.91197
5990618 5470000 881080713=165270161+434606496+318188299 199152947 4091863846 12.7259
6001592 5480000 882804840=165593048+435464230+318803602 199498298 4099211837 10.7038
6012521 5490000 884495762=165909819+436300941+319411925 199836817 4106397714 9.95072
6023532 5500000 886234374=166235146+437158342+320041218 200185777 4113809730 10.6491
6034529 5510000 887964695=166556245+438014367+320665330 200535201 4121244034 11.2519
6045561 5520000 889684934=166877136+438861568+321289113 200881727 4128597542 10.7128
6056535 5530000 891368416=167191921+439692947+321897795 201223308 4135836435 11.1421
6067584 5540000 893096260=167512675+440544427+322524566 201570112 4143206861 11.6261
6078684 5550000 894759471=167823924+441359004+323131412 201900509 4150183864 9.57258
6089671 5560000 896431990=168135084+442183740+323736955 202235889 4157311446 10.5523
6100615 5570000 898084223=168440161+442993520+324341912 202570771 4164421586 11.2665
6111539 5580000 899757666=168751834+443818689+324948041 202908849 4171588161 19.3998
6122490 5590000 901447349=169066016+444650144+325562159 203251477 4178819636 25.8062
6133442 5600000 903103179=169374833+445468192+326159934 203581880 4185852841 12.7154
6144430 5610000 904756884=169683125+446282388+326759589 203912910 4192860710 12.1734
6155425 5620000 906445829=169994105+447113488+327375214 204247103 4200010410 10.2068
6166380 5630000 908141690=170306719+447942038+327999900 204585792 4207188927 10.8083
6177346 5640000 909818560=170617968+448764017+328612446 204916291 4214231287 14.4045
6188339 5650000 911459814=170925691+449573413+329205116 205239744 4221125273 24.8154
6199296 5660000 913141483=171238279+450399707+329817756 205575471 4228260288 10.9514
6210250 5670000 914784034=171542920+451209594+330413293 205897936 4235162748 10.4846
6221167 5680000 916463390=171854024+452038113+331022264 206233069 4242283226 9.81513
6232193 5690000 918159439=172168388+452874639+331636870 206567745 4249433227 10.4267
6243114 5700000 919870018=172485222+453713178+332262658 206901621 4256582410 11.6206
6254073 5710000 921579971=172801039+454552341+332887817 207238158 4263801225 12.9904
6265015 5720000 923254737=173113055+455372948+333499625 207565062 4270808193 11.4518
6276014 5730000 924875646=173416304+456177255+334080782 207885757 4277640861 11.2921
6286999 5740000 926527580=173725027+456997456+334673197 208210208 4284571184 9.87842
6298011 5750000 928205705=174036888+457826336+335279846 208538112 4291592173 10.2367
6308975 5760000 929942837=174357153+458680659+335913458 208883625 4298947708 11.294
6319974 5770000 931607352=174668058+459498772+336518477 209213007 4305922085 26.676
6330997 5780000 933280528=174976311+460320189+337131137 209538744 4312911173 18.1266
6342023 5790000 934937882=175285448+461140887+337727131 209863973 4319877941 10.9776
6353038 5800000 936526522=175583299+461923778+338301215 210171202 4326440855 13.3045
6364053 5810000 938141996=175886282+462724231+338880930 210489522 4333243413 10.109
6375072 5820000 939789030=176192059+463534892+339479610 210814098 4340169663 10.2987
6386024 5830000 941396130=176494097+464318276+340067742 211125301 4346813704 11.1873
6396912 5840000 943032842=176800009+465124214+340660657 211444073 4353628307 12.0227
6407907 5850000 944629640=177098078+465913649+341235858 211757882 4360318755 9.64347
6418859 5860000 946286893=177407065+466726912+341839749 212085606 4367277760 10.7341
6429878 5870000 947912579=177711401+467535456+342420427 212405050 4374120621 9.62595
6440860 5880000 949461950=178000393+468294763+342985244 212708959 4380565115 9.2599
6451839 5890000 951046784=178297688+469075448+343557942 213021295 4387213230 10.0873
6462899 5900000 952644621=178596822+469858713+344139885 213339607 4393920413 10.708
6473837 5910000 954214331=178890435+470630392+344709753 213647261 4400483238 27.5211
6484815 5920000 955779335=179184369+471400861+345276106 213954645 4407000297 17.6055
6495784 5930000 957377926=179484705+472191505+345850942 214274100 4413770502 12.4461
6506753 5940000 958953277=179781029+472966947+346419930 214583224 4420335054 9.592
6517671 5950000 960531053=180076910+473738078+346996851 214893845 4426935362 9.85209
6528600 5960000 962101261=180373770+474515744+347558975 215202860 4433500659 10.7421
6539600 5970000 963689707=180672829+475290577+348139657 215517580 4440162595 11.9267
6550555 5980000 965278726=180973015+476077887+348707877 215830298 4446814541 23.8635
6561522 5990000 966835355=181264273+476844215+349271344 216133029 4453287830 10.3351
6572495 6000000 968361860=181552861+477602625+349814914 216435206 4459695146 11.8843
6583420 6010000 969912242=181843077+478363810+350378362 216736271 4466126313 9.34843
6594346 6020000 971425680=182127855+479110614+350924504 217029855 4472366085 9.61299
6605303 6030000 972980898=182420305+479871134+351491425 217328211 4478754122 11.4692
6616312 6040000 974533401=182712837+480643228+352044469 217636817 4485285312 26.5949
6627298 6050000 976091549=183006208+481410595+352607001 217937024 4491676859 11.9532
6638329 6060000 977587698=183290267+482151027+353141561 218231163 4497910818 10.4303
6649282 6070000 979142983=183584116+482922533+353697347 218534744 4504385776 10.0974
6660175 6080000 980680546=183874411+483691461+354241139 218836536 4510797728 9.34541
6671098 6090000 982223516=184167237+484455057+354794158 219143458 4517222960 9.91532
6682137 6100000 983794217=184462858+485227391+355362836 219449046 4523706376 11.5737
6693037 6110000 985270513=184741959+485954870+355895107 219732449 4529749813 24.1482
6703966 6120000 986791750=185027963+486703956+356445553 220027895 4536035833 22.1581
6714910 6130000 988294857=185310512+487440858+356991722 220314156 4542139692 15.0295
6725879 6140000 989820534=185599925+488197232+357536091 220608530 4548395284 11.7325
6736831 6150000 991323630=185885367+488940634+358074734 220900849 4554592951 9.78911
6747751 6160000 992791238=186163336+489671250+358595790 221183973 4560618848 9.6222
6758675 6170000 994270793=186444246+490405079+359123251 221468941 4566679798 10.69
6769641 6180000 995748005=186725174+491138740+359648360 221752177 4572723836 26.6815
6780662 6190000 997229025=187006938+491874238+360175734 222036782 4578764912 9.73551
6791651 6200000 998697101=187286718+492605353+360695577 222321550 4584810260 9.60668
6802737 6210000 1000217702=187574177+493356874+361240375 222613056 4591033117 10.1294
6813690 6220000 1001778875=187866803+494127696+361803572 222910533 4597411318 9.52792
6824712 6230000 1003315642=188156980+494885856+362356718 223206042 4603711215 9.82801
6835868 6240000 1004823158=188444186+495641101+362885724 223496501 4609907713 10.6178
6846951 6250000 1006355468=188732925+496396742+363437812 223792402 4616217524 18.8678
6857988 6260000 1007918677=189027110+497169271+364000005 224093660 4622638443 23.0776
6868994 6270000 1009519034=189326515+497961251+364575358 224408755 4629381347 15.4235
6880103 6280000 1011100637=189622411+498741726+365146445 224715381 4635909984 11.8878
6891121 6290000 1012614344=189909994+499493838+365684526 225008500 4642152782 9.56671
6902258 6300000 1014177706=190204750+500262336+366249638 225310248 4648616815 10.4273
6913312 6310000 1015792449=190507184+501054384+366837525 225620151 4655256611 11.4725
6924370 6320000 1017480698=190822900+501884022+367450713 225946394 4662220018 13.5239
6935396 6330000 1019236006=191147024+502742297+368095409 226288750 4669532657 22.0764
6946492 6340000 1020945806=191468366+503588079+368710114 226620739 4676616190 18.0808
6957583 6350000 1022663719=191787107+504431580+369336613 226958223 4683817842 11.7429
6968660 6360000 1024464192=192119812+505311614+369998421 227312818 4691375041 12.2879
6979646 6370000 1026200123=192443449+506163507+370631125 227655088 4698637098 17.6998
6990664 6380000 1028029955=192782175+507064728+371296964 228020530 4706404688 26.1665
7001617 6390000 1029814400=193114868+507948039+371939943 228369708 4713837402 26.4237
7012569 6400000 1031533272=193433212+508793596+372565421 228713073 4721110145 15.6272
7023525 6410000 1033199174=193743519+509614386+373169452 229038800 4728013678 11.5743
7034431 6420000 1034889285=194059611+510450236+373778307 229370258 4735058224 11.5927
7045399 6430000 1036583694=194376097+511292745+374384630 229706721 4742242377 12.8764
7056564 6440000 1038323660=194700892+512153281+375011261 230050691 4749580922 18.7658
7067503 6450000 1040005438=195016153+512984807+375616721 230385731 4756699522 13.25
7078394 6460000 1041674392=195331599+513806775+376218079 230713167 4763651756 11.594
7089291 6470000 1043239618=195622595+514574104+376789676 231023120 4770216604 14.0887
7100203 6480000 1044899778=195932545+515388621+377393739 231348741 4777143573 10.6208
7111210 6490000 1046559517=196242728+516208959+377991962 231675812 4784093480 11.2047
7122104 6500000 1048245624=196556337+517036342+378607415 232009653 4791157765 18.6713
7132992 6510000 1050010643=196886762+517911127+379240406 232375286 4798777271 15.2244
7143869 6520000 1051660069=197196527+518722253+379838338 232695722 4805633800 14.864
7154792 6530000 1053287756=197500149+519518033+380434344 233006881 4812296458 15.3697
7165724 6540000 1054962793=197812012+520346329+381038636 233333736 4819288062 10.7978
7176627 6550000 1056644520=198123565+521177535+381647122 233661642 4826301067 11.0367
7187499 6560000 1058377213=198445124+522032823+382274647 234000016 4833540693 17.5212
7198402 6570000 1060041089=198754521+522854004+382877140 234322614 4840423102 24.4396
7209321 6580000 1061692946=199063254+523670690+383472508 234642101 4847256491 26.7921
7220259 6590000 1063304768=199363910+524469340+384052329 234954393 4853915644 15.1088
7231198 6600000 1064963448=199673110+525288612+384652142 235274920 4860773711 11.173
7242138 6610000 1066615188=199980398+526104503+385249292 235593112 4867596982 10.8401
7253098 6620000 1068323558=200296534+526931088+385886022 235920093 4874558050 11.6314
7264064 6630000 1069990610=200606772+527743838+386499210 236237759 4881331778 14.0051
7275025 6640000 1071609827=200908455+528541313+387086842 236551639 4888001807 25.6468
7285938 6650000 1073214024=201207997+529330839+387668564 236862211 4894617369 19.0577
7296863 6660000 1074826117=201509597+530126974+388249918 237175526 4901295331 13.8064
7307845 6670000 1076489968=201819290+530946821+388853911 237496632 4908175434 11.4816
7318841 6680000 1078114425=202124325+531754758+389433662 237812405 4914919672 11.2135
7329826 6690000 1079728036=202426003+532547266+390020487 238123645 4921559054 12.6491
7340828 6700000 1081382566=202733509+533355548+390628281 238439306 4928308513 14.1053
7351721 6710000 1082951381=203026697+534134466+391190576 238743811 4934803893 10.2404
7362715 6720000 1084540493=203324699+534922033+391760717 239049964 4941314016 11.8418
7373679 6730000 1086148040=203624390+535712320+392345396 239363349 4947998242 10.9188
7384646 6740000 1087740825=203922277+536500492+392918570 239671743 4954602382 10.4559
7395560 6750000 1089340806=204221116+537288042+393499051 239978325 4961151699 11.0143
7406561 6760000 1090928080=204518396+538068958+394074857 240282656 4967640036 16.7723
7417492 6770000 1092494057=204809192+538834804+394648915 240583211 4974060747 37.4717
7428447 6780000 1094097797=205108099+539621782+395233737 240888779 4980601482 15.8892
7439380 6790000 1095688556=205405269+540402708+395812926 241193328 4987109548 15.1452
7450379 6800000 1097298375=205706498+541192782+396399001 241503501 4993736792 10.7737
7461309 6810000 1098825694=205992923+541944730+396951485 241796714 5000000435 10.2456
7472297 6820000 1100392002=206285848+542713861+397521480 242097323 5006391353 11.2768
7483211 6830000 1101947879=206579117+543484350+398079150 242396579 5012800206 19.9175
7494114 6840000 1103526787=206875621+544266294+398646100 242700456 5019276580 29.0611
7505085 6850000 1105128362=207175726+545049782+399231539 243007121 5025807958 15.5121
7516008 6860000 1106683885=207468307+545813046+399797662 243304240 5032153213 12.9585
7526957 6870000 1108196300=207752036+546555902+400346904 243596066 5038362980 10.4223
7537912 6880000 1109730188=208039389+547310098+400903091 243890443 5044644115 10.5868
7548790 6890000 1111271254=208326372+548063779+401467831 244187223 5050989531 12.365
7559708 6900000 1112796531=208613112+548816777+402017359 244477071 5057201599 26.8137
7570600 6910000 1114331888=208901575+549575585+402570708 244772343 5063503658 17.2348
7581515 6920000 1115811673=209179967+550306635+403103194 245053684 5069493585 13.7744
7592449 6930000 1117306786=209462449+551045934+403639105 245330556 5075423825 12.6207
7603327 6940000 1118785411=209744237+551782127+404162844 245614360 5081474453 10.3212
7614197 6950000 1120290936=210028022+552525409+404704895 245902844 5087623491 10.7012
7625129 6960000 1121761453=210306889+553251148+405234200 246181315 5093571436 11.88
7636057 6970000 1123266001=210590782+554000757+405768877 246466539 5099688140 27.4914
7646990 6980000 1124739593=210869641+554732463+406294604 246748180 5105716932 21.8704
7657954 6990000 1126188751=211145757+555453227+406808846 247021928 5111554000 17.4789
7668961 7000000 1127668902=211426413+556187195+407337540 247304971 5117597043 14.7748
7679936 7010000 1129061003=211690883+556875358+407835881 247568506 5123224260 10.7705
7690902 7020000 1130527901=211968967+557604595+408357932 247848432 5129186568 10.9428
7701895 7030000 1131996473=212247639+558333171+408881710 248127154 5135128265 11.9278
7712825 7040000 1133438873=212522839+559052094+409391172 248408477 5141074753 13.8063
7723728 7050000 1134911894=212802534+559786101+409912934 248686673 5147014560 22.804
7734650 7060000 1136366086=213079620+560511906+410426126 248961654 5152879656 12.5762
7745562 7070000 1137819975=213354392+561228466+410949789 249234203 5158712544 15.5247
7756442 7080000 1139286201=213632589+561958240+411470241 249515569 5164701722 12.0323
7767374 7090000 1140780122=213916094+562698881+412003528 249794203 5170664226 11.541
7778289 7100000 1142291161=214203602+563450106+412540329 250083551 5176818370 12.7218
7789255 7110000 1143845922=214496349+564218219+413100501 250378176 5183123002 18.834
7800233 7120000 1145348700=214781446+564961845+413638687 250663551 5189207733 18.2702
7811238 7130000 1146878811=215071761+565720327+414184866 250958566 5195466802 30.2248
7822192 7140000 1148417422=215363315+566486993+414730726 251251601 5201736185 14.4728
7833168 7150000 1149900415=215646273+567231510+415249935 251534942 5207789552 10.5115
7844051 7160000 1151494950=215948365+568023288+415818095 251841705 5214316005 11.0697
7854924 7170000 1153090446=216248709+568818422+416385668 252147262 5220805713 12.0143
7865872 7180000 1154655372=216544949+569590557+416949111 252440428 5227075762 14.3375
7876832 7190000 1156251067=216846686+570385655+417515932 252742615 5233546709 13.75
7887789 7200000 1157866900=217150672+571186339+418095011 253049544 5240114960 12.4194
7898780 7210000 1159475820=217453117+571984577+418670783 253358049 5246713423 13.1866
7909739 7220000 1161103319=217760378+572796277+419248364 253668992 5253375182 11.0059
7920667 7230000 1162743862=218068186+573608684+419837344 253978070 5260000451 11.194
7931624 7240000 1164379441=218376424+574418483+420423720 254290964 5266693416 13.0681
7942609 7250000 1166084085=218698479+575268286+421029417 254617924 5273643595 31.3475
7953604 7260000 1167792389=219020030+576117517+421638714 254947536 5280681155 16.5922
7964620 7270000 1169495761=219337970+576959835+422252767 255274313 5287672216 13.6789
7975601 7280000 1171277082=219670200+577843409+422891810 255611840 5294905438 12.5259
7986569 7290000 1173101969=220011282+578742523+423552756 255968268 5302484844 12.0117
7997599 7300000 1174931667=220351688+579638656+424221662 256319123 5309941099 14.4139
Total lines processed: 7301745
8206450
4456562
OUBLK INBLK
    -     -
rchar: 619195562131
wchar: 76262270046
syscr: 176139278
syscw: 73699
read_bytes: 6231470080
write_bytes: 76272500736
cancelled_write_bytes: 21635072
12170128
148969728
