Csz: 2, pgsz: 4096
File page count: 256
File page count: 449130
File page count: 524288
File page count: 524288
Stg buf: 32mb, Idx1 buf: 32mb, Idx1+ buf: 16mb
Idx1 entry count limit: 25 million, Idx2 buf: 32mb
File page count: 30111
Csz: 2, pgsz: 4096
File page count: 0
File page count: 0
Stg buf: 32mb, Idx1 buf: 32mb, Idx1+ buf: 16mb
Idx1 entry count limit: 25 million, Idx2 buf: 32mb
File page count: 0
Total lines processed: 3275
Block Count:1, 36
Avg Block Count:7843 = 282365 / 36
Avg Max Count:0, 10652, 52
Block Count:0, 1
Avg Block Count:0 = 0 / 1
Avg Max Count:0, 0, 0
BloomFilter
    bits: 275693837
    estimated elements: 25000000
    number hashes: 8
    max false positive rate: 0.005000
    bloom length (8 bits): 34461730
    elements added: 0
    estimated elements added: 0
    current false positive rate: 0.000000
    export size (bytes): 34461750
    number bits set: 0
    is on disk: no
Block Count:0, 1
Avg Block Count:0 = 0 / 1
Avg Max Count:0, 0, 0
BloomFilter
    bits: 330832604
    estimated elements: 30000000
    number hashes: 8
    max false positive rate: 0.005000
    bloom length (8 bits): 41354076
    elements added: 0
    estimated elements added: 0
    current false positive rate: 0.000000
    export size (bytes): 41354096
    number bits set: 0
    is on disk: no
Level Count:2
Level Count:1
Level Count:1
1 4
1 4
Max word len: 52
Total words generated: 508392
Words inserted 282365
Words updated: 299272
cache requests:  0, Misses: 0, Flush#: 1
cache requests:  0, Misses: 0, Flush#: 0
cache requests:  0, Misses: 0, Flush#: 0
OUBLK INBLK
    -     -
rchar: 132104900
wchar: 91300126
syscr: 563
syscw: 97
read_bytes: 618496
write_bytes: 85536768
cancelled_write_bytes: 0
768
167064
Csz: 2, pgsz: 4096
File page count: 0
File page count: 0
Stg buf: 32mb, Idx1 buf: 32mb, Idx1+ buf: 16mb
Idx1 entry count limit: 25 million, Idx2 buf: 32mb
File page count: 0
10988 10000 60 1 w0 r0 m0 f0 r0 p20
 1502009=280567+736357+547318 i721658 u998423 u0 t2.575
22023 20000 60 3 w7735 r0 m0 f367 r0 p20
 2970299=556558+1459020+1077812 i1299209 u2102895 u0 t3.063
Idx1+ lookups: 1872010 1871985 
Idx1+ positiv: 25 51643 
Idx1+ found  : 25 51643 
33024 30000 60 3 w27658 r10756 m16771 f417 r1270504 p500
 4455591=837142+2190955+1612898 i1852391 u3251575 u0 t3.204
44043 40000 66 3 w52676 r30897 m39911 f461 r2612701 p500
 6021768=1126498+2950354+2194339 i2403108 u4491603 u0 t3.698
55121 50000 66 3 w86331 r59843 m71926 f522 r3820101 p500
 7457432=1399039+3657323+2711810 i2899495 u5640597 u0 t3.482
Idx1+ lookups: 3542128 3540581 
Idx1+ positiv: 1547 217712 
Idx1+ found  : 1547 217712 
66115 60000 66 3 w132180 r97536 m115388 f602 r5289248 p500
 8882525=1666288+4349737+3237298 i3372066 u6798479 u0 t3.739
77117 70000 66 4 w183644 r142353 m165076 f695 r7188946 p500
 10323681=1938542+5063745+3753209 i3851018 u7971772 u0 t3.83
88102 80000 66 4 w240953 r194019 m221450 f800 r9099045 p500
 11702242=2200826+5741136+4250267 i4299728 u9103082 u0 t3.688
Idx1+ lookups: 5188320 5182847 
Idx1+ positiv: 5473 434976 
Idx1+ found  : 5473 434976 
99095 90000 66 4 w308207 r255199 m287828 f924 r11207455 p500
 13139065=2468368+6445510+4774403 i4761616 u10286594 u0 t4.167
110113 100000 66 4 w380133 r321418 m358767 f1058 r13175856 p500
 14570300=2739305+7152735+5287868 i5211290 u11477401 u0 t4.439
121109 110000 66 4 w457486 r392579 m434636 f1203 r15189914 p500
 15981984=3006512+7851613+5792984 i5655730 u12651059 u0 t4.175
Idx1+ lookups: 6769859 6755027 
Idx1+ positiv: 14832 668815 
Idx1+ found  : 14832 668815 
132028 120000 66 4 w538708 r469487 m515612 f1357 r17074048 p500
 17532484=3286822+8590277+6386159 i6106532 u13969042 u0 t4.198
142990 130000 66 4 w633141 r557563 m608970 f1535 r19321774 p500
 18986448=3562710+9311119+6905248 i6548879 u15193514 u0 t4.322
153925 140000 66 4 w727309 r646939 m702808 f1714 r21299535 p500
 20474477=3841729+10051396+7435263 i6999138 u16448960 u0 t4.346
Idx1+ lookups: 8368699 8331022 
Idx1+ positiv: 37677 921890 
Idx1+ found  : 37677 921887 
164855 150000 66 4 w831638 r745205 m806245 f1912 r23456920 p500
 21982251=4126056+10796461+7976893 i7453888 u17721979 u0 t4.498
175812 160000 66 4 w941910 r849632 m915694 f2122 r25613659 p500
 23584909=4417148+11560934+8588302 i7914229 u19089936 u0 t4.548
186797 170000 66 4 w1055783 r957640 m1028858 f2339 r27820877 p500
 25060643=4694278+12291216+9118384 i8355287 u20340529 u0 t4.545
Idx1+ lookups: 9950025 9872067 
Idx1+ positiv: 77958 1186369 
Idx1+ found  : 77958 1186363 
197847 180000 66 4 w1167948 r1065205 m1140878 f2554 r29827169 p500
 26594805=4977567+13035840+9687961 i8800877 u21648837 u0 t4.649
208776 190000 66 4 w1294557 r1185825 m1266860 f2796 r32117059 p500
 28107430=5261667+13783743+10232285 i9242517 u22940730 u0 t4.743
219728 200000 66 4 w1417798 r1304378 m1389917 f3033 r34183494 p500
 29612928=5546285+14529981+10770299 i9679782 u24229836 u0 t4.653
Idx1+ lookups: 11554597 11416032 
Idx1+ positiv: 138565 1466308 
Idx1+ found  : 138565 1466293 
230584 210000 66 4 w1553388 r1433987 m1524856 f3293 r36486025 p500
 31176719=5839236+15302598+11333221 i10127173 u25573869 u0 t4.882
241548 220000 66 4 w1681945 r1558533 m1653711 f3541 r38499252 p500
 32683216=6122373+16045650+11876729 i10560684 u26866454 u0 t4.726
252514 230000 66 4 w1832406 r1703624 m1804474 f3830 r40950918 p500
 34281334=6415992+16823378+12467909 i11011556 u28242798 u0 t5.079
Idx1+ lookups: 13169065 12951581 
Idx1+ positiv: 217484 1753321 
Idx1+ found  : 217484 1753290 
263483 240000 66 4 w1972435 r1839358 m1944974 f4100 r43101268 p500
 35779646=6698842+17564571+13004988 i11440135 u29531606 u0 t4.834
274496 250000 66 4 w2110509 r1973902 m2083832 f4367 r45136267 p500
 37310769=6986369+18323484+13553505 i11876641 u30849726 u0 t4.831
285461 260000 66 4 w2262396 r2122365 m2237375 f4660 r47410287 p500
 38803051=7268863+19066410+14083606 i12299710 u32138128 u0 t6.188
Idx1+ lookups: 14801407 14486800 
Idx1+ positiv: 314607 2049128 
Idx1+ found  : 314607 2049053 
296415 270000 66 4 w2408842 r2265713 m2385386 f4943 r49504145 p500
 40291660=7548931+19800727+14620226 i12719617 u33423835 u0 t5.374
307437 280000 66 4 w2564568 r2418739 m2543337 f5244 r51707184 p500
 41798390=7832680+20548382+15159093 i13142025 u34728685 u0 t5.042
318462 290000 66 4 w2730524 r2582083 m2711816 f5565 r54024043 p500
 43400958=8135339+21341253+15733409 i13591134 u36116205 u0 t5.303
Idx1+ lookups: 16439953 16016278 
Idx1+ positiv: 423675 2351650 
Idx1+ found  : 423675 2351500 
329483 300000 66 4 w2903119 r2752687 m2887681 f5899 r56383259 p500
 45028067=8442234+22155263+16308545 i14053075 u37520931 u0 t5.434
340525 310000 66 4 w3075877 r2924738 m3065156 f6233 r58747430 p500
 46615498=8738046+22934138+16886727 i14489506 u38901705 u0 t5.309
Idx1+ lookups: 18072420 17528460 
Idx1+ positiv: 543960 2652096 
Idx1+ found  : 543960 2651809 
351480 320000 94 4 w3246495 r3093940 m3239648 f6563 r61041736 p500
 48198444=9038935+23721499+17447383 i14924286 u40281191 u0 t5.345
362496 330000 94 4 w3409429 r3256961 m3407285 f6879 r63126551 p500
 49733444=9330284+24482692+17993474 i15348084 u41617139 u0 t5.056
373551 340000 94 4 w3584258 r3432076 m3587390 f7218 r65389792 p500
 51290420=9626097+25253246+18550462 i15776823 u42973431 u0 t5.337
Idx1+ lookups: 19718691 19039871 
Idx1+ positiv: 678820 2960478 
Idx1+ found  : 678820 2959946 
384689 350000 94 4 w3764291 r3613491 m3773989 f7567 r67673089 p500
 52863841=9922129+26021395+19125405 i16211252 u44340451 u0 t5.536
395874 360000 94 4 w3948178 r3799720 m3965248 f7924 r69995858 p500
 54481113=10221859+26805577+19724920 i16659778 u45741061 u0 t5.561
406862 370000 94 4 w4142605 r3998475 m4169564 f8301 r72462891 p500
 56127737=10531055+27599843+20335875 i17111954 u47171665 u0 t5.69
Idx1+ lookups: 21377479 20553548 
Idx1+ positiv: 823931 3267682 
Idx1+ found  : 823931 3266713 
417894 380000 94 4 w4321793 r4180580 m4356498 f8649 r74666527 p500
 57710652=10827571+28373736+20913921 i17550060 u48545625 u0 t5.944
428912 390000 94 4 w4502841 r4367321 m4547935 f9001 r76859032 p500
 59267668=11118998+29134387+21483671 i17976993 u49900768 u0 t5.686
439874 400000 94 4 w4692317 r4563212 m4748934 f9369 r79152800 p500
 60798949=11403897+29878773+22048738 i18389886 u51239419 u0 t5.637
Idx1+ lookups: 23039242 22059741 
Idx1+ positiv: 979501 3581394 
Idx1+ found  : 979501 3579815 
450859 410000 94 4 w4883799 r4762489 m4953321 f9741 r81452408 p500
 62344803=11692810+30638301+22610561 i18812380 u52587232 u0 t5.628
461847 420000 94 4 w5062053 r4948612 m5143851 f10088 r83520334 p500
 63844431=11974358+31373784+23155226 i19219115 u53897765 u0 t5.314
472807 430000 94 4 w5266275 r5163042 m5363606 f10485 r85949575 p500
 65437780=12274970+32155539+23733015 i19647666 u55293921 u0 t5.779
Idx1+ lookups: 24704539 23558907 
Idx1+ positiv: 1145632 3899793 
Idx1+ found  : 1145632 3897198 
483790 440000 94 4 w5460214 r5367742 m5572883 f10863 r88140674 p500
 67045767=12575174+32948774+24314528 i20083492 u56700280 u0 t5.663
494708 450000 94 4 w5677070 r5597335 m5807894 f11285 r90656276 p500
 68699472=12883619+33764275+24912530 i20527372 u58150457 u0 t6.01
Idx1+ lookups: 26382001 25059658 
Idx1+ positiv: 1322343 4226602 
Idx1+ found  : 1322343 4222614 
505590 460000 94 4 w5883227 r5817642 m6032956 f11687 r92962676 p500
 70351532=13192036+34579703+25508940 i20970533 u59600197 u0 t5.955
516566 470000 94 4 w6101043 r6050311 m6271017 f12111 r95430598 p500
 71990802=13497983+35383004+26106829 i21406006 u61040699 u0 t6.014
527520 480000 94 4 w6320521 r6286357 m6512626 f12538 r97904301 p500
 73645399=13806248+36198720+26705964 i21848386 u62493062 u0 t6.144
cache requests:  97944042, Misses: 6516660, Flush#: 12545
File page count: 234543
File page count: 0
Idx1+ lookups: 28056367 182574 26550066 
Idx1+ positiv: 1505837 464 4556253 
Idx1+ found  : 1505837 464 4550253 
538466 490000 94 3 w6956 r0 m0 f331 r0 p20
 75322036=14118226+37019796+27319560 i22291198 u63969022 u0 t5.623
549399 500000 94 3 w16254 r3995 m7844 f399 r997899 p500
 77023425=14443739+37852951+27939452 i22739713 u65468188 u0 t5.673
Idx1+ lookups: 29732967 1668019 27993573 
Idx1+ positiv: 1696992 42402 4851491 
Idx1+ found  : 1696992 42402 4843341 
560288 510000 94 3 w33875 r15733 m23665 f426 r2239160 p500
 78683779=14754211+38673947+28537979 i23175074 u66935019 u0 t5.689
571192 520000 94 3 w59062 r35066 m47678 f467 r3390425 p500
 80352712=15063905+39495351+29144443 i23615138 u68405648 u0 t5.589
582148 530000 94 3 w94830 r63965 m82309 f527 r4684851 p500
 82036336=15378372+40322769+29756566 i24055898 u69892902 u0 t5.722
Idx1+ lookups: 31409016 3142030 29385435 
Idx1+ positiv: 1899030 124551 5102706 
Idx1+ found  : 1899030 124551 5092405 
593039 540000 94 4 w140278 r102781 m126457 f607 r6554786 p500
 83771290=15699382+41171815+30392891 i24502016 u71431902 u0 t6.052
604123 550000 94 4 w186590 r143594 m171978 f690 r8295217 p500
 85292841=15985696+41911091+30952926 i24892730 u72782467 u0 t5.209
615220 560000 94 4 w231208 r183397 m215817 f771 r9827484 p500
 86578406=16228956+42541143+31420369 i25220409 u73927540 u0 t4.489
Idx1+ lookups: 33059380 4589671 30718916 
Idx1+ positiv: 2101753 238711 5322761 
Idx1+ found  : 2101753 238711 5310292 
626410 570000 94 4 w275805 r224621 m260597 f853 r11188898 p500
 87844101=16466215+43152805+31889826 i25539748 u75056102 u0 t4.294
637646 580000 94 4 w329064 r272664 m312770 f951 r12727611 p500
 89076810=16700413+43755344+32338702 i25850251 u76157717 u0 t4.775
648847 590000 94 4 w378518 r318334 m361792 f1043 r14037038 p500
 90374030=16941574+44376422+32827115 i26161957 u77327724 u0 t4.329
660023 600000 94 4 w434103 r369568 m417008 f1146 r15484083 p500
 91532382=17161983+44938682+33251932 i26450897 u78365274 u0 t4.082
Idx1+ lookups: 34673998 6002341 31992405 
Idx1+ positiv: 2303701 377892 5515429 
Idx1+ found  : 2303701 377892 5500825 
671169 610000 94 4 w489388 r421272 m471924 f1250 r16767831 p500
 92677881=17380618+45496976+33670550 i26735788 u79392552 u0 t4.283
682330 620000 94 4 w547511 r475292 m529427 f1359 r18116541 p500
 93822077=17600425+46050280+34090645 i27017530 u80420625 u0 t4.231
Total lines processed: 622829
Block Count:1, 127
Avg Block Count:280274 = 35594817 / 127
Avg Max Count:0, 10412, 94
Block Count:478, 63079
Avg Block Count:105 = 6637665 / 63079
Avg Max Count:195, 146, 64
BloomFilter
    bits: 275693837
    estimated elements: 25000000
    number hashes: 8
    max false positive rate: 0.005000
    bloom length (8 bits): 34461730
    elements added: 6637665
    estimated elements added: 6245556
    current false positive rate: 0.000001
    export size (bytes): 34461750
    number bits set: 45698440
    is on disk: no
Block Count:0, 1
Avg Block Count:0 = 0 / 1
Avg Max Count:0, 0, 0
BloomFilter
    bits: 275693837
    estimated elements: 25000000
    number hashes: 8
    max false positive rate: 0.005000
    bloom length (8 bits): 34461730
    elements added: 25000000
    estimated elements added: 21008997
    current false positive rate: 0.005017
    export size (bytes): 34461750
    number bits set: 125840321
    is on disk: no
Block Count:33, 5480
Avg Block Count:137 = 751810 / 5480
Avg Max Count:248, 204, 94
BloomFilter
    bits: 330832604
    estimated elements: 30000000
    number hashes: 8
    max false positive rate: 0.005000
    bloom length (8 bits): 41354076
    elements added: 751810
    estimated elements added: 751033
    current false positive rate: 0.000000
    export size (bytes): 41354096
    number bits set: 5954037
    is on disk: no
Level Count:2
Level Count:4
Level Count:1
Level Count:3
1 4
1 4
Max word len: 94
Total words generated: 94169783
Words inserted 27103588
Words updated: 80732326
cache requests:  0, Misses: 0, Flush#: 6
cache requests:  18596476, Misses: 550223, Flush#: 1398
cache requests:  0, Misses: 0, Flush#: 262
cache requests:  6570700, Misses: 1305179, Flush#: 1686
OUBLK INBLK
    -     -
rchar: 33348030407
wchar: 32035046233
syscr: 8095937
syscw: 7771744
read_bytes: 61079552
write_bytes: 11092295680
cancelled_write_bytes: 0
119296
21664640
