Csz: 10000, pgsz: 4096
File page count: 0
File page count: 0
File page count: 0
10988 10000 60 1 w0 r0 m0 f0 r0 p20
 1502009=280567+736357+547318 i721658 u998423 u0 t1.549
22023 20000 60 1 w0 r0 m0 f0 r0 p20
 2970299=556558+1459020+1077812 i1299209 u2102895 u0 t1.655
33024 30000 60 1 w0 r0 m0 f0 r0 p20
 4455591=837142+2190955+1612898 i1852391 u3251575 u0 t1.727
44043 40000 66 1 w0 r0 m0 f0 r0 p20
 6021768=1126498+2950354+2194339 i2403108 u4491603 u0 t1.893
55121 50000 66 1 w0 r0 m0 f0 r0 p20
 7457432=1399039+3657323+2711810 i2899495 u5640597 u0 t1.765
66115 60000 66 1 w0 r0 m0 f0 r0 p20
 8882525=1666288+4349737+3237298 i3372066 u6798479 u0 t1.727
77117 70000 66 1 w0 r0 m0 f0 r0 p20
 10323681=1938542+5063745+3753209 i3851018 u7971772 u0 t1.809
88102 80000 66 1 w0 r0 m0 f0 r0 p20
 11702242=2200826+5741136+4250267 i4299728 u9103082 u0 t1.769
99095 90000 66 1 w0 r0 m0 f0 r0 p20
 13139065=2468368+6445510+4774403 i4761616 u10286594 u0 t1.851
110113 100000 66 1 w0 r0 m0 f0 r0 p20
 14570300=2739305+7152735+5287868 i5211290 u11477401 u0 t1.852
121109 110000 66 1 w0 r0 m0 f0 r0 p20
 15981984=3006512+7851613+5792984 i5655730 u12651059 u0 t1.857
132028 120000 66 1 w0 r0 m0 f0 r0 p20
 17532484=3286822+8590277+6386159 i6106532 u13969042 u0 t2.187
142990 130000 66 1 w0 r0 m0 f0 r0 p20
 18986448=3562710+9311119+6905248 i6548879 u15193514 u0 t1.967
153925 140000 66 1 w0 r0 m0 f0 r0 p20
 20474477=3841729+10051396+7435263 i6999138 u16448960 u0 t1.977
164855 150000 66 1 w0 r0 m0 f0 r0 p20
 21982251=4126056+10796461+7976893 i7453888 u17721979 u0 t2.02
175812 160000 66 1 w0 r0 m0 f0 r0 p20
 23584909=4417148+11560934+8588302 i7914229 u19089936 u0 t2.092
186797 170000 66 1 w0 r0 m0 f0 r0 p20
 25060643=4694278+12291216+9118384 i8355287 u20340529 u0 t2.024
197847 180000 66 1 w0 r0 m0 f0 r0 p20
 26594805=4977567+13035840+9687961 i8800877 u21648837 u0 t2.088
208776 190000 66 1 w0 r0 m0 f0 r0 p20
 28107430=5261667+13783743+10232285 i9242517 u22940730 u0 t2.097
219728 200000 66 1 w0 r0 m0 f0 r0 p20
 29612928=5546285+14529981+10770299 i9679782 u24229836 u0 t2.321
230584 210000 66 1 w0 r0 m0 f0 r0 p20
 31176719=5839236+15302598+11333221 i10127173 u25573869 u0 t2.21
241548 220000 66 1 w0 r0 m0 f0 r0 p20
 32683216=6122373+16045650+11876729 i10560684 u26866454 u0 t2.117
252514 230000 66 1 w0 r0 m0 f0 r0 p20
 34281334=6415992+16823378+12467909 i11011556 u28242798 u0 t2.182
263483 240000 66 1 w0 r0 m0 f0 r0 p20
 35779646=6698842+17564571+13004988 i11440135 u29531606 u0 t2.111
274496 250000 66 1 w0 r0 m0 f0 r0 p20
 37310769=6986369+18323484+13553505 i11876641 u30849726 u0 t2.161
285461 260000 66 1 w0 r0 m0 f0 r0 p20
 38803051=7268863+19066410+14083606 i12299710 u32138128 u0 t2.129
296415 270000 66 1 w0 r0 m0 f0 r0 p20
 40291660=7548931+19800727+14620226 i12719617 u33423835 u0 t2.119
307437 280000 66 1 w0 r0 m0 f0 r0 p20
 41798390=7832680+20548382+15159093 i13142025 u34728685 u0 t2.172
318462 290000 66 1 w0 r0 m0 f0 r0 p20
 43400958=8135339+21341253+15733409 i13591134 u36116205 u0 t2.272
329483 300000 66 1 w0 r0 m0 f0 r0 p20
 45028067=8442234+22155263+16308545 i14053075 u37520931 u0 t2.342
340525 310000 66 1 w0 r0 m0 f0 r0 p20
 46615498=8738046+22934138+16886727 i14489506 u38901705 u0 t2.261
351480 320000 94 1 w0 r0 m0 f0 r0 p20
 48198444=9038935+23721499+17447383 i14924286 u40281191 u0 t2.259
362496 330000 94 1 w0 r0 m0 f0 r0 p20
 49733444=9330284+24482692+17993474 i15348084 u41617139 u0 t2.225
373551 340000 94 1 w0 r0 m0 f0 r0 p20
 51290420=9626097+25253246+18550462 i15776823 u42973431 u0 t2.278
384689 350000 94 1 w0 r0 m0 f0 r0 p20
 52863841=9922129+26021395+19125405 i16211252 u44340451 u0 t2.31
395874 360000 94 3 w4837 r0 m0 f230 r0 p20
 54481113=10221859+26805577+19724920 i16660238 u45740601 u0 t2.596
406862 370000 94 3 w15131 r0 m0 f720 r0 p20
 56127737=10531055+27599843+20335875 i17115318 u47168301 u0 t2.961
417894 380000 94 3 w24122 r0 m0 f1148 r0 p20
 57710652=10827571+28373736+20913921 i17558367 u48537318 u0 t2.909
428912 390000 94 4 w33135 r0 m0 f1577 r0 p20
 59267668=11118998+29134387+21483671 i17992315 u49885446 u0 t2.925
439874 400000 94 4 w41325 r0 m0 f1967 r0 p20
 60798949=11403897+29878773+22048738 i18413657 u51215648 u0 t2.849
450859 410000 94 4 w49937 r0 m0 f2377 r0 p20
 62344803=11692810+30638301+22610561 i18846501 u52553111 u0 t2.941
461847 420000 94 4 w58653 r0 m0 f2792 r0 p20
 63844431=11974358+31373784+23155226 i19264971 u53851909 u0 t5.327
472807 430000 94 4 w67477 r0 m0 f3212 r0 p20
 65437780=12274970+32155539+23733015 i19707635 u55233952 u0 t5.221
483790 440000 94 4 w75479 r0 m0 f3593 r0 p20
 67045767=12575174+32948774+24314528 i20159147 u56624625 u0 t4.402
494708 450000 94 4 w84216 r0 m0 f4009 r0 p20
 68699472=12883619+33764275+24912530 i20620733 u58057096 u0 t3.458
505590 460000 94 4 w91881 r0 m0 f4374 r0 p20
 70351532=13192036+34579703+25508940 i21082609 u59488121 u0 t3.128
516566 470000 94 4 w98583 r0 m0 f4693 r0 p20
 71990802=13497983+35383004+26106829 i21537308 u60909397 u0 t3.055
527520 480000 94 4 w105053 r0 m0 f5001 r0 p20
 73645399=13806248+36198720+26705964 i22000404 u62341044 u0 t3.085
538466 490000 94 4 w112741 r0 m0 f5367 r0 p20
 75322036=14118226+37019796+27319560 i22464695 u63795525 u0 t3.171
549399 500000 94 4 w119840 r0 m0 f5705 r0 p20
 77023425=14443739+37852951+27939452 i22938136 u65269765 u0 t3.223
560288 510000 94 4 w126644 r0 m0 f6029 r0 p20
 78683779=14754211+38673947+28537979 i23397070 u66713023 u0 t3.154
571192 520000 94 4 w133239 r0 m0 f6343 r0 p20
 80352712=15063905+39495351+29144443 i23860340 u68160446 u0 t3.163
582148 530000 94 4 w140043 r0 m0 f6667 r0 p20
 82036336=15378372+40322769+29756566 i24326025 u69622775 u0 t3.206
593039 540000 94 4 w146826 r0 m0 f6990 r0 p20
 83771290=15699382+41171815+30392891 i24797952 u71135966 u0 t3.283
604123 550000 94 4 w152497 r0 m0 f7260 r0 p20
 85292841=15985696+41911091+30952926 i25211216 u72463981 u0 t2.916
615220 560000 94 4 w157600 r0 m0 f7503 r0 p20
 86578406=16228956+42541143+31420369 i25558008 u73589941 u0 t2.506
626410 570000 94 4 w161899 r197 m2299 f7620 r1355764 p1500
 87844101=16466215+43152805+31889826 i25896737 u74699113 u0 t2.407
637646 580000 94 4 w166887 r2065 m8863 f7623 r4377507 p1500
 89076810=16700413+43755344+32338702 i26226215 u75781753 u0 t2.383
648847 590000 94 4 w172048 r6042 m17420 f7626 r7375023 p1500
 90374030=16941574+44376422+32827115 i26557288 u76932393 u0 t2.433
660023 600000 94 4 w177267 r11522 m27398 f7629 r10257263 p1500
 91532382=17161983+44938682+33251932 i26865007 u77951164 u0 t2.273
671169 610000 94 4 w182636 r18964 m38941 f7632 r12917570 p1500
 92677881=17380618+45496976+33670550 i27168155 u78960185 u0 t2.251
682330 620000 94 4 w186204 r27756 m51490 f7634 r15465310 p1500
 93822077=17600425+46050280+34090645 i27467855 u79970300 u0 t2.253
693457 630000 94 4 w193303 r39066 m67688 f7638 r18531262 p1500
 95055697=17831544+46649550+34545330 i27784916 u81064757 u0 t4.229
704731 640000 94 4 w198332 r52704 m85744 f7641 r21407594 p1500
 96294487=18063003+47246521+35007532 i28104258 u82161896 u0 t3.257
715916 650000 94 4 w201854 r67247 m104337 f7643 r24088940 p1500
 97439920=18281492+47802828+35427035 i28403826 u83174341 u0 t2.489
727122 660000 94 4 w208867 r84817 m126869 f7647 r27247688 p1500
 98670868=18515586+48399959+35879326 i28722241 u84265216 u0 t2.506
738273 670000 94 4 w214049 r104793 m152428 f7650 r30740357 p1500
 99875743=18744879+48985343+36321344 i29034920 u85332818 u0 t2.47
749495 680000 94 4 w220911 r126140 m178461 f7654 r33856259 p1500
 101042383=18969139+49551143+36748337 i29334038 u86370377 u0 t2.387
760693 690000 94 4 w226134 r150804 m207996 f7657 r37136033 p1500
 102254980=19199662+50136770+37196455 i29649798 u87442541 u0 t2.499
771972 700000 94 4 w231395 r177878 m239759 f7660 r40429505 p1500
 103465720=19428892+50723315+37642786 i29966635 u88511925 u0 t2.504
783287 710000 94 4 w237918 r206136 m273158 f7664 r43954062 p1500
 104639900=19653350+51296043+38070532 i30273305 u89550542 u0 t2.511
794503 720000 94 4 w243485 r235941 m307328 f7667 r47208264 p1500
 105795637=19874772+51860524+38490375 i30575666 u90572573 u0 t2.449
805629 730000 94 4 w248971 r269384 m346583 f7670 r51365493 p1500
 107012879=20104345+52440052+38949652 i30892583 u91646652 u0 t2.594
816809 740000 94 4 w256495 r302540 m384893 f7674 r55016529 p1500
 108170750=20322040+52988329+39390324 i31188380 u92672629 u0 t2.449
827890 750000 94 4 w263322 r337358 m424343 f7678 r58508182 p1500
 109346023=20541989+53535547+39846975 i31481697 u93719132 u0 t2.44
839058 760000 94 4 w269669 r372930 m464816 f7682 r62106469 p1500
 110457274=20754203+54068761+40260181 i31765763 u94706584 u0 t2.385
850231 770000 94 4 w276932 r413975 m510470 f7687 r65819115 p1500
 111644530=20977813+54640699+40701567 i32072318 u95757932 u0 t2.544
861324 780000 94 4 w282307 r453812 m554684 f7691 r69418020 p1500
 112756712=21190675+55177904+41111668 i32363374 u96740144 u0 t2.444
872344 790000 94 4 w290666 r496477 m601512 f7695 r73106386 p1500
 113901230=21409743+55727856+41536166 i32655807 u97757819 u0 t2.484
883522 800000 94 4 w298539 r541262 m650722 f7700 r76755694 p1500
 115052446=21630279+56283615+41960828 i32951173 u98780498 u0 t2.499
894714 810000 94 4 w305345 r586032 m698902 f7705 r79937978 p1500
 116160183=21843397+56812897+42374928 i33237870 u99761142 u0 t2.388
905844 820000 94 4 w312001 r632095 m748214 f7712 r83005034 p1500
 117283223=22058021+57355645+42788962 i33526148 u100758380 u0 t2.406
916882 830000 94 4 w318705 r685874 m805389 f7725 r86525657 p1500
 118549967=22298052+57962861+43262652 i33856073 u101876732 u0 t2.687
927964 840000 94 4 w325407 r739261 m861517 f7732 r89672541 p1500
 119743936=22526809+58544733+43697164 i34172813 u102928261 u0 t2.569
939033 850000 94 4 w331951 r796335 m920840 f7743 r92571919 p1500
 121004026=22765154+59154770+44162145 i34506150 u104037108 u0 t2.756
950128 860000 94 4 w337839 r853197 m979821 f7752 r95390115 p1500
 122238911=23000263+59758465+44610481 i34835425 u105122605 u0 t2.625
961260 870000 94 4 w343005 r909668 m1038758 f7759 r98427933 p1500
 123458245=23233306+60350981+45056196 i35158607 u106195674 u0 t2.606
972424 880000 94 4 w349240 r966589 m1097344 f7766 r100963866 p1500
 124673076=23464513+60935225+45507237 i35480065 u107263962 u0 t2.554
983571 890000 94 4 w354840 r1024732 m1157290 f7775 r103840017 p1500
 125884344=23693920+61524697+45951042 i35803307 u108327360 u0 t2.597
994789 900000 94 4 w359377 r1079251 m1212968 f7783 r105918749 p1500
 127057734=23916914+62089299+46386563 i36107081 u109366233 u0 t2.425
1005944 910000 94 4 w361654 r1134970 m1270104 f7787 r108327655 p1500
 128303145=24152135+62684289+46852631 i36415118 u110481853 u0 t2.5
1017100 920000 94 4 w367242 r1188533 m1324862 f7794 r110628009 p1500
 129430532=24368313+63227679+47268900 i36707358 u111480305 u0 t2.404
1028294 930000 94 4 w372740 r1240740 m1378495 f7801 r112985057 p1500
 130528677=24578028+63757612+47674284 i36991836 u112452918 u0 t2.382
1039422 940000 94 4 w377583 r1296532 m1435587 f7811 r115327717 p1500
 131687827=24798360+64320403+48099629 i37294271 u113477762 u0 t2.456
1050473 950000 94 4 w382259 r1352434 m1492561 f7817 r117453279 p1500
 132854633=25020472+64887893+48525919 i37593958 u114514301 u0 t2.433
1061568 960000 94 4 w386576 r1408315 m1549434 f7825 r119493016 p1500
 134043070=25250333+65467521+48956681 i37894030 u115577039 u0 t2.45
1072599 970000 94 4 w390539 r1467582 m1609679 f7836 r121599502 p1500
 135291847=25485760+66067542+49422293 i38209057 u116689816 u0 t2.549
1083733 980000 94 4 w393122 r1521535 m1664528 f7840 r123485045 p1500
 136399100=25701026+66611278+49818919 i38492254 u117676885 u0 t2.345
1094785 990000 94 4 w398044 r1576345 m1720243 f7846 r125506353 p1500
 137519050=25917257+67155540+50227043 i38781292 u118671250 u0 t2.388
1105876 1000000 94 4 w401533 r1633235 m1778074 f7856 r127554451 p1500
 138665713=26137695+67717784+50640862 i39078741 u119688851 u0 t2.439
1117034 1010000 94 4 w405671 r1688734 m1834496 f7867 r129553370 p1500
 139787403=26354448+68264708+51048328 i39369742 u120683219 u0 t2.387
1128112 1020000 94 4 w408829 r1745799 m1892485 f7875 r131531543 p1500
 140921791=26573668+68822755+51454807 i39666363 u121688025 u0 t2.419
1139060 1030000 94 4 w413778 r1809906 m1957449 f7884 r133637208 p1500
 142169262=26814500+69435817+51902697 i39997400 u122787628 u0 t2.662
1150007 1040000 94 4 w418254 r1881905 m2030662 f7893 r136160479 p1500
 143561529=27079998+70114418+52410413 i40365603 u124013628 u0 t2.954
1160894 1050000 94 4 w421980 r1957503 m2107389 f7903 r138626019 p1500
 144998334=27351326+70820475+52930359 i40750863 u125274513 u0 t3.084
1171814 1060000 94 4 w428225 r2030826 m2181880 f7913 r141103700 p1500
 146379096=27613815+71499763+53428048 i41120916 u126486790 u0 t2.978
1182789 1070000 94 4 w432716 r2105301 m2257559 f7925 r143630716 p1500
 147771413=27879098+72187374+53926681 i41494905 u127709241 u0 t3.007
1193726 1080000 94 4 w437158 r2178136 m2331589 f7935 r146081646 p1500
 149134067=28139227+72857138+54417549 i41858347 u128907596 u0 t2.942
1204582 1090000 94 4 w442867 r2254852 m2409737 f7947 r148714859 p1500
 150558189=28410800+73563244+54924922 i42241289 u130157853 u0 t3.09
1215452 1100000 94 4 w448529 r2332789 m2489357 f7963 r151560269 p1500
 152005113=28686816+74275924+55445128 i42623158 u131433975 u0 t3.156
1226363 1110000 94 4 w454908 r2414715 m2573013 f7974 r154468506 p1500
 153500823=28969235+75014161+55983169 i43021831 u132749710 u0 t3.326
1237247 1120000 94 4 w460166 r2492550 m2652483 f7983 r157005234 p1500
 154937436=29243149+75724625+56496704 i43400312 u134018291 u0 t3.112
1248176 1130000 94 4 w467241 r2573894 m2735822 f7994 r159928251 p1500
 156402735=29522272+76447278+57022338 i43789828 u135308533 u0 t3.239
1259068 1140000 94 4 w473743 r2655903 m2819960 f8006 r163002208 p1500
 157861130=29797985+77168674+57545265 i44180084 u136589869 u0 t3.238
1269968 1150000 94 4 w481242 r2738965 m2905376 f8017 r166076435 p1500
 159329507=30076803+77900612+58066164 i44572186 u137881890 u0 t3.271
1280888 1160000 94 4 w489642 r2823113 m2991921 f8028 r169333625 p1500
 160787360=30353505+78624948+58585504 i44965003 u139160763 u0 t3.707
1291754 1170000 94 4 w498165 r2909109 m3080595 f8039 r172733553 p1500
 162257086=30632524+79353396+59110035 i45359062 u140452171 u0 t3.358
1302652 1180000 94 4 w506607 r2995517 m3169442 f8053 r175935683 p1500
 163740225=30914948+80088433+59638609 i45752840 u141759735 u0 t3.449
1313613 1190000 94 4 w515597 r3082529 m3259042 f8066 r179127204 p1500
 165222365=31196415+80824289+60167001 i46148277 u143064166 u0 t3.595
1324596 1200000 94 4 w524513 r3170516 m3349866 f8080 r182528017 p1500
 166705142=31477697+81562307+60693492 i46543102 u144370331 u0 t3.372
1335456 1210000 94 4 w533501 r3261776 m3444099 f8091 r186018445 p1500
 168224635=31765451+82316176+61235830 i46950609 u145705218 u0 t3.454
1346441 1220000 94 4 w543995 r3354884 m3540124 f8104 r189628302 p1500
 169783151=32059976+83084342+61797326 i47360496 u147081132 u0 t3.517
1357399 1230000 94 4 w554136 r3450072 m3638558 f8118 r193331166 p1500
 171340127=32353047+83856368+62354089 i47773836 u148452550 u0 t3.544
1368385 1240000 94 4 w564203 r3548985 m3741041 f8138 r197330598 p1500
 172947613=32655799+84649796+62933488 i48200054 u149868200 u0 t3.7
1379469 1250000 94 4 w575995 r3651669 m3847181 f8155 r201394146 p1500
 174578358=32960715+85458237+63518400 i48636133 u151300710 u0 t3.731
1390543 1260000 94 4 w588106 r3754702 m3953828 f8171 r205435294 p1500
 176216496=33265768+86260659+64117377 i49068411 u152743169 u0 t3.722
1401635 1270000 94 4 w600507 r3858391 m4060342 f8189 r209068850 p1500
 177844400=33572064+87068311+64699573 i49504216 u154173658 u0 t3.688
1412662 1280000 94 4 w611109 r3961707 m4166991 f8209 r212790407 p1500
 179448464=33876559+87868585+65267070 i49935483 u155582884 u0 t3.671
1423732 1290000 94 4 w621520 r4064888 m4273316 f8223 r216472886 p1500
 181048818=34176735+88658077+65844470 i50363854 u156988369 u0 t3.684
1434749 1300000 94 4 w632838 r4172218 m4384298 f8244 r220563937 p1500
 182708017=34486060+89473649+66447223 i50806185 u158446043 u0 t3.799
1445738 1310000 94 4 w644649 r4282488 m4498029 f8262 r224558786 p1500
 184393707=34802515+90300279+67060585 i51260472 u159922016 u0 t3.839
1456743 1320000 94 4 w655812 r4393267 m4612451 f8280 r228766266 p1500
 186070233=35117420+91124338+67668658 i51709746 u161393007 u0 t3.843
1467716 1330000 94 4 w668159 r4509113 m4731636 f8295 r232816718 p1500
 187826318=35446440+91987570+68306202 i52177610 u162936183 u0 t4.016
1478847 1340000 94 4 w680203 r4625960 m4852326 f8314 r237247036 p1500
 189576204=35770547+92843092+68948286 i52647136 u164469054 u0 t4.002
1489858 1350000 94 4 w692480 r4741604 m4971650 f8339 r241547501 p1500
 191293706=36091274+93689714+69570365 i53111331 u165972117 u0 t3.961
1500812 1360000 94 4 w705177 r4852438 m5085763 f8367 r245592839 p1500
 192945491=36397576+94496222+70177412 i53555208 u167418825 u0 t3.803
1511816 1370000 94 4 w717627 r4966885 m5203704 f8391 r249711854 p1500
 194629037=36712329+95326971+70785495 i54006915 u168896051 u0 t3.892
1522795 1380000 94 4 w729676 r5079575 m5319850 f8410 r253771267 p1500
 196261107=37016280+96132860+71375071 i54447410 u170324832 u0 t3.834
1533703 1390000 94 4 w741461 r5194712 m5438333 f8430 r257836719 p1500
 197916580=37324592+96947275+71976458 i54898209 u171769930 u0 t3.84
1544569 1400000 94 4 w754314 r5310116 m5557305 f8457 r262099452 p1500
 199559259=37633478+97759355+72566898 i55339205 u173211646 u0 t3.861
1555499 1410000 94 4 w768720 r5434689 m5685895 f8486 r266743883 p1500
 201315494=37961628+98624605+73202706 i55810302 u174751727 u0 t4.121
1566395 1420000 94 4 w783135 r5558736 m5813851 f8515 r271257577 p1500
 203040851=38283744+99480615+73821800 i56273198 u176266020 u0 t4.134
1577238 1430000 94 4 w797104 r5683639 m5942079 f8545 r275507252 p1500
 204769957=38606559+100338547+74442479 i56737335 u177782945 u0 t4.06
1588118 1440000 98 4 w811114 r5810144 m6072319 f8582 r279973820 p1500
 206501964=38930451+101195825+75064964 i57205048 u179299533 u0 t4.116
1598949 1450000 98 4 w825763 r5938671 m6204475 f8621 r284308679 p1500
 208268958=39258963+102068645+75703593 i57679514 u180849059 u0 t4.151
1609797 1460000 98 4 w839584 r6068493 m6337791 f8652 r288768525 p1500
 210044947=39588611+102945770+76346406 i58152293 u182409792 u0 t4.47
1620630 1470000 98 4 w854025 r6198112 m6471276 f8686 r293400148 p1500
 211794585=39917933+103814704+76971470 i58618583 u183948551 u0 t4.254
1631477 1480000 98 4 w870381 r6328701 m6606151 f8719 r298326293 p1500
 213544045=40245037+104679189+77602221 i59086464 u185484351 u0 t4.3
1642373 1490000 98 4 w887280 r6463532 m6744870 f8754 r303046612 p1500
 215341282=40581295+105569208+78248299 i59564727 u187065145 u0 t4.282
1653233 1500000 98 4 w903640 r6599363 m6884768 f8791 r307861451 p1500
 217140861=40916401+106459891+78897104 i60043170 u188648262 u0 t4.287
1664130 1510000 98 4 w918846 r6732227 m7021347 f8829 r312252631 p1500
 218918863=41246819+107335188+79542979 i60513291 u190213654 u0 t4.188
1675034 1520000 98 4 w933673 r6866903 m7159354 f8868 r316500108 p1500
 220707784=41578832+108217124+80191733 i60986360 u191788976 u0 t4.219
1685958 1530000 98 4 w948927 r7004755 m7300969 f8904 r320940155 p1500
 222527080=41916354+109112653+80853015 i61468507 u193389867 u0 t4.36
1696847 1540000 98 4 w964668 r7141259 m7441262 f8940 r325448549 p1500
 224315178=42247473+109988212+81508049 i61942406 u194961890 u0 t4.225
1707676 1550000 98 4 w980397 r7281945 m7585477 f8981 r329777428 p1500
 226145550=42585444+110889061+82174592 i62429896 u196569329 u0 t4.328
1718573 1560000 98 4 w995411 r7422925 m7730334 f9022 r334188159 p1500
 227977335=42923424+111787999+82844857 i62915356 u198179471 u0 t4.37
1729487 1570000 98 4 w1011354 r7559948 m7871151 f9063 r338478223 p1500
 229753615=43251320+112659502+83494703 i63383759 u199743789 u0 t4.247
1740347 1580000 98 4 w1026155 r7697952 m8012403 f9107 r342346673 p1500
 231553104=43584046+113540125+84154536 i63857927 u201328586 u0 t4.196
1751207 1590000 98 4 w1041344 r7839968 m8158418 f9138 r346709069 p1500
 233379940=43922520+114439161+84819335 i64340922 u202936321 u0 t4.32
1762023 1600000 98 4 w1056067 r7979200 m8301217 f9179 r350647963 p1500
 235155843=44253361+115316780+85460372 i64811345 u204499812 u0 t4.229
1772878 1610000 98 4 w1071541 r8119075 m8445139 f9217 r354919200 p1500
 236929770=44581602+116184385+86111454 i65279917 u206061177 u0 t4.258
1783723 1620000 98 4 w1087843 r8258822 m8588596 f9259 r358922035 p1500
 238688807=44908360+117054935+86745918 i65745519 u207610116 u0 t4.199
1794607 1630000 98 4 w1102128 r8399278 m8732307 f9293 r362561776 p1500
 240464479=45236722+117925167+87395629 i66216880 u209170234 u0 t4.174
1805498 1640000 98 4 w1116066 r8541552 m8877848 f9333 r366225176 p1500
 242254153=45568300+118810419+88042816 i66690197 u210746480 u0 t4.251
1816421 1650000 98 4 w1130549 r8685574 m9025472 f9367 r370094685 p1500
 244050465=45899876+119697682+88694298 i67168638 u212324494 u0 t4.47
1827273 1660000 98 4 w1145001 r8830567 m9174235 f9406 r374010792 p1500
 245854599=46234183+120581771+89354321 i67645448 u213912068 u0 t4.57
1838160 1670000 98 4 w1161067 r8976009 m9323361 f9455 r377789247 p1500
 247658504=46569017+121468086+90011465 i68124584 u215497583 u0 t4.343
1849005 1680000 98 4 w1176085 r9118604 m9469660 f9497 r381588433 p1500
 249430278=46895842+122335533+90661291 i68590522 u217059128 u0 t4.221
1859879 1690000 98 4 w1191121 r9257923 m9612898 f9530 r385440210 p1500
 251131279=47212315+123178813+91272934 i69040692 u218557773 u0 t4.121
1870739 1700000 98 4 w1207424 r9402143 m9760844 f9577 r389232635 p1500
 252891045=47539369+124052324+91905247 i69505440 u220109129 u0 t4.24
1881698 1710000 98 4 w1222542 r9540219 m9902430 f9622 r392712242 p1500
 254580511=47855132+124886720+92515242 i69949835 u221600069 u0 t4.12
1892578 1720000 98 4 w1237564 r9681521 m10047680 f9654 r396549248 p1500
 256293646=48175630+125733252+93133036 i70399698 u223113029 u0 t4.172
1903425 1730000 98 4 w1254698 r9826075 m10196675 f9691 r400562224 p1500
 258022915=48497011+126587322+93759138 i70855735 u224637872 u0 t4.235
1914319 1740000 98 4 w1271981 r9973853 m10348493 f9735 r404418929 p1500
 259815209=48830592+127465985+94414637 i71326883 u226217700 u0 t4.328
1925121 1750000 98 4 w1286898 r10117038 m10494924 f9777 r407829335 p1500
 261541348=49152781+128320704+95035878 i71782829 u227739681 u0 t4.16
1936035 1760000 98 4 w1302785 r10267663 m10649933 f9815 r411963559 p1500
 263330395=49486167+129206644+95680325 i72257998 u229314041 u0 t4.452
1946942 1770000 98 4 w1320685 r10411134 m10797650 f9855 r415858398 p1500
 265050284=49805914+130048834+96309106 i72703418 u230837021 u0 t4.197
1957829 1780000 98 4 w1337454 r10554870 m10945381 f9904 r419527837 p1500
 266753303=50124838+130892409+96920932 i73152346 u232339914 u0 t4.185
1968722 1790000 98 4 w1353820 r10702343 m11096852 f9947 r423234473 p1500
 268493552=50448739+131746780+97555161 i73610851 u233873720 u0 t4.257
1979581 1800000 98 4 w1370234 r10844566 m11243232 f9989 r427073271 p1500
 270164288=50760785+132567358+98163038 i74052686 u235344727 u0 t4.184
1990482 1810000 98 4 w1386595 r10986480 m11389151 f10023 r430859337 p1500
 271830252=51072079+133383609+98770962 i74488071 u236816628 u0 t4.1
2001382 1820000 98 4 w1404135 r11128992 m11535797 f10070 r434644776 p1500
 273492871=51381902+134197434+99378998 i74927318 u238280539 u0 t4.111
2012247 1830000 98 4 w1421466 r11274351 m11685541 f10117 r438528214 p1500
 275187120=51698829+135031055+99993704 i75371280 u239776737 u0 t4.208
2023129 1840000 98 4 w1439920 r11418958 m11834600 f10162 r442452685 p1500
 276861603=52011532+135854419+100601958 i75810630 u241254597 u0 t4.239
2034053 1850000 98 4 w1457857 r11568125 m11987906 f10200 r446272888 p1500
 278586086=52334286+136703614+101226354 i76263784 u242776507 u0 t4.258
2044917 1860000 98 4 w1475037 r11713058 m12137041 f10247 r450091277 p1500
 280251224=52646494+137526857+101826009 i76699269 u244248930 u0 t4.158
2055814 1870000 98 4 w1492957 r11860902 m12289045 f10298 r453869685 p1500
 281924750=52958788+138352252+102431703 i77147432 u245717579 u0 t4.203
2066728 1880000 98 4 w1510822 r12006699 m12438887 f10348 r457584398 p1500
 283579260=53268199+139169715+103028509 i77582827 u247177486 u0 t4.204
2077660 1890000 98 4 w1528395 r12152840 m12589438 f10385 r461525591 p1500
 285237044=53579292+139988643+103625286 i78017672 u248641733 u0 t4.261
2088614 1900000 98 4 w1546032 r12299216 m12739580 f10427 r465061021 p1500
 286912655=53892335+140810185+104236352 i78457626 u250119554 u0 t4.207
2099586 1910000 98 4 w1562472 r12447980 m12891987 f10470 r468535458 p1500
 288616243=54209093+141647327+104856783 i78902648 u251624883 u0 t4.631
2110524 1920000 98 4 w1578084 r12592460 m13040349 f10512 r472143786 p1500
 290241237=54514629+142446303+105445717 i79328874 u253059502 u0 t4.111
2121483 1930000 98 4 w1597704 r12744638 m13197281 f10554 r476337091 p1500
 291923570=54829825+143276743+106052519 i79773526 u254542213 u0 t4.289
2132440 1940000 98 4 w1616414 r12891048 m13347762 f10604 r480048325 p1500
 293565784=55136148+144083806+106649839 i80204918 u255990988 u0 t4.153
2143340 1950000 98 4 w1635549 r13041840 m13502841 f10658 r483912736 p1500
 295239019=55448867+144906211+107257969 i80644270 u257467811 u0 t4.261
2154286 1960000 98 4 w1653250 r13186673 m13651673 f10703 r487620502 p1500
 296860107=55753648+145703015+107845359 i81068476 u258900578 u0 t4.178
2165157 1970000 98 4 w1670232 r13326730 m13795792 f10752 r491256862 p1500
 298412591=56044542+146464173+108410700 i81473501 u260272942 u0 t3.951
2176142 1980000 98 4 w1688716 r13467939 m13941013 f10797 r494827684 p1500
 299979496=56338337+147235354+108978397 i81883333 u261657849 u0 t3.985
2187090 1990000 98 4 w1707845 r13619217 m14097120 f10837 r499047821 p1500
 301618575=56644428+148044181+109570873 i82316720 u263101890 u0 t4.214
2198031 2000000 98 4 w1728087 r13763234 m14245255 f10890 r502818537 p1500
 303185210=56938923+148817650+110135184 i82729044 u264484848 u0 t4.108
2208970 2010000 98 4 w1746673 r13906390 m14392910 f10943 r506723962 p1500
 304752540=57232180+149587337+110705170 i83137072 u265871396 u0 t4.045
2219875 2020000 98 4 w1766593 r14051459 m14541861 f10988 r510317524 p1500
 306334455=57532948+150371332+111270400 i83552962 u267268986 u0 t4.046
2230717 2030000 98 4 w1784298 r14191725 m14686351 f11030 r514068673 p1500
 307845651=57817948+151122157+111809532 i83948617 u268605867 u0 t3.918
2241553 2040000 98 4 w1803434 r14334077 m14832632 f11080 r517682897 p1500
 309373570=58105978+151881084+112355392 i84353854 u269952157 u0 t3.953
2252478 2050000 98 4 w1821498 r14477930 m14980338 f11121 r521223916 p1500
 310917801=58397346+152645204+112909519 i84761853 u271314303 u0 t4.06
2263400 2060000 98 4 w1840278 r14620852 m15127346 f11161 r524931568 p1500
 312460636=58688083+153405052+113466755 i85167207 u272676534 u0 t4.707
2274335 2070000 98 4 w1858655 r14764259 m15274896 f11213 r528624637 p1500
 314006113=58979074+154169481+114021866 i85571399 u274043704 u0 t4.858
2285238 2080000 98 4 w1876403 r14902120 m15416343 f11248 r531998190 p1500
 315479761=59257781+154893633+114554732 i85955925 u275347913 u0 t4
2296195 2090000 98 4 w1895601 r15044253 m15562551 f11301 r535601360 p1500
 317001742=59547160+155648315+115097246 i86352707 u276696156 u0 t3.989
2307093 2100000 98 4 w1914014 r15188973 m15711555 f11354 r539394062 p1500
 318548784=59841585+156419314+115645210 i86755395 u278068539 u0 t4.018
2317991 2110000 98 4 w1934225 r15331769 m15858472 f11391 r543114006 p1500
 320065310=60129116+157167613+116190543 i87149834 u279412503 u0 t3.936
2328915 2120000 98 4 w1952612 r15471529 m16001832 f11440 r546585516 p1500
 321540226=60409484+157900375+116714932 i87536349 u280717450 u0 t3.953
2339889 2130000 98 4 w1972183 r15615426 m16149354 f11484 r549965954 p1500
 323065272=60697602+158658425+117258241 i87939292 u282063580 u0 t3.991
2350849 2140000 98 4 w1989112 r15756960 m16294179 f11529 r553228313 p1500
 324569276=60981045+159406540+117794073 i88333907 u283393505 u0 t3.875
2361818 2150000 98 4 w2005940 r15898132 m16439154 f11580 r556778691 p1500
 326046163=61261072+160142425+118317711 i88723935 u284698110 u0 t3.871
2372703 2160000 98 4 w2025894 r16043389 m16587972 f11616 r560236740 p1500
 327582195=61550056+160900281+118871928 i89125824 u286056003 u0 t3.962
2383611 2170000 98 4 w2041492 r16179299 m16726972 f11668 r563399147 p1500
 329020933=61822910+161615512+119384128 i89503211 u287328892 u0 t3.788
2394538 2180000 98 4 w2058238 r16317378 m16868084 f11705 r566463167 p1500
 330471640=62098697+162341500+119894769 i89885997 u288611214 u0 t3.754
2405448 2190000 98 4 w2076592 r16468165 m17022724 f11761 r570147100 p1500
 332047282=62396171+163128686+120452548 i90300337 u290004399 u0 t4.109
2416385 2200000 98 4 w2096792 r16615104 m17173551 f11812 r573803290 p1500
 333572677=62685022+163886371+120996698 i90699925 u291353938 u0 t4.008
2427291 2210000 98 4 w2115286 r16756273 m17318021 f11849 r577105254 p1500
 335055154=62966105+164620723+121527332 i91086829 u292666759 u0 t3.856
2438224 2220000 98 4 w2132927 r16900875 m17465830 f11900 r580369290 p1500
 336562228=63251799+165373345+122060347 i91483952 u293998656 u0 t4.421
2449156 2230000 98 4 w2151605 r17048217 m17616677 f11948 r583812454 p1500
 338098470=63544181+166137065+122607037 i91885082 u295359297 u0 t5.704
2460085 2240000 98 4 w2170863 r17199364 m17771168 f11999 r587229503 p1500
 339674657=63843460+166921569+123166530 i92300942 u296750980 u0 t4.196
2471031 2250000 98 4 w2189659 r17357985 m17933533 f12059 r590961275 p1500
 341328221=64154313+167736404+123763464 i92737380 u298208707 u0 t4.36
2481891 2260000 98 4 w2209316 r17510863 m18089963 f12125 r594545813 p1500
 342920094=64455060+168519044+124339193 i93151704 u299617659 u0 t4.163
2492839 2270000 98 4 w2229213 r17664816 m18247338 f12161 r598024692 p1500
 344524932=64756130+169308970+124920291 i93570067 u301038059 u0 t4.144
2503770 2280000 98 4 w2248671 r17824316 m18410410 f12220 r601666900 p1500
 346165173=65065475+170120749+125508611 i94001554 u302486469 u0 t4.279
2514685 2290000 98 4 w2269917 r17981014 m18570891 f12263 r605435215 p1500
 347777859=65367628+170914357+126092672 i94422911 u303912791 u0 t4.334
2525687 2300000 98 4 w2290766 r18141480 m18734618 f12321 r608925855 p1500
 349430556=65676533+171726819+126692647 i94854996 u305372841 u0 t4.29
2536614 2310000 98 4 w2309917 r18300498 m18896772 f12365 r612364883 p1500
 351071462=65982636+172534843+127287338 i95285751 u306821481 u0 t4.253
2547690 2320000 98 4 w2329956 r18467505 m19067405 f12433 r616139858 p1500
 352775789=66300993+173374078+127904919 i95737880 u308320903 u0 t4.451
2558712 2330000 98 4 w2352735 r18634266 m19237672 f12486 r619900452 p1500
 354479327=66619347+174214406+128520924 i96186552 u309823223 u0 t4.536
2569709 2340000 98 4 w2373739 r18798772 m19406112 f12540 r623911918 p1500
 356119816=66929029+175032721+129102657 i96619177 u311272437 u0 t4.401
2580699 2350000 98 4 w2397474 r18970926 m19581866 f12602 r627795373 p1500
 357866975=67253212+175889572+129740737 i97079527 u312812378 u0 t5.013
2591715 2360000 98 4 w2419595 r19139170 m19753841 f12652 r631691617 p1500
 359567798=67570319+176725970+130359050 i97528315 u314311003 u0 t4.495
2602831 2370000 98 4 w2441499 r19312633 m19930551 f12717 r635331621 p1500
 361333804=67899239+177596044+130999241 i97998274 u315863783 u0 t4.603
2613986 2380000 98 4 w2462709 r19487846 m20109342 f12761 r639094471 p1500
 363142494=68230806+178475866+131670096 i98471746 u317458813 u0 t4.653
2624949 2390000 98 4 w2484194 r19667007 m20292137 f12833 r643098645 p1500
 364958248=68564735+179361240+132340268 i98956697 u319050858 u0 t4.842
2635909 2400000 98 4 w2508589 r19849045 m20478066 f12880 r647198250 p1500
 366793742=68902584+180257977+133015990 i99450338 u320656679 u0 t4.834
2646913 2410000 98 4 w2531553 r20024214 m20657178 f12951 r651294228 p1500
 368547157=69226360+181113701+133662101 i99921018 u322191577 u0 t4.649
2657884 2420000 98 4 w2555321 r20192864 m20829368 f12997 r655144782 p1500
 370250743=69543018+181948977+134283775 i100371765 u323690829 u0 t4.501
2668918 2430000 98 4 w2578835 r20361875 m21001956 f13072 r659073857 p1500
 371945334=69856854+182774867+134907321 i100823969 u325177007 u0 t4.552
2679809 2440000 98 4 w2602132 r20529537 m21173477 f13114 r663074713 p1500
 373593593=70165486+183587194+135502816 i101272817 u326615875 u0 t4.507
2690746 2450000 98 4 w2626083 r20697235 m21344563 f13191 r666689900 p1500
 375264732=70476391+184414187+136105363 i101721639 u328081187 u0 t4.48
2701594 2460000 98 4 w2647940 r20873592 m21524512 f13235 r670501624 p1500
 377026942=70804695+185280946+136745118 i102191836 u329628638 u0 t4.67
2712475 2470000 98 4 w2669725 r21047150 m21701475 f13309 r674343399 p1500
 378737275=71123412+186129022+137359567 i102650070 u331129951 u0 t4.647
2723357 2480000 98 4 w2694546 r21223416 m21881646 f13353 r678429737 p1500
 380487328=71448458+186993347+137992245 i103114189 u332670199 u0 t5.008
2734166 2490000 98 4 w2718952 r21395889 m22057562 f13438 r682179891 p1500
 382198024=71767925+187837149+138610940 i103570947 u334172864 u0 t4.688
2745023 2500000 98 4 w2742168 r21574163 m22239558 f13479 r686276166 p1500
 383959910=72094368+188705051+139251002 i104038487 u335722846 u0 t4.774
2755880 2510000 98 4 w2767781 r21750068 m22419194 f13561 r690188459 p1500
 385703183=72418174+189565646+139881674 i104505735 u337252049 u0 t4.783
2766772 2520000 98 4 w2791613 r21929330 m22602245 f13608 r694308827 p1500
 387463931=72744988+190431472+140522086 i104977820 u338796190 u0 t4.746
2777605 2530000 98 4 w2815621 r22105215 m22781589 f13680 r698110457 p1500
 389210244=73071112+191290844+141155276 i105440835 u340332967 u0 t4.845
2788466 2540000 98 4 w2839690 r22288363 m22968906 f13731 r702407228 p1500
 390993925=73405001+192169511+141801295 i105914460 u341901537 u0 t4.854
2799329 2550000 98 4 w2868525 r22477670 m23161966 f13812 r706613037 p1500
 392854436=73747080+193084041+142481179 i106409261 u343535755 u0 t5.064
2810193 2560000 98 4 w2893662 r22655626 m23343716 f13859 r710679235 p1500
 394586175=74069906+193939383+143107047 i106878891 u345049364 u0 t4.74
2821115 2570000 98 4 w2919150 r22837847 m23529549 f13933 r714687103 p1500
 396373854=74400331+194815983+143761024 i107356609 u346617072 u0 t4.977
2832025 2580000 98 4 w2948413 r23029752 m23726246 f13992 r719525847 p1500
 398201283=74740010+195716692+144423960 i107847884 u348218292 u0 t5.112
2842894 2590000 98 4 w2974799 r23207873 m23907647 f14060 r723274369 p1500
 399960875=75065982+196579442+145067439 i108317373 u349762882 u0 t4.84
2853742 2600000 98 4 w2999286 r23396506 m24099973 f14123 r727350916 p1500
 401811634=75407233+197492344+145739777 i108812286 u351386772 u0 t5.077
2864632 2610000 98 4 w3026705 r23586668 m24294283 f14192 r731723090 p1500
 403667966=75750169+198409680+146411818 i109305704 u353018874 u0 t5.102
2875503 2620000 98 4 w3055018 r23777176 m24489330 f14277 r736328362 p1500
 405501187=76090975+199311909+147078283 i109795187 u354628426 u0 t5.229
2886360 2630000 98 4 w3082681 r23964762 m24680654 f14327 r740380506 p1500
 407318394=76428580+200209416+147736246 i110280571 u356224402 u0 t4.972
2897239 2640000 98 4 w3109063 r24152346 m24872131 f14403 r744561925 p1500
 409133084=76766405+201102314+148395438 i110763410 u357818826 u0 t5.008
2908079 2650000 98 4 w3135808 r24343964 m25067513 f14459 r748694477 p1500
 410998892=77114178+202021249+149071777 i111262530 u359456006 u0 t5.102
2919336 2660000 98 4 w3162139 r24533994 m25261608 f14531 r753024734 p1500
 412865095=77458535+202937691+149753790 i111752266 u361101725 u0 t5.142
2930193 2670000 98 4 w3190542 r24727559 m25459034 f14594 r757218746 p1500
 414758028=77807462+203871479+150441590 i112255225 u362765622 u0 t5.264
2941058 2680000 98 4 w3214478 r24914209 m25649244 f14663 r761149179 p1500
 416562298=78141604+204760082+151097021 i112738849 u364347425 u0 t4.994
2951948 2690000 98 4 w3242055 r25103905 m25842910 f14745 r765309536 p1500
 418394567=78482060+205663987+151760410 i113224550 u365959851 u0 t5.27
2962792 2700000 98 4 w3270108 r25291342 m26034313 f14790 r769490459 p1500
 420187245=78815085+206550897+152407374 i113703776 u367533871 u0 t5.003
2973731 2710000 98 4 w3295833 r25472822 m26219442 f14872 r773375743 p1500
 421964447=79147445+207422084+153055205 i114171683 u369099942 u0 t5.052
2984605 2720000 98 4 w3322016 r25657342 m26408036 f14918 r777559681 p1500
 423762171=79480129+208299528+153716891 i114643218 u370684366 u0 t5.518
2995574 2730000 98 4 w3349302 r25840474 m26594771 f15005 r781441438 p1500
 425541780=79809047+209170707+154369183 i115115659 u372247597 u0 t5.298
3006468 2740000 98 4 w3375717 r26028444 m26786385 f15050 r785311778 p1500
 427360559=80145053+210063381+155033678 i115599565 u373844265 u0 t5.542
3017345 2750000 98 4 w3400592 r26211776 m26973540 f15134 r789322918 p1500
 429112466=80471448+210929421+155665389 i116066665 u375383843 u0 t20.254
3028291 2760000 98 4 w3428445 r26395741 m27161602 f15178 r793465853 p1500
 430853628=80794053+211779723+156304391 i116534281 u376907888 u0 t7.51
3039192 2770000 98 4 w3455819 r26571244 m27340949 f15261 r797337451 p1500
 432538461=81107787+212604140+156920898 i116980664 u378389117 u0 t5.983
3050078 2780000 98 4 w3480024 r26746586 m27519689 f15301 r800938826 p1500
 434247277=81429031+213437682+157545343 i117432078 u379892579 u0 t8.053
3060975 2790000 98 4 w3506690 r26932680 m27709910 f15388 r805185809 p1500
 436026715=81761305+214309126+158194410 i117897902 u381462482 u0 t6.893
3071909 2800000 98 4 w3535851 r27107877 m27888653 f15435 r808887283 p1500
 437724222=82079132+215137533+158816103 i118343325 u382958883 u0 t6.689
3082762 2810000 98 4 w3562578 r27292537 m28077008 f15505 r812804466 p1500
 439502098=82407520+216004295+159471644 i118815505 u384519722 u0 t9.547
3093667 2820000 98 4 w3589281 r27476365 m28264798 f15554 r816849247 p1500
 441252475=82734828+216859883+160111731 i119280275 u386057075 u0 t7.64
3104606 2830000 98 4 w3617404 r27659705 m28452120 f15633 r820860809 p1500
 443006883=83060939+217716620+160755196 i119742736 u387601744 u0 t9.743
3115556 2840000 98 4 w3643567 r27836707 m28632898 f15681 r824695283 p1500
 444688481=83372733+218538469+161372236 i120186144 u389082216 u0 t7.837
3126447 2850000 98 4 w3669972 r28013648 m28813469 f15753 r828428000 p1500
 446373566=83687025+219365885+161985484 i120629883 u390567498 u0 t22.023
3137354 2860000 98 4 w3695851 r28188871 m28991996 f15806 r831995518 p1500
 448084410=84007360+220203015+162608631 i121078113 u392076829 u0 t8.028
3148306 2870000 98 4 w3719427 r28358581 m29165083 f15875 r835471258 p1500
 449709146=84311145+221001359+163198792 i121507281 u393508066 u0 t13.236
3159170 2880000 98 4 w3743866 r28530841 m29340696 f15921 r839046008 p1500
 451351882=84617909+221801999+163801990 i121940648 u394954092 u0 t8.51
3170031 2890000 98 4 w3768789 r28704142 m29517330 f16007 r842598406 p1500
 453013492=84929203+222613413+164410040 i122375197 u396421042 u0 t10.536
3180938 2900000 98 4 w3794689 r28878847 m29695942 f16051 r846503859 p1500
 454661681=85237778+223419314+165012236 i122807763 u397874821 u0 t9.536
3191816 2910000 98 4 w3821654 r29053868 m29874330 f16131 r850073927 p1500
 456350591=85550949+224239011+165637741 i123249951 u399363910 u0 t11.681
3202736 2920000 98 4 w3848515 r29235789 m30060118 f16176 r853936799 p1500
 458067183=85872730+225081734+166261324 i123704954 u400873839 u0 t14.86
3213588 2930000 98 4 w3874611 r29415525 m30243562 f16239 r857700398 p1500
 459765403=86191157+225911227+166882779 i124152522 u402369021 u0 t10.297
3224450 2940000 98 4 w3902610 r29595583 m30427297 f16303 r861389739 p1500
 461458958=86506014+226744049+167499073 i124604517 u403855418 u0 t21.63
3235384 2950000 98 4 w3928318 r29771528 m30606652 f16358 r864940618 p1500
 463116228=86815090+227563975+168096159 i125046754 u405311960 u0 t15.08
3246267 2960000 98 4 w3954365 r29956636 m30795548 f16433 r868790885 p1500
 464858603=87140346+228419120+168730537 i125510581 u406842631 u0 t12.028
3257218 2970000 98 4 w3982523 r30141293 m30983858 f16486 r872628066 p1500
 466613074=87466190+229282067+169368910 i125972627 u408388720 u0 t13.224
Total lines processed: 2976576
Block Count:5, 9995
Avg Block Count:12632
Avg Max Count:1916, 2414, 98
Block Count:313, 44184
Avg Block Count:91
Avg Max Count:218, 173, 98
Block Count:8509, 996273
Avg Block Count:98
Avg Max Count:175, 144, 85
Level Count:3
Level Count:4
Level Count:4
3333266 5
1797687 5
Max word len: 98
Total words generated: 467688906
Words inserted 126257290
Words updated: 409336195
total_cache_requests:  0
total_cache_misses:  0
cache_flush_count:  476
total_cache_requests:  80787872
total_cache_misses:  2205908
cache_flush_count:  981
total_cache_requests:  874967754
total_cache_misses:  31100855
cache_flush_count:  16544
