Csz: 250000, pgsz: 4096
File page count: 0
10988 10000 61 3 w8121 r0 m0 f307 r0 p20
 1502009=280567+736357+547318 i721650 u537043 u461388 t1.235
22023 20000 61 3 w13644 r0 m0 f570 r0 p20
 2970299=556558+1459020+1077812 i1299200 u1287196 u815708 t1.243
33024 30000 61 3 w18999 r0 m0 f825 r0 p20
 4455591=837142+2190955+1612898 i1852381 u2109928 u1141657 t1.294
44043 40000 67 3 w24354 r0 m0 f1080 r0 p20
 6021768=1126498+2950354+2194339 i2403097 u3035558 u1456056 t1.357
55121 50000 67 4 w29226 r0 m0 f1312 r0 p20
 7457432=1399039+3657323+2711810 i2899479 u3906854 u1733759 t1.292
66115 60000 67 4 w33867 r0 m0 f1533 r0 p20
 8882525=1666288+4349737+3237298 i3372047 u4806280 u1992218 t1.31
77117 70000 67 4 w38613 r0 m0 f1759 r0 p20
 10323681=1938542+5063745+3753209 i3850993 u5717240 u2254557 t1.369
88102 80000 67 4 w43212 r0 m0 f1978 r0 p20
 11702242=2200826+5741136+4250267 i4299700 u6604575 u2498535 t1.417
99095 90000 67 4 w47706 r0 m0 f2192 r0 p20
 13139065=2468368+6445510+4774403 i4761581 u7543499 u2743130 t1.534
110113 100000 67 4 w52284 r0 m0 f2410 r0 p20
 14570300=2739305+7152735+5287868 i5211252 u8499718 u2977721 t1.391
121109 110000 67 4 w56715 r0 m0 f2621 r0 p20
 15981984=3006512+7851613+5792984 i5655690 u9445351 u3205748 t1.378
132028 120000 67 4 w61293 r0 m0 f2839 r0 p20
 17532484=3286822+8590277+6386159 i6106489 u10525912 u3443173 t1.468
142990 130000 67 4 w65682 r0 m0 f3048 r0 p20
 18986448=3562710+9311119+6905248 i6548835 u11522118 u3671440 t1.421
153925 140000 67 4 w70155 r0 m0 f3261 r0 p20
 20474477=3841729+10051396+7435263 i6999082 u12549146 u3899870 t1.463
164855 150000 67 4 w74796 r0 m0 f3482 r0 p20
 21982251=4126056+10796461+7976893 i7453823 u13591474 u4130570 t1.488
175812 160000 67 4 w79458 r0 m0 f3704 r0 p20
 23584909=4417148+11560934+8588302 i7914154 u14722431 u4367580 t1.543
186797 170000 67 4 w83994 r0 m0 f3920 r0 p20
 25060643=4694278+12291216+9118384 i8355209 u15748131 u4592476 t1.481
197847 180000 67 4 w88572 r0 m0 f4138 r0 p20
 26594805=4977567+13035840+9687961 i8800793 u16829883 u4819038 t1.517
208776 190000 67 4 w93234 r0 m0 f4360 r0 p20
 28107430=5261667+13783743+10232285 i9242426 u17894477 u5046344 t1.534
219728 200000 67 4 w97770 r0 m0 f4576 r0 p20
 29612928=5546285+14529981+10770299 i9679690 u18959697 u5270231 t1.538
230584 210000 67 4 w102390 r0 m0 f4796 r0 p20
 31176719=5839236+15302598+11333221 i10127080 u20079672 u5494290 t1.588
241548 220000 67 4 w106779 r0 m0 f5005 r0 p20
 32683216=6122373+16045650+11876729 i10560588 u21151133 u5715417 t1.547
252514 230000 67 4 w111420 r0 m0 f5226 r0 p20
 34281334=6415992+16823378+12467909 i11011451 u22298869 u5944034 t1.614
263483 240000 67 4 w115788 r0 m0 f5434 r0 p20
 35779646=6698842+17564571+13004988 i11440028 u23368228 u6163485 t1.554
274496 250000 67 4 w120219 r0 m0 f5645 r0 p20
 37310769=6986369+18323484+13553505 i11876534 u24467754 u6382079 t1.636
285461 260000 67 4 w124482 r0 m0 f5848 r0 p20
 38803051=7268863+19066410+14083606 i12299599 u25543683 u6594556 t1.624
296415 270000 67 4 w128661 r0 m0 f6047 r0 p20
 40291660=7548931+19800727+14620226 i12719504 u26618826 u6805122 t1.568
307437 280000 67 4 w132987 r0 m0 f6253 r0 p20
 41798390=7832680+20548382+15159093 i13141907 u27712225 u7016578 t1.579
318462 290000 67 4 w137586 r0 m0 f6472 r0 p20
 43400958=8135339+21341253+15733409 i13591013 u28874030 u7242296 t1.675
329483 300000 67 4 w142332 r0 m0 f6698 r0 p20
 45028067=8442234+22155263+16308545 i14052953 u30055190 u7465863 t1.714
340525 310000 67 4 w146826 r0 m0 f6912 r0 p20
 46615498=8738046+22934138+16886727 i14489374 u31220521 u7681316 t1.648
351480 320000 95 4 w151341 r0 m0 f7127 r0 p20
 48198444=9038935+23721499+17447383 i14924145 u32384282 u7897050 t1.656
362496 330000 95 4 w155604 r0 m0 f7330 r0 p20
 49733444=9330284+24482692+17993474 i15347943 u33512855 u8104425 t1.611
373551 340000 95 4 w160140 r0 m0 f7546 r0 p20
 51290420=9626097+25253246+18550462 i15776682 u34654367 u8319205 t1.647
384689 350000 95 4 w164592 r0 m0 f7758 r0 p20
 52863841=9922129+26021395+19125405 i16211108 u35810319 u8530276 t1.648
395874 360000 95 4 w169170 r0 m0 f7976 r0 p20
 54481113=10221859+26805577+19724920 i16659624 u36990591 u8750624 t1.707
406862 370000 95 4 w173937 r0 m0 f8203 r0 p20
 56127737=10531055+27599843+20335875 i17111790 u38199655 u8972174 t1.727
417894 380000 95 4 w178662 r0 m0 f8428 r0 p20
 57710652=10827571+28373736+20913921 i17549885 u39361790 u9184010 t1.678
428912 390000 95 4 w183051 r0 m0 f8637 r0 p20
 59267668=11118998+29134387+21483671 i17976814 u40507363 u9393584 t1.653
439874 400000 95 4 w187272 r0 m0 f8838 r0 p20
 60798949=11403897+29878773+22048738 i18389704 u41643922 u9595679 t1.616
450859 410000 95 4 w191724 r0 m0 f9050 r0 p20
 62344803=11692810+30638301+22610561 i18812179 u42784328 u9803105 t1.654
461847 420000 95 4 w195924 r0 m0 f9250 r0 p20
 63844431=11974358+31373784+23155226 i19218908 u43894661 u10003311 t1.608
472807 430000 95 4 w200271 r0 m0 f9457 r0 p20
 65437780=12274970+32155539+23733015 i19647456 u45081892 u10212239 t1.692
483790 440000 95 4 w204786 r0 m0 f9672 r0 p20
 67045767=12575174+32948774+24314528 i20083271 u46273708 u10426793 t1.725
494708 450000 95 4 w209469 r0 m0 f9895 r0 p20
 68699472=12883619+33764275+24912530 i20527149 u47504759 u10645921 t1.786
505590 460000 95 4 w214152 r0 m0 f10118 r0 p20
 70351532=13192036+34579703+25508940 i20970307 u48740151 u10860272 t1.838
516566 470000 95 4 w218730 r0 m0 f10336 r0 p20
 71990802=13497983+35383004+26106829 i21405772 u49967836 u11073097 t1.808
527520 480000 95 4 w223308 r0 m0 f10554 r0 p20
 73645399=13806248+36198720+26705964 i21848151 u51203589 u11289708 t1.778
538466 490000 95 4 w227886 r0 m0 f10772 r0 p20
 75322036=14118226+37019796+27319560 i22290946 u52460115 u11509159 t1.795
549399 500000 95 4 w232632 r0 m0 f10998 r0 p20
 77023425=14443739+37852951+27939452 i22739454 u53731549 u11736898 t1.828
560288 510000 95 4 w237252 r0 m0 f11218 r0 p20
 78683779=14754211+38673947+28537979 i23174813 u54982374 u11952906 t1.801
571192 520000 95 4 w241872 r0 m0 f11438 r0 p20
 80352712=15063905+39495351+29144443 i23614877 u56239383 u12166526 t1.802
582148 530000 95 4 w246450 r0 m0 f11656 r0 p20
 82036336=15378372+40322769+29756566 i24055635 u57511493 u12381672 t1.816
593039 540000 95 4 w251091 r0 m0 f11877 r0 p20
 83771290=15699382+41171815+30392891 i24501748 u58826698 u12605472 t1.861
604123 550000 95 4 w255847 r845 m4323 f11925 r5993661 p180
 85292841=15985696+41911091+30952926 i24892441 u59979241 u12803515 t1.649
615220 560000 95 4 w265067 r3213 m10025 f11955 r11913089 p210
 86578406=16228956+42541143+31420369 i25220118 u60957533 u12970298 t1.437
626410 570000 95 4 w275807 r7181 m17314 f11988 r17727974 p244
 87844101=16466215+43152805+31889826 i25539456 u61920877 u13135517 t1.423
637646 580000 95 4 w287617 r12543 m25956 f12045 r23389105 p277
 89076810=16700413+43755344+32338702 i25849958 u62863728 u13294282 t1.406
648847 590000 95 4 w301306 r19650 m36385 f12080 r29281635 p310
 90374030=16941574+44376422+32827115 i26161657 u63868621 u13459403 t1.451
660023 600000 95 4 w314969 r27451 m47067 f12113 r34594649 p340
 91532382=17161983+44938682+33251932 i26450594 u64755764 u13609813 t1.343
671169 610000 95 4 w329685 r36350 m58965 f12146 r39843857 p369
 92677881=17380618+45496976+33670550 i26735479 u65635722 u13757139 t1.345
682330 620000 95 4 w345707 r46462 m71964 f12180 r45073744 p399
 93822077=17600425+46050280+34090645 i27017221 u66517329 u13903605 t1.353
693457 630000 95 4 w363358 r58472 m86961 f12235 r50695172 p428
 95055697=17831544+46649550+34545330 i27315438 u67472176 u14062059 t1.443
704731 640000 95 4 w381905 r71981 m103602 f12280 r56323412 p459
 96294487=18063003+47246521+35007532 i27615475 u68434653 u14216026 t1.46
715916 650000 95 4 w400860 r85897 m120367 f12314 r61555899 p488
 97439920=18281492+47802828+35427035 i27896131 u69319537 u14362499 t1.441
727122 660000 95 4 w423198 r102233 m139791 f12352 r67174436 p520
 98670868=18515586+48399959+35879326 i28194130 u70270812 u14522515 t1.543
738273 670000 95 4 w445439 r119361 m159910 f12388 r72667184 p550
 99875743=18744879+48985343+36321344 i28486210 u71205713 u14675815 t1.599
749495 680000 95 4 w468100 r136989 m180462 f12423 r77990321 p578
 101042383=18969139+49551143+36748337 i28765683 u72109915 u14828817 t2.694
760693 690000 95 4 w493856 r156935 m203515 f12461 r83516844 p609
 102254980=19199662+50136770+37196455 i29060204 u73049039 u14983096 t1.894
771972 700000 95 4 w520758 r178494 m228178 f12499 r89029240 p640
 103465720=19428892+50723315+37642786 i29355376 u73989392 u15133792 t2.545
783287 710000 95 4 w547292 r200412 m253044 f12535 r94385525 p670
 104639900=19653350+51296043+38070532 i29640117 u74899690 u15284040 t2.074
794503 720000 95 4 w574898 r223058 m278616 f12571 r99646063 p699
 105795637=19874772+51860524+38490375 i29921675 u75799911 u15426653 t2.586
805629 730000 95 4 w604324 r248038 m306628 f12608 r105176630 p728
 107012879=20104345+52440052+38949652 i30215019 u76743704 u15580512 t2.364
816809 740000 95 4 w633229 r271788 m333242 f12643 r110401443 p754
 108170750=20322040+52988329+39390324 i30489047 u77650637 u15721325 t2.398
827890 750000 95 4 w662179 r296350 m360655 f12677 r115683077 p779
 109346023=20541989+53535547+39846975 i30759830 u78574684 u15866315 t1.518
839058 760000 95 4 w690993 r321425 m388436 f12710 r120723497 p804
 110457274=20754203+54068761+40260181 i31020650 u79442355 u16009342 t1.85
850231 770000 95 4 w723569 r349442 m419565 f12746 r126099133 p831
 111644530=20977813+54640699+40701567 i31302962 u80371655 u16155633 t1.54
861324 780000 95 4 w755156 r376571 m449515 f12780 r131159529 p856
 112756712=21190675+55177904+41111668 i31570806 u81236319 u16296393 t1.455
872344 790000 95 4 w787524 r405436 m481188 f12814 r136348911 p882
 113901230=21409743+55727856+41536166 i31839439 u82132260 u16441927 t1.501
883522 800000 95 4 w821773 r435956 m514630 f12849 r141562605 p908
 115052446=21630279+56283615+41960828 i32110048 u83035501 u16586122 t1.517
894714 810000 95 4 w855938 r465936 m547381 f12883 r146576574 p933
 116160183=21843397+56812897+42374928 i32373015 u83903514 u16722483 t1.468
905844 820000 95 4 w889893 r497147 m581382 f12916 r151655816 p958
 117283223=22058021+57355645+42788962 i32636841 u84786362 u16861325 t1.489
916882 830000 95 4 w930961 r533873 m621183 f12955 r157394374 p986
 118549967=22298052+57962861+43262652 i32938861 u85775548 u17018396 t1.675
927964 840000 95 4 w970958 r570394 m660657 f12992 r162827532 p1014
 119743936=22526809+58544733+43697164 i33228193 u86706232 u17166649 t1.62
939033 850000 95 4 w1014261 r610422 m703860 f13031 r168553478 p1043
 121004026=22765154+59154770+44162145 i33532808 u87687493 u17322957 t1.722
950128 860000 95 4 w1058801 r650592 m747220 f13070 r174167578 p1072
 122238911=23000263+59758465+44610481 i33833339 u88651039 u17473652 t1.694
961260 870000 95 4 w1102107 r690787 m790524 f13107 r179719249 p1099
 123458245=23233306+60350981+45056196 i34127625 u89598244 u17628412 t1.711
972424 880000 95 4 w1146396 r732241 m835079 f13144 r185239204 p1127
 124673076=23464513+60935225+45507237 i34420114 u90543125 u17780788 t1.684
983571 890000 95 4 w1193005 r774817 m880846 f13182 r190746916 p1154
 125884344=23693920+61524697+45951042 i34714303 u91485811 u17930553 t1.71
994789 900000 95 4 w1236808 r816209 m925184 f13217 r196049159 p1179
 127057734=23916914+62089299+46386563 i34990654 u92408663 u18073997 t1.656
1005944 910000 95 4 w1281429 r858731 m970594 f13252 r201624502 p1203
 128303145=24152135+62684289+46852631 i35270441 u93402575 u18223955 t1.723
1017100 920000 95 4 w1324280 r899974 m1014639 f13285 r206738245 p1226
 129430532=24368313+63227679+47268900 i35535508 u94284184 u18367971 t1.631
1028294 930000 95 4 w1367998 r940276 m1057717 f13318 r211709880 p1249
 130528677=24578028+63757612+47674284 i35794255 u95145912 u18504587 t1.614
1039422 940000 95 4 w1413725 r984125 m1104420 f13352 r216964679 p1272
 131687827=24798360+64320403+48099629 i36069210 u96053978 u18648845 t1.62
1050473 950000 95 4 w1460264 r1028671 m1151828 f13386 r222234326 p1295
 132854633=25020472+64887893+48525919 i36342572 u96974732 u18790955 t2.249
1061568 960000 95 4 w1507597 r1073920 m1199937 f13420 r227599243 p1318
 134043070=25250333+65467521+48956681 i36614530 u97917255 u18939284 t1.661
1072599 970000 95 4 w1558595 r1122916 m1252039 f13456 r233204208 p1342
 135291847=25485760+66067542+49422293 i36900890 u98909573 u19088410 t1.731
1083733 980000 95 4 w1604604 r1167885 m1299730 f13488 r238204259 p1364
 136399100=25701026+66611278+49818919 i37158253 u99788064 u19222822 t1.573
1094785 990000 95 4 w1652811 r1214227 m1348861 f13521 r243272760 p1386
 137519050=25917257+67155540+50227043 i37420428 u100669997 u19362117 t5.844
1105876 1000000 95 4 w1703202 r1262587 m1400037 f13555 r248466889 p1408
 138665713=26137695+67717784+50640862 i37689870 u101573549 u19504173 t2.827
1117034 1010000 95 4 w1751375 r1310387 m1450614 f13587 r253539953 p1430
 139787403=26354448+68264708+51048328 i37954486 u102457956 u19640519 t1.738
1128112 1020000 95 4 w1801800 r1360082 m1503162 f13620 r258682748 p1452
 140921791=26573668+68822755+51454807 i38223584 u103351317 u19779487 t1.727
1139060 1030000 95 4 w1859174 r1416276 m1562520 f13657 r264353745 p1477
 142169262=26814500+69435817+51902697 i38524329 u104327618 u19933081 t1.946
1150007 1040000 95 4 w1925420 r1480165 m1629947 f13699 r270672887 p1505
 143561529=27079998+70114418+52410413 i38859093 u105415366 u20104772 t2.252
1160894 1050000 95 4 w1992915 r1547612 m1701085 f13741 r277194115 p1534
 144998334=27351326+70820475+52930359 i39209132 u106539862 u20276382 t2.365
1171814 1060000 95 4 w2061511 r1614062 m1771036 f13783 r283467892 p1561
 146379096=27613815+71499763+53428048 i39545309 u107618822 u20443575 t2.565
1182789 1070000 95 4 w2129681 r1682480 m1843054 f13824 r289803172 p1589
 147771413=27879098+72187374+53926681 i39884267 u108705620 u20614259 t2.062
1193726 1080000 95 4 w2198932 r1750168 m1914175 f13865 r295989936 p1616
 149134067=28139227+72857138+54417549 i40213938 u109772501 u20779504 t2.733
1204582 1090000 95 4 w2271001 r1822000 m1989549 f13907 r302469097 p1644
 150558189=28410800+73563244+54924922 i40560756 u110885022 u20953364 t3.795
1215452 1100000 95 4 w2342510 r1895175 m2066317 f13948 r309030755 p1671
 152005113=28686816+74275924+55445128 i40906526 u112019705 u21130902 t3.939
1226363 1110000 95 4 w2420439 r1972698 m2147529 f13992 r315816192 p1699
 153500823=28969235+75014161+55983169 i41267951 u113192765 u21310825 t2.407
1237247 1120000 95 4 w2496119 r2048010 m2226490 f14034 r322340051 p1726
 154937436=29243149+75724625+56496704 i41611182 u114318210 u21489211 t2.287
1248176 1130000 95 4 w2572938 r2125960 m2308157 f14076 r328986905 p1753
 156402735=29522272+76447278+57022338 i41963702 u115468008 u21666651 t2.441
1259068 1140000 95 4 w2650854 r2204657 m2390501 f14118 r335608404 p1780
 157861130=29797985+77168674+57545265 i42318149 u116609877 u21841927 t2.458
1269968 1150000 95 4 w2729947 r2284894 m2474471 f14160 r342283346 p1807
 159329507=30076803+77900612+58066164 i42673066 u117759196 u22021814 t2.885
1280888 1160000 95 4 w2810094 r2366128 m2559353 f14202 r348910043 p1833
 160787360=30353505+78624948+58585504 i43028966 u118899512 u22197288 t2.277
1291754 1170000 95 4 w2891524 r2448849 m2645926 f14244 r355581524 p1860
 162257086=30632524+79353396+59110035 i43385150 u120052586 u22373497 t4.371
1302652 1180000 95 4 w2973988 r2532939 m2733822 f14286 r362315838 p1886
 163740225=30914948+80088433+59638609 i43740626 u121216486 u22555463 t6.656
1313613 1190000 95 4 w3057497 r2617904 m2822490 f14328 r369039299 p1912
 165222365=31196415+80824289+60167001 i44098662 u122381099 u22732682 t2.427
1324596 1200000 95 4 w3142141 r2704256 m2912597 f14370 r375757224 p1937
 166705142=31477697+81562307+60693492 i44455044 u123549744 u22908645 t2.467
1335456 1210000 95 4 w3230026 r2793541 m3005835 f14413 r382658473 p1963
 168224635=31765451+82316176+61235830 i44822382 u124740393 u23093052 t2.559
1346441 1220000 95 4 w3318828 r2884683 m3100748 f14456 r389701330 p1989
 169783151=32059976+83084342+61797326 i45192248 u125970418 u23278962 t2.577
1357399 1230000 95 4 w3408741 r2977474 m3197352 f14499 r396750169 p2014
 171340127=32353047+83856368+62354089 i45563461 u127196440 u23466485 t2.824
1368385 1240000 95 4 w3501975 r3074009 m3297907 f14543 r404022934 p2040
 172947613=32655799+84649796+62933488 i45945485 u128462208 u23660561 t4.713
1379469 1250000 95 4 w3598486 r3174126 m3402079 f14588 r411402986 p2067
 174578358=32960715+85458237+63518400 i46337686 u129745653 u23853504 t7.77
1390543 1260000 95 4 w3696164 r3274381 m3506354 f14633 r418791611 p2093
 176216496=33265768+86260659+64117377 i46725388 u131038636 u24047556 t2.621
1401635 1270000 95 4 w3792969 r3375272 m3611389 f14677 r426155820 p2118
 177844400=33572064+87068311+64699573 i47117426 u132322975 u24237473 t2.607
1412662 1280000 95 4 w3890912 r3476046 m3716296 f14721 r433427029 p2143
 179448464=33876559+87868585+65267070 i47504482 u133586462 u24427423 t2.575
1423732 1290000 95 4 w3987642 r3577039 m3821338 f14764 r440668813 p2167
 181048818=34176735+88658077+65844470 i47889392 u134846545 u24616286 t2.511
1434749 1300000 95 4 w4087737 r3681403 m3929891 f14808 r448169394 p2192
 182708017=34486060+89473649+66447223 i48286077 u136152905 u24813246 t4.278
1445738 1310000 95 4 w4193635 r3789535 m4042405 f14854 r455801380 p2217
 184393707=34802515+90300279+67060585 i48693707 u137475984 u25012797 t10.805
1456743 1320000 95 4 w4295960 r3897269 m4154396 f14898 r463389772 p2241
 186070233=35117420+91124338+67668658 i49095779 u138793529 u25213445 t2.985
1467716 1330000 95 4 w4406319 r4011039 m4272511 f14945 r471327342 p2266
 187826318=35446440+91987570+68306202 i49514494 u140176635 u25422664 t3.033
1478847 1340000 95 4 w4513230 r4124693 m4390598 f14990 r479243872 p2290
 189576204=35770547+92843092+68948286 i49933834 u141549473 u25632883 t3.09
1489858 1350000 95 4 w4621131 r4237942 m4508130 f15035 r487028546 p2314
 191293706=36091274+93689714+69570365 i50348694 u142895720 u25839034 t3.042
1500812 1360000 95 4 w4725461 r4346636 m4621159 f15078 r494505712 p2336
 192945491=36397576+94496222+70177412 i50745276 u144191125 u26037632 t5.806
1511816 1370000 95 4 w4833003 r4458921 m4737663 f15122 r502127478 p2358
 194629037=36712329+95326971+70785495 i51147437 u145514935 u26240594 t9.219
1522795 1380000 95 4 w4939099 r4569405 m4852257 f15165 r509519937 p2380
 196261107=37016280+96132860+71375071 i51540032 u146795547 u26436663 t2.766
1533703 1390000 95 4 w5046257 r4682463 m4969641 f15208 r517041489 p2402
 197916580=37324592+96947275+71976458 i51940908 u148086738 u26640493 t2.692
1544569 1400000 95 4 w5154192 r4795834 m5087080 f15251 r524474130 p2424
 199559259=37633478+97759355+72566898 i52333621 u149380896 u26836334 t2.682
1555499 1410000 95 4 w5268213 r4918496 m5214164 f15296 r532407564 p2448
 201315494=37961628+98624605+73202706 i52752551 u150765556 u27043922 t3.788
1566395 1420000 95 4 w5383244 r5040243 m5340243 f15341 r540199533 p2471
 203040851=38283744+99480615+73821800 i53164732 u152129148 u27245338 t12.791
1577238 1430000 95 4 w5499355 r5163109 m5467475 f15386 r548006072 p2494
 204769957=38606559+100338547+74442479 i53577363 u153495689 u27447228 t3.489
1588118 1440000 99 4 w5616439 r5287423 m5596080 f15431 r555833086 p2516
 206501964=38930451+101195825+75064964 i53992792 u154861758 u27650031 t3.175
1598949 1450000 99 4 w5737253 r5415017 m5728146 f15477 r563813147 p2539
 208268958=39258963+102068645+75703593 i54412322 u156256537 u27859714 t3.244
1609797 1460000 99 4 w5856622 r5543140 m5860817 f15522 r571817009 p2562
 210044947=39588611+102945770+76346406 i54830828 u157662283 u28068974 t4.799
1620630 1470000 99 4 w5976909 r5669976 m5992073 f15567 r579709972 p2584
 211794585=39917933+103814704+76971470 i55242715 u159048040 u28276379 t10.91
1631477 1480000 99 4 w6095437 r5798055 m6124519 f15611 r587600648 p2605
 213544045=40245037+104679189+77602221 i55656661 u160431759 u28482395 t3.508
1642373 1490000 99 4 w6217596 r5929764 m6260649 f15656 r595703607 p2627
 215341282=40581295+105569208+78248299 i56078784 u161855760 u28695328 t3.931
1653233 1500000 99 4 w6343716 r6062850 m6398419 f15702 r603809387 p2649
 217140861=40916401+106459891+78897104 i56500866 u163283920 u28906646 t12.039
1664130 1510000 99 4 w6465116 r6194659 m6534614 f15746 r611812793 p2670
 218918863=41246819+107335188+79542979 i56914663 u164693754 u29118528 t3.219
1675034 1520000 99 4 w6590316 r6327428 m6671877 f15791 r619859122 p2690
 220707784=41578832+108217124+80191733 i57331906 u166115102 u29328328 t3.147
1685958 1530000 99 4 w6716432 r6464085 m6813088 f15836 r628038211 p2712
 222527080=41916354+109112653+80853015 i57755113 u167561631 u29541630 t3.158
1696847 1540000 99 4 w6840516 r6598959 m6952282 f15880 r636075796 p2732
 224315178=42247473+109988212+81508049 i58171435 u168980751 u29752110 t4.483
1707676 1550000 99 4 w6971414 r6738865 m7096829 f15926 r644311816 p2753
 226145550=42585444+110889061+82174592 i58599570 u170432106 u29967549 t13.857
1718573 1560000 99 4 w7100416 r6878903 m7241480 f15971 r652538723 p2774
 227977335=42923424+111787999+82844857 i59024958 u171887845 u30182024 t3.482
1729487 1570000 99 4 w7227434 r7015654 m7382680 f16015 r660516176 p2794
 229753615=43251320+112659502+83494703 i59436302 u173300725 u30390521 t3.053
1740347 1580000 99 4 w7355317 r7154626 m7526127 f16059 r668594273 p2814
 231553104=43584046+113540125+84154536 i59852428 u174732620 u30601465 t3.072
1751207 1590000 99 4 w7484102 r7296858 m7672923 f16103 r676802149 p2834
 233379940=43922520+114439161+84819335 i60275024 u176185020 u30817199 t13.654
1762023 1600000 99 4 w7613810 r7435872 m7816434 f16147 r684780472 p2853
 235155843=44253361+115316780+85460372 i60684898 u177599991 u31026268 t5.169
1772878 1610000 99 4 w7741386 r7574926 m7959919 f16190 r692742656 p2872
 236929770=44581602+116184385+86111454 i61094021 u179012252 u31234821 t3.223
1783723 1620000 99 4 w7869684 r7714837 m8104144 f16233 r700644564 p2891
 238688807=44908360+117054935+86745918 i61500799 u180413884 u31440952 t7.998
1794607 1630000 99 4 w7998742 r7856424 m8250015 f16276 r708617393 p2910
 240464479=45236722+117925167+87395629 i61911896 u181825770 u31649448 t13.364
1805498 1640000 99 4 w8128764 r7998972 m8397015 f16319 r716653508 p2929
 242254153=45568300+118810419+88042816 i62325444 u183252546 u31858687 t5.149
1816421 1650000 99 4 w8259587 r8143363 m8545882 f16362 r724732994 p2947
 244050465=45899876+119697682+88694298 i62742451 u184678903 u32071778 t4.975
1827273 1660000 99 4 w8391157 r8288077 m8695044 f16405 r732826670 p2966
 245854599=46234183+120581771+89354321 i63158298 u186116340 u32282878 t14.21
1838160 1670000 99 4 w8526637 r8434171 m8845606 f16449 r740930901 p2984
 247658504=46569017+121468086+90011465 i63576015 u187550724 u32495428 t3.611
1849005 1680000 99 4 w8656820 r8577277 m8993153 f16491 r748877545 p3002
 249430278=46895842+122335533+90661291 i63982369 u188963215 u32704066 t5.015
1859879 1690000 99 4 w8784509 r8716752 m9136839 f16532 r756515552 p3019
 251131279=47212315+123178813+91272934 i64375216 u190320942 u32902307 t14.383
1870739 1700000 99 4 w8916020 r8861560 m9285942 f16574 r764423926 p3036
 252891045=47539369+124052324+91905247 i64779640 u191723332 u33111597 t3.515
1881698 1710000 99 4 w9042021 r9000907 m9429489 f16614 r772006618 p3053
 254580511=47855132+124886720+92515242 i65165404 u193072583 u33311917 t3.603
1892578 1720000 99 4 w9168597 r9142801 m9575507 f16654 r779691530 p3070
 256293646=48175630+125733252+93133036 i65556095 u194442641 u33513991 t16.122
1903425 1730000 99 4 w9299273 r9286751 m9723872 f16695 r787441052 p3087
 258022915=48497011+126587322+93759138 i65952155 u195827621 u33713831 t3.621
1914319 1740000 99 4 w9433721 r9435457 m9877001 f16737 r795477722 p3104
 259815209=48830592+127465985+94414637 i66360722 u197257064 u33926797 t4.218
1925121 1750000 99 4 w9565654 r9580309 m10026114 f16778 r803221616 p3120
 261541348=49152781+128320704+95035878 i66755831 u198637630 u34129049 t14.161
1936035 1760000 99 4 w9701527 r9730865 m10181127 f16820 r811263563 p3137
 263330395=49486167+129206644+95680325 i67168198 u200062592 u34341249 t4.069
1946942 1770000 99 4 w9831623 r9874550 m10329052 f16860 r818944192 p3153
 265050284=49805914+130048834+96309106 i67554019 u201445323 u34541097 t6.486
1957829 1780000 99 4 w9962305 r10019903 m10478624 f16900 r826585469 p3169
 266753303=50124838+130892409+96920932 i67942727 u202807980 u34741553 t12.702
1968722 1790000 99 4 w10093625 r10167543 m10630528 f16940 r834370195 p3185
 268493552=50448739+131746780+97555161 i68339716 u204203823 u34941032 t3.601
1979581 1800000 99 4 w10222320 r10309849 m10776972 f16979 r841860971 p3200
 270164288=50760785+132567358+98163038 i68722199 u205538432 u35136782 t3.958
1990482 1810000 99 4 w10351598 r10451289 m10922514 f17018 r849325798 p3215
 271830252=51072079+133383609+98770962 i69097923 u206870681 u35336095 t14.924
2001382 1820000 99 4 w10477986 r10593613 m11068798 f17056 r856776157 p3229
 273492871=51381902+134197434+99378998 i69477129 u208199365 u35531363 t7.499
2012247 1830000 99 4 w10608404 r10738540 m11217870 f17095 r864361538 p3244
 275187120=51698829+135031055+99993704 i69860294 u209557207 u35730516 t11.873
2023129 1840000 99 4 w10739340 r10883004 m11366368 f17134 r871854675 p3259
 276861603=52011532+135854419+100601958 i70238244 u210899772 u35927211 t3.59
2034053 1850000 99 4 w10870898 r11033235 m11520815 f17173 r879575120 p3274
 278586086=52334286+136703614+101226354 i70627327 u212282530 u36130434 t4.304
2044917 1860000 99 4 w10999674 r11177655 m11669318 f17211 r887026979 p3288
 280251224=52646494+137526857+101826009 i71001262 u213620350 u36326587 t13.831
2055814 1870000 99 4 w11132417 r11324368 m11820132 f17250 r894541424 p3303
 281924750=52958788+138352252+102431703 i71387777 u214954991 u36522243 t3.556
2066728 1880000 99 4 w11262334 r11469180 m11969027 f17288 r901943276 p3317
 283579260=53268199+139169715+103028509 i71760872 u216284208 u36715233 t3.517
2077660 1890000 99 4 w11392763 r11614362 m12118262 f17326 r909357848 p3331
 285237044=53579292+139988643+103625286 i72134276 u217616802 u36908327 t3.268
2088614 1900000 99 4 w11523810 r11762116 m12270205 f17364 r916849915 p3345
 286912655=53892335+140810185+104236352 i72511016 u218960958 u37105206 t15.237
2099586 1910000 99 4 w11655284 r11911911 m12424090 f17402 r924455130 p3359
 288616243=54209093+141647327+104856783 i72892322 u220332524 u37302685 t3.849
2110524 1920000 99 4 w11783869 r12055817 m12572009 f17439 r931714750 p3373
 290241237=54514629+142446303+105445717 i73257967 u221640028 u37490381 t3.315
2121483 1930000 99 4 w11916379 r12204800 m12725033 f17477 r939247129 p3387
 291923570=54829825+143276743+106052519 i73639603 u222989811 u37686325 t3.413
2132440 1940000 99 4 w12049485 r12350970 m12875251 f17515 r946588758 p3400
 293565784=55136148+144083806+106649839 i74008687 u224308622 u37878597 t13.408
2143340 1950000 99 4 w12179515 r12500153 m13028434 f17552 r954063791 p3413
 295239019=55448867+144906211+107257969 i74384854 u225655132 u38072095 t6.094
2154286 1960000 99 4 w12310047 r12645129 m13177329 f17589 r961310020 p3426
 296860107=55753648+145703015+107845359 i74747215 u226959248 u38262591 t5.065
2165157 1970000 99 4 w12430414 r12783545 m13319438 f17623 r968242189 p3439
 298412591=56044542+146464173+108410700 i75092542 u228208641 u38445260 t13.201
2176142 1980000 99 4 w12554744 r12924344 m13463952 f17658 r975238455 p3451
 299979496=56338337+147235354+108978397 i75441759 u229471312 u38628111 t3.511
2187090 1990000 99 4 w12686737 r13071736 m13615348 f17695 r982570057 p3464
 301618575=56644428+148044181+109570873 i75811395 u230788002 u38819213 t3.392
2198031 2000000 99 4 w12811902 r13213370 m13760661 f17730 r989571804 p3476
 303185210=56938923+148817650+110135184 i76163383 u232050054 u39000455 t2.922
2208970 2010000 99 4 w12937500 r13354179 m13905141 f17765 r996556393 p3488
 304752540=57232180+149587337+110705170 i76511041 u233316236 u39181191 t14.624
2219875 2020000 99 4 w13063586 r13498174 m14052927 f17800 r1003628093 p3500
 306334455=57532948+150371332+111270400 i76865018 u234591407 u39365523 t4.61
2230717 2030000 99 4 w13186489 r13636091 m14194486 f17834 r1010376449 p3512
 307845651=57817948+151122157+111809532 i77200883 u235812238 u39541363 t3.084
2241553 2040000 99 4 w13309849 r13776276 m14338408 f17868 r1017214173 p3523
 309373570=58105978+151881084+112355392 i77545253 u237041250 u39719508 t10.448
2252478 2050000 99 4 w13433514 r13918195 m14483979 f17902 r1024117445 p3535
 310917801=58397346+152645204+112909519 i77891510 u238285600 u39899046 t8.493
2263400 2060000 99 4 w13557582 r14059200 m14628652 f17936 r1031012433 p3547
 312460636=58688083+153405052+113466755 i78235578 u239527702 u40080461 t3.45
2274335 2070000 99 4 w13682103 r14201260 m14774430 f17970 r1037914427 p3558
 314006113=58979074+154169481+114021866 i78577225 u240775055 u40262823 t3.362
2285238 2080000 99 4 w13803203 r14336863 m14913431 f18003 r1044484650 p3569
 315479761=59257781+154893633+114554732 i78901923 u241967397 u40434518 t3.253
2296195 2090000 99 4 w13924697 r14476527 m15056607 f18036 r1051274506 p3580
 317001742=59547160+155648315+115097246 i79237639 u243199302 u40611922 t15.044
2307093 2100000 99 4 w14050217 r14618992 m15202620 f18070 r1058181688 p3591
 318548784=59841585+156419314+115645210 i79577237 u244452258 u40794439 t3.58
2317991 2110000 99 4 w14172508 r14758010 m15345196 f18103 r1064937466 p3602
 320065310=60129116+157167613+116190543 i79910415 u245682250 u40969672 t3.233
2328915 2120000 99 4 w14291496 r14894361 m15485087 f18135 r1071519715 p3612
 321540226=60409484+157900375+116714932 i80236926 u246876062 u41140811 t14.469
2339889 2130000 99 4 w14414590 r15036373 m15630803 f18168 r1078337105 p3623
 323065272=60697602+158658425+117258241 i80577468 u248106867 u41318537 t4.914
2350849 2140000 99 4 w14537799 r15176368 m15774208 f18201 r1085045103 p3634
 324569276=60981045+159406540+117794073 i80910046 u249324845 u41492521 t15.562
2361818 2150000 99 4 w14657735 r15314382 m15915698 f18233 r1091640961 p3644
 326046163=61261072+160142425+118317711 i81239098 u250520414 u41662533 t3.772
2372703 2160000 99 4 w14781766 r15457114 m16062038 f18266 r1098481307 p3655
 327582195=61550056+160900281+118871928 i81577789 u251765051 u41838987 t5.566
2383611 2170000 99 4 w14898692 r15591156 m16199498 f18297 r1104903097 p3665
 329020933=61822910+161615512+119384128 i81894986 u252929772 u42007345 t12.988
2394538 2180000 99 4 w15019514 r15727087 m16338740 f18329 r1111389347 p3675
 330471640=62098697+162341500+119894769 i82217653 u254102689 u42176869 t3.347
2405448 2190000 99 4 w15148470 r15874619 m16490072 f18363 r1118421423 p3686
 332047282=62396171+163128686+120452548 i82565612 u255379077 u42360047 t3.475
2416385 2200000 99 4 w15273919 r16017968 m16637032 f18396 r1125220954 p3696
 333572677=62685022+163886371+120996698 i82900715 u256615831 u42537317 t2.816
2427291 2210000 99 4 w15391990 r16155812 m16778240 f18427 r1131826503 p3706
 335055154=62966105+164620723+121527332 i83226430 u257818342 u42708816 t14.882
2438224 2220000 99 4 w15518045 r16298216 m16924181 f18460 r1138555344 p3716
 336562228=63251799+165373345+122060347 i83560003 u259038461 u42884144 t4.032
2449156 2230000 99 4 w15644497 r16442948 m17072546 f18493 r1145397360 p3726
 338098470=63544181+166137065+122607037 i83896932 u260286485 u43060962 t3.542
2460085 2240000 99 4 w15775120 r16592024 m17225341 f18527 r1152434266 p3736
 339674657=63843460+166921569+123166530 i84245581 u261561213 u43245128 t3.46
2471031 2250000 99 4 w15909953 r16747244 m17384407 f18562 r1159800289 p3747
 341328221=64154313+167736404+123763464 i84610595 u262899591 u43435901 t11.317
2481891 2260000 99 4 w16037365 r16896854 m17537657 f18595 r1166880671 p3757
 342920094=64455060+168519044+124339193 i84958277 u264191219 u43619867 t7.582
2492839 2270000 99 4 w16172843 r17048581 m17693062 f18630 r1174019135 p3767
 344524932=64756130+169308970+124920291 i85308746 u265494467 u43804913 t3.465
2503770 2280000 99 4 w16308815 r17205095 m17853464 f18665 r1181326739 p3778
 346165173=65065475+170120749+125508611 i85670306 u266823959 u43993758 t3.495
2514685 2290000 99 4 w16441227 r17358357 m18010509 f18699 r1188505661 p3788
 347777859=65367628+170914357+126092672 i86022654 u268131590 u44181458 t8.203
2525687 2300000 99 4 w16577804 r17515977 m18171907 f18734 r1195849036 p3798
 349430556=65676533+171726819+126692647 i86381864 u269473442 u44372531 t12.064
2536614 2310000 99 4 w16710884 r17672521 m18332232 f18768 r1203146691 p3809
 351071462=65982636+172534843+127287338 i86742601 u270805005 u44559626 t3.789
2547690 2320000 99 4 w16852284 r17835544 m18499340 f18804 r1210747281 p3819
 352775789=66300993+173374078+127904919 i87119697 u272180315 u44758771 t3.638
2558712 2330000 99 4 w16993988 r17998314 m18666084 f18840 r1218331741 p3830
 354479327=66619347+174214406+128520924 i87494602 u273559826 u44955347 t16.306
2569709 2340000 99 4 w17132109 r18156913 m18828534 f18875 r1225643249 p3840
 356119816=66929029+175032721+129102657 i87855469 u274891758 u45144387 t3.867
2580699 2350000 99 4 w17278486 r18323911 m18999560 f18912 r1233414591 p3851
 357866975=67253212+175889572+129740737 i88239910 u276307552 u45344443 t5.35
2591715 2360000 99 4 w17421262 r18487413 m19167001 f18948 r1240987172 p3861
 359567798=67570319+176725970+130359050 i88613757 u277683752 u45541809 t14.222
2602831 2370000 99 4 w17568503 r18658199 m19341963 f18985 r1248860621 p3871
 361333804=67899239+177596044+130999241 i89004893 u279110507 u45746657 t4.148
2613986 2380000 99 4 w17716220 r18830761 m19518831 f19022 r1256895715 p3882
 363142494=68230806+178475866+131670096 i89399866 u280575121 u45955572 t14.586
2624949 2390000 99 4 w17868275 r19004903 m19697253 f19060 r1264988110 p3892
 364958248=68564735+179361240+132340268 i89804555 u282037742 u46165258 t6.022
2635909 2400000 99 4 w18024863 r19181641 m19878464 f19099 r1273176079 p3903
 366793742=68902584+180257977+133015990 i90216516 u283513568 u46376933 t4.143
2646913 2410000 99 4 w18169792 r19350537 m20051651 f19135 r1281000204 p3913
 368547157=69226360+181113701+133662101 i90608434 u284922529 u46581632 t17.021
2657884 2420000 99 4 w18315000 r19514399 m20219585 f19171 r1288589780 p3922
 370250743=69543018+181948977+134283775 i90984016 u286298391 u46780187 t4.152
2668918 2430000 99 4 w18456514 r19677010 m20386221 f19206 r1296134541 p3932
 371945334=69856854+182774867+134907321 i91357647 u287665773 u46977556 t7.896
2679809 2440000 99 4 w18594286 r19838575 m20551758 f19240 r1303504947 p3941
 373593593=70165486+183587194+135502816 i91728529 u288989946 u47170217 t12.512
2690746 2450000 99 4 w18736368 r20002595 m20719710 f19275 r1310954029 p3951
 375264732=70476391+184414187+136105363 i92100551 u290340653 u47361622 t4.003
2701594 2460000 99 4 w18886985 r20176043 m20897384 f19312 r1318806065 p3961
 377026942=70804695+185280946+136745118 i92490578 u291764404 u47565492 t3.848
2712475 2470000 99 4 w19033848 r20344526 m21069869 f19348 r1326429616 p3971
 378737275=71123412+186129022+137359567 i92868465 u293147917 u47763639 t15.095
2723357 2480000 99 4 w19180969 r20515427 m21244766 f19384 r1334211318 p3980
 380487328=71448458+186993347+137992245 i93250346 u294568325 u47965717 t5.199
2734166 2490000 99 4 w19324493 r20683522 m21416910 f19419 r1341828319 p3990
 382198024=71767925+187837149+138610940 i93626543 u295953716 u48163552 t11.414
2745023 2500000 99 4 w19476434 r20857409 m21594839 f19456 r1349677731 p3999
 383959910=72094368+188705051+139251002 i94008967 u297377974 u48374392 t9.022
2755880 2510000 99 4 w19624686 r21029357 m21770826 f19492 r1357443848 p4009
 385703183=72418174+189565646+139881674 i94393204 u298787793 u48576787 t4.028
2766772 2520000 99 4 w19773199 r21203583 m21949055 f19528 r1365278542 p4019
 387463931=72744988+190431472+140522086 i94779427 u300214264 u48780319 t15.869
2777605 2530000 99 4 w19922263 r21375538 m22125173 f19564 r1373034860 p4028
 389210244=73071112+191290844+141155276 i95159775 u301634033 u48979994 t4.368
2788466 2540000 99 4 w20071613 r21551613 m22305438 f19600 r1380963576 p4038
 390993925=73405001+192169511+141801295 i95549574 u303081323 u49185100 t4.261
2799329 2550000 99 4 w20229654 r21735294 m22493513 f19638 r1389227914 p4047
 392854436=73747080+193084041+142481179 i95956996 u304590610 u49397410 t16.605
2810193 2560000 99 4 w20379773 r21908031 m22670432 f19674 r1396960627 p4057
 394586175=74069906+193939383+143107047 i96340898 u305985262 u49602095 t4.635
2821115 2570000 99 4 w20534307 r22086014 m22852600 f19711 r1404911956 p4066
 396373854=74400331+194815983+143761024 i96730982 u307431514 u49811185 t16.486
2832025 2580000 99 4 w20689150 r22268884 m23039695 f19748 r1413043577 p4076
 398201283=74740010+195716692+144423960 i97131609 u308911872 u50022695 t4.534
2842894 2590000 99 4 w20840288 r22443687 m23218658 f19784 r1420860009 p4085
 399960875=75065982+196579442+145067439 i97514429 u310340212 u50225614 t8.211
2853742 2600000 99 4 w20995905 r22628787 m23408102 f19821 r1429085124 p4094
 401811634=75407233+197492344+145739777 i97919187 u311842044 u50437827 t13.079
2864632 2610000 99 4 w21156237 r22812881 m23596645 f19859 r1437328722 p4104
 403667966=75750169+198409680+146411818 i98319975 u313351148 u50653455 t5.241
2875503 2620000 99 4 w21312423 r22996876 m23784784 f19896 r1445473052 p4113
 405501187=76090975+199311909+147078283 i98717747 u314840152 u50865714 t16.325
2886360 2630000 99 4 w21468966 r23179682 m23971712 f19933 r1453549853 p4122
 407318394=76428580+200209416+147736246 i99113096 u316316361 u51075516 t9.009
2897239 2640000 99 4 w21621617 r23361921 m24158052 f19969 r1461602717 p4132
 409133084=76766405+201102314+148395438 i99505968 u317792322 u51283946 t13.963
2908079 2650000 99 4 w21783310 r23548128 m24348681 f20007 r1469886395 p4141
 410998892=77114178+202021249+149071777 i99912079 u319309771 u51496686 t14.946
2919336 2660000 99 4 w21936700 r23731635 m24536422 f20043 r1478175664 p4149
 412865095=77458535+202937691+149753790 i100309055 u320823464 u51721472 t16.983
2930193 2670000 99 4 w22099020 r23920802 m24730024 f20081 r1486578693 p4158
 414758028=77807462+203871479+150441590 i100718100 u322362303 u51940444 t18.418
2941058 2680000 99 4 w22257408 r24102771 m24916233 f20118 r1494590063 p4167
 416562298=78141604+204760082+151097021 i101110306 u323828445 u52147523 t21.04
2951948 2690000 99 4 w22411789 r24286948 m25104667 f20154 r1502718497 p4176
 418394567=78482060+205663987+151760410 i101504872 u325321067 u52358462 t11.934
2962792 2700000 99 4 w22566499 r24468979 m25290872 f20190 r1510688107 p4185
 420187245=78815085+206550897+152407374 i101893712 u326776624 u52567311 t22.25
2973731 2710000 99 4 w22717118 r24647469 m25473345 f20225 r1518560546 p4193
 421964447=79147445+207422084+153055205 i102271589 u328225915 u52774121 t11.645
2984605 2720000 99 4 w22872504 r24826730 m25656749 f20261 r1526509212 p4201
 423762171=79480129+208299528+153716891 i102652352 u329693915 u52981317 t16.84
2995574 2730000 99 4 w23023748 r25005527 m25839579 f20296 r1534391450 p4210
 425541780=79809047+209170707+154369183 i103035046 u331143320 u53184890 t17.766
3006468 2740000 99 4 w23179705 r25189713 m26027987 f20332 r1542453622 p4218
 427360559=80145053+210063381+155033678 i103427898 u332622854 u53393078 t23.373
3017345 2750000 99 4 w23331588 r25368026 m26210357 f20367 r1550237334 p4226
 429112466=80471448+210929421+155665389 i103805410 u334047373 u53597725 t11.523
3028291 2760000 99 4 w23479476 r25544751 m26391159 f20401 r1557957366 p4234
 430853628=80794053+211779723+156304391 i104183078 u335462772 u53796319 t22.724
3039192 2770000 99 4 w23623143 r25715507 m26565717 f20434 r1565416715 p4242
 432538461=81107787+212604140+156920898 i104542162 u336836770 u53990849 t10.473
3050078 2780000 99 4 w23771470 r25887973 m26742066 f20468 r1572979138 p4250
 434247277=81429031+213437682+157545343 i104904994 u338231103 u54188560 t21.993
3060975 2790000 99 4 w23924477 r26067033 m26925172 f20503 r1580840720 p4258
 436026715=81761305+214309126+158194410 i105281114 u339687458 u54391812 t11.815
3071909 2800000 99 4 w24068927 r26238477 m27100424 f20536 r1588351867 p4265
 437724222=82079132+215137533+158816103 i105639234 u341072626 u54590348 t16.525
3082762 2810000 99 4 w24218225 r26418909 m27285043 f20570 r1596226406 p4273
 439502098=82407520+216004295+159471644 i106018888 u342519516 u54796823 t14.614
3093667 2820000 99 4 w24367678 r26596737 m27466924 f20604 r1603972996 p4281
 441252475=82734828+216859883+160111731 i106391211 u343947059 u54999080 t20.909
3104606 2830000 99 4 w24521687 r26775046 m27649145 f20639 r1611736825 p4288
 443006883=83060939+217716620+160755196 i106762100 u345378821 u55203559 t9.897
3115556 2840000 99 4 w24667244 r26947108 m27825086 f20672 r1619170126 p4296
 444688481=83372733+218538469+161372236 i107117308 u346754028 u55397024 t20.123
3126447 2850000 99 4 w24808583 r27119333 m28001147 f20704 r1626628637 p4303
 446373566=83687025+219365885+161985484 i107474613 u348131294 u55591474 t10.471
3137354 2860000 99 4 w24954679 r27291201 m28176915 f20737 r1634186867 p4310
 448084410=84007360+220203015+162608631 i107834181 u349532327 u55788434 t22.694
3148306 2870000 99 4 w25096542 r27458171 m28347684 f20769 r1641390982 p4317
 449709146=84311145+221001359+163198792 i108178034 u350856937 u55980376 t17.673
3159170 2880000 99 4 w25238582 r27626261 m28519502 f20801 r1648650125 p4324
 451351882=84617909+221801999+163801990 i108524429 u352201118 u56169193 t13.497
3170031 2890000 99 4 w25380926 r27795902 m28692967 f20833 r1655981745 p4331
 453013492=84929203+222613413+164410040 i108870750 u353565450 u56360039 t12.421
3180938 2900000 99 4 w25523413 r27965580 m28866380 f20865 r1663272876 p4338
 454661681=85237778+223419314+165012236 i109212424 u354912811 u56557349 t18.555
3191816 2910000 99 4 w25666252 r28137489 m29042157 f20897 r1670726372 p4345
 456350591=85550949+224239011+165637741 i109565729 u356296139 u56751993 t9.172
3202736 2920000 99 4 w25813677 r28314498 m29223070 f20930 r1678319194 p4353
 458067183=85872730+225081734+166261324 i109926612 u357700330 u56951851 t21.491
3213588 2930000 99 4 w25961376 r28489104 m29401581 f20963 r1685820443 p4360
 459765403=86191157+225911227+166882779 i110283170 u359090622 u57147751 t16.418
3224450 2940000 99 4 w26109331 r28664099 m29580467 f20996 r1693323638 p4367
 461458958=86506014+226744049+167499073 i110644006 u360471636 u57344293 t14.934
3235384 2950000 99 4 w26252941 r28836207 m29756332 f21028 r1700671530 p4374
 463116228=86815090+227563975+168096159 i110996290 u361824951 u57537473 t8.111
3246267 2960000 99 4 w26401266 r29015992 m29940042 f21061 r1708378664 p4381
 464858603=87140346+228419120+168730537 i111365717 u363250232 u57737263 t19.563
3257218 2970000 99 4 w26554380 r29196941 m30124963 f21095 r1716153659 p4388
 466613074=87466190+229282067+169368910 i111732900 u364680204 u57948243 t9.799
3268155 2980000 99 4 w26698844 r29368553 m30300443 f21127 r1723476718 p4395
 468268376=87775619+230093744+169972379 i112083096 u366033376 u58139405 t20.787
3278993 2990000 99 4 w26843410 r29543976 m30479741 f21159 r1730994461 p4402
 469969715=88091511+230926039+170595817 i112439279 u367426490 u58337033 t18.018
3289873 3000000 99 4 w26983534 r29708514 m30647736 f21190 r1738053487 p4408
 471569970=88391941+231705539+171183343 i112769320 u368741150 u58523766 t11.359
3300770 3010000 99 4 w27128519 r29882537 m30825561 f21222 r1745413987 p4415
 473233246=88702602+232525382+171785545 i113121268 u370103542 u58714750 t20.188
3311716 3020000 99 4 w27273787 r30055134 m31001999 f21254 r1752732372 p4421
 474884704=89011906+233343669+172378776 i113473443 u371452816 u58905097 t12.999
3322684 3030000 99 4 w27414787 r30225755 m31176478 f21285 r1759928456 p4428
 476508174=89314099+234142224+172968486 i113818784 u372776961 u59094462 t16.025
3333558 3040000 99 4 w27560397 r30396705 m31351148 f21317 r1767156593 p4435
 478143366=89618548+234943979+173565228 i114162921 u374116814 u59282582 t7.875
3344467 3050000 99 4 w27701691 r30563918 m31522011 f21348 r1774222588 p4441
 479740737=89918385+235729820+174143829 i114499744 u375425629 u59466566 t7.656
3355390 3060000 99 4 w27843093 r30738251 m31700046 f21379 r1781614927 p4448
 481413586=90230624+236550329+174753692 i114851123 u376796883 u59659082 t20.955
3366284 3070000 99 4 w27984806 r30903410 m31868827 f21410 r1788593360 p4454
 482988960=90526560+237328756+175320755 i115181213 u378085220 u59845465 t19.096
3377177 3080000 99 4 w28122239 r31071978 m32041159 f21440 r1795744025 p4460
 484606407=90828041+238120588+175912435 i115519394 u379407571 u60035395 t8.201
3388055 3090000 99 4 w28259673 r31235108 m32207761 f21470 r1802582914 p4466
 486152468=91119668+238885764+176466949 i115846850 u380676421 u60211008 t14.837
3398880 3100000 99 4 w28397339 r31397699 m32373863 f21500 r1809372320 p4473
 487684763=91409430+239647791+177012102 i116172161 u381931802 u60387204 t11.224
3409787 3110000 99 4 w28530625 r31560253 m32539974 f21529 r1816176579 p4479
 489223743=91698454+240408490+177565964 i116498047 u383194902 u60561432 t8.87
3420708 3120000 99 4 w28668795 r31724907 m32708303 f21559 r1823074655 p4485
 490782966=91991874+241181846+178124362 i116826732 u384474718 u60740103 t18.194
3431637 3130000 99 4 w28811662 r31892796 m32879820 f21590 r1830108889 p4491
 492372061=92290972+241966929+178696725 i117163023 u385775513 u60923354 t9.246
3442607 3140000 99 4 w28940822 r32050690 m33041086 f21618 r1836722323 p4497
 493867479=92576410+242705734+179231864 i117476608 u387003590 u61095696 t19.867
3453456 3150000 99 4 w29079462 r32214691 m33208664 f21648 r1843588430 p4503
 495418218=92870797+243475997+179783874 i117802996 u388276447 u61274861 t8.517
3464366 3160000 99 4 w29213735 r32378061 m33375676 f21677 r1850444020 p4509
 496965936=93164715+244245389+180334199 i118130514 u389544999 u61453288 t20.056
3475266 3170000 99 4 w29352725 r32541884 m33543047 f21707 r1857253895 p4515
 498503481=93454655+245005791+180885711 i118457058 u390803190 u61630291 t14.328
3486141 3180000 99 4 w29482589 r32699347 m33703889 f21735 r1863810775 p4520
 499986498=93737190+245741376+181413852 i118767633 u392023933 u61799898 t12.793
3497008 3190000 99 4 w29617292 r32860797 m33868860 f21764 r1870619969 p4526
 501529487=94026056+246498293+181975369 i119088560 u393291868 u61977502 t8.142
3507853 3200000 99 4 w29752092 r33021002 m34032481 f21793 r1877326071 p4532
 503046559=94315835+247250150+182516197 i119402590 u394539669 u62154939 t20.055
3518683 3210000 99 4 w29887145 r33181942 m34196914 f21822 r1884044023 p4537
 504564868=94603075+248002586+183059009 i119719056 u395786305 u62332447 t7.479
3529542 3220000 99 4 w30022185 r33344044 m34362326 f21851 r1890778122 p4543
 506086306=94893153+248756525+183601588 i120039179 u397034991 u62508078 t7.757
3540480 3230000 99 4 w30152849 r33502487 m34524156 f21879 r1897361602 p4548
 507573435=95176490+249498789+184127119 i120352511 u398257297 u62678602 t19.031
3551409 3240000 99 4 w30288452 r33668502 m34693837 f21908 r1904281296 p4554
 509136904=95471887+250274207+184686052 i120681336 u399541196 u62858711 t20.652
3562370 3250000 99 4 w30424090 r33827891 m34856615 f21937 r1910900725 p4560
 510633889=95756816+251017114+185219210 i120994885 u400772059 u63030674 t8.079
3573321 3260000 99 4 w30559983 r33989698 m35021933 f21966 r1917630239 p4565
 512154031=96046348+251771059+185761190 i121313163 u402020152 u63207605 t9.097
3584317 3270000 99 4 w30695993 r34155879 m35191685 f21995 r1924522326 p4571
 513711000=96340918+252547891+186312667 i121640556 u403299226 u63386957 t17.994
3595165 3280000 99 4 w30832184 r34317589 m35356861 f22024 r1931234038 p4576
 515228612=96629800+253298990+186854771 i121957266 u404546706 u63562867 t9.573
3606131 3290000 99 4 w30968508 r34482800 m35525577 f22053 r1938123112 p4582
 516787712=96926491+254070286+187412396 i122281014 u405830139 u63743233 t19.426
3617031 3300000 99 4 w31100363 r34643015 m35689292 f22081 r1944744863 p4587
 518283261=97210191+254817319+187941237 i122595269 u407059380 u63915658 t17.995
3627996 3310000 99 4 w31236973 r34806142 m35855843 f22110 r1951483339 p4593
 519803633=97499274+255577531+188477038 i122917126 u408306634 u64090984 t9.277
3638920 3320000 99 4 w31373783 r34972587 m36025863 f22139 r1958426190 p4598
 521375389=97793280+256352278+189045476 i123245986 u409597200 u64271625 t13.292
3649881 3330000 99 4 w31506060 r35132151 m36188871 f22167 r1965077063 p4604
 522880556=98076303+257096336+189586609 i123558140 u410834550 u64446938 t17.403
3660867 3340000 99 4 w31647849 r35303872 m36364172 f22197 r1972196422 p4609
 524491379=98379942+257895171+190162867 i123894206 u412158953 u64632789 t13.652
3671820 3350000 99 4 w31785135 r35469788 m36533574 f22226 r1979058292 p4615
 526041380=98675689+258665765+190712311 i124218900 u413433068 u64812304 t12.717
3682790 3360000 99 4 w31932045 r35641729 m36709174 f22257 r1986196189 p4620
 527659222=98979781+259462353+191297318 i124553858 u414764882 u64998605 t10.469
3693808 3370000 99 4 w32074490 r35818032 m36889288 f22287 r1993553013 p4626
 529325956=99293194+260282583+191900382 i124899294 u416134973 u65191731 t20.27
3704793 3380000 99 4 w32221677 r35991561 m37066414 f22318 r2000705975 p4631
 530943069=99597886+261085257+192478358 i125239391 u417463840 u65376922 t8.549
3715703 3390000 99 4 w32369071 r36172314 m37250932 f22349 r2008204148 p4637
 532641482=99915490+261923870+193091543 i125590489 u418861472 u65574163 t18.172
3726649 3400000 99 4 w32521556 r36354379 m37436935 f22381 r2015745830 p4643
 534346388=100233856+262770855+193701866 i125946376 u420261295 u65772695 t12.253
3737635 3410000 99 4 w32678937 r36544515 m37631146 f22414 r2023648082 p4648
 536134448=100568655+263669932+194329472 i126321439 u421735175 u65975042 t22.577
3748614 3420000 99 4 w32836482 r36733414 m37824067 f22447 r2031509600 p4654
 537914058=100902015+264547436+194973273 i126690119 u423197528 u66182745 t23.962
3759597 3430000 99 4 w32998986 r36928571 m38023322 f22481 r2039548517 p4660
 539732180=101243537+265443050+195631087 i127072965 u424687560 u66391979 t11.098
3770552 3440000 99 4 w33156958 r37121432 m38220293 f22514 r2047542800 p4666
 541540317=101581938+266331153+196288296 i127452825 u426169026 u66601006 t22.772
3781517 3450000 99 4 w33315151 r37311257 m38414183 f22547 r2055470913 p4672
 543336930=101916523+267210385+196945560 i127828406 u427644683 u66806259 t12.052
3792483 3460000 99 4 w33473582 r37502228 m38609325 f22580 r2063356069 p4677
 545110407=102247719+268083312+197588580 i128204519 u429084268 u67021830 t20.503
3803443 3470000 99 4 w33632116 r37691397 m38802494 f22613 r2071124774 p4683
 546863450=102576365+268956547+198213619 i128576966 u430520004 u67223629 t11.272
3814317 3480000 99 4 w33785932 r37879013 m38994005 f22645 r2078877659 p4689
 548616328=102905067+269822518+198845460 i128945783 u431957158 u67425736 t23.976
3825200 3490000 99 4 w33944965 r38066889 m39186001 f22678 r2086615827 p4694
 550364699=103231208+270687065+199476077 i129314968 u433389772 u67627214 t12.304
3836062 3500000 99 4 w34094435 r38248912 m39371906 f22709 r2094040349 p4700
 552038919=103542921+271516200+200079385 i129670917 u434756824 u67822589 t23.066
3847051 3510000 99 4 w34248899 r38431346 m39558197 f22741 r2101558029 p4705
 553738833=103859970+272354792+200694844 i130025880 u436149763 u68021516 t16.203
3857981 3520000 99 4 w34408276 r38626759 m39757647 f22774 r2109517342 p4711
 555533138=104195870+273249795+201333950 i130407853 u437616396 u68230108 t20.227
3868919 3530000 99 4 w34572801 r38825680 m39960817 f22808 r2117660381 p4717
 557372661=104540051+274170956+201984926 i130797286 u439126314 u68440130 t13.262
3879700 3540000 99 4 w34737518 r39021574 m40160857 f22842 r2125636690 p4723
 559174880=104876499+275068767+202628476 i131176235 u440604638 u68648623 t23.089
3890544 3550000 99 4 w34907308 r39225228 m40368828 f22877 r2133944337 p4729
 561055077=105229291+276013658+203289337 i131570483 u442154925 u68860980 t29.455
3901420 3560000 99 4 w35067536 r39421784 m40569518 f22910 r2141922303 p4735
 562858794=105565010+276912898+203933306 i131950812 u443635948 u69067118 t15.779
3912350 3570000 99 4 w35237837 r39623859 m40775981 f22945 r2150153226 p4741
 564721760=105912497+277839367+204600662 i132339794 u445167939 u69281085 t28.117
3923255 3580000 99 4 w35398487 r39820922 m40977165 f22978 r2158159743 p4746
 566536233=106252225+278740214+205250933 i132716617 u446662786 u69488557 t27.253
3934146 3590000 99 4 w35568985 r40024103 m41184527 f23013 r2166454615 p4752
 568414549=106603188+279666112+205930557 i133107147 u448204949 u69706631 t15.887
3945058 3600000 99 4 w35730016 r40223435 m41388025 f23046 r2174568572 p4758
 570254570=106948208+280576629+206591269 i133487193 u449720568 u69918342 t27.553
3955958 3610000 99 4 w35900998 r40429161 m41598061 f23081 r2182897575 p4764
 572141867=107297481+281509367+207275346 i133881552 u451271471 u70133871 t19.687
3966817 3620000 99 4 w36067236 r40627282 m41800246 f23115 r2190951883 p4769
 573970117=107641840+282420517+207926474 i134257788 u452779161 u70343458 t23.544
3977696 3630000 99 4 w36228884 r40827888 m42005050 f23148 r2199053118 p4775
 575805448=107982976+283330153+208587374 i134641364 u454288603 u70552649 t17.296
3988551 3640000 99 4 w36400475 r41032863 m42214311 f23183 r2207422099 p4780
 577705627=108334575+284265405+209279576 i135032580 u455853809 u70770831 t42.17
3999436 3650000 99 4 w36567369 r41236348 m42422048 f23217 r2215621068 p4786
 579562654=108677005+285180148+209955784 i135424558 u457378277 u70980370 t16.655
4010266 3660000 99 4 w36734466 r41437687 m42627631 f23251 r2223749032 p4792
 581403607=109018526+286095150+210616435 i135806864 u458893106 u71192510 t16.292
4021082 3670000 99 4 w36901724 r41639747 m42833856 f23285 r2231865024 p4797
 583240993=109359018+287005077+211279585 i136189457 u460402374 u71405187 t29.132
4031936 3680000 99 4 w37069267 r41848466 m43046957 f23319 r2240299662 p4803
 585155368=109713677+287951495+211971670 i136584322 u461979790 u71624565 t29.169
4042723 3690000 99 4 w37241941 r42055463 m43258316 f23354 r2248606326 p4809
 587038338=110063444+288882903+212652051 i136976589 u463528465 u71839585 t19.349
4053582 3700000 99 4 w37409882 r42262936 m43470169 f23388 r2256949446 p4815
 588932135=110417322+289824565+213331268 i137369325 u465089192 u72054136 t22.068
4064959 3710000 99 4 w37577880 r42466905 m43678333 f23422 r2265342812 p4820
 590833836=110769103+290768846+214014935 i137755497 u466653457 u72281932 t36.125
4075764 3720000 99 4 w37746162 r42669477 m43885176 f23456 r2273514036 p4825
 592687604=111114214+291684210+214686258 i138137762 u468182170 u72494391 t26.153
4086632 3730000 99 4 w37909664 r42869664 m44089512 f23489 r2281583847 p4831
 594516201=111454579+292586097+215349182 i138515375 u469685033 u72707604 t26.211
4097561 3740000 99 4 w38073313 r43070431 m44294402 f23522 r2289644528 p4836
 596344284=111792862+293482665+216017659 i138894846 u471187284 u72917708 t21.923
4108439 3750000 99 4 w38242119 r43274343 m44502560 f23556 r2297813836 p4841
 598193673=112136711+294395739+216687720 i139281466 u472704871 u73131051 t27.14
4119319 3760000 99 4 w38411051 r43476478 m44708818 f23590 r2305912563 p4847
 600031342=112478174+295302182+217354611 i139660876 u474218577 u73341860 t18.846
4130276 3770000 99 4 w38565201 r43668282 m44904482 f23621 r2313597859 p4852
 601775420=112803457+296161714+217986977 i140020764 u475656186 u73541495 t29.671
4141183 3780000 99 4 w38729498 r43866931 m45107187 f23654 r2321528851 p4857
 603575343=113140168+297048522+218638665 i140391541 u477140782 u73747643 t32.672
4152093 3790000 99 4 w38888952 r44063686 m45307875 f23686 r2329385902 p4862
 605357888=113473027+297929805+219281395 i140758572 u478611133 u73952344 t30.692
4162989 3800000 99 4 w39058575 r44267988 m45516312 f23720 r2337594213 p4867
 607225564=113819520+298845200+219964243 i141139812 u480155177 u74164440 t23
4173910 3810000 99 4 w39218550 r44465727 m45718229 f23752 r2345473504 p4873
 609011404=114151393+299726941+220611152 i141511096 u481624098 u74369196 t32.924
4184895 3820000 99 4 w39383592 r44662893 m45919433 f23785 r2353366990 p4878
 610800344=114485341+300612280+221255876 i141879128 u483097112 u74577558 t33.551
4195828 3830000 99 4 w39538706 r44855382 m46115785 f23816 r2361030740 p4883
 612539294=114810261+301475332+221879618 i142235705 u484533029 u74777735 t18.311
4206739 3840000 99 4 w39699107 r45052316 m46316774 f23848 r2368857657 p4888
 614314267=115140779+302354612+222518823 i142600713 u485995505 u74983303 t38.337
4217677 3850000 99 4 w39859702 r45246316 m46514798 f23880 r2376551831 p4893
 616056393=115465149+303220049+223144048 i142960795 u487427905 u75186797 t30.542
4228607 3860000 99 4 w40015348 r45437248 m46709608 f23911 r2384155194 p4897
 617780283=115785327+304072285+223767062 i143316268 u488847018 u75386459 t29.132
4239510 3870000 99 4 w40166131 r45625774 m46901950 f23941 r2391661689 p4902
 619481410=116103114+304913123+224380691 i143667870 u490246915 u75583463 t30.432
4250423 3880000 99 4 w40322036 r45815400 m47095386 f23972 r2399186346 p4907
 621184395=116420732+305757681+224992434 i144023580 u491646287 u75779653 t26.275
4261357 3890000 99 4 w40473132 r46000866 m47284671 f24002 r2406589812 p4911
 622866150=116736173+306595185+225591185 i144366231 u493039301 u75971938 t30.546
4272391 3900000 99 4 w40629231 r46188277 m47475746 f24033 r2414141042 p4916
 624582776=117063230+307431520+226220077 i144715116 u494454301 u76171681 t38.002
4283314 3910000 99 4 w40785675 r46379119 m47670527 f24064 r2421784019 p4921
 626316809=117388789+308283692+226848748 i145071330 u495882280 u76372774 t18.897
Total lines processed: 3917991
Block Count:14335, 1530036
Avg Block Count:95
Avg Max Count:171, 141, 99
Level Count:4
4482148 4
2421758 4
Root filled size: 128
Max word len: 98
Total words generated: 627671139
Words inserted 145348172
Words updated: 497002381
total_cache_requests:  2427743662
total_cache_misses:  47823201
cache_flush_count:  24088
