Csz: 250000, pgsz: 4096
File page count: 0
10988 10000 60 2 w8355 r0 m0 f293 r0 p20
 1502009=280567+736357+547318 i37473 u1682608 u0 t2.623
22023 20000 60 2 w13521 r0 m0 f539 r0 p20
 2970299=556558+1459020+1077812 i37473 u3364631 u0 t2.614
33024 30000 60 3 w18708 r0 m0 f786 r0 p20
 4455591=837142+2190955+1612898 i37473 u5066493 u0 t2.627
44043 40000 66 3 w23706 r0 m0 f1024 r0 p20
 6021768=1126498+2950354+2194339 i37473 u6857238 u0 t2.744
55121 50000 66 3 w28389 r0 m0 f1247 r0 p20
 7457432=1399039+3657323+2711810 i37473 u8502619 u0 t2.641
66115 60000 66 3 w32904 r0 m0 f1462 r0 p20
 8882525=1666288+4349737+3237298 i37473 u10133072 u0 t2.624
77117 70000 66 3 w37377 r0 m0 f1675 r0 p20
 10323681=1938542+5063745+3753209 i37473 u11785317 u0 t2.72
88102 80000 66 3 w41598 r0 m0 f1876 r0 p20
 11702242=2200826+5741136+4250267 i37473 u13365337 u0 t2.613
99095 90000 66 3 w45903 r0 m0 f2081 r0 p20
 13139065=2468368+6445510+4774403 i37473 u15010737 u0 t2.981
110113 100000 66 3 w50229 r0 m0 f2287 r0 p20
 14570300=2739305+7152735+5287868 i37473 u16651218 u0 t2.857
121109 110000 66 4 w54555 r0 m0 f2493 r0 p20
 15981984=3006512+7851613+5792984 i37473 u18269316 u0 t2.74
132028 120000 66 3 w58944 r0 m0 f2702 r0 p20
 17532484=3286822+8590277+6386159 i37473 u20038101 u0 t2.856
142990 130000 66 3 w63312 r0 m0 f2910 r0 p20
 18986448=3562710+9311119+6905248 i37473 u21704920 u0 t2.794
153925 140000 66 4 w67617 r0 m0 f3115 r0 p20
 20474477=3841729+10051396+7435263 i37473 u23410625 u0 t2.841
164855 150000 66 3 w71985 r0 m0 f3323 r0 p20
 21982251=4126056+10796461+7976893 i37473 u25138394 u0 t2.904
175812 160000 66 4 w76332 r0 m0 f3530 r0 p20
 23584909=4417148+11560934+8588302 i37473 u26966692 u0 t2.992
186797 170000 66 3 w80469 r0 m0 f3727 r0 p20
 25060643=4694278+12291216+9118384 i37473 u28658343 u0 t2.863
197847 180000 66 3 w84879 r0 m0 f3937 r0 p20
 26594805=4977567+13035840+9687961 i37473 u30412241 u0 t2.941
208776 190000 66 3 w89268 r0 m0 f4146 r0 p20
 28107430=5261667+13783743+10232285 i37473 u32145774 u0 t2.959
219728 200000 66 3 w93594 r0 m0 f4352 r0 p20
 29612928=5546285+14529981+10770299 i37473 u33872145 u0 t2.96
230584 210000 66 3 w97962 r0 m0 f4560 r0 p20
 31176719=5839236+15302598+11333221 i37473 u35663569 u0 t3.097
241548 220000 66 4 w102141 r0 m0 f4759 r0 p20
 32683216=6122373+16045650+11876729 i37473 u37389665 u0 t2.975
252514 230000 66 3 w106656 r0 m0 f4974 r0 p20
 34281334=6415992+16823378+12467909 i37473 u39216881 u0 t3.087
263483 240000 66 3 w110877 r0 m0 f5175 r0 p20
 35779646=6698842+17564571+13004988 i37473 u40934268 u0 t2.971
274496 250000 66 3 w115119 r0 m0 f5377 r0 p20
 37310769=6986369+18323484+13553505 i37473 u42688894 u0 t3.032
285461 260000 66 3 w119256 r0 m0 f5574 r0 p20
 38803051=7268863+19066410+14083606 i37473 u44400365 u0 t2.964
296415 270000 66 3 w123414 r0 m0 f5772 r0 p20
 40291660=7548931+19800727+14620226 i37473 u46105979 u0 t2.95
307437 280000 66 3 w127593 r0 m0 f5971 r0 p20
 41798390=7832680+20548382+15159093 i37473 u47833237 u0 t2.977
318462 290000 66 4 w132003 r0 m0 f6181 r0 p20
 43400958=8135339+21341253+15733409 i37473 u49669866 u0 t3.154
329483 300000 66 3 w136518 r0 m0 f6396 r0 p20
 45028067=8442234+22155263+16308545 i37473 u51536533 u0 t3.503
340525 310000 66 3 w140634 r0 m0 f6592 r0 p20
 46615498=8738046+22934138+16886727 i37473 u53353738 u0 t3.302
351480 320000 94 4 w144939 r0 m0 f6797 r0 p20
 48198444=9038935+23721499+17447383 i37473 u55168004 u0 t3.19
362496 330000 94 3 w149160 r0 m0 f6998 r0 p20
 49733444=9330284+24482692+17993474 i37473 u56927750 u0 t3
373551 340000 94 3 w153234 r0 m0 f7192 r0 p20
 51290420=9626097+25253246+18550462 i37473 u58712781 u0 t3.066
384689 350000 94 3 w157497 r0 m0 f7395 r0 p20
 52863841=9922129+26021395+19125405 i37473 u60514230 u0 t3.271
395874 360000 94 3 w161928 r0 m0 f7606 r0 p20
 54481113=10221859+26805577+19724920 i37473 u62363366 u0 t3.242
406862 370000 94 3 w166443 r0 m0 f7821 r0 p20
 56127737=10531055+27599843+20335875 i37473 u64246146 u0 t3.347
417894 380000 94 3 w170790 r0 m0 f8028 r0 p20
 57710652=10827571+28373736+20913921 i37473 u66058212 u0 t3.138
428912 390000 94 3 w175137 r0 m0 f8235 r0 p20
 59267668=11118998+29134387+21483671 i37473 u67840288 u0 t3.197
439874 400000 94 3 w179190 r0 m0 f8428 r0 p20
 60798949=11403897+29878773+22048738 i37473 u69591832 u0 t3.107
450859 410000 94 3 w183369 r0 m0 f8627 r0 p20
 62344803=11692810+30638301+22610561 i37473 u71362139 u0 t3.403
461847 420000 94 4 w187422 r0 m0 f8820 r0 p20
 63844431=11974358+31373784+23155226 i37473 u73079407 u0 t3.436
472807 430000 94 3 w191685 r0 m0 f9023 r0 p20
 65437780=12274970+32155539+23733015 i37473 u74904114 u0 t3.548
483790 440000 94 3 w196032 r0 m0 f9230 r0 p20
 67045767=12575174+32948774+24314528 i37473 u76746299 u0 t3.245
494708 450000 94 3 w200442 r0 m0 f9440 r0 p20
 68699472=12883619+33764275+24912530 i37473 u78640356 u0 t3.333
505590 460000 94 4 w204894 r0 m0 f9652 r0 p20
 70351532=13192036+34579703+25508940 i37473 u80533257 u0 t3.318
516566 470000 94 4 w209157 r0 m0 f9855 r0 p20
 71990802=13497983+35383004+26106829 i37473 u82409232 u0 t3.283
527520 480000 94 3 w213525 r0 m0 f10063 r0 p20
 73645399=13806248+36198720+26705964 i37473 u84303975 u0 t3.325
538466 490000 94 3 w218019 r0 m0 f10277 r0 p20
 75322036=14118226+37019796+27319560 i37473 u86222747 u0 t3.36
549399 500000 94 4 w222429 r0 m0 f10487 r0 p20
 77023425=14443739+37852951+27939452 i37473 u88170428 u0 t3.409
560288 510000 94 3 w226755 r0 m0 f10693 r0 p20
 78683779=14754211+38673947+28537979 i37473 u90072620 u0 t3.385
571192 520000 94 3 w231207 r0 m0 f10905 r0 p20
 80352712=15063905+39495351+29144443 i37473 u91983313 u0 t3.356
582148 530000 94 3 w235575 r0 m0 f11113 r0 p20
 82036336=15378372+40322769+29756566 i37473 u93911327 u0 t3.378
593039 540000 94 3 w240195 r0 m0 f11333 r0 p20
 83771290=15699382+41171815+30392891 i37473 u95896445 u0 t3.476
604123 550000 94 3 w244080 r0 m0 f11518 r0 p20
 85292841=15985696+41911091+30952926 i37473 u97637724 u0 t3.05
615220 560000 94 3 w247293 r0 m0 f11671 r0 p20
 86578406=16228956+42541143+31420369 i37473 u99110476 u0 t2.632
626410 570000 94 4 w250443 r0 m0 f11821 r0 p20
 87844101=16466215+43152805+31889826 i37473 u100558377 u0 t2.545
637646 580000 94 3 w253188 r163 m1533 f11906 r1876648 p500
 89076810=16700413+43755344+32338702 i37473 u101970495 u0 t2.472
648847 590000 94 3 w260640 r1611 m6135 f11914 r6334728 p500
 90374030=16941574+44376422+32827115 i37473 u103452208 u0 t2.541
660023 600000 94 3 w268325 r4103 m11468 f11924 r10404422 p500
 91532382=17161983+44938682+33251932 i37473 u104778698 u0 t2.345
671169 610000 94 4 w278301 r7965 m18139 f11938 r14438744 p500
 92677881=17380618+45496976+33670550 i37473 u106090867 u0 t2.344
682330 620000 94 3 w289103 r13073 m25993 f11954 r18444752 p500
 93822077=17600425+46050280+34090645 i37473 u107400682 u0 t2.366
693457 630000 94 3 w301523 r19969 m35848 f11973 r22699027 p500
 95055697=17831544+46649550+34545330 i37473 u108812200 u0 t2.644
704731 640000 94 3 w316110 r28527 m47415 f11996 r26969098 p500
 96294487=18063003+47246521+35007532 i37473 u110228681 u0 t2.53
715916 650000 94 3 w330410 r37664 m59362 f12019 r30976439 p500
 97439920=18281492+47802828+35427035 i37473 u111540694 u0 t2.382
727122 660000 94 3 w347358 r49029 m73631 f12047 r35280166 p500
 98670868=18515586+48399959+35879326 i37473 u112949984 u0 t2.571
738273 670000 94 3 w365268 r61554 m89030 f12077 r39482120 p500
 99875743=18744879+48985343+36321344 i37473 u114330265 u0 t2.529
749495 680000 94 3 w383538 r74705 m104874 f12108 r43507920 p500
 101042383=18969139+49551143+36748337 i37473 u115666942 u0 t2.448
760693 690000 94 3 w404002 r90130 m123290 f12143 r47749900 p500
 102254980=19199662+50136770+37196455 i37473 u117054866 u0 t2.571
771972 700000 94 3 w425890 r107054 m143044 f12181 r51964016 p500
 103465720=19428892+50723315+37642786 i37473 u118441087 u0 t2.647
783287 710000 94 3 w448499 r124712 m163494 f12222 r56042491 p500
 104639900=19653350+51296043+38070532 i37473 u119786374 u0 t2.56
794503 720000 94 4 w472108 r143451 m185090 f12277 r60087369 p500
 105795637=19874772+51860524+38490375 i37473 u121110766 u0 t2.914
805629 730000 94 3 w496621 r164411 m208956 f12342 r64307569 p500
 107012879=20104345+52440052+38949652 i37473 u122501762 u0 t2.748
816809 740000 94 3 w521408 r184824 m232097 f12386 r68283575 p500
 108170750=20322040+52988329+39390324 i37473 u123823536 u0 t2.467
827890 750000 94 3 w547292 r206339 m256471 f12432 r72268892 p500
 109346023=20541989+53535547+39846975 i37473 u125163356 u0 t2.48
839058 760000 94 3 w572149 r228262 m280950 f12504 r76089826 p500
 110457274=20754203+54068761+40260181 i37473 u126434874 u0 t2.407
850231 770000 94 3 w601455 r253556 m308996 f12557 r80162232 p500
 111644530=20977813+54640699+40701567 i37473 u127792777 u0 t2.634
861324 780000 94 4 w629406 r277962 m336081 f12612 r84017724 p500
 112756712=21190675+55177904+41111668 i37473 u129066045 u0 t2.582
872344 790000 94 4 w658949 r304492 m365332 f12684 r87963834 p500
 113901230=21409743+55727856+41536166 i37473 u130376153 u0 t2.64
883522 800000 94 3 w690279 r332227 m395756 f12743 r91923839 p500
 115052446=21630279+56283615+41960828 i37473 u131694198 u0 t2.899
894714 810000 94 3 w720117 r360062 m426135 f12818 r95760000 p500
 116160183=21843397+56812897+42374928 i37473 u132961539 u0 t3.517
905844 820000 94 3 w752146 r388937 m457614 f12877 r99609661 p500
 117283223=22058021+57355645+42788962 i37473 u134247055 u0 t2.668
916882 830000 94 4 w788708 r423250 m494893 f12967 r103986100 p500
 118549967=22298052+57962861+43262652 i37473 u135695332 u0 t2.865
927964 840000 94 3 w825817 r457638 m532158 f13059 r108143877 p500
 119743936=22526809+58544733+43697164 i37473 u137063601 u0 t2.757
939033 850000 94 3 w865853 r495626 m573121 f13133 r112555948 p500
 121004026=22765154+59154770+44162145 i37473 u138505785 u0 t3.055
950128 860000 94 3 w906774 r533896 m614489 f13226 r116854098 p500
 122238911=23000263+59758465+44610481 i37473 u139920557 u0 t3.136
961260 870000 94 4 w947009 r572845 m656449 f13318 r121102422 p500
 123458245=23233306+60350981+45056196 i37473 u141316808 u0 t3.347
972424 880000 94 3 w988396 r612868 m699254 f13410 r125341348 p500
 124673076=23464513+60935225+45507237 i37473 u142706554 u0 t3.309
983571 890000 94 3 w1031370 r654122 m743382 f13507 r129540271 p500
 125884344=23693920+61524697+45951042 i37473 u144093194 u0 t2.987
994789 900000 94 3 w1072354 r694253 m786380 f13597 r133550104 p500
 127057734=23916914+62089299+46386563 i37473 u145435841 u0 t2.727
1005944 910000 94 3 w1115242 r736029 m830931 f13697 r137701397 p500
 128303145=24152135+62684289+46852631 i37473 u146859498 u0 t2.857
1017100 920000 94 3 w1156311 r776639 m874157 f13788 r141551227 p500
 129430532=24368313+63227679+47268900 i37473 u148150190 u0 t2.793
1028294 930000 94 3 w1197724 r816906 m917004 f13876 r145311123 p500
 130528677=24578028+63757612+47674284 i37473 u149407281 u0 t2.563
1039422 940000 94 3 w1240445 r860442 m963308 f13985 r149306208 p500
 131687827=24798360+64320403+48099629 i37473 u150734560 u0 t2.696
1050473 950000 94 3 w1285247 r905017 m1010591 f14089 r153251720 p500
 132854633=25020472+64887893+48525919 i37473 u152070786 u0 t2.832
1061568 960000 94 3 w1331076 r950982 m1059239 f14193 r157254782 p500
 134043070=25250333+65467521+48956681 i37473 u153433596 u0 t3.278
1072599 970000 94 3 w1380418 r1000331 m1111489 f14300 r161443808 p500
 135291847=25485760+66067542+49422293 i37473 u154861400 u0 t2.893
1083733 980000 94 4 w1424930 r1045811 m1159526 f14403 r165178350 p500
 136399100=25701026+66611278+49818919 i37473 u156131666 u0 t2.61
1094785 990000 94 3 w1470473 r1092763 m1209234 f14516 r169015019 p500
 137519050=25917257+67155540+50227043 i37473 u157415069 u0 t2.669
1105876 1000000 94 3 w1518838 r1141897 m1261067 f14624 r172907287 p500
 138665713=26137695+67717784+50640862 i37473 u158730119 u0 t2.721
1117034 1010000 94 3 w1566377 r1190504 m1312397 f14729 r176729227 p500
 139787403=26354448+68264708+51048328 i37473 u160015488 u0 t2.694
1128112 1020000 94 3 w1614790 r1241352 m1365882 f14851 r180594469 p500
 140921791=26573668+68822755+51454807 i37473 u161316915 u0 t2.772
1139060 1030000 94 3 w1670854 r1298881 m1426388 f14973 r184871865 p500
 142169262=26814500+69435817+51902697 i37473 u162747555 u0 t6.327
1150007 1040000 94 3 w1734348 r1364821 m1495725 f15124 r189659727 p500
 143561529=27079998+70114418+52410413 i37473 u164341758 u0 t3.39
1160894 1050000 94 3 w1801153 r1434701 m1569131 f15282 r194589353 p500
 144998334=27351326+70820475+52930359 i37473 u165987903 u0 t3.988
1171814 1060000 94 4 w1867821 r1503876 m1641697 f15425 r199346123 p500
 146379096=27613815+71499763+53428048 i37473 u167570233 u0 t3.434
1182789 1070000 94 3 w1934672 r1574813 m1715935 f15581 r204130407 p500
 147771413=27879098+72187374+53926681 i37473 u169166673 u0 t3.659
1193726 1080000 94 3 w2001301 r1645307 m1789735 f15733 r208792678 p500
 149134067=28139227+72857138+54417549 i37473 u170728470 u0 t3.336
1204582 1090000 94 3 w2072102 r1720270 m1868281 f15904 r213695567 p500
 150558189=28410800+73563244+54924922 i37473 u172361669 u0 t3.615
1215452 1100000 94 3 w2143594 r1797607 m1949102 f16069 r218626655 p500
 152005113=28686816+74275924+55445128 i37473 u174019660 u0 t3.641
1226363 1110000 94 3 w2219595 r1879916 m2035096 f16248 r223740606 p500
 153500823=28969235+75014161+55983169 i37473 u175734068 u0 t3.712
1237247 1120000 94 3 w2294415 r1960117 m2118782 f16412 r228645714 p500
 154937436=29243149+75724625+56496704 i37473 u177381130 u0 t3.587
1248176 1130000 94 3 w2370866 r2043903 m2206223 f16597 r233656014 p500
 156402735=29522272+76447278+57022338 i37473 u179060888 u0 t3.734
1259068 1140000 94 3 w2447781 r2128099 m2293816 f16771 r238616453 p500
 157861130=29797985+77168674+57545265 i37473 u180732480 u0 t3.771
1269968 1150000 94 3 w2526790 r2214607 m2383950 f16964 r243622565 p500
 159329507=30076803+77900612+58066164 i37473 u182416603 u0 t3.717
1280888 1160000 94 3 w2605285 r2302016 m2474881 f17152 r248595954 p500
 160787360=30353505+78624948+58585504 i37473 u184088293 u0 t3.81
1291754 1170000 94 3 w2686357 r2391639 m2568072 f17344 r253601512 p500
 162257086=30632524+79353396+59110035 i37473 u185773760 u0 t3.913
1302652 1180000 94 3 w2770357 r2483894 m2663958 f17534 r258624988 p500
 163740225=30914948+80088433+59638609 i37473 u187475102 u0 t3.804
1313613 1190000 94 4 w2853305 r2577229 m2760935 f17743 r263654394 p500
 165222365=31196415+80824289+60167001 i37473 u189174970 u0 t3.777
1324596 1200000 94 3 w2938405 r2672287 m2859719 f17943 r268653376 p500
 166705142=31477697+81562307+60693492 i37473 u190875960 u0 t4.165
1335456 1210000 94 4 w3026052 r2771238 m2962304 f18152 r273808626 p500
 168224635=31765451+82316176+61235830 i37473 u192618354 u0 t4.358
1346441 1220000 94 3 w3115466 r2872573 m3067389 f18358 r279033569 p500
 169783151=32059976+83084342+61797326 i37473 u194404155 u0 t4.047
1357399 1230000 94 3 w3206521 r2977037 m3175608 f18582 r284286864 p500
 171340127=32353047+83856368+62354089 i37473 u196188913 u0 t4.436
1368385 1240000 94 4 w3301349 r3086021 m3288417 f18807 r289689872 p500
 172947613=32655799+84649796+62933488 i37473 u198030781 u0 t4.245
1379469 1250000 94 4 w3399067 r3198735 m3405184 f19039 r295199665 p500
 174578358=32960715+85458237+63518400 i37473 u199899370 u0 t4.302
1390543 1260000 94 3 w3498081 r3312830 m3523226 f19283 r300674681 p500
 176216496=33265768+86260659+64117377 i37473 u201774107 u0 t4.638
1401635 1270000 94 3 w3597172 r3428235 m3642528 f19523 r306133651 p500
 177844400=33572064+87068311+64699573 i37473 u203640401 u0 t4.686
1412662 1280000 94 3 w3696950 r3544074 m3762240 f19761 r311540433 p500
 179448464=33876559+87868585+65267070 i37473 u205480894 u0 t4.328
1423732 1290000 94 3 w3796378 r3660702 m3882676 f19999 r316920876 p500
 181048818=34176735+88658077+65844470 i37473 u207314750 u0 t4.759
1434749 1300000 94 3 w3899682 r3782172 m4008253 f20253 r322497937 p500
 182708017=34486060+89473649+66447223 i37473 u209214755 u0 t4.437
1445738 1310000 94 3 w4006006 r3907137 m4137270 f20501 r328141288 p500
 184393707=34802515+90300279+67060585 i37473 u211145015 u0 t4.552
1456743 1320000 94 3 w4112263 r4033725 m4267878 f20761 r333773937 p500
 186070233=35117420+91124338+67668658 i37473 u213065280 u0 t4.801
1467716 1330000 94 3 w4224055 r4166660 m4405093 f21034 r339642652 p500
 187826318=35446440+91987570+68306202 i37473 u215076320 u0 t5.203
1478847 1340000 94 3 w4335861 r4301040 m4543654 f21304 r345506521 p500
 189576204=35770547+92843092+68948286 i37473 u217078717 u0 t4.75
1489858 1350000 94 3 w4447421 r4434567 m4681439 f21567 r351276623 p500
 191293706=36091274+93689714+69570365 i37473 u219045975 u0 t4.743
1500812 1360000 94 3 w4554439 r4563371 m4814386 f21830 r356829710 p500
 192945491=36397576+94496222+70177412 i37473 u220936560 u0 t4.43
1511816 1370000 94 4 w4665112 r4697826 m4952872 f22097 r362470959 p500
 194629037=36712329+95326971+70785495 i37473 u222865493 u0 t5.048
1522795 1380000 94 3 w4773031 r4829883 m5088851 f22364 r367943085 p500
 196261107=37016280+96132860+71375071 i37473 u224734769 u0 t4.539
1533703 1390000 94 3 w4884569 r4966700 m5229694 f22626 r373549313 p500
 197916580=37324592+96947275+71976458 i37473 u226630666 u0 t4.6
1544569 1400000 94 3 w4996071 r5104390 m5371337 f22905 r379047686 p500
 199559259=37633478+97759355+72566898 i37473 u228513378 u0 t5.529
1555499 1410000 94 3 w5116609 r5254928 m5526252 f23212 r384937817 p500
 201315494=37961628+98624605+73202706 i37473 u230524556 u0 t5.182
1566395 1420000 94 3 w5237158 r5404958 m5680540 f23504 r390707224 p500
 203040851=38283744+99480615+73821800 i37473 u232501745 u0 t6.06
1577238 1430000 94 3 w5357772 r5555963 m5835697 f23797 r396466301 p500
 204769957=38606559+100338547+74442479 i37473 u234482807 u0 t5.271
1588118 1440000 98 4 w5479720 r5709628 m5993545 f24086 r402249588 p500
 206501964=38930451+101195825+75064964 i37473 u236467108 u0 t4.968
1598949 1450000 98 3 w5604548 r5868573 m6156716 f24389 r408174045 p500
 208268958=39258963+102068645+75703593 i37473 u238491100 u0 t4.905
1609797 1460000 98 3 w5729566 r6028451 m6320832 f24691 r414093061 p500
 210044947=39588611+102945770+76346406 i37473 u240524612 u0 t8.504
1620630 1470000 98 3 w5854443 r6188526 m6485116 f24996 r419904728 p500
 211794585=39917933+103814704+76971470 i37473 u242529661 u0 t5.255
1631477 1480000 98 3 w5980908 r6351738 m6652457 f25296 r425741342 p500
 213544045=40245037+104679189+77602221 i37473 u244533342 u0 t5.366
1642373 1490000 98 3 w6110786 r6520579 m6825687 f25618 r431729429 p500
 215341282=40581295+105569208+78248299 i37473 u246592399 u0 t5.11
1653233 1500000 98 4 w6240585 r6691406 m7000849 f25949 r437699400 p500
 217140861=40916401+106459891+78897104 i37473 u248653959 u0 t6.702
1664130 1510000 98 3 w6369526 r6860964 m7174682 f26276 r443580030 p500
 218918863=41246819+107335188+79542979 i37473 u250689472 u0 t6.666
1675034 1520000 98 3 w6501310 r7035654 m7353517 f26595 r449511241 p500
 220707784=41578832+108217124+80191733 i37473 u252737863 u0 t5.596
1685958 1530000 98 3 w6634168 r7213701 m7535906 f26921 r455550095 p500
 222527080=41916354+109112653+80853015 i37473 u254820901 u0 t5.247
1696847 1540000 98 3 w6767187 r7391649 m7718127 f27250 r461484102 p500
 224315178=42247473+109988212+81508049 i37473 u256866823 u0 t5.105
1707676 1550000 98 4 w6903269 r7575504 m7906265 f27598 r467561032 p500
 226145550=42585444+110889061+82174592 i37473 u258961752 u0 t8.722
1718573 1560000 98 3 w7040535 r7761199 m8096417 f27933 r473633553 p500
 227977335=42923424+111787999+82844857 i37473 u261057354 u0 t5.681
1729487 1570000 98 4 w7173042 r7942788 m8282113 f28263 r479502798 p500
 229753615=43251320+112659502+83494703 i37473 u263090075 u0 t5.286
1740347 1580000 98 3 w7309796 r8129072 m8472682 f28596 r485462055 p500
 231553104=43584046+113540125+84154536 i37473 u265149040 u0 t4.991
1751207 1590000 98 3 w7447407 r8319485 m8667323 f28933 r491477012 p500
 233379940=43922520+114439161+84819335 i37473 u267239770 u0 t9.354
1762023 1600000 98 3 w7583034 r8508079 m8860168 f29276 r497352836 p500
 235155843=44253361+115316780+85460372 i37473 u269273684 u0 t5.576
1772878 1610000 98 3 w7718841 r8697576 m9053946 f29614 r503222087 p500
 236929770=44581602+116184385+86111454 i37473 u271303621 u0 t5.317
1783723 1620000 98 3 w7853980 r8887314 m9247779 f29954 r509022526 p500
 238688807=44908360+117054935+86745918 i37473 u273318162 u0 t5.065
1794607 1630000 98 3 w7992557 r9082911 m9447655 f30301 r514920797 p500
 240464479=45236722+117925167+87395629 i37473 u275349641 u0 t8.814
1805498 1640000 98 3 w8130849 r9280304 m9649239 f30642 r520802236 p500
 242254153=45568300+118810419+88042816 i37473 u277399204 u0 t5.174
1816421 1650000 98 3 w8271774 r9481532 m9854653 f30997 r526735910 p500
 244050465=45899876+119697682+88694298 i37473 u279455659 u0 t5.174
1827273 1660000 98 3 w8412994 r9683616 m10061134 f31357 r532693438 p500
 245854599=46234183+120581771+89354321 i37473 u281520043 u0 t5.264
1838160 1670000 98 4 w8555357 r9889585 m10271223 f31721 r538636961 p500
 247658504=46569017+121468086+90011465 i37473 u283584694 u0 t8.283
1849005 1680000 98 3 w8694475 r10092045 m10477797 f32080 r544447449 p500
 249430278=46895842+122335533+90661291 i37473 u285612177 u0 t5.139
1859879 1690000 98 3 w8829964 r10291720 m10681477 f32414 r550050105 p500
 251131279=47212315+123178813+91272934 i37473 u287560992 u0 t5.154
1870739 1700000 98 4 w8970618 r10499300 m10893225 f32774 r555847701 p500
 252891045=47539369+124052324+91905247 i37473 u289577096 u0 t5.288
1881698 1710000 98 3 w9105527 r10700997 m11098952 f33112 r561400739 p500
 254580511=47855132+124886720+92515242 i37473 u291512431 u0 t8.14
1892578 1720000 98 3 w9242654 r10906955 m11308902 f33460 r567021786 p500
 256293646=48175630+125733252+93133036 i37473 u293475254 u0 t5.174
1903425 1730000 98 3 w9380678 r11115529 m11521453 f33814 r572666193 p500
 258022915=48497011+126587322+93759138 i37473 u295456134 u0 t5.25
1914319 1740000 98 3 w9524661 r11333872 m11744082 f34194 r578532793 p500
 259815209=48830592+127465985+94414637 i37473 u297507110 u0 t5.101
1925121 1750000 98 3 w9664594 r11547082 m11961302 f34552 r584202962 p500
 261541348=49152781+128320704+95035878 i37473 u299485037 u0 t8.609
1936035 1760000 98 3 w9809307 r11768712 m12187052 f34918 r590055542 p500
 263330395=49486167+129206644+95680325 i37473 u301534566 u0 t5.42
1946942 1770000 98 4 w9949415 r11984924 m12407290 f35274 r595657709 p500
 265050284=49805914+130048834+96309106 i37473 u303502966 u0 t5.171
1957829 1780000 98 3 w10088514 r12201159 m12627554 f35642 r601202903 p500
 266753303=50124838+130892409+96920932 i37473 u305454787 u0 t5.051
1968722 1790000 98 3 w10230180 r12422557 m12853063 f35992 r606863478 p500
 268493552=50448739+131746780+97555161 i37473 u307447098 u0 t9.27
1979581 1800000 98 3 w10368868 r12638643 m13073033 f36337 r612336972 p500
 270164288=50760785+132567358+98163038 i37473 u309359940 u0 t5.103
1990482 1810000 98 3 w10504267 r12853447 m13291679 f36671 r617760407 p500
 271830252=51072079+133383609+98770962 i37473 u311267226 u0 t5.075
2001382 1820000 98 3 w10640775 r13070340 m13512358 f37022 r623185394 p500
 273492871=51381902+134197434+99378998 i37473 u313170384 u0 t5.013
2012247 1830000 98 3 w10780043 r13292137 m13738078 f37394 r628688713 p500
 275187120=51698829+135031055+99993704 i37473 u315110544 u0 t8.398
2023129 1840000 98 3 w10918275 r13514529 m13964368 f37757 r634108609 p500
 276861603=52011532+135854419+100601958 i37473 u317027754 u0 t5.056
2034053 1850000 98 3 w11060869 r13747524 m14201460 f38129 r639734899 p500
 278586086=52334286+136703614+101226354 i37473 u319002818 u0 t5.298
2044917 1860000 98 3 w11198976 r13971084 m14428791 f38502 r645124272 p500
 280251224=52646494+137526857+101826009 i37473 u320910726 u0 t4.843
2055814 1870000 98 3 w11339442 r14199853 m14661568 f38870 r650641771 p500
 281924750=52958788+138352252+102431703 i37473 u322827538 u0 t9.747
2066728 1880000 98 3 w11477308 r14425038 m14890597 f39215 r655981567 p500
 283579260=53268199+139169715+103028509 i37473 u324722840 u0 t5.61
2077660 1890000 98 3 w11614908 r14651428 m15120766 f39578 r661352057 p500
 285237044=53579292+139988643+103625286 i37473 u326621932 u0 t5.437
2088614 1900000 98 3 w11754543 r14881182 m15354322 f39937 r666760632 p500
 286912655=53892335+140810185+104236352 i37473 u328539707 u0 t5.543
2099586 1910000 98 3 w11895833 r15115734 m15592842 f40300 r672237652 p500
 288616243=54209093+141647327+104856783 i37473 u330490058 u0 t9.672
2110524 1920000 98 3 w12033526 r15344343 m15825259 f40650 r677499016 p500
 290241237=54514629+142446303+105445717 i37473 u332350903 u0 t5.036
2121483 1930000 98 4 w12174593 r15579602 m16064398 f41009 r682912472 p500
 291923570=54829825+143276743+106052519 i37473 u334278266 u0 t5.243
2132440 1940000 98 3 w12313702 r15813215 m16301826 f41375 r688222991 p500
 293565784=55136148+144083806+106649839 i37473 u336158433 u0 t5.655
2143340 1950000 98 3 w12453957 r16051684 m16544067 f41746 r693603303 p500
 295239019=55448867+144906211+107257969 i37473 u338074608 u0 t9.183
2154286 1960000 98 3 w12591942 r16285044 m16781243 f42099 r698817152 p500
 296860107=55753648+145703015+107845359 i37473 u339931581 u0 t5.578
2165157 1970000 98 3 w12720671 r16506553 m17006205 f42438 r703778959 p500
 298412591=56044542+146464173+108410700 i37473 u341708970 u0 t5.067
2176142 1980000 98 3 w12853533 r16735479 m17238831 f42778 r708849388 p500
 299979496=56338337+147235354+108978397 i37473 u343503709 u0 t5.747
2187090 1990000 98 3 w12992410 r16974167 m17481227 f43136 r714115097 p500
 301618575=56644428+148044181+109570873 i37473 u345381137 u0 t9.763
2198031 2000000 98 3 w13126062 r17204902 m17715599 f43484 r719166563 p500
 303185210=56938923+148817650+110135184 i37473 u347176419 u0 t5.63
2208970 2010000 98 3 w13257958 r17432685 m17946961 f43839 r724148110 p500
 304752540=57232180+149587337+110705170 i37473 u348970995 u0 t5.093
2219875 2020000 98 3 w13392742 r17666868 m18184870 f44188 r729228658 p500
 306334455=57532948+150371332+111270400 i37473 u350784475 u0 t6.114
2230717 2030000 98 3 w13522265 r17891844 m18413204 f44526 r734058510 p500
 307845651=57817948+151122157+111809532 i37473 u352517011 u0 t9.252
2241553 2040000 98 3 w13653369 r18122375 m18647224 f44868 r738986360 p500
 309373570=58105978+151881084+112355392 i37473 u354268538 u0 t5.223
2252478 2050000 98 3 w13785831 r18354351 m18882639 f45229 r743917826 p500
 310917801=58397346+152645204+112909519 i37473 u356038683 u0 t4.821
2263400 2060000 98 4 w13916444 r18586325 m19118105 f45576 r748870585 p500
 312460636=58688083+153405052+113466755 i37473 u357806268 u0 t5.778
2274335 2070000 98 3 w14049342 r18819645 m19354924 f45934 r753806834 p500
 314006113=58979074+154169481+114021866 i37473 u359577630 u0 t9.939
2285238 2080000 98 3 w14175619 r19043840 m19582481 f46272 r758507122 p500
 315479761=59257781+154893633+114554732 i37473 u361266365 u0 t5.167
2296195 2090000 98 3 w14303783 r19274024 m19816113 f46626 r763333423 p500
 317001742=59547160+155648315+115097246 i37473 u363011390 u0 t5.129
2307093 2100000 98 3 w14435871 r19510494 m20055992 f46979 r768250815 p500
 318548784=59841585+156419314+115645210 i37473 u364786461 u0 t5.621
2317991 2110000 98 3 w14566389 r19743537 m20292522 f47304 r773079424 p500
 320065310=60129116+157167613+116190543 i37473 u366524864 u0 t11.114
2328915 2120000 98 3 w14691804 r19970182 m20522407 f47630 r777753471 p500
 321540226=60409484+157900375+116714932 i37473 u368216326 u0 t5.115
2339889 2130000 98 3 w14822997 r20207339 m20763153 f47964 r782627932 p500
 323065272=60697602+158658425+117258241 i37473 u369965399 u0 t5.179
2350849 2140000 98 3 w14953166 r20440511 m20999750 f48303 r787397935 p500
 324569276=60981045+159406540+117794073 i37473 u371689939 u0 t4.761
2361818 2150000 98 4 w15080089 r20671596 m21234172 f48634 r792104343 p500
 326046163=61261072+160142425+118317711 i37473 u373384572 u0 t10.028
2372703 2160000 98 3 w15212551 r20911241 m21477368 f49005 r796970354 p500
 327582195=61550056+160900281+118871928 i37473 u375144354 u0 t5.278
2383611 2170000 98 3 w15335926 r21135864 m21705233 f49317 r801535220 p500
 329020933=61822910+161615512+119384128 i37473 u376794630 u0 t5.125
2394538 2180000 98 3 w15461303 r21364423 m21937155 f49645 r806133361 p500
 330471640=62098697+162341500+119894769 i37473 u378459738 u0 t4.601
2405448 2190000 98 3 w15596750 r21613124 m22189502 f50010 r811126403 p500
 332047282=62396171+163128686+120452548 i37473 u380267263 u0 t10.645
2416385 2200000 98 3 w15728301 r21854438 m22434273 f50351 r815966532 p500
 333572677=62685022+163886371+120996698 i37473 u382016390 u0 t5.482
2427291 2210000 98 4 w15854547 r22088451 m22671575 f50700 r820644883 p500
 335055154=62966105+164620723+121527332 i37473 u383716115 u0 t5.291
2438224 2220000 98 3 w15985321 r22329793 m22916321 f51050 r825403440 p500
 336562228=63251799+165373345+122060347 i37473 u385445135 u0 t5.253
2449156 2230000 98 3 w16118005 r22574010 m23163931 f51409 r830228712 p500
 338098470=63544181+166137065+122607037 i37473 u387206906 u0 t9.686
2460085 2240000 98 3 w16255194 r22828516 m23422037 f51775 r835243115 p500
 339674657=63843460+166921569+123166530 i37473 u389014449 u0 t6.68
2471031 2250000 98 4 w16397809 r23092420 m23689510 f52144 r840472957 p500
 341328221=64154313+167736404+123763464 i37473 u390908614 u0 t5.979
2481891 2260000 98 3 w16535291 r23347439 m23948140 f52526 r845485847 p500
 342920094=64455060+168519044+124339193 i37473 u392731890 u0 t5.259
2492839 2270000 98 3 w16671949 r23604603 m24208834 f52894 r850531704 p500
 344524932=64756130+169308970+124920291 i37473 u394570653 u0 t10.562
2503770 2280000 98 3 w16815523 r23871722 m24479676 f53266 r855714527 p500
 346165173=65065475+170120749+125508611 i37473 u396450550 u0 t5.98
2514685 2290000 98 3 w16953805 r24131462 m24743083 f53639 r860793583 p500
 347777859=65367628+170914357+126092672 i37473 u398298229 u0 t5.674
2525687 2300000 98 4 w17098927 r24403484 m25018926 f54014 r866025498 p500
 349430556=65676533+171726819+126692647 i37473 u400190364 u0 t5.529
2536614 2310000 98 3 w17238591 r24668271 m25287333 f54378 r871158899 p500
 351071462=65982636+172534843+127287338 i37473 u402069759 u0 t10.748
2547690 2320000 98 3 w17388225 r24949495 m25572561 f54777 r876573866 p500
 352775789=66300993+173374078+127904919 i37473 u404021310 u0 t6.04
2558712 2330000 98 3 w17537546 r25228335 m25855302 f55178 r881941509 p500
 354479327=66619347+174214406+128520924 i37473 u405972302 u0 t5.917
2569709 2340000 98 4 w17681110 r25500112 m26130819 f55563 r887107416 p500
 356119816=66929029+175032721+129102657 i37473 u407854141 u0 t8.752
2580699 2350000 98 3 w17834639 r25788697 m26423316 f55961 r892611194 p500
 357866975=67253212+175889572+129740737 i37473 u409854432 u0 t8.958
2591715 2360000 98 3 w17981462 r26067454 m26705837 f56354 r897959387 p500
 359567798=67570319+176725970+130359050 i37473 u411801845 u0 t6.577
2602831 2370000 98 3 w18136364 r26360556 m27002932 f56785 r903544341 p500
 361333804=67899239+177596044+130999241 i37473 u413824584 u0 t6.936
2613986 2380000 98 3 w18293657 r26658290 m27304698 f57198 r909239138 p500
 363142494=68230806+178475866+131670096 i37473 u415893086 u0 t11.383
2624949 2390000 98 3 w18451091 r26955552 m27606031 f57620 r914951967 p500
 364958248=68564735+179361240+132340268 i37473 u417970082 u0 t6.803
2635909 2400000 98 3 w18610021 r27257928 m27912632 f58041 r920775981 p500
 366793742=68902584+180257977+133015990 i37473 u420069544 u0 t8.149
2646913 2410000 98 3 w18763372 r27548098 m28206793 f58460 r926305181 p500
 368547157=69226360+181113701+133662101 i37473 u422075122 u0 t11.042
2657884 2420000 98 3 w18912227 r27831031 m28493626 f58871 r931669540 p500
 370250743=69543018+181948977+134283775 i37473 u424025121 u0 t7.337
2668918 2430000 98 3 w19059905 r28111904 m28778379 f59262 r937019096 p500
 371945334=69856854+182774867+134907321 i37473 u425963503 u0 t7.148
2679809 2440000 98 3 w19203696 r28388069 m29058310 f59655 r942247771 p500
 373593593=70165486+183587194+135502816 i37473 u427851219 u0 t14.557
2690746 2450000 98 3 w19353152 r28673064 m29347217 f60037 r947545691 p500
 375264732=70476391+184414187+136105363 i37473 u429765353 u0 t8.732
2701594 2460000 98 4 w19507984 r28971043 m29649113 f60449 r953084682 p500
 377026942=70804695+185280946+136745118 i37473 u431783001 u0 t7.991
2712475 2470000 98 3 w19659805 r29262421 m29944437 f60847 r958477359 p500
 378737275=71123412+186129022+137359567 i37473 u433742548 u0 t18.029
2723357 2480000 98 4 w19813417 r29559588 m30245465 f61256 r963975613 p500
 380487328=71448458+186993347+137992245 i37473 u435746915 u0 t9.171
2734166 2490000 98 3 w19963288 r29849903 m30539565 f61664 r969333556 p500
 382198024=71767925+187837149+138610940 i37473 u437706338 u0 t8.702
2745023 2500000 98 3 w20119601 r30153598 m30847268 f62069 r974904713 p500
 383959910=72094368+188705051+139251002 i37473 u439723860 u0 t13.805
2755880 2510000 98 3 w20272260 r30451900 m31149399 f62482 r980372606 p500
 385703183=72418174+189565646+139881674 i37473 u441720311 u0 t14.389
2766772 2520000 98 3 w20427411 r30757591 m31459067 f62872 r985942311 p500
 387463931=72744988+190431472+140522086 i37473 u443736537 u0 t10.034
2777605 2530000 98 3 w20582066 r31057384 m31762828 f63289 r991399542 p500
 389210244=73071112+191290844+141155276 i37473 u445736329 u0 t9.816
2788466 2540000 98 3 w20738411 r31363242 m32072767 f63715 r996972344 p500
 390993925=73405001+192169511+141801295 i37473 u447778524 u0 t20.489
2799329 2550000 98 3 w20903331 r31684286 m32398005 f64162 r1002812238 p500
 392854436=73747080+193084041+142481179 i37473 u449907543 u0 t10.885
2810193 2560000 98 3 w21056157 r31984459 m32702121 f64564 r1008278411 p500
 394586175=74069906+193939383+143107047 i37473 u451890782 u0 t10.207
2821115 2570000 98 3 w21213389 r32293322 m33014959 f64999 r1013879813 p500
 396373854=74400331+194815983+143761024 i37473 u453936208 u0 t21.74
2832025 2580000 98 3 w21378139 r32616341 m33342194 f65445 r1019658277 p500
 398201283=74740010+195716692+144423960 i37473 u456028703 u0 t11.283
2842894 2590000 98 3 w21529720 r32918108 m33647791 f65846 r1025138599 p500
 399960875=75065982+196579442+145067439 i37473 u458042782 u0 t10.746
2853742 2600000 98 3 w21695816 r33245289 m33979228 f66298 r1030976979 p500
 401811634=75407233+197492344+145739777 i37473 u460161585 u0 t21.461
2864632 2610000 98 3 w21856528 r33563962 m34301987 f66735 r1036721985 p500
 403667966=75750169+198409680+146411818 i37473 u462287105 u0 t12.632
2875503 2620000 98 3 w22020287 r33887534 m34629815 f67175 r1042471802 p500
 405501187=76090975+199311909+147078283 i37473 u464386140 u0 t11.932
2886360 2630000 98 3 w22180286 r34206693 m34953037 f67611 r1048146959 p500
 407318394=76428580+200209416+147736246 i37473 u466467500 u0 t20.173
2897239 2640000 98 3 w22340742 r34528499 m35278971 f68046 r1053846000 p500
 409133084=76766405+201102314+148395438 i37473 u468544763 u0 t13.867
2908079 2650000 98 3 w22506111 r34856518 m35611251 f68494 r1059661129 p500
 410998892=77114178+202021249+149071777 i37473 u470681063 u0 t11.122
2919336 2660000 98 3 w22668438 r35180273 m35939106 f68946 r1065430997 p500
 412865095=77458535+202937691+149753790 i37473 u472816518 u0 t18.7
2930193 2670000 98 3 w22835216 r35516145 m36279175 f69417 r1071346654 p500
 414758028=77807462+203871479+150441590 i37473 u474983374 u0 t13.388
2941058 2680000 98 3 w22994070 r35835517 m36602558 f69847 r1076978554 p500
 416562298=78141604+204760082+151097021 i37473 u477048801 u0 t10.497
2951948 2690000 98 3 w23156074 r36162450 m36933562 f70287 r1082694178 p500
 418394567=78482060+205663987+151760410 i37473 u479146928 u0 t18.568
2962792 2700000 98 4 w23314094 r36481221 m37256285 f70720 r1088296395 p500
 420187245=78815085+206550897+152407374 i37473 u481200174 u0 t12.466
2973731 2710000 98 4 w23470871 r36798579 m37577626 f71137 r1093836987 p500
 421964447=79147445+207422084+153055205 i37473 u483234152 u0 t9.765
2984605 2720000 98 3 w23627435 r37115087 m37898164 f71561 r1099384370 p500
 423762171=79480129+208299528+153716891 i37473 u485290111 u0 t14.994
2995574 2730000 98 3 w23784376 r37432835 m38219988 f71986 r1104950866 p500
 425541780=79809047+209170707+154369183 i37473 u487325783 u0 t15.551
3006468 2740000 98 3 w23942361 r37754241 m38545267 f72410 r1110580334 p500
 427360559=80145053+210063381+155033678 i37473 u489406357 u0 t11.782
3017345 2750000 98 3 w24098775 r38072197 m38867221 f72823 r1116088532 p500
 429112466=80471448+210929421+155665389 i37473 u491413035 u0 t13.081
3028291 2760000 98 4 w24252473 r38383829 m39182766 f73229 r1121514050 p500
 430853628=80794053+211779723+156304391 i37473 u493404696 u0 t18.642
3039192 2770000 98 3 w24401476 r38685538 m39488092 f73632 r1126749575 p500
 432538461=81107787+212604140+156920898 i37473 u495332308 u0 t10.308
3050078 2780000 98 3 w24551048 r38989603 m39795994 f74027 r1132036271 p500
 434247277=81429031+213437682+157545343 i37473 u497287184 u0 t10.357
3060975 2790000 98 3 w24705402 r39303547 m40113798 f74454 r1137507251 p500
 436026715=81761305+214309126+158194410 i37473 u499322911 u0 t22.466
3071909 2800000 98 3 w24855118 r39609237 m40423252 f74855 r1142790901 p500
 437724222=82079132+215137533+158816103 i37473 u501264735 u0 t10.192
3082762 2810000 98 4 w25010125 r39927915 m40745875 f75268 r1148320301 p500
 439502098=82407520+216004295+159471644 i37473 u503297754 u0 t10.543
3093667 2820000 98 3 w25164495 r40243981 m41065795 f75689 r1153762240 p500
 441252475=82734828+216859883+160111731 i37473 u505299877 u0 t22.963
3104606 2830000 98 3 w25317598 r40560291 m41385899 f76097 r1159207911 p500
 443006883=83060939+217716620+160755196 i37473 u507307007 u0 t11.621
3115556 2840000 98 3 w25465002 r40865626 m41694939 f76502 r1164427391 p500
 444688481=83372733+218538469+161372236 i37473 u509230887 u0 t10.503
3126447 2850000 98 3 w25613226 r41171710 m42004754 f76909 r1169654543 p500
 446373566=83687025+219365885+161985484 i37473 u511159908 u0 t21.225
3137354 2860000 98 3 w25761098 r41477168 m42313903 f77312 r1174942361 p500
 448084410=84007360+220203015+162608631 i37473 u513117469 u0 t10.264
3148306 2870000 98 3 w25904849 r41774558 m42614859 f77696 r1180007243 p500
 449709146=84311145+221001359+163198792 i37473 u514977874 u0 t9.249
3159170 2880000 98 3 w26048027 r42073520 m42917378 f78076 r1185085133 p500
 451351882=84617909+221801999+163801990 i37473 u516857267 u0 t9.212
3170031 2890000 98 3 w26193638 r42376577 m43223929 f78478 r1190205896 p500
 453013492=84929203+222613413+164410040 i37473 u518758766 u0 t18.662
3180938 2900000 98 3 w26337367 r42678415 m43529287 f78884 r1195322596 p500
 454661681=85237778+223419314+165012236 i37473 u520645111 u0 t8.582
3191816 2910000 98 3 w26483468 r42985008 m43839486 f79286 r1200521033 p500
 456350591=85550949+224239011+165637741 i37473 u522576388 u0 t9.064
3202736 2920000 98 3 w26633644 r43303441 m44161712 f79707 r1205877987 p500
 458067183=85872730+225081734+166261324 i37473 u524541320 u0 t20.046
3213588 2930000 98 3 w26782824 r43613314 m44475222 f80106 r1211095108 p500
 459765403=86191157+225911227+166882779 i37473 u526484070 u0 t9.553
3224450 2940000 98 3 w26930251 r43925468 m44791197 f80523 r1216369954 p500
 461458958=86506014+226744049+167499073 i37473 u528422462 u0 t9.223
3235384 2950000 98 3 w27077775 r44234639 m45104037 f80932 r1221540296 p500
 463116228=86815090+227563975+168096159 i37473 u530321241 u0 t12.695
3246267 2960000 98 3 w27229961 r44554386 m45427574 f81350 r1226927863 p500
 464858603=87140346+228419120+168730537 i37473 u532315739 u0 t16.108
3257218 2970000 98 3 w27384634 r44880195 m45757139 f81770 r1232402788 p500
 466613074=87466190+229282067+169368910 i37473 u534323874 u0 t8.88
3268155 2980000 98 3 w27529638 r45186845 m46067264 f82165 r1237526208 p500
 468268376=87775619+230093744+169972379 i37473 u536218404 u0 t9.033
3278993 2990000 98 3 w27677931 r45500604 m46384663 f82570 r1242771937 p500
 469969715=88091511+230926039+170595817 i37473 u538165329 u0 t18.71
3289873 3000000 98 3 w27816972 r45796955 m46684407 f82952 r1247730849 p500
 471569970=88391941+231705539+171183343 i37473 u539996763 u0 t8.82
3300770 3010000 98 3 w27962414 r46107378 m46998344 f83357 r1252877369 p500
 473233246=88702602+232525382+171785545 i37473 u541902087 u0 t9.322
3311716 3020000 98 3 w28108996 r46418344 m47312839 f83766 r1258013381 p500
 474884704=89011906+233343669+172378776 i37473 u543793883 u0 t19.327
3322684 3030000 98 3 w28252206 r46723030 m47621063 f84157 r1263081632 p500
 476508174=89314099+234142224+172968486 i37473 u545652734 u0 t10.242
3333558 3040000 98 3 w28396288 r47030132 m47931741 f84546 r1268177826 p500
 478143366=89618548+234943979+173565228 i37473 u547524844 u0 t8.689
3344467 3050000 98 3 w28539336 r47330412 m48235397 f84936 r1273126060 p500
 479740737=89918385+235729820+174143829 i37473 u549354466 u0 t8.03
3355390 3060000 98 4 w28683810 r47642646 m48551182 f85329 r1278294924 p500
 481413586=90230624+236550329+174753692 i37473 u551269615 u0 t27.321
3366284 3070000 98 3 w28823389 r47937883 m48849760 f85704 r1283166048 p500
 482988960=90526560+237328756+175320755 i37473 u553074425 u0 t13.471
3377177 3080000 98 3 w28963751 r48240830 m49156109 f86098 r1288171068 p500
 484606407=90828041+238120588+175912435 i37473 u554924887 u0 t8.721
3388055 3090000 98 3 w29102598 r48537933 m49456575 f86476 r1292996320 p500
 486152468=91119668+238885764+176466949 i37473 u556696806 u0 t14.532
3398880 3100000 98 3 w29235782 r48827526 m49749461 f86850 r1297733111 p500
 487684763=91409430+239647791+177012102 i37473 u558453694 u0 t13.13
3409787 3110000 98 3 w29372806 r49121523 m50046884 f87229 r1302519175 p500
 489223743=91698454+240408490+177565964 i37473 u560216908 u0 t8.475
3420708 3120000 98 3 w29510876 r49415979 m50344758 f87615 r1307327859 p500
 490782966=91991874+241181846+178124362 i37473 u562004080 u0 t9.342
3431637 3130000 98 3 w29650151 r49717924 m50650190 f88011 r1312264772 p500
 492372061=92290972+241966929+178696725 i37473 u563824417 u0 t18.438
3442607 3140000 98 3 w29783470 r50003375 m50938827 f88373 r1316889366 p500
 493867479=92576410+242705734+179231864 i37473 u565538421 u0 t8.625
3453456 3150000 98 3 w29920204 r50300074 m51238919 f88757 r1321693440 p500
 495418218=92870797+243475997+179783874 i37473 u567316831 u0 t7.607
3464366 3160000 98 3 w30058037 r50595067 m51537243 f89143 r1326485328 p500
 496965936=93164715+244245389+180334199 i37473 u569091328 u0 t13.928
3475266 3170000 98 3 w30192841 r50888590 m51834159 f89529 r1331249719 p500
 498503481=93454655+245005791+180885711 i37473 u570853066 u0 t14.498
3486141 3180000 98 3 w30324259 r51172669 m52121552 f89900 r1335845929 p500
 499986498=93737190+245741376+181413852 i37473 u572553991 u0 t8.177
3497008 3190000 98 3 w30459923 r51463758 m52415857 f90269 r1340579157 p500
 501529487=94026056+246498293+181975369 i37473 u574320457 u0 t7.42
3507853 3200000 98 3 w30592159 r51751407 m52706779 f90641 r1345241616 p500
 503046559=94315835+247250150+182516197 i37473 u576059725 u0 t19.029
3518683 3210000 98 3 w30725814 r52041943 m53000610 f91020 r1349935440 p500
 504564868=94603075+248002586+183059009 i37473 u577800335 u0 t10.775
3529542 3220000 98 3 w30859090 r52332947 m53295019 f91381 r1354652039 p500
 506086306=94893153+248756525+183601588 i37473 u579544775 u0 t7.959
3540480 3230000 98 3 w30990775 r52620855 m53586182 f91743 r1359252859 p500
 507573435=95176490+249498789+184127119 i37473 u581250937 u0 t17.576
3551409 3240000 98 3 w31128256 r52921236 m53889947 f92135 r1364090916 p500
 509136904=95471887+250274207+184686052 i37473 u583043770 u0 t19.398
3562370 3250000 98 3 w31260170 r53207882 m54179818 f92507 r1368701241 p500
 510633889=95756816+251017114+185219210 i37473 u584760145 u0 t9.302
3573321 3260000 98 3 w31393035 r53500717 m54475949 f92866 r1373413805 p500
 512154031=96046348+251771059+185761190 i37473 u586503447 u0 t8.279
3584317 3270000 98 3 w31530671 r53799879 m54778353 f93250 r1378207487 p500
 513711000=96340918+252547891+186312667 i37473 u588289266 u0 t8.009
3595165 3280000 98 3 w31662859 r54092429 m55074137 f93610 r1382890331 p500
 515228612=96629800+253298990+186854771 i37473 u590029366 u0 t19.696
3606131 3290000 98 4 w31800046 r54392731 m55377810 f94007 r1387688651 p500
 516787712=96926491+254070286+187412396 i37473 u591816913 u0 t10.102
3617031 3300000 98 3 w31930399 r54681223 m55669581 f94371 r1392298992 p500
 518283261=97210191+254817319+187941237 i37473 u593532834 u0 t8.389
3627996 3310000 98 3 w32065339 r54977568 m55969257 f94751 r1397008394 p500
 519803633=97499274+255577531+188477038 i37473 u595277271 u0 t11.088
3638920 3320000 98 3 w32201317 r55277696 m56272790 f95141 r1401843638 p500
 521375389=97793280+256352278+189045476 i37473 u597077338 u0 t23.986
3649881 3330000 98 3 w32331737 r55565384 m56563773 f95504 r1406444621 p500
 522880556=98076303+257096336+189586609 i37473 u598802155 u0 t9.892
3660867 3340000 98 3 w32473897 r55879755 m56881613 f95911 r1411436656 p500
 524491379=98379942+257895171+190162867 i37473 u600648475 u0 t9.174
3671820 3350000 98 4 w32607885 r56180413 m57185549 f96288 r1416212694 p500
 526041380=98675689+258665765+190712311 i37473 u602426799 u0 t19.137
3682790 3360000 98 3 w32748650 r56492478 m57501193 f96681 r1421181702 p500
 527659222=98979781+259462353+191297318 i37473 u604279872 u0 t20.098
3693808 3370000 98 3 w32891195 r56810094 m57822265 f97077 r1426270736 p500
 529325956=99293194+260282583+191900382 i37473 u606188525 u0 t11.337
3704793 3380000 98 3 w33033115 r57123087 m58138705 f97488 r1431247715 p500
 530943069=99597886+261085257+192478358 i37473 u608042680 u0 t10.078
3715703 3390000 98 3 w33180351 r57451862 m58471263 f97908 r1436468338 p500
 532641482=99915490+261923870+193091543 i37473 u609988651 u0 t23.039
3726649 3400000 98 3 w33327517 r57783058 m58806071 f98323 r1441714933 p500
 534346388=100233856+262770855+193701866 i37473 u611942893 u0 t22.851
3737635 3410000 98 4 w33483131 r58128803 m59155734 f98755 r1447194544 p500
 536134448=100568655+263669932+194329472 i37473 u613994183 u0 t10.61
3748614 3420000 98 3 w33636121 r58470647 m59501465 f99195 r1452634077 p500
 537914058=100902015+264547436+194973273 i37473 u616032919 u0 t22.317
3759597 3430000 98 3 w33792539 r58820769 m59855582 f99647 r1458187212 p500
 539732180=101243537+265443050+195631087 i37473 u618115031 u0 t13.935
3770552 3440000 98 3 w33950190 r59172098 m60210878 f100083 r1463757017 p500
 541540317=101581938+266331153+196288296 i37473 u620185384 u0 t11.979
3781517 3450000 98 3 w34102825 r59512646 m60555253 f100512 r1469236409 p500
 543336930=101916523+267210385+196945560 i37473 u622241875 u0 t20.867
3792483 3460000 98 3 w34258464 r59861626 m60908259 f100947 r1474785077 p500
 545110407=102247719+268083312+197588580 i37473 u624273144 u0 t12.694
3803443 3470000 98 3 w34411343 r60201788 m61252255 f101366 r1480167776 p500
 546863450=102576365+268956547+198213619 i37473 u626283126 u0 t10.745
3814317 3480000 98 3 w34563265 r60542692 m61597034 f101798 r1485582594 p500
 548616328=102905067+269822518+198845460 i37473 u628291204 u0 t11.937
3825200 3490000 98 4 w34713247 r60879384 m61937415 f102238 r1490918739 p500
 550364699=103231208+270687065+199476077 i37473 u630294481 u0 t25.779
3836062 3500000 98 4 w34860873 r61207247 m62268991 f102660 r1496094201 p500
 552038919=103542921+271516200+200079385 i37473 u632212857 u0 t14.102
3847051 3510000 98 3 w35005799 r61537231 m62602566 f103084 r1501314582 p500
 553738833=103859970+272354792+200694844 i37473 u634159686 u0 t13.671
3857981 3520000 98 3 w35165120 r61892670 m62962021 f103538 r1506862592 p500
 555533138=104195870+273249795+201333950 i37473 u636216884 u0 t26.153
3868919 3530000 98 3 w35324833 r62253572 m63326922 f104011 r1512515401 p500
 557372661=104540051+274170956+201984926 i37473 u638326257 u0 t14.534
3879700 3540000 98 3 w35481163 r62608416 m63685800 f104453 r1518052147 p500
 559174880=104876499+275068767+202628476 i37473 u640392023 u0 t14.556
3890544 3550000 98 4 w35646366 r62981218 m64062790 f104926 r1523824510 p500
 561055077=105229291+276013658+203289337 i37473 u642548915 u0 t26.867
3901420 3560000 98 3 w35800965 r63333904 m64419418 f105363 r1529331281 p500
 562858794=105565010+276912898+203933306 i37473 u644616405 u0 t14.88
3912350 3570000 98 3 w35963456 r63701451 m64791022 f105823 r1535018455 p500
 564721760=105912497+277839367+204600662 i37473 u646751345 u0 t14.62
3923255 3580000 98 3 w36118791 r64058010 m65151473 f106269 r1540548515 p500
 566536233=106252225+278740214+205250933 i37473 u648830487 u0 t25.627
3934146 3590000 98 3 w36281390 r64427776 m65525397 f106729 r1546295780 p500
 568414549=106603188+279666112+205930557 i37473 u650981254 u0 t16.272
3945058 3600000 98 3 w36442515 r64792003 m65893717 f107193 r1551905932 p500
 570254570=106948208+280576629+206591269 i37473 u653088630 u0 t18.218
3955958 3610000 98 3 w36603139 r65162344 m66268032 f107650 r1557653191 p500
 572141867=107297481+281509367+207275346 i37473 u655249421 u0 t24.608
3966817 3620000 98 3 w36758308 r65521195 m66630806 f108091 r1563207806 p500
 573970117=107641840+282420517+207926474 i37473 u657342934 u0 t18.784
3977696 3630000 98 3 w36917944 r65886718 m67000310 f108525 r1568821623 p500
 575805448=107982976+283330153+208587374 i37473 u659445143 u0 t18.961
3988551 3640000 98 3 w37079640 r66258916 m67376592 f108985 r1574600275 p500
 577705627=108334575+284265405+209279576 i37473 u661619747 u0 t17.18
3999436 3650000 98 3 w37241564 r66629519 m67751367 f109439 r1580305957 p500
 579562654=108677005+285180148+209955784 i37473 u663745732 u0 t33.036
4010266 3660000 98 3 w37398646 r66989993 m68115741 f109914 r1585877197 p500
 581403607=109018526+286095150+210616435 i37473 u665855007 u0 t13.882
4021082 3670000 98 3 w37557667 r67356773 m68486526 f110370 r1591506760 p500
 583240993=109359018+287005077+211279585 i37473 u667959545 u0 t31.503
4031936 3680000 98 3 w37721907 r67737713 m68871705 f110833 r1597354273 p500
 585155368=109713677+287951495+211971670 i37473 u670151204 u0 t17.693
4042723 3690000 98 3 w37884162 r68110870 m69248836 f111295 r1603067494 p500
 587038338=110063444+288882903+212652051 i37473 u672307166 u0 t23.308
4053582 3700000 98 3 w38042844 r68484827 m69626833 f111754 r1608800940 p500
 588932135=110417322+289824565+213331268 i37473 u674475180 u0 t18.794
4064959 3710000 98 3 w38205954 r68859552 m70005635 f112210 r1614550695 p500
 590833836=110769103+290768846+214014935 i37473 u676653413 u0 t31.008
4075764 3720000 98 3 w38364552 r69228967 m70379031 f112650 r1620173748 p500
 592687604=111114214+291684210+214686258 i37473 u678776850 u0 t20.404
4086632 3730000 98 3 w38518399 r69591341 m70745321 f113104 r1625725978 p500
 594516201=111454579+292586097+215349182 i37473 u680870539 u0 t20.349
4097561 3740000 98 3 w38674289 r69955675 m71113601 f113559 r1631312582 p500
 596344284=111792862+293482665+216017659 i37473 u682962365 u0 t32.066
4108439 3750000 98 3 w38833223 r70325399 m71487317 f114040 r1636967412 p500
 598193673=112136711+294395739+216687720 i37473 u685079915 u0 t17.952
4119319 3760000 98 3 w38989791 r70691007 m71856764 f114495 r1642542761 p500
 600031342=112478174+295302182+217354611 i37473 u687183840 u0 t21.355
4130276 3770000 98 3 w39138175 r71038255 m72207811 f114930 r1647825466 p500
 601775420=112803457+296161714+217986977 i37473 u689180972 u0 t36.109
4141183 3780000 98 3 w39292726 r71400137 m72573689 f115375 r1653309622 p500
 603575343=113140168+297048522+218638665 i37473 u691242493 u0 t23.577
4152093 3790000 98 3 w39445393 r71756697 m72934020 f115821 r1658706342 p500
 605357888=113473027+297929805+219281395 i37473 u693284576 u0 t18.17
4162989 3800000 98 3 w39603462 r72128315 m73309658 f116281 r1664348875 p500
 607225564=113819520+298845200+219964243 i37473 u695421956 u0 t20.896
4173910 3810000 98 4 w39754647 r72487015 m73672172 f116730 r1669798232 p500
 609011404=114151393+299726941+220611152 i37473 u697466917 u0 t36.759
4184895 3820000 98 3 w39909115 r72846734 m74035807 f117178 r1675234334 p500
 610800344=114485341+300612280+221255876 i37473 u699516325 u0 t25.523
4195828 3830000 98 3 w40055709 r73192517 m74385257 f117619 r1680452674 p500
 612539294=114810261+301475332+221879618 i37473 u701508996 u0 t22.974
4206739 3840000 98 3 w40206139 r73548499 m74744994 f118057 r1685835999 p500
 614314267=115140779+302354612+222518823 i37473 u703542048 u0 t31.428
4217677 3850000 98 3 w40356736 r73903965 m75104316 f118499 r1691176881 p500
 616056393=115465149+303220049+223144048 i37473 u705538024 u0 t22.906
4228607 3860000 98 3 w40504192 r74248331 m75452517 f118936 r1696399758 p500
 617780283=115785327+304072285+223767062 i37473 u707512272 u0 t29.104
4239510 3870000 98 3 w40647056 r74587792 m75795635 f119354 r1701536781 p500
 619481410=116103114+304913123+224380691 i37473 u709460775 u0 t27.821
4250423 3880000 98 3 w40793003 r74931958 m76143491 f119780 r1706741953 p500
 621184395=116420732+305757681+224992434 i37473 u711412047 u0 t30.181
4261357 3890000 98 3 w40934232 r75266568 m76481715 f120199 r1711795854 p500
 622866150=116736173+306595185+225591185 i37473 u713339997 u0 t25.677
4272391 3900000 98 3 w41079407 r75608190 m76827161 f120618 r1716985308 p500
 624582776=117063230+307431520+226220077 i37473 u715303625 u0 t20.296
4283314 3910000 98 4 w41227734 r75955683 m77178362 f121067 r1722241525 p500
 626316809=117388789+308283692+226848748 i37473 u717288911 u0 t37.673
4294200 3920000 98 3 w41367371 r76290429 m77516549 f121487 r1727287647 p500
 628000607=117704520+309113782+227457481 i37473 u719217271 u0 t27.93
4305160 3930000 98 3 w41509277 r76630367 m77860160 f121899 r1732374915 p500
 629680550=118020474+309942049+228064086 i37473 u721141481 u0 t19.915
4316083 3940000 98 3 w41647737 r76960684 m78193945 f122302 r1737356012 p500
 631336621=118335147+310758075+228660128 i37473 u723038702 u0 t25.775
4326986 3950000 98 3 w41796179 r77312300 m78549171 f122737 r1742664755 p500
 633109752=118668577+311623477+229309206 i37473 u725067808 u0 t39.942
4337955 3960000 98 4 w41931503 r77637539 m78877852 f123125 r1747559688 p500
 634733449=118976112+312418072+229899381 i37473 u726926502 u0 t27.705
4348836 3970000 98 3 w42069174 r77964970 m79208749 f123531 r1752456258 p500
 636358243=119284193+313221032+230482160 i37473 u728789025 u0 t19.522
4359757 3980000 98 3 w42204532 r78293535 m79540730 f123950 r1757374203 p500
 637990593=119592004+314032767+231064132 i37473 u730660841 u0 t37.478
4370729 3990000 98 3 w42342125 r78622463 m79873233 f124376 r1762269751 p500
 639610609=119898014+314835811+231643448 i37473 u732517755 u0 t30.724
4381681 4000000 98 3 w42485908 r78961273 m80215707 f124777 r1767277059 p500
 641248980=120207297+315649801+232227712 i37473 u734396218 u0 t30.494
4392555 4010000 98 3 w42620826 r79287954 m80545776 f125172 r1772180298 p500
 642894024=120516993+316463410+232818933 i37473 u736281078 u0 t40.881
4403440 4020000 98 3 w42755833 r79612910 m80874232 f125567 r1777041117 p500
 644498391=120818366+317255235+233397762 i37473 u738119250 u0 t23.7
4414465 4030000 98 3 w42889013 r79932033 m81196694 f125964 r1781794689 p500
 646078541=121116959+318037773+233963291 i37473 u739930395 u0 t24.117
4425446 4040000 98 3 w43021738 r80253039 m81521126 f126354 r1786581978 p500
 647667613=121417274+318827936+234528924 i37473 u741753083 u0 t28.88
4436408 4050000 98 3 w43161097 r80585118 m81856785 f126765 r1791513005 p500
 649287197=121723231+319627528+235111860 i37473 u743608840 u0 t38.066
4447331 4060000 98 3 w43296392 r80911177 m82186251 f127161 r1796344993 p500
 650889059=122025362+320424945+235681771 i37473 u745446146 u0 t32.592
4458226 4070000 98 3 w43431366 r81238479 m82517054 f127568 r1801203088 p500
 652500798=122327951+321219556+236263716 i37473 u747292834 u0 t28.902
4469117 4080000 98 3 w43567526 r81564389 m82846404 f127977 r1806041214 p500
 654117208=122634434+322021328+236842110 i37473 u749145408 u0 t21.232
4480047 4090000 98 3 w43707003 r81897910 m83183470 f128399 r1811040019 p500
 655764591=122944187+322838288+237433004 i37473 u751034051 u0 t39.718
4490942 4100000 98 3 w43837887 r82217468 m83506351 f128786 r1815802549 p500
 657357971=123245762+323625401+238004550 i37473 u752860249 u0 t29.899
4501893 4110000 98 4 w43969622 r82535643 m83827783 f129179 r1820503725 p500
 658922197=123540591+324395058+238569568 i37473 u754651962 u0 t30.973
4512866 4120000 98 3 w44098843 r82848543 m84143886 f129563 r1825143254 p500
 660479016=123835502+325163882+239128274 i37473 u756436597 u0 t44.855
4523822 4130000 98 3 w44230126 r83167664 m84466371 f129966 r1829875824 p500
 662062225=124132870+325946746+239697200 i37473 u758251070 u0 t22.014
4534728 4140000 98 3 w44366570 r83493249 m84795301 f130365 r1834648324 p500
 663638742=124430770+326729663+240259282 i37473 u760058951 u0 t31.99
4545718 4150000 98 3 w44495061 r83804215 m85109369 f130746 r1839252332 p500
 665184559=124723431+327491058+240816346 i37473 u761829859 u0 t45.956
4556635 4160000 98 3 w44622072 r84115968 m85424322 f131144 r1843870432 p500
 666724896=125014813+328249950+241371932 i37473 u763594459 u0 t22.464
4567595 4170000 98 3 w44748173 r84421549 m85733057 f131514 r1848369583 p500
 668221876=125298920+328993448+241904696 i37473 u765311232 u0 t29.738
4578516 4180000 98 3 w44875493 r84729952 m86044629 f131883 r1852918075 p500
 669748291=125588065+329746881+242452828 i37473 u767060223 u0 t31.344
4589453 4190000 98 3 w45004676 r85043967 m86361898 f132265 r1857581799 p500
 671330200=125884464+330528880+243022357 i37473 u768872447 u0 t44.056
4600387 4200000 98 3 w45131432 r85352569 m86673774 f132639 r1862139385 p500
 672841457=126170447+331272719+243567920 i37473 u770603804 u0 t21.635
4611320 4210000 98 3 w45252988 r85649241 m86973500 f133009 r1866469408 p500
 674271342=126443344+331986475+244072288 i37473 u772244626 u0 t29.657
4622248 4220000 98 3 w45379169 r85956011 m87283375 f133397 r1870963575 p500
 675768866=126727194+332732126+244603872 i37473 u773962579 u0 t31.321
4633106 4230000 98 3 w45503236 r86258867 m87589391 f133778 r1875402297 p500
 677254562=127008907+333473618+245129353 i37473 u775667354 u0 t25.513
4644049 4240000 98 3 w45630368 r86572466 m87906194 f134166 r1879982642 p500
 678789682=127298808+334236870+245676237 i37473 u777427617 u0 t40.279
4655040 4250000 98 3 w45755588 r86879597 m88216510 f134561 r1884463294 p500
 680281239=127580915+334976354+246209323 i37473 u779138106 u0 t31.642
4665924 4260000 98 3 w45884233 r87191506 m88531456 f134936 r1889022664 p500
 681806476=127870163+335730918+246756120 i37473 u780886421 u0 t32.12
4676832 4270000 98 3 w46008396 r87495484 m88838574 f135303 r1893479179 p500
 683292406=128154029+336468642+247284731 i37473 u782590448 u0 t22.735
4687741 4280000 98 3 w46132528 r87799658 m89145712 f135679 r1897913460 p500
 684782466=128438396+337209726+247812683 i37473 u784300088 u0 t41.927
4698685 4290000 98 3 w46254041 r88098861 m89448040 f136043 r1902279758 p500
 686230443=128714346+337929525+248326580 i37473 u785961029 u0 t31.64
4709603 4300000 98 3 w46381702 r88412795 m89765156 f136430 r1906876774 p500
 687776961=129005595+338695464+248881419 i37473 u787733783 u0 t43.034
4720503 4310000 98 3 w46509916 r88725414 m90080960 f136807 r1911441683 p500
 689305513=129294522+339455743+249425651 i37473 u789486702 u0 t23.959
4731420 4320000 98 3 w46640204 r89043988 m90402818 f137194 r1916071087 p500
 690838489=129585490+340222210+249966865 i37473 u791245753 u0 t32.745
4742321 4330000 98 3 w46769926 r89359579 m90721693 f137575 r1920660403 p500
 692372936=129875041+340985892+250512936 i37473 u793005298 u0 t32.258
4753259 4340000 98 3 w46900330 r89677621 m91042921 f137952 r1925303289 p500
 693933983=130169722+341760275+251070905 i37473 u794794811 u0 t45.656
4764201 4350000 98 3 w47028929 r89994769 m91363346 f138340 r1929964053 p500
 695518181=130470697+342563167+251617555 i37473 u796614029 u0 t38.007
4775138 4360000 98 3 w47160582 r90316959 m91688873 f138732 r1934709467 p500
 697115979=130774356+343363045+252183206 i37473 u798444364 u0 t29.885
4786096 4370000 98 4 w47294076 r90643406 m92018714 f139149 r1939519595 p500
 698712191=131077759+344159965+252749920 i37473 u800272408 u0 t37.599
4797101 4380000 98 3 w47426913 r90967420 m92346014 f139530 r1944267726 p500
 700285140=131376883+344950401+253303084 i37473 u802075069 u0 t33.901
4808087 4390000 98 3 w47561147 r91297182 m92679068 f139928 r1949146427 p500
 701923858=131688223+345766395+253887645 i37473 u803951181 u0 t33.315
4819049 4400000 98 3 w47698835 r91638502 m93023870 f140323 r1954113842 p500
 703588559=132001060+346594542+254481226 i37473 u805859664 u0 t44.422
4830048 4410000 98 4 w47836268 r91977229 m93366109 f140746 r1959065037 p500
 705237286=132313733+347422984+255062153 i37473 u807748762 u0 t34.852
4841026 4420000 98 3 w47974302 r92316160 m93708478 f141155 r1963972631 p500
 706883855=132621553+348235639+255656998 i37473 u809635160 u0 t45.522
4852001 4430000 98 3 w48108626 r92645063 m94040719 f141555 r1968761283 p500
 708503947=132926000+349038854+256238103 i37473 u811491962 u0 t35.403
4862997 4440000 98 3 w48248054 r92989650 m94388708 f141973 r1973766752 p500
 710198147=133242922+349878475+256847265 i37473 u813432813 u0 t34.987
4873904 4450000 98 3 w48386235 r93332456 m94735044 f142381 r1978724525 p500
 711861369=133556425+350703266+257442648 i37473 u815339573 u0 t51.274
4884867 4460000 98 3 w48528627 r93680873 m95087036 f142809 r1983774534 p500
 713566497=133875142+351543457+258060404 i37473 u817292441 u0 t43.742
Total lines processed: 4465209
Block Count:14821, 1643354
Avg Block Count:184
Avg Max Count:177, 146, 98
Level Count:4
1549911 4
66290 4
Root filled size: 128
Max word len: 98
Total words generated: 714465700
Words inserted 37473
Words updated: 818322005
Staging blocks count: 14692 14692
total_cache_requests:  1986510458
total_cache_misses:  95278862
cache_flush_count:  143035
