Csz: 250000, pgsz: 4096
File page count: 0
10988 10000 60 2 w7568 r0 m0 f210 r0 p20
 1502009=280567+736357+547318 i50169 u1669912 u0 t3.325
22023 20000 60 2 w11573 r0 m0 f382 r0 p20
 2970299=556558+1459020+1077812 i50169 u3351935 u0 t3.029
33024 30000 60 3 w15092 r0 m0 f549 r0 p20
 4455591=837142+2190955+1612898 i50169 u5053797 u0 t3.117
44043 40000 66 3 w18578 r0 m0 f715 r0 p20
 6021768=1126498+2950354+2194339 i50169 u6844542 u0 t3.234
55121 50000 66 3 w21686 r0 m0 f863 r0 p20
 7457432=1399039+3657323+2711810 i50169 u8489923 u0 t3.041
66115 60000 66 2 w24563 r0 m0 f1000 r0 p20
 8882525=1666288+4349737+3237298 i50169 u10120376 u0 t2.976
77117 70000 66 2 w27608 r0 m0 f1145 r0 p20
 10323681=1938542+5063745+3753209 i50169 u11772621 u0 t3.073
88102 80000 66 2 w30548 r0 m0 f1285 r0 p20
 11702242=2200826+5741136+4250267 i50169 u13352641 u0 t2.927
99095 90000 66 2 w33383 r0 m0 f1420 r0 p20
 13139065=2468368+6445510+4774403 i50169 u14998041 u0 t3.025
110113 100000 66 2 w36260 r0 m0 f1557 r0 p20
 14570300=2739305+7152735+5287868 i50169 u16638522 u0 t3.013
121109 110000 66 3 w39053 r0 m0 f1690 r0 p20
 15981984=3006512+7851613+5792984 i50169 u18256620 u0 t3.01
132028 120000 66 3 w41867 r0 m0 f1824 r0 p20
 17532484=3286822+8590277+6386159 i50169 u20025405 u0 t3.145
142990 130000 66 3 w44681 r0 m0 f1958 r0 p20
 18986448=3562710+9311119+6905248 i50169 u21692224 u0 t3.108
153925 140000 66 3 w47495 r0 m0 f2092 r0 p20
 20474477=3841729+10051396+7435263 i50169 u23397929 u0 t3.181
164855 150000 66 3 w50246 r0 m0 f2223 r0 p20
 21982251=4126056+10796461+7976893 i50169 u25125698 u0 t3.23
175812 160000 66 4 w53270 r0 m0 f2367 r0 p20
 23584909=4417148+11560934+8588302 i50169 u26953996 u0 t3.326
186797 170000 66 3 w56063 r0 m0 f2500 r0 p20
 25060643=4694278+12291216+9118384 i50169 u28645647 u0 t3.184
197847 180000 66 3 w58856 r0 m0 f2633 r0 p20
 26594805=4977567+13035840+9687961 i50169 u30399545 u0 t3.242
208776 190000 66 3 w61670 r0 m0 f2767 r0 p20
 28107430=5261667+13783743+10232285 i50169 u32133078 u0 t3.245
219728 200000 66 3 w64337 r0 m0 f2894 r0 p20
 29612928=5546285+14529981+10770299 i50169 u33859449 u0 t3.225
230584 210000 66 3 w67214 r0 m0 f3031 r0 p20
 31176719=5839236+15302598+11333221 i50169 u35650873 u0 t3.418
241548 220000 66 4 w69986 r0 m0 f3163 r0 p20
 32683216=6122373+16045650+11876729 i50169 u37376969 u0 t3.239
252514 230000 66 3 w72716 r0 m0 f3293 r0 p20
 34281334=6415992+16823378+12467909 i50169 u39204185 u0 t3.359
263483 240000 66 3 w75425 r0 m0 f3422 r0 p20
 35779646=6698842+17564571+13004988 i50169 u40921572 u0 t3.242
274496 250000 66 3 w78197 r0 m0 f3554 r0 p20
 37310769=6986369+18323484+13553505 i50169 u42676198 u0 t3.299
285461 260000 66 3 w80822 r0 m0 f3679 r0 p20
 38803051=7268863+19066410+14083606 i50169 u44387669 u0 t3.238
296415 270000 66 3 w83447 r0 m0 f3804 r0 p20
 40291660=7548931+19800727+14620226 i50169 u46093283 u0 t3.223
307437 280000 66 3 w86198 r0 m0 f3935 r0 p20
 41798390=7832680+20548382+15159093 i50169 u47820541 u0 t3.255
318462 290000 66 4 w89012 r0 m0 f4069 r0 p20
 43400958=8135339+21341253+15733409 i50169 u49657170 u0 t3.456
329483 300000 66 3 w91847 r0 m0 f4204 r0 p20
 45028067=8442234+22155263+16308545 i50169 u51523837 u0 t3.526
340525 310000 66 3 w94556 r0 m0 f4333 r0 p20
 46615498=8738046+22934138+16886727 i50169 u53341042 u0 t3.4
351480 320000 94 3 w97244 r0 m0 f4461 r0 p20
 48198444=9038935+23721499+17447383 i50169 u55155308 u0 t3.361
362496 330000 94 3 w99911 r0 m0 f4588 r0 p20
 49733444=9330284+24482692+17993474 i50169 u56915054 u0 t3.283
373551 340000 94 3 w102641 r0 m0 f4718 r0 p20
 51290420=9626097+25253246+18550462 i50169 u58700085 u0 t3.352
384689 350000 94 3 w105413 r0 m0 f4850 r0 p20
 52863841=9922129+26021395+19125405 i50169 u60501534 u0 t3.385
395874 360000 94 3 w108248 r0 m0 f4985 r0 p20
 54481113=10221859+26805577+19724920 i50169 u62350670 u0 t3.482
406862 370000 94 3 w111167 r0 m0 f5124 r0 p20
 56127737=10531055+27599843+20335875 i50169 u64233450 u0 t3.524
417894 380000 94 3 w113960 r0 m0 f5257 r0 p20
 57710652=10827571+28373736+20913921 i50169 u66045516 u0 t3.421
428912 390000 94 3 w116627 r0 m0 f5384 r0 p20
 59267668=11118998+29134387+21483671 i50169 u67827592 u0 t3.359
439874 400000 94 3 w119126 r0 m0 f5503 r0 p20
 60798949=11403897+29878773+22048738 i50169 u69579136 u0 t3.294
450859 410000 94 3 w121751 r0 m0 f5628 r0 p20
 62344803=11692810+30638301+22610561 i50169 u71349443 u0 t3.367
461847 420000 94 4 w124313 r0 m0 f5750 r0 p20
 63844431=11974358+31373784+23155226 i50169 u73066711 u0 t3.241
472807 430000 94 3 w126980 r0 m0 f5877 r0 p20
 65437780=12274970+32155539+23733015 i50169 u74891418 u0 t3.435
483790 440000 94 3 w129710 r0 m0 f6007 r0 p20
 67045767=12575174+32948774+24314528 i50169 u76733603 u0 t3.471
494708 450000 94 3 w132566 r0 m0 f6143 r0 p20
 68699472=12883619+33764275+24912530 i50169 u78627660 u0 t3.574
505590 460000 94 4 w135275 r0 m0 f6272 r0 p20
 70351532=13192036+34579703+25508940 i50169 u80520561 u0 t3.553
516566 470000 94 4 w137963 r0 m0 f6400 r0 p20
 71990802=13497983+35383004+26106829 i50169 u82396536 u0 t3.52
527520 480000 94 3 w140735 r0 m0 f6532 r0 p20
 73645399=13806248+36198720+26705964 i50169 u84291279 u0 t3.572
538466 490000 94 3 w143549 r0 m0 f6666 r0 p20
 75322036=14118226+37019796+27319560 i50169 u86210051 u0 t3.607
549399 500000 94 3 w146363 r0 m0 f6800 r0 p20
 77023425=14443739+37852951+27939452 i50169 u88157732 u0 t3.656
560288 510000 94 3 w149072 r0 m0 f6929 r0 p20
 78683779=14754211+38673947+28537979 i50169 u90059924 u0 t3.562
571192 520000 94 3 w151928 r0 m0 f7065 r0 p20
 80352712=15063905+39495351+29144443 i50169 u91970617 u0 t3.602
582148 530000 94 3 w154742 r0 m0 f7199 r0 p20
 82036336=15378372+40322769+29756566 i50169 u93898631 u0 t3.61
593039 540000 94 3 w157514 r0 m0 f7331 r0 p20
 83771290=15699382+41171815+30392891 i50169 u95883749 u0 t3.708
604123 550000 94 3 w159971 r0 m0 f7448 r0 p20
 85292841=15985696+41911091+30952926 i50169 u97625028 u0 t3.237
615220 560000 94 3 w161945 r0 m0 f7542 r0 p20
 86578406=16228956+42541143+31420369 i50169 u99097780 u0 t2.734
626410 570000 94 4 w163961 r0 m0 f7638 r0 p20
 87844101=16466215+43152805+31889826 i50169 u100545681 u0 t2.679
637646 580000 94 3 w165851 r0 m0 f7728 r0 p20
 89076810=16700413+43755344+32338702 i50169 u101957799 u0 t2.652
648847 590000 94 3 w167783 r0 m0 f7820 r0 p20
 90374030=16941574+44376422+32827115 i50169 u103439512 u0 t2.674
660023 600000 94 3 w169694 r0 m0 f7911 r0 p20
 91532382=17161983+44938682+33251932 i50169 u104766002 u0 t2.566
671169 610000 94 4 w171458 r0 m0 f7995 r0 p20
 92677881=17380618+45496976+33670550 i50169 u106078171 u0 t2.445
682330 620000 94 3 w173201 r0 m0 f8078 r0 p20
 93822077=17600425+46050280+34090645 i50169 u107387986 u0 t2.463
693457 630000 94 3 w175133 r0 m0 f8170 r0 p20
 95055697=17831544+46649550+34545330 i50169 u108799504 u0 t2.586
704731 640000 94 3 w176939 r0 m0 f8256 r0 p20
 96294487=18063003+47246521+35007532 i50169 u110215985 u0 t2.575
715916 650000 94 3 w178745 r0 m0 f8342 r0 p20
 97439920=18281492+47802828+35427035 i50169 u111527998 u0 t2.443
727122 660000 94 3 w180656 r0 m0 f8433 r0 p20
 98670868=18515586+48399959+35879326 i50169 u112937288 u0 t2.615
738273 670000 94 3 w182420 r0 m0 f8517 r0 p20
 99875743=18744879+48985343+36321344 i50169 u114317569 u0 t2.521
749495 680000 94 3 w184205 r0 m0 f8602 r0 p20
 101042383=18969139+49551143+36748337 i50169 u115654246 u0 t2.439
760693 690000 94 3 w186053 r0 m0 f8690 r0 p20
 102254980=19199662+50136770+37196455 i50169 u117042170 u0 t2.569
771972 700000 94 3 w187922 r0 m0 f8779 r0 p20
 103465720=19428892+50723315+37642786 i50169 u118428391 u0 t2.566
783287 710000 94 3 w189644 r0 m0 f8861 r0 p20
 104639900=19653350+51296043+38070532 i50169 u119773678 u0 t2.488
794503 720000 94 4 w191408 r0 m0 f8945 r0 p20
 105795637=19874772+51860524+38490375 i50169 u121098070 u0 t2.459
805629 730000 94 3 w193256 r0 m0 f9033 r0 p20
 107012879=20104345+52440052+38949652 i50169 u122489066 u0 t2.556
816809 740000 94 3 w194915 r0 m0 f9112 r0 p20
 108170750=20322040+52988329+39390324 i50169 u123810840 u0 t2.385
827890 750000 94 3 w196658 r0 m0 f9195 r0 p20
 109346023=20541989+53535547+39846975 i50169 u125150660 u0 t2.414
839058 760000 94 3 w198212 r0 m0 f9269 r0 p20
 110457274=20754203+54068761+40260181 i50169 u126422178 u0 t2.328
850231 770000 94 3 w200018 r0 m0 f9355 r0 p20
 111644530=20977813+54640699+40701567 i50169 u127780081 u0 t2.481
861324 780000 94 4 w201656 r0 m0 f9433 r0 p20
 112756712=21190675+55177904+41111668 i50169 u129053349 u0 t2.339
872344 790000 94 3 w203357 r0 m0 f9514 r0 p20
 113901230=21409743+55727856+41536166 i50169 u130363457 u0 t2.406
883522 800000 94 3 w205016 r0 m0 f9593 r0 p20
 115052446=21630279+56283615+41960828 i50169 u131681502 u0 t2.408
894714 810000 94 3 w206633 r0 m0 f9670 r0 p20
 116160183=21843397+56812897+42374928 i50169 u132948843 u0 t2.332
905844 820000 94 3 w208313 r0 m0 f9750 r0 p20
 117283223=22058021+57355645+42788962 i50169 u134234359 u0 t2.376
916882 830000 94 4 w210203 r0 m0 f9840 r0 p20
 118549967=22298052+57962861+43262652 i50169 u135682636 u0 t2.646
927964 840000 94 3 w211988 r0 m0 f9925 r0 p20
 119743936=22526809+58544733+43697164 i50169 u137050905 u0 t2.539
939033 850000 94 3 w213857 r0 m0 f10014 r0 p20
 121004026=22765154+59154770+44162145 i50169 u138493089 u0 t2.672
950128 860000 94 3 w215726 r0 m0 f10103 r0 p20
 122238911=23000263+59758465+44610481 i50169 u139907861 u0 t2.632
961260 870000 94 4 w217553 r0 m0 f10190 r0 p20
 123458245=23233306+60350981+45056196 i50169 u141304112 u0 t2.594
972424 880000 94 3 w219380 r0 m0 f10277 r0 p20
 124673076=23464513+60935225+45507237 i50169 u142693858 u0 t2.565
983571 890000 94 3 w221207 r0 m0 f10364 r0 p20
 125884344=23693920+61524697+45951042 i50169 u144080498 u0 t2.579
994789 900000 94 3 w222950 r0 m0 f10447 r0 p20
 127057734=23916914+62089299+46386563 i50169 u145423145 u0 t2.47
1005944 910000 94 3 w224714 r0 m0 f10531 r0 p20
 128303145=24152135+62684289+46852631 i50169 u146846802 u0 t2.511
1017100 920000 94 3 w226289 r0 m0 f10606 r0 p20
 129430532=24368313+63227679+47268900 i50169 u148137494 u0 t2.366
1028294 930000 94 3 w227906 r0 m0 f10683 r0 p20
 130528677=24578028+63757612+47674284 i50169 u149394585 u0 t2.335
1039422 940000 94 3 w229628 r0 m0 f10765 r0 p20
 131687827=24798360+64320403+48099629 i50169 u150721864 u0 t2.451
1050473 950000 94 3 w231371 r0 m0 f10848 r0 p20
 132854633=25020472+64887893+48525919 i50169 u152058090 u0 t2.459
1061568 960000 94 3 w233030 r0 m0 f10927 r0 p20
 134043070=25250333+65467521+48956681 i50169 u153420900 u0 t2.477
1072599 970000 94 3 w234794 r0 m0 f11011 r0 p20
 135291847=25485760+66067542+49422293 i50169 u154848704 u0 t2.567
1083733 980000 94 4 w236348 r0 m0 f11085 r0 p20
 136399100=25701026+66611278+49818919 i50169 u156118970 u0 t2.32
1094785 990000 94 3 w238028 r0 m0 f11165 r0 p20
 137519050=25917257+67155540+50227043 i50169 u157402373 u0 t2.374
1105876 1000000 94 3 w239750 r0 m0 f11247 r0 p20
 138665713=26137695+67717784+50640862 i50169 u158717423 u0 t2.433
1117034 1010000 94 3 w241346 r0 m0 f11323 r0 p20
 139787403=26354448+68264708+51048328 i50169 u160002792 u0 t2.368
1128112 1020000 94 3 w242984 r0 m0 f11401 r0 p20
 140921791=26573668+68822755+51454807 i50169 u161304219 u0 t2.42
1139060 1030000 94 3 w244832 r0 m0 f11489 r0 p20
 142169262=26814500+69435817+51902697 i50169 u162734859 u0 t2.674
1150007 1040000 94 3 w246911 r0 m0 f11588 r0 p20
 143561529=27079998+70114418+52410413 i50169 u164329062 u0 t2.947
1160894 1050000 94 3 w249032 r0 m0 f11689 r0 p20
 144998334=27351326+70820475+52930359 i50169 u165975207 u0 t3.06
1171814 1060000 94 4 w251111 r0 m0 f11788 r0 p20
 146379096=27613815+71499763+53428048 i50169 u167557537 u0 t2.959
1182789 1070000 94 3 w253295 r0 m0 f11892 r0 p20
 147771413=27879098+72187374+53926681 i50169 u169153977 u0 t3.008
1193726 1080000 94 3 w256163 r432 m2206 f11918 r4037341 p136
 149134067=28139227+72857138+54417549 i50169 u170715774 u0 t2.966
1204582 1090000 94 3 w262040 r1929 m5835 f11943 r8937173 p163
 150558189=28410800+73563244+54924922 i50169 u172348973 u0 t3.081
1215452 1100000 94 3 w269455 r4679 m10820 f11972 r13864215 p195
 152005113=28686816+74275924+55445128 i50169 u174006964 u0 t3.125
1226363 1110000 94 3 w278627 r8990 m17399 f12005 r18982360 p229
 153500823=28969235+75014161+55983169 i50169 u175721372 u0 t3.251
1237247 1120000 94 3 w288440 r14437 m24934 f12040 r23881685 p261
 154937436=29243149+75724625+56496704 i50169 u177368434 u0 t3.121
1248176 1130000 94 3 w300075 r21380 m34102 f12090 r28877717 p295
 156402735=29522272+76447278+57022338 i50169 u179048192 u0 t3.21
1259068 1140000 94 3 w312335 r29705 m44645 f12132 r33848309 p329
 157861130=29797985+77168674+57545265 i50169 u180719784 u0 t3.2
1269968 1150000 94 3 w326342 r39526 m56693 f12166 r38866017 p364
 159329507=30076803+77900612+58066164 i50169 u182403907 u0 t3.248
1280888 1160000 94 4 w341914 r50543 m69862 f12201 r43824181 p398
 160787360=30353505+78624948+58585504 i50169 u184075597 u0 t3.222
1291754 1170000 94 3 w358705 r63351 m84926 f12236 r48832663 p434
 162257086=30632524+79353396+59110035 i50169 u185761064 u0 t3.287
1302652 1180000 94 3 w377250 r77820 m101608 f12272 r53842336 p471
 163740225=30914948+80088433+59638609 i50169 u187462406 u0 t3.535
1313613 1190000 94 4 w397146 r93338 m119388 f12308 r58856379 p507
 165222365=31196415+80824289+60167001 i50169 u189162274 u0 t3.326
1324596 1200000 94 3 w418319 r110549 m138847 f12344 r63840639 p543
 166705142=31477697+81562307+60693492 i50169 u190863264 u0 t3.32
1335456 1210000 94 4 w441373 r129282 m159807 f12381 r68978562 p579
 168224635=31765451+82316176+61235830 i50169 u192605658 u0 t3.423
1346441 1220000 94 3 w465875 r149858 m182768 f12418 r74187051 p615
 169783151=32059976+83084342+61797326 i50169 u194391459 u0 t3.486
1357399 1230000 94 3 w492395 r172193 m207480 f12456 r79413690 p653
 171340127=32353047+83856368+62354089 i50169 u196176217 u0 t3.532
1368385 1240000 94 3 w520314 r196322 m233969 f12494 r84770245 p690
 172947613=32655799+84649796+62933488 i50169 u198018085 u0 t3.633
1379469 1250000 94 4 w550496 r223082 m263266 f12533 r90220689 p729
 174578358=32960715+85458237+63518400 i50169 u199886674 u0 t3.837
1390543 1260000 94 3 w582102 r251325 m293890 f12572 r95635897 p768
 176216496=33265768+86260659+64117377 i50169 u201761411 u0 t3.765
1401635 1270000 94 3 w615257 r281338 m326355 f12611 r101051877 p807
 177844400=33572064+87068311+64699573 i50169 u203627705 u0 t3.719
1412662 1280000 94 3 w649991 r312383 m359839 f12650 r106400417 p845
 179448464=33876559+87868585+65267070 i50169 u205468198 u0 t3.704
1423732 1290000 94 3 w685266 r344639 m394495 f12688 r111723277 p882
 181048818=34176735+88658077+65844470 i50169 u207302054 u0 t3.692
1434749 1300000 94 3 w722950 r379279 m431616 f12727 r117242249 p920
 182708017=34486060+89473649+66447223 i50169 u209202059 u0 t3.927
1445738 1310000 94 3 w762033 r416417 m471206 f12766 r122834835 p959
 184393707=34802515+90300279+67060585 i50169 u211132319 u0 t4.117
1456743 1320000 94 3 w802687 r454289 m511591 f12805 r128398358 p996
 186070233=35117420+91124338+67668658 i50169 u213052584 u0 t3.897
1467716 1330000 94 3 w845836 r495145 m554992 f12845 r134188953 p1033
 187826318=35446440+91987570+68306202 i50169 u215063624 u0 t4.059
1478847 1340000 94 3 w890541 r537765 m600197 f12885 r139963278 p1072
 189576204=35770547+92843092+68948286 i50169 u217066021 u0 t4.06
1489858 1350000 94 3 w936864 r581611 m646705 f12925 r145662075 p1109
 191293706=36091274+93689714+69570365 i50169 u219033279 u0 t4.078
1500812 1360000 94 3 w982219 r624906 m692457 f12963 r151151249 p1145
 192945491=36397576+94496222+70177412 i50169 u220923864 u0 t4.113
1511816 1370000 94 4 w1028926 r670308 m740345 f13001 r156709646 p1181
 194629037=36712329+95326971+70785495 i50169 u222852797 u0 t3.956
1522795 1380000 94 3 w1075781 r715670 m788221 f13038 r162106935 p1215
 196261107=37016280+96132860+71375071 i50169 u224722073 u0 t3.856
1533703 1390000 94 3 w1125250 r763393 m838502 f13076 r167650099 p1250
 197916580=37324592+96947275+71976458 i50169 u226617970 u0 t3.954
1544569 1400000 94 3 w1174636 r812375 m889954 f13113 r173070243 p1285
 199559259=37633478+97759355+72566898 i50169 u228500682 u0 t3.917
1555499 1410000 94 3 w1229448 r866659 m946846 f13153 r178850989 p1323
 201315494=37961628+98624605+73202706 i50169 u230511860 u0 t4.248
1566395 1420000 94 3 w1284385 r921271 m1004069 f13192 r184554225 p1360
 203040851=38283744+99480615+73821800 i50169 u232489049 u0 t4.225
1577238 1430000 94 3 w1340712 r977624 m1062995 f13231 r190242197 p1396
 204769957=38606559+100338547+74442479 i50169 u234470111 u0 t4.273
1588118 1440000 98 4 w1399867 r1035858 m1123701 f13271 r195918393 p1433
 206501964=38930451+101195825+75064964 i50169 u236454412 u0 t4.213
1598949 1450000 98 3 w1460635 r1096791 m1187267 f13311 r201718362 p1471
 208268958=39258963+102068645+75703593 i50169 u238478404 u0 t4.23
1609797 1460000 98 3 w1521435 r1159002 m1252183 f13350 r207551025 p1508
 210044947=39588611+102945770+76346406 i50169 u240511916 u0 t4.284
1620630 1470000 98 3 w1583588 r1221446 m1317207 f13389 r213277048 p1544
 211794585=39917933+103814704+76971470 i50169 u242516965 u0 t4.311
1631477 1480000 98 3 w1647055 r1285678 m1383948 f13428 r218979298 p1579
 213544045=40245037+104679189+77602221 i50169 u244520646 u0 t4.235
1642373 1490000 98 3 w1712034 r1353218 m1454134 f13467 r224882925 p1616
 215341282=40581295+105569208+78248299 i50169 u246579703 u0 t4.558
1653233 1500000 98 4 w1780077 r1422192 m1525716 f13507 r230775410 p1652
 217140861=40916401+106459891+78897104 i50169 u248641263 u0 t4.408
1664130 1510000 98 3 w1846090 r1490903 m1596953 f13545 r236550609 p1687
 218918863=41246819+107335188+79542979 i50169 u250676776 u0 t4.335
1675034 1520000 98 3 w1915354 r1563081 m1671868 f13584 r242407976 p1724
 220707784=41578832+108217124+80191733 i50169 u252725167 u0 t4.407
1685958 1530000 98 3 w1985995 r1636117 m1747558 f13623 r248324023 p1759
 222527080=41916354+109112653+80853015 i50169 u254808205 u0 t4.415
1696847 1540000 98 3 w2056145 r1709346 m1823405 f13661 r254173694 p1793
 224315178=42247473+109988212+81508049 i50169 u256854127 u0 t4.44
1707676 1550000 98 4 w2129476 r1786123 m1902872 f13700 r260181205 p1828
 226145550=42585444+110889061+82174592 i50169 u258949056 u0 t4.631
1718573 1560000 98 3 w2204053 r1864196 m1983503 f13739 r266132070 p1863
 227977335=42923424+111787999+82844857 i50169 u261044658 u0 t4.562
1729487 1570000 98 3 w2278085 r1942085 m2063937 f13777 r271932960 p1897
 229753615=43251320+112659502+83494703 i50169 u263077379 u0 t4.374
1740347 1580000 98 3 w2353401 r2021646 m2146039 f13815 r277793344 p1931
 231553104=43584046+113540125+84154536 i50169 u265136344 u0 t4.433
1751207 1590000 98 3 w2430079 r2104394 m2231454 f13853 r283785544 p1965
 233379940=43922520+114439161+84819335 i50169 u267227074 u0 t4.596
1762023 1600000 98 3 w2506011 r2185584 m2315199 f13890 r289556341 p1998
 235155843=44253361+115316780+85460372 i50169 u269260988 u0 t4.467
1772878 1610000 98 3 w2583094 r2267886 m2399981 f13927 r295310939 p2031
 236929770=44581602+116184385+86111454 i50169 u271290925 u0 t4.359
1783723 1620000 98 3 w2661485 r2351386 m2486080 f13964 r301056855 p2064
 238688807=44908360+117054935+86745918 i50169 u273305466 u0 t4.505
1794607 1630000 98 3 w2741132 r2437628 m2574983 f14001 r306879352 p2097
 240464479=45236722+117925167+87395629 i50169 u275336945 u0 t4.565
1805498 1640000 98 3 w2824096 r2525585 m2665494 f14039 r312691197 p2131
 242254153=45568300+118810419+88042816 i50169 u277386508 u0 t4.557
1816421 1650000 98 3 w2906169 r2614620 m2757136 f14076 r318575851 p2163
 244050465=45899876+119697682+88694298 i50169 u279442963 u0 t4.637
1827273 1660000 98 3 w2989374 r2705702 m2850757 f14113 r324464679 p2196
 245854599=46234183+120581771+89354321 i50169 u281507347 u0 t4.515
1838160 1670000 98 4 w3073899 r2798769 m2946463 f14150 r330344865 p2229
 247658504=46569017+121468086+90011465 i50169 u283571998 u0 t4.675
1849005 1680000 98 3 w3159655 r2891596 m3041906 f14187 r336128598 p2262
 249430278=46895842+122335533+90661291 i50169 u285599481 u0 t4.457
1859879 1690000 98 3 w3241843 r2982638 m3135396 f14222 r341721443 p2293
 251131279=47212315+123178813+91272934 i50169 u287548296 u0 t4.504
1870739 1700000 98 4 w3327543 r3077810 m3233101 f14258 r347480334 p2326
 252891045=47539369+124052324+91905247 i50169 u289564400 u0 t4.443
1881698 1710000 98 3 w3411959 r3170429 m3328127 f14293 r353004343 p2357
 254580511=47855132+124886720+92515242 i50169 u291499735 u0 t4.486
1892578 1720000 98 3 w3494997 r3265107 m3425191 f14327 r358590537 p2387
 256293646=48175630+125733252+93133036 i50169 u293462558 u0 t4.327
1903425 1730000 98 3 w3581561 r3362049 m3524578 f14362 r364214689 p2419
 258022915=48497011+126587322+93759138 i50169 u295443438 u0 t4.533
1914319 1740000 98 3 w3671789 r3463750 m3628831 f14398 r370050615 p2451
 259815209=48830592+127465985+94414637 i50169 u297494414 u0 t4.527
1925121 1750000 98 3 w3760574 r3563573 m3731029 f14433 r375677950 p2482
 261541348=49152781+128320704+95035878 i50169 u299472341 u0 t4.64
1936035 1760000 98 3 w3853048 r3668049 m3838013 f14469 r381549968 p2514
 263330395=49486167+129206644+95680325 i50169 u301521870 u0 t4.564
1946942 1770000 98 4 w3941544 r3768182 m3940586 f14503 r387092890 p2544
 265050284=49805914+130048834+96309106 i50169 u303490270 u0 t4.544
1957829 1780000 98 3 w4030980 r3870312 m4045081 f14537 r392639278 p2575
 266753303=50124838+130892409+96920932 i50169 u305442091 u0 t4.359
1968722 1790000 98 3 w4121512 r3975226 m4152486 f14571 r398302866 p2606
 268493552=50448739+131746780+97555161 i50169 u307434402 u0 t4.659
1979581 1800000 98 3 w4213171 r4077986 m4257696 f14605 r403790938 p2636
 270164288=50760785+132567358+98163038 i50169 u309347244 u0 t4.344
1990482 1810000 98 3 w4303009 r4181884 m4363922 f14638 r409221042 p2665
 271830252=51072079+133383609+98770962 i50169 u311254530 u0 t4.376
2001382 1820000 98 3 w4391091 r4286688 m4471053 f14670 r414628306 p2695
 273492871=51381902+134197434+99378998 i50169 u313157688 u0 t4.258
2012247 1830000 98 3 w4482915 r4394028 m4580752 f14703 r420100955 p2725
 275187120=51698829+135031055+99993704 i50169 u315097848 u0 t4.356
2023129 1840000 98 3 w4575742 r4502878 m4691958 f14736 r425551534 p2756
 276861603=52011532+135854419+100601958 i50169 u317015058 u0 t4.483
2034053 1850000 98 3 w4672550 r4617260 m4808890 f14770 r431196416 p2788
 278586086=52334286+136703614+101226354 i50169 u318990122 u0 t4.6
2044917 1860000 98 3 w4767338 r4728312 m4922169 f14803 r436587463 p2818
 280251224=52646494+137526857+101826009 i50169 u320898030 u0 t4.402
2055814 1870000 98 3 w4863272 r4842242 m5038488 f14836 r442081210 p2849
 281924750=52958788+138352252+102431703 i50169 u322814842 u0 t4.487
2066728 1880000 98 3 w4957261 r4954667 m5153203 f14868 r447438992 p2879
 283579260=53268199+139169715+103028509 i50169 u324710144 u0 t4.356
2077660 1890000 98 3 w5052246 r5069148 m5270026 f14900 r452829091 p2909
 285237044=53579292+139988643+103625286 i50169 u326609236 u0 t4.439
2088614 1900000 98 3 w5148198 r5186001 m5389232 f14932 r458273026 p2939
 286912655=53892335+140810185+104236352 i50169 u328527011 u0 t4.557
2099586 1910000 98 3 w5248154 r5305717 m5511328 f14965 r463773501 p2970
 288616243=54209093+141647327+104856783 i50169 u330477362 u0 t4.471
2110524 1920000 98 3 w5343046 r5421489 m5629428 f14996 r469035165 p3000
 290241237=54514629+142446303+105445717 i50169 u332338207 u0 t4.764
2121483 1930000 98 3 w5441900 r5542686 m5752978 f15028 r474501748 p3031
 291923570=54829825+143276743+106052519 i50169 u334265570 u0 t4.532
2132440 1940000 98 3 w5538624 r5662028 m5874615 f15059 r479823302 p3060
 293565784=55136148+144083806+106649839 i50169 u336145737 u0 t4.848
2143340 1950000 98 3 w5639369 r5785731 m6000590 f15091 r485201836 p3091
 295239019=55448867+144906211+107257969 i50169 u338061912 u0 t4.634
2154286 1960000 98 3 w5738004 r5907665 m6124797 f15122 r490445229 p3122
 296860107=55753648+145703015+107845359 i50169 u339918885 u0 t4.63
2165157 1970000 98 3 w5831017 r6024829 m6244009 f15151 r495414787 p3150
 298412591=56044542+146464173+108410700 i50169 u341696274 u0 t4.172
2176142 1980000 98 3 w5928241 r6147477 m6368882 f15181 r500514555 p3181
 299979496=56338337+147235354+108978397 i50169 u343491013 u0 t5.257
2187090 1990000 98 3 w6026398 r6275295 m6499010 f15211 r505807423 p3212
 301618575=56644428+148044181+109570873 i50169 u345368441 u0 t5.786
2198031 2000000 98 3 w6125488 r6399048 m6624960 f15241 r510851353 p3242
 303185210=56938923+148817650+110135184 i50169 u347163723 u0 t4.275
2208970 2010000 98 3 w6222138 r6523767 m6751875 f15270 r515904681 p3271
 304752540=57232180+149587337+110705170 i50169 u348958299 u0 t4.31
2219875 2020000 98 3 w6322982 r6651637 m6881948 f15300 r521007172 p3302
 306334455=57532948+150371332+111270400 i50169 u350771779 u0 t4.355
2230717 2030000 98 3 w6418016 r6774403 m7006857 f15328 r525867789 p3331
 307845651=57817948+151122157+111809532 i50169 u352504315 u0 t4.078
2241553 2040000 98 3 w6513873 r6901151 m7135798 f15356 r530810713 p3360
 309373570=58105978+151881084+112355392 i50169 u354255842 u0 t4.289
2252478 2050000 98 3 w6613985 r7030648 m7267484 f15385 r535785847 p3391
 310917801=58397346+152645204+112909519 i50169 u356025987 u0 t4.211
2263400 2060000 98 4 w6711439 r7160591 m7399529 f15413 r540765196 p3420
 312460636=58688083+153405052+113466755 i50169 u357793572 u0 t6.67
2274335 2070000 98 3 w6813234 r7292647 m7533692 f15442 r545729386 p3451
 314006113=58979074+154169481+114021866 i50169 u359564934 u0 t5.207
2285238 2080000 98 3 w6908793 r7419030 m7662015 f15469 r550414595 p3480
 315479761=59257781+154893633+114554732 i50169 u361253669 u0 t4.363
2296195 2090000 98 3 w7005218 r7551671 m7796734 f15496 r555272821 p3510
 317001742=59547160+155648315+115097246 i50169 u362998694 u0 t4.311
2307093 2100000 98 3 w7106109 r7686589 m7933824 f15524 r560213599 p3540
 318548784=59841585+156419314+115645210 i50169 u364773765 u0 t4.683
2317991 2110000 98 3 w7207805 r7820720 m8070039 f15552 r565069263 p3570
 320065310=60129116+157167613+116190543 i50169 u366512168 u0 t4.303
2328915 2120000 98 3 w7303060 r7953095 m8204462 f15578 r569756706 p3599
 321540226=60409484+157900375+116714932 i50169 u368203630 u0 t4.098
2339889 2130000 98 3 w7402795 r8090900 m8344425 f15605 r574654887 p3630
 323065272=60697602+158658425+117258241 i50169 u369952703 u0 t8.593
2350849 2140000 98 3 w7503387 r8228320 m8484004 f15632 r579466392 p3660
 324569276=60981045+159406540+117794073 i50169 u371677243 u0 t4.649
2361818 2150000 98 4 w7604732 r8365769 m8623503 f15659 r584165793 p3690
 326046163=61261072+160142425+118317711 i50169 u373371876 u0 t4.37
2372703 2160000 98 4 w7706871 r8508620 m8768424 f15686 r589045935 p3721
 327582195=61550056+160900281+118871928 i50169 u375131658 u0 t4.277
2383611 2170000 98 3 w7802260 r8643611 m8905415 f15711 r593629784 p3750
 329020933=61822910+161615512+119384128 i50169 u376781934 u0 t3.993
2394538 2180000 98 3 w7902135 r8782335 m9046081 f15737 r598265371 p3780
 330471640=62098697+162341500+119894769 i50169 u378447042 u0 t7.857
2405448 2190000 98 3 w8010590 r8933024 m9198891 f15765 r603275946 p3812
 332047282=62396171+163128686+120452548 i50169 u380254567 u0 t5.92
2416385 2200000 98 3 w8112221 r9081542 m9349575 f15791 r608147926 p3843
 333572677=62685022+163886371+120996698 i50169 u382003694 u0 t4.234
2427291 2210000 98 4 w8214576 r9223131 m9493150 f15817 r612832802 p3872
 335055154=62966105+164620723+121527332 i50169 u383703419 u0 t6.959
2438224 2220000 98 3 w8317716 r9370110 m9642172 f15843 r617608227 p3903
 336562228=63251799+165373345+122060347 i50169 u385432439 u0 t8.25
2449156 2230000 98 3 w8421708 r9521096 m9795318 f15869 r622485222 p3933
 338098470=63544181+166137065+122607037 i50169 u387194210 u0 t4.799
2460085 2240000 98 3 w8530538 r9676350 m9952767 f15896 r627487325 p3965
 339674657=63843460+166921569+123166530 i50169 u389001753 u0 t4.619
2471031 2250000 98 4 w8648374 r9842043 m10120753 f15925 r632769584 p3998
 341328221=64154313+167736404+123763464 i50169 u390895918 u0 t5.181
2481891 2260000 98 3 w8758960 r9999857 m10280729 f15952 r637755540 p4030
 342920094=64455060+168519044+124339193 i50169 u392719194 u0 t4.554
2492839 2270000 98 3 w8870408 r10161899 m10444950 f15979 r642833739 p4062
 344524932=64756130+169308970+124920291 i50169 u394557957 u0 t10.746
2503770 2280000 98 3 w8982799 r10330540 m10615889 f16006 r648032734 p4095
 346165173=65065475+170120749+125508611 i50169 u396437854 u0 t5.305
2514685 2290000 98 3 w9095951 r10496148 m10783642 f16033 r653114938 p4127
 347777859=65367628+170914357+126092672 i50169 u398285533 u0 t5.094
2525687 2300000 98 4 w9214179 r10667676 m10957337 f16061 r658316013 p4161
 349430556=65676533+171726819+126692647 i50169 u400177668 u0 t4.991
2536614 2310000 98 3 w9329306 r10839826 m11131805 f16088 r663518415 p4194
 351071462=65982636+172534843+127287338 i50169 u402057063 u0 t4.845
2547690 2320000 98 3 w9449460 r11018375 m11312604 f16116 r668896548 p4228
 352775789=66300993+173374078+127904919 i50169 u404008614 u0 t5.461
2558712 2330000 98 3 w9574958 r11199550 m11496105 f16145 r674268096 p4262
 354479327=66619347+174214406+128520924 i50169 u405959606 u0 t8.862
2569709 2340000 98 3 w9692735 r11375902 m11674694 f16172 r679433980 p4295
 356119816=66929029+175032721+129102657 i50169 u407841445 u0 t5.117
2580699 2350000 98 3 w9820253 r11564574 m11865752 f16201 r684944934 p4330
 357866975=67253212+175889572+129740737 i50169 u409841736 u0 t5.529
2591715 2360000 98 3 w9939940 r11748582 m12052097 f16228 r690305142 p4364
 359567798=67570319+176725970+130359050 i50169 u411789149 u0 t9.545
2602831 2370000 98 3 w10069494 r11943097 m12249055 f16257 r695871618 p4400
 361333804=67899239+177596044+130999241 i50169 u413811888 u0 t5.779
2613986 2380000 98 3 w10200198 r12141723 m12450212 f16286 r701583132 p4436
 363142494=68230806+178475866+131670096 i50169 u415880390 u0 t5.561
2624949 2390000 98 3 w10331876 r12341355 m12652331 f16315 r707283604 p4472
 364958248=68564735+179361240+132340268 i50169 u417957386 u0 t5.503
2635909 2400000 98 3 w10464656 r12546534 m12860065 f16344 r713110143 p4508
 366793742=68902584+180257977+133015990 i50169 u420056848 u0 t5.988
2646913 2410000 98 3 w10593736 r12739816 m13055668 f16372 r718593096 p4542
 368547157=69226360+181113701+133662101 i50169 u422062426 u0 t9.881
2657884 2420000 98 3 w10719140 r12932724 m13250876 f16399 r723957763 p4575
 370250743=69543018+181948977+134283775 i50169 u424012425 u0 t4.924
2668918 2430000 98 3 w10840970 r13123637 m13444248 f16425 r729290671 p4608
 371945334=69856854+182774867+134907321 i50169 u425950807 u0 t12.422
2679809 2440000 98 3 w10963507 r13314299 m13637176 f16451 r734512551 p4641
 373593593=70165486+183587194+135502816 i50169 u427838523 u0 t6.519
2690746 2450000 98 3 w11086856 r13506303 m13831443 f16477 r739759548 p4674
 375264732=70476391+184414187+136105363 i50169 u429752657 u0 t5.401
2701594 2460000 98 4 w11220715 r13714180 m14041777 f16505 r745311023 p4710
 377026942=70804695+185280946+136745118 i50169 u431770305 u0 t5.348
2712475 2470000 98 3 w11350688 r13914148 m14244044 f16532 r750681645 p4743
 378737275=71123412+186129022+137359567 i50169 u433729852 u0 t5.712
2723357 2480000 98 4 w11481632 r14119480 m14451772 f16559 r756150325 p4778
 380487328=71448458+186993347+137992245 i50169 u435734219 u0 t10.586
2734166 2490000 98 3 w11608622 r14322272 m14656888 f16585 r761526235 p4811
 382198024=71767925+187837149+138610940 i50169 u437693642 u0 t5.179
2745023 2500000 98 4 w11741384 r14531727 m14868738 f16612 r767039719 p4846
 383959910=72094368+188705051+139251002 i50169 u439711164 u0 t5.249
2755880 2510000 98 3 w11870216 r14738202 m15077607 f16638 r772473493 p4879
 385703183=72418174+189565646+139881674 i50169 u441707615 u0 t5.469
2766772 2520000 98 3 w12004920 r14951724 m15293597 f16665 r778037148 p4914
 387463931=72744988+190431472+140522086 i50169 u443723841 u0 t11.481
2777605 2530000 98 3 w12135542 r15159711 m15504034 f16691 r783446172 p4947
 389210244=73071112+191290844+141155276 i50169 u445723633 u0 t5.643
2788466 2540000 98 3 w12271977 r15375990 m15722644 f16718 r789022628 p4981
 390993925=73405001+192169511+141801295 i50169 u447765828 u0 t5.589
2799329 2550000 98 3 w12409413 r15600438 m15949592 f16745 r794805947 p5016
 392854436=73747080+193084041+142481179 i50169 u449894847 u0 t10.658
2810193 2560000 98 3 w12542613 r15812975 m16164467 f16771 r800241646 p5049
 394586175=74069906+193939383+143107047 i50169 u451878086 u0 t8.064
2821115 2570000 98 3 w12681846 r16033509 m16387351 f16798 r805835827 p5083
 396373854=74400331+194815983+143761024 i50169 u453923512 u0 t5.933
2832025 2580000 98 3 w12822132 r16258271 m16614627 f16825 r811527027 p5118
 398201283=74740010+195716692+144423960 i50169 u456016007 u0 t5.885
2842894 2590000 98 3 w12952957 r16476096 m16834937 f16850 r817012473 p5151
 399960875=75065982+196579442+145067439 i50169 u458030086 u0 t10.436
2853742 2600000 98 3 w13095104 r16707910 m17069329 f16877 r822808024 p5186
 401811634=75407233+197492344+145739777 i50169 u460148889 u0 t5.563
2864632 2610000 98 3 w13238142 r16936847 m17300750 f16904 r828539772 p5220
 403667966=75750169+198409680+146411818 i50169 u462274409 u0 t6.258
2875503 2620000 98 4 w13376837 r17168772 m17535211 f16930 r834242910 p5254
 405501187=76090975+199311909+147078283 i50169 u464373444 u0 t11.888
2886360 2630000 98 3 w13516341 r17398390 m17767261 f16956 r839867867 p5288
 407318394=76428580+200209416+147736246 i50169 u466454804 u0 t5.63
2897239 2640000 98 3 w13656843 r17629506 m18000896 f16982 r845520360 p5322
 409133084=76766405+201102314+148395438 i50169 u468532067 u0 t12.664
2908079 2650000 98 3 w13798246 r17864088 m18238064 f17008 r851274509 p5356
 410998892=77114178+202021249+149071777 i50169 u470668367 u0 t5.661
2919336 2660000 98 3 w13940507 r18101275 m18477808 f17034 r857053588 p5389
 412865095=77458535+202937691+149753790 i50169 u472803822 u0 t5.914
2930193 2670000 98 3 w14083526 r18341457 m18720426 f17060 r862854235 p5423
 414758028=77807462+203871479+150441590 i50169 u474970678 u0 t6.163
2941058 2680000 98 3 w14222064 r18576505 m18958020 f17085 r868475273 p5457
 416562298=78141604+204760082+151097021 i50169 u477036105 u0 t12.503
2951948 2690000 98 3 w14366979 r18813472 m19197516 f17111 r874147644 p5490
 418394567=78482060+205663987+151760410 i50169 u479134232 u0 t5.675
2962792 2700000 98 4 w14507030 r19045520 m19431902 f17136 r879694476 p5522
 420187245=78815085+206550897+152407374 i50169 u481187478 u0 t6.256
2973731 2710000 98 4 w14642302 r19279387 m19668192 f17160 r885260226 p5554
 421964447=79147445+207422084+153055205 i50169 u483221456 u0 t11.164
2984605 2720000 98 3 w14778303 r19505321 m19896400 f17184 r890679735 p5584
 423762171=79480129+208299528+153716891 i50169 u485277415 u0 t5.527
2995574 2730000 98 3 w14915115 r19739173 m20132678 f17208 r896236582 p5615
 425541780=79809047+209170707+154369183 i50169 u487313087 u0 t13.029
3006468 2740000 98 3 w15058381 r19975421 m20371324 f17233 r901821673 p5647
 427360559=80145053+210063381+155033678 i50169 u489393661 u0 t5.865
3017345 2750000 98 3 w15190950 r20206712 m20604989 f17256 r907248975 p5677
 429112466=80471448+210929421+155665389 i50169 u491400339 u0 t11.233
3028291 2760000 98 4 w15329897 r20435736 m20836267 f17280 r912634944 p5707
 430853628=80794053+211779723+156304391 i50169 u493392000 u0 t7.311
3039192 2770000 98 3 w15458032 r20656023 m21058805 f17302 r917793373 p5736
 432538461=81107787+212604140+156920898 i50169 u495319612 u0 t5.515
3050078 2780000 98 3 w15592674 r20882949 m21288074 f17325 r923074742 p5765
 434247277=81429031+213437682+157545343 i50169 u497274488 u0 t5.455
3060975 2790000 98 3 w15727968 r21117325 m21524797 f17348 r928525888 p5795
 436026715=81761305+214309126+158194410 i50169 u499310215 u0 t10.016
3071909 2800000 98 3 w15858005 r21343777 m21753491 f17370 r933750237 p5824
 437724222=82079132+215137533+158816103 i50169 u501252039 u0 t6.983
3082762 2810000 98 3 w15994608 r21580444 m21992462 f17393 r939247050 p5853
 439502098=82407520+216004295+159471644 i50169 u503285058 u0 t13.599
3093667 2820000 98 3 w16131900 r21813699 m22227997 f17416 r944597890 p5882
 441252475=82734828+216859883+160111731 i50169 u505287181 u0 t5.617
3104606 2830000 98 3 w16269969 r22048356 m22465023 f17439 r949989788 p5911
 443006883=83060939+217716620+160755196 i50169 u507294311 u0 t5.467
3115556 2840000 98 3 w16396601 r22277095 m22696031 f17460 r955193262 p5940
 444688481=83372733+218538469+161372236 i50169 u509218191 u0 t12.347
3126447 2850000 98 3 w16529769 r22502384 m22923434 f17482 r960326545 p5967
 446373566=83687025+219365885+161985484 i50169 u511147212 u0 t5.181
3137354 2860000 98 3 w16663635 r22731943 m23155217 f17504 r965581967 p5995
 448084410=84007360+220203015+162608631 i50169 u513104773 u0 t5.212
3148306 2870000 98 3 w16785847 r22951711 m23377115 f17524 r970557767 p6021
 449709146=84311145+221001359+163198792 i50169 u514965178 u0 t12.166
3159170 2880000 98 3 w16914733 r23176960 m23604481 f17545 r975610134 p6048
 451351882=84617909+221801999+163801990 i50169 u516844571 u0 t5.083
3170031 2890000 98 3 w17044246 r23403517 m23833244 f17566 r980691094 p6075
 453013492=84929203+222613413+164410040 i50169 u518746070 u0 t5.063
3180938 2900000 98 3 w17174359 r23632288 m24064249 f17587 r985757059 p6102
 454661681=85237778+223419314+165012236 i50169 u520632415 u0 t12.026
3191816 2910000 98 3 w17304926 r23862434 m24296478 f17608 r990899180 p6129
 456350591=85550949+224239011+165637741 i50169 u522563692 u0 t5.43
3202736 2920000 98 3 w17442426 r24101352 m24537680 f17630 r996195389 p6157
 458067183=85872730+225081734+166261324 i50169 u524528624 u0 t10.229
3213588 2930000 98 3 w17567982 r24332509 m24771024 f17650 r1001349287 p6184
 459765403=86191157+225911227+166882779 i50169 u526471374 u0 t8.301
3224450 2940000 98 3 w17706682 r24569164 m25009978 f17672 r1006597359 p6211
 461458958=86506014+226744049+167499073 i50169 u528409766 u0 t5.388
3235384 2950000 98 3 w17839623 r24801554 m25244550 f17693 r1011709917 p6238
 463116228=86815090+227563975+168096159 i50169 u530308545 u0 t5.049
3246267 2960000 98 3 w17973088 r25042169 m25487362 f17714 r1017023062 p6265
 464858603=87140346+228419120+168730537 i50169 u532303043 u0 t8.565
3257218 2970000 98 3 w18113550 r25287945 m25735425 f17736 r1022426648 p6292
 466613074=87466190+229282067+169368910 i50169 u534311178 u0 t10.202
3268155 2980000 98 3 w18241834 r25518565 m25968215 f17756 r1027487424 p6318
 468268376=87775619+230093744+169972379 i50169 u536205708 u0 t5.942
3278993 2990000 98 3 w18377102 r25757679 m26209599 f17777 r1032714686 p6344
 469969715=88091511+230926039+170595817 i50169 u538152633 u0 t13.797
3289873 3000000 98 3 w18499910 r25980515 m26434483 f17796 r1037589299 p6369
 471569970=88391941+231705539+171183343 i50169 u539984067 u0 t4.887
3300770 3010000 98 3 w18629625 r26216832 m26672890 f17816 r1042705203 p6395
 473233246=88702602+232525382+171785545 i50169 u541889391 u0 t5.123
3311716 3020000 98 3 w18759880 r26452728 m26910900 f17836 r1047793343 p6420
 474884704=89011906+233343669+172378776 i50169 u543781187 u0 t5.4
3322684 3030000 98 3 w18890828 r26683670 m27144082 f17856 r1052783386 p6445
 476508174=89314099+234142224+172968486 i50169 u545640038 u0 t12.862
3333558 3040000 98 3 w19022096 r26920610 m27383136 f17876 r1057834132 p6471
 478143366=89618548+234943979+173565228 i50169 u547512148 u0 t5.718
3344467 3050000 98 3 w19147319 r27148098 m27612661 f17895 r1062708624 p6495
 479740737=89918385+235729820+174143829 i50169 u549341770 u0 t5.319
3355390 3060000 98 3 w19279715 r27385919 m27852685 f17915 r1067809508 p6520
 481413586=90230624+236550329+174753692 i50169 u551256919 u0 t12.748
3366284 3070000 98 3 w19405861 r27611859 m28080639 f17934 r1072639242 p6544
 482988960=90526560+237328756+175320755 i50169 u553061729 u0 t4.848
3377177 3080000 98 3 w19539121 r27846207 m28317036 f17954 r1077612239 p6569
 484606407=90828041+238120588+175912435 i50169 u554912191 u0 t5.052
3388055 3090000 98 3 w19659530 r28072147 m28544961 f17972 r1082350121 p6593
 486152468=91119668+238885764+176466949 i50169 u556684110 u0 t11.049
3398880 3100000 98 3 w19780434 r28296080 m28770916 f17990 r1087077333 p6616
 487684763=91409430+239647791+177012102 i50169 u558440998 u0 t7.762
3409787 3110000 98 3 w19901724 r28520107 m28996961 f18008 r1091794274 p6639
 489223743=91698454+240408490+177565964 i50169 u560204212 u0 t5.017
3420708 3120000 98 3 w20030134 r28747221 m29226056 f18027 r1096564690 p6663
 490782966=91991874+241181846+178124362 i50169 u561991384 u0 t8.346
3431637 3130000 98 3 w20159063 r28981072 m29461991 f18046 r1101468035 p6686
 492372061=92290972+241966929+178696725 i50169 u563811721 u0 t8.893
3442607 3140000 98 3 w20281636 r29199295 m29682174 f18064 r1106034005 p6709
 493867479=92576410+242705734+179231864 i50169 u565525725 u0 t5.113
3453456 3150000 98 3 w20404559 r29426778 m29911619 f18082 r1110782532 p6732
 495418218=92870797+243475997+179783874 i50169 u567304135 u0 t12.743
3464366 3160000 98 3 w20527866 r29654590 m30141374 f18100 r1115515638 p6755
 496965936=93164715+244245389+180334199 i50169 u569078632 u0 t5.382
3475266 3170000 98 3 w20651654 r29881703 m30370470 f18118 r1120255496 p6777
 498503481=93454655+245005791+180885711 i50169 u570840370 u0 t5.338
3486141 3180000 98 3 w20775845 r30101216 m30591899 f18136 r1124813182 p6799
 499986498=93737190+245741376+181413852 i50169 u572541295 u0 t12.539
3497008 3190000 98 3 w20893497 r30324373 m30816993 f18153 r1129481774 p6821
 501529487=94026056+246498293+181975369 i50169 u574307761 u0 t5.081
3507853 3200000 98 3 w21018513 r30546910 m31041514 f18171 r1134116824 p6842
 503046559=94315835+247250150+182516197 i50169 u576047029 u0 t8.281
3518683 3210000 98 3 w21136872 r30772314 m31268822 f18188 r1138771721 p6864
 504564868=94603075+248002586+183059009 i50169 u577787639 u0 t10.466
3529542 3220000 98 3 w21262637 r30997964 m31496412 f18206 r1143431275 p6886
 506086306=94893153+248756525+183601588 i50169 u579532079 u0 t5.142
3540480 3230000 98 3 w21381873 r31221069 m31721493 f18223 r1148021522 p6907
 507573435=95176490+249498789+184127119 i50169 u581238241 u0 t6.036
3551409 3240000 98 3 w21508458 r31452922 m31955371 f18241 r1152801393 p6929
 509136904=95471887+250274207+184686052 i50169 u583031074 u0 t10.538
3562370 3250000 98 3 w21628386 r31676755 m32181158 f18258 r1157380279 p6951
 510633889=95756816+251017114+185219210 i50169 u584747449 u0 t4.86
3573321 3260000 98 3 w21748674 r31902760 m32409129 f18275 r1162045675 p6972
 512154031=96046348+251771059+185761190 i50169 u586490751 u0 t12.438
3584317 3270000 98 4 w21876388 r32137777 m32646130 f18293 r1166824442 p6994
 513711000=96340918+252547891+186312667 i50169 u588276570 u0 t5.482
3595165 3280000 98 3 w21997415 r32364949 m32875224 f18310 r1171451423 p7015
 515228612=96629800+253298990+186854771 i50169 u590016670 u0 t5.408
3606131 3290000 98 4 w22125989 r32597248 m33109558 f18328 r1176197740 p7037
 516787712=96926491+254070286+187412396 i50169 u591804217 u0 t12.347
3617031 3300000 98 3 w22247785 r32824218 m33338516 f18345 r1180809018 p7058
 518283261=97210191+254817319+187941237 i50169 u593520138 u0 t4.867
3627996 3310000 98 3 w22369913 r33053294 m33569560 f18362 r1185465195 p7079
 519803633=97499274+255577531+188477038 i50169 u595264575 u0 t6.211
3638920 3320000 98 3 w22492367 r33287396 m33805599 f18379 r1190246514 p7100
 521375389=97793280+256352278+189045476 i50169 u597064642 u0 t12.909
3649881 3330000 98 3 w22615243 r33512365 m34032525 f18396 r1194822128 p7120
 522880556=98076303+257096336+189586609 i50169 u598789459 u0 t4.694
3660867 3340000 98 3 w22745770 r33759689 m34282043 f18414 r1199821722 p7143
 524491379=98379942+257895171+190162867 i50169 u600635779 u0 t13.688
3671820 3350000 98 4 w22869317 r33990410 m34514683 f18431 r1204504218 p7163
 526041380=98675689+258665765+190712311 i50169 u602414103 u0 t5.28
3682790 3360000 98 3 w23000623 r34235671 m34762092 f18449 r1209469147 p7185
 527659222=98979781+259462353+191297318 i50169 u604267176 u0 t5.559
3693808 3370000 98 3 w23132249 r34486710 m35015255 f18467 r1214550979 p7207
 529325956=99293194+260282583+191900382 i50169 u606175829 u0 t13.052
3704793 3380000 98 3 w23264275 r34731242 m35261866 f18485 r1219487858 p7228
 530943069=99597886+261085257+192478358 i50169 u608029984 u0 t5.352
3715703 3390000 98 3 w23404142 r34988811 m35521693 f18504 r1224681992 p7251
 532641482=99915490+261923870+193091543 i50169 u609975955 u0 t12.972
3726649 3400000 98 3 w23544329 r35248549 m35783583 f18523 r1229889816 p7273
 534346388=100233856+262770855+193701866 i50169 u611930197 u0 t6.828
3737635 3410000 98 3 w23685068 r35519118 m36056489 f18542 r1235324822 p7296
 536134448=100568655+263669932+194329472 i50169 u613981487 u0 t5.935
3748614 3420000 98 3 w23826243 r35788790 m36328481 f18561 r1240733569 p7319
 537914058=100902015+264547436+194973273 i50169 u616020223 u0 t13.149
3759597 3430000 98 3 w23975248 r36065583 m36607624 f18581 r1246263810 p7343
 539732180=101243537+265443050+195631087 i50169 u618102335 u0 t6.564
3770552 3440000 98 3 w24124815 r36343472 m36887911 f18601 r1251829824 p7366
 541540317=101581938+266331153+196288296 i50169 u620172688 u0 t8.135
3781517 3450000 98 3 w24267237 r36614928 m37161611 f18620 r1257289445 p7389
 543336930=101916523+267210385+196945560 i50169 u622229179 u0 t10.762
3792483 3460000 98 4 w24410184 r36887685 m37436710 f18639 r1262783223 p7411
 545110407=102247719+268083312+197588580 i50169 u624260448 u0 t7.683
3803443 3470000 98 3 w24553564 r37156931 m37708278 f18658 r1268160579 p7433
 546863450=102576365+268956547+198213619 i50169 u626270430 u0 t13.019
3814317 3480000 98 3 w24697350 r37427207 m37980860 f18677 r1273544601 p7455
 548616328=102905067+269822518+198845460 i50169 u628278508 u0 t14.262
3825200 3490000 98 4 w24833914 r37697393 m38253284 f18695 r1278919963 p7477
 550364699=103231208+270687065+199476077 i50169 u630281785 u0 t5.957
3836062 3500000 98 4 w24978552 r37959010 m38517172 f18714 r1284094882 p7498
 552038919=103542921+271516200+200079385 i50169 u632200161 u0 t10.745
3847051 3510000 98 3 w25115846 r38218024 m38778285 f18732 r1289246019 p7519
 553738833=103859970+272354792+200694844 i50169 u634146990 u0 t9.67
3857981 3520000 98 3 w25261283 r38500799 m39063440 f18751 r1294802556 p7542
 555533138=104195870+273249795+201333950 i50169 u636204188 u0 t5.962
3868919 3530000 98 3 w25414795 r38785241 m39350254 f18771 r1300426830 p7564
 557372661=104540051+274170956+201984926 i50169 u638313561 u0 t13.738
3879700 3540000 98 3 w25561140 r39068223 m39635651 f18790 r1305974668 p7587
 559174880=104876499+275068767+202628476 i50169 u640379327 u0 t6.243
3890544 3550000 98 4 w25715422 r39362761 m39932500 f18810 r1311726460 p7610
 561055077=105229291+276013658+203289337 i50169 u642536219 u0 t8.763
3901420 3560000 98 3 w25862533 r39645745 m40217761 f18829 r1317244634 p7632
 562858794=105565010+276912898+203933306 i50169 u644603709 u0 t10.067
3912350 3570000 98 3 w26017808 r39937654 m40512006 f18849 r1322920215 p7655
 564721760=105912497+277839367+204600662 i50169 u646738649 u0 t8.503
3923255 3580000 98 3 w26165848 r40224610 m40801325 f18868 r1328480354 p7678
 566536233=106252225+278740214+205250933 i50169 u648817791 u0 t13.048
3934146 3590000 98 3 w26314241 r40516300 m41095371 f18887 r1334187677 p7700
 568414549=106603188+279666112+205930557 i50169 u650968558 u0 t6.165
3945058 3600000 98 3 w26463152 r40808029 m41389503 f18906 r1339797352 p7723
 570254570=106948208+280576629+206591269 i50169 u653075934 u0 t12.803
3955958 3610000 98 3 w26620308 r41106291 m41690194 f18926 r1345560768 p7745
 572141867=107297481+281509367+207275346 i50169 u655236725 u0 t8.552
3966817 3620000 98 3 w26770005 r41393543 m41979728 f18945 r1351101847 p7767
 573970117=107641840+282420517+207926474 i50169 u657330238 u0 t12.204
3977696 3630000 98 3 w26920215 r41684898 m42273476 f18964 r1356709250 p7789
 575805448=107982976+283330153+208587374 i50169 u659432447 u0 t7.779
3988551 3640000 98 3 w27070810 r41984042 m42575062 f18983 r1362482752 p7812
 577705627=108334575+284265405+209279576 i50169 u661607051 u0 t12.924
3999436 3650000 98 3 w27229869 r42279299 m42872790 f19003 r1368161013 p7834
 579562654=108677005+285180148+209955784 i50169 u663733036 u0 t8.554
4010266 3660000 98 3 w27381312 r42573365 m43169228 f19022 r1373790798 p7855
 581403607=109018526+286095150+210616435 i50169 u665842311 u0 t11.45
4021082 3670000 98 3 w27525171 r42867528 m43465735 f19040 r1379418540 p7877
 583240993=109359018+287005077+211279585 i50169 u667946849 u0 t7.76
4031936 3680000 98 3 w27685481 r43170720 m43771396 f19060 r1385225589 p7899
 585155368=109713677+287951495+211971670 i50169 u670138508 u0 t13.796
4042723 3690000 98 3 w27838174 r43476189 m44079273 f19079 r1390990657 p7922
 587038338=110063444+288882903+212652051 i50169 u672294470 u0 t9.084
4053582 3700000 98 3 w27991373 r43778154 m44383701 f19098 r1396767996 p7944
 588932135=110417322+289824565+213331268 i50169 u674462484 u0 t11.68
4064959 3710000 98 3 w28144826 r44081911 m44689808 f19117 r1402538766 p7965
 590833836=110769103+290768846+214014935 i50169 u676640717 u0 t9.142
4075764 3720000 98 3 w28298891 r44380109 m44990443 f19136 r1408173647 p7987
 592687604=111114214+291684210+214686258 i50169 u678764154 u0 t11.91
4086632 3730000 98 3 w28445149 r44673283 m45285924 f19154 r1413728629 p8008
 594516201=111454579+292586097+215349182 i50169 u680857843 u0 t8.609
4097561 3740000 98 3 w28591828 r44970165 m45585186 f19172 r1419329313 p8029
 596344284=111792862+293482665+216017659 i50169 u682949669 u0 t12.28
4108439 3750000 98 3 w28746945 r45270152 m45887471 f19191 r1424985945 p8050
 598193673=112136711+294395739+216687720 i50169 u685067219 u0 t6.088
4119319 3760000 98 3 w28894427 r45567452 m46187192 f19209 r1430592633 p8071
 600031342=112478174+295302182+217354611 i50169 u687171144 u0 t13.49
4130276 3770000 98 3 w29042169 r45852416 m46474360 f19227 r1435927564 p8091
 601775420=112803457+296161714+217986977 i50169 u689168276 u0 t6.011
4141183 3780000 98 3 w29182107 r46142966 m46767160 f19244 r1441381249 p8111
 603575343=113140168+297048522+218638665 i50169 u691229797 u0 t14.851
4152093 3790000 98 3 w29330630 r46434842 m47061383 f19262 r1446816264 p8131
 605357888=113473027+297929805+219281395 i50169 u693271880 u0 t6.234
4162989 3800000 98 3 w29479512 r46738141 m47367014 f19280 r1452482585 p8152
 607225564=113819520+298845200+219964243 i50169 u695409260 u0 t6.972
4173910 3810000 98 4 w29628696 r47030365 m47661452 f19298 r1457944057 p8172
 609011404=114151393+299726941+220611152 i50169 u697454221 u0 t13.652
4184895 3820000 98 3 w29778282 r47320244 m47953573 f19316 r1463371371 p8192
 610800344=114485341+300612280+221255876 i50169 u699503629 u0 t14.212
4195828 3830000 98 3 w29919968 r47605188 m48240751 f19333 r1468660480 p8211
 612539294=114810261+301475332+221879618 i50169 u701496300 u0 t6.342
4206739 3840000 98 3 w30061940 r47899099 m48536962 f19350 r1474095816 p8231
 614314267=115140779+302354612+222518823 i50169 u703529352 u0 t13.712
4217677 3850000 98 3 w30204305 r48186968 m48827077 f19367 r1479423339 p8251
 616056393=115465149+303220049+223144048 i50169 u705525328 u0 t6.547
4228607 3860000 98 3 w30347022 r48469692 m49112063 f19384 r1484670908 p8269
 617780283=115785327+304072285+223767062 i50169 u707499576 u0 t11.234
4239510 3870000 98 3 w30489963 r48749007 m49393487 f19401 r1489850771 p8288
 619481410=116103114+304913123+224380691 i50169 u709448079 u0 t8.774
4250423 3880000 98 3 w30624855 r49029899 m49676596 f19417 r1495064988 p8306
 621184395=116420732+305757681+224992434 i50169 u711399351 u0 t5.404
4261357 3890000 98 3 w30768569 r49307423 m49956347 f19434 r1500192270 p8324
 622866150=116736173+306595185+225591185 i50169 u713327301 u0 t14.337
4272391 3900000 98 3 w30904001 r49586909 m50237951 f19450 r1505375828 p8343
 624582776=117063230+307431520+226220077 i50169 u715290929 u0 t5.623
4283314 3910000 98 4 w31039788 r49869033 m50522231 f19466 r1510611134 p8361
 626316809=117388789+308283692+226848748 i50169 u717276215 u0 t13.137
4294200 3920000 98 3 w31175879 r50147341 m50802728 f19482 r1515725520 p8379
 628000607=117704520+309113782+227457481 i50169 u719204575 u0 t6.609
4305160 3930000 98 3 w31312070 r50425436 m51082786 f19498 r1520825061 p8397
 629680550=118020474+309942049+228064086 i50169 u721128785 u0 t9.868
4316083 3940000 98 3 w31448761 r50699445 m51358943 f19514 r1525849277 p8414
 631336621=118335147+310758075+228660128 i50169 u723026006 u0 t9.736
4326986 3950000 98 3 w31594174 r50992059 m51653729 f19531 r1531214717 p8433
 633109752=118668577+311623477+229309206 i50169 u725055112 u0 t13.262
4337955 3960000 98 4 w31722733 r51257092 m51920672 f19546 r1536089572 p8450
 634733449=118976112+312418072+229899381 i50169 u726913806 u0 t5.343
4348836 3970000 98 3 w31851713 r51527787 m52193486 f19561 r1541029249 p8467
 636358243=119284193+313221032+230482160 i50169 u728776329 u0 t6.312
4359757 3980000 98 3 w31980927 r51799982 m52467787 f19576 r1545984325 p8484
 637990593=119592004+314032767+231064132 i50169 u730648145 u0 t11.405
4370729 3990000 98 3 w32110409 r52073078 m52743019 f19591 r1550918213 p8501
 639610609=119898014+314835811+231643448 i50169 u732505059 u0 t8.005
4381681 4000000 98 3 w32248747 r52350855 m53022904 f19607 r1555930730 p8519
 641248980=120207297+315649801+232227712 i50169 u734383522 u0 t8.443
4392555 4010000 98 3 w32378677 r52621034 m53295081 f19622 r1560865312 p8536
 642894024=120516993+316463410+232818933 i50169 u736268382 u0 t11.51
4403440 4020000 98 3 w32508926 r52895079 m53571246 f19637 r1565801143 p8553
 644498391=120818366+317255235+233397762 i50169 u738106554 u0 t16.152
4414465 4030000 98 3 w32639331 r53157209 m53835295 f19652 r1570555903 p8569
 646078541=121116959+318037773+233963291 i50169 u739917699 u0 t7.717
4425446 4040000 98 3 w32770080 r53423788 m54103906 f19667 r1575391812 p8585
 647667613=121417274+318827936+234528924 i50169 u741740387 u0 t9.033
4436408 4050000 98 3 w32901130 r53697409 m54379686 f19682 r1580324562 p8602
 649287197=121723231+319627528+235111860 i50169 u743596144 u0 t15.319
4447331 4060000 98 3 w33032353 r53969668 m54653989 f19697 r1585230517 p8619
 650889059=122025362+320424945+235681771 i50169 u745433450 u0 t7.698
4458226 4070000 98 3 w33163852 r54238694 m54925068 f19712 r1590086240 p8635
 652500798=122327951+321219556+236263716 i50169 u747280138 u0 t18.494
4469117 4080000 98 3 w33286781 r54508235 m55196608 f19726 r1594958041 p8651
 654117208=122634434+322021328+236842110 i50169 u749132712 u0 t10.669
4480047 4090000 98 3 w33418808 r54785002 m55475491 f19741 r1599979018 p8668
 655764591=122944187+322838288+237433004 i50169 u751021355 u0 t15.623
4490942 4100000 98 3 w33551015 r55053185 m55745709 f19756 r1604816669 p8684
 657357971=123245762+323625401+238004550 i50169 u752847553 u0 t8.463
4501893 4110000 98 4 w33674572 r55316212 m56010644 f19770 r1609537451 p8699
 658922197=123540591+324395058+238569568 i50169 u754639266 u0 t7.097
4512866 4120000 98 3 w33798431 r55576694 m56273078 f19784 r1614224144 p8715
 660479016=123835502+325163882+239128274 i50169 u756423901 u0 t14.757
4523822 4130000 98 3 w33931435 r55843168 m56541589 f19799 r1619011391 p8730
 662062225=124132870+325946746+239697200 i50169 u758238374 u0 t9.99
4534728 4140000 98 3 w34055678 r56111432 m56811825 f19813 r1623794840 p8746
 663638742=124430770+326729663+240259282 i50169 u760046255 u0 t18.081
4545718 4150000 98 3 w34180142 r56371143 m57073395 f19827 r1628450153 p8761
 665184559=124723431+327491058+240816346 i50169 u761817163 u0 t8.266
4556635 4160000 98 3 w34304762 r56628126 m57332167 f19841 r1633055499 p8776
 666724896=125014813+328249950+241371932 i50169 u763581763 u0 t16.064
4567595 4170000 98 3 w34420791 r56882111 m57588048 f19854 r1637581497 p8791
 668221876=125298920+328993448+241904696 i50169 u765298536 u0 t9.013
4578516 4180000 98 3 w34546001 r57138931 m57846830 f19868 r1642160292 p8806
 669748291=125588065+329746881+242452828 i50169 u767047527 u0 t16.31
4589453 4190000 98 3 w34671480 r57404553 m58114523 f19882 r1646915587 p8821
 671330200=125884464+330528880+243022357 i50169 u768859751 u0 t7.32
4600387 4200000 98 3 w34788021 r57657672 m58369481 f19895 r1651439707 p8836
 672841457=126170447+331272719+243567920 i50169 u770591108 u0 t16.295
4611320 4210000 98 3 w34904904 r57903457 m58617146 f19908 r1655794048 p8850
 674271342=126443344+331986475+244072288 i50169 u772231930 u0 t9.452
4622248 4220000 98 3 w35021887 r58157382 m58872935 f19921 r1660288400 p8864
 675768866=126727194+332732126+244603872 i50169 u773949883 u0 t9.273
4633106 4230000 98 3 w35139100 r58411445 m59128885 f19934 r1664797212 p8879
 677254562=127008907+333473618+245129353 i50169 u775654658 u0 t14.218
4644049 4240000 98 3 w35265467 r58675877 m59395257 f19948 r1669460549 p8894
 678789682=127298808+334236870+245676237 i50169 u777414921 u0 t7.038
4655040 4250000 98 3 w35392113 r58930125 m59651426 f19962 r1673960143 p8908
 680281239=127580915+334976354+246209323 i50169 u779125410 u0 t15.611
4665924 4260000 98 3 w35509872 r59187243 m59910426 f19975 r1678516329 p8923
 681806476=127870163+335730918+246756120 i50169 u780873725 u0 t11.674
4676832 4270000 98 3 w35627894 r59440595 m60165709 f19988 r1683001557 p8937
 683292406=128154029+336468642+247284731 i50169 u782577752 u0 t13.311
4687741 4280000 98 3 w35746022 r59696937 m60423923 f20001 r1687502753 p8951
 684782466=128438396+337209726+247812683 i50169 u784287392 u0 t6.478
4698685 4290000 98 3 w35864330 r59944336 m60673147 f20014 r1691870767 p8965
 686230443=128714346+337929525+248326580 i50169 u785948333 u0 t6.644
4709603 4300000 98 3 w35982886 r60209773 m60940577 f20027 r1696538647 p8980
 687776961=129005595+338695464+248881419 i50169 u787721087 u0 t16.093
4720503 4310000 98 3 w36110642 r60467265 m61199858 f20041 r1701080095 p8994
 689305513=129294522+339455743+249425651 i50169 u789474006 u0 t8.151
4731420 4320000 98 3 w36229604 r60736017 m61470615 f20054 r1705775785 p9009
 690838489=129585490+340222210+249966865 i50169 u791233057 u0 t16.588
4742321 4330000 98 3 w36348637 r60996900 m61733385 f20067 r1710364374 p9023
 692372936=129875041+340985892+250512936 i50169 u792992602 u0 t6.987
4753259 4340000 98 3 w36477124 r61265084 m62003552 f20081 r1715078874 p9038
 693933983=130169722+341760275+251070905 i50169 u794782115 u0 t15.826
4764201 4350000 98 3 w36605852 r61532330 m62272801 f20095 r1719783843 p9052
 695518181=130470697+342563167+251617555 i50169 u796601333 u0 t8.367
4775138 4360000 98 3 w36725449 r61805274 m62547689 f20108 r1724596439 p9067
 697115979=130774356+343363045+252183206 i50169 u798431668 u0 t7.42
4786096 4370000 98 4 w36854525 r62076043 m62820404 f20122 r1729397970 p9081
 698712191=131077759+344159965+252749920 i50169 u800259712 u0 t15.055
4797101 4380000 98 3 w36974603 r62343757 m63090119 f20135 r1734144827 p9095
 700285140=131376883+344950401+253303084 i50169 u802062373 u0 t7.825
4808087 4390000 98 3 w37104135 r62620186 m63368641 f20149 r1739059435 p9109
 701923858=131688223+345766395+253887645 i50169 u803938485 u0 t12.823
4819049 4400000 98 3 w37233707 r62905679 m63656084 f20163 r1744050592 p9124
 703588559=132001060+346594542+254481226 i50169 u805846968 u0 t11.543
4830048 4410000 98 3 w37372966 r63190284 m63942828 f20178 r1749030161 p9139
 705237286=132313733+347422984+255062153 i50169 u807736066 u0 t14.528
4841026 4420000 98 3 w37503031 r63473182 m64227705 f20192 r1753958725 p9154
 706883855=132621553+348235639+255656998 i50169 u809622464 u0 t9.354
4852001 4430000 98 3 w37623981 r63749268 m64505736 f20205 r1758788804 p9169
 708503947=132926000+349038854+256238103 i50169 u811479266 u0 t7.188
4862997 4440000 98 3 w37754564 r64039328 m64797938 f20219 r1763858952 p9184
 710198147=133242922+349878475+256847265 i50169 u813420117 u0 t16.338
4873904 4450000 98 3 w37894693 r64326613 m65087366 f20234 r1768846464 p9199
 711861369=133556425+350703266+257442648 i50169 u815326877 u0 t13.708
4884867 4460000 98 3 w38025650 r64613804 m65376637 f20248 r1773883184 p9213
 713566497=133875142+351543457+258060404 i50169 u817279745 u0 t13.853
4895781 4470000 98 4 w38156867 r64905891 m65670885 f20262 r1779024997 p9228
 715273745=134196295+352390683+258673726 i50169 u819233514 u0 t13.889
4906756 4480000 98 3 w38297657 r65212187 m65979398 f20277 r1784432381 p9243
 717082923=134534633+353283574+259330308 i50169 u821302810 u0 t8.794
4917771 4490000 98 3 w38438647 r65525649 m66295155 f20292 r1789915603 p9259
 718926275=134875090+354186663+260006475 i50169 u823411871 u0 t14.017
4928768 4500000 98 3 w38580041 r65836897 m66608760 f20307 r1795368207 p9275
 720744039=135213576+355074562+260673297 i50169 u825492253 u0 t14.345
4939756 4510000 98 3 w38721552 r66141979 m66916103 f20322 r1800712100 p9290
 722515561=135542131+355944356+261319964 i50169 u827520453 u0 t15.143
4950853 4520000 98 3 w38872726 r66453897 m67230306 f20338 r1806218277 p9305
 724341155=135879658+356834075+261993496 i50169 u829608671 u0 t9.284
4961839 4530000 98 3 w39005318 r66752933 m67531587 f20352 r1811472793 p9319
 726080472=136200997+357687937+262628770 i50169 u831599982 u0 t15.906
4972832 4540000 98 3 w39137986 r67051255 m67832069 f20366 r1816738732 p9334
 727843511=136527190+358550640+263275298 i50169 u833617212 u0 t8.11
4983782 4550000 98 3 w39271011 r67343351 m68126390 f20380 r1821877732 p9348
 729544168=136843990+359384418+263896014 i50169 u835564416 u0 t17.39
4994759 4560000 98 3 w39413649 r67643875 m68429117 f20395 r1827067960 p9363
 731263850=137165703+360237314+264512469 i50169 u837535756 u0 t15.128
5005677 4570000 98 3 w39547005 r67935905 m68723274 f20409 r1832155649 p9377
 732955704=137481293+361068442+265127825 i50169 u839473143 u0 t14.139
5016605 4580000 98 3 w39680526 r68244483 m69034099 f20423 r1837479287 p9392
 734715404=137809281+361939611+265761654 i50169 u841489189 u0 t25.852
5027569 4590000 98 3 w39823825 r68550781 m69342598 f20438 r1842792506 p9407
 736496891=138141148+362813409+266411697 i50169 u843528447 u0 t9.277
5038460 4600000 98 3 w39957799 r68841207 m69635161 f20452 r1847786746 p9421
 738152221=138451437+363633981+267005860 i50169 u845425673 u0 t22.685
5049344 4610000 98 3 w40092016 r69143659 m69939810 f20466 r1853023027 p9435
 739901180=138778127+364497546+267637136 i50169 u847429478 u0 t22.947
5060214 4620000 98 3 w40226362 r69447916 m70246254 f20480 r1858253748 p9450
 741627386=139101660+365357193+268252786 i50169 u849409175 u0 t10.347
5071166 4630000 98 3 w40360923 r69747632 m70548117 f20494 r1863421623 p9464
 743369554=139427389+366217351+268881825 i50169 u851405032 u0 t17.986
5082077 4640000 98 3 w40495668 r70052869 m70855572 f20508 r1868650100 p9479
 745095325=139750598+367074498+269498999 i50169 u853382650 u0 t11.071
5092952 4650000 98 3 w40640236 r70358296 m71163128 f20523 r1873867971 p9494
 746845262=140076115+367946151+270124959 i50169 u855388251 u0 t13.892
5103888 4660000 98 3 w40775371 r70675612 m71482638 f20537 r1879318819 p9509
 748674013=140416913+368851068+270784379 i50169 u857483388 u0 t14.707
5114792 4670000 98 3 w40910754 r70974359 m71783521 f20551 r1884450155 p9523
 750401820=140740385+369708924+271403375 i50169 u859462947 u0 t9.214
5125741 4680000 98 3 w41046313 r71273723 m72084974 f20565 r1889565652 p9537
 752125361=141064665+370568288+272016064 i50169 u861439387 u0 t19.144
5136717 4690000 98 3 w41182193 r71584273 m72397815 f20579 r1894843837 p9551
 753880064=141391180+371440625+272644618 i50169 u863450409 u0 t14.245
5147654 4700000 98 3 w41318237 r71894495 m72710292 f20593 r1900114426 p9566
 755634556=141719120+372312217+273272903 i50169 u865460955 u0 t12.963
5158619 4710000 98 3 w41464198 r72204886 m73022918 f20608 r1905388572 p9581
 757408019=142049898+373189079+273912892 i50169 u867492372 u0 t18.01
5169534 4720000 98 3 w41600587 r72510882 m73331064 f20622 r1910608284 p9595
 759157936=142381060+374057173+274537349 i50169 u869497743 u0 t8.132
5180402 4730000 98 3 w41737242 r72822966 m73645379 f20636 r1915919593 p9609
 760934638=142713425+374939858+275173401 i50169 u871534055 u0 t18.285
5191291 4740000 98 3 w41874108 r73141205 m73965912 f20650 r1921345926 p9624
 762764624=143052784+375847014+275832696 i50169 u873630233 u0 t14.225
5202167 4750000 98 3 w42020820 r73455248 m74282078 f20665 r1926692306 p9638
 764567212=143388196+376735603+276485904 i50169 u875693897 u0 t11.981
5213037 4760000 98 3 w42158152 r73775281 m74604411 f20679 r1932127922 p9653
 766393255=143725540+377632062+277154070 i50169 u877783818 u0 t11.551
5223884 4770000 98 3 w42295475 r74091448 m74922748 f20693 r1937465465 p9667
 768165040=144057586+378508123+277791658 i50169 u879813216 u0 t15.22
5234779 4780000 98 3 w42433066 r74394125 m75227510 f20707 r1942567919 p9681
 769872868=144376131+379358928+278401058 i50169 u881770679 u0 t7.793
5245825 4790000 98 3 w42570941 r74705714 m75541317 f20721 r1947849094 p9695
 771646093=144703231+380233350+279045473 i50169 u883800650 u0 t18.102
5256768 4800000 98 3 w42709011 r75020856 m75858718 f20735 r1953191576 p9709
 773440371=145035113+381119818+279695673 i50169 u885855241 u0 t16.912
5267626 4810000 98 3 w42847258 r75331464 m76171520 f20749 r1958415394 p9723
 775208045=145364275+381993632+280333622 i50169 u887879886 u0 t9.801
5278527 4820000 98 3 w42975916 r75632071 m76474307 f20762 r1963491059 p9737
 776899703=145680955+382828917+280943941 i50169 u889817714 u0 t13.344
5289476 4830000 98 3 w43114606 r75941865 m76786366 f20776 r1968714367 p9750
 778650170=146005325+383687156+281583824 i50169 u891820626 u0 t12.263
5300488 4840000 98 3 w43243479 r76238032 m77084547 f20789 r1973704882 p9763
 780330080=146318545+384517628+282189741 i50169 u893744672 u0 t17.37
5311384 4850000 98 3 w43372520 r76536238 m77384814 f20802 r1978741670 p9777
 782036545=146636438+385361708+282805294 i50169 u895699662 u0 t7.873
5322312 4860000 98 3 w43511714 r76846219 m77696947 f20816 r1983957364 p9790
 783786925=146961814+386226328+283438611 i50169 u897704489 u0 t15.286
5333136 4870000 98 3 w43651108 r77163927 m78016892 f20830 r1989322288 p9804
 785593111=147297767+387117255+284092723 i50169 u899772271 u0 t12.91
5344051 4880000 98 3 w43790692 r77475540 m78330704 f20844 r1994541458 p9818
 787354037=147624946+387984692+284732424 i50169 u901788518 u0 t14.21
5354961 4890000 98 3 w43920530 r77784275 m78641647 f20857 r1999758903 p9831
 789116732=147953500+388852388+285372395 i50169 u903806829 u0 t11.791
5365866 4900000 98 3 w44060541 r78092188 m78951730 f20871 r2004932045 p9844
 790874886=148280101+389715570+286013641 i50169 u905819161 u0 t14.302
5376756 4910000 98 3 w44190723 r78389734 m79251353 f20884 r2009930667 p9857
 792570068=148597470+390551122+286627081 i50169 u907760649 u0 t11.907
5387675 4920000 98 3 w44321099 r78690013 m79553789 f20897 r2014946619 p9870
 794264825=148914834+391387274+287239187 i50169 u909701759 u0 t15.205
5398578 4930000 98 4 w44451537 r78992945 m79858774 f20910 r2020019766 p9883
 795971815=149235660+392232431+287851548 i50169 u911658046 u0 t9.248
5409490 4940000 98 3 w44582212 r79289564 m80157449 f20923 r2024969416 p9896
 797641784=149548072+393058300+288453158 i50169 u913571322 u0 t15.719
5420355 4950000 98 3 w44712988 r79599275 m80469283 f20936 r2030143614 p9909
 799394756=149874493+393921869+289089186 i50169 u915578672 u0 t9.813
5431223 4960000 98 3 w44844005 r79899618 m80771719 f20949 r2035142424 p9922
 801084148=150189624+394755979+289699618 i50169 u917514003 u0 t18.023
5442092 4970000 98 3 w44975120 r80194991 m81069125 f20962 r2040067436 p9934
 802745703=150502114+395575731+290299182 i50169 u919417201 u0 t14.732
5453015 4980000 98 3 w45106523 r80494389 m81370623 f20975 r2045097566 p9947
 804457905=150821179+396418723+290920363 i50169 u921377617 u0 t11.41
5463959 4990000 98 3 w45237969 r80790230 m81668474 f20988 r2050050883 p9959
 806143436=151136489+397249891+291530083 i50169 u923308148 u0 t7.671
5474924 5000000 98 3 w45359555 r81081318 m81961638 f21000 r2054913143 p9971
 807775681=151440672+398050259+292125353 i50169 u925176692 u0 t17.441
5485938 5010000 98 3 w45491328 r81382305 m82264689 f21013 r2059928847 p9983
 809484290=151758949+398893507+292743598 i50169 u927133293 u0 t16.651
5496880 5020000 98 3 w45613111 r81670304 m82554606 f21025 r2064724642 p9995
 811106090=152063650+399696114+293326862 i50169 u928991611 u0 t9.907
5507833 5030000 98 3 w45745237 r81975838 m82862260 f21038 r2069791154 p10008
 812817379=152383428+400545359+293940998 i50169 u930952766 u0 t18.011
5518806 5040000 98 3 w45877529 r82268146 m83156569 f21051 r2074645980 p10020
 814470693=152692675+401361024+294538284 i50169 u932846586 u0 t8.728
5529757 5050000 98 3 w45999876 r82564685 m83455209 f21063 r2079545441 p10032
 816113174=153001270+402175340+295126807 i50169 u934729336 u0 t21.467
5540663 5060000 98 3 w46132408 r82857973 m83750466 f21076 r2084439200 p10044
 817783063=153313085+402998236+295731416 i50169 u936641713 u0 t18.488
5551636 5070000 98 4 w46254984 r83155504 m84049995 f21088 r2089376615 p10056
 819461629=153625775+403825819+296339184 i50169 u938564013 u0 t8.976
5562596 5080000 98 3 w46387926 r83445886 m84342414 f21101 r2094182744 p10068
 821094289=153930361+404626331+296934695 i50169 u940433208 u0 t19.547
5573494 5090000 98 3 w46510711 r83742305 m84640771 f21113 r2099099523 p10080
 822762213=154241238+405446469+297540974 i50169 u942342875 u0 t10.716
5584492 5100000 98 3 w46633683 r84032048 m84932500 f21125 r2103887222 p10092
 824385541=154544827+406244382+298130451 i50169 u944202030 u0 t16.247
5595555 5110000 98 3 w46756874 r84312817 m85215193 f21137 r2108526011 p10103
 825951870=154839154+407016532+298696009 i50169 u945996195 u0 t11.934
5606569 5120000 98 3 w46880174 r84597747 m85502125 f21149 r2113229696 p10115
 827542595=155140161+407798955+299270260 i50169 u947818789 u0 t9.814
5617545 5130000 98 3 w46993216 r84868187 m85774325 f21160 r2117723371 p10125
 829080168=155427982+408554502+299828711 i50169 u949579720 u0 t19.705
5628539 5140000 98 3 w47106453 r85140762 m86048723 f21171 r2122237478 p10136
 830634683=155720750+409319029+300391471 i50169 u951360586 u0 t8.243
5639565 5150000 98 3 w47230157 r85426731 m86336677 f21183 r2126939477 p10147
 832229703=156019871+410105741+300967174 i50169 u953187632 u0 t7.91
5650481 5160000 98 3 w47354036 r85713849 m86625847 f21195 r2131671700 p10159
 833831506=156319937+410895847+301545833 i50169 u955022722 u0 t20.856
5661351 5170000 98 3 w47478143 r85996200 m86910276 f21207 r2136283220 p10170
 835381615=156612226+411656300+302108382 i50169 u956798132 u0 t20.023
5672329 5180000 98 3 w47591859 r86265859 m87181760 f21218 r2140731960 p10181
 836895004=156897616+412400021+302656215 i50169 u958531468 u0 t8.055
5683321 5190000 98 3 w47716090 r86549866 m87467667 f21230 r2145393535 p10192
 838485513=157195642+413181056+303234316 i50169 u960352959 u0 t9.584
5694245 5200000 98 3 w47830139 r86818923 m87738574 f21241 r2149824200 p10202
 840005507=157481293+413933142+303780793 i50169 u962094541 u0 t22.12
5705118 5210000 98 3 w47944256 r87089936 m88011418 f21252 r2154230740 p10213
 841485690=157761333+414662556+304313834 i50169 u963790893 u0 t8.399
5716075 5220000 98 4 w48058375 r87368733 m88292002 f21263 r2158791405 p10224
 843029484=158052493+415422655+304870910 i50169 u965560160 u0 t14.602
5727055 5230000 98 3 w48183104 r87644321 m88569445 f21275 r2163300850 p10235
 844560551=158344178+416177255+305421107 i50169 u967314581 u0 t13.702
5738016 5240000 98 3 w48297530 r87911081 m88837973 f21286 r2167694323 p10245
 846066545=158628281+416919636+305964172 i50169 u969039782 u0 t18.951
5748974 5250000 98 3 w48401638 r88170483 m89099083 f21296 r2171938959 p10255
 847520466=158903789+417637160+306486406 i50169 u970706181 u0 t7.746
5759968 5260000 98 3 w48516403 r88430658 m89361065 f21307 r2176192703 p10265
 848970381=159180111+418353381+307005284 i50169 u972368509 u0 t9.793
5770885 5270000 98 3 w48631287 r88694274 m89626537 f21318 r2180494285 p10275
 850425948=159455484+419069898+307530759 i50169 u974036462 u0 t11.013
5781844 5280000 98 3 w48735777 r88956811 m89890877 f21328 r2184761711 p10286
 851880758=159732824+419791600+308049351 i50169 u975704749 u0 t15.304
5792838 5290000 98 3 w48850816 r89222681 m90158533 f21339 r2189127811 p10296
 853370042=160012803+420524871+308588197 i50169 u977410479 u0 t20.719
5803819 5300000 98 4 w48965932 r89488983 m90426596 f21350 r2193456577 p10306
 854850914=160293448+421256427+309119357 i50169 u979108133 u0 t8.031
5814801 5310000 98 3 w49081151 r89749608 m90688937 f21361 r2197719915 p10316
 856312584=160570872+421979139+309642529 i50169 u980783737 u0 t17.851
5825826 5320000 98 4 w49186021 r90020564 m90961689 f21371 r2202112016 p10326
 857808041=160854860+422722350+310174507 i50169 u982498857 u0 t10.233
5836769 5330000 98 3 w49301578 r90295423 m91238466 f21382 r2206547163 p10337
 859308279=161139362+423466552+310710326 i50169 u984219032 u0 t15.019
5847728 5340000 98 3 w49417138 r90558406 m91503168 f21393 r2210823897 p10347
 860774675=161417096+424194679+311233108 i50169 u985900329 u0 t12.025
5858710 5350000 98 3 w49532775 r90824827 m91771324 f21404 r2215161594 p10357
 862262229=161698562+424933931+311762482 i50169 u987605978 u0 t22.188
5869730 5360000 98 4 w49638006 r91082002 m92030132 f21414 r2219332278 p10366
 863677756=161968528+425638980+312263564 i50169 u989229716 u0 t7.816
5880647 5370000 98 3 w49753860 r91351926 m92301798 f21425 r2223744907 p10376
 865197681=162255208+426390455+312809592 i50169 u990971953 u0 t8.207
5891635 5380000 98 3 w49869883 r91620403 m92572048 f21436 r2228114657 p10386
 866692111=162538263+427128065+313346401 i50169 u992684946 u0 t21.957
5902588 5390000 98 3 w49986045 r91900697 m92854202 f21447 r2232642751 p10397
 868219603=162826786+427883969+313893716 i50169 u994435938 u0 t6.676
5913534 5400000 98 3 w50102271 r92173869 m93129193 f21458 r2237078281 p10407
 869733844=163113777+428633916+314436172 i50169 u996171610 u0 t19.861
5924489 5410000 98 3 w50218697 r92450888 m93408070 f21469 r2241569116 p10417
 871284387=163408764+429406719+314985698 i50169 u997950038 u0 t9.687
5935564 5420000 98 3 w50335216 r92727457 m93686453 f21480 r2246028485 p10428
 872803828=163695858+430161816+315527316 i50169 u999692466 u0 t20.734
5946595 5430000 98 3 w50451790 r93013852 m93974720 f21491 r2250652933 p10438
 874374041=163992938+430939196+316088939 i50169 u1001492987 u0 t10.549
5957566 5440000 98 3 w50579164 r93304805 m94267664 f21503 r2255337660 p10449
 875948667=164290095+431724036+316647863 i50169 u1003298521 u0 t7.741
5968610 5450000 98 3 w50695945 r93594176 m94558926 f21514 r2260049272 p10459
 877584772=164593681+432523285+317247977 i50169 u1005170884 u0 t21.814
5979615 5460000 98 3 w50823536 r93880712 m94847317 f21526 r2264698163 p10470
 879199520=164898903+433324996+317824196 i50169 u1007022584 u0 t22.782
5990618 5470000 98 3 w50940677 r94184369 m95153030 f21537 r2269592207 p10481
 880863952=165212712+434148181+318421526 i50169 u1008930139 u0 t9.045
6001592 5480000 98 3 w51079192 r94499270 m95470065 f21550 r2274653485 p10492
 882588289=165535622+435005766+319037165 i50169 u1010906601 u0 t19.347
6012521 5490000 98 3 w51207166 r94808215 m95781009 f21562 r2279634707 p10503
 884279345=165852407+435842053+319646032 i50169 u1012844143 u0 t10.852
6023532 5500000 98 3 w51335244 r95114567 m96089336 f21574 r2284630215 p10514
 886017730=166177725+436698761+320275794 i50169 u1014835236 u0 t10.858
6034529 5510000 98 4 w51474358 r95433523 m96410548 f21587 r2289780009 p10526
 887747714=166498666+437553681+320900610 i50169 u1016816895 u0 t21.823
6045561 5520000 98 3 w51602704 r95744860 m96723969 f21599 r2294811438 p10537
 889467909=166819559+438400408+321524821 i50169 u1018787101 u0 t11.921
6056535 5530000 98 3 w51731295 r96048656 m97029809 f21611 r2299752821 p10547
 891150898=167134109+439230044+322134654 i50169 u1020714766 u0 t19.853
6067584 5540000 98 3 w51859956 r96355972 m97339133 f21623 r2304767056 p10558
 892878185=167454867+440080613+322761767 i50169 u1022692957 u0 t11.561
6078684 5550000 98 3 w51988833 r96655406 m97640620 f21635 r2309632845 p10568
 894541317=167766129+440894615+323369088 i50169 u1024597310 u0 t22.067
6089671 5560000 98 3 w52117809 r96957129 m97944398 f21647 r2314517768 p10579
 896213401=168077310+441718653+323974873 i50169 u1026512850 u0 t8.967
6100615 5570000 98 3 w52236183 r97259025 m98248374 f21658 r2319379949 p10589
 897865329=168382405+442527840+324580099 i50169 u1028403477 u0 t21.724
6111539 5580000 98 3 w52365422 r97564999 m98556408 f21670 r2324293861 p10600
 899538512=168694102+443352059+325186894 i50169 u1030319554 u0 t11.424
6122490 5590000 98 3 w52494819 r97870571 m98864056 f21682 r2329243437 p10611
 901227782=169008307+444182462+325801625 i50169 u1032253661 u0 t11.036
6133442 5600000 98 3 w52624216 r98170164 m99165615 f21694 r2334053772 p10621
 902883469=169317149+444999907+326399835 i50169 u1034150352 u0 t19.526
6144430 5610000 98 3 w52753836 r98475079 m99472598 f21706 r2338943115 p10632
 904536849=169625465+445813474+326999770 i50169 u1036044328 u0 t22.827
6155425 5620000 98 3 w52883511 r98782326 m99781843 f21718 r2343863709 p10642
 906225735=169936457+446644246+327615652 i50169 u1037977866 u0 t17.602
6166380 5630000 98 3 w53002535 r99088421 m100089942 f21729 r2348820958 p10653
 907921002=170249070+447472037+328240503 i50169 u1039917436 u0 t13.957
6177346 5640000 98 3 w53132537 r99391503 m100395085 f21741 r2353716932 p10663
 909597630=170560320+448293451+328853340 i50169 u1041837182 u0 t8.735
6188339 5650000 98 3 w53262534 r99684970 m100690408 f21753 r2358426589 p10673
 911238859=170868043+449102515+329446293 i50169 u1043717505 u0 t10.649
6199296 5660000 98 3 w53381913 r99988424 m100995847 f21764 r2363298413 p10683
 912919236=171180572+449927341+330059168 i50169 u1045641080 u0 t20.205
6210250 5670000 98 3 w53501449 r100288581 m101298038 f21775 r2368096125 p10694
 914562220=171485227+450737010+330655342 i50169 u1047522408 u0 t11.261
6221167 5680000 98 3 w53642809 r100599798 m101611364 f21788 r2373064106 p10704
 916241214=171796339+451564963+331264507 i50169 u1049445044 u0 t20.065
6232193 5690000 98 3 w53762503 r100908444 m101922029 f21799 r2377986093 p10715
 917937276=172110725+452401163+331879430 i50169 u1051387463 u0 t21.623
6243114 5700000 98 3 w53893166 r101211498 m102227028 f21811 r2382863630 p10725
 919648118=172427523+453239163+332505989 i50169 u1053345131 u0 t9.026
6254073 5710000 98 3 w54024040 r101523851 m102541435 f21823 r2387865969 p10735
 921358002=172743284+454077569+333131805 i50169 u1055302572 u0 t15.368
6265015 5720000 98 3 w54144093 r101830703 m102850300 f21834 r2392741020 p10746
 923032730=173055313+454897819+333743919 i50169 u1057219496 u0 t15.011
6276014 5730000 98 3 w54275168 r102127652 m103149206 f21846 r2397463743 p10756
 924653090=173358474+455701361+334325377 i50169 u1059076391 u0 t18.162
6286999 5740000 98 3 w54395476 r102429348 m103452921 f21857 r2402276031 p10766
 926305191=173667219+456521344+334918155 i50169 u1060969752 u0 t11.054
6298011 5750000 98 3 w54526759 r102730137 m103755619 f21869 r2407072956 p10776
 927983267=173979104+457349922+335525033 i50169 u1062891480 u0 t21.432
6308975 5760000 98 3 w54647263 r103046037 m104073567 f21880 r2412119563 p10786
 929720147=174299300+458203541+336159064 i50169 u1064879185 u0 t17.109
6319974 5770000 98 3 w54778888 r103350609 m104380188 f21892 r2416980277 p10796
 931384551=174610225+459021201+336764405 i50169 u1066784451 u0 t14.271
6330997 5780000 98 3 w54910543 r103657488 m104689078 f21904 r2421858010 p10806
 933057737=174918495+459842291+337377384 i50169 u1068699271 u0 t9.488
6342023 5790000 98 3 w55031369 r103962374 m104995953 f21915 r2426699448 p10816
 934715187=175227642+460662847+337973598 i50169 u1070598326 u0 t22.398
6353038 5800000 98 3 w55152348 r104245871 m105281284 f21926 r2431213856 p10825
 936303833=175525507+461445481+338547931 i50169 u1072418225 u0 t16.907
6364053 5810000 98 3 w55273535 r104544908 m105582401 f21937 r2435950052 p10835
 937919526=175828505+462245614+339128170 i50169 u1074269832 u0 t10.943
6375072 5820000 98 3 w55405678 r104851785 m105891240 f21949 r2440798295 p10845
 939566744=176134284+463055957+339727330 i50169 u1076155940 u0 t11.463
6386024 5830000 98 3 w55526930 r105142644 m106183992 f21960 r2445421249 p10855
 941173988=176436340+463839159+340315770 i50169 u1077995265 u0 t17.976
6396912 5840000 98 3 w55648412 r105445131 m106488517 f21971 r2450217428 p10865
 942810393=176742215+464644399+340909038 i50169 u1079869677 u0 t12.673
6407907 5850000 98 3 w55769904 r105738436 m106783739 f21982 r2454847151 p10874
 944407315=177040301+465433572+341484608 i50169 u1081699583 u0 t22.721
6418859 5860000 98 3 w55891450 r106037481 m107084692 f21993 r2459597845 p10884
 946064496=177349297+466246321+342088932 i50169 u1083597093 u0 t11.924
6429878 5870000 98 3 w56013112 r106336266 m107385321 f22004 r2464301806 p10894
 947690454=177653631+467054589+342670160 i50169 u1085461199 u0 t23.566
6440860 5880000 98 3 w56134971 r106624952 m107675927 f22015 r2468844440 p10903
 949239816=177942634+467813671+343235182 i50169 u1087235428 u0 t18.482
6451839 5890000 98 3 w56256858 r106917172 m107970033 f22026 r2473460910 p10912
 950824891=178239942+468593998+343808466 i50169 u1089051078 u0 t12.092
6462899 5900000 98 3 w56378926 r107214458 m108269288 f22037 r2478146761 p10922
 952422731=178539099+469376872+344390780 i50169 u1090880931 u0 t23.263
6473837 5910000 98 3 w56489831 r107497225 m108553774 f22047 r2482641176 p10931
 953992429=178832698+470148183+344960993 i50169 u1092678513 u0 t12.312
6484815 5920000 98 3 w56612097 r107786497 m108844924 f22058 r2487201144 p10940
 955557457=179126595+470918249+345527810 i50169 u1094471386 u0 t11.825
6495784 5930000 98 3 w56734466 r108084354 m109144767 f22069 r2491867245 p10950
 957156026=179426943+471708730+346102775 i50169 u1096303561 u0 t10.367
6506753 5940000 98 3 w56856839 r108375904 m109438137 f22080 r2496463109 p10959
 958731656=179723269+472483885+346672313 i50169 u1098108545 u0 t34.996
6517671 5950000 98 4 w56968295 r108663375 m109727518 f22090 r2501004740 p10968
 960309110=180019161+473254461+347249455 i50169 u1099914036 u0 t13.146
6528600 5960000 98 3 w57090838 r108953179 m110019128 f22101 r2505561160 p10977
 961879230=180316031+474031864+347811744 i50169 u1101713864 u0 t21.616
6539600 5970000 98 3 w57213604 r109247806 m110315696 f22112 r2510210088 p10986
 963468051=180614826+474805676+348393716 i50169 u1103531852 u0 t12.175
6550555 5980000 98 4 w57336503 r109543161 m110613030 f22123 r2514822949 p10996
 965057397=180915023+475592691+348962547 i50169 u1105354101 u0 t14.383
6561522 5990000 98 3 w57448260 r109831987 m110903709 f22133 r2519361307 p11005
 966614565=181206312+476358833+349526708 i50169 u1107137976 u0 t24.453
6572495 6000000 98 3 w57571303 r110113376 m111186885 f22144 r2523776072 p11013
 968142202=181494899+477117011+350071608 i50169 u1108889756 u0 t11.549
6583420 6010000 98 3 w57683322 r110402939 m111478396 f22154 r2528304841 p11023
 969692545=181785107+477877767+350635421 i50169 u1110664969 u0 t19.751
6594346 6020000 98 3 w57795376 r110679790 m111757063 f22164 r2532650586 p11031
 971205931=182069897+478624219+351181850 i50169 u1112399123 u0 t18.133
6605303 6030000 98 3 w57918658 r110965083 m112044143 f22175 r2537135013 p11040
 972760927=182362349+479384025+351749255 i50169 u1114179718 u0 t19.059
6616312 6040000 98 3 w58030881 r111256337 m112337241 f22185 r2541672562 p11049
 974312825=182654884+480154923+352302871 i50169 u1115959711 u0 t22.308
6627298 6050000 98 3 w58154404 r111541993 m112624705 f22196 r2546155267 p11058
 975871313=182948244+480922066+352865947 i50169 u1117745539 u0 t9.452
6638329 6060000 98 3 w58266765 r111818205 m112902638 f22206 r2550473130 p11066
 977367545=183232310+481662363+353400716 i50169 u1119460593 u0 t26.668
6649282 6070000 98 3 w58379281 r112109840 m113196177 f22216 r2555019209 p11075
 978923173=183526142+482433680+353957007 i50169 u1121244179 u0 t13.582
6660175 6080000 98 3 w58503128 r112399620 m113487833 f22227 r2559518332 p11084
 980460847=183816431+483202296+354501212 i50169 u1123008282 u0 t34.969
6671098 6090000 98 3 w58615759 r112683013 m113772987 f22237 r2563936267 p11093
 981996675=184107285+483958175+355054792 i50169 u1124768428 u0 t24.548
6682137 6100000 98 3 w58739804 r112975943 m114067810 f22248 r2568499404 p11102
 983567409=184402933+484730169+355623816 i50169 u1126567494 u0 t9.823
6693037 6110000 98 3 w58841379 r113249451 m114343085 f22257 r2572754804 p11110
 985043903=184682018+485457418+356156494 i50169 u1128259450 u0 t30.345
6703966 6120000 98 3 w58965647 r113535855 m114631366 f22268 r2577201534 p11119
 986565763=184968037+486206463+356707589 i50169 u1130002533 u0 t13.827
6714910 6130000 98 3 w59078627 r113809558 m114906774 f22278 r2581498825 p11127
 988068878=185250597+486943131+357253987 i50169 u1131723533 u0 t10.095
6725879 6140000 98 3 w59191695 r114090109 m115189079 f22288 r2585873591 p11136
 989594355=185540018+487699147+357798504 i50169 u1133472214 u0 t28.896
6736831 6150000 98 3 w59304891 r114371475 m115472262 f22298 r2590262003 p11144
 991097514=185825476+488442436+358337307 i50169 u1135194862 u0 t10.972
6747751 6160000 98 3 w59406826 r114643039 m115745508 f22307 r2594485793 p11153
 992564937=186103376+489172461+358858724 i50169 u1136877981 u0 t17.6
6758675 6170000 98 3 w59520196 r114919103 m116023331 f22317 r2598771794 p11161
 994044786=186384301+489906136+359386617 i50169 u1138575142 u0 t25.921
6769641 6180000 98 3 w59633631 r115194567 m116300554 f22327 r2603042480 p11169
 995522115=186665236+490639648+359911979 i50169 u1140269877 u0 t12.621
6780662 6190000 98 3 w59747047 r115470183 m116577854 f22337 r2607322953 p11177
 997003350=186947018+491375102+360439594 i50169 u1141968406 u0 t29.483
6791651 6200000 98 3 w59860543 r115744171 m116853455 f22347 r2611554065 p11186
 998471541=187226807+492106162+360959598 i50169 u1143652973 u0 t11.845
6802737 6210000 98 3 w59973652 r116028584 m117139551 f22357 r2615956458 p11194
 999991704=187514237+492856994+361504613 i50169 u1145395690 u0 t31.154
6813690 6220000 98 3 w60087387 r116316655 m117429434 f22367 r2620432517 p11203
 1001553187=187806887+493627749+362068163 i50169 u1147184992 u0 t14.84
6824712 6230000 98 3 w60201242 r116600777 m117715330 f22377 r2624859576 p11211
 1003090051=188097078+494385582+362621719 i50169 u1148945766 u0 t12.28
6835868 6240000 98 3 w60315041 r116880594 m117996803 f22387 r2629179819 p11219
 1004598053=188384299+495140784+363151239 i50169 u1150676558 u0 t30.337
6846951 6250000 98 3 w60429168 r117167479 m118285571 f22397 r2633628903 p11228
 1006130282=188672992+495895882+363703758 i50169 u1152432377 u0 t28.755
6857988 6260000 98 3 w60554597 r117454180 m118574002 f22408 r2638089300 p11236
 1007693408=188967185+496668107+364266157 i50169 u1154223373 u0 t11.123
6868994 6270000 98 3 w60668864 r117756605 m118878402 f22418 r2642763364 p11245
 1009293551=189266601+497459580+364841792 i50169 u1156056439 u0 t32.321
6880103 6280000 98 4 w60794610 r118052430 m119176135 f22429 r2647348340 p11254
 1010875076=189562502+498239799+365413046 i50169 u1157867927 u0 t14.571
6891121 6290000 98 3 w60909018 r118337689 m119463241 f22439 r2651759220 p11262
 1012388961=189850084+498991706+365951487 i50169 u1159603906 u0 t29.494
6902258 6300000 98 3 w61023437 r118628056 m119755411 f22449 r2656260625 p11271
 1013952853=190144854+499760077+366517242 i50169 u1161395323 u0 t15.874
6913312 6310000 98 3 w61149411 r118923902 m120053138 f22460 r2660868375 p11279
 1015566902=190447279+500551164+367105378 i50169 u1163243623 u0 t12.481
6924370 6320000 98 3 w61263991 r119232933 m120364023 f22470 r2665675706 p11288
 1017255276=190763019+501380532+367718937 i50169 u1165177246 u0 t31.687
6935396 6330000 98 3 w61401682 r119565679 m120698930 f22482 r2670827312 p11297
 1019009510=191087169+502237441+368363899 i50169 u1167183902 u0 t31.271
6946492 6340000 98 3 w61539377 r119885862 m121021096 f22494 r2675766319 p11307
 1020719530=191408393+503082618+368979378 i50169 u1169143293 u0 t19.029
6957583 6350000 98 3 w61665727 r120200636 m121337801 f22505 r2680667285 p11316
 1022436893=191727149+503925369+369606062 i50169 u1171109007 u0 t25.982
6968660 6360000 98 3 w61803764 r120535946 m121675228 f22517 r2685888129 p11325
 1024237169=192059830+504804563+370268495 i50169 u1173168308 u0 t20.486
6979646 6370000 98 3 w61930391 r120863415 m122004799 f22528 r2690985360 p11334
 1025971771=192383436+505654752+370901566 i50169 u1175153378 u0 t28.423
6990664 6380000 98 3 w62068646 r121203687 m122347258 f22540 r2696284473 p11344
 1027801037=192722077+506554597+371568145 i50169 u1177247441 u0 t37.023
7001617 6390000 98 3 w62207017 r121535348 m122681077 f22552 r2701439831 p11353
 1029585292=193054759+507437251+372211567 i50169 u1179291030 u0 t35.5
7012569 6400000 98 3 w62334001 r121857541 m123005332 f22563 r2706459842 p11362
 1031303512=193373093+508281522+372837649 i50169 u1181257999 u0 t17.235
7023525 6410000 98 3 w62461053 r122167276 m123317086 f22574 r2711298420 p11370
 1032968830=193683334+509101330+373442053 i50169 u1183164908 u0 t32.39
7034431 6420000 98 3 w62588194 r122486407 m123638254 f22585 r2716238030 p11379
 1034658631=193999438+509936655+374051111 i50169 u1185100954 u0 t36.168
7045399 6430000 98 3 w62726996 r122807634 m123961528 f22597 r2721186617 p11388
 1036351685=194315932+510777579+374657656 i50169 u1187040959 u0 t21.629
7056564 6440000 98 3 w62854321 r123136566 m124292541 f22608 r2726266790 p11397
 1038091090=194640747+511637127+375284694 i50169 u1189033388 u0 t19.197
7067503 6450000 98 3 w62981721 r123451385 m124609317 f22619 r2731133149 p11406
 1039772627=194955996+512468064+375890479 i50169 u1190960046 u0 t23.583
7078394 6460000 98 3 w63109349 r123766475 m124926493 f22630 r2735988682 p11415
 1041441682=195271439+513289707+376492233 i50169 u1192871763 u0 t34.98
7089291 6470000 98 3 w63225276 r124061254 m125223080 f22640 r2740535408 p11423
 1043006502=195562455+514056109+377064329 i50169 u1194663032 u0 t16.11
7100203 6480000 98 3 w63353071 r124374189 m125538054 f22651 r2745331943 p11431
 1044666683=195872422+514870152+377668870 i50169 u1196563389 u0 t33.501
7111210 6490000 98 3 w63480853 r124690622 m125856469 f22662 r2750178393 p11440
 1046326499=196182453+515689762+378267868 i50169 u1198464773 u0 t24.23
7122104 6500000 98 3 w63608525 r125006440 m126174190 f22673 r2755048777 p11449
 1048012365=196496077+516516352+378883857 i50169 u1200393839 u0 t36.647
7132992 6510000 98 3 w63736473 r125337987 m126507756 f22684 r2760156159 p11458
 1049777486=196826511+517390814+379517243 i50169 u1202416272 u0 t16.754
7143869 6520000 98 3 w63864531 r125652778 m126824521 f22695 r2764973424 p11467
 1051427049=197136289+518201406+380115833 i50169 u1204304762 u0 t34.29
7154792 6530000 98 3 w63992699 r125960408 m127134077 f22706 r2769684031 p11475
 1053054665=197439930+518996806+380712129 i50169 u1206166995 u0 t23.865
7165724 6540000 98 3 w64120958 r126282011 m127457690 f22717 r2774592455 p11484
 1054729358=197751803+519824649+381316520 i50169 u1208085008 u0 t34.503
7176627 6550000 98 3 w64249296 r126594027 m127771600 f22728 r2779368129 p11492
 1056411158=198063240+520655054+381925811 i50169 u1210010829 u0 t16.783
7187499 6560000 98 3 w64377908 r126928310 m128108086 f22739 r2784464291 p11502
 1058143522=198384666+521509286+382554005 i50169 u1211994434 u0 t36.939
7198402 6570000 98 3 w64506460 r127242128 m128423849 f22750 r2789258528 p11510
 1059807313=198694082+522330026+383156835 i50169 u1213899360 u0 t37.637
7209321 6580000 98 3 w64635100 r127557974 m128741680 f22761 r2794066344 p11519
 1061459219=199002829+523146380+383752570 i50169 u1215791553 u0 t24.374
7220259 6590000 98 3 w64752152 r127862082 m129047648 f22771 r2798700450 p11527
 1063070732=199303484+523944530+384332583 i50169 u1217637757 u0 t26.876
7231198 6600000 98 3 w64880970 r128175553 m129363030 f22782 r2803477602 p11535
 1064729354=199612705+524763433+384932686 i50169 u1219537365 u0 t38.231
7242138 6610000 98 3 w65009968 r128490518 m129680040 f22793 r2808280527 p11544
 1066380850=199919998+525578844+385530066 i50169 u1221428532 u0 t17.914
7253098 6620000 98 3 w65139056 r128808252 m129999777 f22804 r2813138789 p11552
 1068089307=200236151+526405153+386167142 i50169 u1223381018 u0 t36.967
7264064 6630000 98 3 w65268028 r129121222 m130314645 f22815 r2817922897 p11561
 1069756664=200546399+527217508+386781015 i50169 u1225288297 u0 t32.395
7275025 6640000 98 3 w65385482 r129425298 m130620562 f22825 r2822586310 p11569
 1071375918=200848092+528014320+387369336 i50169 u1227142171 u0 t20.908
7285938 6650000 98 4 w65502967 r129731141 m130928205 f22835 r2827230702 p11577
 1072979718=201147611+528803279+387951204 i50169 u1228978380 u0 t30.005
7296863 6660000 98 4 w65632427 r130040364 m131239405 f22846 r2831912450 p11585
 1074591729=201449135+529598761+388533152 i50169 u1230824665 u0 t16.936
7307845 6670000 98 3 w65750045 r130354914 m131555888 f22856 r2836706742 p11594
 1076254662=201758831+530417209+389137614 i50169 u1232728467 u0 t36.359
7318841 6680000 98 3 w65879555 r130665632 m131868534 f22867 r2841417672 p11602
 1077879032=202063882+531224650+389717757 i50169 u1234590290 u0 t36.185
7329826 6690000 98 3 w65997541 r130972513 m132177429 f22877 r2846085585 p11610
 1079492714=202365581+532016794+390304996 i50169 u1236437965 u0 t17.368
7340828 6700000 98 3 w66127313 r131286895 m132493750 f22888 r2850874061 p11618
 1081146962=202673101+532824546+390913024 i50169 u1238330551 u0 t24.905
7351721 6710000 98 3 w66245272 r131586947 m132795638 f22898 r2855404416 p11626
 1082715568=202966279+533602804+391475759 i50169 u1240128164 u0 t37.606
7362715 6720000 98 3 w66363397 r131886913 m133097465 f22908 r2859970292 p11634
 1084304887=203264269+534389924+392046539 i50169 u1241949905 u0 t17.194
7373679 6730000 98 4 w66493454 r132200642 m133413144 f22919 r2864701522 p11642
 1085912250=203563969+535179621+392631609 i50169 u1243790791 u0 t34.238
7384646 6740000 98 3 w66611700 r132505556 m133719894 f22929 r2869295245 p11650
 1087505010=203861874+535967601+393204932 i50169 u1245615644 u0 t44.618
Total lines processed: 6745066
Block Count:8227, 1457001
Avg Block Count:297
Avg Max Count:256, 231, 98
Avg Trie Len:0, 0
Level Count:3
7753473 4
4176400 4
Root filled size: 64
Max word len: 98
Total words generated: 1088317176
Words inserted 50169
Words updated: 1246545234
total_cache_requests:  2871588529
total_cache_misses:  133872101
cache_flush_count:  22934
