Csz: 2, pgsz: 4096
Hello World1: 32768
Hell oWorld
File page count: 0
Hello World: 32768
0
0
Env opened
DB1 opened
Stg buf: 32768kb, Idx1 buf: 32768kb, Idx1+ buf: 16384kb
Idx1 entry count limit: 250 million
10988 10000 0 0 w0 r0 m0 f0 r0 p0
 1501663=280564+736534+546799 i732629 u987122 u0 t3.049
22023 20000 0 0 w0 r0 m0 f0 r0 p0
 2969833=556529+1459387+1077009 i1316180 u2085487 u0 t4.783
Idx1+ lookups: 1911539 
Idx1+ positiv: 66670 
Idx1+ found  : 66670 
33024 30000 0 0 w0 r0 m0 f0 r0 p0
 4455111=837101+2191661+1611754 i1877017 u3226548 u0 t4.311
44043 40000 0 0 w0 r0 m0 f0 r0 p0
 6020851=1126445+2951279+2192551 i2436084 u4457833 u0 t5.325
55121 50000 0 0 w0 r0 m0 f0 r0 p0
 7456147=1398962+3658349+2709577 i2939468 u5599484 u0 t5.275
Idx1+ lookups: 3623723 
Idx1+ positiv: 254165 
Idx1+ found  : 254165 
66115 60000 0 0 w0 r0 m0 f0 r0 p0
 8880851=1666179+4350823+3234648 i3419104 u6749918 u0 t5.121
77117 70000 0 0 w0 r0 m0 f0 r0 p0
 10321935=1938435+5065049+3750268 i3906266 u7914960 u0 t6.336
88102 80000 0 0 w0 r0 m0 f0 r0 p0
 11700254=2200704+5742595+4246944 i4363213 u9037806 u0 t5.372
Idx1+ lookups: 5324356 
Idx1+ positiv: 502845 
Idx1+ found  : 502845 
99095 90000 0 0 w0 r0 m0 f0 r0 p0
 13136962=2468232+6447219+4770729 i4834869 u10211527 u0 t5.314
110113 100000 0 0 w0 r0 m0 f0 r0 p0
 14567887=2739132+7154639+5283726 i5290840 u11395752 u0 t5.608
121109 110000 0 0 w0 r0 m0 f0 r0 p0
 15979341=3006343+7853621+5788507 i5744072 u12560404 u0 t5.774
Idx1+ lookups: 6961308 
Idx1+ positiv: 778615 
Idx1+ found  : 778615 
132028 120000 0 0 w0 r0 m0 f0 r0 p0
 17529576=3286631+8592403+6381321 i6202530 u13870471 u0 t6.658
142990 130000 0 0 w0 r0 m0 f0 r0 p0
 18983246=3562515+9313266+6900099 i6652150 u15087377 u0 t11.996
153925 140000 0 0 w0 r0 m0 f0 r0 p0
 20471021=3841520+10053635+7429782 i7107103 u16337894 u0 t6.577
Idx1+ lookups: 8618022 
Idx1+ positiv: 1096071 
Idx1+ found  : 1096071 
164855 150000 0 0 w0 r0 m0 f0 r0 p0
 21979188=4125986+10799401+7971072 i7567835 u17605454 u0 t14.908
175812 160000 0 0 w0 r0 m0 f0 r0 p0
 23581702=4417062+11563939+8582289 i8035915 u18965547 u0 t13.346
186797 170000 0 0 w0 r0 m0 f0 r0 p0
 25057302=4694184+12294315+9112151 i8483630 u20209360 u0 t9.744
Idx1+ lookups: 10262893 
Idx1+ positiv: 1443975 
Idx1+ found  : 1443975 
197847 180000 0 0 w0 r0 m0 f0 r0 p0
 26591014=4977448+13039031+9681211 i8936396 u21510058 u0 t9.15
208776 190000 0 0 w0 r0 m0 f0 r0 p0
 28103392=5261528+13786971+10225271 i9389016 u22790724 u0 t6.995
219728 200000 0 0 w0 r0 m0 f0 r0 p0
 29608450=5546129+14533215+10762856 i9830477 u24075187 u0 t7.15
Idx1+ lookups: 11938447 
Idx1+ positiv: 1831993 
Idx1+ found  : 1831993 
230584 210000 0 0 w0 r0 m0 f0 r0 p0
 31172079=5839074+15306099+11325356 i10287305 u25409728 u0 t7.36
241548 220000 0 0 w0 r0 m0 f0 r0 p0
 32679763=6122575+16050615+11868600 i10728860 u26695809 u0 t23.237
252514 230000 0 0 w0 r0 m0 f0 r0 p0
 34277699=6416178+16828359+12459598 i11188994 u28062718 u0 t12.445
Idx1+ lookups: 13626149 
Idx1+ positiv: 2244998 
Idx1+ found  : 2244998 
263483 240000 0 0 w0 r0 m0 f0 r0 p0
 35775557=6699007+17569616+12996180 i11625823 u29342837 u0 t11.032
274496 250000 0 0 w0 r0 m0 f0 r0 p0
 37306382=6986514+18328557+13544391 i12066772 u30656219 u0 t7.954
285461 260000 0 0 w0 r0 m0 f0 r0 p0
 38798460=7268992+19071624+14074163 i12494982 u31939300 u0 t8.07
Idx1+ lookups: 15323267 
Idx1+ positiv: 2686406 
Idx1+ found  : 2686406 
296415 270000 0 0 w0 r0 m0 f0 r0 p0
 40286808=7549046+19806127+14610350 i12922085 u33217611 u0 t7.871
307437 280000 0 0 w0 r0 m0 f0 r0 p0
 41792998=7832777+20553957+15148521 i13350292 u34516184 u0 t29.273
318462 290000 0 0 w0 r0 m0 f0 r0 p0
 43396945=8135807+21348388+15722664 i13806455 u35898383 u0 t13.683
Idx1+ lookups: 17030926 
Idx1+ positiv: 3149778 
Idx1+ found  : 3149778 
329483 300000 0 0 w0 r0 m0 f0 r0 p0
 45023838=8442695+22162598+16297392 i14273166 u37298170 u0 t10.551
340525 310000 0 0 w0 r0 m0 f0 r0 p0
 46611522=8738490+22941883+16875435 i14719085 u38669830 u0 t9.654
Idx1+ lookups: 18738230 
Idx1+ positiv: 3621389 
Idx1+ found  : 3621389 
351480 320000 0 0 w0 r0 m0 f0 r0 p0
 48197495=9039364+23732513+17435864 i15165470 u40042326 u0 t21.076
362496 330000 0 0 w0 r0 m0 f0 r0 p0
 49733153=9330690+24494894+17981449 i15594735 u41373894 u0 t11.617
373551 340000 0 0 w0 r0 m0 f0 r0 p0
 51290525=9626489+25266085+18538210 i16032087 u42722206 u0 t22.546
Idx1+ lookups: 20453171 
Idx1+ positiv: 4113916 
Idx1+ found  : 4113916 
384689 350000 0 0 w0 r0 m0 f0 r0 p0
 52864093=9922506+26034770+19112787 i16473288 u44082729 u0 t10.148
395874 360000 0 0 w0 r0 m0 f0 r0 p0
 54482814=10222227+26820615+19712099 i16929367 u45477765 u0 t32.874
406862 370000 0 0 w0 r0 m0 f0 r0 p0
 56129529=10531411+27615260+20322783 i17391147 u46898946 u0 t17.135
Idx1+ lookups: 22183128 
Idx1+ positiv: 4615747 
Idx1+ found  : 4615747 
417894 380000 0 0 w0 r0 m0 f0 r0 p0
 57712939=10827913+28389797+20900694 i17836066 u48266696 u0 t11.144
428912 390000 0 0 w0 r0 m0 f0 r0 p0
 59270425=11119317+29151504+21469881 i18270779 u49614812 u0 t18.835
439874 400000 0 0 w0 r0 m0 f0 r0 p0
 60804875=11404852+29899292+22034731 i18692192 u50948956 u0 t11.238
Idx1+ lookups: 23914578 
Idx1+ positiv: 5133904 
Idx1+ found  : 5133904 
450859 410000 0 0 w0 r0 m0 f0 r0 p0
 62351122=11693776+30659561+22596197 i19124555 u52287500 u0 t10.417
461847 420000 0 0 w0 r0 m0 f0 r0 p0
 63850824=11975377+31395903+23140104 i19539607 u53589985 u0 t20.128
472807 430000 0 0 w0 r0 m0 f0 r0 p0
 65444263=12275975+32177959+23717696 i19976861 u54977586 u0 t11.089
Idx1+ lookups: 25657520 
Idx1+ positiv: 5669646 
Idx1+ found  : 5669646 
483790 440000 0 0 w0 r0 m0 f0 r0 p0
 67052753=12576164+32971980+24298942 i20419610 u56377655 u0 t16.918
494708 450000 0 0 w0 r0 m0 f0 r0 p0
 68705880=12884577+33787893+24895987 i20868524 u57822283 u0 t15.639
Idx1+ lookups: 27403260 
Idx1+ positiv: 6223991 
Idx1+ found  : 6223991 
505590 460000 0 0 w0 r0 m0 f0 r0 p0
 70357917=13192981+34603737+25491973 i21317713 u59266073 u0 t11.769
516566 470000 0 0 w0 r0 m0 f0 r0 p0
 71996869=13498910+35407294+26089306 i21757299 u60702214 u0 t22.442
527520 480000 0 0 w0 r0 m0 f0 r0 p0
 73651210=13807158+36223256+26687956 i22205092 u62148935 u0 t12.884
Idx1+ lookups: 29143942 
Idx1+ positiv: 6787180 
Idx1+ found  : 6787180 
538466 490000 0 0 w0 r0 m0 f0 r0 p0
 75328397=14119122+37045202+27301246 i22656912 u63616659 u0 t22.816
549399 500000 0 0 w0 r0 m0 f0 r0 p0
 77031657=14444781+37880830+27920554 i23113249 u65110632 u0 t15.118
Idx1+ lookups: 30889874 
Idx1+ positiv: 7365430 
Idx1+ found  : 7365430 
560288 510000 0 0 w0 r0 m0 f0 r0 p0
 78691897=14755244+38702032+28518770 i23554355 u66571634 u0 t12.654
571192 520000 0 0 w0 r0 m0 f0 r0 p0
 80360592=15064921+39523583+29124866 i24001344 u68035123 u0 t27.737
582148 530000 0 0 w0 r0 m0 f0 r0 p0
 82044094=15379373+40351252+29736631 i24447914 u69516489 u0 t13.048
Idx1+ lookups: 32636533 
Idx1+ positiv: 7952672 
Idx1+ found  : 7952672 
593039 540000 0 0 w0 r0 m0 f0 r0 p0
 83778969=15700366+41200465+30372728 i24899734 u71049741 u0 t32.905
604123 550000 0 0 w0 r0 m0 f0 r0 p0
 85301577=15986949+41941190+30932366 i25296658 u72395314 u0 t22.666
615220 560000 0 0 w0 r0 m0 f0 r0 p0
 86603175=16234528+42588345+31398769 i25645743 u73539247 u0 t10.458
Idx1+ lookups: 34370139 
Idx1+ positiv: 8540259 
Idx1+ found  : 8540259 
626410 570000 0 0 w0 r0 m0 f0 r0 p0
 87874733=16473215+43206126+31867990 i25977087 u74662757 u0 t23.442
637646 580000 0 0 w0 r0 m0 f0 r0 p0
 89107118=16707388+43808787+32316445 i26295790 u75755889 u0 t11.643
648847 590000 0 0 w0 r0 m0 f0 r0 p0
 90412613=16951660+44441753+32801313 i26620959 u76923633 u0 t12.501
660023 600000 0 0 w0 r0 m0 f0 r0 p0
 91570950=17172097+45004553+33225573 i26915253 u77955938 u0 t23.121
Idx1+ lookups: 36069350 
Idx1+ positiv: 9125310 
Idx1+ found  : 9125310 
671169 610000 0 0 w0 r0 m0 f0 r0 p0
 92720559=17392089+45568160+33643035 i27208751 u78980110 u0 t13.142
682330 620000 0 0 w0 r0 m0 f0 r0 p0
 93872563=17614200+46130772+34061676 i27501429 u80007396 u0 t24.037
693457 630000 0 0 w0 r0 m0 f0 r0 p0
 95117609=17848307+46742027+34515831 i27814270 u81119688 u0 t11.039
Idx1+ lookups: 37771839 
Idx1+ positiv: 9724731 
Idx1+ found  : 9724731 
704731 640000 0 0 w0 r0 m0 f0 r0 p0
 96356521=18079814+47339736+34977384 i28121166 u82229506 u0 t11.626
715916 650000 0 0 w0 r0 m0 f0 r0 p0
 97508742=18300176+47903789+35395975 i28406351 u83265050 u0 t22.53
727122 660000 0 0 w0 r0 m0 f0 r0 p0
 98740979=18534472+48502649+35847850 i28710581 u84371797 u0 t23.009
738273 670000 0 0 w0 r0 m0 f0 r0 p0
 99944384=18763831+49088470+36288017 i29009102 u85452209 u0 t10.141
Idx1+ lookups: 39464902 
Idx1+ positiv: 10341988 
Idx1+ found  : 10341988 
749495 680000 0 0 w0 r0 m0 f0 r0 p0
 101110633=18988146+49655129+36713799 i29295687 u86502085 u0 t9.869
760693 690000 0 0 w0 r0 m0 f0 r0 p0
 102322772=19218634+50241042+37161215 i29597606 u87587705 u0 t22.997
771972 700000 0 0 w0 r0 m0 f0 r0 p0
 103533405=19447840+50827756+37607308 i29897320 u88674141 u0 t24.413
783287 710000 0 0 w0 r0 m0 f0 r0 p0
 104707169=19672297+51400620+38034532 i30187981 u89728387 u0 t10.277
Idx1+ lookups: 41167132 
Idx1+ positiv: 10961019 
Idx1+ found  : 10961019 
794503 720000 0 0 w0 r0 m0 f0 r0 p0
 105884077=19899080+51986529+38454138 i30484393 u90782935 u0 t9.912
805629 730000 0 0 w0 r0 m0 f0 r0 p0
 107102606=20129008+52567936+38912857 i30784785 u91875300 u0 t23.126
816809 740000 0 0 w0 r0 m0 f0 r0 p0
 108260442=20346670+53116721+39353020 i31063829 u92918091 u0 t20.726
Idx1+ lookups: 42865276 
Idx1+ positiv: 11590508 
Idx1+ found  : 11590508 
827890 750000 0 0 w0 r0 m0 f0 r0 p0
 109450263=20570289+53679196+39809019 i31352981 u93987172 u0 t17.278
839058 760000 0 0 w0 r0 m0 f0 r0 p0
 110562747=20782639+54214127+40221777 i31620192 u94993205 u0 t14.703
850231 770000 0 0 w0 r0 m0 f0 r0 p0
 111752686=21007204+54789950+40662024 i31911832 u96063102 u0 t10.875
861324 780000 0 0 w0 r0 m0 f0 r0 p0
 112864986=21220423+55328425+41070963 i32186742 u97061835 u0 t9.189
Idx1+ lookups: 44569863 
Idx1+ positiv: 12224678 
Idx1+ found  : 12224678 
872344 790000 0 0 w0 r0 m0 f0 r0 p0
 114010109=21439524+55879572+41494848 i32459515 u98100041 u0 t23.076
883522 800000 0 0 w0 r0 m0 f0 r0 p0
 115161048=21660061+56435512+41919053 i32734766 u99142592 u0 t22.819
894714 810000 0 0 w0 r0 m0 f0 r0 p0
 116268533=21873210+56964926+42332738 i33003900 u100140572 u0 t17.549
905844 820000 0 0 w0 r0 m0 f0 r0 p0
 117391478=22087870+57507981+42746335 i33271939 u101158006 u0 t13.877
Idx1+ lookups: 46257458 
Idx1+ positiv: 12865329 
Idx1+ found  : 12865329 
916882 830000 0 0 w0 r0 m0 f0 r0 p0
 118666012=22330007+58123971+43219027 i33587547 u102300671 u0 t22.66
927964 840000 0 0 w0 r0 m0 f0 r0 p0
 119859814=22558740+58706062+43653178 i33882590 u103373769 u0 t23.741
939033 850000 0 0 w0 r0 m0 f0 r0 p0
 121120097=22797057+59316939+44117540 i34192756 u104506318 u0 t13.09
Idx1+ lookups: 47994168 
Idx1+ positiv: 13519835 
Idx1+ found  : 13519835 
950128 860000 0 0 w0 r0 m0 f0 r0 p0
 122354161=23032142+59920770+44564945 i34498917 u105614132 u0 t23.741
961260 870000 0 0 w0 r0 m0 f0 r0 p0
 123573714=23265156+60513662+45010532 i34798097 u106711505 u0 t39.818
972424 880000 0 0 w0 r0 m0 f0 r0 p0
 124788336=23496396+61098156+45461081 i35096160 u107803055 u0 t76.192
983571 890000 0 0 w0 r0 m0 f0 r0 p0
 125999548=23725782+61687928+45904551 i35396104 u108889760 u0 t118.089
Idx1+ lookups: 49733513 
Idx1+ positiv: 14184855 
Idx1+ found  : 14184855 
994789 900000 0 0 w0 r0 m0 f0 r0 p0
 127172823=23948729+62252858+46339682 i35679752 u109948751 u0 t131.756
Total lines processed: 901243
Block Count:1, 127
Avg Block Count:393757 = 50007143 / 127
Avg Max Count:0, 9337, 115
Level Count:2
883242 5
470725 5
Max word len: 115
Total words generated: 127325220
Words inserted 35717013
Words updated: 110086025
OUBLK INBLK
    -     -
rchar: 217211711
wchar: 42226857713
syscr: 1893
syscw: 8687287
read_bytes: 26192424960
write_bytes: 42231894016
cancelled_write_bytes: 0
51150488
82484160
