Csz: 2, pgsz: 4096
10988 10000 1501663=280564+736534+546799 732629 11543895 1.9807
22023 20000 2969833=556529+1459387+1077009 1316180 21605672 2.5044
33024 30000 4455111=837101+2191661+1611754 1877017 31525463 2.72525
44043 40000 6020851=1126445+2951279+2192551 2436084 41547497 3.11265
55121 50000 7456147=1398962+3658349+2709577 2939468 50664844 3.22934
66115 60000 8880851=1666179+4350823+3234648 3419104 59428450 3.37624
77117 70000 10321935=1938435+5065049+3750268 3906266 68364852 3.65509
88102 80000 11700254=2200704+5742595+4246944 4363213 76766243 3.67529
99095 90000 13136962=2468232+6447219+4770729 4834869 85458794 3.98638
110113 100000 14567887=2739132+7154639+5283726 5290840 93987869 4.12604
121109 110000 15979341=3006343+7853621+5788507 5744072 102460299 4.33609
132028 120000 17529576=3286631+8592403+6381321 6202530 111093727 4.65369
142990 130000 18983246=3562515+9313266+6900099 6652150 119602915 11.6466
153925 140000 20471021=3841520+10053635+7429782 7107103 128240039 8.1926
164855 150000 21979188=4125986+10799401+7971072 7567835 137004718 5.15448
175812 160000 23581702=4417062+11563939+8582289 8035915 145919156 5.4995
186797 170000 25057302=4694184+12294315+9112151 8483630 154453053 9.35896
197847 180000 26591014=4977448+13039031+9681211 8936396 163109394 10.2861
208776 190000 28103392=5261528+13786971+10225271 9389016 171760358 5.75516
219728 200000 29608450=5546129+14533215+10762856 9830477 180266986 5.9504
230584 210000 31172079=5839074+15306099+11325356 10287305 189054973 6.1366
241548 220000 32679763=6122575+16050615+11868600 10728860 197558344 13.7308
252514 230000 34277699=6416178+16828359+12459598 11188994 206423300 6.53233
263483 240000 35775557=6699007+17569616+12996180 11625823 214839142 6.52306
274496 250000 37306382=6986514+18328557+13544391 12066772 223432982 6.54036
285461 260000 38798460=7268992+19071624+14074163 12494982 231764789 12.2779
296415 270000 40286808=7549046+19806127+14610350 12922085 240045060 6.82119
307437 280000 41792998=7832777+20553957+15148521 13350292 248384698 6.9719
318462 290000 43396945=8135807+21348388+15722664 13806455 257240696 7.23784
329483 300000 45023838=8442695+22162598+16297392 14273166 266366544 18.867
340525 310000 46611522=8738490+22941883+16875435 14719085 275018390 7.6357
351480 320000 48197495=9039364+23732513+17435864 15165470 283676419 7.67547
362496 330000 49733153=9330690+24494894+17981449 15594735 292042670 8.5947
373551 340000 51290525=9626489+25266085+18538210 16032087 300543953 14.6107
384689 350000 52864093=9922506+26034770+19112787 16473288 309152854 7.89691
395874 360000 54482814=10222227+26820615+19712099 16929367 318034561 8.08981
406862 370000 56129529=10531411+27615260+20322783 17391147 327009160 20.0991
417894 380000 57712939=10827913+28389797+20900694 17836066 335671089 8.21444
428912 390000 59270425=11119317+29151504+21469881 18270779 344161393 8.21037
439874 400000 60804875=11404852+29899292+22034731 18692192 352368883 18.1546
450859 410000 62351122=11693776+30659561+22596197 19124555 360791583 8.34387
461847 420000 63850824=11975377+31395903+23140104 19539607 368888412 8.29776
472807 430000 65444263=12275975+32177959+23717696 19976861 377455004 20.0672
483790 440000 67052753=12576164+32971980+24298942 20419610 386160113 8.84277
494708 450000 68705880=12884577+33787893+24895987 20868524 395040197 8.94224
505590 460000 70357917=13192981+34603737+25491973 21317713 403935647 19.8482
516566 470000 71996869=13498910+35407294+26089306 21757299 412677761 9.15729
527520 480000 73651210=13807158+36223256+26687956 22205092 421528300 11.5474
538466 490000 75328397=14119122+37045202+27301246 22656912 430436577 14.161
549399 500000 77031657=14444781+37880830+27920554 23113249 439441205 10.0559
560288 510000 78691897=14755244+38702032+28518770 23554355 448199696 18.719
571192 520000 80360592=15064921+39523583+29124866 24001344 457112525 10.1589
582148 530000 82044094=15379373+40351252+29736631 24447914 466002807 20.9303
593039 540000 83778969=15700366+41200465+30372728 24899734 475065661 9.89841
604123 550000 85301577=15986949+41941190+30932366 25296658 482910649 21.485
615220 560000 86603175=16234528+42588345+31398769 25645743 489648701 8.87356
626410 570000 87874733=16473215+43206126+31867990 25977087 496163655 17.1584
637646 580000 89107118=16707388+43808787+32316445 26295790 502422779 9.78934
648847 590000 90412613=16951660+44441753+32801313 26620959 508745964 9.77064
660023 600000 91570950=17172097+45004553+33225573 26915253 514531736 19.2067
671169 610000 92720559=17392089+45568160+33643035 27208751 520300290 9.29551
682330 620000 93872563=17614200+46130772+34061676 27501429 526016615 15.0522
693457 630000 95117609=17848307+46742027+34515831 27814270 532132649 11.2145
704731 640000 96356521=18079814+47339736+34977384 28121166 538208328 9.13217
715916 650000 97508742=18300176+47903789+35395975 28406351 543834815 16.7996
727122 660000 98740979=18534472+48502649+35847850 28710581 549855138 9.01855
738273 670000 99944384=18763831+49088470+36288017 29009102 555751325 14.6326
749495 680000 101110633=18988146+49655129+36713799 29295687 561377222 10.6249
760693 690000 102322772=19218634+50241042+37161215 29597606 567321543 19.4056
771972 700000 103533405=19447840+50827756+37607308 29897320 573282257 8.16134
783287 710000 104707169=19672297+51400620+38034532 30187981 579020364 8.08373
794503 720000 105884077=19899080+51986529+38454138 30484393 584793941 28.4218
805629 730000 107102606=20129008+52567936+38912857 30784785 590708486 10.2264
816809 740000 108260442=20346670+53116721+39353020 31063829 596202957 21.9745
827890 750000 109450263=20570289+53679196+39809019 31352981 601790678 10.0089
839058 760000 110562747=20782639+54214127+40221777 31620192 607069711 21.8432
850231 770000 111752686=21007204+54789950+40662024 31911832 612817632 10.1604
861324 780000 112864986=21220423+55328425+41070963 32186742 618200434 9.38089
872344 790000 114010109=21439524+55879572+41494848 32459515 623609187 19.125
883522 800000 115161048=21660061+56435512+41919053 32734766 629067257 9.80373
894714 810000 116268533=21873210+56964926+42332738 33003900 634404067 9.39681
905844 820000 117391478=22087870+57507981+42746335 33271939 639733097 18.6167
916882 830000 118666012=22330007+58123971+43219027 33587547 645891933 9.58394
927964 840000 119859814=22558740+58706062+43653178 33882590 651711754 20.1882
939033 850000 121120097=22797057+59316939+44117540 34192756 657892158 8.81719
950128 860000 122354161=23032142+59920770+44564945 34498917 663986621 8.71571
961260 870000 123573714=23265156+60513662+45010532 34798097 669905640 8.65021
972424 880000 124788336=23496396+61098156+45461081 35096160 675790959 9.09247
983571 890000 125999548=23725782+61687928+45904551 35396104 681749039 14.3407
994789 900000 127172823=23948729+62252858+46339682 35679752 687387343 8.87778
1005944 910000 128418184=24183935+62848114+46805458 35967836 693079842 9.03597
1017100 920000 129545948=24400080+63392506+47221135 36239862 698445938 16.5558
1028294 930000 130643767=24609789+63922720+47625923 36504981 703675500 8.28809
1039422 940000 131802756=24830099+64485884+48050761 36784916 709234703 8.6879
1050473 950000 132969366=25052197+65053534+48476717 37064028 714790142 14.3335
1061568 960000 134157706=25282050+65633678+48906915 37340582 720258575 8.53926
1072599 970000 135407467=25517546+66234964+49372288 37632577 726065494 15.2363
1083733 980000 136514372=25732860+66779076+49768190 37896973 731297712 8.51577
1094785 990000 137634416=25949068+67323878+50175892 38165855 736629552 8.47791
1105876 1000000 138781015=26169464+67886377+50589434 38439704 742107646 14.7517
1117034 1010000 139902328=26386172+68433488+50996382 38709598 747471995 8.44612
1128112 1020000 141036705=26605393+68991950+51402445 38983317 752908183 9.32278
1139060 1030000 142284153=26846201+69605267+51850081 39289013 758999691 12.008
1150007 1040000 143675917=27111664+70284235+52356962 39628114 765804967 9.50384
1160894 1050000 145112849=27383007+70990985+52876373 39982857 772936140 18.1017
1171814 1060000 146493466=27645470+71670517+53373699 40324150 779789688 10.1116
1182789 1070000 147885946=27910737+72358778+53871861 40668143 786694607 16.3344
1193726 1080000 149248573=28170852+73028966+54362303 41002305 793398207 10.2355
1204582 1090000 150675635=28443408+73739146+54868607 41358116 800511871 9.68292
1215452 1100000 152122476=28719425+74451995+55388560 41709898 807583042 12.65
1226363 1110000 153617858=29001917+75190527+55926027 42075957 814970188 8.68874
1237247 1120000 155054261=29275805+75901339+56439032 42426773 822009416 32.8964
1248176 1130000 156519680=29555003+76624493+56964331 42785721 829215191 10.1003
1259068 1140000 157977948=29830686+77346072+57486978 43143837 836467196 16.0776
1269968 1150000 159450172=30110531+78082271+58007477 43509450 843767037 9.46885
1280888 1160000 160907827=30387286+78807042+58526230 43872376 851052675 17.4503
1291754 1170000 162377563=30666293+79535830+59050443 44234308 858333683 10.8507
1302652 1180000 163860539=30948696+80270902+59578840 44594235 865601191 16.9026
1313613 1190000 165342572=31230146+81006856+60107044 44959732 872945590 11.3741
1324596 1200000 166825257=31511423+81745045+60633294 45321678 880273118 16.7082
1335456 1210000 168344658=31799164+82499352+61175129 45695473 887810505 11.0144
1346441 1220000 169903116=32093687+83267629+61736463 46069571 895401121 34.0038
1357399 1230000 171459885=32386736+84039990+62292707 46446578 903044027 10.6548
1368385 1240000 173068172=32689518+84834892+62871465 46833304 910909387 19.5125
1379469 1250000 174698505=32994406+85643477+63455849 47230695 919005014 12.1558
1390543 1260000 176336577=33299469+86446427+64054269 47623979 926997747 17.4057
1401635 1270000 177964524=33605748+87254333+64636272 48023094 935107721 11.6194
1412662 1280000 179568697=33910264+88055050+65203459 48414730 943054594 19.6927
1423732 1290000 181168959=34210477+88845071+65780281 48803701 950976919 12.3659
1434749 1300000 182828415=34519798+89661203+66382737 49206800 959191128 18.0999
1445738 1310000 184513810=34836400+90488851+66994851 49619977 967529481 12.1976
1456743 1320000 186190777=35151296+91313453+67602831 50028236 975791584 18.1443
1467716 1330000 187946945=35480337+92177165+68239998 50452742 984421833 12.3529
1478847 1340000 189697299=35804419+93033522+68881740 50879599 993093437 18.2972
1489858 1350000 191414728=36125132+93880640+69503264 51304578 1001659633 18.1225
1500812 1360000 193066497=36431463+94688311+70109152 51712637 1009862077 12.1726
1511816 1370000 194750555=36746208+95519892+70716925 52120560 1018135555 19.3073
1522795 1380000 196383374=37050140+96326851+71306199 52520689 1026211194 12.0506
1533703 1390000 198040225=37358448+97143117+71907133 52930020 1034430404 18.9577
1544569 1400000 199683285=37667316+97956179+72496990 53328722 1042518034 12.9303
1555499 1410000 201439474=37995459+98821930+73132258 53752784 1051167930 20.9133
1566395 1420000 203165083=38317565+99678555+73751000 54169463 1059693008 25.5801
1577238 1430000 204894416=38640361+100537132+74371288 54592106 1068270122 12.9497
1588118 1440000 206627102=38964282+101395438+74993454 55013351 1076849061 23.961
1598949 1450000 208394406=39292777+102268869+75631799 55438725 1085551708 15.6036
1609797 1460000 210170319=39622403+103146362+76274190 55865198 1094277304 22.5057
1620630 1470000 211921170=39952135+104017109+76898673 56281940 1102800337 13.988
1631477 1480000 213670627=40279217+104881983+77529055 56703093 1111389729 21.7338
1642373 1490000 215467929=40615467+105772455+78174765 57130423 1120135245 16.4162
1653233 1500000 217268084=40950561+106663886+78823410 57559234 1128919416 20.9249
1664130 1510000 219046446=41280963+107539800+79469044 57979414 1137532452 31.4267
1675034 1520000 220835404=41612975+108422057+80117534 58403564 1146223766 20.1823
1685958 1530000 222654573=41950493+109317901+80778379 58831532 1155046688 27.3742
1696847 1540000 224442361=42281602+110193885+81432689 59253839 1163715634 27.0477
1707676 1550000 226272742=42619605+111095368+82098625 59687831 1172629652 16.903
1718573 1560000 228104597=42957580+111994802+82768470 60119120 1181522909 25.8667
1729487 1570000 229880904=43285461+112866746+83417917 60535141 1190090153 16.4322
1740347 1580000 231680629=43618172+113748000+84077370 60957435 1198789806 25.3426
1751207 1590000 233507773=43956640+114647778+84741743 61386971 1207618332 24.4021
1762023 1600000 235283992=44287479+115526027+85382484 61804603 1216166786 15.4098
1772878 1610000 237058062=44615710+116394367+86032989 62221538 1224731554 27.5448
1783723 1620000 238817123=44942446+117265322+86667096 62634279 1233236437 17.0217
1794607 1630000 240593085=45270791+118136276+87316392 63050348 1241815272 20.5961
1805498 1640000 242382851=45602364+119021975+87963254 63469245 1250454062 25.0338
1816421 1650000 244178822=45933915+119909627+88614033 63894187 1259172770 16.1078
1827273 1660000 245982710=46268214+120794044+89273491 64317518 1267840257 28.3229
1838160 1670000 247787451=46603036+121681664+89930178 64744095 1276604218 26.869
1849005 1680000 249559255=46929845+122549529+90579632 65155713 1285117181 15.2846
1859879 1690000 251260145=47246311+123393055+91190935 65554463 1293329427 27.6137
1870739 1700000 253019866=47573526+124267404+91822433 65965082 1301784172 15.6042
1881698 1710000 254708896=47889282+125101992+92431807 66357118 1309802787 25.9647
1892578 1720000 256422005=48209762+125948816+93049301 66754510 1317942272 27.6547
1903425 1730000 258151069=48531128+126803006+93675093 67155597 1326213815 14.5885
1914319 1740000 259943293=48864688+127681881+94330331 67569960 1334721795 27.9845
1925121 1750000 261669165=49186851+128536860+94951071 67971520 1342988742 19.5384
1936035 1760000 263458272=49520220+129423171+95595224 68393201 1351619612 22.3747
1946942 1770000 265176789=49839955+130265313+96222788 68783714 1359696020 27.0784
1957829 1780000 266880264=50159017+131109725+96834255 69177597 1367826830 16.0877
1968722 1790000 268620330=50482904+131964281+97468130 69581489 1376158366 27.4598
1979581 1800000 270290901=50794936+132785153+98075566 69970317 1384122300 24.1538
1990482 1810000 271956658=51106210+133601567+98683140 70349641 1391953591 17.4146
2001382 1820000 273619806=51416038+134416362+99290731 70737453 1399884141 27.4974
2012247 1830000 275314039=51732959+135250341+99905069 71125264 1407851418 16.5626
2023129 1840000 276988681=52045651+136073996+100513202 71509557 1415747937 28.2463
2034053 1850000 278712839=52368393+136923507+101136969 71903598 1423884065 28.4807
2044917 1860000 280377963=52680583+137747044+101736334 72282457 1431702485 19.0978
2055814 1870000 282051802=52992861+138572889+102341908 72675172 1439734202 30.4231
2066728 1880000 283706575=53302261+139390750+102938592 73052613 1447547852 19.3738
2077660 1890000 285366456=53613913+140212111+103535051 73432074 1455375918 32.2645
2088614 1900000 287041683=53926943+141034038+104145361 73817355 1463279117 31.8994
2099586 1910000 288744872=54243674+141871300+104765300 74204156 1471268465 21.7049
2110524 1920000 290369429=54549228+142670505+105353600 74573775 1478901263 33.0662
2121483 1930000 292052012=54864406+143501540+105960075 74961801 1486894857 21.7438
2132440 1940000 293694209=55170737+144308922+106557063 75338238 1494633194 32.4646
2143340 1950000 295367367=55483485+145131769+107164705 75720385 1502519237 33.0181
2154286 1960000 296988492=55788240+145928869+107751862 76087692 1510087358 31.0645
2165157 1970000 298540929=56079143+146690357+108316845 76438378 1517296249 20.5912
2176142 1980000 300107779=56372925+147461885+108884153 76793491 1524614769 30.6585
2187090 1990000 301747104=56679040+148271317+109476291 77171753 1532384254 32.5411
2198031 2000000 303313534=56973518+149044964+110040236 77529368 1539754046 23.0514
2208970 2010000 304880489=57266755+149814873+110609645 77881008 1547035224 33.4977
2219875 2020000 306462247=57567650+150599483+111174164 78238641 1554423140 35.5082
2230717 2030000 307973208=57852647+151350438+111712938 78578601 1561455572 33.6617
2241553 2040000 309500999=58140654+152109616+112258442 78928211 1568665549 29.7965
2252478 2050000 311045082=58431999+152874154+112812027 79281285 1575926848 30.0789
2263400 2060000 312587791=58722721+153634268+113368895 79629608 1583093051 34.809
2274335 2070000 314133465=59013694+154399081+113923838 79976850 1590254976 33.0095
2285238 2080000 315607372=59292392+155123819+114456386 80305941 1597020245 22.351
2296195 2090000 317129293=59581750+155878650+114998713 80644366 1604031039 35.4035
2307093 2100000 318676219=59876160+156649876+115546349 80990596 1611165088 32.4558
2317991 2110000 320192634=60163687+157398333+116091417 81328289 1618144222 33.5092
2328915 2120000 321667081=60444027+158131181+116615279 81658142 1624968699 33.8985
2339889 2130000 323191382=60732124+158889320+117157775 82003142 1632090145 23.3027
2350849 2140000 324694768=61015853+159638390+117692123 82339763 1639047360 34.5819
2361818 2150000 326171151=61295863+160374317+118215233 82674011 1645923620 35.3704
2372703 2160000 327706821=61584829+161132257+118769022 83016015 1653012304 33.5562
2383611 2170000 329144566=61857657+161847770+119279975 83338410 1659672526 24.8978
2394538 2180000 330594834=62133525+162574001+119790006 83663618 1666393717 36.2361
2405448 2190000 332177329=62432524+163367543+120347491 84018620 1673722437 39.5901
2416385 2200000 333702627=62721355+164125446+120891346 84359672 1680768093 38.7853
2427291 2210000 335184797=63002435+164859902+121421576 84689958 1687589821 41.2539
2438224 2220000 336691739=63288111+165612753+121954248 85027411 1694563314 34.4512
2449156 2230000 338227821=63580472+166376580+122500692 85368285 1701623450 39.521
2460085 2240000 339803532=63879850+167161588+123059107 85721928 1708902385 53.2888
2471031 2250000 341456775=64190719+167976508+123655675 86090747 1716538234 37.1819
2481891 2260000 343048425=64491447+168759476+124230873 86446301 1723845677 53.9738
2492839 2270000 344653071=64792499+169549608+124811600 86802252 1731228048 79.5876
2503770 2280000 346293048=65101839+170361430+125399635 87173024 1738874183 61.115
2514685 2290000 347905756=65403974+171155231+125983544 87529715 1746275953 61.1773
2525687 2300000 349558235=65712870+171967848+126583155 87893155 1753843500 61.8286
2536614 2310000 351199085=66018950+172775928+127177757 88258000 1761414142 54.5602
2547690 2320000 352903067=66337286+173615552+127794626 88640495 1769335464 56.118
2558712 2330000 354606469=66655644+174456095+128410284 89019017 1777204083 57.9738
2569709 2340000 356246694=66965337+175274605+128991581 89386712 1784817115 47.841
2580699 2350000 357993903=67289498+176131911+129629278 89778633 1792976305 68.8431
2591715 2360000 359695362=67606592+176969103+130247449 90157821 1800834236 56.375
2602831 2370000 361461954=67935504+177839960+130887451 90555681 1809074040 64.6815
2613986 2380000 363270881=68267047+178720207+131558144 90955628 1817430689 63.0139
2624949 2390000 365086882=68600974+179606205+132227973 91368460 1825973466 81.3989
2635909 2400000 366923047=68938890+180504145+132903184 91787641 1834632551 70.7143
2646913 2410000 368677051=69262711+181360894+133548889 92187209 1842870450 51.7301
2657884 2420000 370381235=69579366+182197027+134170321 92568975 1850756546 79.9972
2668918 2430000 372076635=69893191+183024243+134793361 92950818 1858595172 75.911
2679809 2440000 373725842=70201816+183837774+135388608 93328189 1866360087 85.9822
2690746 2450000 375397080=70512699+184665088+135990955 93705280 1874199264 63.4141
2701594 2460000 377159233=70840992+185532339+136630173 94101450 1882402119 78.2162
2712475 2470000 378870478=71159687+186381532+137244439 94485959 1890393347 64.2271
2723357 2480000 380621259=71484776+187247021+137876713 94874798 1898459663 85.1811
2734166 2490000 382366369=71812903+188125826+138494854 95281463 1906695026 70.8807
2745023 2500000 384128594=72139320+188994410+139134599 95670696 1914760440 67.7201
2755880 2510000 385871344=72463106+189855265+139764508 96060878 1922875694 74.9932
2766772 2520000 387632188=72789926+190721695+140404427 96453623 1931037671 85.4592
2777605 2530000 389378277=73116036+191581230+141037247 96838816 1939087183 74.2897
2788466 2540000 391161924=73449909+192460108+141683037 97232263 1947309392 77.5895
2799329 2550000 393022585=73791979+193374918+142362800 97643805 1955947787 100.06
2810193 2560000 394755478=74114792+194231685+142988410 98033536 1964033885 79.0292
2821115 2570000 396544518=74445209+195110000+143642050 98430183 1972306593 93.8132
2832025 2580000 398372287=74784878+196011271+144304783 98835069 1980746119 83.2124
2842894 2590000 400131939=75110841+196874364+144947988 99223276 1988831790 89.6922
2853742 2600000 401982899=75452073+197787791+145620022 99632393 1997397326 107.746
2864632 2610000 403839387=75794988+198705502+146291865 100038960 2005904082 85.6732
2875503 2620000 405672942=76135781+199608245+146958163 100442981 2014306726 91.6947
2886360 2630000 407489778=76473367+200506029+147615508 100842071 2022640273 102.042
2897239 2640000 409304419=76811181+201399095+148274498 101239296 2030920505 93.9847
2908079 2650000 411169849=77158949+202318210+148950286 101651649 2039515065 107.731
2919336 2660000 413036066=77503294+203235172+149631805 102054145 2047937616 105.577
2930193 2670000 414928905=77852214+204169308+150319175 102469067 2056629075 103.518
2941058 2680000 416733228=78186344+205058327+150974257 102865155 2064940391 110.226
2951948 2690000 418565515=78526795+205962414+151637488 103264477 2073291330 98.2848
2962792 2700000 420358225=78859806+206849755+152284068 103660187 2081530398 109.751
2973731 2710000 422135311=79192177+207721170+152931572 104042679 2089536085 96.2505
2984605 2720000 423932671=79524840+208598808+153592720 104429348 2097635406 113.815
2995574 2730000 425712127=79853743+209470286+154244575 104817919 2105729820 99.1522
3006468 2740000 427530476=80189737+210363188+154908425 105215774 2114077903 119.522
3017345 2750000 429282158=80516129+211229607+155539554 105600429 2122091909 114.909
3028291 2760000 431022749=80838707+212080213+156177709 105982929 2130086929 110.562
3039192 2770000 432706986=81152438+212904837+156793416 106346669 2137696885 95.8585
3050078 2780000 434415639=81473674+213738469+157417617 106713268 2145353635 97.8258
3060975 2790000 436194854=81805932+214609996+158066394 107096512 2153346275 114.168
3071909 2800000 437892046=82123727+215438832+158687375 107459390 2160891683 98.1906
3082762 2810000 439669470=82452095+216305935+159342143 107845852 2168961769 120.009
3093667 2820000 441419602=82779372+217161793+159981747 108223909 2176831530 119.504
3104606 2830000 443173811=83105467+218018715+160624845 108601554 2184707328 106.021
3115556 2840000 444855364=83417235+218840717+161241713 108963886 2192282740 135.491
3126447 2850000 446540473=83731519+219668345+161854782 109326452 2199860159 107.115
Total lines processed: 2851461
OUBLK INBLK
    -     -
rchar: 413959466
wchar: 340871376791
syscr: 4900
syscw: 64039634
read_bytes: 220673560576
write_bytes: 299308367872
cancelled_write_bytes: 0
431001968
584586656
