Csz: 32, pgsz: 4096
Stg buf: 524288kb, Idx1 buf: 524288kb, Idx1+ buf: 1024kb
Idx1 entry count limit: 25 million
10988 10000 63 3 w0 r0 m0 f0 r0 p0
 1501663=280564+736534+546799 i732629 u987122 u0 t1.863
22023 20000 63 3 w0 r0 m0 f0 r0 p0
 2969833=556529+1459387+1077009 i1316180 u2085487 u0 t1.959
33024 30000 63 4 w0 r0 m0 f0 r0 p0
 4455111=837101+2191661+1611754 i1877017 u3226548 u0 t2.125
44043 40000 91 4 w0 r0 m0 f0 r0 p0
 6020851=1126445+2951279+2192551 i2436084 u4457833 u0 t2.257
55121 50000 91 4 w0 r0 m0 f0 r0 p0
 7456147=1398962+3658349+2709577 i2939468 u5599484 u0 t2.108
66115 60000 91 4 w0 r0 m0 f0 r0 p0
 8880851=1666179+4350823+3234648 i3419104 u6749918 u0 t2.077
77117 70000 91 4 w0 r0 m0 f0 r0 p0
 10321935=1938435+5065049+3750268 i3906266 u7914960 u0 t2.171
88102 80000 91 4 w0 r0 m0 f0 r0 p0
 11700254=2200704+5742595+4246944 i4363213 u9037806 u0 t2.197
99095 90000 91 4 w0 r0 m0 f0 r0 p0
 13136962=2468232+6447219+4770729 i4834869 u10211527 u0 t2.233
110113 100000 91 4 w0 r0 m0 f0 r0 p0
 14567887=2739132+7154639+5283726 i5290840 u11395752 u0 t2.192
121109 110000 91 4 w0 r0 m0 f0 r0 p0
 15979341=3006343+7853621+5788507 i5744072 u12560404 u0 t2.172
132028 120000 91 4 w0 r0 m0 f0 r0 p0
 17529576=3286631+8592403+6381321 i6202530 u13870471 u0 t2.319
142990 130000 91 4 w0 r0 m0 f0 r0 p0
 18983246=3562515+9313266+6900099 i6652150 u15087377 u0 t2.257
153925 140000 91 4 w0 r0 m0 f0 r0 p0
 20471021=3841520+10053635+7429782 i7107103 u16337894 u0 t2.348
164855 150000 91 4 w0 r0 m0 f0 r0 p0
 21979188=4125986+10799401+7971072 i7567835 u17605454 u0 t2.401
175812 160000 91 4 w0 r0 m0 f0 r0 p0
 23581702=4417062+11563939+8582289 i8035915 u18965547 u0 t2.461
186797 170000 91 4 w0 r0 m0 f0 r0 p0
 25057302=4694184+12294315+9112151 i8483630 u20209360 u0 t2.337
197847 180000 91 4 w0 r0 m0 f0 r0 p0
 26591014=4977448+13039031+9681211 i8936396 u21510058 u0 t2.407
Idx1+ lookups: 0 0 
Idx1+ positiv: 0 0 
Idx1+ found  : 0 0 
OL: 0 230486860 
CL: 0 230486860 
OC: 0 9121257 
CC: 0 9121257 
TotOL: 230486860, TotCL: 230486860, TotOC: 9121257, TotCC: 9121257
208776 190000 57 3 w0 r0 m0 f0 r0 p0
 28103392=5261528+13786971+10225271 i9389016 u22790724 u0 t7.754
219728 200000 60 3 w0 r0 m0 f0 r0 p0
 29608450=5546129+14533215+10762856 i9830477 u24075187 u0 t2.999
230584 210000 91 3 w0 r0 m0 f0 r0 p0
 31172079=5839074+15306099+11325356 i10287305 u25409728 u0 t2.962
241548 220000 91 4 w0 r0 m0 f0 r0 p0
 32679763=6122575+16050615+11868600 i10728860 u26695809 u0 t2.854
252514 230000 91 4 w0 r0 m0 f0 r0 p0
 34277699=6416178+16828359+12459598 i11188994 u28062718 u0 t2.976
263483 240000 91 4 w0 r0 m0 f0 r0 p0
 35775557=6699007+17569616+12996180 i11625823 u29342837 u0 t2.836
274496 250000 91 4 w0 r0 m0 f0 r0 p0
 37306382=6986514+18328557+13544391 i12066772 u30656219 u0 t2.901
285461 260000 91 4 w0 r0 m0 f0 r0 p0
 38798460=7268992+19071624+14074163 i12494982 u31939300 u0 t2.821
296415 270000 91 4 w0 r0 m0 f0 r0 p0
 40286808=7549046+19806127+14610350 i12922085 u33217611 u0 t2.781
307437 280000 91 4 w0 r0 m0 f0 r0 p0
 41792998=7832777+20553957+15148521 i13350292 u34516184 u0 t2.814
318462 290000 91 4 w0 r0 m0 f0 r0 p0
 43396945=8135807+21348388+15722664 i13806455 u35898383 u0 t2.976
329483 300000 91 4 w0 r0 m0 f0 r0 p0
 45023838=8442695+22162598+16297392 i14273166 u37298170 u0 t3.039
340525 310000 91 4 w0 r0 m0 f0 r0 p0
 46611522=8738490+22941883+16875435 i14719085 u38669830 u0 t2.9
351480 320000 115 4 w0 r0 m0 f0 r0 p0
 48197495=9039364+23732513+17435864 i15165470 u40042326 u0 t2.892
362496 330000 115 4 w0 r0 m0 f0 r0 p0
 49733153=9330690+24494894+17981449 i15594735 u41373894 u0 t2.836
373551 340000 115 4 w0 r0 m0 f0 r0 p0
 51290525=9626489+25266085+18538210 i16032087 u42722206 u0 t2.903
384689 350000 115 4 w0 r0 m0 f0 r0 p0
 52864093=9922506+26034770+19112787 i16473288 u44082729 u0 t2.902
Shrinking basix.ix1.1
Idx1+ lookups: 0 0 9214367 
Idx1+ positiv: 0 0 1474519 
Idx1+ found  : 0 0 1435598 
OL: 0 233116971 202661580 
CL: 0 233116971 202661580 
OC: 0 9214367 7685659 
CC: 0 9214367 7685659 
TotOL: 435778551, TotCL: 435778551, TotOC: 16900026, TotCC: 16900026
395874 360000 81 3 w0 r0 m0 f0 r0 p0
 54482814=10222227+26820615+19712099 i16929367 u45477765 u0 t14.555
406862 370000 82 3 w0 r0 m0 f0 r0 p0
 56129529=10531411+27615260+20322783 i17391147 u46898946 u0 t3.786
417894 380000 82 3 w0 r0 m0 f0 r0 p0
 57712939=10827913+28389797+20900694 i17836066 u48266696 u0 t3.43
428912 390000 82 4 w0 r0 m0 f0 r0 p0
 59270425=11119317+29151504+21469881 i18270779 u49614812 u0 t3.323
439874 400000 93 4 w0 r0 m0 f0 r0 p0
 60804875=11404852+29899292+22034731 i18692192 u50948956 u0 t3.241
450859 410000 93 4 w0 r0 m0 f0 r0 p0
 62351122=11693776+30659561+22596197 i19124555 u52287500 u0 t3.391
461847 420000 93 4 w0 r0 m0 f0 r0 p0
 63850824=11975377+31395903+23140104 i19539607 u53589985 u0 t3.149
472807 430000 93 4 w0 r0 m0 f0 r0 p0
 65444263=12275975+32177959+23717696 i19976861 u54977586 u0 t3.324
483790 440000 93 4 w0 r0 m0 f0 r0 p0
 67052753=12576164+32971980+24298942 i20419610 u56377655 u0 t3.34
494708 450000 93 4 w0 r0 m0 f0 r0 p0
 68705880=12884577+33787893+24895987 i20868524 u57822283 u0 t3.419
505590 460000 93 4 w0 r0 m0 f0 r0 p0
 70357917=13192981+34603737+25491973 i21317713 u59266073 u0 t3.4
516566 470000 93 4 w0 r0 m0 f0 r0 p0
 71996869=13498910+35407294+26089306 i21757299 u60702214 u0 t3.358
527520 480000 93 4 w0 r0 m0 f0 r0 p0
 73651210=13807158+36223256+26687956 i22205092 u62148935 u0 t3.389
538466 490000 93 4 w0 r0 m0 f0 r0 p0
 75328397=14119122+37045202+27301246 i22656912 u63616659 u0 t3.417
549399 500000 103 4 w0 r0 m0 f0 r0 p0
 77031657=14444781+37880830+27920554 i23113249 u65110632 u0 t3.469
560288 510000 103 4 w0 r0 m0 f0 r0 p0
 78691897=14755244+38702032+28518770 i23554355 u66571634 u0 t3.383
571192 520000 103 4 w0 r0 m0 f0 r0 p0
 80360592=15064921+39523583+29124866 i24001344 u68035123 u0 t3.382
Shrinking basix.ix1.2
Idx1+ lookups: 0 0 9290621 17084929 
Idx1+ positiv: 0 0 1459128 1964871 
Idx1+ found  : 0 0 1420059 1888858 
OL: 0 234843044 205706127 202661580 
CL: 0 234843044 205706127 193096746 
OC: 0 9290621 7794308 7685659 
CC: 0 9290621 7794308 7232399 
TotOL: 643210751, TotCL: 633645917, TotOC: 24770588, TotCC: 24317328
582148 530000 56 3 w0 r0 m0 f0 r0 p0
 82044094=15379373+40351252+29736631 i24447914 u69516489 u0 t15.481
593039 540000 63 3 w0 r0 m0 f0 r0 p0
 83778969=15700366+41200465+30372728 i24899734 u71049741 u0 t4.34
604123 550000 63 3 w0 r0 m0 f0 r0 p0
 85301577=15986949+41941190+30932366 i25296658 u72395314 u0 t3.573
615220 560000 69 4 w0 r0 m0 f0 r0 p0
 86603175=16234528+42588345+31398769 i25645743 u73539247 u0 t2.986
626410 570000 69 4 w0 r0 m0 f0 r0 p0
 87874733=16473215+43206126+31867990 i25977087 u74662757 u0 t2.904
637646 580000 69 4 w0 r0 m0 f0 r0 p0
 89107118=16707388+43808787+32316445 i26295790 u75755889 u0 t2.795
648847 590000 70 4 w0 r0 m0 f0 r0 p0
 90412613=16951660+44441753+32801313 i26620959 u76923633 u0 t2.854
660023 600000 70 4 w0 r0 m0 f0 r0 p0
 91570950=17172097+45004553+33225573 i26915253 u77955938 u0 t2.607
671169 610000 70 4 w0 r0 m0 f0 r0 p0
 92720559=17392089+45568160+33643035 i27208751 u78980110 u0 t2.577
682330 620000 104 4 w0 r0 m0 f0 r0 p0
 93872563=17614200+46130772+34061676 i27501429 u80007396 u0 t2.559
693457 630000 104 4 w0 r0 m0 f0 r0 p0
 95117609=17848307+46742027+34515831 i27814270 u81119688 u0 t2.711
704731 640000 104 4 w0 r0 m0 f0 r0 p0
 96356521=18079814+47339736+34977384 i28121166 u82229506 u0 t2.708
715916 650000 104 4 w0 r0 m0 f0 r0 p0
 97508742=18300176+47903789+35395975 i28406351 u83265050 u0 t2.533
727122 660000 104 4 w0 r0 m0 f0 r0 p0
 98740979=18534472+48502649+35847850 i28710581 u84371797 u0 t2.725
738273 670000 104 4 w0 r0 m0 f0 r0 p0
 99944384=18763831+49088470+36288017 i29009102 u85452209 u0 t2.638
749495 680000 104 4 w0 r0 m0 f0 r0 p0
 101110633=18988146+49655129+36713799 i29295687 u86502085 u0 t2.55
760693 690000 104 4 w0 r0 m0 f0 r0 p0
 102322772=19218634+50241042+37161215 i29597606 u87587705 u0 t2.659
771972 700000 104 4 w0 r0 m0 f0 r0 p0
 103533405=19447840+50827756+37607308 i29897320 u88674141 u0 t2.647
783287 710000 104 4 w0 r0 m0 f0 r0 p0
 104707169=19672297+51400620+38034532 i30187981 u89728387 u0 t2.585
794503 720000 104 4 w0 r0 m0 f0 r0 p0
 105884077=19899080+51986529+38454138 i30484393 u90782935 u0 t2.566
805629 730000 104 4 w0 r0 m0 f0 r0 p0
 107102606=20129008+52567936+38912857 i30784785 u91875300 u0 t2.64
816809 740000 104 4 w0 r0 m0 f0 r0 p0
 108260442=20346670+53116721+39353020 i31063829 u92918091 u0 t2.484
Shrinking basix.ix1.3
Idx1+ lookups: 0 0 9016120 16907687 24257848 
Idx1+ positiv: 0 0 1437114 1939211 2269654 
Idx1+ found  : 0 0 1399054 1864206 2159205 
OL: 0 226291686 207895201 205706127 202661580 
CL: 0 226291686 207895201 196339219 187281370 
OC: 0 9016121 7891567 7794308 7685659 
CC: 0 9016121 7891567 7350161 6962052 
TotOL: 842554594, TotCL: 817807476, TotOC: 32387655, TotCC: 31219901
827890 750000 70 3 w0 r0 m0 f0 r0 p0
 109450263=20570289+53679196+39809019 i31352981 u93987172 u0 t14.342
839058 760000 89 3 w0 r0 m0 f0 r0 p0
 110562747=20782639+54214127+40221777 i31620192 u94993205 u0 t2.896
850231 770000 89 3 w0 r0 m0 f0 r0 p0
 111752686=21007204+54789950+40662024 i31911832 u96063102 u0 t2.986
861324 780000 89 3 w0 r0 m0 f0 r0 p0
 112864986=21220423+55328425+41070963 i32186742 u97061835 u0 t2.734
872344 790000 89 4 w0 r0 m0 f0 r0 p0
 114010109=21439524+55879572+41494848 i32459515 u98100041 u0 t2.777
883522 800000 89 4 w0 r0 m0 f0 r0 p0
 115161048=21660061+56435512+41919053 i32734766 u99142592 u0 t2.794
894714 810000 89 4 w0 r0 m0 f0 r0 p0
 116268533=21873210+56964926+42332738 i33003900 u100140572 u0 t2.664
905844 820000 89 4 w0 r0 m0 f0 r0 p0
 117391478=22087870+57507981+42746335 i33271939 u101158006 u0 t2.685
916882 830000 89 4 w0 r0 m0 f0 r0 p0
 118666012=22330007+58123971+43219027 i33587547 u102300671 u0 t3.006
927964 840000 89 4 w0 r0 m0 f0 r0 p0
 119859814=22558740+58706062+43653178 i33882590 u103373769 u0 t2.859
939033 850000 89 4 w0 r0 m0 f0 r0 p0
 121120097=22797057+59316939+44117540 i34192756 u104506318 u0 t2.992
950128 860000 89 4 w0 r0 m0 f0 r0 p0
 122354161=23032142+59920770+44564945 i34498917 u105614132 u0 t2.933
961260 870000 89 4 w0 r0 m0 f0 r0 p0
 123573714=23265156+60513662+45010532 i34798097 u106711505 u0 t2.88
972424 880000 89 4 w0 r0 m0 f0 r0 p0
 124788336=23496396+61098156+45461081 i35096160 u107803055 u0 t2.864
983571 890000 89 4 w0 r0 m0 f0 r0 p0
 125999548=23725782+61687928+45904551 i35396104 u108889760 u0 t2.917
994789 900000 89 4 w0 r0 m0 f0 r0 p0
 127172823=23948729+62252858+46339682 i35679752 u109948751 u0 t2.741
1005944 910000 89 4 w0 r0 m0 f0 r0 p0
 128418184=24183935+62848114+46805458 i35967836 u111084340 u0 t2.806
1017100 920000 89 4 w0 r0 m0 f0 r0 p0
 129545948=24400080+63392506+47221135 i36239862 u112103726 u0 t2.634
1028294 930000 89 4 w0 r0 m0 f0 r0 p0
 130643767=24609789+63922720+47625923 i36504981 u113095397 u0 t2.567
1039422 940000 89 4 w0 r0 m0 f0 r0 p0
 131802756=24830099+64485884+48050761 i36784916 u114142665 u0 t2.705
1050473 950000 89 4 w0 r0 m0 f0 r0 p0
 132969366=25052197+65053534+48476717 i37064028 u115199603 u0 t2.693
1061568 960000 89 4 w0 r0 m0 f0 r0 p0
 134157706=25282050+65633678+48906915 i37340582 u116285860 u0 t2.718
1072599 970000 89 4 w0 r0 m0 f0 r0 p0
 135407467=25517546+66234964+49372288 i37632577 u117423128 u0 t2.838
Shrinking basix.ix1.4
Mismatch Cur count: 7579719, rec_count: 7579718
Idx1+ lookups: 0 0 8993068 16572786 24016566 31092128 
Idx1+ positiv: 0 0 1474157 1920370 2248113 2499917 
Idx1+ found  : 0 0 1436402 1846841 2138805 2356569 
OL: 0 224929159 198589151 207895201 205706127 202661580 
CL: 0 224929159 198589151 198539377 190458731 183007109 
OC: 0 8993068 7579719 7891567 7794308 7685659 
CC: 0 8993068 7579719 7443780 7075562 6764688 
TotOL: 1039781218, TotCL: 995523527, TotOC: 39944321, TotCC: 37856817
1083733 980000 56 3 w0 r0 m0 f0 r0 p0
 136514372=25732860+66779076+49768190 i37896973 u118428714 u0 t13.924
1094785 990000 89 3 w0 r0 m0 f0 r0 p0
 137634416=25949068+67323878+50175892 i38165855 u119443515 u0 t3.142
1105876 1000000 89 3 w0 r0 m0 f0 r0 p0
 138781015=26169464+67886377+50589434 i38439704 u120484696 u0 t3.05
1117034 1010000 89 3 w0 r0 m0 f0 r0 p0
 139902328=26386172+68433488+50996382 i38709598 u121499844 u0 t2.898
1128112 1020000 89 4 w0 r0 m0 f0 r0 p0
 141036705=26605393+68991950+51402445 i38983317 u122527642 u0 t2.916
1139060 1030000 89 4 w0 r0 m0 f0 r0 p0
 142284153=26846201+69605267+51850081 i39289013 u123652627 u0 t3.199
1150007 1040000 89 4 w0 r0 m0 f0 r0 p0
 143675917=27111664+70284235+52356962 i39628114 u124907311 u0 t3.52
1160894 1050000 89 4 w0 r0 m0 f0 r0 p0
 145112849=27383007+70990985+52876373 i39982857 u126199024 u0 t3.623
1171814 1060000 89 4 w0 r0 m0 f0 r0 p0
 146493466=27645470+71670517+53373699 i40324150 u127439984 u0 t3.488
1182789 1070000 89 4 w0 r0 m0 f0 r0 p0
 147885946=27910737+72358778+53871861 i40668143 u128692797 u0 t3.514
1193726 1080000 89 4 w0 r0 m0 f0 r0 p0
 149248573=28170852+73028966+54362303 i41002305 u129920489 u0 t3.408
1204582 1090000 89 4 w0 r0 m0 f0 r0 p0
 150675635=28443408+73739146+54868607 i41358116 u131201909 u0 t3.568
1215452 1100000 89 4 w0 r0 m0 f0 r0 p0
 152122476=28719425+74451995+55388560 i41709898 u132508071 u0 t3.588
1226363 1110000 89 4 w0 r0 m0 f0 r0 p0
 153617858=29001917+75190527+55926027 i42075957 u133856171 u0 t3.699
1237247 1120000 89 4 w0 r0 m0 f0 r0 p0
 155054261=29275805+75901339+56439032 i42426773 u135152278 u0 t3.538
1248176 1130000 89 4 w0 r0 m0 f0 r0 p0
 156519680=29555003+76624493+56964331 i42785721 u136473318 u0 t3.616
1259068 1140000 89 4 w0 r0 m0 f0 r0 p0
 157977948=29830686+77346072+57486978 i43143837 u137786721 u0 t3.59
1269968 1150000 89 4 w0 r0 m0 f0 r0 p0
 159450172=30110531+78082271+58007477 i43509450 u139110160 u0 t3.613
1280888 1160000 89 4 w0 r0 m0 f0 r0 p0
 160907827=30387286+78807042+58526230 i43872376 u140418838 u0 t3.589
1291754 1170000 89 4 w0 r0 m0 f0 r0 p0
 162377563=30666293+79535830+59050443 i44234308 u141742467 u0 t3.61
Shrinking basix.ix1.5
Shrinking basix.ix1.1
Idx1+ lookups: 0 0 16468240 23762514 30690109 37664282 37924798 
Idx1+ positiv: 0 0 1772405 2197506 2458767 2526699 2694520 
Idx1+ found  : 0 0 1432720 1889624 2139625 2350155 2517561 
OL: 0 232043535 197350036 198589151 207895201 205706127 179458137 
CL: 0 232043535 197350036 189070187 192257230 185843313 179458137 
OC: 0 9222746 7560348 7579719 7891567 7794308 6603696 
CC: 0 9222746 7560348 7126497 7150996 6864212 6603696 
TotOL: 1221042187, TotCL: 1176022438, TotOC: 46652384, TotCC: 44528495
1302652 1180000 52 3 w0 r0 m0 f0 r0 p0
 163860539=30948696+80270902+59578840 i44594235 u143083725 u0 t30.717
1313613 1190000 71 3 w0 r0 m0 f0 r0 p0
 165342572=31230146+81006856+60107044 i44959732 u144418003 u0 t4.42
1324596 1200000 75 3 w0 r0 m0 f0 r0 p0
 166825257=31511423+81745045+60633294 i45321678 u145756989 u0 t4.137
1335456 1210000 75 4 w0 r0 m0 f0 r0 p0
 168344658=31799164+82499352+61175129 i45695473 u147125588 u0 t4.148
1346441 1220000 75 4 w0 r0 m0 f0 r0 p0
 169903116=32093687+83267629+61736463 i46069571 u148537242 u0 t4.193
1357399 1230000 77 4 w0 r0 m0 f0 r0 p0
 171459885=32386736+84039990+62292707 i46446578 u149944874 u0 t4.329
1368385 1240000 91 4 w0 r0 m0 f0 r0 p0
 173068172=32689518+84834892+62871465 i46833304 u151401405 u0 t4.433
1379469 1250000 91 4 w0 r0 m0 f0 r0 p0
 174698505=32994406+85643477+63455849 i47230695 u152872229 u0 t4.332
1390543 1260000 91 4 w0 r0 m0 f0 r0 p0
 176336577=33299469+86446427+64054269 i47623979 u154353702 u0 t4.297
1401635 1270000 91 4 w0 r0 m0 f0 r0 p0
 177964524=33605748+87254333+64636272 i48023094 u155820988 u0 t4.604
1412662 1280000 91 4 w0 r0 m0 f0 r0 p0
 179568697=33910264+88055050+65203459 i48414730 u157270044 u0 t4.215
1423732 1290000 91 4 w0 r0 m0 f0 r0 p0
 181168959=34210477+88845071+65780281 i48803701 u158714947 u0 t4.148
1434749 1300000 91 4 w0 r0 m0 f0 r0 p0
 182828415=34519798+89661203+66382737 i49206800 u160212207 u0 t4.465
1445738 1310000 91 4 w0 r0 m0 f0 r0 p0
 184513810=34836400+90488851+66994851 i49619977 u161729322 u0 t4.435
1456743 1320000 91 4 w0 r0 m0 f0 r0 p0
 186190777=35151296+91313453+67602831 i50028236 u163241882 u0 t4.349
1467716 1330000 91 4 w0 r0 m0 f0 r0 p0
 187946945=35480337+92177165+68239998 i50452742 u164828600 u0 t4.601
1478847 1340000 91 4 w0 r0 m0 f0 r0 p0
 189697299=35804419+93033522+68881740 i50879599 u166404778 u0 t4.445
Shrinking basix.ix1.6
Shrinking basix.ix1.2
Idx1+ lookups: 0 0 16624187 31378922 38032099 44519976 44580811 44675968 
Idx1+ positiv: 0 0 1788345 2485221 2706582 2741551 2725867 2860374 
Idx1+ found  : 0 0 1430465 1873407 2164222 2354110 2515514 2650146 
OL: 0 234519819 204490956 197350036 198589151 207895201 182178656 179458137 
CL: 0 234519819 204490956 188110026 183140963 187587740 182178656 176510471 
OC: 0 9276765 7792281 7560348 7579719 7891567 6698853 6603696 
CC: 0 9276765 7792281 7119661 6851899 6936511 6698853 6471111 
TotOL: 1404481956, TotCL: 1356538631, TotOC: 53403229, TotCC: 51147081
1489858 1350000 68 3 w0 r0 m0 f0 r0 p0
 191414728=36125132+93880640+69503264 i51304578 u167947076 u0 t32.366
1500812 1360000 68 3 w0 r0 m0 f0 r0 p0
 193066497=36431463+94688311+70109152 i51712637 u169429830 u0 t5.117
1511816 1370000 100 3 w0 r0 m0 f0 r0 p0
 194750555=36746208+95519892+70716925 i52120560 u170951494 u0 t4.805
1522795 1380000 100 4 w0 r0 m0 f0 r0 p0
 196383374=37050140+96326851+71306199 i52520689 u172421613 u0 t4.627
1533703 1390000 100 4 w0 r0 m0 f0 r0 p0
 198040225=37358448+97143117+71907133 i52930020 u173910136 u0 t4.724
1544569 1400000 100 4 w0 r0 m0 f0 r0 p0
 199683285=37667316+97956179+72496990 i53328722 u175394716 u0 t4.595
1555499 1410000 100 4 w0 r0 m0 f0 r0 p0
 201439474=37995459+98821930+73132258 i53752784 u176981906 u0 t4.875
1566395 1420000 100 4 w0 r0 m0 f0 r0 p0
 203165083=38317565+99678555+73751000 i54169463 u178542791 u0 t4.779
1577238 1430000 100 4 w0 r0 m0 f0 r0 p0
 204894416=38640361+100537132+74371288 i54592106 u180101537 u0 t4.746
1588118 1440000 101 4 w0 r0 m0 f0 r0 p0
 206627102=38964282+101395438+74993454 i55013351 u181665497 u0 t4.749
1598949 1450000 101 4 w0 r0 m0 f0 r0 p0
 208394406=39292777+102268869+75631799 i55438725 u183264528 u0 t4.82
1609797 1460000 101 4 w0 r0 m0 f0 r0 p0
 210170319=39622403+103146362+76274190 i55865198 u184871563 u0 t4.846
1620630 1470000 101 4 w0 r0 m0 f0 r0 p0
 211921170=39952135+104017109+76898673 i56281940 u186461122 u0 t4.726
1631477 1480000 101 4 w0 r0 m0 f0 r0 p0
 213670627=40279217+104881983+77529055 i56703093 u188043701 u0 t4.703
1642373 1490000 101 4 w0 r0 m0 f0 r0 p0
 215467929=40615467+105772455+78174765 i57130423 u189675587 u0 t4.807
1653233 1500000 101 4 w0 r0 m0 f0 r0 p0
 217268084=40950561+106663886+78823410 i57559234 u191309082 u0 t4.787
Shrinking basix.ix1.7
Mismatch Cur count: 7847849, rec_count: 7847848
Shrinking basix.ix1.3
Idx1+ lookups: 0 0 16755702 31664506 45756148 51975745 51496991 51390452 51352221 
Idx1+ positiv: 0 0 1790604 2523173 2988982 2972813 2942860 2892612 3004839 
Idx1+ found  : 0 0 1428916 1882888 2142273 2361716 2521484 2648902 2761692 
OL: 0 235780298 206953644 204490956 197350036 198589151 183918737 182178656 179458137 
CL: 0 235780298 206953644 194975145 182361259 178839792 183918737 179197331 174014428 
OC: 0 9324714 7847849 7792281 7560348 7579719 6769137 6698853 6603696 
CC: 0 9324714 7847849 7339858 6850795 6654405 6769137 6565465 6359565 
TotOL: 1588719615, TotCL: 1536040634, TotOC: 60176597, TotCC: 57711788
1664130 1510000 65 3 w0 r0 m0 f0 r0 p0
 219046446=41280963+107539800+79469044 i57979414 u192925002 u0 t33.841
1675034 1520000 65 3 w0 r0 m0 f0 r0 p0
 220835404=41612975+108422057+80117534 i58403564 u194549358 u0 t5.567
1685958 1530000 69 4 w0 r0 m0 f0 r0 p0
 222654573=41950493+109317901+80778379 i58831532 u196204329 u0 t5.641
1696847 1540000 69 4 w0 r0 m0 f0 r0 p0
 224442361=42281602+110193885+81432689 i59253839 u197827702 u0 t5.271
1707676 1550000 69 4 w0 r0 m0 f0 r0 p0
 226272742=42619605+111095368+82098625 i59687831 u199488756 u0 t5.434
1718573 1560000 69 4 w0 r0 m0 f0 r0 p0
 228104597=42957580+111994802+82768470 i60119120 u201153217 u0 t5.442
1729487 1570000 69 4 w0 r0 m0 f0 r0 p0
 229880904=43285461+112866746+83417917 i60535141 u202770020 u0 t5.157
1740347 1580000 89 4 w0 r0 m0 f0 r0 p0
 231680629=43618172+113748000+84077370 i60957435 u204407110 u0 t5.124
1751207 1590000 89 4 w0 r0 m0 f0 r0 p0
 233507773=43956640+114647778+84741743 i61386971 u206068768 u0 t5.188
1762023 1600000 97 4 w0 r0 m0 f0 r0 p0
 235283992=44287479+115526027+85382484 i61804603 u207685505 u0 t5.027
1772878 1610000 97 4 w0 r0 m0 f0 r0 p0
 237058062=44615710+116394367+86032989 i62221538 u209298850 u0 t5.017
1783723 1620000 97 4 w0 r0 m0 f0 r0 p0
 238817123=44942446+117265322+86667096 i62634279 u210900749 u0 t4.944
1794607 1630000 101 4 w0 r0 m0 f0 r0 p0
 240593085=45270791+118136276+87316392 i63050348 u212516680 u0 t4.961
1805498 1640000 101 4 w0 r0 m0 f0 r0 p0
 242382851=45602364+119021975+87963254 i63469245 u214147516 u0 t4.987
1816421 1650000 101 4 w0 r0 m0 f0 r0 p0
 244178822=45933915+119909627+88614033 i63894187 u215778742 u0 t5.077
Shrinking basix.ix1.8
Shrinking basix.ix1.4
Mismatch Cur count: 6500440, rec_count: 6500439
Idx1+ lookups: 0 0 16390404 31448850 45697079 59335214 58861711 58228992 57988102 57837200 
Idx1+ positiv: 0 0 1770511 2521507 3044689 3248848 3160502 3110279 3037658 3134111 
Idx1+ found  : 0 0 1428788 1886774 2164370 2334934 2515681 2655835 2761573 2858951 
OL: 0 234734154 208165353 206953644 204490956 197350036 175438503 183918737 182178656 179458137 
CL: 0 234734154 208165353 197275062 188909871 178184217 175438503 180920897 176658800 171819665 
OC: 0 9246756 7895926 7847849 7792281 7560348 6500440 6769137 6698853 6603696 
CC: 0 9246756 7895926 7389991 7058376 6658134 6500440 6634786 6452794 6262306 
TotOL: 1772688176, TotCL: 1712106522, TotOC: 66915286, TotCC: 64099509
1827273 1660000 63 3 w0 r0 m0 f0 r0 p0
 245982710=46268214+120794044+89273491 i64317518 u217419589 u0 t35.094
1838160 1670000 97 3 w0 r0 m0 f0 r0 p0
 247787451=46603036+121681664+89930178 i64744095 u219058868 u0 t5.69
1849005 1680000 97 4 w0 r0 m0 f0 r0 p0
 249559255=46929845+122549529+90579632 i65155713 u220674845 u0 t5.422
1859879 1690000 97 4 w0 r0 m0 f0 r0 p0
 251260145=47246311+123393055+91190935 i65554463 u222224849 u0 t5.648
1870739 1700000 97 4 w0 r0 m0 f0 r0 p0
 253019866=47573526+124267404+91822433 i65965082 u223830500 u0 t5.485
1881698 1710000 97 4 w0 r0 m0 f0 r0 p0
 254708896=47889282+125101992+92431807 i66357118 u225373382 u0 t5.064
1892578 1720000 97 4 w0 r0 m0 f0 r0 p0
 256422005=48209762+125948816+93049301 i66754510 u226938843 u0 t5.107
1903425 1730000 97 4 w0 r0 m0 f0 r0 p0
 258151069=48531128+126803006+93675093 i67155597 u228518441 u0 t5.129
1914319 1740000 97 4 w0 r0 m0 f0 r0 p0
 259943293=48864688+127681881+94330331 i67569960 u230155013 u0 t5.304
1925121 1750000 97 4 w0 r0 m0 f0 r0 p0
 261669165=49186851+128536860+94951071 i67971520 u231731144 u0 t5.441
1936035 1760000 97 4 w0 r0 m0 f0 r0 p0
 263458272=49520220+129423171+95595224 i68393201 u233359118 u0 t5.509
1946942 1770000 97 4 w0 r0 m0 f0 r0 p0
 265176789=49839955+130265313+96222788 i68783714 u234935579 u0 t5.102
1957829 1780000 97 4 w0 r0 m0 f0 r0 p0
 266880264=50159017+131109725+96834255 i69177597 u236494139 u0 t5.543
1968722 1790000 97 4 w0 r0 m0 f0 r0 p0
 268620330=50482904+131964281+97468130 i69581489 u238082402 u0 t5.224
1979581 1800000 97 4 w0 r0 m0 f0 r0 p0
 270290901=50794936+132785153+98075566 i69970317 u239606288 u0 t5.057
1990482 1810000 97 4 w0 r0 m0 f0 r0 p0
 271956658=51106210+133601567+98683140 i70349641 u241134070 u0 t4.898
Shrinking basix.ix1.9
Mismatch Cur count: 7802559, rec_count: 7802558
Shrinking basix.ix1.5
Idx1+ lookups: 0 0 16398526 31081286 45484028 59279901 66209542 65584732 64828430 64473483 64226355 
Idx1+ positiv: 0 0 1781368 2496596 3042279 3313086 3433842 3317065 3257149 3165760 3250382 
Idx1+ found  : 0 0 1444197 1885776 2170767 2366037 2486241 2639264 2769892 2857799 2943656 
OL: 0 234731606 206697088 208165353 206953644 204490956 174875346 175438503 183918737 182178656 179458137 
CL: 0 234731606 206697088 198532267 191156353 184532607 174875346 172689843 178368422 174481726 169892611 
OC: 0 9261174 7802559 7895926 7847849 7792281 6506827 6500440 6769137 6698853 6603696 
CC: 0 9261174 7802559 7438938 7105998 6856709 6506827 6376857 6520729 6356568 6177601 
TotOL: 1956908026, TotCL: 1885957869, TotOC: 73678742, TotCC: 70403960
2001382 1820000 68 3 w0 r0 m0 f0 r0 p0
 273619806=51416038+134416362+99290731 i70737453 u242650136 u0 t32.872
2012247 1830000 68 3 w0 r0 m0 f0 r0 p0
 275314039=51732959+135250341+99905069 i71125264 u244202513 u0 t5.559
2023129 1840000 68 4 w0 r0 m0 f0 r0 p0
 276988681=52045651+136073996+100513202 i71509557 u245735631 u0 t5.35
2034053 1850000 68 4 w0 r0 m0 f0 r0 p0
 278712839=52368393+136923507+101136969 i71903598 u247316387 u0 t5.477
2044917 1860000 68 4 w0 r0 m0 f0 r0 p0
 280377963=52680583+137747044+101736334 i72282457 u248845474 u0 t5.696
2055814 1870000 68 4 w0 r0 m0 f0 r0 p0
 282051802=52992861+138572889+102341908 i72675172 u250369971 u0 t5.277
2066728 1880000 68 4 w0 r0 m0 f0 r0 p0
 283706575=53302261+139390750+102938592 i73052613 u251888172 u0 t5.186
2077660 1890000 68 4 w0 r0 m0 f0 r0 p0
 285366456=53613913+140212111+103535051 i73432074 u253410496 u0 t5.225
2088614 1900000 68 4 w0 r0 m0 f0 r0 p0
 287041683=53926943+141034038+104145361 i73817355 u254942667 u0 t5.198
2099586 1910000 68 4 w0 r0 m0 f0 r0 p0
 288744872=54243674+141871300+104765300 i74204156 u256505831 u0 t5.225
2110524 1920000 70 4 w0 r0 m0 f0 r0 p0
 290369429=54549228+142670505+105353600 i74573775 u257996665 u0 t4.996
2121483 1930000 73 4 w0 r0 m0 f0 r0 p0
 292052012=54864406+143501540+105960075 i74961801 u259536374 u0 t5.202
2132440 1940000 115 4 w0 r0 m0 f0 r0 p0
 293694209=55170737+144308922+106557063 i75338238 u261040148 u0 t5.016
2143340 1950000 115 4 w0 r0 m0 f0 r0 p0
 295367367=55483485+145131769+107164705 i75720385 u262574179 u0 t5.12
2154286 1960000 115 4 w0 r0 m0 f0 r0 p0
 296988492=55788240+145928869+107751862 i76087692 u264063919 u0 t4.927
2165157 1970000 115 4 w0 r0 m0 f0 r0 p0
 298540929=56079143+146690357+108316845 i76438378 u265490631 u0 t4.761
Shrinking basix.ix1.10
Mismatch Cur count: 7825627, rec_count: 7825626
Shrinking basix.ix1.6
Idx1+ lookups: 0 0 16614764 31303067 45322272 59268154 66159786 72927071 72175359 71313094 70861456 70526348 
Idx1+ positiv: 0 0 1784641 2516684 3022175 3320242 3509278 3593635 3455356 3385686 3285210 3358032 
Idx1+ found  : 0 0 1435547 1903871 2169915 2380655 2528393 2613143 2745227 2866583 2945779 3020039 
OL: 0 234408785 207002568 206697088 208165353 206953644 180978343 174875346 175438503 183918737 182178656 179458137 
CL: 0 234408785 207002568 197008266 192428571 186553098 180978343 172074370 170330124 176197104 172485515 168156240 
OC: 0 9269134 7825627 7802559 7895926 7847849 6694353 6506827 6500440 6769137 6698853 6603696 
CC: 0 9269134 7825627 7342885 7154799 6896110 6694353 6379925 6270894 6424038 6268588 6101218 
TotOL: 2140075160, TotCL: 2057622984, TotOC: 80414401, TotCC: 76627571
2176142 1980000 65 3 w0 r0 m0 f0 r0 p0
 300107779=56372925+147461885+108884153 i76793491 u266930282 u0 t50.08
2187090 1990000 83 3 w0 r0 m0 f0 r0 p0
 301747104=56679040+148271317+109476291 i77171753 u268429843 u0 t8.088
2198031 2000000 124 3 w0 r0 m0 f0 r0 p0
 303313534=56973518+149044964+110040236 i77529368 u269867337 u0 t5.667
2208970 2010000 124 4 w0 r0 m0 f0 r0 p0
 304880489=57266755+149814873+110609645 i77881008 u271309928 u0 t5.561
2219875 2020000 124 4 w0 r0 m0 f0 r0 p0
 306462247=57567650+150599483+111174164 i78238641 u272765805 u0 t5.517
2230717 2030000 124 4 w0 r0 m0 f0 r0 p0
 307973208=57852647+151350438+111712938 i78578601 u274158171 u0 t5.167
2241553 2040000 124 4 w0 r0 m0 f0 r0 p0
 309500999=58140654+152109616+112258442 i78928211 u275559994 u0 t5.573
2252478 2050000 124 4 w0 r0 m0 f0 r0 p0
 311045082=58431999+152874154+112812027 i79281285 u276977001 u0 t5.318
2263400 2060000 124 4 w0 r0 m0 f0 r0 p0
 312587791=58722721+153634268+113368895 i79629608 u278396182 u0 t5.148
2274335 2070000 124 4 w0 r0 m0 f0 r0 p0
 314133465=59013694+154399081+113923838 i79976850 u279820554 u0 t5.106
2285238 2080000 124 4 w0 r0 m0 f0 r0 p0
 315607372=59292392+155123819+114456386 i80305941 u281180696 u0 t4.869
2296195 2090000 124 4 w0 r0 m0 f0 r0 p0
 317129293=59581750+155878650+114998713 i80644366 u282587262 u0 t5.008
2307093 2100000 124 4 w0 r0 m0 f0 r0 p0
 318676219=59876160+156649876+115546349 i80990596 u284016041 u0 t5.113
2317991 2110000 124 4 w0 r0 m0 f0 r0 p0
 320192634=60163687+157398333+116091417 i81328289 u285416667 u0 t4.912
2328915 2120000 124 4 w0 r0 m0 f0 r0 p0
 321667081=60444027+158131181+116615279 i81658142 u286777815 u0 t4.765
2339889 2130000 124 4 w0 r0 m0 f0 r0 p0
 323191382=60732124+158889320+117157775 i82003142 u288181162 u0 t4.895
2350849 2140000 124 4 w0 r0 m0 f0 r0 p0
 324694768=61015853+159638390+117692123 i82339763 u289568729 u0 t4.774
2361818 2150000 124 4 w0 r0 m0 f0 r0 p0
 326171151=61295863+160374317+118215233 i82674011 u290928621 u0 t4.676
Shrinking basix.ix1.11
Mismatch Cur count: 7831493, rec_count: 7831492
Shrinking basix.ix1.7
Mismatch Cur count: 6733200, rec_count: 6733199
Idx1+ lookups: 0 0 16641679 31534280 45560291 59125913 66129513 72858235 79489267 78629603 77675924 77139196 76725549 
Idx1+ positiv: 0 0 1797217 2517827 3039533 3298892 3516900 3678680 3734031 3578371 3502413 3394564 3459638 
Idx1+ found  : 0 0 1437641 1891055 2186224 2378998 2543565 2664646 2721095 2836641 2951673 3024318 3090781 
OL: 0 233871716 206609525 207002568 206697088 208165353 182953680 180978343 174875346 175438503 183918737 182178656 179458137 
CL: 0 233871716 206609525 197370623 190896328 187861604 182953680 177961424 169681366 168271829 174269878 170688148 166537307 
OC: 0 9245945 7831493 7825627 7802559 7895926 6733200 6694353 6506827 6500440 6769137 6698853 6603696 
CC: 0 9245945 7831493 7370119 7060532 6945716 6733200 6558100 6271973 6179480 6338948 6190049 6030476 
TotOL: 2322147652, TotCL: 2226973428, TotOC: 87108056, TotCC: 82756031
2372703 2160000 70 3 w0 r0 m0 f0 r0 p0
 327706821=61584829+161132257+118769022 i83016015 u292346041 u0 t53.032
2383611 2170000 70 3 w0 r0 m0 f0 r0 p0
 329144566=61857657+161847770+119279975 i83338410 u293672996 u0 t5.763
2394538 2180000 70 3 w0 r0 m0 f0 r0 p0
 330594834=62133525+162574001+119790006 i83663618 u295012536 u0 t5.59
2405448 2190000 70 4 w0 r0 m0 f0 r0 p0
 332177329=62432524+163367543+120347491 i84018620 u296472689 u0 t6.197
2416385 2200000 75 4 w0 r0 m0 f0 r0 p0
 333702627=62721355+164125446+120891346 i84359672 u297880691 u0 t5.747
2427291 2210000 75 4 w0 r0 m0 f0 r0 p0
 335184797=63002435+164859902+121421576 i84689958 u299249834 u0 t5.599
2438224 2220000 75 4 w0 r0 m0 f0 r0 p0
 336691739=63288111+165612753+121954248 i85027411 u300641320 u0 t6.299
2449156 2230000 75 4 w0 r0 m0 f0 r0 p0
 338227821=63580472+166376580+122500692 i85368285 u302062081 u0 t5.637
2460085 2240000 75 4 w0 r0 m0 f0 r0 p0
 339803532=63879850+167161588+123059107 i85721928 u303515531 u0 t5.699
2471031 2250000 75 4 w0 r0 m0 f0 r0 p0
 341456775=64190719+167976508+123655675 i86090747 u305040581 u0 t5.912
2481891 2260000 75 4 w0 r0 m0 f0 r0 p0
 343048425=64491447+168759476+124230873 i86446301 u306508164 u0 t5.528
2492839 2270000 75 4 w0 r0 m0 f0 r0 p0
 344653071=64792499+169549608+124811600 i86802252 u307990808 u0 t7.736
2503770 2280000 75 4 w0 r0 m0 f0 r0 p0
 346293048=65101839+170361430+125399635 i87173024 u309499692 u0 t7.453
2514685 2290000 75 4 w0 r0 m0 f0 r0 p0
 347905756=65403974+171155231+125983544 i87529715 u310990728 u0 t5.438
2525687 2300000 75 4 w0 r0 m0 f0 r0 p0
 349558235=65712870+171967848+126583155 i87893155 u312519245 u0 t5.635
2536614 2310000 75 4 w0 r0 m0 f0 r0 p0
 351199085=66018950+172775928+127177757 i88258000 u314033741 u0 t5.613
2547690 2320000 75 4 w0 r0 m0 f0 r0 p0
 352903067=66337286+173615552+127794626 i88640495 u315602539 u0 t5.738
Shrinking basix.ix1.12
Mismatch Cur count: 7813628, rec_count: 7813627
Shrinking basix.ix1.8
Idx1+ lookups: 0 0 16689168 31614773 45840404 59411853 65986560 72831452 79423845 85940206 84988038 83952190 83338359 82853853 
Idx1+ positiv: 0 0 1790939 2536065 3041832 3312039 3490983 3686574 3825730 3858766 3691669 3610431 3496172 3553208 
Idx1+ found  : 0 0 1432317 1894450 2173534 2390131 2537706 2679894 2779317 2813599 2918810 3028776 3095177 3154018 
OL: 0 233781949 206165243 206609525 207002568 206697088 184349076 182953680 180978343 174875346 175438503 183918737 182178656 179458137 
CL: 0 233781949 206165243 196972081 191259195 186406257 184349076 179903504 175387000 167610982 166401007 172508969 169064500 165078264 
OC: 0 9236160 7813628 7831493 7825627 7802559 6787008 6733200 6694353 6506827 6500440 6769137 6698853 6603696 
CC: 0 9236160 7813628 7374684 7087640 6856625 6787008 6596871 6443429 6179469 6097311 6261845 6119190 5967239 
TotOL: 2504406851, TotCL: 2394888027, TotOC: 93802981, TotCC: 88821099
2558712 2330000 92 3 w0 r0 m0 f0 r0 p0
 354606469=66655644+174456095+128410284 i89019017 u317174937 u0 t53.613
2569709 2340000 92 3 w0 r0 m0 f0 r0 p0
 356246694=66965337+175274605+128991581 i89386712 u318688870 u0 t7.201
2580699 2350000 92 3 w0 r0 m0 f0 r0 p0
 357993903=67289498+176131911+129629278 i89778633 u320297388 u0 t7.497
2591715 2360000 92 4 w0 r0 m0 f0 r0 p0
 359695362=67606592+176969103+130247449 i90157821 u321866427 u0 t10.724
2602831 2370000 92 4 w0 r0 m0 f0 r0 p0
 361461954=67935504+177839960+130887451 i90555681 u323492103 u0 t7.403
2613986 2380000 92 4 w0 r0 m0 f0 r0 p0
 363270881=68267047+178720207+131558144 i90955628 u325160966 u0 t7.534
2624949 2390000 92 4 w0 r0 m0 f0 r0 p0
 365086882=68600974+179606205+132227973 i91368460 u326825484 u0 t9.871
2635909 2400000 92 4 w0 r0 m0 f0 r0 p0
 366923047=68938890+180504145+132903184 i91787641 u328506652 u0 t7.214
2646913 2410000 92 4 w0 r0 m0 f0 r0 p0
 368677051=69262711+181360894+133548889 i92187209 u330113470 u0 t6.859
2657884 2420000 92 4 w0 r0 m0 f0 r0 p0
 370381235=69579366+182197027+134170321 i92568975 u331682448 u0 t6.524
2668918 2430000 92 4 w0 r0 m0 f0 r0 p0
 372076635=69893191+183024243+134793361 i92950818 u333240071 u0 t10.301
2679809 2440000 92 4 w0 r0 m0 f0 r0 p0
 373725842=70201816+183837774+135388608 i93328189 u334751712 u0 t6.302
2690746 2450000 92 4 w0 r0 m0 f0 r0 p0
 375397080=70512699+184665088+135990955 i93705280 u336288906 u0 t6.409
2701594 2460000 92 4 w0 r0 m0 f0 r0 p0
 377159233=70840992+185532339+136630173 i94101450 u337910431 u0 t6.772
2712475 2470000 92 4 w0 r0 m0 f0 r0 p0
 378870478=71159687+186381532+137244439 i94485959 u339486643 u0 t6.561
2723357 2480000 92 4 w0 r0 m0 f0 r0 p0
 380621259=71484776+187247021+137876713 i94874798 u341103186 u0 t7.37
Shrinking basix.ix1.13
Mismatch Cur count: 7824976, rec_count: 7824975
Shrinking basix.ix1.9
Mismatch Cur count: 6695862, rec_count: 6695861
Idx1+ lookups: 0 0 16687442 31682791 45939893 59700179 66369081 72783025 79491999 85971562 92392048 91358581 90251675 89566767 89019843 
Idx1+ positiv: 0 0 1769057 2531692 3071165 3317066 3506868 3660415 3832107 3953908 3971945 3794299 3712749 3589442 3640758 
Idx1+ found  : 0 0 1411184 1892674 2187743 2380220 2550894 2673624 2792724 2875192 2894898 2989868 3099853 3157595 3210980 
OL: 0 235917594 206549171 206165243 206609525 207002568 182869654 184349076 182953680 180978343 174875346 175438503 183918737 182178656 179458137 
CL: 0 235917594 206549171 196481723 190689733 186763173 182869654 181371417 177395354 173226019 165801279 164790818 170899985 167631444 163770664 
OC: 0 9328749 7824976 7813628 7831493 7825627 6695862 6787008 6733200 6694353 6506827 6500440 6769137 6698853 6603696 
CC: 0 9328749 7824976 7353271 7081391 6880954 6695862 6651090 6484041 6347554 6098170 6026253 6190768 6056772 5910277 
TotOL: 2689264233, TotCL: 2564158028, TotOC: 100613849, TotCC: 94930128
2734166 2490000 59 3 w0 r0 m0 f0 r0 p0
 382366369=71812903+188125826+138494854 i95281463 u342690465 u0 t45.874
2745023 2500000 67 3 w0 r0 m0 f0 r0 p0
 384128594=72139320+188994410+139134599 i95670696 u344319218 u0 t12.909
2755880 2510000 67 4 w0 r0 m0 f0 r0 p0
 385871344=72463106+189855265+139764508 i96060878 u345925003 u0 t9.167
2766772 2520000 78 4 w0 r0 m0 f0 r0 p0
 387632188=72789926+190721695+140404427 i96453623 u347548711 u0 t9.141
2777605 2530000 78 4 w0 r0 m0 f0 r0 p0
 389378277=73116036+191581230+141037247 i96838816 u349163117 u0 t8.685
2788466 2540000 78 4 w0 r0 m0 f0 r0 p0
 391161924=73449909+192460108+141683037 i97232263 u350811859 u0 t8.567
2799329 2550000 78 4 w0 r0 m0 f0 r0 p0
 393022585=73791979+193374918+142362800 i97643805 u352529529 u0 t8.669
2810193 2560000 127 4 w0 r0 m0 f0 r0 p0
 394755478=74114792+194231685+142988410 i98033536 u354124726 u0 t8.239
2821115 2570000 127 4 w0 r0 m0 f0 r0 p0
 396544518=74445209+195110000+143642050 i98430183 u355775539 u0 t8.314
2832025 2580000 127 4 w0 r0 m0 f0 r0 p0
 398372287=74784878+196011271+144304783 i98835069 u357463663 u0 t8.444
2842894 2590000 127 4 w0 r0 m0 f0 r0 p0
 400131939=75110841+196874364+144947988 i99223276 u359089646 u0 t8.023
2853742 2600000 127 4 w0 r0 m0 f0 r0 p0
 401982899=75452073+197787791+145620022 i99632393 u360799626 u0 t8.541
2864632 2610000 127 4 w0 r0 m0 f0 r0 p0
 403839387=75794988+198705502+146291865 i100038960 u362518805 u0 t8.53
2875503 2620000 127 4 w0 r0 m0 f0 r0 p0
 405672942=76135781+199608245+146958163 i100442981 u364214269 u0 t8.336
2886360 2630000 127 4 w0 r0 m0 f0 r0 p0
 407489778=76473367+200506029+147615508 i100842071 u365896208 u0 t8.304
Shrinking basix.ix1.14
Mismatch Cur count: 7904680, rec_count: 7904679
Shrinking basix.ix1.10
Mismatch Cur count: 6720471, rec_count: 6720470
Idx1+ lookups: 0 0 16668095 31650243 45977042 59780134 66612534 73120953 79404291 86001751 92385884 98722749 97617720 96445073 95697457 95093215 
Idx1+ positiv: 0 0 1780614 2509462 3055145 3346962 3511660 3670906 3804347 3959723 4069539 4074772 3891177 3806167 3677279 3722263 
Idx1+ found  : 0 0 1424069 1868856 2174244 2395159 2540703 2681500 2785138 2888154 2958813 2966460 3055609 3162561 3214913 3262638 
OL: 0 235425299 208417131 206549171 206165243 206609525 183207970 182869654 184349076 182953680 180978343 174875346 175438503 183918737 182178656 179458137 
CL: 0 235425299 208417131 196853806 190373697 186136590 183207970 179963389 178884951 175241447 171334190 164177779 163290970 169466338 166302422 162565837 
OC: 0 9283082 7904680 7824976 7813628 7831493 6720471 6695862 6787008 6733200 6694353 6506827 6500440 6769137 6698853 6603696 
CC: 0 9283082 7904680 7367304 7071701 6873975 6720471 6565256 6539576 6388611 6263933 6026608 5960512 6128060 5999454 5858619 
TotOL: 2873394471, TotCL: 2731641816, TotOC: 107367706, TotCC: 100951842
2897239 2640000 58 3 w0 r0 m0 f0 r0 p0
 409304419=76811181+201399095+148274498 i101239296 u367576213 u0 t56.773
2908079 2650000 60 3 w0 r0 m0 f0 r0 p0
 411169849=77158949+202318210+148950286 i101651649 u369299809 u0 t23.961
2919336 2660000 67 4 w0 r0 m0 f0 r0 p0
 413036066=77503294+203235172+149631805 i102054145 u371032857 u0 t12.613
2930193 2670000 67 4 w0 r0 m0 f0 r0 p0
 414928905=77852214+204169308+150319175 i102469067 u372784744 u0 t12.615
2941058 2680000 67 4 w0 r0 m0 f0 r0 p0
 416733228=78186344+205058327+150974257 i102865155 u374454212 u0 t11.56
2951948 2690000 67 4 w0 r0 m0 f0 r0 p0
 418565515=78526795+205962414+151637488 i103264477 u376153059 u0 t11.736
2962792 2700000 67 4 w0 r0 m0 f0 r0 p0
 420358225=78859806+206849755+152284068 i103660187 u377810703 u0 t11.667
2973731 2710000 67 4 w0 r0 m0 f0 r0 p0
 422135311=79192177+207721170+152931572 i104042679 u379462112 u0 t10.976
2984605 2720000 67 4 w0 r0 m0 f0 r0 p0
 423932671=79524840+208598808+153592720 i104429348 u381131059 u0 t12.558
2995574 2730000 67 4 w0 r0 m0 f0 r0 p0
 425712127=79853743+209470286+154244575 i104817919 u382778103 u0 t13.185
3006468 2740000 67 4 w0 r0 m0 f0 r0 p0
 427530476=80189737+210363188+154908425 i105215774 u384460427 u0 t12.886
3017345 2750000 67 4 w0 r0 m0 f0 r0 p0
 429282158=80516129+211229607+155539554 i105600429 u386082284 u0 t12.638
3028291 2760000 87 4 w0 r0 m0 f0 r0 p0
 431022749=80838707+212080213+156177709 i105982929 u387690906 u0 t12.666
3039192 2770000 87 4 w0 r0 m0 f0 r0 p0
 432706986=81152438+212904837+156793416 i106346669 u389254212 u0 t11.599
3050078 2780000 87 4 w0 r0 m0 f0 r0 p0
 434415639=81473674+213738469+157417617 i106713268 u390842339 u0 t11.747
Shrinking basix.ix1.15
Shrinking basix.ix1.11
Mismatch Cur count: 6714116, rec_count: 6714115
Shrinking basix.ix1.1
Idx1+ lookups: 0 0 23072440 37923675 52140617 65926054 72734803 79338466 85655191 91772068 98222296 104473073 110733452 109562158 108330277 107525768 101057637 
Idx1+ positiv: 0 0 1923605 2648463 3151070 3433934 3639417 3766175 3899319 4013081 4153370 4206351 4200843 4009890 3922270 3789619 3799779 
Idx1+ found  : 0 0 1426733 1875481 2147434 2376878 2555018 2670576 2790517 2879472 2971582 3035299 3032725 3114843 3219454 3267918 3310373 
OL: 0 233869450 207765420 208417131 206549171 206165243 182601082 183207970 182869654 184349076 182953680 180978343 174875346 175438503 183918737 182178656 161460487 
CL: 0 233869450 207765420 198912767 190835209 185933193 182601082 180310489 177517917 176762211 173353198 169591260 162675259 161934060 168154905 165071891 161460487 
OC: 0 9212173 7856349 7904680 7824976 7813628 6714116 6720471 6695862 6787008 6733200 6694353 6506827 6500440 6769137 6698853 5810884 
CC: 0 9212173 7856349 7453268 7088726 6869067 6714116 6590598 6456239 6445242 6305183 6187447 5960343 5901278 6071167 5946449 5810884 
TotOL: 3037597949, TotCL: 2896748798, TotOC: 113242957, TotCC: 106868529
3060975 2790000 58 3 w0 r0 m0 f0 r0 p0
 436194854=81805932+214609996+158066394 i107096512 u392494613 u0 t94.12
3071909 2800000 58 3 w0 r0 m0 f0 r0 p0
 437892046=82123727+215438832+158687375 i107459390 u394073309 u0 t13.251
3082762 2810000 60 4 w0 r0 m0 f0 r0 p0
 439669470=82452095+216305935+159342143 i107845852 u395719453 u0 t13.188
3093667 2820000 60 4 w0 r0 m0 f0 r0 p0
 441419602=82779372+217161793+159981747 i108223909 u397343295 u0 t13.395
3104606 2830000 60 4 w0 r0 m0 f0 r0 p0
 443173811=83105467+218018715+160624845 i108601554 u398972606 u0 t12.294
3115556 2840000 63 4 w0 r0 m0 f0 r0 p0
 444855364=83417235+218840717+161241713 i108963886 u400534133 u0 t11.893
3126447 2850000 63 4 w0 r0 m0 f0 r0 p0
 446540473=83731519+219668345+161854782 i109326452 u402100639 u0 t11.834
3137354 2860000 66 4 w0 r0 m0 f0 r0 p0
 448251597=84051835+220506167+162477538 i109694241 u403690823 u0 t12.107
3148306 2870000 66 4 w0 r0 m0 f0 r0 p0
 449875954=84355682+221304826+163067050 i110042469 u405202704 u0 t11.535
3159170 2880000 66 4 w0 r0 m0 f0 r0 p0
 451518634=84662421+222105932+163669751 i110392778 u406731941 u0 t11.824
3170031 2890000 66 4 w0 r0 m0 f0 r0 p0
 453180092=84973692+222917499+164277519 i110742437 u408283646 u0 t11.789
3180938 2900000 66 4 w0 r0 m0 f0 r0 p0
 454828199=85282276+223723730+164879294 i111087381 u409825025 u0 t12.376
3191816 2910000 66 4 w0 r0 m0 f0 r0 p0
 456516928=85595432+224543663+165504398 i111446339 u411397189 u0 t12.578
3202736 2920000 77 4 w0 r0 m0 f0 r0 p0
 458233811=85917186+225387052+166127634 i111811203 u412997725 u0 t12.591
3213588 2930000 77 4 w0 r0 m0 f0 r0 p0
 459932019=86235594+226216800+166748841 i112171393 u414580309 u0 t12.7
3224450 2940000 77 4 w0 r0 m0 f0 r0 p0
 461625431=86550436+227049831+167364798 i112538684 u416151292 u0 t12.816
Shrinking basix.ix1.16
Shrinking basix.ix1.12
Mismatch Cur count: 6706198, rec_count: 6706197
Shrinking basix.ix1.2
Idx1+ lookups: 0 0 23130005 44377472 58465765 72133148 78925111 85500157 91908769 98058195 104027105 110343840 116520673 122713169 121482884 120197109 113442498 106925999 
Idx1+ positiv: 0 0 1931950 2789928 3297841 3537636 3732043 3896968 3995336 4108594 4206917 4287832 4334310 4319283 4123511 4033331 3867463 3874160 
Idx1+ found  : 0 0 1439192 1884864 2162633 2355576 2539747 2686265 2781012 2885742 2962372 3045526 3103182 3091716 3168737 3271475 3316286 3355478 
OL: 0 233015749 205948167 207765420 208417131 206549171 182340137 182601082 183207970 182869654 184349076 182953680 180978343 174875346 175438503 183918737 163946887 161460487 
CL: 0 233015749 205948167 198081094 192750315 186262318 182340137 179679635 177827627 175365322 174888175 171667397 168044023 161335271 160700468 166958164 163946887 160412587 
OC: 0 9198758 7772981 7856349 7904680 7824976 6706198 6714116 6720471 6695862 6787008 6733200 6694353 6506827 6500440 6769137 5898081 5810884 
CC: 0 9198758 7772981 7398218 7166116 6880584 6706198 6582869 6480162 6361014 6362342 6231239 6119564 5901352 5847384 6019146 5898081 5765779 
TotOL: 3200635540, TotCL: 3059223336, TotOC: 119094321, TotCC: 112691787
3235384 2950000 70 3 w0 r0 m0 f0 r0 p0
 463282691=86859492+227870019+167961633 i112894976 u417693802 u0 t109.008
3246267 2960000 100 3 w0 r0 m0 f0 r0 p0
 465024914=87184735+228725659+168595377 i113269439 u419313775 u0 t14.414
3257218 2970000 100 4 w0 r0 m0 f0 r0 p0
 466779313=87510557+229588787+169233519 i113641966 u420949339 u0 t15.128
3268155 2980000 100 4 w0 r0 m0 f0 r0 p0
 468434545=87819992+230400910+169836494 i113996893 u422488947 u0 t13.301
3278993 2990000 100 4 w0 r0 m0 f0 r0 p0
 470135916=88135889+231233506+170459681 i114360480 u424072360 u0 t17.248
3289873 3000000 100 4 w0 r0 m0 f0 r0 p0
 471736382=88436304+232013557+171046882 i114695062 u425569537 u0 t13.991
3300770 3010000 100 4 w0 r0 m0 f0 r0 p0
 473399143=88746941+232833507+171648487 i115051693 u427117719 u0 t17.244
Total lines processed: 3016706
Block Count:499, 46450
Avg Block Count:97 = 4549444 / 46450
Avg Max Count:153, 145, 100
Block Count:0, 1
Avg Block Count:0 = 0 / 1
Avg Max Count:0, 0, 0
BloomFilter
        bits: 101441636
        estimated elements: 9198758
        number hashes: 8
        max false positive rate: 0.005000
        bloom length (8 bits): 12680205
        elements added: 9198758
        estimated elements added: 9197569
        current false positive rate: 0.005017
        export size (bytes): 12680225
        number bits set: 52328088
        is on disk: no
Block Count:0, 1
Avg Block Count:0 = 0 / 1
Avg Max Count:0, 0, 0
BloomFilter
        bits: 85718519
        estimated elements: 7772981
        number hashes: 8
        max false positive rate: 0.005000
        bloom length (8 bits): 10714815
        elements added: 7772981
        estimated elements added: 7773595
        current false positive rate: 0.005017
        export size (bytes): 10714835
        number bits set: 44223675
        is on disk: no
Block Count:0, 1
Avg Block Count:0 = 0 / 1
Avg Max Count:0, 0, 0
BloomFilter
        bits: 86637880
        estimated elements: 7856349
        number hashes: 8
        max false positive rate: 0.005000
        bloom length (8 bits): 10829735
        elements added: 7856349
        estimated elements added: 7858704
        current false positive rate: 0.005017
        export size (bytes): 10829755
        number bits set: 44704706
        is on disk: no
Block Count:0, 1
Avg Block Count:0 = 0 / 1
Avg Max Count:0, 0, 0
BloomFilter
        bits: 87170863
        estimated elements: 7904680
        number hashes: 8
        max false positive rate: 0.005000
        bloom length (8 bits): 10896358
        elements added: 7904679
        estimated elements added: 7904671
        current false positive rate: 0.005017
        export size (bytes): 10896378
        number bits set: 44970512
        is on disk: no
Block Count:0, 1
Avg Block Count:0 = 0 / 1
Avg Max Count:0, 0, 0
BloomFilter
        bits: 86291907
        estimated elements: 7824976
        number hashes: 8
        max false positive rate: 0.005000
        bloom length (8 bits): 10786489
        elements added: 7824975
        estimated elements added: 7825416
        current false positive rate: 0.005017
        export size (bytes): 10786509
        number bits set: 44518808
        is on disk: no
Block Count:0, 1
Avg Block Count:0 = 0 / 1
Avg Max Count:0, 0, 0
BloomFilter
        bits: 73954299
        estimated elements: 6706198
        number hashes: 8
        max false positive rate: 0.005000
        bloom length (8 bits): 9244288
        elements added: 6706197
        estimated elements added: 6707160
        current false positive rate: 0.005017
        export size (bytes): 9244308
        number bits set: 38155986
        is on disk: no
Block Count:0, 1
Avg Block Count:0 = 0 / 1
Avg Max Count:0, 0, 0
BloomFilter
        bits: 74041616
        estimated elements: 6714116
        number hashes: 8
        max false positive rate: 0.005000
        bloom length (8 bits): 9255202
        elements added: 6714115
        estimated elements added: 6713442
        current false positive rate: 0.005017
        export size (bytes): 9255222
        number bits set: 38194696
        is on disk: no
Block Count:0, 1
Avg Block Count:0 = 0 / 1
Avg Max Count:0, 0, 0
BloomFilter
        bits: 74111698
        estimated elements: 6720471
        number hashes: 8
        max false positive rate: 0.005000
        bloom length (8 bits): 9263963
        elements added: 6720470
        estimated elements added: 6720695
        current false positive rate: 0.005017
        export size (bytes): 9263983
        number bits set: 38234326
        is on disk: no
Block Count:0, 1
Avg Block Count:0 = 0 / 1
Avg Max Count:0, 0, 0
BloomFilter
        bits: 73840316
        estimated elements: 6695862
        number hashes: 8
        max false positive rate: 0.005000
        bloom length (8 bits): 9230040
        elements added: 6695861
        estimated elements added: 6696413
        current false positive rate: 0.005017
        export size (bytes): 9230060
        number bits set: 38095591
        is on disk: no
Block Count:0, 1
Avg Block Count:0 = 0 / 1
Avg Max Count:0, 0, 0
BloomFilter
        bits: 74845451
        estimated elements: 6787008
        number hashes: 8
        max false positive rate: 0.005000
        bloom length (8 bits): 9355682
        elements added: 6787008
        estimated elements added: 6785930
        current false positive rate: 0.005017
        export size (bytes): 9355702
        number bits set: 38607822
        is on disk: no
Block Count:0, 1
Avg Block Count:0 = 0 / 1
Avg Max Count:0, 0, 0
BloomFilter
        bits: 74252070
        estimated elements: 6733200
        number hashes: 8
        max false positive rate: 0.005000
        bloom length (8 bits): 9281509
        elements added: 6733199
        estimated elements added: 6732264
        current false positive rate: 0.005017
        export size (bytes): 9281529
        number bits set: 38302250
        is on disk: no
Block Count:0, 1
Avg Block Count:0 = 0 / 1
Avg Max Count:0, 0, 0
BloomFilter
        bits: 73823675
        estimated elements: 6694353
        number hashes: 8
        max false positive rate: 0.005000
        bloom length (8 bits): 9227960
        elements added: 6694353
        estimated elements added: 6695274
        current false positive rate: 0.005017
        export size (bytes): 9227980
        number bits set: 38088440
        is on disk: no
Block Count:0, 1
Avg Block Count:0 = 0 / 1
Avg Max Count:0, 0, 0
BloomFilter
        bits: 71755684
        estimated elements: 6506827
        number hashes: 8
        max false positive rate: 0.005000
        bloom length (8 bits): 8969461
        elements added: 6506827
        estimated elements added: 6506506
        current false positive rate: 0.005017
        export size (bytes): 8969481
        number bits set: 37016773
        is on disk: no
Block Count:0, 1
Avg Block Count:0 = 0 / 1
Avg Max Count:0, 0, 0
BloomFilter
        bits: 71685250
        estimated elements: 6500440
        number hashes: 8
        max false positive rate: 0.005000
        bloom length (8 bits): 8960657
        elements added: 6500439
        estimated elements added: 6499688
        current false positive rate: 0.005017
        export size (bytes): 8960677
        number bits set: 36978768
        is on disk: no
Block Count:0, 1
Avg Block Count:0 = 0 / 1
Avg Max Count:0, 0, 0
BloomFilter
        bits: 74648375
        estimated elements: 6769137
        number hashes: 8
        max false positive rate: 0.005000
        bloom length (8 bits): 9331047
        elements added: 6769137
        estimated elements added: 6769515
        current false positive rate: 0.005017
        export size (bytes): 9331067
        number bits set: 38511789
        is on disk: no
Block Count:0, 1
Avg Block Count:0 = 0 / 1
Avg Max Count:0, 0, 0
BloomFilter
        bits: 65042584
        estimated elements: 5898081
        number hashes: 8
        max false positive rate: 0.005000
        bloom length (8 bits): 8130323
        elements added: 5898081
        estimated elements added: 5897263
        current false positive rate: 0.005017
        export size (bytes): 8130343
        number bits set: 33551631
        is on disk: no
Block Count:0, 1
Avg Block Count:0 = 0 / 1
Avg Max Count:0, 0, 0
BloomFilter
        bits: 64080997
        estimated elements: 5810884
        number hashes: 8
        max false positive rate: 0.005000
        bloom length (8 bits): 8010125
        elements added: 5810884
        estimated elements added: 5811693
        current false positive rate: 0.005017
        export size (bytes): 8010145
        number bits set: 33061857
        is on disk: no
Level Count:4
Level Count:1
Level Count:1
Level Count:1
Level Count:1
Level Count:1
Level Count:1
Level Count:1
Level Count:1
Level Count:1
Level Count:1
Level Count:1
Level Count:1
Level Count:1
Level Count:1
Level Count:1
Level Count:1
Level Count:1
3304656 4
1782920 4
Max word len: 127
Total words generated: 474520383
Words inserted 115294557
Words updated: 428159923
OUBLK INBLK
    -     -
rchar: 300131729189
wchar: 19676772963
syscr: 73174340
syscw: 4679229
read_bytes: 13323501568
write_bytes: 16270413824
cancelled_write_bytes: 33361920
26017528
31778152
