Csz: 64, pgsz: 4096
Stg buf: 1048576kb, Idx1 buf: 1048576kb, Idx1+ buf: 8192kb
Idx1 entry count limit: 25 million
10988 10000 63 3 w0 r0 m0 f0 r0 p0
 1501663=280564+736534+546799 i732629 u987122 u0 t1.768
22023 20000 63 3 w0 r0 m0 f0 r0 p0
 2969833=556529+1459387+1077009 i1316180 u2085487 u0 t1.884
33024 30000 63 4 w0 r0 m0 f0 r0 p0
 4455111=837101+2191661+1611754 i1877017 u3226548 u0 t2.127
44043 40000 91 4 w0 r0 m0 f0 r0 p0
 6020851=1126445+2951279+2192551 i2436084 u4457833 u0 t2.229
55121 50000 91 4 w0 r0 m0 f0 r0 p0
 7456147=1398962+3658349+2709577 i2939468 u5599484 u0 t2.025
66115 60000 91 4 w0 r0 m0 f0 r0 p0
 8880851=1666179+4350823+3234648 i3419104 u6749918 u0 t2.014
77117 70000 91 4 w0 r0 m0 f0 r0 p0
 10321935=1938435+5065049+3750268 i3906266 u7914960 u0 t2.11
88102 80000 91 4 w0 r0 m0 f0 r0 p0
 11700254=2200704+5742595+4246944 i4363213 u9037806 u0 t2.026
99095 90000 91 4 w0 r0 m0 f0 r0 p0
 13136962=2468232+6447219+4770729 i4834869 u10211527 u0 t2.11
110113 100000 91 4 w0 r0 m0 f0 r0 p0
 14567887=2739132+7154639+5283726 i5290840 u11395752 u0 t2.131
121109 110000 91 4 w0 r0 m0 f0 r0 p0
 15979341=3006343+7853621+5788507 i5744072 u12560404 u0 t2.126
132028 120000 91 4 w0 r0 m0 f0 r0 p0
 17529576=3286631+8592403+6381321 i6202530 u13870471 u0 t2.264
142990 130000 91 4 w0 r0 m0 f0 r0 p0
 18983246=3562515+9313266+6900099 i6652150 u15087377 u0 t2.202
153925 140000 91 4 w0 r0 m0 f0 r0 p0
 20471021=3841520+10053635+7429782 i7107103 u16337894 u0 t2.265
164855 150000 91 4 w0 r0 m0 f0 r0 p0
 21979188=4125986+10799401+7971072 i7567835 u17605454 u0 t2.314
175812 160000 91 4 w0 r0 m0 f0 r0 p0
 23581702=4417062+11563939+8582289 i8035915 u18965547 u0 t2.41
186797 170000 91 4 w0 r0 m0 f0 r0 p0
 25057302=4694184+12294315+9112151 i8483630 u20209360 u0 t2.277
197847 180000 91 4 w0 r0 m0 f0 r0 p0
 26591014=4977448+13039031+9681211 i8936396 u21510058 u0 t2.351
208776 190000 91 4 w0 r0 m0 f0 r0 p0
 28103392=5261528+13786971+10225271 i9389016 u22790724 u0 t2.352
219728 200000 91 4 w0 r0 m0 f0 r0 p0
 29608450=5546129+14533215+10762856 i9830477 u24075187 u0 t2.365
230584 210000 91 4 w0 r0 m0 f0 r0 p0
 31172079=5839074+15306099+11325356 i10287305 u25409728 u0 t2.442
241548 220000 91 4 w0 r0 m0 f0 r0 p0
 32679763=6122575+16050615+11868600 i10728860 u26695809 u0 t2.403
252514 230000 91 4 w0 r0 m0 f0 r0 p0
 34277699=6416178+16828359+12459598 i11188994 u28062718 u0 t2.527
263483 240000 91 4 w0 r0 m0 f0 r0 p0
 35775557=6699007+17569616+12996180 i11625823 u29342837 u0 t2.377
274496 250000 91 4 w0 r0 m0 f0 r0 p0
 37306382=6986514+18328557+13544391 i12066772 u30656219 u0 t2.445
285461 260000 91 4 w0 r0 m0 f0 r0 p0
 38798460=7268992+19071624+14074163 i12494982 u31939300 u0 t2.39
296415 270000 91 4 w0 r0 m0 f0 r0 p0
 40286808=7549046+19806127+14610350 i12922085 u33217611 u0 t2.402
307437 280000 91 4 w0 r0 m0 f0 r0 p0
 41792998=7832777+20553957+15148521 i13350292 u34516184 u0 t2.525
318462 290000 91 4 w0 r0 m0 f0 r0 p0
 43396945=8135807+21348388+15722664 i13806455 u35898383 u0 t2.805
329483 300000 91 4 w0 r0 m0 f0 r0 p0
 45023838=8442695+22162598+16297392 i14273166 u37298170 u0 t2.873
340525 310000 91 4 w0 r0 m0 f0 r0 p0
 46611522=8738490+22941883+16875435 i14719085 u38669830 u0 t2.53
351480 320000 115 4 w0 r0 m0 f0 r0 p0
 48197495=9039364+23732513+17435864 i15165470 u40042326 u0 t2.53
362496 330000 115 4 w0 r0 m0 f0 r0 p0
 49733153=9330690+24494894+17981449 i15594735 u41373894 u0 t2.471
373551 340000 115 4 w0 r0 m0 f0 r0 p0
 51290525=9626489+25266085+18538210 i16032087 u42722206 u0 t2.517
384689 350000 115 4 w0 r0 m0 f0 r0 p0
 52864093=9922506+26034770+19112787 i16473288 u44082729 u0 t2.539
Idx1+ lookups: 0 
Idx1+ positiv: 0 
Idx1+ found  : 0 
395874 360000 81 3 w0 r0 m0 f0 r0 p0
 54482814=10222227+26820615+19712099 i16929367 u45477765 u0 t33.154
406862 370000 82 3 w0 r0 m0 f0 r0 p0
 56129529=10531411+27615260+20322783 i17391147 u46898946 u0 t3.66
417894 380000 82 3 w0 r0 m0 f0 r0 p0
 57712939=10827913+28389797+20900694 i17836066 u48266696 u0 t3.234
428912 390000 82 4 w0 r0 m0 f0 r0 p0
 59270425=11119317+29151504+21469881 i18270779 u49614812 u0 t3.115
439874 400000 93 4 w0 r0 m0 f0 r0 p0
 60804875=11404852+29899292+22034731 i18692192 u50948956 u0 t3.035
450859 410000 93 4 w0 r0 m0 f0 r0 p0
 62351122=11693776+30659561+22596197 i19124555 u52287500 u0 t3.054
461847 420000 93 4 w0 r0 m0 f0 r0 p0
 63850824=11975377+31395903+23140104 i19539607 u53589985 u0 t2.946
472807 430000 93 4 w0 r0 m0 f0 r0 p0
 65444263=12275975+32177959+23717696 i19976861 u54977586 u0 t3.116
483790 440000 93 4 w0 r0 m0 f0 r0 p0
 67052753=12576164+32971980+24298942 i20419610 u56377655 u0 t3.135
494708 450000 93 4 w0 r0 m0 f0 r0 p0
 68705880=12884577+33787893+24895987 i20868524 u57822283 u0 t3.213
505590 460000 93 4 w0 r0 m0 f0 r0 p0
 70357917=13192981+34603737+25491973 i21317713 u59266073 u0 t3.185
516566 470000 93 4 w0 r0 m0 f0 r0 p0
 71996869=13498910+35407294+26089306 i21757299 u60702214 u0 t3.15
527520 480000 93 4 w0 r0 m0 f0 r0 p0
 73651210=13807158+36223256+26687956 i22205092 u62148935 u0 t3.165
538466 490000 93 4 w0 r0 m0 f0 r0 p0
 75328397=14119122+37045202+27301246 i22656912 u63616659 u0 t3.196
549399 500000 103 4 w0 r0 m0 f0 r0 p0
 77031657=14444781+37880830+27920554 i23113249 u65110632 u0 t3.236
560288 510000 103 4 w0 r0 m0 f0 r0 p0
 78691897=14755244+38702032+28518770 i23554355 u66571634 u0 t3.177
571192 520000 103 4 w0 r0 m0 f0 r0 p0
 80360592=15064921+39523583+29124866 i24001344 u68035123 u0 t3.165
582148 530000 103 4 w0 r0 m0 f0 r0 p0
 82044094=15379373+40351252+29736631 i24447914 u69516489 u0 t3.199
593039 540000 103 4 w0 r0 m0 f0 r0 p0
 83778969=15700366+41200465+30372728 i24899734 u71049741 u0 t3.275
604123 550000 103 4 w0 r0 m0 f0 r0 p0
 85301577=15986949+41941190+30932366 i25296658 u72395314 u0 t2.893
615220 560000 103 4 w0 r0 m0 f0 r0 p0
 86603175=16234528+42588345+31398769 i25645743 u73539247 u0 t2.471
626410 570000 103 4 w0 r0 m0 f0 r0 p0
 87874733=16473215+43206126+31867990 i25977087 u74662757 u0 t2.409
637646 580000 103 4 w0 r0 m0 f0 r0 p0
 89107118=16707388+43808787+32316445 i26295790 u75755889 u0 t2.354
648847 590000 103 4 w0 r0 m0 f0 r0 p0
 90412613=16951660+44441753+32801313 i26620959 u76923633 u0 t2.426
660023 600000 103 4 w0 r0 m0 f0 r0 p0
 91570950=17172097+45004553+33225573 i26915253 u77955938 u0 t2.213
671169 610000 103 4 w0 r0 m0 f0 r0 p0
 92720559=17392089+45568160+33643035 i27208751 u78980110 u0 t2.192
682330 620000 104 4 w0 r0 m0 f0 r0 p0
 93872563=17614200+46130772+34061676 i27501429 u80007396 u0 t2.191
693457 630000 104 4 w0 r0 m0 f0 r0 p0
 95117609=17848307+46742027+34515831 i27814270 u81119688 u0 t2.327
704731 640000 104 4 w0 r0 m0 f0 r0 p0
 96356521=18079814+47339736+34977384 i28121166 u82229506 u0 t2.323
715916 650000 104 4 w0 r0 m0 f0 r0 p0
 97508742=18300176+47903789+35395975 i28406351 u83265050 u0 t2.19
727122 660000 104 4 w0 r0 m0 f0 r0 p0
 98740979=18534472+48502649+35847850 i28710581 u84371797 u0 t2.332
738273 670000 104 4 w0 r0 m0 f0 r0 p0
 99944384=18763831+49088470+36288017 i29009102 u85452209 u0 t2.282
749495 680000 104 4 w0 r0 m0 f0 r0 p0
 101110633=18988146+49655129+36713799 i29295687 u86502085 u0 t2.216
760693 690000 104 4 w0 r0 m0 f0 r0 p0
 102322772=19218634+50241042+37161215 i29597606 u87587705 u0 t2.292
771972 700000 104 4 w0 r0 m0 f0 r0 p0
 103533405=19447840+50827756+37607308 i29897320 u88674141 u0 t2.293
783287 710000 104 4 w0 r0 m0 f0 r0 p0
 104707169=19672297+51400620+38034532 i30187981 u89728387 u0 t2.242
794503 720000 104 4 w0 r0 m0 f0 r0 p0
 105884077=19899080+51986529+38454138 i30484393 u90782935 u0 t2.233
805629 730000 104 4 w0 r0 m0 f0 r0 p0
 107102606=20129008+52567936+38912857 i30784785 u91875300 u0 t2.291
816809 740000 104 4 w0 r0 m0 f0 r0 p0
 108260442=20346670+53116721+39353020 i31063829 u92918091 u0 t2.16
Idx1+ lookups: 0 16907687 
Idx1+ positiv: 0 2659634 
Idx1+ found  : 0 2587813 
827890 750000 70 3 w0 r0 m0 f0 r0 p0
 109450263=20570289+53679196+39809019 i31352981 u93987172 u0 t33.094
839058 760000 89 3 w0 r0 m0 f0 r0 p0
 110562747=20782639+54214127+40221777 i31620192 u94993205 u0 t2.775
850231 770000 89 3 w0 r0 m0 f0 r0 p0
 111752686=21007204+54789950+40662024 i31911832 u96063102 u0 t2.835
861324 780000 89 3 w0 r0 m0 f0 r0 p0
 112864986=21220423+55328425+41070963 i32186742 u97061835 u0 t2.609
872344 790000 89 4 w0 r0 m0 f0 r0 p0
 114010109=21439524+55879572+41494848 i32459515 u98100041 u0 t2.632
883522 800000 89 4 w0 r0 m0 f0 r0 p0
 115161048=21660061+56435512+41919053 i32734766 u99142592 u0 t2.641
894714 810000 89 4 w0 r0 m0 f0 r0 p0
 116268533=21873210+56964926+42332738 i33003900 u100140572 u0 t2.477
905844 820000 89 4 w0 r0 m0 f0 r0 p0
 117391478=22087870+57507981+42746335 i33271939 u101158006 u0 t2.497
916882 830000 89 4 w0 r0 m0 f0 r0 p0
 118666012=22330007+58123971+43219027 i33587547 u102300671 u0 t2.786
927964 840000 89 4 w0 r0 m0 f0 r0 p0
 119859814=22558740+58706062+43653178 i33882590 u103373769 u0 t2.674
939033 850000 89 4 w0 r0 m0 f0 r0 p0
 121120097=22797057+59316939+44117540 i34192756 u104506318 u0 t2.794
950128 860000 89 4 w0 r0 m0 f0 r0 p0
 122354161=23032142+59920770+44564945 i34498917 u105614132 u0 t2.738
961260 870000 89 4 w0 r0 m0 f0 r0 p0
 123573714=23265156+60513662+45010532 i34798097 u106711505 u0 t2.671
972424 880000 89 4 w0 r0 m0 f0 r0 p0
 124788336=23496396+61098156+45461081 i35096160 u107803055 u0 t2.652
983571 890000 89 4 w0 r0 m0 f0 r0 p0
 125999548=23725782+61687928+45904551 i35396104 u108889760 u0 t2.654
994789 900000 89 4 w0 r0 m0 f0 r0 p0
 127172823=23948729+62252858+46339682 i35679752 u109948751 u0 t2.533
1005944 910000 89 4 w0 r0 m0 f0 r0 p0
 128418184=24183935+62848114+46805458 i35967836 u111084340 u0 t2.612
1017100 920000 89 4 w0 r0 m0 f0 r0 p0
 129545948=24400080+63392506+47221135 i36239862 u112103726 u0 t2.439
1028294 930000 89 4 w0 r0 m0 f0 r0 p0
 130643767=24609789+63922720+47625923 i36504981 u113095397 u0 t2.377
1039422 940000 89 4 w0 r0 m0 f0 r0 p0
 131802756=24830099+64485884+48050761 i36784916 u114142665 u0 t2.528
1050473 950000 89 4 w0 r0 m0 f0 r0 p0
 132969366=25052197+65053534+48476717 i37064028 u115199603 u0 t2.496
1061568 960000 89 4 w0 r0 m0 f0 r0 p0
 134157706=25282050+65633678+48906915 i37340582 u116285860 u0 t2.531
1072599 970000 89 4 w0 r0 m0 f0 r0 p0
 135407467=25517546+66234964+49372288 i37632577 u117423128 u0 t2.631
1083733 980000 89 4 w0 r0 m0 f0 r0 p0
 136514372=25732860+66779076+49768190 i37896973 u118428714 u0 t2.377
1094785 990000 89 4 w0 r0 m0 f0 r0 p0
 137634416=25949068+67323878+50175892 i38165855 u119443515 u0 t2.41
1105876 1000000 89 4 w0 r0 m0 f0 r0 p0
 138781015=26169464+67886377+50589434 i38439704 u120484696 u0 t2.45
1117034 1010000 89 4 w0 r0 m0 f0 r0 p0
 139902328=26386172+68433488+50996382 i38709598 u121499844 u0 t2.402
1128112 1020000 89 4 w0 r0 m0 f0 r0 p0
 141036705=26605393+68991950+51402445 i38983317 u122527642 u0 t2.435
1139060 1030000 89 4 w0 r0 m0 f0 r0 p0
 142284153=26846201+69605267+51850081 i39289013 u123652627 u0 t2.672
1150007 1040000 89 4 w0 r0 m0 f0 r0 p0
 143675917=27111664+70284235+52356962 i39628114 u124907311 u0 t2.949
1160894 1050000 89 4 w0 r0 m0 f0 r0 p0
 145112849=27383007+70990985+52876373 i39982857 u126199024 u0 t3.044
1171814 1060000 89 4 w0 r0 m0 f0 r0 p0
 146493466=27645470+71670517+53373699 i40324150 u127439984 u0 t2.937
1182789 1070000 89 4 w0 r0 m0 f0 r0 p0
 147885946=27910737+72358778+53871861 i40668143 u128692797 u0 t2.969
1193726 1080000 89 4 w0 r0 m0 f0 r0 p0
 149248573=28170852+73028966+54362303 i41002305 u129920489 u0 t2.889
1204582 1090000 89 4 w0 r0 m0 f0 r0 p0
 150675635=28443408+73739146+54868607 i41358116 u131201909 u0 t3.028
1215452 1100000 89 4 w0 r0 m0 f0 r0 p0
 152122476=28719425+74451995+55388560 i41709898 u132508071 u0 t3.057
1226363 1110000 89 4 w0 r0 m0 f0 r0 p0
 153617858=29001917+75190527+55926027 i42075957 u133856171 u0 t3.176
1237247 1120000 89 4 w0 r0 m0 f0 r0 p0
 155054261=29275805+75901339+56439032 i42426773 u135152278 u0 t3.06
1248176 1130000 89 4 w0 r0 m0 f0 r0 p0
 156519680=29555003+76624493+56964331 i42785721 u136473318 u0 t3.096
1259068 1140000 89 4 w0 r0 m0 f0 r0 p0
 157977948=29830686+77346072+57486978 i43143837 u137786721 u0 t3.071
1269968 1150000 89 4 w0 r0 m0 f0 r0 p0
 159450172=30110531+78082271+58007477 i43509450 u139110160 u0 t3.101
1280888 1160000 89 4 w0 r0 m0 f0 r0 p0
 160907827=30387286+78807042+58526230 i43872376 u140418838 u0 t3.068
1291754 1170000 89 4 w0 r0 m0 f0 r0 p0
 162377563=30666293+79535830+59050443 i44234308 u141742467 u0 t3.089
Idx1+ lookups: 0 16783093 31060585 
Idx1+ positiv: 0 2700730 3570949 
Idx1+ found  : 0 2630195 3432118 
1302652 1180000 52 3 w0 r0 m0 f0 r0 p0
 163860539=30948696+80270902+59578840 i44594235 u143083725 u0 t33.627
1313613 1190000 71 3 w0 r0 m0 f0 r0 p0
 165342572=31230146+81006856+60107044 i44959732 u144418003 u0 t4.471
1324596 1200000 75 3 w0 r0 m0 f0 r0 p0
 166825257=31511423+81745045+60633294 i45321678 u145756989 u0 t4.112
1335456 1210000 75 4 w0 r0 m0 f0 r0 p0
 168344658=31799164+82499352+61175129 i45695473 u147125588 u0 t4.092
1346441 1220000 75 4 w0 r0 m0 f0 r0 p0
 169903116=32093687+83267629+61736463 i46069571 u148537242 u0 t4.023
1357399 1230000 77 4 w0 r0 m0 f0 r0 p0
 171459885=32386736+84039990+62292707 i46446578 u149944874 u0 t3.987
1368385 1240000 91 4 w0 r0 m0 f0 r0 p0
 173068172=32689518+84834892+62871465 i46833304 u151401405 u0 t4.045
1379469 1250000 91 4 w0 r0 m0 f0 r0 p0
 174698505=32994406+85643477+63455849 i47230695 u152872229 u0 t4.108
1390543 1260000 91 4 w0 r0 m0 f0 r0 p0
 176336577=33299469+86446427+64054269 i47623979 u154353702 u0 t4.373
1401635 1270000 91 4 w0 r0 m0 f0 r0 p0
 177964524=33605748+87254333+64636272 i48023094 u155820988 u0 t4.241
1412662 1280000 91 4 w0 r0 m0 f0 r0 p0
 179568697=33910264+88055050+65203459 i48414730 u157270044 u0 t4.089
1423732 1290000 91 4 w0 r0 m0 f0 r0 p0
 181168959=34210477+88845071+65780281 i48803701 u158714947 u0 t4.112
1434749 1300000 91 4 w0 r0 m0 f0 r0 p0
 182828415=34519798+89661203+66382737 i49206800 u160212207 u0 t4.233
1445738 1310000 91 4 w0 r0 m0 f0 r0 p0
 184513810=34836400+90488851+66994851 i49619977 u161729322 u0 t4.351
1456743 1320000 91 4 w0 r0 m0 f0 r0 p0
 186190777=35151296+91313453+67602831 i50028236 u163241882 u0 t3.993
1467716 1330000 91 4 w0 r0 m0 f0 r0 p0
 187946945=35480337+92177165+68239998 i50452742 u164828600 u0 t4.149
1478847 1340000 91 4 w0 r0 m0 f0 r0 p0
 189697299=35804419+93033522+68881740 i50879599 u166404778 u0 t4.115
1489858 1350000 91 4 w0 r0 m0 f0 r0 p0
 191414728=36125132+93880640+69503264 i51304578 u167947076 u0 t4.039
1500812 1360000 91 4 w0 r0 m0 f0 r0 p0
 193066497=36431463+94688311+70109152 i51712637 u169429830 u0 t3.857
1511816 1370000 100 4 w0 r0 m0 f0 r0 p0
 194750555=36746208+95519892+70716925 i52120560 u170951494 u0 t3.94
1522795 1380000 100 4 w0 r0 m0 f0 r0 p0
 196383374=37050140+96326851+71306199 i52520689 u172421613 u0 t3.822
1533703 1390000 100 4 w0 r0 m0 f0 r0 p0
 198040225=37358448+97143117+71907133 i52930020 u173910136 u0 t3.861
1544569 1400000 100 4 w0 r0 m0 f0 r0 p0
 199683285=37667316+97956179+72496990 i53328722 u175394716 u0 t3.969
1555499 1410000 100 4 w0 r0 m0 f0 r0 p0
 201439474=37995459+98821930+73132258 i53752784 u176981906 u0 t4.116
1566395 1420000 100 4 w0 r0 m0 f0 r0 p0
 203165083=38317565+99678555+73751000 i54169463 u178542791 u0 t4.445
1577238 1430000 100 4 w0 r0 m0 f0 r0 p0
 204894416=38640361+100537132+74371288 i54592106 u180101537 u0 t4.336
1588118 1440000 101 4 w0 r0 m0 f0 r0 p0
 206627102=38964282+101395438+74993454 i55013351 u181665497 u0 t4.15
1598949 1450000 101 4 w0 r0 m0 f0 r0 p0
 208394406=39292777+102268869+75631799 i55438725 u183264528 u0 t4.185
1609797 1460000 101 4 w0 r0 m0 f0 r0 p0
 210170319=39622403+103146362+76274190 i55865198 u184871563 u0 t4.334
1620630 1470000 101 4 w0 r0 m0 f0 r0 p0
 211921170=39952135+104017109+76898673 i56281940 u186461122 u0 t4.341
1631477 1480000 101 4 w0 r0 m0 f0 r0 p0
 213670627=40279217+104881983+77529055 i56703093 u188043701 u0 t4.153
1642373 1490000 101 4 w0 r0 m0 f0 r0 p0
 215467929=40615467+105772455+78174765 i57130423 u189675587 u0 t4.333
1653233 1500000 101 4 w0 r0 m0 f0 r0 p0
 217268084=40950561+106663886+78823410 i57559234 u191309082 u0 t4.291
Idx1+ lookups: 0 17172561 31363213 44786754 
Idx1+ positiv: 0 2665550 3623850 4180295 
Idx1+ found  : 0 2592441 3484146 3974995 
1664130 1510000 65 3 w0 r0 m0 f0 r0 p0
 219046446=41280963+107539800+79469044 i57979414 u192925002 u0 t36.633
1675034 1520000 65 3 w0 r0 m0 f0 r0 p0
 220835404=41612975+108422057+80117534 i58403564 u194549358 u0 t4.951
1685958 1530000 69 4 w0 r0 m0 f0 r0 p0
 222654573=41950493+109317901+80778379 i58831532 u196204329 u0 t4.95
1696847 1540000 69 4 w0 r0 m0 f0 r0 p0
 224442361=42281602+110193885+81432689 i59253839 u197827702 u0 t4.79
1707676 1550000 69 4 w0 r0 m0 f0 r0 p0
 226272742=42619605+111095368+82098625 i59687831 u199488756 u0 t5.216
1718573 1560000 69 4 w0 r0 m0 f0 r0 p0
 228104597=42957580+111994802+82768470 i60119120 u201153217 u0 t5.139
1729487 1570000 69 4 w0 r0 m0 f0 r0 p0
 229880904=43285461+112866746+83417917 i60535141 u202770020 u0 t5.097
1740347 1580000 89 4 w0 r0 m0 f0 r0 p0
 231680629=43618172+113748000+84077370 i60957435 u204407110 u0 t4.879
1751207 1590000 89 4 w0 r0 m0 f0 r0 p0
 233507773=43956640+114647778+84741743 i61386971 u206068768 u0 t4.786
1762023 1600000 97 4 w0 r0 m0 f0 r0 p0
 235283992=44287479+115526027+85382484 i61804603 u207685505 u0 t4.812
1772878 1610000 97 4 w0 r0 m0 f0 r0 p0
 237058062=44615710+116394367+86032989 i62221538 u209298850 u0 t4.456
1783723 1620000 97 4 w0 r0 m0 f0 r0 p0
 238817123=44942446+117265322+86667096 i62634279 u210900749 u0 t4.424
1794607 1630000 101 4 w0 r0 m0 f0 r0 p0
 240593085=45270791+118136276+87316392 i63050348 u212516680 u0 t4.43
1805498 1640000 101 4 w0 r0 m0 f0 r0 p0
 242382851=45602364+119021975+87963254 i63469245 u214147516 u0 t4.453
1816421 1650000 101 4 w0 r0 m0 f0 r0 p0
 244178822=45933915+119909627+88614033 i63894187 u215778742 u0 t4.453
1827273 1660000 101 4 w0 r0 m0 f0 r0 p0
 245982710=46268214+120794044+89273491 i64317518 u217419589 u0 t4.454
1838160 1670000 101 4 w0 r0 m0 f0 r0 p0
 247787451=46603036+121681664+89930178 i64744095 u219058868 u0 t4.427
1849005 1680000 101 4 w0 r0 m0 f0 r0 p0
 249559255=46929845+122549529+90579632 i65155713 u220674845 u0 t4.377
1859879 1690000 101 4 w0 r0 m0 f0 r0 p0
 251260145=47246311+123393055+91190935 i65554463 u222224849 u0 t4.207
1870739 1700000 101 4 w0 r0 m0 f0 r0 p0
 253019866=47573526+124267404+91822433 i65965082 u223830500 u0 t4.307
1881698 1710000 101 4 w0 r0 m0 f0 r0 p0
 254708896=47889282+125101992+92431807 i66357118 u225373382 u0 t4.129
1892578 1720000 101 4 w0 r0 m0 f0 r0 p0
 256422005=48209762+125948816+93049301 i66754510 u226938843 u0 t4.165
1903425 1730000 101 4 w0 r0 m0 f0 r0 p0
 258151069=48531128+126803006+93675093 i67155597 u228518441 u0 t4.212
1914319 1740000 101 4 w0 r0 m0 f0 r0 p0
 259943293=48864688+127681881+94330331 i67569960 u230155013 u0 t4.339
1925121 1750000 101 4 w0 r0 m0 f0 r0 p0
 261669165=49186851+128536860+94951071 i67971520 u231731144 u0 t4.179
1936035 1760000 101 4 w0 r0 m0 f0 r0 p0
 263458272=49520220+129423171+95595224 i68393201 u233359118 u0 t4.358
1946942 1770000 101 4 w0 r0 m0 f0 r0 p0
 265176789=49839955+130265313+96222788 i68783714 u234935579 u0 t4.32
1957829 1780000 101 4 w0 r0 m0 f0 r0 p0
 266880264=50159017+131109725+96834255 i69177597 u236494139 u0 t4.22
1968722 1790000 101 4 w0 r0 m0 f0 r0 p0
 268620330=50482904+131964281+97468130 i69581489 u238082402 u0 t4.17
1979581 1800000 101 4 w0 r0 m0 f0 r0 p0
 270290901=50794936+132785153+98075566 i69970317 u239606288 u0 t4
1990482 1810000 101 4 w0 r0 m0 f0 r0 p0
 271956658=51106210+133601567+98683140 i70349641 u241134070 u0 t3.978
Idx1+ lookups: 0 17063733 31608667 44972202 57869787 
Idx1+ positiv: 0 2700308 3560654 4215777 4634886 
Idx1+ found  : 0 2627627 3419558 4010102 4365857 
2001382 1820000 68 3 w0 r0 m0 f0 r0 p0
 273619806=51416038+134416362+99290731 i70737453 u242650136 u0 t36.403
2012247 1830000 68 3 w0 r0 m0 f0 r0 p0
 275314039=51732959+135250341+99905069 i71125264 u244202513 u0 t5.244
2023129 1840000 68 4 w0 r0 m0 f0 r0 p0
 276988681=52045651+136073996+100513202 i71509557 u245735631 u0 t5.023
2034053 1850000 68 4 w0 r0 m0 f0 r0 p0
 278712839=52368393+136923507+101136969 i71903598 u247316387 u0 t5.085
2044917 1860000 68 4 w0 r0 m0 f0 r0 p0
 280377963=52680583+137747044+101736334 i72282457 u248845474 u0 t4.767
2055814 1870000 68 4 w0 r0 m0 f0 r0 p0
 282051802=52992861+138572889+102341908 i72675172 u250369971 u0 t4.75
2066728 1880000 68 4 w0 r0 m0 f0 r0 p0
 283706575=53302261+139390750+102938592 i73052613 u251888172 u0 t4.677
2077660 1890000 68 4 w0 r0 m0 f0 r0 p0
 285366456=53613913+140212111+103535051 i73432074 u253410496 u0 t4.654
2088614 1900000 68 4 w0 r0 m0 f0 r0 p0
 287041683=53926943+141034038+104145361 i73817355 u254942667 u0 t4.625
2099586 1910000 68 4 w0 r0 m0 f0 r0 p0
 288744872=54243674+141871300+104765300 i74204156 u256505831 u0 t4.666
2110524 1920000 70 4 w0 r0 m0 f0 r0 p0
 290369429=54549228+142670505+105353600 i74573775 u257996665 u0 t4.453
2121483 1930000 73 4 w0 r0 m0 f0 r0 p0
 292052012=54864406+143501540+105960075 i74961801 u259536374 u0 t4.584
2132440 1940000 115 4 w0 r0 m0 f0 r0 p0
 293694209=55170737+144308922+106557063 i75338238 u261040148 u0 t4.458
2143340 1950000 115 4 w0 r0 m0 f0 r0 p0
 295367367=55483485+145131769+107164705 i75720385 u262574179 u0 t4.515
2154286 1960000 115 4 w0 r0 m0 f0 r0 p0
 296988492=55788240+145928869+107751862 i76087692 u264063919 u0 t4.337
2165157 1970000 115 4 w0 r0 m0 f0 r0 p0
 298540929=56079143+146690357+108316845 i76438378 u265490631 u0 t4.148
2176142 1980000 115 4 w0 r0 m0 f0 r0 p0
 300107779=56372925+147461885+108884153 i76793491 u266930282 u0 t4.193
2187090 1990000 115 4 w0 r0 m0 f0 r0 p0
 301747104=56679040+148271317+109476291 i77171753 u268429843 u0 t4.365
2198031 2000000 124 4 w0 r0 m0 f0 r0 p0
 303313534=56973518+149044964+110040236 i77529368 u269867337 u0 t4.171
2208970 2010000 124 4 w0 r0 m0 f0 r0 p0
 304880489=57266755+149814873+110609645 i77881008 u271309928 u0 t4.195
2219875 2020000 124 4 w0 r0 m0 f0 r0 p0
 306462247=57567650+150599483+111174164 i78238641 u272765805 u0 t4.2
2230717 2030000 124 4 w0 r0 m0 f0 r0 p0
 307973208=57852647+151350438+111712938 i78578601 u274158171 u0 t3.992
2241553 2040000 124 4 w0 r0 m0 f0 r0 p0
 309500999=58140654+152109616+112258442 i78928211 u275559994 u0 t4.052
2252478 2050000 124 4 w0 r0 m0 f0 r0 p0
 311045082=58431999+152874154+112812027 i79281285 u276977001 u0 t4.074
2263400 2060000 124 4 w0 r0 m0 f0 r0 p0
 312587791=58722721+153634268+113368895 i79629608 u278396182 u0 t4.044
2274335 2070000 124 4 w0 r0 m0 f0 r0 p0
 314133465=59013694+154399081+113923838 i79976850 u279820554 u0 t4.041
2285238 2080000 124 4 w0 r0 m0 f0 r0 p0
 315607372=59292392+155123819+114456386 i80305941 u281180696 u0 t3.835
2296195 2090000 124 4 w0 r0 m0 f0 r0 p0
 317129293=59581750+155878650+114998713 i80644366 u282587262 u0 t3.962
2307093 2100000 124 4 w0 r0 m0 f0 r0 p0
 318676219=59876160+156649876+115546349 i80990596 u284016041 u0 t4.021
2317991 2110000 124 4 w0 r0 m0 f0 r0 p0
 320192634=60163687+157398333+116091417 i81328289 u285416667 u0 t3.916
2328915 2120000 124 4 w0 r0 m0 f0 r0 p0
 321667081=60444027+158131181+116615279 i81658142 u286777815 u0 t3.828
2339889 2130000 124 4 w0 r0 m0 f0 r0 p0
 323191382=60732124+158889320+117157775 i82003142 u288181162 u0 t3.96
2350849 2140000 124 4 w0 r0 m0 f0 r0 p0
 324694768=61015853+159638390+117692123 i82339763 u289568729 u0 t3.896
2361818 2150000 124 4 w0 r0 m0 f0 r0 p0
 326171151=61295863+160374317+118215233 i82674011 u290928621 u0 t3.83
Idx1+ lookups: 0 17077437 31508087 45187001 58017073 70535500 
Idx1+ positiv: 0 2705222 3634528 4159702 4658405 5010455 
Idx1+ found  : 0 2633083 3493647 3953021 4389260 4679501 
2372703 2160000 70 3 w0 r0 m0 f0 r0 p0
 327706821=61584829+161132257+118769022 i83016015 u292346041 u0 t35.73
2383611 2170000 70 3 w0 r0 m0 f0 r0 p0
 329144566=61857657+161847770+119279975 i83338410 u293672996 u0 t4.502
2394538 2180000 70 3 w0 r0 m0 f0 r0 p0
 330594834=62133525+162574001+119790006 i83663618 u295012536 u0 t4.425
2405448 2190000 70 4 w0 r0 m0 f0 r0 p0
 332177329=62432524+163367543+120347491 i84018620 u296472689 u0 t4.76
2416385 2200000 75 4 w0 r0 m0 f0 r0 p0
 333702627=62721355+164125446+120891346 i84359672 u297880691 u0 t4.552
2427291 2210000 75 4 w0 r0 m0 f0 r0 p0
 335184797=63002435+164859902+121421576 i84689958 u299249834 u0 t4.324
2438224 2220000 75 4 w0 r0 m0 f0 r0 p0
 336691739=63288111+165612753+121954248 i85027411 u300641320 u0 t4.372
2449156 2230000 75 4 w0 r0 m0 f0 r0 p0
 338227821=63580472+166376580+122500692 i85368285 u302062081 u0 t4.465
2460085 2240000 75 4 w0 r0 m0 f0 r0 p0
 339803532=63879850+167161588+123059107 i85721928 u303515531 u0 t4.528
2471031 2250000 75 4 w0 r0 m0 f0 r0 p0
 341456775=64190719+167976508+123655675 i86090747 u305040581 u0 t4.702
2481891 2260000 75 4 w0 r0 m0 f0 r0 p0
 343048425=64491447+168759476+124230873 i86446301 u306508164 u0 t4.487
2492839 2270000 75 4 w0 r0 m0 f0 r0 p0
 344653071=64792499+169549608+124811600 i86802252 u307990808 u0 t4.514
2503770 2280000 75 4 w0 r0 m0 f0 r0 p0
 346293048=65101839+170361430+125399635 i87173024 u309499692 u0 t4.613
2514685 2290000 75 4 w0 r0 m0 f0 r0 p0
 347905756=65403974+171155231+125983544 i87529715 u310990728 u0 t4.499
2525687 2300000 75 4 w0 r0 m0 f0 r0 p0
 349558235=65712870+171967848+126583155 i87893155 u312519245 u0 t4.591
2536614 2310000 75 4 w0 r0 m0 f0 r0 p0
 351199085=66018950+172775928+127177757 i88258000 u314033741 u0 t4.55
2547690 2320000 75 4 w0 r0 m0 f0 r0 p0
 352903067=66337286+173615552+127794626 i88640495 u315602539 u0 t4.707
2558712 2330000 92 4 w0 r0 m0 f0 r0 p0
 354606469=66655644+174456095+128410284 i89019017 u317174937 u0 t4.687
2569709 2340000 92 4 w0 r0 m0 f0 r0 p0
 356246694=66965337+175274605+128991581 i89386712 u318688870 u0 t4.53
2580699 2350000 92 4 w0 r0 m0 f0 r0 p0
 357993903=67289498+176131911+129629278 i89778633 u320297388 u0 t4.774
2591715 2360000 92 4 w0 r0 m0 f0 r0 p0
 359695362=67606592+176969103+130247449 i90157821 u321866427 u0 t4.653
2602831 2370000 92 4 w0 r0 m0 f0 r0 p0
 361461954=67935504+177839960+130887451 i90555681 u323492103 u0 t4.833
2613986 2380000 92 4 w0 r0 m0 f0 r0 p0
 363270881=68267047+178720207+131558144 i90955628 u325160966 u0 t4.883
2624949 2390000 92 4 w0 r0 m0 f0 r0 p0
 365086882=68600974+179606205+132227973 i91368460 u326825484 u0 t4.909
2635909 2400000 92 4 w0 r0 m0 f0 r0 p0
 366923047=68938890+180504145+132903184 i91787641 u328506652 u0 t4.947
2646913 2410000 92 4 w0 r0 m0 f0 r0 p0
 368677051=69262711+181360894+133548889 i92187209 u330113470 u0 t4.72
2657884 2420000 92 4 w0 r0 m0 f0 r0 p0
 370381235=69579366+182197027+134170321 i92568975 u331682448 u0 t4.57
2668918 2430000 92 4 w0 r0 m0 f0 r0 p0
 372076635=69893191+183024243+134793361 i92950818 u333240071 u0 t4.524
2679809 2440000 92 4 w0 r0 m0 f0 r0 p0
 373725842=70201816+183837774+135388608 i93328189 u334751712 u0 t4.461
2690746 2450000 92 4 w0 r0 m0 f0 r0 p0
 375397080=70512699+184665088+135990955 i93705280 u336288906 u0 t4.483
2701594 2460000 92 4 w0 r0 m0 f0 r0 p0
 377159233=70840992+185532339+136630173 i94101450 u337910431 u0 t4.705
2712475 2470000 92 4 w0 r0 m0 f0 r0 p0
 378870478=71159687+186381532+137244439 i94485959 u339486643 u0 t4.6
2723357 2480000 92 4 w0 r0 m0 f0 r0 p0
 380621259=71484776+187247021+137876713 i94874798 u341103186 u0 t4.656
Idx1+ lookups: 0 17153722 31588383 45165198 58300327 70746050 82963070 
Idx1+ positiv: 0 2716018 3627161 4244138 4607691 5022247 5325184 
Idx1+ found  : 0 2642776 3486918 4037432 4337370 4690667 4932977 
2734166 2490000 59 3 w0 r0 m0 f0 r0 p0
 382366369=71812903+188125826+138494854 i95281463 u342690465 u0 t36.731
2745023 2500000 67 3 w0 r0 m0 f0 r0 p0
 384128594=72139320+188994410+139134599 i95670696 u344319218 u0 t5.601
2755880 2510000 67 4 w0 r0 m0 f0 r0 p0
 385871344=72463106+189855265+139764508 i96060878 u345925003 u0 t5.445
2766772 2520000 78 4 w0 r0 m0 f0 r0 p0
 387632188=72789926+190721695+140404427 i96453623 u347548711 u0 t5.439
2777605 2530000 78 4 w0 r0 m0 f0 r0 p0
 389378277=73116036+191581230+141037247 i96838816 u349163117 u0 t5.259
2788466 2540000 78 4 w0 r0 m0 f0 r0 p0
 391161924=73449909+192460108+141683037 i97232263 u350811859 u0 t5.331
2799329 2550000 78 4 w0 r0 m0 f0 r0 p0
 393022585=73791979+193374918+142362800 i97643805 u352529529 u0 t5.514
2810193 2560000 127 4 w0 r0 m0 f0 r0 p0
 394755478=74114792+194231685+142988410 i98033536 u354124726 u0 t5.16
2821115 2570000 127 4 w0 r0 m0 f0 r0 p0
 396544518=74445209+195110000+143642050 i98430183 u355775539 u0 t5.254
2832025 2580000 127 4 w0 r0 m0 f0 r0 p0
 398372287=74784878+196011271+144304783 i98835069 u357463663 u0 t5.383
2842894 2590000 127 4 w0 r0 m0 f0 r0 p0
 400131939=75110841+196874364+144947988 i99223276 u359089646 u0 t5.129
2853742 2600000 127 4 w0 r0 m0 f0 r0 p0
 401982899=75452073+197787791+145620022 i99632393 u360799626 u0 t5.374
2864632 2610000 127 4 w0 r0 m0 f0 r0 p0
 403839387=75794988+198705502+146291865 i100038960 u362518805 u0 t5.353
2875503 2620000 127 4 w0 r0 m0 f0 r0 p0
 405672942=76135781+199608245+146958163 i100442981 u364214269 u0 t5.277
2886360 2630000 127 4 w0 r0 m0 f0 r0 p0
 407489778=76473367+200506029+147615508 i100842071 u365896208 u0 t5.219
2897239 2640000 127 4 w0 r0 m0 f0 r0 p0
 409304419=76811181+201399095+148274498 i101239296 u367576213 u0 t5.191
2908079 2650000 127 4 w0 r0 m0 f0 r0 p0
 411169849=77158949+202318210+148950286 i101651649 u369299809 u0 t5.311
2919336 2660000 127 4 w0 r0 m0 f0 r0 p0
 413036066=77503294+203235172+149631805 i102054145 u371032857 u0 t5.263
2930193 2670000 127 4 w0 r0 m0 f0 r0 p0
 414928905=77852214+204169308+150319175 i102469067 u372784744 u0 t5.344
2941058 2680000 127 4 w0 r0 m0 f0 r0 p0
 416733228=78186344+205058327+150974257 i102865155 u374454212 u0 t5.101
2951948 2690000 127 4 w0 r0 m0 f0 r0 p0
 418565515=78526795+205962414+151637488 i103264477 u376153059 u0 t5.154
2962792 2700000 127 4 w0 r0 m0 f0 r0 p0
 420358225=78859806+206849755+152284068 i103660187 u377810703 u0 t5.056
2973731 2710000 127 4 w0 r0 m0 f0 r0 p0
 422135311=79192177+207721170+152931572 i104042679 u379462112 u0 t4.988
2984605 2720000 127 4 w0 r0 m0 f0 r0 p0
 423932671=79524840+208598808+153592720 i104429348 u381131059 u0 t5.015
2995574 2730000 127 4 w0 r0 m0 f0 r0 p0
 425712127=79853743+209470286+154244575 i104817919 u382778103 u0 t4.967
3006468 2740000 127 4 w0 r0 m0 f0 r0 p0
 427530476=80189737+210363188+154908425 i105215774 u384460427 u0 t5.094
3017345 2750000 127 4 w0 r0 m0 f0 r0 p0
 429282158=80516129+211229607+155539554 i105600429 u386082284 u0 t4.901
3028291 2760000 127 4 w0 r0 m0 f0 r0 p0
 431022749=80838707+212080213+156177709 i105982929 u387690906 u0 t4.857
3039192 2770000 127 4 w0 r0 m0 f0 r0 p0
 432706986=81152438+212904837+156793416 i106346669 u389254212 u0 t4.74
3050078 2780000 127 4 w0 r0 m0 f0 r0 p0
 434415639=81473674+213738469+157417617 i106713268 u390842339 u0 t4.771
Idx1+ lookups: 0 17068521 31610512 45193694 58240530 70990953 83138742 95111186 
Idx1+ positiv: 0 2684232 3635625 4222446 4692363 4968059 5327970 5595157 
Idx1+ found  : 0 2611731 3494255 4016897 4422138 4635304 4935243 5142693 
3060975 2790000 58 3 w0 r0 m0 f0 r0 p0
 436194854=81805932+214609996+158066394 i107096512 u392494613 u0 t36.655
3071909 2800000 58 3 w0 r0 m0 f0 r0 p0
 437892046=82123727+215438832+158687375 i107459390 u394073309 u0 t5.624
Csz: 64, pgsz: 4096
Stg buf: 1048576kb, Idx1 buf: 1048576kb, Idx1+ buf: 8192kb
Idx1 entry count limit: 25 million
Csz: 64, pgsz: 4096
Stg buf: 1048576kb, Idx1 buf: 1048576kb, Idx1+ buf: 8192kb
Idx1 entry count limit: 25 million
10988 10000 63 3 w0 r0 m0 f0 r0 p0
 1501663=280564+736534+546799 i732629 u987122 u0 t1.771
22023 20000 63 3 w0 r0 m0 f0 r0 p0
 2969833=556529+1459387+1077009 i1316180 u2085487 u0 t1.991
33024 30000 63 4 w0 r0 m0 f0 r0 p0
 4455111=837101+2191661+1611754 i1877017 u3226548 u0 t2.075
44043 40000 91 4 w0 r0 m0 f0 r0 p0
 6020851=1126445+2951279+2192551 i2436084 u4457833 u0 t2.149
55121 50000 91 4 w0 r0 m0 f0 r0 p0
 7456147=1398962+3658349+2709577 i2939468 u5599484 u0 t2.031
66115 60000 91 4 w0 r0 m0 f0 r0 p0
 8880851=1666179+4350823+3234648 i3419104 u6749918 u0 t2.023
77117 70000 91 4 w0 r0 m0 f0 r0 p0
 10321935=1938435+5065049+3750268 i3906266 u7914960 u0 t2.098
88102 80000 91 4 w0 r0 m0 f0 r0 p0
 11700254=2200704+5742595+4246944 i4363213 u9037806 u0 t2.032
99095 90000 91 4 w0 r0 m0 f0 r0 p0
 13136962=2468232+6447219+4770729 i4834869 u10211527 u0 t2.113
110113 100000 91 4 w0 r0 m0 f0 r0 p0
 14567887=2739132+7154639+5283726 i5290840 u11395752 u0 t2.141
121109 110000 91 4 w0 r0 m0 f0 r0 p0
 15979341=3006343+7853621+5788507 i5744072 u12560404 u0 t2.126
132028 120000 91 4 w0 r0 m0 f0 r0 p0
 17529576=3286631+8592403+6381321 i6202530 u13870471 u0 t2.269
142990 130000 91 4 w0 r0 m0 f0 r0 p0
 18983246=3562515+9313266+6900099 i6652150 u15087377 u0 t2.408
153925 140000 91 4 w0 r0 m0 f0 r0 p0
 20471021=3841520+10053635+7429782 i7107103 u16337894 u0 t2.484
164855 150000 91 4 w0 r0 m0 f0 r0 p0
 21979188=4125986+10799401+7971072 i7567835 u17605454 u0 t2.399
175812 160000 91 4 w0 r0 m0 f0 r0 p0
 23581702=4417062+11563939+8582289 i8035915 u18965547 u0 t2.561
186797 170000 91 4 w0 r0 m0 f0 r0 p0
 25057302=4694184+12294315+9112151 i8483630 u20209360 u0 t2.451
197847 180000 91 4 w0 r0 m0 f0 r0 p0
 26591014=4977448+13039031+9681211 i8936396 u21510058 u0 t2.429
208776 190000 91 4 w0 r0 m0 f0 r0 p0
 28103392=5261528+13786971+10225271 i9389016 u22790724 u0 t2.368
219728 200000 91 4 w0 r0 m0 f0 r0 p0
 29608450=5546129+14533215+10762856 i9830477 u24075187 u0 t2.4
230584 210000 91 4 w0 r0 m0 f0 r0 p0
 31172079=5839074+15306099+11325356 i10287305 u25409728 u0 t2.455
241548 220000 91 4 w0 r0 m0 f0 r0 p0
 32679763=6122575+16050615+11868600 i10728860 u26695809 u0 t2.539
252514 230000 91 4 w0 r0 m0 f0 r0 p0
 34277699=6416178+16828359+12459598 i11188994 u28062718 u0 t2.536
263483 240000 91 4 w0 r0 m0 f0 r0 p0
 35775557=6699007+17569616+12996180 i11625823 u29342837 u0 t2.47
274496 250000 91 4 w0 r0 m0 f0 r0 p0
 37306382=6986514+18328557+13544391 i12066772 u30656219 u0 t2.756
285461 260000 91 4 w0 r0 m0 f0 r0 p0
 38798460=7268992+19071624+14074163 i12494982 u31939300 u0 t2.486
296415 270000 91 4 w0 r0 m0 f0 r0 p0
 40286808=7549046+19806127+14610350 i12922085 u33217611 u0 t2.578
307437 280000 91 4 w0 r0 m0 f0 r0 p0
 41792998=7832777+20553957+15148521 i13350292 u34516184 u0 t2.462
318462 290000 91 4 w0 r0 m0 f0 r0 p0
 43396945=8135807+21348388+15722664 i13806455 u35898383 u0 t2.739
329483 300000 91 4 w0 r0 m0 f0 r0 p0
 45023838=8442695+22162598+16297392 i14273166 u37298170 u0 t2.871
340525 310000 91 4 w0 r0 m0 f0 r0 p0
 46611522=8738490+22941883+16875435 i14719085 u38669830 u0 t2.584
351480 320000 115 4 w0 r0 m0 f0 r0 p0
 48197495=9039364+23732513+17435864 i15165470 u40042326 u0 t2.665
362496 330000 115 4 w0 r0 m0 f0 r0 p0
 49733153=9330690+24494894+17981449 i15594735 u41373894 u0 t2.558
373551 340000 115 4 w0 r0 m0 f0 r0 p0
 51290525=9626489+25266085+18538210 i16032087 u42722206 u0 t2.674
384689 350000 115 4 w0 r0 m0 f0 r0 p0
 52864093=9922506+26034770+19112787 i16473288 u44082729 u0 t2.622
Idx1+ lookups: 0 
Idx1+ positiv: 0 
Idx1+ found  : 0 
395874 360000 81 3 w0 r0 m0 f0 r0 p0
 54482814=10222227+26820615+19712099 i16929367 u45477765 u0 t33.621
406862 370000 82 3 w0 r0 m0 f0 r0 p0
 56129529=10531411+27615260+20322783 i17391147 u46898946 u0 t4.361
417894 380000 82 3 w0 r0 m0 f0 r0 p0
 57712939=10827913+28389797+20900694 i17836066 u48266696 u0 t3.38
428912 390000 82 4 w0 r0 m0 f0 r0 p0
 59270425=11119317+29151504+21469881 i18270779 u49614812 u0 t3.272
439874 400000 93 4 w0 r0 m0 f0 r0 p0
 60804875=11404852+29899292+22034731 i18692192 u50948956 u0 t3.166
450859 410000 93 4 w0 r0 m0 f0 r0 p0
 62351122=11693776+30659561+22596197 i19124555 u52287500 u0 t3.278
461847 420000 93 4 w0 r0 m0 f0 r0 p0
 63850824=11975377+31395903+23140104 i19539607 u53589985 u0 t3.23
472807 430000 93 4 w0 r0 m0 f0 r0 p0
 65444263=12275975+32177959+23717696 i19976861 u54977586 u0 t3.268
483790 440000 93 4 w0 r0 m0 f0 r0 p0
 67052753=12576164+32971980+24298942 i20419610 u56377655 u0 t3.304
494708 450000 93 4 w0 r0 m0 f0 r0 p0
 68705880=12884577+33787893+24895987 i20868524 u57822283 u0 t3.197
505590 460000 93 4 w0 r0 m0 f0 r0 p0
 70357917=13192981+34603737+25491973 i21317713 u59266073 u0 t3.179
516566 470000 93 4 w0 r0 m0 f0 r0 p0
 71996869=13498910+35407294+26089306 i21757299 u60702214 u0 t3.468
527520 480000 93 4 w0 r0 m0 f0 r0 p0
 73651210=13807158+36223256+26687956 i22205092 u62148935 u0 t3.404
538466 490000 93 4 w0 r0 m0 f0 r0 p0
 75328397=14119122+37045202+27301246 i22656912 u63616659 u0 t3.225
549399 500000 103 4 w0 r0 m0 f0 r0 p0
 77031657=14444781+37880830+27920554 i23113249 u65110632 u0 t3.362
560288 510000 103 4 w0 r0 m0 f0 r0 p0
 78691897=14755244+38702032+28518770 i23554355 u66571634 u0 t3.288
571192 520000 103 4 w0 r0 m0 f0 r0 p0
 80360592=15064921+39523583+29124866 i24001344 u68035123 u0 t3.155
582148 530000 103 4 w0 r0 m0 f0 r0 p0
 82044094=15379373+40351252+29736631 i24447914 u69516489 u0 t3.289
593039 540000 103 4 w0 r0 m0 f0 r0 p0
 83778969=15700366+41200465+30372728 i24899734 u71049741 u0 t3.304
604123 550000 103 4 w0 r0 m0 f0 r0 p0
 85301577=15986949+41941190+30932366 i25296658 u72395314 u0 t2.884
615220 560000 103 4 w0 r0 m0 f0 r0 p0
 86603175=16234528+42588345+31398769 i25645743 u73539247 u0 t2.458
626410 570000 103 4 w0 r0 m0 f0 r0 p0
 87874733=16473215+43206126+31867990 i25977087 u74662757 u0 t2.407
637646 580000 103 4 w0 r0 m0 f0 r0 p0
 89107118=16707388+43808787+32316445 i26295790 u75755889 u0 t2.341
648847 590000 103 4 w0 r0 m0 f0 r0 p0
 90412613=16951660+44441753+32801313 i26620959 u76923633 u0 t2.407
660023 600000 103 4 w0 r0 m0 f0 r0 p0
 91570950=17172097+45004553+33225573 i26915253 u77955938 u0 t2.202
671169 610000 103 4 w0 r0 m0 f0 r0 p0
 92720559=17392089+45568160+33643035 i27208751 u78980110 u0 t2.181
682330 620000 104 4 w0 r0 m0 f0 r0 p0
 93872563=17614200+46130772+34061676 i27501429 u80007396 u0 t2.182
693457 630000 104 4 w0 r0 m0 f0 r0 p0
 95117609=17848307+46742027+34515831 i27814270 u81119688 u0 t2.326
704731 640000 104 4 w0 r0 m0 f0 r0 p0
 96356521=18079814+47339736+34977384 i28121166 u82229506 u0 t2.315
715916 650000 104 4 w0 r0 m0 f0 r0 p0
 97508742=18300176+47903789+35395975 i28406351 u83265050 u0 t2.173
727122 660000 104 4 w0 r0 m0 f0 r0 p0
 98740979=18534472+48502649+35847850 i28710581 u84371797 u0 t2.335
738273 670000 104 4 w0 r0 m0 f0 r0 p0
 99944384=18763831+49088470+36288017 i29009102 u85452209 u0 t2.277
749495 680000 104 4 w0 r0 m0 f0 r0 p0
 101110633=18988146+49655129+36713799 i29295687 u86502085 u0 t2.209
760693 690000 104 4 w0 r0 m0 f0 r0 p0
 102322772=19218634+50241042+37161215 i29597606 u87587705 u0 t2.291
771972 700000 104 4 w0 r0 m0 f0 r0 p0
 103533405=19447840+50827756+37607308 i29897320 u88674141 u0 t2.285
783287 710000 104 4 w0 r0 m0 f0 r0 p0
 104707169=19672297+51400620+38034532 i30187981 u89728387 u0 t2.238
794503 720000 104 4 w0 r0 m0 f0 r0 p0
 105884077=19899080+51986529+38454138 i30484393 u90782935 u0 t2.219
805629 730000 104 4 w0 r0 m0 f0 r0 p0
 107102606=20129008+52567936+38912857 i30784785 u91875300 u0 t2.289
816809 740000 104 4 w0 r0 m0 f0 r0 p0
 108260442=20346670+53116721+39353020 i31063829 u92918091 u0 t2.155
Idx1+ lookups: 0 16907687 
Idx1+ positiv: 0 2659634 
Idx1+ found  : 0 2587813 
827890 750000 70 3 w0 r0 m0 f0 r0 p0
 109450263=20570289+53679196+39809019 i31352981 u93987172 u0 t32.772
839058 760000 89 3 w0 r0 m0 f0 r0 p0
 110562747=20782639+54214127+40221777 i31620192 u94993205 u0 t2.988
850231 770000 89 3 w0 r0 m0 f0 r0 p0
 111752686=21007204+54789950+40662024 i31911832 u96063102 u0 t2.868
861324 780000 89 3 w0 r0 m0 f0 r0 p0
 112864986=21220423+55328425+41070963 i32186742 u97061835 u0 t2.553
872344 790000 89 4 w0 r0 m0 f0 r0 p0
 114010109=21439524+55879572+41494848 i32459515 u98100041 u0 t2.752
883522 800000 89 4 w0 r0 m0 f0 r0 p0
 115161048=21660061+56435512+41919053 i32734766 u99142592 u0 t2.721
894714 810000 89 4 w0 r0 m0 f0 r0 p0
 116268533=21873210+56964926+42332738 i33003900 u100140572 u0 t2.504
905844 820000 89 4 w0 r0 m0 f0 r0 p0
 117391478=22087870+57507981+42746335 i33271939 u101158006 u0 t2.504
916882 830000 89 4 w0 r0 m0 f0 r0 p0
 118666012=22330007+58123971+43219027 i33587547 u102300671 u0 t2.822
927964 840000 89 4 w0 r0 m0 f0 r0 p0
 119859814=22558740+58706062+43653178 i33882590 u103373769 u0 t2.665
939033 850000 89 4 w0 r0 m0 f0 r0 p0
 121120097=22797057+59316939+44117540 i34192756 u104506318 u0 t2.786
950128 860000 89 4 w0 r0 m0 f0 r0 p0
 122354161=23032142+59920770+44564945 i34498917 u105614132 u0 t2.72
961260 870000 89 4 w0 r0 m0 f0 r0 p0
 123573714=23265156+60513662+45010532 i34798097 u106711505 u0 t2.665
972424 880000 89 4 w0 r0 m0 f0 r0 p0
 124788336=23496396+61098156+45461081 i35096160 u107803055 u0 t2.654
983571 890000 89 4 w0 r0 m0 f0 r0 p0
 125999548=23725782+61687928+45904551 i35396104 u108889760 u0 t2.64
994789 900000 89 4 w0 r0 m0 f0 r0 p0
 127172823=23948729+62252858+46339682 i35679752 u109948751 u0 t2.522
1005944 910000 89 4 w0 r0 m0 f0 r0 p0
 128418184=24183935+62848114+46805458 i35967836 u111084340 u0 t2.594
1017100 920000 89 4 w0 r0 m0 f0 r0 p0
 129545948=24400080+63392506+47221135 i36239862 u112103726 u0 t2.433
1028294 930000 89 4 w0 r0 m0 f0 r0 p0
 130643767=24609789+63922720+47625923 i36504981 u113095397 u0 t2.367
1039422 940000 89 4 w0 r0 m0 f0 r0 p0
 131802756=24830099+64485884+48050761 i36784916 u114142665 u0 t2.493
1050473 950000 89 4 w0 r0 m0 f0 r0 p0
 132969366=25052197+65053534+48476717 i37064028 u115199603 u0 t2.481
1061568 960000 89 4 w0 r0 m0 f0 r0 p0
 134157706=25282050+65633678+48906915 i37340582 u116285860 u0 t2.525
1072599 970000 89 4 w0 r0 m0 f0 r0 p0
 135407467=25517546+66234964+49372288 i37632577 u117423128 u0 t2.618
1083733 980000 89 4 w0 r0 m0 f0 r0 p0
 136514372=25732860+66779076+49768190 i37896973 u118428714 u0 t2.365
1094785 990000 89 4 w0 r0 m0 f0 r0 p0
 137634416=25949068+67323878+50175892 i38165855 u119443515 u0 t2.39
1105876 1000000 89 4 w0 r0 m0 f0 r0 p0
 138781015=26169464+67886377+50589434 i38439704 u120484696 u0 t2.448
1117034 1010000 89 4 w0 r0 m0 f0 r0 p0
 139902328=26386172+68433488+50996382 i38709598 u121499844 u0 t2.402
1128112 1020000 89 4 w0 r0 m0 f0 r0 p0
 141036705=26605393+68991950+51402445 i38983317 u122527642 u0 t2.427
1139060 1030000 89 4 w0 r0 m0 f0 r0 p0
 142284153=26846201+69605267+51850081 i39289013 u123652627 u0 t2.658
1150007 1040000 89 4 w0 r0 m0 f0 r0 p0
 143675917=27111664+70284235+52356962 i39628114 u124907311 u0 t2.945
1160894 1050000 89 4 w0 r0 m0 f0 r0 p0
 145112849=27383007+70990985+52876373 i39982857 u126199024 u0 t3.102
1171814 1060000 89 4 w0 r0 m0 f0 r0 p0
 146493466=27645470+71670517+53373699 i40324150 u127439984 u0 t2.944
1182789 1070000 89 4 w0 r0 m0 f0 r0 p0
 147885946=27910737+72358778+53871861 i40668143 u128692797 u0 t2.963
1193726 1080000 89 4 w0 r0 m0 f0 r0 p0
 149248573=28170852+73028966+54362303 i41002305 u129920489 u0 t2.884
1204582 1090000 89 4 w0 r0 m0 f0 r0 p0
 150675635=28443408+73739146+54868607 i41358116 u131201909 u0 t3.02
1215452 1100000 89 4 w0 r0 m0 f0 r0 p0
 152122476=28719425+74451995+55388560 i41709898 u132508071 u0 t3.045
1226363 1110000 89 4 w0 r0 m0 f0 r0 p0
 153617858=29001917+75190527+55926027 i42075957 u133856171 u0 t3.151
1237247 1120000 89 4 w0 r0 m0 f0 r0 p0
 155054261=29275805+75901339+56439032 i42426773 u135152278 u0 t3.004
1248176 1130000 89 4 w0 r0 m0 f0 r0 p0
 156519680=29555003+76624493+56964331 i42785721 u136473318 u0 t3.078
1259068 1140000 89 4 w0 r0 m0 f0 r0 p0
 157977948=29830686+77346072+57486978 i43143837 u137786721 u0 t3.06
1269968 1150000 89 4 w0 r0 m0 f0 r0 p0
 159450172=30110531+78082271+58007477 i43509450 u139110160 u0 t3.09
1280888 1160000 89 4 w0 r0 m0 f0 r0 p0
 160907827=30387286+78807042+58526230 i43872376 u140418838 u0 t3.054
1291754 1170000 89 4 w0 r0 m0 f0 r0 p0
 162377563=30666293+79535830+59050443 i44234308 u141742467 u0 t3.083
Idx1+ lookups: 0 16783093 31060585 
Idx1+ positiv: 0 2700730 3570949 
Idx1+ found  : 0 2630195 3432118 
1302652 1180000 52 3 w0 r0 m0 f0 r0 p0
 163860539=30948696+80270902+59578840 i44594235 u143083725 u0 t33.213
1313613 1190000 71 3 w0 r0 m0 f0 r0 p0
 165342572=31230146+81006856+60107044 i44959732 u144418003 u0 t3.982
1324596 1200000 75 3 w0 r0 m0 f0 r0 p0
 166825257=31511423+81745045+60633294 i45321678 u145756989 u0 t3.778
