Csz: 64, pgsz: 4096
Stg buf: 1048576kb, Idx1 buf: 1048576kb, Idx1+ buf: 8192kb
Idx1 entry count limit: 25 million
10988 10000 63 3 w0 r0 m0 f0 r0 p0
 1501663=280564+736534+546799 i732629 u987122 u0 t1.816
22023 20000 63 3 w0 r0 m0 f0 r0 p0
 2969833=556529+1459387+1077009 i1316180 u2085487 u0 t1.943
33024 30000 63 4 w0 r0 m0 f0 r0 p0
 4455111=837101+2191661+1611754 i1877017 u3226548 u0 t2.136
44043 40000 91 4 w0 r0 m0 f0 r0 p0
 6020851=1126445+2951279+2192551 i2436084 u4457833 u0 t2.402
55121 50000 91 4 w0 r0 m0 f0 r0 p0
 7456147=1398962+3658349+2709577 i2939468 u5599484 u0 t2.143
66115 60000 91 4 w0 r0 m0 f0 r0 p0
 8880851=1666179+4350823+3234648 i3419104 u6749918 u0 t2.104
77117 70000 91 4 w0 r0 m0 f0 r0 p0
 10321935=1938435+5065049+3750268 i3906266 u7914960 u0 t2.149
88102 80000 91 4 w0 r0 m0 f0 r0 p0
 11700254=2200704+5742595+4246944 i4363213 u9037806 u0 t2.101
99095 90000 91 4 w0 r0 m0 f0 r0 p0
 13136962=2468232+6447219+4770729 i4834869 u10211527 u0 t2.178
110113 100000 91 4 w0 r0 m0 f0 r0 p0
 14567887=2739132+7154639+5283726 i5290840 u11395752 u0 t2.191
121109 110000 91 4 w0 r0 m0 f0 r0 p0
 15979341=3006343+7853621+5788507 i5744072 u12560404 u0 t2.193
132028 120000 91 4 w0 r0 m0 f0 r0 p0
 17529576=3286631+8592403+6381321 i6202530 u13870471 u0 t2.311
142990 130000 91 4 w0 r0 m0 f0 r0 p0
 18983246=3562515+9313266+6900099 i6652150 u15087377 u0 t2.275
153925 140000 91 4 w0 r0 m0 f0 r0 p0
 20471021=3841520+10053635+7429782 i7107103 u16337894 u0 t2.304
164855 150000 91 4 w0 r0 m0 f0 r0 p0
 21979188=4125986+10799401+7971072 i7567835 u17605454 u0 t2.357
175812 160000 91 4 w0 r0 m0 f0 r0 p0
 23581702=4417062+11563939+8582289 i8035915 u18965547 u0 t2.444
186797 170000 91 4 w0 r0 m0 f0 r0 p0
 25057302=4694184+12294315+9112151 i8483630 u20209360 u0 t2.321
197847 180000 91 4 w0 r0 m0 f0 r0 p0
 26591014=4977448+13039031+9681211 i8936396 u21510058 u0 t2.39
208776 190000 91 4 w0 r0 m0 f0 r0 p0
 28103392=5261528+13786971+10225271 i9389016 u22790724 u0 t2.39
219728 200000 91 4 w0 r0 m0 f0 r0 p0
 29608450=5546129+14533215+10762856 i9830477 u24075187 u0 t2.402
230584 210000 91 4 w0 r0 m0 f0 r0 p0
 31172079=5839074+15306099+11325356 i10287305 u25409728 u0 t2.535
241548 220000 91 4 w0 r0 m0 f0 r0 p0
 32679763=6122575+16050615+11868600 i10728860 u26695809 u0 t2.609
252514 230000 91 4 w0 r0 m0 f0 r0 p0
 34277699=6416178+16828359+12459598 i11188994 u28062718 u0 t2.567
263483 240000 91 4 w0 r0 m0 f0 r0 p0
 35775557=6699007+17569616+12996180 i11625823 u29342837 u0 t2.43
274496 250000 91 4 w0 r0 m0 f0 r0 p0
 37306382=6986514+18328557+13544391 i12066772 u30656219 u0 t2.489
285461 260000 91 4 w0 r0 m0 f0 r0 p0
 38798460=7268992+19071624+14074163 i12494982 u31939300 u0 t2.442
296415 270000 91 4 w0 r0 m0 f0 r0 p0
 40286808=7549046+19806127+14610350 i12922085 u33217611 u0 t2.423
307437 280000 91 4 w0 r0 m0 f0 r0 p0
 41792998=7832777+20553957+15148521 i13350292 u34516184 u0 t2.463
318462 290000 91 4 w0 r0 m0 f0 r0 p0
 43396945=8135807+21348388+15722664 i13806455 u35898383 u0 t2.609
329483 300000 91 4 w0 r0 m0 f0 r0 p0
 45023838=8442695+22162598+16297392 i14273166 u37298170 u0 t2.663
340525 310000 91 4 w0 r0 m0 f0 r0 p0
 46611522=8738490+22941883+16875435 i14719085 u38669830 u0 t2.571
351480 320000 115 4 w0 r0 m0 f0 r0 p0
 48197495=9039364+23732513+17435864 i15165470 u40042326 u0 t2.572
362496 330000 115 4 w0 r0 m0 f0 r0 p0
 49733153=9330690+24494894+17981449 i15594735 u41373894 u0 t2.521
373551 340000 115 4 w0 r0 m0 f0 r0 p0
 51290525=9626489+25266085+18538210 i16032087 u42722206 u0 t2.56
384689 350000 115 4 w0 r0 m0 f0 r0 p0
 52864093=9922506+26034770+19112787 i16473288 u44082729 u0 t2.582
Idx1+ lookups: 0 
Idx1+ positiv: 0 
Idx1+ found  : 0 
395874 360000 81 3 w0 r0 m0 f0 r0 p0
 54482814=10222227+26820615+19712099 i16929367 u45477765 u0 t20.854
406862 370000 82 3 w0 r0 m0 f0 r0 p0
 56129529=10531411+27615260+20322783 i17391147 u46898946 u0 t4.108
417894 380000 82 3 w0 r0 m0 f0 r0 p0
 57712939=10827913+28389797+20900694 i17836066 u48266696 u0 t3.571
428912 390000 82 4 w0 r0 m0 f0 r0 p0
 59270425=11119317+29151504+21469881 i18270779 u49614812 u0 t3.456
439874 400000 93 4 w0 r0 m0 f0 r0 p0
 60804875=11404852+29899292+22034731 i18692192 u50948956 u0 t3.316
450859 410000 93 4 w0 r0 m0 f0 r0 p0
 62351122=11693776+30659561+22596197 i19124555 u52287500 u0 t3.291
461847 420000 93 4 w0 r0 m0 f0 r0 p0
 63850824=11975377+31395903+23140104 i19539607 u53589985 u0 t3.214
472807 430000 93 4 w0 r0 m0 f0 r0 p0
 65444263=12275975+32177959+23717696 i19976861 u54977586 u0 t3.354
483790 440000 93 4 w0 r0 m0 f0 r0 p0
 67052753=12576164+32971980+24298942 i20419610 u56377655 u0 t3.348
494708 450000 93 4 w0 r0 m0 f0 r0 p0
 68705880=12884577+33787893+24895987 i20868524 u57822283 u0 t3.402
505590 460000 93 4 w0 r0 m0 f0 r0 p0
 70357917=13192981+34603737+25491973 i21317713 u59266073 u0 t3.417
516566 470000 93 4 w0 r0 m0 f0 r0 p0
 71996869=13498910+35407294+26089306 i21757299 u60702214 u0 t3.364
527520 480000 93 4 w0 r0 m0 f0 r0 p0
 73651210=13807158+36223256+26687956 i22205092 u62148935 u0 t3.357
538466 490000 93 4 w0 r0 m0 f0 r0 p0
 75328397=14119122+37045202+27301246 i22656912 u63616659 u0 t3.427
549399 500000 103 4 w0 r0 m0 f0 r0 p0
 77031657=14444781+37880830+27920554 i23113249 u65110632 u0 t3.428
560288 510000 103 4 w0 r0 m0 f0 r0 p0
 78691897=14755244+38702032+28518770 i23554355 u66571634 u0 t3.337
571192 520000 103 4 w0 r0 m0 f0 r0 p0
 80360592=15064921+39523583+29124866 i24001344 u68035123 u0 t3.327
582148 530000 103 4 w0 r0 m0 f0 r0 p0
 82044094=15379373+40351252+29736631 i24447914 u69516489 u0 t3.437
593039 540000 103 4 w0 r0 m0 f0 r0 p0
 83778969=15700366+41200465+30372728 i24899734 u71049741 u0 t3.492
604123 550000 103 4 w0 r0 m0 f0 r0 p0
 85301577=15986949+41941190+30932366 i25296658 u72395314 u0 t3.001
615220 560000 103 4 w0 r0 m0 f0 r0 p0
 86603175=16234528+42588345+31398769 i25645743 u73539247 u0 t2.569
626410 570000 103 4 w0 r0 m0 f0 r0 p0
 87874733=16473215+43206126+31867990 i25977087 u74662757 u0 t2.52
637646 580000 103 4 w0 r0 m0 f0 r0 p0
 89107118=16707388+43808787+32316445 i26295790 u75755889 u0 t2.439
648847 590000 103 4 w0 r0 m0 f0 r0 p0
 90412613=16951660+44441753+32801313 i26620959 u76923633 u0 t2.51
660023 600000 103 4 w0 r0 m0 f0 r0 p0
 91570950=17172097+45004553+33225573 i26915253 u77955938 u0 t2.298
671169 610000 103 4 w0 r0 m0 f0 r0 p0
 92720559=17392089+45568160+33643035 i27208751 u78980110 u0 t2.278
682330 620000 104 4 w0 r0 m0 f0 r0 p0
 93872563=17614200+46130772+34061676 i27501429 u80007396 u0 t2.273
693457 630000 104 4 w0 r0 m0 f0 r0 p0
 95117609=17848307+46742027+34515831 i27814270 u81119688 u0 t2.416
704731 640000 104 4 w0 r0 m0 f0 r0 p0
 96356521=18079814+47339736+34977384 i28121166 u82229506 u0 t2.41
715916 650000 104 4 w0 r0 m0 f0 r0 p0
 97508742=18300176+47903789+35395975 i28406351 u83265050 u0 t2.265
727122 660000 104 4 w0 r0 m0 f0 r0 p0
 98740979=18534472+48502649+35847850 i28710581 u84371797 u0 t2.436
738273 670000 104 4 w0 r0 m0 f0 r0 p0
 99944384=18763831+49088470+36288017 i29009102 u85452209 u0 t2.362
749495 680000 104 4 w0 r0 m0 f0 r0 p0
 101110633=18988146+49655129+36713799 i29295687 u86502085 u0 t2.286
760693 690000 104 4 w0 r0 m0 f0 r0 p0
 102322772=19218634+50241042+37161215 i29597606 u87587705 u0 t2.378
771972 700000 104 4 w0 r0 m0 f0 r0 p0
 103533405=19447840+50827756+37607308 i29897320 u88674141 u0 t2.371
783287 710000 104 4 w0 r0 m0 f0 r0 p0
 104707169=19672297+51400620+38034532 i30187981 u89728387 u0 t2.314
794503 720000 104 4 w0 r0 m0 f0 r0 p0
 105884077=19899080+51986529+38454138 i30484393 u90782935 u0 t2.295
805629 730000 104 4 w0 r0 m0 f0 r0 p0
 107102606=20129008+52567936+38912857 i30784785 u91875300 u0 t2.363
816809 740000 104 4 w0 r0 m0 f0 r0 p0
 108260442=20346670+53116721+39353020 i31063829 u92918091 u0 t2.233
Idx1+ lookups: 0 16907687 
Idx1+ positiv: 0 2602170 
Idx1+ found  : 0 2587813 
827890 750000 70 3 w0 r0 m0 f0 r0 p0
 109450263=20570289+53679196+39809019 i31352981 u93987172 u0 t20.933
839058 760000 89 3 w0 r0 m0 f0 r0 p0
 110562747=20782639+54214127+40221777 i31620192 u94993205 u0 t3.179
850231 770000 89 3 w0 r0 m0 f0 r0 p0
 111752686=21007204+54789950+40662024 i31911832 u96063102 u0 t3.15
861324 780000 89 3 w0 r0 m0 f0 r0 p0
 112864986=21220423+55328425+41070963 i32186742 u97061835 u0 t2.862
872344 790000 89 4 w0 r0 m0 f0 r0 p0
 114010109=21439524+55879572+41494848 i32459515 u98100041 u0 t2.891
883522 800000 89 4 w0 r0 m0 f0 r0 p0
 115161048=21660061+56435512+41919053 i32734766 u99142592 u0 t2.911
894714 810000 89 4 w0 r0 m0 f0 r0 p0
 116268533=21873210+56964926+42332738 i33003900 u100140572 u0 t2.773
905844 820000 89 4 w0 r0 m0 f0 r0 p0
 117391478=22087870+57507981+42746335 i33271939 u101158006 u0 t2.769
916882 830000 89 4 w0 r0 m0 f0 r0 p0
 118666012=22330007+58123971+43219027 i33587547 u102300671 u0 t3.044
927964 840000 89 4 w0 r0 m0 f0 r0 p0
 119859814=22558740+58706062+43653178 i33882590 u103373769 u0 t2.885
939033 850000 89 4 w0 r0 m0 f0 r0 p0
 121120097=22797057+59316939+44117540 i34192756 u104506318 u0 t3.047
950128 860000 89 4 w0 r0 m0 f0 r0 p0
 122354161=23032142+59920770+44564945 i34498917 u105614132 u0 t2.949
961260 870000 89 4 w0 r0 m0 f0 r0 p0
 123573714=23265156+60513662+45010532 i34798097 u106711505 u0 t2.888
972424 880000 89 4 w0 r0 m0 f0 r0 p0
 124788336=23496396+61098156+45461081 i35096160 u107803055 u0 t2.867
983571 890000 89 4 w0 r0 m0 f0 r0 p0
 125999548=23725782+61687928+45904551 i35396104 u108889760 u0 t2.853
994789 900000 89 4 w0 r0 m0 f0 r0 p0
 127172823=23948729+62252858+46339682 i35679752 u109948751 u0 t2.721
1005944 910000 89 4 w0 r0 m0 f0 r0 p0
 128418184=24183935+62848114+46805458 i35967836 u111084340 u0 t2.786
1017100 920000 89 4 w0 r0 m0 f0 r0 p0
 129545948=24400080+63392506+47221135 i36239862 u112103726 u0 t2.614
1028294 930000 89 4 w0 r0 m0 f0 r0 p0
 130643767=24609789+63922720+47625923 i36504981 u113095397 u0 t2.536
1039422 940000 89 4 w0 r0 m0 f0 r0 p0
 131802756=24830099+64485884+48050761 i36784916 u114142665 u0 t2.666
1050473 950000 89 4 w0 r0 m0 f0 r0 p0
 132969366=25052197+65053534+48476717 i37064028 u115199603 u0 t2.651
1061568 960000 89 4 w0 r0 m0 f0 r0 p0
 134157706=25282050+65633678+48906915 i37340582 u116285860 u0 t2.688
1072599 970000 89 4 w0 r0 m0 f0 r0 p0
 135407467=25517546+66234964+49372288 i37632577 u117423128 u0 t2.791
1083733 980000 89 4 w0 r0 m0 f0 r0 p0
 136514372=25732860+66779076+49768190 i37896973 u118428714 u0 t2.518
1094785 990000 89 4 w0 r0 m0 f0 r0 p0
 137634416=25949068+67323878+50175892 i38165855 u119443515 u0 t2.539
1105876 1000000 89 4 w0 r0 m0 f0 r0 p0
 138781015=26169464+67886377+50589434 i38439704 u120484696 u0 t2.604
1117034 1010000 89 4 w0 r0 m0 f0 r0 p0
 139902328=26386172+68433488+50996382 i38709598 u121499844 u0 t2.531
1128112 1020000 89 4 w0 r0 m0 f0 r0 p0
 141036705=26605393+68991950+51402445 i38983317 u122527642 u0 t2.573
1139060 1030000 89 4 w0 r0 m0 f0 r0 p0
 142284153=26846201+69605267+51850081 i39289013 u123652627 u0 t2.827
1150007 1040000 89 4 w0 r0 m0 f0 r0 p0
 143675917=27111664+70284235+52356962 i39628114 u124907311 u0 t3.12
1160894 1050000 89 4 w0 r0 m0 f0 r0 p0
 145112849=27383007+70990985+52876373 i39982857 u126199024 u0 t3.216
1171814 1060000 89 4 w0 r0 m0 f0 r0 p0
 146493466=27645470+71670517+53373699 i40324150 u127439984 u0 t3.105
1182789 1070000 89 4 w0 r0 m0 f0 r0 p0
 147885946=27910737+72358778+53871861 i40668143 u128692797 u0 t3.129
1193726 1080000 89 4 w0 r0 m0 f0 r0 p0
 149248573=28170852+73028966+54362303 i41002305 u129920489 u0 t3.045
1204582 1090000 89 4 w0 r0 m0 f0 r0 p0
 150675635=28443408+73739146+54868607 i41358116 u131201909 u0 t3.187
1215452 1100000 89 4 w0 r0 m0 f0 r0 p0
 152122476=28719425+74451995+55388560 i41709898 u132508071 u0 t3.215
1226363 1110000 89 4 w0 r0 m0 f0 r0 p0
 153617858=29001917+75190527+55926027 i42075957 u133856171 u0 t3.326
1237247 1120000 89 4 w0 r0 m0 f0 r0 p0
 155054261=29275805+75901339+56439032 i42426773 u135152278 u0 t3.173
1248176 1130000 89 4 w0 r0 m0 f0 r0 p0
 156519680=29555003+76624493+56964331 i42785721 u136473318 u0 t3.243
1259068 1140000 89 4 w0 r0 m0 f0 r0 p0
 157977948=29830686+77346072+57486978 i43143837 u137786721 u0 t3.234
1269968 1150000 89 4 w0 r0 m0 f0 r0 p0
 159450172=30110531+78082271+58007477 i43509450 u139110160 u0 t3.247
1280888 1160000 89 4 w0 r0 m0 f0 r0 p0
 160907827=30387286+78807042+58526230 i43872376 u140418838 u0 t3.222
1291754 1170000 89 4 w0 r0 m0 f0 r0 p0
 162377563=30666293+79535830+59050443 i44234308 u141742467 u0 t3.238
Idx1+ lookups: 0 16783093 31060585 
Idx1+ positiv: 0 2644348 3459976 
Idx1+ found  : 0 2630195 3432118 
1302652 1180000 52 3 w0 r0 m0 f0 r0 p0
 163860539=30948696+80270902+59578840 i44594235 u143083725 u0 t21.411
1313613 1190000 71 3 w0 r0 m0 f0 r0 p0
 165342572=31230146+81006856+60107044 i44959732 u144418003 u0 t4.483
1324596 1200000 75 3 w0 r0 m0 f0 r0 p0
 166825257=31511423+81745045+60633294 i45321678 u145756989 u0 t4.166
1335456 1210000 75 4 w0 r0 m0 f0 r0 p0
 168344658=31799164+82499352+61175129 i45695473 u147125588 u0 t4.15
1346441 1220000 75 4 w0 r0 m0 f0 r0 p0
 169903116=32093687+83267629+61736463 i46069571 u148537242 u0 t4.157
1357399 1230000 77 4 w0 r0 m0 f0 r0 p0
 171459885=32386736+84039990+62292707 i46446578 u149944874 u0 t4.121
1368385 1240000 91 4 w0 r0 m0 f0 r0 p0
 173068172=32689518+84834892+62871465 i46833304 u151401405 u0 t4.177
1379469 1250000 91 4 w0 r0 m0 f0 r0 p0
 174698505=32994406+85643477+63455849 i47230695 u152872229 u0 t4.227
1390543 1260000 91 4 w0 r0 m0 f0 r0 p0
 176336577=33299469+86446427+64054269 i47623979 u154353702 u0 t4.18
1401635 1270000 91 4 w0 r0 m0 f0 r0 p0
 177964524=33605748+87254333+64636272 i48023094 u155820988 u0 t4.136
1412662 1280000 91 4 w0 r0 m0 f0 r0 p0
 179568697=33910264+88055050+65203459 i48414730 u157270044 u0 t4.078
1423732 1290000 91 4 w0 r0 m0 f0 r0 p0
 181168959=34210477+88845071+65780281 i48803701 u158714947 u0 t4.01
1434749 1300000 91 4 w0 r0 m0 f0 r0 p0
 182828415=34519798+89661203+66382737 i49206800 u160212207 u0 t4.117
1445738 1310000 91 4 w0 r0 m0 f0 r0 p0
 184513810=34836400+90488851+66994851 i49619977 u161729322 u0 t4.153
1456743 1320000 91 4 w0 r0 m0 f0 r0 p0
 186190777=35151296+91313453+67602831 i50028236 u163241882 u0 t4.124
1467716 1330000 91 4 w0 r0 m0 f0 r0 p0
 187946945=35480337+92177165+68239998 i50452742 u164828600 u0 t4.287
1478847 1340000 91 4 w0 r0 m0 f0 r0 p0
 189697299=35804419+93033522+68881740 i50879599 u166404778 u0 t4.239
1489858 1350000 91 4 w0 r0 m0 f0 r0 p0
 191414728=36125132+93880640+69503264 i51304578 u167947076 u0 t4.17
1500812 1360000 91 4 w0 r0 m0 f0 r0 p0
 193066497=36431463+94688311+70109152 i51712637 u169429830 u0 t3.979
1511816 1370000 100 4 w0 r0 m0 f0 r0 p0
 194750555=36746208+95519892+70716925 i52120560 u170951494 u0 t4.063
1522795 1380000 100 4 w0 r0 m0 f0 r0 p0
 196383374=37050140+96326851+71306199 i52520689 u172421613 u0 t3.934
1533703 1390000 100 4 w0 r0 m0 f0 r0 p0
 198040225=37358448+97143117+71907133 i52930020 u173910136 u0 t3.966
1544569 1400000 100 4 w0 r0 m0 f0 r0 p0
 199683285=37667316+97956179+72496990 i53328722 u175394716 u0 t3.935
1555499 1410000 100 4 w0 r0 m0 f0 r0 p0
 201439474=37995459+98821930+73132258 i53752784 u176981906 u0 t4.179
1566395 1420000 100 4 w0 r0 m0 f0 r0 p0
 203165083=38317565+99678555+73751000 i54169463 u178542791 u0 t4.111
1577238 1430000 100 4 w0 r0 m0 f0 r0 p0
 204894416=38640361+100537132+74371288 i54592106 u180101537 u0 t4.113
1588118 1440000 101 4 w0 r0 m0 f0 r0 p0
 206627102=38964282+101395438+74993454 i55013351 u181665497 u0 t4.114
1598949 1450000 101 4 w0 r0 m0 f0 r0 p0
 208394406=39292777+102268869+75631799 i55438725 u183264528 u0 t4.171
1609797 1460000 101 4 w0 r0 m0 f0 r0 p0
 210170319=39622403+103146362+76274190 i55865198 u184871563 u0 t4.176
1620630 1470000 101 4 w0 r0 m0 f0 r0 p0
 211921170=39952135+104017109+76898673 i56281940 u186461122 u0 t4.122
1631477 1480000 101 4 w0 r0 m0 f0 r0 p0
 213670627=40279217+104881983+77529055 i56703093 u188043701 u0 t4.106
1642373 1490000 101 4 w0 r0 m0 f0 r0 p0
 215467929=40615467+105772455+78174765 i57130423 u189675587 u0 t4.204
1653233 1500000 101 4 w0 r0 m0 f0 r0 p0
 217268084=40950561+106663886+78823410 i57559234 u191309082 u0 t4.199
Idx1+ lookups: 0 17172561 31363213 44786754 
Idx1+ positiv: 0 2607051 3512000 4015903 
Idx1+ found  : 0 2592441 3484146 3974995 
1664130 1510000 65 3 w0 r0 m0 f0 r0 p0
 219046446=41280963+107539800+79469044 i57979414 u192925002 u0 t23.874
1675034 1520000 65 3 w0 r0 m0 f0 r0 p0
 220835404=41612975+108422057+80117534 i58403564 u194549358 u0 t5.732
1685958 1530000 69 4 w0 r0 m0 f0 r0 p0
 222654573=41950493+109317901+80778379 i58831532 u196204329 u0 t5.643
1696847 1540000 69 4 w0 r0 m0 f0 r0 p0
 224442361=42281602+110193885+81432689 i59253839 u197827702 u0 t5.484
1707676 1550000 69 4 w0 r0 m0 f0 r0 p0
 226272742=42619605+111095368+82098625 i59687831 u199488756 u0 t5.504
1718573 1560000 69 4 w0 r0 m0 f0 r0 p0
 228104597=42957580+111994802+82768470 i60119120 u201153217 u0 t5.43
1729487 1570000 69 4 w0 r0 m0 f0 r0 p0
 229880904=43285461+112866746+83417917 i60535141 u202770020 u0 t5.207
1740347 1580000 89 4 w0 r0 m0 f0 r0 p0
 231680629=43618172+113748000+84077370 i60957435 u204407110 u0 t5.23
1751207 1590000 89 4 w0 r0 m0 f0 r0 p0
 233507773=43956640+114647778+84741743 i61386971 u206068768 u0 t5.277
1762023 1600000 97 4 w0 r0 m0 f0 r0 p0
 235283992=44287479+115526027+85382484 i61804603 u207685505 u0 t5.115
1772878 1610000 97 4 w0 r0 m0 f0 r0 p0
 237058062=44615710+116394367+86032989 i62221538 u209298850 u0 t5.052
1783723 1620000 97 4 w0 r0 m0 f0 r0 p0
 238817123=44942446+117265322+86667096 i62634279 u210900749 u0 t5.009
1794607 1630000 101 4 w0 r0 m0 f0 r0 p0
 240593085=45270791+118136276+87316392 i63050348 u212516680 u0 t5.026
1805498 1640000 101 4 w0 r0 m0 f0 r0 p0
 242382851=45602364+119021975+87963254 i63469245 u214147516 u0 t5.022
1816421 1650000 101 4 w0 r0 m0 f0 r0 p0
 244178822=45933915+119909627+88614033 i63894187 u215778742 u0 t5.032
1827273 1660000 101 4 w0 r0 m0 f0 r0 p0
 245982710=46268214+120794044+89273491 i64317518 u217419589 u0 t5.001
1838160 1670000 101 4 w0 r0 m0 f0 r0 p0
 247787451=46603036+121681664+89930178 i64744095 u219058868 u0 t4.981
1849005 1680000 101 4 w0 r0 m0 f0 r0 p0
 249559255=46929845+122549529+90579632 i65155713 u220674845 u0 t4.868
1859879 1690000 101 4 w0 r0 m0 f0 r0 p0
 251260145=47246311+123393055+91190935 i65554463 u222224849 u0 t4.698
1870739 1700000 101 4 w0 r0 m0 f0 r0 p0
 253019866=47573526+124267404+91822433 i65965082 u223830500 u0 t4.839
1881698 1710000 101 4 w0 r0 m0 f0 r0 p0
 254708896=47889282+125101992+92431807 i66357118 u225373382 u0 t4.635
1892578 1720000 101 4 w0 r0 m0 f0 r0 p0
 256422005=48209762+125948816+93049301 i66754510 u226938843 u0 t4.677
1903425 1730000 101 4 w0 r0 m0 f0 r0 p0
 258151069=48531128+126803006+93675093 i67155597 u228518441 u0 t4.723
1914319 1740000 101 4 w0 r0 m0 f0 r0 p0
 259943293=48864688+127681881+94330331 i67569960 u230155013 u0 t4.855
1925121 1750000 101 4 w0 r0 m0 f0 r0 p0
 261669165=49186851+128536860+94951071 i67971520 u231731144 u0 t4.689
1936035 1760000 101 4 w0 r0 m0 f0 r0 p0
 263458272=49520220+129423171+95595224 i68393201 u233359118 u0 t4.834
1946942 1770000 101 4 w0 r0 m0 f0 r0 p0
 265176789=49839955+130265313+96222788 i68783714 u234935579 u0 t4.612
1957829 1780000 101 4 w0 r0 m0 f0 r0 p0
 266880264=50159017+131109725+96834255 i69177597 u236494139 u0 t4.61
1968722 1790000 101 4 w0 r0 m0 f0 r0 p0
 268620330=50482904+131964281+97468130 i69581489 u238082402 u0 t4.689
1979581 1800000 101 4 w0 r0 m0 f0 r0 p0
 270290901=50794936+132785153+98075566 i69970317 u239606288 u0 t4.484
1990482 1810000 101 4 w0 r0 m0 f0 r0 p0
 271956658=51106210+133601567+98683140 i70349641 u241134070 u0 t4.449
Idx1+ lookups: 0 17063733 31608667 44972202 57869787 
Idx1+ positiv: 0 2642046 3447634 4051151 4419526 
Idx1+ found  : 0 2627627 3419558 4010102 4365857 
2001382 1820000 68 3 w0 r0 m0 f0 r0 p0
 273619806=51416038+134416362+99290731 i70737453 u242650136 u0 t26.706
2012247 1830000 68 3 w0 r0 m0 f0 r0 p0
 275314039=51732959+135250341+99905069 i71125264 u244202513 u0 t5.36
2023129 1840000 68 4 w0 r0 m0 f0 r0 p0
 276988681=52045651+136073996+100513202 i71509557 u245735631 u0 t5.139
2034053 1850000 68 4 w0 r0 m0 f0 r0 p0
 278712839=52368393+136923507+101136969 i71903598 u247316387 u0 t5.212
2044917 1860000 68 4 w0 r0 m0 f0 r0 p0
 280377963=52680583+137747044+101736334 i72282457 u248845474 u0 t4.954
2055814 1870000 68 4 w0 r0 m0 f0 r0 p0
 282051802=52992861+138572889+102341908 i72675172 u250369971 u0 t4.945
2066728 1880000 68 4 w0 r0 m0 f0 r0 p0
 283706575=53302261+139390750+102938592 i73052613 u251888172 u0 t4.851
2077660 1890000 68 4 w0 r0 m0 f0 r0 p0
 285366456=53613913+140212111+103535051 i73432074 u253410496 u0 t4.831
2088614 1900000 68 4 w0 r0 m0 f0 r0 p0
 287041683=53926943+141034038+104145361 i73817355 u254942667 u0 t4.804
2099586 1910000 68 4 w0 r0 m0 f0 r0 p0
 288744872=54243674+141871300+104765300 i74204156 u256505831 u0 t4.836
2110524 1920000 70 4 w0 r0 m0 f0 r0 p0
 290369429=54549228+142670505+105353600 i74573775 u257996665 u0 t4.604
2121483 1930000 73 4 w0 r0 m0 f0 r0 p0
 292052012=54864406+143501540+105960075 i74961801 u259536374 u0 t4.757
2132440 1940000 115 4 w0 r0 m0 f0 r0 p0
 293694209=55170737+144308922+106557063 i75338238 u261040148 u0 t4.611
2143340 1950000 115 4 w0 r0 m0 f0 r0 p0
 295367367=55483485+145131769+107164705 i75720385 u262574179 u0 t4.664
2154286 1960000 115 4 w0 r0 m0 f0 r0 p0
 296988492=55788240+145928869+107751862 i76087692 u264063919 u0 t4.505
2165157 1970000 115 4 w0 r0 m0 f0 r0 p0
 298540929=56079143+146690357+108316845 i76438378 u265490631 u0 t4.295
2176142 1980000 115 4 w0 r0 m0 f0 r0 p0
 300107779=56372925+147461885+108884153 i76793491 u266930282 u0 t4.332
2187090 1990000 115 4 w0 r0 m0 f0 r0 p0
 301747104=56679040+148271317+109476291 i77171753 u268429843 u0 t4.522
2198031 2000000 124 4 w0 r0 m0 f0 r0 p0
 303313534=56973518+149044964+110040236 i77529368 u269867337 u0 t4.305
2208970 2010000 124 4 w0 r0 m0 f0 r0 p0
 304880489=57266755+149814873+110609645 i77881008 u271309928 u0 t4.29
2219875 2020000 124 4 w0 r0 m0 f0 r0 p0
 306462247=57567650+150599483+111174164 i78238641 u272765805 u0 t4.316
2230717 2030000 124 4 w0 r0 m0 f0 r0 p0
 307973208=57852647+151350438+111712938 i78578601 u274158171 u0 t4.126
2241553 2040000 124 4 w0 r0 m0 f0 r0 p0
 309500999=58140654+152109616+112258442 i78928211 u275559994 u0 t4.179
2252478 2050000 124 4 w0 r0 m0 f0 r0 p0
 311045082=58431999+152874154+112812027 i79281285 u276977001 u0 t4.204
2263400 2060000 124 4 w0 r0 m0 f0 r0 p0
 312587791=58722721+153634268+113368895 i79629608 u278396182 u0 t4.183
2274335 2070000 124 4 w0 r0 m0 f0 r0 p0
 314133465=59013694+154399081+113923838 i79976850 u279820554 u0 t4.189
2285238 2080000 124 4 w0 r0 m0 f0 r0 p0
 315607372=59292392+155123819+114456386 i80305941 u281180696 u0 t3.975
2296195 2090000 124 4 w0 r0 m0 f0 r0 p0
 317129293=59581750+155878650+114998713 i80644366 u282587262 u0 t4.095
2307093 2100000 124 4 w0 r0 m0 f0 r0 p0
 318676219=59876160+156649876+115546349 i80990596 u284016041 u0 t4.16
2317991 2110000 124 4 w0 r0 m0 f0 r0 p0
 320192634=60163687+157398333+116091417 i81328289 u285416667 u0 t4.049
2328915 2120000 124 4 w0 r0 m0 f0 r0 p0
 321667081=60444027+158131181+116615279 i81658142 u286777815 u0 t3.958
2339889 2130000 124 4 w0 r0 m0 f0 r0 p0
 323191382=60732124+158889320+117157775 i82003142 u288181162 u0 t4.127
2350849 2140000 124 4 w0 r0 m0 f0 r0 p0
 324694768=61015853+159638390+117692123 i82339763 u289568729 u0 t4.089
2361818 2150000 124 4 w0 r0 m0 f0 r0 p0
 326171151=61295863+160374317+118215233 i82674011 u290928621 u0 t3.946
Idx1+ lookups: 0 17077437 31508087 45187001 58017073 70535500 
Idx1+ positiv: 0 2647453 3521639 3994193 4442993 4745342 
Idx1+ found  : 0 2633083 3493647 3953021 4389260 4679501 
2372703 2160000 70 3 w0 r0 m0 f0 r0 p0
 327706821=61584829+161132257+118769022 i83016015 u292346041 u0 t23.607
2383611 2170000 70 3 w0 r0 m0 f0 r0 p0
 329144566=61857657+161847770+119279975 i83338410 u293672996 u0 t4.949
2394538 2180000 70 3 w0 r0 m0 f0 r0 p0
 330594834=62133525+162574001+119790006 i83663618 u295012536 u0 t4.807
2405448 2190000 70 4 w0 r0 m0 f0 r0 p0
 332177329=62432524+163367543+120347491 i84018620 u296472689 u0 t5.141
2416385 2200000 75 4 w0 r0 m0 f0 r0 p0
 333702627=62721355+164125446+120891346 i84359672 u297880691 u0 t4.894
2427291 2210000 75 4 w0 r0 m0 f0 r0 p0
 335184797=63002435+164859902+121421576 i84689958 u299249834 u0 t4.667
2438224 2220000 75 4 w0 r0 m0 f0 r0 p0
 336691739=63288111+165612753+121954248 i85027411 u300641320 u0 t4.721
2449156 2230000 75 4 w0 r0 m0 f0 r0 p0
 338227821=63580472+166376580+122500692 i85368285 u302062081 u0 t4.768
2460085 2240000 75 4 w0 r0 m0 f0 r0 p0
 339803532=63879850+167161588+123059107 i85721928 u303515531 u0 t4.864
2471031 2250000 75 4 w0 r0 m0 f0 r0 p0
 341456775=64190719+167976508+123655675 i86090747 u305040581 u0 t5.039
2481891 2260000 75 4 w0 r0 m0 f0 r0 p0
 343048425=64491447+168759476+124230873 i86446301 u306508164 u0 t4.788
2492839 2270000 75 4 w0 r0 m0 f0 r0 p0
 344653071=64792499+169549608+124811600 i86802252 u307990808 u0 t4.817
2503770 2280000 75 4 w0 r0 m0 f0 r0 p0
 346293048=65101839+170361430+125399635 i87173024 u309499692 u0 t4.916
2514685 2290000 75 4 w0 r0 m0 f0 r0 p0
 347905756=65403974+171155231+125983544 i87529715 u310990728 u0 t4.796
2525687 2300000 75 4 w0 r0 m0 f0 r0 p0
 349558235=65712870+171967848+126583155 i87893155 u312519245 u0 t4.883
2536614 2310000 75 4 w0 r0 m0 f0 r0 p0
 351199085=66018950+172775928+127177757 i88258000 u314033741 u0 t5.095
2547690 2320000 75 4 w0 r0 m0 f0 r0 p0
 352903067=66337286+173615552+127794626 i88640495 u315602539 u0 t5.33
2558712 2330000 92 4 w0 r0 m0 f0 r0 p0
 354606469=66655644+174456095+128410284 i89019017 u317174937 u0 t5.054
2569709 2340000 92 4 w0 r0 m0 f0 r0 p0
 356246694=66965337+175274605+128991581 i89386712 u318688870 u0 t4.769
2580699 2350000 92 4 w0 r0 m0 f0 r0 p0
 357993903=67289498+176131911+129629278 i89778633 u320297388 u0 t5.029
2591715 2360000 92 4 w0 r0 m0 f0 r0 p0
 359695362=67606592+176969103+130247449 i90157821 u321866427 u0 t4.89
2602831 2370000 92 4 w0 r0 m0 f0 r0 p0
 361461954=67935504+177839960+130887451 i90555681 u323492103 u0 t5.081
2613986 2380000 92 4 w0 r0 m0 f0 r0 p0
 363270881=68267047+178720207+131558144 i90955628 u325160966 u0 t5.114
2624949 2390000 92 4 w0 r0 m0 f0 r0 p0
 365086882=68600974+179606205+132227973 i91368460 u326825484 u0 t5.153
2635909 2400000 92 4 w0 r0 m0 f0 r0 p0
 366923047=68938890+180504145+132903184 i91787641 u328506652 u0 t5.188
2646913 2410000 92 4 w0 r0 m0 f0 r0 p0
 368677051=69262711+181360894+133548889 i92187209 u330113470 u0 t4.952
2657884 2420000 92 4 w0 r0 m0 f0 r0 p0
 370381235=69579366+182197027+134170321 i92568975 u331682448 u0 t4.789
2668918 2430000 92 4 w0 r0 m0 f0 r0 p0
 372076635=69893191+183024243+134793361 i92950818 u333240071 u0 t4.745
2679809 2440000 92 4 w0 r0 m0 f0 r0 p0
 373725842=70201816+183837774+135388608 i93328189 u334751712 u0 t4.657
2690746 2450000 92 4 w0 r0 m0 f0 r0 p0
 375397080=70512699+184665088+135990955 i93705280 u336288906 u0 t4.695
2701594 2460000 92 4 w0 r0 m0 f0 r0 p0
 377159233=70840992+185532339+136630173 i94101450 u337910431 u0 t4.919
2712475 2470000 92 4 w0 r0 m0 f0 r0 p0
 378870478=71159687+186381532+137244439 i94485959 u339486643 u0 t4.798
2723357 2480000 92 4 w0 r0 m0 f0 r0 p0
 380621259=71484776+187247021+137876713 i94874798 u341103186 u0 t4.851
Idx1+ lookups: 0 17153722 31588383 45165198 58300327 70746050 82963070 
Idx1+ positiv: 0 2657311 3515088 4078435 4391397 4756843 5010792 
Idx1+ found  : 0 2642776 3486918 4037432 4337370 4690667 4932977 
2734166 2490000 59 3 w0 r0 m0 f0 r0 p0
 382366369=71812903+188125826+138494854 i95281463 u342690465 u0 t24.466
2745023 2500000 67 3 w0 r0 m0 f0 r0 p0
 384128594=72139320+188994410+139134599 i95670696 u344319218 u0 t6.03
2755880 2510000 67 4 w0 r0 m0 f0 r0 p0
 385871344=72463106+189855265+139764508 i96060878 u345925003 u0 t5.777
2766772 2520000 78 4 w0 r0 m0 f0 r0 p0
 387632188=72789926+190721695+140404427 i96453623 u347548711 u0 t5.741
2777605 2530000 78 4 w0 r0 m0 f0 r0 p0
 389378277=73116036+191581230+141037247 i96838816 u349163117 u0 t5.6
2788466 2540000 78 4 w0 r0 m0 f0 r0 p0
 391161924=73449909+192460108+141683037 i97232263 u350811859 u0 t5.676
2799329 2550000 78 4 w0 r0 m0 f0 r0 p0
 393022585=73791979+193374918+142362800 i97643805 u352529529 u0 t5.848
2810193 2560000 127 4 w0 r0 m0 f0 r0 p0
 394755478=74114792+194231685+142988410 i98033536 u354124726 u0 t5.451
2821115 2570000 127 4 w0 r0 m0 f0 r0 p0
 396544518=74445209+195110000+143642050 i98430183 u355775539 u0 t5.548
2832025 2580000 127 4 w0 r0 m0 f0 r0 p0
 398372287=74784878+196011271+144304783 i98835069 u357463663 u0 t5.665
2842894 2590000 127 4 w0 r0 m0 f0 r0 p0
 400131939=75110841+196874364+144947988 i99223276 u359089646 u0 t5.408
2853742 2600000 127 4 w0 r0 m0 f0 r0 p0
 401982899=75452073+197787791+145620022 i99632393 u360799626 u0 t5.67
2864632 2610000 127 4 w0 r0 m0 f0 r0 p0
 403839387=75794988+198705502+146291865 i100038960 u362518805 u0 t5.639
2875503 2620000 127 4 w0 r0 m0 f0 r0 p0
 405672942=76135781+199608245+146958163 i100442981 u364214269 u0 t5.565
2886360 2630000 127 4 w0 r0 m0 f0 r0 p0
 407489778=76473367+200506029+147615508 i100842071 u365896208 u0 t5.482
2897239 2640000 127 4 w0 r0 m0 f0 r0 p0
 409304419=76811181+201399095+148274498 i101239296 u367576213 u0 t5.433
2908079 2650000 127 4 w0 r0 m0 f0 r0 p0
 411169849=77158949+202318210+148950286 i101651649 u369299809 u0 t5.651
2919336 2660000 127 4 w0 r0 m0 f0 r0 p0
 413036066=77503294+203235172+149631805 i102054145 u371032857 u0 t5.489
2930193 2670000 127 4 w0 r0 m0 f0 r0 p0
 414928905=77852214+204169308+150319175 i102469067 u372784744 u0 t5.592
2941058 2680000 127 4 w0 r0 m0 f0 r0 p0
 416733228=78186344+205058327+150974257 i102865155 u374454212 u0 t5.339
2951948 2690000 127 4 w0 r0 m0 f0 r0 p0
 418565515=78526795+205962414+151637488 i103264477 u376153059 u0 t5.369
2962792 2700000 127 4 w0 r0 m0 f0 r0 p0
 420358225=78859806+206849755+152284068 i103660187 u377810703 u0 t5.287
2973731 2710000 127 4 w0 r0 m0 f0 r0 p0
 422135311=79192177+207721170+152931572 i104042679 u379462112 u0 t5.193
2984605 2720000 127 4 w0 r0 m0 f0 r0 p0
 423932671=79524840+208598808+153592720 i104429348 u381131059 u0 t5.222
2995574 2730000 127 4 w0 r0 m0 f0 r0 p0
 425712127=79853743+209470286+154244575 i104817919 u382778103 u0 t5.179
3006468 2740000 127 4 w0 r0 m0 f0 r0 p0
 427530476=80189737+210363188+154908425 i105215774 u384460427 u0 t5.285
3017345 2750000 127 4 w0 r0 m0 f0 r0 p0
 429282158=80516129+211229607+155539554 i105600429 u386082284 u0 t5.109
3028291 2760000 127 4 w0 r0 m0 f0 r0 p0
 431022749=80838707+212080213+156177709 i105982929 u387690906 u0 t5.061
3039192 2770000 127 4 w0 r0 m0 f0 r0 p0
 432706986=81152438+212904837+156793416 i106346669 u389254212 u0 t4.882
3050078 2780000 127 4 w0 r0 m0 f0 r0 p0
 434415639=81473674+213738469+157417617 i106713268 u390842339 u0 t4.925
Idx1+ lookups: 0 17068521 31610512 45193694 58240530 70990953 83138742 95111186 
Idx1+ positiv: 0 2626293 3522608 4058080 4475807 4701755 5013530 5232501 
Idx1+ found  : 0 2611731 3494255 4016897 4422138 4635304 4935243 5142693 
3060975 2790000 58 3 w0 r0 m0 f0 r0 p0
 436194854=81805932+214609996+158066394 i107096512 u392494613 u0 t24.524
3071909 2800000 58 3 w0 r0 m0 f0 r0 p0
 437892046=82123727+215438832+158687375 i107459390 u394073309 u0 t6.172
3082762 2810000 60 4 w0 r0 m0 f0 r0 p0
 439669470=82452095+216305935+159342143 i107845852 u395719453 u0 t6.215
3093667 2820000 60 4 w0 r0 m0 f0 r0 p0
 441419602=82779372+217161793+159981747 i108223909 u397343295 u0 t6.052
3104606 2830000 60 4 w0 r0 m0 f0 r0 p0
 443173811=83105467+218018715+160624845 i108601554 u398972606 u0 t5.938
3115556 2840000 63 4 w0 r0 m0 f0 r0 p0
 444855364=83417235+218840717+161241713 i108963886 u400534133 u0 t5.658
3126447 2850000 63 4 w0 r0 m0 f0 r0 p0
 446540473=83731519+219668345+161854782 i109326452 u402100639 u0 t5.619
3137354 2860000 66 4 w0 r0 m0 f0 r0 p0
 448251597=84051835+220506167+162477538 i109694241 u403690823 u0 t5.596
3148306 2870000 66 4 w0 r0 m0 f0 r0 p0
 449875954=84355682+221304826+163067050 i110042469 u405202704 u0 t5.342
3159170 2880000 66 4 w0 r0 m0 f0 r0 p0
 451518634=84662421+222105932+163669751 i110392778 u406731941 u0 t5.346
3170031 2890000 66 4 w0 r0 m0 f0 r0 p0
 453180092=84973692+222917499+164277519 i110742437 u408283646 u0 t5.389
3180938 2900000 66 4 w0 r0 m0 f0 r0 p0
 454828199=85282276+223723730+164879294 i111087381 u409825025 u0 t5.311
3191816 2910000 66 4 w0 r0 m0 f0 r0 p0
 456516928=85595432+224543663+165504398 i111446339 u411397189 u0 t5.386
3202736 2920000 77 4 w0 r0 m0 f0 r0 p0
 458233811=85917186+225387052+166127634 i111811203 u412997725 u0 t5.488
3213588 2930000 77 4 w0 r0 m0 f0 r0 p0
 459932019=86235594+226216800+166748841 i112171393 u414580309 u0 t5.381
3224450 2940000 77 4 w0 r0 m0 f0 r0 p0
 461625431=86550436+227049831+167364798 i112538684 u416151292 u0 t5.355
3235384 2950000 77 4 w0 r0 m0 f0 r0 p0
 463282691=86859492+227870019+167961633 i112894976 u417693802 u0 t5.247
3246267 2960000 100 4 w0 r0 m0 f0 r0 p0
 465024914=87184735+228725659+168595377 i113269439 u419313775 u0 t5.449
3257218 2970000 100 4 w0 r0 m0 f0 r0 p0
 466779313=87510557+229588787+169233519 i113641966 u420949339 u0 t5.445
3268155 2980000 100 4 w0 r0 m0 f0 r0 p0
 468434545=87819992+230400910+169836494 i113996893 u422488947 u0 t5.157
3278993 2990000 100 4 w0 r0 m0 f0 r0 p0
 470135916=88135889+231233506+170459681 i114360480 u424072360 u0 t5.27
3289873 3000000 100 4 w0 r0 m0 f0 r0 p0
 471736382=88436304+232013557+171046882 i114695062 u425569537 u0 t4.954
3300770 3010000 100 4 w0 r0 m0 f0 r0 p0
 473399143=88746941+232833507+171648487 i115051693 u427117719 u0 t5.159
3311716 3020000 100 4 w0 r0 m0 f0 r0 p0
 475050213=89056262+233652018+172241129 i115408059 u428652810 u0 t5.112
3322684 3030000 100 4 w0 r0 m0 f0 r0 p0
 476673578=89358462+234450881+172830467 i115757139 u430162561 u0 t5.027
3333558 3040000 100 4 w0 r0 m0 f0 r0 p0
 478309378=89662881+235253395+173427088 i116105252 u431687393 u0 t5.024
3344467 3050000 100 4 w0 r0 m0 f0 r0 p0
 479906383=89962707+236039361+174005209 i116444927 u433176998 u0 t4.914
3355390 3060000 100 4 w0 r0 m0 f0 r0 p0
 481578931=90275109+236860581+174614146 i116804041 u434732925 u0 t5.103
3366284 3070000 100 4 w0 r0 m0 f0 r0 p0
 483154080=90571027+237639237+175180774 i117138690 u436202933 u0 t4.815
3377177 3080000 100 4 w0 r0 m0 f0 r0 p0
 484771280=90872486+238431320+175771978 i117483139 u437708723 u0 t4.927
3388055 3090000 100 4 w0 r0 m0 f0 r0 p0
 486317046=91164090+239196641+176326075 i117818321 u439145180 u0 t4.727
3398880 3100000 100 4 w0 r0 m0 f0 r0 p0
 487849132=91453830+239958737+176870973 i118148125 u440572055 u0 t4.706
3409787 3110000 100 4 w0 r0 m0 f0 r0 p0
 489387982=91742838+240719653+177424504 i118478490 u442004813 u0 t4.685
Idx1+ lookups: 0 17001919 31432434 45105305 58148098 70808926 83259722 95163175 106929892 
Idx1+ positiv: 0 2652444 3508964 4075957 4456772 4787490 4958179 5231094 5426560 
Idx1+ found  : 0 2638006 3480851 4034644 4402905 4721765 4879640 5140970 5325227 
3420708 3120000 61 3 w0 r0 m0 f0 r0 p0
 490946850=92036237+241493070+177982507 i118810681 u443459442 u0 t24.747
3431637 3130000 67 3 w0 r0 m0 f0 r0 p0
 492535596=92335327+242278357+178554327 i119154049 u444936091 u0 t6.202
3442607 3140000 67 4 w0 r0 m0 f0 r0 p0
 494031053=92620750+243017428+179089254 i119471695 u446332540 u0 t5.689
3453456 3150000 70 4 w0 r0 m0 f0 r0 p0
 495582128=92915335+243788688+179640405 i119801944 u447781105 u0 t5.761
3464366 3160000 70 4 w0 r0 m0 f0 r0 p0
 497129983=93209339+244558748+180190220 i120133594 u449224214 u0 t5.626
3475266 3170000 70 4 w0 r0 m0 f0 r0 p0
 498667317=93499255+245319407+180741288 i120466992 u450652383 u0 t5.549
3486141 3180000 70 4 w0 r0 m0 f0 r0 p0
 500150219=93781773+246055175+181269148 i120780609 u452039613 u0 t5.3
3497008 3190000 70 4 w0 r0 m0 f0 r0 p0
 501693094=94070616+246812258+181830408 i121105386 u453481229 u0 t5.426
3507853 3200000 87 4 w0 r0 m0 f0 r0 p0
 503209684=94360367+247564405+182370492 i121424845 u454900641 u0 t5.319
3518683 3210000 87 4 w0 r0 m0 f0 r0 p0
 504727687=94647586+248316970+182912890 i121745229 u456320583 u0 t5.291
3529542 3220000 87 4 w0 r0 m0 f0 r0 p0
 506249015=94937646+249071085+183455201 i122071206 u457738957 u0 t5.276
3540480 3230000 87 4 w0 r0 m0 f0 r0 p0
 507736061=95220962+249813456+183980563 i122389208 u459127045 u0 t5.139
3551409 3240000 87 4 w0 r0 m0 f0 r0 p0
 509299542=95516340+250589266+184539138 i122723667 u460585541 u0 t5.351
3562370 3250000 87 4 w0 r0 m0 f0 r0 p0
 510796544=95801252+251332559+185071944 i123044781 u461980915 u0 t5.12
3573321 3260000 92 4 w0 r0 m0 f0 r0 p0
 512317182=96090772+252087228+185613709 i123368362 u463401380 u0 t5.171
3584317 3270000 92 4 w0 r0 m0 f0 r0 p0
 513874303=96385348+252864509+186164892 i123700357 u464855563 u0 t5.26
3595165 3280000 92 4 w0 r0 m0 f0 r0 p0
 515391633=96674237+253615617+186706738 i124023443 u466272298 u0 t5.098
3606131 3290000 92 4 w0 r0 m0 f0 r0 p0
 516950453=96970904+254386969+187264051 i124350928 u467732088 u0 t5.209
3617031 3300000 92 4 w0 r0 m0 f0 r0 p0
 518446046=97254585+255134396+187792561 i124673111 u469125996 u0 t5.037
3627996 3310000 92 4 w0 r0 m0 f0 r0 p0
 519966046=97543651+255894704+188327913 i124999315 u470543859 u0 t5.076
3638920 3320000 92 4 w0 r0 m0 f0 r0 p0
 521537441=97837642+256669508+188895955 i125331611 u472011266 u0 t5.176
3649881 3330000 92 4 w0 r0 m0 f0 r0 p0
 523042062=98120840+257414101+189436100 i125647540 u473419759 u0 t4.939
3660867 3340000 92 4 w0 r0 m0 f0 r0 p0
 524652771=98424464+258213214+190011981 i125987155 u474926397 u0 t5.299
3671820 3350000 92 4 w0 r0 m0 f0 r0 p0
 526202230=98720193+258984101+190560608 i126318267 u476373185 u0 t5.089
3682790 3360000 92 4 w0 r0 m0 f0 r0 p0
 527819925=99024268+259780832+191145343 i126657225 u477887172 u0 t5.258
3693808 3370000 92 4 w0 r0 m0 f0 r0 p0
 529487465=99338000+260602520+191747812 i127007381 u479446774 u0 t5.387
3704793 3380000 92 4 w0 r0 m0 f0 r0 p0
 531104411=99642673+261405355+192325479 i127353056 u480955108 u0 t5.26
3715703 3390000 92 4 w0 r0 m0 f0 r0 p0
 532802771=99960263+262244195+192938398 i127708203 u482545931 u0 t5.478
3726649 3400000 92 4 w0 r0 m0 f0 r0 p0
 534507575=100278627+263091378+193548439 i128068032 u484140279 u0 t5.491
3737635 3410000 92 4 w0 r0 m0 f0 r0 p0
 536295564=100613401+263990754+194175707 i128447573 u485812025 u0 t5.725
3748614 3420000 92 4 w0 r0 m0 f0 r0 p0
 538075284=100946816+264868848+194819076 i128820321 u487478266 u0 t5.679
3759597 3430000 92 4 w0 r0 m0 f0 r0 p0
 539893480=101288325+265765017+195476422 i129210062 u489170859 u0 t5.807
3770552 3440000 92 4 w0 r0 m0 f0 r0 p0
 541701611=101626710+266653780+196132984 i129595819 u490855608 u0 t5.731
3781517 3450000 95 4 w0 r0 m0 f0 r0 p0
 543503049=101962216+267538071+196790034 i129978309 u492535747 u0 t5.677
Idx1+ lookups: 0 17072628 31442464 45026447 58148089 70797602 83158383 95356305 107049164 118638065 
Idx1+ positiv: 0 2646460 3512528 4073225 4481712 4769294 5052369 5180643 5420737 5604275 
Idx1+ found  : 0 2632083 3484538 4032080 4427924 4702952 4974639 5090234 5318786 5491548 
3792483 3460000 119 3 w0 r0 m0 f0 r0 p0
 545281989=102293869+268416773+197432755 i130364171 u494188668 u0 t25.654
3803443 3470000 119 3 w0 r0 m0 f0 r0 p0
 547035314=102622513+269290854+198057260 i130743873 u495819385 u0 t7.151
3814317 3480000 119 4 w0 r0 m0 f0 r0 p0
 548790831=102951665+270159993+198688591 i131125757 u497449057 u0 t7.749
3825200 3490000 119 4 w0 r0 m0 f0 r0 p0
 550541828=103278254+271027459+199318939 i131501420 u499080038 u0 t6.766
3836062 3500000 119 4 w0 r0 m0 f0 r0 p0
 552216151=103590034+271857333+199921624 i131864418 u500635682 u0 t6.567
3847051 3510000 119 4 w0 r0 m0 f0 r0 p0
 553917240=103907082+272697444+200536752 i132226431 u502222112 u0 t6.34
3857981 3520000 119 4 w0 r0 m0 f0 r0 p0
 555712105=104242986+273593461+201175423 i132617436 u503889107 u0 t6.659
3868919 3530000 119 4 w0 r0 m0 f0 r0 p0
 557551728=104587156+274515071+201826064 i133011807 u505604281 u0 t6.642
3879700 3540000 119 4 w0 r0 m0 f0 r0 p0
 559353753=104923593+275413374+202468940 i133395990 u507285794 u0 t6.47
3890544 3550000 119 4 w0 r0 m0 f0 r0 p0
 561233569=105276373+276358543+203129154 i133795896 u509042455 u0 t6.664
3901420 3560000 119 4 w0 r0 m0 f0 r0 p0
 563037431=105612073+277258147+203772923 i134179682 u510726346 u0 t6.351
3912350 3570000 119 4 w0 r0 m0 f0 r0 p0
 564899758=105959531+278184787+204439498 i134574755 u512465590 u0 t6.507
3923255 3580000 119 4 w0 r0 m0 f0 r0 p0
 566716480=106299822+279088396+205089272 i134957602 u514164754 u0 t6.314
3934146 3590000 119 4 w0 r0 m0 f0 r0 p0
 568594594=106650778+280014640+205768355 i135353859 u515919108 u0 t6.445
3945058 3600000 119 4 w0 r0 m0 f0 r0 p0
 570434890=106995880+280925755+206428662 i135737143 u517643507 u0 t6.3
3955958 3610000 119 4 w0 r0 m0 f0 r0 p0
 572322313=107345141+281858820+207112550 i136136657 u519404986 u0 t6.452
3966817 3620000 119 4 w0 r0 m0 f0 r0 p0
 574150392=107689504+282770225+207763252 i136516586 u521118434 u0 t6.215
3977696 3630000 119 4 w0 r0 m0 f0 r0 p0
 575985556=108030613+283680039+208423834 i136903896 u522833201 u0 t6.258
3988551 3640000 119 4 w0 r0 m0 f0 r0 p0
 577885497=108382211+284615546+209115544 i137300974 u524610539 u0 t6.371
3999436 3650000 119 4 w0 r0 m0 f0 r0 p0
 579742382=108724625+285530566+209791349 i137697504 u526339902 u0 t6.244
4010266 3660000 119 4 w0 r0 m0 f0 r0 p0
 581582481=109066135+286445784+210450943 i138084397 u528061459 u0 t6.167
4021082 3670000 119 4 w0 r0 m0 f0 r0 p0
 583419708=109406620+287355832+211113823 i138472566 u529777686 u0 t6.166
4031936 3680000 119 4 w0 r0 m0 f0 r0 p0
 585333624=109761260+288302373+211805349 i138872913 u531568548 u0 t6.37
4042723 3690000 119 4 w0 r0 m0 f0 r0 p0
 587215998=110111008+289233971+212484963 i139268221 u533328628 u0 t6.27
4053582 3700000 119 4 w0 r0 m0 f0 r0 p0
 589109664=110464865+290175833+213163870 i139664872 u535099895 u0 t6.264
4064959 3710000 119 4 w0 r0 m0 f0 r0 p0
 591011333=110816639+291120425+213847204 i140056708 u536886309 u0 t6.221
4075764 3720000 119 4 w0 r0 m0 f0 r0 p0
 592865145=111161743+292036108+214518260 i140443270 u538623264 u0 t6.109
4086632 3730000 119 4 w0 r0 m0 f0 r0 p0
 594693610=111502089+292938122+215180944 i140827366 u540332737 u0 t6.008
4097561 3740000 119 4 w0 r0 m0 f0 r0 p0
 596521672=111840351+293834988+215849123 i141212116 u542039838 u0 t6.009
Idx1+ lookups: 0 17143797 31595239 45108067 58157620 70886986 83234536 95347260 107322883 118838627 130269320 
Idx1+ positiv: 0 2635619 3516999 4060136 4478141 4796198 5029399 5286787 5369527 5590668 5759713 
Idx1+ found  : 0 2621186 3489091 4018968 4424356 4729887 4951009 5196938 5267349 5476994 5635529 
4108439 3750000 53 3 w0 r0 m0 f0 r0 p0
 598371187=112184193+294748451+216518929 i141604626 u543765082 u0 t25.414
4119319 3760000 60 3 w0 r0 m0 f0 r0 p0
 600208853=112525645+295655087+217185635 i141988889 u545484773 u0 t9.105
4130276 3770000 60 3 w0 r0 m0 f0 r0 p0
 601952692=112850929+296514763+217817617 i142354103 u547116473 u0 t8.928
4141183 3780000 60 4 w0 r0 m0 f0 r0 p0
 603756517=113188700+297406085+218468713 i142734119 u548802908 u0 t7.32
4152093 3790000 61 4 w0 r0 m0 f0 r0 p0
 605538646=113521540+298287399+219111015 i143104279 u550474414 u0 t6.906
4162989 3800000 61 4 w0 r0 m0 f0 r0 p0
 607406127=113868022+299203154+219793319 i143490766 u552225160 u0 t7.106
4173910 3810000 61 4 w0 r0 m0 f0 r0 p0
 609191760=114199883+300085120+220439815 i143866914 u553893799 u0 t6.936
4184895 3820000 70 4 w0 r0 m0 f0 r0 p0
 610980728=114533814+300970660+221084383 i144238936 u555571243 u0 t6.856
4195828 3830000 70 4 w0 r0 m0 f0 r0 p0
 612719463=114858723+301833790+221707846 i144599451 u557203189 u0 t6.592
4206739 3840000 70 4 w0 r0 m0 f0 r0 p0
 614494077=115189233+302713265+222346505 i144968379 u558866979 u0 t6.629
4217677 3850000 73 4 w0 r0 m0 f0 r0 p0
 616235807=115513633+303578946+222971133 i145331744 u560499253 u0 t6.429
4228607 3860000 113 4 w0 r0 m0 f0 r0 p0
 617960073=115833788+304431954+223593774 i145692408 u562113517 u0 t6.308
4239510 3870000 113 4 w0 r0 m0 f0 r0 p0
 619660636=116151555+305273021+224206630 i146046670 u563707217 u0 t6.184
4250423 3880000 113 4 w0 r0 m0 f0 r0 p0
 621363548=116469163+306118016+224817873 i146406484 u565298656 u0 t6.136
4261357 3890000 113 4 w0 r0 m0 f0 r0 p0
 623045225=116784579+306955665+225416426 i146753336 u566879690 u0 t5.998
4272391 3900000 113 4 w0 r0 m0 f0 r0 p0
 624761881=117111625+307792246+226045114 i147106551 u568490164 u0 t6.034
4283314 3910000 113 4 w0 r0 m0 f0 r0 p0
 626495868=117437157+308644554+226673631 i147468525 u570113432 u0 t6.127
4294200 3920000 113 4 w0 r0 m0 f0 r0 p0
 628179547=117752875+309474830+227282072 i147815896 u571694330 u0 t5.959
4305160 3930000 113 4 w0 r0 m0 f0 r0 p0
 629859355=118068822+310303261+227888386 i148166742 u573267582 u0 t5.94
4316083 3940000 113 4 w0 r0 m0 f0 r0 p0
 631515224=118383481+311119506+228484022 i148507220 u574824153 u0 t5.823
4326986 3950000 113 4 w0 r0 m0 f0 r0 p0
 633288229=118716894+311985162+229132737 i148872045 u576488337 u0 t6.167
4337955 3960000 113 4 w0 r0 m0 f0 r0 p0
 634911376=119024405+312779940+229722203 i149201689 u578016860 u0 t5.639
4348836 3970000 113 4 w0 r0 m0 f0 r0 p0
 636535879=119332473+313582978+230304626 i149537421 u579543366 u0 t5.661
4359757 3980000 113 4 w0 r0 m0 f0 r0 p0
 638168418=119640268+314395029+230886487 i149879668 u581073160 u0 t5.697
4370729 3990000 113 4 w0 r0 m0 f0 r0 p0
 639788441=119946262+315198241+231465658 i150211153 u582598612 u0 t5.62
4381681 4000000 113 4 w0 r0 m0 f0 r0 p0
 641426812=120255530+316012433+232049735 i150553351 u584134911 u0 t5.674
4392555 4010000 113 4 w0 r0 m0 f0 r0 p0
 643071811=120565204+316826249+232640726 i150888503 u585684594 u0 t5.645
4403440 4020000 113 4 w0 r0 m0 f0 r0 p0
 644676144=120866581+317618427+233219164 i151222542 u587188734 u0 t5.529
4414465 4030000 113 4 w0 r0 m0 f0 r0 p0
 646256149=121165162+318401144+233784390 i151551305 u588670995 u0 t5.457
4425446 4040000 113 4 w0 r0 m0 f0 r0 p0
 647844943=121465465+319191426+234349638 i151881137 u590163592 u0 t5.461
4436408 4050000 113 4 w0 r0 m0 f0 r0 p0
 649464339=121771411+319991188+234932227 i152216982 u591683351 u0 t5.532
4447331 4060000 113 4 w0 r0 m0 f0 r0 p0
 651065993=122073522+320788742+235501813 i152550345 u593187100 u0 t5.48
Idx1+ lookups: 0 17087962 31586716 45177860 58156572 70819507 83242122 95337561 107237857 119031030 130388971 141678461 
Idx1+ positiv: 0 2659523 3509477 4064300 4459407 4797349 5060468 5253573 5480869 5539008 5743316 5901267 
Idx1+ found  : 0 2645043 3481484 4023207 4405586 4731107 4981998 5163437 5379388 5425152 5618197 5765770 
4458226 4070000 103 3 w0 r0 m0 f0 r0 p0
 652678022=122376100+321583855+236083558 i152882552 u594702099 u0 t25.942
4469117 4080000 103 3 w0 r0 m0 f0 r0 p0
 654294094=122682557+322385815+236661452 i153215367 u596221553 u0 t8.525
4480047 4090000 103 3 w0 r0 m0 f0 r0 p0
 655941254=122992286+323203059+237251863 i153559740 u597765636 u0 t8.704
4490942 4100000 103 4 w0 r0 m0 f0 r0 p0
 657534283=123293841+323990317+237822936 i153890004 u599261224 u0 t7.318
4501893 4110000 103 4 w0 r0 m0 f0 r0 p0
 659098404=123588667+324760098+238387729 i154211619 u600731246 u0 t6.686
4512866 4120000 103 4 w0 r0 m0 f0 r0 p0
 660654930=123883556+325528999+238946087 i154533157 u602194053 u0 t6.419
4523822 4130000 103 4 w0 r0 m0 f0 r0 p0
 662238026=124180910+326312249+239514529 i154856794 u603684862 u0 t6.414
4534728 4140000 103 4 w0 r0 m0 f0 r0 p0
 663814527=124478797+327095338+240076438 i155180673 u605168861 u0 t6.474
4545718 4150000 103 4 w0 r0 m0 f0 r0 p0
 665360516=124771449+327857197+240633228 i155499035 u606621750 u0 t6.261
4556635 4160000 103 4 w0 r0 m0 f0 r0 p0
 666901319=125062813+328616822+241188566 i155816080 u608070140 u0 t6.273
4567595 4170000 103 4 w0 r0 m0 f0 r0 p0
 668398566=125346910+329360876+241721051 i156123976 u609479509 u0 t5.986
4578516 4180000 103 4 w0 r0 m0 f0 r0 p0
 669924704=125636040+330114584+242268650 i156434706 u610917558 u0 t6.003
4589453 4190000 103 4 w0 r0 m0 f0 r0 p0
 671507023=125932425+330897462+242837726 i156756380 u612408940 u0 t6.102
4600387 4200000 103 4 w0 r0 m0 f0 r0 p0
 673018051=126218485+331641746+243382643 i157065141 u613831400 u0 t5.776
4611320 4210000 103 4 w0 r0 m0 f0 r0 p0
 674447647=126491365+332355549+243886696 i157362063 u615175019 u0 t5.491
4622248 4220000 103 4 w0 r0 m0 f0 r0 p0
 675945079=126775204+333101523+244417880 i157669716 u616585260 u0 t5.664
4633106 4230000 103 4 w0 r0 m0 f0 r0 p0
 677430532=127056898+333843212+244942941 i157975546 u617983996 u0 t5.605
4644049 4240000 103 4 w0 r0 m0 f0 r0 p0
 678965046=127346782+334606595+245489111 i158291172 u619428040 u0 t5.703
4655040 4250000 103 4 w0 r0 m0 f0 r0 p0
 680456699=127628867+335346353+246022041 i158598255 u620831621 u0 t5.536
4665924 4260000 103 4 w0 r0 m0 f0 r0 p0
 681981298=127918086+336101001+246568146 i158907863 u622269707 u0 t5.63
4676832 4270000 103 4 w0 r0 m0 f0 r0 p0
 683468974=128202400+336840583+247096667 i159209891 u623673883 u0 t5.546
4687741 4280000 103 4 w0 r0 m0 f0 r0 p0
 684958812=128486818+337582009+247624087 i159514469 u625078824 u0 t5.535
4698685 4290000 103 4 w0 r0 m0 f0 r0 p0
 686406838=128762761+338302003+248137852 i159814972 u626439361 u0 t5.447
4709603 4300000 103 4 w0 r0 m0 f0 r0 p0
 687952697=129053992+339068037+248691955 i160130977 u627895457 u0 t5.709
4720503 4310000 103 4 w0 r0 m0 f0 r0 p0
 689480791=129342895+339828569+249235501 i160448973 u629329963 u0 t5.632
4731420 4320000 103 4 w0 r0 m0 f0 r0 p0
 691013728=129633849+340595305+249776428 i160765026 u630772979 u0 t5.614
4742321 4330000 103 4 w0 r0 m0 f0 r0 p0
 692548148=129923391+341359121+250322347 i161080659 u632216899 u0 t5.562
4753259 4340000 103 4 w0 r0 m0 f0 r0 p0
 694108514=130218059+342133876+250879276 i161401192 u633685260 u0 t5.639
4764201 4350000 103 4 w0 r0 m0 f0 r0 p0
 695692572=130519022+342936814+251425758 i161717213 u635188322 u0 t5.643
4775138 4360000 103 4 w0 r0 m0 f0 r0 p0
 697289808=130822691+343736774+251990795 i162038956 u636696361 u0 t5.693
4786096 4370000 103 4 w0 r0 m0 f0 r0 p0
 698885852=131126083+344533973+252557073 i162362904 u638200342 u0 t5.721
4797101 4380000 103 4 w0 r0 m0 f0 r0 p0
 700458619=131425189+345324768+253109714 i162682024 u639683802 u0 t5.67
4808087 4390000 103 4 w0 r0 m0 f0 r0 p0
 702097219=131736562+346141109+253693845 i163010670 u641231230 u0 t5.808
4819049 4400000 103 4 w0 r0 m0 f0 r0 p0
 703761942=132049394+346969518+254287191 i163348197 u642802266 u0 t5.914
4830048 4410000 103 4 w0 r0 m0 f0 r0 p0
 705411037=132362109+347798622+254867788 i163687675 u644352350 u0 t5.851
Idx1+ lookups: 0 17078150 31532589 45172971 58215082 70802549 83165852 95331324 107209326 118927306 130556701 141768723 152931603 
Idx1+ positiv: 0 2647889 3531517 4071628 4468205 4771145 5066542 5289665 5447592 5656087 5696276 5880990 6035547 
Idx1+ found  : 0 2633523 3503415 4030517 4414452 4705218 4988250 5199435 5345753 5543166 5571071 5744807 5888835 
4841026 4420000 60 3 w0 r0 m0 f0 r0 p0
 707057784=132670034+348611932+255462202 i164022508 u645904260 u0 t27.801
4852001 4430000 75 3 w0 r0 m0 f0 r0 p0
 708677488=132974466+349415363+256042719 i164356040 u647427179 u0 t13.271
4862997 4440000 75 3 w0 r0 m0 f0 r0 p0
 710372829=133291721+350256384+256651635 i164699281 u649026263 u0 t9.573
4873904 4450000 75 4 w0 r0 m0 f0 r0 p0
 712036512=133605209+351082001+257246679 i165034526 u650598595 u0 t8.78
4884867 4460000 101 4 w0 r0 m0 f0 r0 p0
 713741617=133923920+351922496+257864114 i165380081 u652205942 u0 t8.122
4895781 4470000 101 4 w0 r0 m0 f0 r0 p0
 715448699=134245050+352769840+258477175 i165726530 u653813106 u0 t8.015
4906756 4480000 101 4 w0 r0 m0 f0 r0 p0
 717258467=134583415+353663654+259133452 i166091663 u655518095 u0 t8.205
4917771 4490000 118 4 w0 r0 m0 f0 r0 p0
 719102058=134923852+354567521+259809100 i166471207 u657248049 u0 t8.368
4928768 4500000 118 4 w0 r0 m0 f0 r0 p0
 720920287=135262521+355456766+260475102 i166843713 u658956718 u0 t8.223
4939756 4510000 118 4 w0 r0 m0 f0 r0 p0
 722692580=135591096+356327744+261121378 i167212599 u660616995 u0 t7.989
4950853 4520000 118 4 w0 r0 m0 f0 r0 p0
 724519411=135928648+357218955+261794672 i167593891 u662325444 u0 t8.157
4961839 4530000 118 4 w0 r0 m0 f0 r0 p0
 726259154=136249961+358073373+262429842 i167954844 u663956334 u0 t7.512
4972832 4540000 118 4 w0 r0 m0 f0 r0 p0
 728024729=136576172+358938941+263076077 i168317752 u665614290 u0 t7.442
4983782 4550000 118 4 w0 r0 m0 f0 r0 p0
 729726889=136893048+359774645+263696427 i168671719 u667209547 u0 t7.199
4994759 4560000 118 4 w0 r0 m0 f0 r0 p0
 731446991=137214734+360628405+264312465 i169030003 u668823205 u0 t7.418
5005677 4570000 118 4 w0 r0 m0 f0 r0 p0
 733139677=137530334+361460734+264927485 i169381826 u670409780 u0 t7.301
5016605 4580000 118 4 w0 r0 m0 f0 r0 p0
 734899812=137858316+362332921+265560738 i169747553 u672060753 u0 t7.779
5027569 4590000 118 4 w0 r0 m0 f0 r0 p0
 736681455=138190176+363207314+266210361 i170113301 u673734498 u0 t7.826
5038460 4600000 118 4 w0 r0 m0 f0 r0 p0
 738336944=138500457+364028495+266804082 i170455229 u675290110 u0 t7.217
5049344 4610000 118 4 w0 r0 m0 f0 r0 p0
 740086410=138827234+364893197+267434772 i170812205 u676937814 u0 t7.323
5060214 4620000 118 4 w0 r0 m0 f0 r0 p0
 741812661=139150756+365753240+268050097 i171171748 u678558092 u0 t7.012
5071166 4630000 118 4 w0 r0 m0 f0 r0 p0
 743554837=139476467+366614116+268678445 i171523173 u680202788 u0 t7.083
5082077 4640000 118 4 w0 r0 m0 f0 r0 p0
 745280546=139799671+367471459+269295366 i171876305 u681827258 u0 t7.071
5092952 4650000 118 4 w0 r0 m0 f0 r0 p0
 747030373=140125162+368343269+269921085 i172232315 u683476766 u0 t7.218
5103888 4660000 118 4 w0 r0 m0 f0 r0 p0
 748859026=140465945+369248655+270579955 i172605015 u685199169 u0 t7.462
5114792 4670000 118 4 w0 r0 m0 f0 r0 p0
 750586373=140789399+370106602+271198434 i172959382 u686823910 u0 t7.369
5125741 4680000 118 4 w0 r0 m0 f0 r0 p0
 752310084=141113687+370966236+271811033 i173308823 u688451133 u0 t7.32
5136717 4690000 118 4 w0 r0 m0 f0 r0 p0
 754064594=141440206+371838997+272439004 i173668082 u690102794 u0 t7.218
5147654 4700000 118 4 w0 r0 m0 f0 r0 p0
 755822931=141768898+372713891+273067080 i174026363 u691758952 u0 t6.967
5158619 4710000 118 4 w0 r0 m0 f0 r0 p0
 757596477=142099675+373591037+273706870 i174385422 u693431437 u0 t6.993
5169534 4720000 118 4 w0 r0 m0 f0 r0 p0
 759346735=142430832+374459619+274331185 i174743288 u695079380 u0 t7.071
Idx1+ lookups: 0 17154937 31602730 45198966 58293121 70948940 83234070 95346877 107294102 118988998 130545656 142027394 153113760 164157417 
Idx1+ positiv: 0 2644814 3519903 4090927 4470624 4782931 5033940 5296930 5484499 5620757 5815073 5833421 6011631 6156673 
Idx1+ found  : 0 2630357 3491726 4049642 4416809 4716789 4955714 5206497 5382541 5507075 5690823 5696727 5864030 5998646 
5180402 4730000 53 3 w0 r0 m0 f0 r0 p0
 761123737=142763188+375342985+274966869 i175102477 u696756883 u0 t26.262
5191291 4740000 62 3 w0 r0 m0 f0 r0 p0
 762953760=143102538+376250443+275625910 i175474969 u698480635 u0 t14.14
5202167 4750000 62 3 w0 r0 m0 f0 r0 p0
 764756475=143437926+377139285+276279018 i175842611 u700176818 u0 t11.734
5213037 4760000 62 4 w0 r0 m0 f0 r0 p0
 766582497=143775243+378036006+276946928 i176210188 u701899182 u0 t11.129
5223884 4770000 101 4 w0 r0 m0 f0 r0 p0
 768354161=144107260+378912340+277584151 i176569326 u703569397 u0 t11.18
5234779 4780000 101 4 w0 r0 m0 f0 r0 p0
 770062255=144425787+379763729+278193251 i176921868 u705174768 u0 t10.737
5245825 4790000 101 4 w0 r0 m0 f0 r0 p0
 771835541=144752872+380638528+278837365 i177283872 u706842855 u0 t10.92
5256768 4800000 101 4 w0 r0 m0 f0 r0 p0
 773630080=145084741+381525561+279487274 i177648265 u708533441 u0 t9.988
5267626 4810000 101 4 w0 r0 m0 f0 r0 p0
 775397603=145414094+382400261+280124255 i178011841 u710194610 u0 t10.178
5278527 4820000 101 4 w0 r0 m0 f0 r0 p0
 777089211=145730761+383235839+280734244 i178353385 u711790891 u0 t9.663
5289476 4830000 101 4 w0 r0 m0 f0 r0 p0
 778839898=146055104+384094650+281373802 i178709727 u713437773 u0 t10.225
5300488 4840000 101 4 w0 r0 m0 f0 r0 p0
 780520102=146368312+384925546+281979601 i179051897 u715020031 u0 t10.203
5311384 4850000 101 4 w0 r0 m0 f0 r0 p0
 782226830=146686187+385770037+282595024 i179397946 u716629315 u0 t10.144
5322312 4860000 101 4 w0 r0 m0 f0 r0 p0
 783977468=147011554+386635030+283228235 i179750936 u718281497 u0 t9.676
5333136 4870000 101 4 w0 r0 m0 f0 r0 p0
 785783407=147347483+387526250+283881831 i180114496 u719985530 u0 t10.231
5344051 4880000 101 4 w0 r0 m0 f0 r0 p0
 787544097=147674636+388393944+284521066 i180467192 u721648896 u0 t10.314
5354961 4890000 101 4 w0 r0 m0 f0 r0 p0
 789306819=148003178+389262254+285160462 i180825757 u723308804 u0 t10.348
5365866 4900000 101 4 w0 r0 m0 f0 r0 p0
 791064822=148329772+390125635+285801365 i181177008 u724969757 u0 t10.274
5376756 4910000 101 4 w0 r0 m0 f0 r0 p0
 792759904=148647131+390961292+286414622 i181514986 u726573188 u0 t10.006
5387675 4920000 101 4 w0 r0 m0 f0 r0 p0
 794456286=148964889+391799303+287026508 i181857063 u728174267 u0 t9.27
5398578 4930000 101 4 w0 r0 m0 f0 r0 p0
 796163355=149285695+392644751+287638677 i182201046 u729786698 u0 t9.379
5409490 4940000 101 4 w0 r0 m0 f0 r0 p0
 797833505=149598097+393470965+288240136 i182538482 u731362826 u0 t9.543
5420355 4950000 101 4 w0 r0 m0 f0 r0 p0
 799586269=149924490+394334769+288875757 i182889947 u733018537 u0 t10.228
5431223 4960000 101 4 w0 r0 m0 f0 r0 p0
 801277676=150240111+395171088+289486001 i183230682 u734615595 u0 t10.068
5442092 4970000 101 4 w0 r0 m0 f0 r0 p0
 802939309=150552587+395991235+290085262 i183564856 u736184760 u0 t9.36
5453015 4980000 101 4 w0 r0 m0 f0 r0 p0
 804651479=150871637+396834585+290706068 i183906342 u737803715 u0 t8.857
5463959 4990000 117 4 w0 r0 m0 f0 r0 p0
 806337500=151186931+397666453+291315595 i184248743 u739392547 u0 t9.175
5474924 5000000 117 4 w0 r0 m0 f0 r0 p0
 807969819=151491100+398467038+291910736 i184577350 u740932590 u0 t8.933
5485938 5010000 117 4 w0 r0 m0 f0 r0 p0
 809678434=151809358+399310519+292528773 i184918026 u742548557 u0 t9.595
5496880 5020000 117 4 w0 r0 m0 f0 r0 p0
 811299765=152114060+400113271+293111435 i185246549 u744077910 u0 t9.067
5507833 5030000 117 4 w0 r0 m0 f0 r0 p0
 813011100=152433818+400962813+293725340 i185589161 u745696526 u0 t9.698
5518806 5040000 117 4 w0 r0 m0 f0 r0 p0
 814664478=152743058+401778758+294322419 i185921673 u747257954 u0 t9.216
Idx1+ lookups: 0 17111728 31626891 45213082 58274734 70981819 83333653 95368688 107269822 119033305 130564070 141974159 153324844 164295223 175228687 
Idx1+ positiv: 0 2654252 3520141 4067551 4490500 4787014 5045107 5257474 5492305 5660297 5778805 5957340 5960533 6132757 6269246 
Idx1+ found  : 0 2639774 3491959 4026310 4436712 4720794 4966884 5167387 5390239 5546672 5653644 5821876 5812714 5974223 6100331 
5529757 5050000 67 3 w0 r0 m0 f0 r0 p0
 816307341=153051647+402593863+294910547 i186252371 u748810592 u0 t33.432
5540663 5060000 69 3 w0 r0 m0 f0 r0 p0
 817977098=153363446+403417038+295514761 i186584923 u750390377 u0 t16.185
5551636 5070000 69 4 w0 r0 m0 f0 r0 p0
 819655767=153676125+404245259+296122005 i186920273 u751977566 u0 t14.036
5562596 5080000 69 4 w0 r0 m0 f0 r0 p0
 821288568=153980699+405046326+296717114 i187247580 u753519729 u0 t13.709
5573494 5090000 73 4 w0 r0 m0 f0 r0 p0
 822956316=154291702+405867054+297322692 i187581951 u755095002 u0 t14.165
5584492 5100000 73 4 w0 r0 m0 f0 r0 p0
 824579647=154595270+406665256+297911904 i187907563 u756628614 u0 t13.759
5595555 5110000 73 4 w0 r0 m0 f0 r0 p0
 826162534=154893806+407454187+298477264 i188233919 u758117163 u0 t12.877
5606569 5120000 73 4 w0 r0 m0 f0 r0 p0
 827753238=155194800+408236831+299051286 i188550934 u759622771 u0 t12.52
5617545 5130000 73 4 w0 r0 m0 f0 r0 p0
 829290738=155482595+408992684+299609384 i188860964 u761073639 u0 t12.142
5628539 5140000 73 4 w0 r0 m0 f0 r0 p0
 830846459=155775749+409758967+300171613 i189170022 u762547034 u0 t12.16
5639565 5150000 73 4 w0 r0 m0 f0 r0 p0
 832441300=156074848+410545910+300746928 i189490467 u764053493 u0 t12.755
5650481 5160000 73 4 w0 r0 m0 f0 r0 p0
 834043560=156374919+411336811+301325270 i189811317 u765568346 u0 t12.429
5661351 5170000 73 4 w0 r0 m0 f0 r0 p0
 835593184=156667268+412097506+301887138 i190116733 u767037923 u0 t11.548
5672329 5180000 127 4 w0 r0 m0 f0 r0 p0
 837106885=156952634+412841868+302434668 i190419380 u768469057 u0 t11.595
5683321 5190000 127 4 w0 r0 m0 f0 r0 p0
 838697355=157250655+413623128+303012522 i190738816 u769971106 u0 t12.361
5694245 5200000 127 4 w0 r0 m0 f0 r0 p0
 840216836=157536285+414375333+303558394 i191041676 u771409329 u0 t12.007
5705118 5210000 127 4 w0 r0 m0 f0 r0 p0
 841696958=157816309+415105002+304091137 i191339379 u772807963 u0 t11.448
5716075 5220000 127 4 w0 r0 m0 f0 r0 p0
 843240827=158107452+415865524+304647882 i191648329 u774268447 u0 t11.4
5727055 5230000 127 4 w0 r0 m0 f0 r0 p0
 844771786=158399123+416620327+305197782 i191950485 u775720641 u0 t11.258
5738016 5240000 127 4 w0 r0 m0 f0 r0 p0
 846277989=158683207+417363208+305740575 i192253143 u777143525 u0 t11.384
5748974 5250000 127 4 w0 r0 m0 f0 r0 p0
 847731856=158958811+418081131+306262408 i192544516 u778518611 u0 t11.134
5759968 5260000 127 4 w0 r0 m0 f0 r0 p0
 849181653=159235134+418797428+306781105 i192828280 u779897076 u0 t11.23
5770885 5270000 127 4 w0 r0 m0 f0 r0 p0
 850637081=159510616+419514371+307306072 i193115530 u781277764 u0 t10.546
5781844 5280000 127 4 w0 r0 m0 f0 r0 p0
 852091744=159787927+420236331+307824289 i193406384 u782655104 u0 t10.405
5792838 5290000 127 4 w0 r0 m0 f0 r0 p0
 853580942=160067886+420969679+308362992 i193702150 u784064993 u0 t11.032
5803819 5300000 127 4 w0 r0 m0 f0 r0 p0
 855061571=160348512+421701417+308893766 i193994974 u785469608 u0 t11.486
5814801 5310000 127 4 w0 r0 m0 f0 r0 p0
 856523044=160625919+422424289+309416599 i194282789 u786857248 u0 t11.26
5825826 5320000 127 4 w0 r0 m0 f0 r0 p0
 858018557=160909892+423167780+309948368 i194579820 u788275482 u0 t10.896
5836769 5330000 127 4 w0 r0 m0 f0 r0 p0
 859518675=161194383+423912102+310483971 i194875149 u789700225 u0 t10.771
5847728 5340000 127 4 w0 r0 m0 f0 r0 p0
 860984768=161472108+424640331+311006361 i195165007 u791091382 u0 t10.568
5858710 5350000 127 4 w0 r0 m0 f0 r0 p0
 862472402=161753563+425379880+311535529 i195458146 u792504083 u0 t10.697
5869730 5360000 127 4 w0 r0 m0 f0 r0 p0
 863888095=162023516+426085295+312036424 i195739356 u793846876 u0 t10.585
5880647 5370000 127 4 w0 r0 m0 f0 r0 p0
 865413785=162311797+426843006+312581989 i196042738 u795293091 u0 t11.552
5891635 5380000 127 4 w0 r0 m0 f0 r0 p0
 866907568=162594842+427580648+313118135 i196336551 u796711635 u0 t10.477
5902588 5390000 127 4 w0 r0 m0 f0 r0 p0
 868435196=162883384+428337229+313664935 i196640616 u798158863 u0 t10.553
Idx1+ lookups: 0 17109416 31574203 45227318 58265867 70935448 83340675 95434179 107257260 118976501 130575205 141958912 153237617 164468758 175329359 186163768 
Idx1+ positiv: 0 2661462 3529938 4081069 4472457 4804833 5057660 5269003 5451058 5668798 5818648 5921482 6088189 6081211 6243053 6376598 
Idx1+ found  : 0 2646941 3501822 4039601 4418381 4738570 4979124 5178838 5349280 5555018 5693730 5785028 5941420 5922492 6073278 6196797 
5913534 5400000 53 3 w0 r0 m0 f0 r0 p0
 869949373=163170418+429087426+314207100 i196944743 u799590421 u0 t34.436
5924489 5410000 92 3 w0 r0 m0 f0 r0 p0
 871503384=163466223+429863503+314756130 i197251977 u801065263 u0 t16.646
5935564 5420000 92 3 w0 r0 m0 f0 r0 p0
 873022608=163753312+430618706+315297430 i197555290 u802504167 u0 t16.823
5946595 5430000 92 4 w0 r0 m0 f0 r0 p0
 874592707=164050372+431396365+315858680 i197869388 u803990537 u0 t17.021
5957566 5440000 92 4 w0 r0 m0 f0 r0 p0
 876166787=164347528+432181383+316416902 i198187085 u805477864 u0 t16.961
5968610 5450000 92 4 w0 r0 m0 f0 r0 p0
 877802192=164651115+432980818+317016153 i198504680 u807031958 u0 t16.332
5979615 5460000 92 4 w0 r0 m0 f0 r0 p0
 879416459=164956329+433782972+317591462 i198824234 u808563700 u0 t15.868
5990618 5470000 92 4 w0 r0 m0 f0 r0 p0
 881080713=165270161+434606496+318188299 i199152947 u810142451 u0 t17.144
6001592 5480000 92 4 w0 r0 m0 f0 r0 p0
 882804840=165593048+435464230+318803602 i199498298 u811773382 u0 t17.287
6012521 5490000 92 4 w0 r0 m0 f0 r0 p0
 884495762=165909819+436300941+319411925 i199836817 u813372371 u0 t16.748
6023532 5500000 92 4 w0 r0 m0 f0 r0 p0
 886234374=166235146+437158342+320041218 i200185777 u815014877 u0 t17.788
6034529 5510000 92 4 w0 r0 m0 f0 r0 p0
 887964695=166556245+438014367+320665330 i200535201 u816647729 u0 t17.471
6045561 5520000 92 4 w0 r0 m0 f0 r0 p0
 889684934=166877136+438861568+321289113 i200881727 u818271564 u0 t17.105
6056535 5530000 92 4 w0 r0 m0 f0 r0 p0
 891368416=167191921+439692947+321897795 i201223308 u819858594 u0 t17.03
6067584 5540000 92 4 w0 r0 m0 f0 r0 p0
 893096260=167512675+440544427+322524566 i201570112 u821490718 u0 t17.034
6078684 5550000 92 4 w0 r0 m0 f0 r0 p0
 894759471=167823924+441359004+323131412 i201900509 u823064845 u0 t16.319
6089671 5560000 92 4 w0 r0 m0 f0 r0 p0
 896431990=168135084+442183740+323736955 i202235889 u824645577 u0 t16.282
6100615 5570000 95 4 w0 r0 m0 f0 r0 p0
 898084223=168440161+442993520+324341912 i202570771 u826201733 u0 t16.118
6111539 5580000 95 4 w0 r0 m0 f0 r0 p0
 899757666=168751834+443818689+324948041 i202908849 u827780230 u0 t16.963
6122490 5590000 95 4 w0 r0 m0 f0 r0 p0
 901447349=169066016+444650144+325562159 i203251477 u829372422 u0 t16.343
6133442 5600000 95 4 w0 r0 m0 f0 r0 p0
 903103179=169374833+445468192+326159934 i203581880 u830938968 u0 t16.15
6144430 5610000 95 4 w0 r0 m0 f0 r0 p0
 904756884=169683125+446282388+326759589 i203912910 u832502381 u0 t15.946
6155425 5620000 95 4 w0 r0 m0 f0 r0 p0
 906445829=169994105+447113488+327375214 i204247103 u834101827 u0 t16.242
6166380 5630000 95 4 w0 r0 m0 f0 r0 p0
 908141690=170306719+447942038+327999900 i204585792 u835703436 u0 t15.634
6177346 5640000 95 4 w0 r0 m0 f0 r0 p0
 909818560=170617968+448764017+328612446 i204916291 u837293081 u0 t15.929
6188339 5650000 95 4 w0 r0 m0 f0 r0 p0
 911459814=170925691+449573413+329205116 i205239744 u838850038 u0 t15.914
6199296 5660000 95 4 w0 r0 m0 f0 r0 p0
 913141483=171238279+450399707+329817756 i205575471 u840439531 u0 t16.416
6210250 5670000 95 4 w0 r0 m0 f0 r0 p0
 914784034=171542920+451209594+330413293 i205897936 u841997995 u0 t15.405
6221167 5680000 95 4 w0 r0 m0 f0 r0 p0
 916463390=171854024+452038113+331022264 i206233069 u843585976 u0 t15.271
6232193 5690000 95 4 w0 r0 m0 f0 r0 p0
 918159439=172168388+452874639+331636870 i206567745 u845193774 u0 t15.595
6243114 5700000 100 4 w0 r0 m0 f0 r0 p0
 919870018=172485222+453713178+332262658 i206901621 u846817429 u0 t15.473
6254073 5710000 100 4 w0 r0 m0 f0 r0 p0
 921579971=172801039+454552341+332887817 i207238158 u848438532 u0 t14.881
6265015 5720000 100 4 w0 r0 m0 f0 r0 p0
 923254737=173113055+455372948+333499625 i207565062 u850028675 u0 t15.067
Idx1+ lookups: 0 17113986 31599159 45210210 58325349 70977067 83343638 95499626 107379575 119019821 130577479 142028307 153280798 164441878 175561860 186324360 197066801 
Idx1+ positiv: 0 2638548 3528775 4080975 4480457 4787851 5066195 5283165 5463691 5624308 5828214 5961018 6050188 6210461 6190164 6345976 6474655 
Idx1+ found  : 0 2624243 3500677 4039798 4426432 4721391 4987809 5192679 5361673 5510863 5702894 5824946 5902653 6052579 6020593 6165246 6283964 
6276014 5730000 74 3 w0 r0 m0 f0 r0 p0
 924875646=173416304+456177255+334080782 i207885757 u851565520 u0 t36.411
6286999 5740000 74 3 w0 r0 m0 f0 r0 p0
 926527580=173725027+456997456+334673197 i208210208 u853134316 u0 t23.01
6298011 5750000 74 3 w0 r0 m0 f0 r0 p0
 928205705=174036888+457826336+335279846 i208538112 u854728246 u0 t22.086
6308975 5760000 74 4 w0 r0 m0 f0 r0 p0
 929942837=174357153+458680659+335913458 i208883625 u856370836 u0 t21.759
6319974 5770000 74 4 w0 r0 m0 f0 r0 p0
 931607352=174668058+459498772+336518477 i209213007 u857946905 u0 t20.715
6330997 5780000 94 4 w0 r0 m0 f0 r0 p0
 933280528=174976311+460320189+337131137 i209538744 u859536097 u0 t20.52
6342023 5790000 94 4 w0 r0 m0 f0 r0 p0
 934937882=175285448+461140887+337727131 i209863973 u861109845 u0 t19.99
6353038 5800000 94 4 w0 r0 m0 f0 r0 p0
 936526522=175583299+461923778+338301215 i210171202 u862622548 u0 t18.764
6364053 5810000 94 4 w0 r0 m0 f0 r0 p0
 938141996=175886282+462724231+338880930 i210489522 u864155671 u0 t19.234
6375072 5820000 94 4 w0 r0 m0 f0 r0 p0
 939789030=176192059+463534892+339479610 i210814098 u865717084 u0 t19.29
6386024 5830000 94 4 w0 r0 m0 f0 r0 p0
 941396130=176494097+464318276+340067742 i211125301 u867245095 u0 t18.199
6396912 5840000 94 4 w0 r0 m0 f0 r0 p0
 943032842=176800009+465124214+340660657 i211444073 u868801183 u0 t18.991
6407907 5850000 94 4 w0 r0 m0 f0 r0 p0
 944629640=177098078+465913649+341235858 i211757882 u870317184 u0 t17.982
6418859 5860000 94 4 w0 r0 m0 f0 r0 p0
 946286893=177407065+466726912+341839749 i212085606 u871887119 u0 t18.47
6429878 5870000 94 4 w0 r0 m0 f0 r0 p0
 947912579=177711401+467535456+342420427 i212405050 u873431564 u0 t18.07
6440860 5880000 94 4 w0 r0 m0 f0 r0 p0
 949461950=178000393+468294763+342985244 i212708959 u874901940 u0 t17.269
6451839 5890000 94 4 w0 r0 m0 f0 r0 p0
 951046784=178297688+469075448+343557942 i213021295 u876405074 u0 t17.792
6462899 5900000 94 4 w0 r0 m0 f0 r0 p0
 952644621=178596822+469858713+344139885 i213339607 u877916659 u0 t18.117
6473837 5910000 94 4 w0 r0 m0 f0 r0 p0
 954214331=178890435+470630392+344709753 i213647261 u879406668 u0 t17.908
6484815 5920000 94 4 w0 r0 m0 f0 r0 p0
 955779335=179184369+471400861+345276106 i213954645 u880892181 u0 t17.46
6495784 5930000 94 4 w0 r0 m0 f0 r0 p0
 957377926=179484705+472191505+345850942 i214274100 u882404949 u0 t18.047
6506753 5940000 94 4 w0 r0 m0 f0 r0 p0
 958953277=179781029+472966947+346419930 i214583224 u883900600 u0 t17.352
6517671 5950000 94 4 w0 r0 m0 f0 r0 p0
 960531053=180076910+473738078+346996851 i214893845 u885395888 u0 t17.804
6528600 5960000 94 4 w0 r0 m0 f0 r0 p0
 962101261=180373770+474515744+347558975 i215202860 u886886829 u0 t18.157
6539600 5970000 94 4 w0 r0 m0 f0 r0 p0
 963689707=180672829+475290577+348139657 i215517580 u888389991 u0 t17.592
6550555 5980000 94 4 w0 r0 m0 f0 r0 p0
 965278726=180973015+476077887+348707877 i215830298 u889899255 u0 t17.926
6561522 5990000 94 4 w0 r0 m0 f0 r0 p0
 966835355=181264273+476844215+349271344 i216133029 u891379906 u0 t17.627
6572495 6000000 94 4 w0 r0 m0 f0 r0 p0
 968361860=181552861+477602625+349814914 i216435206 u892828430 u0 t16.458
6583420 6010000 94 4 w0 r0 m0 f0 r0 p0
 969912242=181843077+478363810+350378362 i216736271 u894302716 u0 t17.047
6594346 6020000 94 4 w0 r0 m0 f0 r0 p0
 971425680=182127855+479110614+350924504 i217029855 u895743448 u0 t16.693
6605303 6030000 94 4 w0 r0 m0 f0 r0 p0
 972980898=182420305+479871134+351491425 i217328211 u897226073 u0 t16.853
6616312 6040000 94 4 w0 r0 m0 f0 r0 p0
 974533401=182712837+480643228+352044469 i217636817 u898698514 u0 t17.428
6627298 6050000 94 4 w0 r0 m0 f0 r0 p0
 976091549=183006208+481410595+352607001 i217937024 u900183827 u0 t17.165
6638329 6060000 94 4 w0 r0 m0 f0 r0 p0
 977587698=183290267+482151027+353141561 i218231163 u901604685 u0 t16.462
Idx1+ lookups: 0 17060135 31545972 45172933 58252803 70976930 83321768 95438461 107382870 119077301 130554631 141968220 153287325 164419264 175469971 186487331 197156994 207813277 
Idx1+ positiv: 0 2642634 3510228 4072828 4484668 4799686 5049737 5289585 5480347 5638008 5779823 5971321 6092623 6171466 6323788 6293763 6442835 6568761 
Idx1+ found  : 0 2628149 3482455 4031858 4430810 4733312 4971269 5199388 5378197 5524589 5654932 5834617 5945498 6013026 6155201 6113430 6251404 6367329 
6649282 6070000 61 3 w0 r0 m0 f0 r0 p0
 979142983=183584116+482922533+353697347 i218534744 u903084382 u0 t39.559
6660175 6080000 65 3 w0 r0 m0 f0 r0 p0
 980680546=183874411+483691461+354241139 i218836536 u904546651 u0 t21.886
6671098 6090000 65 3 w0 r0 m0 f0 r0 p0
 982223516=184167237+484455057+354794158 i219143458 u906008998 u0 t21.004
6682137 6100000 70 4 w0 r0 m0 f0 r0 p0
 983794217=184462858+485227391+355362836 i219449046 u907502505 u0 t21.245
6693037 6110000 70 4 w0 r0 m0 f0 r0 p0
 985270513=184741959+485954870+355895107 i219732449 u908910911 u0 t20.121
6703966 6120000 86 4 w0 r0 m0 f0 r0 p0
 986791750=185027963+486703956+356445553 i220027895 u910357928 u0 t20.925
6714910 6130000 86 4 w0 r0 m0 f0 r0 p0
 988294857=185310512+487440858+356991722 i220314156 u911792703 u0 t20.127
6725879 6140000 86 4 w0 r0 m0 f0 r0 p0
 989820534=185599925+488197232+357536091 i220608530 u913247299 u0 t20.593
6736831 6150000 86 4 w0 r0 m0 f0 r0 p0
 991323630=185885367+488940634+358074734 i220900849 u914677592 u0 t20.372
6747751 6160000 86 4 w0 r0 m0 f0 r0 p0
 992791238=186163336+489671250+358595790 i221183973 u916077937 u0 t19.767
6758675 6170000 86 4 w0 r0 m0 f0 r0 p0
 994270793=186444246+490405079+359123251 i221468941 u917489863 u0 t19.844
6769641 6180000 86 4 w0 r0 m0 f0 r0 p0
 995748005=186725174+491138740+359648360 i221752177 u918901280 u0 t19.206
6780662 6190000 86 4 w0 r0 m0 f0 r0 p0
 997229025=187006938+491874238+360175734 i222036782 u920314990 u0 t19.233
6791651 6200000 86 4 w0 r0 m0 f0 r0 p0
 998697101=187286718+492605353+360695577 i222321550 u921714683 u0 t20.014
6802737 6210000 86 4 w0 r0 m0 f0 r0 p0
 1000217702=187574177+493356874+361240375 i222613056 u923166504 u0 t20.16
6813690 6220000 86 4 w0 r0 m0 f0 r0 p0
 1001778875=187866803+494127696+361803572 i222910533 u924658028 u0 t20.992
6824712 6230000 86 4 w0 r0 m0 f0 r0 p0
 1003315642=188156980+494885856+362356718 i223206042 u926123290 u0 t20.101
6835868 6240000 86 4 w0 r0 m0 f0 r0 p0
 1004823158=188444186+495641101+362885724 i223496501 u927563149 u0 t20.295
6846951 6250000 86 4 w0 r0 m0 f0 r0 p0
 1006355468=188732925+496396742+363437812 i223792402 u929023256 u0 t20.233
6857988 6260000 86 4 w0 r0 m0 f0 r0 p0
 1007918677=189027110+497169271+364000005 i224093660 u930513153 u0 t20.184
6868994 6270000 86 4 w0 r0 m0 f0 r0 p0
 1009519034=189326515+497961251+364575358 i224408755 u932031423 u0 t21.282
6880103 6280000 86 4 w0 r0 m0 f0 r0 p0
 1011100637=189622411+498741726+365146445 i224715381 u933536456 u0 t20.225
6891121 6290000 86 4 w0 r0 m0 f0 r0 p0
 1012614344=189909994+499493838+365684526 i225008500 u934979173 u0 t19.715
6902258 6300000 86 4 w0 r0 m0 f0 r0 p0
 1014177706=190204750+500262336+366249638 i225310248 u936468346 u0 t20.278
6913312 6310000 86 4 w0 r0 m0 f0 r0 p0
 1015792449=190507184+501054384+366837525 i225620151 u938007667 u0 t21.039
6924370 6320000 86 4 w0 r0 m0 f0 r0 p0
 1017480698=190822900+501884022+367450713 i225946394 u939614996 u0 t21.69
6935396 6330000 86 4 w0 r0 m0 f0 r0 p0
 1019236006=191147024+502742297+368095409 i226288750 u941280877 u0 t23.36
6946492 6340000 86 4 w0 r0 m0 f0 r0 p0
 1020945806=191468366+503588079+368710114 i226620739 u942908214 u0 t22.03
6957583 6350000 86 4 w0 r0 m0 f0 r0 p0
 1022663719=191787107+504431580+369336613 i226958223 u944537205 u0 t22.689
6968660 6360000 89 4 w0 r0 m0 f0 r0 p0
 1024464192=192119812+505311614+369998421 i227312818 u946242351 u0 t22.279
6979646 6370000 89 4 w0 r0 m0 f0 r0 p0
 1026200123=192443449+506163507+370631125 i227655088 u947887010 u0 t21.87
6990664 6380000 89 4 w0 r0 m0 f0 r0 p0
 1028029955=192782175+507064728+371296964 i228020530 u949616538 u0 t23.611
7001617 6390000 89 4 w0 r0 m0 f0 r0 p0
 1029814400=193114868+507948039+371939943 i228369708 u951311242 u0 t23.253
7012569 6400000 89 4 w0 r0 m0 f0 r0 p0
 1031533272=193433212+508793596+372565421 i228713073 u952935755 u0 t22.619
Idx1+ lookups: 0 17045077 31474833 45100827 58186413 70878949 83298287 95389877 107294337 119056346 130585118 141919286 153203866 164401553 175423454 186374062 197296196 207879370 218455718 
Idx1+ positiv: 0 2644836 3515976 4064726 4472784 4801714 5065097 5273940 5483674 5657660 5792574 5920049 6103722 6213661 6282479 6429826 6390984 6533573 6658854 
Idx1+ found  : 0 2630379 3487992 4023830 4419192 4735599 4986560 5183502 5381788 5543856 5667751 5783941 5956035 6055536 6113125 6250427 6199919 6331339 6446956 
7023525 6410000 60 3 w0 r0 m0 f0 r0 p0
 1033199174=193743519+509614386+373169452 i229038800 u954517732 u0 t44.337
7034431 6420000 91 3 w0 r0 m0 f0 r0 p0
 1034889285=194059611+510450236+373778307 i229370258 u956122737 u0 t28.336
7045399 6430000 91 3 w0 r0 m0 f0 r0 p0
 1036583694=194376097+511292745+374384630 i229706721 u957728008 u0 t28.031
7056564 6440000 91 4 w0 r0 m0 f0 r0 p0
 1038323660=194700892+512153281+375011261 i230050691 u959377193 u0 t27.75
7067503 6450000 95 4 w0 r0 m0 f0 r0 p0
 1040005438=195016153+512984807+375616721 i230385731 u960969200 u0 t27.393
7078394 6460000 95 4 w0 r0 m0 f0 r0 p0
 1041674392=195331599+513806775+376218079 i230713167 u962553429 u0 t25.817
7089291 6470000 107 4 w0 r0 m0 f0 r0 p0
 1043239618=195622595+514574104+376789676 i231023120 u964035447 u0 t25.08
7100203 6480000 107 4 w0 r0 m0 f0 r0 p0
 1044899778=195932545+515388621+377393739 i231348741 u965610236 u0 t26.438
7111210 6490000 107 4 w0 r0 m0 f0 r0 p0
 1046559517=196242728+516208959+377991962 i231675812 u967184641 u0 t26.273
7122104 6500000 107 4 w0 r0 m0 f0 r0 p0
 1048245624=196556337+517036342+378607415 i232009653 u968780236 u0 t27.223
7132992 6510000 107 4 w0 r0 m0 f0 r0 p0
 1050010643=196886762+517911127+379240406 i232375286 u970436984 u0 t28.275
7143869 6520000 107 4 w0 r0 m0 f0 r0 p0
 1051660069=197196527+518722253+379838338 i232695722 u972005038 u0 t27.828
7154792 6530000 107 4 w0 r0 m0 f0 r0 p0
 1053287756=197500149+519518033+380434344 i233006881 u973556238 u0 t26.655
7165724 6540000 107 4 w0 r0 m0 f0 r0 p0
 1054962793=197812012+520346329+381038636 i233333736 u975147815 u0 t28.294
7176627 6550000 107 4 w0 r0 m0 f0 r0 p0
 1056644520=198123565+521177535+381647122 i233661642 u976745830 u0 t26.357
7187499 6560000 107 4 w0 r0 m0 f0 r0 p0
 1058377213=198445124+522032823+382274647 i234000016 u978391615 u0 t27.34
7198402 6570000 107 4 w0 r0 m0 f0 r0 p0
 1060041089=198754521+522854004+382877140 i234322614 u979974092 u0 t25.678
7209321 6580000 107 4 w0 r0 m0 f0 r0 p0
 1061692946=199063254+523670690+383472508 i234642101 u981546808 u0 t25.097
7220259 6590000 107 4 w0 r0 m0 f0 r0 p0
 1063304768=199363910+524469340+384052329 i234954393 u983081126 u0 t24.441
7231198 6600000 107 4 w0 r0 m0 f0 r0 p0
 1064963448=199673110+525288612+384652142 i235274920 u984660333 u0 t24.883
Total lines processed: 6601470
Block Count:1075, 114398
Avg Block Count:95 = 10975595 / 114398
Avg Max Count:151, 142, 107
Block Count:0, 1
Avg Block Count:0 = 0 / 1
Avg Max Count:0, 0, 0
Trie Len:1387, Trie Len:0, 0
BloomFilter
        bits: 245067100
        estimated elements: 17045078
        number hashes: 10
        max false positive rate: 0.001000
        bloom length (8 bits): 30633388
        elements added: 17045078
        estimated elements added: 17043492
        current false positive rate: 0.001000
        export size (bytes): 30633408
        number bits set: 122816898
        is on disk: no
Block Count:0, 1
Avg Block Count:0 = 0 / 1
Avg Max Count:0, 0, 0
Trie Len:1699, Trie Len:0, 0
BloomFilter
        bits: 245283598
        estimated elements: 17060136
        number hashes: 10
        max false positive rate: 0.001000
        bloom length (8 bits): 30660450
        elements added: 17060136
        estimated elements added: 17058397
        current false positive rate: 0.001000
        export size (bytes): 30660470
        number bits set: 122924644
        is on disk: no
Block Count:0, 1
Avg Block Count:0 = 0 / 1
Avg Max Count:0, 0, 0
Trie Len:1523, Trie Len:0, 0
BloomFilter
        bits: 246057846
        estimated elements: 17113987
        number hashes: 10
        max false positive rate: 0.001000
        bloom length (8 bits): 30757231
        elements added: 17113987
        estimated elements added: 17114561
        current false positive rate: 0.001000
        export size (bytes): 30757251
        number bits set: 123324225
        is on disk: no
Block Count:0, 1
Avg Block Count:0 = 0 / 1
Avg Max Count:0, 0, 0
Trie Len:1225, Trie Len:0, 0
BloomFilter
        bits: 245992140
        estimated elements: 17109417
        number hashes: 10
        max false positive rate: 0.001000
        bloom length (8 bits): 30749018
        elements added: 17109417
        estimated elements added: 17109199
        current false positive rate: 0.001000
        export size (bytes): 30749038
        number bits set: 123287345
        is on disk: no
Block Count:0, 1
Avg Block Count:0 = 0 / 1
Avg Max Count:0, 0, 0
Trie Len:1552, Trie Len:0, 0
BloomFilter
        bits: 246025367
        estimated elements: 17111728
        number hashes: 10
        max false positive rate: 0.001000
        bloom length (8 bits): 30753171
        elements added: 17111728
        estimated elements added: 17110472
        current false positive rate: 0.001000
        export size (bytes): 30753191
        number bits set: 123298819
        is on disk: no
Block Count:0, 1
Avg Block Count:0 = 0 / 1
Avg Max Count:0, 0, 0
Trie Len:1543, Trie Len:0, 0
BloomFilter
        bits: 246646622
        estimated elements: 17154938
        number hashes: 10
        max false positive rate: 0.001000
        bloom length (8 bits): 30830828
        elements added: 17154938
        estimated elements added: 17154985
        current false positive rate: 0.001000
        export size (bytes): 30830848
        number bits set: 123616684
        is on disk: no
Block Count:0, 1
Avg Block Count:0 = 0 / 1
Avg Max Count:0, 0, 0
Trie Len:1156, Trie Len:0, 0
BloomFilter
        bits: 245542610
        estimated elements: 17078151
        number hashes: 10
        max false positive rate: 0.001000
        bloom length (8 bits): 30692827
        elements added: 17078151
        estimated elements added: 17077997
        current false positive rate: 0.001000
        export size (bytes): 30692847
        number bits set: 123062363
        is on disk: no
Block Count:0, 1
Avg Block Count:0 = 0 / 1
Avg Max Count:0, 0, 0
Trie Len:1649, Trie Len:0, 0
BloomFilter
        bits: 245683683
        estimated elements: 17087963
        number hashes: 10
        max false positive rate: 0.001000
        bloom length (8 bits): 30710461
        elements added: 17087963
        estimated elements added: 17087620
        current false positive rate: 0.001000
        export size (bytes): 30710481
        number bits set: 123132122
        is on disk: no
Block Count:0, 1
Avg Block Count:0 = 0 / 1
Avg Max Count:0, 0, 0
Trie Len:1665, Trie Len:0, 0
BloomFilter
        bits: 246486456
        estimated elements: 17143798
        number hashes: 10
        max false positive rate: 0.001000
        bloom length (8 bits): 30810807
        elements added: 17143798
        estimated elements added: 17144413
        current false positive rate: 0.001000
        export size (bytes): 30810827
        number bits set: 123539242
        is on disk: no
Block Count:0, 1
Avg Block Count:0 = 0 / 1
Avg Max Count:0, 0, 0
Trie Len:1399, Trie Len:0, 0
BloomFilter
        bits: 245463203
        estimated elements: 17072628
        number hashes: 10
        max false positive rate: 0.001000
        bloom length (8 bits): 30682901
        elements added: 17072628
        estimated elements added: 17071793
        current false positive rate: 0.001000
        export size (bytes): 30682921
        number bits set: 123019168
        is on disk: no
Block Count:0, 1
Avg Block Count:0 = 0 / 1
Avg Max Count:0, 0, 0
Trie Len:1565, Trie Len:0, 0
BloomFilter
        bits: 244446592
        estimated elements: 17001920
        number hashes: 10
        max false positive rate: 0.001000
        bloom length (8 bits): 30555824
        elements added: 17001920
        estimated elements added: 17001595
        current false positive rate: 0.001000
        export size (bytes): 30555844
        number bits set: 122512200
        is on disk: no
Block Count:0, 1
Avg Block Count:0 = 0 / 1
Avg Max Count:0, 0, 0
Trie Len:1717, Trie Len:0, 0
BloomFilter
        bits: 245404154
        estimated elements: 17068521
        number hashes: 10
        max false positive rate: 0.001000
        bloom length (8 bits): 30675520
        elements added: 17068521
        estimated elements added: 17068565
        current false positive rate: 0.001000
        export size (bytes): 30675540
        number bits set: 122993959
        is on disk: no
Block Count:0, 1
Avg Block Count:0 = 0 / 1
Avg Max Count:0, 0, 0
Trie Len:1507, Trie Len:0, 0
BloomFilter
        bits: 246629153
        estimated elements: 17153723
        number hashes: 10
        max false positive rate: 0.001000
        bloom length (8 bits): 30828645
        elements added: 17153723
        estimated elements added: 17154054
        current false positive rate: 0.001000
        export size (bytes): 30828665
        number bits set: 123609344
        is on disk: no
Block Count:0, 1
Avg Block Count:0 = 0 / 1
Avg Max Count:0, 0, 0
Trie Len:1629, Trie Len:0, 0
BloomFilter
        bits: 245532359
        estimated elements: 17077438
        number hashes: 10
        max false positive rate: 0.001000
        bloom length (8 bits): 30691545
        elements added: 17077438
        estimated elements added: 17078721
        current false positive rate: 0.001000
        export size (bytes): 30691565
        number bits set: 123064394
        is on disk: no
Block Count:0, 1
Avg Block Count:0 = 0 / 1
Avg Max Count:0, 0, 0
Trie Len:1613, Trie Len:0, 0
BloomFilter
        bits: 245335329
        estimated elements: 17063734
        number hashes: 10
        max false positive rate: 0.001000
        bloom length (8 bits): 30666917
        elements added: 17063734
        estimated elements added: 17063048
        current false positive rate: 0.001000
        export size (bytes): 30666937
        number bits set: 122955820
        is on disk: no
Block Count:0, 1
Avg Block Count:0 = 0 / 1
Avg Max Count:0, 0, 0
Trie Len:1403, Trie Len:0, 0
BloomFilter
        bits: 246899998
        estimated elements: 17172561
        number hashes: 10
        max false positive rate: 0.001000
        bloom length (8 bits): 30862500
        elements added: 17172561
        estimated elements added: 17171684
        current false positive rate: 0.001000
        export size (bytes): 30862520
        number bits set: 123739062
        is on disk: no
Block Count:0, 1
Avg Block Count:0 = 0 / 1
Avg Max Count:0, 0, 0
Trie Len:1424, Trie Len:0, 0
BloomFilter
        bits: 241300388
        estimated elements: 16783093
        number hashes: 10
        max false positive rate: 0.001000
        bloom length (8 bits): 30162549
        elements added: 16783093
        estimated elements added: 16782870
        current false positive rate: 0.001000
        export size (bytes): 30162569
        number bits set: 120935866
        is on disk: no
Block Count:0, 1
Avg Block Count:0 = 0 / 1
Avg Max Count:0, 0, 0
Trie Len:1576, Trie Len:0, 0
BloomFilter
        bits: 243091764
        estimated elements: 16907688
        number hashes: 10
        max false positive rate: 0.001000
        bloom length (8 bits): 30386471
        elements added: 16907688
        estimated elements added: 16908423
        current false positive rate: 0.001000
        export size (bytes): 30386491
        number bits set: 121838459
        is on disk: no
Block Count:0, 1
Avg Block Count:0 = 0 / 1
Avg Max Count:0, 0, 0
Trie Len:1407, Trie Len:0, 0
BloomFilter
        bits: 242981603
        estimated elements: 16900026
        number hashes: 10
        max false positive rate: 0.001000
        bloom length (8 bits): 30372701
        elements added: 16900026
        estimated elements added: 16900868
        current false positive rate: 0.001000
        export size (bytes): 30372721
        number bits set: 121783784
        is on disk: no
Level Count:4
Level Count:1
Level Count:1
Level Count:1
Level Count:1
Level Count:1
Level Count:1
Level Count:1
Level Count:1
Level Count:1
Level Count:1
Level Count:1
Level Count:1
Level Count:1
Level Count:1
Level Count:1
Level Count:1
Level Count:1
Level Count:1
Level Count:1
7442992 4
4034729 4
Max word len: 127
Total words generated: 1065207859
Words inserted 235322070
Words updated: 984893350
OUBLK INBLK
    -     -
rchar: 580574876890
wchar: 3941784182
syscr: 142357447
syscw: 2061691
read_bytes: 90418503680
write_bytes: 3942924288
cancelled_write_bytes: 0
176594224
7701024
