Csz: 64, pgsz: 4096
Stg buf: 1048576kb, Idx1 buf: 1048576kb, Idx1+ buf: 8192kb
Idx1 entry count limit: 25 million
10988 10000 63 3 w0 r0 m0 f0 r0 p0
 1501663=280564+736534+546799 i732629 u987122 u0 t1.901
22023 20000 63 3 w0 r0 m0 f0 r0 p0
 2969833=556529+1459387+1077009 i1316180 u2085487 u0 t1.934
33024 30000 63 4 w0 r0 m0 f0 r0 p0
 4455111=837101+2191661+1611754 i1877017 u3226548 u0 t2.067
44043 40000 91 4 w0 r0 m0 f0 r0 p0
 6020851=1126445+2951279+2192551 i2436084 u4457833 u0 t2.19
55121 50000 91 4 w0 r0 m0 f0 r0 p0
 7456147=1398962+3658349+2709577 i2939468 u5599484 u0 t2.064
66115 60000 91 4 w0 r0 m0 f0 r0 p0
 8880851=1666179+4350823+3234648 i3419104 u6749918 u0 t2.055
77117 70000 91 4 w0 r0 m0 f0 r0 p0
 10321935=1938435+5065049+3750268 i3906266 u7914960 u0 t2.142
88102 80000 91 4 w0 r0 m0 f0 r0 p0
 11700254=2200704+5742595+4246944 i4363213 u9037806 u0 t2.082
99095 90000 91 4 w0 r0 m0 f0 r0 p0
 13136962=2468232+6447219+4770729 i4834869 u10211527 u0 t2.209
110113 100000 91 4 w0 r0 m0 f0 r0 p0
 14567887=2739132+7154639+5283726 i5290840 u11395752 u0 t2.385
121109 110000 91 4 w0 r0 m0 f0 r0 p0
 15979341=3006343+7853621+5788507 i5744072 u12560404 u0 t2.219
132028 120000 91 4 w0 r0 m0 f0 r0 p0
 17529576=3286631+8592403+6381321 i6202530 u13870471 u0 t2.307
142990 130000 91 4 w0 r0 m0 f0 r0 p0
 18983246=3562515+9313266+6900099 i6652150 u15087377 u0 t2.267
153925 140000 91 4 w0 r0 m0 f0 r0 p0
 20471021=3841520+10053635+7429782 i7107103 u16337894 u0 t2.307
164855 150000 91 4 w0 r0 m0 f0 r0 p0
 21979188=4125986+10799401+7971072 i7567835 u17605454 u0 t2.349
175812 160000 91 4 w0 r0 m0 f0 r0 p0
 23581702=4417062+11563939+8582289 i8035915 u18965547 u0 t2.441
186797 170000 91 4 w0 r0 m0 f0 r0 p0
 25057302=4694184+12294315+9112151 i8483630 u20209360 u0 t2.313
197847 180000 91 4 w0 r0 m0 f0 r0 p0
 26591014=4977448+13039031+9681211 i8936396 u21510058 u0 t2.39
208776 190000 91 4 w0 r0 m0 f0 r0 p0
 28103392=5261528+13786971+10225271 i9389016 u22790724 u0 t2.389
219728 200000 91 4 w0 r0 m0 f0 r0 p0
 29608450=5546129+14533215+10762856 i9830477 u24075187 u0 t2.4
230584 210000 91 4 w0 r0 m0 f0 r0 p0
 31172079=5839074+15306099+11325356 i10287305 u25409728 u0 t2.468
241548 220000 91 4 w0 r0 m0 f0 r0 p0
 32679763=6122575+16050615+11868600 i10728860 u26695809 u0 t2.406
252514 230000 91 4 w0 r0 m0 f0 r0 p0
 34277699=6416178+16828359+12459598 i11188994 u28062718 u0 t2.514
263483 240000 91 4 w0 r0 m0 f0 r0 p0
 35775557=6699007+17569616+12996180 i11625823 u29342837 u0 t2.405
274496 250000 91 4 w0 r0 m0 f0 r0 p0
 37306382=6986514+18328557+13544391 i12066772 u30656219 u0 t2.475
285461 260000 91 4 w0 r0 m0 f0 r0 p0
 38798460=7268992+19071624+14074163 i12494982 u31939300 u0 t2.423
296415 270000 91 4 w0 r0 m0 f0 r0 p0
 40286808=7549046+19806127+14610350 i12922085 u33217611 u0 t2.418
307437 280000 91 4 w0 r0 m0 f0 r0 p0
 41792998=7832777+20553957+15148521 i13350292 u34516184 u0 t2.451
318462 290000 91 4 w0 r0 m0 f0 r0 p0
 43396945=8135807+21348388+15722664 i13806455 u35898383 u0 t2.601
329483 300000 91 4 w0 r0 m0 f0 r0 p0
 45023838=8442695+22162598+16297392 i14273166 u37298170 u0 t2.654
340525 310000 91 4 w0 r0 m0 f0 r0 p0
 46611522=8738490+22941883+16875435 i14719085 u38669830 u0 t2.561
351480 320000 115 4 w0 r0 m0 f0 r0 p0
 48197495=9039364+23732513+17435864 i15165470 u40042326 u0 t2.573
362496 330000 115 4 w0 r0 m0 f0 r0 p0
 49733153=9330690+24494894+17981449 i15594735 u41373894 u0 t2.558
373551 340000 115 4 w0 r0 m0 f0 r0 p0
 51290525=9626489+25266085+18538210 i16032087 u42722206 u0 t2.572
384689 350000 115 4 w0 r0 m0 f0 r0 p0
 52864093=9922506+26034770+19112787 i16473288 u44082729 u0 t2.577
Idx1+ lookups: 0 
Idx1+ positiv: 0 
Idx1+ found  : 0 
395874 360000 81 3 w0 r0 m0 f0 r0 p0
 54482814=10222227+26820615+19712099 i16929367 u45477765 u0 t19.803
406862 370000 82 3 w0 r0 m0 f0 r0 p0
 56129529=10531411+27615260+20322783 i17391147 u46898946 u0 t4.148
417894 380000 82 3 w0 r0 m0 f0 r0 p0
 57712939=10827913+28389797+20900694 i17836066 u48266696 u0 t3.583
428912 390000 82 4 w0 r0 m0 f0 r0 p0
 59270425=11119317+29151504+21469881 i18270779 u49614812 u0 t3.419
439874 400000 93 4 w0 r0 m0 f0 r0 p0
 60804875=11404852+29899292+22034731 i18692192 u50948956 u0 t3.291
450859 410000 93 4 w0 r0 m0 f0 r0 p0
 62351122=11693776+30659561+22596197 i19124555 u52287500 u0 t3.295
461847 420000 93 4 w0 r0 m0 f0 r0 p0
 63850824=11975377+31395903+23140104 i19539607 u53589985 u0 t3.167
472807 430000 93 4 w0 r0 m0 f0 r0 p0
 65444263=12275975+32177959+23717696 i19976861 u54977586 u0 t3.333
483790 440000 93 4 w0 r0 m0 f0 r0 p0
 67052753=12576164+32971980+24298942 i20419610 u56377655 u0 t3.351
494708 450000 93 4 w0 r0 m0 f0 r0 p0
 68705880=12884577+33787893+24895987 i20868524 u57822283 u0 t3.408
505590 460000 93 4 w0 r0 m0 f0 r0 p0
 70357917=13192981+34603737+25491973 i21317713 u59266073 u0 t3.388
516566 470000 93 4 w0 r0 m0 f0 r0 p0
 71996869=13498910+35407294+26089306 i21757299 u60702214 u0 t3.337
527520 480000 93 4 w0 r0 m0 f0 r0 p0
 73651210=13807158+36223256+26687956 i22205092 u62148935 u0 t3.357
538466 490000 93 4 w0 r0 m0 f0 r0 p0
 75328397=14119122+37045202+27301246 i22656912 u63616659 u0 t3.38
549399 500000 103 4 w0 r0 m0 f0 r0 p0
 77031657=14444781+37880830+27920554 i23113249 u65110632 u0 t3.413
560288 510000 103 4 w0 r0 m0 f0 r0 p0
 78691897=14755244+38702032+28518770 i23554355 u66571634 u0 t3.337
571192 520000 103 4 w0 r0 m0 f0 r0 p0
 80360592=15064921+39523583+29124866 i24001344 u68035123 u0 t3.329
582148 530000 103 4 w0 r0 m0 f0 r0 p0
 82044094=15379373+40351252+29736631 i24447914 u69516489 u0 t3.368
593039 540000 103 4 w0 r0 m0 f0 r0 p0
 83778969=15700366+41200465+30372728 i24899734 u71049741 u0 t3.443
604123 550000 103 4 w0 r0 m0 f0 r0 p0
 85301577=15986949+41941190+30932366 i25296658 u72395314 u0 t3.016
615220 560000 103 4 w0 r0 m0 f0 r0 p0
 86603175=16234528+42588345+31398769 i25645743 u73539247 u0 t2.577
626410 570000 103 4 w0 r0 m0 f0 r0 p0
 87874733=16473215+43206126+31867990 i25977087 u74662757 u0 t2.515
637646 580000 103 4 w0 r0 m0 f0 r0 p0
 89107118=16707388+43808787+32316445 i26295790 u75755889 u0 t2.449
648847 590000 103 4 w0 r0 m0 f0 r0 p0
 90412613=16951660+44441753+32801313 i26620959 u76923633 u0 t2.523
660023 600000 103 4 w0 r0 m0 f0 r0 p0
 91570950=17172097+45004553+33225573 i26915253 u77955938 u0 t2.302
671169 610000 103 4 w0 r0 m0 f0 r0 p0
 92720559=17392089+45568160+33643035 i27208751 u78980110 u0 t2.291
682330 620000 104 4 w0 r0 m0 f0 r0 p0
 93872563=17614200+46130772+34061676 i27501429 u80007396 u0 t2.277
693457 630000 104 4 w0 r0 m0 f0 r0 p0
 95117609=17848307+46742027+34515831 i27814270 u81119688 u0 t2.42
704731 640000 104 4 w0 r0 m0 f0 r0 p0
 96356521=18079814+47339736+34977384 i28121166 u82229506 u0 t2.411
715916 650000 104 4 w0 r0 m0 f0 r0 p0
 97508742=18300176+47903789+35395975 i28406351 u83265050 u0 t2.267
727122 660000 104 4 w0 r0 m0 f0 r0 p0
 98740979=18534472+48502649+35847850 i28710581 u84371797 u0 t2.429
738273 670000 104 4 w0 r0 m0 f0 r0 p0
 99944384=18763831+49088470+36288017 i29009102 u85452209 u0 t2.37
749495 680000 104 4 w0 r0 m0 f0 r0 p0
 101110633=18988146+49655129+36713799 i29295687 u86502085 u0 t2.297
760693 690000 104 4 w0 r0 m0 f0 r0 p0
 102322772=19218634+50241042+37161215 i29597606 u87587705 u0 t2.38
771972 700000 104 4 w0 r0 m0 f0 r0 p0
 103533405=19447840+50827756+37607308 i29897320 u88674141 u0 t2.377
783287 710000 104 4 w0 r0 m0 f0 r0 p0
 104707169=19672297+51400620+38034532 i30187981 u89728387 u0 t2.376
794503 720000 104 4 w0 r0 m0 f0 r0 p0
 105884077=19899080+51986529+38454138 i30484393 u90782935 u0 t2.308
805629 730000 104 4 w0 r0 m0 f0 r0 p0
 107102606=20129008+52567936+38912857 i30784785 u91875300 u0 t2.375
816809 740000 104 4 w0 r0 m0 f0 r0 p0
 108260442=20346670+53116721+39353020 i31063829 u92918091 u0 t2.241
Idx1+ lookups: 0 16907687 
Idx1+ positiv: 0 2659634 
Idx1+ found  : 0 2587813 
827890 750000 70 3 w0 r0 m0 f0 r0 p0
 109450263=20570289+53679196+39809019 i31352981 u93987172 u0 t19.882
839058 760000 89 3 w0 r0 m0 f0 r0 p0
 110562747=20782639+54214127+40221777 i31620192 u94993205 u0 t3.083
850231 770000 89 3 w0 r0 m0 f0 r0 p0
 111752686=21007204+54789950+40662024 i31911832 u96063102 u0 t3.092
861324 780000 89 3 w0 r0 m0 f0 r0 p0
 112864986=21220423+55328425+41070963 i32186742 u97061835 u0 t2.821
872344 790000 89 4 w0 r0 m0 f0 r0 p0
 114010109=21439524+55879572+41494848 i32459515 u98100041 u0 t2.846
883522 800000 89 4 w0 r0 m0 f0 r0 p0
 115161048=21660061+56435512+41919053 i32734766 u99142592 u0 t2.82
894714 810000 89 4 w0 r0 m0 f0 r0 p0
 116268533=21873210+56964926+42332738 i33003900 u100140572 u0 t2.674
905844 820000 89 4 w0 r0 m0 f0 r0 p0
 117391478=22087870+57507981+42746335 i33271939 u101158006 u0 t2.683
916882 830000 89 4 w0 r0 m0 f0 r0 p0
 118666012=22330007+58123971+43219027 i33587547 u102300671 u0 t2.987
927964 840000 89 4 w0 r0 m0 f0 r0 p0
 119859814=22558740+58706062+43653178 i33882590 u103373769 u0 t2.842
939033 850000 89 4 w0 r0 m0 f0 r0 p0
 121120097=22797057+59316939+44117540 i34192756 u104506318 u0 t2.984
950128 860000 89 4 w0 r0 m0 f0 r0 p0
 122354161=23032142+59920770+44564945 i34498917 u105614132 u0 t2.905
961260 870000 89 4 w0 r0 m0 f0 r0 p0
 123573714=23265156+60513662+45010532 i34798097 u106711505 u0 t2.85
972424 880000 89 4 w0 r0 m0 f0 r0 p0
 124788336=23496396+61098156+45461081 i35096160 u107803055 u0 t2.818
983571 890000 89 4 w0 r0 m0 f0 r0 p0
 125999548=23725782+61687928+45904551 i35396104 u108889760 u0 t2.813
994789 900000 89 4 w0 r0 m0 f0 r0 p0
 127172823=23948729+62252858+46339682 i35679752 u109948751 u0 t2.683
1005944 910000 89 4 w0 r0 m0 f0 r0 p0
 128418184=24183935+62848114+46805458 i35967836 u111084340 u0 t2.754
1017100 920000 89 4 w0 r0 m0 f0 r0 p0
 129545948=24400080+63392506+47221135 i36239862 u112103726 u0 t2.576
1028294 930000 89 4 w0 r0 m0 f0 r0 p0
 130643767=24609789+63922720+47625923 i36504981 u113095397 u0 t2.511
1039422 940000 89 4 w0 r0 m0 f0 r0 p0
 131802756=24830099+64485884+48050761 i36784916 u114142665 u0 t2.639
1050473 950000 89 4 w0 r0 m0 f0 r0 p0
 132969366=25052197+65053534+48476717 i37064028 u115199603 u0 t2.627
1061568 960000 89 4 w0 r0 m0 f0 r0 p0
 134157706=25282050+65633678+48906915 i37340582 u116285860 u0 t2.664
1072599 970000 89 4 w0 r0 m0 f0 r0 p0
 135407467=25517546+66234964+49372288 i37632577 u117423128 u0 t2.765
1083733 980000 89 4 w0 r0 m0 f0 r0 p0
 136514372=25732860+66779076+49768190 i37896973 u118428714 u0 t2.5
1094785 990000 89 4 w0 r0 m0 f0 r0 p0
 137634416=25949068+67323878+50175892 i38165855 u119443515 u0 t2.521
1105876 1000000 89 4 w0 r0 m0 f0 r0 p0
 138781015=26169464+67886377+50589434 i38439704 u120484696 u0 t2.583
1117034 1010000 89 4 w0 r0 m0 f0 r0 p0
 139902328=26386172+68433488+50996382 i38709598 u121499844 u0 t2.515
1128112 1020000 89 4 w0 r0 m0 f0 r0 p0
 141036705=26605393+68991950+51402445 i38983317 u122527642 u0 t2.554
1139060 1030000 89 4 w0 r0 m0 f0 r0 p0
 142284153=26846201+69605267+51850081 i39289013 u123652627 u0 t2.799
1150007 1040000 89 4 w0 r0 m0 f0 r0 p0
 143675917=27111664+70284235+52356962 i39628114 u124907311 u0 t3.096
1160894 1050000 89 4 w0 r0 m0 f0 r0 p0
 145112849=27383007+70990985+52876373 i39982857 u126199024 u0 t3.194
1171814 1060000 89 4 w0 r0 m0 f0 r0 p0
 146493466=27645470+71670517+53373699 i40324150 u127439984 u0 t3.084
1182789 1070000 89 4 w0 r0 m0 f0 r0 p0
 147885946=27910737+72358778+53871861 i40668143 u128692797 u0 t3.138
1193726 1080000 89 4 w0 r0 m0 f0 r0 p0
 149248573=28170852+73028966+54362303 i41002305 u129920489 u0 t3.083
1204582 1090000 89 4 w0 r0 m0 f0 r0 p0
 150675635=28443408+73739146+54868607 i41358116 u131201909 u0 t3.172
1215452 1100000 89 4 w0 r0 m0 f0 r0 p0
 152122476=28719425+74451995+55388560 i41709898 u132508071 u0 t3.2
1226363 1110000 89 4 w0 r0 m0 f0 r0 p0
 153617858=29001917+75190527+55926027 i42075957 u133856171 u0 t3.302
1237247 1120000 89 4 w0 r0 m0 f0 r0 p0
 155054261=29275805+75901339+56439032 i42426773 u135152278 u0 t3.154
1248176 1130000 89 4 w0 r0 m0 f0 r0 p0
 156519680=29555003+76624493+56964331 i42785721 u136473318 u0 t3.22
1259068 1140000 89 4 w0 r0 m0 f0 r0 p0
 157977948=29830686+77346072+57486978 i43143837 u137786721 u0 t3.207
1269968 1150000 89 4 w0 r0 m0 f0 r0 p0
 159450172=30110531+78082271+58007477 i43509450 u139110160 u0 t3.234
1280888 1160000 89 4 w0 r0 m0 f0 r0 p0
 160907827=30387286+78807042+58526230 i43872376 u140418838 u0 t3.204
1291754 1170000 89 4 w0 r0 m0 f0 r0 p0
 162377563=30666293+79535830+59050443 i44234308 u141742467 u0 t3.221
Idx1+ lookups: 0 16783093 31060585 
Idx1+ positiv: 0 2700730 3570949 
Idx1+ found  : 0 2630195 3432118 
1302652 1180000 52 3 w0 r0 m0 f0 r0 p0
 163860539=30948696+80270902+59578840 i44594235 u143083725 u0 t20.609
1313613 1190000 71 3 w0 r0 m0 f0 r0 p0
 165342572=31230146+81006856+60107044 i44959732 u144418003 u0 t4.931
1324596 1200000 75 3 w0 r0 m0 f0 r0 p0
 166825257=31511423+81745045+60633294 i45321678 u145756989 u0 t4.493
1335456 1210000 75 4 w0 r0 m0 f0 r0 p0
 168344658=31799164+82499352+61175129 i45695473 u147125588 u0 t4.436
1346441 1220000 75 4 w0 r0 m0 f0 r0 p0
 169903116=32093687+83267629+61736463 i46069571 u148537242 u0 t4.349
1357399 1230000 77 4 w0 r0 m0 f0 r0 p0
 171459885=32386736+84039990+62292707 i46446578 u149944874 u0 t4.305
1368385 1240000 91 4 w0 r0 m0 f0 r0 p0
 173068172=32689518+84834892+62871465 i46833304 u151401405 u0 t4.355
1379469 1250000 91 4 w0 r0 m0 f0 r0 p0
 174698505=32994406+85643477+63455849 i47230695 u152872229 u0 t4.39
1390543 1260000 91 4 w0 r0 m0 f0 r0 p0
 176336577=33299469+86446427+64054269 i47623979 u154353702 u0 t4.328
1401635 1270000 91 4 w0 r0 m0 f0 r0 p0
 177964524=33605748+87254333+64636272 i48023094 u155820988 u0 t4.267
1412662 1280000 91 4 w0 r0 m0 f0 r0 p0
 179568697=33910264+88055050+65203459 i48414730 u157270044 u0 t4.207
1423732 1290000 91 4 w0 r0 m0 f0 r0 p0
 181168959=34210477+88845071+65780281 i48803701 u158714947 u0 t4.134
1434749 1300000 91 4 w0 r0 m0 f0 r0 p0
 182828415=34519798+89661203+66382737 i49206800 u160212207 u0 t4.253
1445738 1310000 91 4 w0 r0 m0 f0 r0 p0
 184513810=34836400+90488851+66994851 i49619977 u161729322 u0 t4.27
1456743 1320000 91 4 w0 r0 m0 f0 r0 p0
 186190777=35151296+91313453+67602831 i50028236 u163241882 u0 t4.232
1467716 1330000 91 4 w0 r0 m0 f0 r0 p0
 187946945=35480337+92177165+68239998 i50452742 u164828600 u0 t4.402
1478847 1340000 91 4 w0 r0 m0 f0 r0 p0
 189697299=35804419+93033522+68881740 i50879599 u166404778 u0 t4.348
1489858 1350000 91 4 w0 r0 m0 f0 r0 p0
 191414728=36125132+93880640+69503264 i51304578 u167947076 u0 t4.275
1500812 1360000 91 4 w0 r0 m0 f0 r0 p0
 193066497=36431463+94688311+70109152 i51712637 u169429830 u0 t4.07
1511816 1370000 100 4 w0 r0 m0 f0 r0 p0
 194750555=36746208+95519892+70716925 i52120560 u170951494 u0 t4.159
1522795 1380000 100 4 w0 r0 m0 f0 r0 p0
 196383374=37050140+96326851+71306199 i52520689 u172421613 u0 t4.016
1533703 1390000 100 4 w0 r0 m0 f0 r0 p0
 198040225=37358448+97143117+71907133 i52930020 u173910136 u0 t4.052
1544569 1400000 100 4 w0 r0 m0 f0 r0 p0
 199683285=37667316+97956179+72496990 i53328722 u175394716 u0 t4.025
1555499 1410000 100 4 w0 r0 m0 f0 r0 p0
 201439474=37995459+98821930+73132258 i53752784 u176981906 u0 t4.272
1566395 1420000 100 4 w0 r0 m0 f0 r0 p0
 203165083=38317565+99678555+73751000 i54169463 u178542791 u0 t4.198
1577238 1430000 100 4 w0 r0 m0 f0 r0 p0
 204894416=38640361+100537132+74371288 i54592106 u180101537 u0 t4.198
1588118 1440000 101 4 w0 r0 m0 f0 r0 p0
 206627102=38964282+101395438+74993454 i55013351 u181665497 u0 t4.199
1598949 1450000 101 4 w0 r0 m0 f0 r0 p0
 208394406=39292777+102268869+75631799 i55438725 u183264528 u0 t4.252
1609797 1460000 101 4 w0 r0 m0 f0 r0 p0
 210170319=39622403+103146362+76274190 i55865198 u184871563 u0 t4.264
1620630 1470000 101 4 w0 r0 m0 f0 r0 p0
 211921170=39952135+104017109+76898673 i56281940 u186461122 u0 t4.194
1631477 1480000 101 4 w0 r0 m0 f0 r0 p0
 213670627=40279217+104881983+77529055 i56703093 u188043701 u0 t4.18
1642373 1490000 101 4 w0 r0 m0 f0 r0 p0
 215467929=40615467+105772455+78174765 i57130423 u189675587 u0 t4.273
1653233 1500000 101 4 w0 r0 m0 f0 r0 p0
 217268084=40950561+106663886+78823410 i57559234 u191309082 u0 t4.275
Idx1+ lookups: 0 17172561 31363213 44786754 
Idx1+ positiv: 0 2665550 3623850 4180295 
Idx1+ found  : 0 2592441 3484146 3974995 
1664130 1510000 65 3 w0 r0 m0 f0 r0 p0
 219046446=41280963+107539800+79469044 i57979414 u192925002 u0 t22.774
1675034 1520000 65 3 w0 r0 m0 f0 r0 p0
 220835404=41612975+108422057+80117534 i58403564 u194549358 u0 t5.479
1685958 1530000 69 4 w0 r0 m0 f0 r0 p0
 222654573=41950493+109317901+80778379 i58831532 u196204329 u0 t5.395
1696847 1540000 69 4 w0 r0 m0 f0 r0 p0
 224442361=42281602+110193885+81432689 i59253839 u197827702 u0 t5.149
1707676 1550000 69 4 w0 r0 m0 f0 r0 p0
 226272742=42619605+111095368+82098625 i59687831 u199488756 u0 t5.162
1718573 1560000 69 4 w0 r0 m0 f0 r0 p0
 228104597=42957580+111994802+82768470 i60119120 u201153217 u0 t5.111
1729487 1570000 69 4 w0 r0 m0 f0 r0 p0
 229880904=43285461+112866746+83417917 i60535141 u202770020 u0 t4.916
1740347 1580000 89 4 w0 r0 m0 f0 r0 p0
 231680629=43618172+113748000+84077370 i60957435 u204407110 u0 t4.927
1751207 1590000 89 4 w0 r0 m0 f0 r0 p0
 233507773=43956640+114647778+84741743 i61386971 u206068768 u0 t4.977
1762023 1600000 97 4 w0 r0 m0 f0 r0 p0
 235283992=44287479+115526027+85382484 i61804603 u207685505 u0 t4.826
1772878 1610000 97 4 w0 r0 m0 f0 r0 p0
 237058062=44615710+116394367+86032989 i62221538 u209298850 u0 t4.753
1783723 1620000 97 4 w0 r0 m0 f0 r0 p0
 238817123=44942446+117265322+86667096 i62634279 u210900749 u0 t4.714
1794607 1630000 101 4 w0 r0 m0 f0 r0 p0
 240593085=45270791+118136276+87316392 i63050348 u212516680 u0 t4.723
1805498 1640000 101 4 w0 r0 m0 f0 r0 p0
 242382851=45602364+119021975+87963254 i63469245 u214147516 u0 t4.738
1816421 1650000 101 4 w0 r0 m0 f0 r0 p0
 244178822=45933915+119909627+88614033 i63894187 u215778742 u0 t4.738
1827273 1660000 101 4 w0 r0 m0 f0 r0 p0
 245982710=46268214+120794044+89273491 i64317518 u217419589 u0 t4.722
1838160 1670000 101 4 w0 r0 m0 f0 r0 p0
 247787451=46603036+121681664+89930178 i64744095 u219058868 u0 t4.693
1849005 1680000 101 4 w0 r0 m0 f0 r0 p0
 249559255=46929845+122549529+90579632 i65155713 u220674845 u0 t4.567
1859879 1690000 101 4 w0 r0 m0 f0 r0 p0
 251260145=47246311+123393055+91190935 i65554463 u222224849 u0 t4.48
1870739 1700000 101 4 w0 r0 m0 f0 r0 p0
 253019866=47573526+124267404+91822433 i65965082 u223830500 u0 t4.591
1881698 1710000 101 4 w0 r0 m0 f0 r0 p0
 254708896=47889282+125101992+92431807 i66357118 u225373382 u0 t4.371
1892578 1720000 101 4 w0 r0 m0 f0 r0 p0
 256422005=48209762+125948816+93049301 i66754510 u226938843 u0 t4.404
1903425 1730000 101 4 w0 r0 m0 f0 r0 p0
 258151069=48531128+126803006+93675093 i67155597 u228518441 u0 t4.442
1914319 1740000 101 4 w0 r0 m0 f0 r0 p0
 259943293=48864688+127681881+94330331 i67569960 u230155013 u0 t4.575
1925121 1750000 101 4 w0 r0 m0 f0 r0 p0
 261669165=49186851+128536860+94951071 i67971520 u231731144 u0 t4.412
1936035 1760000 101 4 w0 r0 m0 f0 r0 p0
 263458272=49520220+129423171+95595224 i68393201 u233359118 u0 t4.549
1946942 1770000 101 4 w0 r0 m0 f0 r0 p0
 265176789=49839955+130265313+96222788 i68783714 u234935579 u0 t4.334
1957829 1780000 101 4 w0 r0 m0 f0 r0 p0
 266880264=50159017+131109725+96834255 i69177597 u236494139 u0 t4.327
1968722 1790000 101 4 w0 r0 m0 f0 r0 p0
 268620330=50482904+131964281+97468130 i69581489 u238082402 u0 t4.397
1979581 1800000 101 4 w0 r0 m0 f0 r0 p0
 270290901=50794936+132785153+98075566 i69970317 u239606288 u0 t4.214
1990482 1810000 101 4 w0 r0 m0 f0 r0 p0
 271956658=51106210+133601567+98683140 i70349641 u241134070 u0 t4.187
Idx1+ lookups: 0 17063733 31608667 44972202 57869787 
Idx1+ positiv: 0 2700308 3560654 4215777 4634886 
Idx1+ found  : 0 2627627 3419558 4010102 4365857 
2001382 1820000 68 3 w0 r0 m0 f0 r0 p0
 273619806=51416038+134416362+99290731 i70737453 u242650136 u0 t22.909
2012247 1830000 68 3 w0 r0 m0 f0 r0 p0
 275314039=51732959+135250341+99905069 i71125264 u244202513 u0 t5.443
2023129 1840000 68 4 w0 r0 m0 f0 r0 p0
 276988681=52045651+136073996+100513202 i71509557 u245735631 u0 t5.228
2034053 1850000 68 4 w0 r0 m0 f0 r0 p0
 278712839=52368393+136923507+101136969 i71903598 u247316387 u0 t5.297
2044917 1860000 68 4 w0 r0 m0 f0 r0 p0
 280377963=52680583+137747044+101736334 i72282457 u248845474 u0 t4.982
2055814 1870000 68 4 w0 r0 m0 f0 r0 p0
 282051802=52992861+138572889+102341908 i72675172 u250369971 u0 t4.972
2066728 1880000 68 4 w0 r0 m0 f0 r0 p0
 283706575=53302261+139390750+102938592 i73052613 u251888172 u0 t4.877
2077660 1890000 68 4 w0 r0 m0 f0 r0 p0
 285366456=53613913+140212111+103535051 i73432074 u253410496 u0 t4.837
2088614 1900000 68 4 w0 r0 m0 f0 r0 p0
 287041683=53926943+141034038+104145361 i73817355 u254942667 u0 t4.824
2099586 1910000 68 4 w0 r0 m0 f0 r0 p0
 288744872=54243674+141871300+104765300 i74204156 u256505831 u0 t4.868
2110524 1920000 70 4 w0 r0 m0 f0 r0 p0
 290369429=54549228+142670505+105353600 i74573775 u257996665 u0 t4.636
2121483 1930000 73 4 w0 r0 m0 f0 r0 p0
 292052012=54864406+143501540+105960075 i74961801 u259536374 u0 t4.782
2132440 1940000 115 4 w0 r0 m0 f0 r0 p0
 293694209=55170737+144308922+106557063 i75338238 u261040148 u0 t4.651
2143340 1950000 115 4 w0 r0 m0 f0 r0 p0
 295367367=55483485+145131769+107164705 i75720385 u262574179 u0 t4.707
2154286 1960000 115 4 w0 r0 m0 f0 r0 p0
 296988492=55788240+145928869+107751862 i76087692 u264063919 u0 t4.532
2165157 1970000 115 4 w0 r0 m0 f0 r0 p0
 298540929=56079143+146690357+108316845 i76438378 u265490631 u0 t4.33
2176142 1980000 115 4 w0 r0 m0 f0 r0 p0
 300107779=56372925+147461885+108884153 i76793491 u266930282 u0 t4.36
2187090 1990000 115 4 w0 r0 m0 f0 r0 p0
 301747104=56679040+148271317+109476291 i77171753 u268429843 u0 t4.545
2198031 2000000 124 4 w0 r0 m0 f0 r0 p0
 303313534=56973518+149044964+110040236 i77529368 u269867337 u0 t4.33
2208970 2010000 124 4 w0 r0 m0 f0 r0 p0
 304880489=57266755+149814873+110609645 i77881008 u271309928 u0 t4.318
2219875 2020000 124 4 w0 r0 m0 f0 r0 p0
 306462247=57567650+150599483+111174164 i78238641 u272765805 u0 t4.339
2230717 2030000 124 4 w0 r0 m0 f0 r0 p0
 307973208=57852647+151350438+111712938 i78578601 u274158171 u0 t4.153
2241553 2040000 124 4 w0 r0 m0 f0 r0 p0
 309500999=58140654+152109616+112258442 i78928211 u275559994 u0 t4.211
2252478 2050000 124 4 w0 r0 m0 f0 r0 p0
 311045082=58431999+152874154+112812027 i79281285 u276977001 u0 t4.24
2263400 2060000 124 4 w0 r0 m0 f0 r0 p0
 312587791=58722721+153634268+113368895 i79629608 u278396182 u0 t4.216
2274335 2070000 124 4 w0 r0 m0 f0 r0 p0
 314133465=59013694+154399081+113923838 i79976850 u279820554 u0 t4.204
2285238 2080000 124 4 w0 r0 m0 f0 r0 p0
 315607372=59292392+155123819+114456386 i80305941 u281180696 u0 t4.006
2296195 2090000 124 4 w0 r0 m0 f0 r0 p0
 317129293=59581750+155878650+114998713 i80644366 u282587262 u0 t4.124
2307093 2100000 124 4 w0 r0 m0 f0 r0 p0
 318676219=59876160+156649876+115546349 i80990596 u284016041 u0 t4.194
2317991 2110000 124 4 w0 r0 m0 f0 r0 p0
 320192634=60163687+157398333+116091417 i81328289 u285416667 u0 t4.07
2328915 2120000 124 4 w0 r0 m0 f0 r0 p0
 321667081=60444027+158131181+116615279 i81658142 u286777815 u0 t3.985
2339889 2130000 124 4 w0 r0 m0 f0 r0 p0
 323191382=60732124+158889320+117157775 i82003142 u288181162 u0 t4.103
2350849 2140000 124 4 w0 r0 m0 f0 r0 p0
 324694768=61015853+159638390+117692123 i82339763 u289568729 u0 t4.049
2361818 2150000 124 4 w0 r0 m0 f0 r0 p0
 326171151=61295863+160374317+118215233 i82674011 u290928621 u0 t3.976
Idx1+ lookups: 0 17077437 31508087 45187001 58017073 70535500 
Idx1+ positiv: 0 2705222 3634528 4159702 4658405 5010455 
Idx1+ found  : 0 2633083 3493647 3953021 4389260 4679501 
2372703 2160000 70 3 w0 r0 m0 f0 r0 p0
 327706821=61584829+161132257+118769022 i83016015 u292346041 u0 t22.999
2383611 2170000 70 3 w0 r0 m0 f0 r0 p0
 329144566=61857657+161847770+119279975 i83338410 u293672996 u0 t5.231
2394538 2180000 70 3 w0 r0 m0 f0 r0 p0
 330594834=62133525+162574001+119790006 i83663618 u295012536 u0 t5.063
2405448 2190000 70 4 w0 r0 m0 f0 r0 p0
 332177329=62432524+163367543+120347491 i84018620 u296472689 u0 t5.378
2416385 2200000 75 4 w0 r0 m0 f0 r0 p0
 333702627=62721355+164125446+120891346 i84359672 u297880691 u0 t5.079
2427291 2210000 75 4 w0 r0 m0 f0 r0 p0
 335184797=63002435+164859902+121421576 i84689958 u299249834 u0 t4.785
2438224 2220000 75 4 w0 r0 m0 f0 r0 p0
 336691739=63288111+165612753+121954248 i85027411 u300641320 u0 t4.844
2449156 2230000 75 4 w0 r0 m0 f0 r0 p0
 338227821=63580472+166376580+122500692 i85368285 u302062081 u0 t4.884
2460085 2240000 75 4 w0 r0 m0 f0 r0 p0
 339803532=63879850+167161588+123059107 i85721928 u303515531 u0 t4.96
2471031 2250000 75 4 w0 r0 m0 f0 r0 p0
 341456775=64190719+167976508+123655675 i86090747 u305040581 u0 t5.185
2481891 2260000 75 4 w0 r0 m0 f0 r0 p0
 343048425=64491447+168759476+124230873 i86446301 u306508164 u0 t4.916
2492839 2270000 75 4 w0 r0 m0 f0 r0 p0
 344653071=64792499+169549608+124811600 i86802252 u307990808 u0 t4.932
2503770 2280000 75 4 w0 r0 m0 f0 r0 p0
 346293048=65101839+170361430+125399635 i87173024 u309499692 u0 t5.023
2514685 2290000 75 4 w0 r0 m0 f0 r0 p0
 347905756=65403974+171155231+125983544 i87529715 u310990728 u0 t5.427
2525687 2300000 75 4 w0 r0 m0 f0 r0 p0
 349558235=65712870+171967848+126583155 i87893155 u312519245 u0 t5.251
2536614 2310000 75 4 w0 r0 m0 f0 r0 p0
 351199085=66018950+172775928+127177757 i88258000 u314033741 u0 t4.913
2547690 2320000 75 4 w0 r0 m0 f0 r0 p0
 352903067=66337286+173615552+127794626 i88640495 u315602539 u0 t5.08
2558712 2330000 92 4 w0 r0 m0 f0 r0 p0
 354606469=66655644+174456095+128410284 i89019017 u317174937 u0 t5.034
2569709 2340000 92 4 w0 r0 m0 f0 r0 p0
 356246694=66965337+175274605+128991581 i89386712 u318688870 u0 t4.852
2580699 2350000 92 4 w0 r0 m0 f0 r0 p0
 357993903=67289498+176131911+129629278 i89778633 u320297388 u0 t5.113
2591715 2360000 92 4 w0 r0 m0 f0 r0 p0
 359695362=67606592+176969103+130247449 i90157821 u321866427 u0 t4.978
2602831 2370000 92 4 w0 r0 m0 f0 r0 p0
 361461954=67935504+177839960+130887451 i90555681 u323492103 u0 t5.162
2613986 2380000 92 4 w0 r0 m0 f0 r0 p0
 363270881=68267047+178720207+131558144 i90955628 u325160966 u0 t5.197
2624949 2390000 92 4 w0 r0 m0 f0 r0 p0
 365086882=68600974+179606205+132227973 i91368460 u326825484 u0 t5.25
2635909 2400000 92 4 w0 r0 m0 f0 r0 p0
 366923047=68938890+180504145+132903184 i91787641 u328506652 u0 t5.335
2646913 2410000 92 4 w0 r0 m0 f0 r0 p0
 368677051=69262711+181360894+133548889 i92187209 u330113470 u0 t5.043
2657884 2420000 92 4 w0 r0 m0 f0 r0 p0
 370381235=69579366+182197027+134170321 i92568975 u331682448 u0 t4.851
2668918 2430000 92 4 w0 r0 m0 f0 r0 p0
 372076635=69893191+183024243+134793361 i92950818 u333240071 u0 t4.81
2679809 2440000 92 4 w0 r0 m0 f0 r0 p0
 373725842=70201816+183837774+135388608 i93328189 u334751712 u0 t4.73
2690746 2450000 92 4 w0 r0 m0 f0 r0 p0
 375397080=70512699+184665088+135990955 i93705280 u336288906 u0 t4.758
2701594 2460000 92 4 w0 r0 m0 f0 r0 p0
 377159233=70840992+185532339+136630173 i94101450 u337910431 u0 t4.985
2712475 2470000 92 4 w0 r0 m0 f0 r0 p0
 378870478=71159687+186381532+137244439 i94485959 u339486643 u0 t4.943
2723357 2480000 92 4 w0 r0 m0 f0 r0 p0
 380621259=71484776+187247021+137876713 i94874798 u341103186 u0 t4.916
Idx1+ lookups: 0 17153722 31588383 45165198 58300327 70746050 82963070 
Idx1+ positiv: 0 2716018 3627161 4244138 4607691 5022247 5325184 
Idx1+ found  : 0 2642776 3486918 4037432 4337370 4690667 4932977 
2734166 2490000 59 3 w0 r0 m0 f0 r0 p0
 382366369=71812903+188125826+138494854 i95281463 u342690465 u0 t23.774
2745023 2500000 67 3 w0 r0 m0 f0 r0 p0
 384128594=72139320+188994410+139134599 i95670696 u344319218 u0 t6.203
2755880 2510000 67 4 w0 r0 m0 f0 r0 p0
 385871344=72463106+189855265+139764508 i96060878 u345925003 u0 t5.926
2766772 2520000 78 4 w0 r0 m0 f0 r0 p0
 387632188=72789926+190721695+140404427 i96453623 u347548711 u0 t5.907
2777605 2530000 78 4 w0 r0 m0 f0 r0 p0
 389378277=73116036+191581230+141037247 i96838816 u349163117 u0 t5.67
2788466 2540000 78 4 w0 r0 m0 f0 r0 p0
 391161924=73449909+192460108+141683037 i97232263 u350811859 u0 t5.749
2799329 2550000 78 4 w0 r0 m0 f0 r0 p0
 393022585=73791979+193374918+142362800 i97643805 u352529529 u0 t5.943
2810193 2560000 127 4 w0 r0 m0 f0 r0 p0
 394755478=74114792+194231685+142988410 i98033536 u354124726 u0 t5.497
2821115 2570000 127 4 w0 r0 m0 f0 r0 p0
 396544518=74445209+195110000+143642050 i98430183 u355775539 u0 t5.64
2832025 2580000 127 4 w0 r0 m0 f0 r0 p0
 398372287=74784878+196011271+144304783 i98835069 u357463663 u0 t5.768
2842894 2590000 127 4 w0 r0 m0 f0 r0 p0
 400131939=75110841+196874364+144947988 i99223276 u359089646 u0 t5.458
2853742 2600000 127 4 w0 r0 m0 f0 r0 p0
 401982899=75452073+197787791+145620022 i99632393 u360799626 u0 t5.705
2864632 2610000 127 4 w0 r0 m0 f0 r0 p0
 403839387=75794988+198705502+146291865 i100038960 u362518805 u0 t5.687
2875503 2620000 127 4 w0 r0 m0 f0 r0 p0
 405672942=76135781+199608245+146958163 i100442981 u364214269 u0 t5.667
2886360 2630000 127 4 w0 r0 m0 f0 r0 p0
 407489778=76473367+200506029+147615508 i100842071 u365896208 u0 t5.53
2897239 2640000 127 4 w0 r0 m0 f0 r0 p0
 409304419=76811181+201399095+148274498 i101239296 u367576213 u0 t5.482
2908079 2650000 127 4 w0 r0 m0 f0 r0 p0
 411169849=77158949+202318210+148950286 i101651649 u369299809 u0 t5.606
2919336 2660000 127 4 w0 r0 m0 f0 r0 p0
 413036066=77503294+203235172+149631805 i102054145 u371032857 u0 t5.539
2930193 2670000 127 4 w0 r0 m0 f0 r0 p0
 414928905=77852214+204169308+150319175 i102469067 u372784744 u0 t5.641
2941058 2680000 127 4 w0 r0 m0 f0 r0 p0
 416733228=78186344+205058327+150974257 i102865155 u374454212 u0 t5.389
2951948 2690000 127 4 w0 r0 m0 f0 r0 p0
 418565515=78526795+205962414+151637488 i103264477 u376153059 u0 t5.427
2962792 2700000 127 4 w0 r0 m0 f0 r0 p0
 420358225=78859806+206849755+152284068 i103660187 u377810703 u0 t5.327
2973731 2710000 127 4 w0 r0 m0 f0 r0 p0
 422135311=79192177+207721170+152931572 i104042679 u379462112 u0 t5.25
2984605 2720000 127 4 w0 r0 m0 f0 r0 p0
 423932671=79524840+208598808+153592720 i104429348 u381131059 u0 t5.276
2995574 2730000 127 4 w0 r0 m0 f0 r0 p0
 425712127=79853743+209470286+154244575 i104817919 u382778103 u0 t5.232
3006468 2740000 127 4 w0 r0 m0 f0 r0 p0
 427530476=80189737+210363188+154908425 i105215774 u384460427 u0 t5.339
3017345 2750000 127 4 w0 r0 m0 f0 r0 p0
 429282158=80516129+211229607+155539554 i105600429 u386082284 u0 t5.143
3028291 2760000 127 4 w0 r0 m0 f0 r0 p0
 431022749=80838707+212080213+156177709 i105982929 u387690906 u0 t5.094
3039192 2770000 127 4 w0 r0 m0 f0 r0 p0
 432706986=81152438+212904837+156793416 i106346669 u389254212 u0 t4.987
3050078 2780000 127 4 w0 r0 m0 f0 r0 p0
 434415639=81473674+213738469+157417617 i106713268 u390842339 u0 t5.026
Idx1+ lookups: 0 17068521 31610512 45193694 58240530 70990953 83138742 95111186 
Idx1+ positiv: 0 2684232 3635625 4222446 4692363 4968059 5327970 5595157 
Idx1+ found  : 0 2611731 3494255 4016897 4422138 4635304 4935243 5142693 
3060975 2790000 58 3 w0 r0 m0 f0 r0 p0
 436194854=81805932+214609996+158066394 i107096512 u392494613 u0 t23.624
3071909 2800000 58 3 w0 r0 m0 f0 r0 p0
 437892046=82123727+215438832+158687375 i107459390 u394073309 u0 t6.256
3082762 2810000 60 4 w0 r0 m0 f0 r0 p0
 439669470=82452095+216305935+159342143 i107845852 u395719453 u0 t6.268
3093667 2820000 60 4 w0 r0 m0 f0 r0 p0
 441419602=82779372+217161793+159981747 i108223909 u397343295 u0 t6.162
3104606 2830000 60 4 w0 r0 m0 f0 r0 p0
 443173811=83105467+218018715+160624845 i108601554 u398972606 u0 t5.989
3115556 2840000 63 4 w0 r0 m0 f0 r0 p0
 444855364=83417235+218840717+161241713 i108963886 u400534133 u0 t5.67
3126447 2850000 63 4 w0 r0 m0 f0 r0 p0
 446540473=83731519+219668345+161854782 i109326452 u402100639 u0 t5.669
3137354 2860000 66 4 w0 r0 m0 f0 r0 p0
 448251597=84051835+220506167+162477538 i109694241 u403690823 u0 t5.624
3148306 2870000 66 4 w0 r0 m0 f0 r0 p0
 449875954=84355682+221304826+163067050 i110042469 u405202704 u0 t5.383
3159170 2880000 66 4 w0 r0 m0 f0 r0 p0
 451518634=84662421+222105932+163669751 i110392778 u406731941 u0 t5.353
3170031 2890000 66 4 w0 r0 m0 f0 r0 p0
 453180092=84973692+222917499+164277519 i110742437 u408283646 u0 t5.396
3180938 2900000 66 4 w0 r0 m0 f0 r0 p0
 454828199=85282276+223723730+164879294 i111087381 u409825025 u0 t5.309
3191816 2910000 66 4 w0 r0 m0 f0 r0 p0
 456516928=85595432+224543663+165504398 i111446339 u411397189 u0 t5.396
3202736 2920000 77 4 w0 r0 m0 f0 r0 p0
 458233811=85917186+225387052+166127634 i111811203 u412997725 u0 t5.56
3213588 2930000 77 4 w0 r0 m0 f0 r0 p0
 459932019=86235594+226216800+166748841 i112171393 u414580309 u0 t5.396
3224450 2940000 77 4 w0 r0 m0 f0 r0 p0
 461625431=86550436+227049831+167364798 i112538684 u416151292 u0 t5.433
3235384 2950000 77 4 w0 r0 m0 f0 r0 p0
 463282691=86859492+227870019+167961633 i112894976 u417693802 u0 t5.277
3246267 2960000 100 4 w0 r0 m0 f0 r0 p0
 465024914=87184735+228725659+168595377 i113269439 u419313775 u0 t5.484
3257218 2970000 100 4 w0 r0 m0 f0 r0 p0
 466779313=87510557+229588787+169233519 i113641966 u420949339 u0 t5.48
3268155 2980000 100 4 w0 r0 m0 f0 r0 p0
 468434545=87819992+230400910+169836494 i113996893 u422488947 u0 t5.169
3278993 2990000 100 4 w0 r0 m0 f0 r0 p0
 470135916=88135889+231233506+170459681 i114360480 u424072360 u0 t5.287
3289873 3000000 100 4 w0 r0 m0 f0 r0 p0
 471736382=88436304+232013557+171046882 i114695062 u425569537 u0 t4.959
3300770 3010000 100 4 w0 r0 m0 f0 r0 p0
 473399143=88746941+232833507+171648487 i115051693 u427117719 u0 t5.184
3311716 3020000 100 4 w0 r0 m0 f0 r0 p0
 475050213=89056262+233652018+172241129 i115408059 u428652810 u0 t5.13
3322684 3030000 100 4 w0 r0 m0 f0 r0 p0
 476673578=89358462+234450881+172830467 i115757139 u430162561 u0 t5.062
3333558 3040000 100 4 w0 r0 m0 f0 r0 p0
 478309378=89662881+235253395+173427088 i116105252 u431687393 u0 t5.052
3344467 3050000 100 4 w0 r0 m0 f0 r0 p0
 479906383=89962707+236039361+174005209 i116444927 u433176998 u0 t4.944
3355390 3060000 100 4 w0 r0 m0 f0 r0 p0
 481578931=90275109+236860581+174614146 i116804041 u434732925 u0 t5.156
3366284 3070000 100 4 w0 r0 m0 f0 r0 p0
 483154080=90571027+237639237+175180774 i117138690 u436202933 u0 t4.909
3377177 3080000 100 4 w0 r0 m0 f0 r0 p0
 484771280=90872486+238431320+175771978 i117483139 u437708723 u0 t4.96
3388055 3090000 100 4 w0 r0 m0 f0 r0 p0
 486317046=91164090+239196641+176326075 i117818321 u439145180 u0 t4.825
3398880 3100000 100 4 w0 r0 m0 f0 r0 p0
 487849132=91453830+239958737+176870973 i118148125 u440572055 u0 t4.749
3409787 3110000 100 4 w0 r0 m0 f0 r0 p0
 489387982=91742838+240719653+177424504 i118478490 u442004813 u0 t4.768
Idx1+ lookups: 0 17001919 31432434 45105305 58148098 70808926 83259722 95163175 106929892 
Idx1+ positiv: 0 2710152 3621111 4240641 4671356 5053316 5273182 5592953 5835987 
Idx1+ found  : 0 2638006 3480851 4034644 4402905 4721765 4879640 5140970 5325227 
3420708 3120000 61 3 w0 r0 m0 f0 r0 p0
 490946850=92036237+241493070+177982507 i118810681 u443459442 u0 t23.455
3431637 3130000 67 3 w0 r0 m0 f0 r0 p0
 492535596=92335327+242278357+178554327 i119154049 u444936091 u0 t6.041
3442607 3140000 67 4 w0 r0 m0 f0 r0 p0
 494031053=92620750+243017428+179089254 i119471695 u446332540 u0 t5.51
3453456 3150000 70 4 w0 r0 m0 f0 r0 p0
 495582128=92915335+243788688+179640405 i119801944 u447781105 u0 t5.661
3464366 3160000 70 4 w0 r0 m0 f0 r0 p0
 497129983=93209339+244558748+180190220 i120133594 u449224214 u0 t5.516
3475266 3170000 70 4 w0 r0 m0 f0 r0 p0
 498667317=93499255+245319407+180741288 i120466992 u450652383 u0 t5.404
3486141 3180000 70 4 w0 r0 m0 f0 r0 p0
 500150219=93781773+246055175+181269148 i120780609 u452039613 u0 t5.216
3497008 3190000 70 4 w0 r0 m0 f0 r0 p0
 501693094=94070616+246812258+181830408 i121105386 u453481229 u0 t5.261
3507853 3200000 87 4 w0 r0 m0 f0 r0 p0
 503209684=94360367+247564405+182370492 i121424845 u454900641 u0 t5.191
3518683 3210000 87 4 w0 r0 m0 f0 r0 p0
 504727687=94647586+248316970+182912890 i121745229 u456320583 u0 t5.182
3529542 3220000 87 4 w0 r0 m0 f0 r0 p0
 506249015=94937646+249071085+183455201 i122071206 u457738957 u0 t5.174
3540480 3230000 87 4 w0 r0 m0 f0 r0 p0
 507736061=95220962+249813456+183980563 i122389208 u459127045 u0 t5.034
3551409 3240000 87 4 w0 r0 m0 f0 r0 p0
 509299542=95516340+250589266+184539138 i122723667 u460585541 u0 t5.253
3562370 3250000 87 4 w0 r0 m0 f0 r0 p0
 510796544=95801252+251332559+185071944 i123044781 u461980915 u0 t5.062
3573321 3260000 92 4 w0 r0 m0 f0 r0 p0
 512317182=96090772+252087228+185613709 i123368362 u463401380 u0 t5.11
3584317 3270000 92 4 w0 r0 m0 f0 r0 p0
 513874303=96385348+252864509+186164892 i123700357 u464855563 u0 t5.197
3595165 3280000 92 4 w0 r0 m0 f0 r0 p0
 515391633=96674237+253615617+186706738 i124023443 u466272298 u0 t5.021
3606131 3290000 92 4 w0 r0 m0 f0 r0 p0
 516950453=96970904+254386969+187264051 i124350928 u467732088 u0 t5.181
3617031 3300000 92 4 w0 r0 m0 f0 r0 p0
 518446046=97254585+255134396+187792561 i124673111 u469125996 u0 t4.943
3627996 3310000 92 4 w0 r0 m0 f0 r0 p0
 519966046=97543651+255894704+188327913 i124999315 u470543859 u0 t5
3638920 3320000 92 4 w0 r0 m0 f0 r0 p0
 521537441=97837642+256669508+188895955 i125331611 u472011266 u0 t5.166
3649881 3330000 92 4 w0 r0 m0 f0 r0 p0
 523042062=98120840+257414101+189436100 i125647540 u473419759 u0 t4.881
3660867 3340000 92 4 w0 r0 m0 f0 r0 p0
 524652771=98424464+258213214+190011981 i125987155 u474926397 u0 t5.24
3671820 3350000 92 4 w0 r0 m0 f0 r0 p0
 526202230=98720193+258984101+190560608 i126318267 u476373185 u0 t5.108
3682790 3360000 92 4 w0 r0 m0 f0 r0 p0
 527819925=99024268+259780832+191145343 i126657225 u477887172 u0 t5.199
3693808 3370000 92 4 w0 r0 m0 f0 r0 p0
 529487465=99338000+260602520+191747812 i127007381 u479446774 u0 t5.341
3704793 3380000 92 4 w0 r0 m0 f0 r0 p0
 531104411=99642673+261405355+192325479 i127353056 u480955108 u0 t5.215
3715703 3390000 92 4 w0 r0 m0 f0 r0 p0
 532802771=99960263+262244195+192938398 i127708203 u482545931 u0 t5.438
3726649 3400000 92 4 w0 r0 m0 f0 r0 p0
 534507575=100278627+263091378+193548439 i128068032 u484140279 u0 t5.432
3737635 3410000 92 4 w0 r0 m0 f0 r0 p0
 536295564=100613401+263990754+194175707 i128447573 u485812025 u0 t5.707
3748614 3420000 92 4 w0 r0 m0 f0 r0 p0
 538075284=100946816+264868848+194819076 i128820321 u487478266 u0 t5.681
3759597 3430000 92 4 w0 r0 m0 f0 r0 p0
 539893480=101288325+265765017+195476422 i129210062 u489170859 u0 t5.747
3770552 3440000 92 4 w0 r0 m0 f0 r0 p0
 541701611=101626710+266653780+196132984 i129595819 u490855608 u0 t5.683
3781517 3450000 95 4 w0 r0 m0 f0 r0 p0
 543503049=101962216+267538071+196790034 i129978309 u492535747 u0 t5.626
Idx1+ lookups: 0 17072628 31442464 45026447 58148089 70797602 83158383 95356305 107049164 118638065 
Idx1+ positiv: 0 2704927 3624530 4237048 4697673 5033451 5367111 5543100 5829474 6059540 
Idx1+ found  : 0 2632083 3484538 4032080 4427924 4702952 4974639 5090234 5318786 5491548 
3792483 3460000 119 3 w0 r0 m0 f0 r0 p0
 545281989=102293869+268416773+197432755 i130364171 u494188668 u0 t26.158
3803443 3470000 119 3 w0 r0 m0 f0 r0 p0
 547035314=102622513+269290854+198057260 i130743873 u495819385 u0 t7.726
3814317 3480000 119 4 w0 r0 m0 f0 r0 p0
 548790831=102951665+270159993+198688591 i131125757 u497449057 u0 t7.038
3825200 3490000 119 4 w0 r0 m0 f0 r0 p0
 550541828=103278254+271027459+199318939 i131501420 u499080038 u0 t6.912
3836062 3500000 119 4 w0 r0 m0 f0 r0 p0
 552216151=103590034+271857333+199921624 i131864418 u500635682 u0 t6.434
3847051 3510000 119 4 w0 r0 m0 f0 r0 p0
 553917240=103907082+272697444+200536752 i132226431 u502222112 u0 t6.315
3857981 3520000 119 4 w0 r0 m0 f0 r0 p0
 555712105=104242986+273593461+201175423 i132617436 u503889107 u0 t6.623
3868919 3530000 119 4 w0 r0 m0 f0 r0 p0
 557551728=104587156+274515071+201826064 i133011807 u505604281 u0 t6.669
3879700 3540000 119 4 w0 r0 m0 f0 r0 p0
 559353753=104923593+275413374+202468940 i133395990 u507285794 u0 t6.549
3890544 3550000 119 4 w0 r0 m0 f0 r0 p0
 561233569=105276373+276358543+203129154 i133795896 u509042455 u0 t6.756
3901420 3560000 119 4 w0 r0 m0 f0 r0 p0
 563037431=105612073+277258147+203772923 i134179682 u510726346 u0 t6.464
3912350 3570000 119 4 w0 r0 m0 f0 r0 p0
 564899758=105959531+278184787+204439498 i134574755 u512465590 u0 t6.565
3923255 3580000 119 4 w0 r0 m0 f0 r0 p0
 566716480=106299822+279088396+205089272 i134957602 u514164754 u0 t6.344
3934146 3590000 119 4 w0 r0 m0 f0 r0 p0
 568594594=106650778+280014640+205768355 i135353859 u515919108 u0 t6.5
3945058 3600000 119 4 w0 r0 m0 f0 r0 p0
 570434890=106995880+280925755+206428662 i135737143 u517643507 u0 t6.342
3955958 3610000 119 4 w0 r0 m0 f0 r0 p0
 572322313=107345141+281858820+207112550 i136136657 u519404986 u0 t6.504
3966817 3620000 119 4 w0 r0 m0 f0 r0 p0
 574150392=107689504+282770225+207763252 i136516586 u521118434 u0 t6.24
3977696 3630000 119 4 w0 r0 m0 f0 r0 p0
 575985556=108030613+283680039+208423834 i136903896 u522833201 u0 t6.276
3988551 3640000 119 4 w0 r0 m0 f0 r0 p0
 577885497=108382211+284615546+209115544 i137300974 u524610539 u0 t6.43
3999436 3650000 119 4 w0 r0 m0 f0 r0 p0
 579742382=108724625+285530566+209791349 i137697504 u526339902 u0 t6.311
4010266 3660000 119 4 w0 r0 m0 f0 r0 p0
 581582481=109066135+286445784+210450943 i138084397 u528061459 u0 t6.234
4021082 3670000 119 4 w0 r0 m0 f0 r0 p0
 583419708=109406620+287355832+211113823 i138472566 u529777686 u0 t6.223
4031936 3680000 119 4 w0 r0 m0 f0 r0 p0
 585333624=109761260+288302373+211805349 i138872913 u531568548 u0 t6.395
4042723 3690000 119 4 w0 r0 m0 f0 r0 p0
 587215998=110111008+289233971+212484963 i139268221 u533328628 u0 t6.302
4053582 3700000 119 4 w0 r0 m0 f0 r0 p0
 589109664=110464865+290175833+213163870 i139664872 u535099895 u0 t6.302
4064959 3710000 119 4 w0 r0 m0 f0 r0 p0
 591011333=110816639+291120425+213847204 i140056708 u536886309 u0 t6.268
4075764 3720000 119 4 w0 r0 m0 f0 r0 p0
 592865145=111161743+292036108+214518260 i140443270 u538623264 u0 t6.155
4086632 3730000 119 4 w0 r0 m0 f0 r0 p0
 594693610=111502089+292938122+215180944 i140827366 u540332737 u0 t6.056
4097561 3740000 119 4 w0 r0 m0 f0 r0 p0
 596521672=111840351+293834988+215849123 i141212116 u542039838 u0 t6.048
Idx1+ lookups: 0 17143797 31595239 45108067 58157620 70886986 83234536 95347260 107322883 118838627 130269320 
Idx1+ positiv: 0 2694139 3630329 4224150 4693616 5061762 5342789 5649845 5779430 6045808 6261339 
Idx1+ found  : 0 2621186 3489091 4018968 4424356 4729887 4951009 5196938 5267349 5476994 5635529 
4108439 3750000 53 3 w0 r0 m0 f0 r0 p0
 598371187=112184193+294748451+216518929 i141604626 u543765082 u0 t23.956
4119319 3760000 60 3 w0 r0 m0 f0 r0 p0
 600208853=112525645+295655087+217185635 i141988889 u545484773 u0 t7.692
4130276 3770000 60 3 w0 r0 m0 f0 r0 p0
 601952692=112850929+296514763+217817617 i142354103 u547116473 u0 t6.948
4141183 3780000 60 4 w0 r0 m0 f0 r0 p0
 603756517=113188700+297406085+218468713 i142734119 u548802908 u0 t7.069
4152093 3790000 61 4 w0 r0 m0 f0 r0 p0
 605538646=113521540+298287399+219111015 i143104279 u550474414 u0 t6.864
4162989 3800000 61 4 w0 r0 m0 f0 r0 p0
 607406127=113868022+299203154+219793319 i143490766 u552225160 u0 t7.071
4173910 3810000 61 4 w0 r0 m0 f0 r0 p0
 609191760=114199883+300085120+220439815 i143866914 u553893799 u0 t6.712
4184895 3820000 70 4 w0 r0 m0 f0 r0 p0
 610980728=114533814+300970660+221084383 i144238936 u555571243 u0 t6.635
4195828 3830000 70 4 w0 r0 m0 f0 r0 p0
 612719463=114858723+301833790+221707846 i144599451 u557203189 u0 t6.399
4206739 3840000 70 4 w0 r0 m0 f0 r0 p0
 614494077=115189233+302713265+222346505 i144968379 u558866979 u0 t6.491
4217677 3850000 73 4 w0 r0 m0 f0 r0 p0
 616235807=115513633+303578946+222971133 i145331744 u560499253 u0 t6.331
4228607 3860000 113 4 w0 r0 m0 f0 r0 p0
 617960073=115833788+304431954+223593774 i145692408 u562113517 u0 t6.232
4239510 3870000 113 4 w0 r0 m0 f0 r0 p0
 619660636=116151555+305273021+224206630 i146046670 u563707217 u0 t6.12
4250423 3880000 113 4 w0 r0 m0 f0 r0 p0
 621363548=116469163+306118016+224817873 i146406484 u565298656 u0 t6.119
4261357 3890000 113 4 w0 r0 m0 f0 r0 p0
 623045225=116784579+306955665+225416426 i146753336 u566879690 u0 t5.971
4272391 3900000 113 4 w0 r0 m0 f0 r0 p0
 624761881=117111625+307792246+226045114 i147106551 u568490164 u0 t6.018
4283314 3910000 113 4 w0 r0 m0 f0 r0 p0
 626495868=117437157+308644554+226673631 i147468525 u570113432 u0 t6.115
4294200 3920000 113 4 w0 r0 m0 f0 r0 p0
 628179547=117752875+309474830+227282072 i147815896 u571694330 u0 t5.913
4305160 3930000 113 4 w0 r0 m0 f0 r0 p0
 629859355=118068822+310303261+227888386 i148166742 u573267582 u0 t5.899
4316083 3940000 113 4 w0 r0 m0 f0 r0 p0
 631515224=118383481+311119506+228484022 i148507220 u574824153 u0 t5.785
4326986 3950000 113 4 w0 r0 m0 f0 r0 p0
 633288229=118716894+311985162+229132737 i148872045 u576488337 u0 t6.153
4337955 3960000 113 4 w0 r0 m0 f0 r0 p0
 634911376=119024405+312779940+229722203 i149201689 u578016860 u0 t5.625
4348836 3970000 113 4 w0 r0 m0 f0 r0 p0
 636535879=119332473+313582978+230304626 i149537421 u579543366 u0 t5.663
4359757 3980000 113 4 w0 r0 m0 f0 r0 p0
 638168418=119640268+314395029+230886487 i149879668 u581073160 u0 t5.711
4370729 3990000 113 4 w0 r0 m0 f0 r0 p0
 639788441=119946262+315198241+231465658 i150211153 u582598612 u0 t5.636
4381681 4000000 113 4 w0 r0 m0 f0 r0 p0
 641426812=120255530+316012433+232049735 i150553351 u584134911 u0 t5.702
4392555 4010000 113 4 w0 r0 m0 f0 r0 p0
 643071811=120565204+316826249+232640726 i150888503 u585684594 u0 t5.686
4403440 4020000 113 4 w0 r0 m0 f0 r0 p0
 644676144=120866581+317618427+233219164 i151222542 u587188734 u0 t5.558
4414465 4030000 113 4 w0 r0 m0 f0 r0 p0
 646256149=121165162+318401144+233784390 i151551305 u588670995 u0 t5.481
4425446 4040000 113 4 w0 r0 m0 f0 r0 p0
 647844943=121465465+319191426+234349638 i151881137 u590163592 u0 t5.488
4436408 4050000 113 4 w0 r0 m0 f0 r0 p0
 649464339=121771411+319991188+234932227 i152216982 u591683351 u0 t5.564
4447331 4060000 113 4 w0 r0 m0 f0 r0 p0
 651065993=122073522+320788742+235501813 i152550345 u593187100 u0 t5.519
Idx1+ lookups: 0 17087962 31586716 45177860 58156572 70819507 83242122 95337561 107237857 119031030 130388971 141678461 
Idx1+ positiv: 0 2717091 3622392 4230134 4674271 5062358 5374365 5615173 5890554 5995346 6244101 6448484 
Idx1+ found  : 0 2645043 3481484 4023207 4405586 4731107 4981998 5163437 5379388 5425152 5618197 5765770 
4458226 4070000 103 3 w0 r0 m0 f0 r0 p0
 652678022=122376100+321583855+236083558 i152882552 u594702099 u0 t24.901
4469117 4080000 103 3 w0 r0 m0 f0 r0 p0
 654294094=122682557+322385815+236661452 i153215367 u596221553 u0 t8.501
4480047 4090000 103 3 w0 r0 m0 f0 r0 p0
 655941254=122992286+323203059+237251863 i153559740 u597765636 u0 t7.707
4490942 4100000 103 4 w0 r0 m0 f0 r0 p0
 657534283=123293841+323990317+237822936 i153890004 u599261224 u0 t7.066
4501893 4110000 103 4 w0 r0 m0 f0 r0 p0
 659098404=123588667+324760098+238387729 i154211619 u600731246 u0 t6.738
4512866 4120000 103 4 w0 r0 m0 f0 r0 p0
 660654930=123883556+325528999+238946087 i154533157 u602194053 u0 t6.463
4523822 4130000 103 4 w0 r0 m0 f0 r0 p0
 662238026=124180910+326312249+239514529 i154856794 u603684862 u0 t6.417
4534728 4140000 103 4 w0 r0 m0 f0 r0 p0
 663814527=124478797+327095338+240076438 i155180673 u605168861 u0 t6.415
4545718 4150000 103 4 w0 r0 m0 f0 r0 p0
 665360516=124771449+327857197+240633228 i155499035 u606621750 u0 t6.343
4556635 4160000 103 4 w0 r0 m0 f0 r0 p0
 666901319=125062813+328616822+241188566 i155816080 u608070140 u0 t6.36
4567595 4170000 103 4 w0 r0 m0 f0 r0 p0
 668398566=125346910+329360876+241721051 i156123976 u609479509 u0 t6.142
4578516 4180000 103 4 w0 r0 m0 f0 r0 p0
 669924704=125636040+330114584+242268650 i156434706 u610917558 u0 t6.039
4589453 4190000 103 4 w0 r0 m0 f0 r0 p0
 671507023=125932425+330897462+242837726 i156756380 u612408940 u0 t6.074
4600387 4200000 103 4 w0 r0 m0 f0 r0 p0
 673018051=126218485+331641746+243382643 i157065141 u613831400 u0 t5.739
4611320 4210000 103 4 w0 r0 m0 f0 r0 p0
 674447647=126491365+332355549+243886696 i157362063 u615175019 u0 t5.472
4622248 4220000 103 4 w0 r0 m0 f0 r0 p0
 675945079=126775204+333101523+244417880 i157669716 u616585260 u0 t5.648
4633106 4230000 103 4 w0 r0 m0 f0 r0 p0
 677430532=127056898+333843212+244942941 i157975546 u617983996 u0 t5.57
4644049 4240000 103 4 w0 r0 m0 f0 r0 p0
 678965046=127346782+334606595+245489111 i158291172 u619428040 u0 t5.795
4655040 4250000 103 4 w0 r0 m0 f0 r0 p0
 680456699=127628867+335346353+246022041 i158598255 u620831621 u0 t5.675
4665924 4260000 103 4 w0 r0 m0 f0 r0 p0
 681981298=127918086+336101001+246568146 i158907863 u622269707 u0 t5.911
4676832 4270000 103 4 w0 r0 m0 f0 r0 p0
 683468974=128202400+336840583+247096667 i159209891 u623673883 u0 t5.794
4687741 4280000 103 4 w0 r0 m0 f0 r0 p0
 684958812=128486818+337582009+247624087 i159514469 u625078824 u0 t5.682
4698685 4290000 103 4 w0 r0 m0 f0 r0 p0
 686406838=128762761+338302003+248137852 i159814972 u626439361 u0 t5.472
4709603 4300000 103 4 w0 r0 m0 f0 r0 p0
 687952697=129053992+339068037+248691955 i160130977 u627895457 u0 t5.742
4720503 4310000 103 4 w0 r0 m0 f0 r0 p0
 689480791=129342895+339828569+249235501 i160448973 u629329963 u0 t5.653
4731420 4320000 103 4 w0 r0 m0 f0 r0 p0
 691013728=129633849+340595305+249776428 i160765026 u630772979 u0 t5.64
4742321 4330000 103 4 w0 r0 m0 f0 r0 p0
 692548148=129923391+341359121+250322347 i161080659 u632216899 u0 t5.579
4753259 4340000 103 4 w0 r0 m0 f0 r0 p0
 694108514=130218059+342133876+250879276 i161401192 u633685260 u0 t5.655
4764201 4350000 103 4 w0 r0 m0 f0 r0 p0
 695692572=130519022+342936814+251425758 i161717213 u635188322 u0 t5.666
4775138 4360000 103 4 w0 r0 m0 f0 r0 p0
 697289808=130822691+343736774+251990795 i162038956 u636696361 u0 t5.735
4786096 4370000 103 4 w0 r0 m0 f0 r0 p0
 698885852=131126083+344533973+252557073 i162362904 u638200342 u0 t5.725
4797101 4380000 103 4 w0 r0 m0 f0 r0 p0
 700458619=131425189+345324768+253109714 i162682024 u639683802 u0 t5.62
4808087 4390000 103 4 w0 r0 m0 f0 r0 p0
 702097219=131736562+346141109+253693845 i163010670 u641231230 u0 t5.793
4819049 4400000 103 4 w0 r0 m0 f0 r0 p0
 703761942=132049394+346969518+254287191 i163348197 u642802266 u0 t5.919
4830048 4410000 103 4 w0 r0 m0 f0 r0 p0
 705411037=132362109+347798622+254867788 i163687675 u644352350 u0 t5.839
Idx1+ lookups: 0 17078150 31532589 45172971 58215082 70802549 83165852 95331324 107209326 118927306 130556701 141768723 152931603 
Idx1+ positiv: 0 2706337 3643637 4236698 4684814 5035965 5380492 5651454 5856353 6112264 6198164 6427069 6627487 
Idx1+ found  : 0 2633523 3503415 4030517 4414452 4705218 4988250 5199435 5345753 5543166 5571071 5744807 5888835 
4841026 4420000 60 3 w0 r0 m0 f0 r0 p0
 707057784=132670034+348611932+255462202 i164022508 u645904260 u0 t24.682
4852001 4430000 75 3 w0 r0 m0 f0 r0 p0
 708677488=132974466+349415363+256042719 i164356040 u647427179 u0 t11.544
4862997 4440000 75 3 w0 r0 m0 f0 r0 p0
 710372829=133291721+350256384+256651635 i164699281 u649026263 u0 t9.858
4873904 4450000 75 4 w0 r0 m0 f0 r0 p0
 712036512=133605209+351082001+257246679 i165034526 u650598595 u0 t8.47
4884867 4460000 101 4 w0 r0 m0 f0 r0 p0
 713741617=133923920+351922496+257864114 i165380081 u652205942 u0 t8.516
4895781 4470000 101 4 w0 r0 m0 f0 r0 p0
 715448699=134245050+352769840+258477175 i165726530 u653813106 u0 t8.292
4906756 4480000 101 4 w0 r0 m0 f0 r0 p0
 717258467=134583415+353663654+259133452 i166091663 u655518095 u0 t8.804
4917771 4490000 118 4 w0 r0 m0 f0 r0 p0
 719102058=134923852+354567521+259809100 i166471207 u657248049 u0 t8.709
4928768 4500000 118 4 w0 r0 m0 f0 r0 p0
 720920287=135262521+355456766+260475102 i166843713 u658956718 u0 t8.607
4939756 4510000 118 4 w0 r0 m0 f0 r0 p0
 722692580=135591096+356327744+261121378 i167212599 u660616995 u0 t8.447
4950853 4520000 118 4 w0 r0 m0 f0 r0 p0
 724519411=135928648+357218955+261794672 i167593891 u662325444 u0 t8.112
4961839 4530000 118 4 w0 r0 m0 f0 r0 p0
 726259154=136249961+358073373+262429842 i167954844 u663956334 u0 t7.711
4972832 4540000 118 4 w0 r0 m0 f0 r0 p0
 728024729=136576172+358938941+263076077 i168317752 u665614290 u0 t7.783
4983782 4550000 118 4 w0 r0 m0 f0 r0 p0
 729726889=136893048+359774645+263696427 i168671719 u667209547 u0 t7.63
4994759 4560000 118 4 w0 r0 m0 f0 r0 p0
 731446991=137214734+360628405+264312465 i169030003 u668823205 u0 t7.992
5005677 4570000 118 4 w0 r0 m0 f0 r0 p0
 733139677=137530334+361460734+264927485 i169381826 u670409780 u0 t7.813
5016605 4580000 118 4 w0 r0 m0 f0 r0 p0
 734899812=137858316+362332921+265560738 i169747553 u672060753 u0 t8.215
5027569 4590000 118 4 w0 r0 m0 f0 r0 p0
 736681455=138190176+363207314+266210361 i170113301 u673734498 u0 t7.974
5038460 4600000 118 4 w0 r0 m0 f0 r0 p0
 738336944=138500457+364028495+266804082 i170455229 u675290110 u0 t7.096
5049344 4610000 118 4 w0 r0 m0 f0 r0 p0
 740086410=138827234+364893197+267434772 i170812205 u676937814 u0 t7.397
5060214 4620000 118 4 w0 r0 m0 f0 r0 p0
 741812661=139150756+365753240+268050097 i171171748 u678558092 u0 t7.283
5071166 4630000 118 4 w0 r0 m0 f0 r0 p0
 743554837=139476467+366614116+268678445 i171523173 u680202788 u0 t7.363
5082077 4640000 118 4 w0 r0 m0 f0 r0 p0
 745280546=139799671+367471459+269295366 i171876305 u681827258 u0 t7.458
5092952 4650000 118 4 w0 r0 m0 f0 r0 p0
 747030373=140125162+368343269+269921085 i172232315 u683476766 u0 t7.617
5103888 4660000 118 4 w0 r0 m0 f0 r0 p0
 748859026=140465945+369248655+270579955 i172605015 u685199169 u0 t8.027
5114792 4670000 118 4 w0 r0 m0 f0 r0 p0
 750586373=140789399+370106602+271198434 i172959382 u686823910 u0 t7.34
5125741 4680000 118 4 w0 r0 m0 f0 r0 p0
 752310084=141113687+370966236+271811033 i173308823 u688451133 u0 t7.096
5136717 4690000 118 4 w0 r0 m0 f0 r0 p0
 754064594=141440206+371838997+272439004 i173668082 u690102794 u0 t7.132
5147654 4700000 118 4 w0 r0 m0 f0 r0 p0
 755822931=141768898+372713891+273067080 i174026363 u691758952 u0 t7.197
5158619 4710000 118 4 w0 r0 m0 f0 r0 p0
 757596477=142099675+373591037+273706870 i174385422 u693431437 u0 t7.315
5169534 4720000 118 4 w0 r0 m0 f0 r0 p0
 759346735=142430832+374459619+274331185 i174743288 u695079380 u0 t7.258
Idx1+ lookups: 0 17154937 31602730 45198966 58293121 70948940 83234070 95346877 107294102 118988998 130545656 142027394 153113760 164157417 
Idx1+ positiv: 0 2703240 3632881 4255815 4686728 5049532 5347420 5659045 5893516 6076177 6317070 6381057 6603056 6793268 
Idx1+ found  : 0 2630357 3491726 4049642 4416809 4716789 4955714 5206497 5382541 5507075 5690823 5696727 5864030 5998646 
5180402 4730000 53 3 w0 r0 m0 f0 r0 p0
 761123737=142763188+375342985+274966869 i175102477 u696756883 u0 t27.073
5191291 4740000 62 3 w0 r0 m0 f0 r0 p0
 762953760=143102538+376250443+275625910 i175474969 u698480635 u0 t13.215
5202167 4750000 62 3 w0 r0 m0 f0 r0 p0
 764756475=143437926+377139285+276279018 i175842611 u700176818 u0 t12.547
5213037 4760000 62 4 w0 r0 m0 f0 r0 p0
 766582497=143775243+378036006+276946928 i176210188 u701899182 u0 t12.321
5223884 4770000 101 4 w0 r0 m0 f0 r0 p0
 768354161=144107260+378912340+277584151 i176569326 u703569397 u0 t11.911
5234779 4780000 101 4 w0 r0 m0 f0 r0 p0
 770062255=144425787+379763729+278193251 i176921868 u705174768 u0 t10.862
5245825 4790000 101 4 w0 r0 m0 f0 r0 p0
 771835541=144752872+380638528+278837365 i177283872 u706842855 u0 t11.166
5256768 4800000 101 4 w0 r0 m0 f0 r0 p0
 773630080=145084741+381525561+279487274 i177648265 u708533441 u0 t11.677
5267626 4810000 101 4 w0 r0 m0 f0 r0 p0
 775397603=145414094+382400261+280124255 i178011841 u710194610 u0 t12.001
5278527 4820000 101 4 w0 r0 m0 f0 r0 p0
 777089211=145730761+383235839+280734244 i178353385 u711790891 u0 t11.434
5289476 4830000 101 4 w0 r0 m0 f0 r0 p0
 778839898=146055104+384094650+281373802 i178709727 u713437773 u0 t11.371
5300488 4840000 101 4 w0 r0 m0 f0 r0 p0
 780520102=146368312+384925546+281979601 i179051897 u715020031 u0 t10.187
5311384 4850000 101 4 w0 r0 m0 f0 r0 p0
 782226830=146686187+385770037+282595024 i179397946 u716629315 u0 t10.722
5322312 4860000 101 4 w0 r0 m0 f0 r0 p0
 783977468=147011554+386635030+283228235 i179750936 u718281497 u0 t10.927
5333136 4870000 101 4 w0 r0 m0 f0 r0 p0
 785783407=147347483+387526250+283881831 i180114496 u719985530 u0 t11.065
5344051 4880000 101 4 w0 r0 m0 f0 r0 p0
 787544097=147674636+388393944+284521066 i180467192 u721648896 u0 t11.546
5354961 4890000 101 4 w0 r0 m0 f0 r0 p0
 789306819=148003178+389262254+285160462 i180825757 u723308804 u0 t11.172
5365866 4900000 101 4 w0 r0 m0 f0 r0 p0
 791064822=148329772+390125635+285801365 i181177008 u724969757 u0 t11.097
5376756 4910000 101 4 w0 r0 m0 f0 r0 p0
 792759904=148647131+390961292+286414622 i181514986 u726573188 u0 t10.666
5387675 4920000 101 4 w0 r0 m0 f0 r0 p0
 794456286=148964889+391799303+287026508 i181857063 u728174267 u0 t10.66
5398578 4930000 101 4 w0 r0 m0 f0 r0 p0
 796163355=149285695+392644751+287638677 i182201046 u729786698 u0 t11.321
5409490 4940000 101 4 w0 r0 m0 f0 r0 p0
 797833505=149598097+393470965+288240136 i182538482 u731362826 u0 t10.908
5420355 4950000 101 4 w0 r0 m0 f0 r0 p0
 799586269=149924490+394334769+288875757 i182889947 u733018537 u0 t10.794
5431223 4960000 101 4 w0 r0 m0 f0 r0 p0
 801277676=150240111+395171088+289486001 i183230682 u734615595 u0 t10.506
5442092 4970000 101 4 w0 r0 m0 f0 r0 p0
 802939309=150552587+395991235+290085262 i183564856 u736184760 u0 t10.161
5453015 4980000 101 4 w0 r0 m0 f0 r0 p0
 804651479=150871637+396834585+290706068 i183906342 u737803715 u0 t10.413
5463959 4990000 117 4 w0 r0 m0 f0 r0 p0
 806337500=151186931+397666453+291315595 i184248743 u739392547 u0 t11.088
5474924 5000000 117 4 w0 r0 m0 f0 r0 p0
 807969819=151491100+398467038+291910736 i184577350 u740932590 u0 t9.837
5485938 5010000 117 4 w0 r0 m0 f0 r0 p0
 809678434=151809358+399310519+292528773 i184918026 u742548557 u0 t10.174
5496880 5020000 117 4 w0 r0 m0 f0 r0 p0
 811299765=152114060+400113271+293111435 i185246549 u744077910 u0 t9.792
5507833 5030000 117 4 w0 r0 m0 f0 r0 p0
 813011100=152433818+400962813+293725340 i185589161 u745696526 u0 t10.226
5518806 5040000 117 4 w0 r0 m0 f0 r0 p0
 814664478=152743058+401778758+294322419 i185921673 u747257954 u0 t10.571
Idx1+ lookups: 0 17111728 31626891 45213082 58274734 70981819 83333653 95368688 107269822 119033305 130564070 141974159 153324844 164295223 175228687 
Idx1+ positiv: 0 2712435 3632542 4233019 4706375 5052581 5360846 5618624 5901730 6115887 6280197 6504947 6553262 6768935 6949942 
Idx1+ found  : 0 2639774 3491959 4026310 4436712 4720794 4966884 5167387 5390239 5546672 5653644 5821876 5812714 5974223 6100331 
5529757 5050000 67 3 w0 r0 m0 f0 r0 p0
 816307341=153051647+402593863+294910547 i186252371 u748810592 u0 t33.053
5540663 5060000 69 3 w0 r0 m0 f0 r0 p0
 817977098=153363446+403417038+295514761 i186584923 u750390377 u0 t16.029
5551636 5070000 69 4 w0 r0 m0 f0 r0 p0
 819655767=153676125+404245259+296122005 i186920273 u751977566 u0 t15.842
5562596 5080000 69 4 w0 r0 m0 f0 r0 p0
 821288568=153980699+405046326+296717114 i187247580 u753519729 u0 t15.123
5573494 5090000 73 4 w0 r0 m0 f0 r0 p0
 822956316=154291702+405867054+297322692 i187581951 u755095002 u0 t14.54
5584492 5100000 73 4 w0 r0 m0 f0 r0 p0
 824579647=154595270+406665256+297911904 i187907563 u756628614 u0 t14.805
5595555 5110000 73 4 w0 r0 m0 f0 r0 p0
 826162534=154893806+407454187+298477264 i188233919 u758117163 u0 t14.133
5606569 5120000 73 4 w0 r0 m0 f0 r0 p0
 827753238=155194800+408236831+299051286 i188550934 u759622771 u0 t13.835
5617545 5130000 73 4 w0 r0 m0 f0 r0 p0
 829290738=155482595+408992684+299609384 i188860964 u761073639 u0 t13.369
5628539 5140000 73 4 w0 r0 m0 f0 r0 p0
 830846459=155775749+409758967+300171613 i189170022 u762547034 u0 t13.544
5639565 5150000 73 4 w0 r0 m0 f0 r0 p0
 832441300=156074848+410545910+300746928 i189490467 u764053493 u0 t13.88
5650481 5160000 73 4 w0 r0 m0 f0 r0 p0
 834043560=156374919+411336811+301325270 i189811317 u765568346 u0 t14.826
5661351 5170000 73 4 w0 r0 m0 f0 r0 p0
 835593184=156667268+412097506+301887138 i190116733 u767037923 u0 t12.895
5672329 5180000 127 4 w0 r0 m0 f0 r0 p0
 837106885=156952634+412841868+302434668 i190419380 u768469057 u0 t12.937
5683321 5190000 127 4 w0 r0 m0 f0 r0 p0
 838697355=157250655+413623128+303012522 i190738816 u769971106 u0 t13.569
5694245 5200000 127 4 w0 r0 m0 f0 r0 p0
 840216836=157536285+414375333+303558394 i191041676 u771409329 u0 t13.412
5705118 5210000 127 4 w0 r0 m0 f0 r0 p0
 841696958=157816309+415105002+304091137 i191339379 u772807963 u0 t12.651
5716075 5220000 127 4 w0 r0 m0 f0 r0 p0
 843240827=158107452+415865524+304647882 i191648329 u774268447 u0 t13.034
5727055 5230000 127 4 w0 r0 m0 f0 r0 p0
 844771786=158399123+416620327+305197782 i191950485 u775720641 u0 t13.087
5738016 5240000 127 4 w0 r0 m0 f0 r0 p0
 846277989=158683207+417363208+305740575 i192253143 u777143525 u0 t12.965
5748974 5250000 127 4 w0 r0 m0 f0 r0 p0
 847731856=158958811+418081131+306262408 i192544516 u778518611 u0 t12.916
5759968 5260000 127 4 w0 r0 m0 f0 r0 p0
 849181653=159235134+418797428+306781105 i192828280 u779897076 u0 t12.073
5770885 5270000 127 4 w0 r0 m0 f0 r0 p0
 850637081=159510616+419514371+307306072 i193115530 u781277764 u0 t11.88
5781844 5280000 127 4 w0 r0 m0 f0 r0 p0
 852091744=159787927+420236331+307824289 i193406384 u782655104 u0 t12.169
5792838 5290000 127 4 w0 r0 m0 f0 r0 p0
 853580942=160067886+420969679+308362992 i193702150 u784064993 u0 t12.767
5803819 5300000 127 4 w0 r0 m0 f0 r0 p0
 855061571=160348512+421701417+308893766 i193994974 u785469608 u0 t13.228
5814801 5310000 127 4 w0 r0 m0 f0 r0 p0
 856523044=160625919+422424289+309416599 i194282789 u786857248 u0 t11.805
5825826 5320000 127 4 w0 r0 m0 f0 r0 p0
 858018557=160909892+423167780+309948368 i194579820 u788275482 u0 t12.303
5836769 5330000 127 4 w0 r0 m0 f0 r0 p0
 859518675=161194383+423912102+310483971 i194875149 u789700225 u0 t12.553
5847728 5340000 127 4 w0 r0 m0 f0 r0 p0
 860984768=161472108+424640331+311006361 i195165007 u791091382 u0 t12.533
5858710 5350000 127 4 w0 r0 m0 f0 r0 p0
 862472402=161753563+425379880+311535529 i195458146 u792504083 u0 t12.35
5869730 5360000 127 4 w0 r0 m0 f0 r0 p0
 863888095=162023516+426085295+312036424 i195739356 u793846876 u0 t11.27
5880647 5370000 127 4 w0 r0 m0 f0 r0 p0
 865413785=162311797+426843006+312581989 i196042738 u795293091 u0 t12.325
5891635 5380000 127 4 w0 r0 m0 f0 r0 p0
 866907568=162594842+427580648+313118135 i196336551 u796711635 u0 t12.119
5902588 5390000 127 4 w0 r0 m0 f0 r0 p0
 868435196=162883384+428337229+313664935 i196640616 u798158863 u0 t13.077
Idx1+ lookups: 0 17109416 31574203 45227318 58265867 70935448 83340675 95434179 107257260 118976501 130575205 141958912 153237617 164468758 175329359 186163768 
Idx1+ positiv: 0 2719723 3642831 4245676 4688121 5070104 5371802 5632397 5859033 6124340 6320293 6468051 6680896 6718209 6922936 7100486 
Idx1+ found  : 0 2646941 3501822 4039601 4418381 4738570 4979124 5178838 5349280 5555018 5693730 5785028 5941420 5922492 6073278 6196797 
5913534 5400000 53 3 w0 r0 m0 f0 r0 p0
 869949373=163170418+429087426+314207100 i196944743 u799590421 u0 t31.534
5924489 5410000 92 3 w0 r0 m0 f0 r0 p0
 871503384=163466223+429863503+314756130 i197251977 u801065263 u0 t18.551
5935564 5420000 92 3 w0 r0 m0 f0 r0 p0
 873022608=163753312+430618706+315297430 i197555290 u802504167 u0 t18.137
5946595 5430000 92 4 w0 r0 m0 f0 r0 p0
 874592707=164050372+431396365+315858680 i197869388 u803990537 u0 t18.043
5957566 5440000 92 4 w0 r0 m0 f0 r0 p0
 876166787=164347528+432181383+316416902 i198187085 u805477864 u0 t18.047
5968610 5450000 92 4 w0 r0 m0 f0 r0 p0
 877802192=164651115+432980818+317016153 i198504680 u807031958 u0 t19.034
5979615 5460000 92 4 w0 r0 m0 f0 r0 p0
 879416459=164956329+433782972+317591462 i198824234 u808563700 u0 t18.035
5990618 5470000 92 4 w0 r0 m0 f0 r0 p0
 881080713=165270161+434606496+318188299 i199152947 u810142451 u0 t17.966
6001592 5480000 92 4 w0 r0 m0 f0 r0 p0
 882804840=165593048+435464230+318803602 i199498298 u811773382 u0 t19.701
6012521 5490000 92 4 w0 r0 m0 f0 r0 p0
 884495762=165909819+436300941+319411925 i199836817 u813372371 u0 t19.386
6023532 5500000 92 4 w0 r0 m0 f0 r0 p0
 886234374=166235146+437158342+320041218 i200185777 u815014877 u0 t19.277
6034529 5510000 92 4 w0 r0 m0 f0 r0 p0
 887964695=166556245+438014367+320665330 i200535201 u816647729 u0 t19.951
6045561 5520000 92 4 w0 r0 m0 f0 r0 p0
 889684934=166877136+438861568+321289113 i200881727 u818271564 u0 t19.718
6056535 5530000 92 4 w0 r0 m0 f0 r0 p0
 891368416=167191921+439692947+321897795 i201223308 u819858594 u0 t18.118
6067584 5540000 92 4 w0 r0 m0 f0 r0 p0
 893096260=167512675+440544427+322524566 i201570112 u821490718 u0 t19.186
6078684 5550000 92 4 w0 r0 m0 f0 r0 p0
 894759471=167823924+441359004+323131412 i201900509 u823064845 u0 t17.924
6089671 5560000 92 4 w0 r0 m0 f0 r0 p0
 896431990=168135084+442183740+323736955 i202235889 u824645577 u0 t17.961
6100615 5570000 95 4 w0 r0 m0 f0 r0 p0
 898084223=168440161+442993520+324341912 i202570771 u826201733 u0 t17.921
6111539 5580000 95 4 w0 r0 m0 f0 r0 p0
 899757666=168751834+443818689+324948041 i202908849 u827780230 u0 t18.95
6122490 5590000 95 4 w0 r0 m0 f0 r0 p0
 901447349=169066016+444650144+325562159 i203251477 u829372422 u0 t17.948
6133442 5600000 95 4 w0 r0 m0 f0 r0 p0
 903103179=169374833+445468192+326159934 i203581880 u830938968 u0 t17.684
6144430 5610000 95 4 w0 r0 m0 f0 r0 p0
 904756884=169683125+446282388+326759589 i203912910 u832502381 u0 t18.032
6155425 5620000 95 4 w0 r0 m0 f0 r0 p0
 906445829=169994105+447113488+327375214 i204247103 u834101827 u0 t18.542
6166380 5630000 95 4 w0 r0 m0 f0 r0 p0
 908141690=170306719+447942038+327999900 i204585792 u835703436 u0 t17.871
6177346 5640000 95 4 w0 r0 m0 f0 r0 p0
 909818560=170617968+448764017+328612446 i204916291 u837293081 u0 t17.85
6188339 5650000 95 4 w0 r0 m0 f0 r0 p0
 911459814=170925691+449573413+329205116 i205239744 u838850038 u0 t18.337
6199296 5660000 95 4 w0 r0 m0 f0 r0 p0
 913141483=171238279+450399707+329817756 i205575471 u840439531 u0 t17.466
6210250 5670000 95 4 w0 r0 m0 f0 r0 p0
 914784034=171542920+451209594+330413293 i205897936 u841997995 u0 t17.307
6221167 5680000 95 4 w0 r0 m0 f0 r0 p0
 916463390=171854024+452038113+331022264 i206233069 u843585976 u0 t18.671
6232193 5690000 95 4 w0 r0 m0 f0 r0 p0
 918159439=172168388+452874639+331636870 i206567745 u845193774 u0 t20.98
6243114 5700000 100 4 w0 r0 m0 f0 r0 p0
 919870018=172485222+453713178+332262658 i206901621 u846817429 u0 t20.284
6254073 5710000 100 4 w0 r0 m0 f0 r0 p0
 921579971=172801039+454552341+332887817 i207238158 u848438532 u0 t19.748
6265015 5720000 100 4 w0 r0 m0 f0 r0 p0
 923254737=173113055+455372948+333499625 i207565062 u850028675 u0 t18.563
Idx1+ lookups: 0 17113986 31599159 45210210 58325349 70977067 83343638 95499626 107379575 119019821 130577479 142028307 153280798 164441878 175561860 186324360 197066801 
Idx1+ positiv: 0 2696975 3641534 4246327 4696367 5053559 5380307 5644951 5874509 6078828 6329847 6508343 6641642 6847655 6871539 7069452 7242057 
Idx1+ found  : 0 2624243 3500677 4039798 4426432 4721391 4987809 5192679 5361673 5510863 5702894 5824946 5902653 6052579 6020593 6165246 6283964 
6276014 5730000 74 3 w0 r0 m0 f0 r0 p0
 924875646=173416304+456177255+334080782 i207885757 u851565520 u0 t40.656
6286999 5740000 74 3 w0 r0 m0 f0 r0 p0
 926527580=173725027+456997456+334673197 i208210208 u853134316 u0 t23.948
6298011 5750000 74 3 w0 r0 m0 f0 r0 p0
 928205705=174036888+457826336+335279846 i208538112 u854728246 u0 t24.007
6308975 5760000 74 4 w0 r0 m0 f0 r0 p0
 929942837=174357153+458680659+335913458 i208883625 u856370836 u0 t23.586
6319974 5770000 74 4 w0 r0 m0 f0 r0 p0
 931607352=174668058+459498772+336518477 i209213007 u857946905 u0 t22.952
6330997 5780000 94 4 w0 r0 m0 f0 r0 p0
 933280528=174976311+460320189+337131137 i209538744 u859536097 u0 t23.094
6342023 5790000 94 4 w0 r0 m0 f0 r0 p0
 934937882=175285448+461140887+337727131 i209863973 u861109845 u0 t23.313
6353038 5800000 94 4 w0 r0 m0 f0 r0 p0
 936526522=175583299+461923778+338301215 i210171202 u862622548 u0 t22.252
6364053 5810000 94 4 w0 r0 m0 f0 r0 p0
 938141996=175886282+462724231+338880930 i210489522 u864155671 u0 t21.778
6375072 5820000 94 4 w0 r0 m0 f0 r0 p0
 939789030=176192059+463534892+339479610 i210814098 u865717084 u0 t22.335
6386024 5830000 94 4 w0 r0 m0 f0 r0 p0
 941396130=176494097+464318276+340067742 i211125301 u867245095 u0 t22.508
6396912 5840000 94 4 w0 r0 m0 f0 r0 p0
 943032842=176800009+465124214+340660657 i211444073 u868801183 u0 t22.599
6407907 5850000 94 4 w0 r0 m0 f0 r0 p0
 944629640=177098078+465913649+341235858 i211757882 u870317184 u0 t21.945
6418859 5860000 94 4 w0 r0 m0 f0 r0 p0
 946286893=177407065+466726912+341839749 i212085606 u871887119 u0 t22.778
6429878 5870000 94 4 w0 r0 m0 f0 r0 p0
 947912579=177711401+467535456+342420427 i212405050 u873431564 u0 t22.423
6440860 5880000 94 4 w0 r0 m0 f0 r0 p0
 949461950=178000393+468294763+342985244 i212708959 u874901940 u0 t21.314
6451839 5890000 94 4 w0 r0 m0 f0 r0 p0
 951046784=178297688+469075448+343557942 i213021295 u876405074 u0 t21.444
6462899 5900000 94 4 w0 r0 m0 f0 r0 p0
 952644621=178596822+469858713+344139885 i213339607 u877916659 u0 t21.834
6473837 5910000 94 4 w0 r0 m0 f0 r0 p0
 954214331=178890435+470630392+344709753 i213647261 u879406668 u0 t21.197
6484815 5920000 94 4 w0 r0 m0 f0 r0 p0
 955779335=179184369+471400861+345276106 i213954645 u880892181 u0 t20.871
6495784 5930000 94 4 w0 r0 m0 f0 r0 p0
 957377926=179484705+472191505+345850942 i214274100 u882404949 u0 t21.618
6506753 5940000 94 4 w0 r0 m0 f0 r0 p0
 958953277=179781029+472966947+346419930 i214583224 u883900600 u0 t21.365
6517671 5950000 94 4 w0 r0 m0 f0 r0 p0
 960531053=180076910+473738078+346996851 i214893845 u885395888 u0 t20.422
6528600 5960000 94 4 w0 r0 m0 f0 r0 p0
 962101261=180373770+474515744+347558975 i215202860 u886886829 u0 t21.13
6539600 5970000 94 4 w0 r0 m0 f0 r0 p0
 963689707=180672829+475290577+348139657 i215517580 u888389991 u0 t21.4
6550555 5980000 94 4 w0 r0 m0 f0 r0 p0
 965278726=180973015+476077887+348707877 i215830298 u889899255 u0 t21.257
6561522 5990000 94 4 w0 r0 m0 f0 r0 p0
 966835355=181264273+476844215+349271344 i216133029 u891379906 u0 t20.978
6572495 6000000 94 4 w0 r0 m0 f0 r0 p0
 968361860=181552861+477602625+349814914 i216435206 u892828430 u0 t20.518
6583420 6010000 94 4 w0 r0 m0 f0 r0 p0
 969912242=181843077+478363810+350378362 i216736271 u894302716 u0 t20.736
6594346 6020000 94 4 w0 r0 m0 f0 r0 p0
 971425680=182127855+479110614+350924504 i217029855 u895743448 u0 t20.149
6605303 6030000 94 4 w0 r0 m0 f0 r0 p0
 972980898=182420305+479871134+351491425 i217328211 u897226073 u0 t20.249
6616312 6040000 94 4 w0 r0 m0 f0 r0 p0
 974533401=182712837+480643228+352044469 i217636817 u898698514 u0 t20.846
6627298 6050000 94 4 w0 r0 m0 f0 r0 p0
 976091549=183006208+481410595+352607001 i217937024 u900183827 u0 t20.147
6638329 6060000 94 4 w0 r0 m0 f0 r0 p0
 977587698=183290267+482151027+353141561 i218231163 u901604685 u0 t20.167
Idx1+ lookups: 0 17060135 31545972 45172933 58252803 70976930 83321768 95438461 107382870 119077301 130554631 141968220 153287325 164419264 175469971 186487331 197156994 207813277 
Idx1+ positiv: 0 2700623 3623623 4238017 4700903 5065648 5364276 5651744 5889005 6095703 6280294 6517993 6684644 6807407 7005608 7018933 7209464 7379169 
Idx1+ found  : 0 2628149 3482455 4031858 4430810 4733312 4971269 5199388 5378197 5524589 5654932 5834617 5945498 6013026 6155201 6113430 6251404 6367329 
6649282 6070000 61 3 w0 r0 m0 f0 r0 p0
 979142983=183584116+482922533+353697347 i218534744 u903084382 u0 t41.914
6660175 6080000 65 3 w0 r0 m0 f0 r0 p0
 980680546=183874411+483691461+354241139 i218836536 u904546651 u0 t25.59
6671098 6090000 65 3 w0 r0 m0 f0 r0 p0
 982223516=184167237+484455057+354794158 i219143458 u906008998 u0 t26.072
6682137 6100000 70 4 w0 r0 m0 f0 r0 p0
 983794217=184462858+485227391+355362836 i219449046 u907502505 u0 t25.8
6693037 6110000 70 4 w0 r0 m0 f0 r0 p0
 985270513=184741959+485954870+355895107 i219732449 u908910911 u0 t24.476
6703966 6120000 86 4 w0 r0 m0 f0 r0 p0
 986791750=185027963+486703956+356445553 i220027895 u910357928 u0 t25.225
6714910 6130000 86 4 w0 r0 m0 f0 r0 p0
 988294857=185310512+487440858+356991722 i220314156 u911792703 u0 t24.357
6725879 6140000 86 4 w0 r0 m0 f0 r0 p0
 989820534=185599925+488197232+357536091 i220608530 u913247299 u0 t25.185
6736831 6150000 86 4 w0 r0 m0 f0 r0 p0
 991323630=185885367+488940634+358074734 i220900849 u914677592 u0 t24.485
6747751 6160000 86 4 w0 r0 m0 f0 r0 p0
 992791238=186163336+489671250+358595790 i221183973 u916077937 u0 t24.365
Total lines processed: 6169740
Block Count:541, 59285
Avg Block Count:97 = 5797879 / 59285
Avg Max Count:154, 145, 86
Block Count:0, 1
Avg Block Count:0 = 0 / 1
Avg Max Count:0, 0, 0
Trie Len:1585, Trie Len:0, 0
BloomFilter
        bits: 188134974
        estimated elements: 17060136
        number hashes: 8
        max false positive rate: 0.005000
        bloom length (8 bits): 23516872
        elements added: 17060136
        estimated elements added: 17059292
        current false positive rate: 0.005017
        export size (bytes): 23516892
        number bits set: 97053620
        is on disk: no
Block Count:0, 1
Avg Block Count:0 = 0 / 1
Avg Max Count:0, 0, 0
Trie Len:1571, Trie Len:0, 0
BloomFilter
        bits: 188728830
        estimated elements: 17113987
        number hashes: 8
        max false positive rate: 0.005000
        bloom length (8 bits): 23591104
        elements added: 17113987
        estimated elements added: 17114559
        current false positive rate: 0.005017
        export size (bytes): 23591124
        number bits set: 97365466
        is on disk: no
Block Count:0, 1
Avg Block Count:0 = 0 / 1
Avg Max Count:0, 0, 0
Trie Len:1521, Trie Len:0, 0
BloomFilter
        bits: 188678433
        estimated elements: 17109417
        number hashes: 8
        max false positive rate: 0.005000
        bloom length (8 bits): 23584805
        elements added: 17109417
        estimated elements added: 17110252
        current false positive rate: 0.005017
        export size (bytes): 23584825
        number bits set: 97340488
        is on disk: no
Block Count:0, 1
Avg Block Count:0 = 0 / 1
Avg Max Count:0, 0, 0
Trie Len:1579, Trie Len:0, 0
BloomFilter
        bits: 188703918
        estimated elements: 17111728
        number hashes: 8
        max false positive rate: 0.005000
        bloom length (8 bits): 23587990
        elements added: 17111728
        estimated elements added: 17110531
        current false positive rate: 0.005017
        export size (bytes): 23588010
        number bits set: 97345764
        is on disk: no
Block Count:0, 1
Avg Block Count:0 = 0 / 1
Avg Max Count:0, 0, 0
Trie Len:1383, Trie Len:0, 0
BloomFilter
        bits: 189180427
        estimated elements: 17154938
        number hashes: 8
        max false positive rate: 0.005000
        bloom length (8 bits): 23647554
        elements added: 17154938
        estimated elements added: 17153850
        current false positive rate: 0.005017
        export size (bytes): 23647574
        number bits set: 97592012
        is on disk: no
Block Count:0, 1
Avg Block Count:0 = 0 / 1
Avg Max Count:0, 0, 0
Trie Len:1618, Trie Len:0, 0
BloomFilter
        bits: 188333639
        estimated elements: 17078151
        number hashes: 8
        max false positive rate: 0.005000
        bloom length (8 bits): 23541705
        elements added: 17078151
        estimated elements added: 17078718
        current false positive rate: 0.005017
        export size (bytes): 23541725
        number bits set: 97161574
        is on disk: no
Block Count:0, 1
Avg Block Count:0 = 0 / 1
Avg Max Count:0, 0, 0
Trie Len:1522, Trie Len:0, 0
BloomFilter
        bits: 188441844
        estimated elements: 17087963
        number hashes: 8
        max false positive rate: 0.005000
        bloom length (8 bits): 23555231
        elements added: 17087963
        estimated elements added: 17088617
        current false positive rate: 0.005017
        export size (bytes): 23555251
        number bits set: 97217730
        is on disk: no
Block Count:0, 1
Avg Block Count:0 = 0 / 1
Avg Max Count:0, 0, 0
Trie Len:1546, Trie Len:0, 0
BloomFilter
        bits: 189057578
        estimated elements: 17143798
        number hashes: 8
        max false positive rate: 0.005000
        bloom length (8 bits): 23632198
        elements added: 17143798
        estimated elements added: 17145167
        current false positive rate: 0.005017
        export size (bytes): 23632218
        number bits set: 97538150
        is on disk: no
Block Count:0, 1
Avg Block Count:0 = 0 / 1
Avg Max Count:0, 0, 0
Trie Len:1594, Trie Len:0, 0
BloomFilter
        bits: 188272733
        estimated elements: 17072628
        number hashes: 8
        max false positive rate: 0.005000
        bloom length (8 bits): 23534092
        elements added: 17072628
        estimated elements added: 17071177
        current false positive rate: 0.005017
        export size (bytes): 23534112
        number bits set: 97122335
        is on disk: no
Block Count:0, 1
Avg Block Count:0 = 0 / 1
Avg Max Count:0, 0, 0
Trie Len:1399, Trie Len:0, 0
BloomFilter
        bits: 187492983
        estimated elements: 17001920
        number hashes: 8
        max false positive rate: 0.005000
        bloom length (8 bits): 23436623
        elements added: 17001920
        estimated elements added: 17003354
        current false positive rate: 0.005017
        export size (bytes): 23436643
        number bits set: 96731243
        is on disk: no
Block Count:0, 1
Avg Block Count:0 = 0 / 1
Avg Max Count:0, 0, 0
Trie Len:1503, Trie Len:0, 0
BloomFilter
        bits: 188227442
        estimated elements: 17068521
        number hashes: 8
        max false positive rate: 0.005000
        bloom length (8 bits): 23528431
        elements added: 17068521
        estimated elements added: 17068578
        current false positive rate: 0.005017
        export size (bytes): 23528451
        number bits set: 97104811
        is on disk: no
Block Count:0, 1
Avg Block Count:0 = 0 / 1
Avg Max Count:0, 0, 0
Trie Len:1551, Trie Len:0, 0
BloomFilter
        bits: 189167029
        estimated elements: 17153723
        number hashes: 8
        max false positive rate: 0.005000
        bloom length (8 bits): 23645879
        elements added: 17153723
        estimated elements added: 17152896
        current false positive rate: 0.005017
        export size (bytes): 23645899
        number bits set: 97586113
        is on disk: no
Block Count:0, 1
Avg Block Count:0 = 0 / 1
Avg Max Count:0, 0, 0
Trie Len:1269, Trie Len:0, 0
BloomFilter
        bits: 188325777
        estimated elements: 17077438
        number hashes: 8
        max false positive rate: 0.005000
        bloom length (8 bits): 23540723
        elements added: 17077438
        estimated elements added: 17077650
        current false positive rate: 0.005017
        export size (bytes): 23540743
        number bits set: 97156141
        is on disk: no
Block Count:0, 1
Avg Block Count:0 = 0 / 1
Avg Max Count:0, 0, 0
Trie Len:1692, Trie Len:0, 0
BloomFilter
        bits: 188174652
        estimated elements: 17063734
        number hashes: 8
        max false positive rate: 0.005000
        bloom length (8 bits): 23521832
        elements added: 17063734
        estimated elements added: 17064352
        current false positive rate: 0.005017
        export size (bytes): 23521852
        number bits set: 97079752
        is on disk: no
Block Count:0, 1
Avg Block Count:0 = 0 / 1
Avg Max Count:0, 0, 0
Trie Len:1414, Trie Len:0, 0
BloomFilter
        bits: 189374770
        estimated elements: 17172561
        number hashes: 8
        max false positive rate: 0.005000
        bloom length (8 bits): 23671847
        elements added: 17172561
        estimated elements added: 17173758
        current false positive rate: 0.005017
        export size (bytes): 23671867
        number bits set: 97701121
        is on disk: no
Block Count:0, 1
Avg Block Count:0 = 0 / 1
Avg Max Count:0, 0, 0
Trie Len:1609, Trie Len:0, 0
BloomFilter
        bits: 185079812
        estimated elements: 16783093
        number hashes: 8
        max false positive rate: 0.005000
        bloom length (8 bits): 23134977
        elements added: 16783093
        estimated elements added: 16783513
        current false positive rate: 0.005017
        export size (bytes): 23134997
        number bits set: 95482387
        is on disk: no
Block Count:0, 1
Avg Block Count:0 = 0 / 1
Avg Max Count:0, 0, 0
Trie Len:1523, Trie Len:0, 0
BloomFilter
        bits: 186453815
        estimated elements: 16907688
        number hashes: 8
        max false positive rate: 0.005000
        bloom length (8 bits): 23306727
        elements added: 16907688
        estimated elements added: 16907369
        current false positive rate: 0.005017
        export size (bytes): 23306747
        number bits set: 96188360
        is on disk: no
Block Count:0, 1
Avg Block Count:0 = 0 / 1
Avg Max Count:0, 0, 0
Trie Len:1576, Trie Len:0, 0
BloomFilter
        bits: 186369321
        estimated elements: 16900026
        number hashes: 8
        max false positive rate: 0.005000
        bloom length (8 bits): 23296166
        elements added: 16900026
        estimated elements added: 16900816
        current false positive rate: 0.005017
        export size (bytes): 23296186
        number bits set: 96149064
        is on disk: no
Level Count:4
Level Count:1
Level Count:1
Level Count:1
Level Count:1
Level Count:1
Level Count:1
Level Count:1
Level Count:1
Level Count:1
Level Count:1
Level Count:1
Level Count:1
Level Count:1
Level Count:1
Level Count:1
Level Count:1
Level Count:1
Level Count:1
6947353 4
3761551 4
Max word len: 127
Total words generated: 994229049
Words inserted 221461074
Words updated: 917449941
OUBLK INBLK
    -     -
rchar: 589932986614
wchar: 3603346026
syscr: 144899987
syscw: 1952638
read_bytes: 67596439552
write_bytes: 3604422656
cancelled_write_bytes: 0
132018872
7039888
