Csz: 64, pgsz: 4096
Stg buf: 1048576kb, Idx1 buf: 1048576kb, Idx1+ buf: 1024kb
Idx1 entry count limit: 25 million
10988 10000 63 3 w0 r0 m0 f0 r0 p0
 1501663=280564+736534+546799 i732629 u987122 u0 t1.901
22023 20000 63 3 w0 r0 m0 f0 r0 p0
 2969833=556529+1459387+1077009 i1316180 u2085487 u0 t2.21
33024 30000 63 4 w0 r0 m0 f0 r0 p0
 4455111=837101+2191661+1611754 i1877017 u3226548 u0 t2.187
44043 40000 91 4 w0 r0 m0 f0 r0 p0
 6020851=1126445+2951279+2192551 i2436084 u4457833 u0 t2.392
55121 50000 91 4 w0 r0 m0 f0 r0 p0
 7456147=1398962+3658349+2709577 i2939468 u5599484 u0 t2.239
66115 60000 91 4 w0 r0 m0 f0 r0 p0
 8880851=1666179+4350823+3234648 i3419104 u6749918 u0 t2.144
77117 70000 91 4 w0 r0 m0 f0 r0 p0
 10321935=1938435+5065049+3750268 i3906266 u7914960 u0 t2.232
88102 80000 91 4 w0 r0 m0 f0 r0 p0
 11700254=2200704+5742595+4246944 i4363213 u9037806 u0 t2.068
99095 90000 91 4 w0 r0 m0 f0 r0 p0
 13136962=2468232+6447219+4770729 i4834869 u10211527 u0 t2.165
110113 100000 91 4 w0 r0 m0 f0 r0 p0
 14567887=2739132+7154639+5283726 i5290840 u11395752 u0 t2.178
121109 110000 91 4 w0 r0 m0 f0 r0 p0
 15979341=3006343+7853621+5788507 i5744072 u12560404 u0 t2.203
132028 120000 91 4 w0 r0 m0 f0 r0 p0
 17529576=3286631+8592403+6381321 i6202530 u13870471 u0 t2.458
142990 130000 91 4 w0 r0 m0 f0 r0 p0
 18983246=3562515+9313266+6900099 i6652150 u15087377 u0 t2.461
153925 140000 91 4 w0 r0 m0 f0 r0 p0
 20471021=3841520+10053635+7429782 i7107103 u16337894 u0 t2.467
164855 150000 91 4 w0 r0 m0 f0 r0 p0
 21979188=4125986+10799401+7971072 i7567835 u17605454 u0 t2.531
175812 160000 91 4 w0 r0 m0 f0 r0 p0
 23581702=4417062+11563939+8582289 i8035915 u18965547 u0 t2.52
186797 170000 91 4 w0 r0 m0 f0 r0 p0
 25057302=4694184+12294315+9112151 i8483630 u20209360 u0 t2.318
197847 180000 91 4 w0 r0 m0 f0 r0 p0
 26591014=4977448+13039031+9681211 i8936396 u21510058 u0 t2.47
208776 190000 91 4 w0 r0 m0 f0 r0 p0
 28103392=5261528+13786971+10225271 i9389016 u22790724 u0 t2.404
219728 200000 91 4 w0 r0 m0 f0 r0 p0
 29608450=5546129+14533215+10762856 i9830477 u24075187 u0 t2.39
230584 210000 91 4 w0 r0 m0 f0 r0 p0
 31172079=5839074+15306099+11325356 i10287305 u25409728 u0 t2.489
241548 220000 91 4 w0 r0 m0 f0 r0 p0
 32679763=6122575+16050615+11868600 i10728860 u26695809 u0 t2.388
252514 230000 91 4 w0 r0 m0 f0 r0 p0
 34277699=6416178+16828359+12459598 i11188994 u28062718 u0 t2.501
263483 240000 91 4 w0 r0 m0 f0 r0 p0
 35775557=6699007+17569616+12996180 i11625823 u29342837 u0 t2.39
274496 250000 91 4 w0 r0 m0 f0 r0 p0
 37306382=6986514+18328557+13544391 i12066772 u30656219 u0 t2.453
285461 260000 91 4 w0 r0 m0 f0 r0 p0
 38798460=7268992+19071624+14074163 i12494982 u31939300 u0 t2.407
296415 270000 91 4 w0 r0 m0 f0 r0 p0
 40286808=7549046+19806127+14610350 i12922085 u33217611 u0 t2.397
307437 280000 91 4 w0 r0 m0 f0 r0 p0
 41792998=7832777+20553957+15148521 i13350292 u34516184 u0 t2.436
318462 290000 91 4 w0 r0 m0 f0 r0 p0
 43396945=8135807+21348388+15722664 i13806455 u35898383 u0 t2.583
329483 300000 91 4 w0 r0 m0 f0 r0 p0
 45023838=8442695+22162598+16297392 i14273166 u37298170 u0 t2.633
340525 310000 91 4 w0 r0 m0 f0 r0 p0
 46611522=8738490+22941883+16875435 i14719085 u38669830 u0 t2.54
351480 320000 115 4 w0 r0 m0 f0 r0 p0
 48197495=9039364+23732513+17435864 i15165470 u40042326 u0 t2.54
362496 330000 115 4 w0 r0 m0 f0 r0 p0
 49733153=9330690+24494894+17981449 i15594735 u41373894 u0 t2.487
373551 340000 115 4 w0 r0 m0 f0 r0 p0
 51290525=9626489+25266085+18538210 i16032087 u42722206 u0 t2.531
384689 350000 115 4 w0 r0 m0 f0 r0 p0
 52864093=9922506+26034770+19112787 i16473288 u44082729 u0 t2.554
Idx1+ lookups: 0 0 
Idx1+ positiv: 0 0 
Idx1+ found  : 0 0 
OL: 0 435778551 
CL: 0 435778551 
OC: 0 16900026 
CC: 0 16900026 
TotOL: 435778551, TotCL: 435778551, TotOC: 16900026, TotCC: 16900026
395874 360000 81 3 w0 r0 m0 f0 r0 p0
 54482814=10222227+26820615+19712099 i16929367 u45477765 u0 t27.611
406862 370000 82 3 w0 r0 m0 f0 r0 p0
 56129529=10531411+27615260+20322783 i17391147 u46898946 u0 t11.16
417894 380000 82 3 w0 r0 m0 f0 r0 p0
 57712939=10827913+28389797+20900694 i17836066 u48266696 u0 t8.524
428912 390000 82 4 w0 r0 m0 f0 r0 p0
 59270425=11119317+29151504+21469881 i18270779 u49614812 u0 t7.59
439874 400000 93 4 w0 r0 m0 f0 r0 p0
 60804875=11404852+29899292+22034731 i18692192 u50948956 u0 t6.959
450859 410000 93 4 w0 r0 m0 f0 r0 p0
 62351122=11693776+30659561+22596197 i19124555 u52287500 u0 t6.645
461847 420000 93 4 w0 r0 m0 f0 r0 p0
 63850824=11975377+31395903+23140104 i19539607 u53589985 u0 t6.208
472807 430000 93 4 w0 r0 m0 f0 r0 p0
 65444263=12275975+32177959+23717696 i19976861 u54977586 u0 t6.307
483790 440000 93 4 w0 r0 m0 f0 r0 p0
 67052753=12576164+32971980+24298942 i20419610 u56377655 u0 t6.329
494708 450000 93 4 w0 r0 m0 f0 r0 p0
 68705880=12884577+33787893+24895987 i20868524 u57822283 u0 t6.333
505590 460000 93 4 w0 r0 m0 f0 r0 p0
 70357917=13192981+34603737+25491973 i21317713 u59266073 u0 t5.987
516566 470000 93 4 w0 r0 m0 f0 r0 p0
 71996869=13498910+35407294+26089306 i21757299 u60702214 u0 t5.776
527520 480000 93 4 w0 r0 m0 f0 r0 p0
 73651210=13807158+36223256+26687956 i22205092 u62148935 u0 t5.759
538466 490000 93 4 w0 r0 m0 f0 r0 p0
 75328397=14119122+37045202+27301246 i22656912 u63616659 u0 t5.619
549399 500000 103 4 w0 r0 m0 f0 r0 p0
 77031657=14444781+37880830+27920554 i23113249 u65110632 u0 t5.589
560288 510000 103 4 w0 r0 m0 f0 r0 p0
 78691897=14755244+38702032+28518770 i23554355 u66571634 u0 t5.439
571192 520000 103 4 w0 r0 m0 f0 r0 p0
 80360592=15064921+39523583+29124866 i24001344 u68035123 u0 t5.499
582148 530000 103 4 w0 r0 m0 f0 r0 p0
 82044094=15379373+40351252+29736631 i24447914 u69516489 u0 t5.685
593039 540000 103 4 w0 r0 m0 f0 r0 p0
 83778969=15700366+41200465+30372728 i24899734 u71049741 u0 t5.566
604123 550000 103 4 w0 r0 m0 f0 r0 p0
 85301577=15986949+41941190+30932366 i25296658 u72395314 u0 t4.666
615220 560000 103 4 w0 r0 m0 f0 r0 p0
 86603175=16234528+42588345+31398769 i25645743 u73539247 u0 t3.893
626410 570000 103 4 w0 r0 m0 f0 r0 p0
 87874733=16473215+43206126+31867990 i25977087 u74662757 u0 t3.883
637646 580000 103 4 w0 r0 m0 f0 r0 p0
 89107118=16707388+43808787+32316445 i26295790 u75755889 u0 t3.787
648847 590000 103 4 w0 r0 m0 f0 r0 p0
 90412613=16951660+44441753+32801313 i26620959 u76923633 u0 t3.68
660023 600000 103 4 w0 r0 m0 f0 r0 p0
 91570950=17172097+45004553+33225573 i26915253 u77955938 u0 t3.406
671169 610000 103 4 w0 r0 m0 f0 r0 p0
 92720559=17392089+45568160+33643035 i27208751 u78980110 u0 t3.335
682330 620000 104 4 w0 r0 m0 f0 r0 p0
 93872563=17614200+46130772+34061676 i27501429 u80007396 u0 t3.327
693457 630000 104 4 w0 r0 m0 f0 r0 p0
 95117609=17848307+46742027+34515831 i27814270 u81119688 u0 t3.52
704731 640000 104 4 w0 r0 m0 f0 r0 p0
 96356521=18079814+47339736+34977384 i28121166 u82229506 u0 t3.421
715916 650000 104 4 w0 r0 m0 f0 r0 p0
 97508742=18300176+47903789+35395975 i28406351 u83265050 u0 t3.277
727122 660000 104 4 w0 r0 m0 f0 r0 p0
 98740979=18534472+48502649+35847850 i28710581 u84371797 u0 t3.472
738273 670000 104 4 w0 r0 m0 f0 r0 p0
 99944384=18763831+49088470+36288017 i29009102 u85452209 u0 t3.335
749495 680000 104 4 w0 r0 m0 f0 r0 p0
 101110633=18988146+49655129+36713799 i29295687 u86502085 u0 t3.198
760693 690000 104 4 w0 r0 m0 f0 r0 p0
 102322772=19218634+50241042+37161215 i29597606 u87587705 u0 t3.322
771972 700000 104 4 w0 r0 m0 f0 r0 p0
 103533405=19447840+50827756+37607308 i29897320 u88674141 u0 t3.293
783287 710000 104 4 w0 r0 m0 f0 r0 p0
 104707169=19672297+51400620+38034532 i30187981 u89728387 u0 t3.208
794503 720000 104 4 w0 r0 m0 f0 r0 p0
 105884077=19899080+51986529+38454138 i30484393 u90782935 u0 t3.147
805629 730000 104 4 w0 r0 m0 f0 r0 p0
 107102606=20129008+52567936+38912857 i30784785 u91875300 u0 t3.27
816809 740000 104 4 w0 r0 m0 f0 r0 p0
 108260442=20346670+53116721+39353020 i31063829 u92918091 u0 t3.054
Idx1+ lookups: 0 0 16907687 
Idx1+ positiv: 0 0 2659634 
Idx1+ found  : 0 0 2587813 
OL: 0 434186887 435778551 
CL: 0 434186887 383620589 
OC: 0 16907688 16900026 
CC: 0 16907688 14312213 
TotOL: 869965438, TotCL: 817807476, TotOC: 33807714, TotCC: 31219901
827890 750000 70 3 w0 r0 m0 f0 r0 p0
 109450263=20570289+53679196+39809019 i31352981 u93987172 u0 t31.564
839058 760000 89 3 w0 r0 m0 f0 r0 p0
 110562747=20782639+54214127+40221777 i31620192 u94993205 u0 t9.188
850231 770000 89 3 w0 r0 m0 f0 r0 p0
 111752686=21007204+54789950+40662024 i31911832 u96063102 u0 t8.48
861324 780000 89 3 w0 r0 m0 f0 r0 p0
 112864986=21220423+55328425+41070963 i32186742 u97061835 u0 t7.343
872344 790000 89 4 w0 r0 m0 f0 r0 p0
 114010109=21439524+55879572+41494848 i32459515 u98100041 u0 t7.151
883522 800000 89 4 w0 r0 m0 f0 r0 p0
 115161048=21660061+56435512+41919053 i32734766 u99142592 u0 t6.902
894714 810000 89 4 w0 r0 m0 f0 r0 p0
 116268533=21873210+56964926+42332738 i33003900 u100140572 u0 t6.322
905844 820000 89 4 w0 r0 m0 f0 r0 p0
 117391478=22087870+57507981+42746335 i33271939 u101158006 u0 t6.237
916882 830000 89 4 w0 r0 m0 f0 r0 p0
 118666012=22330007+58123971+43219027 i33587547 u102300671 u0 t6.739
927964 840000 89 4 w0 r0 m0 f0 r0 p0
 119859814=22558740+58706062+43653178 i33882590 u103373769 u0 t6.317
939033 850000 89 4 w0 r0 m0 f0 r0 p0
 121120097=22797057+59316939+44117540 i34192756 u104506318 u0 t6.557
950128 860000 89 4 w0 r0 m0 f0 r0 p0
 122354161=23032142+59920770+44564945 i34498917 u105614132 u0 t6.22
961260 870000 89 4 w0 r0 m0 f0 r0 p0
 123573714=23265156+60513662+45010532 i34798097 u106711505 u0 t6
972424 880000 89 4 w0 r0 m0 f0 r0 p0
 124788336=23496396+61098156+45461081 i35096160 u107803055 u0 t6.133
983571 890000 89 4 w0 r0 m0 f0 r0 p0
 125999548=23725782+61687928+45904551 i35396104 u108889760 u0 t5.873
994789 900000 89 4 w0 r0 m0 f0 r0 p0
 127172823=23948729+62252858+46339682 i35679752 u109948751 u0 t5.388
1005944 910000 89 4 w0 r0 m0 f0 r0 p0
 128418184=24183935+62848114+46805458 i35967836 u111084340 u0 t5.361
1017100 920000 89 4 w0 r0 m0 f0 r0 p0
 129545948=24400080+63392506+47221135 i36239862 u112103726 u0 t5.005
1028294 930000 89 4 w0 r0 m0 f0 r0 p0
 130643767=24609789+63922720+47625923 i36504981 u113095397 u0 t4.835
1039422 940000 89 4 w0 r0 m0 f0 r0 p0
 131802756=24830099+64485884+48050761 i36784916 u114142665 u0 t5.05
1050473 950000 89 4 w0 r0 m0 f0 r0 p0
 132969366=25052197+65053534+48476717 i37064028 u115199603 u0 t4.935
1061568 960000 89 4 w0 r0 m0 f0 r0 p0
 134157706=25282050+65633678+48906915 i37340582 u116285860 u0 t4.952
1072599 970000 89 4 w0 r0 m0 f0 r0 p0
 135407467=25517546+66234964+49372288 i37632577 u117423128 u0 t5.123
1083733 980000 89 4 w0 r0 m0 f0 r0 p0
 136514372=25732860+66779076+49768190 i37896973 u118428714 u0 t4.557
1094785 990000 89 4 w0 r0 m0 f0 r0 p0
 137634416=25949068+67323878+50175892 i38165855 u119443515 u0 t4.603
1105876 1000000 89 4 w0 r0 m0 f0 r0 p0
 138781015=26169464+67886377+50589434 i38439704 u120484696 u0 t4.757
1117034 1010000 89 4 w0 r0 m0 f0 r0 p0
 139902328=26386172+68433488+50996382 i38709598 u121499844 u0 t4.729
1128112 1020000 89 4 w0 r0 m0 f0 r0 p0
 141036705=26605393+68991950+51402445 i38983317 u122527642 u0 t4.583
1139060 1030000 89 4 w0 r0 m0 f0 r0 p0
 142284153=26846201+69605267+51850081 i39289013 u123652627 u0 t5.007
1150007 1040000 89 4 w0 r0 m0 f0 r0 p0
 143675917=27111664+70284235+52356962 i39628114 u124907311 u0 t5.514
1160894 1050000 89 4 w0 r0 m0 f0 r0 p0
 145112849=27383007+70990985+52876373 i39982857 u126199024 u0 t5.677
1171814 1060000 89 4 w0 r0 m0 f0 r0 p0
 146493466=27645470+71670517+53373699 i40324150 u127439984 u0 t5.556
1182789 1070000 89 4 w0 r0 m0 f0 r0 p0
 147885946=27910737+72358778+53871861 i40668143 u128692797 u0 t5.487
1193726 1080000 89 4 w0 r0 m0 f0 r0 p0
 149248573=28170852+73028966+54362303 i41002305 u129920489 u0 t5.377
1204582 1090000 89 4 w0 r0 m0 f0 r0 p0
 150675635=28443408+73739146+54868607 i41358116 u131201909 u0 t5.458
1215452 1100000 89 4 w0 r0 m0 f0 r0 p0
 152122476=28719425+74451995+55388560 i41709898 u132508071 u0 t5.446
1226363 1110000 89 4 w0 r0 m0 f0 r0 p0
 153617858=29001917+75190527+55926027 i42075957 u133856171 u0 t5.611
1237247 1120000 89 4 w0 r0 m0 f0 r0 p0
 155054261=29275805+75901339+56439032 i42426773 u135152278 u0 t5.273
1248176 1130000 89 4 w0 r0 m0 f0 r0 p0
 156519680=29555003+76624493+56964331 i42785721 u136473318 u0 t5.374
1259068 1140000 89 4 w0 r0 m0 f0 r0 p0
 157977948=29830686+77346072+57486978 i43143837 u137786721 u0 t5.304
1269968 1150000 89 4 w0 r0 m0 f0 r0 p0
 159450172=30110531+78082271+58007477 i43509450 u139110160 u0 t5.337
1280888 1160000 89 4 w0 r0 m0 f0 r0 p0
 160907827=30387286+78807042+58526230 i43872376 u140418838 u0 t5.255
1291754 1170000 89 4 w0 r0 m0 f0 r0 p0
 162377563=30666293+79535830+59050443 i44234308 u141742467 u0 t5.266
Shrinking dfos.ix1.1
