Csz: 16, pgsz: 4096
10988 10000 1501663=280564+736534+546799 732629 11543895 9.32677
22023 20000 2969833=556529+1459387+1077009 1316180 21605672 10.4195
33024 30000 4455111=837101+2191661+1611754 1877017 31525463 11.8539
44043 40000 6020851=1126445+2951279+2192551 2436084 41547497 12.6964
55121 50000 7456147=1398962+3658349+2709577 2939468 50664844 12.2021
66115 60000 8880851=1666179+4350823+3234648 3419104 59428450 12.3135
77117 70000 10321935=1938435+5065049+3750268 3906266 68364852 13.5836
88102 80000 11700254=2200704+5742595+4246944 4363213 76766243 13.0172
99095 90000 13136962=2468232+6447219+4770729 4834869 85458794 12.5732
110113 100000 14567887=2739132+7154639+5283726 5290840 93987869 12.7902
121109 110000 15979341=3006343+7853621+5788507 5744072 102460299 13.4777
132028 120000 17529576=3286631+8592403+6381321 6202530 111093727 14.5019
142990 130000 18983246=3562515+9313266+6900099 6652150 119602915 14.4052
153925 140000 20471021=3841520+10053635+7429782 7107103 128240039 15.742
164855 150000 21979188=4125986+10799401+7971072 7567835 137004718 16.6386
175812 160000 23581702=4417062+11563939+8582289 8035915 145919156 14.0367
186797 170000 25057302=4694184+12294315+9112151 8483630 154453053 13.3101
197847 180000 26591014=4977448+13039031+9681211 8936396 163109394 14.7436
208776 190000 28103392=5261528+13786971+10225271 9389016 171760358 14.6679
219728 200000 29608450=5546129+14533215+10762856 9830477 180266986 15.0501
230584 210000 31172079=5839074+15306099+11325356 10287305 189054973 16.5404
241548 220000 32679763=6122575+16050615+11868600 10728860 197558344 16.8816
252514 230000 34277699=6416178+16828359+12459598 11188994 206423300 14.8935
263483 240000 35775557=6699007+17569616+12996180 11625823 214839142 13.4921
274496 250000 37306382=6986514+18328557+13544391 12066772 223432982 14.8817
285461 260000 38798460=7268992+19071624+14074163 12494982 231764789 14.8108
296415 270000 40286808=7549046+19806127+14610350 12922085 240045060 14.9008
307437 280000 41792998=7832777+20553957+15148521 13350292 248384698 15.8941
318462 290000 43396945=8135807+21348388+15722664 13806455 257240696 17.8979
329483 300000 45023838=8442695+22162598+16297392 14273166 266366544 15.8903
340525 310000 46611522=8738490+22941883+16875435 14719085 275018390 14.0293
351480 320000 48197495=9039364+23732513+17435864 15165470 283676419 15.349
362496 330000 49733153=9330690+24494894+17981449 15594735 292042670 15.0061
373551 340000 51290525=9626489+25266085+18538210 16032087 300543953 15.7572
384689 350000 52864093=9922506+26034770+19112787 16473288 309152854 17.1477
395874 360000 54482814=10222227+26820615+19712099 16929367 318034561 18.3975
406862 370000 56129529=10531411+27615260+20322783 17391147 327009160 27.6503
417894 380000 57712939=10827913+28389797+20900694 17836066 335671089 14.8478
428912 390000 59270425=11119317+29151504+21469881 18270779 344161393 15.5266
439874 400000 60804875=11404852+29899292+22034731 18692192 352368883 14.9168
450859 410000 62351122=11693776+30659561+22596197 19124555 360791583 15.7253
461847 420000 63850824=11975377+31395903+23140104 19539607 368888412 16.5317
472807 430000 65444263=12275975+32177959+23717696 19976861 377455004 33.3173
483790 440000 67052753=12576164+32971980+24298942 20419610 386160113 18.1949
494708 450000 68705880=12884577+33787893+24895987 20868524 395040197 15.8489
505590 460000 70357917=13192981+34603737+25491973 21317713 403935647 16.1359
516566 470000 71996869=13498910+35407294+26089306 21757299 412677761 16.1339
527520 480000 73651210=13807158+36223256+26687956 22205092 421528300 17.2748
538466 490000 75328397=14119122+37045202+27301246 22656912 430436577 18.8501
549399 500000 77031657=14444781+37880830+27920554 23113249 439441205 30.7278
560288 510000 78691897=14755244+38702032+28518770 23554355 448199696 15.7591
571192 520000 80360592=15064921+39523583+29124866 24001344 457112525 16.2376
582148 530000 82044094=15379373+40351252+29736631 24447914 466002807 16.4651
593039 540000 83778969=15700366+41200465+30372728 24899734 475065661 17.9051
604123 550000 85301577=15986949+41941190+30932366 25296658 482910649 16.846
615220 560000 86603175=16234528+42588345+31398769 25645743 489648701 22.497
626410 570000 87874733=16473215+43206126+31867990 25977087 496163655 34.6212
637646 580000 89107118=16707388+43808787+32316445 26295790 502422779 18.1869
648847 590000 90412613=16951660+44441753+32801313 26620959 508745964 12.7884
660023 600000 91570950=17172097+45004553+33225573 26915253 514531736 11.9849
671169 610000 92720559=17392089+45568160+33643035 27208751 520300290 11.267
682330 620000 93872563=17614200+46130772+34061676 27501429 526016615 11.6049
693457 630000 95117609=17848307+46742027+34515831 27814270 532132649 12.906
704731 640000 96356521=18079814+47339736+34977384 28121166 538208328 13.5082
715916 650000 97508742=18300176+47903789+35395975 28406351 543834815 22.0345
727122 660000 98740979=18534472+48502649+35847850 28710581 549855138 20.8869
738273 670000 99944384=18763831+49088470+36288017 29009102 555751325 11.9247
749495 680000 101110633=18988146+49655129+36713799 29295687 561377222 11.6427
760693 690000 102322772=19218634+50241042+37161215 29597606 567321543 12.2911
771972 700000 103533405=19447840+50827756+37607308 29897320 573282257 12.0876
783287 710000 104707169=19672297+51400620+38034532 30187981 579020364 12.1585
794503 720000 105884077=19899080+51986529+38454138 30484393 584793941 12.758
805629 730000 107102606=20129008+52567936+38912857 30784785 590708486 13.596
816809 740000 108260442=20346670+53116721+39353020 31063829 596202957 24.1385
827890 750000 109450263=20570289+53679196+39809019 31352981 601790678 25.7877
839058 760000 110562747=20782639+54214127+40221777 31620192 607069711 11.8433
850231 770000 111752686=21007204+54789950+40662024 31911832 612817632 12.0658
861324 780000 112864986=21220423+55328425+41070963 32186742 618200434 13.7557
872344 790000 114010109=21439524+55879572+41494848 32459515 623609187 11.2783
883522 800000 115161048=21660061+56435512+41919053 32734766 629067257 11.719
894714 810000 116268533=21873210+56964926+42332738 33003900 634404067 11.7047
905844 820000 117391478=22087870+57507981+42746335 33271939 639733097 12.3254
916882 830000 118666012=22330007+58123971+43219027 33587547 645891933 14.7476
927964 840000 119859814=22558740+58706062+43653178 33882590 651711754 21.4816
939033 850000 121120097=22797057+59316939+44117540 34192756 657892158 17.532
950128 860000 122354161=23032142+59920770+44564945 34498917 663986621 12.9427
961260 870000 123573714=23265156+60513662+45010532 34798097 669905640 12.9441
972424 880000 124788336=23496396+61098156+45461081 35096160 675790959 12.3074
983571 890000 125999548=23725782+61687928+45904551 35396104 681749039 12.542
994789 900000 127172823=23948729+62252858+46339682 35679752 687387343 12.7538
1005944 910000 128418184=24183935+62848114+46805458 35967836 693079842 13.9512
1017100 920000 129545948=24400080+63392506+47221135 36239862 698445938 37.8904
1028294 930000 130643767=24609789+63922720+47625923 36504981 703675500 24.6718
1039422 940000 131802756=24830099+64485884+48050761 36784916 709234703 15.4714
1050473 950000 132969366=25052197+65053534+48476717 37064028 714790142 12.7081
1061568 960000 134157706=25282050+65633678+48906915 37340582 720258575 12.9117
1072599 970000 135407467=25517546+66234964+49372288 37632577 726065494 12.617
1083733 980000 136514372=25732860+66779076+49768190 37896973 731297712 11.6892
1094785 990000 137634416=25949068+67323878+50175892 38165855 736629552 12.2298
1105876 1000000 138781015=26169464+67886377+50589434 38439704 742107646 13.2285
1117034 1010000 139902328=26386172+68433488+50996382 38709598 747471995 13.1768
1128112 1020000 141036705=26605393+68991950+51402445 38983317 752908183 16.3554
1139060 1030000 142284153=26846201+69605267+51850081 39289013 758999691 14.3726
1150007 1040000 143675917=27111664+70284235+52356962 39628114 765804967 14.533
1160894 1050000 145112849=27383007+70990985+52876373 39982857 772936140 15.1786
1171814 1060000 146493466=27645470+71670517+53373699 40324150 779789688 14.6676
1182789 1070000 147885946=27910737+72358778+53871861 40668143 786694607 15.1716
1193726 1080000 149248573=28170852+73028966+54362303 41002305 793398207 15.8283
1204582 1090000 150675635=28443408+73739146+54868607 41358116 800511871 32.8451
1215452 1100000 152122476=28719425+74451995+55388560 41709898 807583042 55.2489
1226363 1110000 153617858=29001917+75190527+55926027 42075957 814970188 19.4809
1237247 1120000 155054261=29275805+75901339+56439032 42426773 822009416 15.8747
1248176 1130000 156519680=29555003+76624493+56964331 42785721 829215191 15.8329
1259068 1140000 157977948=29830686+77346072+57486978 43143837 836467196 15.7609
1269968 1150000 159450172=30110531+78082271+58007477 43509450 843767037 16.8794
1280888 1160000 160907827=30387286+78807042+58526230 43872376 851052675 17.7754
1291754 1170000 162377563=30666293+79535830+59050443 44234308 858333683 43.3242
1302652 1180000 163860539=30948696+80270902+59578840 44594235 865601191 19.9432
1313613 1190000 165342572=31230146+81006856+60107044 44959732 872945590 16.7053
1324596 1200000 166825257=31511423+81745045+60633294 45321678 880273118 16.2753
1335456 1210000 168344658=31799164+82499352+61175129 45695473 887810505 16.8574
1346441 1220000 169903116=32093687+83267629+61736463 46069571 895401121 17.9189
1357399 1230000 171459885=32386736+84039990+62292707 46446578 903044027 19.4069
1368385 1240000 173068172=32689518+84834892+62871465 46833304 910909387 59.1742
1379469 1250000 174698505=32994406+85643477+63455849 47230695 919005014 25.1449
1390543 1260000 176336577=33299469+86446427+64054269 47623979 926997747 19.5558
1401635 1270000 177964524=33605748+87254333+64636272 48023094 935107721 17.8028
1412662 1280000 179568697=33910264+88055050+65203459 48414730 943054594 17.7908
1423732 1290000 181168959=34210477+88845071+65780281 48803701 950976919 18.9323
1434749 1300000 182828415=34519798+89661203+66382737 49206800 959191128 30.3917
1445738 1310000 184513810=34836400+90488851+66994851 49619977 967529481 36.7791
1456743 1320000 186190777=35151296+91313453+67602831 50028236 975791584 20.1735
1467716 1330000 187946945=35480337+92177165+68239998 50452742 984421833 19.6446
1478847 1340000 189697299=35804419+93033522+68881740 50879599 993093437 19.3825
1489858 1350000 191414728=36125132+93880640+69503264 51304578 1001659633 20.1677
Total lines processed: 1357447
1341355
719395
OUBLK INBLK
    -     -
rchar: 177479558859
wchar: 8854042384
syscr: 45652146
syscw: 9128
read_bytes: 7038976000
write_bytes: 8855793664
cancelled_write_bytes: 67035136
13746576
17296472
Csz: 16, pgsz: 4096
10988 10000 1501663=280564+736534+546799 732629 11543895 9.00357
22023 20000 2969833=556529+1459387+1077009 1316180 21605672 9.78942
33024 30000 4455111=837101+2191661+1611754 1877017 31525463 11.0221
Total lines processed: 30180
30825
16843
OUBLK INBLK
    -     -
rchar: 135165955
wchar: 33584587
syscr: 685
syscw: 84
read_bytes: 136392704
write_bytes: 33628160
cancelled_write_bytes: 0
266392
65680
Csz: 16, pgsz: 4096
10988 10000 1501663=280564+736534+546799 0 0 11.768
22023 20000 2969833=556529+1459387+1077009 0 0 12.1281
33024 30000 4455111=837101+2191661+1611754 0 0 13.7398
Total lines processed: 30583
62105
33926
OUBLK INBLK
    -     -
rchar: 2205225063
wchar: 34064148
syscr: 508603
syscw: 84
read_bytes: 45056
write_bytes: 34103296
cancelled_write_bytes: 0
88
66608
Csz: 16, pgsz: 4096
10988 10000 1501663=280564+736534+546799 732629 11543895 9.33307
22023 20000 2969833=556529+1459387+1077009 1316180 21605672 10.226
33024 30000 4455111=837101+2191661+1611754 1877017 31525463 11.3504
44043 40000 6020851=1126445+2951279+2192551 2436084 41547497 12.3111
55121 50000 7456147=1398962+3658349+2709577 2939468 50664844 12.4837
66115 60000 8880851=1666179+4350823+3234648 3419104 59428450 12.488
77117 70000 10321935=1938435+5065049+3750268 3906266 68364852 13.3781
88102 80000 11700254=2200704+5742595+4246944 4363213 76766243 12.7889
99095 90000 13136962=2468232+6447219+4770729 4834869 85458794 12.2737
110113 100000 14567887=2739132+7154639+5283726 5290840 93987869 12.7288
121109 110000 15979341=3006343+7853621+5788507 5744072 102460299 13.3735
132028 120000 17529576=3286631+8592403+6381321 6202530 111093727 14.483
142990 130000 18983246=3562515+9313266+6900099 6652150 119602915 14.3036
153925 140000 20471021=3841520+10053635+7429782 7107103 128240039 15.5616
164855 150000 21979188=4125986+10799401+7971072 7567835 137004718 17.7683
175812 160000 23581702=4417062+11563939+8582289 8035915 145919156 14.7189
186797 170000 25057302=4694184+12294315+9112151 8483630 154453053 12.9887
197847 180000 26591014=4977448+13039031+9681211 8936396 163109394 14.6971
208776 190000 28103392=5261528+13786971+10225271 9389016 171760358 14.6252
219728 200000 29608450=5546129+14533215+10762856 9830477 180266986 14.9338
230584 210000 31172079=5839074+15306099+11325356 10287305 189054973 16.124
241548 220000 32679763=6122575+16050615+11868600 10728860 197558344 22.3394
252514 230000 34277699=6416178+16828359+12459598 11188994 206423300 22.0607
263483 240000 35775557=6699007+17569616+12996180 11625823 214839142 13.5097
274496 250000 37306382=6986514+18328557+13544391 12066772 223432982 14.9736
285461 260000 38798460=7268992+19071624+14074163 12494982 231764789 14.6755
296415 270000 40286808=7549046+19806127+14610350 12922085 240045060 14.8493
307437 280000 41792998=7832777+20553957+15148521 13350292 248384698 15.6611
318462 290000 43396945=8135807+21348388+15722664 13806455 257240696 26.6612
329483 300000 45023838=8442695+22162598+16297392 14273166 266366544 21.1762
340525 310000 46611522=8738490+22941883+16875435 14719085 275018390 14.054
351480 320000 48197495=9039364+23732513+17435864 15165470 283676419 15.0379
362496 330000 49733153=9330690+24494894+17981449 15594735 292042670 16.0959
373551 340000 51290525=9626489+25266085+18538210 16032087 300543953 15.7532
384689 350000 52864093=9922506+26034770+19112787 16473288 309152854 16.8364
395874 360000 54482814=10222227+26820615+19712099 16929367 318034561 29.3949
406862 370000 56129529=10531411+27615260+20322783 17391147 327009160 17.1258
417894 380000 57712939=10827913+28389797+20900694 17836066 335671089 14.83
428912 390000 59270425=11119317+29151504+21469881 18270779 344161393 15.9054
439874 400000 60804875=11404852+29899292+22034731 18692192 352368883 15.1007
450859 410000 62351122=11693776+30659561+22596197 19124555 360791583 15.7281
461847 420000 63850824=11975377+31395903+23140104 19539607 368888412 16.1311
472807 430000 65444263=12275975+32177959+23717696 19976861 377455004 29.7785
483790 440000 67052753=12576164+32971980+24298942 20419610 386160113 18.7037
494708 450000 68705880=12884577+33787893+24895987 20868524 395040197 15.4462
505590 460000 70357917=13192981+34603737+25491973 21317713 403935647 16.474
516566 470000 71996869=13498910+35407294+26089306 21757299 412677761 16.1911
527520 480000 73651210=13807158+36223256+26687956 22205092 421528300 17.16
538466 490000 75328397=14119122+37045202+27301246 22656912 430436577 18.4308
549399 500000 77031657=14444781+37880830+27920554 23113249 439441205 35.1113
560288 510000 78691897=14755244+38702032+28518770 23554355 448199696 15.4878
571192 520000 80360592=15064921+39523583+29124866 24001344 457112525 16.3863
582148 530000 82044094=15379373+40351252+29736631 24447914 466002807 16.3828
593039 540000 83778969=15700366+41200465+30372728 24899734 475065661 17.479
604123 550000 85301577=15986949+41941190+30932366 25296658 482910649 16.5256
615220 560000 86603175=16234528+42588345+31398769 25645743 489648701 26.1944
626410 570000 87874733=16473215+43206126+31867990 25977087 496163655 21.6534
637646 580000 89107118=16707388+43808787+32316445 26295790 502422779 12.1048
648847 590000 90412613=16951660+44441753+32801313 26620959 508745964 35.149
660023 600000 91570950=17172097+45004553+33225573 26915253 514531736 19.5211
671169 610000 92720559=17392089+45568160+33643035 27208751 520300290 12.1964
682330 620000 93872563=17614200+46130772+34061676 27501429 526016615 12.0075
693457 630000 95117609=17848307+46742027+34515831 27814270 532132649 13.1156
704731 640000 96356521=18079814+47339736+34977384 28121166 538208328 13.8607
715916 650000 97508742=18300176+47903789+35395975 28406351 543834815 39.8231
727122 660000 98740979=18534472+48502649+35847850 28710581 549855138 28.3409
738273 670000 99944384=18763831+49088470+36288017 29009102 555751325 14.6268
749495 680000 101110633=18988146+49655129+36713799 29295687 561377222 11.664
760693 690000 102322772=19218634+50241042+37161215 29597606 567321543 12.1086
771972 700000 103533405=19447840+50827756+37607308 29897320 573282257 11.7601
783287 710000 104707169=19672297+51400620+38034532 30187981 579020364 11.7431
794503 720000 105884077=19899080+51986529+38454138 30484393 584793941 12.4462
805629 730000 107102606=20129008+52567936+38912857 30784785 590708486 13.6639
816809 740000 108260442=20346670+53116721+39353020 31063829 596202957 23.0611
827890 750000 109450263=20570289+53679196+39809019 31352981 601790678 38.0629
839058 760000 110562747=20782639+54214127+40221777 31620192 607069711 15.3255
850231 770000 111752686=21007204+54789950+40662024 31911832 612817632 13.5751
861324 780000 112864986=21220423+55328425+41070963 32186742 618200434 13.7764
872344 790000 114010109=21439524+55879572+41494848 32459515 623609187 11.5893
883522 800000 115161048=21660061+56435512+41919053 32734766 629067257 11.8312
894714 810000 116268533=21873210+56964926+42332738 33003900 634404067 11.722
905844 820000 117391478=22087870+57507981+42746335 33271939 639733097 12.4845
916882 830000 118666012=22330007+58123971+43219027 33587547 645891933 19.8024
927964 840000 119859814=22558740+58706062+43653178 33882590 651711754 21.6144
939033 850000 121120097=22797057+59316939+44117540 34192756 657892158 14.937
950128 860000 122354161=23032142+59920770+44564945 34498917 663986621 13.1403
961260 870000 123573714=23265156+60513662+45010532 34798097 669905640 13.007
972424 880000 124788336=23496396+61098156+45461081 35096160 675790959 12.6171
983571 890000 125999548=23725782+61687928+45904551 35396104 681749039 13.1088
994789 900000 127172823=23948729+62252858+46339682 35679752 687387343 13.1902
1005944 910000 128418184=24183935+62848114+46805458 35967836 693079842 17.972
1017100 920000 129545948=24400080+63392506+47221135 36239862 698445938 49.1879
1028294 930000 130643767=24609789+63922720+47625923 36504981 703675500 29.2622
1039422 940000 131802756=24830099+64485884+48050761 36784916 709234703 14.8088
1050473 950000 132969366=25052197+65053534+48476717 37064028 714790142 12.7039
1061568 960000 134157706=25282050+65633678+48906915 37340582 720258575 12.6019
1072599 970000 135407467=25517546+66234964+49372288 37632577 726065494 12.7148
1083733 980000 136514372=25732860+66779076+49768190 37896973 731297712 11.7935
1094785 990000 137634416=25949068+67323878+50175892 38165855 736629552 12.3557
1105876 1000000 138781015=26169464+67886377+50589434 38439704 742107646 13.0783
1117034 1010000 139902328=26386172+68433488+50996382 38709598 747471995 13.1638
1128112 1020000 141036705=26605393+68991950+51402445 38983317 752908183 16.9481
1139060 1030000 142284153=26846201+69605267+51850081 39289013 758999691 15.0146
1150007 1040000 143675917=27111664+70284235+52356962 39628114 765804967 14.9327
1160894 1050000 145112849=27383007+70990985+52876373 39982857 772936140 15.6391
1171814 1060000 146493466=27645470+71670517+53373699 40324150 779789688 15.1259
1182789 1070000 147885946=27910737+72358778+53871861 40668143 786694607 16.0631
1193726 1080000 149248573=28170852+73028966+54362303 41002305 793398207 16.2049
1204582 1090000 150675635=28443408+73739146+54868607 41358116 800511871 23.5018
1215452 1100000 152122476=28719425+74451995+55388560 41709898 807583042 61.37
1226363 1110000 153617858=29001917+75190527+55926027 42075957 814970188 19.8914
1237247 1120000 155054261=29275805+75901339+56439032 42426773 822009416 17.3448
1248176 1130000 156519680=29555003+76624493+56964331 42785721 829215191 31.0607
1259068 1140000 157977948=29830686+77346072+57486978 43143837 836467196 21.334
1269968 1150000 159450172=30110531+78082271+58007477 43509450 843767037 21.1545
1280888 1160000 160907827=30387286+78807042+58526230 43872376 851052675 18.7653
1291754 1170000 162377563=30666293+79535830+59050443 44234308 858333683 33.0074
1302652 1180000 163860539=30948696+80270902+59578840 44594235 865601191 17.1419
1313613 1190000 165342572=31230146+81006856+60107044 44959732 872945590 17.2057
1324596 1200000 166825257=31511423+81745045+60633294 45321678 880273118 16.8561
1335456 1210000 168344658=31799164+82499352+61175129 45695473 887810505 17.5378
1346441 1220000 169903116=32093687+83267629+61736463 46069571 895401121 18.7928
1357399 1230000 171459885=32386736+84039990+62292707 46446578 903044027 21.5216
1368385 1240000 173068172=32689518+84834892+62871465 46833304 910909387 39.4142
1379469 1250000 174698505=32994406+85643477+63455849 47230695 919005014 22.8066
1390543 1260000 176336577=33299469+86446427+64054269 47623979 926997747 19.4049
1401635 1270000 177964524=33605748+87254333+64636272 48023094 935107721 19.0148
1412662 1280000 179568697=33910264+88055050+65203459 48414730 943054594 19.2879
1423732 1290000 181168959=34210477+88845071+65780281 48803701 950976919 20.7368
1434749 1300000 182828415=34519798+89661203+66382737 49206800 959191128 22.6024
1445738 1310000 184513810=34836400+90488851+66994851 49619977 967529481 32.3101
1456743 1320000 186190777=35151296+91313453+67602831 50028236 975791584 19.2666
1467716 1330000 187946945=35480337+92177165+68239998 50452742 984421833 19.8252
1478847 1340000 189697299=35804419+93033522+68881740 50879599 993093437 22.0999
1489858 1350000 191414728=36125132+93880640+69503264 51304578 1001659633 21.8434
1500812 1360000 193066497=36431463+94688311+70109152 51712637 1009862077 28.8366
1511816 1370000 194750555=36746208+95519892+70716925 52120560 1018135555 47.0988
1522795 1380000 196383374=37050140+96326851+71306199 52520689 1026211194 20.5116
1533703 1390000 198040225=37358448+97143117+71907133 52930020 1034430404 22.7318
1544569 1400000 199683285=37667316+97956179+72496990 53328722 1042518034 19.8624
1555499 1410000 201439474=37995459+98821930+73132258 53752784 1051167930 21.5232
1566395 1420000 203165083=38317565+99678555+73751000 54169463 1059693008 22.5568
1577238 1430000 204894416=38640361+100537132+74371288 54592106 1068270122 35.198
1588118 1440000 206627102=38964282+101395438+74993454 55013351 1076849061 22.2619
1598949 1450000 208394406=39292777+102268869+75631799 55438725 1085551708 22.1772
1609797 1460000 210170319=39622403+103146362+76274190 55865198 1094277304 22.0496
1620630 1470000 211921170=39952135+104017109+76898673 56281940 1102800337 21.8401
1631477 1480000 213670627=40279217+104881983+77529055 56703093 1111389729 30.4819
1642373 1490000 215467929=40615467+105772455+78174765 57130423 1120135245 68.2788
1653233 1500000 217268084=40950561+106663886+78823410 57559234 1128919416 23.6892
1664130 1510000 219046446=41280963+107539800+79469044 57979414 1137532452 26.5552
1675034 1520000 220835404=41612975+108422057+80117534 58403564 1146223766 22.2996
1685958 1530000 222654573=41950493+109317901+80778379 58831532 1155046688 23.1313
1696847 1540000 224442361=42281602+110193885+81432689 59253839 1163715634 28.0248
1707676 1550000 226272742=42619605+111095368+82098625 59687831 1172629652 46.7428
1718573 1560000 228104597=42957580+111994802+82768470 60119120 1181522909 25.1926
1729487 1570000 229880904=43285461+112866746+83417917 60535141 1190090153 22.2395
1740347 1580000 231680629=43618172+113748000+84077370 60957435 1198789806 21.9428
1751207 1590000 233507773=43956640+114647778+84741743 61386971 1207618332 23.5112
1762023 1600000 235283992=44287479+115526027+85382484 61804603 1216166786 24.4871
1772878 1610000 237058062=44615710+116394367+86032989 62221538 1224731554 58.8111
1783723 1620000 238817123=44942446+117265322+86667096 62634279 1233236437 23.1963
1794607 1630000 240593085=45270791+118136276+87316392 63050348 1241815272 21.7272
1805498 1640000 242382851=45602364+119021975+87963254 63469245 1250454062 21.9198
1816421 1650000 244178822=45933915+119909627+88614033 63894187 1259172770 23.0219
1827273 1660000 245982710=46268214+120794044+89273491 64317518 1267840257 26.947
1838160 1670000 247787451=46603036+121681664+89930178 64744095 1276604218 67.2224
1849005 1680000 249559255=46929845+122549529+90579632 65155713 1285117181 23.1828
1859879 1690000 251260145=47246311+123393055+91190935 65554463 1293329427 21.4754
1870739 1700000 253019866=47573526+124267404+91822433 65965082 1301784172 21.654
1881698 1710000 254708896=47889282+125101992+92431807 66357118 1309802787 21.8926
1892578 1720000 256422005=48209762+125948816+93049301 66754510 1317942272 44.7664
1903425 1730000 258151069=48531128+126803006+93675093 67155597 1326213815 48.3281
1914319 1740000 259943293=48864688+127681881+94330331 67569960 1334721795 23.2644
1925121 1750000 261669165=49186851+128536860+94951071 67971520 1342988742 21.921
1936035 1760000 263458272=49520220+129423171+95595224 68393201 1351619612 22.324
1946942 1770000 265176789=49839955+130265313+96222788 68783714 1359696020 22.3316
1957829 1780000 266880264=50159017+131109725+96834255 69177597 1367826830 39.27
1968722 1790000 268620330=50482904+131964281+97468130 69581489 1376158366 47.9891
1979581 1800000 270290901=50794936+132785153+98075566 69970317 1384122300 24.667
1990482 1810000 271956658=51106210+133601567+98683140 70349641 1391953591 21.5489
2001382 1820000 273619806=51416038+134416362+99290731 70737453 1399884141 20.7937
2012247 1830000 275314039=51732959+135250341+99905069 71125264 1407851418 21.6935
2023129 1840000 276988681=52045651+136073996+100513202 71509557 1415747937 22.5362
2034053 1850000 278712839=52368393+136923507+101136969 71903598 1423884065 35.7074
2044917 1860000 280377963=52680583+137747044+101736334 72282457 1431702485 23.7305
2055814 1870000 282051802=52992861+138572889+102341908 72675172 1439734202 21.2305
2066728 1880000 283706575=53302261+139390750+102938592 73052613 1447547852 20.6115
2077660 1890000 285366456=53613913+140212111+103535051 73432074 1455375918 21.1857
2088614 1900000 287041683=53926943+141034038+104145361 73817355 1463279117 22.4465
2099586 1910000 288744872=54243674+141871300+104765300 74204156 1471268465 83.1012
2110524 1920000 290369429=54549228+142670505+105353600 74573775 1478901263 28.4865
2121483 1930000 292052012=54864406+143501540+105960075 74961801 1486894857 23.5008
2132440 1940000 293694209=55170737+144308922+106557063 75338238 1494633194 22.8854
2143340 1950000 295367367=55483485+145131769+107164705 75720385 1502519237 21.015
2154286 1960000 296988492=55788240+145928869+107751862 76087692 1510087358 21.4428
2165157 1970000 298540929=56079143+146690357+108316845 76438378 1517296249 44.6238
2176142 1980000 300107779=56372925+147461885+108884153 76793491 1524614769 51.1001
2187090 1990000 301747104=56679040+148271317+109476291 77171753 1532384254 22.6272
2198031 2000000 303313534=56973518+149044964+110040236 77529368 1539754046 20.2726
2208970 2010000 304880489=57266755+149814873+110609645 77881008 1547035224 19.4947
2219875 2020000 306462247=57567650+150599483+111174164 78238641 1554423140 20.1585
2230717 2030000 307973208=57852647+151350438+111712938 78578601 1561455572 20.4148
2241553 2040000 309500999=58140654+152109616+112258442 78928211 1568665549 57.6456
2252478 2050000 311045082=58431999+152874154+112812027 79281285 1575926848 36.0044
2263400 2060000 312587791=58722721+153634268+113368895 79629608 1583093051 21.0928
2274335 2070000 314133465=59013694+154399081+113923838 79976850 1590254976 19.9828
2285238 2080000 315607372=59292392+155123819+114456386 80305941 1597020245 19.282
2296195 2090000 317129293=59581750+155878650+114998713 80644366 1604031039 20.1183
2307093 2100000 318676219=59876160+156649876+115546349 80990596 1611165088 22.0158
2317991 2110000 320192634=60163687+157398333+116091417 81328289 1618144222 56.508
2328915 2120000 321667081=60444027+158131181+116615279 81658142 1624968699 27.6044
2339889 2130000 323191382=60732124+158889320+117157775 82003142 1632090145 21.6299
2350849 2140000 324694768=61015853+159638390+117692123 82339763 1639047360 19.9873
2361818 2150000 326171151=61295863+160374317+118215233 82674011 1645923620 18.774
2372703 2160000 327706821=61584829+161132257+118769022 83016015 1653012304 20.1424
2383611 2170000 329144566=61857657+161847770+119279975 83338410 1659672526 20.0892
2394538 2180000 330594834=62133525+162574001+119790006 83663618 1666393717 27.0151
2405448 2190000 332177329=62432524+163367543+120347491 84018620 1673722437 32.1222
2416385 2200000 333702627=62721355+164125446+120891346 84359672 1680768093 20.6626
2427291 2210000 335184797=63002435+164859902+121421576 84689958 1687589821 19.2742
2438224 2220000 336691739=63288111+165612753+121954248 85027411 1694563314 19.4114
2449156 2230000 338227821=63580472+166376580+122500692 85368285 1701623450 20.2813
2460085 2240000 339803532=63879850+167161588+123059107 85721928 1708902385 22.0678
2471031 2250000 341456775=64190719+167976508+123655675 86090747 1716538234 93.3757
2481891 2260000 343048425=64491447+168759476+124230873 86446301 1723845677 27.5647
2492839 2270000 344653071=64792499+169549608+124811600 86802252 1731228048 21.6678
2503770 2280000 346293048=65101839+170361430+125399635 87173024 1738874183 21.3065
2514685 2290000 347905756=65403974+171155231+125983544 87529715 1746275953 20.4802
2525687 2300000 349558235=65712870+171967848+126583155 87893155 1753843500 22.2615
2536614 2310000 351199085=66018950+172775928+127177757 88258000 1761414142 52.9302
2547690 2320000 352903067=66337286+173615552+127794626 88640495 1769335464 48.8423
2558712 2330000 354606469=66655644+174456095+128410284 89019017 1777204083 23.6393
2569709 2340000 356246694=66965337+175274605+128991581 89386712 1784817115 21.2859
2580699 2350000 357993903=67289498+176131911+129629278 89778633 1792976305 22.111
2591715 2360000 359695362=67606592+176969103+130247449 90157821 1800834236 22.6303
2602831 2370000 361461954=67935504+177839960+130887451 90555681 1809074040 48.4682
2613986 2380000 363270881=68267047+178720207+131558144 90955628 1817430689 45.8025
2624949 2390000 365086882=68600974+179606205+132227973 91368460 1825973466 28.0168
2635909 2400000 366923047=68938890+180504145+132903184 91787641 1834632551 25.0135
2646913 2410000 368677051=69262711+181360894+133548889 92187209 1842870450 22.3758
2657884 2420000 370381235=69579366+182197027+134170321 92568975 1850756546 22.8315
2668918 2430000 372076635=69893191+183024243+134793361 92950818 1858595172 40.3879
2679809 2440000 373725842=70201816+183837774+135388608 93328189 1866360087 57.8501
2690746 2450000 375397080=70512699+184665088+135990955 93705280 1874199264 23.9521
2701594 2460000 377159233=70840992+185532339+136630173 94101450 1882402119 23.1042
2712475 2470000 378870478=71159687+186381532+137244439 94485959 1890393347 22.05
2723357 2480000 380621259=71484776+187247021+137876713 94874798 1898459663 23.0153
2734166 2490000 382366369=71812903+188125826+138494854 95281463 1906695026 28.1175
2745023 2500000 384128594=72139320+188994410+139134599 95670696 1914760440 60.8945
2755880 2510000 385871344=72463106+189855265+139764508 96060878 1922875694 25.2656
2766772 2520000 387632188=72789926+190721695+140404427 96453623 1931037671 23.0773
2777605 2530000 389378277=73116036+191581230+141037247 96838816 1939087183 22.0083
2788466 2540000 391161924=73449909+192460108+141683037 97232263 1947309392 23.5747
2799329 2550000 393022585=73791979+193374918+142362800 97643805 1955947787 30.8997
2810193 2560000 394755478=74114792+194231685+142988410 98033536 1964033885 38.4495
2821115 2570000 396544518=74445209+195110000+143642050 98430183 1972306593 26.9377
2832025 2580000 398372287=74784878+196011271+144304783 98835069 1980746119 24.1737
2842894 2590000 400131939=75110841+196874364+144947988 99223276 1988831790 47.5319
2853742 2600000 401982899=75452073+197787791+145620022 99632393 1997397326 31.4011
Total lines processed: 2609348
2810792
1519280
OUBLK INBLK
    -     -
rchar: 404657873173
wchar: 22614780118
syscr: 116755163
syscw: 23126
read_bytes: 24823750656
write_bytes: 22618939392
cancelled_write_bytes: 0
48483104
44177616
