arun@arun-h110:~/git/Text_frequency_research$ tail -f logs/ubuntu/rdb_20231201_zstd_dict_4gb_noblm_nolog.log 
Csz: 16, pgsz: 4096
10988 10000 1501663=280564+736534+546799 732629 11543895 9.90956
22023 20000 2969833=556529+1459387+1077009 1316180 21605672 11.8559
33024 30000 4455111=837101+2191661+1611754 1877017 31525463 16.2888
44043 40000 6020851=1126445+2951279+2192551 2436084 41547497 19.2008
55121 50000 7456147=1398962+3658349+2709577 2939468 50664844 15.1367
66115 60000 8880851=1666179+4350823+3234648 3419104 59428450 18.0005
77117 70000 10321935=1938435+5065049+3750268 3906266 68364852 22.1467
88102 80000 11700254=2200704+5742595+4246944 4363213 76766243 19.8875
99095 90000 13136962=2468232+6447219+4770729 4834869 85458794 15.7888
110113 100000 14567887=2739132+7154639+5283726 5290840 93987869 19.0914
121109 110000 15979341=3006343+7853621+5788507 5744072 102460299 22.1874
132028 120000 17529576=3286631+8592403+6381321 6202530 111093727 19.9857
142990 130000 18983246=3562515+9313266+6900099 6652150 119602915 17.4377
153925 140000 20471021=3841520+10053635+7429782 7107103 128240039 21.1776
164855 150000 21979188=4125986+10799401+7971072 7567835 137004718 25.9018
175812 160000 23581702=4417062+11563939+8582289 8035915 145919156 17.2241
186797 170000 25057302=4694184+12294315+9112151 8483630 154453053 19.1195
197847 180000 26591014=4977448+13039031+9681211 8936396 163109394 23.4884
208776 190000 28103392=5261528+13786971+10225271 9389016 171760358 22.5202
219728 200000 29608450=5546129+14533215+10762856 9830477 180266986 17.6841
230584 210000 31172079=5839074+15306099+11325356 10287305 189054973 22.045
241548 220000 32679763=6122575+16050615+11868600 10728860 197558344 27.5043
252514 230000 34277699=6416178+16828359+12459598 11188994 206423300 18.7341
263483 240000 35775557=6699007+17569616+12996180 11625823 214839142 20.3176
274496 250000 37306382=6986514+18328557+13544391 12066772 223432982 25.42
285461 260000 38798460=7268992+19071624+14074163 12494982 231764789 27.2732
296415 270000 40286808=7549046+19806127+14610350 12922085 240045060 17.851
307437 280000 41792998=7832777+20553957+15148521 13350292 248384698 21.8671
318462 290000 43396945=8135807+21348388+15722664 13806455 257240696 31.0007
329483 300000 45023838=8442695+22162598+16297392 14273166 266366544 21.6113
340525 310000 46611522=8738490+22941883+16875435 14719085 275018390 20.6528
351480 320000 48197495=9039364+23732513+17435864 15165470 283676419 24.7305
362496 330000 49733153=9330690+24494894+17981449 15594735 292042670 26.7337
373551 340000 51290525=9626489+25266085+18538210 16032087 300543953 18.9967
384689 350000 52864093=9922506+26034770+19112787 16473288 309152854 23.434
395874 360000 54482814=10222227+26820615+19712099 16929367 318034561 32.8262
406862 370000 56129529=10531411+27615260+20322783 17391147 327009160 19.6787
417894 380000 57712939=10827913+28389797+20900694 17836066 335671089 21.9516
428912 390000 59270425=11119317+29151504+21469881 18270779 344161393 25.8908
439874 400000 60804875=11404852+29899292+22034731 18692192 352368883 29.4499
450859 410000 62351122=11693776+30659561+22596197 19124555 360791583 20.2229
461847 420000 63850824=11975377+31395903+23140104 19539607 368888412 23.2293
472807 430000 65444263=12275975+32177959+23717696 19976861 377455004 35.5577
483790 440000 67052753=12576164+32971980+24298942 20419610 386160113 19.3127
494708 450000 68705880=12884577+33787893+24895987 20868524 395040197 24.4309
505590 460000 70357917=13192981+34603737+25491973 21317713 403935647 33.9331
516566 470000 71996869=13498910+35407294+26089306 21757299 412677761 23.9299
527520 480000 73651210=13807158+36223256+26687956 22205092 421528300 22.8403
538466 490000 75328397=14119122+37045202+27301246 22656912 430436577 27.5182
549399 500000 77031657=14444781+37880830+27920554 23113249 439441205 31.6476
560288 510000 78691897=14755244+38702032+28518770 23554355 448199696 22.4986
571192 520000 80360592=15064921+39523583+29124866 24001344 457112525 26.997
582148 530000 82044094=15379373+40351252+29736631 24447914 466002807 33.2102
593039 540000 83778969=15700366+41200465+30372728 24899734 475065661 22.6685
604123 550000 85301577=15986949+41941190+30932366 25296658 482910649 23.76
615220 560000 86603175=16234528+42588345+31398769 25645743 489648701 28.5836
626410 570000 87874733=16473215+43206126+31867990 25977087 496163655 19.7108
637646 580000 89107118=16707388+43808787+32316445 26295790 502422779 16.7643
648847 590000 90412613=16951660+44441753+32801313 26620959 508745964 19.7136
660023 600000 91570950=17172097+45004553+33225573 26915253 514531736 23.8412
671169 610000 92720559=17392089+45568160+33643035 27208751 520300290 23.6343
682330 620000 93872563=17614200+46130772+34061676 27501429 526016615 14.7289
693457 630000 95117609=17848307+46742027+34515831 27814270 532132649 17.6244
Total lines processed: 634912
667101
356433
OUBLK INBLK
    -     -
rchar: 64548939982
wchar: 1800577755
syscr: 34804185
syscw: 2316
read_bytes: 1013555200
write_bytes: 1801711616
cancelled_write_bytes: 0
1974720
3518968

