Csz: 4, pgsz: 4096
10988 10000 1501663=280564+736534+546799 732629 11543895 9.93326
22023 20000 2969833=556529+1459387+1077009 1316180 21605672 10.7186
33024 30000 4455111=837101+2191661+1611754 1877017 31525463 11.6683
44043 40000 6020851=1126445+2951279+2192551 2436084 41547497 12.8772
55121 50000 7456147=1398962+3658349+2709577 2939468 50664844 12.2978
66115 60000 8880851=1666179+4350823+3234648 3419104 59428450 12.364
77117 70000 10321935=1938435+5065049+3750268 3906266 68364852 13.4987
88102 80000 11700254=2200704+5742595+4246944 4363213 76766243 12.5626
99095 90000 13136962=2468232+6447219+4770729 4834869 85458794 12.1932
110113 100000 14567887=2739132+7154639+5283726 5290840 93987869 12.8147
121109 110000 15979341=3006343+7853621+5788507 5744072 102460299 13.7556
132028 120000 17529576=3286631+8592403+6381321 6202530 111093727 14.3609
142990 130000 18983246=3562515+9313266+6900099 6652150 119602915 14.3627
153925 140000 20471021=3841520+10053635+7429782 7107103 128240039 15.3172
164855 150000 21979188=4125986+10799401+7971072 7567835 137004718 16.5477
175812 160000 23581702=4417062+11563939+8582289 8035915 145919156 13.929
186797 170000 25057302=4694184+12294315+9112151 8483630 154453053 13.1014
197847 180000 26591014=4977448+13039031+9681211 8936396 163109394 14.3269
208776 190000 28103392=5261528+13786971+10225271 9389016 171760358 15.1239
219728 200000 29608450=5546129+14533215+10762856 9830477 180266986 15.4661
230584 210000 31172079=5839074+15306099+11325356 10287305 189054973 16.2332
241548 220000 32679763=6122575+16050615+11868600 10728860 197558344 16.7031
252514 230000 34277699=6416178+16828359+12459598 11188994 206423300 14.6723
263483 240000 35775557=6699007+17569616+12996180 11625823 214839142 13.3665
274496 250000 37306382=6986514+18328557+13544391 12066772 223432982 14.6643
285461 260000 38798460=7268992+19071624+14074163 12494982 231764789 14.2737
296415 270000 40286808=7549046+19806127+14610350 12922085 240045060 14.6837
307437 280000 41792998=7832777+20553957+15148521 13350292 248384698 15.7085
318462 290000 43396945=8135807+21348388+15722664 13806455 257240696 17.4183
329483 300000 45023838=8442695+22162598+16297392 14273166 266366544 15.4837
340525 310000 46611522=8738490+22941883+16875435 14719085 275018390 13.8774
351480 320000 48197495=9039364+23732513+17435864 15165470 283676419 15.0985
362496 330000 49733153=9330690+24494894+17981449 15594735 292042670 14.8589
373551 340000 51290525=9626489+25266085+18538210 16032087 300543953 16.4345
384689 350000 52864093=9922506+26034770+19112787 16473288 309152854 21.1252
395874 360000 54482814=10222227+26820615+19712099 16929367 318034561 21.9819
406862 370000 56129529=10531411+27615260+20322783 17391147 327009160 17.6919
417894 380000 57712939=10827913+28389797+20900694 17836066 335671089 17.2025
428912 390000 59270425=11119317+29151504+21469881 18270779 344161393 18.1665
439874 400000 60804875=11404852+29899292+22034731 18692192 352368883 15.6909
450859 410000 62351122=11693776+30659561+22596197 19124555 360791583 15.8856
461847 420000 63850824=11975377+31395903+23140104 19539607 368888412 16.8486
472807 430000 65444263=12275975+32177959+23717696 19976861 377455004 17.5664
483790 440000 67052753=12576164+32971980+24298942 20419610 386160113 15.014
494708 450000 68705880=12884577+33787893+24895987 20868524 395040197 16.1535
505590 460000 70357917=13192981+34603737+25491973 21317713 403935647 17.0793
516566 470000 71996869=13498910+35407294+26089306 21757299 412677761 15.9465
527520 480000 73651210=13807158+36223256+26687956 22205092 421528300 19.2361
538466 490000 75328397=14119122+37045202+27301246 22656912 430436577 21.8879
549399 500000 77031657=14444781+37880830+27920554 23113249 439441205 20.5863
560288 510000 78691897=14755244+38702032+28518770 23554355 448199696 16.9056
571192 520000 80360592=15064921+39523583+29124866 24001344 457112525 21.7942
582148 530000 82044094=15379373+40351252+29736631 24447914 466002807 19.0193
593039 540000 83778969=15700366+41200465+30372728 24899734 475065661 18.995
604123 550000 85301577=15986949+41941190+30932366 25296658 482910649 18.1919
615220 560000 86603175=16234528+42588345+31398769 25645743 489648701 16.4835
626410 570000 87874733=16473215+43206126+31867990 25977087 496163655 20.632
637646 580000 89107118=16707388+43808787+32316445 26295790 502422779 14.2867
648847 590000 90412613=16951660+44441753+32801313 26620959 508745964 12.5333
660023 600000 91570950=17172097+45004553+33225573 26915253 514531736 11.4918
671169 610000 92720559=17392089+45568160+33643035 27208751 520300290 11.0448
682330 620000 93872563=17614200+46130772+34061676 27501429 526016615 11.4646
693457 630000 95117609=17848307+46742027+34515831 27814270 532132649 12.6505
704731 640000 96356521=18079814+47339736+34977384 28121166 538208328 13.207
715916 650000 97508742=18300176+47903789+35395975 28406351 543834815 12.4967
727122 660000 98740979=18534472+48502649+35847850 28710581 549855138 13.1134
738273 670000 99944384=18763831+49088470+36288017 29009102 555751325 11.3127
749495 680000 101110633=18988146+49655129+36713799 29295687 561377222 10.9525
760693 690000 102322772=19218634+50241042+37161215 29597606 567321543 11.6257
771972 700000 103533405=19447840+50827756+37607308 29897320 573282257 11.9236
783287 710000 104707169=19672297+51400620+38034532 30187981 579020364 11.936
794503 720000 105884077=19899080+51986529+38454138 30484393 584793941 12.2979
805629 730000 107102606=20129008+52567936+38912857 30784785 590708486 13.336
816809 740000 108260442=20346670+53116721+39353020 31063829 596202957 13.7297
827890 750000 109450263=20570289+53679196+39809019 31352981 601790678 13.3683
839058 760000 110562747=20782639+54214127+40221777 31620192 607069711 10.3307
850231 770000 111752686=21007204+54789950+40662024 31911832 612817632 11.4405
861324 780000 112864986=21220423+55328425+41070963 32186742 618200434 11.0444
872344 790000 114010109=21439524+55879572+41494848 32459515 623609187 11.2205
883522 800000 115161048=21660061+56435512+41919053 32734766 629067257 11.6916
894714 810000 116268533=21873210+56964926+42332738 33003900 634404067 11.3708
905844 820000 117391478=22087870+57507981+42746335 33271939 639733097 12.1843
916882 830000 118666012=22330007+58123971+43219027 33587547 645891933 13.8279
927964 840000 119859814=22558740+58706062+43653178 33882590 651711754 12.3224
939033 850000 121120097=22797057+59316939+44117540 34192756 657892158 11.5219
950128 860000 122354161=23032142+59920770+44564945 34498917 663986621 11.9938
961260 870000 123573714=23265156+60513662+45010532 34798097 669905640 12.3321
972424 880000 124788336=23496396+61098156+45461081 35096160 675790959 11.8876
983571 890000 125999548=23725782+61687928+45904551 35396104 681749039 12.4003
994789 900000 127172823=23948729+62252858+46339682 35679752 687387343 12.2606
1005944 910000 128418184=24183935+62848114+46805458 35967836 693079842 13.4033
1017100 920000 129545948=24400080+63392506+47221135 36239862 698445938 12.4129
1028294 930000 130643767=24609789+63922720+47625923 36504981 703675500 11.0845
1039422 940000 131802756=24830099+64485884+48050761 36784916 709234703 10.6425
1050473 950000 132969366=25052197+65053534+48476717 37064028 714790142 11.4552
1061568 960000 134157706=25282050+65633678+48906915 37340582 720258575 11.9475
1072599 970000 135407467=25517546+66234964+49372288 37632577 726065494 12.2468
1083733 980000 136514372=25732860+66779076+49768190 37896973 731297712 11.3753
1094785 990000 137634416=25949068+67323878+50175892 38165855 736629552 11.821
1105876 1000000 138781015=26169464+67886377+50589434 38439704 742107646 12.7257
1117034 1010000 139902328=26386172+68433488+50996382 38709598 747471995 12.6622
1128112 1020000 141036705=26605393+68991950+51402445 38983317 752908183 14.1169
1139060 1030000 142284153=26846201+69605267+51850081 39289013 758999691 12.8394
1150007 1040000 143675917=27111664+70284235+52356962 39628114 765804967 13.7284
1160894 1050000 145112849=27383007+70990985+52876373 39982857 772936140 14.4638
1171814 1060000 146493466=27645470+71670517+53373699 40324150 779789688 13.9469
1182789 1070000 147885946=27910737+72358778+53871861 40668143 786694607 14.5173
1193726 1080000 149248573=28170852+73028966+54362303 41002305 793398207 15.1307
1204582 1090000 150675635=28443408+73739146+54868607 41358116 800511871 16.3957
1215452 1100000 152122476=28719425+74451995+55388560 41709898 807583042 16.2772
1226363 1110000 153617858=29001917+75190527+55926027 42075957 814970188 14.3285
1237247 1120000 155054261=29275805+75901339+56439032 42426773 822009416 14.398
1248176 1130000 156519680=29555003+76624493+56964331 42785721 829215191 14.8075
1259068 1140000 157977948=29830686+77346072+57486978 43143837 836467196 15.5579
1269968 1150000 159450172=30110531+78082271+58007477 43509450 843767037 16.2687
1280888 1160000 160907827=30387286+78807042+58526230 43872376 851052675 20.2887
1291754 1170000 162377563=30666293+79535830+59050443 44234308 858333683 25.8421
1302652 1180000 163860539=30948696+80270902+59578840 44594235 865601191 16.8855
1313613 1190000 165342572=31230146+81006856+60107044 44959732 872945590 15.9503
1324596 1200000 166825257=31511423+81745045+60633294 45321678 880273118 16.3259
1335456 1210000 168344658=31799164+82499352+61175129 45695473 887810505 16.4792
1346441 1220000 169903116=32093687+83267629+61736463 46069571 895401121 17.3861
1357399 1230000 171459885=32386736+84039990+62292707 46446578 903044027 18.6019
1368385 1240000 173068172=32689518+84834892+62871465 46833304 910909387 22.4328
1379469 1250000 174698505=32994406+85643477+63455849 47230695 919005014 25.6834
1390543 1260000 176336577=33299469+86446427+64054269 47623979 926997747 20.161
1401635 1270000 177964524=33605748+87254333+64636272 48023094 935107721 19.6808
1412662 1280000 179568697=33910264+88055050+65203459 48414730 943054594 21.2856
1423732 1290000 181168959=34210477+88845071+65780281 48803701 950976919 22.5039
1434749 1300000 182828415=34519798+89661203+66382737 49206800 959191128 20.3102
1445738 1310000 184513810=34836400+90488851+66994851 49619977 967529481 18.2894
1456743 1320000 186190777=35151296+91313453+67602831 50028236 975791584 18.7538
1467716 1330000 187946945=35480337+92177165+68239998 50452742 984421833 20.9832
1478847 1340000 189697299=35804419+93033522+68881740 50879599 993093437 19.4767
1489858 1350000 191414728=36125132+93880640+69503264 51304578 1001659633 22.2094
1500812 1360000 193066497=36431463+94688311+70109152 51712637 1009862077 21.5555
1511816 1370000 194750555=36746208+95519892+70716925 52120560 1018135555 22.0223
1522795 1380000 196383374=37050140+96326851+71306199 52520689 1026211194 18.2829
1533703 1390000 198040225=37358448+97143117+71907133 52930020 1034430404 18.4203
1544569 1400000 199683285=37667316+97956179+72496990 53328722 1042518034 19.2052
1555499 1410000 201439474=37995459+98821930+73132258 53752784 1051167930 21.8309
Total lines processed: 1413011
1405815
755306
OUBLK INBLK
    -     -
rchar: 191308212022
wchar: 9419923946
syscr: 49128443
syscw: 9688
read_bytes: 744058880
write_bytes: 9421611008
cancelled_write_bytes: 0
1452512
18401584
