Csz: 4, pgsz: 4096
10988 10000 1501663=280564+736534+546799 732629 11543895 9.65519
22023 20000 2969833=556529+1459387+1077009 1316180 21605672 10.209
33024 30000 4455111=837101+2191661+1611754 1877017 31525463 11.6677
44043 40000 6020851=1126445+2951279+2192551 2436084 41547497 12.1863
55121 50000 7456147=1398962+3658349+2709577 2939468 50664844 10.6755
66115 60000 8880851=1666179+4350823+3234648 3419104 59428450 11.1781
77117 70000 10321935=1938435+5065049+3750268 3906266 68364852 12.0799
88102 80000 11700254=2200704+5742595+4246944 4363213 76766243 11.0814
99095 90000 13136962=2468232+6447219+4770729 4834869 85458794 11.0204
110113 100000 14567887=2739132+7154639+5283726 5290840 93987869 11.3213
121109 110000 15979341=3006343+7853621+5788507 5744072 102460299 11.9281
132028 120000 17529576=3286631+8592403+6381321 6202530 111093727 12.0231
142990 130000 18983246=3562515+9313266+6900099 6652150 119602915 12.6702
153925 140000 20471021=3841520+10053635+7429782 7107103 128240039 12.8841
164855 150000 21979188=4125986+10799401+7971072 7567835 137004718 14.3256
175812 160000 23581702=4417062+11563939+8582289 8035915 145919156 12.4642
186797 170000 25057302=4694184+12294315+9112151 8483630 154453053 12.3023
197847 180000 26591014=4977448+13039031+9681211 8936396 163109394 14.5518
Total lines processed: 184949
188656
101842
OUBLK INBLK
    -     -
rchar: 5112529053
wchar: 436818420
syscr: 1211135
syscw: 511
read_bytes: 150052864
write_bytes: 436985856
cancelled_write_bytes: 0
292792
853488
