Csz: 64, pgsz: 4096
10988 10000 1502009=280567+736357+547318 724428 11488705 14.4633
22023 20000 2970299=556558+1459020+1077812 1304000 21520925 16.2982
33024 30000 4455591=837142+2190955+1612898 1859509 31399521 17.8377
44043 40000 6021768=1126498+2950354+2194339 2413594 41385127 18.7916
55121 50000 7457432=1399039+3657323+2711810 2911567 50455271 18.1729
66115 60000 8882525=1666288+4349737+3237298 3385529 59177558 19.1555
77117 70000 10323681=1938542+5063745+3753209 3866943 68067889 21.1592
88102 80000 11702242=2200826+5741136+4250267 4317541 76421412 18.4182
99095 90000 13139065=2468368+6445510+4774403 4781230 85047761 16.3765
110113 100000 14570300=2739305+7152735+5287868 5233852 93548450 17.5224
121109 110000 15981984=3006512+7851613+5792984 5680743 101973068 18.3987
132028 120000 17532484=3286822+8590277+6386159 6134464 110568395 21.181
142990 130000 18986448=3562710+9311119+6905248 6579990 119045918 21.7336
153925 140000 20474477=3841729+10051396+7435263 7031485 127656306 24.0861
164855 150000 21982251=4126056+10796461+7976893 7487354 136380943 25.7097
175812 160000 23584909=4417148+11560934+8588302 7950316 145256002 18.5285
186797 170000 25060643=4694278+12291216+9118384 8394369 153758386 18.2296
197847 180000 26594805=4977567+13035840+9687961 8841770 162371776 20.209
208776 190000 28107430=5261667+13783743+10232285 9285053 170942349 21.2536
219728 200000 29612928=5546285+14529981+10770299 9723903 179428839 22.7418
230584 210000 31176719=5839236+15302598+11333221 10175015 188163605 25.546
241548 220000 32683216=6122373+16045650+11876729 10610842 196619592 26.6478
252514 230000 34281334=6415992+16823378+12467909 11064622 205434477 18.9795
263483 240000 35779646=6698842+17564571+13004988 11494774 213795605 18.7536
274496 250000 37310769=6986369+18323484+13553505 11932058 222359802 20.2526
285461 260000 38803051=7268863+19066410+14083606 12356519 230660924 21.2678
296415 270000 40291660=7548931+19800727+14620226 12777970 238892561 22.7943
307437 280000 41798390=7832680+20548382+15159093 13201824 247196867 24.7423
318462 290000 43400958=8135339+21341253+15733409 13653901 256015581 28.4112
329483 300000 45028067=8442234+22155263+16308545 14117159 265110225 20.6485
340525 310000 46615498=8738046+22934138+16886727 14555265 273682033 20.0314
351480 320000 48198444=9038935+23721499+17447383 14991615 282250655 21.1484
362496 330000 49733444=9330284+24482692+17993474 15416975 290564237 21.9397
373551 340000 51290420=9626097+25253246+18550462 15847763 298996338 24.0029
384689 350000 52863841=9922129+26021395+19125405 16284305 307559202 26.4236
395874 360000 54481113=10221859+26805577+19724920 16735237 316371214 28.4467
406862 370000 56127737=10531055+27599843+20335875 17190097 325283378 19.9479
417894 380000 57710652=10827571+28373736+20913921 17631263 333906410 20.5099
428912 390000 59267668=11118998+29134387+21483671 18060871 342338475 21.3025
439874 400000 60798949=11403897+29878773+22048738 18476715 350486455 22.3857
450859 410000 62344803=11692810+30638301+22610561 18901107 358833305 24.7217
461847 420000 63844431=11974358+31373784+23155226 19310242 366871397 25.8571
472807 430000 65437780=12274970+32155539+23733015 19740972 375381579 27.2284
483790 440000 67045767=12575174+32948774+24314528 20179479 384041011 19.8431
494708 450000 68699472=12883619+33764275+24912530 20625676 392892654 21.6518
505590 460000 70351532=13192036+34579703+25508940 21071218 401750774 23.1436
516566 470000 71990802=13497983+35383004+26106829 21508583 410470599 24.5594
527520 480000 73645399=13806248+36198720+26705964 21953062 419288194 27.1951
538466 490000 75322036=14118226+37019796+27319560 22398801 428130274 29.3775
549399 500000 77023425=14443739+37852951+27939452 22849963 437066010 24.4032
560288 510000 78683779=14754211+38673947+28537979 23287498 445791427 21.3508
571192 520000 80352712=15063905+39495351+29144443 23729343 454656302 22.6543
582148 530000 82036336=15378372+40322769+29756566 24172076 463508781 24.4718
593039 540000 83771290=15699382+41171815+30392891 24620123 472537798 27.3106
604123 550000 85292841=15985696+41911091+30952926 25012387 480336164 25.985
615220 560000 86578406=16228956+42541143+31420369 25342477 486883744 23.5811
626410 570000 87844101=16466215+43152805+31889826 25663505 493289872 15.7206
637646 580000 89076810=16700413+43755344+32338702 25976536 499495435 15.7275
648847 590000 90374030=16941574+44376422+32827115 26289582 505701515 16.8438
660023 600000 91532382=17161983+44938682+33251932 26579773 511446607 16.0845
671169 610000 92677881=17380618+45496976+33670550 26865997 517144192 16.6578
682330 620000 93822077=17600425+46050280+34090645 27149489 522766145 17.4239
693457 630000 95055697=17831544+46649550+34545330 27449102 528739203 19.8737
704731 640000 96294487=18063003+47246521+35007532 27750584 534759814 21.1526
715916 650000 97439920=18281492+47802828+35427035 28032740 540355475 20.8578
727122 660000 98670868=18515586+48399959+35879326 28332960 546327288 15.1052
738273 670000 99875743=18744879+48985343+36321344 28627479 552181582 15.4347
749495 680000 101042383=18969139+49551143+36748337 28909093 557758352 15.4801
760693 690000 102254980=19199662+50136770+37196455 29208074 563672417 16.8731
771972 700000 103465720=19428892+50723315+37642786 29504619 569604261 17.8502
783287 710000 104639900=19653350+51296043+38070532 29791070 575306361 18.253
794503 720000 105795637=19874772+51860524+38490375 30074285 580941618 18.946
805629 730000 107012879=20104345+52440052+38949652 30369244 586801910 20.8919
816809 740000 108170750=20322040+52988329+39390324 30645009 592258641 21.1483
827890 750000 109346023=20541989+53535547+39846975 30919386 597675674 14.2211
839058 760000 110457274=20754203+54068761+40260181 31181851 602897939 14.1392
850231 770000 111644530=20977813+54640699+40701567 31465916 608570392 15.7309
861324 780000 112756712=21190675+55177904+41111668 31735368 613901813 15.3887
872344 790000 113901230=21409743+55727856+41536166 32005957 619288968 16.3859
883522 800000 115052446=21630279+56283615+41960828 32277957 624717405 17.5118
894714 810000 116160183=21843397+56812897+42374928 32542965 630017778 17.7668
905844 820000 117283223=22058021+57355645+42788962 32808193 635317081 18.9724
916882 830000 118549967=22298052+57962861+43262652 33112986 641355687 22.7829
927964 840000 119743936=22526809+58544733+43697164 33403668 647134570 16.5438
939033 850000 121004026=22765154+59154770+44162145 33710288 653283461 16.0924
950128 860000 122238911=23000263+59758465+44610481 34012154 659338325 16.5751
961260 870000 123458245=23233306+60350981+45056196 34308206 665225072 17.1853
972424 880000 124673076=23464513+60935225+45507237 34602521 671077928 17.9495
983571 890000 125884344=23693920+61524697+45951042 34898068 676990940 19.6432
994789 900000 127057734=23916914+62089299+46386563 35176038 682573980 19.1937
1005944 910000 128303145=24152135+62684289+46852631 35457732 688208181 21.1541
1017100 920000 129430532=24368313+63227679+47268900 35725100 693526311 20.8239
1028294 930000 130528677=24578028+63757612+47674284 35985157 698709750 14.174
1039422 940000 131687827=24798360+64320403+48099629 36262004 704235493 14.8502
1050473 950000 132854633=25020472+64887893+48525919 36537275 709751562 15.6642
1061568 960000 134043070=25250333+65467521+48956681 36810658 715188548 16.5987
1072599 970000 135291847=25485760+66067542+49422293 37097971 720951680 18.2688
1083733 980000 136399100=25701026+66611278+49818919 37356324 726128080 17.2352
1094785 990000 137519050=25917257+67155540+50227043 37621628 731417183 18.2557
1105876 1000000 138665713=26137695+67717784+50640862 37892335 736863406 19.7016
1117034 1010000 139787403=26354448+68264708+51048328 38158208 742192692 20.4912
1128112 1020000 140921791=26573668+68822755+51454807 38428601 747595411 16.595
1139060 1030000 142169262=26814500+69435817+51902697 38730926 753653304 16.4267
1150007 1040000 143561529=27079998+70114418+52410413 39067197 760429927 18.8015
1160894 1050000 144998334=27351326+70820475+52930359 39418431 767518588 20.8668
1171814 1060000 146379096=27613815+71499763+53428048 39756404 774340806 21.0859
1182789 1070000 147771413=27879098+72187374+53926681 40097086 781204891 22.9278
1193726 1080000 149134067=28139227+72857138+54417549 40427737 787873456 23.9392
1204582 1090000 150558189=28410800+73563244+54924922 40778816 794934169 26.8012
1215452 1100000 152005113=28686816+74275924+55445128 41126253 801964661 19.6457
1226363 1110000 153500823=28969235+75014161+55983169 41488997 809321586 20.1001
1237247 1120000 154937436=29243149+75724625+56496704 41834675 816311011 20.4824
1248176 1130000 156402735=29522272+76447278+57022338 42189168 823477412 22.0312
1259068 1140000 157861130=29797985+77168674+57545265 42544709 830703121 23.446
1269968 1150000 159329507=30076803+77900612+58066164 42900921 837911025 25.3155
1280888 1160000 160787360=30353505+78624948+58585504 43259038 845153532 27.2515
1291754 1170000 162257086=30632524+79353396+59110035 43616530 852390396 22.594
1302652 1180000 163740225=30914948+80088433+59638609 43973446 859630582 19.9736
1313613 1190000 165222365=31196415+80824289+60167001 44333272 866919127 20.9874
1324596 1200000 166705142=31477697+81562307+60693492 44691789 874209549 22.5298
1335456 1210000 168224635=31765451+82316176+61235830 45060448 881695761 24.5219
1346441 1220000 169783151=32059976+83084342+61797326 45431680 889259832 26.6956
1357399 1230000 171340127=32353047+83856368+62354089 45805507 896867458 29.0186
1368385 1240000 172947613=32655799+84649796+62933488 46189162 904682894 24.9997
1379469 1250000 174578358=32960715+85458237+63518400 46583244 912746093 21.8106
1390543 1260000 176216496=33265768+86260659+64117377 46972835 920701140 23.2626
1401635 1270000 177844400=33572064+87068311+64699573 47366659 928758879 24.8047
1412662 1280000 179448464=33876559+87868585+65267070 47755568 936677787 26.6998
1423732 1290000 181048818=34176735+88658077+65844470 48141843 944571131 28.6288
1434749 1300000 182708017=34486060+89473649+66447223 48540066 952734088 31.0831
1445738 1310000 184393707=34802515+90300279+67060585 48949568 961030511 22.0834
1456743 1320000 186070233=35117420+91124338+67668658 49354081 969253651 23.6835
1467716 1330000 187826318=35446440+91987570+68306202 49774959 977844862 26.2999
1478847 1340000 189576204=35770547+92843092+68948286 50197073 986457999 28.1515
1489858 1350000 191293706=36091274+93689714+69570365 50614548 994946428 30.1629
1500812 1360000 192945491=36397576+94496222+70177412 51014871 1003066162 31.6576
1511816 1370000 194629037=36712329+95326971+70785495 51419409 1011298070 23.6928
1522795 1380000 196261107=37016280+96132860+71375071 51814894 1019317597 22.8501
1533703 1390000 197916580=37324592+96947275+71976458 52220059 1027486142 24.4802
1544569 1400000 199559259=37633478+97759355+72566898 52615273 1035528876 26.4224
1555499 1410000 201315494=37961628+98624605+73202706 53036127 1044144643 30.5943
1566395 1420000 203040851=38283744+99480615+73821800 53449876 1052633806 32.4892
1577238 1430000 204769957=38606559+100338547+74442479 53869596 1061171918 27.1401
1588118 1440000 206501964=38930451+101195825+75064964 54287588 1069705174 24.0485
1598949 1450000 208268958=39258963+102068645+75703593 54709043 1078364414 26.2459
1609797 1460000 210044947=39588611+102945770+76346406 55131035 1087042665 28.4267
1620630 1470000 211794585=39917933+103814704+76971470 55544032 1095529322 30.5454
1631477 1480000 213544045=40245037+104679189+77602221 55961179 1104076487 32.8829
1642373 1490000 215341282=40581295+105569208+78248299 56384566 1112777572 28.2268
1653233 1500000 217140861=40916401+106459891+78897104 56809354 1121511348 24.9951
1664130 1510000 218918863=41246819+107335188+79542979 57225008 1130075284 26.4908
1675034 1520000 220707784=41578832+108217124+80191733 57643769 1138712325 28.9679
1685958 1530000 222527080=41916354+109112653+80853015 58067919 1147498384 31.8794
1696847 1540000 224315178=42247473+109988212+81508049 58486334 1156126542 34.1684
1707676 1550000 226145550=42585444+110889061+82174592 58915737 1164993171 27.8591
1718573 1560000 227977335=42923424+111787999+82844857 59343245 1173843749 25.6944
1729487 1570000 229753615=43251320+112659502+83494703 59756514 1182380985 26.8553
1740347 1580000 231553104=43584046+113540125+84154536 60174689 1191029196 29.0875
1751207 1590000 233379940=43922520+114439161+84819335 60599045 1199794240 32.3572
1762023 1600000 235155843=44253361+115316780+85460372 61012450 1208295423 34.505
1772878 1610000 236929770=44581602+116184385+86111454 61425120 1216805768 25.2371
1783723 1620000 238688807=44908360+117054935+86745918 61833822 1225267904 24.8497
1794607 1630000 240464479=45236722+117925167+87395629 62246455 1233797145 26.877
1805498 1640000 242254153=45568300+118810419+88042816 62661470 1242396543 29.1669
1816421 1650000 244050465=45899876+119697682+88694298 63084105 1251085037 31.9174
1827273 1660000 245854599=46234183+120581771+89354321 63502636 1259702163 35.1378
1838160 1670000 247658504=46569017+121468086+90011465 63924060 1268390046 24.7852
1849005 1680000 249430278=46895842+122335533+90661291 64332185 1276866590 25.2078
1859879 1690000 251131279=47212315+123178813+91272934 64726844 1285037297 26.2841
1870739 1700000 252891045=47539369+124052324+91905247 65133531 1293447435 29.3414
1881698 1710000 254580511=47855132+124886720+92515242 65521779 1301428351 30.6076
1892578 1720000 256293646=48175630+125733252+93133036 65914900 1309522057 33.6935
1903425 1730000 258022915=48497011+126587322+93759138 66313483 1317768398 24.6041
1914319 1740000 259815209=48830592+127465985+94414637 66723325 1326233129 25.5088
1925121 1750000 261541348=49152781+128320704+95035878 67120284 1334453069 26.6079
1936035 1760000 263330395=49486167+129206644+95680325 67535314 1343015263 29.8897
1946942 1770000 265050284=49805914+130048834+96309106 67922859 1351057594 30.5715
1957829 1780000 266753303=50124838+130892409+96920932 68313114 1359150797 33.4275
1968722 1790000 268493552=50448739+131746780+97555161 68711964 1367431348 25.3591
1979581 1800000 270164288=50760785+132567358+98163038 69097026 1375353322 23.6671
1990482 1810000 271830252=51072079+133383609+98770962 69474663 1383165121 25.1127
2001382 1820000 273492871=51381902+134197434+99378998 69858002 1391040276 27.2084
2012247 1830000 275187120=51698829+135031055+99993704 70243105 1398978795 29.75
2023129 1840000 276861603=52011532+135854419+100601958 70624513 1406842582 31.9703
2034053 1850000 278586086=52334286+136703614+101226354 71015447 1414945189 27.9656
2044917 1860000 280251224=52646494+137526857+101826009 71390974 1422729047 23.3597
2055814 1870000 281924750=52958788+138352252+102431703 71779956 1430720300 25.2079
2066728 1880000 283579260=53268199+139169715+103028509 72155055 1438507060 26.5179
2077660 1890000 285237044=53579292+139988643+103625286 72530213 1446289440 28.837
2088614 1900000 286912655=53892335+140810185+104236352 72908955 1454115411 31.4965
2099586 1910000 288616243=54209093+141647327+104856783 73291454 1462059367 30.3417
2110524 1920000 290241237=54514629+142446303+105445717 73658909 1469670726 22.4347
2121483 1930000 291923570=54829825+143276743+106052519 74042542 1477612204 24.8609
2132440 1940000 293565784=55136148+144083806+106649839 74414407 1485304893 25.9299
2143340 1950000 295239019=55448867+144906211+107257969 74792908 1493152058 28.5976
2154286 1960000 296860107=55753648+145703015+107845359 75156658 1500685321 29.9425
2165157 1970000 298412591=56044542+146464173+108410700 75503964 1507860545 30.818
2176142 1980000 299979496=56338337+147235354+108978397 75854988 1515130944 23.2085
2187090 1990000 301618575=56644428+148044181+109570873 76226703 1522833824 23.4995
2198031 2000000 303185210=56938923+148817650+110135184 76581126 1530167816 23.9091
2208970 2010000 304752540=57232180+149587337+110705170 76930010 1537416843 25.5105
2219875 2020000 306334455=57532948+150371332+111270400 77285078 1544777988 27.6187
2230717 2030000 307845651=57817948+151122157+111809532 77622429 1551784219 28.4781
2241553 2040000 309373570=58105978+151881084+112355392 77967769 1558950222 29.5501
2252478 2050000 310917801=58397346+152645204+112909519 78315240 1566151635 21.173
2263400 2060000 312460636=58688083+153405052+113466755 78660923 1573288073 22.3536
2274335 2070000 314006113=58979074+154169481+114021866 79003644 1580398682 23.9121
2285238 2080000 315479761=59257781+154893633+114554732 79329432 1587129455 24.1624
2296195 2090000 317001742=59547160+155648315+115097246 79666132 1594122519 26.8233
2307093 2100000 318548784=59841585+156419314+115645210 80006972 1601201263 29.0516
2317991 2110000 320065310=60129116+157167613+116190543 80341386 1608147894 27.5215
2328915 2120000 321540226=60409484+157900375+116714932 80668637 1614946232 20.4357
2339889 2130000 323065272=60697602+158658425+117258241 81010738 1622038984 22.396
2350849 2140000 324569276=60981045+159406540+117794073 81344724 1628969389 23.6906
2361818 2150000 326046163=61261072+160142425+118317711 81674558 1635802185 24.6648
2372703 2160000 327582195=61550056+160900281+118871928 82014026 1642865507 27.4244
2383611 2170000 329020933=61822910+161615512+119384128 82333142 1649488435 27.4667
2394538 2180000 330471640=62098697+162341500+119894769 82656405 1656191126 27.7011
2405448 2190000 332047282=62396171+163128686+120452548 83005937 1663453729 21.7058
2416385 2200000 333572677=62685022+163886371+120996698 83341993 1670451839 22.2389
2427291 2210000 335055154=62966105+164620723+121527332 83670167 1677251608 23.1089
2438224 2220000 336562228=63251799+165373345+122060347 84004552 1684192176 24.9879
2449156 2230000 338098470=63544181+166137065+122607037 84342981 1691225782 27.1008
2460085 2240000 339674657=63843460+166921569+123166530 84693258 1698475254 30.1552
2471031 2250000 341328221=64154313+167736404+123763464 85059261 1706083482 28.8555
2481891 2260000 342920094=64455060+168519044+124339193 85408386 1713327287 22.1944
2492839 2270000 344524932=64756130+169308970+124920291 85760186 1720666075 23.7568
2503770 2280000 346165173=65065475+170120749+125508611 86122830 1728230888 26.2332
2514685 2290000 347777859=65367628+170914357+126092672 86476285 1735598712 27.4709
2525687 2300000 349430556=65676533+171726819+126692647 86836401 1743134403 30.2307
2536614 2310000 351071462=65982636+172534843+127287338 87198816 1750681490 32.6969
2547690 2320000 352775789=66300993+173374078+127904919 87578741 1758571156 24.0346
2558712 2330000 354479327=66619347+174214406+128520924 87955318 1766414556 24.6363
2569709 2340000 356119816=66929029+175032721+129102657 88316989 1773961185 25.4433
2580699 2350000 357866975=67253212+175889572+129740737 88703946 1782060228 28.9327
2591715 2360000 359567798=67570319+176725970+130359050 89078946 1789866813 30.5132
2602831 2370000 361333804=67899239+177596044+130999241 89472502 1798048021 34.5616
2613986 2380000 363142494=68230806+178475866+131670096 89869617 1806371814 26.8323
2624949 2390000 364958248=68564735+179361240+132340268 90276621 1814848949 26.1816
2635909 2400000 366793742=68902584+180257977+133015990 90691352 1823454653 28.8981
2646913 2410000 368547157=69226360+181113701+133662101 91086993 1831642421 29.7704
2657884 2420000 370250743=69543018+181948977+134283775 91464476 1839475084 31.0421
2668918 2430000 371945334=69856854+182774867+134907321 91841763 1847251916 33.7209
2679809 2440000 373593593=70165486+183587194+135502816 92215283 1854958726 24.5821
2690746 2450000 375264732=70476391+184414187+136105363 92589418 1862764357 24.0601
2701594 2460000 377026942=70804695+185280946+136745118 92981776 1870925190 27.0197
2712475 2470000 378737275=71123412+186129022+137359567 93361281 1878850975 28.6329
2723357 2480000 380487328=71448458+186993347+137992245 93745279 1886852613 31.3347
2734166 2490000 382198024=71767925+187837149+138610940 94122889 1894724485 33.3725
2745023 2500000 383959910=72094368+188705051+139251002 94507770 1902743892 27.8006
2755880 2510000 385703183=72418174+189565646+139881674 94893194 1910806421 25.077
2766772 2520000 387463931=72744988+190431472+140522086 95281544 1918915622 26.7933
2777605 2530000 389210244=73071112+191290844+141155276 95663121 1926926977 29.0981
2788466 2540000 390993925=73405001+192169511+141801295 96054535 1935126695 31.9865
2799329 2550000 392854436=73747080+193084041+142481179 96463295 1943733787 36.3651
2810193 2560000 394586175=74069906+193939383+143107047 96849254 1951753714 25.9949
2821115 2570000 396373854=74400331+194815983+143761024 97241328 1959965205 25.6116
2832025 2580000 398201283=74740010+195716692+144423960 97643344 1968366062 28.5206
2842894 2590000 399960875=75065982+196579442+145067439 98028803 1976421606 29.5503
2853742 2600000 401811634=75407233+197492344+145739777 98435145 1984952513 33.6146
2864632 2610000 403667966=75750169+198409680+146411818 98837554 1993405751 36.9299
2875503 2620000 405501187=76090975+199311909+147078283 99237395 2001760282 25.6259
2886360 2630000 407318394=76428580+200209416+147736246 99634061 2010065431 26.6957
2897239 2640000 409133084=76766405+201102314+148395438 100028982 2018321075 28.9925
2908079 2650000 410998892=77114178+202021249+149071777 100436420 2026866993 32.1677
2919336 2660000 412865095=77458535+202937691+149753790 100835218 2035245605 34.6737
2930193 2670000 414758028=77807462+203871479+150441590 101245864 2043888985 35.9271
2941058 2680000 416562298=78141604+204760082+151097021 101639613 2052172987 25.3366
2951948 2690000 418394567=78482060+205663987+151760410 102035567 2060491460 27.4307
2962792 2700000 420187245=78815085+206550897+152407374 102426328 2068674953 28.9318
2973731 2710000 421964447=79147445+207422084+153055205 102805367 2076645165 31.2759
2984605 2720000 423762171=79480129+208299528+153716891 103190636 2084725993 34.1665
2995574 2730000 425541780=79809047+209170707+154369183 103575039 2092775415 35.835
3006468 2740000 427360559=80145053+210063381+155033678 103970288 2101095315 27.4592
3017345 2750000 429112466=80471448+210929421+155665389 104351774 2109075632 27.2935
3028291 2760000 430853628=80794053+211779723+156304391 104731162 2117033942 28.6765
3039192 2770000 432538461=81107787+212604140+156920898 105092530 2124617934 29.7365
3050078 2780000 434247277=81429031+213437682+157545343 105456854 2132253085 32.6478
3060975 2790000 436026715=81761305+214309126+158194410 105834640 2140186839 30.6544
3071909 2800000 437724222=82079132+215137533+158816103 106194275 2147695639 23.9459
3082762 2810000 439502098=82407520+216004295+159471644 106575835 2155709883 26.6486
3093667 2820000 441252475=82734828+216859883+160111731 106950923 2163545482 28.1528
3104606 2830000 443006883=83060939+217716620+160755196 107323463 2171372679 30.6448
3115556 2840000 444688481=83372733+218538469+161372236 107679797 2178888329 31.9245
3126447 2850000 446373566=83687025+219365885+161985484 108038853 2186428436 30.3464
3137354 2860000 448084410=84007360+220203015+162608631 108401375 2194004072 24.0628
3148306 2870000 449709146=84311145+221001359+163198792 108746495 2201233823 24.4219
3159170 2880000 451351882=84617909+221801999+163801990 109094084 2208545693 26.2504
3170031 2890000 453013492=84929203+222613413+164410040 109441305 2215879829 28.6223
3180938 2900000 454661681=85237778+223419314+165012236 109784589 2223088470 30.866
3191816 2910000 456350591=85550949+224239011+165637741 110141095 2230597689 33.5421
3202736 2920000 458067183=85872730+225081734+166261324 110503191 2238222451 24.2073
3213588 2930000 459765403=86191157+225911227+166882779 110860970 2245739581 25.2707
3224450 2940000 461458958=86506014+226744049+167499073 111224462 2253370196 27.048
3235384 2950000 463116228=86815090+227563975+168096159 111578375 2260784552 28.4463
3246267 2960000 464858603=87140346+228419120+168730537 111949015 2268565598 32.1898
3257218 2970000 466613074=87466190+229282067+169368910 112319060 2276330330 36.5522
3268155 2980000 468268376=87775619+230093744+169972379 112671200 2283717625 25.6675
3278993 2990000 469969715=88091511+230926039+170595817 113029211 2291250232 25.3796
3289873 3000000 471569970=88391941+231705539+171183343 113360249 2298208628 24.9786
3300770 3010000 473233246=88702602+232525382+171785545 113714771 2305649829 28.0174
3311716 3020000 474884704=89011906+233343669+172378776 114068927 2313075758 29.8883
3322684 3030000 476508174=89314099+234142224+172968486 114415919 2320357771 31.7722
3333558 3040000 478143366=89618548+234943979+173565228 114760913 2327627881 29.788
3344467 3050000 479740737=89918385+235729820+174143829 115098490 2334733073 23.0968
3355390 3060000 481413586=90230624+236550329+174753692 115451123 2342149375 25.6733
3366284 3070000 482988960=90526560+237328756+175320755 115783035 2349095922 25.7399
3377177 3080000 484606407=90828041+238120588+175912435 116122274 2356204200 28.3017
3388055 3090000 486152468=91119668+238885764+176466949 116455756 2363158970 29.3338
3398880 3100000 487684763=91409430+239647791+177012102 116782823 2369985061 32.1531
3409787 3110000 489223743=91698454+240408490+177565964 117109640 2376837588 22.4036
3420708 3120000 490782966=91991874+241181846+178124362 117439767 2383771960 23.0984
3431637 3130000 492372061=92290972+241966929+178696725 117777666 2390870374 25.0112
3442607 3140000 493867479=92576410+242705734+179231864 118092338 2397462064 25.1938
3453456 3150000 495418218=92870797+243475997+179783874 118419484 2404334380 27.9336
3464366 3160000 496965936=93164715+244245389+180334199 118748597 2411204727 29.9094
3475266 3170000 498503481=93454655+245005791+180885711 119076928 2418070873 32.8515
3486141 3180000 499986498=93737190+245741376+181413852 119388182 2424590382 21.3819
3497008 3190000 501529487=94026056+246498293+181975369 119710625 2431363820 22.9061
3507853 3200000 503046559=94315835+247250150+182516197 120026377 2437982100 24.095
3518683 3210000 504564868=94603075+248002586+183059009 120343970 2444636416 25.6642
3529542 3220000 506086306=94893153+248756525+183601588 120665297 2451356376 27.5744
3540480 3230000 507573435=95176490+249498789+184127119 120980544 2457959041 28.7632
3551409 3240000 509136904=95471887+250274207+184686052 121310996 2464885140 29.3045
3562370 3250000 510633889=95756816+251017114+185219210 121625735 2471476043 21.8539
3573321 3260000 512154031=96046348+251771059+185761190 121945341 2478175831 23.1737
3584317 3270000 513711000=96340918+252547891+186312667 122274154 2485093301 25.1509
3595165 3280000 515228612=96629800+253298990+186854771 122593653 2491757046 26.2455
3606131 3290000 516787712=96926491+254070286+187412396 122919047 2498582401 28.7722
3617031 3300000 518283261=97210191+254817319+187941237 123234099 2505180447 29.956
3627996 3310000 519803633=97499274+255577531+188477038 123557024 2511939474 29.8249
3638920 3320000 521375389=97793280+256352278+189045476 123886610 2518896453 23.0735
3649881 3330000 522880556=98076303+257096336+189586609 124199824 2525502535 22.9454
3660867 3340000 524491379=98379942+257895171+190162867 124536503 2532587753 26.3404
3671820 3350000 526041380=98675689+258665765+190712311 124863717 2539433390 26.8519
3682790 3360000 527659222=98979781+259462353+191297318 125199637 2546526403 30.0919
3693808 3370000 529325956=99293194+260282583+191900382 125547106 2553862747 35.3617
3704793 3380000 530943069=99597886+261085257+192478358 125889927 2561060602 25.7843
3715703 3390000 532641482=99915490+261923870+193091543 126242558 2568504319 26.0276
3726649 3400000 534346388=100233856+262770855+193701866 126599698 2576060927 27.7286
3737635 3410000 536134448=100568655+263669932+194329472 126975668 2584004045 30.8507
3748614 3420000 537914058=100902015+264547436+194973273 127345645 2591807075 33.1278
3759597 3430000 539732180=101243537+265443050+195631087 127730821 2599901181 38.0059
3770552 3440000 541540317=101581938+266331153+196288296 128112806 2607915959 28.3901
3781517 3450000 543336930=101916523+267210385+196945560 128490365 2615835396 27.1486
3792483 3460000 545110407=102247719+268083312+197588580 128869140 2623726086 28.3191
3803443 3470000 546863450=102576365+268956547+198213619 129243810 2631579888 30.7812
3814317 3480000 548616328=102905067+269822518+198845460 129616669 2639372197 32.6757
3825200 3490000 550364699=103231208+270687065+199476077 129988416 2647196995 36.1965
3836062 3500000 552038919=103542921+271516200+200079385 130346638 2654714777 26.3043
3847051 3510000 553738833=103859970+272354792+200694844 130703928 2662204441 26.4145
3857981 3520000 555533138=104195870+273249795+201333950 131087574 2670283162 29.5765
3868919 3530000 557372661=104540051+274170956+201984926 131478723 2678502214 32.7054
3879700 3540000 559174880=104876499+275068767+202628476 131859007 2686549641 35.0711
3890544 3550000 561055077=105229291+276013658+203289337 132254538 2694904888 38.9466
3901420 3560000 562858794=105565010+276912898+203933306 132636547 2702963369 26.8992
3912350 3570000 564721760=105912497+277839367+204600662 133027673 2711236486 28.5402
3923255 3580000 566536233=106252225+278740214+205250933 133405899 2719255880 29.5863
3934146 3590000 568414549=106603188+279666112+205930557 133799590 2727546804 33.2046
3945058 3600000 570254570=106948208+280576629+206591269 134180463 2735629044 35.3514
3955958 3610000 572141867=107297481+281509367+207275346 134575878 2744034201 33.7153
3966817 3620000 573970117=107641840+282420517+207926474 134953316 2752029705 26.5534
3977696 3630000 575805448=107982976+283330153+208587374 135338435 2760185443 28.7651
3988551 3640000 577705627=108334575+284265405+209279576 135730872 2768523748 31.9379
3999436 3650000 579562654=108677005+285180148+209955784 136125652 2776870966 34.2134
4010266 3660000 581403607=109018526+286095150+210616435 136509692 2785019679 38.2207
4021082 3670000 583240993=109359018+287005077+211279585 136893247 2793144608 27.5814
4031936 3680000 585155368=109713677+287951495+211971670 137289761 2801581143 28.5781
4042723 3690000 587038338=110063444+288882903+212652051 137683001 2809949918 30.3695
4053582 3700000 588932135=110417322+289824565+213331268 138077038 2818308398 33.0502
4064959 3710000 590833836=110769103+290768846+214014935 138465476 2826553480 35.7621
4075764 3720000 592687604=111114214+291684210+214686258 138849252 2834694418 32.9877
4086632 3730000 594516201=111454579+292586097+215349182 139228856 2842726959 26.4506
4097561 3740000 596344284=111792862+293482665+216017659 139612182 2850807652 28.3264
4108439 3750000 598193673=112136711+294395739+216687720 140001474 2859027358 30.9325
4119319 3760000 600031342=112478174+295302182+217354611 140382271 2867100414 33.6318
4130276 3770000 601775420=112803457+296161714+217986977 140744723 2874772416 35.1905
4141183 3780000 603575343=113140168+297048522+218638665 141116881 2882655128 32.5656
4152093 3790000 605357888=113473027+297929805+219281395 141485262 2890463976 26.4102
4162989 3800000 607225564=113819520+298845200+219964243 141870234 2898615750 29.1054
4173910 3810000 609011404=114151393+299726941+220611152 142242878 2906522426 30.4982
4184895 3820000 610800344=114485341+300612280+221255876 142612150 2914341340 32.7363
4195828 3830000 612539294=114810261+301475332+221879618 142969733 2921947527 34.8944
4206739 3840000 614314267=115140779+302354612+222518823 143336148 2929716713 34.8323
4217677 3850000 616056393=115465149+303220049+223144048 143697800 2937349384 26.9907
4228607 3860000 617780283=115785327+304072285+223767062 144054803 2944901698 27.7562
4239510 3870000 619481410=116103114+304913123+224380691 144407515 2952378178 29.5862
4250423 3880000 621184395=116420732+305757681+224992434 144764543 2959913533 31.432
4261357 3890000 622866150=116736173+306595185+225591185 145108302 2967207879 33.8129
4272391 3900000 624582776=117063230+307431520+226220077 145458521 2974596713 30.8066
4283314 3910000 626316809=117388789+308283692+226848748 145816758 2982145158 26.5109
4294200 3920000 628000607=117704520+309113782+227457481 146161297 2989430057 26.639
4305160 3930000 629680550=118020474+309942049+228064086 146508452 2996766776 28.4503
4316083 3940000 631336621=118335147+310758075+228660128 146846677 3003911804 30.093
4326986 3950000 633109752=118668577+311623477+229309206 147208777 3011542726 35.1075
4337955 3960000 634733449=118976112+312418072+229899381 147536688 3018452080 25.5404
4348836 3970000 636358243=119284193+313221032+230482160 147869604 3025464596 23.19
4359757 3980000 637990593=119592004+314032767+231064132 148209404 3032612022 24.9962
4370729 3990000 639610609=119898014+314835811+231643448 148538447 3039582172 26.3844
4381681 4000000 641248980=120207297+315649801+232227712 148877574 3046726518 29.3679
4392555 4010000 642894024=120516993+316463410+232818933 149211286 3053784264 31.234
4403440 4020000 644498391=120818366+317255235+233397762 149542558 3060788628 29.0361
4414465 4030000 646078541=121116959+318037773+233963291 149867932 3067657525 22.4355
4425446 4040000 647667613=121417274+318827936+234528924 150194651 3074562262 23.831
4436408 4050000 649287197=121723231+319627528+235111860 150528296 3081608490 25.8692
4447331 4060000 650889059=122025362+320424945+235681771 150857515 3088565754 27.8155
4458226 4070000 652500798=122327951+321219556+236263716 151185614 3095480142 29.7437
4469117 4080000 654117208=122634434+322021328+236842110 151516444 3102476384 32.4381
4480047 4090000 655764591=122944187+322838288+237433004 151856461 3109629693 25.721
4490942 4100000 657357971=123245762+323625401+238004550 152183991 3116540521 23.2015
4501893 4110000 658922197=123540591+324395058+238569568 152501861 3123285984 24.0142
4512866 4120000 660479016=123835502+325163882+239128274 152820564 3130006844 26.9903
4523822 4130000 662062225=124132870+325946746+239697200 153141166 3136805131 28.2566
4534728 4140000 663638742=124430770+326729663+240259282 153461849 3143581896 30.2147
4545718 4150000 665184559=124723431+327491058+240816346 153776941 3150222731 30.2327
4556635 4160000 666724896=125014813+328249950+241371932 154089313 3156816637 22.3301
4567595 4170000 668221876=125298920+328993448+241904696 154394022 3163239358 22.7692
4578516 4180000 669748291=125588065+329746881+242452828 154702213 3169775250 24.277
4589453 4190000 671330200=125884464+330528880+243022357 155018787 3176480340 26.9364
4600387 4200000 672841457=126170447+331272719+243567920 155323882 3182880245 27.4875
4611320 4210000 674271342=126443344+331986475+244072288 155617097 3189056038 28.0911
4622248 4220000 675768866=126727194+332732126+244603872 155922243 3195511778 41.4871
4633106 4230000 677254562=127008907+333473618+245129353 156225160 3201921082 22.552
4644049 4240000 678789682=127298808+334236870+245676237 156538385 3208557610 23.4385
4655040 4250000 680281239=127580915+334976354+246209323 156842809 3214988242 23.989
4665924 4260000 681806476=127870163+335730918+246756120 157149744 3221481261 26.0068
4676832 4270000 683292406=128154029+336468642+247284731 157449352 3227780651 27.0524
4687741 4280000 684782466=128438396+337209726+247812683 157749755 3234134163 29.1015
4698685 4290000 686230443=128714346+337929525+248326580 158045957 3240373683 25.858
4709603 4300000 687776961=129005595+338695464+248881419 158357280 3246974236 22.0571
4720503 4310000 689305513=129294522+339455743+249425651 158669415 3253580359 23.0811
4731420 4320000 690838489=129585490+340222210+249966865 158982344 3260193410 25.0156
4742321 4330000 692372936=129875041+340985892+250512936 159295709 3266836437 26.5427
4753259 4340000 693933983=130169722+341760275+251070905 159613782 3273546932 28.9425
4764201 4350000 695518181=130470697+342563167+251617555 159927821 3280212612 31.6893
4775138 4360000 697115979=130774356+343363045+252183206 160247488 3286969358 28.6615
4786096 4370000 698712191=131077759+344159965+252749920 160568886 3293787489 23.3671
4797101 4380000 700285140=131376883+344950401+253303084 160885433 3300464689 24.0546
4808087 4390000 701923858=131688223+345766395+253887645 161210805 3307366280 26.8651
4819049 4400000 703588559=132001060+346594542+254481226 161545909 3314501552 29.2868
4830048 4410000 705237286=132313733+347422984+255062153 161882317 3321610343 31.6931
4841026 4420000 706883855=132621553+348235639+255656998 162214306 3328649259 33.5886
4852001 4430000 708503947=132926000+349038854+256238103 162543489 3335637459 23.7744
4862997 4440000 710198147=133242922+349878475+256847265 162883313 3342875300 25.8203
4873904 4450000 711861369=133556425+350703266+257442648 163215517 3349932305 26.9226
4884867 4460000 713566497=133875142+351543457+258060404 163557498 3357245955 29.7844
4895781 4470000 715273745=134196295+352390683+258673726 163901253 3364548020 31.9523
4906756 4480000 717082923=134534633+353283574+259330308 164263760 3372257480 43.1371
4917771 4490000 718926275=134875090+354186663+260006475 164640632 3380274454 27.6936
4928768 4500000 720744039=135213576+355074562+260673297 165009997 3388088533 27.5856
4939756 4510000 722515561=135542131+355944356+261319964 165374653 3395789523 29.1636
4950853 4520000 724341155=135879658+356834075+261993496 165750670 3403741408 32.367
4961839 4530000 726080472=136200997+357687937+262628770 166108031 3411306511 33.1693
4972832 4540000 727843511=136527190+358550640+263275298 166465183 3418869203 33.2192
4983782 4550000 729544168=136843990+359384418+263896014 166813711 3426187838 25.1199
4994759 4560000 731263850=137165703+360237314+264512469 167167582 3433690525 26.9123
5005677 4570000 732955704=137481293+361068442+265127825 167516581 3441067152 28.0963
5016605 4580000 734715404=137809281+361939611+265761654 167877917 3448712569 31.6638
5027569 4590000 736496891=138141148+362813409+266411697 168239822 3456368354 34.2635
5038460 4600000 738152221=138451437+363633981+267005860 168576975 3463501510 42.4663
5049344 4610000 739901180=138778127+364497546+267637136 168930210 3470999742 31.1209
5060214 4620000 741627386=139101660+365357193+268252786 169286884 3478524563 27.3996
5071166 4630000 743369554=139427389+366217351+268881825 169636068 3485963627 30.7947
5082077 4640000 745095325=139750598+367074498+269498999 169985959 3493420679 30.7996
5092952 4650000 746845262=140076115+367946151+270124959 170339236 3500974161 33.7203
5103888 4660000 748674013=140416913+368851068+270784379 170708241 3508848460 35.0072
5114792 4670000 750401820=140740385+369708924+271403375 171057712 3516274925 24.9578
5125741 4680000 752125361=141064665+370568288+272016064 171404313 3523672145 26.6937
5136717 4690000 753880064=141391180+371440625+272644618 171760831 3531264321 29.018
5147654 4700000 755634556=141719120+372312217+273272903 172115675 3538818923 31.5172
5158619 4710000 757408019=142049898+373189079+273912892 172472125 3546437449 34.0464
5169534 4720000 759157936=142381060+374057173+274537349 172825729 3553952610 42.0168
5180402 4730000 760934638=142713425+374939858+275173401 173181551 3561530650 29.622
5191291 4740000 762764624=143052784+375847014+275832696 173548858 3569378851 29.113
5202167 4750000 764567212=143388196+376735603+276485904 173913003 3577125748 30.8868
5213037 4760000 766393255=143725540+377632062+277154070 174276629 3584920488 33.2289
5223884 4770000 768165040=144057586+378508123+277791658 174633025 3592497709 35.1492
5234779 4780000 769872868=144376131+379358928+278401058 174982338 3599910099 43.1771
5245825 4790000 771646093=144703231+380233350+279045473 175340824 3607545229 28.2458
5256768 4800000 773440371=145035113+381119818+279695673 175701377 3615233644 29.248
5267626 4810000 775208045=145364275+381993632+280333622 176060084 3622861846 30.4476
5278527 4820000 776899703=145680955+382828917+280943941 176399292 3630090249 31.3105
5289476 4830000 778650170=146005325+383687156+281583824 176751442 3637597549 36.0122
5300488 4840000 780330080=146318545+384517628+282189741 177090329 3644804173 27.2629
5311384 4850000 782036545=146636438+385361708+282805294 177433602 3652098653 25.293
5322312 4860000 783786925=146961814+386226328+283438611 177783742 3659566077 27.5338
5333136 4870000 785593111=147297767+387117255+284092723 178144820 3667237049 30.5053
5344051 4880000 787354037=147624946+387984692+284732424 178493892 3674672932 32.4497
5354961 4890000 789116732=147953500+388852388+285372395 178848272 3682217243 34.9832
5365866 4900000 790874886=148280101+389715570+286013641 179196454 3689656816 30.9778
5376756 4910000 792570068=148597470+390551122+286627081 179531823 3696806429 25.0324
5387675 4920000 794264825=148914834+391387274+287239187 179869252 3703980692 26.6054
5398578 4930000 795971815=149235660+392232431+287851548 180210106 3711238633 28.9413
5409490 4940000 797641784=149548072+393058300+288453158 180545005 3718370536 30.5833
5420355 4950000 799394756=149874493+393921869+289089186 180893084 3725778901 34.6701
5431223 4960000 801084148=150189624+394755979+289699618 181230027 3732980348 41.6058
5442092 4970000 802745703=150502114+395575731+290299182 181560313 3739996558 28.9713
5453015 4980000 804457905=150821179+396418723+290920363 181898879 3747203296 29.1385
5463959 4990000 806143436=151136489+397249891+291530083 182237378 3754376018 30.0487
5474924 5000000 807775681=151440672+398050259+292125353 182564228 3761299901 30.1814
5485938 5010000 809484290=151758949+398893507+292743598 182900611 3768495146 33.4233
5496880 5020000 811106090=152063650+399696114+293326862 183225507 3775382112 29.752
5507833 5030000 812817379=152383428+400545359+293940998 183565451 3782612340 24.4644
5518806 5040000 814470693=152692675+401361024+294538284 183894970 3789639381 25.3667
5529757 5050000 816113174=153001270+402175340+295126807 184222105 3796600213 27.068
5540663 5060000 817783063=153313085+402998236+295731416 184552066 3803607552 31.0056
5551636 5070000 819461629=153625775+403825819+296339184 184884214 3810710714 32.5379
5562596 5080000 821094289=153930361+404626331+296934695 185208245 3817624427 33.7531
5573494 5090000 822762213=154241238+405446469+297540974 185538626 3824696127 24.5144
5584492 5100000 824385541=154544827+406244382+298130451 185861348 3831561516 24.9416
5595555 5110000 825951870=154839154+407016532+298696009 186171886 3838139642 25.4407
5606569 5120000 827542595=155140161+407798955+299270260 186486256 3844818361 27.4521
5617545 5130000 829080168=155427982+408554502+299828711 186791478 3851283215 28.7431
5628539 5140000 830634683=155720750+409319029+300391471 187097000 3857776906 31.8546
5639565 5150000 832229703=156019871+410105741+300967174 187415853 3864558985 45.0232
5650481 5160000 833831506=156319937+410895847+301545833 187733247 3871324717 26.6703
5661351 5170000 835381615=156612226+411656300+302108382 188036372 3877762193 25.073
5672329 5180000 836895004=156897616+412400021+302656215 188335170 3884116660 26.1105
5683321 5190000 838485513=157195642+413181056+303234316 188649674 3890810276 28.6007
5694245 5200000 840005507=157481293+413933142+303780793 188949628 3897183034 29.2979
5705118 5210000 841485690=157761333+414662556+304313834 189243324 3903426154 31.2646
5716075 5220000 843029484=158052493+415422655+304870910 189550345 3909941771 22.8186
5727055 5230000 844560551=158344178+416177255+305421107 189850066 3916321349 23.4228
5738016 5240000 846066545=158628281+416919636+305964172 190147746 3922657910 24.3128
5748974 5250000 847520466=158903789+417637160+306486406 190434147 3928745123 24.721
5759968 5260000 848970381=159180111+418353381+307005284 190715219 3934715953 26.4271
5770885 5270000 850425948=159455484+419069898+307530759 191000394 3940778477 28.104
5781844 5280000 851880758=159732824+419791600+308049351 191288638 3946908198 33.4577
5792838 5290000 853370042=160012803+420524871+308588197 191581961 3953160414 25.5786
5803819 5300000 854850914=160293448+421256427+309119357 191871451 3959304336 22.6472
5814801 5310000 856312584=160570872+421979139+309642529 192157043 3965402239 23.3819
5825826 5320000 857808041=160854860+422722350+310174507 192450895 3971665034 25.324
5836769 5330000 859308279=161139362+423466552+310710326 192744152 3977915519 26.8403
5847728 5340000 860774675=161417096+424194679+311233108 193031343 3984043511 27.9934
5858710 5350000 862262229=161698562+424933931+311762482 193322287 3990219339 37.06
5869730 5360000 863677756=161968528+425638980+312263564 193601040 3996119251 22.5936
5880647 5370000 865197681=162255208+426390455+312809592 193895893 4002410054 23.2736
5891635 5380000 866692111=162538263+427128065+313346401 194187869 4008596910 23.843
5902588 5390000 868219603=162826786+427883969+313893716 194487948 4014974009 25.8429
5913534 5400000 869733844=163113777+428633916+314436172 194786842 4021314102 28.1344
5924489 5410000 871284387=163408764+429406719+314985698 195090158 4027777908 29.9799
5935564 5420000 872803828=163695858+430161816+315527316 195390467 4034169563 34.5797
5946595 5430000 874374041=163992938+430939196+316088939 195701282 4040779273 24.6558
5957566 5440000 875948667=164290095+431724036+316647863 196013895 4047448063 25.0009
5968610 5450000 877584772=164593681+432523285+317247977 196329474 4054234478 26.7837
5979615 5460000 879199520=164898903+433324996+317824196 196645994 4060972098 28.3342
5990618 5470000 880863952=165212712+434148181+318421526 196971180 4067905857 31.0468
6001592 5480000 882588289=165535622+435005766+319037165 197313106 4075218818 40.8697
6012521 5490000 884279345=165852407+435842053+319646032 197647435 4082355764 39.0296
6023532 5500000 886017730=166177725+436698761+320275794 197993299 4089728806 28.4349
6034529 5510000 887747714=166498666+437553681+320900610 198338936 4097115677 28.5373
6045561 5520000 889467909=166819559+438400408+321524821 198681694 4104423485 30.2704
6056535 5530000 891150898=167134109+439230044+322134654 199020032 4111613489 31.8749
6067584 5540000 892878185=167454867+440080613+322761767 199363212 4118932302 35.5029
6078684 5550000 894541317=167766129+440894615+323369088 199690748 4125872726 45.5604
6089671 5560000 896213401=168077310+441718653+323974873 200023658 4132965649 29.8548
6100615 5570000 897865329=168382405+442527840+324580099 200355067 4140034713 28.3244
6111539 5580000 899538512=168694102+443352059+325186894 200690729 4147158003 29.5922
6122490 5590000 901227782=169008307+444182462+325801625 201026902 4154304210 31.6144
6133442 5600000 902883469=169317149+444999907+326399835 201353977 4161293046 33.1724
6144430 5610000 904536849=169625465+445813474+326999770 201682029 4168260902 45.2519
6155425 5620000 906225735=169936457+446644246+327615652 202013495 4175379774 26.253
6166380 5630000 907921002=170249070+447472037+328240503 202347149 4182497295 27.4418
6177346 5640000 909597630=170560320+448293451+328853340 202672297 4189461772 28.617
6188339 5650000 911238859=170868043+449102515+329446293 202993737 4196333419 30.0561
6199296 5660000 912919236=171180572+449927341+330059168 203321567 4203353211 32.7029
6210250 5670000 914562220=171485227+450737010+330655342 203640781 4210220165 38.1742
6221167 5680000 916241214=171796339+451564963+331264507 203972782 4217299895 25.9827
6232193 5690000 917937276=172110725+452401163+331879430 204303215 4224401752 27.1166
6243114 5700000 919648118=172427523+453239163+332505989 204635230 4231525179 28.8026
6254073 5710000 921358002=172743284+454077569+333131805 204968545 4238705394 30.7646
6265015 5720000 923032730=173055313+454897819+333743919 205293087 4245684075 32.435
6276014 5730000 924653090=173358474+455701361+334325377 205610326 4252476272 50.1101
6286999 5740000 926305191=173667219+456521344+334918155 205932043 4259376436 29.3809
6298011 5750000 927983267=173979104+457349922+335525033 206256921 4266362813 27.3808
6308975 5760000 929720147=174299300+458203541+336159064 206595120 4273637390 29.1054
6319974 5770000 931384551=174610225+459021201+336764405 206919586 4280561373 29.7918
6330997 5780000 933057737=174918495+459842291+337377384 207242361 4287514161 32.0393
6342023 5790000 934715187=175227642+460662847+337973598 207565045 4294452761 39.5208
6353038 5800000 936303833=175525507+461445481+338547931 207870260 4300991410 35.4748
6364053 5810000 937919526=175828505+462245614+339128170 208186353 4307767784 27.4964
6375072 5820000 939566744=176134284+463055957+339727330 208507012 4314648673 27.8154
6386024 5830000 941173988=176436340+463839159+340315770 208816452 4321271233 28.4251
6396912 5840000 942810393=176742215+464644399+340909038 209132895 4328057933 30.8395
6407907 5850000 944407315=177040301+465433572+341484608 209444502 4334722941 32.5763
6418859 5860000 946064496=177349297+466246321+342088932 209770166 4341653650 58.0991
6429878 5870000 947690454=177653631+467054589+342670160 210087562 4348471748 34.1681
6440860 5880000 949239816=177942634+467813671+343235182 210387480 4354872867 30.0698
6451839 5890000 950824891=178239942+468593998+343808466 210696504 4361481961 30.7163
6462899 5900000 952422731=178539099+469376872+344390780 211009803 4368132998 31.6924
6473837 5910000 953992429=178832698+470148183+344960993 211315149 4374665915 33.276
6484815 5920000 955557457=179126595+470918249+345527810 211619184 4381143603 46.6357
6495784 5930000 957156026=179426943+471708730+346102775 211933359 4387856776 39.8724
6506753 5940000 958731656=179723269+472483885+346672313 212239459 4394388428 33.1308
6517671 5950000 960309110=180019161+473254461+347249455 212547447 4400951189 31.7427
6528600 5960000 961879230=180316031+474031864+347811744 212852902 4407473809 31.4067
6539600 5970000 963468051=180614826+474805676+348393716 213164602 4414096466 32.3431
6550555 5980000 965057397=180915023+475592691+348962547 213474759 4420717827 34.0342
6561522 5990000 966614565=181206312+476358833+349526708 213775640 4427169426 59.7048
6572495 6000000 968142202=181494899+477117011+350071608 214075155 4433548042 37.6152
Total lines processed: 6000567
rchar: 1520747744084
wchar: 113006736666
syscr: 373004052
syscw: 1109122411
read_bytes: 9226063872
write_bytes: 113023082496
cancelled_write_bytes: 40747970560
18019656
220748208
