top - 00:26:57 up  7:59,  1 user,  load average: 1.17, 1.14, 1.15
Tasks: 217 total,   2 running, 215 sleeping,   0 stopped,   0 zombie
%Cpu(s): 17.0 us,  2.7 sy,  0.0 ni, 79.8 id,  0.2 wa,  0.0 hi,  0.2 si,  0.0 st
MiB Mem :   7858.5 total,    121.8 free,   2337.4 used,   5399.2 buff/cache
MiB Swap:   2048.0 total,      0.4 free,   2047.6 used.   5115.3 avail Mem 

    PID USER      PR  NI    VIRT    RES    SHR S  %CPU  %MEM     TIME+ COMMAND  
   4678 arun      20   0 8269436   1.7g   3364 R  76.2  21.8 405:26.27 a.out    
    105 root      20   0       0      0      0 S   1.0   0.0   0:37.67 kswapd0  
   1115 arun      20   0 5404584 169744  49492 S   1.0   2.1   2:16.36 gnome-s+ 
   2062 arun      20   0  629208  37760  20652 S   1.0   0.5   0:50.02 gnome-t+ 
   6418 arun      20   0   21932   2620   1812 R   1.0   0.0   0:17.63 top      
      1 root      20   0  166852   6520   3548 S   0.0   0.1   0:01.86 systemd  
      2 root      20   0       0      0      0 S   0.0   0.0   0:00.00 kthreadd 
      3 root       0 -20       0      0      0 I   0.0   0.0   0:00.00 rcu_gp   
      4 root       0 -20       0      0      0 I   0.0   0.0   0:00.00 rcu_par+ 
      5 root       0 -20       0      0      0 I   0.0   0.0   0:00.00 netns    
      7 root       0 -20       0      0      0 I   0.0   0.0   0:00.00 kworker+ 
      9 root       0 -20       0      0      0 I   0.0   0.0   0:00.51 kworker+ 
     10 root       0 -20       0      0      0 I   0.0   0.0   0:00.00 mm_perc+ 
     11 root      20   0       0      0      0 S   0.0   0.0   0:00.00 rcu_tas+ 
     12 root      20   0       0      0      0 S   0.0   0.0   0:00.00 rcu_tas+ 
     13 root      20   0       0      0      0 S   0.0   0.0   0:00.77 ksoftir+ 
     14 root      20   0       0      0      0 I   0.0   0.0   0:05.55 rcu_sch+ 

