arun@arun-h110:~/git/Text_frequency_research$ ./a.out RC_2013-04.zst 250000 4096 test.ix
Csz: 250000, pgsz: 4096
10988 100001502009=280567+736357+547318 724428 11488705 14.2986
22023 200002970299=556558+1459020+1077812 1304000 21520925 14.972
33024 300004455591=837142+2190955+1612898 1859509 31399521 17.0622
44043 400006021768=1126498+2950354+2194339 2413594 41385127 19.1442
55121 500007457432=1399039+3657323+2711810 2911567 50455271 16.4177
66115 600008882525=1666288+4349737+3237298 3385529 59177558 15.784
77117 7000010323681=1938542+5063745+3753209 3866943 68067889 16.2838
88102 8000011702242=2200826+5741136+4250267 4317541 76421412 15.4295
99095 9000013139065=2468368+6445510+4774403 4781230 85047761 15.7763
110113 10000014570300=2739305+7152735+5287868 5233852 93548450 16.2909
121109 11000015981984=3006512+7851613+5792984 5680743 101973068 16.5958
132028 12000017532484=3286822+8590277+6386159 6134464 110568395 18.2461
142990 13000018986448=3562710+9311119+6905248 6579990 119045918 17.6592
153925 14000020474477=3841729+10051396+7435263 7031485 127656306 18.5261
164855 15000021982251=4126056+10796461+7976893 7487354 136380943 18.3843
175812 16000023584909=4417148+11560934+8588302 7950316 145256002 18.4763
186797 17000025060643=4694278+12291216+9118384 8394369 153758386 17.6744
197847 18000026594805=4977567+13035840+9687961 8841770 162371776 18.8979
208776 19000028107430=5261667+13783743+10232285 9285053 170942349 19.0602
219728 20000029612928=5546285+14529981+10770299 9723903 179428839 19.3135
230584 21000031176719=5839236+15302598+11333221 10175015 188163605 20.0174
241548 22000032683216=6122373+16045650+11876729 10610842 196619592 19.4026
252514 23000034281334=6415992+16823378+12467909 11064622 205434477 19.0556
263483 24000035779646=6698842+17564571+13004988 11494774 213795605 18.6598
274496 25000037310769=6986369+18323484+13553505 11932058 222359802 19.5372
285461 26000038803051=7268863+19066410+14083606 12356519 230660924 19.5035
296415 27000040291660=7548931+19800727+14620226 12777970 238892561 19.8873
307437 28000041798390=7832680+20548382+15159093 13201824 247196867 20.5705
318462 29000043400958=8135339+21341253+15733409 13653901 256015581 22.2239
329483 30000045028067=8442234+22155263+16308545 14117159 265110225 20.3777
340525 31000046615498=8738046+22934138+16886727 14555265 273682033 20.5553
351480 32000048198444=9038935+23721499+17447383 14991615 282250655 21.1571
362496 33000049733444=9330284+24482692+17993474 15416975 290564237 20.958
373551 34000051290420=9626097+25253246+18550462 15847763 298996338 21.6239
384689 35000052863841=9922129+26021395+19125405 16284305 307559202 21.8191
395874 36000054481113=10221859+26805577+19724920 16735237 316371214 22.2261
406862 37000056127737=10531055+27599843+20335875 17190097 325283378 22.0657
417894 38000057710652=10827571+28373736+20913921 17631263 333906410 21.7703
428912 39000059267668=11118998+29134387+21483671 18060871 342338475 21.7249
439874 40000060798949=11403897+29878773+22048738 18476715 350486455 21.6596
450859 41000062344803=11692810+30638301+22610561 18901107 358833305 22.3629
461847 42000063844431=11974358+31373784+23155226 19310242 366871397 21.8083
472807 43000065437780=12274970+32155539+23733015 19740972 375381579 22.653
483790 44000067045767=12575174+32948774+24314528 20179479 384041011 22.3761
494708 45000068699472=12883619+33764275+24912530 20625676 392892654 23.7757
505590 46000070351532=13192036+34579703+25508940 21071218 401750774 24.4033
516566 47000071990802=13497983+35383004+26106829 21508583 410470599 24.5769
527520 48000073645399=13806248+36198720+26705964 21953062 419288194 25.0001
538466 49000075322036=14118226+37019796+27319560 22398801 428130274 25.5202
549399 50000077023425=14443739+37852951+27939452 22849963 437066010 25.0722
560288 51000078683779=14754211+38673947+28537979 23287498 445791427 24.1318
571192 52000080352712=15063905+39495351+29144443 23729343 454656302 24.799
582148 53000082036336=15378372+40322769+29756566 24172076 463508781 25.3013
593039 54000083771290=15699382+41171815+30392891 24620123 472537798 26.2899
604123 55000085292841=15985696+41911091+30952926 25012387 480336164 23.3906
615220 56000086578406=16228956+42541143+31420369 25342477 486883744 19.5519
626410 57000087844101=16466215+43152805+31889826 25663505 493289872 16.0836
637646 58000089076810=16700413+43755344+32338702 25976536 499495435 14.4786
648847 59000090374030=16941574+44376422+32827115 26289582 505701515 15.2783
660023 60000091532382=17161983+44938682+33251932 26579773 511446607 13.9212
671169 61000092677881=17380618+45496976+33670550 26865997 517144192 13.8547
682330 62000093822077=17600425+46050280+34090645 27149489 522766145 14.0563
693457 63000095055697=17831544+46649550+34545330 27449102 528739203 15.9215
704731 64000096294487=18063003+47246521+35007532 27750584 534759814 15.7414
715916 65000097439920=18281492+47802828+35427035 28032740 540355475 13.759
727122 66000098670868=18515586+48399959+35879326 28332960 546327288 14.4938
738273 67000099875743=18744879+48985343+36321344 28627479 552181582 14.6099
749495 680000101042383=18969139+49551143+36748337 28909093 557758352 14.3547
760693 690000102254980=19199662+50136770+37196455 29208074 563672417 15.273
771972 700000103465720=19428892+50723315+37642786 29504619 569604261 15.4307
783287 710000104639900=19653350+51296043+38070532 29791070 575306361 15.194
794503 720000105795637=19874772+51860524+38490375 30074285 580941618 15.3491
805629 730000107012879=20104345+52440052+38949652 30369244 586801910 16.2407
816809 740000108170750=20322040+52988329+39390324 30645009 592258641 14.5296
827890 750000109346023=20541989+53535547+39846975 30919386 597675674 14.6179
839058 760000110457274=20754203+54068761+40260181 31181851 602897939 14.3411
850231 770000111644530=20977813+54640699+40701567 31465916 608570392 15.6379
861324 780000112756712=21190675+55177904+41111668 31735368 613901813 14.8789
872344 790000113901230=21409743+55727856+41536166 32005957 619288968 15.3759
883522 800000115052446=21630279+56283615+41960828 32277957 624717405 15.5992
894714 810000116160183=21843397+56812897+42374928 32542965 630017778 15.2149
905844 820000117283223=22058021+57355645+42788962 32808193 635317081 15.6294
916882 830000118549967=22298052+57962861+43262652 33112986 641355687 17.2076
927964 840000119743936=22526809+58544733+43697164 33403668 647134570 15.7459
939033 850000121004026=22765154+59154770+44162145 33710288 653283461 16.9721
950128 860000122238911=23000263+59758465+44610481 34012154 659338325 16.9
961260 870000123458245=23233306+60350981+45056196 34308206 665225072 16.8913
972424 880000124673076=23464513+60935225+45507237 34602521 671077928 16.9604
983571 890000125884344=23693920+61524697+45951042 34898068 676990940 17.3499
994789 900000127057734=23916914+62089299+46386563 35176038 682573980 16.713
1005944 910000128303145=24152135+62684289+46852631 35457732 688208181 17.5605
1017100 920000129430532=24368313+63227679+47268900 35725100 693526311 15.7289
1028294 930000130528677=24578028+63757612+47674284 35985157 698709750 15.1859
1039422 940000131687827=24798360+64320403+48099629 36262004 704235493 16.5
1050473 950000132854633=25020472+64887893+48525919 36537275 709751562 16.7142
1061568 960000134043070=25250333+65467521+48956681 36810658 715188548 17.2645
1072599 970000135291847=25485760+66067542+49422293 37097971 720951680 18.3418
1083733 980000136399100=25701026+66611278+49818919 37356324 726128080 16.7345
1094785 990000137519050=25917257+67155540+50227043 37621628 731417183 16.9912
1105876 1000000138665713=26137695+67717784+50640862 37892335 736863406 17.6413
1117034 1010000139787403=26354448+68264708+51048328 38158208 742192692 16.7694
1128112 1020000140921791=26573668+68822755+51454807 38428601 747595411 16.2331
1139060 1030000142169262=26814500+69435817+51902697 38730926 753653304 18.5872
1150007 1040000143561529=27079998+70114418+52410413 39067197 760429927 21.0769
1160894 1050000144998334=27351326+70820475+52930359 39418431 767518588 22.2583
1171814 1060000146379096=27613815+71499763+53428048 39756404 774340806 21.8155
1182789 1070000147771413=27879098+72187374+53926681 40097086 781204891 22.33
1193726 1080000149134067=28139227+72857138+54417549 40427737 787873456 22.0483
1204582 1090000150558189=28410800+73563244+54924922 40778816 794934169 22.5548
1215452 1100000152005113=28686816+74275924+55445128 41126253 801964661 22.5507
1226363 1110000153500823=28969235+75014161+55983169 41488997 809321586 24.0582
1237247 1120000154937436=29243149+75724625+56496704 41834675 816311011 23.4449
1248176 1130000156402735=29522272+76447278+57022338 42189168 823477412 24.2528
1259068 1140000157861130=29797985+77168674+57545265 42544709 830703121 24.5157
1269968 1150000159329507=30076803+77900612+58066164 42900921 837911025 25.48
1280888 1160000160787360=30353505+78624948+58585504 43259038 845153532 24.6009
1291754 1170000162257086=30632524+79353396+59110035 43616530 852390396 23.7735
1302652 1180000163740225=30914948+80088433+59638609 43973446 859630582 25.4326
1313613 1190000165222365=31196415+80824289+60167001 44333272 866919127 25.3266
1324596 1200000166705142=31477697+81562307+60693492 44691789 874209549 25.794
1335456 1210000168224635=31765451+82316176+61235830 45060448 881695761 26.9087
1346441 1220000169783151=32059976+83084342+61797326 45431680 889259832 27.5562
1357399 1230000171340127=32353047+83856368+62354089 45805507 896867458 27.6724
1368385 1240000172947613=32655799+84649796+62933488 46189162 904682894 26.8575
1379469 1250000174578358=32960715+85458237+63518400 46583244 912746093 19.8515
1390543 1260000176216496=33265768+86260659+64117377 46972835 920701140 19.8847
1401635 1270000177844400=33572064+87068311+64699573 47366659 928758879 20.3999
1412662 1280000179448464=33876559+87868585+65267070 47755568 936677787 20.2035
1423732 1290000181048818=34176735+88658077+65844470 48141843 944571131 20.2105
1434749 1300000182708017=34486060+89473649+66447223 48540066 952734088 20.4704
1445738 1310000184393707=34802515+90300279+67060585 48949568 961030511 21.1033
1456743 1320000186070233=35117420+91124338+67668658 49354081 969253651 21.5212
1467716 1330000187826318=35446440+91987570+68306202 49774959 977844862 22.8954
1478847 1340000189576204=35770547+92843092+68948286 50197073 986457999 23.2956
1489858 1350000191293706=36091274+93689714+69570365 50614548 994946428 24.4419
1500812 1360000192945491=36397576+94496222+70177412 51014871 1003066162 22.2509
1511816 1370000194629037=36712329+95326971+70785495 51419409 1011298070 21.8661
1522795 1380000196261107=37016280+96132860+71375071 51814894 1019317597 21.897
1533703 1390000197916580=37324592+96947275+71976458 52220059 1027486142 22.5402
1544569 1400000199559259=37633478+97759355+72566898 52615273 1035528876 22.9669
1555499 1410000201315494=37961628+98624605+73202706 53036127 1044144643 24.7838
1566395 1420000203040851=38283744+99480615+73821800 53449876 1052633806 24.6962
1577238 1430000204769957=38606559+100338547+74442479 53869596 1061171918 23.3249
1588118 1440000206501964=38930451+101195825+75064964 54287588 1069705174 24.3278
1598949 1450000208268958=39258963+102068645+75703593 54709043 1078364414 25.2549
1609797 1460000210044947=39588611+102945770+76346406 55131035 1087042665 25.7933
1620630 1470000211794585=39917933+103814704+76971470 55544032 1095529322 25.7406
1631477 1480000213544045=40245037+104679189+77602221 55961179 1104076487 25.9201
1642373 1490000215341282=40581295+105569208+78248299 56384566 1112777572 25.0623
1653233 1500000217140861=40916401+106459891+78897104 56809354 1121511348 26.2277
1664130 1510000218918863=41246819+107335188+79542979 57225008 1130075284 26.6052
1675034 1520000220707784=41578832+108217124+80191733 57643769 1138712325 27.4303
1685958 1530000222527080=41916354+109112653+80853015 58067919 1147498384 28.1293
1696847 1540000224315178=42247473+109988212+81508049 58486334 1156126542 27.7418
1707676 1550000226145550=42585444+110889061+82174592 58915737 1164993171 27.2415
1718573 1560000227977335=42923424+111787999+82844857 59343245 1173843749 28.3492
1729487 1570000229753615=43251320+112659502+83494703 59756514 1182380985 28.1383
1740347 1580000231553104=43584046+113540125+84154536 60174689 1191029196 28.7523
1751207 1590000233379940=43922520+114439161+84819335 60599045 1199794240 29.652
1762023 1600000235155843=44253361+115316780+85460372 61012450 1208295423 28.5994
1772878 1610000236929770=44581602+116184385+86111454 61425120 1216805768 27.7944
1783723 1620000238688807=44908360+117054935+86745918 61833822 1225267904 28.9401
1794607 1630000240464479=45236722+117925167+87395629 62246455 1233797145 29.8685
1805498 1640000242254153=45568300+118810419+88042816 62661470 1242396543 30.4205
1816421 1650000244050465=45899876+119697682+88694298 63084105 1251085037 31.1538
1827273 1660000245854599=46234183+120581771+89354321 63502636 1259702163 30.6346
1838160 1670000247658504=46569017+121468086+90011465 63924060 1268390046 30.2122
1849005 1680000249430278=46895842+122335533+90661291 64332185 1276866590 30.5253
1859879 1690000251131279=47212315+123178813+91272934 64726844 1285037297 30.0184
1870739 1700000252891045=47539369+124052324+91905247 65133531 1293447435 31.9416
1881698 1710000254580511=47855132+124886720+92515242 65521779 1301428351 30.5019
1892578 1720000256293646=48175630+125733252+93133036 65914900 1309522057 30.5604
1903425 1730000258022915=48497011+126587322+93759138 66313483 1317768398 27.2236
1914319 1740000259815209=48830592+127465985+94414637 66723325 1326233129 22.6211
1925121 1750000261541348=49152781+128320704+95035878 67120284 1334453069 22.3614
1936035 1760000263330395=49486167+129206644+95680325 67535314 1343015263 23.6627
1946942 1770000265050284=49805914+130048834+96309106 67922859 1351057594 23.0734
1957829 1780000266753303=50124838+130892409+96920932 68313114 1359150797 22.5269
1968722 1790000268493552=50448739+131746780+97555161 68711964 1367431348 22.1329
1979581 1800000270164288=50760785+132567358+98163038 69097026 1375353322 22.2336
1990482 1810000271830252=51072079+133383609+98770962 69474663 1383165121 22.5113
2001382 1820000273492871=51381902+134197434+99378998 69858002 1391040276 22.7687
2012247 1830000275187120=51698829+135031055+99993704 70243105 1398978795 23.6017
2023129 1840000276861603=52011532+135854419+100601958 70624513 1406842582 23.6869
2034053 1850000278586086=52334286+136703614+101226354 71015447 1414945189 23.0952
2044917 1860000280251224=52646494+137526857+101826009 71390974 1422729047 22.9394
2055814 1870000281924750=52958788+138352252+102431703 71779956 1430720300 23.6009
2066728 1880000283579260=53268199+139169715+103028509 72155055 1438507060 24.021
2077660 1890000285237044=53579292+139988643+103625286 72530213 1446289440 24.2461
2088614 1900000286912655=53892335+140810185+104236352 72908955 1454115411 24.9262
2099586 1910000288616243=54209093+141647327+104856783 73291454 1462059367 23.8633
2110524 1920000290241237=54514629+142446303+105445717 73658909 1469670726 23.1472
2121483 1930000291923570=54829825+143276743+106052519 74042542 1477612204 24.8207
2132440 1940000293565784=55136148+144083806+106649839 74414407 1485304893 24.8879
2143340 1950000295239019=55448867+144906211+107257969 74792908 1493152058 25.9172
2154286 1960000296860107=55753648+145703015+107845359 75156658 1500685321 25.134
2165157 1970000298412591=56044542+146464173+108410700 75503964 1507860545 23.5342
2176142 1980000299979496=56338337+147235354+108978397 75854988 1515130944 23.0446
2187090 1990000301618575=56644428+148044181+109570873 76226703 1522833824 24.9451
2198031 2000000303185210=56938923+148817650+110135184 76581126 1530167816 24.4822
2208970 2010000304752540=57232180+149587337+110705170 76930010 1537416843 24.6669
2219875 2020000306334455=57532948+150371332+111270400 77285078 1544777988 25.236
2230717 2030000307845651=57817948+151122157+111809532 77622429 1551784219 24.4175
2241553 2040000309373570=58105978+151881084+112355392 77967769 1558950222 25.6208
2252478 2050000310917801=58397346+152645204+112909519 78315240 1566151635 25.113
2263400 2060000312460636=58688083+153405052+113466755 78660923 1573288073 25.2395
2274335 2070000314006113=58979074+154169481+114021866 79003644 1580398682 25.4719
2285238 2080000315479761=59257781+154893633+114554732 79329432 1587129455 24.7556
2296195 2090000317001742=59547160+155648315+115097246 79666132 1594122519 25.9501
2307093 2100000318548784=59841585+156419314+115645210 80006972 1601201263 26.682
2317991 2110000320065310=60129116+157167613+116190543 80341386 1608147894 24.9316
2328915 2120000321540226=60409484+157900375+116714932 80668637 1614946232 24.8049
2339889 2130000323065272=60697602+158658425+117258241 81010738 1622038984 26.2487
2350849 2140000324569276=60981045+159406540+117794073 81344724 1628969389 26.4199
2361818 2150000326046163=61261072+160142425+118317711 81674558 1635802185 26.4204
2372703 2160000327582195=61550056+160900281+118871928 82014026 1642865507 27.6114
2383611 2170000329020933=61822910+161615512+119384128 82333142 1649488435 26.1001
2394538 2180000330471640=62098697+162341500+119894769 82656405 1656191126 25.6057
2405448 2190000332047282=62396171+163128686+120452548 83005937 1663453729 28.1933
2416385 2200000333572677=62685022+163886371+120996698 83341993 1670451839 27.9265
2427291 2210000335055154=62966105+164620723+121527332 83670167 1677251608 27.6468
2438224 2220000336562228=63251799+165373345+122060347 84004552 1684192176 28.3284
2449156 2230000338098470=63544181+166137065+122607037 84342981 1691225782 28.9174
2460085 2240000339674657=63843460+166921569+123166530 84693258 1698475254 29.9956
2471031 2250000341328221=64154313+167736404+123763464 85059261 1706083482 30.892
2481891 2260000342920094=64455060+168519044+124339193 85408386 1713327287 21.6187
2492839 2270000344524932=64756130+169308970+124920291 85760186 1720666075 21.4711
2503770 2280000346165173=65065475+170120749+125508611 86122830 1728230888 22.3065
2514685 2290000347777859=65367628+170914357+126092672 86476285 1735598712 22.3224
2525687 2300000349430556=65676533+171726819+126692647 86836401 1743134403 23.142
2536614 2310000351071462=65982636+172534843+127287338 87198816 1750681490 22.3751
2547690 2320000352775789=66300993+173374078+127904919 87578741 1758571156 22.8498
2558712 2330000354479327=66619347+174214406+128520924 87955318 1766414556 23.4479
2569709 2340000356119816=66929029+175032721+129102657 88316989 1773961185 23.1743
2580699 2350000357866975=67253212+175889572+129740737 88703946 1782060228 24.9573
2591715 2360000359567798=67570319+176725970+130359050 89078946 1789866813 24.7042
2602831 2370000361333804=67899239+177596044+130999241 89472502 1798048021 25.5295
2613986 2380000363142494=68230806+178475866+131670096 89869617 1806371814 24.881
2624949 2390000364958248=68564735+179361240+132340268 90276621 1814848949 26.1857
2635909 2400000366793742=68902584+180257977+133015990 90691352 1823454653 27.3198
2646913 2410000368547157=69226360+181113701+133662101 91086993 1831642421 27.5795
2657884 2420000370250743=69543018+181948977+134283775 91464476 1839475084 26.3514
2668918 2430000371945334=69856854+182774867+134907321 91841763 1847251916 25.6851
2679809 2440000373593593=70165486+183587194+135502816 92215283 1854958726 24.1912
2690746 2450000375264732=70476391+184414187+136105363 92589418 1862764357 25.6149
2701594 2460000377026942=70804695+185280946+136745118 92981776 1870925190 27.46
2712475 2470000378737275=71123412+186129022+137359567 93361281 1878850975 27.3403
2723357 2480000380487328=71448458+186993347+137992245 93745279 1886852613 28.0831
2734166 2490000382198024=71767925+187837149+138610940 94122889 1894724485 27.3594
2745023 2500000383959910=72094368+188705051+139251002 94507770 1902743892 26.5707
2755880 2510000385703183=72418174+189565646+139881674 94893194 1910806421 27.3336
2766772 2520000387463931=72744988+190431472+140522086 95281544 1918915622 28.2719
2777605 2530000389210244=73071112+191290844+141155276 95663121 1926926977 28.6153
2788466 2540000390993925=73405001+192169511+141801295 96054535 1935126695 29.5808
2799329 2550000392854436=73747080+193084041+142481179 96463295 1943733787 30.6367
2810193 2560000394586175=74069906+193939383+143107047 96849254 1951753714 27.9156
2821115 2570000396373854=74400331+194815983+143761024 97241328 1959965205 29.628
2832025 2580000398201283=74740010+195716692+144423960 97643344 1968366062 31.0375
2842894 2590000399960875=75065982+196579442+145067439 98028803 1976421606 30.353
2853742 2600000401811634=75407233+197492344+145739777 98435145 1984952513 32.4201
2864632 2610000403667966=75750169+198409680+146411818 98837554 1993405751 32.2043
2875503 2620000405501187=76090975+199311909+147078283 99237395 2001760282 31.387
2886360 2630000407318394=76428580+200209416+147736246 99634061 2010065431 32.0903
2897239 2640000409133084=76766405+201102314+148395438 100028982 2018321075 32.6746
2908079 2650000410998892=77114178+202021249+149071777 100436420 2026866993 34.104
2919336 2660000412865095=77458535+202937691+149753790 100835218 2035245605 34.0191
2930193 2670000414758028=77807462+203871479+150441590 101245864 2043888985 33.6526
2941058 2680000416562298=78141604+204760082+151097021 101639613 2052172987 32.8641
2951948 2690000418394567=78482060+205663987+151760410 102035567 2060491460 34.047
2962792 2700000420187245=78815085+206550897+152407374 102426328 2068674953 34.2476
2973731 2710000421964447=79147445+207422084+153055205 102805367 2076645165 33.9702
2984605 2720000423762171=79480129+208299528+153716891 103190636 2084725993 34.6696
2995574 2730000425541780=79809047+209170707+154369183 103575039 2092775415 35.4637
3006468 2740000427360559=80145053+210063381+155033678 103970288 2101095315 39.261
3017345 2750000429112466=80471448+210929421+155665389 104351774 2109075632 23.6688
3028291 2760000430853628=80794053+211779723+156304391 104731162 2117033942 24.017
3039192 2770000432538461=81107787+212604140+156920898 105092530 2124617934 23.6853
3050078 2780000434247277=81429031+213437682+157545343 105456854 2132253085 24.1957
3060975 2790000436026715=81761305+214309126+158194410 105834640 2140186839 23.6171
3071909 2800000437724222=82079132+215137533+158816103 106194275 2147695639 23.4759
3082762 2810000439502098=82407520+216004295+159471644 106575835 2155709883 25.2563
3093667 2820000441252475=82734828+216859883+160111731 106950923 2163545482 25.3116
3104606 2830000443006883=83060939+217716620+160755196 107323463 2171372679 25.5497
3115556 2840000444688481=83372733+218538469+161372236 107679797 2178888329 25.2595
3126447 2850000446373566=83687025+219365885+161985484 108038853 2186428436 23.3674
3137354 2860000448084410=84007360+220203015+162608631 108401375 2194004072 24.4076
3148306 2870000449709146=84311145+221001359+163198792 108746495 2201233823 23.7383
3159170 2880000451351882=84617909+221801999+163801990 109094084 2208545693 24.4582
3170031 2890000453013492=84929203+222613413+164410040 109441305 2215879829 25.1836
3180938 2900000454661681=85237778+223419314+165012236 109784589 2223088470 25.1617
3191816 2910000456350591=85550949+224239011+165637741 110141095 2230597689 24.8633
3202736 2920000458067183=85872730+225081734+166261324 110503191 2238222451 25.2157
3213588 2930000459765403=86191157+225911227+166882779 110860970 2245739581 25.5786
3224450 2940000461458958=86506014+226744049+167499073 111224462 2253370196 25.9789
3235384 2950000463116228=86815090+227563975+168096159 111578375 2260784552 25.9538
3246267 2960000464858603=87140346+228419120+168730537 111949015 2268565598 27.3989
3257218 2970000466613074=87466190+229282067+169368910 112319060 2276330330 26.9835
3268155 2980000468268376=87775619+230093744+169972379 112671200 2283717625 25.3758
3278993 2990000469969715=88091511+230926039+170595817 113029211 2291250232 26.7005
3289873 3000000471569970=88391941+231705539+171183343 113360249 2298208628 25.7498
3300770 3010000473233246=88702602+232525382+171785545 113714771 2305649829 27.3278
3311716 3020000474884704=89011906+233343669+172378776 114068927 2313075758 27.4359
3322684 3030000476508174=89314099+234142224+172968486 114415919 2320357771 27.131
3333558 3040000478143366=89618548+234943979+173565228 114760913 2327627881 25.7864
3344467 3050000479740737=89918385+235729820+174143829 115098490 2334733073 26.1624
3355390 3060000481413586=90230624+236550329+174753692 115451123 2342149375 28.2557
3366284 3070000482988960=90526560+237328756+175320755 115783035 2349095922 26.9371
3377177 3080000484606407=90828041+238120588+175912435 116122274 2356204200 27.8344
3388055 3090000486152468=91119668+238885764+176466949 116455756 2363158970 27.2914
3398880 3100000487684763=91409430+239647791+177012102 116782823 2369985061 26.5461
3409787 3110000489223743=91698454+240408490+177565964 117109640 2376837588 26.3773
3420708 3120000490782966=91991874+241181846+178124362 117439767 2383771960 27.6742
3431637 3130000492372061=92290972+241966929+178696725 117777666 2390870374 28.637
3442607 3140000493867479=92576410+242705734+179231864 118092338 2397462064 27.0626
3453456 3150000495418218=92870797+243475997+179783874 118419484 2404334380 28.492
3464366 3160000496965936=93164715+244245389+180334199 118748597 2411204727 28.8273
3475266 3170000498503481=93454655+245005791+180885711 119076928 2418070873 27.7496
3486141 3180000499986498=93737190+245741376+181413852 119388182 2424590382 27.5624
3497008 3190000501529487=94026056+246498293+181975369 119710625 2431363820 28.8624
3507853 3200000503046559=94315835+247250150+182516197 120026377 2437982100 29.051
3518683 3210000504564868=94603075+248002586+183059009 120343970 2444636416 29.4403
3529542 3220000506086306=94893153+248756525+183601588 120665297 2451356376 29.7446
3540480 3230000507573435=95176490+249498789+184127119 120980544 2457959041 29.6614
3551409 3240000509136904=95471887+250274207+184686052 121310996 2464885140 37.2615
3562370 3250000510633889=95756816+251017114+185219210 121625735 2471476043 55.992
3573321 3260000512154031=96046348+251771059+185761190 121945341 2478175831 23.6987
3584317 3270000513711000=96340918+252547891+186312667 122274154 2485093301 23.3732
3595165 3280000515228612=96629800+253298990+186854771 122593653 2491757046 21.4247
3606131 3290000516787712=96926491+254070286+187412396 122919047 2498582401 21.8279
3617031 3300000518283261=97210191+254817319+187941237 123234099 2505180447 21.7649
3627996 3310000519803633=97499274+255577531+188477038 123557024 2511939474 20.357
3638920 3320000521375389=97793280+256352278+189045476 123886610 2518896453 21.9042
3649881 3330000522880556=98076303+257096336+189586609 124199824 2525502535 21.5097
3660867 3340000524491379=98379942+257895171+190162867 124536503 2532587753 25.5992
3671820 3350000526041380=98675689+258665765+190712311 124863717 2539433390 22.5574
3682790 3360000527659222=98979781+259462353+191297318 125199637 2546526403 23.7512
3693808 3370000529325956=99293194+260282583+191900382 125547106 2553862747 24.0262
3704793 3380000530943069=99597886+261085257+192478358 125889927 2561060602 22.7148
3715703 3390000532641482=99915490+261923870+193091543 126242558 2568504319 24.5289
3726649 3400000534346388=100233856+262770855+193701866 126599698 2576060927 25.2753
3737635 3410000536134448=100568655+263669932+194329472 126975668 2584004045 26.651
3748614 3420000537914058=100902015+264547436+194973273 127345645 2591807075 27.0595
3759597 3430000539732180=101243537+265443050+195631087 127730821 2599901181 27.2528
3770552 3440000541540317=101581938+266331153+196288296 128112806 2607915959 26.7486
3781517 3450000543336930=101916523+267210385+196945560 128490365 2615835396 27.2552
3792483 3460000545110407=102247719+268083312+197588580 128869140 2623726086 27.6291
3803443 3470000546863450=102576365+268956547+198213619 129243810 2631579888 27.5973
3814317 3480000548616328=102905067+269822518+198845460 129616669 2639372197 27.6943
3825200 3490000550364699=103231208+270687065+199476077 129988416 2647196995 27.4291
3836062 3500000552038919=103542921+271516200+200079385 130346638 2654714777 26.3368
3847051 3510000553738833=103859970+272354792+200694844 130703928 2662204441 27.2913
3857981 3520000555533138=104195870+273249795+201333950 131087574 2670283162 29.6428
3868919 3530000557372661=104540051+274170956+201984926 131478723 2678502214 30.789
3879700 3540000559174880=104876499+275068767+202628476 131859007 2686549641 30.4939
3890544 3550000561055077=105229291+276013658+203289337 132254538 2694904888 30.9419
3901420 3560000562858794=105565010+276912898+203933306 132636547 2702963369 29.5577
3912350 3570000564721760=105912497+277839367+204600662 133027673 2711236486 31.3424
3923255 3580000566536233=106252225+278740214+205250933 133405899 2719255880 31.0794
3934146 3590000568414549=106603188+279666112+205930557 133799590 2727546804 32.2598
3945058 3600000570254570=106948208+280576629+206591269 134180463 2735629044 31.9
3955958 3610000572141867=107297481+281509367+207275346 134575878 2744034201 32.5194
3966817 3620000573970117=107641840+282420517+207926474 134953316 2752029705 32.2071
3977696 3630000575805448=107982976+283330153+208587374 135338435 2760185443 33.236
3988551 3640000577705627=108334575+284265405+209279576 135730872 2768523748 34.5675
3999436 3650000579562654=108677005+285180148+209955784 136125652 2776870966 34.5039
4010266 3660000581403607=109018526+286095150+210616435 136509692 2785019679 33.9679
4021082 3670000583240993=109359018+287005077+211279585 136893247 2793144608 33.319
4031936 3680000585155368=109713677+287951495+211971670 137289761 2801581143 35.6097
4042723 3690000587038338=110063444+288882903+212652051 137683001 2809949918 35.6428
4053582 3700000588932135=110417322+289824565+213331268 138077038 2818308398 36.2739
4064959 3710000590833836=110769103+290768846+214014935 138465476 2826553480 36.4335
4075764 3720000592687604=111114214+291684210+214686258 138849252 2834694418 41.289
4086632 3730000594516201=111454579+292586097+215349182 139228856 2842726959 47.2639
4097561 3740000596344284=111792862+293482665+216017659 139612182 2850807652 26.358
4108439 3750000598193673=112136711+294395739+216687720 140001474 2859027358 26.6038
4119319 3760000600031342=112478174+295302182+217354611 140382271 2867100414 26.2501
4130276 3770000601775420=112803457+296161714+217986977 140744723 2874772416 25.6082
4141183 3780000603575343=113140168+297048522+218638665 141116881 2882655128 24.7125
4152093 3790000605357888=113473027+297929805+219281395 141485262 2890463976 25.206
4162989 3800000607225564=113819520+298845200+219964243 141870234 2898615750 26.5546
4173910 3810000609011404=114151393+299726941+220611152 142242878 2906522426 25.714
4184895 3820000610800344=114485341+300612280+221255876 142612150 2914341340 25.9369
4195828 3830000612539294=114810261+301475332+221879618 142969733 2921947527 28.1853
4206739 3840000614314267=115140779+302354612+222518823 143336148 2929716713 24.9799
4217677 3850000616056393=115465149+303220049+223144048 143697800 2937349384 25.2944
4228607 3860000617780283=115785327+304072285+223767062 144054803 2944901698 25.4583
4239510 3870000619481410=116103114+304913123+224380691 144407515 2952378178 25.5051
4250423 3880000621184395=116420732+305757681+224992434 144764543 2959913533 25.9261
4261357 3890000622866150=116736173+306595185+225591185 145108302 2967207879 25.5868
4272391 3900000624582776=117063230+307431520+226220077 145458521 2974596713 25.0756
4283314 3910000626316809=117388789+308283692+226848748 145816758 2982145158 26.4254
4294200 3920000628000607=117704520+309113782+227457481 146161297 2989430057 26.3605
4305160 3930000629680550=118020474+309942049+228064086 146508452 2996766776 26.8638
4316083 3940000631336621=118335147+310758075+228660128 146846677 3003911804 26.5418
4326986 3950000633109752=118668577+311623477+229309206 147208777 3011542726 28.3878
4337955 3960000634733449=118976112+312418072+229899381 147536688 3018452080 24.5746
4348836 3970000636358243=119284193+313221032+230482160 147869604 3025464596 25.9183
4359757 3980000637990593=119592004+314032767+231064132 148209404 3032612022 26.4687
4370729 3990000639610609=119898014+314835811+231643448 148538447 3039582172 26.2492
4381681 4000000641248980=120207297+315649801+232227712 148877574 3046726518 26.9885
4392555 4010000642894024=120516993+316463410+232818933 149211286 3053784264 27.3536
4403440 4020000644498391=120818366+317255235+233397762 149542558 3060788628 26.0274
4414465 4030000646078541=121116959+318037773+233963291 149867932 3067657525 26.1339
4425446 4040000647667613=121417274+318827936+234528924 150194651 3074562262 26.9531
4436408 4050000649287197=121723231+319627528+235111860 150528296 3081608490 27.8326
4447331 4060000650889059=122025362+320424945+235681771 150857515 3088565754 27.8659
4458226 4070000652500798=122327951+321219556+236263716 151185614 3095480142 27.9667
4469117 4080000654117208=122634434+322021328+236842110 151516444 3102476384 28.3208
4480047 4090000655764591=122944187+322838288+237433004 151856461 3109629693 28.5756
4490942 4100000657357971=123245762+323625401+238004550 152183991 3116540521 28.2008
4501893 4110000658922197=123540591+324395058+238569568 152501861 3123285984 28.2777
4512866 4120000660479016=123835502+325163882+239128274 152820564 3130006844 28.5507
4523822 4130000662062225=124132870+325946746+239697200 153141166 3136805131 29.3708
4534728 4140000663638742=124430770+326729663+240259282 153461849 3143581896 29.9895
4545718 4150000665184559=124723431+327491058+240816346 153776941 3150222731 28.5746
4556635 4160000666724896=125014813+328249950+241371932 154089313 3156816637 28.2066
4567595 4170000668221876=125298920+328993448+241904696 154394022 3163239358 28.1735
4578516 4180000669748291=125588065+329746881+242452828 154702213 3169775250 28.9473
4589453 4190000671330200=125884464+330528880+243022357 155018787 3176480340 30.0983
4600387 4200000672841457=126170447+331272719+243567920 155323882 3182880245 29.0578
4611320 4210000674271342=126443344+331986475+244072288 155617097 3189056038 28.9074
4622248 4220000675768866=126727194+332732126+244603872 155922243 3195511778 52.9308
4633106 4230000677254562=127008907+333473618+245129353 156225160 3201921082 45.6842
4644049 4240000678789682=127298808+334236870+245676237 156538385 3208557610 22.0848
4655040 4250000680281239=127580915+334976354+246209323 156842809 3214988242 21.2007
4665924 4260000681806476=127870163+335730918+246756120 157149744 3221481261 21.4214
4676832 4270000683292406=128154029+336468642+247284731 157449352 3227780651 21.5307
4687741 4280000684782466=128438396+337209726+247812683 157749755 3234134163 21.2835
4698685 4290000686230443=128714346+337929525+248326580 158045957 3240373683 19.9931
4709603 4300000687776961=129005595+338695464+248881419 158357280 3246974236 21.8838
4720503 4310000689305513=129294522+339455743+249425651 158669415 3253580359 21.82
4731420 4320000690838489=129585490+340222210+249966865 158982344 3260193410 23.6466
4742321 4330000692372936=129875041+340985892+250512936 159295709 3266836437 22.9422
4753259 4340000693933983=130169722+341760275+251070905 159613782 3273546932 23.2592
4764201 4350000695518181=130470697+342563167+251617555 159927821 3280212612 24.258
4775138 4360000697115979=130774356+343363045+252183206 160247488 3286969358 22.7482
4786096 4370000698712191=131077759+344159965+252749920 160568886 3293787489 23.6066
4797101 4380000700285140=131376883+344950401+253303084 160885433 3300464689 23.6699
4808087 4390000701923858=131688223+345766395+253887645 161210805 3307366280 24.7663
4819049 4400000703588559=132001060+346594542+254481226 161545909 3314501552 29.2383
4830048 4410000705237286=132313733+347422984+255062153 161882317 3321610343 26.0305
4841026 4420000706883855=132621553+348235639+255656998 162214306 3328649259 25.0414
4852001 4430000708503947=132926000+349038854+256238103 162543489 3335637459 24.6865
4862997 4440000710198147=133242922+349878475+256847265 162883313 3342875300 26.13
4873904 4450000711861369=133556425+350703266+257442648 163215517 3349932305 26.4024
4884867 4460000713566497=133875142+351543457+258060404 163557498 3357245955 27.4389
4895781 4470000715273745=134196295+352390683+258673726 163901253 3364548020 27.4838
4906756 4480000717082923=134534633+353283574+259330308 164263760 3372257480 29.3208
4917771 4490000718926275=134875090+354186663+260006475 164640632 3380274454 29.3089
4928768 4500000720744039=135213576+355074562+260673297 165009997 3388088533 29.5646
4939756 4510000722515561=135542131+355944356+261319964 165374653 3395789523 29.3374
4950853 4520000724341155=135879658+356834075+261993496 165750670 3403741408 30.5989
4961839 4530000726080472=136200997+357687937+262628770 166108031 3411306511 35.7481
4972832 4540000727843511=136527190+358550640+263275298 166465183 3418869203 29.8477
4983782 4550000729544168=136843990+359384418+263896014 166813711 3426187838 28.5531
4994759 4560000731263850=137165703+360237314+264512469 167167582 3433690525 29.6464
5005677 4570000732955704=137481293+361068442+265127825 167516581 3441067152 29.5521
5016605 4580000734715404=137809281+361939611+265761654 167877917 3448712569 30.9084
5027569 4590000736496891=138141148+362813409+266411697 168239822 3456368354 32.1897
5038460 4600000738152221=138451437+363633981+267005860 168576975 3463501510 29.1209
5049344 4610000739901180=138778127+364497546+267637136 168930210 3470999742 30.851
5060214 4620000741627386=139101660+365357193+268252786 169286884 3478524563 31.4448
5071166 4630000743369554=139427389+366217351+268881825 169636068 3485963627 32.155
5082077 4640000745095325=139750598+367074498+269498999 169985959 3493420679 35.2755
5092952 4650000746845262=140076115+367946151+270124959 170339236 3500974161 33.9488
5103888 4660000748674013=140416913+368851068+270784379 170708241 3508848460 34.2452
5114792 4670000750401820=140740385+369708924+271403375 171057712 3516274925 32.1909
5125741 4680000752125361=141064665+370568288+272016064 171404313 3523672145 32.9994
5136717 4690000753880064=141391180+371440625+272644618 171760831 3531264321 34.0095
5147654 4700000755634556=141719120+372312217+273272903 172115675 3538818923 34.2237
5158619 4710000757408019=142049898+373189079+273912892 172472125 3546437449 35.6219
5169534 4720000759157936=142381060+374057173+274537349 172825729 3553952610 66.9304
5180402 4730000760934638=142713425+374939858+275173401 173181551 3561530650 44.4092
5191291 4740000762764624=143052784+375847014+275832696 173548858 3569378851 32.5173
5202167 4750000764567212=143388196+376735603+276485904 173913003 3577125748 32.6736
5213037 4760000766393255=143725540+377632062+277154070 174276629 3584920488 29.1019
5223884 4770000768165040=144057586+378508123+277791658 174633025 3592497709 29.3972
5234779 4780000769872868=144376131+379358928+278401058 174982338 3599910099 26.0863
5245825 4790000771646093=144703231+380233350+279045473 175340824 3607545229 27.4106
5256768 4800000773440371=145035113+381119818+279695673 175701377 3615233644 27.3444
5267626 4810000775208045=145364275+381993632+280333622 176060084 3622861846 27.2357
5278527 4820000776899703=145680955+382828917+280943941 176399292 3630090249 25.9717
5289476 4830000778650170=146005325+383687156+281583824 176751442 3637597549 27.5471
5300488 4840000780330080=146318545+384517628+282189741 177090329 3644804173 24.4597
5311384 4850000782036545=146636438+385361708+282805294 177433602 3652098653 25.9723
5322312 4860000783786925=146961814+386226328+283438611 177783742 3659566077 26.7669
5333136 4870000785593111=147297767+387117255+284092723 178144820 3667237049 28.2818
5344051 4880000787354037=147624946+387984692+284732424 178493892 3674672932 27.8021
5354961 4890000789116732=147953500+388852388+285372395 178848272 3682217243 35.3145
5365866 4900000790874886=148280101+389715570+286013641 179196454 3689656816 26.9065
5376756 4910000792570068=148597470+390551122+286627081 179531823 3696806429 25.9197
5387675 4920000794264825=148914834+391387274+287239187 179869252 3703980692 26.7021
5398578 4930000795971815=149235660+392232431+287851548 180210106 3711238633 27.5282
5409490 4940000797641784=149548072+393058300+288453158 180545005 3718370536 27.0562
5420355 4950000799394756=149874493+393921869+289089186 180893084 3725778901 29.2808
5431223 4960000801084148=150189624+394755979+289699618 181230027 3732980348 26.5435
5442092 4970000802745703=150502114+395575731+290299182 181560313 3739996558 27.1446
5453015 4980000804457905=150821179+396418723+290920363 181898879 3747203296 32.4069
5463959 4990000806143436=151136489+397249891+291530083 182237378 3754376018 29.553
5474924 5000000807775681=151440672+398050259+292125353 182564228 3761299901 27.6527
5485938 5010000809484290=151758949+398893507+292743598 182900611 3768495146 29.7263
5496880 5020000811106090=152063650+399696114+293326862 183225507 3775382112 26.9148
5507833 5030000812817379=152383428+400545359+293940998 183565451 3782612340 28.7377
5518806 5040000814470693=152692675+401361024+294538284 183894970 3789639381 28.2056
5529757 5050000816113174=153001270+402175340+295126807 184222105 3796600213 28.5659
5540663 5060000817783063=153313085+402998236+295731416 184552066 3803607552 29.2799
5551636 5070000819461629=153625775+403825819+296339184 184884214 3810710714 30.3836
5562596 5080000821094289=153930361+404626331+296934695 185208245 3817624427 29.2549
5573494 5090000822762213=154241238+405446469+297540974 185538626 3824696127 30.6601
5584492 5100000824385541=154544827+406244382+298130451 185861348 3831561516 30.945
5595555 5110000825951870=154839154+407016532+298696009 186171886 3838139642 30.2239
5606569 5120000827542595=155140161+407798955+299270260 186486256 3844818361 29.4798
5617545 5130000829080168=155427982+408554502+299828711 186791478 3851283215 29.5254
5628539 5140000830634683=155720750+409319029+300391471 187097000 3857776906 30.2702
5639565 5150000832229703=156019871+410105741+300967174 187415853 3864558985 29.559
5650481 5160000833831506=156319937+410895847+301545833 187733247 3871324717 30.3419
5661351 5170000835381615=156612226+411656300+302108382 188036372 3877762193 29.7573
5672329 5180000836895004=156897616+412400021+302656215 188335170 3884116660 29.3099
5683321 5190000838485513=157195642+413181056+303234316 188649674 3890810276 32.1503
5694245 5200000840005507=157481293+413933142+303780793 188949628 3897183034 32.9185
5705118 5210000841485690=157761333+414662556+304313834 189243324 3903426154 42.8789
5716075 5220000843029484=158052493+415422655+304870910 189550345 3909941771 46.7917
5727055 5230000844560551=158344178+416177255+305421107 189850066 3916321349 26.2825
5738016 5240000846066545=158628281+416919636+305964172 190147746 3922657910 23.144
5748974 5250000847520466=158903789+417637160+306486406 190434147 3928745123 21.4824
5759968 5260000848970381=159180111+418353381+307005284 190715219 3934715953 26.8249
5770885 5270000850425948=159455484+419069898+307530759 191000394 3940778477 21.7762
5781844 5280000851880758=159732824+419791600+308049351 191288638 3946908198 23.7163
5792838 5290000853370042=160012803+420524871+308588197 191581961 3953160414 20.7469
5803819 5300000854850914=160293448+421256427+309119357 191871451 3959304336 21.3402
5814801 5310000856312584=160570872+421979139+309642529 192157043 3965402239 21.2017
5825826 5320000857808041=160854860+422722350+310174507 192450895 3971665034 22.0472
5836769 5330000859308279=161139362+423466552+310710326 192744152 3977915519 23.8522
5847728 5340000860774675=161417096+424194679+311233108 193031343 3984043511 22.6373
5858710 5350000862262229=161698562+424933931+311762482 193322287 3990219339 23.4453
5869730 5360000863677756=161968528+425638980+312263564 193601040 3996119251 21.6116
5880647 5370000865197681=162255208+426390455+312809592 193895893 4002410054 23.3342
5891635 5380000866692111=162538263+427128065+313346401 194187869 4008596910 23.1746
5902588 5390000868219603=162826786+427883969+313893716 194487948 4014974009 23.4787
5913534 5400000869733844=163113777+428633916+314436172 194786842 4021314102 23.6274
5924489 5410000871284387=163408764+429406719+314985698 195090158 4027777908 28.9755
5935564 5420000872803828=163695858+430161816+315527316 195390467 4034169563 26.2266
5946595 5430000874374041=163992938+430939196+316088939 195701282 4040779273 26.9789
5957566 5440000875948667=164290095+431724036+316647863 196013895 4047448063 25.6687
5968610 5450000877584772=164593681+432523285+317247977 196329474 4054234478 27.1603
5979615 5460000879199520=164898903+433324996+317824196 196645994 4060972098 26.6795
5990618 5470000880863952=165212712+434148181+318421526 196971180 4067905857 29.1968
6001592 5480000882588289=165535622+435005766+319037165 197313106 4075218818 31.0053
6012521 5490000884279345=165852407+435842053+319646032 197647435 4082355764 27.7697
6023532 5500000886017730=166177725+436698761+320275794 197993299 4089728806 28.8025
6034529 5510000887747714=166498666+437553681+320900610 198338936 4097115677 33.9697
6045561 5520000889467909=166819559+438400408+321524821 198681694 4104423485 34.6733
6056535 5530000891150898=167134109+439230044+322134654 199020032 4111613489 29.16
6067584 5540000892878185=167454867+440080613+322761767 199363212 4118932302 30.6053
6078684 5550000894541317=167766129+440894615+323369088 199690748 4125872726 27.8872
6089671 5560000896213401=168077310+441718653+323974873 200023658 4132965649 28.8622
6100615 5570000897865329=168382405+442527840+324580099 200355067 4140034713 29.1279
6111539 5580000899538512=168694102+443352059+325186894 200690729 4147158003 29.6926
6122490 5590000901227782=169008307+444182462+325801625 201026902 4154304210 30.5499
6133442 5600000902883469=169317149+444999907+326399835 201353977 4161293046 31.7466
6144430 5610000904536849=169625465+445813474+326999770 201682029 4168260902 29.5115
6155425 5620000906225735=169936457+446644246+327615652 202013495 4175379774 30.5335
6166380 5630000907921002=170249070+447472037+328240503 202347149 4182497295 31.171
6177346 5640000909597630=170560320+448293451+328853340 202672297 4189461772 31.1077
6188339 5650000911238859=170868043+449102515+329446293 202993737 4196333419 31.2193
6199296 5660000912919236=171180572+449927341+330059168 203321567 4203353211 33.4348
6210250 5670000914562220=171485227+450737010+330655342 203640781 4210220165 41.7893
6221167 5680000916241214=171796339+451564963+331264507 203972782 4217299895 34.3183
6232193 5690000917937276=172110725+452401163+331879430 204303215 4224401752 33.4114
6243114 5700000919648118=172427523+453239163+332505989 204635230 4231525179 33.8926
6254073 5710000921358002=172743284+454077569+333131805 204968545 4238705394 34.256
6265015 5720000923032730=173055313+454897819+333743919 205293087 4245684075 35.0315
6276014 5730000924653090=173358474+455701361+334325377 205610326 4252476272 48.0347
6286999 5740000926305191=173667219+456521344+334918155 205932043 4259376436 68.8966
6298011 5750000927983267=173979104+457349922+335525033 206256921 4266362813 30.2876
6308975 5760000929720147=174299300+458203541+336159064 206595120 4273637390 27.5798
6319974 5770000931384551=174610225+459021201+336764405 206919586 4280561373 24.9718
6330997 5780000933057737=174918495+459842291+337377384 207242361 4287514161 26.2933
6342023 5790000934715187=175227642+460662847+337973598 207565045 4294452761 29.9747
6353038 5800000936303833=175525507+461445481+338547931 207870260 4300991410 30.2031
6364053 5810000937919526=175828505+462245614+339128170 208186353 4307767784 28.389
6375072 5820000939566744=176134284+463055957+339727330 208507012 4314648673 25.3364
6386024 5830000941173988=176436340+463839159+340315770 208816452 4321271233 27.5641
6396912 5840000942810393=176742215+464644399+340909038 209132895 4328057933 25.1065
6407907 5850000944407315=177040301+465433572+341484608 209444502 4334722941 25.3969
6418859 5860000946064496=177349297+466246321+342088932 209770166 4341653650 25.3744
6429878 5870000947690454=177653631+467054589+342670160 210087562 4348471748 25.5332
6440860 5880000949239816=177942634+467813671+343235182 210387480 4354872867 24.4887
6451839 5890000950824891=178239942+468593998+343808466 210696504 4361481961 25.1439
6462899 5900000952422731=178539099+469376872+344390780 211009803 4368132998 25.0844
6473837 5910000953992429=178832698+470148183+344960993 211315149 4374665915 25.4329
6484815 5920000955557457=179126595+470918249+345527810 211619184 4381143603 25.0516
6495784 5930000957156026=179426943+471708730+346102775 211933359 4387856776 26.5271
6506753 5940000958731656=179723269+472483885+346672313 212239459 4394388428 27.9462
6517671 5950000960309110=180019161+473254461+347249455 212547447 4400951189 25.4905
6528600 5960000961879230=180316031+474031864+347811744 212852902 4407473809 26.4942
6539600 5970000963468051=180614826+474805676+348393716 213164602 4414096466 26.8068
6550555 5980000965057397=180915023+475592691+348962547 213474759 4420717827 27.8423
6561522 5990000966614565=181206312+476358833+349526708 213775640 4427169426 25.9084
6572495 6000000968142202=181494899+477117011+350071608 214075155 4433548042 25.3381
6583420 6010000969692545=181785107+477877767+350635421 214373032 4439939950 25.9737
6594346 6020000971205931=182069897+478624219+351181850 214662295 4446127292 25.4286
6605303 6030000972760927=182362349+479384025+351749255 214957702 4452472701 26.8654
6616312 6040000974312825=182654884+480154923+352302871 215263275 4458943824 30.9581
6627298 6050000975871313=182948244+480922066+352865947 215561418 4465309628 33.7119
6638329 6060000977367545=183232310+481662363+353400716 215852956 4471513811 26.8608
6649282 6070000978923173=183526142+482433680+353957007 216154846 4477969452 27.0335
6660175 6080000980460847=183816431+483202296+354501212 216453642 4484347866 26.9501
6671098 6090000981996675=184107285+483958175+355054792 216751089 4490672640 27.1828
6682137 6100000983567409=184402933+484730169+355623816 217052362 4497103266 29.1126
6693037 6110000985043903=184682018+485457418+356156494 217333497 4503122225 28.776
6703966 6120000986565763=184968037+486206463+356707589 217626442 4509380801 28.3142
6714910 6130000988068878=185250597+486943131+357253987 217910277 4515457922 27.5793
6725879 6140000989594355=185540018+487699147+357798504 218201660 4521676749 28.0978
6736831 6150000991097514=185825476+488442436+358337307 218491663 4527847476 27.7125
6747751 6160000992564937=186103376+489172461+358858724 218772417 4533843354 27.3745
6758675 6170000994044786=186384301+489906136+359386617 219055494 4539882111 28.56
6769641 6180000995522115=186665236+490639648+359911979 219336360 4545900591 29.4201
6780662 6190000997003350=186947018+491375102+360439594 219619130 4551922195 28.4932
6791651 6200000998471541=187226807+492106162+360959598 219901094 4557938625 31.6495
6802737 6210000999991704=187514237+492856994+361504613 220189352 4564118289 34.5296
6813690 62200001001553187=187806887+493627749+362068163 220485425 4570481637 33.218
6824712 62300001003090051=188097078+494385582+362621719 220777763 4576742977 30.4712
6835868 62400001004598053=188384299+495140784+363151239 221065706 4582912760 30.9206
6846951 62500001006130282=188672992+495895882+363703758 221359323 4589193096 32.5227
6857988 62600001007693408=188967185+496668107+364266157 221657897 4595580815 55.2421
6868994 62700001009293551=189266601+497459580+364841792 221969059 4602273652 58.5413
6880103 62800001010875076=189562502+498239799+365413046 222273756 4608776571 26.5589
6891121 62900001012388961=189850084+498991706+365951487 222563814 4614989186 23.9803
6902258 63000001013952853=190144854+499760077+366517242 222863374 4621429141 25.1136
6913312 63100001015566902=190447279+500551164+367105378 223170343 4628023360 26.446
6924370 63200001017255276=190763019+501380532+367718937 223493751 4634953769 28.3727
6935396 63300001019009510=191087169+502237441+368363899 223833076 4642211999 27.2851
6946492 63400001020719530=191408393+503082618+368979378 224161819 4649257156 25.9409
6957583 63500001022436893=191727149+503925369+369606062 224496811 4656423299 29.6162
6968660 63600001024237169=192059830+504804563+370268495 224844414 4663899952 33.0662
6979646 63700001025971771=192383436+505654752+370901566 225182592 4671094032 30.799
6990664 63800001027801037=192722077+506554597+371568145 225542952 4678790777 28.8517
7001617 63900001029585292=193054759+507437251+372211567 225889329 4686191243 27.0368
7012569 64000001031303512=193373093+508281522+372837649 226229240 4693413325 26.2161
7023525 64100001032968830=193683334+509101330+373442053 226548993 4700238430 25.6081
7034431 64200001034658631=193999438+509936655+374051111 226878690 4707259022 26.4404
7045399 64300001036351685=194315932+510777579+374657656 227211203 4714377499 26.7676
7056564 64400001038091090=194640747+511637127+375284694 227552731 4721676870 28.1601
7067503 64500001039772627=194955996+512468064+375890479 227882753 4728732123 26.334
7078394 64600001041441682=195271439+513289707+376492233 228205136 4735625335 26.3712
7089291 64700001043006502=195562455+514056109+377064329 228510892 4742128308 25.3161
7100203 64800001044666683=195872422+514870152+377668870 228832935 4749011171 26.9543
7111210 64900001046326499=196182453+515689762+378267868 229156122 4755915890 27.2464
7122104 65000001048012365=196496077+516516352+378883857 229487156 4762939773 29.4454
7132992 65100001049777486=196826511+517390814+379517243 229849387 4770514067 28.5497
7143869 65200001051427049=197136289+518201406+380115833 230167385 4777336524 27.0708
7154792 65300001053054665=197439930+518996806+380712129 230475102 4783957006 27.2235
7165724 65400001054729358=197751803+519824649+381316520 230798894 4790906983 28.5866
7176627 65500001056411158=198063240+520655054+381925811 231123020 4797875703 28.7456
7187499 65600001058143522=198384666+521509286+382554005 231457963 4805072791 31.0196
7198402 65700001059807313=198694082+522330026+383156835 231774891 4811893831 32.4455
7209321 65800001061459219=199002829+523146380+383752570 232091029 4818687209 34.8288
7220259 65900001063070732=199303484+523944530+384332583 232399633 4825302749 33.9329
7231198 66000001064729354=199612705+524763433+384932686 232715812 4832106849 29.6348
7242138 66100001066380850=199919998+525578844+385530066 233030323 4838887819 30.5739
7253098 66200001068089307=200236151+526405153+386167142 233354780 4845812311 33.1332
7264064 66300001069756664=200546399+527217508+386781015 233670611 4852564072 30.6029
7275025 66400001071375918=200848092+528014320+387369336 233978610 4859169600 30.0035
7285938 66500001072979718=201147611+528803279+387951204 234286668 4865751132 30.0709
7296863 66600001074591729=201449135+529598761+388533152 234596856 4872392696 30.6075
7307845 66700001076254662=201758831+530417209+389137614 234914593 4879212904 32.1865
7318841 66800001077879032=202063882+531224650+389717757 235228101 4885929405 33.1562
7329826 66900001079492714=202365581+532016794+390304996 235537401 4892540179 35.6619
7340828 67000001081146962=202673101+532824546+390913024 235851170 4899266317 35.9623
7351721 67100001082715568=202966279+533602804+391475759 236151961 4905715183 33.1048
7362715 67200001084304887=203264269+534389924+392046539 236452495 4912157642 33.1341
7373679 67300001085912250=203563969+535179621+392631609 236762977 4918806458 33.2768
7384646 67400001087505010=203861874+535967601+393204932 237069106 4925382819 36.6575
7395560 67500001089104755=204160702+536754534+393785773 237372861 4931898433 39.6657
7406561 67600001090691744=204457999+537534929+394361791 237672636 4938333769 57.5789
7417492 67700001092257701=204748777+538300401+394936219 237968377 4944691249 46.3065
7428447 67800001093861366=205047695+539086913+395521421 238271097 4951192496 26.2927
7439380 67900001095451982=205344874+539867531+396100764 238573084 4957671449 31.6671
7450379 68000001097061853=205646033+540657171+396687284 238879917 4964258734 31.5227
7461309 68100001098589352=205932476+541408931+397240118 239171094 4970497407 28.0589
7472297 68200001100155335=206225402+542177552+397810297 239466779 4976833060 25.8653
7483211 68300001101711068=206518686+542947656+398368193 239763616 4983209894 24.9202
7494114 68400001103290153=206815211+543729342+398935557 240063147 4989637289 25.0572
7505085 68500001104891724=207115159+544511835+399521920 240366014 4996116909 25.2797
7516008 68600001106447048=207407752+545274753+400088178 240660498 5002427810 24.2268
7526957 68700001107959533=207691489+546017129+400637955 240948408 5008593480 23.6099
7537912 68800001109493310=207978812+546770940+401194443 241240076 5014843362 23.6795
7548790 68900001111034321=208265810+547524308+401759426 241534104 5021156685 29.7132
7559708 69000001112559753=208552571+548277169+402309224 241820937 5027332819 28.7757
7570600 69100001114095195=208840936+549035598+402863014 242113782 5033608602 27.1463
7581515 69200001115574416=209119345+549765788+403395779 242391664 5039559699 22.9564
7592449 69300001117069471=209401837+550504966+403931743 242666707 5045468553 23.5199
7603327 69400001118547580=209683641+551240374+404455735 242947425 5051471593 23.6834
7614197 69500001120053352=209967433+551983516+404998165 243233799 5057599459 24.6843
7625129 69600001121523943=210246311+552709158+405527630 243509165 5063512385 23.2736
7636057 69700001123028644=210530223+553458665+406062541 243792754 5069610930 23.953
7646990 69800001124502366=210809101+554190329+406588421 244072915 5075623726 23.733
7657954 69900001125952036=211085192+554910977+407103255 244344234 5081436026 23.224
7668961 70000001127431936=211365863+555644058+407632568 244624419 5087438632 24.3313
7679936 70100001128824460=211630348+556332177+408131361 244886201 5093048031 22.7676
7690902 70200001130291564=211908442+557061291+408653729 245163869 5098987014 25.3089
7701895 70300001131760034=212187123+557789526+409177737 245440423 5104902890 24.5197
7712825 70400001133202701=212462350+558508309+409687579 245716967 5110795426 24.1931
7723728 70500001134676033=212741980+559242050+410209872 245993243 5116714359 24.8027
7734650 70600001136130328=213019070+559967725+410723272 246266154 5122556867 24.4765
7745562 70700001137584155=213293848+560683880+411247270 246536567 5128361285 28.0807
7756442 70800001139050874=213572048+561413635+411768226 246815627 5134325134 30.7223
7767374 70900001140545225=213855584+562154329+412301859 247092247 5140267568 28.7179
7778289 71000001142056383=214143113+562905173+412839138 247378471 5146380941 25.9
7789255 71100001143611344=214435764+563672815+413399925 247669697 5152646528 26.5425
7800233 71200001145113971=214720887+564415976+413938399 247951330 5158686239 26.2757
7811238 71300001146643976=215011215+565173955+414484962 248242953 5164904395 27.0399
7822192 71400001148182722=215302784+565940442+415031120 248533707 5171145141 27.3377
7833168 71500001149665939=215585751+566684822+415550680 248814743 5177171526 26.7209
7844051 71600001151260032=215887837+567475927+416119071 249117477 5183641596 32.4647
7854924 71700001152855278=216188198+568270428+416687008 249416954 5190069262 34.2174
7865872 71800001154419988=216484338+569042037+417250754 249707792 5196313161 28.8489
7876832 71900001156015643=216786066+569836779+417817897 250007657 5202755996 35.2978
7887789 72000001157631270=217090069+570636990+418397225 250311542 5209282935 32.3964
7898780 72100001159240146=217392543+571434850+418973301 250613608 5215795011 30.8224
7909739 72200001160867839=217699721+572246061+419551508 250921879 5222427721 34.6525
7920667 72300001162508494=218007544+573058085+420140968 251228105 5229017753 33.1532
7931624 72400001164143788=218315698+573867106+420727789 251536990 5235661319 32.4218
7942609 72500001165848101=218637768+574716405+421333644 251860344 5242568300 34.1172
7953604 72600001167556336=218959321+575565250+421943255 252187203 5249574245 34.8312
7964620 72700001169259192=219277276+576406723+422557622 252507525 5256470024 35.053
7975601 72800001171040081=219609514+577289523+423196999 252841870 5263655716 38.9471
7986569 72900001172864884=219950576+578187995+423858474 253196024 5271198595 67.8102
7997599 73000001174694334=220290990+579083323+424527927 253542770 5278599825 59.4418
8008669 73100001176463246=220618171+579943798+425182019 253878613 5285832231 31.7974
8019607 73200001178332032=220964972+580857231+425868964 254238104 5293511392 31.2205
8030610 73300001180127162=221297238+581738833+426524054 254587680 5300987901 30.3066
8041509 73400001181900706=221627083+582608559+427171366 254926522 5308273457 32.0975
8052443 73500001183588482=221941750+583439218+427783764 255249617 5315200248 37.9189
8063533 73600001185329730=222264838+584293218+428419292 255579604 5322306272 34.8105
8074623 73700001186993163=222575552+585114253+429020058 255894639 5329067546 28.3005
8085658 73800001188642208=222884506+585927661+429615342 256207684 5335776191 29.0778
8096661 73900001190367194=223208487+586776480+430239472 256535591 5342835717 27.793
8107624 74000001192062027=223522392+587609575+430856836 256861291 5349815759 28.5742
8118604 74100001193800853=223848453+588463369+431488314 257191328 5356902074 29.4982
8129496 74200001195616911=224186064+589353251+432151984 257535663 5364324441 30.5794
8140421 74300001197347336=224506883+590205159+432780828 257868662 5371471678 28.9958
8151396 74400001199113871=224837168+591077239+433417943 258206086 5378749111 29.215
8162268 74500001200895220=225169265+591957980+434060873 258544006 5386017823 29.9241
8173172 74600001202705855=225504533+592847471+434721395 258890013 5393459081 32.0844
8184013 74700001204535605=225841953+593743830+435392740 259232757 5400850744 29.1619
8194943 74800001206407636=226189016+594670886+436068870 259590002 5408551574 31.868
8205852 74900001208285879=226536981+595598812+436748781 259947815 5416257502 31.0118
8216744 75000001210148567=226881751+596516185+437426561 260300951 5423863859 31.275
8227583 75100001211997409=227224785+597430808+438094687 260650563 5431430261 33.9257
8238422 75200001213859010=227569184+598349503+438770452 261001676 5439012671 33.5026
8249239 75300001215697256=227910573+599257676+439434722 261351762 5446565000 32.4865
8260110 75400001217536034=228251399+600169305+440096787 261700394 5454115482 32.4212
8270935 75500001219403152=228597155+601095339+440769699 262053125 5461767447 32.7704
8281806 75600001221311207=228953318+602042342+441454792 262414878 5469585179 35.9493
8292627 75700001223124224=229288948+602935702+442113438 262756507 5476974170 41.2974
8303534 75800001224947692=229626713+603835499+442774574 263104369 5484451587 39.6404
8314407 75900001226763767=229963556+604727438+443437395 263444378 5491803968 35.2039
8325271 76000001228572935=230299125+605620124+444093725 263784663 5499158161 33.5806
8336115 76100001230430166=230645153+606533748+444769017 264137859 5506767828 36.1727
8347033 76200001232300424=230991481+607454022+445449753 264488570 5514346323 38.5095
8358024 76300001234090372=231324854+608342936+446092296 264826387 5521653250 36.4581
8368923 76400001235926054=231664628+609250890+446755823 265172872 5529129719 36.2105
8379885 76500001237757687=232004287+610162268+447413167 265518135 5536598825 36.0442
8390856 76600001239585111=232344191+611068105+448071356 265862258 5544027977 36.006
8401797 76700001241396655=232682022+611962286+448726445 266208438 5551446829 38.6694
8412837 76800001243271041=233028290+612884680+449409400 266563099 5559128919 41.4962
8423789 76900001245020787=233353836+613748017+450043153 266892117 5566230474 40.3107
8434788 77000001246782177=233681019+614617733+450680599 267220325 5573347274 45.5116
8445724 77100001248517107=234002472+615463279+451319534 267547748 5580356768 38.8347
8456690 77200001250333794=234341820+616367278+451969295 267890974 5587739652 43.0638
8467652 77300001252074252=234667050+617231164+452593172 268217532 5594796207 45.2092
8478553 77400001253853729=234999624+618113408+453232321 268551757 5601982280 45.3294
8489430 77500001255677181=235342993+619014145+453886870 268894164 5609396963 68.8178
8500309 77600001257421422=235670099+619874084+454515806 269219891 5616447376 56.3652
8511207 77700001259251820=236010324+620774827+455180774 269563104 5623841659 33.4992
8522105 77800001260951999=236327739+621616039+455793326 269879447 5630671375 29.5848
8532976 77900001262717107=236657719+622491461+456426738 270207161 5637753216 30.068
8543950 78000001264411548=236976477+623326615+457037466 270521108 5644544739 30.3214
8554832 78100001266126815=237298095+624176821+457652856 270839217 5651411641 30.1008
8565760 78200001267882022=237626456+625042861+458286345 271165942 5658474614 30.0659
8576695 78300001269652757=237960853+625915499+458925033 271496363 5665589750 29.8662
8587656 78400001271342606=238277689+626750332+459533882 271813798 5672428655 33.7346
8598609 78500001273077878=238603968+627610690+460154940 272137624 5679430617 34.1122
8609557 78600001274857316=238934878+628489644+460798176 272468807 5686580479 37.6384
8620522 78700001276526700=239246711+629316949+461397965 272782759 5693354875 27.9462
8631486 78800001278306216=239576248+630193429+462044666 273113586 5700540302 30.112
8642471 78900001279984194=239891353+631024374+462646976 273425160 5707281462 28.2982
8653385 79000001281699165=240210050+631868830+463270433 273751086 5714264568 29.9259
8664301 79100001283422689=240532421+632713605+463898949 274069282 5721154288 32.3302
8675286 79200001285097362=240846870+633543910+464499084 274384284 5727952779 33.1511
8686221 79300001286730388=241153759+634349742+465088042 274692664 5734572231 36.0243
8697157 79400001288469167=241478243+635202638+465722928 275015374 5741551244 37.1272
8708062 79500001290185372=241796268+636043752+466350802 275330851 5748402394 32.4295
8718999 79600001291829226=242107262+636854395+466942684 275634149 5754962217 33.2752
8729973 79700001293548890=242428973+637700244+467566964 275956650 5761857675 36.8101
8740955 79800001295178218=242736439+638506729+468151234 276262228 5768432744 34.3329
8751942 79900001296794617=243040877+639308272+468730020 276566417 5774970504 33.8539
8762889 80000001298326219=243329622+640065390+469279684 276851630 5781112593 29.842
8773854 80100001299857554=243620976+640826747+469823112 277137418 5787252917 30.0179
8784800 80200001301376913=243908072+641582364+470364143 277419536 5793331290 31.2509
8795727 80300001302917012=244198098+642347248+470914125 277704721 5799490531 36.4101
8806677 80400001304428077=244484463+643097820+471452454 277984792 5805510112 39.4395
8817631 80500001305961000=244774421+643856654+472001777 278266075 5811568567 45.2556
8828599 80600001307504331=245065118+644617187+472559215 278550939 5817702666 35.3605
8839458 80700001308927835=245334514+645319020+473071669 278816035 5823388989 30.1918
8850450 80800001310392941=245612964+646045475+473594704 279089175 5829250170 30.7947
8861418 80900001311839690=245887249+646766223+474108029 279361003 5835095542 32.0047
8872325 81000001313351341=246173523+647519964+474643585 279646676 5841235044 35.1974
8883290 81100001314804984=246450820+648243269+475158807 279917374 5847042539 33.3136
8894199 81200001316140460=246706209+648907603+475631802 280167654 5852379121 32.4562
8905111 81300001317545112=246974099+649603005+476132957 280427401 5857937347 31.6409
8916020 81400001318959107=247244162+650305762+476634977 280691681 5863600130 31.5984
8926973 81500001320460547=247527646+651054331+477167864 280971810 5869637652 32.2368
8937864 81600001321906591=247803164+651777212+477677200 281247970 5875514063 33.3961
8948820 81700001323345743=248077317+652496287+478184721 281514656 5881237883 34.8819
8959785 81800001324755759=248346308+653197919+478684310 281778387 5886896133 33.2313
8970688 81900001326209135=248621519+653921324+479200440 282047999 5892698267 43.7077
8981627 82000001327749453=248912843+654690174+479745618 282334446 5898893500 43.6231
8992534 82100001329283251=249202149+655455710+480289207 282619167 5905034716 38.2571
9003462 82200001330790515=249486450+656200444+480830424 282898956 5911049739 35.0378
9014398 82300001332329664=249776911+656966445+481377621 283183604 5917187971 38.5464
9025284 82400001333832936=250061709+657711631+481914046 283461219 5923178036 38.3347
9036188 82500001335367533=250353394+658465702+482468752 283743946 5929257007 39.1219
9047114 82600001336901947=250642048+659229174+483016062 284029826 5935429674 58.5179
9058112 82700001338479583=250937608+660010449+483583288 284319534 5941713308 61.4077
9068972 82800001340100663=251244262+660815758+484161331 284619645 5948191025 44.9007
9079909 82900001341692537=251545042+661609417+484726272 284914020 5954553350 29.6618
9090845 83000001343332432=251853487+662426916+485308913 285218630 5961149995 29.7575
9101809 83100001344900369=252151653+663211069+485861052 285507777 5967391935 29.3586
9112828 83200001346549204=252460906+664026282+486454557 285813716 5973978948 33.0368
9123833 83300001348233688=252776739+664863456+487056586 286129762 5980823919 33.7071
9134792 83400001349887301=253086533+665678084+487655268 286436878 5987436012 31.3342
9145828 83500001351557117=253400956+666507835+488251324 286748959 5994163273 31.6402
9156762 83600001353377110=253739308+667404256+488911682 287090645 6001561257 35.1958
9167747 83700001355129925=254070211+668282424+489529522 287424160 6008737069 39.6026
9178704 83800001356881826=254397691+669145198+490164379 287754917 6015867102 41.0937
9189692 83900001358672910=254734636+670028300+490810617 288095540 6023155837 40.5604
9200715 84000001360456411=255067751+670910446+491453167 288434267 6030453992 34.4279
9211739 84100001362191439=255391492+671755861+492090620 288759077 6037458476 32.5845
9222741 84200001364033728=255731937+672659682+492765287 289109775 6044983143 37.2026
9233751 84300001365647029=256034040+673457095+493346116 289418410 6051589378 34.2552
9244652 84400001367406421=256364321+674322045+493985431 289746594 6058664318 38.4407
9255561 84500001369184904=256693390+675195798+494634159 290084667 6065961166 36.683
9266477 84600001370917276=257015261+676047109+495264575 290412107 6073019673 34.2857
9277371 84700001372676640=257340252+676905305+495912409 290741745 6080135179 35.3791
9288260 84800001374421711=257665152+677764695+496545210 291072769 6087270209 38.0374
9299148 84900001376185216=257991986+678627679+497191731 291398241 6094317274 38.4461
9310042 85000001377931757=258315014+679489947+497825265 291731207 6101509220 39.9894
9320918 85100001379741977=258651077+680385203+498478204 292071610 6108864071 38.4269
9331811 85200001381562893=258988881+681283497+499138006 292412902 6116266357 36.8873
9342699 85300001383327083=259316351+682156986+499774298 292744897 6123445349 42.4182
9353605 85400001385173416=259657164+683062491+500449902 293088483 6130888561 45.8716
9364536 85500001387009996=259995969+683966723+501118743 293434513 6138386587 48.5476
9375400 85600001388851238=260336371+684871462+501790651 293779783 6145861293 43.5055
9386266 85700001390704245=260678502+685781830+502467258 294128096 6153413399 41.5268
9397085 85800001392493577=261008474+686658833+503122897 294462677 6160696881 40.3854
9407946 85900001394335307=261346983+687563162+503797534 294806943 6168170293 43.9381
9418840 86000001396160131=261684255+688465207+504457972 295147933 6175578096 44.1638
9429879 86100001398029066=262027885+689381817+505143098 295493654 6183107984 47.6431
9440791 86200001399885970=262370631+690291283+505824252 295838217 6190577202 53.7972
9451744 86300001401746715=262715724+691206978+506501077 296183971 6198084882 54.2682
9462700 86400001403582563=263053597+692112890+507168771 296523662 6205480280 47.5859
9473558 86500001405438414=263398121+693029379+507840263 296868616 6212985477 46.4769
9484538 86600001407279628=263739383+693939776+508505721 297213701 6220451641 47.0037
9495691 86700001409138242=264082091+694853278+509184316 297555289 6227875019 47.7417
9506599 86800001411026335=264429570+695771649+509883275 297895626 6235294192 46.1454
9517528 86900001412851163=264767151+696670599+510546736 298232470 6242606283 45.915
9528426 87000001414595058=265094304+697528645+511178200 298558956 6249645943 50.2719
9539304 87100001416395224=265428457+698408279+511838966 298888260 6256789047 52.3246
9550253 87200001418197697=265764781+699298076+512490406 299220430 6263991927 52.171
9561151 87300001420021345=266103566+700196534+513152178 299557845 6271298630 69.9339
9572169 87400001421759158=266427735+701063083+513771646 299880462 6278306113 62.1246
9583108 87500001423682995=266781030+701996074+514488727 300224965 6285813039 38.2895
9594070 87600001425464977=267113866+702869923+515138267 300549833 6292862768 34.3258
9605026 87700001427269095=267448460+703760571+515791650 300880001 6300054473 37.1224
9616043 87800001429091097=267787521+704663217+516447790 301213960 6307302238 39.5689
9626976 87900001430833657=268111990+705525444+517076154 301535139 6314270547 36.7447
9637868 88000001432601415=268441115+706403598+517709764 301862329 6321364188 35.1839
9648789 88100001434371419=268770733+707275385+518351746 302189052 6328438750 33.8671
9659681 88200001436148458=269100763+708148705+518998708 302515892 6335527275 35.9417
9670649 88300001437892370=269425897+709011609+519627598 302837177 6342485720 40.5304
9681587 88400001439703013=269761201+709903895+520285730 303170516 6349734709 49.365
9692603 88500001441444054=270088997+710771035+520905453 303491580 6356690968 37.9254
9703662 88600001443188285=270415988+711630396+521536526 303807600 6363561739 34.6239
9714691 88700001444965420=270750953+712509251+522175067 304132401 6370610491 35.9726
9725769 88800001446744064=271083584+713386836+522818069 304455914 6377619368 38.467
9736765 88900001448462440=271403241+714235171+523440568 304769680 6384437395 37.9597
9747779 89000001450207720=271727970+715094846+524074363 305089612 6391371024 40.2822
9758710 89100001451939836=272049473+715951947+524700211 305410488 6398335949 37.2513
9769760 89200001453711026=272378176+716821177+525346864 305732311 6405337139 36.3111
9780781 89300001455451854=272704054+717676561+525979916 306049138 6412178823 39.7823
9791870 89400001457182219=273026390+718527827+526609077 306362419 6418941487 41.0109
9802858 89500001458904299=273348114+719382409+527226975 306680897 6425845592 42.4721
9813924 89600001460607079=273668138+720227655+527837114 306994960 6432653707 43.9109
9824943 89700001462345176=273991124+721082400+528469529 307315077 6439578902 39.6468
9835848 89800001464017248=274305387+721909389+529070827 307624647 6446253533 40.7714
9846719 89900001465686232=274617745+722730551+529676379 307930692 6452865059 45.4977
9857637 90000001467345888=274927719+723551095+530274841 308239929 6459533465 48
qEOF before end of stream: 3, 9859081
Total lines processed: 9001322

