Csz: 64, pgsz: 4096
10988 10000 1501663=280564+736534+546799 732629 11543895 9.44507
22023 20000 2969833=556529+1459387+1077009 1316180 21605672 10.1388
33024 30000 4455111=837101+2191661+1611754 1877017 31525463 11.0491
44043 40000 6020851=1126445+2951279+2192551 2436084 41547497 12.4032
55121 50000 7456147=1398962+3658349+2709577 2939468 50664844 11.7317
66115 60000 8880851=1666179+4350823+3234648 3419104 59428450 12.219
77117 70000 10321935=1938435+5065049+3750268 3906266 68364852 13.2603
88102 80000 11700254=2200704+5742595+4246944 4363213 76766243 12.6816
99095 90000 13136962=2468232+6447219+4770729 4834869 85458794 13.6555
110113 100000 14567887=2739132+7154639+5283726 5290840 93987869 14.0388
121109 110000 15979341=3006343+7853621+5788507 5744072 102460299 14.7979
132028 120000 17529576=3286631+8592403+6381321 6202530 111093727 15.8032
142990 130000 18983246=3562515+9313266+6900099 6652150 119602915 16.0616
153925 140000 20471021=3841520+10053635+7429782 7107103 128240039 16.8113
164855 150000 21979188=4125986+10799401+7971072 7567835 137004718 17.8294
175812 160000 23581702=4417062+11563939+8582289 8035915 145919156 18.6428
186797 170000 25057302=4694184+12294315+9112151 8483630 154453053 18.1498
197847 180000 26591014=4977448+13039031+9681211 8936396 163109394 19.6407
208776 190000 28103392=5261528+13786971+10225271 9389016 171760358 19.588
219728 200000 29608450=5546129+14533215+10762856 9830477 180266986 19.846
230584 210000 31172079=5839074+15306099+11325356 10287305 189054973 21.3294
241548 220000 32679763=6122575+16050615+11868600 10728860 197558344 21.5123
252514 230000 34277699=6416178+16828359+12459598 11188994 206423300 22.3373
263483 240000 35775557=6699007+17569616+12996180 11625823 214839142 22.3093
Total lines processed: 244927
252693
136549
OUBLK INBLK
    -     -
rchar: 52369054271
wchar: 267937191
syscr: 12813844
syscw: 361
read_bytes: 155643904
write_bytes: 268103680
cancelled_write_bytes: 0
303992
523632
