Csz: 16, pgsz: 4096
Stg buf: 262144kb, Idx1 buf: 262144kb, Idx1+ buf: 1024kb
Idx1 entry count limit: 25 million
10988 10000 63 3 w0 r0 m0 f0 r0 p0
 1501663=280564+736534+546799 i732629 u987122 u0 t2.732
22023 20000 63 3 w0 r0 m0 f0 r0 p0
 2969833=556529+1459387+1077009 i1316180 u2085487 u0 t2.834
33024 30000 63 4 w0 r0 m0 f0 r0 p0
 4455111=837101+2191661+1611754 i1877017 u3226548 u0 t2.937
44043 40000 91 4 w0 r0 m0 f0 r0 p0
 6020851=1126445+2951279+2192551 i2436084 u4457833 u0 t3.162
55121 50000 91 4 w0 r0 m0 f0 r0 p0
 7456147=1398962+3658349+2709577 i2939468 u5599484 u0 t2.971
66115 60000 91 4 w0 r0 m0 f0 r0 p0
 8880851=1666179+4350823+3234648 i3419104 u6749918 u0 t2.96
77117 70000 91 4 w0 r0 m0 f0 r0 p0
 10321935=1938435+5065049+3750268 i3906266 u7914960 u0 t3.054
88102 80000 91 4 w0 r0 m0 f0 r0 p0
 11700254=2200704+5742595+4246944 i4363213 u9037806 u0 t2.963
99095 90000 91 4 w0 r0 m0 f0 r0 p0
 13136962=2468232+6447219+4770729 i4834869 u10211527 u0 t3.07
New Cache More Size: 1024
Key count: 4987287, Level node count: 12309
Idx1+ lookups: 0 0 
Avg last exit: 0 0 
Idx1+ positiv: 0 0 
Idx1+ found  : 0 0 
OL: 0 123219754 
CL: 0 123219754 
OC: 0 4987287 
CC: 0 4987287 
TotOL: 123219754, TotCL: 123219754, TotOC: 4987287, TotCC: 4987287
110113 100000 61 3 w0 r0 m0 f0 r0 p0
 14567887=2739132+7154639+5283726 i5290840 u11395752 u0 t13.877
121109 110000 61 3 w0 r0 m0 f0 r0 p0
 15979341=3006343+7853621+5788507 i5744072 u12560404 u0 t3.319
132028 120000 67 3 w0 r0 m0 f0 r0 p0
 17529576=3286631+8592403+6381321 i6202530 u13870471 u0 t3.545
142990 130000 67 4 w0 r0 m0 f0 r0 p0
 18983246=3562515+9313266+6900099 i6652150 u15087377 u0 t3.426
153925 140000 67 4 w0 r0 m0 f0 r0 p0
 20471021=3841520+10053635+7429782 i7107103 u16337894 u0 t3.492
164855 150000 67 4 w0 r0 m0 f0 r0 p0
 21979188=4125986+10799401+7971072 i7567835 u17605454 u0 t3.552
175812 160000 70 4 w0 r0 m0 f0 r0 p0
 23581702=4417062+11563939+8582289 i8035915 u18965547 u0 t3.707
186797 170000 70 4 w0 r0 m0 f0 r0 p0
 25057302=4694184+12294315+9112151 i8483630 u20209360 u0 t3.525
197847 180000 70 4 w0 r0 m0 f0 r0 p0
 26591014=4977448+13039031+9681211 i8936396 u21510058 u0 t3.626
New Cache More Size: 1024
Key count: 4919025, Level node count: 12278
Idx1+ lookups: 0 0 4919025 
Avg last exit: 0 0 6357302 
Idx1+ positiv: 0 0 1201265 
Idx1+ found  : 0 0 785053 
OL: 0 121753554 123219754 
CL: 0 121753554 108733362 
OC: 0 4919025 4987287 
CC: 0 4919025 4202234 
TotOL: 244973308, TotCL: 230486916, TotOC: 9906312, TotCC: 9121259
208776 190000 57 3 w0 r0 m0 f0 r0 p0
 28103392=5261528+13786971+10225271 i9389016 u22790724 u0 t19.946
219728 200000 60 3 w0 r0 m0 f0 r0 p0
 29608450=5546129+14533215+10762856 i9830477 u24075187 u0 t4.592
230584 210000 91 3 w0 r0 m0 f0 r0 p0
 31172079=5839074+15306099+11325356 i10287305 u25409728 u0 t4.008
241548 220000 91 4 w0 r0 m0 f0 r0 p0
 32679763=6122575+16050615+11868600 i10728860 u26695809 u0 t3.85
252514 230000 91 4 w0 r0 m0 f0 r0 p0
 34277699=6416178+16828359+12459598 i11188994 u28062718 u0 t3.994
263483 240000 91 4 w0 r0 m0 f0 r0 p0
 35775557=6699007+17569616+12996180 i11625823 u29342837 u0 t3.812
274496 250000 91 4 w0 r0 m0 f0 r0 p0
 37306382=6986514+18328557+13544391 i12066772 u30656219 u0 t3.891
285461 260000 91 4 w0 r0 m0 f0 r0 p0
 38798460=7268992+19071624+14074163 i12494982 u31939300 u0 t3.819
296415 270000 91 4 w0 r0 m0 f0 r0 p0
 40286808=7549046+19806127+14610350 i12922085 u33217611 u0 t3.785
New Cache More Size: 1024
Key count: 4985645, Level node count: 208
Idx1+ lookups: 0 0 4985645 9111116 
Avg last exit: 0 0 6234407 6371072 
Idx1+ positiv: 0 0 1214843 1844115 
Idx1+ found  : 0 0 793554 1030483 
OL: 0 123560440 121753554 123219754 
CL: 0 123560440 107036452 103754069 
OC: 0 4985645 4919025 4987287 
CC: 0 4985645 4125471 3956804 
TotOL: 368533748, TotCL: 334350961, TotOC: 14891957, TotCC: 13067920
307437 280000 56 3 w0 r0 m0 f0 r0 p0
 41792998=7832777+20553957+15148521 i13350292 u34516184 u0 t20.028
318462 290000 67 3 w0 r0 m0 f0 r0 p0
 43396945=8135807+21348388+15722664 i13806455 u35898383 u0 t4.437
329483 300000 67 3 w0 r0 m0 f0 r0 p0
 45023838=8442695+22162598+16297392 i14273166 u37298170 u0 t4.325
340525 310000 87 4 w0 r0 m0 f0 r0 p0
 46611522=8738490+22941883+16875435 i14719085 u38669830 u0 t4.188
351480 320000 115 4 w0 r0 m0 f0 r0 p0
 48197495=9039364+23732513+17435864 i15165470 u40042326 u0 t4.181
362496 330000 115 4 w0 r0 m0 f0 r0 p0
 49733153=9330690+24494894+17981449 i15594735 u41373894 u0 t4.086
373551 340000 115 4 w0 r0 m0 f0 r0 p0
 51290525=9626489+25266085+18538210 i16032087 u42722206 u0 t4.192
384689 350000 115 4 w0 r0 m0 f0 r0 p0
 52864093=9922506+26034770+19112787 i16473288 u44082729 u0 t4.17
New Cache More Size: 1024
Key count: 5017942, Level node count: 223
Idx1+ lookups: 0 0 5017942 9214368 13097754 
Avg last exit: 0 0 6228023 6207756 6356322 
Idx1+ positiv: 0 0 1214880 1859973 2385634 
Idx1+ found  : 0 0 789219 1035639 1185012 
OL: 0 124112791 123560440 121753554 123219754 
CL: 0 124112791 109004214 102122310 100539326 
OC: 0 5017942 4985645 4919025 4987287 
CC: 0 5017942 4196426 3883386 3802275 
TotOL: 492646539, TotCL: 435778641, TotOC: 19909899, TotCC: 16900029
395874 360000 81 3 w0 r0 m0 f0 r0 p0
 54482814=10222227+26820615+19712099 i16929367 u45477765 u0 t16.755
406862 370000 82 3 w0 r0 m0 f0 r0 p0
 56129529=10531411+27615260+20322783 i17391147 u46898946 u0 t6.831
417894 380000 82 3 w0 r0 m0 f0 r0 p0
 57712939=10827913+28389797+20900694 i17836066 u48266696 u0 t4.527
428912 390000 82 4 w0 r0 m0 f0 r0 p0
 59270425=11119317+29151504+21469881 i18270779 u49614812 u0 t4.322
439874 400000 93 4 w0 r0 m0 f0 r0 p0
 60804875=11404852+29899292+22034731 i18692192 u50948956 u0 t4.248
450859 410000 93 4 w0 r0 m0 f0 r0 p0
 62351122=11693776+30659561+22596197 i19124555 u52287500 u0 t4.285
461847 420000 93 4 w0 r0 m0 f0 r0 p0
 63850824=11975377+31395903+23140104 i19539607 u53589985 u0 t4.176
472807 430000 93 4 w0 r0 m0 f0 r0 p0
 65444263=12275975+32177959+23717696 i19976861 u54977586 u0 t4.413
483790 440000 93 4 w0 r0 m0 f0 r0 p0
 67052753=12576164+32971980+24298942 i20419610 u56377655 u0 t4.463
Shrinking rst_test.ix1.1
Key count: 3693092, Level node count: 11529
Mismatch Cur count: 3693093, rec_count: 3693092
New Cache More Size: 1024
dict_map out file: rst_test.ix1.1
New Cache More Size: 1024
Key count: 5053621, Level node count: 2629
Idx1+ lookups: 0 0 5053620 9291035 13245741 16978295 
Avg last exit: 0 0 6269539 6201167 6175269 6329671 
Idx1+ positiv: 0 0 1210162 1862535 2402152 2875364 
Idx1+ found  : 0 0 780527 1030939 1186471 1294194 
OL: 0 124758731 124112791 123560440 121753554 98241698 
CL: 0 124758731 109778314 104096326 98970971 98241698 
OC: 0 5053621 5017942 4985645 4919025 3693093 
CC: 0 5053621 4237415 3954706 3732554 3693093 
TotOL: 592427214, TotCL: 535846040, TotOC: 23669326, TotCC: 20671389
494708 450000 63 3 w0 r0 m0 f0 r0 p0
 68705880=12884577+33787893+24895987 i20868524 u57822283 u0 t48.041
505590 460000 73 3 w0 r0 m0 f0 r0 p0
 70357917=13192981+34603737+25491973 i21317713 u59266073 u0 t4.906
516566 470000 73 3 w0 r0 m0 f0 r0 p0
 71996869=13498910+35407294+26089306 i21757299 u60702214 u0 t4.882
527520 480000 73 4 w0 r0 m0 f0 r0 p0
 73651210=13807158+36223256+26687956 i22205092 u62148935 u0 t4.952
538466 490000 77 4 w0 r0 m0 f0 r0 p0
 75328397=14119122+37045202+27301246 i22656912 u63616659 u0 t5.011
549399 500000 103 4 w0 r0 m0 f0 r0 p0
 77031657=14444781+37880830+27920554 i23113249 u65110632 u0 t5.089
560288 510000 103 4 w0 r0 m0 f0 r0 p0
 78691897=14755244+38702032+28518770 i23554355 u66571634 u0 t5.033
571192 520000 103 4 w0 r0 m0 f0 r0 p0
 80360592=15064921+39523583+29124866 i24001344 u68035123 u0 t5.292
Shrinking rst_test.ix1.2
Key count: 3624734, Level node count: 11456
New Cache More Size: 1024
dict_map out file: rst_test.ix1.2
New Cache More Size: 1024
Key count: 5019437, Level node count: 11884
Idx1+ lookups: 0 0 5019436 9290620 13281969 17084928 20709662 
Avg last exit: 0 0 6488463 6328429 6222780 6182699 6242368 
Idx1+ positiv: 0 0 1209481 1857949 2401073 2886408 3328608 
Idx1+ found  : 0 0 782436 1026593 1182686 1294291 1379620 
OL: 0 124474562 124758731 124112791 123560440 96680076 98241698 
CL: 0 124474562 110368464 104779076 100927064 96680076 96416726 
OC: 0 5019437 5053621 5017942 4985645 3624734 3693093 
CC: 0 5019437 4271185 3991349 3802959 3624734 3607667 
TotOL: 691828298, TotCL: 633645968, TotOC: 27394472, TotCC: 24317331
582148 530000 56 3 w0 r0 m0 f0 r0 p0
 82044094=15379373+40351252+29736631 i24447914 u69516489 u0 t45.69
593039 540000 63 3 w0 r0 m0 f0 r0 p0
 83778969=15700366+41200465+30372728 i24899734 u71049741 u0 t6.233
604123 550000 63 3 w0 r0 m0 f0 r0 p0
 85301577=15986949+41941190+30932366 i25296658 u72395314 u0 t4.823
615220 560000 69 4 w0 r0 m0 f0 r0 p0
 86603175=16234528+42588345+31398769 i25645743 u73539247 u0 t4.091
626410 570000 69 4 w0 r0 m0 f0 r0 p0
 87874733=16473215+43206126+31867990 i25977087 u74662757 u0 t4.142
637646 580000 69 4 w0 r0 m0 f0 r0 p0
 89107118=16707388+43808787+32316445 i26295790 u75755889 u0 t3.987
648847 590000 70 4 w0 r0 m0 f0 r0 p0
 90412613=16951660+44441753+32801313 i26620959 u76923633 u0 t4.08
660023 600000 70 4 w0 r0 m0 f0 r0 p0
 91570950=17172097+45004553+33225573 i26915253 u77955938 u0 t3.642
671169 610000 70 4 w0 r0 m0 f0 r0 p0
 92720559=17392089+45568160+33643035 i27208751 u78980110 u0 t3.589
682330 620000 104 4 w0 r0 m0 f0 r0 p0
 93872563=17614200+46130772+34061676 i27501429 u80007396 u0 t3.724
693457 630000 104 4 w0 r0 m0 f0 r0 p0
 95117609=17848307+46742027+34515831 i27814270 u81119688 u0 t3.882
Shrinking rst_test.ix1.3
Key count: 3696724, Level node count: 25
New Cache More Size: 1024
dict_map out file: rst_test.ix1.3
New Cache More Size: 1024
Key count: 4935586, Level node count: 238
Idx1+ lookups: 0 0 4935585 9177363 13210709 17053678 20750402 24294593 
Avg last exit: 0 0 6228168 6432665 6307418 6201081 6074817 6166621 
Idx1+ positiv: 0 0 1197444 1841993 2386080 2877244 3328247 3750129 
Idx1+ found  : 0 0 777658 1020274 1174973 1288921 1374834 1446877 
OL: 0 121406005 124474562 124758731 124112791 98667530 96680076 98241698 
CL: 0 121406005 110120323 105577302 101697363 98667530 94957615 94965836 
OC: 0 4935586 5019437 5053621 5017942 3696724 3624734 3693093 
CC: 0 4935586 4241779 4033347 3842969 3696724 3544191 3540410 
TotOL: 788341393, TotCL: 727391974, TotOC: 31041137, TotCC: 27835006
704731 640000 82 3 w0 r0 m0 f0 r0 p0
 96356521=18079814+47339736+34977384 i28121166 u82229506 u0 t47.366
715916 650000 82 3 w0 r0 m0 f0 r0 p0
 97508742=18300176+47903789+35395975 i28406351 u83265050 u0 t4.017
727122 660000 82 3 w0 r0 m0 f0 r0 p0
 98740979=18534472+48502649+35847850 i28710581 u84371797 u0 t4.108
738273 670000 82 4 w0 r0 m0 f0 r0 p0
 99944384=18763831+49088470+36288017 i29009102 u85452209 u0 t3.929
749495 680000 82 4 w0 r0 m0 f0 r0 p0
 101110633=18988146+49655129+36713799 i29295687 u86502085 u0 t3.802
760693 690000 92 4 w0 r0 m0 f0 r0 p0
 102322772=19218634+50241042+37161215 i29597606 u87587705 u0 t3.959
771972 700000 92 4 w0 r0 m0 f0 r0 p0
 103533405=19447840+50827756+37607308 i29897320 u88674141 u0 t3.951
783287 710000 92 4 w0 r0 m0 f0 r0 p0
 104707169=19672297+51400620+38034532 i30187981 u89728387 u0 t3.849
794503 720000 92 4 w0 r0 m0 f0 r0 p0
 105884077=19899080+51986529+38454138 i30484393 u90782935 u0 t3.834
805629 730000 92 4 w0 r0 m0 f0 r0 p0
 107102606=20129008+52567936+38912857 i30784785 u91875300 u0 t3.906
816809 740000 92 4 w0 r0 m0 f0 r0 p0
 108260442=20346670+53116721+39353020 i31063829 u92918091 u0 t3.7
New Cache More Size: 1024
Key count: 4879756, Level node count: 260
Idx1+ lookups: 0 0 4879755 9016119 13018076 16907685 20641755 24257847 27735137 
Avg last exit: 0 0 6262382 6230519 6413025 6295493 6102443 5999879 6111898 
Idx1+ positiv: 0 0 1210227 1824788 2359080 2855568 3309969 3741742 4146849 
Idx1+ found  : 0 0 799221 1017479 1164011 1283872 1369553 1441735 1502523 
OL: 0 119626510 121406005 124474562 124758731 124112791 98667530 96680076 98241698 
CL: 0 119626510 106665161 105273962 102621210 99392717 96946536 93516636 93764790 
OC: 0 4879756 4935586 5019437 5053621 5017942 3696724 3624734 3693093 
CC: 0 4879756 4136365 4001958 3889610 3734070 3616092 3477290 3484764 
TotOL: 907967903, TotCL: 817807522, TotOC: 35920893, TotCC: 31219905
827890 750000 70 3 w0 r0 m0 f0 r0 p0
 109450263=20570289+53679196+39809019 i31352981 u93987172 u0 t30.345
839058 760000 89 3 w0 r0 m0 f0 r0 p0
 110562747=20782639+54214127+40221777 i31620192 u94993205 u0 t3.858
850231 770000 89 3 w0 r0 m0 f0 r0 p0
 111752686=21007204+54789950+40662024 i31911832 u96063102 u0 t3.919
861324 780000 89 3 w0 r0 m0 f0 r0 p0
 112864986=21220423+55328425+41070963 i32186742 u97061835 u0 t3.663
872344 790000 89 4 w0 r0 m0 f0 r0 p0
 114010109=21439524+55879572+41494848 i32459515 u98100041 u0 t3.76
883522 800000 89 4 w0 r0 m0 f0 r0 p0
 115161048=21660061+56435512+41919053 i32734766 u99142592 u0 t3.811
894714 810000 89 4 w0 r0 m0 f0 r0 p0
 116268533=21873210+56964926+42332738 i33003900 u100140572 u0 t3.657
905844 820000 89 4 w0 r0 m0 f0 r0 p0
 117391478=22087870+57507981+42746335 i33271939 u101158006 u0 t3.715
916882 830000 89 4 w0 r0 m0 f0 r0 p0
 118666012=22330007+58123971+43219027 i33587547 u102300671 u0 t4.174
927964 840000 89 4 w0 r0 m0 f0 r0 p0
 119859814=22558740+58706062+43653178 i33882590 u103373769 u0 t3.989
939033 850000 89 4 w0 r0 m0 f0 r0 p0
 121120097=22797057+59316939+44117540 i34192756 u104506318 u0 t4.187
950128 860000 89 4 w0 r0 m0 f0 r0 p0
 122354161=23032142+59920770+44564945 i34498917 u105614132 u0 t4.11
Shrinking rst_test.ix1.4
Key count: 3650988, Level node count: 200
New Cache More Size: 1024
dict_map out file: rst_test.ix1.4
New Cache More Size: 1024
Key count: 4903038, Level node count: 222
Idx1+ lookups: 0 0 4903038 8983594 12874970 16727581 20510423 24161411 27710588 31131359 
Avg last exit: 0 0 6174807 6248744 6224078 6394916 6282355 6029558 5943828 6068580 
Idx1+ positiv: 0 0 1211368 1843003 2348589 2828046 3293130 3724942 4139780 4532595 
Idx1+ found  : 0 0 799199 1044209 1166825 1270778 1366954 1436468 1498254 1550746 
OL: 0 120034410 119626510 121406005 124474562 124758731 97634759 98667530 96680076 98241698 
CL: 0 120034410 104871204 101714233 102177754 100393397 97634759 95505854 92295013 92724962 
OC: 0 4903038 4879756 4935586 5019437 5053621 3650988 3696724 3624734 3693093 
CC: 0 4903038 4080557 3891377 3852612 3782843 3650988 3549177 3420771 3436541 
TotOL: 1001524281, TotCL: 907351586, TotOC: 39456977, TotCC: 34567904
961260 870000 70 3 w0 r0 m0 f0 r0 p0
 123573714=23265156+60513662+45010532 i34798097 u106711505 u0 t49.601
972424 880000 70 3 w0 r0 m0 f0 r0 p0
 124788336=23496396+61098156+45461081 i35096160 u107803055 u0 t4.718
983571 890000 70 3 w0 r0 m0 f0 r0 p0
 125999548=23725782+61687928+45904551 i35396104 u108889760 u0 t4.389
994789 900000 70 3 w0 r0 m0 f0 r0 p0
 127172823=23948729+62252858+46339682 i35679752 u109948751 u0 t4.145
1005944 910000 70 4 w0 r0 m0 f0 r0 p0
 128418184=24183935+62848114+46805458 i35967836 u111084340 u0 t4.222
1017100 920000 70 4 w0 r0 m0 f0 r0 p0
 129545948=24400080+63392506+47221135 i36239862 u112103726 u0 t3.941
1028294 930000 70 4 w0 r0 m0 f0 r0 p0
 130643767=24609789+63922720+47625923 i36504981 u113095397 u0 t3.835
1039422 940000 81 4 w0 r0 m0 f0 r0 p0
 131802756=24830099+64485884+48050761 i36784916 u114142665 u0 t4.047
1050473 950000 81 4 w0 r0 m0 f0 r0 p0
 132969366=25052197+65053534+48476717 i37064028 u115199603 u0 t4.035
1061568 960000 81 4 w0 r0 m0 f0 r0 p0
 134157706=25282050+65633678+48906915 i37340582 u116285860 u0 t4.093
1072599 970000 81 4 w0 r0 m0 f0 r0 p0
 135407467=25517546+66234964+49372288 i37632577 u117423128 u0 t4.259
Shrinking rst_test.ix1.5
Key count: 3699692, Level node count: 2544
Mismatch Cur count: 3699693, rec_count: 3699692
New Cache More Size: 1024
dict_map out file: rst_test.ix1.5
New Cache More Size: 1024
Key count: 4887317, Level node count: 210
Idx1+ lookups: 0 0 4887317 8993072 12831746 16572789 20316876 24016568 27599837 31092131 34465366 
Avg last exit: 0 0 6228946 6182151 6245173 6221149 6386110 6202964 5977388 5900422 6034530 
Idx1+ positiv: 0 0 1209216 1839768 2365549 2819389 3264496 3708148 4122334 4522760 4908979 
Idx1+ found  : 0 0 797283 1041081 1194542 1275349 1353928 1434673 1493351 1545790 1595832 
OL: 0 119621320 120034410 119626510 121406005 124474562 98634671 97634759 98667530 96680076 98241698 
CL: 0 119621320 105307897 99991542 98597592 99904677 98634671 96184866 94273899 91256907 91750258 
OC: 0 4887317 4903038 4879756 4935586 5019437 3699693 3650988 3696724 3624734 3693093 
CC: 0 4887317 4105755 3838675 3741044 3744088 3699693 3583269 3492294 3373235 3391455 
TotOL: 1095021541, TotCL: 995523629, TotOC: 42990366, TotCC: 37856825
1083733 980000 56 3 w0 r0 m0 f0 r0 p0
 136514372=25732860+66779076+49768190 i37896973 u118428714 u0 t49.3
1094785 990000 89 3 w0 r0 m0 f0 r0 p0
 137634416=25949068+67323878+50175892 i38165855 u119443515 u0 t6.218
1105876 1000000 89 3 w0 r0 m0 f0 r0 p0
 138781015=26169464+67886377+50589434 i38439704 u120484696 u0 t4.609
1117034 1010000 89 3 w0 r0 m0 f0 r0 p0
 139902328=26386172+68433488+50996382 i38709598 u121499844 u0 t4.166
1128112 1020000 89 4 w0 r0 m0 f0 r0 p0
 141036705=26605393+68991950+51402445 i38983317 u122527642 u0 t4.168
1139060 1030000 89 4 w0 r0 m0 f0 r0 p0
 142284153=26846201+69605267+51850081 i39289013 u123652627 u0 t4.565
1150007 1040000 89 4 w0 r0 m0 f0 r0 p0
 143675917=27111664+70284235+52356962 i39628114 u124907311 u0 t5.123
1160894 1050000 89 4 w0 r0 m0 f0 r0 p0
 145112849=27383007+70990985+52876373 i39982857 u126199024 u0 t5.207
1171814 1060000 89 4 w0 r0 m0 f0 r0 p0
 146493466=27645470+71670517+53373699 i40324150 u127439984 u0 t5.042
1182789 1070000 89 4 w0 r0 m0 f0 r0 p0
 147885946=27910737+72358778+53871861 i40668143 u128692797 u0 t5.096
1193726 1080000 89 4 w0 r0 m0 f0 r0 p0
 149248573=28170852+73028966+54362303 i41002305 u129920489 u0 t4.924
Shrinking rst_test.ix1.7
Key count: 3632075, Level node count: 232
Mismatch Cur count: 3632076, rec_count: 3632075
New Cache More Size: 1024
dict_map out file: rst_test.ix1.7
Shrinking rst_test.ix1.6
Key count: 3656000, Level node count: 11169
Mismatch Cur count: 3656001, rec_count: 3656000
New Cache More Size: 1024
dict_map out file: rst_test.ix1.6
New Cache More Size: 1024
Key count: 4984427, Level node count: 2632
Idx1+ lookups: 0 0 4984427 9078446 12938808 16626921 20258996 23914996 27543613 31065519 34506141 37835258 
Avg last exit: 0 0 6249548 6267324 6204701 6258687 6237952 6323437 6155720 5947656 5875433 6012506 
Idx1+ positiv: 0 0 1215960 1852851 2372895 2845580 3269915 3690064 4119054 4518715 4906560 5283703 
Idx1+ found  : 0 0 793298 1042676 1191642 1303510 1363436 1425003 1496036 1545023 1589908 1635492 
OL: 0 122575981 119621320 120034410 119626510 96299247 98027374 98634671 97634759 98667530 96680076 98241698 
CL: 0 122575981 105024807 100352034 96863859 96299247 98027374 97113426 94854250 93144342 90289984 90877020 
OC: 0 4984427 4887317 4903038 4879756 3632076 3656001 3699693 3650988 3696724 3624734 3693093 
CC: 0 4984427 4094019 3860362 3688114 3632076 3656001 3628618 3521906 3440622 3329117 3351795 
TotOL: 1166043576, TotCL: 1085422324, TotOC: 45307847, TotCC: 41187057
1204582 1090000 54 3 w0 r0 m0 f0 r0 p0
 150675635=28443408+73739146+54868607 i41358116 u131201909 u0 t76.358
1215452 1100000 71 3 w0 r0 m0 f0 r0 p0
 152122476=28719425+74451995+55388560 i41709898 u132508071 u0 t6.27
1226363 1110000 71 3 w0 r0 m0 f0 r0 p0
 153617858=29001917+75190527+55926027 i42075957 u133856171 u0 t5.723
1237247 1120000 71 4 w0 r0 m0 f0 r0 p0
 155054261=29275805+75901339+56439032 i42426773 u135152278 u0 t5.384
1248176 1130000 71 4 w0 r0 m0 f0 r0 p0
 156519680=29555003+76624493+56964331 i42785721 u136473318 u0 t5.464
1259068 1140000 71 4 w0 r0 m0 f0 r0 p0
 157977948=29830686+77346072+57486978 i43143837 u137786721 u0 t5.392
1269968 1150000 71 4 w0 r0 m0 f0 r0 p0
 159450172=30110531+78082271+58007477 i43509450 u139110160 u0 t5.426
1280888 1160000 71 4 w0 r0 m0 f0 r0 p0
 160907827=30387286+78807042+58526230 i43872376 u140418838 u0 t5.405
1291754 1170000 71 4 w0 r0 m0 f0 r0 p0
 162377563=30666293+79535830+59050443 i44234308 u141742467 u0 t5.411
Shrinking rst_test.ix1.8
Key count: 3581421, Level node count: 26
Mismatch Cur count: 3581422, rec_count: 3581421
New Cache More Size: 1024
dict_map out file: rst_test.ix1.8
New Cache More Size: 1024
Key count: 5036653, Level node count: 55255
Idx1+ lookups: 0 0 5036652 9222744 13072938 16783096 20364517 23909591 27493437 31060586 34530130 37924799 41213367 
Avg last exit: 0 0 6343546 6264710 6283255 6218790 6176206 6178843 6282032 6123826 5927496 5857415 5997548 
Idx1+ positiv: 0 0 1225291 1862368 2389502 2855438 3299569 3703295 4106020 4520068 4909172 5287176 5656872 
Idx1+ found  : 0 0 798335 1037123 1192880 1298334 1390511 1435590 1486471 1548398 1590976 1630457 1672157 
OL: 0 124207066 122575981 119621320 120034410 94620273 96299247 98027374 98634671 97634759 98667530 96680076 98241698 
CL: 0 124207066 107836494 100092052 97258042 94620273 94449897 96470454 95786747 93713722 92129625 89394679 90063514 
OC: 0 5036653 4984427 4887317 4903038 3581422 3632076 3656001 3699693 3650988 3696724 3624734 3693093 
CC: 0 5036653 4186092 3850194 3710158 3581422 3545075 3583847 3567150 3469544 3394669 3288568 3315130 
TotOL: 1265244405, TotCL: 1176022565, TotOC: 49046166, TotCC: 44528502
1302652 1180000 52 3 w0 r0 m0 f0 r0 p0
 163860539=30948696+80270902+59578840 i44594235 u143083725 u0 t54.308
1313613 1190000 71 3 w0 r0 m0 f0 r0 p0
 165342572=31230146+81006856+60107044 i44959732 u144418003 u0 t8.681
1324596 1200000 75 3 w0 r0 m0 f0 r0 p0
 166825257=31511423+81745045+60633294 i45321678 u145756989 u0 t6.095
1335456 1210000 75 4 w0 r0 m0 f0 r0 p0
 168344658=31799164+82499352+61175129 i45695473 u147125588 u0 t6.068
1346441 1220000 75 4 w0 r0 m0 f0 r0 p0
 169903116=32093687+83267629+61736463 i46069571 u148537242 u0 t6.018
1357399 1230000 77 4 w0 r0 m0 f0 r0 p0
 171459885=32386736+84039990+62292707 i46446578 u149944874 u0 t5.996
1368385 1240000 91 4 w0 r0 m0 f0 r0 p0
 173068172=32689518+84834892+62871465 i46833304 u151401405 u0 t6.098
1379469 1250000 91 4 w0 r0 m0 f0 r0 p0
 174698505=32994406+85643477+63455849 i47230695 u152872229 u0 t6.189
1390543 1260000 91 4 w0 r0 m0 f0 r0 p0
 176336577=33299469+86446427+64054269 i47623979 u154353702 u0 t6.171
Shrinking rst_test.ix1.9
Key count: 3604056, Level node count: 218
New Cache More Size: 1024
dict_map out file: rst_test.ix1.9
New Cache More Size: 1024
Key count: 5020538, Level node count: 2232
Idx1+ lookups: 0 0 5020537 9265126 13203910 16907194 20511250 24009955 27486414 31009319 34523709 37946291 41299727 44552509 
Avg last exit: 0 0 6392101 6367580 6284410 6299342 6135464 6123526 6141163 6253049 6100592 5914252 5845320 5986192 
Idx1+ positiv: 0 0 1217531 1873720 2394996 2871454 3305218 3727503 4116960 4508258 4911654 5290903 5659936 6022994 
Idx1+ found  : 0 0 792063 1045643 1184033 1298982 1381050 1459126 1496531 1539230 1595360 1632209 1666243 1705274 
OL: 0 124200715 124207066 122575981 119621320 95024518 94620273 96299247 98027374 98634671 97634759 98667530 96680076 98241698 
CL: 0 124200715 109622744 102843825 97038939 95024518 92845974 92960583 95149726 94630821 92678478 91214580 88596655 89325545 
OC: 0 5020538 5036653 4984427 4887317 3604056 3581422 3632076 3656001 3699693 3650988 3696724 3624734 3693093 
CC: 0 5020538 4244590 3938784 3703284 3604056 3498706 3476460 3522906 3514391 3422582 3353436 3252782 3282013 
TotOL: 1364435228, TotCL: 1266133103, TotOC: 52767722, TotCC: 47834528
1401635 1270000 57 3 w0 r0 m0 f0 r0 p0
 177964524=33605748+87254333+64636272 i48023094 u155820988 u0 t70.498
1412662 1280000 66 3 w0 r0 m0 f0 r0 p0
 179568697=33910264+88055050+65203459 i48414730 u157270044 u0 t7.13
1423732 1290000 66 3 w0 r0 m0 f0 r0 p0
 181168959=34210477+88845071+65780281 i48803701 u158714947 u0 t6.571
1434749 1300000 73 4 w0 r0 m0 f0 r0 p0
 182828415=34519798+89661203+66382737 i49206800 u160212207 u0 t6.652
1445738 1310000 79 4 w0 r0 m0 f0 r0 p0
 184513810=34836400+90488851+66994851 i49619977 u161729322 u0 t6.599
1456743 1320000 79 4 w0 r0 m0 f0 r0 p0
 186190777=35151296+91313453+67602831 i50028236 u163241882 u0 t6.508
1467716 1330000 79 4 w0 r0 m0 f0 r0 p0
 187946945=35480337+92177165+68239998 i50452742 u164828600 u0 t6.814
1478847 1340000 85 4 w0 r0 m0 f0 r0 p0
 189697299=35804419+93033522+68881740 i50879599 u166404778 u0 t6.788
Shrinking rst_test.ix1.10
Key count: 3597125, Level node count: 216
New Cache More Size: 1024
dict_map out file: rst_test.ix1.10
New Cache More Size: 1024
Key count: 5034227, Level node count: 54025
Idx1+ lookups: 0 0 5034226 9276761 13279286 17069041 20666166 24188706 27621232 31040603 34509956 37977113 41358508 44675967 47895988 
Avg last exit: 0 0 6299389 6375417 6356424 6278488 6201510 6070648 6077044 6106724 6226135 6077848 5898748 5830946 5973401 
Idx1+ positiv: 0 0 1206559 1864181 2412447 2880026 3323353 3735123 4142205 4522706 4904256 5295822 5666382 6029144 6388485 
Idx1+ found  : 0 0 778002 1034127 1194672 1290192 1380498 1447229 1516214 1550083 1586463 1636547 1668186 1699004 1736195 
OL: 0 124602216 124200715 124207066 122575981 94814281 95024518 94620273 96299247 98027374 98634671 97634759 98667530 96680076 98241698 
CL: 0 124602216 109917534 104732238 99758754 94814281 93295803 91418016 91722930 93984749 93602962 91767467 90411223 87868721 88641806 
OC: 0 5034227 5020538 5036653 4984427 3597125 3604056 3581422 3632076 3656001 3699693 3650988 3696724 3624734 3693093 
CC: 0 5034227 4242536 4002526 3789755 3597125 3522540 3432527 3419372 3469354 3467158 3381395 3317459 3220021 3251092 
TotOL: 1464230405, TotCL: 1356538700, TotOC: 56511757, TotCC: 51147087
1489858 1350000 68 3 w0 r0 m0 f0 r0 p0
 191414728=36125132+93880640+69503264 i51304578 u167947076 u0 t63.803
1500812 1360000 68 3 w0 r0 m0 f0 r0 p0
 193066497=36431463+94688311+70109152 i51712637 u169429830 u0 t8.217
1511816 1370000 100 3 w0 r0 m0 f0 r0 p0
 194750555=36746208+95519892+70716925 i52120560 u170951494 u0 t7.079
1522795 1380000 100 4 w0 r0 m0 f0 r0 p0
 196383374=37050140+96326851+71306199 i52520689 u172421613 u0 t6.82
1533703 1390000 100 4 w0 r0 m0 f0 r0 p0
 198040225=37358448+97143117+71907133 i52930020 u173910136 u0 t6.741
1544569 1400000 100 4 w0 r0 m0 f0 r0 p0
 199683285=37667316+97956179+72496990 i53328722 u175394716 u0 t6.611
1555499 1410000 100 4 w0 r0 m0 f0 r0 p0
 201439474=37995459+98821930+73132258 i53752784 u176981906 u0 t7.022
1566395 1420000 100 4 w0 r0 m0 f0 r0 p0
 203165083=38317565+99678555+73751000 i54169463 u178542791 u0 t6.906
Shrinking rst_test.ix1.11
Key count: 3682273, Level node count: 251
New Cache More Size: 1024
dict_map out file: rst_test.ix1.11
New Cache More Size: 1024
Key count: 5070886, Level node count: 2469
Idx1+ lookups: 0 0 5070886 9321579 13316366 17167993 20850266 24367030 27823520 31199655 34569629 37992869 41417184 44762118 48046007 51236397 
Avg last exit: 0 0 6314707 6294345 6361112 6342673 6170361 6127987 6019925 6038086 6075813 6199834 6054913 5881857 5816130 5959107 
Idx1+ positiv: 0 0 1215950 1860832 2405496 2900509 3333669 3755153 4152905 4547819 4919517 5294367 5674494 6038770 6396101 6750618 
Idx1+ found  : 0 0 783533 1025750 1185025 1302154 1370553 1446548 1503620 1565611 1596196 1629305 1673008 1701756 1728635 1764233 
OL: 0 125292473 124602216 124200715 124207066 97493604 94814281 95024518 94620273 96299247 98027374 98634671 97634759 98667530 96680076 98241698 
CL: 0 125292473 110207272 104887619 101599810 97493604 93113353 91885687 90202668 90650643 92978619 92672117 90963756 89650633 87209995 88019890 
OC: 0 5070886 5034227 5020538 5036653 3682273 3597125 3604056 3581422 3632076 3656001 3699693 3650988 3696724 3624734 3693093 
CC: 0 5070886 4250694 3994788 3851628 3682273 3516764 3456490 3376136 3369975 3423241 3424316 3344934 3283889 3190390 3223054 
TotOL: 1564440501, TotCL: 1446828139, TotOC: 60280489, TotCC: 54459458
1577238 1430000 75 3 w0 r0 m0 f0 r0 p0
 204894416=38640361+100537132+74371288 i54592106 u180101537 u0 t74.895
1588118 1440000 101 3 w0 r0 m0 f0 r0 p0
 206627102=38964282+101395438+74993454 i55013351 u181665497 u0 t8.523
1598949 1450000 101 3 w0 r0 m0 f0 r0 p0
 208394406=39292777+102268869+75631799 i55438725 u183264528 u0 t7.403
1609797 1460000 101 4 w0 r0 m0 f0 r0 p0
 210170319=39622403+103146362+76274190 i55865198 u184871563 u0 t7.381
1620630 1470000 101 4 w0 r0 m0 f0 r0 p0
 211921170=39952135+104017109+76898673 i56281940 u186461122 u0 t7.236
1631477 1480000 101 4 w0 r0 m0 f0 r0 p0
 213670627=40279217+104881983+77529055 i56703093 u188043701 u0 t7.218
1642373 1490000 101 4 w0 r0 m0 f0 r0 p0
 215467929=40615467+105772455+78174765 i57130423 u189675587 u0 t7.404
1653233 1500000 101 4 w0 r0 m0 f0 r0 p0
 217268084=40950561+106663886+78823410 i57559234 u191309082 u0 t7.38
Shrinking rst_test.ix1.12
Key count: 3740588, Level node count: 50834
Mismatch Cur count: 3740589, rec_count: 3740588
New Cache More Size: 1024
dict_map out file: rst_test.ix1.12
New Cache More Size: 1024
Key count: 5039414, Level node count: 50802
Idx1+ lookups: 0 0 5039413 9324716 13331916 17172561 20913149 24512418 27962986 31363217 34691072 38017620 41399612 44786756 48098771 51352222 54515087 
Avg last exit: 0 0 6488168 6361464 6317153 6372721 6253457 6111789 6086945 5992699 6016708 6058716 6185657 6042587 5873243 5808581 5952236 
Idx1+ positiv: 0 0 1213912 1863425 2404523 2893400 3352219 3762870 4168192 4552124 4939073 5302859 5670463 6043684 6402885 6754863 7104890 
Idx1+ found  : 0 0 785583 1027026 1179892 1296064 1385158 1436749 1502807 1551900 1609037 1637444 1666476 1705927 1732194 1756160 1790585 
OL: 0 124941681 125292473 124602216 124200715 99252306 97493604 94814281 95024518 94620273 96299247 98027374 98634671 97634759 98667530 96680076 98241698 
CL: 0 124941681 110838694 105282619 101670958 99252306 95722875 91695665 90665652 89148286 89691489 92063738 91854970 90230355 88967010 86588434 87426050 
OC: 0 5039414 5070886 5034227 5020538 3740589 3682273 3597125 3604056 3581422 3632076 3656001 3699693 3650988 3696724 3624734 3693093 
CC: 0 5039414 4285303 4007201 3840646 3740589 3599269 3450568 3400231 3327856 3326549 3381993 3387145 3312015 3253451 3162865 3196702 
TotOL: 1664427422, TotCL: 1536040782, TotOC: 64023839, TotCC: 57711797
1664130 1510000 65 3 w0 r0 m0 f0 r0 p0
 219046446=41280963+107539800+79469044 i57979414 u192925002 u0 t73.947
1675034 1520000 65 3 w0 r0 m0 f0 r0 p0
 220835404=41612975+108422057+80117534 i58403564 u194549358 u0 t8.888
1685958 1530000 69 4 w0 r0 m0 f0 r0 p0
 222654573=41950493+109317901+80778379 i58831532 u196204329 u0 t8.235
1696847 1540000 69 4 w0 r0 m0 f0 r0 p0
 224442361=42281602+110193885+81432689 i59253839 u197827702 u0 t7.635
1707676 1550000 69 4 w0 r0 m0 f0 r0 p0
 226272742=42619605+111095368+82098625 i59687831 u199488756 u0 t7.864
1718573 1560000 69 4 w0 r0 m0 f0 r0 p0
 228104597=42957580+111994802+82768470 i60119120 u201153217 u0 t7.745
1729487 1570000 69 4 w0 r0 m0 f0 r0 p0
 229880904=43285461+112866746+83417917 i60535141 u202770020 u0 t7.594
New Cache More Size: 1024
Key count: 5005577, Level node count: 11917
Idx1+ lookups: 0 0 5005577 9257392 13299581 17154170 20885603 24541328 28072987 31468816 34821352 38107488 41394332 44739558 48094441 51376272 54601991 57739376 
Avg last exit: 0 0 6410944 6505915 6392206 6339213 6292120 6197407 6072643 6059817 5972110 6001497 6046272 6176356 6033522 5868082 5803345 5948121 
Idx1+ positiv: 0 0 1212130 1857701 2400946 2888488 3344140 3777914 4171370 4563444 4939058 5318827 5675239 6036048 6404218 6757935 7105022 7452714 
Idx1+ found  : 0 0 787598 1028697 1179637 1289104 1380927 1452768 1491488 1550502 1593619 1648741 1674210 1698737 1736111 1759926 1781640 1815547 
OL: 0 124417761 124941681 125292473 124602216 124200715 99252306 97493604 94814281 95024518 94620273 96299247 98027374 98634671 97634759 98667530 96680076 98241698 
CL: 0 124417761 110406532 105917283 102095500 99361516 97439055 94265530 90513918 89630099 88238016 88803073 91245977 91134258 89555951 88340193 86012371 86868701 
OC: 0 5005577 5039414 5070886 5034227 5020538 3740589 3682273 3597125 3604056 3581422 3632076 3656001 3699693 3650988 3696724 3624734 3693093 
CC: 0 5005577 4251816 4042189 3854590 3731434 3655726 3531659 3395829 3352536 3286137 3286845 3345227 3354884 3281831 3225719 3137385 3171740 
TotOL: 1788845183, TotCL: 1624245734, TotOC: 69029416, TotCC: 60911124
1740347 1580000 89 3 w0 r0 m0 f0 r0 p0
 231680629=43618172+113748000+84077370 i60957435 u204407110 u0 t43.322
1751207 1590000 89 3 w0 r0 m0 f0 r0 p0
 233507773=43956640+114647778+84741743 i61386971 u206068768 u0 t12.098
1762023 1600000 97 3 w0 r0 m0 f0 r0 p0
 235283992=44287479+115526027+85382484 i61804603 u207685505 u0 t8.861
1772878 1610000 97 4 w0 r0 m0 f0 r0 p0
 237058062=44615710+116394367+86032989 i62221538 u209298850 u0 t7.811
1783723 1620000 97 4 w0 r0 m0 f0 r0 p0
 238817123=44942446+117265322+86667096 i62634279 u210900749 u0 t7.859
1794607 1630000 101 4 w0 r0 m0 f0 r0 p0
 240593085=45270791+118136276+87316392 i63050348 u212516680 u0 t7.77
1805498 1640000 101 4 w0 r0 m0 f0 r0 p0
 242382851=45602364+119021975+87963254 i63469245 u214147516 u0 t7.789
1816421 1650000 101 4 w0 r0 m0 f0 r0 p0
 244178822=45933915+119909627+88614033 i63894187 u215778742 u0 t7.771
Shrinking rst_test.ix1.13
Key count: 3644876, Level node count: 178
Mismatch Cur count: 3644877, rec_count: 3644876
New Cache More Size: 1024
dict_map out file: rst_test.ix1.13
New Cache More Size: 1024
Key count: 5032549, Level node count: 52043
Idx1+ lookups: 0 0 5032548 9246753 13251365 17142682 20887793 24532669 28118868 31591044 34938586 38249182 41497437 44749620 48060389 51384405 54637690 57837200 60950747 
Avg last exit: 0 0 6310622 6415597 6509402 6401806 6346693 6235992 6153784 6040241 6036122 5953258 5987009 6034445 6166399 6024369 5861895 5797409 5943587 
Idx1+ positiv: 0 0 1218693 1861398 2395037 2886665 3341898 3773800 4190928 4569450 4950272 5318288 5691267 6044787 6398529 6759567 7110330 7451613 7795940 
Idx1+ found  : 0 0 791372 1034801 1179569 1289115 1375661 1450453 1512251 1539775 1592442 1631500 1683402 1708667 1729604 1764657 1786135 1805478 1838526 
OL: 0 124961130 124417761 124941681 125292473 124602216 97504284 99252306 97493604 94814281 95024518 94620273 96299247 98027374 98634671 97634759 98667530 96680076 98241698 
CL: 0 124961130 109772974 105382328 102783120 99770711 97504284 95941870 92968037 89470698 88713577 87406731 88031755 90477398 90443470 88913466 87745368 85470515 86349206 
OC: 0 5032549 5005577 5039414 5070886 5034227 3644877 3740589 3682273 3597125 3604056 3581422 3632076 3656001 3699693 3650988 3696724 3624734 3693093 
CC: 0 5032549 4214205 4004613 3891317 3745112 3644877 3586200 3472176 3347542 3310596 3248256 3252184 3310770 3324017 3253285 3199510 3113547 3148761 
TotOL: 1887109882, TotCL: 1712106638, TotOC: 72686304, TotCC: 64099517
1827273 1660000 63 3 w0 r0 m0 f0 r0 p0
 245982710=46268214+120794044+89273491 i64317518 u217419589 u0 t75.378
1838160 1670000 97 3 w0 r0 m0 f0 r0 p0
 247787451=46603036+121681664+89930178 i64744095 u219058868 u0 t9.987
1849005 1680000 97 4 w0 r0 m0 f0 r0 p0
 249559255=46929845+122549529+90579632 i65155713 u220674845 u0 t8.854
1859879 1690000 97 4 w0 r0 m0 f0 r0 p0
 251260145=47246311+123393055+91190935 i65554463 u222224849 u0 t8.563
1870739 1700000 97 4 w0 r0 m0 f0 r0 p0
 253019866=47573526+124267404+91822433 i65965082 u223830500 u0 t8.78
1881698 1710000 97 4 w0 r0 m0 f0 r0 p0
 254708896=47889282+125101992+92431807 i66357118 u225373382 u0 t7.986
1892578 1720000 97 4 w0 r0 m0 f0 r0 p0
 256422005=48209762+125948816+93049301 i66754510 u226938843 u0 t8.663
1903425 1730000 97 4 w0 r0 m0 f0 r0 p0
 258151069=48531128+126803006+93675093 i67155597 u228518441 u0 t8.371
Shrinking rst_test.ix1.14
Key count: 3660197, Level node count: 12593
Mismatch Cur count: 3660198, rec_count: 3660197
New Cache More Size: 1024
dict_map out file: rst_test.ix1.14
New Cache More Size: 1024
Key count: 5027615, Level node count: 176
Idx1+ lookups: 0 0 5027614 9263693 13231984 17083856 20866658 24526855 28101217 31628935 35051338 38357066 41630433 44844963 48066046 51346236 54642065 57869836 61045259 64135882 
Avg last exit: 0 0 6369623 6321370 6412140 6508990 6406456 6279365 6194405 6120864 6013073 6016534 5937550 5974609 6024226 6157734 6016311 5856943 5792449 5938450 
Idx1+ positiv: 0 0 1223552 1866141 2401194 2878802 3338123 3771425 4185126 4590228 4956629 5328028 5688608 6055481 6407547 6754970 7110725 7457746 7794862 8135470 
Idx1+ found  : 0 0 796469 1037286 1187541 1288084 1374029 1446175 1508934 1562024 1581589 1629671 1665225 1714502 1739246 1757791 1790171 1810222 1828402 1859553 
OL: 0 124762102 124961130 124417761 124941681 125292473 97951374 97504284 99252306 97493604 94814281 95024518 94620273 96299247 98027374 98634671 97634759 98667530 96680076 98241698 
CL: 0 124762102 110179085 104771354 102191067 100500472 97951374 95983390 94675433 91890566 88558162 87899143 86658403 87337780 89797058 89816893 88341874 87196369 84949301 85872120 
OC: 0 5027615 5032549 5005577 5039414 5070886 3660198 3644877 3740589 3682273 3597125 3604056 3581422 3632076 3656001 3699693 3650988 3696724 3624734 3693093 
CC: 0 5027615 4236080 3968291 3851873 3782802 3660198 3574363 3527719 3422403 3305728 3273367 3214531 3221084 3280191 3295830 3227771 3175423 3090623 3127734 
TotOL: 1985221142, TotCL: 1799331946, TotOC: 76339890, TotCC: 67263626
1914319 1740000 61 3 w0 r0 m0 f0 r0 p0
 259943293=48864688+127681881+94330331 i67569960 u230155013 u0 t80.746
1925121 1750000 62 3 w0 r0 m0 f0 r0 p0
 261669165=49186851+128536860+94951071 i67971520 u231731144 u0 t9.636
1936035 1760000 62 4 w0 r0 m0 f0 r0 p0
 263458272=49520220+129423171+95595224 i68393201 u233359118 u0 t9.09
1946942 1770000 67 4 w0 r0 m0 f0 r0 p0
 265176789=49839955+130265313+96222788 i68783714 u234935579 u0 t8.335
1957829 1780000 67 4 w0 r0 m0 f0 r0 p0
 266880264=50159017+131109725+96834255 i69177597 u236494139 u0 t8.348
1968722 1790000 67 4 w0 r0 m0 f0 r0 p0
 268620330=50482904+131964281+97468130 i69581489 u238082402 u0 t8.449
1979581 1800000 67 4 w0 r0 m0 f0 r0 p0
 270290901=50794936+132785153+98075566 i69970317 u239606288 u0 t8.351
1990482 1810000 76 4 w0 r0 m0 f0 r0 p0
 271956658=51106210+133601567+98683140 i70349641 u241134070 u0 t8.738
Shrinking rst_test.ix1.16
Key count: 3740791, Level node count: 47552
Mismatch Cur count: 3740792, rec_count: 3740791
New Cache More Size: 1024
dict_map out file: rst_test.ix1.16
Shrinking rst_test.ix1.15
Key count: 3698149, Level node count: 2397
New Cache More Size: 1024
dict_map out file: rst_test.ix1.15
New Cache More Size: 1024
Key count: 5026012, Level node count: 2119
Idx1+ lookups: 0 0 5026011 9261174 13249057 17063731 20804522 24502671 28093995 31608663 35086227 38465371 41734118 44972202 48156047 51349057 54600581 57869785 61073244 64226354 67295865 
Avg last exit: 0 0 6342758 6374660 6322746 6409374 6506524 6338433 6231702 6162717 6094091 5990130 5999725 5923814 5963853 6014072 6149553 6008913 5851871 5787922 5934259 
Idx1+ positiv: 0 0 1218143 1873110 2405768 2885885 3328876 3765684 4184714 4583141 4977516 5333023 5700023 6052202 6414276 6763842 7106727 7457981 7800342 8134099 8471293 
Idx1+ found  : 0 0 792451 1044665 1190903 1298622 1372737 1442902 1505869 1559088 1605283 1618570 1664954 1695910 1742575 1767912 1784416 1814483 1832535 1849514 1879195 
OL: 0 124636640 124762102 124961130 124417761 99831845 98700498 97951374 97504284 99252306 97493604 94814281 95024518 94620273 96299247 98027374 98634671 97634759 98667530 96680076 98241698 
CL: 0 124636640 110095015 105133926 101563134 99831845 98700498 96473572 94682652 93586992 90945651 87750041 87125363 85977857 86711969 89150463 89217930 87794529 86687231 84466742 85425925 
OC: 0 5026012 5027615 5032549 5005577 3740792 3698149 3660198 3644877 3740589 3682273 3597125 3604056 3581422 3632076 3656001 3699693 3650988 3696724 3624734 3693093 
CC: 0 5026012 4235164 3987884 3814674 3740792 3698149 3591325 3514669 3477565 3379144 3268747 3238084 3183846 3193011 3251525 3269205 3203459 3153110 3069511 3108092 
TotOL: 2058155971, TotCL: 1885957975, TotOC: 78694543, TotCC: 70403968
2001382 1820000 68 3 w0 r0 m0 f0 r0 p0
 273619806=51416038+134416362+99290731 i70737453 u242650136 u0 t104.103
2012247 1830000 68 3 w0 r0 m0 f0 r0 p0
 275314039=51732959+135250341+99905069 i71125264 u244202513 u0 t10.013
2023129 1840000 68 4 w0 r0 m0 f0 r0 p0
 276988681=52045651+136073996+100513202 i71509557 u245735631 u0 t8.789
2034053 1850000 68 4 w0 r0 m0 f0 r0 p0
 278712839=52368393+136923507+101136969 i71903598 u247316387 u0 t9.108
2044917 1860000 68 4 w0 r0 m0 f0 r0 p0
 280377963=52680583+137747044+101736334 i72282457 u248845474 u0 t8.687
2055814 1870000 68 4 w0 r0 m0 f0 r0 p0
 282051802=52992861+138572889+102341908 i72675172 u250369971 u0 t8.979
2066728 1880000 68 4 w0 r0 m0 f0 r0 p0
 283706575=53302261+139390750+102938592 i73052613 u251888172 u0 t8.693
2077660 1890000 68 4 w0 r0 m0 f0 r0 p0
 285366456=53613913+140212111+103535051 i73432074 u253410496 u0 t8.648
Shrinking rst_test.ix1.17
Key count: 3702382, Level node count: 201
New Cache More Size: 1024
dict_map out file: rst_test.ix1.17
New Cache More Size: 1024
Key count: 5034657, Level node count: 12781
Idx1+ lookups: 0 0 5034656 9270195 13258321 17094686 20797068 24451374 28080256 31610756 35074410 38505790 41845402 45078495 48285582 51440969 54607578 57833190 61078198 64258223 67389162 70439273 
Avg last exit: 0 0 6340165 6341839 6373095 6321355 6312565 6430667 6285489 6190816 6135728 6071309 5970879 5983348 5911581 5953728 6005391 6141114 6001247 5846318 5782824 5929385 
Idx1+ positiv: 0 0 1220022 1867367 2411281 2894618 3339868 3757980 4181672 4583732 4974308 5357115 5704713 6063868 6412481 6769687 7115887 7453590 7802153 8140697 8469645 8805831 
Idx1+ found  : 0 0 790472 1039488 1196183 1303195 1385107 1442004 1503726 1556883 1605272 1644815 1654224 1695951 1724368 1768976 1793824 1808612 1837917 1854706 1868914 1899503 
OL: 0 124598911 124636640 124762102 124961130 99186803 99831845 98700498 97951374 97504284 99252306 97493604 94814281 95024518 94620273 96299247 98027374 98634671 97634759 98667530 96680076 98241698 
CL: 0 124598911 110064371 105090429 101982921 99186803 97980320 97214008 95137180 93566104 92583620 90080501 86962164 86442343 85346911 86125499 88568963 88677688 87266281 86181901 84025583 84967973 
OC: 0 5034657 5026012 5027615 5032549 3702382 3740792 3698149 3660198 3644877 3740589 3682273 3597125 3604056 3581422 3632076 3656001 3699693 3650988 3696724 3624734 3693093 
CC: 0 5034657 4235540 3988127 3836366 3702382 3654307 3628882 3530501 3463655 3431381 3339612 3233093 3207087 3155388 3166610 3225613 3245009 3180025 3130939 3050111 3087784 
TotOL: 2157523924, TotCL: 1972050474, TotOC: 82426005, TotCC: 73527069
2088614 1900000 60 3 w0 r0 m0 f0 r0 p0
 287041683=53926943+141034038+104145361 i73817355 u254942667 u0 t86.679
2099586 1910000 61 3 w0 r0 m0 f0 r0 p0
 288744872=54243674+141871300+104765300 i74204156 u256505831 u0 t10.229
2110524 1920000 70 4 w0 r0 m0 f0 r0 p0
 290369429=54549228+142670505+105353600 i74573775 u257996665 u0 t9.045
2121483 1930000 73 4 w0 r0 m0 f0 r0 p0
 292052012=54864406+143501540+105960075 i74961801 u259536374 u0 t10.743
2132440 1940000 115 4 w0 r0 m0 f0 r0 p0
 293694209=55170737+144308922+106557063 i75338238 u261040148 u0 t9.622
2143340 1950000 115 4 w0 r0 m0 f0 r0 p0
 295367367=55483485+145131769+107164705 i75720385 u262574179 u0 t10.295
2154286 1960000 115 4 w0 r0 m0 f0 r0 p0
 296988492=55788240+145928869+107751862 i76087692 u264063919 u0 t10.258
2165157 1970000 115 4 w0 r0 m0 f0 r0 p0
 298540929=56079143+146690357+108316845 i76438378 u265490631 u0 t10.295
Shrinking rst_test.ix1.18
Key count: 3725840, Level node count: 47507
Mismatch Cur count: 3725841, rec_count: 3725840
New Cache More Size: 1024
dict_map out file: rst_test.ix1.18
New Cache More Size: 1024
Key count: 5030070, Level node count: 229
Idx1+ lookups: 0 0 5030070 9269133 13258370 17094758 20820598 24437641 28022626 31592442 35071606 38488548 41878790 45182900 48384341 51562829 54691798 57833721 61035095 64257758 67416246 70526347 73557708 
Avg last exit: 0 0 6380763 6355052 6343486 6375670 6231760 6248772 6377237 6246660 6159041 6114745 6052952 5955743 5970526 5901064 5944481 5997814 6134356 5995489 5841883 5778250 5925380 
Idx1+ positiv: 0 0 1223099 1868449 2405665 2897342 3346980 3768887 4171696 4581676 4974057 5354633 5727707 6069869 6421838 6767316 7119348 7461561 7795418 8141522 8477826 8802110 9135433 
Idx1+ found  : 0 0 795593 1036774 1191226 1306708 1388534 1454428 1501070 1555062 1603595 1646410 1680317 1685876 1724550 1750786 1793662 1818062 1830957 1859454 1875544 1887664 1917428 
OL: 0 124495546 124598911 124636640 124762102 99645895 99186803 99831845 98700498 97951374 97504284 99252306 97493604 94814281 95024518 94620273 96299247 98027374 98634671 97634759 98667530 96680076 98241698 
CL: 0 124495546 109913221 105068696 101933869 99645895 97362343 96489156 95939491 94014603 92538428 91678893 89299486 86264321 85810107 84756820 85573287 88021754 88175321 86777785 85707764 83596003 84560293 
OC: 0 5030070 5034657 5026012 5027615 3725841 3702382 3740792 3698149 3660198 3644877 3740589 3682273 3597125 3604056 3581422 3632076 3656001 3699693 3650988 3696724 3624734 3693093 
CC: 0 5030070 4239064 3989238 3836389 3725841 3617043 3584986 3569816 3479165 3416943 3390243 3304110 3201441 3178488 3128970 3141924 3201375 3222664 3158488 3110101 3031361 3069859 
TotOL: 2256704235, TotCL: 2057623082, TotOC: 86149367, TotCC: 76627579
2176142 1980000 65 3 w0 r0 m0 f0 r0 p0
 300107779=56372925+147461885+108884153 i76793491 u266930282 u0 t91.877
2187090 1990000 83 3 w0 r0 m0 f0 r0 p0
 301747104=56679040+148271317+109476291 i77171753 u268429843 u0 t11.1
2198031 2000000 124 3 w0 r0 m0 f0 r0 p0
 303313534=56973518+149044964+110040236 i77529368 u269867337 u0 t10.219
2208970 2010000 124 4 w0 r0 m0 f0 r0 p0
 304880489=57266755+149814873+110609645 i77881008 u271309928 u0 t9.654
2219875 2020000 124 4 w0 r0 m0 f0 r0 p0
 306462247=57567650+150599483+111174164 i78238641 u272765805 u0 t10.854
2230717 2030000 124 4 w0 r0 m0 f0 r0 p0
 307973208=57852647+151350438+111712938 i78578601 u274158171 u0 t8.771
2241553 2040000 124 4 w0 r0 m0 f0 r0 p0
 309500999=58140654+152109616+112258442 i78928211 u275559994 u0 t8.945
2252478 2050000 124 4 w0 r0 m0 f0 r0 p0
 311045082=58431999+152874154+112812027 i79281285 u276977001 u0 t9.022
2263400 2060000 124 4 w0 r0 m0 f0 r0 p0
 312587791=58722721+153634268+113368895 i79629608 u278396182 u0 t8.877
Shrinking rst_test.ix1.19
Key count: 3725467, Level node count: 175
Mismatch Cur count: 3725468, rec_count: 3725467
New Cache More Size: 1024
dict_map out file: rst_test.ix1.19
New Cache More Size: 1024
Key count: 5036220, Level node count: 50205
Idx1+ lookups: 0 0 5036220 9274082 13266277 17103606 20829073 24469189 28016860 31542510 35060781 38494710 41870551 45223294 48493781 51665811 54816752 57921890 61040614 64219346 67420935 70558439 73649209 76662154 
Avg last exit: 0 0 6368152 6386815 6361092 6345888 6282694 6169359 6201915 6336416 6215411 6134566 6097544 6037325 5942317 5958922 5891182 5937021 5990354 6128337 5990187 5837322 5774170 5921783 
Idx1+ positiv: 0 0 1219895 1873226 2408558 2891902 3350181 3775983 4183070 4572557 4971884 5357147 5728574 6095400 6430062 6776699 7117568 7465058 7804917 8135133 8478781 8811639 9133257 9464056 
Idx1+ found  : 0 0 792208 1042461 1188682 1302147 1392432 1457906 1513763 1552615 1600297 1644696 1683909 1713940 1715287 1752097 1774617 1816861 1840704 1852031 1880438 1894875 1906080 1935234 
OL: 0 124652011 124495546 124598911 124636640 99582123 99645895 99186803 99831845 98700498 97951374 97504284 99252306 97493604 94814281 95024518 94620273 96299247 98027374 98634671 97634759 98667530 96680076 98241698 
CL: 0 124652011 109896491 104899955 101907139 99582123 97811676 95862705 95198572 94819871 93022675 91632799 90847454 88552908 85619471 85199066 84225717 85049466 87509783 87700038 86301415 85261467 83175560 84153693 
OC: 0 5036220 5030070 5034657 5026012 3725468 3725841 3702382 3740792 3698149 3660198 3644877 3740589 3682273 3597125 3604056 3581422 3632076 3656001 3699693 3650988 3696724 3624734 3693093 
CC: 0 5036220 4237862 3992196 3837330 3725468 3640117 3547671 3525651 3518271 3433930 3375842 3352744 3270487 3172030 3150941 3105139 3118725 3178733 3201590 3137504 3090770 3012945 3052053 
TotOL: 2356176267, TotCL: 2142882055, TotOC: 89883440, TotCC: 79714219
2274335 2070000 73 3 w0 r0 m0 f0 r0 p0
 314133465=59013694+154399081+113923838 i79976850 u279820554 u0 t93.282
2285238 2080000 73 3 w0 r0 m0 f0 r0 p0
 315607372=59292392+155123819+114456386 i80305941 u281180696 u0 t8.883
2296195 2090000 73 3 w0 r0 m0 f0 r0 p0
 317129293=59581750+155878650+114998713 i80644366 u282587262 u0 t8.517
2307093 2100000 73 4 w0 r0 m0 f0 r0 p0
 318676219=59876160+156649876+115546349 i80990596 u284016041 u0 t8.547
2317991 2110000 73 4 w0 r0 m0 f0 r0 p0
 320192634=60163687+157398333+116091417 i81328289 u285416667 u0 t8.328
2328915 2120000 73 4 w0 r0 m0 f0 r0 p0
 321667081=60444027+158131181+116615279 i81658142 u286777815 u0 t8.166
2339889 2130000 73 4 w0 r0 m0 f0 r0 p0
 323191382=60732124+158889320+117157775 i82003142 u288181162 u0 t8.733
2350849 2140000 73 4 w0 r0 m0 f0 r0 p0
 324694768=61015853+159638390+117692123 i82339763 u289568729 u0 t8.235
2361818 2150000 73 4 w0 r0 m0 f0 r0 p0
 326171151=61295863+160374317+118215233 i82674011 u290928621 u0 t8.549
Shrinking rst_test.ix1.20
Key count: 3729737, Level node count: 2055
Mismatch Cur count: 3729738, rec_count: 3729737
New Cache More Size: 1024
dict_map out file: rst_test.ix1.20
New Cache More Size: 1024
Key count: 5003498, Level node count: 2255
Idx1+ lookups: 0 0 5003498 9245945 13237850 17077435 20807172 24447554 28017950 31508084 34981956 38453802 41848038 45186998 48505490 51745097 54890791 58017074 61099950 64196552 67353662 70535499 73653466 76725549 79721196 
Avg last exit: 0 0 6401569 6396508 6402418 6373274 6267795 6228122 6131689 6172523 6308223 6194324 6118959 6086119 6027283 5933855 5951938 5884948 5931753 5985667 6124629 5987506 5835587 5771800 5919978 
Idx1+ positiv: 0 0 1216944 1864877 2410036 2888895 3341772 3776312 4185428 4582646 4960171 5349658 5727217 6093594 6454067 6781003 7123191 7461513 7805209 8142618 8468073 8810177 9140672 9458027 9787931 
Idx1+ found  : 0 0 793773 1038165 1195071 1296274 1387232 1462152 1515443 1565541 1599040 1639990 1681577 1718160 1744820 1741623 1776755 1796879 1838983 1862326 1871783 1899975 1913562 1923378 1952456 
OL: 0 123895424 124652011 124495546 124598911 99622390 99582123 99645895 99186803 99831845 98700498 97951374 97504284 99252306 97493604 94814281 95024518 94620273 96299247 98027374 98634671 97634759 98667530 96680076 98241698 
CL: 0 123895424 109976292 104903787 101705675 99622390 97748291 96292756 94603544 94063991 93797689 92143881 90809732 90089964 87871496 85033832 84647592 83725044 84546768 87017871 87251978 85858320 84829862 82779931 83757432 
OC: 0 5003498 5036220 5030070 5034657 3729738 3725468 3725841 3702382 3740792 3698149 3660198 3644877 3740589 3682273 3597125 3604056 3581422 3632076 3656001 3699693 3650988 3696724 3624734 3693093 
CC: 0 5003498 4242447 3991905 3839586 3729738 3640383 3570397 3490134 3473873 3471846 3394237 3338961 3318493 3239607 3145694 3126283 3082877 3096603 3157111 3181838 3117967 3072083 2995647 3034831 
TotOL: 2455057441, TotCL: 2226973542, TotOC: 93590664, TotCC: 82756039
2372703 2160000 70 3 w0 r0 m0 f0 r0 p0
 327706821=61584829+161132257+118769022 i83016015 u292346041 u0 t88.764
2383611 2170000 70 3 w0 r0 m0 f0 r0 p0
 329144566=61857657+161847770+119279975 i83338410 u293672996 u0 t10.117
2394538 2180000 70 3 w0 r0 m0 f0 r0 p0
 330594834=62133525+162574001+119790006 i83663618 u295012536 u0 t9.173
2405448 2190000 70 4 w0 r0 m0 f0 r0 p0
 332177329=62432524+163367543+120347491 i84018620 u296472689 u0 t9.661
2416385 2200000 75 4 w0 r0 m0 f0 r0 p0
 333702627=62721355+164125446+120891346 i84359672 u297880691 u0 t9.364
2427291 2210000 75 4 w0 r0 m0 f0 r0 p0
 335184797=63002435+164859902+121421576 i84689958 u299249834 u0 t9.038
2438224 2220000 75 4 w0 r0 m0 f0 r0 p0
 336691739=63288111+165612753+121954248 i85027411 u300641320 u0 t8.812
2449156 2230000 75 4 w0 r0 m0 f0 r0 p0
 338227821=63580472+166376580+122500692 i85368285 u302062081 u0 t9.501
2460085 2240000 75 4 w0 r0 m0 f0 r0 p0
 339803532=63879850+167161588+123059107 i85721928 u303515531 u0 t9.083
Shrinking rst_test.ix1.21
Key count: 3729565, Level node count: 12316
Mismatch Cur count: 3729566, rec_count: 3729565
New Cache More Size: 1024
dict_map out file: rst_test.ix1.21
New Cache More Size: 1024
Key count: 5008848, Level node count: 224
Idx1+ lookups: 0 0 5008847 9222270 13219319 17059421 20788986 24433752 28005674 31517956 34956941 38386583 41818748 45177192 48481933 51769658 54981272 58101324 61204583 64266128 67342285 70478649 73641662 76740602 79795140 82774537 
Avg last exit: 0 0 6331180 6407165 6403828 6412741 6293504 6212725 6188757 6102251 6147828 6285107 6176352 6103654 6076201 6017296 5925035 5944956 5878810 5926680 5980877 6120885 5984239 5832994 5769800 5918036 
Idx1+ positiv: 0 0 1213707 1861003 2402303 2892475 3339278 3769294 4187636 4584631 4970206 5337672 5721432 6092551 6452232 6808679 7129193 7467948 7802096 8141824 8478075 8800023 9139670 9467073 9782242 10110554 
Idx1+ found  : 0 0 790075 1039171 1189968 1305091 1381245 1455692 1520266 1566592 1609771 1638721 1675782 1715796 1748927 1772813 1767265 1799779 1818210 1859428 1883072 1890607 1919002 1931107 1939628 1968526 
OL: 0 124036055 123895424 124652011 124495546 99373858 99622390 99582123 99645895 99186803 99831845 98700498 97951374 97504284 99252306 97493604 94814281 95024518 94620273 96299247 98027374 98634671 97634759 98667530 96680076 98241698 
CL: 0 124036055 109299345 104991309 101734398 99373858 97796280 96265065 95020160 93469395 93085277 92921942 91351964 90038694 89405587 87246897 84458721 84134222 83244957 84081237 86545268 86823090 85424248 84425745 82405467 83387461 
OC: 0 5008848 5003498 5036220 5030070 3729566 3729738 3725468 3725841 3702382 3740792 3698149 3660198 3644877 3740589 3682273 3597125 3604056 3581422 3632076 3656001 3699693 3650988 3696724 3624734 3693093 
CC: 0 5008848 4213423 3997049 3840102 3729566 3644767 3571923 3512283 3438985 3429643 3432165 3358445 3304742 3287726 3211614 3120052 3103259 3061546 3076158 3136365 3163014 3098940 3054538 2979397 3018761 
TotOL: 2553868443, TotCL: 2310966642, TotOC: 97294421, TotCC: 85793311
2471031 2250000 70 3 w0 r0 m0 f0 r0 p0
 341456775=64190719+167976508+123655675 i86090747 u305040581 u0 t104.51
2481891 2260000 70 3 w0 r0 m0 f0 r0 p0
 343048425=64491447+168759476+124230873 i86446301 u306508164 u0 t11.242
2492839 2270000 70 4 w0 r0 m0 f0 r0 p0
 344653071=64792499+169549608+124811600 i86802252 u307990808 u0 t10.659
2503770 2280000 70 4 w0 r0 m0 f0 r0 p0
 346293048=65101839+170361430+125399635 i87173024 u309499692 u0 t10.133
2514685 2290000 70 4 w0 r0 m0 f0 r0 p0
 347905756=65403974+171155231+125983544 i87529715 u310990728 u0 t10.943
2525687 2300000 72 4 w0 r0 m0 f0 r0 p0
 349558235=65712870+171967848+126583155 i87893155 u312519245 u0 t9.929
2536614 2310000 72 4 w0 r0 m0 f0 r0 p0
 351199085=66018950+172775928+127177757 i88258000 u314033741 u0 t10.336
2547690 2320000 72 4 w0 r0 m0 f0 r0 p0
 352903067=66337286+173615552+127794626 i88640495 u315602539 u0 t10.109
Shrinking rst_test.ix1.22
Key count: 3729951, Level node count: 225
New Cache More Size: 1024
dict_map out file: rst_test.ix1.22
New Cache More Size: 1024
Key count: 5016702, Level node count: 50917
Idx1+ lookups: 0 0 5016701 9236159 13204828 17049786 20779737 24424467 27998387 31512107 34973679 38368730 41759167 45155740 48479151 51752607 55012373 58196035 61293200 64375508 67415853 70472817 73590129 76734661 79816112 82853852 85817332 
Avg last exit: 0 0 6314553 6330844 6407596 6405094 6322566 6235486 6169765 6155274 6076036 6125563 6263021 6160046 6090430 6065257 6006982 5916255 5937434 5872058 5921194 5975724 6116099 5980229 5830375 5766808 5914960 
Idx1+ positiv: 0 0 1214251 1859716 2397587 2887654 3343166 3768955 4180571 4586183 4971610 5349207 5709663 6089667 6453152 6806101 7161073 7474435 7806955 8140209 8475475 8811753 9129894 9467111 9791443 10105263 10430608 
Idx1+ found  : 0 0 789389 1034829 1191262 1300119 1389926 1452091 1513894 1570976 1610526 1648976 1674313 1710815 1747081 1776886 1800765 1790152 1820730 1839410 1878621 1902124 1909088 1936491 1947905 1955545 1983526 
OL: 0 124343942 124036055 123895424 124652011 99412947 99373858 99622390 99582123 99645895 99186803 99831845 98700498 97951374 97504284 99252306 97493604 94814281 95024518 94620273 96299247 98027374 98634671 97634759 98667530 96680076 98241698 
CL: 0 124343942 109438029 104330611 101834616 99412947 97559071 96262927 94996326 93903908 92502321 92216621 92132531 90562307 89341130 88779628 86607408 83948499 83662541 82760382 83640608 86108757 86400183 85023830 84040704 82040183 83038137 
OC: 0 5016702 5008848 5003498 5036220 3729951 3729566 3729738 3725468 3725841 3702382 3740792 3698149 3660198 3644877 3740589 3682273 3597125 3604056 3581422 3632076 3656001 3699693 3650988 3696724 3624734 3693093 
CC: 0 5016702 4219459 3968669 3844958 3729951 3644731 3573921 3513721 3461573 3395051 3390438 3396573 3323412 3273457 3259767 3183662 3097165 3082308 3040346 3056965 3117313 3144533 3081451 3037740 2963480 3003761 
TotOL: 2653129786, TotCL: 2394888147, TotOC: 101011004, TotCC: 88821107
2558712 2330000 92 3 w0 r0 m0 f0 r0 p0
 354606469=66655644+174456095+128410284 i89019017 u317174937 u0 t101.552
2569709 2340000 92 3 w0 r0 m0 f0 r0 p0
 356246694=66965337+175274605+128991581 i89386712 u318688870 u0 t12.226
2580699 2350000 92 3 w0 r0 m0 f0 r0 p0
 357993903=67289498+176131911+129629278 i89778633 u320297388 u0 t11.286
2591715 2360000 92 4 w0 r0 m0 f0 r0 p0
 359695362=67606592+176969103+130247449 i90157821 u321866427 u0 t10.398
2602831 2370000 92 4 w0 r0 m0 f0 r0 p0
 361461954=67935504+177839960+130887451 i90555681 u323492103 u0 t10.762
2613986 2380000 92 4 w0 r0 m0 f0 r0 p0
 363270881=68267047+178720207+131558144 i90955628 u325160966 u0 t11.012
2624949 2390000 92 4 w0 r0 m0 f0 r0 p0
 365086882=68600974+179606205+132227973 i91368460 u326825484 u0 t11.03
2635909 2400000 92 4 w0 r0 m0 f0 r0 p0
 366923047=68938890+180504145+132903184 i91787641 u328506652 u0 t11.573
Shrinking rst_test.ix1.23
Key count: 3733029, Level node count: 46094
New Cache More Size: 1024
dict_map out file: rst_test.ix1.23
New Cache More Size: 1024
Key count: 5049982, Level node count: 13049
Idx1+ lookups: 0 0 5049982 9288284 13264784 17081832 20814861 24456547 28028188 31543230 35005945 38422388 41777129 45131474 48493342 51786203 55031712 58266309 61426371 64501436 67563570 70585333 73624394 76722879 79849513 82914001 85936003 88884877 
Avg last exit: 0 0 6288382 6296595 6316777 6395703 6307539 6255218 6186775 6131971 6124402 6049998 6103450 6241169 6143657 6074346 6051857 5995262 5906063 5928007 5864328 5914458 5969201 6110516 5974858 5826255 5762388 5911018 
Idx1+ positiv: 0 0 1208662 1863107 2402164 2887941 3346596 3779603 4185584 4583852 4977869 5353959 5725088 6079858 6453895 6811597 7159060 7510800 7819144 8148927 8478015 8810094 9146473 9461240 9796195 10118021 10428457 10752541 
Idx1+ found  : 0 0 778399 1032347 1186450 1303191 1388384 1463015 1510969 1564899 1616105 1650836 1685068 1709018 1741365 1775028 1802055 1824365 1812252 1840904 1857992 1896524 1920951 1926986 1953454 1963643 1970151 1998212 
OL: 0 125133319 124343942 124036055 123895424 99475343 99412947 99373858 99622390 99582123 99645895 99186803 99831845 98700498 97951374 97504284 99252306 97493604 94814281 95024518 94620273 96299247 98027374 98634671 97634759 98667530 96680076 98241698 
CL: 0 125133319 110016980 104514685 101172238 99475343 97536697 95984615 94982154 93888075 92912851 91614417 91422613 91371303 89891333 88714729 88215401 86075683 83456513 83212676 82341057 83234068 85676921 86000410 84636491 83678184 81701797 82703457 
OC: 0 5049982 5016702 5008848 5003498 3733029 3729951 3729566 3729738 3725468 3725841 3702382 3740792 3698149 3660198 3644877 3740589 3682273 3597125 3604056 3581422 3632076 3656001 3699693 3650988 3696724 3624734 3693093 
CC: 0 5049982 4238303 3976501 3817048 3733029 3641686 3571642 3515043 3462716 3416444 3354741 3354346 3361868 3292862 3245510 3234598 3160062 3075065 3062134 3021764 3039062 3098486 3126635 3064488 3022002 2948874 2989075 
TotOL: 2753086437, TotCL: 2479564010, TotOC: 104757795, TotCC: 91873966
2646913 2410000 74 3 w0 r0 m0 f0 r0 p0
 368677051=69262711+181360894+133548889 i92187209 u330113470 u0 t116.492
2657884 2420000 84 3 w0 r0 m0 f0 r0 p0
 370381235=69579366+182197027+134170321 i92568975 u331682448 u0 t11.94
2668918 2430000 84 4 w0 r0 m0 f0 r0 p0
 372076635=69893191+183024243+134793361 i92950818 u333240071 u0 t10.942
2679809 2440000 87 4 w0 r0 m0 f0 r0 p0
 373725842=70201816+183837774+135388608 i93328189 u334751712 u0 t10.85
2690746 2450000 87 4 w0 r0 m0 f0 r0 p0
 375397080=70512699+184665088+135990955 i93705280 u336288906 u0 t10.483
2701594 2460000 87 4 w0 r0 m0 f0 r0 p0
 377159233=70840992+185532339+136630173 i94101450 u337910431 u0 t11.096
2712475 2470000 87 4 w0 r0 m0 f0 r0 p0
 378870478=71159687+186381532+137244439 i94485959 u339486643 u0 t11.957
2723357 2480000 87 4 w0 r0 m0 f0 r0 p0
 380621259=71484776+187247021+137876713 i94874798 u341103186 u0 t17.517
Shrinking rst_test.ix1.24
Key count: 3707179, Level node count: 2167
New Cache More Size: 1024
dict_map out file: rst_test.ix1.24
New Cache More Size: 1024
Key count: 5056514, Level node count: 13772
Idx1+ lookups: 0 0 5056513 9328751 13325888 17153726 20860905 24506996 28077484 31588384 35051807 38469338 41846399 45165198 48486479 51816290 55080110 58300328 61511320 64647880 67702712 70746054 73750257 76772305 79853506 82963072 86012133 89019845 91954934 
Avg last exit: 0 0 6343657 6282599 6280070 6296962 6289551 6235231 6201714 6144356 6098818 6095945 6025405 6082166 6221411 6126718 6058225 6038577 5982629 5894838 5918544 5855466 5906374 5961536 6103742 5968505 5820449 5757017 5905873 
Idx1+ positiv: 0 0 1209700 1856463 2403590 2893448 3345824 3782423 4199036 4590031 4978195 5362348 5731552 6096581 6446622 6814937 7166388 7509685 7858517 8161014 8488584 8814480 9143889 9478206 9791802 10124014 10443486 10751374 11074121 
Idx1+ found  : 0 0 777744 1019564 1181009 1296319 1390129 1459582 1523756 1562588 1610083 1655487 1686778 1718132 1741075 1770406 1800319 1825660 1847867 1832485 1859696 1875552 1913537 1938235 1944054 1968881 1977933 1983936 2012097 
OL: 0 125022960 125133319 124343942 124036055 98852667 99475343 99412947 99373858 99622390 99582123 99645895 99186803 99831845 98700498 97951374 97504284 99252306 97493604 94814281 95024518 94620273 96299247 98027374 98634671 97634759 98667530 96680076 98241698 
CL: 0 125022960 110894714 105133724 101415484 98852667 97629040 96010686 94678984 93861467 92901764 92048662 90820964 90698451 90673042 89247370 88147937 87686363 85539672 83007513 82793824 81943613 82847188 85283727 85616229 84284726 83346752 81385391 82385329 
OC: 0 5056514 5049982 5016702 5008848 3707179 3733029 3729951 3729566 3729738 3725468 3725841 3702382 3740792 3698149 3660198 3644877 3740589 3682273 3597125 3604056 3581422 3632076 3656001 3699693 3650988 3696724 3624734 3693093 
CC: 0 5056514 4272238 3997138 3827839 3707179 3646091 3570488 3510901 3463424 3417532 3377062 3318799 3321282 3329811 3263821 3220219 3210993 3136560 3054832 3043342 3004204 3022049 3081202 3109567 3049061 3007712 2935089 2975190 
TotOL: 2853066640, TotCL: 2564158243, TotOC: 108517990, TotCC: 94930139
2734166 2490000 59 3 w0 r0 m0 f0 r0 p0
 382366369=71812903+188125826+138494854 i95281463 u342690465 u0 t122.733
2745023 2500000 67 3 w0 r0 m0 f0 r0 p0
 384128594=72139320+188994410+139134599 i95670696 u344319218 u0 t14.929
2755880 2510000 67 4 w0 r0 m0 f0 r0 p0
 385871344=72463106+189855265+139764508 i96060878 u345925003 u0 t12.388
2766772 2520000 78 4 w0 r0 m0 f0 r0 p0
 387632188=72789926+190721695+140404427 i96453623 u347548711 u0 t11.573
2777605 2530000 78 4 w0 r0 m0 f0 r0 p0
 389378277=73116036+191581230+141037247 i96838816 u349163117 u0 t11.119
2788466 2540000 78 4 w0 r0 m0 f0 r0 p0
 391161924=73449909+192460108+141683037 i97232263 u350811859 u0 t11.673
2799329 2550000 78 4 w0 r0 m0 f0 r0 p0
 393022585=73791979+193374918+142362800 i97643805 u352529529 u0 t17.987
Shrinking rst_test.ix1.25
Key count: 3718676, Level node count: 227
Mismatch Cur count: 3718677, rec_count: 3718676
New Cache More Size: 1024
dict_map out file: rst_test.ix1.25
New Cache More Size: 1024
Key count: 5040374, Level node count: 2348
Idx1+ lookups: 0 0 5040374 9318074 13343948 17186641 20905317 24528709 28105783 31617179 35077292 38495343 41873252 45214217 48500889 51791964 55093734 58331251 61527997 64715995 67832585 70868904 73894426 76881731 79887286 82951949 86045885 89079778 92073569 94995094 
Avg last exit: 0 0 6457664 6377113 6298534 6286335 6207837 6225527 6190526 6165974 6117765 6077273 6077023 6008294 6067380 6206515 6114958 6046642 6028748 5973915 5886803 5911220 5849591 5900665 5956976 6099621 5963853 5816859 5753598 5902658 
Idx1+ positiv: 0 0 1207754 1859955 2400088 2890248 3346447 3777683 4198512 4601772 4982766 5359153 5738059 6099581 6459487 6805139 7167708 7514944 7854686 8199266 8498117 8823544 9146172 9474012 9806118 10118709 10448315 10764717 11070562 11392124 
Idx1+ found  : 0 0 778813 1024108 1174008 1290171 1380106 1459146 1518674 1574543 1607960 1649705 1691583 1718905 1748338 1769116 1796709 1823791 1848654 1867837 1850998 1877516 1892450 1930030 1954773 1959684 1984049 1991854 1997500 2024934 
OL: 0 125048466 125022960 125133319 124343942 99084564 98852667 99475343 99412947 99373858 99622390 99582123 99645895 99186803 99831845 98700498 97951374 97504284 99252306 97493604 94814281 95024518 94620273 96299247 98027374 98634671 97634759 98667530 96680076 98241698 
CL: 0 125048466 110708119 105877386 101903714 99084564 97046464 96133495 94726651 93566144 92853851 92023496 91249136 90106482 90025259 90050395 88647129 87621061 87162484 85090072 82591014 82392356 81561547 82470549 84905572 85259568 83933894 83023022 81067257 82086881 
OC: 0 5040374 5056514 5049982 5016702 3718677 3707179 3733029 3729951 3729566 3729738 3725468 3725841 3702382 3740792 3698149 3660198 3644877 3740589 3682273 3597125 3604056 3581422 3632076 3656001 3699693 3650988 3696724 3624734 3693093 
CC: 0 5040374 4277701 4025874 3842694 3718677 3623392 3577074 3511396 3460114 3418052 3377910 3340966 3286672 3291076 3301770 3237518 3196747 3187999 3116590 3036319 3025522 2987306 3005556 3064664 3093937 3033893 2993791 2921525 2962353 
TotOL: 2953163615, TotCL: 2648216028, TotOC: 112268193, TotCC: 97957462
2810193 2560000 123 3 w0 r0 m0 f0 r0 p0
 394755478=74114792+194231685+142988410 i98033536 u354124726 u0 t123.032
2821115 2570000 123 3 w0 r0 m0 f0 r0 p0
 396544518=74445209+195110000+143642050 i98430183 u355775539 u0 t18.291
2832025 2580000 123 3 w0 r0 m0 f0 r0 p0
 398372287=74784878+196011271+144304783 i98835069 u357463663 u0 t13.16
2842894 2590000 123 4 w0 r0 m0 f0 r0 p0
 400131939=75110841+196874364+144947988 i99223276 u359089646 u0 t11.777
2853742 2600000 123 4 w0 r0 m0 f0 r0 p0
 401982899=75452073+197787791+145620022 i99632393 u360799626 u0 t12.128
2864632 2610000 123 4 w0 r0 m0 f0 r0 p0
 403839387=75794988+198705502+146291865 i100038960 u362518805 u0 t13.166
2875503 2620000 123 4 w0 r0 m0 f0 r0 p0
 405672942=76135781+199608245+146958163 i100442981 u364214269 u0 t20.575
2886360 2630000 123 4 w0 r0 m0 f0 r0 p0
 407489778=76473367+200506029+147615508 i100842071 u365896208 u0 t39.015
New Cache More Size: 1024
Key count: 5029812, Level node count: 11709
Idx1+ lookups: 0 0 5029811 9283083 13315345 17187765 20920762 24555068 28108519 31626768 35086814 38500741 41878950 45221211 48529332 51786465 55050095 58326043 61540114 64714651 67881286 70978582 73996231 77005194 79975636 82965704 86014774 89093763 92113181 95093218 98002080 
Avg last exit: 0 0 6410829 6480874 6399735 6317737 6207068 6152237 6187155 6161282 6141963 6098895 6062054 6063282 5996781 6057694 6195599 6106371 6039043 6022427 5968039 5881783 5906485 5845574 5897194 5953728 6096990 5961077 5814590 5751247 5900698 
Idx1+ positiv: 0 0 1214742 1854891 2400689 2885520 3341973 3776997 4191379 4598647 4992679 5364470 5733074 6105926 6459267 6814273 7156376 7514429 7857557 8194518 8535317 8831169 9153039 9475477 9799742 10131600 10441226 10767715 11083814 11385410 11706573 
Idx1+ found  : 0 0 787102 1024251 1177562 1283704 1374541 1450047 1517971 1570024 1620729 1647802 1685353 1724427 1748444 1775783 1794938 1820155 1846000 1870017 1887131 1869668 1894075 1909313 1945517 1970366 1974631 1998524 2005608 2010163 2037528 
OL: 0 124933562 125048466 125022960 125133319 124343942 99084564 98852667 99475343 99412947 99373858 99622390 99582123 99645895 99186803 99831845 98700498 97951374 97504284 99252306 97493604 94814281 95024518 94620273 96299247 98027374 98634671 97634759 98667530 96680076 98241698 
CL: 0 124933562 110491788 105743077 102674133 99583767 97270076 95527206 94846475 93601693 92534863 91976785 91231214 90520932 89442429 89411695 89473332 88120637 87120763 86682487 84651719 82161657 82016180 81173698 82117255 84547235 84919074 83599382 82703074 80772856 81793037 
OC: 0 5029812 5040374 5056514 5049982 5016702 3718677 3707179 3733029 3729951 3729566 3729738 3725468 3725841 3702382 3740792 3698149 3660198 3644877 3740589 3682273 3597125 3604056 3581422 3632076 3656001 3699693 3650988 3696724 3624734 3693093 
CC: 0 5029812 4253272 4032263 3872420 3732998 3634307 3553451 3518249 3460046 3413928 3378210 3342262 3308122 3257133 3263631 3275948 3214072 3174538 3166636 3097296 3017649 3008963 2970443 2990069 3049071 3078990 3019418 2980037 2908862 2949759 
TotOL: 3078097177, TotCL: 2731642081, TotOC: 117298005, TotCC: 100951855
2897239 2640000 58 3 w0 r0 m0 f0 r0 p0
 409304419=76811181+201399095+148274498 i101239296 u367576213 u0 t106.768
2908079 2650000 60 3 w0 r0 m0 f0 r0 p0
 411169849=77158949+202318210+148950286 i101651649 u369299809 u0 t14.282
2919336 2660000 67 4 w0 r0 m0 f0 r0 p0
 413036066=77503294+203235172+149631805 i102054145 u371032857 u0 t13.415
2930193 2670000 67 4 w0 r0 m0 f0 r0 p0
 414928905=77852214+204169308+150319175 i102469067 u372784744 u0 t13.432
2941058 2680000 67 4 w0 r0 m0 f0 r0 p0
 416733228=78186344+205058327+150974257 i102865155 u374454212 u0 t15.534
2951948 2690000 67 4 w0 r0 m0 f0 r0 p0
 418565515=78526795+205962414+151637488 i103264477 u376153059 u0 t26.273
2962792 2700000 67 4 w0 r0 m0 f0 r0 p0
 420358225=78859806+206849755+152284068 i103660187 u377810703 u0 t49.5
Shrinking rst_test.ix1.26
Key count: 3649053, Level node count: 46125
Mismatch Cur count: 3649054, rec_count: 3649053
New Cache More Size: 1024
dict_map out file: rst_test.ix1.26
New Cache More Size: 1024
Key count: 4996812, Level node count: 48800
Idx1+ lookups: 0 0 4996811 9238409 13248752 17131672 20896882 24545935 28112296 31608137 35076409 38491089 41865165 45207586 48517783 51796035 55026293 58265105 61517630 64710328 67863770 71010427 74089384 77089319 80082430 83037842 86012479 89046817 92111803 95117633 98084387 100980719 
Avg last exit: 0 0 6380773 6428442 6493689 6416679 6330046 6153642 6114896 6156827 6137967 6124022 6084420 6049330 6052332 5987621 6048912 6186856 6099011 6032808 6017575 5963565 5877123 5903030 5842309 5894618 5951215 6094807 5958541 5812312 5749390 5899194 
Idx1+ positiv: 0 0 1211359 1856934 2388182 2882845 3334274 3768561 4186637 4589626 4986481 5371210 5735731 6097383 6464587 6812700 7162957 7502222 7854322 8195963 8529926 8867123 9159966 9478860 9799477 10121452 10451861 10759996 11085195 11398302 11698713 12016830 
Idx1+ found  : 0 0 788213 1030031 1173593 1284772 1367648 1442486 1507657 1567948 1615390 1660580 1683590 1717417 1754296 1775319 1800601 1818361 1841528 1867095 1889995 1905470 1887382 1909927 1924343 1960948 1985098 1988634 2012112 2018891 2022693 2049391 
OL: 0 124212300 124933562 125048466 125022960 125133319 97779878 99084564 98852667 99475343 99412947 99373858 99622390 99582123 99645895 99186803 99831845 98700498 97951374 97504284 99252306 97493604 94814281 95024518 94620273 96299247 98027374 98634671 97634759 98667530 96680076 98241698 
CL: 0 124212300 110332729 105547480 102641553 100407286 97779878 95798725 94272078 93753117 92598487 91657473 91177212 90513466 89854022 88840620 88851114 88947515 87636849 86640974 86230722 84236125 81759334 81657893 80830589 81762264 84207196 84596872 83284136 82393118 80483665 81518306 
OC: 0 4996812 5029812 5040374 5056514 5049982 3649054 3718677 3707179 3733029 3729951 3729566 3729738 3725468 3725841 3702382 3740792 3698149 3660198 3644877 3740589 3682273 3597125 3604056 3581422 3632076 3656001 3699693 3650988 3696724 3624734 3693093 
CC: 0 4996812 4241599 4010343 3882921 3765210 3649054 3566362 3495841 3468272 3414680 3374077 3342422 3310198 3278253 3230258 3238813 3252525 3192699 3153443 3146658 3078957 2999935 2993111 2955413 2974638 3034339 3064987 3005830 2966754 2896332 2937896 
TotOL: 3175745413, TotCL: 2814423098, TotOC: 120927169, TotCC: 103918632
2973731 2710000 60 3 w0 r0 m0 f0 r0 p0
 422135311=79192177+207721170+152931572 i104042679 u379462112 u0 t173.397
2984605 2720000 63 3 w0 r0 m0 f0 r0 p0
 423932671=79524840+208598808+153592720 i104429348 u381131059 u0 t21.624
2995574 2730000 63 3 w0 r0 m0 f0 r0 p0
 425712127=79853743+209470286+154244575 i104817919 u382778103 u0 t16.147
3006468 2740000 63 4 w0 r0 m0 f0 r0 p0
 427530476=80189737+210363188+154908425 i105215774 u384460427 u0 t14.254
3017345 2750000 63 4 w0 r0 m0 f0 r0 p0
 429282158=80516129+211229607+155539554 i105600429 u386082284 u0 t16.035
3028291 2760000 87 4 w0 r0 m0 f0 r0 p0
 431022749=80838707+212080213+156177709 i105982929 u387690906 u0 t29.41
3039192 2770000 87 4 w0 r0 m0 f0 r0 p0
 432706986=81152438+212904837+156793416 i106346669 u389254212 u0 t51.356
3050078 2780000 87 4 w0 r0 m0 f0 r0 p0
 434415639=81473674+213738469+157417617 i106713268 u390842339 u0 t79.854
Shrinking rst_test.ix1.27
Key count: 3679617, Level node count: 12317
New Cache More Size: 1024
dict_map out file: rst_test.ix1.27
New Cache More Size: 1024
Key count: 5006460, Level node count: 12166
Idx1+ lookups: 0 0 5006460 9212171 13208649 17068523 20842175 24521792 28101377 31610517 35055962 38479583 41855373 45193697 48503576 51784294 55035138 58240531 61455455 64685775 67857477 70990955 74117197 77178400 80162003 83138747 86079640 89040023 92059796 95111189 98103480 101057639 103942256 
Avg last exit: 0 0 6312299 6379160 6431173 6497644 6421683 6261334 6113890 6083770 6132078 6117946 6106794 6070030 6037466 6040946 5978312 6039829 6178602 6090736 6025603 6012171 5958384 5872126 5898454 5838450 5891032 5947973 6091736 5955270 5810209 5746843 5897105 
Idx1+ positiv: 0 0 1215216 1855669 2392735 2871685 3332619 3761467 4176725 4585077 4976741 5364798 5742167 6100502 6456259 6819619 7161661 7507962 7843926 8191766 8531623 8862343 9195574 9486002 9802667 10120000 10439926 10769826 11075617 11399433 11710472 12008143 12325966 
Idx1+ found  : 0 0 791100 1033333 1180500 1282861 1370365 1437116 1499707 1558053 1612599 1654280 1696332 1716132 1746896 1781704 1800184 1824489 1840566 1862524 1887059 1910410 1923224 1903714 1926294 1938862 1975202 1999663 2002227 2025651 2031486 2034408 2061018 
OL: 0 124323378 124212300 124933562 125048466 125022960 98571773 97779878 99084564 98852667 99475343 99412947 99373858 99622390 99582123 99645895 99186803 99831845 98700498 97951374 97504284 99252306 97493604 94814281 95024518 94620273 96299247 98027374 98634671 97634759 98667530 96680076 98241698 
CL: 0 124323378 109546044 105355266 102410242 100341052 98571773 96279031 94556215 93168144 92765033 91736449 90864599 90454648 89855870 89239332 88278557 88312158 88450129 87166519 86186632 85756893 83834383 81391932 81283385 80498961 81435082 83870923 84283953 82971682 82100243 80211407 81249136 
OC: 0 5006460 4996812 5029812 5040374 5056514 3679617 3649054 3718677 3707179 3733029 3729951 3729566 3729738 3725468 3725841 3702382 3740792 3698149 3660198 3644877 3740589 3682273 3597125 3604056 3581422 3632076 3656001 3699693 3650988 3696724 3624734 3693093 
CC: 0 5006460 4205712 3996479 3859874 3773653 3679617 3579586 3509141 3445445 3423621 3375790 3338325 3309880 3280719 3250845 3205393 3214925 3230320 3171703 3133479 3126243 3061203 2983603 2976744 2940894 2960384 3019774 3051394 2992291 2954159 2884617 2926269 
TotOL: 3273507245, TotCL: 2896749051, TotOC: 124563264, TotCC: 106868542
3060975 2790000 58 3 w0 r0 m0 f0 r0 p0
 436194854=81805932+214609996+158066394 i107096512 u392494613 u0 t172.347
3071909 2800000 58 3 w0 r0 m0 f0 r0 p0
 437892046=82123727+215438832+158687375 i107459390 u394073309 u0 t17.402
3082762 2810000 60 4 w0 r0 m0 f0 r0 p0
 439669470=82452095+216305935+159342143 i107845852 u395719453 u0 t15.409
3093667 2820000 60 4 w0 r0 m0 f0 r0 p0
 441419602=82779372+217161793+159981747 i108223909 u397343295 u0 t19.617
3104606 2830000 60 4 w0 r0 m0 f0 r0 p0
 443173811=83105467+218018715+160624845 i108601554 u398972606 u0 t26.284
3115556 2840000 63 4 w0 r0 m0 f0 r0 p0
 444855364=83417235+218840717+161241713 i108963886 u400534133 u0 t46.088
3126447 2850000 63 4 w0 r0 m0 f0 r0 p0
 446540473=83731519+219668345+161854782 i109326452 u402100639 u0 t74.221
3137354 2860000 66 4 w0 r0 m0 f0 r0 p0
 448251597=84051835+220506167+162477538 i109694241 u403690823 u0 t104.804
Total lines processed: 2862265
Idx0 stats: 
Block Count:512, 50674
Avg Key# in Block:97 = 4965329 (Total Key#) / 50674 (Leaf#)
Avg Max# (Node, Leaf): 154, 146, Max key len: 66
Idx1 stats: 
BloomFilter
        bits: 23993606
        estimated elements: 5006460
        number hashes: 3
        max false positive rate: 0.100000
        bloom length (8 bits): 2999201
        elements added: 5006460
        estimated elements added: 5005234
        current false positive rate: 0.100713
        export size (bytes): 2999221
        number bits set: 11161295
        is on disk: no
Idx2 stats: 
BloomFilter
        bits: 23947368
        estimated elements: 4996812
        number hashes: 3
        max false positive rate: 0.100000
        bloom length (8 bits): 2993421
        elements added: 4996812
        estimated elements added: 4997051
        current false positive rate: 0.100713
        export size (bytes): 2993441
        number bits set: 11142132
        is on disk: no
Idx3 stats: 
BloomFilter
        bits: 24105521
        estimated elements: 5029812
        number hashes: 3
        max false positive rate: 0.100000
        bloom length (8 bits): 3013191
        elements added: 5029812
        estimated elements added: 5029909
        current false positive rate: 0.100713
        export size (bytes): 3013211
        number bits set: 11215487
        is on disk: no
Idx4 stats: 
BloomFilter
        bits: 24156140
        estimated elements: 5040374
        number hashes: 3
        max false positive rate: 0.100000
        bloom length (8 bits): 3019518
        elements added: 5040374
        estimated elements added: 5041665
        current false positive rate: 0.100713
        export size (bytes): 3019538
        number bits set: 11240952
        is on disk: no
Idx5 stats: 
BloomFilter
        bits: 24233491
        estimated elements: 5056514
        number hashes: 3
        max false positive rate: 0.100000
        bloom length (8 bits): 3029187
        elements added: 5056514
        estimated elements added: 5056624
        current false positive rate: 0.100713
        export size (bytes): 3029207
        number bits set: 11275047
        is on disk: no
Idx6 stats: 
BloomFilter
        bits: 17634672
        estimated elements: 3679617
        number hashes: 3
        max false positive rate: 0.100000
        bloom length (8 bits): 2204334
        elements added: 3679617
        estimated elements added: 3680695
        current false positive rate: 0.100713
        export size (bytes): 2204354
        number bits set: 8206434
        is on disk: no
Idx7 stats: 
BloomFilter
        bits: 17488198
        estimated elements: 3649054
        number hashes: 3
        max false positive rate: 0.100000
        bloom length (8 bits): 2186025
        elements added: 3649053
        estimated elements added: 3649966
        current false positive rate: 0.100713
        export size (bytes): 2186045
        number bits set: 8138020
        is on disk: no
Idx8 stats: 
BloomFilter
        bits: 17821868
        estimated elements: 3718677
        number hashes: 3
        max false positive rate: 0.100000
        bloom length (8 bits): 2227734
        elements added: 3718676
        estimated elements added: 3719075
        current false positive rate: 0.100713
        export size (bytes): 2227754
        number bits set: 8292439
        is on disk: no
Idx9 stats: 
BloomFilter
        bits: 17766764
        estimated elements: 3707179
        number hashes: 3
        max false positive rate: 0.100000
        bloom length (8 bits): 2220846
        elements added: 3707179
        estimated elements added: 3706847
        current false positive rate: 0.100713
        export size (bytes): 2220866
        number bits set: 8265629
        is on disk: no
Idx10 stats: 
BloomFilter
        bits: 17890651
        estimated elements: 3733029
        number hashes: 3
        max false positive rate: 0.100000
        bloom length (8 bits): 2236332
        elements added: 3733029
        estimated elements added: 3733668
        current false positive rate: 0.100713
        export size (bytes): 2236352
        number bits set: 8324827
        is on disk: no
Idx11 stats: 
BloomFilter
        bits: 17875899
        estimated elements: 3729951
        number hashes: 3
        max false positive rate: 0.100000
        bloom length (8 bits): 2234488
        elements added: 3729951
        estimated elements added: 3729836
        current false positive rate: 0.100713
        export size (bytes): 2234508
        number bits set: 8316754
        is on disk: no
Idx12 stats: 
BloomFilter
        bits: 17874054
        estimated elements: 3729566
        number hashes: 3
        max false positive rate: 0.100000
        bloom length (8 bits): 2234257
        elements added: 3729565
        estimated elements added: 3729644
        current false positive rate: 0.100713
        export size (bytes): 2234277
        number bits set: 8316205
        is on disk: no
Idx13 stats: 
BloomFilter
        bits: 17874879
        estimated elements: 3729738
        number hashes: 3
        max false positive rate: 0.100000
        bloom length (8 bits): 2234360
        elements added: 3729737
        estimated elements added: 3730708
        current false positive rate: 0.100713
        export size (bytes): 2234380
        number bits set: 8318019
        is on disk: no
Idx14 stats: 
BloomFilter
        bits: 17854415
        estimated elements: 3725468
        number hashes: 3
        max false positive rate: 0.100000
        bloom length (8 bits): 2231802
        elements added: 3725467
        estimated elements added: 3725012
        current false positive rate: 0.100713
        export size (bytes): 2231822
        number bits set: 8306211
        is on disk: no
Idx15 stats: 
BloomFilter
        bits: 17856202
        estimated elements: 3725841
        number hashes: 3
        max false positive rate: 0.100000
        bloom length (8 bits): 2232026
        elements added: 3725840
        estimated elements added: 3726266
        current false positive rate: 0.100713
        export size (bytes): 2232046
        number bits set: 8308456
        is on disk: no
Idx16 stats: 
BloomFilter
        bits: 17743774
        estimated elements: 3702382
        number hashes: 3
        max false positive rate: 0.100000
        bloom length (8 bits): 2217972
        elements added: 3702382
        estimated elements added: 3702526
        current false positive rate: 0.100713
        export size (bytes): 2217992
        number bits set: 8255696
        is on disk: no
Idx17 stats: 
BloomFilter
        bits: 17927855
        estimated elements: 3740792
        number hashes: 3
        max false positive rate: 0.100000
        bloom length (8 bits): 2240982
        elements added: 3740791
        estimated elements added: 3741746
        current false positive rate: 0.100713
        export size (bytes): 2241002
        number bits set: 8342641
        is on disk: no
Idx18 stats: 
BloomFilter
        bits: 17723487
        estimated elements: 3698149
        number hashes: 3
        max false positive rate: 0.100000
        bloom length (8 bits): 2215436
        elements added: 3698149
        estimated elements added: 3698943
        current false positive rate: 0.100713
        export size (bytes): 2215456
        number bits set: 8247301
        is on disk: no
Idx19 stats: 
BloomFilter
        bits: 17541606
        estimated elements: 3660198
        number hashes: 3
        max false positive rate: 0.100000
        bloom length (8 bits): 2192701
        elements added: 3660197
        estimated elements added: 3660109
        current false positive rate: 0.100713
        export size (bytes): 2192721
        number bits set: 8161262
        is on disk: no
Idx20 stats: 
BloomFilter
        bits: 17468180
        estimated elements: 3644877
        number hashes: 3
        max false positive rate: 0.100000
        bloom length (8 bits): 2183523
        elements added: 3644876
        estimated elements added: 3645205
        current false positive rate: 0.100713
        export size (bytes): 2183543
        number bits set: 8127769
        is on disk: no
Idx21 stats: 
BloomFilter
        bits: 17926882
        estimated elements: 3740589
        number hashes: 3
        max false positive rate: 0.100000
        bloom length (8 bits): 2240861
        elements added: 3740588
        estimated elements added: 3740741
        current false positive rate: 0.100713
        export size (bytes): 2240881
        number bits set: 8340902
        is on disk: no
Idx22 stats: 
BloomFilter
        bits: 17647401
        estimated elements: 3682273
        number hashes: 3
        max false positive rate: 0.100000
        bloom length (8 bits): 2205926
        elements added: 3682273
        estimated elements added: 3682377
        current false positive rate: 0.100713
        export size (bytes): 2205946
        number bits set: 8210794
        is on disk: no
Idx23 stats: 
BloomFilter
        bits: 17239327
        estimated elements: 3597125
        number hashes: 3
        max false positive rate: 0.100000
        bloom length (8 bits): 2154916
        elements added: 3597125
        estimated elements added: 3596581
        current false positive rate: 0.100713
        export size (bytes): 2154936
        number bits set: 8019894
        is on disk: no
Idx24 stats: 
BloomFilter
        bits: 17272544
        estimated elements: 3604056
        number hashes: 3
        max false positive rate: 0.100000
        bloom length (8 bits): 2159068
        elements added: 3604056
        estimated elements added: 3604130
        current false positive rate: 0.100713
        export size (bytes): 2159088
        number bits set: 8036340
        is on disk: no
Idx25 stats: 
BloomFilter
        bits: 17164070
        estimated elements: 3581422
        number hashes: 3
        max false positive rate: 0.100000
        bloom length (8 bits): 2145509
        elements added: 3581421
        estimated elements added: 3582496
        current false positive rate: 0.100713
        export size (bytes): 2145529
        number bits set: 7987475
        is on disk: no
Idx26 stats: 
BloomFilter
        bits: 17406831
        estimated elements: 3632076
        number hashes: 3
        max false positive rate: 0.100000
        bloom length (8 bits): 2175854
        elements added: 3632075
        estimated elements added: 3632146
        current false positive rate: 0.100713
        export size (bytes): 2175874
        number bits set: 8098811
        is on disk: no
Idx27 stats: 
BloomFilter
        bits: 17521492
        estimated elements: 3656001
        number hashes: 3
        max false positive rate: 0.100000
        bloom length (8 bits): 2190187
        elements added: 3656000
        estimated elements added: 3655440
        current false positive rate: 0.100713
        export size (bytes): 2190207
        number bits set: 8151146
        is on disk: no
Idx28 stats: 
BloomFilter
        bits: 17730887
        estimated elements: 3699693
        number hashes: 3
        max false positive rate: 0.100000
        bloom length (8 bits): 2216361
        elements added: 3699692
        estimated elements added: 3700325
        current false positive rate: 0.100713
        export size (bytes): 2216381
        number bits set: 8250483
        is on disk: no
Idx29 stats: 
BloomFilter
        bits: 17497467
        estimated elements: 3650988
        number hashes: 3
        max false positive rate: 0.100000
        bloom length (8 bits): 2187184
        elements added: 3650988
        estimated elements added: 3651762
        current false positive rate: 0.100713
        export size (bytes): 2187204
        number bits set: 8142110
        is on disk: no
Idx30 stats: 
BloomFilter
        bits: 17716658
        estimated elements: 3696724
        number hashes: 3
        max false positive rate: 0.100000
        bloom length (8 bits): 2214583
        elements added: 3696724
        estimated elements added: 3697558
        current false positive rate: 0.100713
        export size (bytes): 2214603
        number bits set: 8244188
        is on disk: no
Idx31 stats: 
BloomFilter
        bits: 17371644
        estimated elements: 3624734
        number hashes: 3
        max false positive rate: 0.100000
        bloom length (8 bits): 2171456
        elements added: 3624734
        estimated elements added: 3624461
        current false positive rate: 0.100713
        export size (bytes): 2171476
        number bits set: 8081890
        is on disk: no
Idx32 stats: 
BloomFilter
        bits: 17699256
        estimated elements: 3693093
        number hashes: 3
        max false positive rate: 0.100000
        bloom length (8 bits): 2212407
        elements added: 3693092
        estimated elements added: 3693742
        current false positive rate: 0.100713
        export size (bytes): 2212427
        number bits set: 8235794
        is on disk: no
Level Count:4
3125288 4
1685778 4
Max word len: 127
Total words generated: 448618036
Words inserted 109772847
Words updated: 404031338
Shrinking rst_test.ix1.28
Key count: 3686976, Level node count: 13004
Mismatch Cur count: 3686977, rec_count: 3686976
New Cache More Size: 1024
dict_map out file: rst_test.ix1.28
New Cache More Size: 1024
OUBLK INBLK
    -     -
rchar: 1545839233
wchar: 1156934618
syscr: 6997
syscw: 27756
read_bytes: 24674406400
write_bytes: 0
cancelled_write_bytes: 0
Key count: 4965329, Level node count: 52896
48188000
0
