Csz: 16, pgsz: 4096
Stg buf: 262144kb, Idx1 buf: 262144kb, Idx1+ buf: 1024kb
Idx1 entry count limit: 25 million
10988 10000 63 3 w0 r0 m0 f0 r0 p0
 1501663=280564+736534+546799 i732629 u987122 u0 t1.854
22023 20000 63 3 w0 r0 m0 f0 r0 p0
 2969833=556529+1459387+1077009 i1316180 u2085487 u0 t1.987
33024 30000 63 4 w0 r0 m0 f0 r0 p0
 4455111=837101+2191661+1611754 i1877017 u3226548 u0 t2.076
44043 40000 91 4 w0 r0 m0 f0 r0 p0
 6020851=1126445+2951279+2192551 i2436084 u4457833 u0 t2.347
55121 50000 91 4 w0 r0 m0 f0 r0 p0
 7456147=1398962+3658349+2709577 i2939468 u5599484 u0 t2.205
66115 60000 91 4 w0 r0 m0 f0 r0 p0
 8880851=1666179+4350823+3234648 i3419104 u6749918 u0 t2.125
77117 70000 91 4 w0 r0 m0 f0 r0 p0
 10321935=1938435+5065049+3750268 i3906266 u7914960 u0 t2.206
88102 80000 91 4 w0 r0 m0 f0 r0 p0
 11700254=2200704+5742595+4246944 i4363213 u9037806 u0 t2.138
99095 90000 91 4 w0 r0 m0 f0 r0 p0
 13136962=2468232+6447219+4770729 i4834869 u10211527 u0 t2.33
New Cache More Size: 1024
Key count: 4987287, Level node count: 12309
Idx1+ lookups: 0 0 
Avg last exit: 0 0 
Idx1+ positiv: 0 0 
Idx1+ found  : 0 0 
OL: 0 123219754 
CL: 0 123219754 
OC: 0 4987287 
CC: 0 4987287 
TotOL: 123219754, TotCL: 123219754, TotOC: 4987287, TotCC: 4987287
110113 100000 61 3 w0 r0 m0 f0 r0 p0
 14567887=2739132+7154639+5283726 i5290840 u11395752 u0 t9.659
121109 110000 61 3 w0 r0 m0 f0 r0 p0
 15979341=3006343+7853621+5788507 i5744072 u12560404 u0 t2.356
132028 120000 67 3 w0 r0 m0 f0 r0 p0
 17529576=3286631+8592403+6381321 i6202530 u13870471 u0 t2.514
142990 130000 67 4 w0 r0 m0 f0 r0 p0
 18983246=3562515+9313266+6900099 i6652150 u15087377 u0 t2.462
153925 140000 67 4 w0 r0 m0 f0 r0 p0
 20471021=3841520+10053635+7429782 i7107103 u16337894 u0 t2.539
164855 150000 67 4 w0 r0 m0 f0 r0 p0
 21979188=4125986+10799401+7971072 i7567835 u17605454 u0 t2.595
175812 160000 70 4 w0 r0 m0 f0 r0 p0
 23581702=4417062+11563939+8582289 i8035915 u18965547 u0 t2.717
186797 170000 70 4 w0 r0 m0 f0 r0 p0
 25057302=4694184+12294315+9112151 i8483630 u20209360 u0 t2.595
197847 180000 70 4 w0 r0 m0 f0 r0 p0
 26591014=4977448+13039031+9681211 i8936396 u21510058 u0 t2.683
New Cache More Size: 1024
Key count: 4919025, Level node count: 12278
Idx1+ lookups: 0 0 4919025 
Avg last exit: 0 0 5924771 
Idx1+ positiv: 0 0 992768 
Idx1+ found  : 0 0 785053 
OL: 0 121753554 123219754 
CL: 0 121753554 108733362 
OC: 0 4919025 4987287 
CC: 0 4919025 4202234 
TotOL: 244973308, TotCL: 230486916, TotOC: 9906312, TotCC: 9121259
208776 190000 57 3 w0 r0 m0 f0 r0 p0
 28103392=5261528+13786971+10225271 i9389016 u22790724 u0 t9.676
219728 200000 60 3 w0 r0 m0 f0 r0 p0
 29608450=5546129+14533215+10762856 i9830477 u24075187 u0 t2.732
230584 210000 91 3 w0 r0 m0 f0 r0 p0
 31172079=5839074+15306099+11325356 i10287305 u25409728 u0 t2.805
241548 220000 91 4 w0 r0 m0 f0 r0 p0
 32679763=6122575+16050615+11868600 i10728860 u26695809 u0 t2.759
252514 230000 91 4 w0 r0 m0 f0 r0 p0
 34277699=6416178+16828359+12459598 i11188994 u28062718 u0 t2.9
263483 240000 91 4 w0 r0 m0 f0 r0 p0
 35775557=6699007+17569616+12996180 i11625823 u29342837 u0 t2.783
274496 250000 91 4 w0 r0 m0 f0 r0 p0
 37306382=6986514+18328557+13544391 i12066772 u30656219 u0 t2.859
285461 260000 91 4 w0 r0 m0 f0 r0 p0
 38798460=7268992+19071624+14074163 i12494982 u31939300 u0 t2.82
296415 270000 91 4 w0 r0 m0 f0 r0 p0
 40286808=7549046+19806127+14610350 i12922085 u33217611 u0 t2.798
Shrinking rst_test.ix1.1
Key count: 3956803, Level node count: 11825
Mismatch Cur count: 3956804, rec_count: 3956803
New Cache More Size: 1024
dict_map out file: rst_test.ix1.1
New Cache More Size: 1024
Key count: 4985645, Level node count: 208
Idx1+ lookups: 0 0 4985645 9111116 
Avg last exit: 0 0 5787571 5939852 
Idx1+ positiv: 0 0 1004177 1435725 
Idx1+ found  : 0 0 793554 1030483 
OL: 0 123560440 121753554 103754069 
CL: 0 123560440 107036452 103754069 
OC: 0 4985645 4919025 3956804 
CC: 0 4985645 4125471 3956804 
TotOL: 349068063, TotCL: 334350961, TotOC: 13861474, TotCC: 13067920
307437 280000 56 3 w0 r0 m0 f0 r0 p0
 41792998=7832777+20553957+15148521 i13350292 u34516184 u0 t21.222
318462 290000 67 3 w0 r0 m0 f0 r0 p0
 43396945=8135807+21348388+15722664 i13806455 u35898383 u0 t3.073
329483 300000 67 3 w0 r0 m0 f0 r0 p0
 45023838=8442695+22162598+16297392 i14273166 u37298170 u0 t3.131
340525 310000 87 4 w0 r0 m0 f0 r0 p0
 46611522=8738490+22941883+16875435 i14719085 u38669830 u0 t3.052
351480 320000 115 4 w0 r0 m0 f0 r0 p0
 48197495=9039364+23732513+17435864 i15165470 u40042326 u0 t3.067
362496 330000 115 4 w0 r0 m0 f0 r0 p0
 49733153=9330690+24494894+17981449 i15594735 u41373894 u0 t3.003
373551 340000 115 4 w0 r0 m0 f0 r0 p0
 51290525=9626489+25266085+18538210 i16032087 u42722206 u0 t3.087
384689 350000 115 4 w0 r0 m0 f0 r0 p0
 52864093=9922506+26034770+19112787 i16473288 u44082729 u0 t3.113
Shrinking rst_test.ix1.2
Key count: 3883386, Level node count: 11706
New Cache More Size: 1024
dict_map out file: rst_test.ix1.2
New Cache More Size: 1024
Key count: 5017942, Level node count: 223
Idx1+ lookups: 0 0 5017942 9214368 13097754 
Avg last exit: 0 0 5786249 5762501 5818705 
Idx1+ positiv: 0 0 1002228 1447055 1783438 
Idx1+ found  : 0 0 789219 1035639 1185012 
OL: 0 124112791 123560440 102122310 103754069 
CL: 0 124112791 109004214 102122310 100539326 
OC: 0 5017942 4985645 3883386 3956804 
CC: 0 5017942 4196426 3883386 3802275 
TotOL: 453549610, TotCL: 435778641, TotOC: 17843777, TotCC: 16900029
395874 360000 81 3 w0 r0 m0 f0 r0 p0
 54482814=10222227+26820615+19712099 i16929367 u45477765 u0 t21.469
406862 370000 82 3 w0 r0 m0 f0 r0 p0
 56129529=10531411+27615260+20322783 i17391147 u46898946 u0 t3.314
417894 380000 82 3 w0 r0 m0 f0 r0 p0
 57712939=10827913+28389797+20900694 i17836066 u48266696 u0 t3.205
428912 390000 82 4 w0 r0 m0 f0 r0 p0
 59270425=11119317+29151504+21469881 i18270779 u49614812 u0 t3.169
439874 400000 93 4 w0 r0 m0 f0 r0 p0
 60804875=11404852+29899292+22034731 i18692192 u50948956 u0 t3.13
450859 410000 93 4 w0 r0 m0 f0 r0 p0
 62351122=11693776+30659561+22596197 i19124555 u52287500 u0 t3.179
461847 420000 93 4 w0 r0 m0 f0 r0 p0
 63850824=11975377+31395903+23140104 i19539607 u53589985 u0 t3.115
472807 430000 93 4 w0 r0 m0 f0 r0 p0
 65444263=12275975+32177959+23717696 i19976861 u54977586 u0 t3.299
483790 440000 93 4 w0 r0 m0 f0 r0 p0
 67052753=12576164+32971980+24298942 i20419610 u56377655 u0 t3.346
Shrinking rst_test.ix1.3
Key count: 3954706, Level node count: 197
New Cache More Size: 1024
dict_map out file: rst_test.ix1.3
Shrinking rst_test.ix1.1
Key count: 3693092, Level node count: 11529
Mismatch Cur count: 3693093, rec_count: 3693092
New Cache More Size: 1024
dict_map out file: rst_test.ix1.1
New Cache More Size: 1024
Key count: 5053621, Level node count: 2629
Idx1+ lookups: 0 0 5053620 9291035 13245741 16978295 
Avg last exit: 0 0 5821499 5752934 5632044 5742646 
Idx1+ positiv: 0 0 995446 1447491 1793007 2081930 
Idx1+ found  : 0 0 780527 1030939 1186471 1294194 
OL: 0 124758731 124112791 104096326 102122310 98241698 
CL: 0 124758731 109778314 104096326 98970971 98241698 
OC: 0 5053621 5017942 3954706 3883386 3693093 
CC: 0 5053621 4237415 3954706 3732554 3693093 
TotOL: 553331856, TotCL: 535846040, TotOC: 21602748, TotCC: 20671389
494708 450000 63 3 w0 r0 m0 f0 r0 p0
 68705880=12884577+33787893+24895987 i20868524 u57822283 u0 t33.787
505590 460000 73 3 w0 r0 m0 f0 r0 p0
 70357917=13192981+34603737+25491973 i21317713 u59266073 u0 t3.51
516566 470000 73 3 w0 r0 m0 f0 r0 p0
 71996869=13498910+35407294+26089306 i21757299 u60702214 u0 t3.468
527520 480000 73 4 w0 r0 m0 f0 r0 p0
 73651210=13807158+36223256+26687956 i22205092 u62148935 u0 t3.553
538466 490000 77 4 w0 r0 m0 f0 r0 p0
 75328397=14119122+37045202+27301246 i22656912 u63616659 u0 t3.602
549399 500000 103 4 w0 r0 m0 f0 r0 p0
 77031657=14444781+37880830+27920554 i23113249 u65110632 u0 t3.662
560288 510000 103 4 w0 r0 m0 f0 r0 p0
 78691897=14755244+38702032+28518770 i23554355 u66571634 u0 t3.606
571192 520000 103 4 w0 r0 m0 f0 r0 p0
 80360592=15064921+39523583+29124866 i24001344 u68035123 u0 t3.623
Shrinking rst_test.ix1.4
Key count: 3991349, Level node count: 210
New Cache More Size: 1024
dict_map out file: rst_test.ix1.4
New Cache More Size: 1024
Key count: 5019437, Level node count: 11884
Idx1+ lookups: 0 0 5019436 9290620 13281969 17084928 20709662 
Avg last exit: 0 0 6051702 5887211 5672596 5588112 5723120 
Idx1+ positiv: 0 0 995926 1441786 1791965 2088039 2351498 
Idx1+ found  : 0 0 782436 1026593 1182686 1294291 1379620 
OL: 0 124474562 124758731 104779076 104096326 102122310 98241698 
CL: 0 124474562 110368464 104779076 100927064 96680076 96416726 
OC: 0 5019437 5053621 3991349 3954706 3883386 3693093 
CC: 0 5019437 4271185 3991349 3802959 3624734 3607667 
TotOL: 658472703, TotCL: 633645968, TotOC: 25595592, TotCC: 24317331
582148 530000 56 3 w0 r0 m0 f0 r0 p0
 82044094=15379373+40351252+29736631 i24447914 u69516489 u0 t22.23
593039 540000 63 3 w0 r0 m0 f0 r0 p0
 83778969=15700366+41200465+30372728 i24899734 u71049741 u0 t3.816
604123 550000 63 3 w0 r0 m0 f0 r0 p0
 85301577=15986949+41941190+30932366 i25296658 u72395314 u0 t3.344
615220 560000 69 4 w0 r0 m0 f0 r0 p0
 86603175=16234528+42588345+31398769 i25645743 u73539247 u0 t2.884
626410 570000 69 4 w0 r0 m0 f0 r0 p0
 87874733=16473215+43206126+31867990 i25977087 u74662757 u0 t2.829
637646 580000 69 4 w0 r0 m0 f0 r0 p0
 89107118=16707388+43808787+32316445 i26295790 u75755889 u0 t2.759
648847 590000 70 4 w0 r0 m0 f0 r0 p0
 90412613=16951660+44441753+32801313 i26620959 u76923633 u0 t2.828
660023 600000 70 4 w0 r0 m0 f0 r0 p0
 91570950=17172097+45004553+33225573 i26915253 u77955938 u0 t2.598
671169 610000 70 4 w0 r0 m0 f0 r0 p0
 92720559=17392089+45568160+33643035 i27208751 u78980110 u0 t2.584
682330 620000 104 4 w0 r0 m0 f0 r0 p0
 93872563=17614200+46130772+34061676 i27501429 u80007396 u0 t2.589
693457 630000 104 4 w0 r0 m0 f0 r0 p0
 95117609=17848307+46742027+34515831 i27814270 u81119688 u0 t2.743
Shrinking rst_test.ix1.5
Key count: 4033346, Level node count: 2583
Mismatch Cur count: 4033347, rec_count: 4033346
New Cache More Size: 1024
dict_map out file: rst_test.ix1.5
New Cache More Size: 1024
Key count: 4935586, Level node count: 238
Idx1+ lookups: 0 0 4935585 9177363 13210709 17053678 20750402 24294593 
Avg last exit: 0 0 5788955 5996506 5767100 5605800 5538020 5691823 
Idx1+ positiv: 0 0 986042 1431447 1779757 2081836 2348378 2595620 
Idx1+ found  : 0 0 777658 1020274 1174973 1288921 1374834 1446877 
OL: 0 121406005 124474562 105577302 104779076 104096326 102122310 98241698 
CL: 0 121406005 110120323 105577302 101697363 98667530 94957615 94965836 
OC: 0 4935586 5019437 4033347 3991349 3954706 3883386 3693093 
CC: 0 4935586 4241779 4033347 3842969 3696724 3544191 3540410 
TotOL: 760697279, TotCL: 727391974, TotOC: 29510904, TotCC: 27835006
704731 640000 82 3 w0 r0 m0 f0 r0 p0
 96356521=18079814+47339736+34977384 i28121166 u82229506 u0 t21.361
715916 650000 82 3 w0 r0 m0 f0 r0 p0
 97508742=18300176+47903789+35395975 i28406351 u83265050 u0 t2.644
727122 660000 82 3 w0 r0 m0 f0 r0 p0
 98740979=18534472+48502649+35847850 i28710581 u84371797 u0 t2.838
738273 670000 82 4 w0 r0 m0 f0 r0 p0
 99944384=18763831+49088470+36288017 i29009102 u85452209 u0 t2.768
749495 680000 82 4 w0 r0 m0 f0 r0 p0
 101110633=18988146+49655129+36713799 i29295687 u86502085 u0 t2.699
760693 690000 92 4 w0 r0 m0 f0 r0 p0
 102322772=19218634+50241042+37161215 i29597606 u87587705 u0 t2.804
771972 700000 92 4 w0 r0 m0 f0 r0 p0
 103533405=19447840+50827756+37607308 i29897320 u88674141 u0 t2.812
783287 710000 92 4 w0 r0 m0 f0 r0 p0
 104707169=19672297+51400620+38034532 i30187981 u89728387 u0 t2.751
794503 720000 92 4 w0 r0 m0 f0 r0 p0
 105884077=19899080+51986529+38454138 i30484393 u90782935 u0 t2.748
805629 730000 92 4 w0 r0 m0 f0 r0 p0
 107102606=20129008+52567936+38912857 i30784785 u91875300 u0 t2.828
816809 740000 92 4 w0 r0 m0 f0 r0 p0
 108260442=20346670+53116721+39353020 i31063829 u92918091 u0 t2.652
Shrinking rst_test.ix1.6
Key count: 4001957, Level node count: 11440
Mismatch Cur count: 4001958, rec_count: 4001957
New Cache More Size: 1024
dict_map out file: rst_test.ix1.6
New Cache More Size: 1024
Key count: 4879756, Level node count: 260
Idx1+ lookups: 0 0 4879755 9016119 13018076 16907685 20641755 24257847 27735137 
Avg last exit: 0 0 5827317 5788054 5884415 5703653 5565928 5504131 5670005 
Idx1+ positiv: 0 0 1004830 1418914 1760678 2069389 2337708 2588336 2822076 
Idx1+ found  : 0 0 799221 1017479 1164011 1283872 1369553 1441735 1502523 
OL: 0 119626510 121406005 105273962 105577302 104779076 104096326 102122310 98241698 
CL: 0 119626510 106665161 105273962 102621210 99392717 96946536 93516636 93764790 
OC: 0 4879756 4935586 4001958 4033347 3991349 3954706 3883386 3693093 
CC: 0 4879756 4136365 4001958 3889610 3734070 3616092 3477290 3484764 
TotOL: 861123189, TotCL: 817807522, TotOC: 33373181, TotCC: 31219905
827890 750000 70 3 w0 r0 m0 f0 r0 p0
 109450263=20570289+53679196+39809019 i31352981 u93987172 u0 t21.134
839058 760000 89 3 w0 r0 m0 f0 r0 p0
 110562747=20782639+54214127+40221777 i31620192 u94993205 u0 t2.631
850231 770000 89 3 w0 r0 m0 f0 r0 p0
 111752686=21007204+54789950+40662024 i31911832 u96063102 u0 t2.796
861324 780000 89 3 w0 r0 m0 f0 r0 p0
 112864986=21220423+55328425+41070963 i32186742 u97061835 u0 t2.63
872344 790000 89 4 w0 r0 m0 f0 r0 p0
 114010109=21439524+55879572+41494848 i32459515 u98100041 u0 t2.713
883522 800000 89 4 w0 r0 m0 f0 r0 p0
 115161048=21660061+56435512+41919053 i32734766 u99142592 u0 t2.759
894714 810000 89 4 w0 r0 m0 f0 r0 p0
 116268533=21873210+56964926+42332738 i33003900 u100140572 u0 t2.653
905844 820000 89 4 w0 r0 m0 f0 r0 p0
 117391478=22087870+57507981+42746335 i33271939 u101158006 u0 t2.688
916882 830000 89 4 w0 r0 m0 f0 r0 p0
 118666012=22330007+58123971+43219027 i33587547 u102300671 u0 t3.02
927964 840000 89 4 w0 r0 m0 f0 r0 p0
 119859814=22558740+58706062+43653178 i33882590 u103373769 u0 t2.892
939033 850000 89 4 w0 r0 m0 f0 r0 p0
 121120097=22797057+59316939+44117540 i34192756 u104506318 u0 t3.047
950128 860000 89 4 w0 r0 m0 f0 r0 p0
 122354161=23032142+59920770+44564945 i34498917 u105614132 u0 t2.993
Shrinking rst_test.ix1.7
Key count: 3891376, Level node count: 233
Mismatch Cur count: 3891377, rec_count: 3891376
New Cache More Size: 1024
dict_map out file: rst_test.ix1.7
Shrinking rst_test.ix1.2
Key count: 3420771, Level node count: 11150
New Cache More Size: 1024
dict_map out file: rst_test.ix1.2
Shrinking rst_test.ix1.1
Key count: 3436540, Level node count: 11226
Mismatch Cur count: 3436541, rec_count: 3436540
New Cache More Size: 1024
dict_map out file: rst_test.ix1.1
New Cache More Size: 1024
Key count: 4903038, Level node count: 222
Idx1+ lookups: 0 0 4903038 8983594 12874970 16727581 20510423 24161411 27710588 31131359 
Avg last exit: 0 0 5737176 5809827 5682747 5816066 5659287 5534344 5475846 5651682 
Idx1+ positiv: 0 0 1005541 1443996 1754350 2048258 2329845 2579063 2815521 3038885 
Idx1+ found  : 0 0 799199 1044209 1166825 1270778 1366954 1436468 1498254 1550746 
OL: 0 120034410 119626510 101714233 105273962 105577302 104779076 104096326 92295013 92724962 
CL: 0 120034410 104871204 101714233 102177754 100393397 97634759 95505854 92295013 92724962 
OC: 0 4903038 4879756 3891377 4001958 4033347 3991349 3954706 3420771 3436541 
CC: 0 4903038 4080557 3891377 3852612 3782843 3650988 3549177 3420771 3436541 
TotOL: 946121794, TotCL: 907351586, TotOC: 36512843, TotCC: 34567904
961260 870000 70 3 w0 r0 m0 f0 r0 p0
 123573714=23265156+60513662+45010532 i34798097 u106711505 u0 t46.848
972424 880000 70 3 w0 r0 m0 f0 r0 p0
 124788336=23496396+61098156+45461081 i35096160 u107803055 u0 t2.985
983571 890000 70 3 w0 r0 m0 f0 r0 p0
 125999548=23725782+61687928+45904551 i35396104 u108889760 u0 t2.987
994789 900000 70 3 w0 r0 m0 f0 r0 p0
 127172823=23948729+62252858+46339682 i35679752 u109948751 u0 t2.871
1005944 910000 70 4 w0 r0 m0 f0 r0 p0
 128418184=24183935+62848114+46805458 i35967836 u111084340 u0 t2.987
1017100 920000 70 4 w0 r0 m0 f0 r0 p0
 129545948=24400080+63392506+47221135 i36239862 u112103726 u0 t2.796
1028294 930000 70 4 w0 r0 m0 f0 r0 p0
 130643767=24609789+63922720+47625923 i36504981 u113095397 u0 t2.733
1039422 940000 81 4 w0 r0 m0 f0 r0 p0
 131802756=24830099+64485884+48050761 i36784916 u114142665 u0 t2.888
1050473 950000 81 4 w0 r0 m0 f0 r0 p0
 132969366=25052197+65053534+48476717 i37064028 u115199603 u0 t2.892
1061568 960000 81 4 w0 r0 m0 f0 r0 p0
 134157706=25282050+65633678+48906915 i37340582 u116285860 u0 t2.956
1072599 970000 81 4 w0 r0 m0 f0 r0 p0
 135407467=25517546+66234964+49372288 i37632577 u117423128 u0 t3.089
Shrinking rst_test.ix1.8
Key count: 3838674, Level node count: 257
Mismatch Cur count: 3838675, rec_count: 3838674
New Cache More Size: 1024
dict_map out file: rst_test.ix1.8
New Cache More Size: 1024
Key count: 4887317, Level node count: 210
Idx1+ lookups: 0 0 4887317 8993072 12831746 16572789 20316876 24016568 27599837 31092131 34465366 
Avg last exit: 0 0 5797795 5741705 5699944 5623044 5779033 5631243 5508191 5464146 5641081 
Idx1+ positiv: 0 0 1002318 1441355 1780257 2043297 2307228 2569758 2806471 3030127 3249478 
Idx1+ found  : 0 0 797283 1041081 1194542 1275349 1353928 1434673 1493351 1545790 1595832 
OL: 0 119621320 120034410 99991542 101714233 105273962 105577302 104779076 104096326 92295013 92724962 
CL: 0 119621320 105307897 99991542 98597592 99904677 98634671 96184866 94273899 91256907 91750258 
OC: 0 4887317 4903038 3838675 3891377 4001958 4033347 3991349 3954706 3420771 3436541 
CC: 0 4887317 4105755 3838675 3741044 3744088 3699693 3583269 3492294 3373235 3391455 
TotOL: 1046108146, TotCL: 995523629, TotOC: 40359079, TotCC: 37856825
1083733 980000 56 3 w0 r0 m0 f0 r0 p0
 136514372=25732860+66779076+49768190 i37896973 u118428714 u0 t20.911
1094785 990000 89 3 w0 r0 m0 f0 r0 p0
 137634416=25949068+67323878+50175892 i38165855 u119443515 u0 t2.884
1105876 1000000 89 3 w0 r0 m0 f0 r0 p0
 138781015=26169464+67886377+50589434 i38439704 u120484696 u0 t2.938
1117034 1010000 89 3 w0 r0 m0 f0 r0 p0
 139902328=26386172+68433488+50996382 i38709598 u121499844 u0 t2.904
1128112 1020000 89 4 w0 r0 m0 f0 r0 p0
 141036705=26605393+68991950+51402445 i38983317 u122527642 u0 t2.913
1139060 1030000 89 4 w0 r0 m0 f0 r0 p0
 142284153=26846201+69605267+51850081 i39289013 u123652627 u0 t3.23
1150007 1040000 89 4 w0 r0 m0 f0 r0 p0
 143675917=27111664+70284235+52356962 i39628114 u124907311 u0 t3.569
1160894 1050000 89 4 w0 r0 m0 f0 r0 p0
 145112849=27383007+70990985+52876373 i39982857 u126199024 u0 t3.695
1171814 1060000 89 4 w0 r0 m0 f0 r0 p0
 146493466=27645470+71670517+53373699 i40324150 u127439984 u0 t3.574
1182789 1070000 89 4 w0 r0 m0 f0 r0 p0
 147885946=27910737+72358778+53871861 i40668143 u128692797 u0 t3.62
1193726 1080000 89 4 w0 r0 m0 f0 r0 p0
 149248573=28170852+73028966+54362303 i41002305 u129920489 u0 t3.535
Shrinking rst_test.ix1.9
Key count: 3860362, Level node count: 219
New Cache More Size: 1024
dict_map out file: rst_test.ix1.9
Shrinking rst_test.ix1.3
Key count: 3440622, Level node count: 25
New Cache More Size: 1024
dict_map out file: rst_test.ix1.3
New Cache More Size: 1024
Key count: 4984427, Level node count: 2632
Idx1+ lookups: 0 0 4984427 9078446 12938808 16626921 20258996 23914996 27543613 31065519 34506141 37835258 
Avg last exit: 0 0 5817097 5831032 5658389 5657893 5605765 5766480 5620544 5500736 5465154 5639939 
Idx1+ positiv: 0 0 1003669 1445480 1783222 2074964 2311747 2555911 2804900 3029446 3244125 3456822 
Idx1+ found  : 0 0 793298 1042676 1191642 1303510 1363436 1425003 1496036 1545023 1589908 1635492 
OL: 0 122575981 119621320 100352034 99991542 101714233 105273962 105577302 104779076 93144342 92295013 92724962 
CL: 0 122575981 105024807 100352034 96863859 96299247 98027374 97113426 94854250 93144342 90289984 90877020 
OC: 0 4984427 4887317 3860362 3838675 3891377 4001958 4033347 3991349 3440622 3420771 3436541 
CC: 0 4984427 4094019 3860362 3688114 3632076 3656001 3628618 3521906 3440622 3329117 3351795 
TotOL: 1138049767, TotCL: 1085422324, TotOC: 43786746, TotCC: 41187057
1204582 1090000 54 3 w0 r0 m0 f0 r0 p0
 150675635=28443408+73739146+54868607 i41358116 u131201909 u0 t35.556
1215452 1100000 71 3 w0 r0 m0 f0 r0 p0
 152122476=28719425+74451995+55388560 i41709898 u132508071 u0 t3.806
1226363 1110000 71 3 w0 r0 m0 f0 r0 p0
 153617858=29001917+75190527+55926027 i42075957 u133856171 u0 t3.94
1237247 1120000 71 4 w0 r0 m0 f0 r0 p0
 155054261=29275805+75901339+56439032 i42426773 u135152278 u0 t3.793
1248176 1130000 71 4 w0 r0 m0 f0 r0 p0
 156519680=29555003+76624493+56964331 i42785721 u136473318 u0 t3.9
1259068 1140000 71 4 w0 r0 m0 f0 r0 p0
 157977948=29830686+77346072+57486978 i43143837 u137786721 u0 t3.876
1269968 1150000 71 4 w0 r0 m0 f0 r0 p0
 159450172=30110531+78082271+58007477 i43509450 u139110160 u0 t3.928
1280888 1160000 71 4 w0 r0 m0 f0 r0 p0
 160907827=30387286+78807042+58526230 i43872376 u140418838 u0 t3.932
1291754 1170000 71 4 w0 r0 m0 f0 r0 p0
 162377563=30666293+79535830+59050443 i44234308 u141742467 u0 t3.989
Shrinking rst_test.ix1.10
Key count: 3850194, Level node count: 220
New Cache More Size: 1024
dict_map out file: rst_test.ix1.10
Shrinking rst_test.ix1.4
Key count: 3469544, Level node count: 196
New Cache More Size: 1024
dict_map out file: rst_test.ix1.4
New Cache More Size: 1024
Key count: 5036653, Level node count: 55255
Idx1+ lookups: 0 0 5036652 9222744 13072938 16783096 20364517 23909591 27493437 31060586 34530130 37924799 41213367 
Avg last exit: 0 0 5888454 5829320 5731600 5613291 5638045 5599619 5761486 5618972 5510806 5468925 5642345 
Idx1+ positiv: 0 0 1011181 1448417 1788704 2077151 2344801 2563561 2794322 3031167 3247454 3454903 3662737 
Idx1+ found  : 0 0 798335 1037123 1192880 1298334 1390511 1435590 1486471 1548398 1590976 1630457 1672157 
OL: 0 124207066 122575981 100092052 100352034 99991542 101714233 105273962 105577302 93713722 93144342 92295013 92724962 
CL: 0 124207066 107836494 100092052 97258042 94620273 94449897 96470454 95786747 93713722 92129625 89394679 90063514 
OC: 0 5036653 4984427 3850194 3860362 3838675 3891377 4001958 4033347 3469544 3440622 3420771 3436541 
CC: 0 5036653 4186092 3850194 3710158 3581422 3545075 3583847 3567150 3469544 3394669 3288568 3315130 
TotOL: 1231662211, TotCL: 1176022565, TotOC: 47264471, TotCC: 44528502
1302652 1180000 52 3 w0 r0 m0 f0 r0 p0
 163860539=30948696+80270902+59578840 i44594235 u143083725 u0 t36.035
1313613 1190000 71 3 w0 r0 m0 f0 r0 p0
 165342572=31230146+81006856+60107044 i44959732 u144418003 u0 t4.041
1324596 1200000 75 3 w0 r0 m0 f0 r0 p0
 166825257=31511423+81745045+60633294 i45321678 u145756989 u0 t4.036
1335456 1210000 75 4 w0 r0 m0 f0 r0 p0
 168344658=31799164+82499352+61175129 i45695473 u147125588 u0 t4.146
1346441 1220000 75 4 w0 r0 m0 f0 r0 p0
 169903116=32093687+83267629+61736463 i46069571 u148537242 u0 t4.237
1357399 1230000 77 4 w0 r0 m0 f0 r0 p0
 171459885=32386736+84039990+62292707 i46446578 u149944874 u0 t4.262
1368385 1240000 91 4 w0 r0 m0 f0 r0 p0
 173068172=32689518+84834892+62871465 i46833304 u151401405 u0 t4.372
1379469 1250000 91 4 w0 r0 m0 f0 r0 p0
 174698505=32994406+85643477+63455849 i47230695 u152872229 u0 t4.469
1390543 1260000 91 4 w0 r0 m0 f0 r0 p0
 176336577=33299469+86446427+64054269 i47623979 u154353702 u0 t4.442
Shrinking rst_test.ix1.11
Key count: 3938784, Level node count: 228
New Cache More Size: 1024
dict_map out file: rst_test.ix1.11
Shrinking rst_test.ix1.5
Key count: 3514390, Level node count: 198
Mismatch Cur count: 3514391, rec_count: 3514390
New Cache More Size: 1024
dict_map out file: rst_test.ix1.5
New Cache More Size: 1024
Key count: 5020538, Level node count: 2232
Idx1+ lookups: 0 0 5020537 9265126 13203910 16907194 20511250 24009955 27486414 31009319 34523709 37946291 41299727 44552509 
Avg last exit: 0 0 5968522 5917975 5733044 5689513 5592910 5623780 5599053 5759242 5630792 5520269 5473930 5646260 
Idx1+ positiv: 0 0 1005016 1459028 1788061 2082903 2342943 2593010 2801042 3020941 3249835 3458285 3657987 3862340 
Idx1+ found  : 0 0 792063 1045643 1184033 1298982 1381050 1459126 1496531 1539230 1595360 1632209 1666243 1705274 
OL: 0 124200715 124207066 102843825 100092052 100352034 99991542 101714233 105273962 94630821 93713722 93144342 92295013 92724962 
CL: 0 124200715 109622744 102843825 97038939 95024518 92845974 92960583 95149726 94630821 92678478 91214580 88596655 89325545 
OC: 0 5020538 5036653 3938784 3850194 3860362 3838675 3891377 4001958 3514391 3469544 3440622 3420771 3436541 
CC: 0 5020538 4244590 3938784 3703284 3604056 3498706 3476460 3522906 3514391 3422582 3353436 3252782 3282013 
TotOL: 1325184289, TotCL: 1266133103, TotOC: 50720410, TotCC: 47834528
1401635 1270000 57 3 w0 r0 m0 f0 r0 p0
 177964524=33605748+87254333+64636272 i48023094 u155820988 u0 t36.987
1412662 1280000 66 3 w0 r0 m0 f0 r0 p0
 179568697=33910264+88055050+65203459 i48414730 u157270044 u0 t4.488
1423732 1290000 66 3 w0 r0 m0 f0 r0 p0
 181168959=34210477+88845071+65780281 i48803701 u158714947 u0 t4.448
1434749 1300000 73 4 w0 r0 m0 f0 r0 p0
 182828415=34519798+89661203+66382737 i49206800 u160212207 u0 t4.63
1445738 1310000 79 4 w0 r0 m0 f0 r0 p0
 184513810=34836400+90488851+66994851 i49619977 u161729322 u0 t4.699
1456743 1320000 79 4 w0 r0 m0 f0 r0 p0
 186190777=35151296+91313453+67602831 i50028236 u163241882 u0 t4.669
1467716 1330000 79 4 w0 r0 m0 f0 r0 p0
 187946945=35480337+92177165+68239998 i50452742 u164828600 u0 t4.897
1478847 1340000 85 4 w0 r0 m0 f0 r0 p0
 189697299=35804419+93033522+68881740 i50879599 u166404778 u0 t4.871
Shrinking rst_test.ix1.12
Key count: 4002525, Level node count: 52188
Mismatch Cur count: 4002526, rec_count: 4002525
New Cache More Size: 1024
dict_map out file: rst_test.ix1.12
Shrinking rst_test.ix1.6
Key count: 3469353, Level node count: 10963
Mismatch Cur count: 3469354, rec_count: 3469353
New Cache More Size: 1024
dict_map out file: rst_test.ix1.6
New Cache More Size: 1024
Key count: 5034227, Level node count: 54025
Idx1+ lookups: 0 0 5034226 9276761 13279286 17069041 20666166 24188706 27621232 31040603 34509956 37977113 41358508 44675967 47895988 
Avg last exit: 0 0 5853219 5949248 5803861 5671879 5655190 5571464 5605884 5590919 5763477 5636056 5522470 5472967 5645290 
Idx1+ positiv: 0 0 992055 1449310 1801976 2084143 2349137 2590392 2829361 3031184 3241735 3462137 3663937 3858765 4060306 
Idx1+ found  : 0 0 778002 1034127 1194672 1290192 1380498 1447229 1516214 1550083 1586463 1636547 1668186 1699004 1736195 
OL: 0 124602216 124200715 104732238 102843825 100092052 100352034 99991542 101714233 93984749 94630821 93713722 93144342 92295013 92724962 
CL: 0 124602216 109917534 104732238 99758754 94814281 93295803 91418016 91722930 93984749 93602962 91767467 90411223 87868721 88641806 
OC: 0 5034227 5020538 4002526 3938784 3850194 3860362 3838675 3891377 3469354 3514391 3469544 3440622 3420771 3436541 
CC: 0 5034227 4242536 4002526 3789755 3597125 3522540 3432527 3419372 3469354 3467158 3381395 3317459 3220021 3251092 
TotOL: 1419022464, TotCL: 1356538700, TotOC: 54187906, TotCC: 51147087
1489858 1350000 68 3 w0 r0 m0 f0 r0 p0
 191414728=36125132+93880640+69503264 i51304578 u167947076 u0 t37.374
1500812 1360000 68 3 w0 r0 m0 f0 r0 p0
 193066497=36431463+94688311+70109152 i51712637 u169429830 u0 t4.688
1511816 1370000 100 3 w0 r0 m0 f0 r0 p0
 194750555=36746208+95519892+70716925 i52120560 u170951494 u0 t4.794
1522795 1380000 100 4 w0 r0 m0 f0 r0 p0
 196383374=37050140+96326851+71306199 i52520689 u172421613 u0 t4.71
1533703 1390000 100 4 w0 r0 m0 f0 r0 p0
 198040225=37358448+97143117+71907133 i52930020 u173910136 u0 t4.775
1544569 1400000 100 4 w0 r0 m0 f0 r0 p0
 199683285=37667316+97956179+72496990 i53328722 u175394716 u0 t4.746
1555499 1410000 100 4 w0 r0 m0 f0 r0 p0
 201439474=37995459+98821930+73132258 i53752784 u176981906 u0 t5.075
1566395 1420000 100 4 w0 r0 m0 f0 r0 p0
 203165083=38317565+99678555+73751000 i54169463 u178542791 u0 t5.048
Shrinking rst_test.ix1.13
Key count: 3994787, Level node count: 178
Mismatch Cur count: 3994788, rec_count: 3994787
New Cache More Size: 1024
dict_map out file: rst_test.ix1.13
Shrinking rst_test.ix1.7
Key count: 3369974, Level node count: 232
Mismatch Cur count: 3369975, rec_count: 3369974
New Cache More Size: 1024
dict_map out file: rst_test.ix1.7
Shrinking rst_test.ix1.2
Key count: 3190390, Level node count: 10876
New Cache More Size: 1024
dict_map out file: rst_test.ix1.2
Shrinking rst_test.ix1.1
Key count: 3223053, Level node count: 10895
Mismatch Cur count: 3223054, rec_count: 3223053
New Cache More Size: 1024
dict_map out file: rst_test.ix1.1
New Cache More Size: 1024
Key count: 5070886, Level node count: 2469
Idx1+ lookups: 0 0 5070886 9321579 13316366 17167993 20850266 24367030 27823520 31199655 34569629 37992869 41417184 44762118 48046007 51236397 
Avg last exit: 0 0 5884749 5843238 5829260 5739830 5624664 5625306 5552124 5589363 5594395 5764053 5635716 5520673 5470095 5642596 
Idx1+ positiv: 0 0 999378 1443438 1796338 2099610 2351169 2597162 2827482 3056948 3252808 3457691 3669914 3866514 4056600 4254833 
Idx1+ found  : 0 0 783533 1025750 1185025 1302154 1370553 1446548 1503620 1565611 1596196 1629305 1673008 1701756 1728635 1764233 
OL: 0 125292473 124602216 104887619 104732238 102843825 100092052 100352034 99991542 90650643 93984749 94630821 93713722 93144342 87209995 88019890 
CL: 0 125292473 110207272 104887619 101599810 97493604 93113353 91885687 90202668 90650643 92978619 92672117 90963756 89650633 87209995 88019890 
OC: 0 5070886 5034227 3994788 4002526 3938784 3850194 3860362 3838675 3369975 3469354 3514391 3469544 3440622 3190390 3223054 
CC: 0 5070886 4250694 3994788 3851628 3682273 3516764 3456490 3376136 3369975 3423241 3424316 3344934 3283889 3190390 3223054 
TotOL: 1504148161, TotCL: 1446828139, TotOC: 57267772, TotCC: 54459458
1577238 1430000 75 3 w0 r0 m0 f0 r0 p0
 204894416=38640361+100537132+74371288 i54592106 u180101537 u0 t67.495
1588118 1440000 101 3 w0 r0 m0 f0 r0 p0
 206627102=38964282+101395438+74993454 i55013351 u181665497 u0 t5.122
1598949 1450000 101 3 w0 r0 m0 f0 r0 p0
 208394406=39292777+102268869+75631799 i55438725 u183264528 u0 t5.18
1609797 1460000 101 4 w0 r0 m0 f0 r0 p0
 210170319=39622403+103146362+76274190 i55865198 u184871563 u0 t5.234
1620630 1470000 101 4 w0 r0 m0 f0 r0 p0
 211921170=39952135+104017109+76898673 i56281940 u186461122 u0 t5.168
1631477 1480000 101 4 w0 r0 m0 f0 r0 p0
 213670627=40279217+104881983+77529055 i56703093 u188043701 u0 t5.169
1642373 1490000 101 4 w0 r0 m0 f0 r0 p0
 215467929=40615467+105772455+78174765 i57130423 u189675587 u0 t5.291
1653233 1500000 101 4 w0 r0 m0 f0 r0 p0
 217268084=40950561+106663886+78823410 i57559234 u191309082 u0 t5.292
Shrinking rst_test.ix1.14
Key count: 4007200, Level node count: 12884
Mismatch Cur count: 4007201, rec_count: 4007200
New Cache More Size: 1024
dict_map out file: rst_test.ix1.14
Shrinking rst_test.ix1.8
Key count: 3327855, Level node count: 253
Mismatch Cur count: 3327856, rec_count: 3327855
New Cache More Size: 1024
dict_map out file: rst_test.ix1.8
New Cache More Size: 1024
Key count: 5039414, Level node count: 50802
Idx1+ lookups: 0 0 5039413 9324716 13331916 17172561 20913149 24512418 27962986 31363217 34691072 38017620 41399612 44786756 48098771 51352222 54515087 
Avg last exit: 0 0 6041862 5926700 5769036 5785037 5712730 5607832 5616153 5545875 5596936 5604792 5772011 5642118 5526565 5475883 5648230 
Idx1+ positiv: 0 0 999160 1444145 1791233 2095577 2367521 2598661 2830927 3051218 3274057 3466045 3664414 3870246 4063844 4247532 4445387 
Idx1+ found  : 0 0 785583 1027026 1179892 1296064 1385158 1436749 1502807 1551900 1609037 1637444 1666476 1705927 1732194 1756160 1790585 
OL: 0 124941681 125292473 105282619 104887619 104732238 102843825 100092052 100352034 89148286 90650643 93984749 94630821 93713722 93144342 87209995 88019890 
CL: 0 124941681 110838694 105282619 101670958 99252306 95722875 91695665 90665652 89148286 89691489 92063738 91854970 90230355 88967010 86588434 87426050 
OC: 0 5039414 5070886 4007201 3994788 4002526 3938784 3850194 3860362 3327856 3369975 3469354 3514391 3469544 3440622 3190390 3223054 
CC: 0 5039414 4285303 4007201 3840646 3740589 3599269 3450568 3400231 3327856 3326549 3381993 3387145 3312015 3253451 3162865 3196702 
TotOL: 1598926989, TotCL: 1536040782, TotOC: 60769341, TotCC: 57711797
1664130 1510000 65 3 w0 r0 m0 f0 r0 p0
 219046446=41280963+107539800+79469044 i57979414 u192925002 u0 t37.318
1675034 1520000 65 3 w0 r0 m0 f0 r0 p0
 220835404=41612975+108422057+80117534 i58403564 u194549358 u0 t5.336
1685958 1530000 69 4 w0 r0 m0 f0 r0 p0
 222654573=41950493+109317901+80778379 i58831532 u196204329 u0 t5.449
1696847 1540000 69 4 w0 r0 m0 f0 r0 p0
 224442361=42281602+110193885+81432689 i59253839 u197827702 u0 t5.357
1707676 1550000 69 4 w0 r0 m0 f0 r0 p0
 226272742=42619605+111095368+82098625 i59687831 u199488756 u0 t5.493
1718573 1560000 69 4 w0 r0 m0 f0 r0 p0
 228104597=42957580+111994802+82768470 i60119120 u201153217 u0 t5.496
1729487 1570000 69 4 w0 r0 m0 f0 r0 p0
 229880904=43285461+112866746+83417917 i60535141 u202770020 u0 t5.331
Shrinking rst_test.ix1.15
Key count: 4042189, Level node count: 2407
New Cache More Size: 1024
dict_map out file: rst_test.ix1.15
Shrinking rst_test.ix1.9
Key count: 3352536, Level node count: 217
New Cache More Size: 1024
dict_map out file: rst_test.ix1.9
Shrinking rst_test.ix1.3
Key count: 3225719, Level node count: 25
New Cache More Size: 1024
dict_map out file: rst_test.ix1.3
New Cache More Size: 1024
Key count: 5005577, Level node count: 11917
Idx1+ lookups: 0 0 5005577 9257392 13299581 17154170 20885603 24541328 28072987 31468816 34821352 38107488 41394332 44739558 48094441 51376272 54601991 57739376 
Avg last exit: 0 0 5975565 6069772 5849357 5734397 5763266 5696812 5597674 5612604 5554610 5606949 5615927 5781544 5648441 5533638 5482999 5653584 
Idx1+ positiv: 0 0 1000367 1442113 1789398 2088151 2363245 2614030 2829395 3052081 3264566 3483950 3670447 3863504 4064984 4254964 4435389 4630741 
Idx1+ found  : 0 0 787598 1028697 1179637 1289104 1380927 1452768 1491488 1550502 1593619 1648741 1674210 1698737 1736111 1759926 1781640 1815547 
OL: 0 124417761 124941681 105917283 105282619 104887619 104732238 102843825 100092052 89630099 89148286 90650643 93984749 94630821 93713722 88340193 87209995 88019890 
CL: 0 124417761 110406532 105917283 102095500 99361516 97439055 94265530 90513918 89630099 88238016 88803073 91245977 91134258 89555951 88340193 86012371 86868701 
OC: 0 5005577 5039414 4042189 4007201 3994788 4002526 3938784 3850194 3352536 3327856 3369975 3469354 3514391 3469544 3225719 3190390 3223054 
CC: 0 5005577 4251816 4042189 3854590 3731434 3655726 3531659 3395829 3352536 3286137 3286845 3345227 3354884 3281831 3225719 3137385 3171740 
TotOL: 1688443476, TotCL: 1624245734, TotOC: 64023492, TotCC: 60911124
1740347 1580000 89 3 w0 r0 m0 f0 r0 p0
 231680629=43618172+113748000+84077370 i60957435 u204407110 u0 t53.026
1751207 1590000 89 3 w0 r0 m0 f0 r0 p0
 233507773=43956640+114647778+84741743 i61386971 u206068768 u0 t5.614
1762023 1600000 97 3 w0 r0 m0 f0 r0 p0
 235283992=44287479+115526027+85382484 i61804603 u207685505 u0 t5.456
1772878 1610000 97 4 w0 r0 m0 f0 r0 p0
 237058062=44615710+116394367+86032989 i62221538 u209298850 u0 t5.438
1783723 1620000 97 4 w0 r0 m0 f0 r0 p0
 238817123=44942446+117265322+86667096 i62634279 u210900749 u0 t5.436
1794607 1630000 101 4 w0 r0 m0 f0 r0 p0
 240593085=45270791+118136276+87316392 i63050348 u212516680 u0 t5.465
1805498 1640000 101 4 w0 r0 m0 f0 r0 p0
 242382851=45602364+119021975+87963254 i63469245 u214147516 u0 t5.535
1816421 1650000 101 4 w0 r0 m0 f0 r0 p0
 244178822=45933915+119909627+88614033 i63894187 u215778742 u0 t5.548
Shrinking rst_test.ix1.16
Key count: 4004612, Level node count: 47711
Mismatch Cur count: 4004613, rec_count: 4004612
New Cache More Size: 1024
dict_map out file: rst_test.ix1.16
Shrinking rst_test.ix1.10
Key count: 3347542, Level node count: 215
New Cache More Size: 1024
dict_map out file: rst_test.ix1.10
Shrinking rst_test.ix1.4
Key count: 3253285, Level node count: 187
New Cache More Size: 1024
dict_map out file: rst_test.ix1.4
New Cache More Size: 1024
Key count: 5032549, Level node count: 52043
Idx1+ lookups: 0 0 5032548 9246753 13251365 17142682 20887793 24532669 28118868 31591044 34938586 38249182 41497437 44749620 48060389 51384405 54637690 57837200 60950747 
Avg last exit: 0 0 5875130 5977250 5971055 5807405 5711402 5744582 5683903 5588114 5618418 5561123 5613462 5624070 5787616 5652804 5541677 5488930 5657700 
Idx1+ positiv: 0 0 1003899 1448783 1786620 2086879 2358240 2612461 2851091 3051044 3266160 3473049 3686621 3872362 4060324 4257298 4443263 4619619 4814368 
Idx1+ found  : 0 0 791372 1034801 1179569 1289115 1375661 1450453 1512251 1539775 1592442 1631500 1683402 1708667 1729604 1764657 1786135 1805478 1838526 
OL: 0 124961130 124417761 105382328 105917283 105282619 104887619 104732238 102843825 89470698 89630099 89148286 90650643 93984749 94630821 88913466 88340193 87209995 88019890 
CL: 0 124961130 109772974 105382328 102783120 99770711 97504284 95941870 92968037 89470698 88713577 87406731 88031755 90477398 90443470 88913466 87745368 85470515 86349206 
OC: 0 5032549 5005577 4004613 4042189 4007201 3994788 4002526 3938784 3347542 3352536 3327856 3369975 3469354 3514391 3253285 3225719 3190390 3223054 
CC: 0 5032549 4214205 4004613 3891317 3745112 3644877 3586200 3472176 3347542 3310596 3248256 3252184 3310770 3324017 3253285 3199510 3113547 3148761 
TotOL: 1778423643, TotCL: 1712106638, TotOC: 67302329, TotCC: 64099517
1827273 1660000 63 3 w0 r0 m0 f0 r0 p0
 245982710=46268214+120794044+89273491 i64317518 u217419589 u0 t53.331
1838160 1670000 97 3 w0 r0 m0 f0 r0 p0
 247787451=46603036+121681664+89930178 i64744095 u219058868 u0 t5.664
1849005 1680000 97 4 w0 r0 m0 f0 r0 p0
 249559255=46929845+122549529+90579632 i65155713 u220674845 u0 t5.529
1859879 1690000 97 4 w0 r0 m0 f0 r0 p0
 251260145=47246311+123393055+91190935 i65554463 u222224849 u0 t5.398
1870739 1700000 97 4 w0 r0 m0 f0 r0 p0
 253019866=47573526+124267404+91822433 i65965082 u223830500 u0 t5.57
1881698 1710000 97 4 w0 r0 m0 f0 r0 p0
 254708896=47889282+125101992+92431807 i66357118 u225373382 u0 t5.353
1892578 1720000 97 4 w0 r0 m0 f0 r0 p0
 256422005=48209762+125948816+93049301 i66754510 u226938843 u0 t5.411
1903425 1730000 97 4 w0 r0 m0 f0 r0 p0
 258151069=48531128+126803006+93675093 i67155597 u228518441 u0 t5.484
Shrinking rst_test.ix1.17
Key count: 3968291, Level node count: 11459
New Cache More Size: 1024
dict_map out file: rst_test.ix1.17
Shrinking rst_test.ix1.11
Key count: 3422403, Level node count: 249
New Cache More Size: 1024
dict_map out file: rst_test.ix1.11
New Cache More Size: 1024
Key count: 5027615, Level node count: 176
Idx1+ lookups: 0 0 5027614 9263693 13231984 17083856 20866658 24526855 28101217 31628935 35051338 38357066 41630433 44844963 48066046 51346236 54642065 57869836 61045259 64135882 
Avg last exit: 0 0 5915497 5884268 5864109 5921268 5779371 5694923 5731023 5673189 5591797 5622319 5565084 5617583 5630456 5790903 5660155 5548829 5494800 5660481 
Idx1+ positiv: 0 0 1009261 1450340 1794310 2083163 2354766 2607723 2846459 3074756 3264704 3473022 3675781 3884276 4067802 4252605 4445357 4628560 4802742 4994035 
Idx1+ found  : 0 0 796469 1037286 1187541 1288084 1374029 1446175 1508934 1562024 1581589 1629671 1665225 1714502 1739246 1757791 1790171 1810222 1828402 1859553 
OL: 0 124762102 124961130 104771354 105382328 105917283 105282619 104887619 104732238 91890566 89470698 89630099 89148286 90650643 93984749 94630821 88913466 88340193 87209995 88019890 
CL: 0 124762102 110179085 104771354 102191067 100500472 97951374 95983390 94675433 91890566 88558162 87899143 86658403 87337780 89797058 89816893 88341874 87196369 84949301 85872120 
OC: 0 5027615 5032549 3968291 4004613 4042189 4007201 3994788 4002526 3422403 3347542 3352536 3327856 3369975 3469354 3514391 3253285 3225719 3190390 3223054 
CC: 0 5027615 4236080 3968291 3851873 3782802 3660198 3574363 3527719 3422403 3305728 3273367 3214531 3221084 3280191 3295830 3227771 3175423 3090623 3127734 
TotOL: 1872586079, TotCL: 1799331946, TotOC: 70776277, TotCC: 67263626
1914319 1740000 61 3 w0 r0 m0 f0 r0 p0
 259943293=48864688+127681881+94330331 i67569960 u230155013 u0 t38.067
1925121 1750000 62 3 w0 r0 m0 f0 r0 p0
 261669165=49186851+128536860+94951071 i67971520 u231731144 u0 t5.558
1936035 1760000 62 4 w0 r0 m0 f0 r0 p0
 263458272=49520220+129423171+95595224 i68393201 u233359118 u0 t5.732
1946942 1770000 67 4 w0 r0 m0 f0 r0 p0
 265176789=49839955+130265313+96222788 i68783714 u234935579 u0 t5.52
1957829 1780000 67 4 w0 r0 m0 f0 r0 p0
 266880264=50159017+131109725+96834255 i69177597 u236494139 u0 t5.513
1968722 1790000 67 4 w0 r0 m0 f0 r0 p0
 268620330=50482904+131964281+97468130 i69581489 u238082402 u0 t5.627
1979581 1800000 67 4 w0 r0 m0 f0 r0 p0
 270290901=50794936+132785153+98075566 i69970317 u239606288 u0 t5.389
1990482 1810000 76 4 w0 r0 m0 f0 r0 p0
 271956658=51106210+133601567+98683140 i70349641 u241134070 u0 t5.343
Shrinking rst_test.ix1.18
Key count: 3987883, Level node count: 48870
Mismatch Cur count: 3987884, rec_count: 3987883
New Cache More Size: 1024
dict_map out file: rst_test.ix1.18
Shrinking rst_test.ix1.12
Key count: 3477564, Level node count: 49339
Mismatch Cur count: 3477565, rec_count: 3477564
New Cache More Size: 1024
dict_map out file: rst_test.ix1.12
New Cache More Size: 1024
Key count: 5026012, Level node count: 2119
Idx1+ lookups: 0 0 5026011 9261174 13249057 17063731 20804522 24502671 28093995 31608663 35086227 38465371 41734118 44972202 48156047 51349057 54600581 57869785 61073244 64226354 67295865 
Avg last exit: 0 0 5905150 5925463 5790992 5809513 5888894 5762099 5681628 5719554 5675007 5593651 5624066 5569799 5620912 5635623 5794264 5666182 5554589 5498945 5662893 
Idx1+ positiv: 0 0 1005521 1458237 1796513 2093098 2350344 2603068 2843023 3070755 3289659 3470721 3677096 3872939 4078154 4260385 4441586 4631181 4810332 4982802 5172174 
Idx1+ found  : 0 0 792451 1044665 1190903 1298622 1372737 1442902 1505869 1559088 1605283 1618570 1664954 1695910 1742575 1767912 1784416 1814483 1832535 1849514 1879195 
OL: 0 124636640 124762102 105133926 104771354 105382328 105917283 105282619 104887619 93586992 91890566 89470698 89630099 89148286 90650643 93984749 94630821 88913466 88340193 87209995 88019890 
CL: 0 124636640 110095015 105133926 101563134 99831845 98700498 96473572 94682652 93586992 90945651 87750041 87125363 85977857 86711969 89150463 89217930 87794529 86687231 84466742 85425925 
OC: 0 5026012 5027615 3987884 3968291 4004613 4042189 4007201 3994788 3477565 3422403 3347542 3352536 3327856 3369975 3469354 3514391 3253285 3225719 3190390 3223054 
CC: 0 5026012 4235164 3987884 3814674 3740792 3698149 3591325 3514669 3477565 3379144 3268747 3238084 3183846 3193011 3251525 3269205 3203459 3153110 3069511 3108092 
TotOL: 1966250269, TotCL: 1885957975, TotOC: 74232663, TotCC: 70403968
2001382 1820000 68 3 w0 r0 m0 f0 r0 p0
 273619806=51416038+134416362+99290731 i70737453 u242650136 u0 t38.113
2012247 1830000 68 3 w0 r0 m0 f0 r0 p0
 275314039=51732959+135250341+99905069 i71125264 u244202513 u0 t5.53
2023129 1840000 68 4 w0 r0 m0 f0 r0 p0
 276988681=52045651+136073996+100513202 i71509557 u245735631 u0 t5.482
2034053 1850000 68 4 w0 r0 m0 f0 r0 p0
 278712839=52368393+136923507+101136969 i71903598 u247316387 u0 t5.665
2044917 1860000 68 4 w0 r0 m0 f0 r0 p0
 280377963=52680583+137747044+101736334 i72282457 u248845474 u0 t5.477
2055814 1870000 68 4 w0 r0 m0 f0 r0 p0
 282051802=52992861+138572889+102341908 i72675172 u250369971 u0 t5.537
2066728 1880000 68 4 w0 r0 m0 f0 r0 p0
 283706575=53302261+139390750+102938592 i73052613 u251888172 u0 t5.483
2077660 1890000 68 4 w0 r0 m0 f0 r0 p0
 285366456=53613913+140212111+103535051 i73432074 u253410496 u0 t5.534
Shrinking rst_test.ix1.19
Key count: 3988126, Level node count: 175
Mismatch Cur count: 3988127, rec_count: 3988126
New Cache More Size: 1024
dict_map out file: rst_test.ix1.19
Shrinking rst_test.ix1.13
Key count: 3463654, Level node count: 177
Mismatch Cur count: 3463655, rec_count: 3463654
New Cache More Size: 1024
dict_map out file: rst_test.ix1.13
Shrinking rst_test.ix1.5
Key count: 3245008, Level node count: 198
Mismatch Cur count: 3245009, rec_count: 3245008
New Cache More Size: 1024
dict_map out file: rst_test.ix1.5
New Cache More Size: 1024
Key count: 5034657, Level node count: 12781
Idx1+ lookups: 0 0 5034656 9270195 13258321 17094686 20797068 24451374 28080256 31610756 35074410 38505790 41845402 45078495 48285582 51440969 54607578 57833190 61078198 64258223 67389162 70439273 
Avg last exit: 0 0 5916123 5904112 5821096 5735849 5775740 5862051 5743916 5668981 5721251 5675738 5594334 5624628 5570650 5621760 5637484 5795648 5671128 5559366 5502151 5665723 
Idx1+ positiv: 0 0 1004904 1453681 1804280 2095877 2363441 2600079 2840530 3068604 3288563 3498756 3674801 3874587 4066253 4268347 4448654 4626617 4814460 4991802 5160621 5349753 
Idx1+ found  : 0 0 790472 1039488 1196183 1303195 1385107 1442004 1503726 1556883 1605272 1644815 1654224 1695951 1724368 1768976 1793824 1808612 1837917 1854706 1868914 1899503 
OL: 0 124598911 124636640 105090429 105133926 104771354 105382328 105917283 105282619 93566104 93586992 91890566 89470698 89630099 89148286 90650643 93984749 88677688 88913466 88340193 87209995 88019890 
CL: 0 124598911 110064371 105090429 101982921 99186803 97980320 97214008 95137180 93566104 92583620 90080501 86962164 86442343 85346911 86125499 88568963 88677688 87266281 86181901 84025583 84967973 
OC: 0 5034657 5026012 3988127 3987884 3968291 4004613 4042189 4007201 3463655 3477565 3422403 3347542 3352536 3327856 3369975 3469354 3245009 3253285 3225719 3190390 3223054 
CC: 0 5034657 4235540 3988127 3836366 3702382 3654307 3628882 3530501 3463655 3431381 3339612 3233093 3207087 3155388 3166610 3225613 3245009 3180025 3130939 3050111 3087784 
TotOL: 2053902859, TotCL: 1972050474, TotOC: 77427317, TotCC: 73527069
2088614 1900000 60 3 w0 r0 m0 f0 r0 p0
 287041683=53926943+141034038+104145361 i73817355 u254942667 u0 t56.561
2099586 1910000 61 3 w0 r0 m0 f0 r0 p0
 288744872=54243674+141871300+104765300 i74204156 u256505831 u0 t5.872
2110524 1920000 70 4 w0 r0 m0 f0 r0 p0
 290369429=54549228+142670505+105353600 i74573775 u257996665 u0 t5.447
2121483 1930000 73 4 w0 r0 m0 f0 r0 p0
 292052012=54864406+143501540+105960075 i74961801 u259536374 u0 t6.098
2132440 1940000 115 4 w0 r0 m0 f0 r0 p0
 293694209=55170737+144308922+106557063 i75338238 u261040148 u0 t6.08
2143340 1950000 115 4 w0 r0 m0 f0 r0 p0
 295367367=55483485+145131769+107164705 i75720385 u262574179 u0 t5.761
2154286 1960000 115 4 w0 r0 m0 f0 r0 p0
 296988492=55788240+145928869+107751862 i76087692 u264063919 u0 t5.449
2165157 1970000 115 4 w0 r0 m0 f0 r0 p0
 298540929=56079143+146690357+108316845 i76438378 u265490631 u0 t5.717
Shrinking rst_test.ix1.20
Key count: 3989238, Level node count: 2068
New Cache More Size: 1024
dict_map out file: rst_test.ix1.20
Shrinking rst_test.ix1.14
Key count: 3479164, Level node count: 12407
Mismatch Cur count: 3479165, rec_count: 3479164
New Cache More Size: 1024
dict_map out file: rst_test.ix1.14
New Cache More Size: 1024
Key count: 5030070, Level node count: 229
Idx1+ lookups: 0 0 5030070 9269133 13258370 17094758 20820598 24437641 28022626 31592442 35071606 38488548 41878790 45182900 48384341 51562829 54691798 57833721 61035095 64257758 67416246 70526347 73557708 
Avg last exit: 0 0 5938781 5915470 5807074 5769502 5706353 5751686 5844224 5732282 5673238 5723586 5676316 5593307 5626400 5572892 5622928 5641048 5800666 5676086 5563389 5505384 5668075 
Idx1+ positiv: 0 0 1008668 1452158 1797700 2102757 2363575 2612833 2835682 3065685 3287523 3498741 3703040 3872835 4068043 4256291 4454800 4633906 4808932 4994030 5170195 5336085 5523700 
Idx1+ found  : 0 0 795593 1036774 1191226 1306708 1388534 1454428 1501070 1555062 1603595 1646410 1680317 1685876 1724550 1750786 1793662 1818062 1830957 1859454 1875544 1887664 1917428 
OL: 0 124495546 124598911 105068696 105090429 105133926 104771354 105382328 105917283 94014603 93566104 93586992 91890566 89470698 89630099 89148286 90650643 93984749 88677688 88913466 88340193 87209995 88019890 
CL: 0 124495546 109913221 105068696 101933869 99645895 97362343 96489156 95939491 94014603 92538428 91678893 89299486 86264321 85810107 84756820 85573287 88021754 88175321 86777785 85707764 83596003 84560293 
OC: 0 5030070 5034657 3989238 3988127 3987884 3968291 4004613 4042189 3479165 3463655 3477565 3422403 3347542 3352536 3327856 3369975 3469354 3245009 3253285 3225719 3190390 3223054 
CC: 0 5030070 4239064 3989238 3836389 3725841 3617043 3584986 3569816 3479165 3416943 3390243 3304110 3201441 3178488 3128970 3141924 3201375 3222664 3158488 3110101 3031361 3069859 
TotOL: 2147562445, TotCL: 2057623082, TotOC: 80892577, TotCC: 76627579
2176142 1980000 65 3 w0 r0 m0 f0 r0 p0
 300107779=56372925+147461885+108884153 i76793491 u266930282 u0 t40.85
2187090 1990000 83 3 w0 r0 m0 f0 r0 p0
 301747104=56679040+148271317+109476291 i77171753 u268429843 u0 t6.1
2198031 2000000 124 3 w0 r0 m0 f0 r0 p0
 303313534=56973518+149044964+110040236 i77529368 u269867337 u0 t5.547
2208970 2010000 124 4 w0 r0 m0 f0 r0 p0
 304880489=57266755+149814873+110609645 i77881008 u271309928 u0 t5.4
2219875 2020000 124 4 w0 r0 m0 f0 r0 p0
 306462247=57567650+150599483+111174164 i78238641 u272765805 u0 t5.486
2230717 2030000 124 4 w0 r0 m0 f0 r0 p0
 307973208=57852647+151350438+111712938 i78578601 u274158171 u0 t5.301
2241553 2040000 124 4 w0 r0 m0 f0 r0 p0
 309500999=58140654+152109616+112258442 i78928211 u275559994 u0 t5.361
2252478 2050000 124 4 w0 r0 m0 f0 r0 p0
 311045082=58431999+152874154+112812027 i79281285 u276977001 u0 t5.362
2263400 2060000 124 4 w0 r0 m0 f0 r0 p0
 312587791=58722721+153634268+113368895 i79629608 u278396182 u0 t5.465
Shrinking rst_test.ix1.21
Key count: 3992195, Level node count: 12490
Mismatch Cur count: 3992196, rec_count: 3992195
New Cache More Size: 1024
dict_map out file: rst_test.ix1.21
Shrinking rst_test.ix1.15
Key count: 3518271, Level node count: 2373
New Cache More Size: 1024
dict_map out file: rst_test.ix1.15
New Cache More Size: 1024
Key count: 5036220, Level node count: 50205
Idx1+ lookups: 0 0 5036220 9274082 13266277 17103606 20829073 24469189 28016860 31542510 35060781 38494710 41870551 45223294 48493781 51665811 54816752 57921890 61040614 64219346 67420935 70558439 73649209 76662154 
Avg last exit: 0 0 5932619 5947504 5816124 5759499 5738719 5686538 5733445 5831145 5735636 5678603 5726207 5675609 5593733 5628005 5573680 5624733 5643149 5805421 5680690 5566679 5507928 5669905 
Idx1+ positiv: 0 0 1005337 1456700 1797831 2095564 2372411 2611985 2850080 3061638 3283325 3498531 3703754 3903232 4067351 4258616 4442439 4639171 4816303 4988553 5173031 5345969 5510672 5696842 
Idx1+ found  : 0 0 792208 1042461 1188682 1302147 1392432 1457906 1513763 1552615 1600297 1644696 1683909 1713940 1715287 1752097 1774617 1816861 1840704 1852031 1880438 1894875 1906080 1935234 
OL: 0 124652011 124495546 104899955 105068696 105090429 105133926 104771354 105382328 94819871 94014603 93566104 93586992 91890566 89470698 89630099 89148286 90650643 93984749 88677688 88913466 88340193 87209995 88019890 
CL: 0 124652011 109896491 104899955 101907139 99582123 97811676 95862705 95198572 94819871 93022675 91632799 90847454 88552908 85619471 85199066 84225717 85049466 87509783 87700038 86301415 85261467 83175560 84153693 
OC: 0 5036220 5030070 3992196 3989238 3988127 3987884 3968291 4004613 3518271 3479165 3463655 3477565 3422403 3347542 3352536 3327856 3369975 3469354 3245009 3253285 3225719 3190390 3223054 
CC: 0 5036220 4237862 3992196 3837330 3725468 3640117 3547671 3525651 3518271 3433930 3375842 3352744 3270487 3172030 3150941 3105139 3118725 3178733 3201590 3137504 3090770 3012945 3052053 
TotOL: 2241418088, TotCL: 2142882055, TotOC: 84362418, TotCC: 79714219
2274335 2070000 73 3 w0 r0 m0 f0 r0 p0
 314133465=59013694+154399081+113923838 i79976850 u279820554 u0 t39.364
2285238 2080000 73 3 w0 r0 m0 f0 r0 p0
 315607372=59292392+155123819+114456386 i80305941 u281180696 u0 t5.523
2296195 2090000 73 3 w0 r0 m0 f0 r0 p0
 317129293=59581750+155878650+114998713 i80644366 u282587262 u0 t5.626
2307093 2100000 73 4 w0 r0 m0 f0 r0 p0
 318676219=59876160+156649876+115546349 i80990596 u284016041 u0 t5.891
2317991 2110000 73 4 w0 r0 m0 f0 r0 p0
 320192634=60163687+157398333+116091417 i81328289 u285416667 u0 t5.571
2328915 2120000 73 4 w0 r0 m0 f0 r0 p0
 321667081=60444027+158131181+116615279 i81658142 u286777815 u0 t5.34
2339889 2130000 73 4 w0 r0 m0 f0 r0 p0
 323191382=60732124+158889320+117157775 i82003142 u288181162 u0 t6.195
2350849 2140000 73 4 w0 r0 m0 f0 r0 p0
 324694768=61015853+159638390+117692123 i82339763 u289568729 u0 t5.888
2361818 2150000 73 4 w0 r0 m0 f0 r0 p0
 326171151=61295863+160374317+118215233 i82674011 u290928621 u0 t6.01
Shrinking rst_test.ix1.22
Key count: 3991905, Level node count: 226
New Cache More Size: 1024
dict_map out file: rst_test.ix1.22
Shrinking rst_test.ix1.16
Key count: 3473872, Level node count: 45929
Mismatch Cur count: 3473873, rec_count: 3473872
New Cache More Size: 1024
dict_map out file: rst_test.ix1.16
Shrinking rst_test.ix1.2
Key count: 2995647, Level node count: 216
New Cache More Size: 1024
dict_map out file: rst_test.ix1.2
New Cache More Size: 1024
Key count: 5003498, Level node count: 2255
Idx1+ lookups: 0 0 5003498 9245945 13237850 17077435 20807172 24447554 28017950 31508084 34981956 38453802 41848038 45186998 48505490 51745097 54890791 58017074 61099950 64196552 67353662 70535499 73653466 76725549 79721196 
Avg last exit: 0 0 5967829 5961338 5866354 5780884 5738278 5723166 5675000 5723412 5835538 5741926 5684937 5730312 5679017 5597265 5630565 5576546 5627873 5646830 5812019 5686742 5572196 5511472 5673329 
Idx1+ positiv: 0 0 1005828 1450276 1800458 2091722 2362007 2619561 2844759 3074603 3278874 3491655 3702232 3902705 4096874 4255037 4444105 4623747 4819971 4995774 5165141 5349019 5519508 5680845 5867351 
Idx1+ found  : 0 0 793773 1038165 1195071 1296274 1387232 1462152 1515443 1565541 1599040 1639990 1681577 1718160 1744820 1741623 1776755 1796879 1838983 1862326 1871783 1899975 1913562 1923378 1952456 
OL: 0 123895424 124652011 104903787 104899955 105068696 105090429 105133926 104771354 94063991 94819871 94014603 93566104 93586992 91890566 89470698 89630099 89148286 90650643 93984749 88677688 88913466 88340193 82779931 88019890 
CL: 0 123895424 109976292 104903787 101705675 99622390 97748291 96292756 94603544 94063991 93797689 92143881 90809732 90089964 87871496 85033832 84647592 83725044 84546768 87017871 87251978 85858320 84829862 82779931 83757432 
OC: 0 5003498 5036220 3991905 3992196 3989238 3988127 3987884 3968291 3473873 3518271 3479165 3463655 3477565 3422403 3347542 3352536 3327856 3369975 3469354 3245009 3253285 3225719 2995647 3223054 
CC: 0 5003498 4242447 3991905 3839586 3729738 3640383 3570397 3490134 3473873 3471846 3394237 3338961 3318493 3239607 3145694 3126283 3082877 3096603 3157111 3181838 3117967 3072083 2995647 3034831 
TotOL: 2329973352, TotCL: 2226973542, TotOC: 87602268, TotCC: 82756039
2372703 2160000 70 3 w0 r0 m0 f0 r0 p0
 327706821=61584829+161132257+118769022 i83016015 u292346041 u0 t58.794
2383611 2170000 70 3 w0 r0 m0 f0 r0 p0
 329144566=61857657+161847770+119279975 i83338410 u293672996 u0 t5.364
2394538 2180000 70 3 w0 r0 m0 f0 r0 p0
 330594834=62133525+162574001+119790006 i83663618 u295012536 u0 t5.422
2405448 2190000 70 4 w0 r0 m0 f0 r0 p0
 332177329=62432524+163367543+120347491 i84018620 u296472689 u0 t5.864
2416385 2200000 75 4 w0 r0 m0 f0 r0 p0
 333702627=62721355+164125446+120891346 i84359672 u297880691 u0 t5.679
2427291 2210000 75 4 w0 r0 m0 f0 r0 p0
 335184797=63002435+164859902+121421576 i84689958 u299249834 u0 t5.507
2438224 2220000 75 4 w0 r0 m0 f0 r0 p0
 336691739=63288111+165612753+121954248 i85027411 u300641320 u0 t5.564
2449156 2230000 75 4 w0 r0 m0 f0 r0 p0
 338227821=63580472+166376580+122500692 i85368285 u302062081 u0 t5.552
2460085 2240000 75 4 w0 r0 m0 f0 r0 p0
 339803532=63879850+167161588+123059107 i85721928 u303515531 u0 t5.636
Shrinking rst_test.ix1.23
Key count: 3997049, Level node count: 47461
New Cache More Size: 1024
dict_map out file: rst_test.ix1.23
Shrinking rst_test.ix1.17
Key count: 3438985, Level node count: 199
New Cache More Size: 1024
dict_map out file: rst_test.ix1.17
Shrinking rst_test.ix1.6
Key count: 3136364, Level node count: 10514
Mismatch Cur count: 3136365, rec_count: 3136364
New Cache More Size: 1024
dict_map out file: rst_test.ix1.6
Shrinking rst_test.ix1.1
Key count: 3018760, Level node count: 10613
Mismatch Cur count: 3018761, rec_count: 3018760
New Cache More Size: 1024
dict_map out file: rst_test.ix1.1
New Cache More Size: 1024
Key count: 5008848, Level node count: 224
Idx1+ lookups: 0 0 5008847 9222270 13219319 17059421 20788986 24433752 28005674 31517956 34956941 38386583 41818748 45177192 48481933 51769658 54981272 58101324 61204583 64266128 67342285 70478649 73641662 76740602 79795140 82774537 
Avg last exit: 0 0 5879356 5976100 5869760 5825437 5755212 5721627 5708659 5664182 5727522 5838329 5745310 5688798 5733281 5681619 5599221 5633243 5579334 5629441 5650094 5817188 5691551 5576745 5516647 5676061 
Idx1+ positiv: 0 0 1001928 1451085 1794734 2097480 2359145 2609186 2853176 3069402 3290127 3487252 3694766 3901903 4097610 4287711 4442404 4627016 4803782 4998777 5173815 5340266 5523682 5692097 5849795 6035307 
Idx1+ found  : 0 0 790075 1039171 1189968 1305091 1381245 1455692 1520266 1566592 1609771 1638721 1675782 1715796 1748927 1772813 1767265 1799779 1818210 1859428 1883072 1890607 1919002 1931107 1939628 1968526 
OL: 0 124036055 123895424 104991309 104903787 104899955 105068696 105090429 105133926 93469395 94063991 94819871 94014603 93566104 93586992 91890566 89470698 89630099 89148286 90650643 86545268 88677688 88913466 88340193 82779931 83387461 
CL: 0 124036055 109299345 104991309 101734398 99373858 97796280 96265065 95020160 93469395 93085277 92921942 91351964 90038694 89405587 87246897 84458721 84134222 83244957 84081237 86545268 86823090 85424248 84425745 82405467 83387461 
OC: 0 5008848 5003498 3997049 3991905 3992196 3989238 3988127 3987884 3438985 3473873 3518271 3479165 3463655 3477565 3422403 3347542 3352536 3327856 3369975 3136365 3245009 3253285 3225719 2995647 3018761 
CC: 0 5008848 4213423 3997049 3840102 3729566 3644767 3571923 3512283 3438985 3429643 3432165 3358445 3304742 3287726 3211614 3120052 3103259 3061546 3076158 3136365 3163014 3098940 3054538 2979397 3018761 
TotOL: 2410974836, TotCL: 2310966642, TotOC: 90505357, TotCC: 85793311
2471031 2250000 70 3 w0 r0 m0 f0 r0 p0
 341456775=64190719+167976508+123655675 i86090747 u305040581 u0 t80.123
2481891 2260000 70 3 w0 r0 m0 f0 r0 p0
 343048425=64491447+168759476+124230873 i86446301 u306508164 u0 t5.851
2492839 2270000 70 4 w0 r0 m0 f0 r0 p0
 344653071=64792499+169549608+124811600 i86802252 u307990808 u0 t6.076
2503770 2280000 70 4 w0 r0 m0 f0 r0 p0
 346293048=65101839+170361430+125399635 i87173024 u309499692 u0 t6.295
2514685 2290000 70 4 w0 r0 m0 f0 r0 p0
 347905756=65403974+171155231+125983544 i87529715 u310990728 u0 t5.912
2525687 2300000 72 4 w0 r0 m0 f0 r0 p0
 349558235=65712870+171967848+126583155 i87893155 u312519245 u0 t6.244
2536614 2310000 72 4 w0 r0 m0 f0 r0 p0
 351199085=66018950+172775928+127177757 i88258000 u314033741 u0 t5.961
2547690 2320000 72 4 w0 r0 m0 f0 r0 p0
 352903067=66337286+173615552+127794626 i88640495 u315602539 u0 t6.263
Shrinking rst_test.ix1.24
Key count: 3968669, Level node count: 2185
New Cache More Size: 1024
dict_map out file: rst_test.ix1.24
Shrinking rst_test.ix1.18
Key count: 3461572, Level node count: 46106
Mismatch Cur count: 3461573, rec_count: 3461572
New Cache More Size: 1024
dict_map out file: rst_test.ix1.18
New Cache More Size: 1024
Key count: 5016702, Level node count: 50917
Idx1+ lookups: 0 0 5016701 9236159 13204828 17049786 20779737 24424467 27998387 31512107 34973679 38368730 41759167 45155740 48479151 51752607 55012373 58196035 61293200 64375508 67415853 70472817 73590129 76734661 79816112 82853852 85817332 
Avg last exit: 0 0 5857291 5878828 5867897 5814030 5794087 5732459 5705862 5697951 5664117 5727212 5839573 5746457 5691154 5735278 5681274 5600251 5634254 5580834 5629973 5656238 5821505 5694321 5579523 5520847 5679566 
Idx1+ positiv: 0 0 1002099 1447039 1795811 2090996 2364652 2610070 2843457 3077650 3285280 3499196 3691285 3896067 4097432 4289404 4477193 4625555 4807354 4983176 5175364 5349109 5514138 5695339 5861930 6018428 6202517 
Idx1+ found  : 0 0 789389 1034829 1191262 1300119 1389926 1452091 1513894 1570976 1610526 1648976 1674313 1710815 1747081 1776886 1800765 1790152 1820730 1839410 1878621 1902124 1909088 1936491 1947905 1955545 1983526 
OL: 0 124343942 124036055 104330611 104991309 104903787 104899955 105068696 105090429 93903908 93469395 94063991 94819871 94014603 93566104 93586992 91890566 89470698 89630099 89148286 90650643 86545268 88677688 88913466 88340193 82779931 83387461 
CL: 0 124343942 109438029 104330611 101834616 99412947 97559071 96262927 94996326 93903908 92502321 92216621 92132531 90562307 89341130 88779628 86607408 83948499 83662541 82760382 83640608 86108757 86400183 85023830 84040704 82040183 83038137 
OC: 0 5016702 5008848 3968669 3997049 3991905 3992196 3989238 3988127 3461573 3438985 3473873 3518271 3479165 3463655 3477565 3422403 3347542 3352536 3327856 3369975 3136365 3245009 3253285 3225719 2995647 3018761 
CC: 0 5016702 4219459 3968669 3844958 3729951 3644731 3573921 3513721 3461573 3395051 3390438 3396573 3323412 3273457 3259767 3183662 3097165 3082308 3040346 3056965 3117313 3144533 3081451 3037740 2963480 3003761 
TotOL: 2504523947, TotCL: 2394888147, TotOC: 93960919, TotCC: 88821107
2558712 2330000 92 3 w0 r0 m0 f0 r0 p0
 354606469=66655644+174456095+128410284 i89019017 u317174937 u0 t39.243
2569709 2340000 92 3 w0 r0 m0 f0 r0 p0
 356246694=66965337+175274605+128991581 i89386712 u318688870 u0 t6.138
2580699 2350000 92 3 w0 r0 m0 f0 r0 p0
 357993903=67289498+176131911+129629278 i89778633 u320297388 u0 t6.457
2591715 2360000 92 4 w0 r0 m0 f0 r0 p0
 359695362=67606592+176969103+130247449 i90157821 u321866427 u0 t6.362
2602831 2370000 92 4 w0 r0 m0 f0 r0 p0
 361461954=67935504+177839960+130887451 i90555681 u323492103 u0 t6.607
2613986 2380000 92 4 w0 r0 m0 f0 r0 p0
 363270881=68267047+178720207+131558144 i90955628 u325160966 u0 t6.764
2624949 2390000 92 4 w0 r0 m0 f0 r0 p0
 365086882=68600974+179606205+132227973 i91368460 u326825484 u0 t6.812
2635909 2400000 92 4 w0 r0 m0 f0 r0 p0
 366923047=68938890+180504145+132903184 i91787641 u328506652 u0 t6.973
Shrinking rst_test.ix1.25
Key count: 3976500, Level node count: 228
Mismatch Cur count: 3976501, rec_count: 3976500
New Cache More Size: 1024
dict_map out file: rst_test.ix1.25
Shrinking rst_test.ix1.19
Key count: 3462715, Level node count: 178
Mismatch Cur count: 3462716, rec_count: 3462715
New Cache More Size: 1024
dict_map out file: rst_test.ix1.19
Shrinking rst_test.ix1.3
Key count: 3022002, Level node count: 25
New Cache More Size: 1024
dict_map out file: rst_test.ix1.3
New Cache More Size: 1024
Key count: 5049982, Level node count: 13049
Idx1+ lookups: 0 0 5049982 9288284 13264784 17081832 20814861 24456547 28028188 31543230 35005945 38422388 41777129 45131474 48493342 51786203 55031712 58266309 61426371 64501436 67563570 70585333 73624394 76722879 79849513 82914001 85936003 88884877 
Avg last exit: 0 0 5865226 5844379 5759098 5804249 5775205 5761291 5713451 5688460 5696126 5661113 5723462 5836904 5745150 5689800 5731829 5678235 5598875 5632538 5580209 5629318 5661314 5823512 5695254 5580340 5522318 5681894 
Idx1+ positiv: 0 0 993184 1446028 1792851 2097642 2364790 2619554 2846975 3069727 3295808 3497377 3705556 3893553 4093572 4290026 4478188 4663007 4808759 4987421 5161463 5352008 5525066 5688894 5867784 6032246 6187520 6371143 
Idx1+ found  : 0 0 778399 1032347 1186450 1303191 1388384 1463015 1510969 1564899 1616105 1650836 1685068 1709018 1741365 1775028 1802055 1824365 1812252 1840904 1857992 1896524 1920951 1926986 1953454 1963643 1970151 1998212 
OL: 0 125133319 124343942 104514685 104330611 104991309 104903787 104899955 105068696 93888075 93903908 93469395 94063991 94819871 94014603 93566104 93586992 91890566 89470698 89630099 89148286 90650643 86545268 88677688 88913466 83678184 82779931 83387461 
CL: 0 125133319 110016980 104514685 101172238 99475343 97536697 95984615 94982154 93888075 92912851 91614417 91422613 91371303 89891333 88714729 88215401 86075683 83456513 83212676 82341057 83234068 85676921 86000410 84636491 83678184 81701797 82703457 
OC: 0 5049982 5016702 3976501 3968669 3997049 3991905 3992196 3989238 3462716 3461573 3438985 3473873 3518271 3479165 3463655 3477565 3422403 3347542 3352536 3327856 3369975 3136365 3245009 3253285 3022002 2995647 3018761 
CC: 0 5049982 4238303 3976501 3817048 3733029 3641686 3571642 3515043 3462716 3416444 3354741 3354346 3361868 3292862 3245510 3234598 3160062 3075065 3062134 3021764 3039062 3098486 3126635 3064488 3022002 2948874 2989075 
TotOL: 2594271533, TotCL: 2479564010, TotOC: 97249426, TotCC: 91873966
2646913 2410000 74 3 w0 r0 m0 f0 r0 p0
 368677051=69262711+181360894+133548889 i92187209 u330113470 u0 t61.357
2657884 2420000 84 3 w0 r0 m0 f0 r0 p0
 370381235=69579366+182197027+134170321 i92568975 u331682448 u0 t6.639
2668918 2430000 84 4 w0 r0 m0 f0 r0 p0
 372076635=69893191+183024243+134793361 i92950818 u333240071 u0 t6.503
2679809 2440000 87 4 w0 r0 m0 f0 r0 p0
 373725842=70201816+183837774+135388608 i93328189 u334751712 u0 t6.314
2690746 2450000 87 4 w0 r0 m0 f0 r0 p0
 375397080=70512699+184665088+135990955 i93705280 u336288906 u0 t6.376
2701594 2460000 87 4 w0 r0 m0 f0 r0 p0
 377159233=70840992+185532339+136630173 i94101450 u337910431 u0 t6.854
2712475 2470000 87 4 w0 r0 m0 f0 r0 p0
 378870478=71159687+186381532+137244439 i94485959 u339486643 u0 t6.612
2723357 2480000 87 4 w0 r0 m0 f0 r0 p0
 380621259=71484776+187247021+137876713 i94874798 u341103186 u0 t6.667
Shrinking rst_test.ix1.26
Key count: 3997137, Level node count: 47802
Mismatch Cur count: 3997138, rec_count: 3997137
New Cache More Size: 1024
dict_map out file: rst_test.ix1.26
Shrinking rst_test.ix1.20
Key count: 3463423, Level node count: 2017
Mismatch Cur count: 3463424, rec_count: 3463423
New Cache More Size: 1024
dict_map out file: rst_test.ix1.20
Shrinking rst_test.ix1.4
Key count: 3049061, Level node count: 185
New Cache More Size: 1024
dict_map out file: rst_test.ix1.4
New Cache More Size: 1024
Key count: 5056514, Level node count: 13772
Idx1+ lookups: 0 0 5056513 9328751 13325888 17153726 20860905 24506996 28077484 31588384 35051807 38469338 41846399 45165198 48486479 51816290 55080110 58300328 61511320 64647880 67702712 70746054 73750257 76772305 79853506 82963072 86012133 89019845 91954934 
Avg last exit: 0 0 5907462 5846278 5725629 5691271 5755841 5740031 5734495 5694007 5683303 5692074 5655464 5718483 5832478 5741046 5685090 5727865 5674411 5595542 5629380 5577663 5627378 5663623 5824415 5694972 5583091 5522515 5681974 
Idx1+ positiv: 0 0 993838 1437052 1789711 2093259 2369644 2617842 2858484 3075209 3288771 3507187 3704152 3907083 4092615 4288264 4478900 4664885 4847720 4990128 5165877 5338116 5528158 5699663 5862812 6039415 6200739 6355480 6538099 
Idx1+ found  : 0 0 777744 1019564 1181009 1296319 1390129 1459582 1523756 1562588 1610083 1655487 1686778 1718132 1741075 1770406 1800319 1825660 1847867 1832485 1859696 1875552 1913537 1938235 1944054 1968881 1977933 1983936 2012097 
OL: 0 125022960 125133319 105133724 104514685 104330611 104991309 104903787 104899955 93861467 93888075 93903908 93469395 94063991 94819871 94014603 93566104 93586992 91890566 89470698 89630099 89148286 90650643 86545268 88677688 84284726 83678184 82779931 83387461 
CL: 0 125022960 110894714 105133724 101415484 98852667 97629040 96010686 94678984 93861467 92901764 92048662 90820964 90698451 90673042 89247370 88147937 87686363 85539672 83007513 82793824 81943613 82847188 85283727 85616229 84284726 83346752 81385391 82385329 
OC: 0 5056514 5049982 3997138 3976501 3968669 3997049 3991905 3992196 3463424 3462716 3461573 3438985 3473873 3518271 3479165 3463655 3477565 3422403 3347542 3352536 3327856 3369975 3136365 3245009 3049061 3022002 2995647 3018761 
CC: 0 5056514 4272238 3997138 3827839 3707179 3646091 3570488 3510901 3463424 3417532 3377062 3318799 3321282 3329811 3263821 3220219 3210993 3136560 3054832 3043342 3004204 3022049 3081202 3109567 3049061 3007712 2935089 2975190 
TotOL: 2684248306, TotCL: 2564158243, TotOC: 100556338, TotCC: 94930139
2734166 2490000 59 3 w0 r0 m0 f0 r0 p0
 382366369=71812903+188125826+138494854 i95281463 u342690465 u0 t61.641
2745023 2500000 67 3 w0 r0 m0 f0 r0 p0
 384128594=72139320+188994410+139134599 i95670696 u344319218 u0 t6.756
2755880 2510000 67 4 w0 r0 m0 f0 r0 p0
 385871344=72463106+189855265+139764508 i96060878 u345925003 u0 t6.722
Total lines processed: 2516153
Idx0 stats: 
Block Count:251, 25061
Avg Key# in Block:100 = 2517712 (Total Key#) / 25061 (Leaf#)
Avg Max# (Node, Leaf): 157, 149, Max key len: 78
Idx1 stats: 
BloomFilter
        bits: 31528499
        estimated elements: 5056514
        number hashes: 4
        max false positive rate: 0.050000
        bloom length (8 bits): 3941063
        elements added: 5056514
        estimated elements added: 5056357
        current false positive rate: 0.050269
        export size (bytes): 3941083
        number bits set: 14928625
        is on disk: no
Idx2 stats: 
BloomFilter
        bits: 31487770
        estimated elements: 5049982
        number hashes: 4
        max false positive rate: 0.050000
        bloom length (8 bits): 3935972
        elements added: 5049982
        estimated elements added: 5051076
        current false positive rate: 0.050269
        export size (bytes): 3935992
        number bits set: 14911974
        is on disk: no
Idx3 stats: 
BloomFilter
        bits: 24923052
        estimated elements: 3997138
        number hashes: 4
        max false positive rate: 0.050000
        bloom length (8 bits): 3115382
        elements added: 3997137
        estimated elements added: 3997143
        current false positive rate: 0.050269
        export size (bytes): 3115402
        number bits set: 11801243
        is on disk: no
Idx4 stats: 
BloomFilter
        bits: 24794376
        estimated elements: 3976501
        number hashes: 4
        max false positive rate: 0.050000
        bloom length (8 bits): 3099297
        elements added: 3976500
        estimated elements added: 3975739
        current false positive rate: 0.050269
        export size (bytes): 3099317
        number bits set: 11738698
        is on disk: no
Idx5 stats: 
BloomFilter
        bits: 24745541
        estimated elements: 3968669
        number hashes: 4
        max false positive rate: 0.050000
        bloom length (8 bits): 3093193
        elements added: 3968669
        estimated elements added: 3968143
        current false positive rate: 0.050269
        export size (bytes): 3093213
        number bits set: 11716073
        is on disk: no
Idx6 stats: 
BloomFilter
        bits: 24922497
        estimated elements: 3997049
        number hashes: 4
        max false positive rate: 0.050000
        bloom length (8 bits): 3115313
        elements added: 3997049
        estimated elements added: 3997398
        current false positive rate: 0.050269
        export size (bytes): 3115333
        number bits set: 11801704
        is on disk: no
Idx7 stats: 
BloomFilter
        bits: 24890423
        estimated elements: 3991905
        number hashes: 4
        max false positive rate: 0.050000
        bloom length (8 bits): 3111303
        elements added: 3991905
        estimated elements added: 3991402
        current false positive rate: 0.050269
        export size (bytes): 3111323
        number bits set: 11784722
        is on disk: no
Idx8 stats: 
BloomFilter
        bits: 24892238
        estimated elements: 3992196
        number hashes: 4
        max false positive rate: 0.050000
        bloom length (8 bits): 3111530
        elements added: 3992195
        estimated elements added: 3991017
        current false positive rate: 0.050269
        export size (bytes): 3111550
        number bits set: 11784158
        is on disk: no
Idx9 stats: 
BloomFilter
        bits: 21595226
        estimated elements: 3463424
        number hashes: 4
        max false positive rate: 0.050000
        bloom length (8 bits): 2699404
        elements added: 3463423
        estimated elements added: 3463911
        current false positive rate: 0.050269
        export size (bytes): 2699424
        number bits set: 10226510
        is on disk: no
Idx10 stats: 
BloomFilter
        bits: 21590811
        estimated elements: 3462716
        number hashes: 4
        max false positive rate: 0.050000
        bloom length (8 bits): 2698852
        elements added: 3462715
        estimated elements added: 3462265
        current false positive rate: 0.050269
        export size (bytes): 2698872
        number bits set: 10222445
        is on disk: no
Idx11 stats: 
BloomFilter
        bits: 21583684
        estimated elements: 3461573
        number hashes: 4
        max false positive rate: 0.050000
        bloom length (8 bits): 2697961
        elements added: 3461572
        estimated elements added: 3461806
        current false positive rate: 0.050269
        export size (bytes): 2697981
        number bits set: 10220510
        is on disk: no
Idx12 stats: 
BloomFilter
        bits: 21442843
        estimated elements: 3438985
        number hashes: 4
        max false positive rate: 0.050000
        bloom length (8 bits): 2680356
        elements added: 3438985
        estimated elements added: 3438403
        current false positive rate: 0.050269
        export size (bytes): 2680376
        number bits set: 10152104
        is on disk: no
Idx13 stats: 
BloomFilter
        bits: 21660377
        estimated elements: 3473873
        number hashes: 4
        max false positive rate: 0.050000
        bloom length (8 bits): 2707548
        elements added: 3473872
        estimated elements added: 3474873
        current false positive rate: 0.050269
        export size (bytes): 2707568
        number bits set: 10258440
        is on disk: no
Idx14 stats: 
BloomFilter
        bits: 21937209
        estimated elements: 3518271
        number hashes: 4
        max false positive rate: 0.050000
        bloom length (8 bits): 2742152
        elements added: 3518271
        estimated elements added: 3518799
        current false positive rate: 0.050269
        export size (bytes): 2742172
        number bits set: 10388527
        is on disk: no
Idx15 stats: 
BloomFilter
        bits: 21693374
        estimated elements: 3479165
        number hashes: 4
        max false positive rate: 0.050000
        bloom length (8 bits): 2711672
        elements added: 3479164
        estimated elements added: 3479310
        current false positive rate: 0.050269
        export size (bytes): 2711692
        number bits set: 10272263
        is on disk: no
Idx16 stats: 
BloomFilter
        bits: 21596666
        estimated elements: 3463655
        number hashes: 4
        max false positive rate: 0.050000
        bloom length (8 bits): 2699584
        elements added: 3463654
        estimated elements added: 3462948
        current false positive rate: 0.050269
        export size (bytes): 2699604
        number bits set: 10224677
        is on disk: no
Idx17 stats: 
BloomFilter
        bits: 21683398
        estimated elements: 3477565
        number hashes: 4
        max false positive rate: 0.050000
        bloom length (8 bits): 2710425
        elements added: 3477564
        estimated elements added: 3477000
        current false positive rate: 0.050269
        export size (bytes): 2710445
        number bits set: 10266045
        is on disk: no
Idx18 stats: 
BloomFilter
        bits: 21339451
        estimated elements: 3422403
        number hashes: 4
        max false positive rate: 0.050000
        bloom length (8 bits): 2667432
        elements added: 3422403
        estimated elements added: 3421623
        current false positive rate: 0.050269
        export size (bytes): 2667452
        number bits set: 10102731
        is on disk: no
Idx19 stats: 
BloomFilter
        bits: 20872675
        estimated elements: 3347542
        number hashes: 4
        max false positive rate: 0.050000
        bloom length (8 bits): 2609085
        elements added: 3347542
        estimated elements added: 3348122
        current false positive rate: 0.050269
        export size (bytes): 2609105
        number bits set: 9884574
        is on disk: no
Idx20 stats: 
BloomFilter
        bits: 20903814
        estimated elements: 3352536
        number hashes: 4
        max false positive rate: 0.050000
        bloom length (8 bits): 2612977
        elements added: 3352536
        estimated elements added: 3351895
        current false positive rate: 0.050269
        export size (bytes): 2612997
        number bits set: 9896746
        is on disk: no
Idx21 stats: 
BloomFilter
        bits: 20749929
        estimated elements: 3327856
        number hashes: 4
        max false positive rate: 0.050000
        bloom length (8 bits): 2593742
        elements added: 3327855
        estimated elements added: 3327617
        current false positive rate: 0.050269
        export size (bytes): 2593762
        number bits set: 9824728
        is on disk: no
Idx22 stats: 
BloomFilter
        bits: 21012550
        estimated elements: 3369975
        number hashes: 4
        max false positive rate: 0.050000
        bloom length (8 bits): 2626569
        elements added: 3369974
        estimated elements added: 3369931
        current false positive rate: 0.050269
        export size (bytes): 2626589
        number bits set: 9949490
        is on disk: no
Idx23 stats: 
BloomFilter
        bits: 19555939
        estimated elements: 3136365
        number hashes: 4
        max false positive rate: 0.050000
        bloom length (8 bits): 2444493
        elements added: 3136364
        estimated elements added: 3135423
        current false positive rate: 0.050269
        export size (bytes): 2444513
        number bits set: 9257885
        is on disk: no
Idx24 stats: 
BloomFilter
        bits: 20233359
        estimated elements: 3245009
        number hashes: 4
        max false positive rate: 0.050000
        bloom length (8 bits): 2529170
        elements added: 3245008
        estimated elements added: 3244741
        current false positive rate: 0.050269
        export size (bytes): 2529190
        number bits set: 9580067
        is on disk: no
Idx25 stats: 
BloomFilter
        bits: 19011579
        estimated elements: 3049061
        number hashes: 4
        max false positive rate: 0.050000
        bloom length (8 bits): 2376448
        elements added: 3049061
        estimated elements added: 3049109
        current false positive rate: 0.050269
        export size (bytes): 2376468
        number bits set: 9002212
        is on disk: no
Idx26 stats: 
BloomFilter
        bits: 18842860
        estimated elements: 3022002
        number hashes: 4
        max false positive rate: 0.050000
        bloom length (8 bits): 2355358
        elements added: 3022002
        estimated elements added: 3021234
        current false positive rate: 0.050269
        export size (bytes): 2355378
        number bits set: 8920604
        is on disk: no
Idx27 stats: 
BloomFilter
        bits: 18678531
        estimated elements: 2995647
        number hashes: 4
        max false positive rate: 0.050000
        bloom length (8 bits): 2334817
        elements added: 2995647
        estimated elements added: 2996052
        current false positive rate: 0.050269
        export size (bytes): 2334837
        number bits set: 8845264
        is on disk: no
Idx28 stats: 
BloomFilter
        bits: 18822652
        estimated elements: 3018761
        number hashes: 4
        max false positive rate: 0.050000
        bloom length (8 bits): 2352832
        elements added: 3018760
        estimated elements added: 3018717
        current false positive rate: 0.050269
        export size (bytes): 2352852
        number bits set: 8912560
        is on disk: no
Level Count:4
2692432 4
1456141 4
Max word len: 124
Total words generated: 386982538
Words inserted 96308982
Words updated: 346948897
Shrinking rst_test.ix1.27
Key count: 4143037, Level node count: 12701
New Cache More Size: 1024
dict_map out file: rst_test.ix1.27
Shrinking rst_test.ix1.26
