Csz: 16, pgsz: 4096
Stg buf: 262144kb, Idx1 buf: 262144kb, Idx1+ buf: 1024kb
Idx1 entry count limit: 25 million
10988 10000 63 3 w0 r0 m0 f0 r0 p0
 1501663=280564+736534+546799 i732629 u987122 u0 t2.801
22023 20000 63 3 w0 r0 m0 f0 r0 p0
 2969833=556529+1459387+1077009 i1316180 u2085487 u0 t2.943
33024 30000 63 4 w0 r0 m0 f0 r0 p0
 4455111=837101+2191661+1611754 i1877017 u3226548 u0 t3.015
44043 40000 91 4 w0 r0 m0 f0 r0 p0
 6020851=1126445+2951279+2192551 i2436084 u4457833 u0 t3.235
55121 50000 91 4 w0 r0 m0 f0 r0 p0
 7456147=1398962+3658349+2709577 i2939468 u5599484 u0 t3.051
66115 60000 91 4 w0 r0 m0 f0 r0 p0
 8880851=1666179+4350823+3234648 i3419104 u6749918 u0 t3.031
77117 70000 91 4 w0 r0 m0 f0 r0 p0
 10321935=1938435+5065049+3750268 i3906266 u7914960 u0 t3.117
88102 80000 91 4 w0 r0 m0 f0 r0 p0
 11700254=2200704+5742595+4246944 i4363213 u9037806 u0 t3.022
99095 90000 91 4 w0 r0 m0 f0 r0 p0
 13136962=2468232+6447219+4770729 i4834869 u10211527 u0 t3.141
New Cache More Size: 1024
Key count: 4987287, Level node count: 12309
Idx1+ lookups: 0 0 
Avg last exit: 0 0 
Idx1+ positiv: 0 0 
Idx1+ found  : 0 0 
OL: 0 123219754 
CL: 0 123219754 
OC: 0 4987287 
CC: 0 4987287 
TotOL: 123219754, TotCL: 123219754, TotOC: 4987287, TotCC: 4987287
110113 100000 61 3 w0 r0 m0 f0 r0 p0
 14567887=2739132+7154639+5283726 i5290840 u11395752 u0 t12.86
121109 110000 61 3 w0 r0 m0 f0 r0 p0
 15979341=3006343+7853621+5788507 i5744072 u12560404 u0 t3.385
132028 120000 67 3 w0 r0 m0 f0 r0 p0
 17529576=3286631+8592403+6381321 i6202530 u13870471 u0 t3.623
142990 130000 67 4 w0 r0 m0 f0 r0 p0
 18983246=3562515+9313266+6900099 i6652150 u15087377 u0 t3.531
153925 140000 67 4 w0 r0 m0 f0 r0 p0
 20471021=3841520+10053635+7429782 i7107103 u16337894 u0 t3.653
164855 150000 67 4 w0 r0 m0 f0 r0 p0
 21979188=4125986+10799401+7971072 i7567835 u17605454 u0 t3.679
175812 160000 70 4 w0 r0 m0 f0 r0 p0
 23581702=4417062+11563939+8582289 i8035915 u18965547 u0 t3.844
186797 170000 70 4 w0 r0 m0 f0 r0 p0
 25057302=4694184+12294315+9112151 i8483630 u20209360 u0 t3.657
197847 180000 70 4 w0 r0 m0 f0 r0 p0
 26591014=4977448+13039031+9681211 i8936396 u21510058 u0 t3.761
New Cache More Size: 1024
Key count: 4919025, Level node count: 12278
Idx1+ lookups: 0 0 4919025 
Avg last exit: 0 0 5907711 
Idx1+ positiv: 0 0 1201265 
Idx1+ found  : 0 0 785053 
OL: 0 121753554 123219754 
CL: 0 121753554 108733362 
OC: 0 4919025 4987287 
CC: 0 4919025 4202234 
TotOL: 244973308, TotCL: 230486916, TotOC: 9906312, TotCC: 9121259
208776 190000 57 3 w0 r0 m0 f0 r0 p0
 28103392=5261528+13786971+10225271 i9389016 u22790724 u0 t12.617
219728 200000 60 3 w0 r0 m0 f0 r0 p0
 29608450=5546129+14533215+10762856 i9830477 u24075187 u0 t3.841
230584 210000 91 3 w0 r0 m0 f0 r0 p0
 31172079=5839074+15306099+11325356 i10287305 u25409728 u0 t3.933
241548 220000 91 4 w0 r0 m0 f0 r0 p0
 32679763=6122575+16050615+11868600 i10728860 u26695809 u0 t3.822
252514 230000 91 4 w0 r0 m0 f0 r0 p0
 34277699=6416178+16828359+12459598 i11188994 u28062718 u0 t4.009
263483 240000 91 4 w0 r0 m0 f0 r0 p0
 35775557=6699007+17569616+12996180 i11625823 u29342837 u0 t3.826
274496 250000 91 4 w0 r0 m0 f0 r0 p0
 37306382=6986514+18328557+13544391 i12066772 u30656219 u0 t3.932
285461 260000 91 4 w0 r0 m0 f0 r0 p0
 38798460=7268992+19071624+14074163 i12494982 u31939300 u0 t3.865
296415 270000 91 4 w0 r0 m0 f0 r0 p0
 40286808=7549046+19806127+14610350 i12922085 u33217611 u0 t3.836
New Cache More Size: 1024
Key count: 4985645, Level node count: 208
Idx1+ lookups: 0 0 4985645 9111116 
Avg last exit: 0 0 5789905 5920009 
Idx1+ positiv: 0 0 1214843 1844115 
Idx1+ found  : 0 0 793554 1030483 
OL: 0 123560440 121753554 123219754 
CL: 0 123560440 107036452 103754069 
OC: 0 4985645 4919025 4987287 
CC: 0 4985645 4125471 3956804 
TotOL: 368533748, TotCL: 334350961, TotOC: 14891957, TotCC: 13067920
307437 280000 56 3 w0 r0 m0 f0 r0 p0
 41792998=7832777+20553957+15148521 i13350292 u34516184 u0 t12.808
318462 290000 67 3 w0 r0 m0 f0 r0 p0
 43396945=8135807+21348388+15722664 i13806455 u35898383 u0 t4.254
329483 300000 67 3 w0 r0 m0 f0 r0 p0
 45023838=8442695+22162598+16297392 i14273166 u37298170 u0 t4.306
340525 310000 87 4 w0 r0 m0 f0 r0 p0
 46611522=8738490+22941883+16875435 i14719085 u38669830 u0 t4.193
351480 320000 115 4 w0 r0 m0 f0 r0 p0
 48197495=9039364+23732513+17435864 i15165470 u40042326 u0 t4.211
362496 330000 115 4 w0 r0 m0 f0 r0 p0
 49733153=9330690+24494894+17981449 i15594735 u41373894 u0 t4.113
373551 340000 115 4 w0 r0 m0 f0 r0 p0
 51290525=9626489+25266085+18538210 i16032087 u42722206 u0 t4.209
384689 350000 115 4 w0 r0 m0 f0 r0 p0
 52864093=9922506+26034770+19112787 i16473288 u44082729 u0 t4.231
New Cache More Size: 1024
Key count: 5017942, Level node count: 223
Idx1+ lookups: 0 0 5017942 9214368 13097754 
Avg last exit: 0 0 5793149 5765538 5906932 
Idx1+ positiv: 0 0 1214880 1859973 2385634 
Idx1+ found  : 0 0 789219 1035639 1185012 
OL: 0 124112791 123560440 121753554 123219754 
CL: 0 124112791 109004214 102122310 100539326 
OC: 0 5017942 4985645 4919025 4987287 
CC: 0 5017942 4196426 3883386 3802275 
TotOL: 492646539, TotCL: 435778641, TotOC: 19909899, TotCC: 16900029
395874 360000 81 3 w0 r0 m0 f0 r0 p0
 54482814=10222227+26820615+19712099 i16929367 u45477765 u0 t13.277
406862 370000 82 3 w0 r0 m0 f0 r0 p0
 56129529=10531411+27615260+20322783 i17391147 u46898946 u0 t4.529
417894 380000 82 3 w0 r0 m0 f0 r0 p0
 57712939=10827913+28389797+20900694 i17836066 u48266696 u0 t4.362
428912 390000 82 4 w0 r0 m0 f0 r0 p0
 59270425=11119317+29151504+21469881 i18270779 u49614812 u0 t4.322
439874 400000 93 4 w0 r0 m0 f0 r0 p0
 60804875=11404852+29899292+22034731 i18692192 u50948956 u0 t4.271
450859 410000 93 4 w0 r0 m0 f0 r0 p0
 62351122=11693776+30659561+22596197 i19124555 u52287500 u0 t4.347
461847 420000 93 4 w0 r0 m0 f0 r0 p0
 63850824=11975377+31395903+23140104 i19539607 u53589985 u0 t4.243
472807 430000 93 4 w0 r0 m0 f0 r0 p0
 65444263=12275975+32177959+23717696 i19976861 u54977586 u0 t4.49
483790 440000 93 4 w0 r0 m0 f0 r0 p0
 67052753=12576164+32971980+24298942 i20419610 u56377655 u0 t4.538
Shrinking rst_test.ix1.1
Key count: 3693092, Level node count: 11529
Mismatch Cur count: 3693093, rec_count: 3693092
New Cache More Size: 1024
dict_map out file: rst_test.ix1.1
New Cache More Size: 1024
Key count: 5053621, Level node count: 2629
Idx1+ lookups: 0 0 5053620 9291035 13245741 16978295 
Avg last exit: 0 0 5836594 5769055 5736212 5882969 
Idx1+ positiv: 0 0 1210162 1862535 2402152 2875364 
Idx1+ found  : 0 0 780527 1030939 1186471 1294194 
OL: 0 124758731 124112791 123560440 121753554 98241698 
CL: 0 124758731 109778314 104096326 98970971 98241698 
OC: 0 5053621 5017942 4985645 4919025 3693093 
CC: 0 5053621 4237415 3954706 3732554 3693093 
TotOL: 592427214, TotCL: 535846040, TotOC: 23669326, TotCC: 20671389
494708 450000 63 3 w0 r0 m0 f0 r0 p0
 68705880=12884577+33787893+24895987 i20868524 u57822283 u0 t28.032
505590 460000 73 3 w0 r0 m0 f0 r0 p0
 70357917=13192981+34603737+25491973 i21317713 u59266073 u0 t4.84
516566 470000 73 3 w0 r0 m0 f0 r0 p0
 71996869=13498910+35407294+26089306 i21757299 u60702214 u0 t4.786
527520 480000 73 4 w0 r0 m0 f0 r0 p0
 73651210=13807158+36223256+26687956 i22205092 u62148935 u0 t4.889
538466 490000 77 4 w0 r0 m0 f0 r0 p0
 75328397=14119122+37045202+27301246 i22656912 u63616659 u0 t4.951
549399 500000 103 4 w0 r0 m0 f0 r0 p0
 77031657=14444781+37880830+27920554 i23113249 u65110632 u0 t5.026
560288 510000 103 4 w0 r0 m0 f0 r0 p0
 78691897=14755244+38702032+28518770 i23554355 u66571634 u0 t4.947
571192 520000 103 4 w0 r0 m0 f0 r0 p0
 80360592=15064921+39523583+29124866 i24001344 u68035123 u0 t4.962
Shrinking rst_test.ix1.2
Key count: 3624734, Level node count: 11456
New Cache More Size: 1024
dict_map out file: rst_test.ix1.2
New Cache More Size: 1024
Key count: 5019437, Level node count: 11884
Idx1+ lookups: 0 0 5019436 9290620 13281969 17084928 20709662 
Avg last exit: 0 0 6039562 5889182 5788527 5742997 5852690 
Idx1+ positiv: 0 0 1209481 1857949 2401073 2886408 3328608 
Idx1+ found  : 0 0 782436 1026593 1182686 1294291 1379620 
OL: 0 124474562 124758731 124112791 123560440 96680076 98241698 
CL: 0 124474562 110368464 104779076 100927064 96680076 96416726 
OC: 0 5019437 5053621 5017942 4985645 3624734 3693093 
CC: 0 5019437 4271185 3991349 3802959 3624734 3607667 
TotOL: 691828298, TotCL: 633645968, TotOC: 27394472, TotCC: 24317331
582148 530000 56 3 w0 r0 m0 f0 r0 p0
 82044094=15379373+40351252+29736631 i24447914 u69516489 u0 t28.604
593039 540000 63 3 w0 r0 m0 f0 r0 p0
 83778969=15700366+41200465+30372728 i24899734 u71049741 u0 t5.301
604123 550000 63 3 w0 r0 m0 f0 r0 p0
 85301577=15986949+41941190+30932366 i25296658 u72395314 u0 t4.638
615220 560000 69 4 w0 r0 m0 f0 r0 p0
 86603175=16234528+42588345+31398769 i25645743 u73539247 u0 t4.006
626410 570000 69 4 w0 r0 m0 f0 r0 p0
 87874733=16473215+43206126+31867990 i25977087 u74662757 u0 t3.913
637646 580000 69 4 w0 r0 m0 f0 r0 p0
 89107118=16707388+43808787+32316445 i26295790 u75755889 u0 t3.82
648847 590000 70 4 w0 r0 m0 f0 r0 p0
 90412613=16951660+44441753+32801313 i26620959 u76923633 u0 t3.933
660023 600000 70 4 w0 r0 m0 f0 r0 p0
 91570950=17172097+45004553+33225573 i26915253 u77955938 u0 t3.604
671169 610000 70 4 w0 r0 m0 f0 r0 p0
 92720559=17392089+45568160+33643035 i27208751 u78980110 u0 t3.578
682330 620000 104 4 w0 r0 m0 f0 r0 p0
 93872563=17614200+46130772+34061676 i27501429 u80007396 u0 t3.593
693457 630000 104 4 w0 r0 m0 f0 r0 p0
 95117609=17848307+46742027+34515831 i27814270 u81119688 u0 t3.813
Shrinking rst_test.ix1.3
Key count: 3696724, Level node count: 25
New Cache More Size: 1024
dict_map out file: rst_test.ix1.3
New Cache More Size: 1024
Key count: 4935586, Level node count: 238
Idx1+ lookups: 0 0 4935585 9177363 13210709 17053678 20750402 24294593 
Avg last exit: 0 0 5798925 5989731 5870436 5768962 5694891 5817519 
Idx1+ positiv: 0 0 1197444 1841993 2386080 2877244 3328247 3750129 
Idx1+ found  : 0 0 777658 1020274 1174973 1288921 1374834 1446877 
OL: 0 121406005 124474562 124758731 124112791 98667530 96680076 98241698 
CL: 0 121406005 110120323 105577302 101697363 98667530 94957615 94965836 
OC: 0 4935586 5019437 5053621 5017942 3696724 3624734 3693093 
CC: 0 4935586 4241779 4033347 3842969 3696724 3544191 3540410 
TotOL: 788341393, TotCL: 727391974, TotOC: 31041137, TotCC: 27835006
704731 640000 82 3 w0 r0 m0 f0 r0 p0
 96356521=18079814+47339736+34977384 i28121166 u82229506 u0 t31.655
715916 650000 82 3 w0 r0 m0 f0 r0 p0
 97508742=18300176+47903789+35395975 i28406351 u83265050 u0 t3.804
727122 660000 82 3 w0 r0 m0 f0 r0 p0
 98740979=18534472+48502649+35847850 i28710581 u84371797 u0 t3.933
738273 670000 82 4 w0 r0 m0 f0 r0 p0
 99944384=18763831+49088470+36288017 i29009102 u85452209 u0 t3.848
749495 680000 82 4 w0 r0 m0 f0 r0 p0
 101110633=18988146+49655129+36713799 i29295687 u86502085 u0 t3.736
760693 690000 92 4 w0 r0 m0 f0 r0 p0
 102322772=19218634+50241042+37161215 i29597606 u87587705 u0 t3.899
771972 700000 92 4 w0 r0 m0 f0 r0 p0
 103533405=19447840+50827756+37607308 i29897320 u88674141 u0 t3.889
783287 710000 92 4 w0 r0 m0 f0 r0 p0
 104707169=19672297+51400620+38034532 i30187981 u89728387 u0 t3.79
794503 720000 92 4 w0 r0 m0 f0 r0 p0
 105884077=19899080+51986529+38454138 i30484393 u90782935 u0 t3.783
805629 730000 92 4 w0 r0 m0 f0 r0 p0
 107102606=20129008+52567936+38912857 i30784785 u91875300 u0 t3.883
816809 740000 92 4 w0 r0 m0 f0 r0 p0
 108260442=20346670+53116721+39353020 i31063829 u92918091 u0 t3.683
New Cache More Size: 1024
Key count: 4879756, Level node count: 260
Idx1+ lookups: 0 0 4879755 9016119 13018076 16907685 20641755 24257847 27735137 
Avg last exit: 0 0 5822428 5800311 5971750 5859662 5727819 5659996 5791773 
Idx1+ positiv: 0 0 1210227 1824788 2359080 2855568 3309969 3741742 4146849 
Idx1+ found  : 0 0 799221 1017479 1164011 1283872 1369553 1441735 1502523 
OL: 0 119626510 121406005 124474562 124758731 124112791 98667530 96680076 98241698 
CL: 0 119626510 106665161 105273962 102621210 99392717 96946536 93516636 93764790 
OC: 0 4879756 4935586 5019437 5053621 5017942 3696724 3624734 3693093 
CC: 0 4879756 4136365 4001958 3889610 3734070 3616092 3477290 3484764 
TotOL: 907967903, TotCL: 817807522, TotOC: 35920893, TotCC: 31219905
827890 750000 70 3 w0 r0 m0 f0 r0 p0
 109450263=20570289+53679196+39809019 i31352981 u93987172 u0 t19.193
839058 760000 89 3 w0 r0 m0 f0 r0 p0
 110562747=20782639+54214127+40221777 i31620192 u94993205 u0 t3.77
850231 770000 89 3 w0 r0 m0 f0 r0 p0
 111752686=21007204+54789950+40662024 i31911832 u96063102 u0 t3.905
861324 780000 89 3 w0 r0 m0 f0 r0 p0
 112864986=21220423+55328425+41070963 i32186742 u97061835 u0 t3.669
872344 790000 89 4 w0 r0 m0 f0 r0 p0
 114010109=21439524+55879572+41494848 i32459515 u98100041 u0 t3.762
883522 800000 89 4 w0 r0 m0 f0 r0 p0
 115161048=21660061+56435512+41919053 i32734766 u99142592 u0 t3.802
894714 810000 89 4 w0 r0 m0 f0 r0 p0
 116268533=21873210+56964926+42332738 i33003900 u100140572 u0 t3.679
905844 820000 89 4 w0 r0 m0 f0 r0 p0
 117391478=22087870+57507981+42746335 i33271939 u101158006 u0 t3.72
916882 830000 89 4 w0 r0 m0 f0 r0 p0
 118666012=22330007+58123971+43219027 i33587547 u102300671 u0 t4.182
927964 840000 89 4 w0 r0 m0 f0 r0 p0
 119859814=22558740+58706062+43653178 i33882590 u103373769 u0 t3.985
939033 850000 89 4 w0 r0 m0 f0 r0 p0
 121120097=22797057+59316939+44117540 i34192756 u104506318 u0 t4.202
950128 860000 89 4 w0 r0 m0 f0 r0 p0
 122354161=23032142+59920770+44564945 i34498917 u105614132 u0 t4.14
Shrinking rst_test.ix1.4
Key count: 3650988, Level node count: 200
New Cache More Size: 1024
dict_map out file: rst_test.ix1.4
New Cache More Size: 1024
Key count: 4903038, Level node count: 222
Idx1+ lookups: 0 0 4903038 8983594 12874970 16727581 20510423 24161411 27710588 31131359 
Avg last exit: 0 0 5733278 5810417 5794408 5955356 5847736 5695393 5633381 5770815 
Idx1+ positiv: 0 0 1211368 1843003 2348589 2828046 3293130 3724942 4139780 4532595 
Idx1+ found  : 0 0 799199 1044209 1166825 1270778 1366954 1436468 1498254 1550746 
OL: 0 120034410 119626510 121406005 124474562 124758731 97634759 98667530 96680076 98241698 
CL: 0 120034410 104871204 101714233 102177754 100393397 97634759 95505854 92295013 92724962 
OC: 0 4903038 4879756 4935586 5019437 5053621 3650988 3696724 3624734 3693093 
CC: 0 4903038 4080557 3891377 3852612 3782843 3650988 3549177 3420771 3436541 
TotOL: 1001524281, TotCL: 907351586, TotOC: 39456977, TotCC: 34567904
961260 870000 70 3 w0 r0 m0 f0 r0 p0
 123573714=23265156+60513662+45010532 i34798097 u106711505 u0 t36.803
972424 880000 70 3 w0 r0 m0 f0 r0 p0
 124788336=23496396+61098156+45461081 i35096160 u107803055 u0 t4.162
983571 890000 70 3 w0 r0 m0 f0 r0 p0
 125999548=23725782+61687928+45904551 i35396104 u108889760 u0 t4.152
994789 900000 70 3 w0 r0 m0 f0 r0 p0
 127172823=23948729+62252858+46339682 i35679752 u109948751 u0 t3.983
1005944 910000 70 4 w0 r0 m0 f0 r0 p0
 128418184=24183935+62848114+46805458 i35967836 u111084340 u0 t4.15
1017100 920000 70 4 w0 r0 m0 f0 r0 p0
 129545948=24400080+63392506+47221135 i36239862 u112103726 u0 t3.882
1028294 930000 70 4 w0 r0 m0 f0 r0 p0
 130643767=24609789+63922720+47625923 i36504981 u113095397 u0 t3.782
1039422 940000 81 4 w0 r0 m0 f0 r0 p0
 131802756=24830099+64485884+48050761 i36784916 u114142665 u0 t3.995
1050473 950000 81 4 w0 r0 m0 f0 r0 p0
 132969366=25052197+65053534+48476717 i37064028 u115199603 u0 t4.025
1061568 960000 81 4 w0 r0 m0 f0 r0 p0
 134157706=25282050+65633678+48906915 i37340582 u116285860 u0 t4.065
1072599 970000 81 4 w0 r0 m0 f0 r0 p0
 135407467=25517546+66234964+49372288 i37632577 u117423128 u0 t4.234
Shrinking rst_test.ix1.5
Key count: 3699692, Level node count: 2544
Mismatch Cur count: 3699693, rec_count: 3699692
New Cache More Size: 1024
dict_map out file: rst_test.ix1.5
New Cache More Size: 1024
Key count: 4887317, Level node count: 210
Idx1+ lookups: 0 0 4887317 8993072 12831746 16572789 20316876 24016568 27599837 31092131 34465366 
Avg last exit: 0 0 5784449 5739840 5807076 5791658 5947289 5817167 5672095 5612315 5754302 
Idx1+ positiv: 0 0 1209216 1839768 2365549 2819389 3264496 3708148 4122334 4522760 4908979 
Idx1+ found  : 0 0 797283 1041081 1194542 1275349 1353928 1434673 1493351 1545790 1595832 
OL: 0 119621320 120034410 119626510 121406005 124474562 98634671 97634759 98667530 96680076 98241698 
CL: 0 119621320 105307897 99991542 98597592 99904677 98634671 96184866 94273899 91256907 91750258 
OC: 0 4887317 4903038 4879756 4935586 5019437 3699693 3650988 3696724 3624734 3693093 
CC: 0 4887317 4105755 3838675 3741044 3744088 3699693 3583269 3492294 3373235 3391455 
TotOL: 1095021541, TotCL: 995523629, TotOC: 42990366, TotCC: 37856825
1083733 980000 56 3 w0 r0 m0 f0 r0 p0
 136514372=25732860+66779076+49768190 i37896973 u118428714 u0 t33.913
1094785 990000 89 3 w0 r0 m0 f0 r0 p0
 137634416=25949068+67323878+50175892 i38165855 u119443515 u0 t5.977
1105876 1000000 89 3 w0 r0 m0 f0 r0 p0
 138781015=26169464+67886377+50589434 i38439704 u120484696 u0 t4.306
1117034 1010000 89 3 w0 r0 m0 f0 r0 p0
 139902328=26386172+68433488+50996382 i38709598 u121499844 u0 t4.046
1128112 1020000 89 4 w0 r0 m0 f0 r0 p0
 141036705=26605393+68991950+51402445 i38983317 u122527642 u0 t4.086
1139060 1030000 89 4 w0 r0 m0 f0 r0 p0
 142284153=26846201+69605267+51850081 i39289013 u123652627 u0 t4.508
1150007 1040000 89 4 w0 r0 m0 f0 r0 p0
 143675917=27111664+70284235+52356962 i39628114 u124907311 u0 t4.966
1160894 1050000 89 4 w0 r0 m0 f0 r0 p0
 145112849=27383007+70990985+52876373 i39982857 u126199024 u0 t5.133
1171814 1060000 89 4 w0 r0 m0 f0 r0 p0
 146493466=27645470+71670517+53373699 i40324150 u127439984 u0 t4.979
1182789 1070000 89 4 w0 r0 m0 f0 r0 p0
 147885946=27910737+72358778+53871861 i40668143 u128692797 u0 t5.026
1193726 1080000 89 4 w0 r0 m0 f0 r0 p0
 149248573=28170852+73028966+54362303 i41002305 u129920489 u0 t4.89
Shrinking rst_test.ix1.7
Key count: 3632075, Level node count: 232
Mismatch Cur count: 3632076, rec_count: 3632075
New Cache More Size: 1024
dict_map out file: rst_test.ix1.7
Shrinking rst_test.ix1.6
Key count: 3656000, Level node count: 11169
Mismatch Cur count: 3656001, rec_count: 3656000
New Cache More Size: 1024
dict_map out file: rst_test.ix1.6
New Cache More Size: 1024
Key count: 4984427, Level node count: 2632
Idx1+ lookups: 0 0 4984427 9078446 12938808 16626921 20258996 23914996 27543613 31065519 34506141 37835258 
Avg last exit: 0 0 5801004 5818607 5759938 5819216 5806794 5931824 5804054 5663391 5603826 5745607 
Idx1+ positiv: 0 0 1215960 1852851 2372895 2845580 3269915 3690064 4119054 4518715 4906560 5283703 
Idx1+ found  : 0 0 793298 1042676 1191642 1303510 1363436 1425003 1496036 1545023 1589908 1635492 
OL: 0 122575981 119621320 120034410 119626510 96299247 98027374 98634671 97634759 98667530 96680076 98241698 
CL: 0 122575981 105024807 100352034 96863859 96299247 98027374 97113426 94854250 93144342 90289984 90877020 
OC: 0 4984427 4887317 4903038 4879756 3632076 3656001 3699693 3650988 3696724 3624734 3693093 
CC: 0 4984427 4094019 3860362 3688114 3632076 3656001 3628618 3521906 3440622 3329117 3351795 
TotOL: 1166043576, TotCL: 1085422324, TotOC: 45307847, TotCC: 41187057
1204582 1090000 54 3 w0 r0 m0 f0 r0 p0
 150675635=28443408+73739146+54868607 i41358116 u131201909 u0 t61.682
1215452 1100000 71 3 w0 r0 m0 f0 r0 p0
 152122476=28719425+74451995+55388560 i41709898 u132508071 u0 t5.787
1226363 1110000 71 3 w0 r0 m0 f0 r0 p0
 153617858=29001917+75190527+55926027 i42075957 u133856171 u0 t5.599
1237247 1120000 71 4 w0 r0 m0 f0 r0 p0
 155054261=29275805+75901339+56439032 i42426773 u135152278 u0 t5.344
1248176 1130000 71 4 w0 r0 m0 f0 r0 p0
 156519680=29555003+76624493+56964331 i42785721 u136473318 u0 t5.455
1259068 1140000 71 4 w0 r0 m0 f0 r0 p0
 157977948=29830686+77346072+57486978 i43143837 u137786721 u0 t5.435
1269968 1150000 71 4 w0 r0 m0 f0 r0 p0
 159450172=30110531+78082271+58007477 i43509450 u139110160 u0 t5.471
1280888 1160000 71 4 w0 r0 m0 f0 r0 p0
 160907827=30387286+78807042+58526230 i43872376 u140418838 u0 t5.455
1291754 1170000 71 4 w0 r0 m0 f0 r0 p0
 162377563=30666293+79535830+59050443 i44234308 u141742467 u0 t5.484
Shrinking rst_test.ix1.8
Key count: 3581421, Level node count: 26
Mismatch Cur count: 3581422, rec_count: 3581421
New Cache More Size: 1024
dict_map out file: rst_test.ix1.8
New Cache More Size: 1024
Key count: 5036653, Level node count: 55255
Idx1+ lookups: 0 0 5036652 9222744 13072938 16783096 20364517 23909591 27493437 31060586 34530130 37924799 41213367 
Avg last exit: 0 0 5898951 5814485 5832514 5772477 5792882 5795319 5924191 5797686 5659172 5598883 5741355 
Idx1+ positiv: 0 0 1225291 1862368 2389502 2855438 3299569 3703295 4106020 4520068 4909172 5287176 5656872 
Idx1+ found  : 0 0 798335 1037123 1192880 1298334 1390511 1435590 1486471 1548398 1590976 1630457 1672157 
OL: 0 124207066 122575981 119621320 120034410 94620273 96299247 98027374 98634671 97634759 98667530 96680076 98241698 
CL: 0 124207066 107836494 100092052 97258042 94620273 94449897 96470454 95786747 93713722 92129625 89394679 90063514 
OC: 0 5036653 4984427 4887317 4903038 3581422 3632076 3656001 3699693 3650988 3696724 3624734 3693093 
CC: 0 5036653 4186092 3850194 3710158 3581422 3545075 3583847 3567150 3469544 3394669 3288568 3315130 
TotOL: 1265244405, TotCL: 1176022565, TotOC: 49046166, TotCC: 44528502
1302652 1180000 52 3 w0 r0 m0 f0 r0 p0
 163860539=30948696+80270902+59578840 i44594235 u143083725 u0 t35.91
1313613 1190000 71 3 w0 r0 m0 f0 r0 p0
 165342572=31230146+81006856+60107044 i44959732 u144418003 u0 t7.815
1324596 1200000 75 3 w0 r0 m0 f0 r0 p0
 166825257=31511423+81745045+60633294 i45321678 u145756989 u0 t5.903
1335456 1210000 75 4 w0 r0 m0 f0 r0 p0
 168344658=31799164+82499352+61175129 i45695473 u147125588 u0 t5.86
1346441 1220000 75 4 w0 r0 m0 f0 r0 p0
 169903116=32093687+83267629+61736463 i46069571 u148537242 u0 t5.95
1357399 1230000 77 4 w0 r0 m0 f0 r0 p0
 171459885=32386736+84039990+62292707 i46446578 u149944874 u0 t5.957
1368385 1240000 91 4 w0 r0 m0 f0 r0 p0
 173068172=32689518+84834892+62871465 i46833304 u151401405 u0 t6.113
1379469 1250000 91 4 w0 r0 m0 f0 r0 p0
 174698505=32994406+85643477+63455849 i47230695 u152872229 u0 t6.224
1390543 1260000 91 4 w0 r0 m0 f0 r0 p0
 176336577=33299469+86446427+64054269 i47623979 u154353702 u0 t6.187
Shrinking rst_test.ix1.9
Key count: 3604056, Level node count: 218
New Cache More Size: 1024
dict_map out file: rst_test.ix1.9
New Cache More Size: 1024
Key count: 5020538, Level node count: 2232
Idx1+ lookups: 0 0 5020537 9265126 13203910 16907194 20511250 24009955 27486414 31009319 34523709 37946291 41299727 44552509 
Avg last exit: 0 0 5951691 5920708 5832013 5846840 5745742 5777310 5791076 5920239 5794077 5658427 5597144 5738888 
Idx1+ positiv: 0 0 1217531 1873720 2394996 2871454 3305218 3727503 4116960 4508258 4911654 5290903 5659936 6022994 
Idx1+ found  : 0 0 792063 1045643 1184033 1298982 1381050 1459126 1496531 1539230 1595360 1632209 1666243 1705274 
OL: 0 124200715 124207066 122575981 119621320 95024518 94620273 96299247 98027374 98634671 97634759 98667530 96680076 98241698 
CL: 0 124200715 109622744 102843825 97038939 95024518 92845974 92960583 95149726 94630821 92678478 91214580 88596655 89325545 
OC: 0 5020538 5036653 4984427 4887317 3604056 3581422 3632076 3656001 3699693 3650988 3696724 3624734 3693093 
CC: 0 5020538 4244590 3938784 3703284 3604056 3498706 3476460 3522906 3514391 3422582 3353436 3252782 3282013 
TotOL: 1364435228, TotCL: 1266133103, TotOC: 52767722, TotCC: 47834528
1401635 1270000 57 3 w0 r0 m0 f0 r0 p0
 177964524=33605748+87254333+64636272 i48023094 u155820988 u0 t43.897
1412662 1280000 66 3 w0 r0 m0 f0 r0 p0
 179568697=33910264+88055050+65203459 i48414730 u157270044 u0 t6.659
1423732 1290000 66 3 w0 r0 m0 f0 r0 p0
 181168959=34210477+88845071+65780281 i48803701 u158714947 u0 t6.314
1434749 1300000 73 4 w0 r0 m0 f0 r0 p0
 182828415=34519798+89661203+66382737 i49206800 u160212207 u0 t6.504
1445738 1310000 79 4 w0 r0 m0 f0 r0 p0
 184513810=34836400+90488851+66994851 i49619977 u161729322 u0 t6.577
1456743 1320000 79 4 w0 r0 m0 f0 r0 p0
 186190777=35151296+91313453+67602831 i50028236 u163241882 u0 t6.54
1467716 1330000 79 4 w0 r0 m0 f0 r0 p0
 187946945=35480337+92177165+68239998 i50452742 u164828600 u0 t6.832
1478847 1340000 85 4 w0 r0 m0 f0 r0 p0
 189697299=35804419+93033522+68881740 i50879599 u166404778 u0 t6.791
Shrinking rst_test.ix1.10
Key count: 3597125, Level node count: 216
New Cache More Size: 1024
dict_map out file: rst_test.ix1.10
New Cache More Size: 1024
Key count: 5034227, Level node count: 54025
Idx1+ lookups: 0 0 5034226 9276761 13279286 17069041 20666166 24188706 27621232 31040603 34509956 37977113 41358508 44675967 47895988 
Avg last exit: 0 0 5859846 5935830 5910259 5826407 5806871 5720352 5758908 5782902 5913865 5787814 5653818 5592105 5734140 
Idx1+ positiv: 0 0 1206559 1864181 2412447 2880026 3323353 3735123 4142205 4522706 4904256 5295822 5666382 6029144 6388485 
Idx1+ found  : 0 0 778002 1034127 1194672 1290192 1380498 1447229 1516214 1550083 1586463 1636547 1668186 1699004 1736195 
OL: 0 124602216 124200715 124207066 122575981 94814281 95024518 94620273 96299247 98027374 98634671 97634759 98667530 96680076 98241698 
CL: 0 124602216 109917534 104732238 99758754 94814281 93295803 91418016 91722930 93984749 93602962 91767467 90411223 87868721 88641806 
OC: 0 5034227 5020538 5036653 4984427 3597125 3604056 3581422 3632076 3656001 3699693 3650988 3696724 3624734 3693093 
CC: 0 5034227 4242536 4002526 3789755 3597125 3522540 3432527 3419372 3469354 3467158 3381395 3317459 3220021 3251092 
TotOL: 1464230405, TotCL: 1356538700, TotOC: 56511757, TotCC: 51147087
1489858 1350000 68 3 w0 r0 m0 f0 r0 p0
 191414728=36125132+93880640+69503264 i51304578 u167947076 u0 t43.256
1500812 1360000 68 3 w0 r0 m0 f0 r0 p0
 193066497=36431463+94688311+70109152 i51712637 u169429830 u0 t8.337
1511816 1370000 100 3 w0 r0 m0 f0 r0 p0
 194750555=36746208+95519892+70716925 i52120560 u170951494 u0 t7.084
1522795 1380000 100 4 w0 r0 m0 f0 r0 p0
 196383374=37050140+96326851+71306199 i52520689 u172421613 u0 t6.693
1533703 1390000 100 4 w0 r0 m0 f0 r0 p0
 198040225=37358448+97143117+71907133 i52930020 u173910136 u0 t6.793
1544569 1400000 100 4 w0 r0 m0 f0 r0 p0
 199683285=37667316+97956179+72496990 i53328722 u175394716 u0 t6.637
1555499 1410000 100 4 w0 r0 m0 f0 r0 p0
 201439474=37995459+98821930+73132258 i53752784 u176981906 u0 t7.065
1566395 1420000 100 4 w0 r0 m0 f0 r0 p0
 203165083=38317565+99678555+73751000 i54169463 u178542791 u0 t6.975
Shrinking rst_test.ix1.11
Key count: 3682273, Level node count: 251
New Cache More Size: 1024
dict_map out file: rst_test.ix1.11
New Cache More Size: 1024
Key count: 5070886, Level node count: 2469
Idx1+ lookups: 0 0 5070886 9321579 13316366 17167993 20850266 24367030 27823520 31199655 34569629 37992869 41417184 44762118 48046007 51236397 
Avg last exit: 0 0 5878663 5855443 5923059 5897827 5776729 5773445 5698929 5741823 5773272 5904712 5779096 5646840 5585769 5727289 
Idx1+ positiv: 0 0 1215950 1860832 2405496 2900509 3333669 3755153 4152905 4547819 4919517 5294367 5674494 6038770 6396101 6750618 
Idx1+ found  : 0 0 783533 1025750 1185025 1302154 1370553 1446548 1503620 1565611 1596196 1629305 1673008 1701756 1728635 1764233 
OL: 0 125292473 124602216 124200715 124207066 97493604 94814281 95024518 94620273 96299247 98027374 98634671 97634759 98667530 96680076 98241698 
CL: 0 125292473 110207272 104887619 101599810 97493604 93113353 91885687 90202668 90650643 92978619 92672117 90963756 89650633 87209995 88019890 
OC: 0 5070886 5034227 5020538 5036653 3682273 3597125 3604056 3581422 3632076 3656001 3699693 3650988 3696724 3624734 3693093 
CC: 0 5070886 4250694 3994788 3851628 3682273 3516764 3456490 3376136 3369975 3423241 3424316 3344934 3283889 3190390 3223054 
TotOL: 1564440501, TotCL: 1446828139, TotOC: 60280489, TotCC: 54459458
1577238 1430000 75 3 w0 r0 m0 f0 r0 p0
 204894416=38640361+100537132+74371288 i54592106 u180101537 u0 t44.012
1588118 1440000 101 3 w0 r0 m0 f0 r0 p0
 206627102=38964282+101395438+74993454 i55013351 u181665497 u0 t8.179
1598949 1450000 101 3 w0 r0 m0 f0 r0 p0
 208394406=39292777+102268869+75631799 i55438725 u183264528 u0 t7.435
1609797 1460000 101 4 w0 r0 m0 f0 r0 p0
 210170319=39622403+103146362+76274190 i55865198 u184871563 u0 t7.43
1620630 1470000 101 4 w0 r0 m0 f0 r0 p0
 211921170=39952135+104017109+76898673 i56281940 u186461122 u0 t7.29
1631477 1480000 101 4 w0 r0 m0 f0 r0 p0
 213670627=40279217+104881983+77529055 i56703093 u188043701 u0 t7.312
1642373 1490000 101 4 w0 r0 m0 f0 r0 p0
 215467929=40615467+105772455+78174765 i57130423 u189675587 u0 t7.46
1653233 1500000 101 4 w0 r0 m0 f0 r0 p0
 217268084=40950561+106663886+78823410 i57559234 u191309082 u0 t7.469
Shrinking rst_test.ix1.12
Key count: 3740588, Level node count: 50834
Mismatch Cur count: 3740589, rec_count: 3740588
New Cache More Size: 1024
dict_map out file: rst_test.ix1.12
New Cache More Size: 1024
Key count: 5039414, Level node count: 50802
Idx1+ lookups: 0 0 5039413 9324716 13331916 17172561 20913149 24512418 27962986 31363217 34691072 38017620 41399612 44786756 48098771 51352222 54515087 
Avg last exit: 0 0 6037525 5920729 5875859 5933568 5868375 5755159 5759253 5691700 5736061 5771820 5903376 5777677 5645793 5584535 5726000 
Idx1+ positiv: 0 0 1213912 1863425 2404523 2893400 3352219 3762870 4168192 4552124 4939073 5302859 5670463 6043684 6402885 6754863 7104890 
Idx1+ found  : 0 0 785583 1027026 1179892 1296064 1385158 1436749 1502807 1551900 1609037 1637444 1666476 1705927 1732194 1756160 1790585 
OL: 0 124941681 125292473 124602216 124200715 99252306 97493604 94814281 95024518 94620273 96299247 98027374 98634671 97634759 98667530 96680076 98241698 
CL: 0 124941681 110838694 105282619 101670958 99252306 95722875 91695665 90665652 89148286 89691489 92063738 91854970 90230355 88967010 86588434 87426050 
OC: 0 5039414 5070886 5034227 5020538 3740589 3682273 3597125 3604056 3581422 3632076 3656001 3699693 3650988 3696724 3624734 3693093 
CC: 0 5039414 4285303 4007201 3840646 3740589 3599269 3450568 3400231 3327856 3326549 3381993 3387145 3312015 3253451 3162865 3196702 
TotOL: 1664427422, TotCL: 1536040782, TotOC: 64023839, TotCC: 57711797
1664130 1510000 65 3 w0 r0 m0 f0 r0 p0
 219046446=41280963+107539800+79469044 i57979414 u192925002 u0 t47.895
1675034 1520000 65 3 w0 r0 m0 f0 r0 p0
 220835404=41612975+108422057+80117534 i58403564 u194549358 u0 t8.656
1685958 1530000 69 4 w0 r0 m0 f0 r0 p0
 222654573=41950493+109317901+80778379 i58831532 u196204329 u0 t7.892
1696847 1540000 69 4 w0 r0 m0 f0 r0 p0
 224442361=42281602+110193885+81432689 i59253839 u197827702 u0 t7.573
1707676 1550000 69 4 w0 r0 m0 f0 r0 p0
 226272742=42619605+111095368+82098625 i59687831 u199488756 u0 t7.702
1718573 1560000 69 4 w0 r0 m0 f0 r0 p0
 228104597=42957580+111994802+82768470 i60119120 u201153217 u0 t7.691
1729487 1570000 69 4 w0 r0 m0 f0 r0 p0
 229880904=43285461+112866746+83417917 i60535141 u202770020 u0 t7.528
New Cache More Size: 1024
Key count: 5005577, Level node count: 11917
Idx1+ lookups: 0 0 5005577 9257392 13299581 17154170 20885603 24541328 28072987 31468816 34821352 38107488 41394332 44739558 48094441 51376272 54601991 57739376 
Avg last exit: 0 0 5962125 6052946 5948086 5895726 5908132 5851676 5742070 5751468 5686489 5732965 5771898 5904388 5777432 5646649 5584605 5726519 
Idx1+ positiv: 0 0 1212130 1857701 2400946 2888488 3344140 3777914 4171370 4563444 4939058 5318827 5675239 6036048 6404218 6757935 7105022 7452714 
Idx1+ found  : 0 0 787598 1028697 1179637 1289104 1380927 1452768 1491488 1550502 1593619 1648741 1674210 1698737 1736111 1759926 1781640 1815547 
OL: 0 124417761 124941681 125292473 124602216 124200715 99252306 97493604 94814281 95024518 94620273 96299247 98027374 98634671 97634759 98667530 96680076 98241698 
CL: 0 124417761 110406532 105917283 102095500 99361516 97439055 94265530 90513918 89630099 88238016 88803073 91245977 91134258 89555951 88340193 86012371 86868701 
OC: 0 5005577 5039414 5070886 5034227 5020538 3740589 3682273 3597125 3604056 3581422 3632076 3656001 3699693 3650988 3696724 3624734 3693093 
CC: 0 5005577 4251816 4042189 3854590 3731434 3655726 3531659 3395829 3352536 3286137 3286845 3345227 3354884 3281831 3225719 3137385 3171740 
TotOL: 1788845183, TotCL: 1624245734, TotOC: 69029416, TotCC: 60911124
1740347 1580000 89 3 w0 r0 m0 f0 r0 p0
 231680629=43618172+113748000+84077370 i60957435 u204407110 u0 t28.801
1751207 1590000 89 3 w0 r0 m0 f0 r0 p0
 233507773=43956640+114647778+84741743 i61386971 u206068768 u0 t9.39
1762023 1600000 97 3 w0 r0 m0 f0 r0 p0
 235283992=44287479+115526027+85382484 i61804603 u207685505 u0 t7.796
1772878 1610000 97 4 w0 r0 m0 f0 r0 p0
 237058062=44615710+116394367+86032989 i62221538 u209298850 u0 t7.75
1783723 1620000 97 4 w0 r0 m0 f0 r0 p0
 238817123=44942446+117265322+86667096 i62634279 u210900749 u0 t7.783
1794607 1630000 101 4 w0 r0 m0 f0 r0 p0
 240593085=45270791+118136276+87316392 i63050348 u212516680 u0 t8.283
1805498 1640000 101 4 w0 r0 m0 f0 r0 p0
 242382851=45602364+119021975+87963254 i63469245 u214147516 u0 t8.213
1816421 1650000 101 4 w0 r0 m0 f0 r0 p0
 244178822=45933915+119909627+88614033 i63894187 u215778742 u0 t7.863
Shrinking rst_test.ix1.13
Key count: 3644876, Level node count: 178
Mismatch Cur count: 3644877, rec_count: 3644876
New Cache More Size: 1024
dict_map out file: rst_test.ix1.13
New Cache More Size: 1024
Key count: 5032549, Level node count: 52043
Idx1+ lookups: 0 0 5032548 9246753 13251365 17142682 20887793 24532669 28118868 31591044 34938586 38249182 41497437 44749620 48060389 51384405 54637690 57837200 60950747 
Avg last exit: 0 0 5868549 5965942 6056235 5956920 5902398 5889492 5836889 5729718 5743425 5680482 5728866 5770829 5903487 5776139 5645891 5583526 5726167 
Idx1+ positiv: 0 0 1218693 1861398 2395037 2886665 3341898 3773800 4190928 4569450 4950272 5318288 5691267 6044787 6398529 6759567 7110330 7451613 7795940 
Idx1+ found  : 0 0 791372 1034801 1179569 1289115 1375661 1450453 1512251 1539775 1592442 1631500 1683402 1708667 1729604 1764657 1786135 1805478 1838526 
OL: 0 124961130 124417761 124941681 125292473 124602216 97504284 99252306 97493604 94814281 95024518 94620273 96299247 98027374 98634671 97634759 98667530 96680076 98241698 
CL: 0 124961130 109772974 105382328 102783120 99770711 97504284 95941870 92968037 89470698 88713577 87406731 88031755 90477398 90443470 88913466 87745368 85470515 86349206 
OC: 0 5032549 5005577 5039414 5070886 5034227 3644877 3740589 3682273 3597125 3604056 3581422 3632076 3656001 3699693 3650988 3696724 3624734 3693093 
CC: 0 5032549 4214205 4004613 3891317 3745112 3644877 3586200 3472176 3347542 3310596 3248256 3252184 3310770 3324017 3253285 3199510 3113547 3148761 
TotOL: 1887109882, TotCL: 1712106638, TotOC: 72686304, TotCC: 64099517
1827273 1660000 63 3 w0 r0 m0 f0 r0 p0
 245982710=46268214+120794044+89273491 i64317518 u217419589 u0 t51.087
1838160 1670000 97 3 w0 r0 m0 f0 r0 p0
 247787451=46603036+121681664+89930178 i64744095 u219058868 u0 t10.255
1849005 1680000 97 4 w0 r0 m0 f0 r0 p0
 249559255=46929845+122549529+90579632 i65155713 u220674845 u0 t8.249
1859879 1690000 97 4 w0 r0 m0 f0 r0 p0
 251260145=47246311+123393055+91190935 i65554463 u222224849 u0 t7.898
1870739 1700000 97 4 w0 r0 m0 f0 r0 p0
 253019866=47573526+124267404+91822433 i65965082 u223830500 u0 t8.109
1881698 1710000 97 4 w0 r0 m0 f0 r0 p0
 254708896=47889282+125101992+92431807 i66357118 u225373382 u0 t7.804
1892578 1720000 97 4 w0 r0 m0 f0 r0 p0
 256422005=48209762+125948816+93049301 i66754510 u226938843 u0 t7.913
1903425 1730000 97 4 w0 r0 m0 f0 r0 p0
 258151069=48531128+126803006+93675093 i67155597 u228518441 u0 t8.041
Shrinking rst_test.ix1.14
Key count: 3660197, Level node count: 12593
Mismatch Cur count: 3660198, rec_count: 3660197
New Cache More Size: 1024
dict_map out file: rst_test.ix1.14
New Cache More Size: 1024
Key count: 5027615, Level node count: 176
Idx1+ lookups: 0 0 5027614 9263693 13231984 17083856 20866658 24526855 28101217 31628935 35051338 38357066 41630433 44844963 48066046 51346236 54642065 57869836 61045259 64135882 
Avg last exit: 0 0 5921986 5878102 5962683 6055889 5961015 5884911 5874993 5825802 5718364 5736532 5675311 5725116 5769829 5902526 5774876 5645676 5582807 5724849 
Idx1+ positiv: 0 0 1223552 1866141 2401194 2878802 3338123 3771425 4185126 4590228 4956629 5328028 5688608 6055481 6407547 6754970 7110725 7457746 7794862 8135470 
Idx1+ found  : 0 0 796469 1037286 1187541 1288084 1374029 1446175 1508934 1562024 1581589 1629671 1665225 1714502 1739246 1757791 1790171 1810222 1828402 1859553 
OL: 0 124762102 124961130 124417761 124941681 125292473 97951374 97504284 99252306 97493604 94814281 95024518 94620273 96299247 98027374 98634671 97634759 98667530 96680076 98241698 
CL: 0 124762102 110179085 104771354 102191067 100500472 97951374 95983390 94675433 91890566 88558162 87899143 86658403 87337780 89797058 89816893 88341874 87196369 84949301 85872120 
OC: 0 5027615 5032549 5005577 5039414 5070886 3660198 3644877 3740589 3682273 3597125 3604056 3581422 3632076 3656001 3699693 3650988 3696724 3624734 3693093 
CC: 0 5027615 4236080 3968291 3851873 3782802 3660198 3574363 3527719 3422403 3305728 3273367 3214531 3221084 3280191 3295830 3227771 3175423 3090623 3127734 
TotOL: 1985221142, TotCL: 1799331946, TotOC: 76339890, TotCC: 67263626
1914319 1740000 61 3 w0 r0 m0 f0 r0 p0
 259943293=48864688+127681881+94330331 i67569960 u230155013 u0 t53.83
1925121 1750000 62 3 w0 r0 m0 f0 r0 p0
 261669165=49186851+128536860+94951071 i67971520 u231731144 u0 t10.019
1936035 1760000 62 4 w0 r0 m0 f0 r0 p0
 263458272=49520220+129423171+95595224 i68393201 u233359118 u0 t8.674
1946942 1770000 67 4 w0 r0 m0 f0 r0 p0
 265176789=49839955+130265313+96222788 i68783714 u234935579 u0 t8.144
1957829 1780000 67 4 w0 r0 m0 f0 r0 p0
 266880264=50159017+131109725+96834255 i69177597 u236494139 u0 t8.035
1968722 1790000 67 4 w0 r0 m0 f0 r0 p0
 268620330=50482904+131964281+97468130 i69581489 u238082402 u0 t8.176
1979581 1800000 67 4 w0 r0 m0 f0 r0 p0
 270290901=50794936+132785153+98075566 i69970317 u239606288 u0 t7.763
1990482 1810000 76 4 w0 r0 m0 f0 r0 p0
 271956658=51106210+133601567+98683140 i70349641 u241134070 u0 t8.115
Shrinking rst_test.ix1.16
Key count: 3740791, Level node count: 47552
Mismatch Cur count: 3740792, rec_count: 3740791
New Cache More Size: 1024
dict_map out file: rst_test.ix1.16
Shrinking rst_test.ix1.15
Key count: 3698149, Level node count: 2397
New Cache More Size: 1024
dict_map out file: rst_test.ix1.15
New Cache More Size: 1024
Key count: 5026012, Level node count: 2119
Idx1+ lookups: 0 0 5026011 9261174 13249057 17063731 20804522 24502671 28093995 31608663 35086227 38465371 41734118 44972202 48156047 51349057 54600581 57869785 61073244 64226354 67295865 
Avg last exit: 0 0 5898852 5926666 5879136 5960149 6053430 5940360 5873161 5863832 5816245 5708306 5730147 5670461 5721669 5767672 5901109 5773546 5644878 5582038 5724011 
Idx1+ positiv: 0 0 1218143 1873110 2405768 2885885 3328876 3765684 4184714 4583141 4977516 5333023 5700023 6052202 6414276 6763842 7106727 7457981 7800342 8134099 8471293 
Idx1+ found  : 0 0 792451 1044665 1190903 1298622 1372737 1442902 1505869 1559088 1605283 1618570 1664954 1695910 1742575 1767912 1784416 1814483 1832535 1849514 1879195 
OL: 0 124636640 124762102 124961130 124417761 99831845 98700498 97951374 97504284 99252306 97493604 94814281 95024518 94620273 96299247 98027374 98634671 97634759 98667530 96680076 98241698 
CL: 0 124636640 110095015 105133926 101563134 99831845 98700498 96473572 94682652 93586992 90945651 87750041 87125363 85977857 86711969 89150463 89217930 87794529 86687231 84466742 85425925 
OC: 0 5026012 5027615 5032549 5005577 3740792 3698149 3660198 3644877 3740589 3682273 3597125 3604056 3581422 3632076 3656001 3699693 3650988 3696724 3624734 3693093 
CC: 0 5026012 4235164 3987884 3814674 3740792 3698149 3591325 3514669 3477565 3379144 3268747 3238084 3183846 3193011 3251525 3269205 3203459 3153110 3069511 3108092 
TotOL: 2058155971, TotCL: 1885957975, TotOC: 78694543, TotCC: 70403968
2001382 1820000 68 3 w0 r0 m0 f0 r0 p0
 273619806=51416038+134416362+99290731 i70737453 u242650136 u0 t74.269
2012247 1830000 68 3 w0 r0 m0 f0 r0 p0
 275314039=51732959+135250341+99905069 i71125264 u244202513 u0 t9.553
2023129 1840000 68 4 w0 r0 m0 f0 r0 p0
 276988681=52045651+136073996+100513202 i71509557 u245735631 u0 t8.802
2034053 1850000 68 4 w0 r0 m0 f0 r0 p0
 278712839=52368393+136923507+101136969 i71903598 u247316387 u0 t8.698
2044917 1860000 68 4 w0 r0 m0 f0 r0 p0
 280377963=52680583+137747044+101736334 i72282457 u248845474 u0 t8.244
2055814 1870000 68 4 w0 r0 m0 f0 r0 p0
 282051802=52992861+138572889+102341908 i72675172 u250369971 u0 t8.514
2066728 1880000 68 4 w0 r0 m0 f0 r0 p0
 283706575=53302261+139390750+102938592 i73052613 u251888172 u0 t8.391
2077660 1890000 68 4 w0 r0 m0 f0 r0 p0
 285366456=53613913+140212111+103535051 i73432074 u253410496 u0 t8.685
Shrinking rst_test.ix1.17
Key count: 3702382, Level node count: 201
New Cache More Size: 1024
dict_map out file: rst_test.ix1.17
New Cache More Size: 1024
Key count: 5034657, Level node count: 12781
Idx1+ lookups: 0 0 5034656 9270195 13258321 17094686 20797068 24451374 28080256 31610756 35074410 38505790 41845402 45078495 48285582 51440969 54607578 57833190 61078198 64258223 67389162 70439273 
Avg last exit: 0 0 5898482 5897928 5925402 5877770 5921564 6026769 5922326 5860349 5853430 5807663 5699811 5722871 5665836 5718139 5765982 5898868 5771401 5643284 5580620 5722406 
Idx1+ positiv: 0 0 1220022 1867367 2411281 2894618 3339868 3757980 4181672 4583732 4974308 5357115 5704713 6063868 6412481 6769687 7115887 7453590 7802153 8140697 8469645 8805831 
Idx1+ found  : 0 0 790472 1039488 1196183 1303195 1385107 1442004 1503726 1556883 1605272 1644815 1654224 1695951 1724368 1768976 1793824 1808612 1837917 1854706 1868914 1899503 
OL: 0 124598911 124636640 124762102 124961130 99186803 99831845 98700498 97951374 97504284 99252306 97493604 94814281 95024518 94620273 96299247 98027374 98634671 97634759 98667530 96680076 98241698 
CL: 0 124598911 110064371 105090429 101982921 99186803 97980320 97214008 95137180 93566104 92583620 90080501 86962164 86442343 85346911 86125499 88568963 88677688 87266281 86181901 84025583 84967973 
OC: 0 5034657 5026012 5027615 5032549 3702382 3740792 3698149 3660198 3644877 3740589 3682273 3597125 3604056 3581422 3632076 3656001 3699693 3650988 3696724 3624734 3693093 
CC: 0 5034657 4235540 3988127 3836366 3702382 3654307 3628882 3530501 3463655 3431381 3339612 3233093 3207087 3155388 3166610 3225613 3245009 3180025 3130939 3050111 3087784 
TotOL: 2157523924, TotCL: 1972050474, TotOC: 82426005, TotCC: 73527069
2088614 1900000 60 3 w0 r0 m0 f0 r0 p0
 287041683=53926943+141034038+104145361 i73817355 u254942667 u0 t56.269
2099586 1910000 61 3 w0 r0 m0 f0 r0 p0
 288744872=54243674+141871300+104765300 i74204156 u256505831 u0 t9.686
2110524 1920000 70 4 w0 r0 m0 f0 r0 p0
 290369429=54549228+142670505+105353600 i74573775 u257996665 u0 t8.704
2121483 1930000 73 4 w0 r0 m0 f0 r0 p0
 292052012=54864406+143501540+105960075 i74961801 u259536374 u0 t8.585
2132440 1940000 115 4 w0 r0 m0 f0 r0 p0
 293694209=55170737+144308922+106557063 i75338238 u261040148 u0 t8.207
2143340 1950000 115 4 w0 r0 m0 f0 r0 p0
 295367367=55483485+145131769+107164705 i75720385 u262574179 u0 t8.827
2154286 1960000 115 4 w0 r0 m0 f0 r0 p0
 296988492=55788240+145928869+107751862 i76087692 u264063919 u0 t8.322
2165157 1970000 115 4 w0 r0 m0 f0 r0 p0
 298540929=56079143+146690357+108316845 i76438378 u265490631 u0 t9.051
Shrinking rst_test.ix1.18
Key count: 3725840, Level node count: 47507
Mismatch Cur count: 3725841, rec_count: 3725840
New Cache More Size: 1024
dict_map out file: rst_test.ix1.18
New Cache More Size: 1024
Key count: 5030070, Level node count: 229
Idx1+ lookups: 0 0 5030070 9269133 13258370 17094758 20820598 24437641 28022626 31592442 35071606 38488548 41878790 45182900 48384341 51562829 54691798 57833721 61035095 64257758 67416246 70526347 73557708 
Avg last exit: 0 0 5939853 5911726 5899399 5927855 5845576 5896587 6008410 5909645 5850583 5845623 5800787 5693466 5717596 5661815 5714493 5764450 5897414 5770392 5642293 5579288 5721255 
Idx1+ positiv: 0 0 1223099 1868449 2405665 2897342 3346980 3768887 4171696 4581676 4974057 5354633 5727707 6069869 6421838 6767316 7119348 7461561 7795418 8141522 8477826 8802110 9135433 
Idx1+ found  : 0 0 795593 1036774 1191226 1306708 1388534 1454428 1501070 1555062 1603595 1646410 1680317 1685876 1724550 1750786 1793662 1818062 1830957 1859454 1875544 1887664 1917428 
OL: 0 124495546 124598911 124636640 124762102 99645895 99186803 99831845 98700498 97951374 97504284 99252306 97493604 94814281 95024518 94620273 96299247 98027374 98634671 97634759 98667530 96680076 98241698 
CL: 0 124495546 109913221 105068696 101933869 99645895 97362343 96489156 95939491 94014603 92538428 91678893 89299486 86264321 85810107 84756820 85573287 88021754 88175321 86777785 85707764 83596003 84560293 
OC: 0 5030070 5034657 5026012 5027615 3725841 3702382 3740792 3698149 3660198 3644877 3740589 3682273 3597125 3604056 3581422 3632076 3656001 3699693 3650988 3696724 3624734 3693093 
CC: 0 5030070 4239064 3989238 3836389 3725841 3617043 3584986 3569816 3479165 3416943 3390243 3304110 3201441 3178488 3128970 3141924 3201375 3222664 3158488 3110101 3031361 3069859 
TotOL: 2256704235, TotCL: 2057623082, TotOC: 86149367, TotCC: 76627579
2176142 1980000 65 3 w0 r0 m0 f0 r0 p0
 300107779=56372925+147461885+108884153 i76793491 u266930282 u0 t52.031
2187090 1990000 83 3 w0 r0 m0 f0 r0 p0
 301747104=56679040+148271317+109476291 i77171753 u268429843 u0 t11.238
2198031 2000000 124 3 w0 r0 m0 f0 r0 p0
 303313534=56973518+149044964+110040236 i77529368 u269867337 u0 t9.056
2208970 2010000 124 4 w0 r0 m0 f0 r0 p0
 304880489=57266755+149814873+110609645 i77881008 u271309928 u0 t8.521
2219875 2020000 124 4 w0 r0 m0 f0 r0 p0
 306462247=57567650+150599483+111174164 i78238641 u272765805 u0 t8.495
2230717 2030000 124 4 w0 r0 m0 f0 r0 p0
 307973208=57852647+151350438+111712938 i78578601 u274158171 u0 t7.818
2241553 2040000 124 4 w0 r0 m0 f0 r0 p0
 309500999=58140654+152109616+112258442 i78928211 u275559994 u0 t8.066
2252478 2050000 124 4 w0 r0 m0 f0 r0 p0
 311045082=58431999+152874154+112812027 i79281285 u276977001 u0 t8.475
2263400 2060000 124 4 w0 r0 m0 f0 r0 p0
 312587791=58722721+153634268+113368895 i79629608 u278396182 u0 t8.311
Shrinking rst_test.ix1.19
Key count: 3725467, Level node count: 175
Mismatch Cur count: 3725468, rec_count: 3725467
New Cache More Size: 1024
dict_map out file: rst_test.ix1.19
New Cache More Size: 1024
Key count: 5036220, Level node count: 50205
Idx1+ lookups: 0 0 5036220 9274082 13266277 17103606 20829073 24469189 28016860 31542510 35060781 38494710 41870551 45223294 48493781 51665811 54816752 57921890 61040614 64219346 67420935 70558439 73649209 76662154 
Avg last exit: 0 0 5927425 5944852 5917219 5901468 5892836 5822265 5877643 5994102 5898877 5843554 5839124 5794843 5687632 5712566 5657743 5711849 5762506 5896220 5769354 5640915 5578049 5720228 
Idx1+ positiv: 0 0 1219895 1873226 2408558 2891902 3350181 3775983 4183070 4572557 4971884 5357147 5728574 6095400 6430062 6776699 7117568 7465058 7804917 8135133 8478781 8811639 9133257 9464056 
Idx1+ found  : 0 0 792208 1042461 1188682 1302147 1392432 1457906 1513763 1552615 1600297 1644696 1683909 1713940 1715287 1752097 1774617 1816861 1840704 1852031 1880438 1894875 1906080 1935234 
OL: 0 124652011 124495546 124598911 124636640 99582123 99645895 99186803 99831845 98700498 97951374 97504284 99252306 97493604 94814281 95024518 94620273 96299247 98027374 98634671 97634759 98667530 96680076 98241698 
CL: 0 124652011 109896491 104899955 101907139 99582123 97811676 95862705 95198572 94819871 93022675 91632799 90847454 88552908 85619471 85199066 84225717 85049466 87509783 87700038 86301415 85261467 83175560 84153693 
OC: 0 5036220 5030070 5034657 5026012 3725468 3725841 3702382 3740792 3698149 3660198 3644877 3740589 3682273 3597125 3604056 3581422 3632076 3656001 3699693 3650988 3696724 3624734 3693093 
CC: 0 5036220 4237862 3992196 3837330 3725468 3640117 3547671 3525651 3518271 3433930 3375842 3352744 3270487 3172030 3150941 3105139 3118725 3178733 3201590 3137504 3090770 3012945 3052053 
TotOL: 2356176267, TotCL: 2142882055, TotOC: 89883440, TotCC: 79714219
2274335 2070000 73 3 w0 r0 m0 f0 r0 p0
 314133465=59013694+154399081+113923838 i79976850 u279820554 u0 t60.154
2285238 2080000 73 3 w0 r0 m0 f0 r0 p0
 315607372=59292392+155123819+114456386 i80305941 u281180696 u0 t10.487
2296195 2090000 73 3 w0 r0 m0 f0 r0 p0
 317129293=59581750+155878650+114998713 i80644366 u282587262 u0 t9.639
2307093 2100000 73 4 w0 r0 m0 f0 r0 p0
 318676219=59876160+156649876+115546349 i80990596 u284016041 u0 t8.585
Total lines processed: 2109432
Idx0 stats: 
Block Count:260, 28427
Avg Key# in Block:99 = 2840299 (Total Key#) / 28427 (Leaf#)
Avg Max# (Node, Leaf): 157, 149, Max key len: 73
Idx1 stats: 
BloomFilter
        bits: 24136232
        estimated elements: 5036220
        number hashes: 3
        max false positive rate: 0.100000
        bloom length (8 bits): 3017029
        elements added: 5036220
        estimated elements added: 5034156
        current false positive rate: 0.100713
        export size (bytes): 3017049
        number bits set: 11226307
        is on disk: no
Idx2 stats: 
BloomFilter
        bits: 24106758
        estimated elements: 5030070
        number hashes: 3
        max false positive rate: 0.100000
        bloom length (8 bits): 3013345
        elements added: 5030070
        estimated elements added: 5030153
        current false positive rate: 0.100713
        export size (bytes): 3013365
        number bits set: 11216039
        is on disk: no
Idx3 stats: 
BloomFilter
        bits: 24128741
        estimated elements: 5034657
        number hashes: 3
        max false positive rate: 0.100000
        bloom length (8 bits): 3016093
        elements added: 5034657
        estimated elements added: 5034157
        current false positive rate: 0.100713
        export size (bytes): 3016113
        number bits set: 11225332
        is on disk: no
Idx4 stats: 
BloomFilter
        bits: 24087310
        estimated elements: 5026012
        number hashes: 3
        max false positive rate: 0.100000
        bloom length (8 bits): 3010914
        elements added: 5026012
        estimated elements added: 5025725
        current false positive rate: 0.100713
        export size (bytes): 3010934
        number bits set: 11206398
        is on disk: no
Idx5 stats: 
BloomFilter
        bits: 17854415
        estimated elements: 3725468
        number hashes: 3
        max false positive rate: 0.100000
        bloom length (8 bits): 2231802
        elements added: 3725467
        estimated elements added: 3725012
        current false positive rate: 0.100713
        export size (bytes): 2231822
        number bits set: 8306211
        is on disk: no
Idx6 stats: 
BloomFilter
        bits: 17856202
        estimated elements: 3725841
        number hashes: 3
        max false positive rate: 0.100000
        bloom length (8 bits): 2232026
        elements added: 3725840
        estimated elements added: 3726266
        current false positive rate: 0.100713
        export size (bytes): 2232046
        number bits set: 8308456
        is on disk: no
Idx7 stats: 
BloomFilter
        bits: 17743774
        estimated elements: 3702382
        number hashes: 3
        max false positive rate: 0.100000
        bloom length (8 bits): 2217972
        elements added: 3702382
        estimated elements added: 3702526
        current false positive rate: 0.100713
        export size (bytes): 2217992
        number bits set: 8255696
        is on disk: no
Idx8 stats: 
BloomFilter
        bits: 17927855
        estimated elements: 3740792
        number hashes: 3
        max false positive rate: 0.100000
        bloom length (8 bits): 2240982
        elements added: 3740791
        estimated elements added: 3741746
        current false positive rate: 0.100713
        export size (bytes): 2241002
        number bits set: 8342641
        is on disk: no
Idx9 stats: 
BloomFilter
        bits: 17723487
        estimated elements: 3698149
        number hashes: 3
        max false positive rate: 0.100000
        bloom length (8 bits): 2215436
        elements added: 3698149
        estimated elements added: 3698943
        current false positive rate: 0.100713
        export size (bytes): 2215456
        number bits set: 8247301
        is on disk: no
Idx10 stats: 
BloomFilter
        bits: 17541606
        estimated elements: 3660198
        number hashes: 3
        max false positive rate: 0.100000
        bloom length (8 bits): 2192701
        elements added: 3660197
        estimated elements added: 3660109
        current false positive rate: 0.100713
        export size (bytes): 2192721
        number bits set: 8161262
        is on disk: no
Idx11 stats: 
BloomFilter
        bits: 17468180
        estimated elements: 3644877
        number hashes: 3
        max false positive rate: 0.100000
        bloom length (8 bits): 2183523
        elements added: 3644876
        estimated elements added: 3645205
        current false positive rate: 0.100713
        export size (bytes): 2183543
        number bits set: 8127769
        is on disk: no
Idx12 stats: 
BloomFilter
        bits: 17926882
        estimated elements: 3740589
        number hashes: 3
        max false positive rate: 0.100000
        bloom length (8 bits): 2240861
        elements added: 3740588
        estimated elements added: 3740741
        current false positive rate: 0.100713
        export size (bytes): 2240881
        number bits set: 8340902
        is on disk: no
Idx13 stats: 
BloomFilter
        bits: 17647401
        estimated elements: 3682273
        number hashes: 3
        max false positive rate: 0.100000
        bloom length (8 bits): 2205926
        elements added: 3682273
        estimated elements added: 3682377
        current false positive rate: 0.100713
        export size (bytes): 2205946
        number bits set: 8210794
        is on disk: no
Idx14 stats: 
BloomFilter
        bits: 17239327
        estimated elements: 3597125
        number hashes: 3
        max false positive rate: 0.100000
        bloom length (8 bits): 2154916
        elements added: 3597125
        estimated elements added: 3596581
        current false positive rate: 0.100713
        export size (bytes): 2154936
        number bits set: 8019894
        is on disk: no
Idx15 stats: 
BloomFilter
        bits: 17272544
        estimated elements: 3604056
        number hashes: 3
        max false positive rate: 0.100000
        bloom length (8 bits): 2159068
        elements added: 3604056
        estimated elements added: 3604130
        current false positive rate: 0.100713
        export size (bytes): 2159088
        number bits set: 8036340
        is on disk: no
Idx16 stats: 
BloomFilter
        bits: 17164070
        estimated elements: 3581422
        number hashes: 3
        max false positive rate: 0.100000
        bloom length (8 bits): 2145509
        elements added: 3581421
        estimated elements added: 3582496
        current false positive rate: 0.100713
        export size (bytes): 2145529
        number bits set: 7987475
        is on disk: no
Idx17 stats: 
BloomFilter
        bits: 17406831
        estimated elements: 3632076
        number hashes: 3
        max false positive rate: 0.100000
        bloom length (8 bits): 2175854
        elements added: 3632075
        estimated elements added: 3632146
        current false positive rate: 0.100713
        export size (bytes): 2175874
        number bits set: 8098811
        is on disk: no
Idx18 stats: 
BloomFilter
        bits: 17521492
        estimated elements: 3656001
        number hashes: 3
        max false positive rate: 0.100000
        bloom length (8 bits): 2190187
        elements added: 3656000
        estimated elements added: 3655440
        current false positive rate: 0.100713
        export size (bytes): 2190207
        number bits set: 8151146
        is on disk: no
Idx19 stats: 
BloomFilter
        bits: 17730887
        estimated elements: 3699693
        number hashes: 3
        max false positive rate: 0.100000
        bloom length (8 bits): 2216361
        elements added: 3699692
        estimated elements added: 3700325
        current false positive rate: 0.100713
        export size (bytes): 2216381
        number bits set: 8250483
        is on disk: no
Idx20 stats: 
BloomFilter
        bits: 17497467
        estimated elements: 3650988
        number hashes: 3
        max false positive rate: 0.100000
        bloom length (8 bits): 2187184
        elements added: 3650988
        estimated elements added: 3651762
        current false positive rate: 0.100713
        export size (bytes): 2187204
        number bits set: 8142110
        is on disk: no
Idx21 stats: 
BloomFilter
        bits: 17716658
        estimated elements: 3696724
        number hashes: 3
        max false positive rate: 0.100000
        bloom length (8 bits): 2214583
        elements added: 3696724
        estimated elements added: 3697558
        current false positive rate: 0.100713
        export size (bytes): 2214603
        number bits set: 8244188
        is on disk: no
Idx22 stats: 
BloomFilter
        bits: 17371644
        estimated elements: 3624734
        number hashes: 3
        max false positive rate: 0.100000
        bloom length (8 bits): 2171456
        elements added: 3624734
        estimated elements added: 3624461
        current false positive rate: 0.100713
        export size (bytes): 2171476
        number bits set: 8081890
        is on disk: no
Idx23 stats: 
BloomFilter
        bits: 17699256
        estimated elements: 3693093
        number hashes: 3
        max false positive rate: 0.100000
        bloom length (8 bits): 2212407
        elements added: 3693092
        estimated elements added: 3693742
        current false positive rate: 0.100713
        export size (bytes): 2212427
        number bits set: 8235794
        is on disk: no
Level Count:4
2230598 4
1203267 4
Max word len: 124
Total words generated: 320107657
Words inserted 81309229
Words updated: 285338135
New Cache More Size: 1024
OUBLK INBLK
    -     -
rchar: 435662415
wchar: 738895681
syscr: 5007
syscw: 11542
read_bytes: 3700633600
write_bytes: 0
cancelled_write_bytes: 0
Key count: 2840299, Level node count: 1594
7225768
0
