Csz: 16, pgsz: 4096
Stg buf: 262144kb, Idx1 buf: 262144kb, Idx1+ buf: 1024kb
Idx1 entry count limit: 25 million
10988 10000 63 3 w0 r0 m0 f0 r0 p0
 1501663=280564+736534+546799 i732629 u987122 u0 t2.057
22023 20000 63 3 w0 r0 m0 f0 r0 p0
 2969833=556529+1459387+1077009 i1316180 u2085487 u0 t2.174
33024 30000 63 4 w0 r0 m0 f0 r0 p0
 4455111=837101+2191661+1611754 i1877017 u3226548 u0 t2.181
44043 40000 91 4 w0 r0 m0 f0 r0 p0
 6020851=1126445+2951279+2192551 i2436084 u4457833 u0 t2.335
55121 50000 91 4 w0 r0 m0 f0 r0 p0
 7456147=1398962+3658349+2709577 i2939468 u5599484 u0 t2.239
66115 60000 91 4 w0 r0 m0 f0 r0 p0
 8880851=1666179+4350823+3234648 i3419104 u6749918 u0 t2.272
77117 70000 91 4 w0 r0 m0 f0 r0 p0
 10321935=1938435+5065049+3750268 i3906266 u7914960 u0 t2.337
88102 80000 91 4 w0 r0 m0 f0 r0 p0
 11700254=2200704+5742595+4246944 i4363213 u9037806 u0 t2.201
99095 90000 91 4 w0 r0 m0 f0 r0 p0
 13136962=2468232+6447219+4770729 i4834869 u10211527 u0 t2.316
New Cache More Size: 4058
Key count: 4987287, Level node count: 12309
Idx1+ lookups: 0 0 
Avg last exit: 0 0 
Idx1+ found  : 0 0 
OL: 0 123219754 
CL: 0 123219754 
OC: 0 4987287 
CC: 0 4987287 
TotOL: 123219754, TotCL: 123219754, TotOC: 4987287, TotCC: 4987287
110113 100000 61 3 w0 r0 m0 f0 r0 p0
 14567887=2739132+7154639+5283726 i5290840 u11395752 u0 t9.344
121109 110000 61 3 w0 r0 m0 f0 r0 p0
 15979341=3006343+7853621+5788507 i5744072 u12560404 u0 t2.772
132028 120000 67 3 w0 r0 m0 f0 r0 p0
 17529576=3286631+8592403+6381321 i6202530 u13870471 u0 t2.958
142990 130000 67 4 w0 r0 m0 f0 r0 p0
 18983246=3562515+9313266+6900099 i6652150 u15087377 u0 t2.913
153925 140000 67 4 w0 r0 m0 f0 r0 p0
 20471021=3841520+10053635+7429782 i7107103 u16337894 u0 t3
164855 150000 67 4 w0 r0 m0 f0 r0 p0
 21979188=4125986+10799401+7971072 i7567835 u17605454 u0 t3.099
175812 160000 70 4 w0 r0 m0 f0 r0 p0
 23581702=4417062+11563939+8582289 i8035915 u18965547 u0 t3.254
186797 170000 70 4 w0 r0 m0 f0 r0 p0
 25057302=4694184+12294315+9112151 i8483630 u20209360 u0 t3.112
197847 180000 70 4 w0 r0 m0 f0 r0 p0
 26591014=4977448+13039031+9681211 i8936396 u21510058 u0 t3.209
New Cache More Size: 4003
Key count: 4919025, Level node count: 12278
Idx1+ lookups: 0 4919025 0 
Avg last exit: 0 5928516 0 
Idx1+ found  : 0 785053 0 
OL: 0 121753554 123219754 
CL: 0 121753554 108733362 
OC: 0 4919025 4987287 
CC: 0 4919025 4202234 
TotOL: 244973308, TotCL: 230486916, TotOC: 9906312, TotCC: 9121259
208776 190000 57 3 w0 r0 m0 f0 r0 p0
 28103392=5261528+13786971+10225271 i9389016 u22790724 u0 t10.034
219728 200000 60 3 w0 r0 m0 f0 r0 p0
 29608450=5546129+14533215+10762856 i9830477 u24075187 u0 t3.725
230584 210000 91 3 w0 r0 m0 f0 r0 p0
 31172079=5839074+15306099+11325356 i10287305 u25409728 u0 t3.861
241548 220000 91 4 w0 r0 m0 f0 r0 p0
 32679763=6122575+16050615+11868600 i10728860 u26695809 u0 t3.799
252514 230000 91 4 w0 r0 m0 f0 r0 p0
 34277699=6416178+16828359+12459598 i11188994 u28062718 u0 t3.962
263483 240000 91 4 w0 r0 m0 f0 r0 p0
 35775557=6699007+17569616+12996180 i11625823 u29342837 u0 t3.807
274496 250000 91 4 w0 r0 m0 f0 r0 p0
 37306382=6986514+18328557+13544391 i12066772 u30656219 u0 t3.996
285461 260000 91 4 w0 r0 m0 f0 r0 p0
 38798460=7268992+19071624+14074163 i12494982 u31939300 u0 t3.853
296415 270000 91 4 w0 r0 m0 f0 r0 p0
 40286808=7549046+19806127+14610350 i12922085 u33217611 u0 t3.821
New Cache More Size: 4057
Key count: 4985645, Level node count: 208
Idx1+ lookups: 0 9904670 4192091 0 
Avg last exit: 0 5863865 5959492 0 
Idx1+ found  : 0 1578607 245430 0 
OL: 0 123560440 121753554 123219754 
CL: 0 123560440 107036452 103754069 
OC: 0 4985645 4919025 4987287 
CC: 0 4985645 4125471 3956804 
TotOL: 368533748, TotCL: 334350961, TotOC: 14891957, TotCC: 13067920
307437 280000 56 3 w0 r0 m0 f0 r0 p0
 41792998=7832777+20553957+15148521 i13350292 u34516184 u0 t10.761
318462 290000 67 3 w0 r0 m0 f0 r0 p0
 43396945=8135807+21348388+15722664 i13806455 u35898383 u0 t4.673
329483 300000 67 3 w0 r0 m0 f0 r0 p0
 45023838=8442695+22162598+16297392 i14273166 u37298170 u0 t4.822
340525 310000 87 4 w0 r0 m0 f0 r0 p0
 46611522=8738490+22941883+16875435 i14719085 u38669830 u0 t4.666
351480 320000 115 4 w0 r0 m0 f0 r0 p0
 48197495=9039364+23732513+17435864 i15165470 u40042326 u0 t4.679
362496 330000 115 4 w0 r0 m0 f0 r0 p0
 49733153=9330690+24494894+17981449 i15594735 u41373894 u0 t4.596
373551 340000 115 4 w0 r0 m0 f0 r0 p0
 51290525=9626489+25266085+18538210 i16032087 u42722206 u0 t4.826
384689 350000 115 4 w0 r0 m0 f0 r0 p0
 52864093=9922506+26034770+19112787 i16473288 u44082729 u0 t4.726
New Cache More Size: 4083
Key count: 5017942, Level node count: 223
Idx1+ lookups: 0 14922612 8420814 3986638 0 
Avg last exit: 0 5838386 5849159 5887339 0 
Idx1+ found  : 0 2367826 487515 154529 0 
OL: 0 124112791 123560440 121753554 123219754 
CL: 0 124112791 109004214 102122310 100539326 
OC: 0 5017942 4985645 4919025 4987287 
CC: 0 5017942 4196426 3883386 3802275 
TotOL: 492646539, TotCL: 435778641, TotOC: 19909899, TotCC: 16900029
395874 360000 81 3 w0 r0 m0 f0 r0 p0
 54482814=10222227+26820615+19712099 i16929367 u45477765 u0 t11.561
406862 370000 82 3 w0 r0 m0 f0 r0 p0
 56129529=10531411+27615260+20322783 i17391147 u46898946 u0 t5.503
417894 380000 82 3 w0 r0 m0 f0 r0 p0
 57712939=10827913+28389797+20900694 i17836066 u48266696 u0 t5.444
428912 390000 82 4 w0 r0 m0 f0 r0 p0
 59270425=11119317+29151504+21469881 i18270779 u49614812 u0 t5.353
439874 400000 93 4 w0 r0 m0 f0 r0 p0
 60804875=11404852+29899292+22034731 i18692192 u50948956 u0 t5.303
450859 410000 93 4 w0 r0 m0 f0 r0 p0
 62351122=11693776+30659561+22596197 i19124555 u52287500 u0 t5.337
461847 420000 93 4 w0 r0 m0 f0 r0 p0
 63850824=11975377+31395903+23140104 i19539607 u53589985 u0 t5.262
472807 430000 93 4 w0 r0 m0 f0 r0 p0
 65444263=12275975+32177959+23717696 i19976861 u54977586 u0 t5.57
483790 440000 93 4 w0 r0 m0 f0 r0 p0
 67052753=12576164+32971980+24298942 i20419610 u56377655 u0 t5.653
Shrinking rst_test.ix1.1
