Csz: 16, pgsz: 4096
Stg buf: 262144kb, Idx1 buf: 262144kb, Idx1+ buf: 1024kb
Idx1 entry count limit: 25 million
10988 10000 63 3 w0 r0 m0 f0 r0 p0
 1501663=280564+736534+546799 i732629 u987122 u0 t2.731
22023 20000 63 3 w0 r0 m0 f0 r0 p0
 2969833=556529+1459387+1077009 i1316180 u2085487 u0 t2.851
33024 30000 63 4 w0 r0 m0 f0 r0 p0
 4455111=837101+2191661+1611754 i1877017 u3226548 u0 t2.963
44043 40000 91 4 w0 r0 m0 f0 r0 p0
 6020851=1126445+2951279+2192551 i2436084 u4457833 u0 t3.186
55121 50000 91 4 w0 r0 m0 f0 r0 p0
 7456147=1398962+3658349+2709577 i2939468 u5599484 u0 t3.006
66115 60000 91 4 w0 r0 m0 f0 r0 p0
 8880851=1666179+4350823+3234648 i3419104 u6749918 u0 t2.983
77117 70000 91 4 w0 r0 m0 f0 r0 p0
 10321935=1938435+5065049+3750268 i3906266 u7914960 u0 t3.077
88102 80000 91 4 w0 r0 m0 f0 r0 p0
 11700254=2200704+5742595+4246944 i4363213 u9037806 u0 t2.997
99095 90000 91 4 w0 r0 m0 f0 r0 p0
 13136962=2468232+6447219+4770729 i4834869 u10211527 u0 t3.439
New Cache More Size: 1024
Key count: 4987287, Level node count: 12309
Idx1+ lookups: 0 0 
Avg last exit: 0 0 
Idx1+ positiv: 0 0 
Idx1+ found  : 0 0 
OL: 0 123219754 
CL: 0 123219754 
OC: 0 4987287 
CC: 0 4987287 
TotOL: 123219754, TotCL: 123219754, TotOC: 4987287, TotCC: 4987287
110113 100000 61 3 w0 r0 m0 f0 r0 p0
 14567887=2739132+7154639+5283726 i5290840 u11395752 u0 t13.608
121109 110000 61 3 w0 r0 m0 f0 r0 p0
 15979341=3006343+7853621+5788507 i5744072 u12560404 u0 t3.528
132028 120000 67 3 w0 r0 m0 f0 r0 p0
 17529576=3286631+8592403+6381321 i6202530 u13870471 u0 t3.642
142990 130000 67 4 w0 r0 m0 f0 r0 p0
 18983246=3562515+9313266+6900099 i6652150 u15087377 u0 t3.859
153925 140000 67 4 w0 r0 m0 f0 r0 p0
 20471021=3841520+10053635+7429782 i7107103 u16337894 u0 t3.53
164855 150000 67 4 w0 r0 m0 f0 r0 p0
 21979188=4125986+10799401+7971072 i7567835 u17605454 u0 t3.595
175812 160000 70 4 w0 r0 m0 f0 r0 p0
 23581702=4417062+11563939+8582289 i8035915 u18965547 u0 t3.75
186797 170000 70 4 w0 r0 m0 f0 r0 p0
 25057302=4694184+12294315+9112151 i8483630 u20209360 u0 t3.573
197847 180000 70 4 w0 r0 m0 f0 r0 p0
 26591014=4977448+13039031+9681211 i8936396 u21510058 u0 t3.68
New Cache More Size: 1024
Key count: 4919025, Level node count: 12278
Idx1+ lookups: 0 0 4919025 
Avg last exit: 0 0 6357302 
Idx1+ positiv: 0 0 1201265 
Idx1+ found  : 0 0 785053 
OL: 0 121753554 123219754 
CL: 0 121753554 108733362 
OC: 0 4919025 4987287 
CC: 0 4919025 4202234 
TotOL: 244973308, TotCL: 230486916, TotOC: 9906312, TotCC: 9121259
208776 190000 57 3 w0 r0 m0 f0 r0 p0
 28103392=5261528+13786971+10225271 i9389016 u22790724 u0 t13.116
219728 200000 60 3 w0 r0 m0 f0 r0 p0
 29608450=5546129+14533215+10762856 i9830477 u24075187 u0 t3.786
230584 210000 91 3 w0 r0 m0 f0 r0 p0
 31172079=5839074+15306099+11325356 i10287305 u25409728 u0 t3.872
241548 220000 91 4 w0 r0 m0 f0 r0 p0
 32679763=6122575+16050615+11868600 i10728860 u26695809 u0 t3.794
252514 230000 91 4 w0 r0 m0 f0 r0 p0
 34277699=6416178+16828359+12459598 i11188994 u28062718 u0 t3.974
263483 240000 91 4 w0 r0 m0 f0 r0 p0
 35775557=6699007+17569616+12996180 i11625823 u29342837 u0 t3.802
274496 250000 91 4 w0 r0 m0 f0 r0 p0
 37306382=6986514+18328557+13544391 i12066772 u30656219 u0 t3.901
285461 260000 91 4 w0 r0 m0 f0 r0 p0
 38798460=7268992+19071624+14074163 i12494982 u31939300 u0 t3.841
296415 270000 91 4 w0 r0 m0 f0 r0 p0
 40286808=7549046+19806127+14610350 i12922085 u33217611 u0 t3.809
New Cache More Size: 1024
Key count: 4985645, Level node count: 208
Idx1+ lookups: 0 0 4985645 9111116 
Avg last exit: 0 0 6234407 6371072 
Idx1+ positiv: 0 0 1214843 1844115 
Idx1+ found  : 0 0 793554 1030483 
OL: 0 123560440 121753554 123219754 
CL: 0 123560440 107036452 103754069 
OC: 0 4985645 4919025 4987287 
CC: 0 4985645 4125471 3956804 
TotOL: 368533748, TotCL: 334350961, TotOC: 14891957, TotCC: 13067920
307437 280000 56 3 w0 r0 m0 f0 r0 p0
 41792998=7832777+20553957+15148521 i13350292 u34516184 u0 t13.587
318462 290000 67 3 w0 r0 m0 f0 r0 p0
 43396945=8135807+21348388+15722664 i13806455 u35898383 u0 t4.186
329483 300000 67 3 w0 r0 m0 f0 r0 p0
 45023838=8442695+22162598+16297392 i14273166 u37298170 u0 t4.267
340525 310000 87 4 w0 r0 m0 f0 r0 p0
 46611522=8738490+22941883+16875435 i14719085 u38669830 u0 t4.142
351480 320000 115 4 w0 r0 m0 f0 r0 p0
 48197495=9039364+23732513+17435864 i15165470 u40042326 u0 t4.155
362496 330000 115 4 w0 r0 m0 f0 r0 p0
 49733153=9330690+24494894+17981449 i15594735 u41373894 u0 t4.061
373551 340000 115 4 w0 r0 m0 f0 r0 p0
 51290525=9626489+25266085+18538210 i16032087 u42722206 u0 t4.156
384689 350000 115 4 w0 r0 m0 f0 r0 p0
 52864093=9922506+26034770+19112787 i16473288 u44082729 u0 t4.183
New Cache More Size: 1024
Key count: 5017942, Level node count: 223
Idx1+ lookups: 0 0 5017942 9214368 13097754 
Avg last exit: 0 0 6228023 6207756 6356322 
Idx1+ positiv: 0 0 1214880 1859973 2385634 
Idx1+ found  : 0 0 789219 1035639 1185012 
OL: 0 124112791 123560440 121753554 123219754 
CL: 0 124112791 109004214 102122310 100539326 
OC: 0 5017942 4985645 4919025 4987287 
CC: 0 5017942 4196426 3883386 3802275 
TotOL: 492646539, TotCL: 435778641, TotOC: 19909899, TotCC: 16900029
395874 360000 81 3 w0 r0 m0 f0 r0 p0
 54482814=10222227+26820615+19712099 i16929367 u45477765 u0 t13.887
406862 370000 82 3 w0 r0 m0 f0 r0 p0
 56129529=10531411+27615260+20322783 i17391147 u46898946 u0 t4.47
417894 380000 82 3 w0 r0 m0 f0 r0 p0
 57712939=10827913+28389797+20900694 i17836066 u48266696 u0 t4.324
428912 390000 82 4 w0 r0 m0 f0 r0 p0
 59270425=11119317+29151504+21469881 i18270779 u49614812 u0 t4.279
439874 400000 93 4 w0 r0 m0 f0 r0 p0
 60804875=11404852+29899292+22034731 i18692192 u50948956 u0 t4.235
450859 410000 93 4 w0 r0 m0 f0 r0 p0
 62351122=11693776+30659561+22596197 i19124555 u52287500 u0 t4.291
461847 420000 93 4 w0 r0 m0 f0 r0 p0
 63850824=11975377+31395903+23140104 i19539607 u53589985 u0 t4.184
472807 430000 93 4 w0 r0 m0 f0 r0 p0
 65444263=12275975+32177959+23717696 i19976861 u54977586 u0 t4.584
483790 440000 93 4 w0 r0 m0 f0 r0 p0
 67052753=12576164+32971980+24298942 i20419610 u56377655 u0 t4.525
Shrinking rst_test.ix1.1
Key count: 3693092, Level node count: 11529
Mismatch Cur count: 3693093, rec_count: 3693092
New Cache More Size: 1024
dict_map out file: rst_test.ix1.1
New Cache More Size: 1024
Key count: 5053621, Level node count: 2629
Idx1+ lookups: 0 0 5053620 9291035 13245741 16978295 
Avg last exit: 0 0 6269539 6201167 6175269 6329671 
Idx1+ positiv: 0 0 1210162 1862535 2402152 2875364 
Idx1+ found  : 0 0 780527 1030939 1186471 1294194 
OL: 0 124758731 124112791 123560440 121753554 98241698 
CL: 0 124758731 109778314 104096326 98970971 98241698 
OC: 0 5053621 5017942 4985645 4919025 3693093 
CC: 0 5053621 4237415 3954706 3732554 3693093 
TotOL: 592427214, TotCL: 535846040, TotOC: 23669326, TotCC: 20671389
494708 450000 63 3 w0 r0 m0 f0 r0 p0
 68705880=12884577+33787893+24895987 i20868524 u57822283 u0 t31.107
505590 460000 73 3 w0 r0 m0 f0 r0 p0
 70357917=13192981+34603737+25491973 i21317713 u59266073 u0 t4.82
516566 470000 73 3 w0 r0 m0 f0 r0 p0
 71996869=13498910+35407294+26089306 i21757299 u60702214 u0 t4.74
527520 480000 73 4 w0 r0 m0 f0 r0 p0
 73651210=13807158+36223256+26687956 i22205092 u62148935 u0 t4.839
538466 490000 77 4 w0 r0 m0 f0 r0 p0
 75328397=14119122+37045202+27301246 i22656912 u63616659 u0 t4.986
549399 500000 103 4 w0 r0 m0 f0 r0 p0
 77031657=14444781+37880830+27920554 i23113249 u65110632 u0 t5.061
560288 510000 103 4 w0 r0 m0 f0 r0 p0
 78691897=14755244+38702032+28518770 i23554355 u66571634 u0 t4.974
571192 520000 103 4 w0 r0 m0 f0 r0 p0
 80360592=15064921+39523583+29124866 i24001344 u68035123 u0 t5.021
Shrinking rst_test.ix1.2
Key count: 3624734, Level node count: 11456
New Cache More Size: 1024
dict_map out file: rst_test.ix1.2
New Cache More Size: 1024
Key count: 5019437, Level node count: 11884
Idx1+ lookups: 0 0 5019436 9290620 13281969 17084928 20709662 
Avg last exit: 0 0 6488463 6328429 6222780 6182699 6242368 
Idx1+ positiv: 0 0 1209481 1857949 2401073 2886408 3328608 
Idx1+ found  : 0 0 782436 1026593 1182686 1294291 1379620 
OL: 0 124474562 124758731 124112791 123560440 96680076 98241698 
CL: 0 124474562 110368464 104779076 100927064 96680076 96416726 
OC: 0 5019437 5053621 5017942 4985645 3624734 3693093 
CC: 0 5019437 4271185 3991349 3802959 3624734 3607667 
TotOL: 691828298, TotCL: 633645968, TotOC: 27394472, TotCC: 24317331
582148 530000 56 3 w0 r0 m0 f0 r0 p0
 82044094=15379373+40351252+29736631 i24447914 u69516489 u0 t31.09
593039 540000 63 3 w0 r0 m0 f0 r0 p0
 83778969=15700366+41200465+30372728 i24899734 u71049741 u0 t5.387
604123 550000 63 3 w0 r0 m0 f0 r0 p0
 85301577=15986949+41941190+30932366 i25296658 u72395314 u0 t4.624
615220 560000 69 4 w0 r0 m0 f0 r0 p0
 86603175=16234528+42588345+31398769 i25645743 u73539247 u0 t3.983
626410 570000 69 4 w0 r0 m0 f0 r0 p0
 87874733=16473215+43206126+31867990 i25977087 u74662757 u0 t3.908
637646 580000 69 4 w0 r0 m0 f0 r0 p0
 89107118=16707388+43808787+32316445 i26295790 u75755889 u0 t3.795
648847 590000 70 4 w0 r0 m0 f0 r0 p0
 90412613=16951660+44441753+32801313 i26620959 u76923633 u0 t3.928
660023 600000 70 4 w0 r0 m0 f0 r0 p0
 91570950=17172097+45004553+33225573 i26915253 u77955938 u0 t3.589
671169 610000 70 4 w0 r0 m0 f0 r0 p0
 92720559=17392089+45568160+33643035 i27208751 u78980110 u0 t3.557
682330 620000 104 4 w0 r0 m0 f0 r0 p0
 93872563=17614200+46130772+34061676 i27501429 u80007396 u0 t3.559
693457 630000 104 4 w0 r0 m0 f0 r0 p0
 95117609=17848307+46742027+34515831 i27814270 u81119688 u0 t3.773
Shrinking rst_test.ix1.3
Key count: 3696724, Level node count: 25
New Cache More Size: 1024
dict_map out file: rst_test.ix1.3
New Cache More Size: 1024
Key count: 4935586, Level node count: 238
Idx1+ lookups: 0 0 4935585 9177363 13210709 17053678 20750402 24294593 
Avg last exit: 0 0 6228168 6432665 6307418 6201081 6074817 6166621 
Idx1+ positiv: 0 0 1197444 1841993 2386080 2877244 3328247 3750129 
Idx1+ found  : 0 0 777658 1020274 1174973 1288921 1374834 1446877 
OL: 0 121406005 124474562 124758731 124112791 98667530 96680076 98241698 
CL: 0 121406005 110120323 105577302 101697363 98667530 94957615 94965836 
OC: 0 4935586 5019437 5053621 5017942 3696724 3624734 3693093 
CC: 0 4935586 4241779 4033347 3842969 3696724 3544191 3540410 
TotOL: 788341393, TotCL: 727391974, TotOC: 31041137, TotCC: 27835006
704731 640000 82 3 w0 r0 m0 f0 r0 p0
 96356521=18079814+47339736+34977384 i28121166 u82229506 u0 t28.903
715916 650000 82 3 w0 r0 m0 f0 r0 p0
 97508742=18300176+47903789+35395975 i28406351 u83265050 u0 t3.92
727122 660000 82 3 w0 r0 m0 f0 r0 p0
 98740979=18534472+48502649+35847850 i28710581 u84371797 u0 t4.324
738273 670000 82 4 w0 r0 m0 f0 r0 p0
 99944384=18763831+49088470+36288017 i29009102 u85452209 u0 t3.878
749495 680000 82 4 w0 r0 m0 f0 r0 p0
 101110633=18988146+49655129+36713799 i29295687 u86502085 u0 t3.793
760693 690000 92 4 w0 r0 m0 f0 r0 p0
 102322772=19218634+50241042+37161215 i29597606 u87587705 u0 t4.08
771972 700000 92 4 w0 r0 m0 f0 r0 p0
 103533405=19447840+50827756+37607308 i29897320 u88674141 u0 t3.992
783287 710000 92 4 w0 r0 m0 f0 r0 p0
 104707169=19672297+51400620+38034532 i30187981 u89728387 u0 t3.979
794503 720000 92 4 w0 r0 m0 f0 r0 p0
 105884077=19899080+51986529+38454138 i30484393 u90782935 u0 t3.96
Total lines processed: 723622
Idx0 stats: 
Block Count:407, 41131
Avg Key# in Block:99 = 4080000 (Total Key#) / 41131 (Leaf#)
Avg Max# (Node, Leaf): 155, 148, Max key len: 92
Idx1 stats: 
BloomFilter
        bits: 23653940
        estimated elements: 4935586
        number hashes: 3
        max false positive rate: 0.100000
        bloom length (8 bits): 2956743
        elements added: 4935586
        estimated elements added: 4934615
        current false positive rate: 0.100713
        export size (bytes): 2956763
        number bits set: 11003671
        is on disk: no
Idx2 stats: 
BloomFilter
        bits: 24055799
        estimated elements: 5019437
        number hashes: 3
        max false positive rate: 0.100000
        bloom length (8 bits): 3006975
        elements added: 5019437
        estimated elements added: 5020536
        current false positive rate: 0.100713
        export size (bytes): 3006995
        number bits set: 11193960
        is on disk: no
Idx3 stats: 
BloomFilter
        bits: 24219626
        estimated elements: 5053621
        number hashes: 3
        max false positive rate: 0.100000
        bloom length (8 bits): 3027454
        elements added: 5053621
        estimated elements added: 5053367
        current false positive rate: 0.100713
        export size (bytes): 3027474
        number bits set: 11268012
        is on disk: no
Idx4 stats: 
BloomFilter
        bits: 24048634
        estimated elements: 5017942
        number hashes: 3
        max false positive rate: 0.100000
        bloom length (8 bits): 3006080
        elements added: 5017942
        estimated elements added: 5018354
        current false positive rate: 0.100713
        export size (bytes): 3006100
        number bits set: 11189524
        is on disk: no
Idx5 stats: 
BloomFilter
        bits: 17716658
        estimated elements: 3696724
        number hashes: 3
        max false positive rate: 0.100000
        bloom length (8 bits): 2214583
        elements added: 3696724
        estimated elements added: 3697558
        current false positive rate: 0.100713
        export size (bytes): 2214603
        number bits set: 8244188
        is on disk: no
Idx6 stats: 
BloomFilter
        bits: 17371644
        estimated elements: 3624734
        number hashes: 3
        max false positive rate: 0.100000
        bloom length (8 bits): 2171456
        elements added: 3624734
        estimated elements added: 3624461
        current false positive rate: 0.100713
        export size (bytes): 2171476
        number bits set: 8081890
        is on disk: no
Idx7 stats: 
BloomFilter
        bits: 17699256
        estimated elements: 3693093
        number hashes: 3
        max false positive rate: 0.100000
        bloom length (8 bits): 2212407
        elements added: 3693092
        estimated elements added: 3693742
        current false positive rate: 0.100713
        export size (bytes): 2212427
        number bits set: 8235794
        is on disk: no
Level Count:4
739887 4
395465 4
Max word len: 115
Total words generated: 106337993
Words inserted 30599727
Words updated: 91187105
New Cache More Size: 1024
OUBLK INBLK
    -     -
rchar: 201966090
wchar: 204935527
syscr: 1456
syscw: 5077
read_bytes: 679936
write_bytes: 0
cancelled_write_bytes: 0
Key count: 4080000, Level node count: 2793
640
0
