Csz: 24, pgsz: 4096
Stg buf: 393216kb, Idx1 buf: 393216kb, Idx1+ buf: 1024kb
Idx1 entry count limit: 25 million
10988 10000 63 3 w0 r0 m0 f0 r0 p0
 1501663=280564+736534+546799 i732629 u987122 u0 t1.829
22023 20000 63 3 w0 r0 m0 f0 r0 p0
 2969833=556529+1459387+1077009 i1316180 u2085487 u0 t2.004
33024 30000 63 4 w0 r0 m0 f0 r0 p0
 4455111=837101+2191661+1611754 i1877017 u3226548 u0 t2.057
44043 40000 91 4 w0 r0 m0 f0 r0 p0
 6020851=1126445+2951279+2192551 i2436084 u4457833 u0 t2.218
55121 50000 91 4 w0 r0 m0 f0 r0 p0
 7456147=1398962+3658349+2709577 i2939468 u5599484 u0 t2.085
66115 60000 91 4 w0 r0 m0 f0 r0 p0
 8880851=1666179+4350823+3234648 i3419104 u6749918 u0 t2.153
77117 70000 91 4 w0 r0 m0 f0 r0 p0
 10321935=1938435+5065049+3750268 i3906266 u7914960 u0 t2.134
88102 80000 91 4 w0 r0 m0 f0 r0 p0
 11700254=2200704+5742595+4246944 i4363213 u9037806 u0 t2.072
99095 90000 91 4 w0 r0 m0 f0 r0 p0
 13136962=2468232+6447219+4770729 i4834869 u10211527 u0 t2.161
110113 100000 91 4 w0 r0 m0 f0 r0 p0
 14567887=2739132+7154639+5283726 i5290840 u11395752 u0 t2.183
121109 110000 91 4 w0 r0 m0 f0 r0 p0
 15979341=3006343+7853621+5788507 i5744072 u12560404 u0 t2.169
132028 120000 91 4 w0 r0 m0 f0 r0 p0
 17529576=3286631+8592403+6381321 i6202530 u13870471 u0 t2.315
142990 130000 91 4 w0 r0 m0 f0 r0 p0
 18983246=3562515+9313266+6900099 i6652150 u15087377 u0 t2.255
New Cache More Size: 1024
Key count: 7088709, Level node count: 14789
Idx1+ lookups: 0 0 
Avg last exit: 0 0 
Idx1+ positiv: 0 0 
Idx1+ found  : 0 0 
OL: 0 177509926 
CL: 0 177509926 
OC: 0 7088709 
CC: 0 7088709 
TotOL: 177509926, TotCL: 177509926, TotOC: 7088709, TotCC: 7088709
153925 140000 52 3 w0 r0 m0 f0 r0 p0
 20471021=3841520+10053635+7429782 i7107103 u16337894 u0 t12.37
164855 150000 62 3 w0 r0 m0 f0 r0 p0
 21979188=4125986+10799401+7971072 i7567835 u17605454 u0 t2.578
175812 160000 70 3 w0 r0 m0 f0 r0 p0
 23581702=4417062+11563939+8582289 i8035915 u18965547 u0 t2.646
186797 170000 70 4 w0 r0 m0 f0 r0 p0
 25057302=4694184+12294315+9112151 i8483630 u20209360 u0 t2.493
197847 180000 70 4 w0 r0 m0 f0 r0 p0
 26591014=4977448+13039031+9681211 i8936396 u21510058 u0 t2.624
208776 190000 70 4 w0 r0 m0 f0 r0 p0
 28103392=5261528+13786971+10225271 i9389016 u22790724 u0 t2.622
219728 200000 70 4 w0 r0 m0 f0 r0 p0
 29608450=5546129+14533215+10762856 i9830477 u24075187 u0 t2.623
230584 210000 91 4 w0 r0 m0 f0 r0 p0
 31172079=5839074+15306099+11325356 i10287305 u25409728 u0 t2.726
241548 220000 91 4 w0 r0 m0 f0 r0 p0
 32679763=6122575+16050615+11868600 i10728860 u26695809 u0 t2.649
252514 230000 91 4 w0 r0 m0 f0 r0 p0
 34277699=6416178+16828359+12459598 i11188994 u28062718 u0 t2.786
263483 240000 91 4 w0 r0 m0 f0 r0 p0
 35775557=6699007+17569616+12996180 i11625823 u29342837 u0 t2.676
274496 250000 91 4 w0 r0 m0 f0 r0 p0
 37306382=6986514+18328557+13544391 i12066772 u30656219 u0 t2.741
285461 260000 91 4 w0 r0 m0 f0 r0 p0
 38798460=7268992+19071624+14074163 i12494982 u31939300 u0 t2.691
296415 270000 91 4 w0 r0 m0 f0 r0 p0
 40286808=7549046+19806127+14610350 i12922085 u33217611 u0 t2.673
New Cache More Size: 1024
Key count: 7094642, Level node count: 244
Idx1+ lookups: 0 0 7094641 
Avg last exit: 0 0 8390380 
Idx1+ positiv: 0 0 1716525 
Idx1+ found  : 0 0 1115432 
OL: 0 178037292 177509926 
CL: 0 178037292 156313655 
OC: 0 7094642 7088709 
CC: 0 7094642 5973277 
TotOL: 355547218, TotCL: 334350947, TotOC: 14183351, TotCC: 13067919
307437 280000 56 3 w0 r0 m0 f0 r0 p0
 41792998=7832777+20553957+15148521 i13350292 u34516184 u0 t12.742
318462 290000 67 3 w0 r0 m0 f0 r0 p0
 43396945=8135807+21348388+15722664 i13806455 u35898383 u0 t2.97
329483 300000 67 3 w0 r0 m0 f0 r0 p0
 45023838=8442695+22162598+16297392 i14273166 u37298170 u0 t3.025
340525 310000 87 4 w0 r0 m0 f0 r0 p0
 46611522=8738490+22941883+16875435 i14719085 u38669830 u0 t2.951
351480 320000 115 4 w0 r0 m0 f0 r0 p0
 48197495=9039364+23732513+17435864 i15165470 u40042326 u0 t2.961
362496 330000 115 4 w0 r0 m0 f0 r0 p0
 49733153=9330690+24494894+17981449 i15594735 u41373894 u0 t2.953
373551 340000 115 4 w0 r0 m0 f0 r0 p0
 51290525=9626489+25266085+18538210 i16032087 u42722206 u0 t2.988
384689 350000 115 4 w0 r0 m0 f0 r0 p0
 52864093=9922506+26034770+19112787 i16473288 u44082729 u0 t3
395874 360000 115 4 w0 r0 m0 f0 r0 p0
 54482814=10222227+26820615+19712099 i16929367 u45477765 u0 t3.078
406862 370000 115 4 w0 r0 m0 f0 r0 p0
 56129529=10531411+27615260+20322783 i17391147 u46898946 u0 t3.131
417894 380000 115 4 w0 r0 m0 f0 r0 p0
 57712939=10827913+28389797+20900694 i17836066 u48266696 u0 t3.025
428912 390000 115 4 w0 r0 m0 f0 r0 p0
 59270425=11119317+29151504+21469881 i18270779 u49614812 u0 t3
439874 400000 115 4 w0 r0 m0 f0 r0 p0
 60804875=11404852+29899292+22034731 i18692192 u50948956 u0 t2.926
New Cache More Size: 1024
Key count: 7198314, Level node count: 2931
Idx1+ lookups: 0 0 7198314 13180698 
Avg last exit: 0 0 8183505 8325765 
Idx1+ positiv: 0 0 1724304 2649643 
Idx1+ found  : 0 0 1112257 1469635 
OL: 0 180149024 178037292 177509926 
CL: 0 180149024 156955830 148960540 
OC: 0 7198314 7094642 7088709 
CC: 0 7198314 5982385 5619074 
TotOL: 535696242, TotCL: 486065394, TotOC: 21381665, TotCC: 18799773
450859 410000 75 3 w0 r0 m0 f0 r0 p0
 62351122=11693776+30659561+22596197 i19124555 u52287500 u0 t13.318
461847 420000 75 3 w0 r0 m0 f0 r0 p0
 63850824=11975377+31395903+23140104 i19539607 u53589985 u0 t2.993
472807 430000 75 3 w0 r0 m0 f0 r0 p0
 65444263=12275975+32177959+23717696 i19976861 u54977586 u0 t3.179
483790 440000 75 4 w0 r0 m0 f0 r0 p0
 67052753=12576164+32971980+24298942 i20419610 u56377655 u0 t3.256
494708 450000 75 4 w0 r0 m0 f0 r0 p0
 68705880=12884577+33787893+24895987 i20868524 u57822283 u0 t3.353
505590 460000 75 4 w0 r0 m0 f0 r0 p0
 70357917=13192981+34603737+25491973 i21317713 u59266073 u0 t3.353
516566 470000 75 4 w0 r0 m0 f0 r0 p0
 71996869=13498910+35407294+26089306 i21757299 u60702214 u0 t3.362
527520 480000 75 4 w0 r0 m0 f0 r0 p0
 73651210=13807158+36223256+26687956 i22205092 u62148935 u0 t3.386
538466 490000 77 4 w0 r0 m0 f0 r0 p0
 75328397=14119122+37045202+27301246 i22656912 u63616659 u0 t3.424
549399 500000 103 4 w0 r0 m0 f0 r0 p0
 77031657=14444781+37880830+27920554 i23113249 u65110632 u0 t3.49
560288 510000 103 4 w0 r0 m0 f0 r0 p0
 78691897=14755244+38702032+28518770 i23554355 u66571634 u0 t3.412
571192 520000 103 4 w0 r0 m0 f0 r0 p0
 80360592=15064921+39523583+29124866 i24001344 u68035123 u0 t3.422
New Cache More Size: 1024
Key count: 7193339, Level node count: 15831
Idx1+ lookups: 0 0 7193339 13281968 18915192 
Avg last exit: 0 0 8514895 8208120 8315352 
Idx1+ positiv: 0 0 1721852 2652302 3421176 
Idx1+ found  : 0 0 1109685 1461417 1686573 
OL: 0 180480126 180149024 178037292 177509926 
CL: 0 180480126 159141918 149679957 144343934 
OC: 0 7193339 7198314 7094642 7088709 
CC: 0 7193339 6088629 5633225 5402136 
TotOL: 716176368, TotCL: 633645935, TotOC: 28575004, TotCC: 24317329
582148 530000 56 3 w0 r0 m0 f0 r0 p0
 82044094=15379373+40351252+29736631 i24447914 u69516489 u0 t13.794
593039 540000 63 3 w0 r0 m0 f0 r0 p0
 83778969=15700366+41200465+30372728 i24899734 u71049741 u0 t3.763
604123 550000 63 3 w0 r0 m0 f0 r0 p0
 85301577=15986949+41941190+30932366 i25296658 u72395314 u0 t3.24
615220 560000 69 4 w0 r0 m0 f0 r0 p0
 86603175=16234528+42588345+31398769 i25645743 u73539247 u0 t2.782
626410 570000 69 4 w0 r0 m0 f0 r0 p0
 87874733=16473215+43206126+31867990 i25977087 u74662757 u0 t2.733
637646 580000 69 4 w0 r0 m0 f0 r0 p0
 89107118=16707388+43808787+32316445 i26295790 u75755889 u0 t2.664
648847 590000 70 4 w0 r0 m0 f0 r0 p0
 90412613=16951660+44441753+32801313 i26620959 u76923633 u0 t2.733
660023 600000 70 4 w0 r0 m0 f0 r0 p0
 91570950=17172097+45004553+33225573 i26915253 u77955938 u0 t2.512
671169 610000 70 4 w0 r0 m0 f0 r0 p0
 92720559=17392089+45568160+33643035 i27208751 u78980110 u0 t2.501
682330 620000 104 4 w0 r0 m0 f0 r0 p0
 93872563=17614200+46130772+34061676 i27501429 u80007396 u0 t2.502
693457 630000 104 4 w0 r0 m0 f0 r0 p0
 95117609=17848307+46742027+34515831 i27814270 u81119688 u0 t2.648
704731 640000 104 4 w0 r0 m0 f0 r0 p0
 96356521=18079814+47339736+34977384 i28121166 u82229506 u0 t2.654
715916 650000 104 4 w0 r0 m0 f0 r0 p0
 97508742=18300176+47903789+35395975 i28406351 u83265050 u0 t2.494
727122 660000 104 4 w0 r0 m0 f0 r0 p0
 98740979=18534472+48502649+35847850 i28710581 u84371797 u0 t2.668
738273 670000 104 4 w0 r0 m0 f0 r0 p0
 99944384=18763831+49088470+36288017 i29009102 u85452209 u0 t2.611
749495 680000 104 4 w0 r0 m0 f0 r0 p0
 101110633=18988146+49655129+36713799 i29295687 u86502085 u0 t2.53
Shrinking rst_test.ix1.1
Key count: 5252707, Level node count: 13758
New Cache More Size: 1024
dict_map out file: rst_test.ix1.1
New Cache More Size: 1024
Key count: 7008786, Level node count: 246
Idx1+ lookups: 0 0 7008786 13107464 18853405 24276826 
Avg last exit: 0 0 8315198 8450985 8169112 8278559 
Idx1+ positiv: 0 0 1689987 2626215 3401770 4094896 
Idx1+ found  : 0 0 1094661 1452373 1671220 1836002 
OL: 0 174546462 180480126 180149024 178037292 141126288 
CL: 0 174546462 159746208 152058741 145215077 141126288 
OC: 0 7008786 7193339 7198314 7094642 5252707 
CC: 0 7008786 6098678 5745941 5423422 5252707 
TotOL: 854339192, TotCL: 772692776, TotOC: 33747788, TotCC: 29529534
760693 690000 88 3 w0 r0 m0 f0 r0 p0
 102322772=19218634+50241042+37161215 i29597606 u87587705 u0 t30.689
771972 700000 88 3 w0 r0 m0 f0 r0 p0
 103533405=19447840+50827756+37607308 i29897320 u88674141 u0 t2.798
783287 710000 88 3 w0 r0 m0 f0 r0 p0
 104707169=19672297+51400620+38034532 i30187981 u89728387 u0 t2.688
794503 720000 88 3 w0 r0 m0 f0 r0 p0
 105884077=19899080+51986529+38454138 i30484393 u90782935 u0 t2.648
805629 730000 88 4 w0 r0 m0 f0 r0 p0
 107102606=20129008+52567936+38912857 i30784785 u91875300 u0 t2.736
816809 740000 88 4 w0 r0 m0 f0 r0 p0
 108260442=20346670+53116721+39353020 i31063829 u92918091 u0 t2.608
827890 750000 99 4 w0 r0 m0 f0 r0 p0
 109450263=20570289+53679196+39809019 i31352981 u93987172 u0 t2.636
839058 760000 99 4 w0 r0 m0 f0 r0 p0
 110562747=20782639+54214127+40221777 i31620192 u94993205 u0 t2.524
850231 770000 99 4 w0 r0 m0 f0 r0 p0
 111752686=21007204+54789950+40662024 i31911832 u96063102 u0 t2.689
861324 780000 99 4 w0 r0 m0 f0 r0 p0
 112864986=21220423+55328425+41070963 i32186742 u97061835 u0 t2.552
872344 790000 99 4 w0 r0 m0 f0 r0 p0
 114010109=21439524+55879572+41494848 i32459515 u98100041 u0 t2.614
883522 800000 99 4 w0 r0 m0 f0 r0 p0
 115161048=21660061+56435512+41919053 i32734766 u99142592 u0 t2.644
894714 810000 99 4 w0 r0 m0 f0 r0 p0
 116268533=21873210+56964926+42332738 i33003900 u100140572 u0 t2.558
905844 820000 99 4 w0 r0 m0 f0 r0 p0
 117391478=22087870+57507981+42746335 i33271939 u101158006 u0 t2.576
916882 830000 99 4 w0 r0 m0 f0 r0 p0
 118666012=22330007+58123971+43219027 i33587547 u102300671 u0 t2.901
927964 840000 99 4 w0 r0 m0 f0 r0 p0
 119859814=22558740+58706062+43653178 i33882590 u103373769 u0 t2.763
939033 850000 99 4 w0 r0 m0 f0 r0 p0
 121120097=22797057+59316939+44117540 i34192756 u104506318 u0 t2.91
950128 860000 99 4 w0 r0 m0 f0 r0 p0
 122354161=23032142+59920770+44564945 i34498917 u105614132 u0 t2.862
Shrinking rst_test.ix1.2
Key count: 5272361, Level node count: 233
Mismatch Cur count: 5272362, rec_count: 5272361
New Cache More Size: 1024
dict_map out file: rst_test.ix1.2
New Cache More Size: 1024
Key count: 6988069, Level node count: 247
Idx1+ lookups: 0 0 6988068 12874970 18629155 24161410 29433771 
Avg last exit: 0 0 8213020 8291293 8414815 8137232 8188127 
Idx1+ positiv: 0 0 1713668 2592095 3374279 4070900 4720942 
Idx1+ found  : 0 0 1121884 1439154 1666059 1822280 1954582 
OL: 0 173330900 174546462 180480126 180149024 141968726 141126288 
CL: 0 173330900 153288945 152636284 147569579 141968726 138557107 
OC: 0 6988069 7008786 7193339 7198314 5272362 5252707 
CC: 0 6988069 5886902 5754185 5532255 5272362 5134127 
TotOL: 991601526, TotCL: 907351541, TotOC: 38913577, TotCC: 34567900
961260 870000 70 3 w0 r0 m0 f0 r0 p0
 123573714=23265156+60513662+45010532 i34798097 u106711505 u0 t30.995
972424 880000 70 3 w0 r0 m0 f0 r0 p0
 124788336=23496396+61098156+45461081 i35096160 u107803055 u0 t2.971
983571 890000 70 3 w0 r0 m0 f0 r0 p0
 125999548=23725782+61687928+45904551 i35396104 u108889760 u0 t2.971
994789 900000 70 3 w0 r0 m0 f0 r0 p0
 127172823=23948729+62252858+46339682 i35679752 u109948751 u0 t2.848
1005944 910000 70 4 w0 r0 m0 f0 r0 p0
 128418184=24183935+62848114+46805458 i35967836 u111084340 u0 t2.959
1017100 920000 70 4 w0 r0 m0 f0 r0 p0
 129545948=24400080+63392506+47221135 i36239862 u112103726 u0 t2.784
1028294 930000 70 4 w0 r0 m0 f0 r0 p0
 130643767=24609789+63922720+47625923 i36504981 u113095397 u0 t2.662
1039422 940000 81 4 w0 r0 m0 f0 r0 p0
 131802756=24830099+64485884+48050761 i36784916 u114142665 u0 t2.808
1050473 950000 81 4 w0 r0 m0 f0 r0 p0
 132969366=25052197+65053534+48476717 i37064028 u115199603 u0 t2.809
1061568 960000 81 4 w0 r0 m0 f0 r0 p0
 134157706=25282050+65633678+48906915 i37340582 u116285860 u0 t2.85
1072599 970000 81 4 w0 r0 m0 f0 r0 p0
 135407467=25517546+66234964+49372288 i37632577 u117423128 u0 t2.978
1083733 980000 81 4 w0 r0 m0 f0 r0 p0
 136514372=25732860+66779076+49768190 i37896973 u118428714 u0 t2.68
1094785 990000 89 4 w0 r0 m0 f0 r0 p0
 137634416=25949068+67323878+50175892 i38165855 u119443515 u0 t2.713
1105876 1000000 89 4 w0 r0 m0 f0 r0 p0
 138781015=26169464+67886377+50589434 i38439704 u120484696 u0 t2.8
1117034 1010000 89 4 w0 r0 m0 f0 r0 p0
 139902328=26386172+68433488+50996382 i38709598 u121499844 u0 t2.729
1128112 1020000 89 4 w0 r0 m0 f0 r0 p0
 141036705=26605393+68991950+51402445 i38983317 u122527642 u0 t2.779
1139060 1030000 89 4 w0 r0 m0 f0 r0 p0
 142284153=26846201+69605267+51850081 i39289013 u123652627 u0 t3.054
New Cache More Size: 1024
Key count: 7003662, Level node count: 220
Idx1+ lookups: 0 0 7003662 12867042 18406693 23943269 29320145 34473249 
Avg last exit: 0 0 8247637 8222225 8294043 8401975 8066879 8130522 
Idx1+ positiv: 0 0 1716747 2618555 3344484 4049202 4699025 5319198 
Idx1+ found  : 0 0 1124688 1469135 1656763 1821438 1941537 2053635 
OL: 0 173801929 173330900 174546462 180480126 180149024 141968726 141126288 
CL: 0 173801929 151996951 146111781 148053934 144244897 139379195 136396865 
OC: 0 7003662 6988069 7008786 7193339 7198314 5272362 5252707 
CC: 0 7003662 5863381 5539651 5536576 5376876 5153105 5035074 
TotOL: 1165403455, TotCL: 1039985552, TotOC: 45917239, TotCC: 39508325
1150007 1040000 70 3 w0 r0 m0 f0 r0 p0
 143675917=27111664+70284235+52356962 i39628114 u124907311 u0 t13.456
1160894 1050000 79 3 w0 r0 m0 f0 r0 p0
 145112849=27383007+70990985+52876373 i39982857 u126199024 u0 t3.678
1171814 1060000 79 3 w0 r0 m0 f0 r0 p0
 146493466=27645470+71670517+53373699 i40324150 u127439984 u0 t3.488
1182789 1070000 79 4 w0 r0 m0 f0 r0 p0
 147885946=27910737+72358778+53871861 i40668143 u128692797 u0 t3.536
1193726 1080000 79 4 w0 r0 m0 f0 r0 p0
 149248573=28170852+73028966+54362303 i41002305 u129920489 u0 t3.473
1204582 1090000 79 4 w0 r0 m0 f0 r0 p0
 150675635=28443408+73739146+54868607 i41358116 u131201909 u0 t3.646
1215452 1100000 79 4 w0 r0 m0 f0 r0 p0
 152122476=28719425+74451995+55388560 i41709898 u132508071 u0 t3.677
1226363 1110000 79 4 w0 r0 m0 f0 r0 p0
 153617858=29001917+75190527+55926027 i42075957 u133856171 u0 t3.827
1237247 1120000 79 4 w0 r0 m0 f0 r0 p0
 155054261=29275805+75901339+56439032 i42426773 u135152278 u0 t3.662
1248176 1130000 79 4 w0 r0 m0 f0 r0 p0
 156519680=29555003+76624493+56964331 i42785721 u136473318 u0 t3.746
1259068 1140000 79 4 w0 r0 m0 f0 r0 p0
 157977948=29830686+77346072+57486978 i43143837 u137786721 u0 t3.727
1269968 1150000 79 4 w0 r0 m0 f0 r0 p0
 159450172=30110531+78082271+58007477 i43509450 u139110160 u0 t3.765
1280888 1160000 79 4 w0 r0 m0 f0 r0 p0
 160907827=30387286+78807042+58526230 i43872376 u140418838 u0 t3.752
1291754 1170000 79 4 w0 r0 m0 f0 r0 p0
 162377563=30666293+79535830+59050443 i44234308 u141742467 u0 t3.779
Shrinking rst_test.ix1.3
Key count: 5248682, Level node count: 203
New Cache More Size: 1024
dict_map out file: rst_test.ix1.3
New Cache More Size: 1024
Key count: 7184746, Level node count: 3098
Idx1+ lookups: 0 0 7184746 13072937 18589533 23909590 29281446 34530128 39579622 
Avg last exit: 0 0 8332640 8288285 8256074 8332631 8421174 8037286 8106785 
Idx1+ positiv: 0 0 1726548 2638565 3393006 4046190 4702102 5317302 5910224 
Idx1+ found  : 0 0 1115471 1471472 1688729 1821483 1949632 2045147 2139837 
OL: 0 179421798 173801929 173330900 174546462 180480126 141464837 141968726 141126288 
CL: 0 179421798 152713757 144864183 141464018 144506039 141464837 137097854 134489968 
OC: 0 7184746 7003662 6988069 7008786 7193339 5248682 5272362 5252707 
CC: 0 7184746 5888191 5516597 5320057 5371856 5248682 5049495 4948872 
TotOL: 1306141066, TotCL: 1176022454, TotOC: 51152353, TotCC: 44528496
1302652 1180000 52 3 w0 r0 m0 f0 r0 p0
 163860539=30948696+80270902+59578840 i44594235 u143083725 u0 t33.622
1313613 1190000 71 3 w0 r0 m0 f0 r0 p0
 165342572=31230146+81006856+60107044 i44959732 u144418003 u0 t3.998
1324596 1200000 75 3 w0 r0 m0 f0 r0 p0
 166825257=31511423+81745045+60633294 i45321678 u145756989 u0 t4.004
1335456 1210000 75 4 w0 r0 m0 f0 r0 p0
 168344658=31799164+82499352+61175129 i45695473 u147125588 u0 t4.097
1346441 1220000 75 4 w0 r0 m0 f0 r0 p0
 169903116=32093687+83267629+61736463 i46069571 u148537242 u0 t4.245
1357399 1230000 77 4 w0 r0 m0 f0 r0 p0
 171459885=32386736+84039990+62292707 i46446578 u149944874 u0 t4.168
1368385 1240000 91 4 w0 r0 m0 f0 r0 p0
 173068172=32689518+84834892+62871465 i46833304 u151401405 u0 t4.297
1379469 1250000 91 4 w0 r0 m0 f0 r0 p0
 174698505=32994406+85643477+63455849 i47230695 u152872229 u0 t4.361
1390543 1260000 91 4 w0 r0 m0 f0 r0 p0
 176336577=33299469+86446427+64054269 i47623979 u154353702 u0 t4.346
1401635 1270000 91 4 w0 r0 m0 f0 r0 p0
 177964524=33605748+87254333+64636272 i48023094 u155820988 u0 t4.347
1412662 1280000 91 4 w0 r0 m0 f0 r0 p0
 179568697=33910264+88055050+65203459 i48414730 u157270044 u0 t4.307
1423732 1290000 91 4 w0 r0 m0 f0 r0 p0
 181168959=34210477+88845071+65780281 i48803701 u158714947 u0 t4.263
1434749 1300000 91 4 w0 r0 m0 f0 r0 p0
 182828415=34519798+89661203+66382737 i49206800 u160212207 u0 t4.416
Shrinking rst_test.ix1.5
Key count: 5166797, Level node count: 241
New Cache More Size: 1024
dict_map out file: rst_test.ix1.5
Shrinking rst_test.ix1.4
Key count: 5243704, Level node count: 14890
New Cache More Size: 1024
dict_map out file: rst_test.ix1.4
New Cache More Size: 1024
Key count: 7181347, Level node count: 65221
Idx1+ lookups: 0 0 7181347 13247322 18790061 24096717 29263514 34507218 39651171 44613722 
Avg last exit: 0 0 8501825 8354676 8316391 8280069 8362744 8398369 8022615 8093294 
Idx1+ positiv: 0 0 1728943 2646531 3403348 4086139 4699818 5321142 5912113 6483818 
Idx1+ found  : 0 0 1118771 1460923 1681412 1841989 1949635 2054361 2132090 2214209 
OL: 0 180047271 179421798 173801929 173330900 138148925 141716795 141464837 141968726 141126288 
CL: 0 180047271 158268643 145572080 140415443 138148925 141716795 139159676 135163511 132832550 
OC: 0 7181347 7184746 7003662 6988069 5166797 5243704 5248682 5272362 5252707 
CC: 0 7181347 6065975 5542739 5306657 5166797 5243704 5143953 4962552 4874500 
TotOL: 1411027469, TotCL: 1311324894, TotOC: 54542076, TotCC: 49488224
1445738 1310000 79 3 w0 r0 m0 f0 r0 p0
 184513810=34836400+90488851+66994851 i49619977 u161729322 u0 t52.273
1456743 1320000 79 3 w0 r0 m0 f0 r0 p0
 186190777=35151296+91313453+67602831 i50028236 u163241882 u0 t4.699
1467716 1330000 79 3 w0 r0 m0 f0 r0 p0
 187946945=35480337+92177165+68239998 i50452742 u164828600 u0 t4.795
1478847 1340000 85 4 w0 r0 m0 f0 r0 p0
 189697299=35804419+93033522+68881740 i50879599 u166404778 u0 t4.815
1489858 1350000 85 4 w0 r0 m0 f0 r0 p0
 191414728=36125132+93880640+69503264 i51304578 u167947076 u0 t4.749
1500812 1360000 85 4 w0 r0 m0 f0 r0 p0
 193066497=36431463+94688311+70109152 i51712637 u169429830 u0 t4.543
1511816 1370000 100 4 w0 r0 m0 f0 r0 p0
 194750555=36746208+95519892+70716925 i52120560 u170951494 u0 t4.677
1522795 1380000 100 4 w0 r0 m0 f0 r0 p0
 196383374=37050140+96326851+71306199 i52520689 u172421613 u0 t4.548
1533703 1390000 100 4 w0 r0 m0 f0 r0 p0
 198040225=37358448+97143117+71907133 i52930020 u173910136 u0 t4.603
1544569 1400000 100 4 w0 r0 m0 f0 r0 p0
 199683285=37667316+97956179+72496990 i53328722 u175394716 u0 t4.569
1555499 1410000 100 4 w0 r0 m0 f0 r0 p0
 201439474=37995459+98821930+73132258 i53752784 u176981906 u0 t4.87
1566395 1420000 100 4 w0 r0 m0 f0 r0 p0
 203165083=38317565+99678555+73751000 i54169463 u178542791 u0 t4.801
Shrinking rst_test.ix1.6
Key count: 5155168, Level node count: 242
Mismatch Cur count: 5155169, rec_count: 5155168
New Cache More Size: 1024
dict_map out file: rst_test.ix1.6
New Cache More Size: 1024
Key count: 7243563, Level node count: 2888
Idx1+ lookups: 0 0 7243562 13316369 19033839 24367031 29522199 34569630 39707711 44762118 49650322 
Avg last exit: 0 0 8332340 8438091 8322994 8299418 8200950 8321164 8363975 7995361 8068931 
Idx1+ positiv: 0 0 1726858 2658834 3417717 4100352 4740236 5328613 5924247 6493259 7049851 
Idx1+ found  : 0 0 1108540 1467276 1670470 1832900 1961355 2055258 2143907 2206437 2279581 
OL: 0 181310941 180047271 179421798 173801929 137175265 138148925 141716795 141464837 141968726 141126288 
CL: 0 181310941 159076506 151040616 141166083 137175265 135563722 139415644 137198801 133497968 131382554 
OC: 0 7243563 7181347 7184746 7003662 5155169 5166797 5243704 5248682 5272362 5252707 
CC: 0 7243563 6072807 5717470 5333192 5155169 5047431 5138081 5054407 4888205 4809128 
TotOL: 1556182775, TotCL: 1446828100, TotOC: 59952739, TotCC: 54459453
1577238 1430000 75 3 w0 r0 m0 f0 r0 p0
 204894416=38640361+100537132+74371288 i54592106 u180101537 u0 t33.089
1588118 1440000 101 3 w0 r0 m0 f0 r0 p0
 206627102=38964282+101395438+74993454 i55013351 u181665497 u0 t4.971
1598949 1450000 101 3 w0 r0 m0 f0 r0 p0
 208394406=39292777+102268869+75631799 i55438725 u183264528 u0 t5.05
1609797 1460000 101 4 w0 r0 m0 f0 r0 p0
 210170319=39622403+103146362+76274190 i55865198 u184871563 u0 t5.109
1620630 1470000 101 4 w0 r0 m0 f0 r0 p0
 211921170=39952135+104017109+76898673 i56281940 u186461122 u0 t5.05
1631477 1480000 101 4 w0 r0 m0 f0 r0 p0
 213670627=40279217+104881983+77529055 i56703093 u188043701 u0 t5.055
1642373 1490000 101 4 w0 r0 m0 f0 r0 p0
 215467929=40615467+105772455+78174765 i57130423 u189675587 u0 t5.198
1653233 1500000 101 4 w0 r0 m0 f0 r0 p0
 217268084=40950561+106663886+78823410 i57559234 u191309082 u0 t5.191
1664130 1510000 101 4 w0 r0 m0 f0 r0 p0
 219046446=41280963+107539800+79469044 i57979414 u192925002 u0 t5.098
1675034 1520000 101 4 w0 r0 m0 f0 r0 p0
 220835404=41612975+108422057+80117534 i58403564 u194549358 u0 t5.151
1685958 1530000 101 4 w0 r0 m0 f0 r0 p0
 222654573=41950493+109317901+80778379 i58831532 u196204329 u0 t5.246
1696847 1540000 101 4 w0 r0 m0 f0 r0 p0
 224442361=42281602+110193885+81432689 i59253839 u197827702 u0 t5.137
Shrinking rst_test.ix1.7
Key count: 5183053, Level node count: 237
New Cache More Size: 1024
dict_map out file: rst_test.ix1.7
New Cache More Size: 1024
Key count: 7189331, Level node count: 62583
Idx1+ lookups: 0 0 7189331 13322674 19040741 24539327 29722380 34759964 39710079 44760383 49740548 54563474 
Avg last exit: 0 0 8629674 8396936 8464017 8334076 8244319 8172323 8309652 8351835 7986263 8063395 
Idx1+ positiv: 0 0 1723578 2658973 3433462 4108390 4746373 5354331 5924621 6498131 7053814 7599050 
Idx1+ found  : 0 0 1110219 1463280 1686160 1820609 1950484 2058671 2143035 2218149 2271715 2338815 
OL: 0 180683634 181310941 180047271 179421798 137945576 137175265 138148925 141716795 141464837 141968726 141126288 
CL: 0 180683634 160310698 151706651 146395104 137945576 134621244 133411963 137467763 135547320 132027916 130055085 
OC: 0 7189331 7243563 7181347 7184746 5183053 5155169 5166797 5243704 5248682 5272362 5252707 
CC: 0 7189331 6133344 5718067 5498586 5183053 5037585 4950115 5050304 4980165 4822927 4749894 
TotOL: 1701010056, TotCL: 1580172954, TotOC: 65321461, TotCC: 59313371
1707676 1550000 65 3 w0 r0 m0 f0 r0 p0
 226272742=42619605+111095368+82098625 i59687831 u199488756 u0 t33.674
1718573 1560000 65 3 w0 r0 m0 f0 r0 p0
 228104597=42957580+111994802+82768470 i60119120 u201153217 u0 t5.419
1729487 1570000 65 4 w0 r0 m0 f0 r0 p0
 229880904=43285461+112866746+83417917 i60535141 u202770020 u0 t5.26
1740347 1580000 89 4 w0 r0 m0 f0 r0 p0
 231680629=43618172+113748000+84077370 i60957435 u204407110 u0 t5.367
1751207 1590000 89 4 w0 r0 m0 f0 r0 p0
 233507773=43956640+114647778+84741743 i61386971 u206068768 u0 t5.457
1762023 1600000 97 4 w0 r0 m0 f0 r0 p0
 235283992=44287479+115526027+85382484 i61804603 u207685505 u0 t5.343
1772878 1610000 97 4 w0 r0 m0 f0 r0 p0
 237058062=44615710+116394367+86032989 i62221538 u209298850 u0 t5.294
1783723 1620000 97 4 w0 r0 m0 f0 r0 p0
 238817123=44942446+117265322+86667096 i62634279 u210900749 u0 t5.313
1794607 1630000 101 4 w0 r0 m0 f0 r0 p0
 240593085=45270791+118136276+87316392 i63050348 u212516680 u0 t5.327
1805498 1640000 101 4 w0 r0 m0 f0 r0 p0
 242382851=45602364+119021975+87963254 i63469245 u214147516 u0 t5.345
1816421 1650000 101 4 w0 r0 m0 f0 r0 p0
 244178822=45933915+119909627+88614033 i63894187 u215778742 u0 t5.372
Shrinking rst_test.ix1.8
Key count: 5341423, Level node count: 280
New Cache More Size: 1024
dict_map out file: rst_test.ix1.8
New Cache More Size: 1024
Key count: 7183308, Level node count: 63533
Idx1+ lookups: 0 0 7183308 13251365 19035151 24532672 29874095 34938587 39881831 44749621 49723887 54637690 59402113 
Avg last exit: 0 0 8468806 8643809 8423789 8480146 8271484 8208344 8150755 8300707 8341776 7980195 8058794 
Idx1+ positiv: 0 0 1732051 2647454 3432003 4128406 4753165 5357698 5943183 6501041 7058490 7599549 8133490 
Idx1+ found  : 0 0 1121274 1459776 1683826 1843323 1939170 2044824 2140996 2219073 2284511 2330218 2391315 
OL: 0 180755839 180683634 181310941 180047271 143010265 137945576 137175265 138148925 141716795 141464837 141968726 141126288 
CL: 0 180755839 159360548 153057999 147000193 143010265 135370272 132563993 131588059 135773661 134060626 130698841 128866252 
OC: 0 7183308 7189331 7243563 7181347 5341423 5183053 5155169 5166797 5243704 5248682 5272362 5252707 
CC: 0 7183308 6068057 5783787 5497521 5341423 5064492 4943245 4867790 4974266 4913803 4764424 4697394 
TotOL: 1845354362, TotCL: 1712106548, TotOC: 70661446, TotCC: 64099510
1827273 1660000 63 3 w0 r0 m0 f0 r0 p0
 245982710=46268214+120794044+89273491 i64317518 u217419589 u0 t34.254
1838160 1670000 97 3 w0 r0 m0 f0 r0 p0
 247787451=46603036+121681664+89930178 i64744095 u219058868 u0 t5.543
1849005 1680000 97 4 w0 r0 m0 f0 r0 p0
 249559255=46929845+122549529+90579632 i65155713 u220674845 u0 t5.424
1859879 1690000 97 4 w0 r0 m0 f0 r0 p0
 251260145=47246311+123393055+91190935 i65554463 u222224849 u0 t5.331
1870739 1700000 97 4 w0 r0 m0 f0 r0 p0
 253019866=47573526+124267404+91822433 i65965082 u223830500 u0 t5.468
1881698 1710000 97 4 w0 r0 m0 f0 r0 p0
 254708896=47889282+125101992+92431807 i66357118 u225373382 u0 t5.251
1892578 1720000 97 4 w0 r0 m0 f0 r0 p0
 256422005=48209762+125948816+93049301 i66754510 u226938843 u0 t5.319
1903425 1730000 97 4 w0 r0 m0 f0 r0 p0
 258151069=48531128+126803006+93675093 i67155597 u228518441 u0 t5.377
1914319 1740000 97 4 w0 r0 m0 f0 r0 p0
 259943293=48864688+127681881+94330331 i67569960 u230155013 u0 t5.545
1925121 1750000 97 4 w0 r0 m0 f0 r0 p0
 261669165=49186851+128536860+94951071 i67971520 u231731144 u0 t5.378
1936035 1760000 97 4 w0 r0 m0 f0 r0 p0
 263458272=49520220+129423171+95595224 i68393201 u233359118 u0 t5.576
1946942 1770000 97 4 w0 r0 m0 f0 r0 p0
 265176789=49839955+130265313+96222788 i68783714 u234935579 u0 t5.293
Shrinking rst_test.ix1.9
Key count: 5338265, Level node count: 59526
New Cache More Size: 1024
dict_map out file: rst_test.ix1.9
New Cache More Size: 1024
Key count: 7183819, Level node count: 14529
Idx1+ lookups: 0 0 7183818 13240236 18953694 24521659 29859924 35078978 40049088 44911846 49710347 54617759 59473020 64184767 
Avg last exit: 0 0 8427601 8465278 8641948 8433249 8422105 8226411 8180277 8129707 8293616 8334709 7974870 8052613 
Idx1+ positiv: 0 0 1737125 2661703 3416553 4128367 4775987 5362035 5944814 6512378 7061288 7603268 8134675 8657912 
Idx1+ found  : 0 0 1126890 1475873 1675597 1843082 1965692 2033552 2125310 2210285 2285927 2343053 2382894 2438702 
OL: 0 180520139 180755839 180683634 181310941 143559322 143010265 137945576 137175265 138148925 141716795 141464837 141968726 141126288 
CL: 0 180520139 159275027 151973331 148491160 143559322 140361187 133311165 130791139 130041771 134277929 132751870 129496860 127790949 
OC: 0 7183819 7183308 7189331 7243563 5338265 5341423 5183053 5155169 5166797 5243704 5248682 5272362 5252707 
CC: 0 7183819 6056418 5713458 5567966 5338265 5219054 4970110 4862759 4798501 4907412 4855261 4711748 4650007 
TotOL: 1989386552, TotCL: 1842641849, TotOC: 76002183, TotCC: 68834778
1957829 1780000 58 3 w0 r0 m0 f0 r0 p0
 266880264=50159017+131109725+96834255 i69177597 u236494139 u0 t34.402
1968722 1790000 64 3 w0 r0 m0 f0 r0 p0
 268620330=50482904+131964281+97468130 i69581489 u238082402 u0 t5.556
1979581 1800000 64 4 w0 r0 m0 f0 r0 p0
 270290901=50794936+132785153+98075566 i69970317 u239606288 u0 t5.336
1990482 1810000 76 4 w0 r0 m0 f0 r0 p0
 271956658=51106210+133601567+98683140 i70349641 u241134070 u0 t5.326
2001382 1820000 76 4 w0 r0 m0 f0 r0 p0
 273619806=51416038+134416362+99290731 i70737453 u242650136 u0 t5.318
2012247 1830000 76 4 w0 r0 m0 f0 r0 p0
 275314039=51732959+135250341+99905069 i71125264 u244202513 u0 t5.433
Total lines processed: 1839030
Idx0 stats: 
Block Count:471, 43878
Avg Key# in Block:98 = 4321155 (Total Key#) / 43878 (Leaf#)
Avg Max# (Node, Leaf): 153, 146, Max key len: 76
Idx1 stats: 
BloomFilter
        bits: 34428663
        estimated elements: 7183819
        number hashes: 3
        max false positive rate: 0.100000
        bloom length (8 bits): 4303583
        elements added: 7183819
        estimated elements added: 7183449
        current false positive rate: 0.100713
        export size (bytes): 4303603
        number bits set: 16017681
        is on disk: no
Idx2 stats: 
BloomFilter
        bits: 34426214
        estimated elements: 7183308
        number hashes: 3
        max false positive rate: 0.100000
        bloom length (8 bits): 4303277
        elements added: 7183308
        estimated elements added: 7182587
        current false positive rate: 0.100713
        export size (bytes): 4303297
        number bits set: 16015977
        is on disk: no
Idx3 stats: 
BloomFilter
        bits: 34455079
        estimated elements: 7189331
        number hashes: 3
        max false positive rate: 0.100000
        bloom length (8 bits): 4306885
        elements added: 7189331
        estimated elements added: 7189768
        current false positive rate: 0.100713
        export size (bytes): 4306905
        number bits set: 16031265
        is on disk: no
Idx4 stats: 
BloomFilter
        bits: 34714987
        estimated elements: 7243563
        number hashes: 3
        max false positive rate: 0.100000
        bloom length (8 bits): 4339374
        elements added: 7243563
        estimated elements added: 7243223
        current false positive rate: 0.100713
        export size (bytes): 4339394
        number bits set: 16150944
        is on disk: no
Idx5 stats: 
BloomFilter
        bits: 25583791
        estimated elements: 5338265
        number hashes: 3
        max false positive rate: 0.100000
        bloom length (8 bits): 3197974
        elements added: 5338265
        estimated elements added: 5339147
        current false positive rate: 0.100713
        export size (bytes): 3197994
        number bits set: 11904525
        is on disk: no
Idx6 stats: 
BloomFilter
        bits: 25598926
        estimated elements: 5341423
        number hashes: 3
        max false positive rate: 0.100000
        bloom length (8 bits): 3199866
        elements added: 5341423
        estimated elements added: 5341877
        current false positive rate: 0.100713
        export size (bytes): 3199886
        number bits set: 11910880
        is on disk: no
Idx7 stats: 
BloomFilter
        bits: 24839933
        estimated elements: 5183053
        number hashes: 3
        max false positive rate: 0.100000
        bloom length (8 bits): 3104992
        elements added: 5183053
        estimated elements added: 5184099
        current false positive rate: 0.100713
        export size (bytes): 3105012
        number bits set: 11558701
        is on disk: no
Idx8 stats: 
BloomFilter
        bits: 24706298
        estimated elements: 5155169
        number hashes: 3
        max false positive rate: 0.100000
        bloom length (8 bits): 3088288
        elements added: 5155168
        estimated elements added: 5155250
        current false positive rate: 0.100713
        export size (bytes): 3088308
        number bits set: 11494979
        is on disk: no
Idx9 stats: 
BloomFilter
        bits: 24762026
        estimated elements: 5166797
        number hashes: 3
        max false positive rate: 0.100000
        bloom length (8 bits): 3095254
        elements added: 5166797
        estimated elements added: 5166569
        current false positive rate: 0.100713
        export size (bytes): 3095274
        number bits set: 11520410
        is on disk: no
Idx10 stats: 
BloomFilter
        bits: 25130605
        estimated elements: 5243704
        number hashes: 3
        max false positive rate: 0.100000
        bloom length (8 bits): 3141326
        elements added: 5243704
        estimated elements added: 5244273
        current false positive rate: 0.100713
        export size (bytes): 3141346
        number bits set: 11693174
        is on disk: no
Idx11 stats: 
BloomFilter
        bits: 25154462
        estimated elements: 5248682
        number hashes: 3
        max false positive rate: 0.100000
        bloom length (8 bits): 3144308
        elements added: 5248682
        estimated elements added: 5247735
        current false positive rate: 0.100713
        export size (bytes): 3144328
        number bits set: 11701842
        is on disk: no
Idx12 stats: 
BloomFilter
        bits: 25267949
        estimated elements: 5272362
        number hashes: 3
        max false positive rate: 0.100000
        bloom length (8 bits): 3158494
        elements added: 5272361
        estimated elements added: 5272759
        current false positive rate: 0.100713
        export size (bytes): 3158514
        number bits set: 11756798
        is on disk: no
Idx13 stats: 
BloomFilter
        bits: 25173752
        estimated elements: 5252707
        number hashes: 3
        max false positive rate: 0.100000
        bloom length (8 bits): 3146719
        elements added: 5252707
        estimated elements added: 5252373
        current false positive rate: 0.100713
        export size (bytes): 3146739
        number bits set: 11711800
        is on disk: no
Level Count:4
1930143 4
1039499 4
Max word len: 115
Total words generated: 276824621
Words inserted 71472082
Words updated: 245585447
New Cache More Size: 1024
OUBLK INBLK
    -     -
rchar: 814991458
wchar: 591043983
syscr: 3410
syscw: 12517
read_bytes: 98349056
write_bytes: 591319040
cancelled_write_bytes: 0
Key count: 4321155, Level node count: 2107
191744
1154920
