Csz: 16, pgsz: 4096
Stg buf: 262144kb, Idx1 buf: 262144kb, Idx1+ buf: 1024kb
Idx1 entry count limit: 25 million
10988 10000 63 3 w0 r0 m0 f0 r0 p0
 1501663=280564+736534+546799 i732629 u987122 u0 t2.822
22023 20000 63 3 w0 r0 m0 f0 r0 p0
 2969833=556529+1459387+1077009 i1316180 u2085487 u0 t2.968
33024 30000 63 4 w0 r0 m0 f0 r0 p0
 4455111=837101+2191661+1611754 i1877017 u3226548 u0 t3.06
44043 40000 91 4 w0 r0 m0 f0 r0 p0
 6020851=1126445+2951279+2192551 i2436084 u4457833 u0 t3.254
55121 50000 91 4 w0 r0 m0 f0 r0 p0
 7456147=1398962+3658349+2709577 i2939468 u5599484 u0 t3.068
66115 60000 91 4 w0 r0 m0 f0 r0 p0
 8880851=1666179+4350823+3234648 i3419104 u6749918 u0 t3.056
77117 70000 91 4 w0 r0 m0 f0 r0 p0
 10321935=1938435+5065049+3750268 i3906266 u7914960 u0 t3.161
88102 80000 91 4 w0 r0 m0 f0 r0 p0
 11700254=2200704+5742595+4246944 i4363213 u9037806 u0 t3.104
99095 90000 91 4 w0 r0 m0 f0 r0 p0
 13136962=2468232+6447219+4770729 i4834869 u10211527 u0 t3.216
New Cache More Size: 4058
Key count: 4987287, Level node count: 12309
Idx1+ lookups: 0 0 
Avg last exit: 0 0 
Idx1+ found  : 0 0 
OL: 0 123219754 
CL: 0 123219754 
OC: 0 4987287 
CC: 0 4987287 
TotOL: 123219754, TotCL: 123219754, TotOC: 4987287, TotCC: 4987287
110113 100000 61 3 w0 r0 m0 f0 r0 p0
 14567887=2739132+7154639+5283726 i5290840 u11395752 u0 t12.659
121109 110000 61 3 w0 r0 m0 f0 r0 p0
 15979341=3006343+7853621+5788507 i5744072 u12560404 u0 t3.647
132028 120000 67 3 w0 r0 m0 f0 r0 p0
 17529576=3286631+8592403+6381321 i6202530 u13870471 u0 t3.881
142990 130000 67 4 w0 r0 m0 f0 r0 p0
 18983246=3562515+9313266+6900099 i6652150 u15087377 u0 t3.829
153925 140000 67 4 w0 r0 m0 f0 r0 p0
 20471021=3841520+10053635+7429782 i7107103 u16337894 u0 t3.945
164855 150000 67 4 w0 r0 m0 f0 r0 p0
 21979188=4125986+10799401+7971072 i7567835 u17605454 u0 t4.038
175812 160000 70 4 w0 r0 m0 f0 r0 p0
 23581702=4417062+11563939+8582289 i8035915 u18965547 u0 t4.186
186797 170000 70 4 w0 r0 m0 f0 r0 p0
 25057302=4694184+12294315+9112151 i8483630 u20209360 u0 t3.983
197847 180000 70 4 w0 r0 m0 f0 r0 p0
 26591014=4977448+13039031+9681211 i8936396 u21510058 u0 t4.088
New Cache More Size: 4003
Key count: 4919025, Level node count: 12278
Idx1+ lookups: 0 4919025 0 
Avg last exit: 0 6059589 0 
Idx1+ found  : 0 785053 0 
OL: 0 121753554 123219754 
CL: 0 121753554 108733362 
OC: 0 4919025 4987287 
CC: 0 4919025 4202234 
TotOL: 244973308, TotCL: 230486916, TotOC: 9906312, TotCC: 9121259
208776 190000 57 3 w0 r0 m0 f0 r0 p0
 28103392=5261528+13786971+10225271 i9389016 u22790724 u0 t13.328
219728 200000 60 3 w0 r0 m0 f0 r0 p0
 29608450=5546129+14533215+10762856 i9830477 u24075187 u0 t4.625
230584 210000 91 3 w0 r0 m0 f0 r0 p0
 31172079=5839074+15306099+11325356 i10287305 u25409728 u0 t4.881
241548 220000 91 4 w0 r0 m0 f0 r0 p0
 32679763=6122575+16050615+11868600 i10728860 u26695809 u0 t4.711
252514 230000 91 4 w0 r0 m0 f0 r0 p0
 34277699=6416178+16828359+12459598 i11188994 u28062718 u0 t4.944
263483 240000 91 4 w0 r0 m0 f0 r0 p0
 35775557=6699007+17569616+12996180 i11625823 u29342837 u0 t4.737
274496 250000 91 4 w0 r0 m0 f0 r0 p0
 37306382=6986514+18328557+13544391 i12066772 u30656219 u0 t4.876
285461 260000 91 4 w0 r0 m0 f0 r0 p0
 38798460=7268992+19071624+14074163 i12494982 u31939300 u0 t4.78
296415 270000 91 4 w0 r0 m0 f0 r0 p0
 40286808=7549046+19806127+14610350 i12922085 u33217611 u0 t4.774
New Cache More Size: 4057
Key count: 4985645, Level node count: 208
Idx1+ lookups: 0 9904670 4192091 0 
Avg last exit: 0 5994938 6090565 0 
Idx1+ found  : 0 1578607 245430 0 
OL: 0 123560440 121753554 123219754 
CL: 0 123560440 107036452 103754069 
OC: 0 4985645 4919025 4987287 
CC: 0 4985645 4125471 3956804 
TotOL: 368533748, TotCL: 334350961, TotOC: 14891957, TotCC: 13067920
307437 280000 56 3 w0 r0 m0 f0 r0 p0
 41792998=7832777+20553957+15148521 i13350292 u34516184 u0 t14.185
318462 290000 67 3 w0 r0 m0 f0 r0 p0
 43396945=8135807+21348388+15722664 i13806455 u35898383 u0 t5.69
329483 300000 67 3 w0 r0 m0 f0 r0 p0
 45023838=8442695+22162598+16297392 i14273166 u37298170 u0 t5.817
340525 310000 87 4 w0 r0 m0 f0 r0 p0
 46611522=8738490+22941883+16875435 i14719085 u38669830 u0 t5.634
351480 320000 115 4 w0 r0 m0 f0 r0 p0
 48197495=9039364+23732513+17435864 i15165470 u40042326 u0 t5.669
362496 330000 115 4 w0 r0 m0 f0 r0 p0
 49733153=9330690+24494894+17981449 i15594735 u41373894 u0 t5.575
373551 340000 115 4 w0 r0 m0 f0 r0 p0
 51290525=9626489+25266085+18538210 i16032087 u42722206 u0 t5.714
384689 350000 115 4 w0 r0 m0 f0 r0 p0
 52864093=9922506+26034770+19112787 i16473288 u44082729 u0 t5.753
New Cache More Size: 4083
Key count: 5017942, Level node count: 223
Idx1+ lookups: 0 14922612 8420814 3986638 0 
Avg last exit: 0 5969459 5980232 6018413 0 
Idx1+ found  : 0 2367826 487515 154529 0 
OL: 0 124112791 123560440 121753554 123219754 
CL: 0 124112791 109004214 102122310 100539326 
OC: 0 5017942 4985645 4919025 4987287 
CC: 0 5017942 4196426 3883386 3802275 
TotOL: 492646539, TotCL: 435778641, TotOC: 19909899, TotCC: 16900029
395874 360000 81 3 w0 r0 m0 f0 r0 p0
 54482814=10222227+26820615+19712099 i16929367 u45477765 u0 t14.963
406862 370000 82 3 w0 r0 m0 f0 r0 p0
 56129529=10531411+27615260+20322783 i17391147 u46898946 u0 t6.93
417894 380000 82 3 w0 r0 m0 f0 r0 p0
 57712939=10827913+28389797+20900694 i17836066 u48266696 u0 t7.053
428912 390000 82 4 w0 r0 m0 f0 r0 p0
 59270425=11119317+29151504+21469881 i18270779 u49614812 u0 t7.255
439874 400000 93 4 w0 r0 m0 f0 r0 p0
 60804875=11404852+29899292+22034731 i18692192 u50948956 u0 t6.717
450859 410000 93 4 w0 r0 m0 f0 r0 p0
 62351122=11693776+30659561+22596197 i19124555 u52287500 u0 t6.973
461847 420000 93 4 w0 r0 m0 f0 r0 p0
 63850824=11975377+31395903+23140104 i19539607 u53589985 u0 t6.473
472807 430000 93 4 w0 r0 m0 f0 r0 p0
 65444263=12275975+32177959+23717696 i19976861 u54977586 u0 t6.891
483790 440000 93 4 w0 r0 m0 f0 r0 p0
 67052753=12576164+32971980+24298942 i20419610 u56377655 u0 t6.698
Shrinking rst_test.ix1.1
Key count: 3693092, Level node count: 11529
Mismatch Cur count: 3693093, rec_count: 3693092
New Cache More Size: 3005
dict_map out file: rst_test.ix1.1
New Cache More Size: 4112
Key count: 5053621, Level node count: 2629
Idx1+ lookups: 0 19976232 12693907 8018011 3880541 0 
Avg last exit: 0 5969351 5939465 5908039 5944022 0 
Idx1+ found  : 0 3148353 729235 305361 109182 0 
OL: 0 124758731 124112791 123560440 121753554 98241698 
CL: 0 124758731 109778314 104096326 98970971 98241698 
OC: 0 5053621 5017942 4985645 4919025 3693093 
CC: 0 5053621 4237415 3954706 3732554 3693093 
TotOL: 592427214, TotCL: 535846040, TotOC: 23669326, TotCC: 20671389
494708 450000 63 3 w0 r0 m0 f0 r0 p0
 68705880=12884577+33787893+24895987 i20868524 u57822283 u0 t34.898
505590 460000 73 3 w0 r0 m0 f0 r0 p0
 70357917=13192981+34603737+25491973 i21317713 u59266073 u0 t7.613
516566 470000 73 3 w0 r0 m0 f0 r0 p0
 71996869=13498910+35407294+26089306 i21757299 u60702214 u0 t7.552
527520 480000 73 4 w0 r0 m0 f0 r0 p0
 73651210=13807158+36223256+26687956 i22205092 u62148935 u0 t7.684
538466 490000 77 4 w0 r0 m0 f0 r0 p0
 75328397=14119122+37045202+27301246 i22656912 u63616659 u0 t7.786
549399 500000 103 4 w0 r0 m0 f0 r0 p0
 77031657=14444781+37880830+27920554 i23113249 u65110632 u0 t7.875
560288 510000 103 4 w0 r0 m0 f0 r0 p0
 78691897=14755244+38702032+28518770 i23554355 u66571634 u0 t7.806
571192 520000 103 4 w0 r0 m0 f0 r0 p0
 80360592=15064921+39523583+29124866 i24001344 u68035123 u0 t7.791
Shrinking rst_test.ix1.2
Key count: 3624734, Level node count: 11456
New Cache More Size: 2949
dict_map out file: rst_test.ix1.2
New Cache More Size: 4084
Key count: 5019437, Level node count: 11884
Idx1+ lookups: 0 24995668 16930907 12008945 7719728 3731367 0 
Avg last exit: 0 6012250 5974379 5925961 5921416 5706940 0 
Idx1+ found  : 0 3930789 975301 457108 217002 85426 0 
OL: 0 124474562 124758731 124112791 123560440 96680076 98241698 
CL: 0 124474562 110368464 104779076 100927064 96680076 96416726 
OC: 0 5019437 5053621 5017942 4985645 3624734 3693093 
CC: 0 5019437 4271185 3991349 3802959 3624734 3607667 
TotOL: 691828298, TotCL: 633645968, TotOC: 27394472, TotCC: 24317331
582148 530000 56 3 w0 r0 m0 f0 r0 p0
 82044094=15379373+40351252+29736631 i24447914 u69516489 u0 t35.53
593039 540000 63 3 w0 r0 m0 f0 r0 p0
 83778969=15700366+41200465+30372728 i24899734 u71049741 u0 t8.833
604123 550000 63 3 w0 r0 m0 f0 r0 p0
 85301577=15986949+41941190+30932366 i25296658 u72395314 u0 t7.752
615220 560000 69 4 w0 r0 m0 f0 r0 p0
 86603175=16234528+42588345+31398769 i25645743 u73539247 u0 t6.691
626410 570000 69 4 w0 r0 m0 f0 r0 p0
 87874733=16473215+43206126+31867990 i25977087 u74662757 u0 t6.537
637646 580000 69 4 w0 r0 m0 f0 r0 p0
 89107118=16707388+43808787+32316445 i26295790 u75755889 u0 t6.413
648847 590000 70 4 w0 r0 m0 f0 r0 p0
 90412613=16951660+44441753+32801313 i26620959 u76923633 u0 t6.509
660023 600000 70 4 w0 r0 m0 f0 r0 p0
 91570950=17172097+45004553+33225573 i26915253 u77955938 u0 t6.487
671169 610000 70 4 w0 r0 m0 f0 r0 p0
 92720559=17392089+45568160+33643035 i27208751 u78980110 u0 t6.169
682330 620000 104 4 w0 r0 m0 f0 r0 p0
 93872563=17614200+46130772+34061676 i27501429 u80007396 u0 t6.032
693457 630000 104 4 w0 r0 m0 f0 r0 p0
 95117609=17848307+46742027+34515831 i27814270 u81119688 u0 t6.397
Shrinking rst_test.ix1.3
Key count: 3696724, Level node count: 25
New Cache More Size: 3008
dict_map out file: rst_test.ix1.3
New Cache More Size: 4016
Key count: 4935586, Level node count: 238
Idx1+ lookups: 0 29931253 21088834 15929034 11491437 7396841 3584931 0 
Avg last exit: 0 5996822 5992017 5932447 5891038 5571424 5583022 0 
Idx1+ found  : 0 4708447 1213139 605488 323237 165969 67257 0 
OL: 0 121406005 124474562 124758731 124112791 98667530 96680076 98241698 
CL: 0 121406005 110120323 105577302 101697363 98667530 94957615 94965836 
OC: 0 4935586 5019437 5053621 5017942 3696724 3624734 3693093 
CC: 0 4935586 4241779 4033347 3842969 3696724 3544191 3540410 
TotOL: 788341393, TotCL: 727391974, TotOC: 31041137, TotCC: 27835006
704731 640000 82 3 w0 r0 m0 f0 r0 p0
 96356521=18079814+47339736+34977384 i28121166 u82229506 u0 t35.064
715916 650000 82 3 w0 r0 m0 f0 r0 p0
 97508742=18300176+47903789+35395975 i28406351 u83265050 u0 t6.503
727122 660000 82 3 w0 r0 m0 f0 r0 p0
 98740979=18534472+48502649+35847850 i28710581 u84371797 u0 t6.951
738273 670000 82 4 w0 r0 m0 f0 r0 p0
 99944384=18763831+49088470+36288017 i29009102 u85452209 u0 t6.82
749495 680000 82 4 w0 r0 m0 f0 r0 p0
 101110633=18988146+49655129+36713799 i29295687 u86502085 u0 t6.678
760693 690000 92 4 w0 r0 m0 f0 r0 p0
 102322772=19218634+50241042+37161215 i29597606 u87587705 u0 t7.099
771972 700000 92 4 w0 r0 m0 f0 r0 p0
 103533405=19447840+50827756+37607308 i29897320 u88674141 u0 t6.856
783287 710000 92 4 w0 r0 m0 f0 r0 p0
 104707169=19672297+51400620+38034532 i30187981 u89728387 u0 t6.924
794503 720000 92 4 w0 r0 m0 f0 r0 p0
 105884077=19899080+51986529+38454138 i30484393 u90782935 u0 t6.791
805629 730000 92 4 w0 r0 m0 f0 r0 p0
 107102606=20129008+52567936+38912857 i30784785 u91875300 u0 t7.063
816809 740000 92 4 w0 r0 m0 f0 r0 p0
 108260442=20346670+53116721+39353020 i31063829 u92918091 u0 t6.728
New Cache More Size: 3971
Key count: 4879756, Level node count: 260
Idx1+ lookups: 0 34811008 25169368 19769747 15188413 10984918 7092376 3440544 0 
Avg last exit: 0 5990506 5980763 5956456 5904117 5545718 5505515 5581380 0 
Idx1+ found  : 0 5507668 1452960 749225 432136 246601 134158 55646 0 
OL: 0 119626510 121406005 124474562 124758731 124112791 98667530 96680076 98241698 
CL: 0 119626510 106665161 105273962 102621210 99392717 96946536 93516636 93764790 
OC: 0 4879756 4935586 5019437 5053621 5017942 3696724 3624734 3693093 
CC: 0 4879756 4136365 4001958 3889610 3734070 3616092 3477290 3484764 
TotOL: 907967903, TotCL: 817807522, TotOC: 35920893, TotCC: 31219905
827890 750000 70 3 w0 r0 m0 f0 r0 p0
 109450263=20570289+53679196+39809019 i31352981 u93987172 u0 t16.069
839058 760000 89 3 w0 r0 m0 f0 r0 p0
 110562747=20782639+54214127+40221777 i31620192 u94993205 u0 t6.694
850231 770000 89 3 w0 r0 m0 f0 r0 p0
 111752686=21007204+54789950+40662024 i31911832 u96063102 u0 t7.201
861324 780000 89 3 w0 r0 m0 f0 r0 p0
 112864986=21220423+55328425+41070963 i32186742 u97061835 u0 t6.915
872344 790000 89 4 w0 r0 m0 f0 r0 p0
 114010109=21439524+55879572+41494848 i32459515 u98100041 u0 t6.983
883522 800000 89 4 w0 r0 m0 f0 r0 p0
 115161048=21660061+56435512+41919053 i32734766 u99142592 u0 t7.178
894714 810000 89 4 w0 r0 m0 f0 r0 p0
 116268533=21873210+56964926+42332738 i33003900 u100140572 u0 t6.912
905844 820000 89 4 w0 r0 m0 f0 r0 p0
 117391478=22087870+57507981+42746335 i33271939 u101158006 u0 t7.613
916882 830000 89 4 w0 r0 m0 f0 r0 p0
 118666012=22330007+58123971+43219027 i33587547 u102300671 u0 t7.83
927964 840000 89 4 w0 r0 m0 f0 r0 p0
 119859814=22558740+58706062+43653178 i33882590 u103373769 u0 t7.421
939033 850000 89 4 w0 r0 m0 f0 r0 p0
 121120097=22797057+59316939+44117540 i34192756 u104506318 u0 t8.014
950128 860000 89 4 w0 r0 m0 f0 r0 p0
 122354161=23032142+59920770+44564945 i34498917 u105614132 u0 t7.739
Shrinking rst_test.ix1.4
Key count: 3650988, Level node count: 200
New Cache More Size: 2971
dict_map out file: rst_test.ix1.4
New Cache More Size: 3990
Key count: 4903038, Level node count: 222
Idx1+ lookups: 0 39714046 29273207 23628598 18897918 14587656 10612032 6893285 3396222 0 
Avg last exit: 0 5975731 5973980 5946572 5928859 5637766 5493144 5491087 5556329 0 
Idx1+ found  : 0 6306867 1697948 898571 538903 329683 201073 112165 48223 0 
OL: 0 120034410 119626510 121406005 124474562 124758731 97634759 98667530 96680076 98241698 
CL: 0 120034410 104871204 101714233 102177754 100393397 97634759 95505854 92295013 92724962 
OC: 0 4903038 4879756 4935586 5019437 5053621 3650988 3696724 3624734 3693093 
CC: 0 4903038 4080557 3891377 3852612 3782843 3650988 3549177 3420771 3436541 
TotOL: 1001524281, TotCL: 907351586, TotOC: 39456977, TotCC: 34567904
961260 870000 70 3 w0 r0 m0 f0 r0 p0
 123573714=23265156+60513662+45010532 i34798097 u106711505 u0 t38.726
972424 880000 70 3 w0 r0 m0 f0 r0 p0
 124788336=23496396+61098156+45461081 i35096160 u107803055 u0 t8.029
983571 890000 70 3 w0 r0 m0 f0 r0 p0
 125999548=23725782+61687928+45904551 i35396104 u108889760 u0 t8.018
994789 900000 70 3 w0 r0 m0 f0 r0 p0
 127172823=23948729+62252858+46339682 i35679752 u109948751 u0 t7.76
1005944 910000 70 4 w0 r0 m0 f0 r0 p0
 128418184=24183935+62848114+46805458 i35967836 u111084340 u0 t7.89
1017100 920000 70 4 w0 r0 m0 f0 r0 p0
 129545948=24400080+63392506+47221135 i36239862 u112103726 u0 t7.508
1028294 930000 70 4 w0 r0 m0 f0 r0 p0
 130643767=24609789+63922720+47625923 i36504981 u113095397 u0 t7.304
1039422 940000 81 4 w0 r0 m0 f0 r0 p0
 131802756=24830099+64485884+48050761 i36784916 u114142665 u0 t7.731
1050473 950000 81 4 w0 r0 m0 f0 r0 p0
 132969366=25052197+65053534+48476717 i37064028 u115199603 u0 t7.82
1061568 960000 81 4 w0 r0 m0 f0 r0 p0
 134157706=25282050+65633678+48906915 i37340582 u116285860 u0 t7.728
1072599 970000 81 4 w0 r0 m0 f0 r0 p0
 135407467=25517546+66234964+49372288 i37632577 u117423128 u0 t7.973
Shrinking rst_test.ix1.5
Key count: 3699692, Level node count: 2544
Mismatch Cur count: 3699693, rec_count: 3699692
New Cache More Size: 3010
dict_map out file: rst_test.ix1.5
New Cache More Size: 3977
Key count: 4887317, Level node count: 210
Idx1+ lookups: 0 44601363 33363241 27476750 22595737 18176951 14118177 10331711 6777765 3334007 0 
Avg last exit: 0 5970221 5962757 5945109 5924680 5716243 5519264 5484270 5479529 5560499 0 
Idx1+ found  : 0 7104150 1939830 1048904 647427 412833 268792 169048 95759 45086 0 
OL: 0 119621320 120034410 119626510 121406005 124474562 98634671 97634759 98667530 96680076 98241698 
CL: 0 119621320 105307897 99991542 98597592 99904677 98634671 96184866 94273899 91256907 91750258 
OC: 0 4887317 4903038 4879756 4935586 5019437 3699693 3650988 3696724 3624734 3693093 
CC: 0 4887317 4105755 3838675 3741044 3744088 3699693 3583269 3492294 3373235 3391455 
TotOL: 1095021541, TotCL: 995523629, TotOC: 42990366, TotCC: 37856825
1083733 980000 56 3 w0 r0 m0 f0 r0 p0
 136514372=25732860+66779076+49768190 i37896973 u118428714 u0 t37.028
1094785 990000 89 3 w0 r0 m0 f0 r0 p0
 137634416=25949068+67323878+50175892 i38165855 u119443515 u0 t8.094
1105876 1000000 89 3 w0 r0 m0 f0 r0 p0
 138781015=26169464+67886377+50589434 i38439704 u120484696 u0 t8.336
1117034 1010000 89 3 w0 r0 m0 f0 r0 p0
 139902328=26386172+68433488+50996382 i38709598 u121499844 u0 t8.152
1128112 1020000 89 4 w0 r0 m0 f0 r0 p0
 141036705=26605393+68991950+51402445 i38983317 u122527642 u0 t8.336
1139060 1030000 89 4 w0 r0 m0 f0 r0 p0
 142284153=26846201+69605267+51850081 i39289013 u123652627 u0 t9.255
1150007 1040000 89 4 w0 r0 m0 f0 r0 p0
 143675917=27111664+70284235+52356962 i39628114 u124907311 u0 t10.248
1160894 1050000 89 4 w0 r0 m0 f0 r0 p0
 145112849=27383007+70990985+52876373 i39982857 u126199024 u0 t10.691
1171814 1060000 89 4 w0 r0 m0 f0 r0 p0
 146493466=27645470+71670517+53373699 i40324150 u127439984 u0 t10.315
1182789 1070000 89 4 w0 r0 m0 f0 r0 p0
 147885946=27910737+72358778+53871861 i40668143 u128692797 u0 t10.436
1193726 1080000 89 4 w0 r0 m0 f0 r0 p0
 149248573=28170852+73028966+54362303 i41002305 u129920489 u0 t10.161
Shrinking rst_test.ix1.7
Key count: 3632075, Level node count: 232
Mismatch Cur count: 3632076, rec_count: 3632075
New Cache More Size: 2955
dict_map out file: rst_test.ix1.7
Shrinking rst_test.ix1.6
Key count: 3656000, Level node count: 11169
Mismatch Cur count: 3656001, rec_count: 3656000
New Cache More Size: 2975
dict_map out file: rst_test.ix1.6
New Cache More Size: 4056
Key count: 4984427, Level node count: 2632
Idx1+ lookups: 0 49585790 37554370 31422486 26390912 21863158 17716297 13858756 10243447 6748017 3369892 0 
Avg last exit: 0 5967396 5966717 5944614 5934815 5762047 5578948 5534877 5504429 5522880 5637133 0 
Idx1+ found  : 0 7897448 2185223 1199465 756395 500920 339867 230411 147431 89204 39660 0 
OL: 0 122575981 119621320 120034410 119626510 96299247 98027374 98634671 97634759 98667530 96680076 98241698 
CL: 0 122575981 105024807 100352034 96863859 96299247 98027374 97113426 94854250 93144342 90289984 90877020 
OC: 0 4984427 4887317 4903038 4879756 3632076 3656001 3699693 3650988 3696724 3624734 3693093 
CC: 0 4984427 4094019 3860362 3688114 3632076 3656001 3628618 3521906 3440622 3329117 3351795 
TotOL: 1166043576, TotCL: 1085422324, TotOC: 45307847, TotCC: 41187057
1204582 1090000 54 3 w0 r0 m0 f0 r0 p0
 150675635=28443408+73739146+54868607 i41358116 u131201909 u0 t59.857
1215452 1100000 71 3 w0 r0 m0 f0 r0 p0
 152122476=28719425+74451995+55388560 i41709898 u132508071 u0 t11.597
1226363 1110000 71 3 w0 r0 m0 f0 r0 p0
 153617858=29001917+75190527+55926027 i42075957 u133856171 u0 t12.074
1237247 1120000 71 4 w0 r0 m0 f0 r0 p0
 155054261=29275805+75901339+56439032 i42426773 u135152278 u0 t11.515
1248176 1130000 71 4 w0 r0 m0 f0 r0 p0
 156519680=29555003+76624493+56964331 i42785721 u136473318 u0 t11.83
1259068 1140000 71 4 w0 r0 m0 f0 r0 p0
 157977948=29830686+77346072+57486978 i43143837 u137786721 u0 t11.832
1269968 1150000 71 4 w0 r0 m0 f0 r0 p0
 159450172=30110531+78082271+58007477 i43509450 u139110160 u0 t11.916
1280888 1160000 71 4 w0 r0 m0 f0 r0 p0
 160907827=30387286+78807042+58526230 i43872376 u140418838 u0 t11.88
1291754 1170000 71 4 w0 r0 m0 f0 r0 p0
 162377563=30666293+79535830+59050443 i44234308 u141742467 u0 t11.968
Shrinking rst_test.ix1.8
Key count: 3581421, Level node count: 26
Mismatch Cur count: 3581422, rec_count: 3581421
New Cache More Size: 2914
dict_map out file: rst_test.ix1.8
New Cache More Size: 4098
Key count: 5036653, Level node count: 55255
Idx1+ lookups: 0 54622442 41792687 35416978 30235200 25600754 21366892 17437197 13760420 10212628 6788550 3378109 0 
Avg last exit: 0 5972973 5967554 5952908 5938090 5747158 5600875 5599946 5560435 5546907 5580673 5671223 0 
Idx1+ found  : 0 8695783 2429048 1349669 863087 587921 412021 291879 199793 135157 80209 36665 0 
OL: 0 124207066 122575981 119621320 120034410 94620273 96299247 98027374 98634671 97634759 98667530 96680076 98241698 
CL: 0 124207066 107836494 100092052 97258042 94620273 94449897 96470454 95786747 93713722 92129625 89394679 90063514 
OC: 0 5036653 4984427 4887317 4903038 3581422 3632076 3656001 3699693 3650988 3696724 3624734 3693093 
CC: 0 5036653 4186092 3850194 3710158 3581422 3545075 3583847 3567150 3469544 3394669 3288568 3315130 
TotOL: 1265244405, TotCL: 1176022565, TotOC: 49046166, TotCC: 44528502
1302652 1180000 52 3 w0 r0 m0 f0 r0 p0
 163860539=30948696+80270902+59578840 i44594235 u143083725 u0 t39.539
1313613 1190000 71 3 w0 r0 m0 f0 r0 p0
 165342572=31230146+81006856+60107044 i44959732 u144418003 u0 t12.902
1324596 1200000 75 3 w0 r0 m0 f0 r0 p0
 166825257=31511423+81745045+60633294 i45321678 u145756989 u0 t12.931
1335456 1210000 75 4 w0 r0 m0 f0 r0 p0
 168344658=31799164+82499352+61175129 i45695473 u147125588 u0 t13.232
1346441 1220000 75 4 w0 r0 m0 f0 r0 p0
 169903116=32093687+83267629+61736463 i46069571 u148537242 u0 t13.531
1357399 1230000 77 4 w0 r0 m0 f0 r0 p0
 171459885=32386736+84039990+62292707 i46446578 u149944874 u0 t13.575
1368385 1240000 91 4 w0 r0 m0 f0 r0 p0
 173068172=32689518+84834892+62871465 i46833304 u151401405 u0 t13.945
1379469 1250000 91 4 w0 r0 m0 f0 r0 p0
 174698505=32994406+85643477+63455849 i47230695 u152872229 u0 t14.298
1390543 1260000 91 4 w0 r0 m0 f0 r0 p0
 176336577=33299469+86446427+64054269 i47623979 u154353702 u0 t14.126
Shrinking rst_test.ix1.9
Key count: 3604056, Level node count: 218
New Cache More Size: 2932
dict_map out file: rst_test.ix1.9
New Cache More Size: 4085
Key count: 5020538, Level node count: 2232
Idx1+ lookups: 0 59642979 46021161 39398144 34069456 29328908 25012330 21014020 17276302 13675751 10204711 6753037 3339142 0 
Avg last exit: 0 5982676 5978002 5958993 5950823 5731639 5611663 5622456 5624589 5597419 5592276 5609714 5692410 0 
Idx1+ found  : 0 9487846 2676356 1496579 969189 670637 480636 352820 252552 182119 121442 72451 33117 0 
OL: 0 124200715 124207066 122575981 119621320 95024518 94620273 96299247 98027374 98634671 97634759 98667530 96680076 98241698 
CL: 0 124200715 109622744 102843825 97038939 95024518 92845974 92960583 95149726 94630821 92678478 91214580 88596655 89325545 
OC: 0 5020538 5036653 4984427 4887317 3604056 3581422 3632076 3656001 3699693 3650988 3696724 3624734 3693093 
CC: 0 5020538 4244590 3938784 3703284 3604056 3498706 3476460 3522906 3514391 3422582 3353436 3252782 3282013 
TotOL: 1364435228, TotCL: 1266133103, TotOC: 52767722, TotCC: 47834528
1401635 1270000 57 3 w0 r0 m0 f0 r0 p0
 177964524=33605748+87254333+64636272 i48023094 u155820988 u0 t42.219
1412662 1280000 66 3 w0 r0 m0 f0 r0 p0
 179568697=33910264+88055050+65203459 i48414730 u157270044 u0 t14.861
1423732 1290000 66 3 w0 r0 m0 f0 r0 p0
 181168959=34210477+88845071+65780281 i48803701 u158714947 u0 t14.727
1434749 1300000 73 4 w0 r0 m0 f0 r0 p0
 182828415=34519798+89661203+66382737 i49206800 u160212207 u0 t15.281
1445738 1310000 79 4 w0 r0 m0 f0 r0 p0
 184513810=34836400+90488851+66994851 i49619977 u161729322 u0 t15.449
1456743 1320000 79 4 w0 r0 m0 f0 r0 p0
 186190777=35151296+91313453+67602831 i50028236 u163241882 u0 t15.326
1467716 1330000 79 4 w0 r0 m0 f0 r0 p0
 187946945=35480337+92177165+68239998 i50452742 u164828600 u0 t16.041
1478847 1340000 85 4 w0 r0 m0 f0 r0 p0
 189697299=35804419+93033522+68881740 i50879599 u166404778 u0 t15.955
Shrinking rst_test.ix1.10
Key count: 3597125, Level node count: 216
New Cache More Size: 2927
dict_map out file: rst_test.ix1.10
New Cache More Size: 4096
Key count: 5034227, Level node count: 54025
Idx1+ lookups: 0 64677205 50277385 43412304 37934587 33087880 28689786 24625297 20830491 17176388 13658115 10165254 6715382 3343479 0 
Avg last exit: 0 5983654 5984495 5965824 5952066 5718738 5605883 5621632 5634135 5644218 5617222 5592741 5589601 5641262 0 
Idx1+ found  : 0 10265848 2918420 1645608 1075348 752153 546815 409908 306104 229352 162629 108428 65878 30921 0 
OL: 0 124602216 124200715 124207066 122575981 94814281 95024518 94620273 96299247 98027374 98634671 97634759 98667530 96680076 98241698 
CL: 0 124602216 109917534 104732238 99758754 94814281 93295803 91418016 91722930 93984749 93602962 91767467 90411223 87868721 88641806 
OC: 0 5034227 5020538 5036653 4984427 3597125 3604056 3581422 3632076 3656001 3699693 3650988 3696724 3624734 3693093 
CC: 0 5034227 4242536 4002526 3789755 3597125 3522540 3432527 3419372 3469354 3467158 3381395 3317459 3220021 3251092 
TotOL: 1464230405, TotCL: 1356538700, TotOC: 56511757, TotCC: 51147087
1489858 1350000 68 3 w0 r0 m0 f0 r0 p0
 191414728=36125132+93880640+69503264 i51304578 u167947076 u0 t43.329
1500812 1360000 68 3 w0 r0 m0 f0 r0 p0
 193066497=36431463+94688311+70109152 i51712637 u169429830 u0 t16.081
1511816 1370000 100 3 w0 r0 m0 f0 r0 p0
 194750555=36746208+95519892+70716925 i52120560 u170951494 u0 t16.563
1522795 1380000 100 4 w0 r0 m0 f0 r0 p0
 196383374=37050140+96326851+71306199 i52520689 u172421613 u0 t16.146
1533703 1390000 100 4 w0 r0 m0 f0 r0 p0
 198040225=37358448+97143117+71907133 i52930020 u173910136 u0 t16.261
1544569 1400000 100 4 w0 r0 m0 f0 r0 p0
 199683285=37667316+97956179+72496990 i53328722 u175394716 u0 t16.189
1555499 1410000 100 4 w0 r0 m0 f0 r0 p0
 201439474=37995459+98821930+73132258 i53752784 u176981906 u0 t17.31
1566395 1420000 100 4 w0 r0 m0 f0 r0 p0
 203165083=38317565+99678555+73751000 i54169463 u178542791 u0 t16.99
Shrinking rst_test.ix1.11
Key count: 3682273, Level node count: 251
New Cache More Size: 2996
dict_map out file: rst_test.ix1.11
New Cache More Size: 4126
Key count: 5070886, Level node count: 2469
Idx1+ lookups: 0 69748091 54564738 47451909 41823294 36869105 32390650 28260111 24408914 20705414 17141028 13605325 10118992 6713519 3340409 0 
Avg last exit: 0 5986064 5983702 5970467 5955635 5700803 5602925 5609912 5626574 5644003 5652841 5607656 5564944 5545640 5603207 0 
Idx1+ found  : 0 11049381 3166168 1796506 1182830 832514 612865 466299 355501 275465 205471 144889 99448 60552 28038 0 
OL: 0 125292473 124602216 124200715 124207066 97493604 94814281 95024518 94620273 96299247 98027374 98634671 97634759 98667530 96680076 98241698 
CL: 0 125292473 110207272 104887619 101599810 97493604 93113353 91885687 90202668 90650643 92978619 92672117 90963756 89650633 87209995 88019890 
OC: 0 5070886 5034227 5020538 5036653 3682273 3597125 3604056 3581422 3632076 3656001 3699693 3650988 3696724 3624734 3693093 
CC: 0 5070886 4250694 3994788 3851628 3682273 3516764 3456490 3376136 3369975 3423241 3424316 3344934 3283889 3190390 3223054 
TotOL: 1564440501, TotCL: 1446828139, TotOC: 60280489, TotCC: 54459458
1577238 1430000 75 3 w0 r0 m0 f0 r0 p0
 204894416=38640361+100537132+74371288 i54592106 u180101537 u0 t45.3
1588118 1440000 101 3 w0 r0 m0 f0 r0 p0
 206627102=38964282+101395438+74993454 i55013351 u181665497 u0 t18.326
1598949 1450000 101 3 w0 r0 m0 f0 r0 p0
 208394406=39292777+102268869+75631799 i55438725 u183264528 u0 t18.557
1609797 1460000 101 4 w0 r0 m0 f0 r0 p0
 210170319=39622403+103146362+76274190 i55865198 u184871563 u0 t18.671
1620630 1470000 101 4 w0 r0 m0 f0 r0 p0
 211921170=39952135+104017109+76898673 i56281940 u186461122 u0 t18.394
1631477 1480000 101 4 w0 r0 m0 f0 r0 p0
 213670627=40279217+104881983+77529055 i56703093 u188043701 u0 t18.44
1642373 1490000 101 4 w0 r0 m0 f0 r0 p0
 215467929=40615467+105772455+78174765 i57130423 u189675587 u0 t18.848
1653233 1500000 101 4 w0 r0 m0 f0 r0 p0
 217268084=40950561+106663886+78823410 i57559234 u191309082 u0 t18.82
Shrinking rst_test.ix1.12
Key count: 3740588, Level node count: 50834
Mismatch Cur count: 3740589, rec_count: 3740588
New Cache More Size: 3044
dict_map out file: rst_test.ix1.12
New Cache More Size: 4101
Key count: 5039414, Level node count: 50802
Idx1+ lookups: 0 74787504 58818568 51462246 45679489 40614261 36052802 31856067 27948611 24196831 20589019 17012068 13488564 10050172 6646624 3278690 0 
Avg last exit: 0 5998648 5992662 5977646 5968191 5701168 5605058 5615496 5624595 5646743 5664969 5659960 5605223 5563380 5567252 5682567 0 
Idx1+ found  : 0 11834964 3409661 1950648 1293869 915518 679061 522558 403781 318891 246719 182060 132367 90990 55563 26352 0 
OL: 0 124941681 125292473 124602216 124200715 99252306 97493604 94814281 95024518 94620273 96299247 98027374 98634671 97634759 98667530 96680076 98241698 
CL: 0 124941681 110838694 105282619 101670958 99252306 95722875 91695665 90665652 89148286 89691489 92063738 91854970 90230355 88967010 86588434 87426050 
OC: 0 5039414 5070886 5034227 5020538 3740589 3682273 3597125 3604056 3581422 3632076 3656001 3699693 3650988 3696724 3624734 3693093 
CC: 0 5039414 4285303 4007201 3840646 3740589 3599269 3450568 3400231 3327856 3326549 3381993 3387145 3312015 3253451 3162865 3196702 
TotOL: 1664427422, TotCL: 1536040782, TotOC: 64023839, TotCC: 57711797
Total lines processed: 1503968
Idx0 stats: 
Block Count:3, 281
Avg Key# in Block:119 = 33526 (Total Key#) / 281 (Leaf#)
Avg Max# (Node, Leaf): 61, 177, Max key len: 49
Idx1 stats: 
Idx2 stats: 
Idx3 stats: 
Idx4 stats: 
Idx5 stats: 
Idx6 stats: 
Idx7 stats: 
Idx8 stats: 
Idx9 stats: 
Idx10 stats: 
Idx11 stats: 
Idx12 stats: 
Idx13 stats: 
Idx14 stats: 
Idx15 stats: 
Idx16 stats: 
Level Count:3
1517458 4
816447 4
Max word len: 115
Total words generated: 217951803
Words inserted 57721715
Words updated: 191929578
New Cache More Size: 1024
OUBLK INBLK
    -     -
rchar: 787883491
wchar: 444254369
syscr: 3729
syscw: 12431
read_bytes: 90112
write_bytes: 0
cancelled_write_bytes: 0
Key count: 33526, Level node count: 552
0
0
