Csz: 4, pgsz: 4096
File page count: 0
File page count: 0
Stg buf: 64mb, Idx1 buf: 64mb, Idx1+ buf: 32mb
Idx1 entry count limit: 25 million
10988 10000 60 1 w0 r0 m0 f0 r0 p20
 1502009=280567+736357+547318 i721658 u998423 u0 t1.656
22023 20000 60 1 w0 r0 m0 f0 r0 p20
 2970299=556558+1459020+1077812 i1299209 u2102895 u0 t1.779
Idx1+ positiv: 0 
Idx1+ lookups: 0 
33024 30000 60 3 w317 r0 m0 f15 r0 p20
 4455591=837142+2190955+1612898 i1852405 u3251561 u0 t1.886
44043 40000 66 3 w12295 r0 m0 f585 r0 p20
 6021768=1126498+2950354+2194339 i2415004 u4479707 u0 t2.607
55121 50000 66 4 w23966 r3264 m10309 f794 r1317663 p500
 7457432=1399039+3657323+2711810 i2943766 u5596326 u0 t2.526
Idx1+ positiv: 81383 
Idx1+ lookups: 81378 
66115 60000 66 4 w27178 r13527 m23609 f800 r2250032 p500
 8882525=1666288+4349737+3237298 i3453275 u6717270 u0 t2.107
77117 70000 66 4 w30416 r27231 m40001 f805 r3517673 p500
 10323681=1938542+5063745+3753209 i3968063 u7854727 u0 t2.205
88102 80000 66 4 w36085 r43268 m58329 f812 r5209200 p500
 11702242=2200826+5741136+4250267 i4446053 u8956757 u0 t2.253
Idx1+ positiv: 224143 
Idx1+ lookups: 224105 
99095 90000 66 4 w46018 r63819 m81084 f827 r6826471 p500
 13139065=2468368+6445510+4774403 i4941209 u10107001 u0 t2.45
110113 100000 66 4 w60305 r91003 m112222 f848 r8742124 p500
 14570300=2739305+7152735+5287868 i5433140 u11255551 u0 t2.463
121109 110000 66 4 w70662 r117978 m141461 f864 r9918512 p500
 15981984=3006512+7851613+5792984 i5924166 u12382623 u0 t2.21
Idx1+ positiv: 397663 
Idx1+ lookups: 397477 
132028 120000 66 4 w83724 r151764 m180148 f881 r11747534 p500
 17532484=3286822+8590277+6386159 i6427104 u13648470 u0 t2.516
142990 130000 66 4 w102803 r192016 m225446 f909 r13676561 p500
 18986448=3562710+9311119+6905248 i6923079 u14819314 u0 t2.5
153925 140000 66 4 w113713 r231692 m268635 f925 r14980004 p500
 20474477=3841729+10051396+7435263 i7433074 u16015024 u0 t2.386
Idx1+ positiv: 591689 
Idx1+ lookups: 591098 
164855 150000 66 4 w133789 r280709 m323069 f954 r16984397 p500
 21982251=4126056+10796461+7976893 i7947514 u17228353 u0 t2.684
175812 160000 66 4 w153925 r332985 m379618 f986 r18673990 p500
 23584909=4417148+11560934+8588302 i8473153 u18531012 u0 t2.623
186797 170000 66 4 w169457 r382684 m432748 f1010 r20090504 p500
 25060643=4694278+12291216+9118384 i8978054 u19717762 u0 t2.476
Idx1+ positiv: 799871 
Idx1+ lookups: 798492 
197847 180000 66 4 w195489 r444037 m499598 f1051 r22203832 p500
 26594805=4977567+13035840+9687961 i9489750 u20959964 u0 t2.769
208776 190000 66 4 w220809 r506152 m566481 f1093 r23917929 p500
 28107430=5261667+13783743+10232285 i10002902 u22180345 u0 t2.642
219728 200000 66 4 w242455 r569105 m633460 f1128 r25529253 p500
 29612928=5546285+14529981+10770299 i10511168 u23398450 u0 t2.661
Idx1+ positiv: 1024879 
Idx1+ lookups: 1021973 
230584 210000 66 4 w269749 r637638 m706130 f1175 r27222321 p500
 31176719=5839236+15302598+11333221 i11031507 u24669535 u0 t2.738
241548 220000 66 4 w300324 r711019 m784531 f1226 r29209468 p500
 32683216=6122373+16045650+11876729 i11538948 u25888190 u0 t2.782
252514 230000 66 4 w328667 r785373 m862894 f1275 r30874985 p500
 34281334=6415992+16823378+12467909 i12069223 u27185131 u0 t2.779
Idx1+ positiv: 1261999 
Idx1+ lookups: 1256560 
263483 240000 66 4 w357381 r860540 m941890 f1325 r32539054 p500
 35779646=6698842+17564571+13004988 i12575697 u28396044 u0 t2.711
274496 250000 66 4 w394390 r947022 m1033197 f1390 r34603236 p500
 37310769=6986369+18323484+13553505 i13091415 u29634952 u0 t2.898
285461 260000 66 4 w428067 r1028950 m1119360 f1449 r36400174 p500
 38803051=7268863+19066410+14083606 i13595094 u30842744 u0 t2.775
Idx1+ positiv: 1514000 
Idx1+ lookups: 1504732 
296415 270000 66 4 w457857 r1109746 m1203585 f1503 r37953645 p500
 40291660=7548931+19800727+14620226 i14095564 u32047888 u0 t2.704
307437 280000 66 4 w499188 r1200774 m1298933 f1579 r39857432 p500
 41798390=7832680+20548382+15159093 i14601691 u33269019 u0 t2.87
318462 290000 66 4 w534460 r1292638 m1394547 f1643 r41571767 p500
 43400958=8135339+21341253+15733409 i15141451 u34565888 u0 t2.928
Idx1+ positiv: 1779192 
Idx1+ lookups: 1764363 
329483 300000 66 4 w579335 r1396959 m1503679 f1724 r43653711 p500
 45028067=8442234+22155263+16308545 i15696890 u35877116 u0 t3.116
340525 310000 66 4 w619853 r1495735 m1606736 f1798 r45484398 p500
 46615498=8738046+22934138+16886727 i16223927 u37167284 u0 t2.971
Idx1+ positiv: 2054399 
Idx1+ lookups: 2031865 
351480 320000 94 4 w664521 r1600431 m1715805 f1881 r47422282 p500
 48198444=9038935+23721499+17447383 i16752426 u38453051 u0 t3.06
362496 330000 94 4 w704969 r1702382 m1821963 f1956 r49268991 p500
 49733444=9330284+24482692+17993474 i17266899 u39698324 u0 t2.977
373551 340000 94 4 w752745 r1813137 m1937274 f2045 r51210283 p500
 51290420=9626097+25253246+18550462 i17793049 u40957205 u0 t3.057
Idx1+ positiv: 2347079 
Idx1+ lookups: 2314073 
384689 350000 94 4 w803212 r1926410 m2055450 f2138 r53245824 p500
 52863841=9922129+26021395+19125405 i18325389 u42226314 u0 t3.104
395874 360000 94 4 w848836 r2038305 m2171223 f2223 r55006432 p500
 54481113=10221859+26805577+19724920 i18876124 u43524715 u0 t3.067
406862 370000 94 4 w906654 r2164225 m2302251 f2331 r57213038 p500
 56127737=10531055+27599843+20335875 i19433051 u44850568 u0 t3.312
Idx1+ positiv: 2652711 
Idx1+ lookups: 2605937 
417894 380000 94 4 w955294 r2285944 m2428333 f2424 r59159881 p500
 57710652=10827571+28373736+20913921 i19975190 u46120495 u0 t3.149
cache requests:  60894299, Misses: 2542458, Flush#: 2517
File page count: 162670
File page count: 0
428912 390000 94 2 w21 r0 m0 f1 r0 p20
 59267668=11118998+29134387+21483671 i20506680 u47371081 u0 t3.146
439874 400000 94 3 w469 r0 m0 f22 r0 p20
 60798949=11403897+29878773+22048738 i21026930 u48602375 u0 t3.238
Idx1+ positiv: 2827873 147139 
Idx1+ lookups: 2772188 139016 
450859 410000 94 3 w931 r0 m0 f44 r0 p20
 62344803=11692810+30638301+22610561 i21559609 u49840003 u0 t3.544
461847 420000 94 3 w1334 r0 m0 f63 r0 p20
 63844431=11974358+31373784+23155226 i22075998 u51040882 u0 t3.065
472807 430000 94 3 w2226 r0 m0 f105 r0 p20
 65437780=12274970+32155539+23733015 i22620936 u52320651 u0 t3.59
Idx1+ positiv: 2829550 483758 
Idx1+ lookups: 2773865 454786 
483790 440000 94 3 w3178 r0 m0 f150 r0 p20
 67045767=12575174+32948774+24314528 i23176981 u53606791 u0 t3.47
494708 450000 94 3 w4105 r0 m0 f194 r0 p20
 68699472=12883619+33764275+24912530 i23747090 u54930739 u0 t3.517
Idx1+ positiv: 2834389 837181 
Idx1+ lookups: 2778704 783339 
505590 460000 94 3 w5325 r0 m0 f252 r0 p20
 70351532=13192036+34579703+25508940 i24317365 u56253365 u0 t3.729
516566 470000 94 3 w6441 r0 m0 f305 r0 p20
 71990802=13497983+35383004+26106829 i24878292 u57568413 u0 t3.456
527520 480000 94 3 w7890 r0 m0 f374 r0 p20
 73645399=13806248+36198720+26705964 i25450508 u58890940 u0 t3.759
Idx1+ positiv: 2843602 1200639 
Idx1+ lookups: 2787917 1118454 
538466 490000 94 3 w9276 r0 m0 f440 r0 p20
 75322036=14118226+37019796+27319560 i26023667 u60236553 u0 t3.651
549399 500000 94 3 w10935 r0 m0 f519 r0 p20
 77023425=14443739+37852951+27939452 i26607245 u61600656 u0 t3.707
Idx1+ positiv: 2860721 1572311 
Idx1+ lookups: 2805036 1458765 
560288 510000 94 3 w13056 r0 m0 f620 r0 p20
 78683779=14754211+38673947+28537979 i27174850 u62935243 u0 t3.935
571192 520000 94 3 w15093 r0 m0 f717 r0 p20
 80352712=15063905+39495351+29144443 i27747081 u64273705 u0 t3.642
582148 530000 94 3 w16416 r41 m414 f780 r79204 p500
 82036336=15378372+40322769+29756566 i28322264 u65626536 u0 t3.535
Idx1+ positiv: 2880831 1950674 
Idx1+ lookups: 2825143 1802601 
593039 540000 94 3 w23311 r2602 m5537 f788 r624685 p500
 83771290=15699382+41171815+30392891 i28910213 u67023705 u0 t3.955
604123 550000 94 3 w29300 r6471 m11429 f796 r1052289 p500
 85292841=15985696+41911091+30952926 i29425362 u68249835 u0 t3.299
615220 560000 94 3 w35199 r10756 m17638 f804 r1460978 p500
 86578406=16228956+42541143+31420369 i29855775 u69292174 u0 t2.934
Idx1+ positiv: 2908347 2332693 
Idx1+ lookups: 2852648 2148332 
626410 570000 94 3 w40013 r15239 m23678 f811 r1793911 p500
 87844101=16466215+43152805+31889826 i30277549 u70318301 u0 t2.755
637646 580000 94 3 w48350 r21171 m31646 f823 r2219410 p500
 89076810=16700413+43755344+32338702 i30688285 u71319683 u0 t2.849
648847 590000 94 4 w55200 r27814 m40128 f833 r2696322 p500
 90374030=16941574+44376422+32827115 i31101711 u72387970 u0 t2.79
660023 600000 94 4 w62911 r34323 m48316 f845 r3249643 p500
 91532382=17161983+44938682+33251932 i31487517 u73328654 u0 t2.584
Idx1+ positiv: 2945419 2707131 
Idx1+ lookups: 2889689 2484975 
671169 610000 94 4 w72129 r43038 m59196 f859 r3922850 p500
 92677881=17380618+45496976+33670550 i31869066 u74259274 u0 t2.677
682330 620000 94 4 w80182 r50753 m68466 f872 r4449538 p500
 93822077=17600425+46050280+34090645 i32245885 u75192270 u0 t2.525
693457 630000 94 4 w89899 r61506 m81587 f887 r5212620 p500
 95055697=17831544+46649550+34545330 i32645391 u76204282 u0 t2.893
Idx1+ positiv: 2990604 3084214 
Idx1+ lookups: 2934808 2822994 
704731 640000 94 4 w101202 r72706 m94863 f905 r5892681 p500
 96294487=18063003+47246521+35007532 i33046988 u77219166 u0 t2.81
715916 650000 94 4 w109467 r83218 m107194 f918 r6500945 p500
 97439920=18281492+47802828+35427035 i33424388 u78153779 u0 t2.556
727122 660000 94 4 w120473 r95399 m121373 f936 r7173608 p500
 98670868=18515586+48399959+35879326 i33830027 u79157430 u0 t2.821
738273 670000 94 4 w133478 r110334 m138835 f957 r8018098 p500
 99875743=18744879+48985343+36321344 i34225947 u80141791 u0 t2.878
Idx1+ positiv: 3043751 3464834 
Idx1+ lookups: 2987796 3162969 
749495 680000 94 4 w145334 r125100 m155818 f976 r8767591 p500
 101042383=18969139+49551143+36748337 i34605113 u81099302 u0 t2.728
760693 690000 94 4 w157759 r140384 m173319 f997 r9518698 p500
 102254980=19199662+50136770+37196455 i35007186 u82085153 u0 t2.764
771972 700000 94 4 w171017 r155744 m190639 f1019 r10181601 p500
 103465720=19428892+50723315+37642786 i35408739 u83069821 u0 t2.759
783287 710000 94 4 w183657 r172152 m209138 f1040 r10888406 p500
 104639900=19653350+51296043+38070532 i35798277 u84025570 u0 t2.777
Idx1+ positiv: 3100853 3851834 
Idx1+ lookups: 3044617 3507797 
794503 720000 94 4 w197402 r191626 m231210 f1063 r11746532 p500
 105795637=19874772+51860524+38490375 i36182457 u84965782 u0 t2.817
805629 730000 94 4 w213119 r210521 m252430 f1089 r12533074 p500
 107012879=20104345+52440052+38949652 i36585664 u85953571 u0 t2.799
816809 740000 94 4 w228571 r230513 m274865 f1115 r13342872 p500
 108170750=20322040+52988329+39390324 i36961710 u86899299 u0 t2.713
Idx1+ positiv: 3165471 4234255 
Idx1+ lookups: 3108710 3847832 
827890 750000 94 4 w243823 r250368 m296935 f1141 r14092199 p500
 109346023=20541989+53535547+39846975 i37335512 u87865317 u0 t2.703
839058 760000 94 4 w258567 r272478 m321545 f1166 r14918431 p500
 110457274=20754203+54068761+40260181 i37699120 u88773227 u0 t2.706
850231 770000 94 4 w274956 r293298 m344478 f1194 r15641256 p500
 111644530=20977813+54640699+40701567 i38088447 u89741803 u0 t2.758
861324 780000 94 4 w290126 r314806 m368076 f1220 r16381546 p500
 112756712=21190675+55177904+41111668 i38457573 u90645945 u0 t2.588
Idx1+ positiv: 3237953 4618368 
Idx1+ lookups: 3180355 4188634 
872344 790000 94 4 w307915 r338353 m393918 f1251 r17184316 p500
 113901230=21409743+55727856+41536166 i38830472 u91583154 u0 t2.716
883522 800000 94 4 w329415 r366306 m424804 f1288 r18184703 p500
 115052446=21630279+56283615+41960828 i39208739 u92522932 u0 t2.91
894714 810000 94 4 w343793 r387563 m447920 f1313 r18830847 p500
 116160183=21843397+56812897+42374928 i39574297 u93424715 u0 t2.488
905844 820000 94 4 w362358 r414417 m477377 f1345 r19703929 p500
 117283223=22058021+57355645+42788962 i39942688 u94341840 u0 t2.711
Idx1+ positiv: 3314341 5004873 
Idx1+ lookups: 3255418 4531361 
916882 830000 94 4 w385321 r446182 m511989 f1385 r20675080 p500
 118549967=22298052+57962861+43262652 i40363130 u95369675 u0 t3.078
927964 840000 94 4 w405700 r474947 m543111 f1421 r21513095 p500
 119743936=22526809+58544733+43697164 i40767056 u96334018 u0 t2.862
939033 850000 94 4 w427367 r506808 m577576 f1459 r22448852 p500
 121004026=22765154+59154770+44162145 i41193876 u97349382 u0 t3.106
950128 860000 94 4 w455187 r544318 m618379 f1508 r23595096 p500
 122238911=23000263+59758465+44610481 i41614246 u98343784 u0 t3.208
Idx1+ positiv: 3397359 5402129 
Idx1+ lookups: 3336407 4882890 
961260 870000 94 4 w477131 r576512 m653046 f1547 r24458468 p500
 123458245=23233306+60350981+45056196 i42029331 u99324950 u0 t2.904
972424 880000 94 4 w500714 r610459 m689503 f1589 r25364723 p500
 124673076=23464513+60935225+45507237 i42441806 u100302221 u0 t3.004
983571 890000 94 4 w522556 r643840 m725320 f1628 r26210465 p500
 125884344=23693920+61524697+45951042 i42854570 u101276097 u0 t2.931
Idx1+ positiv: 3486899 5801295 
Idx1+ lookups: 3423004 5235960 
994789 900000 94 4 w551676 r683685 m768270 f1680 r27298580 p500
 127057734=23916914+62089299+46386563 i43244352 u102228962 u0 t3.033
1005944 910000 94 4 w578519 r722229 m809611 f1728 r28309751 p500
 128303145=24152135+62684289+46852631 i43641724 u103255247 u0 t3.018
1017100 920000 94 4 w601371 r756819 m846586 f1769 r29155598 p500
 129430532=24368313+63227679+47268900 i44020119 u104167544 u0 t2.738
1028294 930000 94 4 w619160 r786279 m877748 f1801 r29792187 p500
 130528677=24578028+63757612+47674284 i44386489 u105058265 u0 t2.551
Idx1+ positiv: 3583424 6191197 
Idx1+ lookups: 3515309 5581038 
1039422 940000 94 4 w650851 r830858 m925508 f1858 r30927869 p500
 131687827=24798360+64320403+48099629 i44777056 u105994977 u0 t3.102
1050473 950000 94 4 w680234 r872868 m970221 f1912 r31898615 p500
 132854633=25020472+64887893+48525919 i45164780 u106943479 u0 t2.92
1061568 960000 94 4 w703493 r909746 m1009249 f1954 r32686341 p500
 134043070=25250333+65467521+48956681 i45555690 u107915379 u0 t2.806
1072599 970000 94 4 w733461 r955284 m1057773 f2008 r33755534 p500
 135291847=25485760+66067542+49422293 i45963244 u108935629 u0 t3.164
Idx1+ positiv: 3686434 6578500 
Idx1+ lookups: 3612647 5923637 
1083733 980000 94 4 w762423 r996531 m1101506 f2061 r34637850 p500
 136399100=25701026+66611278+49818919 i46332236 u109836903 u0 t2.769
1094785 990000 94 4 w792046 r1039695 m1147315 f2115 r35585506 p500
 137519050=25917257+67155540+50227043 i46709283 u110743259 u0 t2.852
1105876 1000000 94 4 w819117 r1082926 m1193131 f2164 r36510443 p500
 138665713=26137695+67717784+50640862 i47096155 u111671437 u0 t2.937
Idx1+ positiv: 3799228 6972827 
Idx1+ lookups: 3717982 6272306 
1117034 1010000 94 4 w847765 r1126908 m1239691 f2216 r37430878 p500
 139787403=26354448+68264708+51048328 i47474437 u112578524 u0 t2.852
1128112 1020000 94 4 w882501 r1176243 m1291932 f2280 r38467556 p500
 140921791=26573668+68822755+51454807 i47861200 u113493188 u0 t3.003
1139060 1030000 94 4 w918565 r1230184 m1349041 f2346 r39587525 p500
 142169262=26814500+69435817+51902697 i48292256 u114492772 u0 t3.449
1150007 1040000 94 4 w950661 r1282485 m1403971 f2405 r40563319 p500
 143561529=27079998+70114418+52410413 i48771624 u115607607 u0 t3.358
Idx1+ positiv: 3913547 7378026 
Idx1+ lookups: 3822402 6630272 
1160894 1050000 94 4 w999715 r1352560 m1478186 f2495 r42038782 p500
 144998334=27351326+70820475+52930359 i49270713 u116754663 u0 t4.016
1171814 1060000 94 4 w1040091 r1412986 m1541755 f2570 r43178414 p500
 146379096=27613815+71499763+53428048 i49752989 u117854717 u0 t3.667
1182789 1070000 94 4 w1079715 r1474326 m1606072 f2644 r44288908 p500
 147771413=27879098+72187374+53926681 i50241637 u118962509 u0 t3.573
Idx1+ positiv: 4034560 7786916 
Idx1+ lookups: 3930572 6991729 
1193726 1080000 94 4 w1125168 r1541321 m1676518 f2728 r45561762 p500
 149134067=28139227+72857138+54417549 i50716081 u120049862 u0 t3.857
1204582 1090000 94 4 w1171742 r1611320 m1750005 f2814 r46835482 p500
 150558189=28410800+73563244+54924922 i51217077 u121182065 u0 t3.798
1215452 1100000 94 4 w1217162 r1683540 m1825707 f2898 r48131096 p500
 152005113=28686816+74275924+55445128 i51719708 u122337425 u0 t3.94
Idx1+ positiv: 4165695 8198807 
Idx1+ lookups: 4045332 7356732 
1226363 1110000 94 4 w1263744 r1755665 m1901065 f2985 r49342200 p500
 153500823=28969235+75014161+55983169 i52243503 u123528038 u0 t3.935
1237247 1120000 94 4 w1315718 r1834601 m1983819 f3082 r50726860 p500
 154937436=29243149+75724625+56496704 i52744934 u124673669 u0 t4.001
cache requests:  51415879, Misses: 2025712, Flush#: 3131
File page count: 167454
File page count: 0
1248176 1130000 94 3 w252 r0 m0 f11 r0 p20
 156402735=29522272+76447278+57022338 i53258865 u125839496 u0 t3.994
Idx1+ positiv: 4258116 8520618 137702 
Idx1+ lookups: 4125252 7640020 121114 
1259068 1140000 94 3 w708 r0 m0 f32 r0 p20
 157861130=29797985+77168674+57545265 i53774360 u126995593 u0 t3.528
1269968 1150000 94 3 w1310 r0 m0 f60 r0 p20
 159329507=30076803+77900612+58066164 i54291950 u128162126 u0 t3.84
1280888 1160000 94 3 w2011 r0 m0 f93 r0 p20
 160787360=30353505+78624948+58585504 i54807708 u129318058 u0 t3.663
Idx1+ positiv: 4265929 8715918 490490 
Idx1+ lookups: 4133065 7811013 426248 
1291754 1170000 94 3 w3068 r0 m0 f143 r0 p20
 162257086=30632524+79353396+59110035 i55327564 u130483669 u0 t3.743
1302652 1180000 94 3 w4062 r0 m0 f190 r0 p20
 163740225=30914948+80088433+59638609 i55849182 u131663393 u0 t3.742
1313613 1190000 94 3 w5208 r0 m0 f244 r0 p20
 165222365=31196415+80824289+60167001 i56368096 u132844347 u0 t3.65
Idx1+ positiv: 4287145 8959818 793637 
Idx1+ lookups: 4154281 8026393 682187 
1324596 1200000 94 3 w6593 r0 m0 f309 r0 p20
 166705142=31477697+81562307+60693492 i56886367 u134027066 u0 t3.77
1335456 1210000 94 3 w7946 r0 m0 f373 r0 p20
 168224635=31765451+82316176+61235830 i57420558 u135235269 u0 t3.764
1346441 1220000 94 3 w9444 r0 m0 f444 r0 p20
 169783151=32059976+83084342+61797326 i57955633 u136485995 u0 t3.859
Idx1+ positiv: 4324430 9229282 1064946 
Idx1+ lookups: 4191566 8264088 906642 
1357399 1230000 94 3 w11086 r0 m0 f522 r0 p20
 171340127=32353047+83856368+62354089 i58494732 u137731654 u0 t4.038
1368385 1240000 94 3 w13228 r0 m0 f624 r0 p20
 172947613=32655799+84649796+62933488 i59048373 u139019881 u0 t4.088
1379469 1250000 94 3 w14950 r0 m0 f706 r0 p20
 174578358=32960715+85458237+63518400 i59613358 u140323485 u0 t3.875
Idx1+ positiv: 4377604 9518772 1312583 
Idx1+ lookups: 4244740 8518302 1107575 
1390543 1260000 94 3 w18335 r180 m1027 f782 r187036 p500
 176216496=33265768+86260659+64117377 i60171680 u141639900 u0 t4.11
1401635 1270000 94 3 w24246 r2984 m6390 f789 r774406 p500
 177844400=33572064+87068311+64699573 i60733012 u142944862 u0 t4.155
Idx1+ positiv: 4444215 9815950 1540356 
Idx1+ lookups: 4311343 8777673 1288188 
1412662 1280000 94 3 w30493 r7737 m13317 f797 r1273176 p500
 179448464=33876559+87868585+65267070 i61290924 u144227443 u0 t4.093
1423732 1290000 94 3 w40406 r15851 m24397 f811 r1944599 p500
 181048818=34176735+88658077+65844470 i61845216 u145507007 u0 t4.135
1434749 1300000 94 4 w50109 r26105 m37209 f825 r2662731 p500
 182708017=34486060+89473649+66447223 i62419971 u146832257 u0 t4.089
Idx1+ positiv: 4522511 10121097 1753113 
Idx1+ lookups: 4389624 9042215 1453818 
1445738 1310000 94 4 w61944 r40733 m54998 f843 r3773914 p500
 184393707=34802515+90300279+67060585 i63011186 u148171302 u0 t4.556
1456743 1320000 94 4 w74563 r56513 m73494 f862 r4740810 p500
 186070233=35117420+91124338+67668658 i63595600 u149507153 u0 t4.192
Idx1+ positiv: 4611455 10432428 1953875 
Idx1+ lookups: 4478505 9310827 1607698 
1467716 1330000 94 4 w91062 r77278 m97723 f888 r5951626 p500
 187826318=35446440+91987570+68306202 i64205725 u150908068 u0 t4.551
1478847 1340000 94 4 w106199 r100711 m124470 f912 r7156412 p500
 189576204=35770547+92843092+68948286 i64819158 u152297032 u0 t4.664
1489858 1350000 94 4 w125380 r128028 m155306 f943 r8417033 p500
 191293706=36091274+93689714+69570365 i65425807 u153657641 u0 t4.479
Idx1+ positiv: 4712249 10750147 2143832 
Idx1+ lookups: 4579124 9583631 1750749 
1500812 1360000 94 4 w139474 r153384 m183412 f966 r9439971 p500
 192945491=36397576+94496222+70177412 i66006542 u154967491 u0 t4.126
1511816 1370000 94 4 w162009 r186447 m220280 f1003 r10839280 p500
 194629037=36712329+95326971+70785495 i66599298 u156303668 u0 t4.683
1522795 1380000 94 4 w179356 r218757 m255821 f1032 r12032641 p500
 196261107=37016280+96132860+71375071 i67178569 u157593673 u0 t4.346
Idx1+ positiv: 4822414 11072449 2326280 
Idx1+ lookups: 4688973 9859722 1885973 
1533703 1390000 94 4 w202236 r255519 m295956 f1070 r13302920 p500
 197916580=37324592+96947275+71976458 i67771298 u158896841 u0 t4.439
1544569 1400000 94 4 w224739 r293704 m337623 f1108 r14584713 p500
 199559259=37633478+97759355+72566898 i68352891 u160197960 u0 t4.413
Idx1+ positiv: 4944870 11400575 2499018 
Idx1+ lookups: 4810856 10140456 2011261 
1555499 1410000 94 4 w252639 r340908 m389230 f1155 r16192531 p500
 201315494=37961628+98624605+73202706 i68975581 u161586448 u0 t4.962
1566395 1420000 94 4 w278737 r386666 m438649 f1200 r17550828 p500
 203040851=38283744+99480615+73821800 i69589362 u162949856 u0 t4.518
1577238 1430000 94 4 w305133 r433758 m489081 f1246 r18854237 p500
 204769957=38606559+100338547+74442479 i70201509 u164318771 u0 t4.534
Idx1+ positiv: 5073507 11728768 2664496 
Idx1+ lookups: 4938514 10420269 2129341 
1588118 1440000 98 4 w335249 r486572 m546046 f1298 r20377164 p500
 206501964=38930451+101195825+75064964 i70819780 u165684801 u0 t4.869
1598949 1450000 98 4 w366204 r543202 m606723 f1352 r21886137 p500
 208268958=39258963+102068645+75703593 i71449256 u167079317 u0 t4.857
Idx1+ positiv: 5212656 12059606 2823023 
Idx1+ lookups: 5076004 10702152 2241123 
1609797 1460000 98 4 w401564 r604786 m672753 f1414 r23573808 p500
 210044947=39588611+102945770+76346406 i72076130 u168485955 u0 t5.048
1620630 1470000 98 4 w439145 r669649 m742042 f1481 r25235546 p500
 211794585=39917933+103814704+76971470 i72697233 u169869901 u0 t4.788
1631477 1480000 98 4 w468042 r726848 m802369 f1532 r26466279 p500
 213544045=40245037+104679189+77602221 i73318550 u171252265 u0 t4.744
Idx1+ positiv: 5360731 12391176 2977431 
Idx1+ lookups: 5221643 10984306 2349226 
1642373 1490000 98 4 w509127 r798520 m878553 f1605 r28185175 p500
 215341282=40581295+105569208+78248299 i73953474 u172676398 u0 t5.264
1653233 1500000 98 4 w550984 r871172 m955594 f1680 r29858388 p500
 217140861=40916401+106459891+78897104 i74590798 u174100634 u0 t4.882
Idx1+ positiv: 5519730 12720751 3124437 
Idx1+ lookups: 5377073 11264168 2449990 
1664130 1510000 98 4 w591387 r944121 m1032686 f1753 r31467374 p500
 218918863=41246819+107335188+79542979 i75218296 u175508649 u0 t4.979
1675034 1520000 98 4 w633208 r1022816 m1115681 f1829 r33144274 p500
 220707784=41578832+108217124+80191733 i75847716 u176927620 u0 t4.928
1685958 1530000 98 4 w677034 r1102244 m1199259 f1909 r34777125 p500
 222527080=41916354+109112653+80853015 i76490914 u178367460 u0 t5.257
Idx1+ positiv: 5686476 13048903 3266384 
Idx1+ lookups: 5538953 11542989 2546296 
1696847 1540000 98 4 w727540 r1190493 m1292292 f2001 r36642814 p500
 224315178=42247473+109988212+81508049 i77124067 u179780229 u0 t5.024
1707676 1550000 98 4 w770172 r1273079 m1378753 f2080 r38189792 p500
 226145550=42585444+110889061+82174592 i77775548 u181223677 u0 t5.1
Idx1+ positiv: 5864276 13378491 3405720 
Idx1+ lookups: 5710025 11822282 2639793 
1718573 1560000 98 4 w827501 r1370378 m1481109 f2185 r40112028 p500
 227977335=42923424+111787999+82844857 i78423843 u182670984 u0 t5.197
1729487 1570000 98 4 w875516 r1462076 m1577135 f2274 r41855407 p500
 229753615=43251320+112659502+83494703 i79053062 u184074486 u0 t5.121
Idx1+ positiv: 6053347 13707754 3539622 
Idx1+ lookups: 5890134 12101561 2727972 
1740347 1580000 98 4 w925738 r1554524 m1673526 f2368 r43483437 p500
 231553104=43584046+113540125+84154536 i79690155 u185496358 u0 t4.907
1751207 1590000 98 4 w979229 r1655308 m1778719 f2468 r45281068 p500
 233379940=43922520+114439161+84819335 i80336960 u186940283 u0 t5.271
1762023 1600000 98 4 w1036455 r1757745 m1885700 f2575 r47119076 p500
 235155843=44253361+115316780+85460372 i80967920 u188343237 u0 t5.205
Idx1+ positiv: 6250775 14038574 3671501 
Idx1+ lookups: 6076092 12382477 2814544 
1772878 1610000 98 4 w1092090 r1857810 m1990000 f2679 r48788562 p500
 236929770=44581602+116184385+86111454 i81597136 u189743958 u0 t5.174
1783723 1620000 98 4 w1146320 r1962210 m2098731 f2781 r50530918 p500
 238688807=44908360+117054935+86745918 i82222584 u191133051 u0 t4.944
Idx1+ positiv: 6457362 14368754 3800088 
Idx1+ lookups: 6268099 12662334 2897660 
1794607 1630000 98 4 w1207790 r2071623 m2212398 f2899 r52308010 p500
 240464479=45236722+117925167+87395629 i82856286 u192530828 u0 t5.256
1805498 1640000 98 4 w1267666 r2184554 m2329765 f3013 r54116000 p500
 242254153=45568300+118810419+88042816 i83491917 u193944760 u0 t5.139
1816421 1650000 98 4 w1328861 r2298605 m2448251 f3129 r55882381 p500
 244050465=45899876+119697682+88694298 i84136127 u195357005 u0 t5.19
cache requests:  56283505, Misses: 2475390, Flush#: 3151
File page count: 166961
File page count: 0
Idx1+ positiv: 6674175 14697405 3925709 108 
Idx1+ lookups: 6466598 12940717 2977689 67 
1827273 1660000 98 3 w514 r0 m0 f23 r0 p20
 245854599=46234183+120581771+89354321 i84779398 u196778118 u0 t4.936
1838160 1670000 98 3 w1247 r0 m0 f57 r0 p20
 247658504=46569017+121468086+90011465 i85428936 u198193231 u0 t4.898
Idx1+ positiv: 6678878 14955614 4216619 121720 
Idx1+ lookups: 6471301 13176839 3218782 75911 
1849005 1680000 98 3 w1854 r0 m0 f85 r0 p20
 249430278=46895842+122335533+90661291 i86058041 u199591609 u0 t4.486
1859879 1690000 98 3 w3082 r0 m0 f143 r0 p20
 251131279=47212315+123178813+91272934 i86668616 u200929849 u0 t4.664
1870739 1700000 98 3 w4344 r0 m0 f202 r0 p20
 252891045=47539369+124052324+91905247 i87297895 u202316674 u0 t4.732
Idx1+ positiv: 6693869 15258743 4462172 240539 
Idx1+ lookups: 6486292 13454155 3414900 149518 
1881698 1710000 98 3 w5844 r0 m0 f272 r0 p20
 254580511=47855132+124886720+92515242 i87897984 u203651920 u0 t4.596
1892578 1720000 98 3 w7152 r0 m0 f333 r0 p20
 256293646=48175630+125733252+93133036 i88505980 u205006747 u0 t4.428
Idx1+ positiv: 6722221 15589409 4680491 357100 
Idx1+ lookups: 6514644 13755665 3583944 221092 
1903425 1730000 98 3 w8757 r0 m0 f409 r0 p20
 258022915=48497011+126587322+93759138 i89116225 u206377382 u0 t4.62
1914319 1740000 98 3 w10710 r0 m0 f502 r0 p20
 259815209=48830592+127465985+94414637 i89747128 u207797455 u0 t4.828
1925121 1750000 98 3 w12495 r0 m0 f587 r0 p20
 261541348=49152781+128320704+95035878 i90357308 u209165202 u0 t4.548
Idx1+ positiv: 6763824 15935362 4879558 472037 
Idx1+ lookups: 6556246 14068940 3733432 291258 
1936035 1760000 98 3 w14826 r0 m0 f698 r0 p20
 263330395=49486167+129206644+95680325 i90990221 u210581818 u0 t4.798
1946942 1770000 98 3 w17550 r124 m761 f781 r130881 p500
 265050284=49805914+130048834+96309106 i91584404 u211956035 u0 t4.521
Idx1+ positiv: 6818731 16294041 5061340 583806 
Idx1+ lookups: 6611151 14392195 3866488 358552 
1957829 1780000 98 3 w22557 r2490 m5352 f787 r636686 p500
 266753303=50124838+130892409+96920932 i92183157 u213309103 u0 t4.507
1968722 1790000 98 3 w30291 r7528 m13111 f797 r1241438 p500
 268493552=50448739+131746780+97555161 i92792812 u214691759 u0 t4.778
1979581 1800000 98 3 w39582 r15113 m23333 f810 r1840523 p500
 270164288=50760785+132567358+98163038 i93382888 u216014525 u0 t4.507
Idx1+ positiv: 6882576 16657424 5234432 693848 
Idx1+ lookups: 6674977 14717810 3990405 423716 
1990482 1810000 98 4 w49944 r25190 m36150 f825 r2627185 p500
 271830252=51072079+133383609+98770962 i93966433 u217338266 u0 t4.517
2001382 1820000 98 4 w63052 r38682 m52617 f845 r3642542 p500
 273492871=51381902+134197434+99378998 i94556859 u218650998 u0 t4.648
Idx1+ positiv: 6956491 17028795 5398629 800446 
Idx1+ lookups: 6748849 15048944 4106106 485907 
2012247 1830000 98 4 w72887 r52496 m68834 f860 r4510052 p500
 275187120=51698829+135031055+99993704 i95152341 u219995676 u0 t4.471
2023129 1840000 98 4 w89415 r72182 m92006 f886 r5735741 p500
 276861603=52011532+135854419+100601958 i95742786 u221322441 u0 t4.78
2034053 1850000 98 4 w105426 r92824 m115625 f912 r6770569 p500
 278586086=52334286+136703614+101226354 i96355655 u222684636 u0 t4.715
Idx1+ positiv: 7038195 17405070 5555774 908510 
Idx1+ lookups: 6830435 15383154 4215083 549358 
2044917 1860000 98 4 w121116 r115567 m141487 f937 r7866356 p500
 280251224=52646494+137526857+101826009 i96943167 u224005032 u0 t4.661
2055814 1870000 98 4 w139477 r141498 m170779 f967 r9035140 p500
 281924750=52958788+138352252+102431703 i97545076 u225319935 u0 t4.678
2066728 1880000 98 4 w154466 r167944 m200131 f992 r10100639 p500
 283579260=53268199+139169715+103028509 i98132570 u226627743 u0 t4.547
Idx1+ positiv: 7126740 17783147 5708091 1012643 
Idx1+ lookups: 6918767 15717833 4318609 609503 
2077660 1890000 98 4 w178103 r199563 m235462 f1031 r11402197 p500
 285237044=53579292+139988643+103625286 i98720639 u227938766 u0 t4.834
2088614 1900000 98 4 w198065 r232722 m271951 f1064 r12606926 p500
 286912655=53892335+140810185+104236352 i99317444 u229259736 u0 t4.655
Idx1+ positiv: 7224687 18166160 5853071 1115073 
Idx1+ lookups: 7016256 16056058 4415809 668084 
2099586 1910000 98 4 w218280 r266304 m308491 f1099 r13694474 p500
 288616243=54209093+141647327+104856783 i99920136 u230607395 u0 t4.676
2110524 1920000 98 4 w244986 r305315 m351390 f1144 r15088910 p500
 290241237=54514629+142446303+105445717 i100495929 u231892447 u0 t4.704
2121483 1930000 98 4 w270625 r346049 m395773 f1188 r16393717 p500
 291923570=54829825+143276743+106052519 i101096984 u233218755 u0 t4.797
Idx1+ positiv: 7329030 18545922 5993206 1216081 
Idx1+ lookups: 7119882 16390086 4507939 725032 
2132440 1940000 98 4 w291024 r384578 m437437 f1223 r17514961 p500
 293565784=55136148+144083806+106649839 i101682500 u234513406 u0 t4.56
2143340 1950000 98 4 w324508 r432176 m489174 f1281 r19000715 p500
 295239019=55448867+144906211+107257969 i102277648 u235834433 u0 t4.888
2154286 1960000 98 4 w348448 r475641 m535841 f1323 r20192554 p500
 296860107=55753648+145703015+107845359 i102855413 u237113641 u0 t4.511
Idx1+ positiv: 7441419 18927346 6128857 1316023 
Idx1+ lookups: 7231134 16724965 4595801 781015 
2165157 1970000 98 4 w381138 r524687 m588730 f1380 r21581563 p500
 298412591=56044542+146464173+108410700 i103405927 u238340516 u0 t4.569
2176142 1980000 98 4 w407862 r570319 m637542 f1427 r22763011 p500
 299979496=56338337+147235354+108978397 i103965071 u239576111 u0 t4.396
Idx1+ positiv: 7561759 19311913 6261287 1414669 
Idx1+ lookups: 7349589 17062148 4680757 835805 
2187090 1990000 98 4 w440336 r625026 m696179 f1484 r24212803 p500
 301618575=56644428+148044181+109570873 i104551270 u240867340 u0 t4.865
2198031 2000000 98 4 w473379 r677829 m752583 f1543 r25554504 p500
 303185210=56938923+148817650+110135184 i105110645 u242103247 u0 t4.511
2208970 2010000 98 4 w500657 r727983 m805680 f1592 r26691915 p500
 304752540=57232180+149587337+110705170 i105666386 u243342082 u0 t4.396
Idx1+ positiv: 7688723 19694792 6388415 1511342 
Idx1+ lookups: 7473786 17396728 4760598 888786 
2219875 2020000 98 4 w541076 r789607 m871550 f1664 r28247548 p500
 306334455=57532948+150371332+111270400 i106231300 u244590648 u0 t4.735
2230717 2030000 98 4 w573953 r844943 m930245 f1723 r29490105 p500
 307845651=57817948+151122157+111809532 i106771534 u245782950 u0 t4.394
2241553 2040000 98 4 w605926 r901149 m989760 f1781 r30715436 p500
 309373570=58105978+151881084+112355392 i107321288 u246984723 u0 t4.422
Idx1+ positiv: 7823531 20080548 6514481 1608461 
Idx1+ lookups: 7604580 17733649 4839483 941725 
2252478 2050000 98 4 w649125 r968029 m1060708 f1859 r32253758 p500
 310917801=58397346+152645204+112909519 i107875584 u248200572 u0 t4.69
2263400 2060000 98 4 w681215 r1026251 m1122001 f1917 r33447459 p500
 312460636=58688083+153405052+113466755 i108426882 u249416859 u0 t4.384
2274335 2070000 98 4 w719417 r1092385 m1191758 f1987 r34844896 p500
 314006113=58979074+154169481+114021866 i108977339 u250637764 u0 t4.524
Idx1+ positiv: 7967482 20465511 6637298 1703753 
Idx1+ lookups: 7742850 18070168 4915244 993160 
2285238 2080000 98 4 w763603 r1161305 m1264562 f2068 r36292094 p500
 315479761=59257781+154893633+114554732 i109502510 u251801328 u0 t4.52
2296195 2090000 98 4 w800194 r1227074 m1333701 f2135 r37570216 p500
 317001742=59547160+155648315+115097246 i110043759 u253005104 u0 t4.368
2307093 2100000 98 4 w841497 r1297788 m1408010 f2211 r38948952 p500
 318548784=59841585+156419314+115645210 i110593008 u254230926 u0 t4.645
Idx1+ positiv: 8118558 20849285 6755800 1796641 
Idx1+ lookups: 7886466 18405944 4986881 1042918 
2317991 2110000 98 4 w889042 r1373331 m1487630 f2298 r40473924 p500
 320065310=60129116+157167613+116190543 i111130563 u255431774 u0 t4.569
2328915 2120000 98 4 w925982 r1440718 m1557994 f2367 r41638793 p500
 321540226=60409484+157900375+116714932 i111658459 u256595340 u0 t4.296
Idx1+ positiv: 8278340 21232821 6871133 1889227 
Idx1+ lookups: 8036552 18740244 5055299 1092034 
2339889 2130000 98 4 w972437 r1518878 m1640013 f2454 r43107700 p500
 323065272=60697602+158658425+117258241 i112205270 u257797602 u0 t4.57
2350849 2140000 98 4 w1021754 r1599537 m1724527 f2546 r44600557 p500
 324569276=60981045+159406540+117794073 i112743656 u258983756 u0 t4.663
2361818 2150000 98 4 w1065404 r1676973 m1805437 f2627 r45953827 p500
 326046163=61261072+160142425+118317711 i113274332 u260147713 u0 t4.369
Idx1+ positiv: 8444756 21616775 6985331 1980076 
Idx1+ lookups: 8190451 19075049 5123057 1139537 
2372703 2160000 98 4 w1110547 r1755366 m1887300 f2711 r47306582 p500
 327582195=61550056+160900281+118871928 i113820533 u261361294 u0 t4.577
2383611 2170000 98 4 w1161812 r1840061 m1975950 f2808 r48794218 p500
 329020933=61822910+161615512+119384128 i114333591 u262498512 u0 t4.442
2394538 2180000 98 4 w1208039 r1919260 m2058506 f2895 r50113777 p500
 330471640=62098697+162341500+119894769 i114855901 u263641310 u0 t4.368
Idx1+ positiv: 8619654 22000086 7097690 2071052 
Idx1+ lookups: 8349570 19409304 5188968 1186810 
2405448 2190000 98 4 w1257586 r2006364 m2149006 f2990 r51480715 p500
 332047282=62396171+163128686+120452548 i115419349 u264885387 u0 t4.638
2416385 2200000 98 4 w1313222 r2099904 m2246489 f3095 r53039202 p500
 333572677=62685022+163886371+120996698 i115963798 u266090065 u0 t4.772
2427291 2210000 98 4 w1360327 r2184841 m2334860 f3184 r54408028 p500
 335055154=62966105+164620723+121527332 i116489796 u267263792 u0 t4.396
cache requests:  54724075, Misses: 2354850, Flush#: 3205
File page count: 167250
File page count: 0
Idx1+ positiv: 8769331 22345423 7255921 2164161 16397 
Idx1+ lookups: 8483687 19710901 5300328 1235899 8375 
2438224 2220000 98 3 w506 r0 m0 f23 r0 p20
 336562228=63251799+165373345+122060347 i117033831 u268448777 u0 t4.581
2449156 2230000 98 3 w985 r0 m0 f45 r0 p20
 338098470=63544181+166137065+122607037 i117583374 u269661005 u0 t4.24
2460085 2240000 98 3 w1630 r0 m0 f75 r0 p20
 339674657=63843460+166921569+123166530 i118151386 u270900536 u0 t4.559
Idx1+ positiv: 8776718 22584546 7582874 2271825 104730 
Idx1+ lookups: 8491074 19926898 5578271 1296923 53480 
2471031 2250000 98 3 w2633 r0 m0 f122 r0 p20
 341328221=64154313+167736404+123763464 i118745791 u272200296 u0 t4.663
2481891 2260000 98 3 w3680 r0 m0 f171 r0 p20
 342920094=64455060+168519044+124339193 i119310912 u273458451 u0 t4.405
2492839 2270000 98 3 w4934 r0 m0 f229 r0 p20
 344524932=64756130+169308970+124920291 i119880685 u274727441 u0 t4.568
Idx1+ positiv: 8797057 22870986 7855913 2378815 191843 
Idx1+ lookups: 8511413 20186489 5803227 1357878 97695 
2503770 2280000 98 3 w6510 r0 m0 f303 r0 p20
 346165173=65065475+170120749+125508611 i120465744 u276022279 u0 t4.735
2514685 2290000 98 3 w8024 r0 m0 f374 r0 p20
 347777859=65367628+170914357+126092672 i121038257 u277297445 u0 t4.574
Idx1+ positiv: 8833454 23187019 8099986 2483100 277917 
Idx1+ lookups: 8547810 20472063 5999167 1416462 140931 
2525687 2300000 98 3 w9507 r0 m0 f444 r0 p20
 349430556=65676533+171726819+126692647 i121621333 u278606504 u0 t4.571
2536614 2310000 98 3 w11265 r0 m0 f527 r0 p20
 351071462=65982636+172534843+127287338 i122197781 u279909451 u0 t4.662
2547690 2320000 98 3 w13461 r0 m0 f631 r0 p20
 352775789=66300993+173374078+127904919 i122803838 u281254945 u0 t4.898
Idx1+ positiv: 8884836 23515850 8322341 2585641 363807 
Idx1+ lookups: 8599191 20767192 6173003 1472503 183301 
2558712 2330000 98 3 w15471 r0 m0 f726 r0 p20
 354479327=66619347+174214406+128520924 i123403030 u282606745 u0 t4.706
2569709 2340000 98 3 w18444 r351 m1528 f782 r265647 p500
 356119816=66929029+175032721+129102657 i123977830 u283913784 u0 t4.805
2580699 2350000 98 3 w25959 r3686 m7542 f791 r878601 p500
 357866975=67253212+175889572+129740737 i124591572 u285300333 u0 t4.959
Idx1+ positiv: 8949299 23856711 8528430 2686490 448841 
Idx1+ lookups: 8663649 21071449 6330241 1527265 225436 
2591715 2360000 98 3 w34216 r10057 m16675 f802 r1513542 p500
 359567798=67570319+176725970+130359050 i125192413 u286646905 u0 t4.897
2602831 2370000 98 3 w43299 r18999 m28152 f815 r2099107 p500
 361333804=67899239+177596044+130999241 i125821123 u288040934 u0 t5.029
Idx1+ positiv: 9024897 24208443 8721275 2785406 532491 
Idx1+ lookups: 8739223 21383783 6475450 1580123 266024 
2613986 2380000 98 4 w54662 r31975 m44449 f832 r3054843 p500
 363142494=68230806+178475866+131670096 i126454879 u289475680 u0 t5.243
2624949 2390000 98 4 w69698 r48866 m64652 f855 r4209765 p500
 364958248=68564735+179361240+132340268 i127104478 u290903077 u0 t5.253
Idx1+ positiv: 9109836 24562071 8903241 2883578 615728 
Idx1+ lookups: 8824113 21695479 6608423 1631681 305535 
2635909 2400000 98 4 w83344 r67383 m86020 f876 r5225393 p500
 366793742=68902584+180257977+133015990 i127760010 u292347007 u0 t5.251
2646913 2410000 98 4 w101143 r89639 m111664 f905 r6462892 p500
 368547157=69226360+181113701+133662101 i128387493 u293725102 u0 t5.142
2657884 2420000 98 4 w116334 r113484 m138878 f929 r7648438 p500
 370250743=69543018+181948977+134283775 i128992065 u295070529 u0 t4.979
Idx1+ positiv: 9204033 24919377 9075904 2980803 697392 
Idx1+ lookups: 8918175 22009057 6732801 1682296 343640 
2668918 2430000 98 4 w132360 r139422 m167964 f955 r8787807 p500
 371945334=69856854+182774867+134907321 i129596522 u296404454 u0 t4.951
2679809 2440000 98 4 w154603 r168767 m200628 f992 r9999578 p500
 373593593=70165486+183587194+135502816 i130196054 u297692638 u0 t4.988
2690746 2450000 98 4 w173364 r199157 m234167 f1023 r11154777 p500
 375264732=70476391+184414187+136105363 i130797450 u299005376 u0 t4.89
Idx1+ positiv: 9306496 25284828 9241333 3078207 778924 
Idx1+ lookups: 9020368 22328818 6849693 1732859 381586 
2701594 2460000 98 4 w197959 r237926 m277063 f1064 r12656132 p500
 377026942=70804695+185280946+136745118 i131431406 u300389068 u0 t5.364
2712475 2470000 98 4 w220440 r274953 m317527 f1102 r13900038 p500
 378737275=71123412+186129022+137359567 i132048402 u301731619 u0 t5.086
Idx1+ positiv: 9419222 25653343 9398907 3172177 858802 
Idx1+ lookups: 9132606 22651214 6959218 1780770 418657 
2723357 2480000 98 4 w245457 r315727 m361743 f1145 r15185972 p500
 380487328=71448458+186993347+137992245 i132672991 u303111397 u0 t5.15
2734166 2490000 98 4 w270943 r359331 m409282 f1188 r16593330 p500
 382198024=71767925+187837149+138610940 i133287310 u304456501 u0 t5.209
2745023 2500000 98 4 w299059 r408064 m461913 f1237 r18069842 p500
 383959910=72094368+188705051+139251002 i133921889 u305839444 u0 t5.305
Idx1+ positiv: 9542010 26025186 9550810 3266366 938529 
Idx1+ lookups: 9254548 22976487 7063292 1828753 455385 
2755880 2510000 98 4 w327640 r457334 m514904 f1286 r19444099 p500
 385703183=72418174+189565646+139881674 i134551781 u307206003 u0 t5.219
2766772 2520000 98 4 w359008 r511154 m572732 f1341 r20947402 p500
 387463931=72744988+190431472+140522086 i135186505 u308587505 u0 t5.383
Idx1+ positiv: 9671324 26395491 9695394 3359228 1017517 
Idx1+ lookups: 9382374 23299276 7160518 1875516 491104 
2777605 2530000 98 4 w394521 r568187 m634029 f1403 r22493652 p500
 389210244=73071112+191290844+141155276 i135810271 u309963531 u0 t5.355
2788466 2540000 98 4 w425633 r622588 m691691 f1459 r23770737 p500
 390993925=73405001+192169511+141801295 i136450146 u311365851 u0 t5.17
2799329 2550000 98 4 w465742 r690356 m764147 f1530 r25498285 p500
 392854436=73747080+193084041+142481179 i137119491 u312825525 u0 t5.758
Idx1+ positiv: 9807982 26766535 9834353 3449668 1095772 
Idx1+ lookups: 9516891 23622177 7252264 1920396 526199 
2810193 2560000 98 4 w501765 r752941 m830746 f1594 r27037750 p500
 394586175=74069906+193939383+143107047 i137748546 u314179709 u0 t5.296
2821115 2570000 98 4 w544781 r824426 m906749 f1671 r28734902 p500
 396373854=74400331+194815983+143761024 i138393316 u315580365 u0 t5.564
Idx1+ positiv: 9952789 27139380 9972003 3539203 1174988 
Idx1+ lookups: 9658397 23946049 7341958 1964531 562567 
2832025 2580000 98 4 w581200 r891199 m977181 f1737 r30158105 p500
 398201283=74740010+195716692+144423960 i139052847 u317013329 u0 t5.421
2842894 2590000 98 4 w629383 r969902 m1060558 f1824 r31975300 p500
 399960875=75065982+196579442+145067439 i139687509 u318392746 u0 t5.612
Idx1+ positiv: 10108247 27512677 10103325 3627878 1252054 
Idx1+ lookups: 9809180 24270064 7426128 2007737 596690 
2853742 2600000 98 4 w672885 r1047214 m1142058 f1903 r33590419 p500
 401811634=75407233+197492344+145739777 i140357194 u319841864 u0 t5.621
2864632 2610000 98 4 w716590 r1127079 m1226119 f1983 r35190821 p500
 403667966=75750169+198409680+146411818 i141020717 u321303861 u0 t5.657
2875503 2620000 98 4 w767432 r1211672 m1315176 f2076 r36921515 p500
 405501187=76090975+199311909+147078283 i141681989 u322741624 u0 t5.694
Idx1+ positiv: 10270468 27884679 10231401 3714885 1327894 
Idx1+ lookups: 9965070 24592968 7507602 2049661 630097 
2886360 2630000 98 4 w816112 r1297674 m1405516 f2166 r38607470 p500
 407318394=76428580+200209416+147736246 i142339052 u324165921 u0 t5.69
2897239 2640000 98 4 w868334 r1388155 m1500559 f2262 r40346901 p500
 409133084=76766405+201102314+148395438 i142992271 u325589965 u0 t5.743
Idx1+ positiv: 10441459 28257276 10356184 3801092 1403964 
Idx1+ lookups: 10127690 24915896 7585651 2090677 663341 
2908079 2650000 98 4 w921484 r1480778 m1597566 f2361 r42065141 p500
 410998892=77114178+202021249+149071777 i143662323 u327056213 u0 t5.774
2919336 2660000 98 4 w976081 r1577073 m1698428 f2462 r43848757 p500
 412865095=77458535+202937691+149753790 i144321981 u328532010 u0 t5.794
Idx1+ positiv: 10618285 28624116 10475775 3886961 1478826 
Idx1+ lookups: 10293713 25233365 7659202 2131818 696054 
2930193 2670000 98 4 w1033466 r1677427 m1803168 f2569 r45604444 p500
 414758028=77807462+203871479+150441590 i145001453 u330019394 u0 t5.932
2941058 2680000 98 4 w1091557 r1778231 m1908547 f2678 r47373823 p500
 416562298=78141604+204760082+151097021 i145654682 u331431592 u0 t5.691
2951948 2690000 98 4 w1147400 r1879339 m2013822 f2784 r49029916 p500
 418394567=78482060+205663987+151760410 i146310894 u332873507 u0 t5.721
Idx1+ positiv: 10805911 28995154 10595053 3971773 1553276 
Idx1+ lookups: 10467670 25554706 7731526 2171279 727800 
2962792 2700000 98 4 w1208327 r1984583 m2123486 f2899 r50808993 p500
 420187245=78815085+206550897+152407374 i146959847 u334277800 u0 t5.985
2973731 2710000 98 4 w1269401 r2093250 m2236405 f3015 r52555916 p500
 421964447=79147445+207422084+153055205 i147597126 u335674499 u0 t5.623
Idx1+ positiv: 11007118 29364630 10710557 4056792 1626662 
Idx1+ lookups: 10651953 25874697 7800838 2211442 759566 
2984605 2720000 98 4 w1326324 r2198014 m2345197 f3124 r54213702 p500
 423762171=79480129+208299528+153716891 i148235547 u337092037 u0 t5.61
cache requests:  55578516, Misses: 2429169, Flush#: 3215
File page count: 167165
File page count: 0
2995574 2730000 98 3 w228 r0 m0 f10 r0 p20
 425541780=79809047+209170707+154369183 i148876890 u338486366 u0 t5.82
3006468 2740000 98 3 w807 r0 m0 f37 r0 p20
 427360559=80145053+210063381+155033678 i149535951 u339907879 u0 t5.287
Idx1+ positiv: 11073744 29640564 10979448 4160112 1706319 50130 
Idx1+ lookups: 10712402 26120277 8021616 2269128 795668 21291 
3017345 2750000 98 3 w1535 r0 m0 f71 r0 p20
 429112466=80471448+210929421+155665389 i150171321 u341279187 u0 t5.489
3028291 2760000 98 3 w2566 r0 m0 f119 r0 p20
 430853628=80794053+211779723+156304391 i150804632 u342637537 u0 t5.863
Idx1+ positiv: 11085745 29926152 11268103 4271466 1788734 123119 
Idx1+ lookups: 10724403 26380710 8260793 2334060 833352 52059 
3039192 2770000 98 3 w3641 r0 m0 f169 r0 p20
 432538461=81107787+212604140+156920898 i151409766 u343960015 u0 t5.552
3050078 2780000 98 3 w4974 r0 m0 f231 r0 p20
 434247277=81429031+213437682+157545343 i152017988 u345306669 u0 t5.625
3060975 2790000 98 3 w6602 r0 m0 f307 r0 p20
 436026715=81761305+214309126+158194410 i152648341 u346712043 u0 t5.734
Idx1+ positiv: 11111911 30243008 11513970 4379116 1870734 194605 
Idx1+ lookups: 10750569 26669331 8457986 2395991 871403 82154 
3071909 2800000 98 3 w8121 r0 m0 f378 r0 p20
 437724222=82079132+215137533+158816103 i153250465 u348051743 u0 t5.484
3082762 2810000 98 3 w9826 r0 m0 f458 r0 p20
 439502098=82407520+216004295+159471644 i153882232 u349452995 u0 t5.761
Idx1+ positiv: 11154811 30585871 11735684 4486024 1951641 265456 
Idx1+ lookups: 10793469 26980675 8631187 2457470 907909 111340 
3093667 2820000 98 3 w11741 r0 m0 f549 r0 p20
 441252475=82734828+216859883+160111731 i154502956 u350834394 u0 t5.527
3104606 2830000 98 3 w13844 r0 m0 f649 r0 p20
 443006883=83060939+217716620+160755196 i155121341 u352223139 u0 t6.199
3115556 2840000 98 3 w15923 r0 m0 f748 r0 p20
 444688481=83372733+218538469+161372236 i155712366 u353555994 u0 t5.229
Idx1+ positiv: 11212682 30942071 11939442 4590670 2031068 335680 
Idx1+ lookups: 10851340 27302442 8786581 2516837 943229 140507 
3126447 2850000 98 3 w20146 r1061 m2913 f784 r419156 p500
 446373566=83687025+219365885+161985484 i156304110 u354893271 u0 t5.539
3137354 2860000 98 3 w27181 r4893 m9061 f793 r951614 p500
 448084410=84007360+220203015+162608631 i156902412 u356252530 u0 t5.45
Idx1+ positiv: 11283091 31307333 12128683 4693715 2110167 405908 
Idx1+ lookups: 10921740 27630617 8927975 2574285 978449 168900 
3148306 2870000 98 3 w34637 r10936 m17525 f803 r1517187 p500
 449709146=84311145+221001359+163198792 i157476081 u357539266 u0 t5.233
3159170 2880000 98 3 w45703 r20589 m30225 f819 r2207514 p500
 451351882=84617909+221801999+163801990 i158055890 u358838850 u0 t5.332
3170031 2890000 98 4 w56342 r32624 m44834 f835 r3105128 p500
 453013492=84929203+222613413+164410040 i158640310 u360155929 u0 t5.305
Idx1+ positiv: 11362496 31681352 12308727 4793919 2188119 475451 
Idx1+ lookups: 11001110 27965450 9060916 2630405 1013003 197400 
3180938 2900000 98 4 w66351 r46494 m61206 f850 r3992975 p500
 454661681=85237778+223419314+165012236 i159224094 u361458490 u0 t5.039
3191816 2910000 98 4 w81477 r64609 m82493 f874 r5117815 p500
 456350591=85550949+224239011+165637741 i159817522 u362796339 u0 t5.814
3202736 2920000 98 4 w96131 r85115 m106068 f897 r6199867 p500
 458067183=85872730+225081734+166261324 i160428783 u364150010 u0 t5.904
Idx1+ positiv: 11449125 32059609 12478507 4893056 2265366 544436 
Idx1+ lookups: 11087646 28302863 9183414 2685121 1046660 225389 
3213588 2930000 98 4 w113186 r108008 m131971 f925 r7266036 p500
 459765403=86191157+225911227+166882779 i161034208 u365487335 u0 t5.506
3224450 2940000 98 4 w128624 r132727 m159716 f950 r8381719 p500
 461458958=86506014+226744049+167499073 i161640869 u366819066 u0 t5.339
Idx1+ positiv: 11545680 32443654 12641178 4992326 2343259 613925 
Idx1+ lookups: 11184053 28643742 9298133 2739078 1080427 253346 
3235384 2950000 98 4 w150514 r163655 m194417 f986 r9720224 p500
 463116228=86815090+227563975+168096159 i162237940 u368120774 u0 t5.402
3246267 2960000 98 4 w166030 r192974 m226688 f1011 r10784339 p500
 464858603=87140346+228419120+168730537 i162861410 u369491802 u0 t5.307
3257218 2970000 98 4 w189080 r228765 m266246 f1050 r12152534 p500
 466613074=87466190+229282067+169368910 i163488960 u370872387 u0 t5.716
Idx1+ positiv: 11650825 32830940 12794661 5089684 2419988 682272 
Idx1+ lookups: 11288841 28986512 9404312 2791684 1113361 280256 
3268155 2980000 98 4 w210908 r264823 m305695 f1087 r13403397 p500
 468268376=87775619+230093744+169972379 i164084401 u372171476 u0 t5.264
3278993 2990000 98 4 w234905 r302450 m346408 f1128 r14561203 p500
 469969715=88091511+230926039+170595817 i164690349 u373512453 u0 t5.343
Idx1+ positiv: 11764183 33216561 12942519 5184325 2495813 750134 
Idx1+ lookups: 11401618 29326946 9505653 2841889 1145807 307160 
3289873 3000000 98 4 w258583 r342503 m390099 f1168 r15912869 p500
 471569970=88391941+231705539+171183343 i165254533 u374779703 u0 t5.2
3300770 3010000 98 4 w286213 r385390 m436568 f1216 r17227655 p500
 473233246=88702602+232525382+171785545 i165852812 u376086748 u0 t5.409
3311716 3020000 98 4 w311133 r429594 m484308 f1259 r18528354 p500
 474884704=89011906+233343669+172378776 i166450863 u377380493 u0 t5.318
Idx1+ positiv: 11882491 33606377 13086608 5279490 2571966 819270 
Idx1+ lookups: 11518867 29670062 9602186 2891739 1178056 334741 
3322684 3030000 98 4 w338902 r475806 m534120 f1307 r19812825 p500
 476508174=89314099+234142224+172968486 i167039590 u378650617 u0 t5.269
3333558 3040000 98 4 w367948 r524629 m586613 f1358 r21156935 p500
 478143366=89618548+234943979+173565228 i167629351 u379932966 u0 t5.254
3344467 3050000 98 4 w396842 r574020 m639314 f1409 r22406197 p500
 479740737=89918385+235729820+174143829 i168204409 u381187530 u0 t5.793
Idx1+ positiv: 12009792 33995226 13225763 5374304 2647500 887208 
Idx1+ lookups: 11644602 30011771 9694114 2941905 1210385 361538 
3355390 3060000 98 4 w430479 r630827 m700155 f1468 r23943863 p500
 481413586=90230624+236550329+174753692 i168803570 u382503518 u0 t5.549
3366284 3070000 98 4 w463151 r685731 m758712 f1526 r25309470 p500
 482988960=90526560+237328756+175320755 i169371389 u383740509 u0 t5.166
3377177 3080000 98 4 w496018 r741039 m817328 f1585 r26587444 p500
 484606407=90828041+238120588+175912435 i169951827 u385010533 u0 t5.439
Idx1+ positiv: 12145703 34385419 13361285 5466255 2722631 955278 
Idx1+ lookups: 11778106 30354035 9782349 2989383 1241807 388447 
3388055 3090000 98 4 w528017 r797637 m877455 f1642 r27917912 p500
 486152468=91119668+238885764+176466949 i170509992 u386224287 u0 t5.068
3398880 3100000 98 4 w564820 r857892 m941500 f1708 r29339393 p500
 487684763=91409430+239647791+177012102 i171065934 u387425233 u0 t6.055
Idx1+ positiv: 12286107 34774149 13494583 5558078 2798175 1023404 
Idx1+ lookups: 11914986 30693763 9867973 3036244 1273193 414752 
3409787 3110000 98 4 w600378 r917159 m1004284 f1772 r30646611 p500
 489223743=91698454+240408490+177565964 i171621458 u388632923 u0 t5.567
3420708 3120000 98 4 w636041 r981305 m1072033 f1836 r32024637 p500
 490782966=91991874+241181846+178124362 i172185551 u389856002 u0 t5.58
3431637 3130000 98 4 w674088 r1046403 m1140647 f1905 r33369372 p500
 492372061=92290972+241966929+178696725 i172761421 u391100469 u0 t5.311
Idx1+ positiv: 12434819 35163293 13624447 5648381 2872209 1091157 
Idx1+ lookups: 12058701 31034343 9950623 3081886 1303929 441407 
3442607 3140000 98 4 w714222 r1113281 m1211350 f1978 r34805631 p500
 493867479=92576410+242705734+179231864 i173299586 u392276308 u0 t5.46
3453456 3150000 98 4 w754536 r1183454 m1285320 f2051 r36229132 p500
 495418218=92870797+243475997+179783874 i173859857 u393494447 u0 t5.497
3464366 3160000 98 4 w793342 r1254146 m1359532 f2123 r37603548 p500
 496965936=93164715+244245389+180334199 i174421053 u394707748 u0 t9.352
Idx1+ positiv: 12592651 35552938 13748794 5737934 2945941 1158094 
Idx1+ lookups: 12209792 31374767 10027970 3126921 1334000 467195 
3475266 3170000 98 4 w835172 r1323775 m1432533 f2200 r38923176 p500
 498503481=93454655+245005791+180885711 i174979998 u395910541 u0 t7.383
3486141 3180000 98 4 w881112 r1400406 m1513168 f2285 r40453987 p500
 499986498=93737190+245741376+181413852 i175514443 u397077021 u0 t7.583
3497008 3190000 98 4 w923051 r1473084 m1589083 f2363 r41760667 p500
 501529487=94026056+246498293+181975369 i176066816 u398291114 u0 t7.453
Idx1+ positiv: 12757787 35941337 13869758 5826067 3018833 1224662 
Idx1+ lookups: 12366171 31714363 10102701 3170344 1363922 492748 
3507853 3200000 98 4 w967107 r1553095 m1672880 f2445 r43248613 p500
 503046559=94315835+247250150+182516197 i176611370 u399485828 u0 t5.63
3518683 3210000 98 4 w1016222 r1633572 m1757008 f2536 r44703904 p500
 504564868=94603075+248002586+183059009 i177160738 u400677070 u0 t8.765
3529542 3220000 98 4 w1059023 r1711776 m1838507 f2618 r46021866 p500
 506086306=94893153+248756525+183601588 i177712161 u401870087 u0 t8.491
Idx1+ positiv: 12931446 36331566 13990655 5912445 3091702 1290369 
Idx1+ lookups: 12528512 32055023 10176862 3213018 1393702 517884 
3540480 3230000 98 4 w1107578 r1796550 m1927094 f2708 r47516718 p500
 507573435=95176490+249498789+184127119 i178250803 u403037607 u0 t13.089
3551409 3240000 98 4 w1160944 r1886345 m2020834 f2808 r49049601 p500
 509136904=95471887+250274207+184686052 i178818507 u404262736 u0 t6.21
3562370 3250000 98 4 w1205554 r1966048 m2103727 f2894 r50307026 p500
 510633889=95756816+251017114+185219210 i179360501 u405437117 u0 t18.316
Idx1+ positiv: 13113859 36720844 14107735 6000014 3164400 1356407 
Idx1+ lookups: 12696190 32395007 10247517 3255804 1422980 542450 
3573321 3260000 98 4 w1261763 r2063446 m2205329 f3000 r51979432 p500
 512154031=96046348+251771059+185761190 i179910170 u406630750 u0 t12.552
3584317 3270000 98 4 w1315818 r2154879 m2300365 f3103 r53425345 p500
 513711000=96340918+252547891+186312667 i180475715 u407851024 u0 t8.219
Idx1+ positiv: 13306346 37107169 14221196 6086363 3236902 1422322 
Idx1+ lookups: 12870443 32732187 10314941 3298081 1452123 567044 
3595165 3280000 98 4 w1364653 r2245732 m2394646 f3195 r54825914 p500
 515228612=96629800+253298990+186854771 i181023379 u409043460 u0 t16.714
cache requests:  55556409, Misses: 2444654, Flush#: 3248
File page count: 167116
File page count: 0
3606131 3290000 98 3 w330 r0 m0 f15 r0 p20
 516787712=96926491+254070286+187412396 i181585480 u410268906 u0 t6.302
3617031 3300000 98 3 w842 r0 m0 f39 r0 p20
 518283261=97210191+254817319+187941237 i182132025 u411438282 u0 t8.451
Idx1+ positiv: 13347795 37370966 14523588 6193100 3320873 1493290 52481 
Idx1+ lookups: 12908028 32968649 10568310 3358972 1492148 594781 19423 
3627996 3310000 98 3 w1400 r0 m0 f65 r0 p20
 519803633=97499274+255577531+188477038 i182689823 u412624921 u0 t5.554
3638920 3320000 98 3 w2317 r0 m0 f108 r0 p20
 521375389=97793280+256352278+189045476 i183258748 u413856063 u0 t5.805
3649881 3330000 98 3 w3357 r0 m0 f157 r0 p20
 522880556=98076303+257096336+189586609 i183800231 u415039397 u0 t7.517
Idx1+ positiv: 13364074 37662004 14809799 6301977 3404682 1564881 117128 
Idx1+ lookups: 12924307 33234027 10806145 3421964 1531832 623031 43192 
3660867 3340000 98 3 w4429 r0 m0 f207 r0 p20
 524491379=98379942+257895171+190162867 i184383243 u416302705 u0 t5.757
3671820 3350000 98 3 w5756 r0 m0 f269 r0 p20
 526041380=98675689+258665765+190712311 i184942618 u417521654 u0 t5.475
3682790 3360000 98 3 w7224 r0 m0 f338 r0 p20
 527659222=98979781+259462353+191297318 i185521012 u418796333 u0 t9.63
Idx1+ positiv: 13396304 37986662 15058603 6408130 3488846 1636445 181232 
Idx1+ lookups: 12956537 33529732 11006267 3482331 1571990 651606 66702 
3693808 3370000 98 3 w8691 r0 m0 f407 r0 p20
 529325956=99293194+260282583+191900382 i186114619 u420111379 u0 t11.346
3704793 3380000 98 3 w10439 r0 m0 f489 r0 p20
 530943069=99597886+261085257+192478358 i186692192 u421387961 u0 t5.774
Idx1+ positiv: 13444668 38327947 15285367 6513618 3571639 1706442 245258 
Idx1+ lookups: 13004901 33838343 11184084 3542385 1610716 678606 89784 
3715703 3390000 98 3 w12511 r0 m0 f587 r0 p20
 532641482=99915490+261923870+193091543 i187295446 u422730678 u0 t6.628
3726649 3400000 98 3 w14532 r0 m0 f683 r0 p20
 534346388=100233856+262770855+193701866 i187901091 u424079275 u0 t9.026
3737635 3410000 98 3 w16569 r43 m470 f780 r93966 p500
 536134448=100568655+263669932+194329472 i188530898 u425500758 u0 t6.165
Idx1+ positiv: 13507351 38679367 15490315 6617580 3653482 1776292 309702 
Idx1+ lookups: 13067582 34154546 11340509 3600474 1648210 705156 113075 
3748614 3420000 98 3 w22850 r2466 m5383 f787 r671766 p500
 537914058=100902015+264547436+194973273 i189156767 u426913625 u0 t6.755
3759597 3430000 98 3 w31810 r8088 m13834 f799 r1321200 p500
 539732180=101243537+265443050+195631087 i189803715 u428348789 u0 t7.662
Idx1+ positiv: 13582946 39043494 15683015 6718726 3733853 1845436 373146 
Idx1+ lookups: 13143163 34480764 11484841 3656062 1684435 731109 135361 
3770552 3440000 98 3 w42212 r17214 m25848 f814 r1989124 p500
 541540317=101581938+266331153+196288296 i190449126 u429773731 u0 t6.251
3781517 3450000 98 4 w53682 r29498 m41134 f831 r2812347 p500
 543336930=101916523+267210385+196945560 i191085443 u431193905 u0 t13.7
3792483 3460000 98 4 w64760 r43971 m58355 f848 r3805605 p500
 545110407=102247719+268083312+197588580 i191730775 u432579842 u0 t6.961
Idx1+ positiv: 13667920 39410859 15866494 6819455 3817922 1917421 436677 
Idx1+ lookups: 13228107 34806854 11619972 3710286 1723750 759524 157618 
3803443 3470000 98 4 w80269 r63269 m81206 f872 r5038373 p500
 546863450=102576365+268956547+198213619 i192365399 u433955200 u0 t6.784
3814317 3480000 98 4 w95562 r83929 m104909 f896 r6126109 p500
 548616328=102905067+269822518+198845460 i192995183 u435333494 u0 t8.144
Idx1+ positiv: 13762369 39783176 16039445 6918475 3898168 1986366 500633 
Idx1+ lookups: 13322457 35136293 11744308 3763319 1759388 785310 180083 
3825200 3490000 98 4 w111799 r107723 m131877 f922 r7278508 p500
 550364699=103231208+270687065+199476077 i193625722 u436706232 u0 t6.481
3836062 3500000 98 4 w130752 r134716 m162239 f953 r8494015 p500
 552038919=103542921+271516200+200079385 i194237619 u438012711 u0 t7.753
3847051 3510000 98 4 w149644 r163528 m194431 f984 r9715400 p500
 553738833=103859970+272354792+200694844 i194850445 u439346714 u0 t6.939
Idx1+ positiv: 13865240 40164468 16205268 7016919 3978241 2055321 564837 
Idx1+ lookups: 13425119 35472832 11861703 3815641 1795065 810879 202920 
3857981 3520000 98 4 w172064 r198789 m233569 f1021 r11133997 p500
 555533138=104195870+273249795+201333950 i195507905 u440746452 u0 t10.448
3868919 3530000 98 4 w194715 r235751 m274114 f1059 r12437122 p500
 557372661=104540051+274170956+201984926 i196174841 u442188889 u0 t11.734
Idx1+ positiv: 13974015 40546906 16363351 7113397 4057813 2124666 628257 
Idx1+ lookups: 13533485 35809264 11971521 3866455 1829899 836624 224914 
3879700 3540000 98 4 w220687 r277244 m319603 f1103 r13910077 p500
 559174880=104876499+275068767+202628476 i196830943 u443598553 u0 t7.49
3890544 3550000 98 4 w248724 r322372 m368760 f1151 r15389653 p500
 561055077=105229291+276013658+203289337 i197511620 u445074768 u0 t8.212
3901420 3560000 98 4 w275299 r367183 m417143 f1197 r16720553 p500
 562858794=105565010+276912898+203933306 i198168925 u446484953 u0 t8.152
Idx1+ positiv: 14090622 40929253 16515001 7209074 4136353 2192675 691051 
Idx1+ lookups: 13649365 36145112 12075333 3916424 1864387 861799 246452 
3912350 3570000 98 4 w306251 r419526 m473862 f1250 r18331209 p500
 564721760=105912497+277839367+204600662 i198843623 u447945195 u0 t8.615
3923255 3580000 98 4 w337598 r471390 m529558 f1305 r19770890 p500
 566536233=106252225+278740214+205250933 i199499825 u449368135 u0 t10.668
Idx1+ positiv: 14217287 41316908 16659784 7302359 4212690 2260476 753115 
Idx1+ lookups: 13774839 36485602 12172447 3964461 1897396 886485 268016 
3934146 3590000 98 4 w368519 r526061 m588056 f1359 r21208434 p500
 568414549=106603188+279666112+205930557 i200177688 u450841039 u0 t12.533
3945058 3600000 98 4 w405042 r588200 m654772 f1423 r22909276 p500
 570254570=106948208+280576629+206591269 i200839732 u452286371 u0 t7.112
Idx1+ positiv: 14350342 41703726 16798807 7394411 4289521 2327429 814560 
Idx1+ lookups: 13905929 36824529 12264222 4011089 1930667 910874 288926 
3955958 3610000 98 4 w441882 r650675 m721093 f1489 r24389545 p500
 572141867=107297481+281509367+207275346 i201527065 u453759829 u0 t9.837
3966817 3620000 98 4 w477544 r715247 m790125 f1552 r26012705 p500
 573970117=107641840+282420517+207926474 i202184774 u455195633 u0 t7.1
3977696 3630000 98 4 w525112 r788533 m868307 f1637 r27792202 p500
 575805448=107982976+283330153+208587374 i202853274 u456629342 u0 t14.682
Idx1+ positiv: 14492094 42091794 16934214 7485651 4366529 2394416 875670 
Idx1+ lookups: 14044757 37163830 12352574 4057072 1963635 935150 309318 
3988551 3640000 98 4 w560142 r855293 m938757 f1700 r29211285 p500
 577705627=108334575+284265405+209279576 i203536939 u458120281 u0 t11.357
3999436 3650000 98 4 w604489 r930206 m1017971 f1780 r30849080 p500
 579562654=108677005+285180148+209955784 i204214550 u459568655 u0 t7.672
Idx1+ positiv: 14641760 42476484 17064857 7575731 4442121 2460849 936830 
Idx1+ lookups: 14190355 37499931 12436047 4101806 1995826 958798 329635 
4010266 3660000 98 4 w653396 r1011050 m1103646 f1868 r32679292 p500
 581403607=109018526+286095150+210616435 i204883724 u461008756 u0 t9.853
4021082 3670000 98 4 w694699 r1086881 m1183480 f1943 r34222863 p500
 583240993=109359018+287005077+211279585 i205557045 u462439973 u0 t9.373
Idx1+ positiv: 14802485 42868426 17194956 7665513 4517480 2527116 997416 
Idx1+ lookups: 14345453 37842681 12518916 4146493 2027504 982350 349627 
4031936 3680000 98 4 w753477 r1181717 m1283461 f2050 r36199701 p500
 585155368=109713677+287951495+211971670 i206250074 u463938603 u0 t8.838
4042723 3690000 98 4 w794926 r1260414 m1365806 f2126 r37659816 p500
 587038338=110063444+288882903+212652051 i206935011 u465409628 u0 t17.349
4053582 3700000 98 4 w854788 r1360626 m1471306 f2236 r39690859 p500
 588932135=110417322+289824565+213331268 i207622486 u466890167 u0 t11.449
Idx1+ positiv: 14968322 43254538 17319321 7753314 4593271 2593338 1058447 
Idx1+ lookups: 14503637 38179639 12596164 4189481 2059532 1005645 369718 
4064959 3710000 98 4 w905371 r1450488 m1565326 f2330 r41342071 p500
 590833836=110769103+290768846+214014935 i208299187 u468391699 u0 t17.385
4075764 3720000 98 4 w957508 r1543031 m1661857 f2427 r42963582 p500
 592687604=111114214+291684210+214686258 i208972691 u469841632 u0 t21.389
Idx1+ positiv: 15142561 43638274 17440256 7840010 4666312 2658735 1118335 
Idx1+ lookups: 14667996 38514281 12670531 4231641 2089666 1028707 389496 
4086632 3730000 98 4 w1019295 r1646809 m1770734 f2543 r44927047 p500
 594516201=111454579+292586097+215349182 i209635862 u471272150 u0 t28.001
4097561 3740000 98 4 w1075103 r1744086 m1872026 f2649 r46593003 p500
 596344284=111792862+293482665+216017659 i210304360 u472695478 u0 t16.636
Idx1+ positiv: 15328068 44026018 17559732 7926872 4740012 2724485 1178807 
Idx1+ lookups: 14840706 38852733 12742847 4273722 2119761 1051753 409437 
4108439 3750000 98 4 w1132442 r1846989 m1979358 f2756 r48310355 p500
 598193673=112136711+294395739+216687720 i210980422 u474136966 u0 t17.52
4119319 3760000 98 4 w1196888 r1955145 m2092300 f2877 r50162476 p500
 600031342=112478174+295302182+217354611 i211649842 u475571471 u0 t18.825
4130276 3770000 98 4 w1252489 r2056521 m2197823 f2982 r51811149 p500
 601775420=112803457+296161714+217986977 i212283248 u476935197 u0 t18.413
Idx1+ positiv: 15519836 44413298 17677067 8012535 4813408 2789692 1238771 
Idx1+ lookups: 15016468 39190423 12813976 4314812 2149507 1074449 429124 
4141183 3780000 98 4 w1317080 r2167923 m2313822 f3105 r53615810 p500
 603575343=113140168+297048522+218638665 i212937984 u478341982 u0 t28.126
4152093 3790000 98 4 w1375142 r2273193 m2422916 f3217 r55192959 p500
 605357888=113473027+297929805+219281395 i213587650 u479734399 u0 t19.552
cache requests:  55620884, Misses: 2450017, Flush#: 3242
File page count: 167150
File page count: 0
Idx1+ positiv: 15671494 44760259 17852743 8103084 4888597 2856541 1299941 14161 
Idx1+ lookups: 15153182 39494702 12942900 4360796 2181667 1099249 449795 4539 
4162989 3800000 98 3 w579 r0 m0 f26 r0 p20
 607225564=113819520+298845200+219964243 i214263390 u481196039 u0 t17.778
4173910 3810000 98 3 w1270 r0 m0 f58 r0 p20
 609011404=114151393+299726941+220611152 i214921303 u482583087 u0 t18.658
4184895 3820000 98 3 w2128 r0 m0 f98 r0 p20
 610800344=114485341+300612280+221255876 i215574278 u483979520 u0 t16.549
Idx1+ positiv: 15680299 45026449 18174019 8215326 4973271 2928733 1364308 73945 
Idx1+ lookups: 15161987 39737152 13214519 4426332 2221937 1128395 471901 23827 
4195828 3830000 98 3 w3403 r0 m0 f158 r0 p20
 612539294=114810261+301475332+221879618 i216208184 u485338285 u0 t18.552
4206739 3840000 98 3 w4719 r0 m0 f219 r0 p20
 614314267=115140779+302354612+222518823 i216856134 u486723387 u0 t15.627
Idx1+ positiv: 15703412 45346113 18444501 8325048 5057618 3000447 1428652 132654 
Idx1+ lookups: 15185100 40029520 13435797 4489535 2261299 1157463 494015 42726 
4217677 3850000 98 3 w6097 r0 m0 f283 r0 p20
 616056393=115465149+303220049+223144048 i217493647 u488081850 u0 t27.086
4228607 3860000 98 3 w7674 r0 m0 f357 r0 p20
 617780283=115785327+304072285+223767062 i218118858 u489430887 u0 t15.461
4239510 3870000 98 3 w9452 r0 m0 f441 r0 p20
 619481410=116103114+304913123+224380691 i218736365 u490761883 u0 t18.497
Idx1+ positiv: 15741653 45689774 18683532 8433298 5140942 3071832 1492858 192177 
Idx1+ lookups: 15223341 40342148 13625493 4551031 2299902 1186145 515597 61648 
4250423 3880000 98 3 w11186 r0 m0 f523 r0 p20
 621184395=116420732+305757681+224992434 i219356283 u492093237 u0 t15.589
4261357 3890000 98 3 w13328 r0 m0 f625 r0 p20
 622866150=116736173+306595185+225591185 i219955819 u493421651 u0 t18.524
Idx1+ positiv: 15796393 46047662 18896481 8538132 5222668 3142574 1556731 251033 
Idx1+ lookups: 15278078 40666420 13789965 4610152 2337382 1214277 537301 80390 
4272391 3900000 98 3 w15533 r0 m0 f730 r0 p20
 624582776=117063230+307431520+226220077 i220563087 u494778011 u0 t17.54
4283314 3910000 98 3 w18414 r511 m1791 f782 r300443 p500
 626316809=117388789+308283692+226848748 i221180107 u496146277 u0 t17.122
4294200 3920000 98 3 w24981 r3827 m7579 f790 r875785 p500
 628000607=117704520+309113782+227457481 i221776566 u497478178 u0 t17.197
Idx1+ positiv: 15864731 46415401 19094561 8641572 5304183 3212298 1619930 309335 
Idx1+ lookups: 15346405 40997578 13939072 4667918 2374324 1241412 558146 98627 
4305160 3930000 98 3 w33774 r9940 m16193 f802 r1460406 p500
 629680550=118020474+309942049+228064086 i222377936 u498801018 u0 t26.94
4316083 3940000 98 3 w41303 r18437 m27099 f813 r2035750 p500
 631336621=118335147+310758075+228660128 i222969582 u500106593 u0 t20.211
Idx1+ positiv: 15944437 46792343 19280439 8743305 5384017 3281446 1682511 367812 
Idx1+ lookups: 15426094 41335330 14076937 4724108 2410439 1268225 579125 117286 
4326986 3950000 98 4 w54981 r31948 m44003 f833 r3055178 p500
 633109752=118668577+311623477+229309206 i223599735 u501505546 u0 t21.201
4337955 3960000 98 4 w66148 r45573 m60064 f850 r3923723 p500
 634733449=118976112+312418072+229899381 i224176322 u502787653 u0 t15.388
4348836 3970000 98 4 w79504 r62800 m80233 f871 r4966911 p500
 636358243=119284193+313221032+230482160 i224759301 u504067197 u0 t20.416
Idx1+ positiv: 16033329 47173183 19455288 8843624 5464293 3350682 1744884 425688 
Idx1+ lookups: 15514928 41675035 14203763 4778824 2446739 1295072 599669 135276 
4359757 3980000 98 4 w94713 r83511 m104170 f895 r6118661 p500
 637990593=119592004+314032767+231064132 i225353731 u505344583 u0 t16.608
4370729 3990000 98 4 w108862 r105076 m128373 f918 r7082812 p500
 639610609=119898014+314835811+231643448 i225938929 u506616299 u0 t19.622
4381681 4000000 98 4 w124347 r130305 m156684 f943 r8214744 p500
 641248980=120207297+315649801+232227712 i226533993 u507899698 u0 t16.225
Idx1+ positiv: 16129949 47562135 19623967 8943636 5543405 3419691 1807518 483678 
Idx1+ lookups: 15611417 42021060 14324293 4833319 2481910 1321358 620335 153283 
4392555 4010000 98 4 w145589 r159234 m189038 f978 r9436039 p500
 642894024=120516993+316463410+232818933 i227128210 u509190341 u0 t29.688
4403440 4020000 98 4 w162595 r188801 m221833 f1006 r10578295 p500
 644498391=120818366+317255235+233397762 i227712015 u510444708 u0 t16.515
4414465 4030000 98 4 w181192 r218919 m254828 f1037 r11647283 p500
 646078541=121116959+318037773+233963291 i228284141 u511683727 u0 t20.749
Idx1+ positiv: 16233916 47953995 19784881 9040925 5622040 3488991 1869988 541742 
Idx1+ lookups: 15715122 42368862 14437175 4884939 2516840 1347883 640846 171433 
4425446 4040000 98 4 w202503 r253322 m292673 f1073 r12909298 p500
 647667613=121417274+318827936+234528924 i228861625 u512928931 u0 t21.243
4436408 4050000 98 4 w226519 r290810 m333572 f1114 r14153350 p500
 649287197=121723231+319627528+235111860 i229451916 u514194397 u0 t17.454
Idx1+ positiv: 16346626 48349796 19939057 9138274 5700569 3557902 1933637 599830 
Idx1+ lookups: 15827267 42718819 14543087 4937018 2551392 1374217 662391 189569 
4447331 4060000 98 4 w246323 r328220 m374084 f1148 r15303451 p500
 650889059=122025362+320424945+235681771 i230038301 u515445318 u0 t21.243
4458226 4070000 98 4 w276829 r372888 m422742 f1200 r16763062 p500
 652500798=122327951+321219556+236263716 i230621967 u516708340 u0 t18.364
4469117 4080000 98 4 w300061 r416215 m469506 f1240 r18027305 p500
 654117208=122634434+322021328+236842110 i231210069 u517972812 u0 t30.161
Idx1+ positiv: 16465598 48744945 20085420 9233720 5778599 3626631 1995912 657370 
Idx1+ lookups: 15945264 43067327 14642161 4986748 2585687 1400328 682875 207248 
4480047 4090000 98 4 w327767 r461517 m518268 f1288 r19303198 p500
 655764591=122944187+322838288+237433004 i231811460 u519260064 u0 t26.059
4490942 4100000 98 4 w357987 r511301 m571790 f1341 r20719741 p500
 657357971=123245762+323625401+238004550 i232391707 u520506015 u0 t21.248
4501893 4110000 98 4 w384147 r556744 m620276 f1387 r21848970 p500
 658922197=123540591+324395058+238569568 i232955656 u521733779 u0 t17.52
Idx1+ positiv: 16591547 49138813 20227912 9327445 5855682 3694028 2057388 714814 
Idx1+ lookups: 16069755 43413986 14737157 5035008 2619083 1425436 702821 225088 
4512866 4120000 98 4 w414236 r607852 m674955 f1440 r23183660 p500
 660479016=123835502+325163882+239128274 i233517392 u522956678 u0 t20.525
4523822 4130000 98 4 w447543 r664124 m735008 f1499 r24618817 p500
 662062225=124132870+325946746+239697200 i234090974 u524197569 u0 t20.045
Idx1+ positiv: 16727333 49535297 20365060 9420831 5931817 3761962 2118239 772126 
Idx1+ lookups: 16203289 43762788 14827220 5083600 2651694 1451343 722471 242637 
4534728 4140000 98 4 w478667 r716993 m791054 f1555 r25836142 p500
 663638742=124430770+326729663+240259282 i234667063 u525429361 u0 t17.719
4545718 4150000 98 4 w511077 r773918 m851586 f1613 r27185784 p500
 665184559=124723431+327491058+240816346 i235225714 u526641618 u0 t30.751
4556635 4160000 98 4 w547374 r835824 m917421 f1678 r28655871 p500
 666724896=125014813+328249950+241371932 i235783635 u527848297 u0 t23.334
Idx1+ positiv: 16870575 49931437 20498516 9512102 6007886 3829302 2180191 830288 
Idx1+ lookups: 16343143 44110247 14913829 5129341 2684108 1476344 742538 261114 
4567595 4170000 98 4 w578305 r889388 m973866 f1734 r29777899 p500
 668221876=125298920+328993448+241904696 i236329651 u529019054 u0 t21.188
4578516 4180000 98 4 w617922 r957017 m1045750 f1805 r31370092 p500
 669748291=125588065+329746881+242452828 i236881345 u530216351 u0 t17.482
4589453 4190000 98 4 w655288 r1020749 m1112843 f1873 r32665149 p500
 671330200=125884464+330528880+243022357 i237449583 u531460337 u0 t22.095
Idx1+ positiv: 17022816 50324605 20627380 9601645 6083426 3894949 2240763 886529 
Idx1+ lookups: 16490715 44455241 14996661 5174567 2716416 1500421 761900 277982 
4600387 4200000 98 4 w689877 r1085910 m1181392 f1936 r33988082 p500
 672841457=126170447+331272719+243567920 i237996774 u532644503 u0 t21.346
4611320 4210000 98 4 w730359 r1152335 m1251372 f2010 r35390549 p500
 674271342=126443344+331986475+244072288 i238520596 u533761503 u0 t27.462
4622248 4220000 98 4 w770378 r1220286 m1322733 f2084 r36726882 p500
 675768866=126727194+332732126+244603872 i239069576 u534930476 u0 t18.712
Idx1+ positiv: 17182767 50723206 20755847 9691229 6159346 3961694 2302364 943986 
Idx1+ lookups: 16644275 44804578 15077863 5219283 2748420 1524825 781544 295478 
4633106 4230000 98 4 w807231 r1288276 m1394142 f2151 r38037577 p500
 677254562=127008907+333473618+245129353 i239612101 u536092726 u0 t36.439
4644049 4240000 98 4 w854196 r1365885 m1475703 f2237 r39568020 p500
 678789682=127298808+334236870+245676237 i240171975 u537293115 u0 t22.387
4655040 4250000 98 4 w896128 r1438687 m1552022 f2314 r40931594 p500
 680281239=127580915+334976354+246209323 i240716266 u538459313 u0 t22.298
Idx1+ positiv: 17349016 51118093 20879844 9780182 6234277 4027751 2363358 1000355 
Idx1+ lookups: 16801993 45150511 15154960 5263426 2779861 1548914 801126 312237 
4665924 4260000 98 4 w938447 r1514607 m1631463 f2392 r42262140 p500
 681806476=127870163+335730918+246756120 i241268240 u539655654 u0 t18.38
4676832 4270000 98 4 w981802 r1590327 m1710723 f2472 r43679808 p500
 683292406=128154029+336468642+247284731 i241809648 u540818273 u0 t35.22
4687741 4280000 98 4 w1036061 r1676252 m1800769 f2573 r45259603 p500
 684782466=128438396+337209726+247812683 i242352336 u541985225 u0 t19.172
Idx1+ positiv: 17521259 51515976 21001372 9867847 6309301 4093836 2424980 1056895 
Idx1+ lookups: 16963277 45499303 15229725 5306802 2811352 1573114 821374 329351 
4698685 4290000 98 4 w1074540 r1748772 m1876200 f2645 r46452249 p500
 686230443=128714346+337929525+248326580 i242883444 u543115058 u0 t21.396
4709603 4300000 98 4 w1123299 r1835245 m1966194 f2738 r47877637 p500
 687776961=129005595+338695464+248881419 i243442673 u544328583 u0 t23.404
4720503 4310000 98 4 w1172718 r1922128 m2056815 f2831 r49368166 p500
 689305513=129294522+339455743+249425651 i243999639 u545524536 u0 t23.422
Idx1+ positiv: 17702693 51909758 21120297 9955187 6382841 4158667 2485486 1112881 
Idx1+ lookups: 17130573 45843892 15302077 5349800 2841983 1596141 840610 346005 
4731420 4320000 98 4 w1230118 r2017902 m2156759 f2938 r51033730 p500
 690838489=129585490+340222210+249966865 i244563380 u546719846 u0 t27.527
4742321 4330000 98 4 w1280053 r2106151 m2248365 f3032 r52374814 p500
 692372936=129875041+340985892+250512936 i245123586 u547919185 u0 t29.672
4753259 4340000 98 4 w1329938 r2197821 m2343623 f3126 r53806468 p500
 693933983=130169722+341760275+251070905 i245693373 u549138911 u0 t25.505
Idx1+ positiv: 17894094 52305608 21235815 10040905 6456324 4224236 2545863 1169210 
Idx1+ lookups: 17304500 46190413 15371118 5390861 2872018 1619210 859512 362525 
4764201 4350000 98 4 w1389262 r2301277 m2451258 f3238 r55442590 p500
 695518181=130470697+342563167+251617555 i246261110 u550390392 u0 t25.313
cache requests:  55668555, Misses: 2464762, Flush#: 3255
File page count: 166910
File page count: 0
4775138 4360000 98 3 w554 r0 m0 f25 r0 p20
 697115979=130774356+343363045+252183206 i246841221 u551640616 u0 t21.075
Idx1+ positiv: 17974476 52592868 21502017 10142478 6535972 4293631 2608564 1227830 34872 
Idx1+ lookups: 17377415 46445860 15589837 5447538 2908232 1646357 881229 380621 10380 
4786096 4370000 98 3 w1026 r0 m0 f47 r0 p20
 698712191=131077759+344159965+252749920 i247421966 u552887915 u0 t23.469
4797101 4380000 98 3 w1667 r0 m0 f77 r0 p20
 700285140=131376883+344950401+253303084 i247997998 u554114544 u0 t23.389
4808087 4390000 98 3 w2790 r0 m0 f130 r0 p20
 701923858=131688223+345766395+253887645 i248590707 u555397947 u0 t20.452
Idx1+ positiv: 17991608 52877757 21808305 10253507 6619898 4365689 2672820 1287739 90447 
Idx1+ lookups: 17394547 46705734 15847165 5512548 2948058 1675660 903738 399361 26817 
4819049 4400000 98 3 w3901 r0 m0 f182 r0 p20
 703588559=132001060+346594542+254481226 i249197373 u556699764 u0 t32.97
4830048 4410000 98 3 w5345 r0 m0 f249 r0 p20
 705237286=132313733+347422984+255062153 i249792528 u557993707 u0 t23.669
4841026 4420000 98 3 w6715 r0 m0 f313 r0 p20
 706883855=132621553+348235639+255656998 i250390542 u559282091 u0 t21.529
Idx1+ positiv: 18023097 53201952 22069058 10361248 6702862 4436772 2736766 1346722 145796 
Idx1+ lookups: 17426036 47000999 16058865 5574457 2986655 1703893 925994 417412 42891 
4852001 4430000 98 3 w8136 r0 m0 f379 r0 p20
 708503947=132926000+349038854+256238103 i250976065 u560553370 u0 t23.322
4862997 4440000 98 3 w9939 r0 m0 f464 r0 p20
 710198147=133242922+349878475+256847265 i251582780 u561887506 u0 t24.902
Idx1+ positiv: 18069652 53549070 22299381 10467162 6784782 4507645 2800305 1405481 201267 
Idx1+ lookups: 17472591 47316195 16241047 5634832 3024866 1731947 947924 435190 58846 
4873904 4450000 98 3 w11829 r0 m0 f554 r0 p20
 711861369=133556425+350703266+257442648 i252178140 u563198906 u0 t22.451
4884867 4460000 98 3 w14013 r0 m0 f658 r0 p20
 713566497=133875142+351543457+258060404 i252784014 u564545900 u0 t23.403
4895781 4470000 98 3 w15946 r0 m0 f750 r0 p20
 715273745=134196295+352390683+258673726 i253386473 u565897210 u0 t24.32
Idx1+ positiv: 18131959 53904261 22509151 10570927 6867112 4578149 2863836 1463681 256548 
Idx1+ lookups: 17534896 47636582 16402409 5693144 3062849 1759885 969954 452506 74853 
4906756 4480000 98 3 w20190 r1276 m3318 f784 r472546 p500
 717082923=134534633+353283574+259330308 i254021829 u567331150 u0 t35.419
4917771 4490000 98 3 w28003 r5906 m10642 f794 r1100597 p500
 718926275=134875090+354186663+260006475 i254678042 u568783998 u0 t24.915
Idx1+ positiv: 18207981 54271600 22703492 10671798 6948167 4648156 2927131 1522424 311611 
Idx1+ lookups: 17610911 47966158 16548375 5748304 3099734 1787165 991206 470032 90433 
4928768 4500000 98 3 w38218 r14104 m21790 f808 r1801353 p500
 720744039=135213576+355074562+260673297 i255328389 u570214033 u0 t27.257
4939756 4510000 98 3 w48177 r24587 m34921 f823 r2422016 p500
 722515561=135542131+355944356+261319964 i255968027 u571602595 u0 t26.964
4950853 4520000 98 4 w62217 r39850 m53666 f844 r3511300 p500
 724341155=135879658+356834075+261993496 i256627882 u573030958 u0 t27.703
Idx1+ positiv: 18291081 54644152 22889096 10773640 7030008 4718256 2991275 1581785 367573 
Idx1+ lookups: 17693973 48298256 16685423 5803606 3136902 1813990 1013224 487493 106174 
4961839 4530000 98 4 w75486 r57290 m74195 f864 r4584650 p500
 726080472=136200997+357687937+262628770 i257258393 u574391758 u0 t27.02
4972832 4540000 98 4 w90428 r78269 m98350 f888 r5727219 p500
 727843511=136527190+358550640+263275298 i257894424 u575772957 u0 t24.405
Idx1+ positiv: 18385714 55026201 23063796 10872614 7111215 4788401 3054548 1640382 422374 
Idx1+ lookups: 17788523 48638234 16811766 5857245 3173705 1840919 1034639 504654 121327 
4983782 4550000 98 4 w108129 r101786 m125241 f916 r6948436 p500
 729544168=136843990+359384418+263896014 i258515889 u577098696 u0 t42.775
4994759 4560000 98 4 w124040 r128266 m154870 f942 r8105894 p500
 731263850=137165703+360237314+264512469 i259145762 u578440163 u0 t34.955
5005677 4570000 98 4 w141395 r155588 m185253 f970 r9236428 p500
 732955704=137481293+361068442+265127825 i259763559 u579759753 u0 t35.38
Idx1+ positiv: 18488560 55414023 23231899 10971773 7192024 4858027 3118420 1699692 477907 
Idx1+ lookups: 17891176 48981768 16930947 5909715 3209787 1867230 1055992 522005 136659 
5016605 4580000 98 4 w164757 r189858 m223355 f1009 r10642560 p500
 734715404=137809281+361939611+265761654 i260407804 u581131554 u0 t28.311
5027569 4590000 98 4 w188104 r226401 m263661 f1048 r11993002 p500
 736496891=138141148+362813409+266411697 i261054621 u582523995 u0 t24.659
Idx1+ positiv: 18598961 55805445 23392507 11068563 7271723 4927452 3181340 1758293 533052 
Idx1+ lookups: 18001246 49327418 17043069 5960624 3245166 1893641 1076758 539119 152067 
5038460 4600000 98 4 w208810 r261490 m301968 f1083 r13169053 p500
 738152221=138451437+363633981+267005860 i261661612 u583814230 u0 t27.561
5049344 4610000 98 4 w232187 r301493 m345444 f1123 r14463851 p500
 739901180=138778127+364497546+267637136 i262300476 u585179171 u0 t28.925
5060214 4620000 98 4 w261587 r347930 m396128 f1173 r16005024 p500
 741627386=139101660+365357193+268252786 i262938742 u586520602 u0 t28.717
Idx1+ positiv: 18718251 56202916 23546703 11164750 7349978 4996662 3244885 1817391 588377 
Idx1+ lookups: 18119908 49678782 17149080 6011201 3279143 1919400 1097919 556414 167519 
5071166 4630000 98 4 w285207 r390696 m442019 f1214 r17178934 p500
 743369554=139427389+366217351+268881825 i263573717 u587881484 u0 t36.003
5082077 4640000 98 4 w316612 r441410 m496711 f1269 r18699019 p500
 745095325=139750598+367074498+269498999 i264205959 u589226860 u0 t36.465
Idx1+ positiv: 18844439 56596426 23692881 11259586 7427847 5065301 3306974 1875668 642456 
Idx1+ lookups: 18244942 50025079 17247656 6060735 3313240 1945538 1118598 573526 182467 
5092952 4650000 98 4 w348394 r495084 m554594 f1324 r20233819 p500
 746845262=140076115+367946151+270124959 i264844688 u590593732 u0 t26.142
5103888 4660000 98 4 w378970 r549717 m612784 f1378 r21617966 p500
 748674013=140416913+368851068+270784379 i265512284 u592021273 u0 t29.299
5114792 4670000 98 4 w412460 r606105 m673068 f1437 r23085942 p500
 750401820=140740385+369708924+271403375 i266142212 u593370904 u0 t28.424
Idx1+ positiv: 18979547 56990018 23832761 11352501 7504731 5133183 3369063 1934360 697613 
Idx1+ lookups: 18378319 50370906 17340199 6108706 3346520 1970752 1139017 591042 198354 
5125741 4680000 98 4 w449084 r667940 m739230 f1502 r24696398 p500
 752125361=141064665+370568288+272016064 i266770595 u594718961 u0 t29.672
5136717 4690000 98 4 w485438 r730128 m805293 f1567 r26181273 p500
 753880064=141391180+371440625+272644618 i267414980 u596085598 u0 t38.097
Idx1+ positiv: 19121243 57385810 23970419 11445168 7581792 5201110 3431779 1992834 751928 
Idx1+ lookups: 18517351 50718252 17430353 6155937 3379441 1995560 1159868 608346 213340 
5147654 4700000 98 4 w520867 r794522 m873647 f1630 r27643542 p500
 755634556=141719120+372312217+273272903 i268059012 u597452112 u0 t34.33
5158619 4710000 98 4 w566945 r867019 m950647 f1713 r29338727 p500
 757408019=142049898+373189079+273912892 i268706848 u598835693 u0 t30.087
5169534 4720000 98 4 w602849 r934105 m1021493 f1778 r30799891 p500
 759157936=142381060+374057173+274537349 i269344507 u600203405 u0 t29.505
Idx1+ positiv: 19270755 57782596 24102317 11535760 7658045 5268111 3493247 2050062 805472 
Idx1+ lookups: 18663135 51066128 17515305 6201789 3412238 2019757 1180042 624872 227978 
5180402 4730000 98 4 w649244 r1011776 m1103508 f1862 r32454115 p500
 760934638=142713425+374939858+275173401 i269995965 u601588259 u0 t31.059
5191291 4740000 98 4 w690776 r1087642 m1183339 f1938 r33996923 p500
 762764624=143052784+375847014+275832696 i270663452 u603016950 u0 t36.116
Idx1+ positiv: 19429672 58178322 24231739 11625910 7733601 5335608 3555027 2107918 859395 
Idx1+ lookups: 18816766 51412937 17597453 6246554 3444044 2044435 1200206 641547 242659 
5202167 4750000 98 4 w744053 r1174011 m1274436 f2035 r35834990 p500
 764567212=143388196+376735603+276485904 i271324820 u604419246 u0 t43.822
5213037 4760000 98 4 w788180 r1255107 m1359505 f2116 r37354966 p500
 766393255=143725540+377632062+277154070 i271987800 u605846187 u0 t31.747
5223884 4770000 98 4 w841228 r1345506 m1454696 f2213 r39196134 p500
 768165040=144057586+378508123+277791658 i272635133 u607228252 u0 t31.782
Idx1+ positiv: 19596403 58574048 24356444 11715218 7808556 5401706 3615778 2165630 913496 
Idx1+ lookups: 18976248 51759407 17675068 6290932 3475586 2068125 1219848 657834 257843 
5234779 4780000 98 4 w891527 r1431327 m1544683 f2306 r40812475 p500
 769872868=144376131+379358928+278401058 i273269769 u608551079 u0 t27.724
5245825 4790000 98 4 w938488 r1517153 m1634286 f2393 r42335677 p500
 771646093=144703231+380233350+279045473 i273917448 u609933371 u0 t30.977
Idx1+ positiv: 19772386 58972669 24479335 11803313 7882953 5468802 3677656 2222913 966936 
Idx1+ lookups: 19142748 52108194 17750933 6333958 3506426 2092325 1239854 673871 272109 
5256768 4800000 98 4 w995513 r1614019 m1735672 f2499 r44097758 p500
 773440371=145035113+381119818+279695673 i274575698 u611329712 u0 t41.75
5267626 4810000 98 4 w1051364 r1709608 m1835508 f2603 r45784896 p500
 775208045=145364275+381993632+280333622 i275227002 u612703053 u0 t32.208
5278527 4820000 98 4 w1103766 r1803641 m1933723 f2702 r47381307 p500
 776899703=145680955+382828917+280943941 i275846206 u614021677 u0 t30.381
Idx1+ positiv: 19955183 59370224 24599547 11890403 7956948 5534749 3738800 2280591 1020731 
Idx1+ lookups: 19313137 52456130 17823649 6376010 3536724 2115752 1259373 690192 286275 
5289476 4830000 98 4 w1161470 r1903414 m2037585 f2810 r49070889 p500
 778650170=146005325+383687156+281583824 i276487911 u615382884 u0 t32.474
5300488 4840000 98 4 w1217239 r2003066 m2141341 f2915 r50707374 p500
 780330080=146318545+384517628+282189741 i277106266 u616688575 u0 t31.71
Idx1+ positiv: 20149113 59766503 24715627 11977116 8030614 5601087 3800088 2338821 1073776 
Idx1+ lookups: 19491585 52802667 17893027 6417995 3566878 2139348 1279173 707534 300420 
5311384 4850000 98 4 w1277749 r2106163 m2248557 f3030 r52397319 p500
 782036545=146636438+385361708+282805294 i277733302 u618016529 u0 t41.165
5322312 4860000 98 4 w1335706 r2213914 m2360479 f3141 r54111908 p500
 783786925=146961814+386226328+283438611 i278372745 u619381913 u0 t32.766
cache requests:  55731341, Misses: 2466214, Flush#: 3259
File page count: 166898
File page count: 0
5333136 4870000 98 2 w21 r0 m0 f1 r0 p20
 785593111=147297767+387117255+284092723 i279036659 u620785781 u0 t33.61
Idx1+ positiv: 20332466 60147855 24855837 12064749 8104299 5666960 3861672 2395542 1127216 4761 
Idx1+ lookups: 19657440 53137017 17986322 6460808 3597204 2162788 1298969 723789 314558 1277 
5344051 4880000 98 3 w683 r0 m0 f31 r0 p20
 787354037=147624946+387984692+284732424 i279683369 u622155318 u0 t30.968
5354961 4890000 98 3 w1347 r0 m0 f62 r0 p20
 789116732=147953500+388852388+285372395 i280332649 u623524349 u0 t31.542
Idx1+ positiv: 20339422 60402864 25196190 12175955 8188326 5738850 3926387 2455342 1183218 60251 
Idx1+ lookups: 19664396 53368929 18277092 6525603 3637217 2191619 1321961 742661 330170 17869 
Total lines processed: 4896050
Block Count:1, 255
Avg Block Count:1100864 = 280720395 / 255
Avg Max Count:0, 10140, 98
Block Count:14, 1790
Avg Block Count:85 = 153640 / 1790
Avg Max Count:175, 149, 54
BloomFilter
    bits: 155880605
    estimated elements: 25000000
    number hashes: 4
    max false positive rate: 0.050000
    bloom length (8 bits): 19485076
    elements added: 153640
    estimated elements added: 153643
    current false positive rate: 0.000000
    export size (bytes): 19485096
    number bits set: 613364
    is on disk: no
Block Count:0, 1
Avg Block Count:1388042 = 1388042 / 1
Avg Max Count:0, 0, 60
BloomFilter
    bits: 155880605
    estimated elements: 25000000
    number hashes: 4
    max false positive rate: 0.050000
    bloom length (8 bits): 19485076
    elements added: 18054692
    estimated elements added: 18055332
    current false positive rate: 0.018903
    export size (bytes): 19485096
    number bits set: 57801090
    is on disk: no
Block Count:0, 1
Avg Block Count:7545759 = 7545759 / 1
Avg Max Count:0, 0, 82
BloomFilter
    bits: 155880605
    estimated elements: 25000000
    number hashes: 4
    max false positive rate: 0.050000
    bloom length (8 bits): 19485076
    elements added: 24212409
    estimated elements added: 24213833
    current false positive rate: 0.045858
    export size (bytes): 19485096
    number bits set: 72138048
    is on disk: no
Block Count:0, 1
Avg Block Count:7547314 = 7547314 / 1
Avg Max Count:0, 0, 84
BloomFilter
    bits: 155880605
    estimated elements: 25000000
    number hashes: 4
    max false positive rate: 0.050000
    bloom length (8 bits): 19485076
    elements added: 24213964
    estimated elements added: 24214176
    current false positive rate: 0.045867
    export size (bytes): 19485096
    number bits set: 72138786
    is on disk: no
Block Count:0, 1
Avg Block Count:7546363 = 7546363 / 1
Avg Max Count:0, 0, 98
BloomFilter
    bits: 155880605
    estimated elements: 25000000
    number hashes: 4
    max false positive rate: 0.050000
    bloom length (8 bits): 19485076
    elements added: 24213013
    estimated elements added: 24217095
    current false positive rate: 0.045861
    export size (bytes): 19485096
    number bits set: 72145058
    is on disk: no
Block Count:0, 1
Avg Block Count:7545142 = 7545142 / 1
Avg Max Count:0, 0, 70
BloomFilter
    bits: 155880605
    estimated elements: 25000000
    number hashes: 4
    max false positive rate: 0.050000
    bloom length (8 bits): 19485076
    elements added: 24211792
    estimated elements added: 24210320
    current false positive rate: 0.045855
    export size (bytes): 19485096
    number bits set: 72130499
    is on disk: no
Block Count:0, 1
Avg Block Count:7564649 = 7564649 / 1
Avg Max Count:0, 0, 73
BloomFilter
    bits: 155880605
    estimated elements: 25000000
    number hashes: 4
    max false positive rate: 0.050000
    bloom length (8 bits): 19485076
    elements added: 24231299
    estimated elements added: 24230198
    current false positive rate: 0.045961
    export size (bytes): 19485096
    number bits set: 72173208
    is on disk: no
Block Count:0, 1
Avg Block Count:7534499 = 7534499 / 1
Avg Max Count:0, 0, 71
BloomFilter
    bits: 155880605
    estimated elements: 25000000
    number hashes: 4
    max false positive rate: 0.050000
    bloom length (8 bits): 19485076
    elements added: 24201149
    estimated elements added: 24201119
    current false positive rate: 0.045797
    export size (bytes): 19485096
    number bits set: 72110724
    is on disk: no
Block Count:0, 1
Avg Block Count:7586251 = 7586251 / 1
Avg Max Count:0, 0, 94
BloomFilter
    bits: 155880605
    estimated elements: 25000000
    number hashes: 4
    max false positive rate: 0.050000
    bloom length (8 bits): 19485076
    elements added: 24252901
    estimated elements added: 24253517
    current false positive rate: 0.046080
    export size (bytes): 19485096
    number bits set: 72223282
    is on disk: no
Block Count:0, 1
Avg Block Count:7366007 = 7366007 / 1
Avg Max Count:0, 0, 70
BloomFilter
    bits: 155880605
    estimated elements: 25000000
    number hashes: 4
    max false positive rate: 0.050000
    bloom length (8 bits): 19485076
    elements added: 24032657
    estimated elements added: 24030704
    current false positive rate: 0.044881
    export size (bytes): 19485096
    number bits set: 71743598
    is on disk: no
Level Count:2
Level Count:3
Level Count:4
Level Count:4
Level Count:4
Level Count:4
Level Count:4
Level Count:4
Level Count:4
Level Count:4
Level Count:4
5651018 4
3055543 4
Max word len: 98
Total words generated: 790188493
Words inserted 280720395
Words updated: 624362653
cache requests:  0, Misses: 0, Flush#: 12
cache requests:  0, Misses: 0, Flush#: 85
cache requests:  5977056, Misses: 364393, Flush#: 351
cache requests:  121879197, Misses: 8900746, Flush#: 6057
cache requests:  132084712, Misses: 11540656, Flush#: 6030
cache requests:  136489335, Misses: 13069630, Flush#: 5968
cache requests:  142283778, Misses: 14550216, Flush#: 6008
cache requests:  143414721, Misses: 15377742, Flush#: 5797
cache requests:  149660148, Misses: 16896152, Flush#: 5990
cache requests:  144521946, Misses: 16725246, Flush#: 5297
cache requests:  161419611, Misses: 19895938, Flush#: 6180
OUBLK INBLK
    -     -
rchar: 564624083966
wchar: 139205695330
syscr: 137703665
syscw: 33893071
read_bytes: 59987304448
write_bytes: 130769543168
cancelled_write_bytes: 0
117159176
255409264
