Csz: 16, pgsz: 4096
File page count: 0
File page count: 0
Stg buf: 256mb, Idx1 buf: 256mb, Idx1+ buf: 128mb
Idx1 size limit: 2048mb, Idx2 buf: 64mb
File page count: 0
10988 10000 60 1 w0 r0 m0 f0 r0 p20
 1502009=280567+736357+547318 i721658 u998423 u0 t1.553
22023 20000 60 1 w0 r0 m0 f0 r0 p20
 2970299=556558+1459020+1077812 i1299209 u2102895 u0 t1.785
33024 30000 60 1 w0 r0 m0 f0 r0 p20
 4455591=837142+2190955+1612898 i1852391 u3251575 u0 t1.976
44043 40000 66 1 w0 r0 m0 f0 r0 p20
 6021768=1126498+2950354+2194339 i2403108 u4491603 u0 t1.961
55121 50000 66 1 w0 r0 m0 f0 r0 p20
 7457432=1399039+3657323+2711810 i2899495 u5640597 u0 t1.864
66115 60000 66 1 w0 r0 m0 f0 r0 p20
 8882525=1666288+4349737+3237298 i3372066 u6798479 u0 t1.81
77117 70000 66 1 w0 r0 m0 f0 r0 p20
 10323681=1938542+5063745+3753209 i3851018 u7971772 u0 t1.921
88102 80000 66 1 w0 r0 m0 f0 r0 p20
 11702242=2200826+5741136+4250267 i4299728 u9103082 u0 t1.872
99095 90000 66 1 w0 r0 m0 f0 r0 p20
 13139065=2468368+6445510+4774403 i4761616 u10286594 u0 t1.933
110113 100000 66 1 w0 r0 m0 f0 r0 p20
 14570300=2739305+7152735+5287868 i5211290 u11477401 u0 t1.934
121109 110000 66 1 w0 r0 m0 f0 r0 p20
 15981984=3006512+7851613+5792984 i5655730 u12651059 u0 t1.893
132028 120000 66 1 w0 r0 m0 f0 r0 p20
 17532484=3286822+8590277+6386159 i6106532 u13969042 u0 t1.955
142990 130000 66 1 w0 r0 m0 f0 r0 p20
 18986448=3562710+9311119+6905248 i6548879 u15193514 u0 t1.933
153925 140000 66 3 w2147 r0 m0 f102 r0 p20
 20474477=3841729+10051396+7435263 i6999361 u16448737 u0 t2.089
164855 150000 66 3 w9944 r0 m0 f473 r0 p20
 21982251=4126056+10796461+7976893 i7457648 u17718219 u0 t2.439
175812 160000 66 3 w15683 r0 m0 f746 r0 p20
 23584909=4417148+11560934+8588302 i7925360 u19078805 u0 t2.451
186797 170000 66 4 w23056 r0 m0 f1097 r0 p20
 25060643=4694278+12291216+9118384 i8375869 u20319947 u0 t2.466
197847 180000 66 4 w34989 r0 m0 f1665 r0 p20
 26594805=4977567+13035840+9687961 i8835806 u21613908 u0 t2.738
208776 190000 66 4 w46925 r0 m0 f2233 r0 p20
 28107430=5261667+13783743+10232285 i9296660 u22886587 u0 t2.714
219728 200000 66 4 w57956 r0 m0 f2758 r0 p20
 29612928=5546285+14529981+10770299 i9757095 u24152523 u0 t2.68
230584 210000 66 4 w68894 r739 m4168 f3126 r1184311 p500
 31176719=5839236+15302598+11333221 i10230647 u25470395 u0 t2.724
241548 220000 66 4 w78138 r13304 m24650 f3142 r4418841 p500
 32683216=6122373+16045650+11876729 i10693538 u26733600 u0 t2.594
252514 230000 66 4 w88049 r40620 m60375 f3159 r7762680 p500
 34281334=6415992+16823378+12467909 i11177164 u28077190 u0 t2.769
263483 240000 66 4 w94943 r78149 m103846 f3171 r10504215 p500
 35779646=6698842+17564571+13004988 i11639337 u29332404 u0 t2.661
274496 250000 66 4 w99444 r124275 m153967 f3179 r12818227 p500
 37310769=6986369+18323484+13553505 i12109304 u30617063 u0 t2.753
285461 260000 66 4 w102731 r174147 m207160 f3185 r14978914 p500
 38803051=7268863+19066410+14083606 i12565631 u31872207 u0 t2.672
296415 270000 66 4 w107600 r229932 m267258 f3194 r17526227 p500
 40291660=7548931+19800727+14620226 i13018377 u33125075 u0 t2.704
307437 280000 66 4 w114680 r292705 m334897 f3204 r20319438 p500
 41798390=7832680+20548382+15159093 i13474320 u34396390 u0 t2.8
318462 290000 66 4 w122453 r366717 m413641 f3213 r23323583 p500
 43400958=8135339+21341253+15733409 i13959727 u35747612 u0 t2.999
329483 300000 66 4 w130599 r448081 m498324 f3224 r25969972 p500
 45028067=8442234+22155263+16308545 i14458035 u37115971 u0 t3.035
340525 310000 66 4 w136150 r527535 m579936 f3233 r28261380 p500
 46615498=8738046+22934138+16886727 i14930790 u38460421 u0 t2.857
351480 320000 94 4 w140497 r608862 m663222 f3240 r30609855 p500
 48198444=9038935+23721499+17447383 i15402014 u39803463 u0 t2.919
362496 330000 94 4 w146534 r691208 m747700 f3249 r33066304 p500
 49733444=9330284+24482692+17993474 i15860940 u41104283 u0 t2.874
373551 340000 94 4 w155734 r778643 m838165 f3263 r36098836 p500
 51290420=9626097+25253246+18550462 i16329024 u42421230 u0 t3.027
384689 350000 94 4 w166650 r869865 m932552 f3279 r39180487 p500
 52863841=9922129+26021395+19125405 i16801739 u43749964 u0 t3.05
395874 360000 94 4 w175145 r964965 m1030176 f3293 r42081963 p500
 54481113=10221859+26805577+19724920 i17291526 u45109313 u0 t3.076
406862 370000 94 4 w186224 r1063651 m1131680 f3310 r45135773 p500
 56127737=10531055+27599843+20335875 i17786583 u46497036 u0 t3.16
417894 380000 94 4 w196187 r1161908 m1232610 f3326 r48065213 p500
 57710652=10827571+28373736+20913921 i18266860 u47828825 u0 t3.064
428912 390000 94 4 w204139 r1259493 m1332605 f3339 r50758270 p500
 59267668=11118998+29134387+21483671 i18736544 u49141217 u0 t2.982
439874 400000 94 4 w216535 r1359525 m1436285 f3357 r53954635 p500
 60798949=11403897+29878773+22048738 i19192493 u50436812 u0 t3.03
450859 410000 94 4 w227761 r1462673 m1542347 f3375 r56664252 p500
 62344803=11692810+30638301+22610561 i19658971 u51740641 u0 t3.031
461847 420000 94 4 w239384 r1564531 m1647486 f3393 r59527285 p500
 63844431=11974358+31373784+23155226 i20109763 u53007117 u0 t2.963
472807 430000 94 4 w249751 r1674600 m1760749 f3409 r62389619 p500
 65437780=12274970+32155539+23733015 i20585947 u54355640 u0 t3.11
483790 440000 94 4 w261784 r1787594 m1876639 f3428 r65189560 p500
 67045767=12575174+32948774+24314528 i21070797 u55712975 u0 t3.145
494708 450000 94 4 w271125 r1903533 m1994898 f3443 r67736463 p500
 68699472=12883619+33764275+24912530 i21565567 u57112262 u0 t3.173
505590 460000 94 4 w280393 r2020797 m2114640 f3458 r70253169 p500
 70351532=13192036+34579703+25508940 i22059475 u58511255 u0 t3.192
516566 470000 94 4 w290906 r2139625 m2236968 f3475 r73108435 p500
 71990802=13497983+35383004+26106829 i22545079 u59901626 u0 t3.244
527520 480000 94 4 w300977 r2260252 m2360326 f3491 r75651138 p500
 73645399=13806248+36198720+26705964 i23039504 u61301944 u0 t3.231
538466 490000 94 4 w311121 r2384539 m2488239 f3505 r78460101 p500
 75322036=14118226+37019796+27319560 i23534021 u62726199 u0 t3.315
549399 500000 94 4 w326306 r2514939 m2623215 f3528 r81647668 p500
 77023425=14443739+37852951+27939452 i24035533 u64172368 u0 t3.614
560288 510000 94 4 w341430 r2645654 m2758520 f3551 r84770160 p500
 78683779=14754211+38673947+28537979 i24524606 u65585487 u0 t3.547
571192 520000 94 4 w360938 r2780615 m2898865 f3581 r88243402 p500
 80352712=15063905+39495351+29144443 i25017901 u67002885 u0 t3.576
582148 530000 94 4 w380914 r2919832 m3043452 f3612 r91555146 p500
 82036336=15378372+40322769+29756566 i25515185 u68433615 u0 t3.496
593039 540000 94 4 w397738 r3063044 m3191556 f3639 r94794574 p500
 83771290=15699382+41171815+30392891 i26020633 u69913285 u0 t3.545
604123 550000 94 4 w411173 r3188119 m3320528 f3660 r97460893 p500
 85292841=15985696+41911091+30952926 i26463106 u71212091 u0 t3.077
615220 560000 94 4 w423826 r3293517 m3429261 f3681 r99670592 p500
 86578406=16228956+42541143+31420369 i26834497 u72313452 u0 t2.618
626410 570000 94 4 w434080 r3395986 m3534483 f3697 r101629469 p500
 87844101=16466215+43152805+31889826 i27197432 u73398418 u0 t2.524
637646 580000 94 4 w445192 r3497926 m3639282 f3714 r103665710 p500
 89076810=16700413+43755344+32338702 i27550015 u74457953 u0 t2.497
648847 590000 94 4 w454461 r3599317 m3743179 f3729 r105514123 p500
 90374030=16941574+44376422+32827115 i27905567 u75584114 u0 t2.499
660023 600000 94 4 w462766 r3695791 m3842283 f3742 r107368172 p500
 91532382=17161983+44938682+33251932 i28235401 u76580770 u0 t2.355
671169 610000 94 4 w473499 r3792562 m3942087 f3758 r109324529 p500
 92677881=17380618+45496976+33670550 i28559195 u77569145 u0 t2.361
682330 620000 94 4 w482494 r3887826 m4039272 f3773 r110951449 p500
 93822077=17600425+46050280+34090645 i28879361 u78558794 u0 t2.291
693457 630000 94 4 w491165 r3988667 m4142193 f3788 r112670066 p500
 95055697=17831544+46649550+34545330 i29217597 u79632076 u0 t2.442
704731 640000 94 4 w502229 r4093068 m4249688 f3806 r114727027 p500
 96294487=18063003+47246521+35007532 i29558084 u80708070 u0 t2.56
715916 650000 94 4 w514549 r4191113 m4350565 f3827 r116606824 p500
 97439920=18281492+47802828+35427035 i29877255 u81700912 u0 t2.944
727122 660000 94 4 w525090 r4297544 m4460035 f3844 r118587582 p500
 98670868=18515586+48399959+35879326 i30219878 u82767579 u0 t2.531
738273 670000 94 4 w538896 r4403835 m4569988 f3866 r120811488 p500
 99875743=18744879+48985343+36321344 i30553703 u83814035 u0 t2.939
749495 680000 94 4 w549896 r4504068 m4672681 f3884 r122624877 p500
 101042383=18969139+49551143+36748337 i30872704 u84831711 u0 t2.382
760693 690000 94 4 w563804 r4611319 m4782661 f3908 r124600456 p500
 102254980=19199662+50136770+37196455 i31209732 u85882607 u0 t2.524
771972 700000 94 4 w576635 r4719950 m4894316 f3929 r126638473 p500
 103465720=19428892+50723315+37642786 i31547931 u86930629 u0 t2.545
783287 710000 94 4 w591565 r4825873 m5003294 f3954 r128661429 p500
 104639900=19653350+51296043+38070532 i31874972 u87948875 u0 t2.503
794503 720000 94 4 w605752 r4932710 m5113575 f3976 r130758609 p500
 105795637=19874772+51860524+38490375 i32197379 u88950860 u0 t2.472
805629 730000 94 4 w617567 r5040838 m5223811 f3997 r132536869 p500
 107012879=20104345+52440052+38949652 i32534938 u90004297 u0 t2.487
816809 740000 94 4 w629390 r5143637 m5329007 f4018 r134398123 p500
 108170750=20322040+52988329+39390324 i32849937 u91011072 u0 t2.395
827890 750000 94 4 w643450 r5246579 m5434984 f4042 r136377713 p500
 109346023=20541989+53535547+39846975 i33161731 u92039098 u0 t2.409
839058 760000 94 4 w654634 r5345382 m5536171 f4060 r138045390 p500
 110457274=20754203+54068761+40260181 i33463818 u93008529 u0 t2.289
850231 770000 94 4 w664258 r5452348 m5645446 f4075 r139847457 p500
 111644530=20977813+54640699+40701567 i33788838 u94041412 u0 t2.435
861324 780000 94 4 w680442 r5555725 m5752057 f4102 r141866346 p500
 112756712=21190675+55177904+41111668 i34097366 u95006152 u0 t2.39
872344 790000 94 4 w691713 r5659750 m5858694 f4121 r143654560 p500
 113901230=21409743+55727856+41536166 i34407569 u96006057 u0 t2.375
883522 800000 94 4 w705533 r5765726 m5967312 f4144 r145428821 p500
 115052446=21630279+56283615+41960828 i34721311 u97010360 u0 t2.405
894714 810000 94 4 w718297 r5869806 m6074067 f4166 r147218760 p500
 116160183=21843397+56812897+42374928 i35024691 u97974321 u0 t2.352
905844 820000 94 4 w732447 r5976815 m6184317 f4188 r149177714 p500
 117283223=22058021+57355645+42788962 i35329666 u98954862 u0 t2.41
916882 830000 94 4 w747514 r6096952 m6307884 f4213 r151261249 p500
 118549967=22298052+57962861+43262652 i35678724 u100054081 u0 t2.664
927964 840000 94 4 w759977 r6211357 m6424787 f4234 r153105332 p500
 119743936=22526809+58544733+43697164 i36013813 u101087261 u0 t2.537
939033 850000 94 4 w778750 r6335861 m6552913 f4265 r155303107 p500
 121004026=22765154+59154770+44162145 i36367433 u102175825 u0 t2.752
950128 860000 94 4 w795680 r6458930 m6679389 f4294 r157433360 p500
 122238911=23000263+59758465+44610481 i36715602 u103242428 u0 t2.696
961260 870000 94 4 w809524 r6577547 m6800874 f4317 r159335279 p500
 123458245=23233306+60350981+45056196 i37057583 u104296698 u0 t2.623
972424 880000 94 4 w828286 r6699774 m6926645 f4348 r161456923 p500
 124673076=23464513+60935225+45507237 i37397730 u105346297 u0 t2.695
983571 890000 94 4 w843575 r6820679 m7050888 f4375 r163496546 p500
 125884344=23693920+61524697+45951042 i37739549 u106391118 u0 t2.642
994789 900000 94 4 w860290 r6938295 m7172037 f4403 r165548088 p500
 127057734=23916914+62089299+46386563 i38061208 u107412106 u0 t2.567
1005944 910000 94 4 w876037 r7056383 m7293423 f4430 r167555543 p500
 128303145=24152135+62684289+46852631 i38387409 u108509562 u0 t2.595
1017100 920000 94 4 w895305 r7167975 m7407858 f4463 r169452405 p500
 129430532=24368313+63227679+47268900 i38697622 u109490041 u0 t2.475
1028294 930000 94 4 w908701 r7278225 m7520943 f4485 r171316953 p500
 130528677=24578028+63757612+47674284 i38999227 u110445527 u0 t2.39
1039422 940000 94 4 w923455 r7393203 m7638334 f4512 r173051432 p500
 131687827=24798360+64320403+48099629 i39320264 u111451769 u0 t2.491
1050473 950000 94 4 w937424 r7509874 m7758175 f4535 r174949827 p500
 132854633=25020472+64887893+48525919 i39638169 u112470090 u0 t2.517
1061568 960000 94 4 w954976 r7627351 m7878635 f4565 r176824633 p500
 134043070=25250333+65467521+48956681 i39957794 u113513275 u0 t2.565
1072599 970000 94 4 w975157 r7753599 m8008129 f4601 r178936873 p500
 135291847=25485760+66067542+49422293 i40292714 u114606159 u0 t2.709
1083733 980000 94 4 w989630 r7866253 m8123648 f4625 r180736150 p500
 136399100=25701026+66611278+49818919 i40594354 u115574785 u0 t2.85
1094785 990000 94 4 w1005438 r7978500 m8237968 f4653 r182343046 p500
 137519050=25917257+67155540+50227043 i40903148 u116549394 u0 t2.421
1105876 1000000 94 4 w1019432 r8096291 m8358159 f4678 r184106367 p500
 138665713=26137695+67717784+50640862 i41220123 u117547469 u0 t2.537
1117034 1010000 94 4 w1036509 r8214052 m8478770 f4708 r186022857 p500
 139787403=26354448+68264708+51048328 i41529933 u118523028 u0 t2.515
1128112 1020000 94 4 w1054206 r8333665 m8601272 f4738 r187911060 p500
 140921791=26573668+68822755+51454807 i41845843 u119508545 u0 t2.551
1139060 1030000 94 4 w1072970 r8465188 m8735173 f4771 r189841398 p500
 142169262=26814500+69435817+51902697 i42198372 u120586656 u0 t2.781
1150007 1040000 94 4 w1092413 r8611234 m8884270 f4806 r192001440 p500
 143561529=27079998+70114418+52410413 i42590610 u121788621 u0 t3.1
1160894 1050000 94 4 w1111216 r8765004 m9041281 f4838 r194349392 p500
 144998334=27351326+70820475+52930359 i43000700 u123024676 u0 t3.187
1171814 1060000 94 4 w1132101 r8915207 m9194621 f4875 r196646274 p500
 146379096=27613815+71499763+53428048 i43394547 u124213159 u0 t3.11
1182789 1070000 94 4 w1156227 r9069152 m9352419 f4918 r199090253 p500
 147771413=27879098+72187374+53926681 i43793673 u125410473 u0 t3.184
1193726 1080000 94 4 w1175467 r9215938 m9502031 f4953 r201224012 p500
 149134067=28139227+72857138+54417549 i44181395 u126584548 u0 t3.049
1204582 1090000 94 4 w1201857 r9379066 m9669625 f4999 r204004553 p500
 150558189=28410800+73563244+54924922 i44589742 u127809400 u0 t3.34
1215452 1100000 94 4 w1229182 r9538578 m9832757 f5047 r206446199 p500
 152005113=28686816+74275924+55445128 i44998782 u129058351 u0 t3.302
1226363 1110000 94 4 w1253196 r9705969 m10003499 f5089 r208908664 p500
 153500823=28969235+75014161+55983169 i45425572 u130345969 u0 t3.408
1237247 1120000 94 4 w1275434 r9863584 m10164282 f5129 r211211142 p500
 154937436=29243149+75724625+56496704 i45830607 u131587996 u0 t3.343
1248176 1130000 94 4 w1301759 r10030220 m10334907 f5175 r213859150 p500
 156402735=29522272+76447278+57022338 i46247467 u132850894 u0 t3.39
1259068 1140000 94 4 w1332335 r10197001 m10505639 f5230 r216483498 p500
 157861130=29797985+77168674+57545265 i46664819 u134105134 u0 t3.39
1269968 1150000 94 4 w1362342 r10366084 m10678606 f5284 r219138565 p500
 159329507=30076803+77900612+58066164 i47084852 u135369224 u0 t3.418
1280888 1160000 94 4 w1387911 r10534170 m10850633 f5329 r221759363 p500
 160787360=30353505+78624948+58585504 i47505484 u136620282 u0 t3.391
1291754 1170000 94 4 w1418879 r10703556 m11023529 f5386 r224328605 p500
 162257086=30632524+79353396+59110035 i47927668 u137883565 u0 t3.417
1302652 1180000 94 4 w1439963 r10872176 m11195384 f5423 r226798603 p500
 163740225=30914948+80088433+59638609 i48350494 u139162081 u0 t3.391
1313613 1190000 94 4 w1469039 r11039840 m11366033 f5477 r229123975 p500
 165222365=31196415+80824289+60167001 i48774618 u140437825 u0 t3.405
1324596 1200000 94 4 w1486453 r11205193 m11533723 f5511 r231275575 p500
 166705142=31477697+81562307+60693492 i49197652 u141715781 u0 t3.306
1335456 1210000 94 4 w1515689 r11382439 m11714866 f5566 r233963926 p500
 168224635=31765451+82316176+61235830 i49633829 u143021998 u0 t3.559
1346441 1220000 94 4 w1538358 r11558765 m11894347 f5607 r236380820 p500
 169783151=32059976+83084342+61797326 i50072677 u144368951 u0 t3.518
1357399 1230000 94 4 w1573430 r11742505 m12082050 f5670 r239111597 p500
 171340127=32353047+83856368+62354089 i50514849 u145711537 u0 t3.652
1368385 1240000 94 4 w1603388 r11927560 m12270630 f5726 r241785098 p500
 172947613=32655799+84649796+62933488 i50971504 u147096750 u0 t3.703
1379469 1250000 94 4 w1638391 r12122220 m12469453 f5790 r244719746 p500
 174578358=32960715+85458237+63518400 i51437602 u148499241 u0 t3.951
1390543 1260000 94 4 w1665583 r12307140 m12657316 f5842 r247190690 p500
 176216496=33265768+86260659+64117377 i51899982 u149911598 u0 t3.7
1401635 1270000 94 4 w1699056 r12502425 m12856676 f5903 r250103572 p500
 177844400=33572064+87068311+64699573 i52365109 u151312765 u0 t4.068
1412662 1280000 94 4 w1729867 r12692470 m13050481 f5959 r252846540 p500
 179448464=33876559+87868585+65267070 i52825790 u152692577 u0 t3.948
1423732 1290000 94 4 w1761737 r12879500 m13240780 f6018 r255401301 p500
 181048818=34176735+88658077+65844470 i53283617 u154068606 u0 t3.768
1434749 1300000 94 4 w1792531 r13075515 m13440642 f6074 r258191824 p500
 182708017=34486060+89473649+66447223 i53756005 u155496223 u0 t3.879
1445738 1310000 94 4 w1824383 r13274055 m13643021 f6134 r261043112 p500
 184393707=34802515+90300279+67060585 i54240851 u156941637 u0 t3.943
1456743 1320000 94 4 w1862774 r13474490 m13847504 f6205 r263939460 p500
 186070233=35117420+91124338+67668658 i54720598 u158382155 u0 t4.223
1467716 1330000 94 4 w1900712 r13685296 m14062850 f6275 r267040724 p500
 187826318=35446440+91987570+68306202 i55220767 u159893026 u0 t4.144
1478847 1340000 94 4 w1933678 r13888627 m14269758 f6335 r269809356 p500
 189576204=35770547+92843092+68948286 i55721542 u161394648 u0 t4.069
1489858 1350000 94 4 w1968226 r14096735 m14482012 f6399 r272773641 p500
 191293706=36091274+93689714+69570365 i56216736 u162866712 u0 t4.062
1500812 1360000 94 4 w2005131 r14291492 m14680219 f6469 r275439024 p500
 192945491=36397576+94496222+70177412 i56690447 u164283586 u0 t3.872
1511816 1370000 94 4 w2044786 r14498974 m14892094 f6544 r278525020 p500
 194629037=36712329+95326971+70785495 i57172334 u165730632 u0 t4.093
1522795 1380000 94 4 w2077199 r14696038 m15093002 f6603 r281292600 p500
 196261107=37016280+96132860+71375071 i57642754 u167129488 u0 t3.841
1533703 1390000 94 4 w2117492 r14902113 m15303694 f6677 r284331029 p500
 197916580=37324592+96947275+71976458 i58124508 u168543631 u0 t3.999
1544569 1400000 94 4 w2154157 r15102648 m15508277 f6747 r287106147 p500
 199559259=37633478+97759355+72566898 i58595301 u169955550 u0 t3.904
1555499 1410000 94 4 w2192035 r15315065 m15724303 f6819 r289946376 p500
 201315494=37961628+98624605+73202706 i59098713 u171463316 u0 t4.139
1566395 1420000 94 4 w2227471 r15525771 m15938692 f6887 r292791322 p500
 203040851=38283744+99480615+73821800 i59592687 u172946531 u0 t4.895
1577238 1430000 94 4 w2266075 r15737231 m16154072 f6958 r295661207 p500
 204769957=38606559+100338547+74442479 i60087609 u174432671 u0 t4.147
1588118 1440000 98 4 w2303534 r15951943 m16372643 f7029 r298547863 p500
 206501964=38930451+101195825+75064964 i60586341 u175918240 u0 t4.144
1598949 1450000 98 4 w2338679 r16167017 m16591281 f7097 r301357729 p500
 208268958=39258963+102068645+75703593 i61092607 u177435966 u0 t4.319
1609797 1460000 98 4 w2381237 r16387457 m16815921 f7177 r304373326 p500
 210044947=39588611+102945770+76346406 i61596744 u178965341 u0 t4.3
1620630 1470000 98 4 w2418666 r16602072 m17034519 f7247 r307231712 p500
 211794585=39917933+103814704+76971470 i62093682 u180473452 u0 t4.197
1631477 1480000 98 4 w2460006 r16819138 m17255595 f7324 r310176294 p500
 213544045=40245037+104679189+77602221 i62591244 u181979571 u0 t4.222
1642373 1490000 98 4 w2506163 r17048288 m17489698 f7410 r313406922 p500
 215341282=40581295+105569208+78248299 i63100490 u183529382 u0 t4.425
1653233 1500000 98 4 w2554582 r17280040 m17726474 f7499 r316681324 p500
 217140861=40916401+106459891+78897104 i63609922 u185081510 u0 t4.416
1664130 1510000 98 4 w2598526 r17498976 m17949485 f7584 r319575398 p500
 218918863=41246819+107335188+79542979 i64110957 u186615988 u0 t4.28
1675034 1520000 98 4 w2634311 r17718992 m18173340 f7652 r322416857 p500
 220707784=41578832+108217124+80191733 i64614460 u188160876 u0 t4.225
1685958 1530000 98 4 w2676807 r17942665 m18400831 f7732 r325312275 p500
 222527080=41916354+109112653+80853015 i65128020 u189730354 u0 t4.331
1696847 1540000 98 4 w2719270 r18164638 m18626811 f7815 r328224823 p500
 224315178=42247473+109988212+81508049 i65631812 u191272484 u0 t4.269
1707676 1550000 98 4 w2756341 r18389206 m18854991 f7885 r331016989 p500
 226145550=42585444+110889061+82174592 i66150052 u192849173 u0 t4.363
1718573 1560000 98 4 w2804018 r18625461 m19096431 f7973 r334321290 p500
 227977335=42923424+111787999+82844857 i66665770 u194429057 u0 t4.995
1729487 1570000 98 4 w2852751 r18851754 m19327334 f8069 r337362472 p500
 229753615=43251320+112659502+83494703 i67164115 u195963433 u0 t4.343
1740347 1580000 98 4 w2893313 r19076324 m19555957 f8144 r340241497 p500
 231553104=43584046+113540125+84154536 i67668626 u197517887 u0 t4.318
1751207 1590000 98 4 w2950362 r19316484 m19801633 f8252 r343609667 p500
 233379940=43922520+114439161+84819335 i68181603 u199095640 u0 t4.595
1762023 1600000 98 4 w2995833 r19542050 m20031221 f8340 r346459440 p500
 235155843=44253361+115316780+85460372 i68682139 u200629018 u0 t4.308
1772878 1610000 98 4 w3036254 r19766684 m20259850 f8417 r349312258 p500
 236929770=44581602+116184385+86111454 i69180618 u202160476 u0 t4.596
1783723 1620000 98 4 w3087915 r19995809 m20493537 f8515 r352400282 p500
 238688807=44908360+117054935+86745918 i69675885 u203679750 u0 t4.333
1794607 1630000 98 4 w3127639 r20218992 m20720604 f8589 r355182696 p500
 240464479=45236722+117925167+87395629 i70177345 u205209769 u0 t4.3
1805498 1640000 98 4 w3168053 r20445250 m20950708 f8666 r358035543 p500
 242254153=45568300+118810419+88042816 i70680645 u206756032 u0 t4.288
1816421 1650000 98 4 w3207388 r20669324 m21178212 f8742 r360752000 p500
 244050465=45899876+119697682+88694298 i71189184 u208303948 u0 t4.272
1827273 1660000 98 4 w3253579 r20901391 m21414651 f8830 r363738967 p500
 245854599=46234183+120581771+89354321 i71695569 u209861947 u0 t4.395
1838160 1670000 98 4 w3304835 r21137852 m21655953 f8927 r366887888 p500
 247658504=46569017+121468086+90011465 i72205084 u211417083 u0 t4.591
1849005 1680000 98 4 w3350975 r21364454 m21886568 f9016 r369723801 p500
 249430278=46895842+122335533+90661291 i72699782 u212949868 u0 t4.357
1859879 1690000 98 4 w3399154 r21591824 m22118618 f9106 r372731835 p500
 251131279=47212315+123178813+91272934 i73178530 u214419935 u0 t4.283
1870739 1700000 98 4 w3456154 r21827827 m22359447 f9217 r375825634 p500
 252891045=47539369+124052324+91905247 i73673738 u215940831 u0 t4.407
1881698 1710000 98 4 w3501711 r22047835 m22583426 f9303 r378605234 p500
 254580511=47855132+124886720+92515242 i74147062 u217402842 u0 t4.271
1892578 1720000 98 4 w3549765 r22274660 m22814586 f9396 r381512506 p500
 256293646=48175630+125733252+93133036 i74626644 u218886083 u0 t4.268
1903425 1730000 98 4 w3600780 r22501550 m23045687 f9492 r384383590 p500
 258022915=48497011+126587322+93759138 i75111370 u220382237 u0 t4.36
1914319 1740000 98 4 w3639189 r22725581 m23272864 f9567 r386950844 p500
 259815209=48830592+127465985+94414637 i75612159 u221932424 u0 t4.253
1925121 1750000 98 4 w3686513 r22956747 m23508656 f9657 r389987558 p500
 261541348=49152781+128320704+95035878 i76096821 u223425689 u0 t4.313
1936035 1760000 98 4 w3734220 r23189641 m23745609 f9749 r392867057 p500
 263330395=49486167+129206644+95680325 i76601768 u224970271 u0 t4.462
1946942 1770000 98 4 w3772907 r23405093 m23964200 f9824 r395377678 p500
 265050284=49805914+130048834+96309106 i77075764 u226464675 u0 t4.134
1957829 1780000 98 4 w3818331 r23632820 m24196188 f9913 r398226770 p500
 266753303=50124838+130892409+96920932 i77552377 u227939883 u0 t4.263
1968722 1790000 98 4 w3874540 r23866810 m24434516 f10026 r401221954 p500
 268493552=50448739+131746780+97555161 i78038505 u229446066 u0 t4.404
1979581 1800000 98 4 w3923370 r24092407 m24664492 f10121 r404115520 p500
 270164288=50760785+132567358+98163038 i78506653 u230890760 u0 t4.251
1990482 1810000 98 4 w3983821 r24319757 m24896350 f10240 r407044547 p500
 271830252=51072079+133383609+98770962 i78968555 u232336144 u0 t4.259
2001382 1820000 98 4 w4039098 r24551093 m25132424 f10349 r410088982 p500
 273492871=51381902+134197434+99378998 i79434087 u233773770 u0 t4.63
2012247 1830000 98 4 w4083673 r24768377 m25353014 f10436 r412638438 p500
 275187120=51698829+135031055+99993704 i79905808 u235242209 u0 t4.119
2023129 1840000 98 4 w4125189 r24986987 m25575227 f10518 r415240449 p500
 276861603=52011532+135854419+100601958 i80371755 u236693472 u0 t4.133
2034053 1850000 98 4 w4169341 r25211274 m25803064 f10607 r417878378 p500
 278586086=52334286+136703614+101226354 i80851872 u238188419 u0 t4.257
2044917 1860000 98 4 w4215241 r25432560 m26028190 f10699 r420558221 p500
 280251224=52646494+137526857+101826009 i81313172 u239635027 u0 t4.18
2055814 1870000 98 4 w4259322 r25653155 m26252375 f10784 r423183861 p500
 281924750=52958788+138352252+102431703 i81786914 u241078097 u0 t4.188
2066728 1880000 98 4 w4305122 r25875244 m26478283 f10873 r425864745 p500
 283579260=53268199+139169715+103028509 i82247827 u242512486 u0 t4.129
2077660 1890000 98 4 w4358632 r26099233 m26706359 f10981 r428615623 p500
 285237044=53579292+139988643+103625286 i82707361 u243952044 u0 t4.176
2088614 1900000 98 4 w4398672 r26317978 m26928473 f11059 r431188000 p500
 286912655=53892335+140810185+104236352 i83171837 u245405343 u0 t4.293
2099586 1910000 98 4 w4458502 r26554801 m27169859 f11176 r434192152 p500
 288616243=54209093+141647327+104856783 i83642434 u246885097 u0 t4.388
2110524 1920000 98 4 w4512242 r26778843 m27397873 f11284 r436940236 p500
 290241237=54514629+142446303+105445717 i84092703 u248295673 u0 t4.112
2121483 1930000 98 4 w4568196 r27011429 m27634755 f11396 r439854594 p500
 291923570=54829825+143276743+106052519 i84562098 u249753641 u0 t4.297
2132440 1940000 98 4 w4623401 r27239294 m27866892 f11503 r442696291 p500
 293565784=55136148+144083806+106649839 i85018086 u251177820 u0 t4.174
2143340 1950000 98 4 w4680131 r27473230 m28105263 f11616 r445638227 p500
 295239019=55448867+144906211+107257969 i85481938 u252630143 u0 t4.279
2154286 1960000 98 4 w4729896 r27690358 m28325892 f11714 r448222303 p500
 296860107=55753648+145703015+107845359 i85930949 u254038105 u0 t4.043
2165157 1970000 98 4 w4769824 r27895296 m28533992 f11795 r450614137 p500
 298412591=56044542+146464173+108410700 i86358693 u255387750 u0 t3.86
2176142 1980000 98 4 w4812379 r28102750 m28744629 f11876 r453034588 p500
 299979496=56338337+147235354+108978397 i86791830 u256749352 u0 t3.9
2187090 1990000 98 4 w4856027 r28321691 m28967049 f11963 r455595776 p500
 301618575=56644428+148044181+109570873 i87248659 u258169951 u0 t4.113
2198031 2000000 98 4 w4903038 r28533901 m29182489 f12059 r458041101 p500
 303185210=56938923+148817650+110135184 i87682907 u259530985 u0 t3.937
2208970 2010000 98 4 w4950894 r28745681 m29397704 f12153 r460543854 p500
 304752540=57232180+149587337+110705170 i88112918 u260895550 u0 t3.944
2219875 2020000 98 4 w4997611 r28957644 m29612994 f12250 r462978654 p500
 306334455=57532948+150371332+111270400 i88550232 u262271716 u0 t4.121
2230717 2030000 98 4 w5044281 r29167006 m29825728 f12345 r465467081 p500
 307845651=57817948+151122157+111809532 i88966260 u263588224 u0 t3.858
2241553 2040000 98 4 w5101683 r29387944 m30050744 f12459 r468197143 p500
 309373570=58105978+151881084+112355392 i89392426 u264913585 u0 t3.997
2252478 2050000 98 4 w5162630 r29612470 m30279563 f12578 r471018828 p500
 310917801=58397346+152645204+112909519 i89821140 u266255016 u0 t4.075
2263400 2060000 98 4 w5207222 r29823835 m30494432 f12664 r473549286 p500
 312460636=58688083+153405052+113466755 i90247843 u267595898 u0 t3.952
2274335 2070000 98 4 w5262269 r30035434 m30709246 f12777 r476016088 p500
 314006113=58979074+154169481+114021866 i90672951 u268942152 u0 t4.026
2285238 2080000 98 4 w5308717 r30240819 m30917947 f12872 r478433571 p500
 315479761=59257781+154893633+114554732 i91077507 u270226331 u0 t3.83
2296195 2090000 98 4 w5358855 r30451403 m31131789 f12973 r480873446 p500
 317001742=59547160+155648315+115097246 i91494776 u271554087 u0 t3.921
2307093 2100000 98 4 w5395337 r30656801 m31340067 f13046 r483159272 p500
 318548784=59841585+156419314+115645210 i91918235 u272905699 u0 t3.847
2317991 2110000 98 4 w5441687 r30862564 m31548872 f13144 r485518721 p500
 320065310=60129116+157167613+116190543 i92332443 u274229894 u0 t3.898
2328915 2120000 98 4 w5484222 r31061562 m31750635 f13233 r487731327 p500
 321540226=60409484+157900375+116714932 i92738357 u275515442 u0 t3.792
2339889 2130000 98 4 w5529726 r31275303 m31967887 f13322 r490263494 p500
 323065272=60697602+158658425+117258241 i93160789 u276842083 u0 t3.883
2350849 2140000 98 4 w5583407 r31484998 m32181006 f13429 r492702049 p500
 324569276=60981045+159406540+117794073 i93574366 u278153046 u0 t3.93
2361818 2150000 98 4 w5630169 r31692519 m32391819 f13525 r495114678 p500
 326046163=61261072+160142425+118317711 i93983072 u279438973 u0 t3.768
2372703 2160000 98 4 w5683663 r31906228 m32608886 f13632 r497593537 p500
 327582195=61550056+160900281+118871928 i94404102 u280777725 u0 t3.894
2383611 2170000 98 4 w5735313 r32113777 m32820066 f13737 r500104584 p500
 329020933=61822910+161615512+119384128 i94799197 u282032906 u0 t3.776
2394538 2180000 98 4 w5786232 r32319274 m33029008 f13842 r502547624 p500
 330471640=62098697+162341500+119894769 i95200227 u283296984 u0 t3.838
2405448 2190000 98 4 w5836236 r32536898 m33250055 f13941 r505025164 p500
 332047282=62396171+163128686+120452548 i95634779 u284669957 u0 t4.367
2416385 2200000 98 4 w5889618 r32756247 m33473109 f14050 r507622209 p500
 333572677=62685022+163886371+120996698 i96052556 u286001307 u0 t3.991
2427291 2210000 98 4 w5943988 r32964873 m33685198 f14160 r510068600 p500
 335055154=62966105+164620723+121527332 i96456504 u287297084 u0 t3.894
2438224 2220000 98 4 w5991441 r33179075 m33902766 f14257 r512561186 p500
 336562228=63251799+165373345+122060347 i96872124 u288610484 u0 t4.008
2449156 2230000 98 4 w6045122 r33392116 m34119336 f14363 r515043636 p500
 338098470=63544181+166137065+122607037 i97291620 u289952759 u0 t4.22
2460085 2240000 98 4 w6096098 r33614906 m34345636 f14465 r517601991 p500
 339674657=63843460+166921569+123166530 i97726903 u291325019 u0 t8.735
2471031 2250000 98 4 w6156554 r33848236 m34582721 f14587 r520337035 p500
 341328221=64154313+167736404+123763464 i98182552 u292763535 u0 t4.299
2481891 2260000 98 4 w6213547 r34071858 m34809802 f14703 r522887443 p500
 342920094=64455060+168519044+124339193 i98615264 u294154099 u0 t4.118
2492839 2270000 98 4 w6257467 r34292074 m35033046 f14791 r525300216 p500
 344524932=64756130+169308970+124920291 i99053205 u295554921 u0 t3.991
2503770 2280000 98 4 w6315617 r34521413 m35265868 f14908 r527919498 p500
 346165173=65065475+170120749+125508611 i99504419 u296983604 u0 t4.252
2514685 2290000 98 4 w6360639 r34743315 m35491029 f14998 r530410013 p500
 347777859=65367628+170914357+126092672 i99946223 u298389479 u0 t4.089
2525687 2300000 98 4 w6422652 r34982422 m35734025 f15122 r533187874 p500
 349430556=65676533+171726819+126692647 i100399366 u299828471 u0 t4.309
2536614 2310000 98 4 w6477240 r35215077 m35970188 f15233 r535826865 p500
 351071462=65982636+172534843+127287338 i100850575 u301256657 u0 t4.723
2547690 2320000 98 4 w6532295 r35450291 m36208545 f15348 r538402980 p500
 352775789=66300993+173374078+127904919 i101325668 u302733115 u0 t4.376
2558712 2330000 98 4 w6594964 r35695927 m36458192 f15475 r541278274 p500
 354479327=66619347+174214406+128520924 i101797623 u304212152 u0 t4.423
2569709 2340000 98 4 w6652387 r35932420 m36698272 f15597 r543960422 p500
 356119816=66929029+175032721+129102657 i102251807 u305639807 u0 t4.343
2580699 2350000 98 4 w6724128 r36186041 m36955923 f15741 r546905716 p500
 357866975=67253212+175889572+129740737 i102736767 u307155138 u0 t4.611
2591715 2360000 98 4 w6783927 r36433021 m37206976 f15859 r549755042 p500
 359567798=67570319+176725970+130359050 i103210596 u308628722 u0 t4.525
2602831 2370000 98 4 w6854118 r36690705 m37468749 f16003 r552719846 p500
 361333804=67899239+177596044+130999241 i103709738 u310152319 u0 t5.335
2613986 2380000 98 4 w6911650 r36946974 m37728843 f16123 r555610922 p500
 363142494=68230806+178475866+131670096 i104212113 u311718446 u0 t7.422
2624949 2390000 98 4 w6988938 r37215733 m38002259 f16280 r558831895 p500
 364958248=68564735+179361240+132340268 i104723154 u313284401 u0 t9.295
2635909 2400000 98 4 w7049435 r37470635 m38260578 f16405 r561600211 p500
 366793742=68902584+180257977+133015990 i105240874 u314866143 u0 t4.858
2646913 2410000 98 4 w7103622 r37718916 m38512521 f16518 r564391139 p500
 368547157=69226360+181113701+133662101 i105739324 u316373271 u0 t5.115
2657884 2420000 98 4 w7165937 r37958391 m38755439 f16647 r567087746 p500
 370250743=69543018+181948977+134283775 i106217582 u317845012 u0 t4.531
2668918 2430000 98 4 w7227714 r38203891 m39004648 f16776 r569868916 p500
 371945334=69856854+182774867+134907321 i106696636 u319304340 u0 t4.451
2679809 2440000 98 4 w7290267 r38444165 m39248525 f16904 r572554683 p500
 373593593=70165486+183587194+135502816 i107169820 u320718872 u0 t4.452
2690746 2450000 98 4 w7356938 r38696692 m39505188 f17040 r575475843 p500
 375264732=70476391+184414187+136105363 i107642022 u322160804 u0 t5.035
2701594 2460000 98 4 w7431856 r38956871 m39769434 f17195 r578406991 p500
 377026942=70804695+185280946+136745118 i108138995 u323681479 u0 t4.97
2712475 2470000 98 4 w7494076 r39207969 m40024204 f17325 r581230384 p500
 378737275=71123412+186129022+137359567 i108623358 u325156663 u0 t4.573
2723357 2480000 98 4 w7559413 r39458010 m40277845 f17456 r583996409 p500
 380487328=71448458+186993347+137992245 i109114132 u326670256 u0 t4.703
2734166 2490000 98 4 w7614862 r39702672 m40525869 f17570 r586685946 p500
 382198024=71767925+187837149+138610940 i109598387 u328145424 u0 t4.67
2745023 2500000 98 4 w7676891 r39953895 m40780655 f17698 r589466815 p500
 383959910=72094368+188705051+139251002 i110093957 u329667376 u0 t5.43
2755880 2510000 98 4 w7745784 r40212546 m41043347 f17840 r592363507 p500
 385703183=72418174+189565646+139881674 i110584612 u331173172 u0 t4.724
2766772 2520000 98 4 w7810536 r40468563 m41303228 f17970 r595224385 p500
 387463931=72744988+190431472+140522086 i111081889 u332692121 u0 t4.839
2777605 2530000 98 4 w7880687 r40727742 m41566720 f18113 r598180726 p500
 389210244=73071112+191290844+141155276 i111572278 u334201524 u0 t5.037
2788466 2540000 98 4 w7937880 r40973676 m41815607 f18231 r600698493 p500
 390993925=73405001+192169511+141801295 i112078875 u335737122 u0 t4.642
2799329 2550000 98 4 w8013932 r41250223 m42096307 f18383 r603763615 p500
 392854436=73747080+193084041+142481179 i112603795 u337341221 u0 t5.05
2810193 2560000 98 4 w8098410 r41527628 m42378730 f18554 r607067390 p500
 394586175=74069906+193939383+143107047 i113096728 u338831527 u0 t5.071
2821115 2570000 98 4 w8174542 r41797550 m42653167 f18708 r610145409 p500
 396373854=74400331+194815983+143761024 i113605047 u340368634 u0 t4.96
2832025 2580000 98 4 w8254835 r42077595 m42937793 f18873 r613315884 p500
 398201283=74740010+195716692+144423960 i114123316 u341942860 u0 t4.974
2842894 2590000 98 4 w8324302 r42330398 m43194231 f19016 r616043158 p500
 399960875=75065982+196579442+145067439 i114617133 u343463122 u0 t4.626
2853742 2600000 98 4 w8375036 r42588736 m43455716 f19124 r618732178 p500
 401811634=75407233+197492344+145739777 i115142459 u345056599 u0 t7.874
2864632 2610000 98 4 w8442733 r42854292 m43724742 f19264 r621501661 p500
 403667966=75750169+198409680+146411818 i115666196 u346658382 u0 t10.087
2875503 2620000 98 4 w8506109 r43115652 m43989560 f19397 r624256571 p500
 405501187=76090975+199311909+147078283 i116182634 u348240979 u0 t11.498
2886360 2630000 98 4 w8568867 r43381521 m44259212 f19527 r627100334 p500
 407318394=76428580+200209416+147736246 i116692907 u349812066 u0 t11.055
2897239 2640000 98 4 w8644955 r43653227 m44535092 f19683 r630090454 p500
 409133084=76766405+201102314+148395438 i117207115 u351375121 u0 t7.685
2908079 2650000 98 4 w8732338 r43946003 m44832831 f19864 r633430698 p500
 410998892=77114178+202021249+149071777 i117734027 u352984509 u0 t7.747
2919336 2660000 98 4 w8808691 r44216421 m45107123 f20021 r636345275 p500
 412865095=77458535+202937691+149753790 i118260046 u354593945 u0 t6.612
2930193 2670000 98 4 w8899196 r44517988 m45413818 f20206 r639825330 p500
 414758028=77807462+203871479+150441590 i118797668 u356223179 u0 t19.158
2941058 2680000 98 4 w8966029 r44779947 m45679297 f20344 r642579557 p500
 416562298=78141604+204760082+151097021 i119310822 u357775452 u0 t7.593
2951948 2690000 98 4 w9042129 r45051101 m45954163 f20502 r645462034 p500
 418394567=78482060+205663987+151760410 i119828732 u359355669 u0 t10.197
2962792 2700000 98 4 w9111625 r45321607 m46228636 f20643 r648434958 p500
 420187245=78815085+206550897+152407374 i120341480 u360896167 u0 t16.409
2973731 2710000 98 4 w9178143 r45573474 m46483635 f20781 r650998929 p500
 421964447=79147445+207422084+153055205 i120846946 u362424679 u0 t7.513
2984605 2720000 98 4 w9241489 r45832640 m46746444 f20912 r653757998 p500
 423762171=79480129+208299528+153716891 i121350944 u363976640 u0 t7.706
2995574 2730000 98 4 w9313387 r46094891 m47012620 f21058 r656630110 p500
 425541780=79809047+209170707+154369183 i121851853 u365511403 u0 t8.132
3006468 2740000 98 4 w9384289 r46366897 m47288563 f21201 r659543084 p500
 427360559=80145053+210063381+155033678 i122371871 u367071959 u0 t7.884
3017345 2750000 98 4 w9463386 r46632480 m47558044 f21365 r662413468 p500
 429112466=80471448+210929421+155665389 i122870737 u368579771 u0 t8.834
3028291 2760000 98 4 w9540143 r46902231 m47832109 f21522 r665354865 p500
 430853628=80794053+211779723+156304391 i123369314 u370072855 u0 t19.332
3039192 2770000 98 4 w9608864 r47149794 m48082959 f21666 r667942723 p500
 432538461=81107787+212604140+156920898 i123847480 u371522301 u0 t8.071
3050078 2780000 98 4 w9684170 r47412147 m48349475 f21820 r670811510 p500
 434247277=81429031+213437682+157545343 i124334285 u372990372 u0 t11.454
3060975 2790000 98 4 w9764682 r47684845 m48626505 f21984 r673807511 p500
 436026715=81761305+214309126+158194410 i124835828 u374524556 u0 t19.043
3071909 2800000 98 4 w9829072 r47935013 m48880180 f22117 r676462205 p500
 437724222=82079132+215137533+158816103 i125314791 u375987417 u0 t8.129
3082762 2810000 98 4 w9912802 r48202864 m49151925 f22290 r679315832 p500
 439502098=82407520+216004295+159471644 i125817794 u377517433 u0 t10.154
3093667 2820000 98 4 w9984688 r48471526 m49424569 f22436 r682231987 p500
 441252475=82734828+216859883+160111731 i126310125 u379027225 u0 t8.608
3104606 2830000 98 4 w10053467 r48722816 m49678925 f22583 r684762132 p500
 443006883=83060939+217716620+160755196 i126810439 u380534041 u0 t9.513
3115556 2840000 98 4 w10117019 r48970383 m49929603 f22716 r687281427 p500
 444688481=83372733+218538469+161372236 i127290099 u381978261 u0 t12.907
3126447 2850000 98 4 w10171391 r49213505 m50175760 f22830 r689731621 p500
 446373566=83687025+219365885+161985484 i127766651 u383430730 u0 t13.719
3137354 2860000 98 4 w10243628 r49468740 m50434668 f22976 r692440152 p500
 448084410=84007360+220203015+162608631 i128243503 u384911439 u0 t9.881
3148306 2870000 98 4 w10308876 r49711997 m50681314 f23111 r694975633 p500
 449709146=84311145+221001359+163198792 i128704133 u386311214 u0 t19.022
3159170 2880000 98 4 w10384927 r49964125 m50937287 f23268 r697633973 p500
 451351882=84617909+221801999+163801990 i129167042 u387727698 u0 t10.758
3170031 2890000 98 4 w10461060 r50221892 m51199086 f23425 r700391681 p500
 453013492=84929203+222613413+164410040 i129628779 u389167460 u0 t10.134
3180938 2900000 98 4 w10531291 r50470820 m51451548 f23569 r702987185 p500
 454661681=85237778+223419314+165012236 i130096887 u390585697 u0 t9.176
3191816 2910000 98 4 w10606433 r50727724 m51712312 f23721 r705695445 p500
 456350591=85550949+224239011+165637741 i130569264 u392044597 u0 t11.232
3202736 2920000 98 4 w10681231 r50992741 m51981422 f23876 r708552602 p500
 458067183=85872730+225081734+166261324 i131060939 u393517854 u0 t24.983
3213588 2930000 98 4 w10761547 r51254844 m52247535 f24041 r711341436 p500
 459765403=86191157+225911227+166882779 i131551350 u394970193 u0 t11.875
3224450 2940000 98 4 w10833044 r51509688 m52505651 f24190 r713943754 p500
 461458958=86506014+226744049+167499073 i132040773 u396419162 u0 t16.09
3235384 2950000 98 4 w10908128 r51765807 m52765456 f24345 r716634665 p500
 463116228=86815090+227563975+168096159 i132515793 u397842921 u0 t19.707
3246267 2960000 98 4 w10972678 r52022577 m53025526 f24475 r719255252 p500
 464858603=87140346+228419120+168730537 i133009639 u399343573 u0 t11.02
3257218 2970000 98 4 w11051215 r52294921 m53302089 f24632 r722150551 p500
 466613074=87466190+229282067+169368910 i133507559 u400853788 u0 t11.773
3268155 2980000 98 4 w11121909 r52543423 m53553813 f24778 r724655959 p500
 468268376=87775619+230093744+169972379 i133983249 u402272628 u0 t11.895
3278993 2990000 98 4 w11196101 r52800647 m53814601 f24932 r727302499 p500
 469969715=88091511+230926039+170595817 i134464962 u403737840 u0 t12.8
3289873 3000000 98 4 w11267661 r53050235 m54067740 f25082 r729895220 p500
 471569970=88391941+231705539+171183343 i134913474 u405120762 u0 t16.759
3300770 3010000 98 4 w11357228 r53322192 m54344123 f25265 r732811924 p500
 473233246=88702602+232525382+171785545 i135392082 u406547478 u0 t19.801
3311716 3020000 98 4 w11426894 r53570800 m54595879 f25409 r735297345 p500
 474884704=89011906+233343669+172378776 i135874341 u407957015 u0 t23.3
3322684 3030000 98 4 w11497810 r53823259 m54851954 f25552 r737922788 p500
 476508174=89314099+234142224+172968486 i136349425 u409340782 u0 t12.981
3333558 3040000 98 4 w11551813 r54054736 m55085839 f25663 r740122788 p500
 478143366=89618548+234943979+173565228 i136822907 u410739410 u0 t12.671
3344467 3050000 98 4 w11618981 r54301337 m55336039 f25800 r742673575 p500
 479740737=89918385+235729820+174143829 i137286995 u412104944 u0 t12.392
3355390 3060000 98 4 w11693350 r54559481 m55597713 f25950 r745283960 p500
 481413586=90230624+236550329+174753692 i137770055 u413537033 u0 t14.79
3366284 3070000 98 4 w11763187 r54803149 m55844957 f26093 r747852272 p500
 482988960=90526560+237328756+175320755 i138221473 u414890425 u0 t20.447
3377177 3080000 98 4 w11844124 r55060410 m56106092 f26260 r750569047 p500
 484606407=90828041+238120588+175912435 i138680720 u416281640 u0 t19.784
3388055 3090000 98 4 w11925617 r55313908 m56363539 f26422 r753202092 p500
 486152468=91119668+238885764+176466949 i139120429 u417613850 u0 t26.288
3398880 3100000 98 4 w12004095 r55561205 m56614558 f26581 r755802895 p500
 487684763=91409430+239647791+177012102 i139566376 u418924791 u0 t18.302
3409787 3110000 98 4 w12071635 r55799405 m56855849 f26720 r758192682 p500
 489223743=91698454+240408490+177565964 i140010798 u420243583 u0 t15.108
3420708 3120000 98 4 w12150257 r56048853 m57108909 f26883 r760741769 p500
 490782966=91991874+241181846+178124362 i140456899 u421584654 u0 t15.79
3431637 3130000 98 4 w12219885 r56299962 m57363612 f27027 r763331876 p500
 492372061=92290972+241966929+178696725 i140910121 u422951769 u0 t15.359
3442607 3140000 98 4 w12279077 r56525636 m57592250 f27151 r765568916 p500
 493867479=92576410+242705734+179231864 i141330581 u424245313 u0 t14.913
3453456 3150000 98 4 w12359293 r56773578 m57843790 f27314 r768130735 p500
 495418218=92870797+243475997+179783874 i141776913 u425577391 u0 t25.598
3464366 3160000 98 4 w12431271 r57018754 m58092372 f27462 r770621798 p500
 496965936=93164715+244245389+180334199 i142228850 u426899951 u0 t19.483
3475266 3170000 98 4 w12486828 r57250514 m58326951 f27578 r772894818 p500
 498503481=93454655+245005791+180885711 i142681596 u428208943 u0 t23.684
3486141 3180000 98 4 w12549809 r57479558 m58559079 f27711 r775182086 p500
 499986498=93737190+245741376+181413852 i143110142 u429481322 u0 t19.401
3497008 3190000 98 4 w12620282 r57716653 m58799410 f27856 r777528264 p500
 501529487=94026056+246498293+181975369 i143552768 u430805162 u0 t16.486
3507853 3200000 98 4 w12672424 r57937798 m59023033 f27963 r779625852 p500
 503046559=94315835+247250150+182516197 i143986675 u432110523 u0 t15.667
3518683 3210000 98 4 w12750554 r58184867 m59273662 f28119 r782140294 p500
 504564868=94603075+248002586+183059009 i144420129 u433417679 u0 t17.724
3529542 3220000 98 4 w12826996 r58432467 m59524943 f28276 r784675516 p500
 506086306=94893153+248756525+183601588 i144860142 u434722106 u0 t21.523
3540480 3230000 98 4 w12902899 r58675007 m59771136 f28435 r787171634 p500
 507573435=95176490+249498789+184127119 i145288016 u436000394 u0 t24.149
3551409 3240000 98 4 w12973774 r58918857 m60018105 f28584 r789580629 p500
 509136904=95471887+250274207+184686052 i145740697 u437340546 u0 t24.705
3562370 3250000 98 4 w13046415 r59157164 m60259796 f28734 r792032697 p500
 510633889=95756816+251017114+185219210 i146171222 u438626396 u0 t21.336
3573321 3260000 98 4 w13127902 r59407341 m60513946 f28895 r794656358 p500
 512154031=96046348+251771059+185761190 i146608067 u439932853 u0 t29.276
3584317 3270000 98 4 w13204847 r59656542 m60766706 f29052 r797192662 p500
 513711000=96340918+252547891+186312667 i147058262 u441268477 u0 t35.38
3595165 3280000 98 4 w13268321 r59891096 m61004320 f29183 r799489432 p500
 515228612=96629800+253298990+186854771 i147491254 u442575585 u0 t20.052
3606131 3290000 98 4 w13342759 r60134638 m61251140 f29337 r801901331 p500
 516787712=96926491+254070286+187412396 i147939544 u443914842 u0 t19.18
3617031 3300000 98 4 w13407507 r60371296 m61490841 f29471 r804232930 p500
 518283261=97210191+254817319+187941237 i148376628 u445193679 u0 t19.461
3627996 3310000 98 4 w13477907 r60613782 m61736526 f29619 r806663373 p500
 519803633=97499274+255577531+188477038 i148823618 u446491126 u0 t19.327
3638920 3320000 98 4 w13556528 r60863578 m61989647 f29782 r809154415 p500
 521375389=97793280+256352278+189045476 i149277833 u447836978 u0 t28.216
3649881 3330000 98 4 w13627907 r61104000 m62233482 f29931 r811589441 p500
 522880556=98076303+257096336+189586609 i149713048 u449126580 u0 t22.267
3660867 3340000 98 4 w13704313 r61359921 m62492852 f30087 r814113123 p500
 524491379=98379942+257895171+190162867 i150184063 u450501885 u0 t31.748
3671820 3350000 98 4 w13790415 r61623650 m62760616 f30266 r816837709 p500
 526041380=98675689+258665765+190712311 i150633894 u451830378 u0 t24.165
3682790 3360000 98 4 w13867337 r61873230 m63013383 f30428 r819288345 p500
 527659222=98979781+259462353+191297318 i151100267 u453217078 u0 t21.465
3693808 3370000 98 4 w13935033 r62129689 m63273183 f30567 r821807611 p500
 529325956=99293194+260282583+191900382 i151581109 u454644889 u0 t24
3704793 3380000 98 4 w14002629 r62374500 m63520840 f30706 r824125493 p500
 530943069=99597886+261085257+192478358 i152053316 u456026837 u0 t30.36
3715703 3390000 98 4 w14089849 r62648455 m63798712 f30888 r826894803 p500
 532641482=99915490+261923870+193091543 i152545260 u457480864 u0 t23.394
3726649 3400000 98 4 w14168123 r62918957 m64072813 f31049 r829557180 p500
 534346388=100233856+262770855+193701866 i153035162 u458945204 u0 t22.327
3737635 3410000 98 4 w14256260 r63206669 m64364505 f31230 r832407630 p500
 536134448=100568655+263669932+194329472 i153551106 u460480550 u0 t31.458
3748614 3420000 98 4 w14343991 r63493117 m64654845 f31412 r835252574 p500
 537914058=100902015+264547436+194973273 i154063230 u462007162 u0 t29.313
3759597 3430000 98 4 w14432643 r63785345 m64951000 f31595 r838148750 p500
 539732180=101243537+265443050+195631087 i154597241 u463555263 u0 t36.273
3770552 3440000 98 4 w14523116 r64077481 m65247264 f31785 r841089548 p500
 541540317=101581938+266331153+196288296 i155125576 u465097281 u0 t25.315
3781517 3450000 98 4 w14611876 r64367271 m65541073 f31972 r843983497 p500
 543336930=101916523+267210385+196945560 i155646759 u466632589 u0 t34.778
3792483 3460000 98 4 w14721928 r64675154 m65853910 f32199 r847221336 p500
 545110407=102247719+268083312+197588580 i156177713 u468132904 u0 t30.385
3803443 3470000 98 4 w14813442 r64958635 m66141094 f32390 r850010150 p500
 546863450=102576365+268956547+198213619 i156699561 u469621038 u0 t26.644
3814317 3480000 98 4 w14890112 r65234441 m66420406 f32549 r852679719 p500
 548616328=102905067+269822518+198845460 i157215993 u471112684 u0 t23.926
3825200 3490000 98 4 w14972743 r65510792 m66700141 f32719 r855324381 p500
 550364699=103231208+270687065+199476077 i157730099 u472601855 u0 t38.982
3836062 3500000 98 4 w15039844 r65771412 m66963869 f32860 r857827611 p500
 552038919=103542921+271516200+200079385 i158225373 u474024957 u0 t28.35
3847051 3510000 98 4 w15109948 r66031029 m67226505 f33010 r860299633 p500
 553738833=103859970+272354792+200694844 i158724721 u475472438 u0 t25.457
3857981 3520000 98 4 w15218655 r66344484 m67544844 f33236 r863477845 p500
 555533138=104195870+273249795+201333950 i159261280 u476993077 u0 t41.549
3868919 3530000 98 4 w15301165 r66640822 m67845107 f33407 r866391567 p500
 557372661=104540051+274170956+201984926 i159803117 u478560613 u0 t28.24
3879700 3540000 98 4 w15400173 r66943569 m68152237 f33611 r869375064 p500
 559174880=104876499+275068767+202628476 i160334277 u480095219 u0 t28.737
3890544 3550000 98 4 w15499200 r67250536 m68463248 f33815 r872355285 p500
 561055077=105229291+276013658+203289337 i160884725 u481701663 u0 t45.255
3901420 3560000 98 4 w15594598 r67553483 m68770329 f34013 r875362458 p500
 562858794=105565010+276912898+203933306 i161416771 u483237107 u0 t38.679
3912350 3570000 98 4 w15694705 r67865710 m69086924 f34223 r878430771 p500
 564721760=105912497+277839367+204600662 i161961209 u484827609 u0 t29.371
3923255 3580000 98 4 w15790349 r68161428 m69386568 f34419 r881307013 p500
 566536233=106252225+278740214+205250933 i162488220 u486379740 u0 t28.044
3934146 3590000 98 4 w15886501 r68468859 m69697998 f34617 r884296840 p500
 568414549=106603188+279666112+205930557 i163041399 u487977328 u0 t41.997
3945058 3600000 98 4 w15971418 r68765901 m69998980 f34791 r887207475 p500
 570254570=106948208+280576629+206591269 i163578315 u489547788 u0 t29.522
3955958 3610000 98 4 w16061190 r69067921 m70304789 f34984 r890103452 p500
 572141867=107297481+281509367+207275346 i164134570 u491152324 u0 t32.018
3966817 3620000 98 4 w16160309 r69372532 m70613658 f35192 r893089417 p500
 573970117=107641840+282420517+207926474 i164668232 u492712175 u0 t38.675
3977696 3630000 98 4 w16235278 r69654454 m70898669 f35346 r895673723 p500
 575805448=107982976+283330153+208587374 i165206886 u494275730 u0 t26.705
3988551 3640000 98 4 w16341624 r69976648 m71225357 f35563 r898834145 p500
 577705627=108334575+284265405+209279576 i165755587 u495901633 u0 t30.897
3999436 3650000 98 4 w16442883 r70289286 m71542258 f35772 r901877658 p500
 579562654=108677005+285180148+209955784 i166305237 u497477968 u0 t30.488
4010266 3660000 98 4 w16537987 r70590852 m71847639 f35969 r904744047 p500
 581403607=109018526+286095150+210616435 i166844841 u499047639 u0 t43.99
4021082 3670000 98 4 w16632986 r70896420 m72157333 f36162 r907705777 p500
 583240993=109359018+287005077+211279585 i167385412 u500611606 u0 t29.771
4031936 3680000 98 4 w16734675 r71215179 m72480437 f36373 r910796539 p500
 585155368=109713677+287951495+211971670 i167941777 u502246900 u0 t43.226
4042723 3690000 98 4 w16827513 r71526678 m72795911 f36567 r913772269 p500
 587038338=110063444+288882903+212652051 i168498568 u503846071 u0 t32.14
4053582 3700000 98 4 w16920991 r71831936 m73104918 f36765 r916651633 p500
 588932135=110417322+289824565+213331268 i169052462 u505460191 u0 t30.915
Total lines processed: 3700478
Block Count:1, 1023
Avg Block Count:162621
Avg Max Count:0, 9636, 98
Block Count:11026, 1327541
Avg Block Count:98
Avg Max Count:176, 144, 93
Block Count:231, 35029
Avg Block Count:117
Avg Max Count:221, 175, 98
Level Count:2
Level Count:4
Level Count:4
4203217 4
2271199 4
Max word len: 98
Total words generated: 589020257
Words inserted 169078380
Words updated: 505535094
cache requests:  0, Misses: 0, Flush#: 48
cache requests:  916741468, Misses: 73116498, Flush#: 36773
cache requests:  172916870, Misses: 5364421, Flush#: 1300
rchar: 316666720578
wchar: 71418842326
syscr: 77194759
syscw: 17246800
read_bytes: 42950164480
write_bytes: 71117459456
cancelled_write_bytes: 0
83887040
138901288
