Csz: 4, pgsz: 4096
File page count: 0
File page count: 0
Stg buf: 64mb, Idx1 buf: 64mb, Idx1+ buf: 16mb
Idx1 entry count limit: 25 million, Idx2 buf: 64mb
File page count: 0
10988 10000 60 1 w0 r0 m0 f0 r0 p20
 1502009=280567+736357+547318 i721658 u998423 u0 t1.98
22023 20000 60 1 w0 r0 m0 f0 r0 p20
 2970299=556558+1459020+1077812 i1299209 u2102895 u0 t1.987
Idx1+ positiv: 0 0 
Idx1+ lookups: 0 0 
33024 30000 60 3 w317 r0 m0 f15 r0 p20
 4455591=837142+2190955+1612898 i1852405 u3251561 u0 t2.015
44043 40000 66 3 w12295 r0 m0 f585 r0 p20
 6021768=1126498+2950354+2194339 i2415006 u4479705 u0 t2.726
55121 50000 66 4 w23964 r3265 m10310 f794 r1317491 p500
 7457432=1399039+3657323+2711810 i2943804 u5596288 u0 t2.488
Idx1+ positiv: 146 81202 
Idx1+ lookups: 146 81197 
66115 60000 66 4 w27177 r13531 m23613 f800 r2249617 p500
 8882525=1666288+4349737+3237298 i3453341 u6717204 u0 t2.112
77117 70000 66 4 w30414 r27234 m40002 f805 r3515922 p500
 10323681=1938542+5063745+3753209 i3968142 u7854648 u0 t2.277
88102 80000 66 4 w36083 r43277 m58327 f812 r5203342 p500
 11702242=2200826+5741136+4250267 i4446147 u8956663 u0 t2.349
Idx1+ positiv: 857 223222 
Idx1+ lookups: 857 223184 
99095 90000 66 4 w46009 r63805 m81059 f827 r6819188 p500
 13139065=2468368+6445510+4774403 i4941229 u10106981 u0 t2.406
110113 100000 66 4 w60294 r90965 m112173 f848 r8732381 p500
 14570300=2739305+7152735+5287868 i5433064 u11255627 u0 t2.492
121109 110000 66 4 w70664 r117914 m141387 f864 r9905084 p500
 15981984=3006512+7851613+5792984 i5924024 u12382765 u0 t2.313
Idx1+ positiv: 2460 395279 
Idx1+ lookups: 2460 395093 
132028 120000 66 4 w83728 r151646 m180008 f881 r11728223 p500
 17532484=3286822+8590277+6386159 i6427231 u13648343 u0 t2.631
142990 130000 66 4 w102804 r191801 m225204 f909 r13648411 p500
 18986448=3562710+9311119+6905248 i6923379 u14819014 u0 t2.61
153925 140000 66 4 w113681 r231347 m268247 f925 r14945477 p500
 20474477=3841729+10051396+7435263 i7433625 u16014473 u0 t2.606
Idx1+ positiv: 5134 586368 
Idx1+ lookups: 5134 585778 
164855 150000 66 4 w133737 r280160 m322467 f954 r16941702 p500
 21982251=4126056+10796461+7976893 i7947808 u17228059 u0 t2.786
175812 160000 66 4 w153822 r332175 m378749 f986 r18621074 p500
 23584909=4417148+11560934+8588302 i8473452 u18530713 u0 t2.73
186797 170000 66 4 w169129 r381642 m431638 f1010 r20019726 p500
 25060643=4694278+12291216+9118384 i8978367 u19717449 u0 t2.583
Idx1+ positiv: 9380 790317 
Idx1+ lookups: 9380 788943 
197847 180000 66 4 w195421 r442572 m498068 f1051 r22115855 p500
 26594805=4977567+13035840+9687961 i9489639 u20960075 u0 t2.894
208776 190000 66 4 w220608 r504140 m564394 f1093 r23818925 p500
 28107430=5261667+13783743+10232285 i10002021 u22181226 u0 t2.758
219728 200000 66 4 w241739 r566615 m630896 f1127 r25416226 p500
 29612928=5546285+14529981+10770299 i10509861 u23399757 u0 t2.741
Idx1+ positiv: 15931 1009783 
Idx1+ lookups: 15931 1006896 
230584 210000 66 4 w269687 r634550 m702957 f1175 r27086598 p500
 31176719=5839236+15302598+11333221 i11029065 u24671977 u0 t2.852
241548 220000 66 4 w299220 r707155 m780560 f1224 r29043755 p500
 32683216=6122373+16045650+11876729 i11535716 u25891422 u0 t2.888
252514 230000 66 4 w327481 r780301 m857639 f1273 r30662554 p500
 34281334=6415992+16823378+12467909 i12064794 u27189560 u0 t2.883
Idx1+ positiv: 26094 1238566 
Idx1+ lookups: 26094 1233166 
263483 240000 66 4 w355201 r854478 m935679 f1322 r32321747 p500
 35779646=6698842+17564571+13004988 i12569587 u28402154 u0 t2.822
274496 250000 66 4 w393574 r939616 m1025597 f1389 r34343953 p500
 37310769=6986369+18323484+13553505 i13083228 u29643139 u0 t3.027
285461 260000 66 4 w426238 r1019336 m1109422 f1447 r36059688 p500
 38803051=7268863+19066410+14083606 i13585038 u30852800 u0 t2.985
Idx1+ positiv: 41148 1478801 
Idx1+ lookups: 41148 1469609 
296415 270000 66 4 w455710 r1098766 m1192327 f1500 r37608505 p500
 40291660=7548931+19800727+14620226 i14082857 u32060595 u0 t2.863
307437 280000 66 4 w497068 r1187189 m1284990 f1575 r39440714 p500
 41798390=7832680+20548382+15159093 i14586095 u33284615 u0 t2.984
318462 290000 66 4 w530902 r1276003 m1377462 f1636 r41075809 p500
 43400958=8135339+21341253+15733409 i15122359 u34584980 u0 t3.076
Idx1+ positiv: 62071 1727751 
Idx1+ lookups: 62071 1713072 
329483 300000 66 4 w576569 r1376727 m1483045 f1718 r43105328 p500
 45028067=8442234+22155263+16308545 i15673162 u35900844 u0 t3.279
340525 310000 66 4 w616550 r1471852 m1582417 f1790 r44871549 p500
 46615498=8738046+22934138+16886727 i16195837 u37195374 u0 t3.077
Idx1+ positiv: 91999 1979813 
Idx1+ lookups: 91999 1957585 
351480 320000 94 4 w660001 r1571153 m1685952 f1869 r46671761 p500
 48198444=9038935+23721499+17447383 i16719076 u38486401 u0 t3.112
362496 330000 94 4 w701400 r1669092 m1788154 f1945 r48479864 p500
 49733444=9330284+24482692+17993474 i17227316 u39737907 u0 t3.062
373551 340000 94 4 w746460 r1770001 m1893133 f2027 r50167800 p500
 51290420=9626097+25253246+18550462 i17746233 u41004021 u0 t3.135
Idx1+ positiv: 133085 2241185 
Idx1+ lookups: 133085 2208709 
384689 350000 94 4 w795419 r1879354 m2007584 f2115 r52193408 p500
 52863841=9922129+26021395+19125405 i18269800 u42281903 u0 t3.253
395874 360000 94 4 w839974 r1982315 m2114269 f2197 r53796100 p500
 54481113=10221859+26805577+19724920 i18811235 u43589604 u0 t3.189
406862 370000 94 4 w897785 r2102627 m2239808 f2302 r55953525 p500
 56127737=10531055+27599843+20335875 i19357467 u44926152 u0 t3.807
Idx1+ positiv: 186768 2506438 
Idx1+ lookups: 186768 2460589 
417894 380000 94 4 w942922 r2210569 m2351635 f2386 r57607155 p500
 57710652=10827571+28373736+20913921 i19888339 u46207346 u0 t3.25
428912 390000 94 4 w993375 r2321887 m2467145 f2480 r59375456 p500
 59267668=11118998+29134387+21483671 i20406372 u47471389 u0 t3.194
439874 400000 94 4 w1044705 r2433457 m2582955 f2577 r61140988 p500
 60798949=11403897+29878773+22048738 i20909324 u48719981 u0 t3.268
Idx1+ positiv: 253505 2779667 
Idx1+ lookups: 253505 2717288 
450859 410000 94 4 w1101099 r2551644 m2705489 f2684 r62970917 p500
 62344803=11692810+30638301+22610561 i21423083 u49976529 u0 t3.349
461847 420000 94 4 w1147662 r2659622 m2817143 f2773 r64550206 p500
 63844431=11974358+31373784+23155226 i21920548 u51196332 u0 t3.056
472807 430000 94 4 w1209618 r2789418 m2951697 f2890 r66580590 p500
 65437780=12274970+32155539+23733015 i22445178 u52496409 u0 t3.483
Idx1+ positiv: 332170 3062293 
Idx1+ lookups: 332170 2979498 
483790 440000 94 4 w1267377 r2915984 m3082433 f3002 r68408162 p500
 67045767=12575174+32948774+24314528 i22979879 u53803893 u0 t3.657
494708 450000 94 4 w1323343 r3045615 m3216159 f3109 r70220051 p500
 68699472=12883619+33764275+24912530 i23526647 u55151182 u0 t3.769
Idx1+ positiv: 424178 3356517 
Idx1+ lookups: 424176 3248599 
505590 460000 94 4 w1393973 r3187412 m3362598 f3244 r72267535 p500
 70351532=13192036+34579703+25508940 i24071742 u56498988 u0 t3.848
516566 470000 94 4 w1453806 r3320380 m3499733 f3359 r74135902 p500
 71990802=13497983+35383004+26106829 i24608536 u57838169 u0 t3.51
527520 480000 94 4 w1519271 r3463230 m3646980 f3487 r76108154 p500
 73645399=13806248+36198720+26705964 i25154580 u59186868 u0 t3.773
Idx1+ positiv: 528107 3658282 
Idx1+ lookups: 528105 3520468 
538466 490000 94 4 w1586819 r3606466 m3794267 f3619 r78039865 p500
 75322036=14118226+37019796+27319560 i25701125 u60559095 u0 t3.686
549399 500000 94 4 w1649371 r3747346 m3939023 f3743 r79804715 p500
 77023425=14443739+37852951+27939452 i26257082 u61950819 u0 t3.666
Idx1+ positiv: 643410 3967969 
Idx1+ lookups: 643407 3795191 
560288 510000 94 4 w1710017 r3888836 m4084530 f3861 r81655123 p500
 78683779=14754211+38673947+28537979 i26797621 u63312472 u0 t3.778
571192 520000 94 4 w1795512 r4053634 m4254567 f4027 r83975519 p500
 80352712=15063905+39495351+29144443 i27341074 u64679712 u0 t3.856
582148 530000 94 4 w1853416 r4191940 m4396328 f4141 r85594773 p500
 82036336=15378372+40322769+29756566 i27888816 u66059984 u0 t3.661
Idx1+ positiv: 770846 4283617 
Idx1+ lookups: 770840 4070103 
593039 540000 94 4 w1930707 r4357939 m4567102 f4293 r87728116 p500
 83771290=15699382+41171815+30392891 i28445708 u67488210 u0 t4.143
604123 550000 94 4 w2004438 r4505640 m4718981 f4440 r89652104 p500
 85292841=15985696+41911091+30952926 i28932330 u68742867 u0 t3.444
615220 560000 94 4 w2051986 r4617104 m4833361 f4535 r91019042 p500
 86578406=16228956+42541143+31420369 i29340468 u69807481 u0 t2.816
Idx1+ positiv: 921579 4605957 
Idx1+ lookups: 921570 4346719 
626410 570000 94 4 w2104016 r4731010 m4950230 f4638 r92398527 p500
 87844101=16466215+43152805+31889826 i29738877 u70856973 u0 t2.801
637646 580000 94 4 w2157715 r4846237 m5068379 f4742 r93785190 p500
 89076810=16700413+43755344+32338702 i30126462 u71881506 u0 t2.726
648847 590000 94 4 w2219109 r4967584 m5192965 f4863 r95287276 p500
 90374030=16941574+44376422+32827115 i30518427 u72971254 u0 t2.855
660023 600000 94 4 w2257492 r5066021 m5293588 f4941 r96368882 p500
 91532382=17161983+44938682+33251932 i30881680 u73934491 u0 t2.505
Idx1+ positiv: 1088787 4930659 
Idx1+ lookups: 1088776 4620698 
cache requests:  97146677, Misses: 5365777, Flush#: 4998
File page count: 245593
File page count: 0
671169 610000 94 3 w1998 r0 m0 f95 r0 p20
 92677881=17380618+45496976+33670550 i31240042 u74888298 u0 t2.602
682330 620000 94 3 w7754 r0 m0 f369 r0 p20
 93822077=17600425+46050280+34090645 i31595708 u75842447 u0 t2.405
693457 630000 94 3 w11893 r0 m0 f566 r0 p20
 95055697=17831544+46649550+34545330 i31972530 u76877143 u0 t2.426
Idx1+ positiv: 1277427 17120 5239941 
Idx1+ lookups: 1277413 17120 4876309 
704731 640000 94 3 w16389 r8 m442 f780 r69201 p500
 96294487=18063003+47246521+35007532 i32349112 u77917042 u0 t2.497
715916 650000 94 3 w20734 r1290 m5683 f788 r812976 p500
 97439920=18281492+47802828+35427035 i32701689 u78876478 u0 t2.436
727122 660000 94 3 w24336 r5194 m12347 f794 r1573004 p500
 98670868=18515586+48399959+35879326 i33079617 u79907840 u0 t2.583
738273 670000 94 3 w27209 r10448 m19416 f797 r2223822 p500
 99875743=18744879+48985343+36321344 i33445427 u80922311 u0 t2.453
Idx1+ positiv: 1477052 68365 5521274 
Idx1+ lookups: 1477033 68358 5104455 
749495 680000 94 4 w32712 r16705 m27512 f804 r3048192 p500
 101042383=18969139+49551143+36748337 i33792793 u81911622 u0 t2.587
760693 690000 94 4 w41079 r25828 m39241 f815 r4323829 p500
 102254980=19199662+50136770+37196455 i34160357 u82931982 u0 t2.615
771972 700000 94 4 w50882 r37634 m54161 f829 r5636863 p500
 103465720=19428892+50723315+37642786 i34530034 u83948526 u0 t2.76
783287 710000 94 4 w60029 r49376 m68222 f842 r6561319 p500
 104639900=19653350+51296043+38070532 i34888321 u84935526 u0 t2.717
Idx1+ positiv: 1679589 144244 5783203 
Idx1+ lookups: 1679567 144185 5313037 
794503 720000 94 4 w69201 r62589 m84036 f855 r7533775 p500
 105795637=19874772+51860524+38490375 i35241362 u85906877 u0 t2.553
805629 730000 94 4 w81349 r79726 m104804 f872 r8786388 p500
 107012879=20104345+52440052+38949652 i35610678 u86928557 u0 t2.642
816809 740000 94 4 w91746 r97925 m126349 f887 r9967682 p500
 108170750=20322040+52988329+39390324 i35955799 u87905210 u0 t2.56
Idx1+ positiv: 1904709 248512 6021024 
Idx1+ lookups: 1904681 248323 5498616 
827890 750000 94 4 w103644 r117831 m149528 f904 r11107574 p500
 109346023=20541989+53535547+39846975 i36299187 u88901642 u0 t2.516
Total lines processed: 751747
Block Count:1, 255
Avg Block Count:142586 = 36359508 / 255
Avg Max Count:0, 10140, 94
Block Count:372, 48272
Avg Block Count:104 = 5027149 / 48272
Avg Max Count:194, 151, 60
BloomFilter
    bits: 155880605
    estimated elements: 25000000
    number hashes: 4
    max false positive rate: 0.050000
    bloom length (8 bits): 19485076
    elements added: 5027149
    estimated elements added: 5027345
    current false positive rate: 0.000215
    export size (bytes): 19485096
    number bits set: 18866300
    is on disk: no
Block Count:0, 1
Avg Block Count:0 = 0 / 1
Avg Max Count:0, 0, 0
BloomFilter
    bits: 155880605
    estimated elements: 25000000
    number hashes: 4
    max false positive rate: 0.050000
    bloom length (8 bits): 19485076
    elements added: 25000000
    estimated elements added: 24997786
    current false positive rate: 0.050269
    export size (bytes): 19485096
    number bits set: 73805846
    is on disk: no
Block Count:34, 5900
Avg Block Count:130 = 771845 / 5900
Avg Max Count:239, 194, 61
BloomFilter
    bits: 62352242
    estimated elements: 10000000
    number hashes: 4
    max false positive rate: 0.050000
    bloom length (8 bits): 7794031
    elements added: 771845
    estimated elements added: 771785
    current false positive rate: 0.000005
    export size (bytes): 7794051
    number bits set: 3011964
    is on disk: no
Level Count:2
Level Count:4
Level Count:1
Level Count:3
780864 4
416592 4
Max word len: 94
Total words generated: 109549448
Words inserted 36359508
Words updated: 89073938
cache requests:  0, Misses: 0, Flush#: 12
cache requests:  11293201, Misses: 153768, Flush#: 908
cache requests:  0, Misses: 0, Flush#: 282
cache requests:  3178587, Misses: 1032184, Flush#: 0
OUBLK INBLK
    -     -
rchar: 25986193395
wchar: 10157487180
syscr: 6296062
syscw: 2422122
read_bytes: 0
write_bytes: 7673380864
cancelled_write_bytes: 0
0
14987072
