Csz: 2, pgsz: 4096
File page count: 0
File page count: 0
Stg buf: 32mb, Idx1 buf: 32mb, Idx1+ buf: 16mb
Idx1 entry count limit: 25 million
10988 10000 60 1 w0 r0 m0 f0 r0 p20
 1502009=280567+736357+547318 i721658 u998423 u0 t2.478
22023 20000 60 3 w7694 r0 m0 f366 r0 p20
 2970299=556558+1459020+1077812 i1299209 u2102895 u0 t3.192
Idx1+ lookups: 1872025 
Idx1+ positiv: 51683 
Idx1+ found  : 51683 
33024 30000 60 3 w14142 r10715 m16600 f401 r1180702 p500
 4455591=837142+2190955+1612898 i1852391 u3251575 u0 t3.127
44043 40000 66 3 w21487 r30275 m38848 f411 r2420395 p500
 6021768=1126498+2950354+2194339 i2403108 u4491603 u0 t3.362
55121 50000 66 3 w34709 r58404 m69921 f431 r3514790 p500
 7457432=1399039+3657323+2711810 i2899495 u5640597 u0 t3.176
Idx1+ lookups: 3542186 
Idx1+ positiv: 219317 
Idx1+ found  : 219317 
66115 60000 66 3 w52012 r95342 m112386 f455 r4867855 p500
 8882525=1666288+4349737+3237298 i3372066 u6798479 u0 t3.27
77117 70000 66 4 w67259 r139309 m160953 f477 r6448486 p500
 10323681=1938542+5063745+3753209 i3851018 u7971772 u0 t3.267
88102 80000 66 4 w87565 r190051 m215694 f509 r8165416 p500
 11702242=2200826+5741136+4250267 i4299728 u9103082 u0 t3.167
Idx1+ lookups: 5188514 
Idx1+ positiv: 440643 
Idx1+ found  : 440643 
99095 90000 66 4 w114577 r250013 m280519 f553 r10071331 p500
 13139065=2468368+6445510+4774403 i4761616 u10286594 u0 t3.398
110113 100000 66 4 w139807 r315125 m349976 f595 r11841870 p500
 14570300=2739305+7152735+5287868 i5211290 u11477401 u0 t3.512
121109 110000 66 4 w168500 r385565 m424829 f644 r13667007 p500
 15981984=3006512+7851613+5792984 i5655730 u12651059 u0 t3.402
Idx1+ lookups: 6770355 
Idx1+ positiv: 684143 
Idx1+ found  : 684143 
132028 120000 66 4 w198944 r462202 m505270 f697 r15338883 p500
 17532484=3286822+8590277+6386159 i6106532 u13969042 u0 t3.519
142990 130000 66 4 w236450 r549965 m597633 f763 r17413104 p500
 18986448=3562710+9311119+6905248 i6548879 u15193514 u0 t3.618
153925 140000 66 4 w274709 r640271 m691980 f833 r19200642 p500
 20474477=3841729+10051396+7435263 i6999138 u16448960 u0 t3.595
Idx1+ lookups: 8369753 
Idx1+ positiv: 960621 
Idx1+ found  : 960618 
164855 150000 66 4 w317647 r739722 m795911 f911 r21186161 p500
 21982251=4126056+10796461+7976893 i7453888 u17721979 u0 t3.764
175812 160000 66 4 w364956 r846548 m907186 f998 r23179448 p500
 23584909=4417148+11560934+8588302 i7914229 u19089936 u0 t3.873
186797 170000 66 4 w413204 r957135 m1022448 f1088 r25247392 p500
 25060643=4694278+12291216+9118384 i8355287 u20340529 u0 t3.796
Idx1+ lookups: 9952204 
Idx1+ positiv: 1266505 
Idx1+ found  : 1266499 
197847 180000 66 4 w460854 r1069426 m1138765 f1180 r27114481 p500
 26594805=4977567+13035840+9687961 i8800877 u21648837 u0 t3.799
208776 190000 66 4 w520265 r1196650 m1270993 f1291 r29322130 p500
 28107430=5261667+13783743+10232285 i9242517 u22940730 u0 t4.092
219728 200000 66 4 w572826 r1321137 m1399559 f1393 r31218539 p500
 29612928=5546285+14529981+10770299 i9679782 u24229836 u0 t3.87
Idx1+ lookups: 11558680 
Idx1+ positiv: 1608956 
Idx1+ found  : 1608941 
230584 210000 66 4 w634803 r1458655 m1541752 f1513 r33426211 p500
 31176719=5839236+15302598+11333221 i10127173 u25573869 u0 t4.107
241548 220000 66 4 w692869 r1592167 m1679055 f1630 r35319308 p500
 32683216=6122373+16045650+11876729 i10560684 u26866454 u0 t3.906
252514 230000 66 4 w768907 r1747658 m1839487 f1780 r37720996 p500
 34281334=6415992+16823378+12467909 i11011556 u28242798 u0 t4.294
Idx1+ lookups: 13175487 
Idx1+ positiv: 1977226 
Idx1+ found  : 1977195 
263483 240000 66 4 w831454 r1894599 m1990574 f1907 r39784916 p500
 35779646=6698842+17564571+13004988 i11440135 u29531606 u0 t4.031
274496 250000 66 4 w895025 r2041198 m2140835 f2035 r41725064 p500
 37310769=6986369+18323484+13553505 i11876641 u30849726 u0 t4.04
285461 260000 66 4 w971320 r2203051 m2307186 f2185 r43972846 p500
 38803051=7268863+19066410+14083606 i12299710 u32138128 u0 t4.15
Idx1+ lookups: 14810627 
Idx1+ positiv: 2372959 
Idx1+ found  : 2372880 
296415 270000 66 4 w1040902 r2360006 m2468116 f2323 r46009309 p500
 40291660=7548931+19800727+14620226 i12719617 u33423835 u0 t4.145
307437 280000 66 4 w1119239 r2527694 m2640015 f2479 r48180809 p500
 41798390=7832680+20548382+15159093 i13142025 u34728685 u0 t4.339
318462 290000 66 4 w1200774 r2705761 m2822392 f2647 r50434551 p500
 43400958=8135339+21341253+15733409 i13591134 u36116205 u0 t4.445
Idx1+ lookups: 16452984 
Idx1+ positiv: 2788365 
Idx1+ found  : 2788205 
329483 300000 66 4 w1287594 r2892607 m3013665 f2820 r52738921 p500
 45028067=8442234+22155263+16308545 i14053075 u37520931 u0 t4.879
340525 310000 66 4 w1377721 r3082345 m3208047 f2999 r55137703 p500
 46615498=8738046+22934138+16886727 i14489506 u38901705 u0 t4.473
Idx1+ lookups: 18089892 
Idx1+ positiv: 3213554 
Idx1+ found  : 3213241 
351480 320000 94 4 w1463914 r3269852 m3399978 f3172 r57431606 p500
 48198444=9038935+23721499+17447383 i14924286 u40281191 u0 t4.436
362496 330000 94 4 w1547234 r3450766 m3584823 f3341 r59474713 p500
 49733444=9330284+24482692+17993474 i15348084 u41617139 u0 t4.34
373551 340000 94 4 w1635813 r3645626 m3784072 f3522 r61756357 p500
 51290420=9626097+25253246+18550462 i15776823 u42973431 u0 t4.467
Idx1+ lookups: 19740881 
Idx1+ positiv: 3661551 
Idx1+ found  : 3660956 
384689 350000 94 4 w1732583 r3846711 m3989564 f3718 r64057093 p500
 52863841=9922129+26021395+19125405 i16211252 u44340451 u0 t4.557
395874 360000 94 4 w1829404 r4054893 m4202223 f3917 r66417636 p500
 54481113=10221859+26805577+19724920 i16659778 u45741061 u0 t4.736
406862 370000 94 4 w1938526 r4276549 m4428790 f4135 r68960604 p500
 56127737=10531055+27599843+20335875 i17111954 u47171665 u0 t5.081
Idx1+ lookups: 21404727 
Idx1+ positiv: 4118955 
Idx1+ found  : 4117892 
417894 380000 94 4 w2031354 r4480993 m4637333 f4324 r71162366 p500
 57710652=10827571+28373736+20913921 i17550060 u48545625 u0 t4.6
428912 390000 94 4 w2128219 r4690162 m4850589 f4523 r73413562 p500
 59267668=11118998+29134387+21483671 i17976993 u49900768 u0 t4.506
439874 400000 94 4 w2234222 r4909215 m5074115 f4741 r75785704 p500
 60798949=11403897+29878773+22048738 i18389886 u51239419 u0 t4.653
Idx1+ lookups: 23072574 
Idx1+ positiv: 4594390 
Idx1+ found  : 4592647 
450859 410000 94 4 w2345430 r5136607 m5306099 f4966 r78238292 p500
 62344803=11692810+30638301+22610561 i18812380 u52587232 u0 t4.692
461847 420000 94 4 w2437332 r5341236 m5514233 f5155 r80243212 p500
 63844431=11974358+31373784+23155226 i19219115 u53897765 u0 t4.354
472807 430000 94 4 w2553436 r5582408 m5760112 f5389 r82798247 p500
 65437780=12274970+32155539+23733015 i19647666 u55293921 u0 t4.858
Idx1+ lookups: 24744154 
Idx1+ positiv: 5085291 
Idx1+ found  : 5082445 
483790 440000 94 4 w2656340 r5810678 m5992226 f5606 r84999906 p500
 67045767=12575174+32948774+24314528 i20083492 u56700280 u0 t4.857
494708 450000 94 4 w2777143 r6066519 m6252741 f5855 r87560159 p500
 68699472=12883619+33764275+24912530 i20527372 u58150457 u0 t5.149
Idx1+ lookups: 26427807 
Idx1+ positiv: 5595105 
Idx1+ found  : 5590763 
505590 460000 94 4 w2891660 r6318648 m6508987 f6088 r89965835 p500
 70351532=13192036+34579703+25508940 i20970533 u59600197 u0 t5.004
516566 470000 94 4 w3015949 r6581495 m6776353 f6343 r92558501 p500
 71990802=13497983+35383004+26106829 i21406006 u61040699 u0 t5.108
527520 480000 94 4 w3142336 r6848962 m7048310 f6603 r95118399 p500
 73645399=13806248+36198720+26705964 i21848386 u62493062 u0 t5.117
Idx1+ lookups: 28109285 
Idx1+ positiv: 6115993 
Idx1+ found  : 6109472 
538466 490000 94 4 w3263692 r7114263 m7317737 f6853 r97581275 p500
 75322036=14118226+37019796+27319560 i22291198 u63969022 u0 t5.251
549399 500000 94 4 w3391142 r7391603 m7599447 f7115 r100161099 p500
 77023425=14443739+37852951+27939452 i22739713 u65468188 u0 t5.322
Idx1+ lookups: 29792522 
Idx1+ positiv: 6651617 
Idx1+ found  : 6642290 
560288 510000 94 4 w3526810 r7676809 m7889347 f7395 r102859075 p500
 78683779=14754211+38673947+28537979 i23175074 u66935019 u0 t5.412
571192 520000 94 4 w3647719 r7949496 m8166006 f7647 r105282274 p500
 80352712=15063905+39495351+29144443 i23615138 u68405648 u0 t5.107
582148 530000 94 4 w3783405 r8240270 m8461210 f7928 r107932352 p500
 82036336=15378372+40322769+29756566 i24055898 u69892902 u0 t5.317
Idx1+ lookups: 31476507 
Idx1+ positiv: 7196603 
Idx1+ found  : 7183477 
593039 540000 94 4 w3924100 r8542635 m8768154 f8220 r110645461 p500
 83771290=15699382+41171815+30392891 i24502016 u71431902 u0 t5.565
604123 550000 94 4 w4035085 r8793660 m9022853 f8451 r112811816 p500
 85292841=15985696+41911091+30952926 i24892730 u72782467 u0 t4.728
615220 560000 94 4 w4140805 r9016825 m9249437 f8669 r114820233 p500
 86578406=16228956+42541143+31420369 i25220409 u73927540 u0 t4.264
Idx1+ lookups: 33134869 
Idx1+ positiv: 7744218 
Idx1+ found  : 7726245 
626410 570000 94 4 w4235279 r9228912 m9464520 f8865 r116654794 p500
 87844101=16466215+43152805+31889826 i25539748 u75056102 u0 t3.956
cache requests:  116856676, Misses: 9488779, Flush#: 8884
File page count: 244155
File page count: 0
637646 580000 94 3 w5919 r0 m0 f279 r0 p20
 89076810=16700413+43755344+32338702 i25850251 u76157717 u0 t4.866
648847 590000 94 3 w12264 r1076 m3508 f394 r548587 p500
 90374030=16941574+44376422+32827115 i26161957 u77327724 u0 t4.175
660023 600000 94 3 w20462 r9189 m14545 f404 r1495384 p500
 91532382=17161983+44938682+33251932 i26450897 u78365274 u0 t3.905
Idx1+ lookups: 1373179 34674314 
Idx1+ positiv: 83418 8206264 
Idx1+ found  : 83418 8182734 
671169 610000 94 3 w29852 r24608 m32721 f417 r2410152 p500
 92677881=17380618+45496976+33670550 i26735788 u79392552 u0 t3.791
682330 620000 94 3 w41695 r47166 m58699 f434 r3440216 p500
 93822077=17600425+46050280+34090645 i27017530 u80420625 u0 t4.093
693457 630000 94 3 w54475 r78499 m93468 f453 r4456754 p500
 95055697=17831544+46649550+34545330 i27315757 u81533916 u0 t4.271
Idx1+ lookups: 2992746 36079580 
Idx1+ positiv: 297719 8547382 
Idx1+ found  : 297719 8518527 
704731 640000 94 3 w68949 r115997 m134414 f476 r5415275 p500
 96294487=18063003+47246521+35007532 i27615794 u82650360 u0 t3.956
715916 650000 94 4 w85721 r159008 m181137 f502 r6753399 p500
 97439920=18281492+47802828+35427035 i27896451 u83681716 u0 t3.883
727122 660000 94 4 w105896 r211360 m237393 f534 r8397095 p500
 98670868=18515586+48399959+35879326 i28194450 u84793007 u0 t4.382
738273 670000 94 4 w128074 r269161 m298874 f572 r10065177 p500
 99875743=18744879+48985343+36321344 i28486533 u85881205 u0 t4.45
Idx1+ lookups: 4609634 37414622 
Idx1+ positiv: 579565 8831893 
Idx1+ found  : 579565 8797623 
749495 680000 94 4 w148601 r326555 m359390 f607 r11546566 p500
 101042383=18969139+49551143+36748337 i28766009 u86938406 u0 t3.962
760693 690000 94 4 w173617 r394021 m430181 f651 r13172499 p500
 102254980=19199662+50136770+37196455 i29060532 u88031807 u0 t4.183
771972 700000 94 4 w201797 r466994 m506800 f700 r14938313 p500
 103465720=19428892+50723315+37642786 i29355714 u89122846 u0 t4.292
783287 710000 94 4 w225474 r537326 m580000 f745 r16321580 p500
 104639900=19653350+51296043+38070532 i29640455 u90183392 u0 t3.912
Idx1+ lookups: 6240898 38719862 
Idx1+ positiv: 905590 9081436 
Idx1+ found  : 905589 9041778 
794503 720000 94 4 w258647 r617088 m663483 f805 r18065295 p500
 105795637=19874772+51860524+38490375 i29922013 u91226226 u0 t4.27
805629 730000 94 4 w287748 r699652 m749430 f858 r19677213 p500
 107012879=20104345+52440052+38949652 i30215358 u92323877 u0 t4.17
816809 740000 94 4 w319273 r781335 m834297 f917 r21233726 p500
 108170750=20322040+52988329+39390324 i30489392 u93371617 u0 t4.245
Idx1+ lookups: 7854506 39971979 
Idx1+ positiv: 1267082 9298163 
Idx1+ found  : 1267080 9253181 
827890 750000 94 4 w355387 r869446 m925948 f984 r22917404 p500
 109346023=20541989+53535547+39846975 i30760179 u94440650 u0 t4.022
839058 760000 94 4 w384779 r952590 m1011938 f1040 r24329151 p500
 110457274=20754203+54068761+40260181 i31021000 u95451347 u0 t3.867
850231 770000 94 4 w426047 r1051063 m1113984 f1117 r26113569 p500
 111644530=20977813+54640699+40701567 i31303312 u96526938 u0 t4.187
861324 780000 94 4 w457702 r1139207 m1204813 f1180 r27504651 p500
 112756712=21190675+55177904+41111668 i31571161 u97532357 u0 t3.73
Idx1+ lookups: 9473600 41199752 
Idx1+ positiv: 1658406 9493526 
Idx1+ found  : 1658401 9443216 
872344 790000 94 4 w502206 r1242318 m1311417 f1266 r29290628 p500
 113901230=21409743+55727856+41536166 i31839797 u98573829 u0 t4.151
883522 800000 94 4 w532362 r1333267 m1404611 f1328 r30561967 p500
 115052446=21630279+56283615+41960828 i32110410 u99621261 u0 t3.791
894714 810000 94 4 w583549 r1442707 m1517836 f1429 r32476727 p500
 116160183=21843397+56812897+42374928 i32373380 u100625632 u0 t4.278
905844 820000 94 4 w613922 r1536118 m1613398 f1490 r33680420 p500
 117283223=22058021+57355645+42788962 i32637207 u101647321 u0 t3.655
Idx1+ lookups: 11091030 42402945 
Idx1+ positiv: 2072652 9673171 
Idx1+ found  : 2072638 9617746 
916882 830000 94 4 w673973 r1667295 m1748861 f1606 r35893926 p500
 118549967=22298052+57962861+43262652 i32939227 u102793578 u0 t5.123
927964 840000 94 4 w715969 r1777022 m1861123 f1690 r37345341 p500
 119743936=22526809+58544733+43697164 i33228559 u103872515 u0 t4.001
939033 850000 94 4 w771730 r1908098 m1995808 f1801 r39293940 p500
 121004026=22765154+59154770+44162145 i33533177 u105010081 u0 t7.677
950128 860000 94 4 w821581 r2031396 m2122193 f1899 r40978611 p500
 122238911=23000263+59758465+44610481 i33833708 u106124322 u0 t4.494
Idx1+ lookups: 12758934 43626093 
Idx1+ positiv: 2517429 9844039 
Idx1+ found  : 2517394 9783228 
961260 870000 94 4 w878928 r2163500 m2257893 f2014 r42865956 p500
 123458245=23233306+60350981+45056196 i34127995 u107226286 u0 t4.559
972424 880000 94 4 w932190 r2291688 m2389294 f2121 r44612233 p500
 124673076=23464513+60935225+45507237 i34420488 u108323539 u0 t4.908
983571 890000 94 4 w988253 r2423428 m2524231 f2235 r46349617 p500
 125884344=23693920+61524697+45951042 i34714677 u109415990 u0 t4.35
Idx1+ lookups: 14426052 44833218 
Idx1+ positiv: 2977452 10004303 
Idx1+ found  : 2977387 9938174 
994789 900000 94 4 w1047561 r2556523 m2660592 f2354 r48118163 p500
 127057734=23916914+62089299+46386563 i34991034 u110482280 u0 t4.265
1005944 910000 94 4 w1099962 r2685076 m2792101 f2462 r49737271 p500
 128303145=24152135+62684289+46852631 i35270829 u111626142 u0 t4.296
1017100 920000 94 4 w1157628 r2816234 m2926464 f2579 r51444789 p500
 129430532=24368313+63227679+47268900 i35535901 u112651762 u0 t4.217
1028294 930000 94 4 w1209625 r2940614 m3053535 f2683 r52985577 p500
 130528677=24578028+63757612+47674284 i35794648 u113650106 u0 t4.202
Idx1+ lookups: 16048489 45987770 
Idx1+ positiv: 3445426 10149379 
Idx1+ found  : 3445272 10078047 
1039422 940000 94 4 w1273597 r3082691 m3198863 f2808 r54776521 p500
 131687827=24798360+64320403+48099629 i36069604 u114702429 u0 t4.326
1050473 950000 94 4 w1335705 r3223127 m3342505 f2933 r56518994 p500
 132854633=25020472+64887893+48525919 i36342971 u115765288 u0 t4.914
1061568 960000 94 4 w1400289 r3368906 m3491644 f3062 r58333061 p500
 134043070=25250333+65467521+48956681 i36614938 u116856131 u0 t4.381
1072599 970000 94 4 w1464115 r3517929 m3643567 f3193 r60031590 p500
 135291847=25485760+66067542+49422293 i36901300 u117997573 u0 t4.704
Idx1+ lookups: 17673306 47128822 
Idx1+ positiv: 3929328 10283350 
Idx1+ found  : 3929037 10206802 
1083733 980000 94 4 w1525358 r3657464 m3786033 f3318 r61696632 p500
 136399100=25701026+66611278+49818919 i37158670 u119010469 u0 t4.017
1094785 990000 94 4 w1588200 r3800052 m3931446 f3444 r63343927 p500
 137519050=25917257+67155540+50227043 i37420846 u120031696 u0 t4.158
1105876 1000000 94 4 w1651896 r3947515 m4081882 f3573 r65039722 p500
 138665713=26137695+67717784+50640862 i37690289 u121077303 u0 t4.191
Idx1+ lookups: 19324522 48275436 
Idx1+ positiv: 4434195 10413361 
Idx1+ found  : 4433639 10331725 
1117034 1010000 94 4 w1721959 r4098903 m4236324 f3712 r66779842 p500
 139787403=26354448+68264708+51048328 i37954909 u122098052 u0 t4.147
1128112 1020000 94 4 w1783808 r4245234 m4385372 f3839 r68362868 p500
 140921791=26573668+68822755+51454807 i38224007 u123130381 u0 t4.07
1139060 1030000 94 4 w1861922 r4418996 m4562605 f3995 r70348814 p500
 142169262=26814500+69435817+51902697 i38524765 u124260263 u0 t4.724
1150007 1040000 94 4 w1948338 r4610289 m4757537 f4172 r72447380 p500
 143561529=27079998+70114418+52410413 i38859534 u125519697 u0 t5.179
Idx1+ lookups: 21013003 49447605 
Idx1+ positiv: 4950893 10541409 
Idx1+ found  : 4949951 10454589 
1160894 1050000 94 4 w2040018 r4813737 m4964962 f4363 r74686260 p500
 144998334=27351326+70820475+52930359 i39209577 u126815799 u0 t5.345
1171814 1060000 94 4 w2128837 r5009733 m5164497 f4547 r76782055 p500
 146379096=27613815+71499763+53428048 i39545757 u128061949 u0 t5.096
1182789 1070000 94 4 w2222593 r5214440 m5373028 f4739 r78994586 p500
 147771413=27879098+72187374+53926681 i39884722 u129319424 u0 t5.208
Idx1+ lookups: 22718474 50625792 
Idx1+ positiv: 5478752 10666374 
Idx1+ found  : 5477235 10574254 
1193726 1080000 94 4 w2305702 r5407166 m5569054 f4908 r80981225 p500
 149134067=28139227+72857138+54417549 i40214397 u130551546 u0 t5.005
1204582 1090000 94 4 w2406491 r5625282 m5791214 f5112 r83272256 p500
 150558189=28410800+73563244+54924922 i40561217 u131837925 u0 t5.499
1215452 1100000 94 4 w2513408 r5851517 m6021564 f5329 r85654476 p500
 152005113=28686816+74275924+55445128 i40906988 u133150145 u0 t5.588
Idx1+ lookups: 24427056 51791379 
Idx1+ positiv: 6022691 10783632 
Idx1+ found  : 6020230 10686261 
1226363 1110000 94 4 w2618019 r6080884 m6254857 f5543 r87960778 p500
 153500823=28969235+75014161+55983169 i41268415 u134503126 u0 t5.602
1237247 1120000 94 4 w2713053 r6301034 m6478656 f5738 r90167930 p500
 154937436=29243149+75724625+56496704 i41611650 u135806953 u0 t5.383
1248176 1130000 94 4 w2815651 r6526977 m6708247 f5949 r92395505 p500
 156402735=29522272+76447278+57022338 i41964174 u137134187 u0 t5.492
Idx1+ lookups: 26139572 52948843 
Idx1+ positiv: 6579039 10894995 
Idx1+ found  : 6575282 10792398 
1259068 1140000 94 4 w2922616 r6762763 m6948002 f6169 r94742570 p500
 157861130=29797985+77168674+57545265 i42318623 u138451330 u0 t5.646
1269968 1150000 94 4 w3027375 r6994986 m7183724 f6386 r96949953 p500
 159329507=30076803+77900612+58066164 i42673548 u139780528 u0 t5.632
1280888 1160000 94 4 w3146943 r7242979 m7435885 f6636 r99401032 p500
 160787360=30353505+78624948+58585504 i43029449 u141096317 u0 t5.789
Idx1+ lookups: 27860872 54110364 
Idx1+ positiv: 7140729 11004043 
Idx1+ found  : 7135061 10896105 
1291754 1170000 94 4 w3251778 r7479621 m7676192 f6852 r101630106 p500
 162257086=30632524+79353396+59110035 i43385636 u142425597 u0 t5.536
1302652 1180000 94 4 w3362116 r7725296 m7925696 f7080 r103928906 p500
 163740225=30914948+80088433+59638609 i43741114 u143771461 u0 t6.007
1313613 1190000 94 4 w3485269 r7986972 m8191784 f7334 r106473648 p500
 165222365=31196415+80824289+60167001 i44099160 u145113283 u0 t5.829
Idx1+ lookups: 29578213 55257825 
Idx1+ positiv: 7713180 11106886 
Idx1+ found  : 7704941 10993667 
1324596 1200000 94 4 w3587429 r8227070 m8435356 f7545 r108579426 p500
 166705142=31477697+81562307+60693492 i44455545 u146457888 u0 t5.468
1335456 1210000 94 4 w3710042 r8491941 m8704354 f7799 r111063046 p500
 168224635=31765451+82316176+61235830 i44822884 u147832943 u0 t10.535
1346441 1220000 94 4 w3833066 r8762527 m8979124 f8049 r113523107 p500
 169783151=32059976+83084342+61797326 i45192757 u149248871 u0 t6.001
Idx1+ lookups: 31293495 56396435 
Idx1+ positiv: 8293158 11206295 
Idx1+ found  : 8281613 11087774 
1357399 1230000 94 4 w3959777 r9037450 m9258043 f8312 r115971236 p500
 171340127=32353047+83856368+62354089 i45563970 u150662416 u0 t8.75
1368385 1240000 94 4 w4087761 r9322998 m9547772 f8576 r118558638 p500
 172947613=32655799+84649796+62933488 i45945997 u152122257 u0 t6.502
1379469 1250000 94 4 w4227746 r9622087 m9851318 f8862 r121203316 p500
 174578358=32960715+85458237+63518400 i46338200 u153598643 u0 t6.435
Idx1+ lookups: 33012778 57530371 
Idx1+ positiv: 8882915 11302900 
Idx1+ found  : 8866960 11179064 
1390543 1260000 94 4 w4362822 r9920069 m10153504 f9137 r123846759 p500
 176216496=33265768+86260659+64117377 i46725903 u155085677 u0 t6.428
cache requests:  124961013, Misses: 10289776, Flush#: 9256
File page count: 243368
File page count: 0
1401635 1270000 94 3 w4785 r0 m0 f224 r0 p20
 177844400=33572064+87068311+64699573 i47117952 u156559922 u0 t6.531
Idx1+ lookups: 786090 34698721 58662473 
Idx1+ positiv: 32232 9442237 11394904 
Idx1+ found  : 32232 9420801 11265871 
1412662 1280000 94 3 w14788 r2277 m5322 f397 r705503 p500
 179448464=33876559+87868585+65267070 i47505012 u158013355 u0 t6.275
1423732 1290000 94 3 w27464 r19574 m26821 f414 r2173322 p500
 181048818=34176735+88658077+65844470 i47889926 u159462297 u0 t6.376
1434749 1300000 94 3 w42663 r52617 m64108 f436 r3490109 p500
 182708017=34486060+89473649+66447223 i48286613 u160965615 u0 t6.279
Idx1+ lookups: 2508704 36225646 59795671 
Idx1+ positiv: 227921 9841604 11484131 
Idx1+ found  : 227921 9814528 11349813 
1445738 1310000 94 3 w64575 r104847 m122175 f468 r5118751 p500
 184393707=34802515+90300279+67060585 i48694248 u162488240 u0 t6.801
1456743 1320000 94 4 w91003 r171283 m194054 f510 r7265492 p500
 186070233=35117420+91124338+67668658 i49096330 u164006423 u0 t6.959
Idx1+ lookups: 4230617 37661935 60921061 
Idx1+ positiv: 513545 10158207 11570310 
Idx1+ found  : 513545 10125427 11430854 
1467716 1330000 94 4 w120467 r253033 m281239 f559 r9640239 p500
 187826318=35446440+91987570+68306202 i49515055 u165598738 u0 t7.033
1478847 1340000 94 4 w154048 r348961 m382445 f617 r12147596 p500
 189576204=35770547+92843092+68948286 i49934408 u167181782 u0 t7.143
1489858 1350000 94 4 w194288 r453763 m492526 f687 r14642229 p500
 191293706=36091274+93689714+69570365 i50349274 u168734174 u0 t7.036
Idx1+ lookups: 5961272 39050288 62048918 
Idx1+ positiv: 855848 10424325 11653300 
Idx1+ found  : 855847 10385923 11508575 
1500812 1360000 94 4 w232543 r561169 m604602 f755 r16896118 p500
 192945491=36397576+94496222+70177412 i50745859 u170228174 u0 t6.905
1511816 1370000 94 4 w281145 r684419 m733172 f843 r19457611 p500
 194629037=36712329+95326971+70785495 i51148029 u171754937 u0 t7.064
1522795 1380000 94 4 w328604 r810763 m864655 f930 r21888793 p500
 196261107=37016280+96132860+71375071 i51540635 u173231607 u0 t6.935
Idx1+ lookups: 7697460 40406687 63173022 
Idx1+ positiv: 1235639 10662308 11735102 
Idx1+ found  : 1235636 10618218 11585082 
1533703 1390000 94 4 w379504 r944755 m1003448 f1025 r24288255 p500
 197916580=37324592+96947275+71976458 i51941513 u174726626 u0 t6.932
1544569 1400000 94 4 w434798 r1084654 m1148165 f1129 r26651145 p500
 199559259=37633478+97759355+72566898 i52334226 u176216625 u0 t6.692
Idx1+ lookups: 9444751 41738515 64296028 
Idx1+ positiv: 1651104 10876785 11813532 
Idx1+ found  : 1651099 10827040 11658300 
1555499 1410000 94 4 w500676 r1246779 m1315780 f1258 r29426751 p500
 201315494=37961628+98624605+73202706 i52753169 u177808860 u0 t7.481
1566395 1420000 94 4 w567009 r1411311 m1485285 f1389 r32009101 p500
 203040851=38283744+99480615+73821800 i53165353 u179373865 u0 t7.282
1577238 1430000 94 4 w635369 r1578623 m1657407 f1525 r34519329 p500
 204769957=38606559+100338547+74442479 i53577989 u180942291 u0 t7.655
Idx1+ lookups: 11183429 43038248 65407320 
Idx1+ positiv: 2090055 11070938 11888142 
Idx1+ found  : 2090044 11015481 11727490 
1588118 1440000 98 4 w707810 r1756421 m1840235 f1670 r37192765 p500
 206501964=38930451+101195825+75064964 i53993420 u182511161 u0 t7.364
1598949 1450000 98 4 w783280 r1939515 m2027950 f1823 r39761526 p500
 208268958=39258963+102068645+75703593 i54412957 u184115616 u0 t7.396
Idx1+ lookups: 12922810 44316291 66511082 
Idx1+ positiv: 2551420 11250885 11960784 
Idx1+ found  : 2551382 11189762 11794866 
1609797 1460000 98 4 w867214 r2135822 m2229574 f1990 r42551562 p500
 210044947=39588611+102945770+76346406 i54831471 u185730614 u0 t7.592
1620630 1470000 98 4 w955408 r2336929 m2435951 f2165 r45355448 p500
 211794585=39917933+103814704+76971470 i55243359 u187323775 u0 t8.592
1631477 1480000 98 4 w1039225 r2537043 m2640967 f2336 r48002027 p500
 213544045=40245037+104679189+77602221 i55657311 u188913504 u0 t7.607
Idx1+ lookups: 14658147 45572696 67606975 
Idx1+ positiv: 3030424 11416762 12032993 
Idx1+ found  : 3030314 11350274 11861828 
1642373 1490000 98 4 w1133783 r2751443 m2860488 f2522 r50757032 p500
 215341282=40581295+105569208+78248299 i56079451 u190550421 u0 t8.224
1653233 1500000 98 4 w1225540 r2967647 m3081727 f2705 r53431849 p500
 217140861=40916401+106459891+78897104 i56501540 u192189892 u0 t7.924
Idx1+ lookups: 16389123 46808307 68695549 
Idx1+ positiv: 3525863 11569369 12102177 
Idx1+ found  : 3525679 11497311 11925913 
1664130 1510000 98 4 w1329731 r3194404 m3313832 f2913 r56313479 p500
 218918863=41246819+107335188+79542979 i56915350 u193811595 u0 t8.008
1675034 1520000 98 4 w1433792 r3425682 m3550208 f3119 r59113207 p500
 220707784=41578832+108217124+80191733 i57332599 u195442737 u0 t8.037
1685958 1530000 98 4 w1531740 r3655176 m3784451 f3317 r61763713 p500
 222527080=41916354+109112653+80853015 i57755811 u197102563 u0 t8.076
Idx1+ lookups: 18113160 48023191 69772022 
Idx1+ positiv: 4035176 11713150 12168288 
Idx1+ found  : 4034832 11635722 11986899 
1696847 1540000 98 4 w1637229 r3893745 m4028055 f3527 r64536363 p500
 224315178=42247473+109988212+81508049 i58172133 u198732163 u0 t7.728
1707676 1550000 98 4 w1750664 r4147157 m4286833 f3754 r67473280 p500
 226145550=42585444+110889061+82174592 i58600272 u200398953 u0 t7.944
Idx1+ lookups: 19849854 49232960 70852526 
Idx1+ positiv: 4562403 11847755 12234200 
Idx1+ found  : 4561757 11764987 12047672 
1718573 1560000 98 4 w1864183 r4400037 m4544608 f3980 r70263401 p500
 227977335=42923424+111787999+82844857 i59025674 u202069153 u0 t8.137
1729487 1570000 98 4 w1972554 r4649758 m4798918 f4201 r72974628 p500
 229753615=43251320+112659502+83494703 i59437019 u203690529 u0 t7.921
Idx1+ lookups: 21581157 50423925 71922367 
Idx1+ positiv: 5103188 11974384 12297620 
Idx1+ found  : 5102095 11886111 12105934 
1740347 1580000 98 4 w2091645 r4913921 m5068047 f4443 r75852362 p500
 231553104=43584046+113540125+84154536 i59853147 u205333366 u0 t8.734
1751207 1590000 98 4 w2213117 r5181803 m5340751 f4692 r78686173 p500
 233379940=43922520+114439161+84819335 i60275743 u207001500 u0 t8.03
1762023 1600000 98 4 w2336538 r5455007 m5618870 f4945 r81569649 p500
 235155843=44253361+115316780+85460372 i60685625 u208625532 u0 t7.794
Idx1+ lookups: 23315409 51608423 72989158 
Idx1+ positiv: 5653598 12097410 12361400 
Idx1+ found  : 5651849 12003818 12164613 
1772878 1610000 98 4 w2454267 r5719754 m5888059 f5188 r84266401 p500
 236929770=44581602+116184385+86111454 i61094750 u210246344 u0 t7.698
1783723 1620000 98 4 w2585772 r6000964 m6174247 f5463 r87151149 p500
 238688807=44908360+117054935+86745918 i61501536 u211854099 u0 t8.119
Idx1+ lookups: 25051893 52784310 74055062 
Idx1+ positiv: 6215207 12212706 12422610 
Idx1+ found  : 6212446 12113801 12220720 
1794607 1630000 98 4 w2710402 r6281708 m6459569 f5720 r89949593 p500
 240464479=45236722+117925167+87395629 i61912638 u213474476 u0 t8.189
1805498 1640000 98 4 w2839331 r6568569 m6751128 f5985 r92785690 p500
 242254153=45568300+118810419+88042816 i62326190 u215110487 u0 t7.906
1816421 1650000 98 4 w2974873 r6863337 m7050672 f6264 r95660361 p500
 244050465=45899876+119697682+88694298 i62743198 u216749934 u0 t7.908
Idx1+ lookups: 26795742 53956344 75122238 
Idx1+ positiv: 6788533 12322882 12482263 
Idx1+ found  : 6784261 12218659 12275303 
1827273 1660000 98 4 w3108615 r7159910 m7351965 f6538 r98519251 p500
 245854599=46234183+120581771+89354321 i63159054 u218398462 u0 t8.494
1838160 1670000 98 4 w3246221 r7463641 m7660579 f6821 r101443198 p500
 247658504=46569017+121468086+90011465 i63576773 u220045394 u0 t8.108
Idx1+ lookups: 28534612 55116099 76182743 
Idx1+ positiv: 7369677 12427457 12540028 
Idx1+ found  : 7363376 12317909 12328108 
1849005 1680000 98 4 w3384840 r7764608 m7966279 f7105 r104294702 p500
 249430278=46895842+122335533+90661291 i63983129 u221666521 u0 t8.45
1859879 1690000 98 4 w3516138 r8056605 m8262780 f7374 r107035648 p500
 251131279=47212315+123178813+91272934 i64375987 u223222478 u0 t8.693
1870739 1700000 98 4 w3647696 r8353660 m8564126 f7647 r109686099 p500
 252891045=47539369+124052324+91905247 i64780420 u224834149 u0 t8.174
Idx1+ lookups: 30270884 56263976 77235030 
Idx1+ positiv: 7960857 12528325 12595679 
Idx1+ found  : 7951771 12413499 12378856 
1881698 1710000 98 4 w3785453 r8655096 m8870203 f7930 r112459875 p500
 254580511=47855132+124886720+92515242 i65166189 u226383715 u0 t7.656
1892578 1720000 98 4 w3931445 r8971407 m9191266 f8228 r115342848 p500
 256293646=48175630+125733252+93133036 i65556894 u227955833 u0 t8.88
Idx1+ lookups: 32010973 57403949 78283364 
Idx1+ positiv: 8564669 12625291 12651145 
Idx1+ found  : 8551887 12505138 12429335 
1903425 1730000 98 4 w4071861 r9281368 m9505731 f8519 r118105964 p500
 258022915=48497011+126587322+93759138 i65952958 u229540649 u0 t8.235
1914319 1740000 98 4 w4217399 r9606958 m9836087 f8816 r120995832 p500
 259815209=48830592+127465985+94414637 i66361536 u231183047 u0 t11.114
1925121 1750000 98 4 w4360620 r9922330 m10155840 f9110 r123726290 p500
 261541348=49152781+128320704+95035878 i66756651 u232765859 u0 t7.695
Idx1+ lookups: 33750627 58541782 79332717 
Idx1+ positiv: 9171435 12718978 12706082 
Idx1+ found  : 9153708 12593618 12479244 
cache requests:  125572567, Misses: 10364454, Flush#: 9307
File page count: 244773
File page count: 0
1936035 1760000 98 3 w3304 r0 m0 f153 r0 p20
 263330395=49486167+129206644+95680325 i67169027 u234403012 u0 t11.145
1946942 1770000 98 3 w13714 r1658 m4261 f396 r576930 p500
 265050284=49805914+130048834+96309106 i67554860 u235985579 u0 t7.685
Idx1+ lookups: 1497653 35392180 59664000 80372277 
Idx1+ positiv: 93924 9696500 12806812 12759560 
Idx1+ found  : 93924 9673043 12676276 12527722 
1957829 1780000 98 3 w26634 r20035 m26970 f413 r2069458 p500
 266753303=50124838+130892409+96920932 i67943568 u237548692 u0 t7.501
1968722 1790000 98 3 w45096 r57800 m69758 f440 r3642939 p500
 268493552=50448739+131746780+97555161 i68340567 u239144004 u0 t7.939
1979581 1800000 98 3 w65705 r112308 m129783 f471 r5207574 p500
 270164288=50760785+132567358+98163038 i68723054 u240674359 u0 t7.981
Idx1+ lookups: 3239570 36883959 60788862 81416377 
Idx1+ positiv: 344062 10069072 12892797 12811688 
Idx1+ found  : 344062 10039960 12757038 12574881 
1990482 1810000 98 4 w91526 r181253 m203993 f512 r7186181 p500
 271830252=51072079+133383609+98770962 i69098778 u242205921 u0 t7.504
2001382 1820000 98 4 w120898 r264638 m292849 f560 r9634797 p500
 273492871=51381902+134197434+99378998 i69477984 u243729873 u0 t7.983
Idx1+ lookups: 4978847 38296705 61902714 82451548 
Idx1+ positiv: 670594 10373595 12976899 12861868 
Idx1+ found  : 670593 10338854 12835719 12620032 
2012247 1830000 98 4 w155316 r359677 m393110 f619 r12099343 p500
 275187120=51698829+135031055+99993704 i69861153 u245286864 u0 t7.984
2023129 1840000 98 4 w192478 r465345 m503626 f684 r14488210 p500
 276861603=52011532+135854419+100601958 i70239110 u246826117 u0 t7.923
2034053 1850000 98 4 w234671 r583781 m627232 f760 r17021979 p500
 278586086=52334286+136703614+101226354 i70628205 u248412086 u0 t8.184
Idx1+ lookups: 6723237 39664135 63014491 83485976 
Idx1+ positiv: 1047554 10634704 13059487 12913325 
Idx1+ found  : 1047553 10594507 12913068 12666668 
2044917 1860000 98 4 w283955 r709209 m758060 f850 r19599106 p500
 280251224=52646494+137526857+101826009 i71002148 u249946051 u0 t9.369
2055814 1870000 98 4 w331861 r838556 m892229 f940 r21989268 p500
 281924750=52958788+138352252+102431703 i71388663 u251476348 u0 t7.629
2066728 1880000 98 4 w382842 r977039 m1035639 f1036 r24442682 p500
 283579260=53268199+139169715+103028509 i71761762 u252998551 u0 t7.982
Idx1+ lookups: 8469856 40998467 64123387 84520551 
Idx1+ positiv: 1459842 10865880 13139110 12962948 
Idx1+ found  : 1459840 10819943 12987389 12711320 
2077660 1890000 98 4 w440565 r1123860 m1187453 f1145 r26954659 p500
 285237044=53579292+139988643+103625286 i72135170 u254524235 u0 t8.159
2088614 1900000 98 4 w501809 r1279109 m1347589 f1264 r29500144 p500
 286912655=53892335+140810185+104236352 i72511910 u256065270 u0 t8.283
Idx1+ lookups: 10213707 42298508 65220436 85545891 
Idx1+ positiv: 1903660 11074312 13216073 13011452 
Idx1+ found  : 1903650 11022935 13059098 12754921 
2099586 1910000 98 4 w565348 r1442556 m1515864 f1391 r32078943 p500
 288616243=54209093+141647327+104856783 i72893221 u257634310 u0 t12.317
2110524 1920000 98 4 w632208 r1605684 m1683778 f1526 r34616861 p500
 290241237=54514629+142446303+105445717 i73258873 u259129503 u0 t7.942
2121483 1930000 98 4 w701668 r1777021 m1859798 f1662 r37118840 p500
 291923570=54829825+143276743+106052519 i73640511 u260675228 u0 t8.253
Idx1+ lookups: 11953449 43577600 66316533 86572129 
Idx1+ positiv: 2364322 11262912 13291042 13058964 
Idx1+ found  : 2364300 11205930 13128957 12797538 
2132440 1940000 98 4 w771380 r1949220 m2036326 f1804 r39543392 p500
 293565784=55136148+144083806+106649839 i74009602 u262186304 u0 t7.889
2143340 1950000 98 4 w846188 r2133728 m2225664 f1954 r42134352 p500
 295239019=55448867+144906211+107257969 i74385771 u263726310 u0 t7.941
2154286 1960000 98 4 w919225 r2313728 m2409992 f2099 r44535188 p500
 296860107=55753648+145703015+107845359 i74748134 u265220920 u0 t7.922
Idx1+ lookups: 13694054 44835102 67406028 87593468 
Idx1+ positiv: 2847450 11436364 13364403 13105664 
Idx1+ found  : 2847403 11373937 13197113 12839215 
2165157 1970000 98 4 w995952 r2494397 m2595029 f2252 r46929875 p500
 298412591=56044542+146464173+108410700 i75093465 u266652978 u0 t9.029
2176142 1980000 98 4 w1079714 r2686307 m2791754 f2417 r49480892 p500
 299979496=56338337+147235354+108978397 i75442684 u268098498 u0 t10.739
Idx1+ lookups: 15437261 46075165 68487962 88609660 
Idx1+ positiv: 3350673 11599921 13435309 13152365 
Idx1+ found  : 3350547 11532066 13262855 12880958 
2187090 1990000 98 4 w1165918 r2887397 m2997577 f2591 r52063002 p500
 301618575=56644428+148044181+109570873 i75812331 u269606279 u0 t8.488
2198031 2000000 98 4 w1252562 r3083816 m3198416 f2766 r54518852 p500
 303185210=56938923+148817650+110135184 i76164325 u271049567 u0 t7.896
2208970 2010000 98 4 w1336872 r3281059 m3400039 f2934 r56943428 p500
 304752540=57232180+149587337+110705170 i76511988 u272496480 u0 t8.262
Idx1+ lookups: 17177852 47301209 69569604 89627415 
Idx1+ positiv: 3865322 11749716 13504349 13197523 
Idx1+ found  : 3865094 11676468 13326742 12921106 
2219875 2020000 98 4 w1420941 r3482802 m3605934 f3105 r59314310 p500
 306334455=57532948+150371332+111270400 i76865970 u273955978 u0 t10.558
2230717 2030000 98 4 w1514216 r3688982 m3816680 f3293 r61778351 p500
 307845651=57817948+151122157+111809532 i77201841 u275352643 u0 t7.959
2241553 2040000 98 4 w1605655 r3895821 m4027742 f3479 r64177431 p500
 309373570=58105978+151881084+112355392 i77546215 u276759796 u0 t8.041
Idx1+ lookups: 18928179 48518919 70650568 90644930 
Idx1+ positiv: 4398121 11891876 13572863 13243023 
Idx1+ found  : 4397711 11813214 13390191 12961712 
2252478 2050000 98 4 w1698160 r4108539 m4244665 f3668 r66592387 p500
 310917801=58397346+152645204+112909519 i77892474 u278183682 u0 t7.742
2263400 2060000 98 4 w1795358 r4327302 m4467680 f3866 r69097545 p500
 312460636=58688083+153405052+113466755 i78236545 u279607196 u0 t7.824
2274335 2070000 98 4 w1891993 r4544110 m4688486 f4062 r71460832 p500
 314006113=58979074+154169481+114021866 i78578194 u281036909 u0 t7.509
Idx1+ lookups: 20672946 49717367 71720086 91652505 
Idx1+ positiv: 4944792 12026249 13639852 13287396 
Idx1+ found  : 4944030 11942144 13452134 13001351 
2285238 2080000 98 4 w1984554 r4755325 m4903628 f4249 r73765216 p500
 315479761=59257781+154893633+114554732 i78902894 u282400944 u0 t10.915
2296195 2090000 98 4 w2085003 r4979901 m5132275 f4454 r76193236 p500
 317001742=59547160+155648315+115097246 i79238613 u283810250 u0 t7.45
2307093 2100000 98 4 w2192026 r5215978 m5372599 f4674 r78751967 p500
 318548784=59841585+156419314+115645210 i79578215 u285245719 u0 t8.73
Idx1+ lookups: 22407483 50896170 72777775 92651464 
Idx1+ positiv: 5501019 12152849 13703586 13330727 
Idx1+ found  : 5499764 12063258 13510864 13039878 
2317991 2110000 98 4 w2282119 r5433525 m5593700 f4861 r80938611 p500
 320065310=60129116+157167613+116190543 i79911397 u286650940 u0 t7.103
2328915 2120000 98 4 w2391643 r5666092 m5830400 f5083 r83404897 p500
 321540226=60409484+157900375+116714932 i80237908 u288015891 u0 t7.592
Idx1+ lookups: 24148292 52072181 73839193 93656036 
Idx1+ positiv: 6066595 12272617 13765516 13373778 
Idx1+ found  : 6064562 12177851 13567710 13078108 
2339889 2130000 98 4 w2497926 r5905672 m6074191 f5302 r85830629 p500
 323065272=60697602+158658425+117258241 i80578454 u289424418 u0 t8.166
2350849 2140000 98 4 w2602386 r6142303 m6314741 f5516 r88207228 p500
 324569276=60981045+159406540+117794073 i80911032 u290816380 u0 t7.422
2361818 2150000 98 4 w2723160 r6394187 m6571151 f5762 r90824051 p500
 326046163=61261072+160142425+118317711 i81240088 u292181957 u0 t9.557
Idx1+ lookups: 25889642 53239126 74897179 94658114 
Idx1+ positiv: 6642164 12386904 13826590 13416088 
Idx1+ found  : 6638967 12286810 13623618 13115517 
2372703 2160000 98 4 w2822488 r6628084 m6808534 f5968 r93029662 p500
 327582195=61550056+160900281+118871928 i81578790 u293603037 u0 t10.715
2383611 2170000 98 4 w2929053 r6866167 m7050507 f6186 r95360853 p500
 329020933=61822910+161615512+119384128 i81895991 u294936112 u0 t9.886
2394538 2180000 98 4 w3046407 r7118301 m7306864 f6426 r97870752 p500
 330471640=62098697+162341500+119894769 i82218660 u296278551 u0 t7.662
Idx1+ lookups: 27632797 54400987 75954761 95660896 
Idx1+ positiv: 7225172 12496475 13886383 13458383 
Idx1+ found  : 7220261 12391089 13678418 13152830 
2405448 2190000 98 4 w3160899 r7379444 m7571993 f6662 r100327114 p500
 332047282=62396171+163128686+120452548 i82566620 u297738116 u0 t10.456
2416385 2200000 98 4 w3274592 r7636008 m7832547 f6895 r102775731 p500
 333572677=62685022+163886371+120996698 i82901725 u299152138 u0 t7.589
2427291 2210000 98 4 w3384185 r7883853 m8084006 f7123 r105037606 p500
 335055154=62966105+164620723+121527332 i83227442 u300526146 u0 t7.627
Idx1+ lookups: 29371204 55549365 77005379 96657913 
Idx1+ positiv: 7817480 12599493 13945040 13499484 
Idx1+ found  : 7810290 12488849 13732019 13189142 
2438224 2220000 98 4 w3508187 r8153784 m8358318 f7377 r107602248 p500
 336562228=63251799+165373345+122060347 i83561023 u301921585 u0 t10.232
2449156 2230000 98 4 w3620992 r8415941 m8624189 f7615 r109925877 p500
 338098470=63544181+166137065+122607037 i83897955 u303346424 u0 t12.946
2460085 2240000 98 4 w3759491 r8708277 m8921025 f7898 r112684122 p500
 339674657=63843460+166921569+123166530 i84246605 u304805317 u0 t8.37
Idx1+ lookups: 31115017 56692781 78054391 97654602 
Idx1+ positiv: 8421023 12699151 14002288 13540108 
Idx1+ found  : 8410687 12583253 13784342 13224898 
2471031 2250000 98 4 w3887676 r8999786 m9216785 f8163 r115264158 p500
 341328221=64154313+167736404+123763464 i84611620 u306334467 u0 t10.496
2481891 2260000 98 4 w4012045 r9280737 m9501769 f8420 r117751397 p500
 342920094=64455060+168519044+124339193 i84959304 u307810059 u0 t7.831
2492839 2270000 98 4 w4150639 r9580837 m9806222 f8705 r120455870 p500
 344524932=64756130+169308970+124920291 i85309775 u309298351 u0 t9.021
Idx1+ lookups: 32852160 57825313 79097102 98644662 
Idx1+ positiv: 9029535 12794352 14059982 13580120 
Idx1+ found  : 9015298 12673074 13836993 13260021 
2503770 2280000 98 4 w4280122 r9877650 m10107071 f8972 r122997649 p500
 346165173=65065475+170120749+125508611 i85671339 u310816684 u0 t8.116
2514685 2290000 98 4 w4419907 r10183295 m10416994 f9262 r125682781 p500
 347777859=65367628+170914357+126092672 i86023689 u312312013 u0 t8.974
cache requests:  127277168, Misses: 10597383, Flush#: 9441
File page count: 244510
File page count: 0
Idx1+ lookups: 234590 34591155 58951948 80136247 99633001 
Idx1+ positiv: 2693 9647045 12887075 14115721 13619427 
Idx1+ found  : 2693 9627658 12760564 13887799 13294486 
2525687 2300000 98 3 w3189 r0 m0 f147 r0 p20
 349430556=65676533+171726819+126692647 i86382908 u313844929 u0 t17.346
2536614 2310000 98 3 w14692 r1843 m4818 f397 r645455 p500
 351071462=65982636+172534843+127287338 i86743648 u315363584 u0 t13.445
2547690 2320000 98 3 w25632 r19507 m26263 f412 r2045720 p500
 352775789=66300993+173374078+127904919 i87120768 u316938015 u0 t8.065
Idx1+ lookups: 1981129 36184123 60081872 81181351 100629695 
Idx1+ positiv: 156264 10115654 12977174 14169168 13657992 
Idx1+ found  : 156264 10090702 12845384 13936209 13328292 
2558712 2330000 98 3 w43077 r56854 m68430 f437 r3581997 p500
 354479327=66619347+174214406+128520924 i87495675 u318514100 u0 t9.72
2569709 2340000 98 3 w66428 r112043 m129451 f472 r5235786 p500
 356119816=66929029+175032721+129102657 i87856543 u320035071 u0 t9.223
2580699 2350000 98 4 w91693 r183430 m206225 f512 r7173678 p500
 357866975=67253212+175889572+129740737 i88240985 u321650920 u0 t8.846
Idx1+ lookups: 3727177 37651564 61205285 82222625 101624056 
Idx1+ positiv: 434871 10465334 13064610 14221177 13697284 
Idx1+ found  : 434871 10434730 12927523 13983122 13362690 
2591715 2360000 98 4 w120309 r268761 m296959 f560 r9584100 p500
 359567798=67570319+176725970+130359050 i88614844 u323224474 u0 t8.484
2602831 2370000 98 4 w156407 r369831 m403291 f622 r12112485 p500
 361333804=67899239+177596044+130999241 i89005987 u324856070 u0 t10.31
Idx1+ lookups: 5478210 39057846 62322352 83261413 102617037 
Idx1+ positiv: 779622 10760018 13148062 14272051 13735209 
Idx1+ found  : 779622 10723945 13005802 14028929 13395627 
2613986 2380000 98 4 w199465 r485404 m524224 f698 r14777638 p500
 363142494=68230806+178475866+131670096 i89400972 u326529587 u0 t19.277
2624949 2390000 98 4 w245817 r612569 m657080 f784 r17493109 p500
 364958248=68564735+179361240+132340268 i89805675 u328201880 u0 t9.524
Idx1+ lookups: 7234867 40429333 63450284 84312937 103624033 
Idx1+ positiv: 1164795 11009293 13229712 14321704 13772347 
Idx1+ found  : 1164792 10967500 13082210 14073457 13427774 
2635909 2400000 98 4 w299956 r752306 m802664 f882 r20313200 p500
 366793742=68902584+180257977+133015990 i90217656 u329889361 u0 t12.014
2646913 2410000 98 4 w353462 r893832 m949741 f981 r22993726 p500
 368547157=69226360+181113701+133662101 i90609600 u331502995 u0 t15.901
2657884 2420000 98 4 w404631 r1034720 m1095178 f1078 r25304493 p500
 370250743=69543018+181948977+134283775 i90985193 u333077401 u0 t8.41
Idx1+ lookups: 8985116 41763205 64568882 85357483 104624711 
Idx1+ positiv: 1581175 11230232 13309059 14370585 13808167 
Idx1+ found  : 1581169 11182774 13156262 14117325 13458848 
2668918 2430000 98 4 w465602 r1186478 m1252059 f1194 r27920602 p500
 371945334=69856854+182774867+134907321 i91358838 u334642138 u0 t9.674
2679809 2440000 98 4 w526474 r1341321 m1411674 f1312 r30394964 p500
 373593593=70165486+183587194+135502816 i91729724 u336158968 u0 t10.755
2690746 2450000 98 4 w592032 r1507692 m1583216 f1439 r33037344 p500
 375264732=70476391+184414187+136105363 i92101759 u337701067 u0 t8.881
Idx1+ lookups: 10751369 43082264 65689898 86406592 105630171 
Idx1+ positiv: 2028379 11433805 13386379 14419282 13844371 
Idx1+ found  : 2028363 11380817 13228169 14160974 13490138 
2701594 2460000 98 4 w664291 r1686346 m1766826 f1583 r35685195 p500
 377026942=70804695+185280946+136745118 i92491786 u339328688 u0 t9.367
2712475 2470000 98 4 w739485 r1869644 m1954940 f1739 r38352017 p500
 378737275=71123412+186129022+137359567 i92869684 u340910337 u0 t14.756
Idx1+ lookups: 12503687 44362291 66789451 87437379 106619206 
Idx1+ positiv: 2500684 11619862 13460411 14465976 13879869 
Idx1+ found  : 2500654 11561291 13296935 14202726 13520846 
2723357 2480000 98 4 w818251 r2062411 m2152713 f1896 r41120457 p500
 380487328=71448458+186993347+137992245 i93251576 u342532812 u0 t15.918
2734166 2490000 98 4 w896159 r2251871 m2346825 f2051 r43675510 p500
 382198024=71767925+187837149+138610940 i93627780 u344116031 u0 t12.595
2745023 2500000 98 4 w981222 r2457028 m2556938 f2224 r46408230 p500
 383959910=72094368+188705051+139251002 i94010208 u345751125 u0 t9.627
Idx1+ lookups: 14265392 45626915 67886513 88466818 107606437 
Idx1+ positiv: 2997811 11792918 13533361 14513263 13914929 
Idx1+ found  : 2997735 11728853 13364558 14244934 13551170 
2755880 2510000 98 4 w1069717 r2663443 m2768304 f2399 r49061294 p500
 385703183=72418174+189565646+139881674 i94394449 u347363335 u0 t9.556
2766772 2520000 98 4 w1169648 r2885724 m2995855 f2604 r51992370 p500
 387463931=72744988+190431472+140522086 i94780674 u348993336 u0 t16.724
Idx1+ lookups: 16023392 46875081 68980913 89496408 108595482 
Idx1+ positiv: 3507723 11952366 13603268 14558822 13949439 
Idx1+ found  : 3507569 11882619 13429368 14285479 13580862 
2777605 2530000 98 4 w1261598 r3102234 m3217356 f2787 r54690292 p500
 389210244=73071112+191290844+141155276 i95161023 u350612779 u0 t10.55
2788466 2540000 98 4 w1354487 r3325013 m3444770 f2976 r57332515 p500
 390993925=73405001+192169511+141801295 i95550831 u352265166 u0 t9.364
2799329 2550000 98 4 w1466369 r3574568 m3699854 f3201 r60355123 p500
 392854436=73747080+193084041+142481179 i95958264 u353986752 u0 t12.972
Idx1+ lookups: 17776783 48101841 70065693 90518955 109578758 
Idx1+ positiv: 4034512 12099768 13670665 14603016 13983463 
Idx1+ found  : 4034200 12024599 13491601 14324750 13610037 
2810193 2560000 98 4 w1575186 r3814841 m3945273 f3420 r63234327 p500
 394586175=74069906+193939383+143107047 i96342174 u355586081 u0 t10.016
2821115 2570000 98 4 w1683757 r4060086 m4195461 f3639 r66064243 p500
 396373854=74400331+194815983+143761024 i96732268 u357241413 u0 t10.478
Idx1+ lookups: 19540467 49327642 71155613 91547455 110566750 
Idx1+ positiv: 4572654 12241299 13737304 14648468 14017394 
Idx1+ found  : 4572083 12160480 13553021 14365258 13639088 
2832025 2580000 98 4 w1790857 r4311726 m4451891 f3856 r68846381 p500
 398201283=74740010+195716692+144423960 i97132902 u358933274 u0 t10.078
2842894 2590000 98 4 w1907141 r4567102 m4712250 f4089 r71729228 p500
 399960875=75065982+196579442+145067439 i97515732 u360564523 u0 t14.518
Idx1+ lookups: 21300195 50533456 72235009 92568222 111549288 
Idx1+ positiv: 5126958 12373144 13801222 14691639 14050755 
Idx1+ found  : 5125997 12286898 13611650 14403487 13667619 
2853742 2600000 98 4 w2025093 r4835387 m4985501 f4333 r74619352 p500
 401811634=75407233+197492344+145739777 i97920494 u362278564 u0 t10.377
2864632 2610000 98 4 w2149506 r5109243 m5264394 f4587 r77584342 p500
 403667966=75750169+198409680+146411818 i98321291 u364003287 u0 t14.303
2875503 2620000 98 4 w2263651 r5380595 m5540336 f4822 r80356489 p500
 405501187=76090975+199311909+147078283 i98719066 u365704547 u0 t19.01
Idx1+ lookups: 23053027 51723337 73303995 93580472 112523941 
Idx1+ positiv: 5690562 12499469 13863001 14734124 14083202 
Idx1+ found  : 5688948 12407793 13668386 14441084 13695404 
2886360 2630000 98 4 w2406920 r5679147 m5844490 f5115 r83609274 p500
 407318394=76428580+200209416+147736246 i99114419 u367390554 u0 t26.112
2897239 2640000 98 4 w2524320 r5952835 m6122612 f5355 r86303358 p500
 409133084=76766405+201102314+148395438 i99507292 u369074944 u0 t11.716
Idx1+ lookups: 24807832 52903286 74371030 94591548 113498445 
Idx1+ positiv: 6266334 12617877 13924024 14775640 14115875 
Idx1+ found  : 6263804 12520707 13724345 14477656 13723251 
2908079 2650000 98 4 w2660434 r6252900 m6427820 f5633 r89371828 p500
 410998892=77114178+202021249+149071777 i99913404 u370805132 u0 t35.858
2919336 2660000 98 4 w2796714 r6550075 m6729926 f5913 r92350132 p500
 412865095=77458535+202937691+149753790 i100310381 u372543610 u0 t33.945
Idx1+ lookups: 26547153 54066181 75428674 95596354 114465852 
Idx1+ positiv: 6844094 12728462 13982085 14818023 14147880 
Idx1+ found  : 6840230 12625958 13777183 14515055 13750531 
2930193 2670000 98 4 w2936969 r6861295 m7046260 f6198 r95405999 p500
 414758028=77807462+203871479+150441590 i100719429 u374301418 u0 t29.596
2941058 2680000 98 4 w3063562 r7151498 m7340889 f6462 r98152460 p500
 416562298=78141604+204760082+151097021 i101111641 u375974633 u0 t29.372
2951948 2690000 98 4 w3197313 r7456401 m7650468 f6744 r101035103 p500
 418394567=78482060+205663987+151760410 i101506211 u377678190 u0 t31.1
Idx1+ lookups: 28300187 55229710 76490234 96605166 115439042 
Idx1+ positiv: 7435531 12835822 14039924 14858563 14179344 
Idx1+ found  : 7429735 12727927 13829931 14550677 13777225 
2962792 2700000 98 4 w3347024 r7777881 m7976946 f7053 r104149067 p500
 420187245=78815085+206550897+152407374 i101895055 u379342592 u0 t38.648
2973731 2710000 98 4 w3490274 r8088631 m8292445 f7348 r107043527 p500
 421964447=79147445+207422084+153055205 i102272935 u380998690 u0 t20.33
Idx1+ lookups: 30050319 56375290 77540019 97603008 116400674 
Idx1+ positiv: 8042649 12936815 14096861 14899567 14210933 
Idx1+ found  : 8034287 12823722 13881874 14586887 13804035 
2984605 2720000 98 4 w3632608 r8407132 m8615832 f7645 r110020272 p500
 423762171=79480129+208299528+153716891 i102653700 u382673884 u0 t32.568
2995574 2730000 98 4 w3771741 r8716085 m8929184 f7928 r112796687 p500
 425541780=79809047+209170707+154369183 i103036400 u384326856 u0 t48.327
3006468 2740000 98 4 w3920419 r9046524 m9264594 f8235 r115814084 p500
 427360559=80145053+210063381+155033678 i103429260 u386014570 u0 t25.067
Idx1+ lookups: 31799952 57514706 78587437 98600926 117363375 
Idx1+ positiv: 8656321 13034175 14151350 14939742 14241833 
Idx1+ found  : 8644504 12915720 13931374 14622104 13830189 
3017345 2750000 98 4 w4072222 r9377020 m9600096 f8548 r118803879 p500
 429112466=80471448+210929421+155665389 i103806774 u387643734 u0 t38.695
3028291 2760000 98 4 w4212436 r9691001 m9918394 f8838 r121537761 p500
 430853628=80794053+211779723+156304391 i104184442 u389257727 u0 t57.025
Idx1+ lookups: 33558124 58654899 79638034 99602533 118330806 
Idx1+ positiv: 9278866 13129105 14205381 14978527 14272480 
Idx1+ found  : 9262483 13005316 13980364 14656280 13856160 
3039192 2770000 98 4 w4350192 r10007216 m10239186 f9121 r124308529 p500
 432538461=81107787+212604140+156920898 i104543526 u390826255 u0 t36.977
3050078 2780000 98 4 w4496664 r10328380 m10564880 f9422 r127085209 p500
 434247277=81429031+213437682+157545343 i104906358 u392418299 u0 t26.067
cache requests:  127278977, Misses: 10589253, Flush#: 9442
File page count: 244986
File page count: 0
3060975 2790000 98 3 w7918 r0 m0 f370 r0 p20
 436026715=81761305+214309126+158194410 i105282490 u394077894 u0 t27.923
Idx1+ lookups: 871229 35252514 59773537 80671051 100588198 119281957 
Idx1+ positiv: 39998 9860164 13219867 14257757 15017835 14302652 
Idx1+ found  : 39998 9838235 13090937 14027716 14690794 13881580 
3071909 2800000 98 3 w20819 r10039 m15045 f405 r1449015 p500
 437724222=82079132+215137533+158816103 i105640625 u395661583 u0 t29.219
3082762 2810000 98 3 w37475 r41457 m51107 f429 r3038328 p500
 439502098=82407520+216004295+159471644 i106020279 u397314948 u0 t34.205
Idx1+ lookups: 2621647 36779112 60889645 81705823 101575499 120236129 
Idx1+ positiv: 263818 10276325 13306445 14310188 15055641 14332041 
Idx1+ found  : 263818 10248725 13172273 14075187 14723923 13906406 
3093667 2820000 98 3 w58894 r93696 m109126 f461 r4727785 p500
 441252475=82734828+216859883+160111731 i106392603 u398944747 u0 t37.382
3104606 2830000 98 4 w82644 r162746 m183829 f498 r6621229 p500
 443006883=83060939+217716620+160755196 i106763493 u400580987 u0 t21.627
3115556 2840000 98 4 w112432 r244837 m271441 f546 r9070266 p500
 444688481=83372733+218538469+161372236 i107118717 u402149643 u0 t41.788
Idx1+ lookups: 4370059 38207894 61998908 82734271 102558521 121186898 
Idx1+ positiv: 583448 10601335 13392410 14360531 15092613 14361369 
Idx1+ found  : 583448 10568244 13253088 14120613 14756176 13931143 
3126447 2850000 98 4 w143318 r337775 m369292 f599 r11394262 p500
 446373566=83687025+219365885+161985484 i107476025 u403721356 u0 t24.808
3137354 2860000 98 4 w177907 r441373 m477718 f660 r13812078 p500
 448084410=84007360+220203015+162608631 i107835600 u405319342 u0 t40.071
Idx1+ lookups: 6114652 39572793 63098127 83755718 103535573 122132093 
Idx1+ positiv: 963143 10872541 13475194 14409824 15129148 14390432 
Idx1+ found  : 963142 10833924 13330860 14165008 14788033 13955544 
3148306 2870000 98 4 w218626 r555323 m596391 f733 r16237148 p500
 449709146=84311145+221001359+163198792 i108179454 u406835893 u0 t29.527
3159170 2880000 98 4 w266982 r679037 m725603 f820 r18896194 p500
 451351882=84617909+221801999+163801990 i108525853 u408368887 u0 t45.359
3170031 2890000 98 4 w311601 r806741 m857926 f904 r21225821 p500
 453013492=84929203+222613413+164410040 i108872174 u409924065 u0 t58.901
Idx1+ lookups: 7854866 40897935 64188380 84768039 104504089 123069002 
Idx1+ positiv: 1378216 11112841 13558274 14458498 15165548 14419243 
Idx1+ found  : 1378214 11068813 13408792 14208813 14819640 13979790 
3180938 2900000 98 4 w362187 r944297 m1000372 f1000 r23727374 p500
 454661681=85237778+223419314+165012236 i109213848 u411468736 u0 t54.444
3191816 2910000 98 4 w413661 r1087815 m1148576 f1097 r26097689 p500
 456350591=85550949+224239011+165637741 i109567159 u413046702 u0 t56.552
3202736 2920000 98 4 w476633 r1248929 m1314988 f1218 r28826372 p500
 458067183=85872730+225081734+166261324 i109928047 u414650746 u0 t46.915
Idx1+ lookups: 9598973 42197448 65273822 85780771 105474119 124008019 
Idx1+ positiv: 1822816 11332331 13636101 14506009 15201191 14447843 
Idx1+ found  : 1822808 11282884 13481502 14251515 14850653 14003706 
Total lines processed: 2925762
Block Count:1, 127
Avg Block Count:1416886 = 179944620 / 127
Avg Max Count:0, 10412, 98
Block Count:572, 76793
Avg Block Count:105 = 8107742 / 76793
Avg Max Count:198, 155, 63
BloomFilter
    bits: 275693837
    estimated elements: 25000000
    number hashes: 8
    max false positive rate: 0.005000
    bloom length (8 bits): 34461730
    elements added: 8107742
    estimated elements added: 8104337
    current false positive rate: 0.000004
    export size (bytes): 34461750
    number bits set: 57775199
    is on disk: no
Block Count:0, 1
Avg Block Count:-1865067 = -1865067 / 1
Avg Max Count:0, 0, 0
BloomFilter
    bits: 275693837
    estimated elements: 25000000
    number hashes: 8
    max false positive rate: 0.005000
    bloom length (8 bits): 34461730
    elements added: 25000000
    estimated elements added: 24988105
    current false positive rate: 0.005017
    export size (bytes): 34461750
    number bits set: 142181524
    is on disk: no
Block Count:0, 1
Avg Block Count:-4080140 = -4080140 / 1
Avg Max Count:0, 0, 0
BloomFilter
    bits: 275693837
    estimated elements: 25000000
    number hashes: 8
    max false positive rate: 0.005000
    bloom length (8 bits): 34461730
    elements added: 25000000
    estimated elements added: 24987939
    current false positive rate: 0.005017
    export size (bytes): 34461750
    number bits set: 142180879
    is on disk: no
Block Count:0, 1
Avg Block Count:-5164484 = -5164484 / 1
Avg Max Count:0, 0, 0
BloomFilter
    bits: 275693837
    estimated elements: 25000000
    number hashes: 8
    max false positive rate: 0.005000
    bloom length (8 bits): 34461730
    elements added: 25000000
    estimated elements added: 24988146
    current false positive rate: 0.005017
    export size (bytes): 34461750
    number bits set: 142181684
    is on disk: no
Block Count:0, 1
Avg Block Count:-5846478 = -5846478 / 1
Avg Max Count:0, 0, 0
BloomFilter
    bits: 275693837
    estimated elements: 25000000
    number hashes: 8
    max false positive rate: 0.005000
    bloom length (8 bits): 34461730
    elements added: 25000000
    estimated elements added: 24986709
    current false positive rate: 0.005017
    export size (bytes): 34461750
    number bits set: 142176113
    is on disk: no
Block Count:0, 1
Avg Block Count:-6455442 = -6455442 / 1
Avg Max Count:0, 0, 0
BloomFilter
    bits: 275693837
    estimated elements: 25000000
    number hashes: 8
    max false positive rate: 0.005000
    bloom length (8 bits): 34461730
    elements added: 25000000
    estimated elements added: 24988001
    current false positive rate: 0.005017
    export size (bytes): 34461750
    number bits set: 142181120
    is on disk: no
Level Count:2
Level Count:4
Level Count:1
Level Count:1
Level Count:1
Level Count:1
Level Count:1
1 4
1 4
Max word len: 98
Total words generated: 459048908
Words inserted 110134147
Words updated: 415567708
cache requests:  0, Misses: 0, Flush#: 6
cache requests:  30424773, Misses: 1413100, Flush#: 1295
cache requests:  15755292, Misses: 3678087, Flush#: 2103
cache requests:  53445405, Misses: 11971380, Flush#: 5436
cache requests:  83541244, Misses: 18340023, Flush#: 7246
cache requests:  108574809, Misses: 23684562, Flush#: 8465
cache requests:  133558452, Misses: 29053386, Flush#: 9511
OUBLK INBLK
    -     -
rchar: 566655338907
wchar: 158712230154
syscr: 138245689
syscw: 38675966
read_bytes: 12556648448
write_bytes: 112328097792
cancelled_write_bytes: 0
24521552
219390816
