Csz: 125, pgsz: 4096
File page count: 0
File page count: 0
10988 10000 60 1 w0 r0 m0 f0 r0 p20
 1502009=280567+736357+547318 i721658 u998423 u0 t1.777
22023 20000 60 1 w0 r0 m0 f0 r0 p20
 2970299=556558+1459020+1077812 i1299209 u2102895 u0 t1.962
33024 30000 60 3 w695 r0 m0 f33 r0 p20
 4455591=837142+2190955+1612898 i1853224 u3250742 u0 t2.104
44043 40000 66 3 w9121 r0 m0 f433 r0 p20
 6021768=1126498+2950354+2194339 i2412920 u4481791 u0 t2.906
55121 50000 66 3 w18908 r5330 m8028 f766 r944311 p500
 7457432=1399039+3657323+2711810 i2937182 u5602910 u0 t2.935
66115 60000 66 3 w24751 r37700 m43901 f780 r2823469 p500
 8882525=1666288+4349737+3237298 i3440456 u6730089 u0 t2.892
77117 70000 66 3 w29682 r81286 m89083 f792 r4474684 p500
 10323681=1938542+5063745+3753209 i3953338 u7869452 u0 t3.001
88102 80000 66 4 w43576 r142021 m153409 f828 r7597319 p500
 11702242=2200826+5741136+4250267 i4440539 u8962271 u0 t3.119
99095 90000 66 4 w55355 r220580 m235980 f862 r10650376 p500
 13139065=2468368+6445510+4774403 i4949834 u10098376 u0 t3.099
110113 100000 66 4 w64439 r307618 m325960 f888 r13173791 p500
 14570300=2739305+7152735+5287868 i5447109 u11241582 u0 t3.042
121109 110000 66 4 w86063 r417064 m443263 f941 r17015054 p500
 15981984=3006512+7851613+5792984 i5941743 u12365046 u0 t3.478
132028 120000 66 4 w99234 r537492 m567006 f978 r19572866 p500
 17532484=3286822+8590277+6386159 i6452959 u13622615 u0 t3.169
142990 130000 66 4 w112341 r663413 m696694 f1012 r22291197 p500
 18986448=3562710+9311119+6905248 i6951430 u14790963 u0 t3.828
153925 140000 66 4 w137402 r807578 m846190 f1080 r25886467 p500
 20474477=3841729+10051396+7435263 i7463371 u15984727 u0 t6.419
164855 150000 66 4 w155021 r956004 m998135 f1133 r28792099 p500
 21982251=4126056+10796461+7976893 i7984274 u17191593 u0 t3.401
175812 160000 66 4 w176422 r1115076 m1161490 f1188 r31902848 p500
 23584909=4417148+11560934+8588302 i8512184 u18491981 u0 t3.641
186797 170000 66 4 w200042 r1274307 m1325284 f1247 r35036930 p500
 25060643=4694278+12291216+9118384 i9021975 u19673841 u0 t3.492
197847 180000 66 4 w224150 r1441277 m1496855 f1311 r38129865 p500
 26594805=4977567+13035840+9687961 i9538614 u20911100 u0 t3.549
208776 190000 66 4 w251601 r1615955 m1675978 f1399 r41265253 p500
 28107430=5261667+13783743+10232285 i10054534 u22128713 u0 t3.584
219728 200000 66 4 w277621 r1792824 m1857613 f1475 r44391371 p500
 29612928=5546285+14529981+10770299 i10566614 u23343004 u0 t3.619
230584 210000 66 4 w310056 r1980952 m2050656 f1564 r47672698 p500
 31176719=5839236+15302598+11333221 i11090504 u24610538 u0 t3.738
241548 220000 66 4 w336709 r2161917 m2235437 f1639 r50567611 p500
 32683216=6122373+16045650+11876729 i11603022 u25824116 u0 t3.514
252514 230000 66 4 w370450 r2358093 m2436234 f1734 r53845236 p500
 34281334=6415992+16823378+12467909 i12135570 u27118784 u0 t3.896
263483 240000 66 4 w407318 r2553984 m2636729 f1844 r57095886 p500
 35779646=6698842+17564571+13004988 i12646825 u28324916 u0 t3.704
274496 250000 66 4 w433605 r2746802 m2833087 f1916 r59980887 p500
 37310769=6986369+18323484+13553505 i13166054 u29560313 u0 t3.616
285461 260000 66 4 w471611 r2948099 m3038934 f2025 r63163405 p500
 38803051=7268863+19066410+14083606 i13672232 u30765606 u0 t3.741
296415 270000 66 4 w504968 r3143822 m3238250 f2110 r66058043 p500
 40291660=7548931+19800727+14620226 i14177683 u31965769 u0 t3.568
307437 280000 66 4 w539332 r3346167 m3444493 f2216 r69058294 p500
 41798390=7832680+20548382+15159093 i14687379 u33183331 u0 t3.686
318462 290000 66 4 w589418 r3570799 m3674140 f2358 r72616661 p500
 43400958=8135339+21341253+15733409 i15231858 u34475481 u0 t4.078
329483 300000 66 4 w625717 r3792687 m3899980 f2455 r75747130 p500
 45028067=8442234+22155263+16308545 i15791095 u35782911 u0 t3.952
340525 310000 66 4 w674854 r4014783 m4126773 f2590 r79104836 p500
 46615498=8738046+22934138+16886727 i16322296 u37068915 u0 t3.969
351480 320000 94 4 w712734 r4230513 m4346355 f2699 r82123919 p500
 48198444=9038935+23721499+17447383 i16855748 u38349729 u0 t3.837
362496 330000 94 4 w755899 r4448239 m4568325 f2814 r85267359 p500
 49733444=9330284+24482692+17993474 i17373981 u39591242 u0 t3.887
373551 340000 94 4 w813245 r4683161 m4808597 f2977 r88800959 p500
 51290420=9626097+25253246+18550462 i17905678 u40844576 u0 t4.1
384689 350000 94 4 w851331 r4906720 m5036165 f3081 r91870060 p500
 52863841=9922129+26021395+19125405 i18441921 u42109782 u0 t3.889
395874 360000 94 4 w905276 r5143281 m5277063 f3233 r95154467 p500
 54481113=10221859+26805577+19724920 i18997547 u43403292 u0 t4.11
406862 370000 94 4 w957561 r5384672 m5523047 f3376 r98538320 p500
 56127737=10531055+27599843+20335875 i19560019 u44723600 u0 t4.163
417894 380000 94 4 w1010705 r5623350 m5766288 f3538 r101877488 p500
 57710652=10827571+28373736+20913921 i20107095 u45988590 u0 t4.125
428912 390000 94 4 w1068790 r5862685 m6010135 f3692 r105166781 p500
 59267668=11118998+29134387+21483671 i20643624 u47234137 u0 t4.128
439874 400000 94 4 w1111728 r6086958 m6237878 f3803 r108082626 p500
 60798949=11403897+29878773+22048738 i21165282 u48464023 u0 t3.845
450859 410000 94 4 w1168329 r6326793 m6481974 f3959 r111331709 p500
 62344803=11692810+30638301+22610561 i21698472 u49701140 u0 t4.111
461847 420000 94 4 w1230279 r6569600 m6729731 f4125 r114783938 p500
 63844431=11974358+31373784+23155226 i22214742 u50902138 u0 t4.122
472807 430000 94 4 w1278738 r6808904 m6972492 f4272 r117752260 p500
 65437780=12274970+32155539+23733015 i22762649 u52178938 u0 t4.017
483790 440000 94 4 w1343275 r7066361 m7234325 f4440 r121151389 p500
 67045767=12575174+32948774+24314528 i23319929 u53463843 u0 t4.29
494708 450000 94 4 w1408284 r7331086 m7503470 f4611 r124608522 p500
 68699472=12883619+33764275+24912530 i23893153 u54784676 u0 t4.403
505590 460000 94 4 w1473572 r7600979 m7778134 f4799 r128197157 p500
 70351532=13192036+34579703+25508940 i24464566 u56106164 u0 t4.586
516566 470000 94 4 w1540536 r7866647 m8048013 f4980 r131592814 p500
 71990802=13497983+35383004+26106829 i25031058 u57415647 u0 t4.362
527520 480000 94 4 w1601120 r8132553 m8317973 f5136 r134921124 p500
 73645399=13806248+36198720+26705964 i25606152 u58735296 u0 t4.452
538466 490000 94 4 w1676460 r8412447 m8602683 f5345 r138543750 p500
 75322036=14118226+37019796+27319560 i26183510 u60076710 u0 t4.628
549399 500000 94 4 w1740781 r8684147 m8878491 f5521 r141917552 p500
 77023425=14443739+37852951+27939452 i26771832 u61436069 u0 t4.459
560288 510000 94 4 w1810245 r8963464 m9162129 f5700 r145394383 p500
 78683779=14754211+38673947+28537979 i27346767 u62763326 u0 t4.537
571192 520000 94 4 w1885984 r9247913 m9451288 f5896 r148988731 p500
 80352712=15063905+39495351+29144443 i27924261 u64096525 u0 t4.69
582148 530000 94 4 w1961739 r9530000 m9737509 f6104 r152426110 p500
 82036336=15378372+40322769+29756566 i28507756 u65441044 u0 t4.552
593039 540000 94 4 w2038358 r9823673 m10035766 f6309 r156075724 p500
 83771290=15699382+41171815+30392891 i29103088 u66830830 u0 t4.815
604123 550000 94 4 w2108866 r10086784 m10303015 f6503 r159323439 p500
 85292841=15985696+41911091+30952926 i29624747 u68050450 u0 t4.18
615220 560000 94 4 w2161185 r10299747 m10519072 f6635 r161864735 p500
 86578406=16228956+42541143+31420369 i30062017 u69085932 u0 t3.552
626410 570000 94 4 w2215890 r10511056 m10733477 f6788 r164398241 p500
 87844101=16466215+43152805+31889826 i30487705 u70108145 u0 t3.462
637646 580000 94 4 w2277518 r10725423 m10951278 f6947 r167058468 p500
 89076810=16700413+43755344+32338702 i30903865 u71104103 u0 t3.451
648847 590000 94 4 w2338599 r10938956 m11168197 f7113 r169691911 p500
 90374030=16941574+44376422+32827115 i31324303 u72165378 u0 t3.473
660023 600000 94 4 w2380528 r11122839 m11354116 f7219 r171693263 p500
 91532382=17161983+44938682+33251932 i31715608 u73100563 u0 t3.009
671169 610000 94 4 w2430936 r11320820 m11555101 f7362 r174117589 p500
 92677881=17380618+45496976+33670550 i32100504 u74027836 u0 t3.208
682330 620000 94 4 w2485475 r11517896 m11755027 f7500 r176424415 p500
 93822077=17600425+46050280+34090645 i32482792 u74955363 u0 t3.22
693457 630000 94 4 w2543994 r11729117 m11969410 f7657 r178967893 p500
 95055697=17831544+46649550+34545330 i32888667 u75961006 u0 t3.422
704731 640000 94 4 w2596295 r11928601 m12171505 f7804 r181243851 p500
 96294487=18063003+47246521+35007532 i33295349 u76970805 u0 t3.31
715916 650000 94 4 w2656640 r12133146 m12379225 f7957 r183680798 p500
 97439920=18281492+47802828+35427035 i33677609 u77900558 u0 t3.288
727122 660000 94 4 w2710550 r12343888 m12592872 f8103 r186079270 p500
 98670868=18515586+48399959+35879326 i34088509 u78898948 u0 t3.35
738273 670000 94 4 w2772874 r12560576 m12812931 f8267 r188652056 p500
 99875743=18744879+48985343+36321344 i34490244 u79877494 u0 t3.531
749495 680000 94 4 w2818959 r12753610 m13008402 f8392 r190806739 p500
 101042383=18969139+49551143+36748337 i34874112 u80830303 u0 t3.129
760693 690000 94 4 w2876040 r12963517 m13221233 f8547 r193241516 p500
 102254980=19199662+50136770+37196455 i35280149 u81812190 u0 t3.366
771972 700000 94 4 w2944967 r13186902 m13447873 f8727 r195826157 p500
 103465720=19428892+50723315+37642786 i35687173 u82791387 u0 t3.567
783287 710000 94 4 w3000645 r13396138 m13660042 f8878 r198238416 p500
 104639900=19653350+51296043+38070532 i36082500 u83741347 u0 t3.363
794503 720000 94 4 w3047546 r13588879 m13854973 f9001 r200271870 p500
 105795637=19874772+51860524+38490375 i36471625 u84676614 u0 t3.081
805629 730000 94 4 w3103946 r13806372 m14075500 f9163 r202751807 p500
 107012879=20104345+52440052+38949652 i36876460 u85662775 u0 t3.53
816809 740000 94 4 w3182988 r14029027 m14301845 f9367 r205469420 p500
 108170750=20322040+52988329+39390324 i37256531 u86604478 u0 t3.459
827890 750000 94 4 w3241628 r14234541 m14510086 f9525 r207770954 p500
 109346023=20541989+53535547+39846975 i37637142 u87563687 u0 t3.219
839058 760000 94 4 w3278373 r14418621 m14696257 f9628 r209729132 p500
 110457274=20754203+54068761+40260181 i38004623 u88467724 u0 t2.99
850231 770000 94 4 w3333380 r14620845 m14900881 f9771 r211912847 p500
 111644530=20977813+54640699+40701567 i38397381 u89432869 u0 t3.244
861324 780000 94 4 w3393708 r14830489 m15113486 f9932 r214282307 p500
 112756712=21190675+55177904+41111668 i38770343 u90333175 u0 t3.236
872344 790000 94 4 w3466115 r15049535 m15336074 f10111 r216852753 p500
 113901230=21409743+55727856+41536166 i39147504 u91266122 u0 t3.465
883522 800000 94 4 w3510860 r15243759 m15532426 f10235 r218908097 p500
 115052446=21630279+56283615+41960828 i39530615 u92201056 u0 t3.063
894714 810000 94 4 w3564988 r15441793 m15732875 f10381 r221022551 p500
 116160183=21843397+56812897+42374928 i39899783 u93099229 u0 t3.092
905844 820000 94 4 w3625318 r15650577 m15944472 f10529 r223348902 p500
 117283223=22058021+57355645+42788962 i40271654 u94012874 u0 t3.328
916882 830000 94 4 w3692214 r15886012 m16183104 f10711 r225948454 p500
 118549967=22298052+57962861+43262652 i40695947 u95036858 u0 t3.616
927964 840000 94 4 w3764726 r16116400 m16416662 f10908 r228504446 p500
 119743936=22526809+58544733+43697164 i41103575 u95997499 u0 t3.518
939033 850000 94 4 w3822262 r16344652 m16647575 f11048 r230932598 p500
 121004026=22765154+59154770+44162145 i41536550 u97006708 u0 t3.581
950128 860000 94 4 w3891076 r16581497 m16887516 f11225 r233492555 p500
 122238911=23000263+59758465+44610481 i41959586 u97998444 u0 t3.632
961260 870000 94 4 w3964984 r16823423 m17132767 f11420 r236149051 p500
 123458245=23233306+60350981+45056196 i42376899 u98977382 u0 t3.752
972424 880000 94 4 w4027035 r17048315 m17360455 f11585 r238581541 p500
 124673076=23464513+60935225+45507237 i42793779 u99950248 u0 t3.778
983571 890000 94 4 w4086561 r17276533 m17591449 f11732 r241002498 p500
 125884344=23693920+61524697+45951042 i43211517 u100919150 u0 t3.452
994789 900000 94 4 w4160429 r17509025 m17827056 f11940 r243554936 p500
 127057734=23916914+62089299+46386563 i43605106 u101868208 u0 t3.978
1005944 910000 94 4 w4224770 r17732898 m18053704 f12106 r245922866 p500
 128303145=24152135+62684289+46852631 i44006619 u102890352 u0 t3.665
1017100 920000 94 4 w4284119 r17942573 m18265867 f12270 r248129143 p500
 129430532=24368313+63227679+47268900 i44387823 u103799840 u0 t3.227
1028294 930000 94 4 w4338797 r18152658 m18478574 f12409 r250364011 p500
 130528677=24578028+63757612+47674284 i44757575 u104687179 u0 t3.243
1039422 940000 94 4 w4410299 r18385785 m18714750 f12587 r252868989 p500
 131687827=24798360+64320403+48099629 i45152476 u105619557 u0 t3.662
1050473 950000 94 4 w4482799 r18611600 m18943339 f12791 r255254791 p500
 132854633=25020472+64887893+48525919 i45543555 u106564704 u0 t3.415
1061568 960000 94 4 w4526681 r18819206 m19153208 f12914 r257374809 p500
 134043070=25250333+65467521+48956681 i45937155 u107533914 u0 t3.464
1072599 970000 94 4 w4603737 r19068688 m19405947 f13106 r260023232 p500
 135291847=25485760+66067542+49422293 i46350502 u108548371 u0 t3.908
1083733 980000 94 4 w4671768 r19289111 m19629029 f13298 r262297901 p500
 136399100=25701026+66611278+49818919 i46722451 u109446688 u0 t3.295
1094785 990000 94 4 w4738960 r19512583 m19855334 f13472 r264646357 p500
 137519050=25917257+67155540+50227043 i47102998 u110349544 u0 t3.61
1105876 1000000 94 4 w4782900 r19714336 m20058841 f13584 r266591177 p500
 138665713=26137695+67717784+50640862 i47493435 u111274157 u0 t3.175
1117034 1010000 94 4 w4878283 r19971379 m20319802 f13831 r269485007 p500
 139787403=26354448+68264708+51048328 i47874290 u112178671 u0 t3.79
1128112 1020000 94 4 w4923779 r20178497 m20528845 f13952 r271496447 p500
 140921791=26573668+68822755+51454807 i48265926 u113088462 u0 t3.267
1139060 1030000 94 4 w5000860 r20434807 m20788157 f14145 r274124086 p500
 142169262=26814500+69435817+51902697 i48701380 u114083648 u0 t3.787
1150007 1040000 94 4 w5076516 r20709068 m21065605 f14343 r276910337 p500
 143561529=27079998+70114418+52410413 i49184142 u115195089 u0 t4.097
1160894 1050000 94 4 w5177534 r21018166 m21378706 f14602 r280151946 p500
 144998334=27351326+70820475+52930359 i49687517 u116337859 u0 t4.532
1171814 1060000 94 4 w5269470 r21319305 m21683772 f14854 r283297736 p500
 146379096=27613815+71499763+53428048 i50173505 u117434201 u0 t4.316
1182789 1070000 94 4 w5338641 r21589755 m21956899 f15028 r285951423 p500
 147771413=27879098+72187374+53926681 i50666791 u118537355 u0 t4.018
1193726 1080000 94 4 w5424488 r21877146 m22247621 f15261 r288876610 p500
 149134067=28139227+72857138+54417549 i51145764 u119620179 u0 t4.205
1204582 1090000 94 4 w5511718 r22175209 m22548930 f15491 r291830197 p500
 150558189=28410800+73563244+54924922 i51650723 u120748419 u0 t4.484
1215452 1100000 94 4 w5599936 r22480363 m22857686 f15721 r294922696 p500
 152005113=28686816+74275924+55445128 i52158766 u121898367 u0 t4.659
1226363 1110000 94 4 w5690864 r22798689 m23179622 f15951 r298113490 p500
 153500823=28969235+75014161+55983169 i52685847 u123085694 u0 t4.822
1237247 1120000 94 4 w5797074 r23119446 m23504489 f16235 r301373971 p500
 154937436=29243149+75724625+56496704 i53192936 u124225667 u0 t4.66
1248176 1130000 94 4 w5881856 r23428847 m23817048 f16449 r304351423 p500
 156402735=29522272+76447278+57022338 i53710741 u125387620 u0 t4.407
1259068 1140000 94 4 w5953985 r23723681 m24114864 f16638 r307233751 p500
 157861130=29797985+77168674+57545265 i54226946 u126543007 u0 t4.428
1269968 1150000 94 4 w6068776 r24066319 m24461929 f16944 r310736363 p500
 159329507=30076803+77900612+58066164 i54748272 u127705804 u0 t5.156
1280888 1160000 94 4 w6172398 r24396439 m24795844 f17208 r314014916 p500
 160787360=30353505+78624948+58585504 i55269309 u128856457 u0 t4.983
1291754 1170000 94 4 w6238690 r24681691 m25083460 f17376 r316632233 p500
 162257086=30632524+79353396+59110035 i55791755 u130019478 u0 t4.454
1302652 1180000 94 4 w6344354 r25019223 m25425124 f17660 r319971025 p500
 163740225=30914948+80088433+59638609 i56315972 u131196603 u0 t4.815
1313613 1190000 94 4 w6458975 r25367323 m25777406 f17965 r323454601 p500
 165222365=31196415+80824289+60167001 i56844319 u132368124 u0 t4.842
1324596 1200000 94 4 w6532568 r25668258 m26081056 f18156 r326223736 p500
 166705142=31477697+81562307+60693492 i57369978 u133543455 u0 t4.448
1335456 1210000 94 4 w6631690 r26012593 m26429141 f18413 r329539846 p500
 168224635=31765451+82316176+61235830 i57911664 u134744163 u0 t21.523
1346441 1220000 94 4 w6751457 r26375094 m26796229 f18734 r333142873 p500
 169783151=32059976+83084342+61797326 i58457985 u135983643 u0 t5.291
1357399 1230000 94 4 w6850653 r26718218 m27142909 f18986 r336379308 p500
 171340127=32353047+83856368+62354089 i59011441 u137214945 u0 t4.854
1368385 1240000 94 4 w6940592 r27060624 m27488722 f19208 r339567073 p500
 172947613=32655799+84649796+62933488 i59579875 u138488379 u0 t4.831
1379469 1250000 94 4 w7057287 r27441113 m27873532 f19500 r343215060 p500
 174578358=32960715+85458237+63518400 i60159269 u139777574 u0 t5.248
1390543 1260000 94 4 w7177250 r27820752 m28257502 f19812 r346889920 p500
 176216496=33265768+86260659+64117377 i60738842 u141072738 u0 t6.427
1401635 1270000 94 4 w7273567 r28174736 m28615070 f20055 r350160116 p500
 177844400=33572064+87068311+64699573 i61316761 u142361113 u0 t5.107
1412662 1280000 94 4 w7385838 r28547808 m28992014 f20350 r353624931 p500
 179448464=33876559+87868585+65267070 i61891736 u143626631 u0 t5.128
1423732 1290000 94 4 w7482256 r28904176 m29352070 f20591 r356937839 p500
 181048818=34176735+88658077+65844470 i62460843 u144891380 u0 t4.961
1434749 1300000 94 4 w7612346 r29301813 m29754154 f20934 r360723541 p500
 182708017=34486060+89473649+66447223 i63049838 u146202390 u0 t5.377
1445738 1310000 94 4 w7718510 r29684702 m30141020 f21215 r364249313 p500
 184393707=34802515+90300279+67060585 i63654702 u147527786 u0 t7.266
1456743 1320000 94 4 w7817282 r30049413 m30509120 f21475 r367560645 p500
 186070233=35117420+91124338+67668658 i64252327 u148850426 u0 t5.206
1467716 1330000 94 4 w7965341 r30488468 m30953373 f21853 r371732686 p500
 187826318=35446440+91987570+68306202 i64876756 u150237037 u0 t5.94
1478847 1340000 94 4 w8068309 r30876852 m31345550 f22111 r375279888 p500
 189576204=35770547+92843092+68948286 i65501037 u151615153 u0 t5.342
1489858 1350000 94 4 w8192376 r31285187 m31758128 f22436 r379056812 p500
 191293706=36091274+93689714+69570365 i66118254 u152965194 u0 t6.174
1500812 1360000 94 4 w8311532 r31679562 m32156692 f22749 r382737448 p500
 192945491=36397576+94496222+70177412 i66709508 u154264525 u0 t6.677
1511816 1370000 94 4 w8430340 r32080004 m32561497 f23056 r386412246 p500
 194629037=36712329+95326971+70785495 i67314145 u155588821 u0 t5.838
1522795 1380000 94 4 w8517303 r32433205 m32917745 f23273 r389512099 p500
 196261107=37016280+96132860+71375071 i67901378 u156870864 u0 t4.957
1533703 1390000 94 4 w8653278 r32854807 m33344028 f23600 r393443352 p500
 197916580=37324592+96947275+71976458 i68504145 u158163994 u0 t5.619
1544569 1400000 94 4 w8768367 r33247291 m33740441 f23895 r397037986 p500
 199559259=37633478+97759355+72566898 i69095477 u159455374 u0 t8.865
1555499 1410000 94 4 w8888021 r33665243 m34162494 f24217 r400767172 p500
 201315494=37961628+98624605+73202706 i69726744 u160835285 u0 t5.911
1566395 1420000 94 4 w9005664 r34072314 m34573535 f24528 r404401086 p500
 203040851=38283744+99480615+73821800 i70349370 u162189848 u0 t8.408
1577238 1430000 94 4 w9137927 r34505549 m35011254 f24877 r408312880 p500
 204769957=38606559+100338547+74442479 i70969571 u163550709 u0 t9.52
1588118 1440000 98 4 w9265921 r34933726 m35443954 f25214 r412156991 p500
 206501964=38930451+101195825+75064964 i71597738 u164906843 u0 t11.742
1598949 1450000 98 4 w9380883 r35354977 m35869191 f25506 r415865682 p500
 208268958=39258963+102068645+75703593 i72234404 u166294169 u0 t5.768
1609797 1460000 98 4 w9515020 r35795842 m36314428 f25859 r419787443 p500
 210044947=39588611+102945770+76346406 i72872666 u167689419 u0 t5.86
1620630 1470000 98 4 w9640501 r36226508 m36749315 f26195 r423592760 p500
 211794585=39917933+103814704+76971470 i73499688 u169067446 u0 t5.701
1631477 1480000 98 4 w9785997 r36682340 m37210010 f26563 r427683893 p500
 213544045=40245037+104679189+77602221 i74129587 u170441228 u0 t8.918
1642373 1490000 98 4 w9895716 r37098523 m37629678 f26849 r431197500 p500
 215341282=40581295+105569208+78248299 i74773647 u171856225 u0 t5.845
1653233 1500000 98 4 w10022883 r37541943 m38077438 f27177 r435098221 p500
 217140861=40916401+106459891+78897104 i75417463 u173273969 u0 t5.922
1664130 1510000 98 4 w10164952 r37998611 m38538814 f27539 r439124964 p500
 218918863=41246819+107335188+79542979 i76052706 u174674239 u0 t6.975
1675034 1520000 98 4 w10272702 r38412321 m38955880 f27826 r442602985 p500
 220707784=41578832+108217124+80191733 i76690819 u176084517 u0 t21.654
1685958 1530000 98 4 w10425097 r38890144 m39438852 f28209 r446833182 p500
 222527080=41916354+109112653+80853015 i77340632 u177517742 u0 t6.383
1696847 1540000 98 4 w10565539 r39353785 m39907250 f28563 r450882031 p500
 224315178=42247473+109988212+81508049 i77984498 u178919798 u0 t5.968
1707676 1550000 98 4 w10651596 r39749083 m40305187 f28795 r454088600 p500
 226145550=42585444+110889061+82174592 i78642602 u180356623 u0 t5.345
1718573 1560000 98 4 w10830102 r40269282 m40831359 f29250 r458734457 p500
 227977335=42923424+111787999+82844857 i79297644 u181797183 u0 t12.32
1729487 1570000 98 4 w10932851 r40684557 m41250055 f29503 r462216769 p500
 229753615=43251320+112659502+83494703 i79936060 u183191488 u0 t6.064
1740347 1580000 98 4 w11066001 r41135542 m41705217 f29846 r466000674 p500
 231553104=43584046+113540125+84154536 i80578431 u184608082 u0 t6.094
1751207 1590000 98 4 w11210551 r41614491 m42188918 f30223 r470141274 p500
 233379940=43922520+114439161+84819335 i81234363 u186042880 u0 t6.363
1762023 1600000 98 4 w11336311 r42056310 m42634753 f30552 r473850421 p500
 235155843=44253361+115316780+85460372 i81870950 u187440207 u0 t9.143
1772878 1610000 98 4 w11485175 r42535412 m43118822 f30931 r477988022 p500
 236929770=44581602+116184385+86111454 i82507904 u188833190 u0 t6.124
1783723 1620000 98 4 w11600818 r42970706 m43557861 f31228 r481558615 p500
 238688807=44908360+117054935+86745918 i83141048 u190214587 u0 t5.604
1794607 1630000 98 4 w11743893 r43443739 m44035690 f31614 r485597849 p500
 240464479=45236722+117925167+87395629 i83778790 u191608324 u0 t6.538
1805498 1640000 98 4 w11884420 r43913399 m44509779 f31976 r489575665 p500
 242254153=45568300+118810419+88042816 i84423550 u193013127 u0 t11.341
1816421 1650000 98 4 w12005863 r44360313 m44960369 f32286 r493185300 p500
 244050465=45899876+119697682+88694298 i85074151 u194418981 u0 t5.854
1827273 1660000 98 4 w12145688 r44829810 m45434331 f32652 r497144825 p500
 245854599=46234183+120581771+89354321 i85721020 u195836496 u0 t6.059
1838160 1670000 98 4 w12294402 r45322527 m45931811 f33050 r501289710 p500
 247658504=46569017+121468086+90011465 i86373839 u197248328 u0 t11.71
1849005 1680000 98 4 w12397074 r45742659 m46355095 f33299 r504685593 p500
 249430278=46895842+122335533+90661291 i87007932 u198641718 u0 t7.57
1859879 1690000 98 4 w12556036 r46230845 m46848433 f33713 r508833674 p500
 251131279=47212315+123178813+91272934 i87621298 u199977167 u0 t6.397
1870739 1700000 98 4 w12666691 r46664185 m47285190 f34009 r512309024 p500
 252891045=47539369+124052324+91905247 i88259788 u201354781 u0 t5.993
1881698 1710000 98 4 w12803624 r47124124 m47749475 f34360 r516114192 p500
 254580511=47855132+124886720+92515242 i88866337 u202683567 u0 t11.494
1892578 1720000 98 4 w12932648 r47576299 m48205676 f34705 r519810998 p500
 256293646=48175630+125733252+93133036 i89482481 u204030246 u0 t7.13
1903425 1730000 98 4 w13055606 r48020301 m48653491 f35040 r523391354 p500
 258022915=48497011+126587322+93759138 i90105143 u205388464 u0 t5.687
1914319 1740000 98 4 w13197556 r48504520 m49142189 f35401 r527375465 p500
 259815209=48830592+127465985+94414637 i90748490 u206796093 u0 t6.125
1925121 1750000 98 4 w13322509 r48959182 m49600705 f35724 r531022044 p500
 261541348=49152781+128320704+95035878 i91372176 u208150334 u0 t10.149
1936035 1760000 98 4 w13476238 r49456591 m50102882 f36123 r535149905 p500
 263330395=49486167+129206644+95680325 i92021821 u209550218 u0 t7.312
1946942 1770000 98 4 w13603250 r49912703 m50562925 f36448 r538817477 p500
 265050284=49805914+130048834+96309106 i92634139 u210906300 u0 t6.017
1957829 1780000 98 4 w13724559 r50354818 m51008566 f36760 r542335843 p500
 266753303=50124838+130892409+96920932 i93249672 u212242588 u0 t6.653
1968722 1790000 98 4 w13875713 r50844862 m51503252 f37149 r546341501 p500
 268493552=50448739+131746780+97555161 i93876038 u213608533 u0 t10.946
1979581 1800000 98 4 w13988533 r51279100 m51940789 f37443 r549760950 p500
 270164288=50760785+132567358+98163038 i94483002 u214914411 u0 t5.922
1990482 1810000 98 4 w14105620 r51715499 m52380953 f37732 r553248518 p500
 271830252=51072079+133383609+98770962 i95079519 u216225180 u0 t5.701
2001382 1820000 98 4 w14265054 r52200291 m52870431 f38134 r557255794 p500
 273492871=51381902+134197434+99378998 i95683353 u217524504 u0 t6.513
2012247 1830000 98 4 w14382594 r52646029 m53319690 f38451 r560740987 p500
 275187120=51698829+135031055+99993704 i96291685 u218856332 u0 t12.184
2023129 1840000 98 4 w14502168 r53088183 m53765456 f38764 r564219373 p500
 276861603=52011532+135854419+100601958 i96893571 u220171656 u0 t5.926
2034053 1850000 98 4 w14665608 r53603071 m54285397 f39175 r568412639 p500
 278586086=52334286+136703614+101226354 i97515708 u221524583 u0 t6.594
2044917 1860000 98 4 w14776358 r54033303 m54718833 f39463 r571743304 p500
 280251224=52646494+137526857+101826009 i98116721 u222831478 u0 t6.719
2055814 1870000 98 4 w14907923 r54498990 m55188583 f39791 r575451575 p500
 281924750=52958788+138352252+102431703 i98726805 u224138206 u0 t11.059
2066728 1880000 98 4 w15045528 r54963722 m55657350 f40141 r579127991 p500
 283579260=53268199+139169715+103028509 i99325852 u225434461 u0 t6.195
2077660 1890000 98 4 w15153636 r55396726 m56093505 f40413 r582430178 p500
 285237044=53579292+139988643+103625286 i99922113 u226737292 u0 t6.48
2088614 1900000 98 4 w15301141 r55882965 m56584278 f40788 r586338124 p500
 286912655=53892335+140810185+104236352 i100527958 u228049222 u0 t11.656
2099586 1910000 98 4 w15445702 r56368361 m57073947 f41147 r590123787 p500
 288616243=54209093+141647327+104856783 i101141018 u229386513 u0 t11.604
2110524 1920000 98 4 w15548319 r56788511 m57497181 f41420 r593330680 p500
 290241237=54514629+142446303+105445717 i101724905 u230663471 u0 t8.36
2121483 1930000 98 4 w15698512 r57281655 m57994773 f41807 r597227797 p500
 291923570=54829825+143276743+106052519 i102333169 u231982570 u0 t9.73
2132440 1940000 98 4 w15823497 r57736052 m58452840 f42137 r600736404 p500
 293565784=55136148+144083806+106649839 i102928862 u233267044 u0 t21.923
2143340 1950000 98 4 w15948283 r58192659 m58913068 f42454 r604250565 p500
 295239019=55448867+144906211+107257969 i103529788 u234582293 u0 t13.389
2154286 1960000 98 4 w16105577 r58693788 m59418970 f42848 r608225520 p500
 296860107=55753648+145703015+107845359 i104115513 u235853541 u0 t15.546
2165157 1970000 98 4 w16186834 r59075892 m59803540 f43063 r611040287 p500
 298412591=56044542+146464173+108410700 i104673842 u237072601 u0 t15.765
2176142 1980000 98 4 w16336767 r59553049 m60284868 f43438 r614773447 p500
 299979496=56338337+147235354+108978397 i105238231 u238302951 u0 t30.106
2187090 1990000 98 4 w16467789 r60014051 m60749680 f43779 r618337345 p500
 301618575=56644428+148044181+109570873 i105833947 u239584663 u0 t22.591
2198031 2000000 98 4 w16567875 r60430821 m61169457 f44044 r621479040 p500
 303185210=56938923+148817650+110135184 i106400096 u240813796 u0 t17.8
2208970 2010000 98 4 w16708312 r60891593 m61634098 f44415 r624986274 p500
 304752540=57232180+149587337+110705170 i106962662 u242045806 u0 t28.257
2219875 2020000 98 4 w16832160 r61339814 m62085937 f44736 r628395965 p500
 306334455=57532948+150371332+111270400 i107535075 u243286873 u0 t27.264
2230717 2030000 98 4 w16939734 r61759905 m62509171 f45009 r631552859 p500
 307845651=57817948+151122157+111809532 i108080098 u244474386 u0 t21.432
2241553 2040000 98 4 w17077921 r62218141 m62971288 f45362 r635042208 p500
 309373570=58105978+151881084+112355392 i108637479 u245668532 u0 t23.933
2252478 2050000 98 4 w17205879 r62675046 m63432059 f45697 r638553313 p500
 310917801=58397346+152645204+112909519 i109199534 u246876622 u0 t40.539
2263400 2060000 98 4 w17309144 r63090570 m63850428 f45967 r641619345 p500
 312460636=58688083+153405052+113466755 i109756897 u248086844 u0 t21.879
2274335 2070000 98 4 w17441159 r63548492 m64312028 f46303 r645080058 p500
 314006113=58979074+154169481+114021866 i110314414 u249300689 u0 t28.847
2285238 2080000 98 4 w17587416 r64010496 m64778071 f46678 r648657109 p500
 315479761=59257781+154893633+114554732 i110845383 u250458455 u0 t39.65
2296195 2090000 98 4 w17685119 r64425615 m65196111 f46931 r651688891 p500
 317001742=59547160+155648315+115097246 i111392396 u251656467 u0 t26.661
2307093 2100000 98 4 w17819681 r64886051 m65660330 f47276 r655147600 p500
 318548784=59841585+156419314+115645210 i111949678 u252874256 u0 t31.966
2317991 2110000 98 4 w17921199 r65294835 m66071798 f47535 r658107014 p500
 320065310=60129116+157167613+116190543 i112493230 u254069107 u0 t26.604
2328915 2120000 98 4 w18052109 r65748298 m66529017 f47885 r661549022 p500
 321540226=60409484+157900375+116714932 i113025804 u255227995 u0 t45.563
2339889 2130000 98 4 w18180466 r66207172 m66991535 f48217 r664959008 p500
 323065272=60697602+158658425+117258241 i113580150 u256422722 u0 t31.236
2350849 2140000 98 4 w18290610 r66635823 m67423174 f48493 r668126033 p500
 324569276=60981045+159406540+117794073 i114124429 u257602983 u0 t44.769
2361818 2150000 98 4 w18415754 r67072321 m67862920 f48829 r671327934 p500
 326046163=61261072+160142425+118317711 i114659582 u258762463 u0 t31.667
2372703 2160000 98 4 w18542459 r67529347 m68323590 f49151 r674746819 p500
 327582195=61550056+160900281+118871928 i115213190 u259968637 u0 t36.948
2383611 2170000 98 4 w18657367 r67951455 m68749011 f49448 r677869197 p500
 329020933=61822910+161615512+119384128 i115732154 u261099949 u0 t35.287
2394538 2180000 98 4 w18768615 r68367518 m69168067 f49718 r680863027 p500
 330471640=62098697+162341500+119894769 i116257732 u262239479 u0 t32.83
2405448 2190000 98 4 w18906696 r68857804 m69662462 f50068 r684554174 p500
 332047282=62396171+163128686+120452548 i116827995 u263476741 u0 t52.86
2416385 2200000 98 4 w19019365 r69290588 m70098353 f50368 r687685197 p500
 333572677=62685022+163886371+120996698 i117379552 u264674311 u0 t39.136
2427291 2210000 98 4 w19146520 r69739386 m70550439 f50704 r690945693 p500
 335055154=62966105+164620723+121527332 i117911402 u265842186 u0 t52.596
2438224 2220000 98 4 w19251407 r70165386 m70979459 f50976 r694027633 p500
 336562228=63251799+165373345+122060347 i118457568 u267025040 u0 t37.852
2449156 2230000 98 4 w19383697 r70632355 m71450261 f51323 r697427795 p500
 338098470=63544181+166137065+122607037 i119008478 u268235901 u0 t42.954
2460085 2240000 98 4 w19526171 r71119747 m71941537 f51692 r701056851 p500
 339674657=63843460+166921569+123166530 i119583345 u269468577 u0 t47.405
2471031 2250000 98 4 w19645001 r71593573 m72418774 f52004 r704475735 p500
 341328221=64154313+167736404+123763464 i120180402 u270765685 u0 t53.017
2481891 2260000 98 4 w19768833 r72060672 m72889183 f52322 r707832932 p500
 342920094=64455060+168519044+124339193 i120751508 u272017855 u0 t43.639
2492839 2270000 98 4 w19915253 r72561667 m73394373 f52685 r711512206 p500
 344524932=64756130+169308970+124920291 i121328572 u273279554 u0 t61.564
2503770 2280000 98 4 w20042056 r73041390 m73877503 f53002 r714977678 p500
 346165173=65065475+170120749+125508611 i121922886 u274565137 u0 t48.088
2514685 2290000 98 4 w20176019 r73534437 m74374457 f53344 r718572550 p500
 347777859=65367628+170914357+126092672 i122505959 u275829743 u0 t47.667
2525687 2300000 98 4 w20308961 r74028415 m74872084 f53664 r722102400 p500
 349430556=65676533+171726819+126692647 i123100432 u277127405 u0 t51.933
2536614 2310000 98 4 w20454594 r74543605 m75391402 f54045 r725874285 p500
 351071462=65982636+172534843+127287338 i123692742 u278414490 u0 t61.929
2547690 2320000 98 4 w20584727 r75046204 m75897488 f54384 r729461996 p500
 352775789=66300993+173374078+127904919 i124314090 u279744693 u0 t51.182
2558712 2330000 98 4 w20722192 r75555025 m76410022 f54736 r733102578 p500
 354479327=66619347+174214406+128520924 i124930796 u281078979 u0 t65.359
2569709 2340000 98 4 w20877765 r76086856 m76946202 f55135 r736966618 p500
 356119816=66929029+175032721+129102657 i125525847 u282365767 u0 t58.823
Total lines processed: 2343221
Block Count:1, 124
Avg Block Count:1013971
Avg Max Count:0, 20201, 98
Block Count:7371, 869288
Avg Block Count:100
Avg Max Count:180, 147, 98
Level Count:2
Level Count:4
2542094 4
1373887 4
Max word len: 98
Total words generated: 356685551
Words inserted 125732438
Words updated: 282807358
cache requests:  0, Misses: 0, Flush#: 5
cache requests:  738187197, Misses: 77118389, Flush#: 55248
