Csz: 2, pgsz: 4096
File page count: 0
File page count: 0
Stg buf: 32mb, Idx1 buf: 32mb, Idx1+ buf: 16mb
Idx1 entry count limit: 25 million, Idx2 buf: 32mb
File page count: 0
10988 10000 60 1 w0 r0 m0 f0 r0 p20
 1502009=280567+736357+547318 i721658 u998423 u0 t1.739
22023 20000 60 3 w7694 r0 m0 f366 r0 p20
 2970299=556558+1459020+1077812 i1308333 u2093771 u0 t2.321
Idx1+ positiv: 26 52603 
Idx1+ lookups: 26 52603 
33024 30000 60 3 w14119 r10779 m16665 f401 r1180702 p500
 4455591=837142+2190955+1612898 i1903430 u3200536 u0 t2.291
44043 40000 66 3 w21286 r30709 m39212 f411 r2413737 p500
 6021768=1126498+2950354+2194339 i2491321 u4403390 u0 t2.486
55121 50000 66 3 w34067 r60088 m71611 f430 r3517144 p500
 7457432=1399039+3657323+2711810 i3036940 u5503152 u0 t2.349
Idx1+ positiv: 2497 234911 
Idx1+ lookups: 2497 234895 
66115 60000 66 3 w50609 r97955 m114886 f453 r4838166 p500
 8882525=1666288+4349737+3237298 i3564529 u6606016 u0 t2.481
77117 70000 66 4 w66318 r142742 m163976 f475 r6301281 p500
 10323681=1938542+5063745+3753209 i4110834 u7711956 u0 t2.586
88102 80000 66 4 w87509 r195803 m221502 f509 r8113970 p500
 11702242=2200826+5741136+4250267 i4625439 u8777371 u0 t2.448
Idx1+ positiv: 7069 467354 
Idx1+ lookups: 7069 467271 
99095 90000 66 4 w111504 r257518 m288059 f547 r10025927 p500
 13139065=2468368+6445510+4774403 i5158038 u9890172 u0 t2.608
110113 100000 66 4 w137762 r322343 m357106 f591 r11708797 p500
 14570300=2739305+7152735+5287868 i5681249 u11007442 u0 t2.545
121109 110000 66 4 w164738 r392008 m430816 f637 r13422123 p500
 15981984=3006512+7851613+5792984 i6200226 u12106563 u0 t2.58
Idx1+ positiv: 17101 714275 
Idx1+ lookups: 17101 713937 
132028 120000 66 4 w196710 r471334 m514274 f693 r15197510 p500
 17532484=3286822+8590277+6386159 i6735716 u13339858 u0 t2.726
142990 130000 66 4 w233013 r555930 m603158 f757 r17085215 p500
 18986448=3562710+9311119+6905248 i7259550 u14482843 u0 t2.758
153925 140000 66 4 w270918 r646479 m698000 f824 r18927038 p500
 20474477=3841729+10051396+7435263 i7798302 u15649796 u0 t2.807
Idx1+ positiv: 42687 978860 
Idx1+ lookups: 42687 977895 
164855 150000 66 4 w310347 r740647 m796351 f896 r20722357 p500
 21982251=4126056+10796461+7976893 i8343607 u16832260 u0 t2.873
175812 160000 66 4 w357315 r843152 m903396 f981 r22651398 p500
 23584909=4417148+11560934+8588302 i8899972 u18104193 u0 t2.999
186797 170000 66 4 w404592 r948268 m1013042 f1069 r24566676 p500
 25060643=4694278+12291216+9118384 i9434115 u19261701 u0 t2.947
Idx1+ positiv: 91835 1253620 
Idx1+ lookups: 91835 1251547 
197847 180000 66 4 w449023 r1050843 m1119464 f1151 r26246564 p500
 26594805=4977567+13035840+9687961 i9977564 u20472150 u0 t2.905
208776 190000 66 4 w505619 r1169063 m1242519 f1256 r28278735 p500
 28107430=5261667+13783743+10232285 i10519345 u21663902 u0 t3.497
219728 200000 66 4 w560006 r1285614 m1363428 f1358 r30153598 p500
 29612928=5546285+14529981+10770299 i11057904 u22851714 u0 t3.085
Idx1+ positiv: 170107 1543898 
Idx1+ lookups: 170107 1539855 
230584 210000 66 4 w614902 r1405384 m1487328 f1462 r31975394 p500
 31176719=5839236+15302598+11333221 i11607423 u24093619 u0 t3.105
241548 220000 66 4 w678165 r1533119 m1619570 f1584 r33959218 p500
 32683216=6122373+16045650+11876729 i12143347 u25283791 u0 t3.171
252514 230000 66 4 w739885 r1663562 m1754289 f1703 r35864605 p500
 34281334=6415992+16823378+12467909 i12700227 u26554127 u0 t3.245
Idx1+ positiv: 277958 1840436 
Idx1+ lookups: 277958 1833235 
263483 240000 66 4 w801952 r1792222 m1886885 f1822 r37689694 p500
 35779646=6698842+17564571+13004988 i13233826 u27737915 u0 t3.124
274496 250000 66 4 w868319 r1929467 m2028322 f1952 r39620209 p500
 37310769=6986369+18323484+13553505 i13775611 u28950756 u0 t3.224
285461 260000 66 4 w933791 r2063075 m2165856 f2078 r41420759 p500
 38803051=7268863+19066410+14083606 i14302866 u30134972 u0 t3.15
Idx1+ positiv: 412902 2146216 
Idx1+ lookups: 412902 2134392 
296415 270000 66 4 w1002419 r2201654 m2308511 f2213 r43292856 p500
 40291660=7548931+19800727+14620226 i14826991 u31316461 u0 t3.176
307437 280000 66 4 w1073717 r2342998 m2453897 f2351 r45120815 p500
 41798390=7832680+20548382+15159093 i15355450 u32515260 u0 t3.221
318462 290000 66 4 w1151932 r2500025 m2615459 f2503 r47183214 p500
 43400958=8135339+21341253+15733409 i15918714 u33788625 u0 t3.474
Idx1+ positiv: 569461 2460110 
Idx1+ lookups: 569461 2441724 
329483 300000 66 4 w1235009 r2662181 m2782073 f2665 r49226319 p500
 45028067=8442234+22155263+16308545 i16495726 u35078280 u0 t3.547
340525 310000 66 4 w1312047 r2817324 m2941574 f2815 r51150850 p500
 46615498=8738046+22934138+16886727 i17042389 u36348822 u0 t3.388
Idx1+ positiv: 743005 2773458 
Idx1+ lookups: 743004 2746250 
351480 320000 94 4 w1393344 r2976765 m3105301 f2974 r53081633 p500
 48198444=9038935+23721499+17447383 i17589745 u37615732 u0 t3.66
362496 330000 94 4 w1472362 r3133886 m3266568 f3131 r54962048 p500
 49733444=9330284+24482692+17993474 i18121544 u38843679 u0 t3.435
373551 340000 94 4 w1558216 r3299528 m3436438 f3301 r56883022 p500
 51290420=9626097+25253246+18550462 i18664017 u40086237 u0 t3.463
Idx1+ positiv: 939762 3095693 
Idx1+ lookups: 939759 3056735 
384689 350000 94 4 w1642989 r3465725 m3606932 f3470 r58809165 p500
 52863841=9922129+26021395+19125405 i19209474 u41342229 u0 t3.514
395874 360000 94 4 w1731870 r3638436 m3783937 f3648 r60782819 p500
 54481113=10221859+26805577+19724920 i19773631 u42627208 u0 t3.735
406862 370000 94 4 w1831183 r3824444 m3974699 f3845 r62925810 p500
 56127737=10531055+27599843+20335875 i20342708 u43940911 u0 t3.743
Idx1+ positiv: 1155442 3420170 
Idx1+ lookups: 1155439 3366011 
417894 380000 94 4 w1919112 r3997066 m4151539 f4017 r64809084 p500
 57710652=10827571+28373736+20913921 i20895008 u45200677 u0 t3.573
428912 390000 94 4 w2013165 r4176490 m4335315 f4201 r66773968 p500
 59267668=11118998+29134387+21483671 i21435455 u46442306 u0 t3.596
439874 400000 94 4 w2097566 r4347472 m4510067 f4369 r68573612 p500
 60798949=11403897+29878773+22048738 i21959553 u47669752 u0 t3.409
Idx1+ positiv: 1385975 3753518 
Idx1+ lookups: 1385972 3680793 
450859 410000 94 4 w2194573 r4530614 m4697390 f4560 r70514459 p500
 62344803=11692810+30638301+22610561 i22494165 u48905447 u0 t3.668
461847 420000 94 4 w2293298 r4717233 m4888311 f4756 r72503605 p500
 63844431=11974358+31373784+23155226 i23011006 u50105874 u0 t3.694
472807 430000 94 4 w2377968 r4894289 m5068947 f4928 r74231426 p500
 65437780=12274970+32155539+23733015 i23558865 u51382722 u0 t3.513
Idx1+ positiv: 1632682 4095957 
Idx1+ lookups: 1632677 4000345 
483790 440000 94 4 w2490725 r5105534 m5285031 f5153 r76428412 p500
 67045767=12575174+32948774+24314528 i24113881 u52669891 u0 t4.026
494708 450000 94 4 w2597901 r5313980 m5497720 f5369 r78476592 p500
 68699472=12883619+33764275+24912530 i24683035 u53994794 u0 t3.985
Idx1+ positiv: 1895844 4449261 
Idx1+ lookups: 1895838 4325919 
505590 460000 94 4 w2706644 r5525000 m5713102 f5588 r80530841 p500
 70351532=13192036+34579703+25508940 i25251411 u55319319 u0 t3.96
516566 470000 94 4 w2801158 r5724899 m5916694 f5777 r82381102 p500
 71990802=13497983+35383004+26106829 i25810831 u56635874 u0 t3.987
527520 480000 94 4 w2925151 r5955657 m6152417 f6026 r84667493 p500
 73645399=13806248+36198720+26705964 i26378973 u57962475 u0 t4.122
Idx1+ positiv: 2167697 4810927 
Idx1+ lookups: 2167689 4654852 
538466 490000 94 4 w3036675 r6178312 m6379526 f6250 r86762121 p500
 75322036=14118226+37019796+27319560 i26948054 u59312166 u0 t4.242
549399 500000 94 4 w3146285 r6401466 m6606884 f6470 r88810868 p500
 77023425=14443739+37852951+27939452 i27526862 u60681039 u0 t4.141
Idx1+ positiv: 2456238 5181982 
Idx1+ lookups: 2456226 4987931 
560288 510000 94 4 w3266900 r6636061 m6845910 f6711 r90981671 p500
 78683779=14754211+38673947+28537979 i28091320 u62018773 u0 t4.24
571192 520000 94 4 w3376389 r6858115 m7071906 f6934 r92946236 p500
 80352712=15063905+39495351+29144443 i28657662 u63363124 u0 t4.162
582148 530000 94 4 w3498099 r7096786 m7314969 f7177 r95088968 p500
 82036336=15378372+40322769+29756566 i29227365 u64721435 u0 t4.262
Idx1+ positiv: 2756328 5556812 
Idx1+ lookups: 2756312 5318569 
593039 540000 94 4 w3621466 r7344835 m7567510 f7428 r97292737 p500
 83771290=15699382+41171815+30392891 i29808106 u66125812 u0 t4.463
604123 550000 94 4 w3728582 r7559731 m7786347 f7644 r99165857 p500
 85292841=15985696+41911091+30952926 i30314263 u67360934 u0 t3.754
615220 560000 94 4 w3811784 r7733760 m7963496 f7811 r100669601 p500
 86578406=16228956+42541143+31420369 i30738024 u68409925 u0 t3.333
Idx1+ positiv: 3082771 5937596 
Idx1+ lookups: 3082747 5650010 
626410 570000 94 4 w3902595 r7913726 m8146622 f7995 r102220576 p500
 87844101=16466215+43152805+31889826 i31153469 u69442381 u0 t3.161
637646 580000 94 4 w3995344 r8093756 m8329986 f8181 r103806222 p500
 89076810=16700413+43755344+32338702 i31557593 u70450375 u0 t3.231
cache requests:  104182269, Misses: 8374841, Flush#: 8221
File page count: 245206
File page count: 0
648847 590000 94 3 w3637 r0 m0 f173 r0 p20
 90374030=16941574+44376422+32827115 i31966366 u71523315 u0 t2.959
660023 600000 94 3 w8195 r1 m203 f390 r38145 p500
 91532382=17161983+44938682+33251932 i32345161 u72471010 u0 t2.439
Idx1+ positiv: 3427145 8242 6310487 
Idx1+ lookups: 3427117 8242 5969244 
671169 610000 94 3 w12247 r2744 m6490 f397 r816632 p500
 92677881=17380618+45496976+33670550 i32718197 u73410143 u0 t2.358
682330 620000 94 3 w15883 r8212 m13766 f401 r1477236 p500
 93822077=17600425+46050280+34090645 i33083039 u74355116 u0 t2.357
693457 630000 94 3 w26488 r18546 m27356 f415 r2399296 p500
 95055697=17831544+46649550+34545330 i33468608 u75381065 u0 t2.569
Idx1+ positiv: 3806763 66472 6637478 
Idx1+ lookups: 3806727 66469 6242555 
704731 640000 94 3 w35449 r30832 m42474 f428 r3102390 p500
 96294487=18063003+47246521+35007532 i33856837 u76409317 u0 t2.486
715916 650000 94 3 w47426 r47024 m61918 f445 r3855662 p500
 97439920=18281492+47802828+35427035 i34221112 u77357055 u0 t2.397
727122 660000 94 4 w62284 r68326 m86923 f467 r4733570 p500
 98670868=18515586+48399959+35879326 i34613097 u78374360 u0 t2.603
738273 670000 94 4 w76144 r92993 m115218 f488 r5923795 p500
 99875743=18744879+48985343+36321344 i34995417 u79372321 u0 t2.541
Idx1+ positiv: 4194479 160259 6932747 
Idx1+ lookups: 4194427 160233 6484590 
749495 680000 94 4 w93375 r119688 m145276 f515 r7123777 p500
 101042383=18969139+49551143+36748337 i35359793 u80344622 u0 t2.483
760693 690000 94 4 w110650 r151120 m179930 f543 r8306260 p500
 102254980=19199662+50136770+37196455 i35745756 u81346583 u0 t2.577
771972 700000 94 4 w130793 r185627 m217600 f577 r9494100 p500
 103465720=19428892+50723315+37642786 i36132105 u82346455 u0 t2.582
783287 710000 94 4 w150617 r222060 m257256 f610 r10685123 p500
 104639900=19653350+51296043+38070532 i36505593 u83318254 u0 t2.6
Idx1+ positiv: 4584645 278334 7205287 
Idx1+ lookups: 4584577 278188 6703873 
794503 720000 94 4 w175588 r262908 m301532 f653 r11972625 p500
 105795637=19874772+51860524+38490375 i36873961 u84274278 u0 t2.607
805629 730000 94 4 w198695 r305849 m347540 f693 r13176728 p500
 107012879=20104345+52440052+38949652 i37259489 u85279746 u0 t2.64
816809 740000 94 4 w221799 r348954 m393709 f733 r14326257 p500
 108170750=20322040+52988329+39390324 i37619229 u86241780 u0 t2.492
Idx1+ positiv: 5016555 418959 7451682 
Idx1+ lookups: 5016469 418536 6898075 
827890 750000 94 4 w247324 r395096 m442831 f778 r15483082 p500
 109346023=20541989+53535547+39846975 i37977502 u87223327 u0 t2.505
839058 760000 94 4 w274968 r444341 m495336 f827 r16698116 p500
 110457274=20754203+54068761+40260181 i38323939 u88148408 u0 t2.465
850231 770000 94 4 w301546 r495692 m549723 f874 r17861930 p500
 111644530=20977813+54640699+40701567 i38695996 u89134254 u0 t2.582
861324 780000 94 4 w331304 r548484 m605720 f927 r19032157 p500
 112756712=21190675+55177904+41111668 i39049258 u90054260 u0 t2.495
Idx1+ positiv: 5433460 581085 7681439 
Idx1+ lookups: 5433361 580014 7075726 
872344 790000 94 4 w360854 r602028 m662261 f980 r20159695 p500
 113901230=21409743+55727856+41536166 i39404322 u91009304 u0 t2.528
883522 800000 94 4 w395010 r664167 m727835 f1042 r21498043 p500
 115052446=21630279+56283615+41960828 i39763793 u91967878 u0 t2.803
894714 810000 94 4 w425839 r719797 m786166 f1098 r22559196 p500
 116160183=21843397+56812897+42374928 i40110762 u92888250 u0 t2.546
905844 820000 94 4 w458021 r778600 m847762 f1157 r23694324 p500
 117283223=22058021+57355645+42788962 i40460550 u93823978 u0 t2.527
Idx1+ positiv: 5849993 756138 7897457 
Idx1+ lookups: 5849876 753939 7240105 
916882 830000 94 4 w496267 r849344 m921754 f1228 r25020316 p500
 118549967=22298052+57962861+43262652 i40859603 u94873202 u0 t2.843
927964 840000 94 4 w538313 r921917 m997749 f1305 r26381774 p500
 119743936=22526809+58544733+43697164 i41241924 u95859150 u0 t2.776
939033 850000 94 4 w577059 r994020 m1072768 f1378 r27586535 p500
 121004026=22765154+59154770+44162145 i41645745 u96897513 u0 t2.878
950128 860000 94 4 w623977 r1075589 m1158028 f1465 r29071456 p500
 122238911=23000263+59758465+44610481 i42043108 u97914922 u0 t2.963
Idx1+ positiv: 6256261 947997 8107500 
Idx1+ lookups: 6256120 943762 7396874 
961260 870000 94 4 w670105 r1156332 m1242066 f1551 r30447084 p500
 123458245=23233306+60350981+45056196 i42433490 u98920791 u0 t2.86
972424 880000 94 4 w710817 r1231688 m1320225 f1629 r31620226 p500
 124673076=23464513+60935225+45507237 i42821213 u99922814 u0 t2.769
983571 890000 94 4 w756045 r1312457 m1404094 f1715 r32912944 p500
 125884344=23693920+61524697+45951042 i43211527 u100919140 u0 t2.817
Idx1+ positiv: 6678258 1151578 8308546 
Idx1+ lookups: 6678097 1144315 7544857 
994789 900000 94 4 w802319 r1396013 m1490777 f1802 r34180809 p500
 127057734=23916914+62089299+46386563 i43580045 u101893269 u0 t2.75
1005944 910000 94 4 w845271 r1475899 m1573727 f1883 r35436049 p500
 128303145=24152135+62684289+46852631 i43953643 u102943328 u0 t2.775
1017100 920000 94 4 w899193 r1564633 m1665808 f1986 r36784013 p500
 129430532=24368313+63227679+47268900 i44308995 u103878668 u0 t2.723
1028294 930000 94 4 w936841 r1639493 m1743189 f2059 r37821226 p500
 130528677=24578028+63757612+47674284 i44653363 u104791391 u0 t2.515
Idx1+ positiv: 7125811 1365603 8494079 
Idx1+ lookups: 7125634 1353899 7679096 
1039422 940000 94 4 w987512 r1729107 m1836006 f2157 r39124781 p500
 131687827=24798360+64320403+48099629 i45020146 u105751887 u0 t2.779
1050473 950000 94 4 w1040526 r1819539 m1929571 f2259 r40428064 p500
 132854633=25020472+64887893+48525919 i45382954 u106725305 u0 t2.782
1061568 960000 94 4 w1083689 r1904183 m2016814 f2342 r41532447 p500
 134043070=25250333+65467521+48956681 i45748478 u107722591 u0 t2.693
1072599 970000 94 4 w1145909 r2010378 m2126610 f2462 r43017773 p500
 135291847=25485760+66067542+49422293 i46131273 u108767600 u0 t3.095
Idx1+ positiv: 7566414 1589067 8669397 
Idx1+ lookups: 7566209 1571275 7803573 
1083733 980000 94 4 w1192602 r2096000 m2214950 f2552 r44160725 p500
 136399100=25701026+66611278+49818919 i46476230 u109692909 u0 t2.673
1094785 990000 94 4 w1241239 r2186028 m2307673 f2647 r45305263 p500
 137519050=25917257+67155540+50227043 i46828317 u110624225 u0 t2.681
1105876 1000000 94 4 w1300541 r2288386 m2413247 f2761 r46656106 p500
 138665713=26137695+67717784+50640862 i47189682 u111577910 u0 t2.841
Idx1+ positiv: 8007956 1826118 8841631 
Idx1+ lookups: 8007726 1800303 7924541 
1117034 1010000 94 4 w1349595 r2380421 m2507845 f2857 r47795256 p500
 139787403=26354448+68264708+51048328 i47543677 u112509284 u0 t2.884
1128112 1020000 94 4 w1407099 r2481392 m2611851 f2968 r49089322 p500
 140921791=26573668+68822755+51454807 i47903574 u113450814 u0 t2.892
1139060 1030000 94 4 w1463974 r2588474 m2722038 f3081 r50389918 p500
 142169262=26814500+69435817+51902697 i48305644 u114479384 u0 t3.006
1150007 1040000 94 4 w1536677 r2715697 m2852919 f3223 r51942678 p500
 143561529=27079998+70114418+52410413 i48756372 u115622859 u0 t3.597
Idx1+ positiv: 8432451 2070298 9013969 
Idx1+ lookups: 8432199 2033546 8043919 
1160894 1050000 94 4 w1615110 r2854171 m2995590 f3376 r53661492 p500
 144998334=27351326+70820475+52930359 i49227484 u116797892 u0 t3.675
1171814 1060000 94 4 w1695501 r2990561 m3135804 f3533 r55276387 p500
 146379096=27613815+71499763+53428048 i49684910 u117922796 u0 t3.551
1182789 1070000 94 4 w1770270 r3126704 m3275558 f3679 r56841107 p500
 147771413=27879098+72187374+53926681 i50151397 u119052749 u0 t3.499
Idx1+ positiv: 8847084 2323192 9184101 
Idx1+ lookups: 8846786 2272483 8160771 
1193726 1080000 94 4 w1846191 r3260666 m3413236 f3827 r58400772 p500
 149134067=28139227+72857138+54417549 i50605169 u120160774 u0 t3.564
1204582 1090000 94 4 w1925781 r3404037 m3560093 f3986 r59973279 p500
 150558189=28410800+73563244+54924922 i51084316 u121314826 u0 t3.703
1215452 1100000 94 4 w2015092 r3560757 m3720764 f4162 r61720770 p500
 152005113=28686816+74275924+55445128 i51565962 u122491171 u0 t3.761
Idx1+ positiv: 9251783 2592169 9347021 
Idx1+ lookups: 9251446 2523882 8270999 
1226363 1110000 94 4 w2098883 r3712633 m3876309 f4328 r63341540 p500
 153500823=28969235+75014161+55983169 i52068960 u123702581 u0 t3.954
1237247 1120000 94 4 w2180487 r3863565 m4030822 f4488 r64945779 p500
 154937436=29243149+75724625+56496704 i52553494 u124865109 u0 t3.697
1248176 1130000 94 4 w2272918 r4029177 m4200456 f4671 r66706197 p500
 156402735=29522272+76447278+57022338 i53046504 u126051857 u0 t3.968
Idx1+ positiv: 9658965 2871273 9504144 
Idx1+ lookups: 9658592 2781459 8374940 
1259068 1140000 94 4 w2358933 r4187043 m4361906 f4845 r68322039 p500
 157861130=29797985+77168674+57545265 i53542304 u127227649 u0 t4.385
1269968 1150000 94 4 w2459098 r4362315 m4541352 f5045 r70157833 p500
 159329507=30076803+77900612+58066164 i54044588 u128409488 u0 t3.952
1280888 1160000 94 4 w2545264 r4524629 m4707063 f5218 r71750324 p500
 160787360=30353505+78624948+58585504 i54547199 u129578567 u0 t3.875
Idx1+ positiv: 10060219 3156133 9659440 
Idx1+ lookups: 10059796 3040207 8476804 
1291754 1170000 94 4 w2640092 r4696502 m4882864 f5406 r73466946 p500
 162257086=30632524+79353396+59110035 i55051602 u130759631 u0 t4.009
1302652 1180000 94 4 w2734830 r4869989 m5059998 f5595 r75142362 p500
 163740225=30914948+80088433+59638609 i55561472 u131951103 u0 t4.04
1313613 1190000 94 4 w2836533 r5054243 m5248256 f5801 r76946697 p500
 165222365=31196415+80824289+60167001 i56068590 u133143853 u0 t4.093
Idx1+ positiv: 10456949 3455287 9807895 
Idx1+ lookups: 10456463 3308213 8572495 
1324596 1200000 94 4 w2929674 r5229092 m5426851 f5989 r78602230 p500
 166705142=31477697+81562307+60693492 i56582039 u134331394 u0 t4.11
1335456 1210000 94 4 w3035786 r5420585 m5622314 f6201 r80395668 p500
 168224635=31765451+82316176+61235830 i57110132 u135545695 u0 t5.111
1346441 1220000 94 4 w3144912 r5621034 m5827140 f6419 r82287768 p500
 169783151=32059976+83084342+61797326 i57643008 u136798620 u0 t4.507
Idx1+ positiv: 10851139 3761568 9953550 
Idx1+ lookups: 10850606 3578643 8665533 
1357399 1230000 94 4 w3251511 r5818984 m6029151 f6631 r84103678 p500
 171340127=32353047+83856368+62354089 i58186874 u138039512 u0 t4.269
1368385 1240000 94 4 w3353567 r6015073 m6229080 f6836 r85824547 p500
 172947613=32655799+84649796+62933488 i58746429 u139321825 u0 t4.339
1379469 1250000 94 4 w3478627 r6240161 m6458770 f7087 r87889390 p500
 174578358=32960715+85458237+63518400 i59320785 u140616058 u0 t4.756
Idx1+ positiv: 11237773 4080705 10096137 
Idx1+ lookups: 11237186 3855626 8755651 
1390543 1260000 94 4 w3589172 r6451654 m6674337 f7310 r89736376 p500
 176216496=33265768+86260659+64117377 i59894489 u141917091 u0 t4.497
1401635 1270000 94 4 w3704346 r6667105 m6893893 f7542 r91612374 p500
 177844400=33572064+87068311+64699573 i60463115 u143214759 u0 t4.747
Idx1+ positiv: 11631040 4402723 10233860 
Idx1+ lookups: 11630391 4129529 8841206 
1412662 1280000 94 4 w3834314 r6900176 m7131600 f7804 r93669083 p500
 179448464=33876559+87868585+65267070 i61030681 u144487686 u0 t4.812
1423732 1290000 94 4 w3939972 r7107376 m7342624 f8018 r95408787 p500
 181048818=34176735+88658077+65844470 i61592715 u145759508 u0 t4.346
cache requests:  96675530, Misses: 7489596, Flush#: 8180
File page count: 246271
File page count: 0
1434749 1300000 94 3 w2126 r0 m0 f101 r0 p20
 182708017=34486060+89473649+66447223 i62185225 u147067003 u0 t4.489
Idx1+ positiv: 12016843 1925 4733085 10369299 
Idx1+ lookups: 12016125 1925 4404894 8924026 
1445738 1310000 94 3 w9867 r533 m2258 f393 r325140 p500
 184393707=34802515+90300279+67060585 i62791904 u148390584 u0 t4.148
1456743 1320000 94 3 w15314 r5956 m10629 f400 r1264460 p500
 186070233=35117420+91124338+67668658 i63392464 u149710289 u0 t3.861
Idx1+ positiv: 12397690 34613 5039552 10501598 
Idx1+ lookups: 12396894 34604 4654915 9003983 
1467716 1330000 94 3 w29139 r18576 m27596 f419 r2435503 p500
 187826318=35446440+91987570+68306202 i64017854 u151095939 u0 t4.249
1478847 1340000 94 3 w47752 r39215 m53835 f445 r3670824 p500
 189576204=35770547+92843092+68948286 i64643302 u152472888 u0 t4.463
1489858 1350000 94 4 w68115 r66105 m85796 f476 r5027992 p500
 191293706=36091274+93689714+69570365 i65264616 u153818832 u0 t4.157
Idx1+ positiv: 12774513 98782 5321056 10630969 
Idx1+ lookups: 12773632 98751 4879658 9080660 
1500812 1360000 94 4 w93321 r99677 m124474 f516 r6741193 p500
 192945491=36397576+94496222+70177412 i65862178 u155111855 u0 t4.034
1511816 1370000 94 4 w119494 r139407 m168950 f559 r8369173 p500
 194629037=36712329+95326971+70785495 i66469916 u156433050 u0 t4.116
1522795 1380000 94 4 w151812 r184973 m219020 f614 r10024923 p500
 196261107=37016280+96132860+71375071 i67060750 u157711492 u0 t4.1
Idx1+ positiv: 13154097 186289 5582818 10759542 
Idx1+ lookups: 13153122 186163 5084999 9156403 
1533703 1390000 94 4 w186986 r237487 m276299 f675 r11735900 p500
 197916580=37324592+96947275+71976458 i67670592 u158997547 u0 t4.158
1544569 1400000 94 4 w223844 r295146 m338682 f739 r13425251 p500
 199559259=37633478+97759355+72566898 i68274484 u160276367 u0 t4.144
Idx1+ positiv: 13532629 295701 5829010 10884967 
Idx1+ lookups: 13531576 295290 5274647 9228813 
1555499 1410000 94 4 w269238 r363100 m411901 f819 r15255523 p500
 201315494=37961628+98624605+73202706 i68923663 u161638366 u0 t4.451
1566395 1420000 94 4 w317726 r436470 m490258 f906 r17041398 p500
 203040851=38283744+99480615+73821800 i69559675 u162979543 u0 t4.409
1577238 1430000 94 4 w367716 r514202 m573000 f996 r18829662 p500
 204769957=38606559+100338547+74442479 i70192550 u164327730 u0 t4.429
Idx1+ positiv: 13906101 419937 6060254 11006558 
Idx1+ lookups: 13904943 418834 5449792 9297537 
1588118 1440000 98 4 w423313 r600383 m664190 f1097 r20677789 p500
 206501964=38930451+101195825+75064964 i70836605 u165667976 u0 t4.501
1598949 1450000 98 4 w484512 r694896 m764016 f1210 r22649842 p500
 208268958=39258963+102068645+75703593 i71493610 u167034963 u0 t4.706
Idx1+ positiv: 14276088 562245 6280087 11125913 
Idx1+ lookups: 14274833 559859 5614053 9364490 
1609797 1460000 98 4 w540838 r787526 m860874 f1315 r24294459 p500
 210044947=39588611+102945770+76346406 i72155285 u168406800 u0 t4.626
1620630 1470000 98 4 w610279 r892679 m971252 f1444 r26241805 p500
 211794585=39917933+103814704+76971470 i72806460 u169760674 u0 t4.653
1631477 1480000 98 4 w677671 r998714 m1082069 f1571 r28057837 p500
 213544045=40245037+104679189+77602221 i73459411 u171111404 u0 t4.591
Idx1+ positiv: 14644911 717872 6488207 11243829 
Idx1+ lookups: 14643536 713403 5766687 9430867 
1642373 1490000 98 4 w750312 r1114241 m1202622 f1707 r29971052 p500
 215341282=40581295+105569208+78248299 i74127061 u172502811 u0 t4.754
1653233 1500000 98 4 w829275 r1237740 m1331164 f1857 r31913047 p500
 217140861=40916401+106459891+78897104 i74797077 u173894355 u0 t4.795
Idx1+ positiv: 15013516 887771 6685246 11359093 
Idx1+ lookups: 15012033 879805 5908830 9494382 
1664130 1510000 98 4 w914535 r1367599 m1466403 f2019 r33950788 p500
 218918863=41246819+107335188+79542979 i75458517 u175268428 u0 t4.832
1675034 1520000 98 4 w990923 r1493152 m1596507 f2165 r35735050 p500
 220707784=41578832+108217124+80191733 i76123296 u176652040 u0 t4.722
1685958 1530000 98 4 w1073677 r1626511 m1734713 f2322 r37603184 p500
 222527080=41916354+109112653+80853015 i76804596 u178053778 u0 t6.265
Idx1+ positiv: 15380979 1069839 6872808 11470546 
Idx1+ lookups: 15379384 1057124 6042709 9554911 
1696847 1540000 98 4 w1164035 r1769564 m1882786 f2495 r39587272 p500
 224315178=42247473+109988212+81508049 i77472783 u179431513 u0 t5.861
1707676 1550000 98 4 w1257874 r1918987 m2037412 f2677 r41605749 p500
 226145550=42585444+110889061+82174592 i78158734 u180840491 u0 t5.508
Idx1+ positiv: 15751942 1266520 7052896 11582312 
Idx1+ lookups: 15750221 1247095 6168593 9615343 
1718573 1560000 98 4 w1349375 r2068859 m2192068 f2852 r43512118 p500
 227977335=42923424+111787999+82844857 i78848572 u182246255 u0 t4.984
1729487 1570000 98 4 w1450107 r2226834 m2355081 f3046 r45538317 p500
 229753615=43251320+112659502+83494703 i79514688 u183612860 u0 t5.054
Idx1+ positiv: 16120613 1474483 7226210 11691468 
Idx1+ lookups: 16118770 1445910 6288073 9673252 
1740347 1580000 98 4 w1538050 r2376252 m2508810 f3217 r47299284 p500
 231553104=43584046+113540125+84154536 i80193862 u184992651 u0 t4.966
1751207 1590000 98 4 w1645616 r2549474 m2687153 f3425 r49380324 p500
 233379940=43922520+114439161+84819335 i80883605 u186393638 u0 t5.197
1762023 1600000 98 4 w1754411 r2722959 m2865741 f3638 r51445482 p500
 235155843=44253361+115316780+85460372 i81553309 u187757848 u0 t5.206
Idx1+ positiv: 16491481 1693288 7396471 11799942 
Idx1+ lookups: 16489487 1652837 6404656 9730923 
1772878 1610000 98 4 w1856105 r2891202 m3038428 f3835 r53328329 p500
 236929770=44581602+116184385+86111454 i82222036 u189119058 u0 t5.112
1783723 1620000 98 4 w1960836 r3063429 m3215261 f4040 r55249195 p500
 238688807=44908360+117054935+86745918 i82890816 u190464819 u0 t5.088
Idx1+ positiv: 16860877 1922789 7558706 11906701 
Idx1+ lookups: 16858740 1867253 6513535 9786655 
1794607 1630000 98 4 w2072265 r3247952 m3404807 f4260 r57295524 p500
 240464479=45236722+117925167+87395629 i83567055 u191820059 u0 t5.169
1805498 1640000 98 4 w2174193 r3422793 m3584110 f4460 r59123288 p500
 242254153=45568300+118810419+88042816 i84248646 u193188031 u0 t5.059
1816421 1650000 98 4 w2289584 r3615727 m3781916 f4686 r61144766 p500
 244050465=45899876+119697682+88694298 i84938294 u194554838 u0 t5.394
Idx1+ positiv: 17230400 2164873 7716249 12012322 
Idx1+ lookups: 17228098 2090203 6617393 9841087 
1827273 1660000 98 4 w2407113 r3811804 m3982872 f4920 r63182755 p500
 245854599=46234183+120581771+89354321 i85624350 u195933166 u0 t5.323
1838160 1670000 98 4 w2524736 r4010463 m4186246 f5153 r65198818 p500
 247658504=46569017+121468086+90011465 i86313074 u197309093 u0 t5.398
Idx1+ positiv: 17599776 2416549 7868121 12115896 
Idx1+ lookups: 17597299 2318853 6716059 9893643 
1849005 1680000 98 4 w2639429 r4205045 m4385326 f5383 r67123162 p500
 249430278=46895842+122335533+90661291 i86984950 u198664700 u0 t5.207
1859879 1690000 98 4 w2751193 r4398110 m4582937 f5605 r68998851 p500
 251131279=47212315+123178813+91272934 i87637638 u199960827 u0 t5.016
1870739 1700000 98 4 w2873421 r4606260 m4795806 f5849 r71014515 p500
 252891045=47539369+124052324+91905247 i88312286 u201302283 u0 t5.572
Idx1+ positiv: 17970813 2679747 8016417 12216692 
Idx1+ lookups: 17968175 2554715 6811388 9944301 
1881698 1710000 98 4 w2986952 r4804326 m4998119 f6076 r72870824 p500
 254580511=47855132+124886720+92515242 i88958306 u202591598 u0 t5.129
1892578 1720000 98 4 w3104943 r5009572 m5207739 f6311 r74794856 p500
 256293646=48175630+125733252+93133036 i89612690 u203900037 u0 t5.159
Idx1+ positiv: 18342569 2956654 8160816 12317371 
Idx1+ lookups: 18339731 2799029 6903141 9994565 
1903425 1730000 98 4 w3231235 r5226637 m5429427 f6567 r76795067 p500
 258022915=48497011+126587322+93759138 i90275491 u205218116 u0 t5.645
1914319 1740000 98 4 w3359552 r5450227 m5657724 f6823 r78856097 p500
 259815209=48830592+127465985+94414637 i90956920 u206587663 u0 t5.37
1925121 1750000 98 4 w3481567 r5666998 m5878777 f7070 r80766688 p500
 261541348=49152781+128320704+95035878 i91619320 u207903190 u0 t5.195
Idx1+ positiv: 18713156 3240571 8302304 12417283 
Idx1+ lookups: 18710112 3045047 6991561 10044274 
1936035 1760000 98 4 w3616292 r5902247 m6119000 f7339 r82885261 p500
 263330395=49486167+129206644+95680325 i92308515 u209263524 u0 t5.513
1946942 1770000 98 4 w3738426 r6121928 m6342939 f7584 r84786252 p500
 265050284=49805914+130048834+96309106 i92960292 u210580147 u0 t5.109
Idx1+ positiv: 19085060 3539960 8437380 12515457 
Idx1+ lookups: 19081803 3300546 7074679 10092543 
1957829 1780000 98 4 w3865358 r6348646 m6574023 f7841 r86731496 p500
 266753303=50124838+130892409+96920932 i93617476 u211874784 u0 t5.264
1968722 1790000 98 4 w3991729 r6577265 m6807001 f8095 r88679072 p500
 268493552=50448739+131746780+97555161 i94284265 u213200306 u0 t5.452
1979581 1800000 98 4 w4121101 r6807741 m7041903 f8353 r90635971 p500
 270164288=50760785+132567358+98163038 i94927915 u214469498 u0 t5.281
Idx1+ positiv: 19460654 3844687 8571576 12612635 
Idx1+ lookups: 19457163 3554918 7155856 10139542 
1990482 1810000 98 4 w4247733 r7034328 m7272608 f8608 r92521511 p500
 271830252=51072079+133383609+98770962 i95566283 u215738416 u0 t5.47
cache requests:  93314821, Misses: 7370349, Flush#: 8714
File page count: 248220
File page count: 0
2001382 1820000 98 3 w4582 r0 m0 f218 r0 p20
 273492871=51381902+134197434+99378998 i96207910 u216999947 u0 t4.817
Idx1+ positiv: 19838813 6573 4153269 8702177 12707375 
Idx1+ lookups: 19835083 6573 3808307 7234648 10184484 
2012247 1830000 98 3 w10462 r1127 m3153 f394 r480473 p500
 275187120=51698829+135031055+99993704 i96857701 u218290316 u0 t4.535
2023129 1840000 98 3 w18171 r8287 m13703 f403 r1534860 p500
 276861603=52011532+135854419+100601958 i97497974 u219567253 u0 t4.399
2034053 1850000 98 3 w34018 r22193 m32479 f425 r2683897 p500
 278586086=52334286+136703614+101226354 i98157715 u220882576 u0 t4.568
Idx1+ positiv: 20216623 44660 4435776 8832645 12803721 
Idx1+ lookups: 20212662 44656 4034898 7313194 10230930 
2044917 1860000 98 3 w51668 r41313 m56207 f451 r3657242 p500
 280251224=52646494+137526857+101826009 i98795283 u222152916 u0 t4.351
2055814 1870000 98 4 w74428 r68133 m88215 f486 r4931044 p500
 281924750=52958788+138352252+102431703 i99445453 u223419558 u0 t4.487
2066728 1880000 98 4 w101117 r102936 m128186 f529 r6664412 p500
 283579260=53268199+139169715+103028509 i100080376 u224679937 u0 t4.494
Idx1+ positiv: 20594662 107619 4698061 8959925 12897597 
Idx1+ lookups: 20590413 107587 4241663 7388069 10275511 
2077660 1890000 98 4 w127735 r140244 m169644 f574 r8133805 p500
 285237044=53579292+139988643+103625286 i100715910 u225943495 u0 t4.527
2088614 1900000 98 4 w162650 r187029 m221166 f634 r9817186 p500
 286912655=53892335+140810185+104236352 i101360881 u227216299 u0 t4.561
Idx1+ positiv: 20976142 190043 4944402 9083767 12990191 
Idx1+ lookups: 20971659 189878 4432650 7460509 10318915 
2099586 1910000 98 4 w201434 r241231 m280585 f701 r11604670 p500
 288616243=54209093+141647327+104856783 i102011463 u228516068 u0 t4.692
2110524 1920000 98 4 w239547 r296670 m340651 f768 r13197219 p500
 290241237=54514629+142446303+105445717 i102634798 u229753578 u0 t4.465
2121483 1930000 98 4 w282906 r359151 m407833 f845 r14846659 p500
 291923570=54829825+143276743+106052519 i103283955 u231031784 u0 t4.639
Idx1+ positiv: 21356471 289243 5173592 9205834 13081779 
Idx1+ lookups: 21351731 288700 4606956 7531032 10361291 
2132440 1940000 98 4 w328480 r424710 m477931 f927 r16421038 p500
 293565784=55136148+144083806+106649839 i103917516 u232278390 u0 t4.544
2143340 1950000 98 4 w380464 r499457 m557556 f1021 r18180082 p500
 295239019=55448867+144906211+107257969 i104560329 u233551752 u0 t4.706
2154286 1960000 98 4 w435280 r580005 m642907 f1121 r19914514 p500
 296860107=55753648+145703015+107845359 i105183752 u234785302 u0 t4.798
Idx1+ positiv: 21738335 405257 5390593 9325883 13172658 
Idx1+ lookups: 21733342 403940 4769462 7599627 10402859 
2165157 1970000 98 4 w484868 r653792 m720731 f1212 r21399893 p500
 298412591=56044542+146464173+108410700 i105779689 u235966754 u0 t4.343
2176142 1980000 98 4 w538980 r734338 m805290 f1312 r22919346 p500
 299979496=56338337+147235354+108978397 i106383489 u237157693 u0 t4.418
Idx1+ positiv: 22123827 536233 5599764 9443557 13263499 
Idx1+ lookups: 22118546 533550 4924131 7666135 10444503 
2187090 1990000 98 4 w596975 r821820 m897027 f1420 r24522692 p500
 301618575=56644428+148044181+109570873 i107018568 u238400042 u0 t4.687
2198031 2000000 98 4 w662230 r915538 m995338 f1542 r26213537 p500
 303185210=56938923+148817650+110135184 i107623813 u239590079 u0 t4.551
2208970 2010000 98 4 w727936 r1013381 m1097739 f1665 r27896482 p500
 304752540=57232180+149587337+110705170 i108222789 u240785679 u0 t4.543
Idx1+ positiv: 22508339 677703 5797258 9559160 13352921 
Idx1+ lookups: 22502768 672782 5067047 7730881 10484630 
2219875 2020000 98 4 w791585 r1110567 m1199212 f1785 r29474694 p500
 306334455=57532948+150371332+111270400 i108834467 u241987481 u0 t4.548
2230717 2030000 98 4 w853823 r1205063 m1297519 f1903 r30929382 p500
 307845651=57817948+151122157+111809532 i109419427 u243135057 u0 t4.366
2241553 2040000 98 4 w927073 r1313242 m1410238 f2041 r32601776 p500
 309373570=58105978+151881084+112355392 i110014431 u244291580 u0 t4.599
Idx1+ positiv: 22896791 832850 5988120 9674305 13443161 
Idx1+ lookups: 22890927 824479 5203322 7795256 10525208 
2252478 2050000 98 4 w999198 r1423701 m1525115 f2179 r34251809 p500
 310917801=58397346+152645204+112909519 i110613420 u245462736 u0 t4.578
2263400 2060000 98 4 w1071019 r1534402 m1639959 f2316 r35827850 p500
 312460636=58688083+153405052+113466755 i111210210 u246633531 u0 t4.516
2274335 2070000 98 4 w1143748 r1645659 m1755057 f2455 r37336603 p500
 314006113=58979074+154169481+114021866 i111807331 u247807772 u0 t4.5
Idx1+ positiv: 23285505 1002139 6170952 9787515 13531360 
Idx1+ lookups: 23279334 988595 5332020 7857629 10564855 
2285238 2080000 98 4 w1219130 r1761532 m1875150 f2598 r38936135 p500
 315479761=59257781+154893633+114554732 i112374393 u248929445 u0 t4.412
2296195 2090000 98 4 w1299294 r1883643 m2001358 f2752 r40551792 p500
 317001742=59547160+155648315+115097246 i112959949 u250088914 u0 t4.608
2307093 2100000 98 4 w1384267 r2014456 m2136605 f2916 r42244011 p500
 318548784=59841585+156419314+115645210 i113555546 u251268388 u0 t4.7
Idx1+ positiv: 23674911 1181498 6345718 9897424 13618284 
Idx1+ lookups: 23668387 1161045 5453894 7917333 10603299 
2317991 2110000 98 4 w1454081 r2129412 m2254978 f3050 r43630752 p500
 320065310=60129116+157167613+116190543 i114139135 u252423202 u0 t4.437
2328915 2120000 98 4 w1540829 r2261575 m2391314 f3217 r45280539 p500
 321540226=60409484+157900375+116714932 i114708830 u253544969 u0 t4.524
Idx1+ positiv: 24062867 1372494 6514868 10005722 13705291 
Idx1+ lookups: 24056020 1342736 5569742 7974940 10641446 
2339889 2130000 98 4 w1624973 r2395535 m2529402 f3380 r46887990 p500
 323065272=60697602+158658425+117258241 i115301254 u254701618 u0 t4.734
2350849 2140000 98 4 w1708625 r2527397 m2665065 f3544 r48416334 p500
 324569276=60981045+159406540+117794073 i115883492 u255843920 u0 t4.548
2361818 2150000 98 4 w1801903 r2671481 m2813312 f3725 r50127403 p500
 326046163=61261072+160142425+118317711 i116456436 u256965609 u0 t4.693
Idx1+ positiv: 24453747 1571478 6678757 10112514 13791235 
Idx1+ lookups: 24446556 1529702 5680288 8031636 10678761 
2372703 2160000 98 4 w1890823 r2814247 m2960042 f3899 r51729159 p500
 327582195=61550056+160900281+118871928 i117047904 u258133923 u0 t4.685
2383611 2170000 98 4 w1973519 r2947768 m3097253 f4063 r53226876 p500
 329020933=61822910+161615512+119384128 i117603571 u259228532 u0 t4.441
2394538 2180000 98 4 w2060413 r3089466 m3242674 f4232 r54762228 p500
 330471640=62098697+162341500+119894769 i118166995 u260330216 u0 t4.532
Idx1+ positiv: 24842340 1781667 6838701 10218494 13877403 
Idx1+ lookups: 24834785 1724694 5786869 8087626 10715916 
2405448 2190000 98 4 w2166903 r3254100 m3411793 f4439 r56590503 p500
 332047282=62396171+163128686+120452548 i118776155 u261528581 u0 t5
2416385 2200000 98 4 w2254882 r3401127 m3562570 f4613 r58104315 p500
 333572677=62685022+163886371+120996698 i119367217 u262686646 u0 t4.726
2427291 2210000 98 4 w2348636 r3553122 m3718467 f4798 r59689972 p500
 335055154=62966105+164620723+121527332 i119937559 u263816029 u0 t4.582
Idx1+ positiv: 25233442 2001883 6991363 10323247 13962487 
Idx1+ lookups: 25225516 1925942 5886970 8141897 10752328 
2438224 2220000 98 4 w2447848 r3713665 m3883034 f4993 r61343007 p500
 336562228=63251799+165373345+122060347 i120522889 u264959719 u0 t4.833
2449156 2230000 98 4 w2540375 r3871683 m4044833 f5177 r62919331 p500
 338098470=63544181+166137065+122607037 i121115204 u266129175 u0 t4.721
2460085 2240000 98 4 w2644097 r4042653 m4219919 f5383 r64626057 p500
 339674657=63843460+166921569+123166530 i121728893 u267323029 u0 t4.929
Idx1+ positiv: 25625171 2234175 7140535 10426455 14046792 
Idx1+ lookups: 25616844 2135029 5983350 8194888 10788038 
2471031 2250000 98 4 w2758858 r4227215 m4408936 f5610 r66460951 p500
 341328221=64154313+167736404+123763464 i122369087 u268577000 u0 t5.257
2481891 2260000 98 4 w2864630 r4404217 m4590021 f5821 r68170766 p500
 342920094=64455060+168519044+124339193 i122982237 u269787126 u0 t5.04
2492839 2270000 98 4 w2976053 r4587670 m4777599 f6043 r69947837 p500
 344524932=64756130+169308970+124920291 i123600120 u271008006 u0 t5.092
Idx1+ positiv: 26019359 2474213 7284597 10529591 14129713 
Idx1+ lookups: 26010689 2347761 6075194 8248646 10823126 
2503770 2280000 98 4 w3080203 r4768434 m4962263 f6252 r71601713 p500
 346165173=65065475+170120749+125508611 i124237478 u272250545 u0 t5.834
2514685 2290000 98 4 w3197702 r4963499 m5161788 f6485 r73441552 p500
 347777859=65367628+170914357+126092672 i124862298 u273473404 u0 t5.175
Idx1+ positiv: 26413220 2727572 7426877 10631100 14212159 
Idx1+ lookups: 26404118 2568789 6165339 8300705 10857547 
2525687 2300000 98 4 w3318752 r5166324 m5369022 f6726 r75315887 p500
 349430556=65676533+171726819+126692647 i125498281 u274729556 u0 t5.413
2536614 2310000 98 4 w3431267 r5357578 m5564305 f6951 r77015858 p500
 351071462=65982636+172534843+127287338 i126134260 u275972972 u0 t5.191
2547690 2320000 98 4 w3557266 r5569284 m5780486 f7204 r78915591 p500
 352775789=66300993+173374078+127904919 i126800265 u277258518 u0 t5.551
Idx1+ positiv: 26808743 2988355 7566398 10730414 14294908 
Idx1+ lookups: 26799211 2791478 6252684 8350181 10891361 
2558712 2330000 98 4 w3680918 r5782265 m5997941 f7450 r80810870 p500
 354479327=66619347+174214406+128520924 i127460565 u278549210 u0 t5.602
2569709 2340000 98 4 w3794366 r5982597 m6202308 f7676 r82525022 p500
 356119816=66929029+175032721+129102657 i128101045 u279790569 u0 t5.31
2580699 2350000 98 4 w3930232 r6214220 m6438662 f7947 r84552851 p500
 357866975=67253212+175889572+129740737 i128777425 u281114480 u0 t5.725
Idx1+ positiv: 27205583 3259372 7703159 10827883 14377312 
Idx1+ lookups: 27195591 3018823 6336981 8397840 10925725 
2591715 2360000 98 4 w4057679 r6435031 m6663721 f8201 r86415158 p500
 359567798=67570319+176725970+130359050 i129440397 u282398921 u0 t5.575
2602831 2370000 98 4 w4202445 r6679467 m6913051 f8492 r88530526 p500
 361333804=67899239+177596044+130999241 i130130786 u283731271 u0 t5.967
Idx1+ positiv: 27603372 3545616 7836049 10924376 14458217 
Idx1+ lookups: 27592942 3254730 6417867 8444434 10958666 
2613986 2380000 98 4 w4336814 r6919144 m7157263 f8762 r90529181 p500
 363142494=68230806+178475866+131670096 i130829108 u285101451 u0 t5.912
cache requests:  91443363, Misses: 7270430, Flush#: 8886
File page count: 248321
File page count: 0
2624949 2390000 98 3 w3931 r0 m0 f187 r0 p20
 364958248=68564735+179361240+132340268 i131539329 u286468226 u0 t5.472
Idx1+ positiv: 27998644 6613 3829345 7967428 11020005 14539265 
Idx1+ lookups: 27987744 6613 3481645 6496346 8489736 10990775 
2635909 2400000 98 3 w9911 r988 m2849 f393 r442601 p500
 366793742=68902584+180257977+133015990 i132257425 u287849592 u0 t5.137
2646913 2410000 98 3 w17929 r8385 m13851 f403 r1521369 p500
 368547157=69226360+181113701+133662101 i132940179 u289172416 u0 t4.944
2657884 2420000 98 3 w34783 r22370 m32786 f426 r2682592 p500
 370250743=69543018+181948977+134283775 i133595660 u290466934 u0 t4.85
Idx1+ positiv: 28394145 38953 4092758 8095939 11114891 14618910 
Idx1+ lookups: 28382744 38949 3688800 6572504 8534167 11021849 
2668918 2430000 98 3 w53696 r41022 m56394 f454 r3720865 p500
 371945334=69856854+182774867+134907321 i134251888 u291749088 u0 t4.786
2679809 2440000 98 4 w76378 r67544 m87943 f489 r5092043 p500
 373593593=70165486+183587194+135502816 i134901785 u292986907 u0 t4.783
2690746 2450000 98 4 w103827 r100892 m126251 f534 r6745999 p500
 375264732=70476391+184414187+136105363 i135554182 u294248644 u0 t4.884
Idx1+ positiv: 28792580 92488 4342676 8222778 11209693 14699206 
Idx1+ lookups: 28780700 92458 3881682 6646508 8578602 11053056 
2701594 2460000 98 4 w134693 r140807 m170936 f586 r8373037 p500
 377026942=70804695+185280946+136745118 i136243159 u295577315 u0 t5.247
2712475 2470000 98 4 w167936 r186720 m221523 f643 r10007068 p500
 378737275=71123412+186129022+137359567 i136912639 u296867382 u0 t5.025
Idx1+ positiv: 29192833 166804 4577119 8346539 11302025 14777836 
Idx1+ lookups: 29180463 166638 4060560 6718214 8621038 11083625 
2723357 2480000 98 4 w208178 r240002 m279979 f713 r11754344 p500
 380487328=71448458+186993347+137992245 i137589874 u298194514 u0 t5.18
2734166 2490000 98 4 w249847 r296656 m341274 f787 r13350447 p500
 382198024=71767925+187837149+138610940 i138257150 u299486661 u0 t5.208
2745023 2500000 98 4 w298581 r364744 m414600 f874 r15170763 p500
 383959910=72094368+188705051+139251002 i138945618 u300815715 u0 t5.301
Idx1+ positiv: 29597911 258683 4800634 8468688 11394824 14856498 
Idx1+ lookups: 29584997 258159 4228816 6788436 8663982 11114025 
2755880 2510000 98 4 w353109 r437033 m492180 f972 r16952605 p500
 385703183=72418174+189565646+139881674 i139628537 u302129247 u0 t5.29
2766772 2520000 98 4 w406349 r511461 m571251 f1069 r18622127 p500
 387463931=72744988+190431472+140522086 i140316814 u303457196 u0 t5.49
Idx1+ positiv: 30001475 362775 5011568 8587855 11486236 14934821 
Idx1+ lookups: 29988011 361490 4384410 6855915 8705409 11143830 
2777605 2530000 98 4 w461409 r591362 m655873 f1170 r20315178 p500
 389210244=73071112+191290844+141155276 i140993969 u304779833 u0 t5.27
2788466 2540000 98 4 w524200 r679478 m748883 f1286 r22076630 p500
 390993925=73405001+192169511+141801295 i141688338 u306127659 u0 t5.422
2799329 2550000 98 4 w593293 r779538 m854257 f1414 r23979772 p500
 392854436=73747080+193084041+142481179 i142414936 u307530080 u0 t5.716
Idx1+ positiv: 30404645 481637 5212189 8704141 11575911 15012100 
Idx1+ lookups: 30390591 478972 4530405 6920478 8745497 11173061 
2810193 2560000 98 4 w662714 r876283 m955758 f1544 r25713567 p500
 394586175=74069906+193939383+143107047 i143095250 u308833005 u0 t5.395
2821115 2570000 98 4 w738252 r984555 m1069286 f1685 r27609545 p500
 396373854=74400331+194815983+143761024 i143792937 u310180744 u0 t5.682
Idx1+ positiv: 30807686 612838 5405298 8820360 11666971 15089364 
Idx1+ lookups: 30793038 607893 4669038 6985029 8786778 11202156 
2832025 2580000 98 4 w812577 r1092845 m1182253 f1825 r29353918 p500
 398201283=74740010+195716692+144423960 i144508000 u311558176 u0 t7.549
2842894 2590000 98 4 w889141 r1206189 m1300433 f1969 r31149743 p500
 399960875=75065982+196579442+145067439 i145196288 u312883967 u0 t5.762
Idx1+ positiv: 31215760 756793 5591012 8932433 11754921 15165938 
Idx1+ lookups: 31200549 748389 4800384 7045651 8825633 11230587 
2853742 2600000 98 4 w974377 r1331325 m1430566 f2131 r33025851 p500
 401811634=75407233+197492344+145739777 i145921410 u314277648 u0 t6.959
2864632 2610000 98 4 w1067871 r1465579 m1570177 f2309 r35004874 p500
 403667966=75750169+198409680+146411818 i146641045 u315683533 u0 t20.457
2875503 2620000 98 4 w1157386 r1599066 m1708678 f2479 r36888318 p500
 405501187=76090975+199311909+147078283 i147358692 u317064921 u0 t6.917
Idx1+ positiv: 31622182 912697 5770253 9041915 11842145 15241347 
Idx1+ lookups: 31606374 899177 4926135 7104431 8864058 11258456 
2886360 2630000 98 4 w1245016 r1730641 m1844835 f2648 r38654816 p500
 407318394=76428580+200209416+147736246 i148070124 u318434849 u0 t9.456
2897239 2640000 98 4 w1337139 r1870243 m1989142 f2825 r40496143 p500
 409133084=76766405+201102314+148395438 i148779450 u319802786 u0 t8.478
Idx1+ positiv: 32030167 1079397 5941819 9151386 11928756 15317184 
Idx1+ lookups: 32013726 1058854 5043717 7162846 8901410 11286461 
2908079 2650000 98 4 w1441276 r2024866 m2149077 f3026 r42516746 p500
 410998892=77114178+202021249+149071777 i149505904 u321212632 u0 t16.846
2919336 2660000 98 4 w1541414 r2175373 m2304522 f3219 r44385641 p500
 412865095=77458535+202937691+149753790 i150219318 u322634673 u0 t11.579
Idx1+ positiv: 32437065 1253645 6105050 9256817 12014912 15392106 
Idx1+ lookups: 32419918 1223893 5153741 7217773 8939151 11313925 
2930193 2670000 98 4 w1647266 r2335794 m2469961 f3424 r46327446 p500
 414758028=77807462+203871479+150441590 i150956507 u324064340 u0 t7.868
2941058 2680000 98 4 w1751420 r2495708 m2634865 f3626 r48237665 p500
 416562298=78141604+204760082+151097021 i151662154 u325424120 u0 t11.391
2951948 2690000 98 4 w1852757 r2653246 m2796863 f3823 r50026797 p500
 418394567=78482060+205663987+151760410 i152374638 u326809763 u0 t16.313
Idx1+ positiv: 32844413 1440736 6265691 9363029 12100356 15466403 
Idx1+ lookups: 32826616 1398964 5260622 7273083 8975615 11340625 
2962792 2700000 98 4 w1963711 r2824150 m2972698 f4039 r51971449 p500
 420187245=78815085+206550897+152407374 i153079203 u328158444 u0 t11.964
2973731 2710000 98 4 w2072819 r2995945 m3149300 f4252 r53891598 p500
 421964447=79147445+207422084+153055205 i153768755 u329502870 u0 t12.238
Idx1+ positiv: 33253493 1643968 6420528 9467116 12185956 15539937 
Idx1+ lookups: 33234998 1587310 5362222 7327015 9012636 11367390 
2984605 2720000 98 4 w2180829 r3166966 m3324969 f4463 r55723238 p500
 423762171=79480129+208299528+153716891 i154462354 u330865230 u0 t12.124
2995574 2730000 98 4 w2296381 r3347220 m3510062 f4690 r57672235 p500
 425541780=79809047+209170707+154369183 i155154201 u332209055 u0 t9.074
3006468 2740000 98 4 w2410864 r3529305 m3696684 f4914 r59540010 p500
 427360559=80145053+210063381+155033678 i155865628 u333578202 u0 t20.655
Idx1+ positiv: 33665670 1854093 6570584 9569034 12270171 15613010 
Idx1+ lookups: 33646501 1778572 5459294 7378714 9048250 11393511 
3017345 2750000 98 4 w2521301 r3709635 m3881528 f5130 r61368624 p500
 429112466=80471448+210929421+155665389 i156554541 u334895967 u0 t12.757
3028291 2760000 98 4 w2639398 r3894416 m4071031 f5362 r63245569 p500
 430853628=80794053+211779723+156304391 i157236978 u336205191 u0 t13.114
Idx1+ positiv: 34079526 2073208 6718769 9670435 12353749 15686444 
Idx1+ lookups: 34059644 1974516 5554382 7429750 9083288 11419500 
3039192 2770000 98 4 w2749140 r4074977 m4255971 f5579 r65026170 p500
 432538461=81107787+212604140+156920898 i157891572 u337478209 u0 t9.307
3050078 2780000 98 4 w2860843 r4260028 m4445428 f5798 r66832700 p500
 434247277=81429031+213437682+157545343 i158553164 u338771493 u0 t20.139
3060975 2790000 98 4 w2976827 r4449959 m4639695 f6025 r68631970 p500
 436026715=81761305+214309126+158194410 i159239886 u340120498 u0 t15.534
Idx1+ positiv: 34489707 2299647 6861147 9769157 12436560 15758176 
Idx1+ lookups: 34469099 2174131 5644677 7479075 9118385 11444998 
3071909 2800000 98 4 w3100760 r4649862 m4844251 f6270 r70536610 p500
 437724222=82079132+215137533+158816103 i159898768 u341403440 u0 t14.011
3082762 2810000 98 4 w3231089 r4861604 m5060835 f6530 r72538645 p500
 439502098=82407520+216004295+159471644 i160592967 u342742260 u0 t15.25
Idx1+ positiv: 34902872 2544839 6999401 9867139 12518901 15829833 
Idx1+ lookups: 34881483 2387333 5730905 7527943 9152362 11469834 
3093667 2820000 98 4 w3351567 r5062138 m5265665 f6771 r74380648 p500
 441252475=82734828+216859883+160111731 i161272458 u344064892 u0 t24.986
3104606 2830000 98 4 w3465367 r5258901 m5466530 f6999 r76141446 p500
 443006883=83060939+217716620+160755196 i161957151 u345387329 u0 t14.93
3115556 2840000 98 4 w3587582 r5462298 m5674268 f7241 r77970828 p500
 444688481=83372733+218538469+161372236 i162611369 u346656991 u0 t11.796
Idx1+ positiv: 35322122 2796259 7136470 9964291 12599686 15900910 
Idx1+ lookups: 35299915 2601535 5816213 7575697 9185332 11494649 
3126447 2850000 98 4 w3708787 r5667216 m5883338 f7482 r79772790 p500
 446373566=83687025+219365885+161985484 i163267846 u347929535 u0 t13.539
3137354 2860000 98 4 w3838874 r5882351 m6102851 f7743 r81689507 p500
 448084410=84007360+220203015+162608631 i163927971 u349226971 u0 t25.18
Idx1+ positiv: 35739887 3059082 7270390 10059911 12679787 15971855 
Idx1+ lookups: 35716833 2821581 5898451 7622149 9217819 11519047 
3148306 2870000 98 4 w3954617 r6082660 m6307116 f7976 r83402211 p500
 449709146=84311145+221001359+163198792 i164563410 u350451937 u0 t14.821
3159170 2880000 98 4 w4081811 r6295537 m6524317 f8230 r85239476 p500
 451351882=84617909+221801999+163801990 i165201711 u351693029 u0 t15.289
3170031 2890000 98 4 w4205906 r6509331 m6742353 f8478 r87036866 p500
 453013492=84929203+222613413+164410040 i165844690 u352951549 u0 t23.731
Idx1+ positiv: 36158926 3332754 7404122 10153886 12758555 16041919 
Idx1+ lookups: 36134997 3046505 5981182 7667855 9249880 11543311 
3180938 2900000 98 4 w4331377 r6726066 m6963199 f8730 r88836835 p500
 454661681=85237778+223419314+165012236 i166487345 u354195239 u0 t17.593
cache requests:  90514750, Misses: 7169875, Flush#: 8962
File page count: 249130
File page count: 0
3191816 2910000 98 3 w612 r0 m0 f29 r0 p20
 456350591=85550949+224239011+165637741 i167141299 u355472562 u0 t16.274
3202736 2920000 98 3 w7397 r0 m0 f352 r0 p20
 458067183=85872730+225081734+166261324 i167812725 u356766068 u0 t10.885
Idx1+ positiv: 36580893 3704 3611990 7532695 10247281 12837666 16111851 
Idx1+ lookups: 36556088 3704 3271844 6058713 7712543 9281616 11567304 
3213588 2930000 98 3 w12534 r4038 m7441 f396 r986396 p500
 459765403=86191157+225911227+166882779 i168472587 u358048956 u0 t12.051
3224450 2940000 98 3 w25303 r13083 m20352 f413 r1982071 p500
 461458958=86506014+226744049+167499073 i169133238 u359326697 u0 t14.399
Idx1+ positiv: 37003085 33243 3873153 7659398 10341577 12917398 16182369 
Idx1+ lookups: 36977388 33242 3477719 6133634 7757590 9313031 11591239 
3235384 2950000 98 3 w40282 r27889 m39935 f434 r3012289 p500
 463116228=86815090+227563975+168096159 i169781244 u360577470 u0 t11.99
3246267 2960000 98 3 w61663 r49830 m66893 f466 r4073223 p500
 464858603=87140346+228419120+168730537 i170458899 u361894313 u0 t13.61
3257218 2970000 98 4 w86074 r79447 m101578 f505 r5486929 p500
 466613074=87466190+229282067+169368910 i171142312 u363219035 u0 t14.244
Idx1+ positiv: 37426260 85006 4115338 7782957 10434139 12995215 16252058 
Idx1+ lookups: 37399672 84976 3665008 6205804 7801550 9343467 11614586 
3268155 2980000 98 4 w114557 r114786 m141714 f552 r7133575 p500
 468268376=87775619+230093744+169972379 i171786321 u364469556 u0 t13.408
3278993 2990000 98 4 w146586 r155347 m186721 f607 r8711917 p500
 469969715=88091511+230926039+170595817 i172445973 u365756829 u0 t16.5
Idx1+ positiv: 37850187 155884 4342518 7903571 10524674 13073000 16320792 
Idx1+ lookups: 37822669 155751 3837780 6275958 7843588 9374076 11637665 
3289873 3000000 98 4 w177951 r197610 m233297 f661 r10189571 p500
 471569970=88391941+231705539+171183343 i173061646 u366972590 u0 t18.842
3300770 3010000 98 4 w217252 r247737 m288147 f730 r11755771 p500
 473233246=88702602+232525382+171785545 i173710583 u368228977 u0 t22.407
3311716 3020000 98 4 w259273 r304604 m350173 f804 r13435762 p500
 474884704=89011906+233343669+172378776 i174358662 u369472694 u0 t14.303
Idx1+ positiv: 38277157 237079 4558675 8024672 10615750 13151050 16391077 
Idx1+ lookups: 38248696 236675 3999022 6345433 7885504 9404469 11661255 
3322684 3030000 98 4 w304611 r362997 m413090 f885 r14958570 p500
 476508174=89314099+234142224+172968486 i174999893 u370690314 u0 t16.843
3333558 3040000 98 4 w352170 r428448 m483123 f971 r16547711 p500
 478143366=89618548+234943979+173565228 i175640576 u371921741 u0 t13.46
3344467 3050000 98 4 w403735 r497861 m556985 f1065 r18147338 p500
 479740737=89918385+235729820+174143829 i176264093 u373127846 u0 t13.823
Idx1+ positiv: 38706246 333298 4762899 8142960 10707196 13228286 16460392 
Idx1+ lookups: 38676804 332265 4148656 6412957 7928155 9434418 11684424 
3355390 3060000 98 4 w457139 r571801 m635198 f1163 r19725631 p500
 481413586=90230624+236550329+174753692 i176916769 u374390319 u0 t18.473
3366284 3070000 98 4 w510723 r646578 m714106 f1262 r21239251 p500
 482988960=90526560+237328756+175320755 i177532977 u375578921 u0 t14.311
3377177 3080000 98 4 w565407 r725308 m796943 f1363 r22750063 p500
 484606407=90828041+238120588+175912435 i178164140 u376798220 u0 t17.691
Idx1+ positiv: 39133302 444383 4960746 8258730 10796477 13305200 16530098 
Idx1+ lookups: 39102923 442215 4292044 6477778 7968772 9463997 11707913 
3388055 3090000 98 4 w624602 r806975 m882751 f1473 r24264270 p500
 486152468=91119668+238885764+176466949 i178770637 u377963642 u0 t14.368
3398880 3100000 98 4 w689737 r897069 m977539 f1594 r25912717 p500
 487684763=91409430+239647791+177012102 i179373999 u379117168 u0 t17.29
Idx1+ positiv: 39563476 562369 5149677 8374582 10885411 13382306 16599829 
Idx1+ lookups: 39532105 558307 4426418 6542438 8008579 9493463 11730831 
3409787 3110000 98 4 w751207 r984070 m1068597 f1709 r27375177 p500
 489223743=91698454+240408490+177565964 i179977525 u380276856 u0 t14.001
3420708 3120000 98 4 w816284 r1076885 m1165696 f1831 r28899962 p500
 490782966=91991874+241181846+178124362 i180590219 u381451334 u0 t29.035
3431637 3130000 98 4 w889081 r1178716 m1272044 f1968 r30519661 p500
 492372061=92290972+241966929+178696725 i181215654 u382646236 u0 t15.639
Idx1+ positiv: 39994214 692729 5331022 8488786 10973305 13458514 16669374 
Idx1+ lookups: 39961844 685445 4554044 6606067 8047481 9522345 11754059 
3442607 3140000 98 4 w960442 r1279426 m1377074 f2102 r32083422 p500
 493867479=92576410+242705734+179231864 i181798699 u383777195 u0 t19.283
3453456 3150000 98 4 w1027095 r1377545 m1479098 f2228 r33494899 p500
 495418218=92870797+243475997+179783874 i182406315 u384947989 u0 t19.169
3464366 3160000 98 4 w1104168 r1488027 m1594125 f2374 r35112358 p500
 496965936=93164715+244245389+180334199 i183015263 u386113538 u0 t15.603
Idx1+ positiv: 40424886 835276 5505228 8600197 11060473 13534667 16737982 
Idx1+ lookups: 40391398 823412 4674160 6666778 8085797 9550997 11776520 
3475266 3170000 98 4 w1179424 r1598056 m1708251 f2519 r36652208 p500
 498503481=93454655+245005791+180885711 i183622129 u387268410 u0 t20.01
3486141 3180000 98 4 w1253906 r1705908 m1819959 f2661 r38092450 p500
 499986498=93737190+245741376+181413852 i184203130 u388388334 u0 t28.388
3497008 3190000 98 4 w1336279 r1826033 m1944351 f2818 r39710490 p500
 501529487=94026056+246498293+181975369 i184802767 u389555163 u0 t16.562
Idx1+ positiv: 40857299 986992 5673181 8709640 11145949 13609818 16806379 
Idx1+ lookups: 40822762 968912 4789401 6725817 8123025 9579178 11798804 
3507853 3200000 98 4 w1414681 r1943357 m2065533 f2969 r41205669 p500
 503046559=94315835+247250150+182516197 i185394438 u390702760 u0 t20.073
3518683 3210000 98 4 w1489170 r2056679 m2182410 f3114 r42594864 p500
 504564868=94603075+248002586+183059009 i185992093 u391845715 u0 t20.57
3529542 3220000 98 4 w1585645 r2194348 m2324576 f3300 r44365353 p500
 506086306=94893153+248756525+183601588 i186589720 u392992528 u0 t20.908
Idx1+ positiv: 41291285 1151203 5838740 8818411 11230982 13684808 16873634 
Idx1+ lookups: 41255659 1124662 4901197 6784107 8159784 9607453 11820426 
3540480 3230000 98 4 w1664919 r2315461 m2449139 f3454 r45791628 p500
 507573435=95176490+249498789+184127119 i187174970 u394113440 u0 t16.833
3551409 3240000 98 4 w1751868 r2447508 m2585184 f3622 r47358661 p500
 509136904=95471887+250274207+184686052 i187790841 u395290402 u0 t31.488
3562370 3250000 98 4 w1839397 r2579057 m2720654 f3791 r48894397 p500
 510633889=95756816+251017114+185219210 i188378528 u396419090 u0 t21.339
Idx1+ positiv: 41726020 1322941 5996999 8926295 11316626 13759093 16941433 
Idx1+ lookups: 41689260 1285205 5006348 6841593 8196663 9634993 11841996 
3573321 3260000 98 4 w1930804 r2717771 m2863444 f3968 r50487872 p500
 512154031=96046348+251771059+185761190 i188975989 u397564931 u0 t21.477
3584317 3270000 98 4 w2027461 r2862790 m3012714 f4155 r52120025 p500
 513711000=96340918+252547891+186312667 i189586459 u398740280 u0 t19.12
Idx1+ positiv: 42159333 1507931 6150119 9031581 11400995 13833705 17008919 
Idx1+ lookups: 42121412 1456034 5106306 6896805 8232860 9662793 11863381 
3595165 3280000 98 4 w2114535 r3000907 m3154507 f4325 r53596036 p500
 515228612=96629800+253298990+186854771 i190183589 u399883250 u0 t21.026
3606131 3290000 98 4 w2211001 r3149401 m3307118 f4513 r55194846 p500
 516787712=96926491+254070286+187412396 i190792013 u401062373 u0 t32.937
3617031 3300000 98 4 w2303877 r3294298 m3455997 f4694 r56745482 p500
 518283261=97210191+254817319+187941237 i191381744 u402188563 u0 t21.673
Idx1+ positiv: 42592508 1701422 6300600 9136209 11484438 13909374 17076218 
Idx1+ lookups: 42553425 1632052 5203458 6951155 8268355 9691131 11884764 
3627996 3310000 98 4 w2402557 r3447472 m3613122 f4887 r58333391 p500
 519803633=97499274+255577531+188477038 i191984356 u403330388 u0 t22.69
3638920 3320000 98 4 w2506605 r3609643 m3779537 f5093 r60040815 p500
 521375389=97793280+256352278+189045476 i192599618 u404515193 u0 t22.771
3649881 3330000 98 4 w2602189 r3760626 m3934349 f5281 r61535732 p500
 522880556=98076303+257096336+189586609 i193187307 u405652321 u0 t30.387
Idx1+ positiv: 43026962 1905782 6444458 9238367 11566378 13983357 17142798 
Idx1+ lookups: 42986724 1815210 5295154 7003491 8302471 9718216 11905646 
3660867 3340000 98 4 w2712922 r3933750 m4111948 f5498 r63274518 p500
 524491379=98379942+257895171+190162867 i193820779 u406865169 u0 t24.539
3671820 3350000 98 4 w2819968 r4102067 m4284366 f5711 r64927512 p500
 526041380=98675689+258665765+190712311 i194429981 u408034291 u0 t21.633
3682790 3360000 98 4 w2921852 r4269776 m4456087 f5915 r66530932 p500
 527659222=98979781+259462353+191297318 i195061193 u409256152 u0 t21.287
Idx1+ positiv: 43461161 2120326 6585916 9338213 11648679 14057847 17208881 
Idx1+ lookups: 43419729 2004459 5384414 7053784 8336829 9746156 11926321 
3693808 3370000 98 4 w3040206 r4456064 m4646815 f6149 r68310906 p500
 529325956=99293194+260282583+191900382 i195712224 u410513774 u0 t37.885
3704793 3380000 98 4 w3151522 r4638146 m4832909 f6369 r70027442 p500
 530943069=99597886+261085257+192478358 i196349041 u411731112 u0 t21.064
Idx1+ positiv: 43896463 2344837 6725354 9439056 11730231 14130407 17275005 
Idx1+ lookups: 43853795 2198197 5471568 7105182 8370362 9771964 11946712 
3715703 3390000 98 4 w3267790 r4827088 m5026079 f6600 r71776159 p500
 532641482=99915490+261923870+193091543 i197014040 u413012084 u0 t24.702
3726649 3400000 98 4 w3384691 r5019802 m5223036 f6833 r73521915 p500
 534346388=100233856+262770855+193701866 i197683651 u414296715 u0 t26.046
3737635 3410000 98 4 w3513707 r5229253 m5437364 f7089 r75438172 p500
 536134448=100568655+263669932+194329472 i198381793 u415649863 u0 t45.436
Idx1+ positiv: 44329516 2575272 6859933 9537534 11811842 14202705 17341766 
Idx1+ lookups: 44285619 2392916 5553995 7153643 8403636 9797070 11967157 
3748614 3420000 98 4 w3643905 r5440718 m5653464 f7346 r77331520 p500
 537914058=100902015+264547436+194973273 i199074760 u416995632 u0 t27.535
3759597 3430000 98 4 w3770714 r5655405 m5872645 f7600 r79205506 p500
 539732180=101243537+265443050+195631087 i199788546 u418363958 u0 t27.984
Idx1+ positiv: 44764161 2818996 6992995 9633648 11892145 14274183 17407461 
Idx1+ lookups: 44718993 2595656 5634932 7200536 8435853 9821473 11986917 
3770552 3440000 98 4 w3908617 r5879508 m6101575 f7875 r81179194 p500
 541540317=101581938+266331153+196288296 i200498946 u419723911 u0 t34.455
3781517 3450000 98 4 w4041329 r6101345 m6328113 f8142 r83114734 p500
 543336930=101916523+267210385+196945560 i201197202 u421082146 u0 t44.795
3792483 3460000 98 4 w4172789 r6321804 m6553075 f8404 r84994831 p500
 545110407=102247719+268083312+197588580 i201904893 u422405724 u0 t28.121
Idx1+ positiv: 45197931 3070370 7125843 9729666 11977517 14346141 17473394 
Idx1+ lookups: 45151450 2798548 5715317 7246124 8472833 9845967 12006770 
3803443 3470000 98 4 w4309509 r6550832 m6786792 f8678 r86951506 p500
 546863450=102576365+268956547+198213619 i202598698 u423721901 u0 t34.723
3814317 3480000 98 4 w4443652 r6778738 m7019367 f8945 r88863162 p500
 548616328=102905067+269822518+198845460 i203286288 u425042389 u0 t40.852
cache requests:  89209626, Misses: 7061071, Flush#: 8996
File page count: 249644
File page count: 0
Idx1+ positiv: 45633858 1387 3330995 7255689 9824703 12058195 14417249 17539980 
Idx1+ lookups: 45586036 1387 3004927 5792693 7291186 8504796 9870005 12026944 
3825200 3490000 98 3 w5401 r0 m0 f257 r0 p20
 550364699=103231208+270687065+199476077 i203979401 u426352553 u0 t26.432
3836062 3500000 98 3 w10714 r2238 m4595 f394 r624623 p500
 552038919=103542921+271516200+200079385 i204646137 u427604193 u0 t21.982
3847051 3510000 98 3 w20053 r9503 m15376 f405 r1600057 p500
 553738833=103859970+272354792+200694844 i205311294 u428885865 u0 t23.328
Idx1+ positiv: 46072898 21456 3583241 7383243 9919915 12138871 14488549 17606542 
Idx1+ lookups: 46023705 21455 3201070 5867607 7336141 8536787 9894031 12047365 
3857981 3520000 98 3 w37098 r23728 m34639 f429 r2721394 p500
 555533138=104195870+273249795+201333950 i206024180 u430230177 u0 t25.538
3868919 3530000 98 3 w61064 r47479 m64275 f465 r3953178 p500
 557372661=104540051+274170956+201984926 i206747819 u431615911 u0 t26.077
Idx1+ positiv: 46509928 61180 3818799 7508393 10014266 12218474 14560545 17672758 
Idx1+ lookups: 46459325 61169 3380788 5940346 7380248 8567750 9918353 12067009 
3879700 3540000 98 4 w87315 r76461 m98451 f507 r5335405 p500
 559174880=104876499+275068767+202628476 i207459909 u432969587 u0 t28.384
3890544 3550000 98 4 w116863 r113030 m140019 f556 r7041171 p500
 561055077=105229291+276013658+203289337 i208198160 u434388228 u0 t27.478
3901420 3560000 98 4 w151299 r155712 m187659 f615 r8720176 p500
 562858794=105565010+276912898+203933306 i208910003 u435743875 u0 t28.027
Idx1+ positiv: 46945613 117750 4040683 7631215 10106945 12297560 14631382 17738222 
Idx1+ lookups: 46893585 117668 3547604 6011379 7423473 8598765 9942400 12086307 
3912350 3570000 98 4 w191513 r205608 m242655 f685 r10423189 p500
 564721760=105912497+277839367+204600662 i209641960 u437146858 u0 t39.387
3923255 3580000 98 4 w235023 r263776 m306277 f761 r12225037 p500
 566536233=106252225+278740214+205250933 i210355032 u438512928 u0 t49.984
Idx1+ positiv: 47385778 191791 4253542 7750279 10197879 12375049 14701453 17802928 
Idx1+ lookups: 47332261 191474 3705758 6078931 7465169 8628997 9965644 12105596 
3934146 3590000 98 4 w286150 r329174 m377200 f852 r14050579 p500
 568414549=106603188+279666112+205930557 i211090203 u439928524 u0 t27.097
3945058 3600000 98 4 w336679 r396841 m449759 f943 r15745642 p500
 570254570=106948208+280576629+206591269 i211809496 u441316607 u0 t30.564
Idx1+ positiv: 47824075 278244 4457032 7866748 10287688 12453179 14770890 17867058 
Idx1+ lookups: 47769070 277406 3854775 6144188 7505859 8659551 9988537 12124446 
3955958 3610000 98 4 w396076 r475775 m534042 f1051 r17604358 p500
 572141867=107297481+281509367+207275346 i212553949 u442732945 u0 t26.865
3966817 3620000 98 4 w455984 r555297 m618319 f1161 r19309261 p500
 573970117=107641840+282420517+207926474 i213268932 u444111475 u0 t43.997
3977696 3630000 98 4 w522865 r644692 m712955 f1284 r21159250 p500
 575805448=107982976+283330153+208587374 i213992193 u445490423 u0 t32.544
Idx1+ positiv: 48265523 377554 4650497 7981474 10377666 12530611 14840056 17931142 
Idx1+ lookups: 48208951 375687 3993515 6207723 7546425 8689007 10011529 12142889 
3988551 3640000 98 4 w592305 r739362 m812746 f1413 r22983529 p500
 577705627=108334575+284265405+209279576 i214734930 u446922290 u0 t30.706
3999436 3650000 98 4 w662604 r836094 m914365 f1544 r24741343 p500
 579562654=108677005+285180148+209955784 i215470605 u448312600 u0 t30.531
Idx1+ positiv: 48708834 488030 4835910 8093891 10466596 12606747 14909121 17995141 
Idx1+ lookups: 48650778 484425 4124901 6268648 7586159 8718137 10033946 12161142 
4010266 3660000 98 4 w739397 r942878 m1026570 f1687 r26619919 p500
 581403607=109018526+286095150+210616435 i216196981 u449695499 u0 t30.264
4021082 3670000 98 4 w814352 r1046563 m1134939 f1828 r28294565 p500
 583240993=109359018+287005077+211279585 i216926570 u451070448 u0 t34.449
Idx1+ positiv: 49155592 612207 5018018 8206747 10555611 12683081 14978430 18058854 
Idx1+ lookups: 49095933 605855 4252644 6330387 7625837 8746971 10056373 12179114 
4031936 3680000 98 4 w902051 r1168296 m1262221 f1992 r30264406 p500
 585155368=109713677+287951495+211971670 i217679556 u452509121 u0 t44.608
4042723 3690000 98 4 w988554 r1291308 m1390385 f2155 r32129402 p500
 587038338=110063444+288882903+212652051 i218422781 u453921858 u0 t32.002
4053582 3700000 98 4 w1077924 r1417664 m1521583 f2325 r33972722 p500
 588932135=110417322+289824565+213331268 i219168536 u455344117 u0 t32.897
Idx1+ positiv: 49598928 744900 5189249 8317258 10643050 12760036 15046953 18122728 
Idx1+ lookups: 49537661 734427 4369693 6389290 7664289 8776288 10078476 12197168 
4064959 3710000 98 4 w1171147 r1548587 m1657567 f2503 r35820800 p500
 590833836=110769103+290768846+214014935 i219902783 u456788103 u0 t32.178
4075764 3720000 98 4 w1268560 r1686096 m1800248 f2689 r37709390 p500
 592687604=111114214+291684210+214686258 i220631626 u458182697 u0 t40.912
Idx1+ positiv: 50040001 888877 5355265 8425154 10728679 12834570 15115314 18185363 
Idx1+ lookups: 49977079 872553 4482299 6446973 7701711 8803889 10100606 12214818 
4086632 3730000 98 4 w1357288 r1816741 m1935427 f2859 r39398557 p500
 594516201=111454579+292586097+215349182 i221352607 u459555405 u0 t51.19
4097561 3740000 98 4 w1455790 r1959143 m2082882 f3047 r41258181 p500
 596344284=111792862+293482665+216017659 i222077301 u460922537 u0 t33.494
Idx1+ positiv: 50487798 1042789 5517504 8532403 10815199 12909422 15184076 18248782 
Idx1+ lookups: 50423192 1018545 4591033 6503254 7739537 8831313 10122496 12232751 
4108439 3750000 98 4 w1560424 r2110902 m2239860 f3248 r43189231 p500
 598193673=112136711+294395739+216687720 i222810441 u462306947 u0 t33.112
4119319 3760000 98 4 w1662499 r2261084 m2394786 f3446 r45009132 p500
 600031342=112478174+295302182+217354611 i223535666 u463685647 u0 t31.536
4130276 3770000 98 4 w1760968 r2408298 m2546530 f3635 r46748262 p500
 601775420=112803457+296161714+217986977 i224222300 u464996145 u0 t47.215
Idx1+ positiv: 50935925 1204075 5674969 8637905 10900393 12984224 15251562 18311953 
Idx1+ lookups: 50869529 1169484 4695385 6558550 7776329 8858919 10143821 12250618 
4141183 3780000 98 4 w1867406 r2566553 m2709654 f3841 r48599022 p500
 603575343=113140168+297048522+218638665 i224933072 u466346894 u0 t33.966
4152093 3790000 98 4 w1972650 r2724241 m2871944 f4046 r50374506 p500
 605357888=113473027+297929805+219281395 i225635213 u467686836 u0 t32.251
Idx1+ positiv: 51385831 1375307 5827843 8741949 10984881 13059229 15319193 18374697 
Idx1+ lookups: 51317661 1327274 4795412 6612228 7812363 8886857 10165607 12268199 
4162989 3800000 98 4 w2087613 r2896104 m3048745 f4270 r52289019 p500
 607225564=113819520+298845200+219964243 i226366597 u469092832 u0 t33.732
4173910 3810000 98 4 w2198615 r3063552 m3220810 f4486 r54092052 p500
 609011404=114151393+299726941+220611152 i227073563 u470430827 u0 t55.273
4184895 3820000 98 4 w2313002 r3236000 m3398040 f4709 r55955471 p500
 610800344=114485341+300612280+221255876 i227780254 u471773544 u0 t40.879
Idx1+ positiv: 51836986 1556684 5978353 8844193 11070188 13132506 15386437 18437348 
Idx1+ lookups: 51767027 1491927 4892740 6664169 7848953 8913444 10186698 12285679 
4195828 3830000 98 4 w2416202 r3399975 m3566133 f4910 r57630279 p500
 612539294=114810261+301475332+221879618 i228467403 u473079066 u0 t45.179
4206739 3840000 98 4 w2532100 r3578324 m3749128 f5138 r59454696 p500
 614314267=115140779+302354612+222518823 i229170930 u474408591 u0 t34.554
Idx1+ positiv: 52290490 1752786 6124074 8945331 11154617 13206103 15453103 18499320 
Idx1+ lookups: 52218707 1667844 4985761 6715115 7884945 8940143 10207480 12302966 
4217677 3850000 98 4 w2653711 r3764864 m3940556 f5377 r61371175 p500
 616056393=115465149+303220049+223144048 i229863310 u475712187 u0 t42.536
4228607 3860000 98 4 w2765312 r3940215 m4120318 f5597 r63080952 p500
 617780283=115785327+304072285+223767062 i230546883 u477002862 u0 t33.616
4239510 3870000 98 4 w2879505 r4119631 m4304137 f5821 r64848334 p500
 619481410=116103114+304913123+224380691 i231223714 u478274534 u0 t57.495
Idx1+ positiv: 52746713 1956959 6266299 9046705 11238421 13279464 15520441 18561887 
Idx1+ lookups: 52673030 1847234 5074811 6765680 7920120 8966284 10228087 12320112 
4250423 3880000 98 4 w3007812 r4315577 m4504812 f6074 r66768089 p500
 621184395=116420732+305757681+224992434 i231903480 u479546040 u0 t42.135
4261357 3890000 98 4 w3115136 r4491350 m4684639 f6285 r68397223 p500
 622866150=116736173+306595185+225591185 i232566151 u480811319 u0 t42.964
Idx1+ positiv: 53198938 2169274 6403777 9145243 11320636 13351831 15587077 18623672 
Idx1+ lookups: 53123388 2030488 5160213 6814331 7954355 8991973 10248740 12337065 
4272391 3900000 98 4 w3236919 r4682405 m4880213 f6528 r70214463 p500
 624582776=117063230+307431520+226220077 i233237325 u482103773 u0 t32.439
4283314 3910000 98 4 w3364838 r4885565 m5088216 f6780 r72126877 p500
 626316809=117388789+308283692+226848748 i233922386 u483403998 u0 t48.888
4294200 3920000 98 4 w3473096 r5066215 m5272787 f6994 r73721956 p500
 628000607=117704520+309113782+227457481 i234582919 u484671825 u0 t45.319
Idx1+ positiv: 53650486 2392836 6538985 9242971 11402731 13423602 15653280 18684790 
Idx1+ lookups: 53573138 2219518 5242880 6862493 7988103 9016904 10268721 12353548 
4305160 3930000 98 4 w3598761 r5266392 m5477422 f7244 r75535159 p500
 629680550=118020474+309942049+228064086 i235247558 u485931396 u0 t40.458
4316083 3940000 98 4 w3714400 r5457830 m5672941 f7475 r77234196 p500
 631336621=118335147+310758075+228660128 i235899865 u487176310 u0 t35.481
Idx1+ positiv: 54105085 2627103 6671312 9339311 11483523 13494764 15718676 18746292 
Idx1+ lookups: 54025745 2414353 5323534 6909398 8021212 9041718 10288815 12370407 
4326986 3950000 98 4 w3839794 r5664312 m5883723 f7727 r79029680 p500
 633109752=118668577+311623477+229309206 i236594350 u488510931 u0 t49.218
4337955 3960000 98 4 w3963307 r5863894 m6087532 f7974 r80772860 p500
 634733449=118976112+312418072+229899381 i237227858 u489736117 u0 t43.968
4348836 3970000 98 4 w4089302 r6070403 m6298246 f8226 r82570623 p500
 636358243=119284193+313221032+230482160 i237867405 u490959093 u0 t31.765
Idx1+ positiv: 54557271 2870069 6802350 9434428 11564961 13565550 15784134 18807334 
Idx1+ lookups: 54475936 2611882 5402911 6954876 8054842 9066161 10308624 12386821 
4359757 3980000 98 4 w4208939 r6272644 m6504482 f8465 r84266593 p500
 637990593=119592004+314032767+231064132 i238517872 u492180442 u0 t32.591
4370729 3990000 98 4 w4333244 r6479457 m6715452 f8714 r86008934 p500
 639610609=119898014+314835811+231643448 i239156594 u493398634 u0 t32.866
4381681 4000000 98 4 w4446839 r6677993 m6917744 f8943 r87608591 p500
 641248980=120207297+315649801+232227712 i239809822 u494623869 u0 t45.997
Idx1+ positiv: 55014367 3126194 6931472 9528859 11645212 13636550 15849417 18868389 
Idx1+ lookups: 54931039 2815865 5480517 6999784 8087025 9090406 10328408 12403170 
cache requests:  88446522, Misses: 7018068, Flush#: 9069
File page count: 250028
File page count: 0
4392555 4010000 98 3 w4056 r0 m0 f193 r0 p20
 642894024=120516993+316463410+232818933 i240459609 u495858942 u0 t31.875
4403440 4020000 98 3 w9352 r813 m2204 f392 r371426 p500
 644498391=120818366+317255235+233397762 i241094444 u497062279 u0 t26.956
4414465 4030000 98 3 w15246 r6024 m10275 f399 r1216582 p500
 646078541=121116959+318037773+233963291 i241719329 u498248539 u0 t28.32
Idx1+ positiv: 55473841 11340 3376752 7058440 9621970 11725362 13707536 15914996 18929527 
Idx1+ lookups: 55388375 11340 3011134 5555714 7043388 8119305 9115077 10348136 12419576 
4425446 4040000 98 3 w28950 r16654 m25270 f418 r2258546 p500
 647667613=121417274+318827936+234528924 i242346661 u499443895 u0 t30.023
4436408 4050000 98 3 w46263 r32397 m45689 f443 r3232734 p500
 649287197=121723231+319627528+235111860 i242987748 u500658565 u0 t29.851
Idx1+ positiv: 55935723 45306 3609476 7182428 9716088 11805057 13778462 15981712 18990795 
Idx1+ lookups: 55848181 45294 3188822 5627832 7088178 8150986 9139474 10368862 12435963 
4447331 4060000 98 4 w66062 r53743 m71705 f473 r4263980 p500
 650889059=122025362+320424945+235681771 i243624595 u501859024 u0 t29.126
4458226 4070000 98 4 w90148 r80070 m102521 f512 r5706616 p500
 652500798=122327951+321219556+236263716 i244259934 u503070373 u0 t31.861
4469117 4080000 98 4 w120005 r114421 m141701 f562 r7305470 p500
 654117208=122634434+322021328+236842110 i244897166 u504285715 u0 t41.309
Idx1+ positiv: 56396952 94191 3828919 7303149 9807506 11885041 13848981 16046385 19051353 
Idx1+ lookups: 56307308 94126 3353224 5697420 7130137 8183043 9163603 10388263 12452113 
4480047 4090000 98 4 w149737 r150878 m182343 f613 r8753900 p500
 655764591=122944187+322838288+237433004 i245550370 u505521154 u0 t42.628
4490942 4100000 98 4 w182063 r191215 m226958 f669 r10188329 p500
 657357971=123245762+323625401+238004550 i246179249 u506718473 u0 t31.085
4501893 4110000 98 4 w217009 r235579 m275711 f730 r11620901 p500
 658922197=123540591+324395058+238569568 i246791551 u507897884 u0 t29.651
Idx1+ positiv: 56856730 156006 4036334 7422875 9898229 11963429 13918658 16110825 19112105 
Idx1+ lookups: 56764894 155767 3505984 5766048 7171622 8214013 9187068 10407526 12468355 
4512866 4120000 98 4 w257539 r285555 m330131 f802 r13093082 p500
 660479016=123835502+325163882+239128274 i247403205 u509070865 u0 t30.329
4523822 4130000 98 4 w301785 r342367 m391586 f881 r14659440 p500
 662062225=124132870+325946746+239697200 i248025465 u510263078 u0 t30.766
Idx1+ positiv: 57319662 233126 4236273 7541186 9987340 12041229 13988857 16174688 19172555 
Idx1+ lookups: 57225584 232497 3651508 5833432 7211865 8244367 9211134 10426444 12484307 
4534728 4140000 98 4 w343185 r397591 m450650 f956 r15980268 p500
 663638742=124430770+326729663+240259282 i248650336 u511446088 u0 t29.446
4545718 4150000 98 4 w394558 r463344 m521241 f1049 r17588374 p500
 665184559=124723431+327491058+240816346 i249256144 u512611188 u0 t49.853
4556635 4160000 98 4 w440309 r525372 m586973 f1133 r18907295 p500
 666724896=125014813+328249950+241371932 i249862121 u513769811 u0 t31.35
Idx1+ positiv: 57782046 321637 4428369 7655927 10076577 12118618 14058693 16239599 19233728 
Idx1+ lookups: 57685818 320167 3789464 5897436 7251758 8274432 9234499 10445865 12500975 
4567595 4170000 98 4 w495293 r596127 m662046 f1234 r20422402 p500
 668221876=125298920+328993448+241904696 i250456782 u514891923 u0 t31.116
4578516 4180000 98 4 w551575 r670896 m740975 f1338 r21936302 p500
 669748291=125588065+329746881+242452828 i251054133 u516043563 u0 t28.182
4589453 4190000 98 4 w606510 r745813 m819804 f1440 r23330123 p500
 671330200=125884464+330528880+243022357 i251669955 u517239965 u0 t32.347
Idx1+ positiv: 58243888 423103 4609478 7769188 10163688 12196054 14126558 16303330 19292855 
Idx1+ lookups: 58145362 420199 3917070 5960515 7290775 8305195 9256608 10464622 12516272 
4600387 4200000 98 4 w666642 r826149 m904198 f1552 r24783942 p500
 672841457=126170447+331272719+243567920 i252266975 u518374302 u0 t30.361
4611320 4210000 98 4 w725443 r907054 m989157 f1662 r26203241 p500
 674271342=126443344+331986475+244072288 i252835409 u519446690 u0 t30.054
4622248 4220000 98 4 w785541 r989724 m1075765 f1775 r27610938 p500
 675768866=126727194+332732126+244603872 i253430512 u520569540 u0 t47.288
Idx1+ positiv: 58711982 534247 4789052 7882628 10251681 12273569 14195195 16368198 19353331 
Idx1+ lookups: 58611129 528985 4042418 6022859 7329835 8335259 9278861 10483908 12532247 
4633106 4230000 98 4 w849043 r1077314 m1167282 f1894 r29006926 p500
 677254562=127008907+333473618+245129353 i254022323 u521682504 u0 t33.092
4644049 4240000 98 4 w918273 r1170894 m1265048 f2024 r30513799 p500
 678789682=127298808+334236870+245676237 i254629585 u522835505 u0 t31.629
4655040 4250000 98 4 w988828 r1268079 m1366389 f2158 r31978542 p500
 680281239=127580915+334976354+246209323 i255218514 u523957065 u0 t31.353
Idx1+ positiv: 59174957 653788 4960469 7993244 10339609 12350523 14263404 16432145 19412985 
Idx1+ lookups: 59071747 644947 4160509 6082433 7369338 8364848 9300988 10502874 12547549 
4665924 4260000 98 4 w1058823 r1365403 m1467642 f2291 r33409489 p500
 681806476=127870163+335730918+246756120 i255819452 u525104442 u0 t32.051
4676832 4270000 98 4 w1136004 r1471987 m1578556 f2437 r34965243 p500
 683292406=128154029+336468642+247284731 i256407628 u526220293 u0 t31.994
4687741 4280000 98 4 w1208526 r1575465 m1685981 f2575 r36402814 p500
 684782466=128438396+337209726+247812683 i256995019 u527342542 u0 t41.468
Idx1+ positiv: 59642900 782108 5127179 8101902 10426062 12427418 14331436 16497105 19472834 
Idx1+ lookups: 59537364 768193 4273517 6141010 7407294 8394487 9323288 10522767 12563225 
4698685 4290000 98 4 w1282449 r1678480 m1792810 f2716 r37805343 p500
 686230443=128714346+337929525+248326580 i257571003 u528427499 u0 t31.998
4709603 4300000 98 4 w1361368 r1791137 m1909436 f2866 r39295077 p500
 687776961=129005595+338695464+248881419 i258180053 u529591203 u0 t34.15
4720503 4310000 98 4 w1445171 r1908524 m2031133 f3027 r40822240 p500
 689305513=129294522+339455743+249425651 i258783422 u530740753 u0 t33.282
Idx1+ positiv: 60107844 920995 5288445 8210606 10512500 12503166 14398518 16560496 19532137 
Idx1+ lookups: 59999914 899995 4381642 6199328 7445351 8423315 9344836 10541227 12578554 
4731420 4320000 98 4 w1526903 r2027704 m2154232 f3186 r42313965 p500
 690838489=129585490+340222210+249966865 i259394495 u531888731 u0 t34.084
4742321 4330000 98 4 w1615133 r2153497 m2284285 f3356 r43867467 p500
 692372936=129875041+340985892+250512936 i260000881 u533041890 u0 t52.153
4753259 4340000 98 4 w1709728 r2288119 m2423367 f3537 r45533647 p500
 693933983=130169722+341760275+251070905 i260618517 u534213767 u0 t34.575
Idx1+ positiv: 60573159 1070599 5445073 8317645 10597809 12579039 14466501 16624437 19591720 
Idx1+ lookups: 60462744 1040327 4484556 6255849 7481853 8451742 9366319 10559663 12593595 
4764201 4350000 98 4 w1792660 r2413376 m2552311 f3698 r46969285 p500
 695518181=130470697+342563167+251617555 i261236268 u535415234 u0 t29.644
4775138 4360000 98 4 w1887391 r2550323 m2693350 f3882 r48553132 p500
 697115979=130774356+343363045+252183206 i261861638 u536620199 u0 t38.149
Idx1+ positiv: 61035024 1228760 5597406 8421207 10681630 12653198 14533284 16687875 19650975 
Idx1+ lookups: 60922148 1186700 4583832 6309705 7517827 8479409 9387624 10578476 12608968 
4786096 4370000 98 4 w1977707 r2685319 m2832317 f4057 r50077748 p500
 698712191=131077759+344159965+252749920 i262491639 u537818242 u0 t42.953
4797101 4380000 98 4 w2076193 r2830937 m2982252 f4248 r51713762 p500
 700285140=131376883+344950401+253303084 i263116431 u538996111 u0 t44.619
4808087 4390000 98 4 w2168987 r2972248 m3127374 f4430 r53253541 p500
 701923858=131688223+345766395+253887645 i263759271 u540229383 u0 t36.015
Idx1+ positiv: 61505643 1401089 5745912 8524892 10764721 12727648 14600240 16750473 19709782 
Idx1+ lookups: 61390218 1343950 4679546 6363634 7553073 8507134 9408786 10596433 12624118 
4819049 4400000 98 4 w2275306 r3129569 m3289012 f4638 r54928327 p500
 703588559=132001060+346594542+254481226 i264416291 u541480846 u0 t35.165
4830048 4410000 98 4 w2390173 r3298610 m3462822 f4860 r56774600 p500
 705237286=132313733+347422984+255062153 i265065820 u542720415 u0 t35.949
4841026 4420000 98 4 w2484772 r3446311 m3614295 f5045 r58243854 p500
 706883855=132621553+348235639+255656998 i265717861 u543954772 u0 t56.932
Idx1+ positiv: 61970831 1583614 5890911 8625894 10847751 12801235 14666791 16812522 19768597 
Idx1+ lookups: 61852853 1507801 4771850 6414762 7587623 8534061 9429657 10613837 12638862 
4852001 4430000 98 4 w2590064 r3607651 m3779948 f5252 r59904071 p500
 708503947=132926000+349038854+256238103 i266359810 u545169625 u0 t35.337
4862997 4440000 98 4 w2709077 r3788138 m3965153 f5484 r61723809 p500
 710198147=133242922+349878475+256847265 i267025662 u546444624 u0 t38.844
Idx1+ positiv: 62438623 1772994 6031662 8726133 10929669 12874523 14732980 16874493 19827691 
Idx1+ lookups: 62318054 1674528 4860230 6465373 7621815 8561033 9450175 10630870 12653666 
4873904 4450000 98 4 w2818616 r3957401 m4138676 f5701 r63380004 p500
 711861369=133556425+350703266+257442648 i267680202 u547696844 u0 t36.716
4884867 4460000 98 4 w2930096 r4131097 m4316716 f5920 r65054473 p500
 713566497=133875142+351543457+258060404 i268348175 u548981739 u0 t47.257
4895781 4470000 98 4 w3045208 r4312151 m4502117 f6146 r66795589 p500
 715273745=134196295+352390683+258673726 i269015383 u550268300 u0 t38.216
Idx1+ positiv: 62903044 1968781 6169157 8824966 11012101 12947871 14799208 16935773 19886377 
Idx1+ lookups: 62779854 1843263 4945706 6514643 7656161 8587713 9470920 10647498 12668467 
4906756 4480000 98 4 w3174415 r4509359 m4703929 f6403 r68677586 p500
 717082923=134534633+353283574+259330308 i269721267 u551631712 u0 t44.38
4917771 4490000 98 4 w3303615 r4714843 m4914234 f6659 r70596302 p500
 718926275=134875090+354186663+260006475 i270446894 u553015146 u0 t52.607
Idx1+ positiv: 63368522 2176442 6303261 8921917 11093050 13020546 14865048 16997758 19945069 
Idx1+ lookups: 63242662 2019248 5027622 6561910 7689160 8613599 9490924 10664312 12682758 
4928768 4500000 98 4 w3422892 r4907574 m5111253 f6896 r72347779 p500
 720744039=135213576+355074562+260673297 i271164438 u554377984 u0 t42.117
4939756 4510000 98 4 w3552671 r5112400 m5320780 f7152 r74221513 p500
 722515561=135542131+355944356+261319964 i271868104 u555702518 u0 t40.677
4950853 4520000 98 4 w3680466 r5317503 m5530363 f7408 r76046865 p500
 724341155=135879658+356834075+261993496 i272593558 u557065282 u0 t52.749
Idx1+ positiv: 63834609 2390454 6436387 9019816 11175470 13093110 14932408 17059923 20004605 
Idx1+ lookups: 63705978 2195842 5108450 6609237 7722743 8638977 9512100 10680663 12697323 
4961839 4530000 98 4 w3813304 r5528694 m5746370 f7671 r77945921 p500
 726080472=136200997+357687937+262628770 i273285564 u558364587 u0 t51.254
4972832 4540000 98 4 w3939825 r5736176 m5958248 f7924 r79752691 p500
 727843511=136527190+358550640+263275298 i273981278 u559686103 u0 t40.459
Idx1+ positiv: 64301545 2622747 6567137 9115385 11257200 13165642 14998779 17120850 20063095 
Idx1+ lookups: 64170130 2385071 5187220 6654946 7756003 8664326 9532416 10696640 12711487 
4983782 4550000 98 4 w4063942 r5944012 m6170423 f8171 r81556647 p500
 729544168=136843990+359384418+263896014 i274662017 u560952568 u0 t41.562
4994759 4560000 98 4 w4189951 r6151287 m6381922 f8422 r83303367 p500
 731263850=137165703+360237314+264512469 i275350971 u562234954 u0 t53.05
5005677 4570000 98 4 w4323729 r6369758 m6605027 f8688 r85181506 p500
 732955704=137481293+361068442+265127825 i276025995 u563497317 u0 t39.397
Idx1+ positiv: 64776191 2862273 6695935 9210946 11339171 13237767 15065399 17182966 20122077 
Idx1+ lookups: 64641936 2574409 5263378 6699832 7788990 8688871 9552719 10713418 12725444 
5016605 4580000 98 4 w4456600 r6590625 m6830226 f8954 r86980777 p500
 734715404=137809281+361939611+265761654 i276730717 u564808641 u0 t45.759
cache requests:  87750043, Misses: 6925146, Flush#: 9066
File page count: 249612
File page count: 0
5027569 4590000 98 3 w4603 r0 m0 f219 r0 p20
 736496891=138141148+362813409+266411697 i277436396 u566142220 u0 t42.556
Idx1+ positiv: 65248306 4215 3108600 6822782 9304624 11420120 13309224 15130928 17244758 20180558 
Idx1+ lookups: 65111190 4215 2765492 5338123 6743720 7821593 8713606 9572244 10730045 12739460 
5038460 4600000 98 3 w9958 r944 m2571 f393 r408917 p500
 738152221=138451437+363633981+267005860 i278099603 u567376239 u0 t51.561
5049344 4610000 98 3 w18000 r7952 m13135 f403 r1440500 p500
 739901180=138778127+364497546+267637136 i278795172 u568684475 u0 t49.36
5060214 4620000 98 3 w33838 r20449 m30314 f425 r2503685 p500
 741627386=139101660+365357193+268252786 i279487061 u569972283 u0 t38.829
Idx1+ positiv: 65725847 30228 3342307 6947216 9398173 11499857 13380787 15197327 17306894 20239601 
Idx1+ lookups: 65585733 30225 2943501 5410765 6787551 7852670 8738235 9592113 10746703 12753914 
5071166 4630000 98 3 w52834 r39021 m53990 f453 r3551814 p500
 743369554=139427389+366217351+268881825 i280175828 u571279373 u0 t38.856
5082077 4640000 98 4 w75922 r64181 m84180 f489 r4835520 p500
 745095325=139750598+367074498+269498999 i280861657 u572571162 u0 t37.686
Idx1+ positiv: 66196938 72606 3560936 7067737 9490731 11578955 13452221 15262554 17367685 20297410 
Idx1+ lookups: 66053846 72568 3106949 5479997 6830863 7884116 8763079 9611803 10762941 12767765 
5092952 4650000 98 4 w104658 r97012 m121905 f536 r6473726 p500
 746845262=140076115+367946151+270124959 i281554853 u573883567 u0 t39.138
5103888 4660000 98 4 w139107 r136828 m166581 f595 r8152289 p500
 748674013=140416913+368851068+270784379 i282278370 u575255187 u0 t41.655
5114792 4670000 98 4 w175018 r180384 m215090 f657 r9771248 p500
 750401820=140740385+369708924+271403375 i282961534 u576551582 u0 t38.443
Idx1+ positiv: 66668800 131287 3766501 7185589 9582268 11657210 13522938 15327572 17429166 20356313 
Idx1+ lookups: 66522780 131155 3257336 5546279 6873325 7914781 8787140 9631209 10779559 12782612 
5125741 4680000 98 4 w213569 r228003 m267595 f724 r11306082 p500
 752125361=141064665+370568288+272016064 i283642925 u577846631 u0 t40.617
5136717 4690000 98 4 w257662 r283966 m328610 f802 r12968320 p500
 753880064=141391180+371440625+272644618 i284340764 u579159814 u0 t62.759
Idx1+ positiv: 67139807 202589 3963598 7303544 9673606 11735843 13593502 15393951 17490501 20414518 
Idx1+ lookups: 66990715 202187 3399517 5612482 6915361 7945421 8810495 9651150 10795949 12796641 
5147654 4700000 98 4 w307749 r346374 m395972 f892 r14669928 p500
 755634556=141719120+372312217+273272903 i285039884 u580471240 u0 t43.062
5158619 4710000 98 4 w358414 r411656 m465838 f984 r16267899 p500
 757408019=142049898+373189079+273912892 i285742484 u581800057 u0 t41.373
5169534 4720000 98 4 w415979 r485510 m544686 f1089 r18011722 p500
 759157936=142381060+374057173+274537349 i286435224 u583112688 u0 t39.805
Idx1+ positiv: 67613893 284306 4154298 7418168 9763083 11813368 13662768 15458193 17550605 20471854 
Idx1+ lookups: 67461753 283277 3535623 5676114 6956059 7975709 8833220 9670531 10811658 12810200 
5180402 4730000 98 4 w473303 r561875 m625767 f1194 r19647859 p500
 760934638=142713425+374939858+275173401 i287141252 u584442972 u0 t56.001
5191291 4740000 98 4 w537217 r645285 m714023 f1312 r21358497 p500
 762764624=143052784+375847014+275832696 i287866139 u585814263 u0 t44.109
Idx1+ positiv: 68088382 376728 4338053 7531804 9852224 11890561 13732828 15523048 17611486 20529582 
Idx1+ lookups: 67933178 374590 3665008 5738239 6995862 8005036 8856920 9689588 10827604 12823839 
5202167 4750000 98 4 w602629 r732716 m806246 f1433 r23024243 p500
 764567212=143388196+376735603+276485904 i288581571 u587162495 u0 t41.659
5213037 4760000 98 4 w674035 r827183 m905708 f1566 r24748793 p500
 766393255=143725540+377632062+277154070 i289301042 u588532945 u0 t43.466
5223884 4770000 98 4 w748502 r926357 m1009916 f1705 r26494954 p500
 768165040=144057586+378508123+277791658 i290002956 u589860429 u0 t42.543
Idx1+ positiv: 68560796 478880 4515725 7642886 9941188 11967615 13801947 15586900 17672056 20587534 
Idx1+ lookups: 68402374 474781 3788699 5798274 7035816 8034438 8879516 9708259 10843283 12838069 
5234779 4780000 98 4 w820981 r1022970 m1111134 f1841 r28094653 p500
 769872868=144376131+379358928+278401058 i290689892 u591130956 u0 t51.218
5245825 4790000 98 4 w903455 r1134131 m1227477 f1996 r29908935 p500
 771646093=144703231+380233350+279045473 i291392484 u592458335 u0 t50.402
Idx1+ positiv: 69039482 592951 4686586 7753393 10029564 12044286 13871418 15652064 17732374 20644750 
Idx1+ lookups: 68877764 585907 3905622 5857944 7074591 8063155 8902437 9727369 10858701 12851355 
5256768 4800000 98 4 w983679 r1244386 m1342411 f2147 r31572769 p500
 773440371=145035113+381119818+279695673 i292106281 u593799129 u0 t43.104
5267626 4810000 98 4 w1065072 r1357542 m1460238 f2302 r33244465 p500
 775208045=145364275+381993632+280333622 i292811654 u595118401 u0 t43.981
5278527 4820000 98 4 w1146746 r1471550 m1578656 f2457 r34876891 p500
 776899703=145680955+382828917+280943941 i293483933 u596383950 u0 t41.987
Idx1+ positiv: 69515657 715288 4852229 7862807 10116321 12120050 13940811 15716497 17793037 20702194 
Idx1+ lookups: 69350655 704070 4017776 5915924 7112267 8091146 8925172 9746048 10874241 12864571 
5289476 4830000 98 4 w1238882 r1596115 m1708130 f2632 r36620979 p500
 778650170=146005325+383687156+281583824 i294179474 u597691321 u0 t57.648
5300488 4840000 98 4 w1326538 r1718579 m1834971 f2800 r38254839 p500
 780330080=146318545+384517628+282189741 i294851711 u598943130 u0 t46.303
Idx1+ positiv: 69993943 849873 5013452 7969476 10203398 12195341 14009971 15780581 17854037 20759127 
Idx1+ lookups: 69825699 832590 4124929 5971796 7150285 8119080 8948156 9764740 10890649 12877822 
5311384 4850000 98 4 w1416943 r1846070 m1966900 f2973 r39934469 p500
 782036545=146636438+385361708+282805294 i295529765 u600220066 u0 t42.694
5322312 4860000 98 4 w1513602 r1982448 m2107964 f3158 r41686865 p500
 783786925=146961814+386226328+283438611 i296223775 u601530883 u0 t42.235
5333136 4870000 98 4 w1610509 r2121592 m2251756 f3344 r43407322 p500
 785593111=147297767+387117255+284092723 i296942008 u602880432 u0 t43.782
Idx1+ positiv: 70471584 991795 5172723 8076357 10288561 12269845 14078249 15844754 17913228 20816344 
Idx1+ lookups: 70299993 966177 4230730 6028071 7186916 8146378 8970180 9783333 10905522 12891112 
5344051 4880000 98 4 w1712564 r2267382 m2402262 f3541 r45189823 p500
 787354037=147624946+387984692+284732424 i297640414 u604198273 u0 t54.998
5354961 4890000 98 4 w1814283 r2414070 m2553434 f3739 r46931567 p500
 789116732=147953500+388852388+285372395 i298341337 u605515661 u0 t44.309
Idx1+ positiv: 70948988 1145229 5322996 8179819 10372494 12343357 14146365 15907551 17972278 20875605 
Idx1+ lookups: 70774019 1108730 4327955 6081322 7223100 8173165 8992278 9801405 10920409 12906816 
5365866 4900000 98 4 w1913618 r2559517 m2703329 f3931 r48617400 p500
 790874886=148280101+389715570+286013641 i299031875 u606837455 u0 t43.017
Total lines processed: 4901056
Block Count:1, 127
Avg Block Count:2355141 = 299103003 / 127
Avg Max Count:0, 10412, 98
Block Count:1168, 151224
Avg Block Count:101 = 15314151 / 151224
Avg Max Count:190, 147, 82
BloomFilter
    bits: 155880605
    estimated elements: 25000000
    number hashes: 4
    max false positive rate: 0.050000
    bloom length (8 bits): 19485076
    elements added: 15314151
    estimated elements added: 15314485
    current false positive rate: 0.011150
    export size (bytes): 19485096
    number bits set: 50654598
    is on disk: no
Block Count:0, 1
Avg Block Count:0 = 0 / 1
Avg Max Count:0, 0, 0
BloomFilter
    bits: 155880605
    estimated elements: 25000000
    number hashes: 4
    max false positive rate: 0.050000
    bloom length (8 bits): 19485076
    elements added: 25000000
    estimated elements added: 25000277
    current false positive rate: 0.050269
    export size (bytes): 19485096
    number bits set: 73811091
    is on disk: no
Block Count:0, 1
Avg Block Count:0 = 0 / 1
Avg Max Count:0, 0, 0
BloomFilter
    bits: 155880605
    estimated elements: 25000000
    number hashes: 4
    max false positive rate: 0.050000
    bloom length (8 bits): 19485076
    elements added: 25000000
    estimated elements added: 24999678
    current false positive rate: 0.050269
    export size (bytes): 19485096
    number bits set: 73809829
    is on disk: no
Block Count:0, 1
Avg Block Count:0 = 0 / 1
Avg Max Count:0, 0, 0
BloomFilter
    bits: 155880605
    estimated elements: 25000000
    number hashes: 4
    max false positive rate: 0.050000
    bloom length (8 bits): 19485076
    elements added: 25000000
    estimated elements added: 25003063
    current false positive rate: 0.050269
    export size (bytes): 19485096
    number bits set: 73816959
    is on disk: no
Block Count:0, 1
Avg Block Count:0 = 0 / 1
Avg Max Count:0, 0, 0
BloomFilter
    bits: 155880605
    estimated elements: 25000000
    number hashes: 4
    max false positive rate: 0.050000
    bloom length (8 bits): 19485076
    elements added: 25000000
    estimated elements added: 24998311
    current false positive rate: 0.050269
    export size (bytes): 19485096
    number bits set: 73806952
    is on disk: no
Block Count:0, 1
Avg Block Count:0 = 0 / 1
Avg Max Count:0, 0, 0
BloomFilter
    bits: 155880605
    estimated elements: 25000000
    number hashes: 4
    max false positive rate: 0.050000
    bloom length (8 bits): 19485076
    elements added: 25000000
    estimated elements added: 25000114
    current false positive rate: 0.050269
    export size (bytes): 19485096
    number bits set: 73810748
    is on disk: no
Block Count:0, 1
Avg Block Count:0 = 0 / 1
Avg Max Count:0, 0, 0
BloomFilter
    bits: 155880605
    estimated elements: 25000000
    number hashes: 4
    max false positive rate: 0.050000
    bloom length (8 bits): 19485076
    elements added: 25000000
    estimated elements added: 24998558
    current false positive rate: 0.050269
    export size (bytes): 19485096
    number bits set: 73807471
    is on disk: no
Block Count:0, 1
Avg Block Count:0 = 0 / 1
Avg Max Count:0, 0, 0
BloomFilter
    bits: 155880605
    estimated elements: 25000000
    number hashes: 4
    max false positive rate: 0.050000
    bloom length (8 bits): 19485076
    elements added: 25000000
    estimated elements added: 25002544
    current false positive rate: 0.050269
    export size (bytes): 19485096
    number bits set: 73815866
    is on disk: no
Block Count:0, 1
Avg Block Count:0 = 0 / 1
Avg Max Count:0, 0, 0
BloomFilter
    bits: 155880605
    estimated elements: 25000000
    number hashes: 4
    max false positive rate: 0.050000
    bloom length (8 bits): 19485076
    elements added: 25000000
    estimated elements added: 24997230
    current false positive rate: 0.050269
    export size (bytes): 19485096
    number bits set: 73804674
    is on disk: no
Block Count:204, 31247
Avg Block Count:128 = 4004605 / 31247
Avg Max Count:240, 192, 94
BloomFilter
    bits: 62352242
    estimated elements: 10000000
    number hashes: 4
    max false positive rate: 0.050000
    bloom length (8 bits): 7794031
    elements added: 4004605
    estimated elements added: 4003869
    current false positive rate: 0.002635
    export size (bytes): 7794051
    number bits set: 14124001
    is on disk: no
Level Count:2
Level Count:4
Level Count:1
Level Count:1
Level Count:1
Level Count:1
Level Count:1
Level Count:1
Level Count:1
Level Count:1
Level Count:3
5657063 4
3058970 4
Max word len: 98
Total words generated: 791053649
Words inserted 299103003
Words updated: 606971481
cache requests:  0, Misses: 0, Flush#: 6
cache requests:  48767922, Misses: 2717906, Flush#: 3952
cache requests:  235876611, Misses: 27092152, Flush#: 14806
cache requests:  7108791, Misses: 2433808, Flush#: 0
cache requests:  15188484, Misses: 5281305, Flush#: 0
cache requests:  21374715, Misses: 7529666, Flush#: 0
cache requests:  26644554, Misses: 9432491, Flush#: 0
cache requests:  31496589, Misses: 11303008, Flush#: 0
cache requests:  35816556, Misses: 12848269, Flush#: 0
cache requests:  40046622, Misses: 14408289, Flush#: 0
cache requests:  44297308, Misses: 16028541, Flush#: 0
OUBLK INBLK
    -     -
rchar: 679327634195
wchar: 174823204530
syscr: 165707340
syscw: 42615545
read_bytes: 127269822464
write_bytes: 136408371200
cancelled_write_bytes: 0
248572672
266422600
