Csz: 2000, pgsz: 4096
File page count: 0
File page count: 0
10988 10000 60 1 w0 r0 m0 f0 r0 p20
 1502009=280567+736357+547318 i721658 u998423 u0 t1.611
22023 20000 60 1 w0 r0 m0 f0 r0 p20
 2970299=556558+1459020+1077812 i1299209 u2102895 u0 t1.76
33024 30000 60 1 w0 r0 m0 f0 r0 p20
 4455591=837142+2190955+1612898 i1852391 u3251575 u0 t1.82
44043 40000 66 1 w0 r0 m0 f0 r0 p20
 6021768=1126498+2950354+2194339 i2403108 u4491603 u0 t2.018
55121 50000 66 1 w0 r0 m0 f0 r0 p20
 7457432=1399039+3657323+2711810 i2899495 u5640597 u0 t1.894
66115 60000 66 1 w0 r0 m0 f0 r0 p20
 8882525=1666288+4349737+3237298 i3372066 u6798479 u0 t1.816
77117 70000 66 1 w0 r0 m0 f0 r0 p20
 10323681=1938542+5063745+3753209 i3851018 u7971772 u0 t1.937
88102 80000 66 1 w0 r0 m0 f0 r0 p20
 11702242=2200826+5741136+4250267 i4299728 u9103082 u0 t1.878
99095 90000 66 1 w0 r0 m0 f0 r0 p20
 13139065=2468368+6445510+4774403 i4761616 u10286594 u0 t2.009
110113 100000 66 1 w0 r0 m0 f0 r0 p20
 14570300=2739305+7152735+5287868 i5211290 u11477401 u0 t1.97
121109 110000 66 1 w0 r0 m0 f0 r0 p20
 15981984=3006512+7851613+5792984 i5655730 u12651059 u0 t1.954
132028 120000 66 1 w0 r0 m0 f0 r0 p20
 17532484=3286822+8590277+6386159 i6106532 u13969042 u0 t1.991
142990 130000 66 1 w0 r0 m0 f0 r0 p20
 18986448=3562710+9311119+6905248 i6548879 u15193514 u0 t1.988
153925 140000 66 1 w0 r0 m0 f0 r0 p20
 20474477=3841729+10051396+7435263 i6999138 u16448960 u0 t2.049
164855 150000 66 1 w0 r0 m0 f0 r0 p20
 21982251=4126056+10796461+7976893 i7453888 u17721979 u0 t2.132
175812 160000 66 1 w0 r0 m0 f0 r0 p20
 23584909=4417148+11560934+8588302 i7914229 u19089936 u0 t2.16
186797 170000 66 1 w0 r0 m0 f0 r0 p20
 25060643=4694278+12291216+9118384 i8355287 u20340529 u0 t2.115
197847 180000 66 1 w0 r0 m0 f0 r0 p20
 26594805=4977567+13035840+9687961 i8800877 u21648837 u0 t2.207
208776 190000 66 1 w0 r0 m0 f0 r0 p20
 28107430=5261667+13783743+10232285 i9242517 u22940730 u0 t2.196
219728 200000 66 1 w0 r0 m0 f0 r0 p20
 29612928=5546285+14529981+10770299 i9679782 u24229836 u0 t2.152
230584 210000 66 1 w0 r0 m0 f0 r0 p20
 31176719=5839236+15302598+11333221 i10127173 u25573869 u0 t2.21
241548 220000 66 1 w0 r0 m0 f0 r0 p20
 32683216=6122373+16045650+11876729 i10560684 u26866454 u0 t2.138
252514 230000 66 1 w0 r0 m0 f0 r0 p20
 34281334=6415992+16823378+12467909 i11011556 u28242798 u0 t2.213
263483 240000 66 1 w0 r0 m0 f0 r0 p20
 35779646=6698842+17564571+13004988 i11440135 u29531606 u0 t2.115
274496 250000 66 1 w0 r0 m0 f0 r0 p20
 37310769=6986369+18323484+13553505 i11876641 u30849726 u0 t2.147
285461 260000 66 1 w0 r0 m0 f0 r0 p20
 38803051=7268863+19066410+14083606 i12299710 u32138128 u0 t2.12
296415 270000 66 1 w0 r0 m0 f0 r0 p20
 40291660=7548931+19800727+14620226 i12719617 u33423835 u0 t2.109
307437 280000 66 3 w1915 r0 m0 f91 r0 p20
 41798390=7832680+20548382+15159093 i13142173 u34728537 u0 t2.252
318462 290000 66 3 w6265 r0 m0 f298 r0 p20
 43400958=8135339+21341253+15733409 i13592642 u36114697 u0 t2.537
329483 300000 66 3 w11747 r0 m0 f559 r0 p20
 45028067=8442234+22155263+16308545 i14057115 u37516891 u0 t2.665
340525 310000 66 3 w18236 r0 m0 f868 r0 p20
 46615498=8738046+22934138+16886727 i14497898 u38893313 u0 t2.639
351480 320000 94 4 w22650 r0 m0 f1078 r0 p20
 48198444=9038935+23721499+17447383 i14938386 u40267091 u0 t2.618
362496 330000 94 4 w27144 r0 m0 f1292 r0 p20
 49733444=9330284+24482692+17993474 i15368280 u41596943 u0 t2.562
373551 340000 94 4 w31218 r0 m0 f1486 r0 p20
 51290420=9626097+25253246+18550462 i15804765 u42945489 u0 t2.605
384689 350000 94 4 w39789 r0 m0 f1894 r0 p20
 52863841=9922129+26021395+19125405 i16247654 u44304049 u0 t2.848
395874 360000 94 4 w49186 r1997 m8011 f2043 r2275436 p500
 54481113=10221859+26805577+19724920 i16707490 u45693349 u0 t2.947
406862 370000 94 4 w58565 r12393 m26984 f2060 r5549176 p500
 56127737=10531055+27599843+20335875 i17172723 u47110896 u0 t3.014
417894 380000 94 4 w68143 r31955 m55795 f2078 r8939367 p500
 57710652=10827571+28373736+20913921 i17625307 u48470378 u0 t3.022
428912 390000 94 4 w79458 r60175 m94761 f2100 r12655860 p500
 59267668=11118998+29134387+21483671 i18068151 u49809610 u0 t3.089
439874 400000 94 4 w86570 r97002 m139016 f2114 r15596070 p500
 60798949=11403897+29878773+22048738 i18498768 u51130537 u0 t2.941
450859 410000 94 4 w95653 r142542 m193135 f2132 r18796416 p500
 62344803=11692810+30638301+22610561 i18940379 u52459233 u0 t3.047
461847 420000 94 4 w103206 r193621 m252175 f2147 r21848488 p500
 63844431=11974358+31373784+23155226 i19366971 u53749909 u0 t2.964
472807 430000 94 4 w112983 r256126 m324213 f2167 r25276252 p500
 65437780=12274970+32155539+23733015 i19818006 u55123581 u0 t3.207
483790 440000 94 4 w120047 r326367 m401186 f2181 r28135369 p500
 67045767=12575174+32948774+24314528 i20277614 u56506158 u0 t3.152
494708 450000 94 4 w126598 r404315 m485871 f2194 r30999326 p500
 68699472=12883619+33764275+24912530 i20746714 u57931115 u0 t3.25
505590 460000 94 4 w133297 r488393 m576100 f2207 r33832066 p500
 70351532=13192036+34579703+25508940 i21215710 u59355020 u0 t3.275
516566 470000 94 4 w139930 r576110 m669265 f2224 r36608059 p500
 71990802=13497983+35383004+26106829 i21677389 u60769316 u0 t3.259
527520 480000 94 4 w147824 r670020 m768749 f2248 r39593494 p500
 73645399=13806248+36198720+26705964 i22147020 u62194428 u0 t3.352
538466 490000 94 4 w154321 r767574 m870201 f2272 r42245476 p500
 75322036=14118226+37019796+27319560 i22617537 u63642683 u0 t3.319
549399 500000 94 4 w163465 r870390 m978791 f2303 r45299453 p500
 77023425=14443739+37852951+27939452 i23094981 u65112920 u0 t3.495
560288 510000 94 4 w172440 r976450 m1090485 f2335 r48433883 p500
 78683779=14754211+38673947+28537979 i23560413 u66549680 u0 t3.442
571192 520000 94 4 w179277 r1086281 m1203781 f2363 r51072634 p500
 80352712=15063905+39495351+29144443 i24030319 u67990467 u0 t3.374
582148 530000 94 4 w187171 r1200089 m1321798 f2393 r53910160 p500
 82036336=15378372+40322769+29756566 i24502600 u69446200 u0 t3.448
593039 540000 94 4 w193795 r1317561 m1442719 f2425 r56476991 p500
 83771290=15699382+41171815+30392891 i24981758 u70952160 u0 t3.467
604123 550000 94 4 w198377 r1420941 m1548819 f2446 r58616757 p500
 85292841=15985696+41911091+30952926 i25400767 u72274430 u0 t3.029
615220 560000 94 4 w203545 r1509493 m1640067 f2466 r60609511 p500
 86578406=16228956+42541143+31420369 i25752221 u73395728 u0 t2.627
626410 570000 94 4 w206894 r1596719 m1728804 f2485 r62262851 p500
 87844101=16466215+43152805+31889826 i26095628 u74500222 u0 t2.512
637646 580000 94 4 w212253 r1683590 m1817619 f2514 r64219082 p500
 89076810=16700413+43755344+32338702 i26429283 u75578685 u0 t2.552
648847 590000 94 4 w216353 r1769950 m1905354 f2542 r65840929 p500
 90374030=16941574+44376422+32827115 i26764265 u76725416 u0 t2.516
660023 600000 94 4 w220446 r1852105 m1989022 f2573 r67464765 p500
 91532382=17161983+44938682+33251932 i27076061 u77740110 u0 t2.376
671169 610000 94 4 w224201 r1933375 m2071485 f2601 r68981392 p500
 92677881=17380618+45496976+33670550 i27382343 u78745997 u0 t2.321
682330 620000 94 4 w229185 r2015909 m2155707 f2629 r70811147 p500
 93822077=17600425+46050280+34090645 i27685221 u79752934 u0 t2.39
693457 630000 94 4 w235698 r2104124 m2245626 f2673 r72775265 p500
 95055697=17831544+46649550+34545330 i28006026 u80843647 u0 t2.538
704731 640000 94 4 w240907 r2193389 m2336446 f2706 r74632858 p500
 96294487=18063003+47246521+35007532 i28329140 u81937014 u0 t2.526
715916 650000 94 4 w246025 r2277804 m2422420 f2739 r76423532 p500
 97439920=18281492+47802828+35427035 i28632190 u82945977 u0 t2.383
727122 660000 94 4 w252013 r2368430 m2514418 f2781 r78139510 p500
 98670868=18515586+48399959+35879326 i28955037 u84032420 u0 t2.511
738273 670000 94 4 w256757 r2457787 m2605322 f2809 r79916485 p500
 99875743=18744879+48985343+36321344 i29271366 u85096372 u0 t2.484
749495 680000 94 4 w263090 r2544788 m2694334 f2856 r81920040 p500
 101042383=18969139+49551143+36748337 i29573756 u86130659 u0 t2.463
760693 690000 94 4 w270581 r2637660 m2789403 f2902 r83919809 p500
 102254980=19199662+50136770+37196455 i29893443 u87198896 u0 t2.562
771972 700000 94 4 w279377 r2732858 m2887163 f2952 r86100218 p500
 103465720=19428892+50723315+37642786 i30213987 u88264573 u0 t2.601
783287 710000 94 4 w287094 r2824862 m2981733 f2997 r88075891 p500
 104639900=19653350+51296043+38070532 i30524341 u89299506 u0 t2.506
794503 720000 94 4 w293936 r2916242 m3075194 f3041 r89994422 p500
 105795637=19874772+51860524+38490375 i30830358 u90317881 u0 t2.457
805629 730000 94 4 w302260 r3012921 m3174517 f3091 r92122708 p500
 107012879=20104345+52440052+38949652 i31150692 u91388543 u0 t2.641
816809 740000 94 4 w308552 r3102912 m3266307 f3129 r93961442 p500
 108170750=20322040+52988329+39390324 i31450076 u92410933 u0 t2.395
827890 750000 94 4 w315285 r3192679 m3358320 f3164 r95894154 p500
 109346023=20541989+53535547+39846975 i31746047 u93454782 u0 t2.421
839058 760000 94 4 w322121 r3280808 m3448409 f3208 r97614575 p500
 110457274=20754203+54068761+40260181 i32032469 u94439878 u0 t2.321
850231 770000 94 4 w329913 r3376661 m3546860 f3253 r99552268 p500
 111644530=20977813+54640699+40701567 i32341453 u95488797 u0 t2.496
861324 780000 94 4 w338434 r3468248 m3641135 f3298 r101573737 p500
 112756712=21190675+55177904+41111668 i32635223 u96468295 u0 t2.404
872344 790000 94 4 w346431 r3561867 m3737546 f3340 r103466062 p500
 113901230=21409743+55727856+41536166 i32930235 u97483391 u0 t2.431
883522 800000 94 4 w353381 r3656351 m3834402 f3383 r105231476 p500
 115052446=21630279+56283615+41960828 i33228134 u98503537 u0 t2.412
894714 810000 94 4 w361849 r3749789 m3930580 f3432 r107169466 p500
 116160183=21843397+56812897+42374928 i33516982 u99482030 u0 t2.386
905844 820000 94 4 w368060 r3843414 m4026322 f3464 r108892097 p500
 117283223=22058021+57355645+42788962 i33807161 u100477367 u0 t2.62
916882 830000 94 4 w375291 r3949216 m4134424 f3507 r110779245 p500
 118549967=22298052+57962861+43262652 i34139415 u101593390 u0 t2.764
927964 840000 94 4 w382332 r4052658 m4240420 f3549 r112648169 p500
 119743936=22526809+58544733+43697164 i34458130 u102642944 u0 t2.645
939033 850000 94 4 w390259 r4161983 m4352304 f3595 r114609308 p500
 121004026=22765154+59154770+44162145 i34793649 u103749609 u0 t2.726
950128 860000 94 4 w396766 r4269963 m4462353 f3637 r116359464 p500
 122238911=23000263+59758465+44610481 i35125158 u104832872 u0 t2.624
961260 870000 94 4 w402796 r4376204 m4570606 f3674 r118221511 p500
 123458245=23233306+60350981+45056196 i35450158 u105904123 u0 t2.568
972424 880000 94 4 w409698 r4483244 m4680325 f3717 r120250513 p500
 124673076=23464513+60935225+45507237 i35773337 u106970690 u0 t2.598
983571 890000 94 4 w417765 r4590136 m4789494 f3763 r122019805 p500
 125884344=23693920+61524697+45951042 i36098371 u108032296 u0 t2.576
994789 900000 94 4 w422741 r4691514 m4892524 f3794 r123599096 p500
 127057734=23916914+62089299+46386563 i36403913 u109069401 u0 t2.582
1005944 910000 94 4 w429185 r4794771 m4997889 f3827 r125219706 p500
 128303145=24152135+62684289+46852631 i36713496 u110183475 u0 t2.561
1017100 920000 94 4 w436049 r4893572 m5099150 f3863 r126906750 p500
 129430532=24368313+63227679+47268900 i37007287 u111180376 u0 t2.663
1028294 930000 94 4 w443948 r4990797 m5199294 f3902 r128609958 p500
 130528677=24578028+63757612+47674284 i37293537 u112151217 u0 t2.442
1039422 940000 94 4 w450164 r5092948 m5303043 f3936 r130112956 p500
 131687827=24798360+64320403+48099629 i37597670 u113174363 u0 t2.431
1050473 950000 94 4 w457484 r5196723 m5409648 f3970 r131971167 p500
 132854633=25020472+64887893+48525919 i37899450 u114208809 u0 t2.511
1061568 960000 94 4 w464716 r5301090 m5516646 f4001 r133744095 p500
 134043070=25250333+65467521+48956681 i38201443 u115269626 u0 t2.523
1072599 970000 94 4 w471878 r5410594 m5628422 f4035 r135458417 p500
 135291847=25485760+66067542+49422293 i38518864 u116380009 u0 t2.586
1083733 980000 94 4 w480419 r5511467 m5732024 f4077 r137207778 p500
 136399100=25701026+66611278+49818919 i38804478 u117364661 u0 t2.462
1094785 990000 94 4 w491146 r5615729 m5840138 f4120 r139300085 p500
 137519050=25917257+67155540+50227043 i39096910 u118355632 u0 t2.516
1105876 1000000 94 4 w502598 r5723535 m5951425 f4178 r141315352 p500
 138665713=26137695+67717784+50640862 i39397190 u119370402 u0 t2.56
1117034 1010000 94 4 w510304 r5828175 m6058886 f4214 r143210770 p500
 139787403=26354448+68264708+51048328 i39691283 u120361678 u0 t2.464
1128112 1020000 94 4 w519694 r5935148 m6168707 f4261 r145037729 p500
 140921791=26573668+68822755+51454807 i39991099 u121363289 u0 t2.497
1139060 1030000 94 4 w528455 r6054962 m6291470 f4307 r147006394 p500
 142169262=26814500+69435817+51902697 i40326056 u122458972 u0 t2.734
1150007 1040000 94 4 w540230 r6189245 m6429322 f4363 r149228519 p500
 143561529=27079998+70114418+52410413 i40698964 u123680267 u0 t3.042
1160894 1050000 94 4 w550854 r6329313 m6573093 f4412 r151540051 p500
 144998334=27351326+70820475+52930359 i41089015 u124936361 u0 t3.132
1171814 1060000 94 4 w562724 r6465406 m6713135 f4461 r153828633 p500
 146379096=27613815+71499763+53428048 i41463964 u126143742 u0 t3.055
1182789 1070000 94 4 w575358 r6605091 m6857159 f4520 r156270542 p500
 147771413=27879098+72187374+53926681 i41843353 u127360793 u0 t3.124
1193726 1080000 94 4 w590721 r6744797 m7001878 f4585 r158988727 p500
 149134067=28139227+72857138+54417549 i42212315 u128553628 u0 t3.141
1204582 1090000 94 4 w606339 r6890338 m7151923 f4658 r161590373 p500
 150558189=28410800+73563244+54924922 i42601734 u129797408 u0 t3.267
1215452 1100000 94 4 w619496 r7036011 m7301537 f4718 r163995564 p500
 152005113=28686816+74275924+55445128 i42990739 u131066394 u0 t3.228
1226363 1110000 94 4 w635051 r7190333 m7460908 f4786 r166729041 p500
 153500823=28969235+75014161+55983169 i43396823 u132374718 u0 t3.373
1237247 1120000 94 4 w647147 r7334328 m7608333 f4843 r168937712 p500
 154937436=29243149+75724625+56496704 i43782679 u133635924 u0 t3.123
1248176 1130000 94 4 w657676 r7483966 m7761620 f4893 r171232129 p500
 156402735=29522272+76447278+57022338 i44179459 u134918902 u0 t3.208
1259068 1140000 94 4 w672870 r7636428 m7918608 f4965 r173864753 p500
 157861130=29797985+77168674+57545265 i44577095 u136192858 u0 t3.295
1269968 1150000 94 4 w686665 r7789644 m8075478 f5024 r176315306 p500
 159329507=30076803+77900612+58066164 i44977149 u137476927 u0 t3.256
1280888 1160000 94 4 w699220 r7941863 m8231676 f5079 r178701772 p500
 160787360=30353505+78624948+58585504 i45377684 u138748082 u0 t3.235
1291754 1170000 94 4 w710193 r8094872 m8387871 f5130 r180850984 p500
 162257086=30632524+79353396+59110035 i45779522 u140031711 u0 t3.196
1302652 1180000 94 4 w721422 r8249118 m8545755 f5183 r183111964 p500
 163740225=30914948+80088433+59638609 i46181084 u141331491 u0 t3.241
1313613 1190000 94 4 w734031 r8404466 m8704654 f5238 r185365154 p500
 165222365=31196415+80824289+60167001 i46584183 u142628260 u0 t3.32
1324596 1200000 94 4 w744739 r8559526 m8862581 f5292 r187499604 p500
 166705142=31477697+81562307+60693492 i46986465 u143926968 u0 t3.241
1335456 1210000 94 4 w755716 r8720046 m9026510 f5342 r189814803 p500
 168224635=31765451+82316176+61235830 i47401364 u145254463 u0 t3.332
1346441 1220000 94 4 w771977 r8886138 m9197153 f5409 r192494796 p500
 169783151=32059976+83084342+61797326 i47818552 u146623076 u0 t3.5
1357399 1230000 94 4 w785972 r9051361 m9365687 f5463 r194849179 p500
 171340127=32353047+83856368+62354089 i48239364 u147987022 u0 t3.417
1368385 1240000 94 4 w798070 r9220201 m9537825 f5519 r197190353 p500
 172947613=32655799+84649796+62933488 i48672938 u149395316 u0 t3.484
1379469 1250000 94 4 w811784 r9394357 m9715860 f5574 r199750244 p500
 174578358=32960715+85458237+63518400 i49116196 u150820647 u0 t3.604
1390543 1260000 94 4 w828450 r9570075 m9895947 f5640 r202481970 p500
 176216496=33265768+86260659+64117377 i49555507 u152256073 u0 t3.648
1401635 1270000 94 4 w844949 r9747035 m10077264 f5706 r205208069 p500
 177844400=33572064+87068311+64699573 i49998212 u153679662 u0 t3.65
1412662 1280000 94 4 w861580 r9923377 m10257459 f5780 r207905623 p500
 179448464=33876559+87868585+65267070 i50436357 u155082010 u0 t3.643
1423732 1290000 94 4 w876381 r10096697 m10434393 f5849 r210360440 p500
 181048818=34176735+88658077+65844470 i50871693 u156480530 u0 t3.534
1434749 1300000 94 4 w895335 r10278453 m10620693 f5922 r213223587 p500
 182708017=34486060+89473649+66447223 i51321179 u157931049 u0 t3.792
1445738 1310000 94 4 w912190 r10463569 m10809767 f5994 r215975696 p500
 184393707=34802515+90300279+67060585 i51782659 u159399829 u0 t3.754
1456743 1320000 94 4 w929740 r10647065 m10996698 f6067 r218595224 p500
 186070233=35117420+91124338+67668658 i52239246 u160863507 u0 t3.714
1467716 1330000 94 4 w946893 r10839640 m11192857 f6133 r221399145 p500
 187826318=35446440+91987570+68306202 i52715450 u162398343 u0 t3.878
1478847 1340000 94 4 w967742 r11034261 m11392660 f6213 r224576468 p500
 189576204=35770547+92843092+68948286 i53192514 u163923676 u0 t3.958
1489858 1350000 94 4 w986563 r11224164 m11586566 f6297 r227373118 p500
 191293706=36091274+93689714+69570365 i53664636 u165418812 u0 t4.097
1500812 1360000 94 4 w1004636 r11407430 m11774166 f6366 r230210291 p500
 192945491=36397576+94496222+70177412 i54115824 u166858209 u0 t4.123
1511816 1370000 94 4 w1022795 r11595164 m11966184 f6440 r233057213 p500
 194629037=36712329+95326971+70785495 i54574822 u168328144 u0 t3.947
1522795 1380000 94 4 w1040499 r11777614 m12152523 f6515 r235744786 p500
 196261107=37016280+96132860+71375071 i55022626 u169749616 u0 t3.703
1533703 1390000 94 4 w1059042 r11964839 m12343990 f6596 r238584310 p500
 197916580=37324592+96947275+71976458 i55481488 u171186651 u0 t3.973
1544569 1400000 94 4 w1079962 r12151883 m12535386 f6668 r241458980 p500
 199559259=37633478+97759355+72566898 i55929743 u172621108 u0 t4.112
1555499 1410000 94 4 w1101524 r12351197 m12738993 f6750 r244414862 p500
 201315494=37961628+98624605+73202706 i56408893 u174153136 u0 t4.029
1566395 1420000 94 4 w1119431 r12546716 m12938380 f6815 r247212910 p500
 203040851=38283744+99480615+73821800 i56879457 u175659761 u0 t3.914
1577238 1430000 94 4 w1135886 r12741431 m13136682 f6882 r249866819 p500
 204769957=38606559+100338547+74442479 i57351093 u177169187 u0 t3.912
1588118 1440000 98 4 w1153783 r12939430 m13338906 f6957 r252761243 p500
 206501964=38930451+101195825+75064964 i57826215 u178678366 u0 t4.067
1598949 1450000 98 4 w1177433 r13144186 m13548756 f7041 r255965597 p500
 208268958=39258963+102068645+75703593 i58308231 u180220342 u0 t4.487
1609797 1460000 98 4 w1197670 r13346530 m13754989 f7117 r258799077 p500
 210044947=39588611+102945770+76346406 i58789097 u181772988 u0 t4.189
1620630 1470000 98 4 w1215577 r13545478 m13957712 f7189 r261528092 p500
 211794585=39917933+103814704+76971470 i59262459 u183304675 u0 t4.138
1631477 1480000 98 4 w1234461 r13745740 m14162003 f7256 r264328151 p500
 213544045=40245037+104679189+77602221 i59737389 u184833426 u0 t4.026
1642373 1490000 98 4 w1254688 r13951045 m14370884 f7337 r267079655 p500
 215341282=40581295+105569208+78248299 i60222660 u186407212 u0 t3.993
1653233 1500000 98 4 w1276984 r14158869 m14583660 f7425 r270114866 p500
 217140861=40916401+106459891+78897104 i60707980 u187983452 u0 t4.08
1664130 1510000 98 4 w1297977 r14362584 m14791495 f7504 r272924518 p500
 218918863=41246819+107335188+79542979 i61184857 u189542088 u0 t3.975
1675034 1520000 98 4 w1320605 r14569378 m15002817 f7585 r275870976 p500
 220707784=41578832+108217124+80191733 i61664432 u191110904 u0 t4.046
1685958 1530000 98 4 w1343618 r14779791 m15217552 f7673 r278788468 p500
 222527080=41916354+109112653+80853015 i62153819 u192704555 u0 t4.104
1696847 1540000 98 4 w1364823 r14985419 m15427321 f7755 r281640429 p500
 224315178=42247473+109988212+81508049 i62634313 u194269983 u0 t4.058
1707676 1550000 98 4 w1388062 r15200204 m15646664 f7849 r284707898 p500
 226145550=42585444+110889061+82174592 i63128634 u195870591 u0 t4.168
1718573 1560000 98 4 w1413208 r15413310 m15864250 f7937 r287672989 p500
 227977335=42923424+111787999+82844857 i63620768 u197474059 u0 t4.133
1729487 1570000 98 4 w1438489 r15622846 m16078856 f8030 r290862493 p500
 229753615=43251320+112659502+83494703 i64095971 u199031577 u0 t4.083
1740347 1580000 98 4 w1462770 r15832030 m16292475 f8113 r293777442 p500
 231553104=43584046+113540125+84154536 i64577397 u200609116 u0 t4.041
1751207 1590000 98 4 w1485509 r16046462 m16511509 f8193 r296800905 p500
 233379940=43922520+114439161+84819335 i65067295 u202209948 u0 t4.127
1762023 1600000 98 4 w1504917 r16251495 m16719889 f8266 r299375848 p500
 235155843=44253361+115316780+85460372 i65544587 u203766570 u0 t3.927
1772878 1610000 98 4 w1525995 r16457930 m16930416 f8340 r302182288 p500
 236929770=44581602+116184385+86111454 i66019624 u205321470 u0 t4.001
1783723 1620000 98 4 w1545602 r16662515 m17138760 f8409 r304846465 p500
 238688807=44908360+117054935+86745918 i66491296 u206864339 u0 t3.923
1794607 1630000 98 4 w1563460 r16866465 m17345809 f8479 r307299112 p500
 240464479=45236722+117925167+87395629 i66969089 u208418025 u0 t3.888
1805498 1640000 98 4 w1582051 r17075830 m17558999 f8546 r310004014 p500
 242254153=45568300+118810419+88042816 i67448466 u209988211 u0 t3.995
1816421 1650000 98 4 w1606346 r17287873 m17775274 f8628 r312822557 p500
 244050465=45899876+119697682+88694298 i67933045 u211560087 u0 t4.066
1827273 1660000 98 4 w1634896 r17504432 m17996999 f8727 r315984860 p500
 245854599=46234183+120581771+89354321 i68416159 u213141357 u0 t4.185
1838160 1670000 98 4 w1658145 r17716140 m18212659 f8806 r318808270 p500
 247658504=46569017+121468086+90011465 i68901466 u214720701 u0 t4.06
1849005 1680000 98 4 w1681488 r17925318 m18426145 f8888 r321633834 p500
 249430278=46895842+122335533+90661291 i69373536 u216276114 u0 t4.025
1859879 1690000 98 4 w1702372 r18126995 m18631357 f8968 r324261014 p500
 251131279=47212315+123178813+91272934 i69830316 u217768149 u0 t3.863
1870739 1700000 98 4 w1726862 r18337684 m18846346 f9048 r327109061 p500
 252891045=47539369+124052324+91905247 i70301709 u219312860 u0 t4.017
1881698 1710000 98 4 w1751333 r18541049 m19054081 f9134 r329961900 p500
 254580511=47855132+124886720+92515242 i70752465 u220797439 u0 t3.897
1892578 1720000 98 4 w1777487 r18749043 m19266949 f9220 r332962102 p500
 256293646=48175630+125733252+93133036 i71209161 u222303566 u0 t3.981
1903425 1730000 98 4 w1808163 r18961416 m19484395 f9322 r336053248 p500
 258022915=48497011+126587322+93759138 i71671399 u223822208 u0 t4.052
1914319 1740000 98 4 w1836163 r19177611 m19705299 f9419 r339060074 p500
 259815209=48830592+127465985+94414637 i72149854 u225394729 u0 t4.119
1925121 1750000 98 4 w1859261 r19385815 m19917677 f9491 r341840270 p500
 261541348=49152781+128320704+95035878 i72613045 u226909465 u0 t3.954
1936035 1760000 98 4 w1888025 r19604735 m20141180 f9592 r344835774 p500
 263330395=49486167+129206644+95680325 i73095537 u228476502 u0 t4.122
1946942 1770000 98 4 w1915588 r19813388 m20354473 f9679 r347750403 p500
 265050284=49805914+130048834+96309106 i73548231 u229992208 u0 t3.954
1957829 1780000 98 4 w1941518 r20019424 m20564677 f9769 r350506255 p500
 266753303=50124838+130892409+96920932 i74004259 u231488001 u0 t3.902
1968722 1790000 98 4 w1961287 r20226889 m20775919 f9836 r353112985 p500
 268493552=50448739+131746780+97555161 i74470044 u233014527 u0 t3.899
1979581 1800000 98 4 w1981045 r20424824 m20977031 f9903 r355513273 p500
 270164288=50760785+132567358+98163038 i74918017 u234479396 u0 t3.728
1990482 1810000 98 4 w2002084 r20624199 m21180278 f9977 r358088209 p500
 271830252=51072079+133383609+98770962 i75359536 u235945163 u0 t3.77
2001382 1820000 98 4 w2028519 r20827398 m21387701 f10065 r360815949 p500
 273492871=51381902+134197434+99378998 i75804933 u237402924 u0 t3.851
2012247 1830000 98 4 w2049815 r21027999 m21591879 f10137 r363317417 p500
 275187120=51698829+135031055+99993704 i76255186 u238892831 u0 t3.787
2023129 1840000 98 4 w2077876 r21234025 m21802405 f10228 r366169559 p500
 276861603=52011532+135854419+100601958 i76700375 u240364852 u0 t3.892
2034053 1850000 98 4 w2101061 r21442273 m22014370 f10305 r368789645 p500
 278586086=52334286+136703614+101226354 i77159438 u241880853 u0 t3.897
2044917 1860000 98 4 w2127286 r21647239 m22223876 f10400 r371614540 p500
 280251224=52646494+137526857+101826009 i77600721 u243347478 u0 t3.861
2055814 1870000 98 4 w2154087 r21853951 m22434710 f10483 r374373051 p500
 281924750=52958788+138352252+102431703 i78054797 u244810214 u0 t3.886
2066728 1880000 98 4 w2180385 r22059665 m22644688 f10568 r377107867 p500
 283579260=53268199+139169715+103028509 i78496328 u246263985 u0 t4.045
2077660 1890000 98 4 w2207139 r22264335 m22853468 f10649 r379807965 p500
 285237044=53579292+139988643+103625286 i78936748 u247722657 u0 t3.975
2088614 1900000 98 4 w2233380 r22470814 m23064069 f10730 r382537461 p500
 286912655=53892335+140810185+104236352 i79382333 u249194847 u0 t3.905
2099586 1910000 98 4 w2259623 r22678317 m23275240 f10817 r385177480 p500
 288616243=54209093+141647327+104856783 i79833691 u250693840 u0 t3.89
2110524 1920000 98 4 w2286395 r22881248 m23482256 f10902 r387854900 p500
 290241237=54514629+142446303+105445717 i80265725 u252122651 u0 t3.785
2121483 1930000 98 4 w2309104 r23087518 m23691956 f10978 r390359866 p500
 291923570=54829825+143276743+106052519 i80716166 u253599573 u0 t3.833
2132440 1940000 98 4 w2336449 r23291538 m23899899 f11059 r393009407 p500
 293565784=55136148+144083806+106649839 i81153314 u255042592 u0 t3.847
2143340 1950000 98 4 w2367087 r23502320 m24115071 f11152 r395803108 p500
 295239019=55448867+144906211+107257969 i81598318 u256513763 u0 t3.903
2154286 1960000 98 4 w2396801 r23706154 m24323046 f11241 r398538104 p500
 296860107=55753648+145703015+107845359 i82028073 u257940981 u0 t3.791
2165157 1970000 98 4 w2420188 r23896412 m24516507 f11312 r400865981 p500
 298412591=56044542+146464173+108410700 i82438321 u259308122 u0 t3.539
2176142 1980000 98 4 w2441943 r24090018 m24713757 f11385 r403350051 p500
 299979496=56338337+147235354+108978397 i82853342 u260687840 u0 t3.603
2187090 1990000 98 4 w2465340 r24291659 m24918606 f11453 r405774581 p500
 301618575=56644428+148044181+109570873 i83292486 u262126124 u0 t3.755
2198031 2000000 98 4 w2489007 r24486362 m25116880 f11530 r408240036 p500
 303185210=56938923+148817650+110135184 i83709844 u263504048 u0 t3.622
2208970 2010000 98 4 w2514118 r24679925 m25313974 f11607 r410664705 p500
 304752540=57232180+149587337+110705170 i84123019 u264885449 u0 t3.607
2219875 2020000 98 4 w2540959 r24878070 m25516121 f11689 r413262369 p500
 306334455=57532948+150371332+111270400 i84543718 u266278230 u0 t3.686
2230717 2030000 98 4 w2560158 r25063457 m25704688 f11759 r415497438 p500
 307845651=57817948+151122157+111809532 i84943752 u267610732 u0 t3.442
2241553 2040000 98 4 w2582624 r25252596 m25896899 f11835 r417786654 p500
 309373570=58105978+151881084+112355392 i85353494 u268952517 u0 t3.517
2252478 2050000 98 4 w2608546 r25449869 m26098344 f11916 r420448765 p500
 310917801=58397346+152645204+112909519 i85765698 u270310458 u0 t3.707
2263400 2060000 98 4 w2630720 r25638650 m26290048 f11980 r422664639 p500
 312460636=58688083+153405052+113466755 i86175395 u271668346 u0 t3.502
2274335 2070000 98 4 w2663511 r25836135 m26491874 f12090 r425352279 p500
 314006113=58979074+154169481+114021866 i86583383 u273031720 u0 t3.677
2285238 2080000 98 4 w2683477 r26019959 m26678915 f12152 r427633088 p500
 315479761=59257781+154893633+114554732 i86971979 u274331859 u0 t3.398
2296195 2090000 98 4 w2706608 r26208736 m26870837 f12227 r429890808 p500
 317001742=59547160+155648315+115097246 i87372701 u275676162 u0 t3.513
2307093 2100000 98 4 w2732750 r26403431 m27069150 f12297 r432368040 p500
 318548784=59841585+156419314+115645210 i87779087 u277044847 u0 t3.616
2317991 2110000 98 4 w2763427 r26598192 m27267943 f12391 r434940867 p500
 320065310=60129116+157167613+116190543 i88177012 u278385325 u0 t3.746
2328915 2120000 98 4 w2789881 r26785955 m27459387 f12476 r437341629 p500
 321540226=60409484+157900375+116714932 i88566932 u279686867 u0 t3.494
2339889 2130000 98 4 w2819079 r26983871 m27661436 f12567 r439970551 p500
 323065272=60697602+158658425+117258241 i88973840 u281029032 u0 t3.666
2350849 2140000 98 4 w2845435 r27174554 m27855402 f12651 r442316988 p500
 324569276=60981045+159406540+117794073 i89372637 u282354775 u0 t3.498
2361818 2150000 98 4 w2874881 r27367674 m28052453 f12744 r444859301 p500
 326046163=61261072+160142425+118317711 i89766482 u283655563 u0 t3.563
2372703 2160000 98 4 w2905983 r27567257 m28256052 f12842 r447496201 p500
 327582195=61550056+160900281+118871928 i90172448 u285009379 u0 t3.656
2383611 2170000 98 4 w2928382 r27746495 m28438188 f12905 r449604160 p500
 329020933=61822910+161615512+119384128 i90553671 u286278432 u0 t3.312
2394538 2180000 98 4 w2958121 r27936060 m28631750 f12999 r452139177 p500
 330471640=62098697+162341500+119894769 i90940267 u287556944 u0 t3.484
2405448 2190000 98 4 w2986803 r28138949 m28838530 f13080 r454745985 p500
 332047282=62396171+163128686+120452548 i91358819 u288945917 u0 t3.723
2416385 2200000 98 4 w3013982 r28333621 m29036630 f13165 r457146463 p500
 333572677=62685022+163886371+120996698 i91762281 u290291582 u0 t3.64
2427291 2210000 98 4 w3037666 r28520909 m29227115 f13238 r459423434 p500
 335055154=62966105+164620723+121527332 i92152690 u291600898 u0 t3.439
2438224 2220000 98 4 w3066214 r28715707 m29425392 f13321 r461904531 p500
 336562228=63251799+165373345+122060347 i92553918 u292928690 u0 t3.563
2449156 2230000 98 4 w3090581 r28910441 m29623289 f13396 r464234717 p500
 338098470=63544181+166137065+122607037 i92959078 u294285301 u0 t3.553
2460085 2240000 98 4 w3121117 r29115682 m29832215 f13487 r466829395 p500
 339674657=63843460+166921569+123166530 i93379140 u295672782 u0 t3.735
2471031 2250000 98 4 w3146080 r29323063 m30042649 f13561 r469229474 p500
 341328221=64154313+167736404+123763464 i93819540 u297126547 u0 t3.786
2481891 2260000 98 4 w3171943 r29524271 m30247406 f13638 r471732704 p500
 342920094=64455060+168519044+124339193 i94237784 u298531579 u0 t3.752
2492839 2270000 98 4 w3202137 r29727694 m30454379 f13723 r474281209 p500
 344524932=64756130+169308970+124920291 i94660447 u299947679 u0 t3.912
2503770 2280000 98 4 w3234262 r29943467 m30674490 f13820 r477112999 p500
 346165173=65065475+170120749+125508611 i95096205 u301391818 u0 t4.919
2514685 2290000 98 4 w3261949 r30148464 m30882914 f13892 r479577195 p500
 347777859=65367628+170914357+126092672 i95522157 u302813545 u0 t4.207
2525687 2300000 98 4 w3287915 r30357179 m31094972 f13970 r482030789 p500
 349430556=65676533+171726819+126692647 i95958271 u304269566 u0 t3.839
2536614 2310000 98 4 w3312236 r30563220 m31303586 f14039 r484282209 p500
 351071462=65982636+172534843+127287338 i96393000 u305714232 u0 t3.782
2547690 2320000 98 4 w3345541 r30788978 m31533734 f14137 r487191533 p500
 352775789=66300993+173374078+127904919 i96848684 u307210099 u0 t4.063
2558712 2330000 98 4 w3380550 r31011056 m31759778 f14236 r489972721 p500
 354479327=66619347+174214406+128520924 i97301233 u308708542 u0 t4.032
2569709 2340000 98 4 w3410326 r31226218 m31978461 f14330 r492548048 p500
 356119816=66929029+175032721+129102657 i97737724 u310153890 u0 t3.939
2580699 2350000 98 4 w3439266 r31450387 m32206094 f14418 r495175137 p500
 357866975=67253212+175889572+129740737 i98201786 u311690119 u0 t4.323
2591715 2360000 98 4 w3475689 r31674746 m32434727 f14535 r498064117 p500
 359567798=67570319+176725970+130359050 i98654741 u313184577 u0 t5.731
2602831 2370000 98 4 w3511610 r31908363 m32672365 f14632 r500934072 p500
 361333804=67899239+177596044+130999241 i99129575 u314732482 u0 t4.604
2613986 2380000 98 4 w3552382 r32147428 m32916080 f14749 r504056727 p500
 363142494=68230806+178475866+131670096 i99608646 u316321913 u0 t5.279
2624949 2390000 98 4 w3582749 r32380963 m33153040 f14841 r506751670 p500
 364958248=68564735+179361240+132340268 i100098423 u317909132 u0 t7.665
2635909 2400000 98 4 w3615603 r32618391 m33394418 f14933 r509619707 p500
 366793742=68902584+180257977+133015990 i100595050 u319511967 u0 t5.139
2646913 2410000 98 4 w3652380 r32850015 m33630168 f15044 r512527777 p500
 368547157=69226360+181113701+133662101 i101069199 u321043396 u0 t5.213
2657884 2420000 98 4 w3688258 r33075206 m33859555 f15147 r515407133 p500
 370250743=69543018+181948977+134283775 i101523992 u322538602 u0 t8.01
2668918 2430000 98 4 w3719865 r33294530 m34082641 f15236 r518116304 p500
 371945334=69856854+182774867+134907321 i101978551 u324022425 u0 t5.302
2679809 2440000 98 4 w3747623 r33507676 m34298979 f15319 r520603148 p500
 373593593=70165486+183587194+135502816 i102428677 u325460015 u0 t5.171
2690746 2450000 98 4 w3780055 r33730165 m34525223 f15416 r523326894 p500
 375264732=70476391+184414187+136105363 i102879918 u326922908 u0 t5.737
2701594 2460000 98 4 w3811974 r33962309 m34761320 f15514 r526150953 p500
 377026942=70804695+185280946+136745118 i103353144 u328467330 u0 t8.597
2712475 2470000 98 4 w3852842 r34196285 m34999833 f15625 r529161491 p500
 378737275=71123412+186129022+137359567 i103813731 u329966290 u0 t5.73
2723357 2480000 98 4 w3890534 r34430676 m35238518 f15733 r532143154 p500
 380487328=71448458+186993347+137992245 i104278889 u331505499 u0 t5.901
2734166 2490000 98 4 w3922737 r34653772 m35465075 f15834 r534816341 p500
 382198024=71767925+187837149+138610940 i104737133 u333006678 u0 t8.938
2745023 2500000 98 4 w3960453 r34891122 m35706803 f15946 r537793130 p500
 383959910=72094368+188705051+139251002 i105207113 u334554220 u0 t6.38
2755880 2510000 98 4 w3993720 r35121034 m35940087 f16045 r540442121 p500
 385703183=72418174+189565646+139881674 i105675487 u336082297 u0 t6.498
2766772 2520000 98 4 w4035862 r35360060 m36183659 f16168 r543492535 p500
 387463931=72744988+190431472+140522086 i106148110 u337625900 u0 t10.325
2777605 2530000 98 4 w4074795 r35596546 m36424312 f16285 r546401281 p500
 389210244=73071112+191290844+141155276 i106612339 u339161463 u0 t6.9
2788466 2540000 98 4 w4116446 r35836197 m36668256 f16406 r549355234 p500
 390993925=73405001+192169511+141801295 i107088435 u340727562 u0 t7.716
2799329 2550000 98 4 w4147502 r36081824 m36917771 f16501 r552274134 p500
 392854436=73747080+193084041+142481179 i107584696 u342360320 u0 t10.117
2810193 2560000 98 4 w4192008 r36321168 m37161551 f16625 r555291208 p500
 394586175=74069906+193939383+143107047 i108054676 u343873579 u0 t9.963
2821115 2570000 98 4 w4226082 r36560392 m37404765 f16721 r558140208 p500
 396373854=74400331+194815983+143761024 i108533363 u345440318 u0 t7.679
2832025 2580000 98 4 w4267175 r36808434 m37657185 f16841 r561185206 p500
 398201283=74740010+195716692+144423960 i109024003 u347042173 u0 t8.175
2842894 2590000 98 4 w4304393 r37045763 m37898487 f16949 r564034125 p500
 399960875=75065982+196579442+145067439 i109493838 u348586417 u0 t11.281
2853742 2600000 98 4 w4339278 r37289175 m38145349 f17054 r566758974 p500
 401811634=75407233+197492344+145739777 i109989847 u350209211 u0 t8.989
2864632 2610000 98 4 w4374517 r37533751 m38393501 f17156 r569550990 p500
 403667966=75750169+198409680+146411818 i110483264 u351841314 u0 t18.892
2875503 2620000 98 4 w4408358 r37776655 m38639945 f17249 r572310444 p500
 405501187=76090975+199311909+147078283 i110972628 u353450985 u0 t9.506
2886360 2630000 98 4 w4443994 r38021575 m38888611 f17359 r575193415 p500
 407318394=76428580+200209416+147736246 i111458135 u355046838 u0 t9.766
2897239 2640000 98 4 w4485348 r38268356 m39139634 f17479 r578211619 p500
 409133084=76766405+201102314+148395438 i111941380 u356640856 u0 t12.942
2908079 2650000 98 4 w4522809 r38517710 m39392883 f17592 r581094884 p500
 410998892=77114178+202021249+149071777 i112439775 u358278761 u0 t10.824
2919336 2660000 98 4 w4555901 r38757766 m39636105 f17696 r583732018 p500
 412865095=77458535+202937691+149753790 i112928389 u359925602 u0 t13.531
2930193 2670000 98 4 w4596464 r39013910 m39896423 f17819 r586803734 p500
 414758028=77807462+203871479+150441590 i113430754 u361590093 u0 t11.836
2941058 2680000 98 4 w4633404 r39258760 m40145249 f17919 r589697367 p500
 416562298=78141604+204760082+151097021 i113913653 u363172621 u0 t14.001
2951948 2690000 98 4 w4670211 r39505539 m40395806 f18025 r592542335 p500
 418394567=78482060+205663987+151760410 i114398936 u364785465 u0 t11.963
2962792 2700000 98 4 w4710547 r39748296 m40642215 f18141 r595322500 p500
 420187245=78815085+206550897+152407374 i114878024 u366359623 u0 t14.712
2973731 2710000 98 4 w4762656 r39999140 m40898218 f18292 r598577690 p500
 421964447=79147445+207422084+153055205 i115345832 u367925793 u0 t12.529
2984605 2720000 98 4 w4797805 r40238617 m41141453 f18398 r601378185 p500
 423762171=79480129+208299528+153716891 i115816947 u369510637 u0 t15.696
2995574 2730000 98 4 w4839200 r40480694 m41387441 f18520 r604213279 p500
 425541780=79809047+209170707+154369183 i116289097 u371074159 u0 t12.923
3006468 2740000 98 4 w4878496 r40727406 m41638102 f18623 r607102728 p500
 427360559=80145053+210063381+155033678 i116773411 u372670419 u0 t17.018
3017345 2750000 98 4 w4921514 r40969301 m41884059 f18754 r609964595 p500
 429112466=80471448+210929421+155665389 i117240933 u374209575 u0 t22.188
3028291 2760000 98 4 w4962227 r41209094 m42127830 f18877 r612838883 p500
 430853628=80794053+211779723+156304391 i117707468 u375734701 u0 t14.828
3039192 2770000 98 4 w4997578 r41439446 m42362057 f18978 r615616548 p500
 432538461=81107787+212604140+156920898 i118152765 u377217016 u0 t18.592
3050078 2780000 98 4 w5034517 r41669531 m42595720 f19088 r618239908 p500
 434247277=81429031+213437682+157545343 i118603951 u378720706 u0 t15.134
3060975 2790000 98 4 w5073462 r41911508 m42841851 f19200 r621145742 p500
 436026715=81761305+214309126+158194410 i119069649 u380290735 u0 t18.301
3071909 2800000 98 4 w5116582 r42143132 m43077421 f19323 r623930773 p500
 437724222=82079132+215137533+158816103 i119515615 u381786593 u0 t16.209
3082762 2810000 98 4 w5157723 r42387885 m43326517 f19450 r626900588 p500
 439502098=82407520+216004295+159471644 i119987761 u383347466 u0 t19.093
3093667 2820000 98 4 w5195170 r42626210 m43568470 f19563 r629635303 p500
 441252475=82734828+216859883+160111731 i120451762 u384885588 u0 t16.886
3104606 2830000 98 4 w5237201 r42865713 m43811987 f19688 r632496601 p500
 443006883=83060939+217716620+160755196 i120913964 u386430516 u0 t19.408
3115556 2840000 98 4 w5279645 r43102220 m44052568 f19814 r635280388 p500
 444688481=83372733+218538469+161372236 i121358594 u387909766 u0 t16.971
3126447 2850000 98 4 w5312365 r43330180 m44283760 f19915 r637781247 p500
 446373566=83687025+219365885+161985484 i121803442 u389393939 u0 t19.36
3137354 2860000 98 4 w5350615 r43559570 m44516617 f20026 r640348759 p500
 448084410=84007360+220203015+162608631 i122251062 u390903880 u0 t17.695
3148306 2870000 98 4 w5382295 r43779646 m44740013 f20112 r642817109 p500
 449709146=84311145+221001359+163198792 i122679728 u392335619 u0 t19.799
3159170 2880000 98 4 w5416084 r44003125 m44966730 f20218 r645302611 p500
 451351882=84617909+221801999+163801990 i123112742 u393781998 u0 t24.668
3170031 2890000 98 4 w5454272 r44230563 m45197755 f20338 r647897960 p500
 453013492=84929203+222613413+164410040 i123546880 u395249359 u0 t18.564
3180938 2900000 98 4 w5502326 r44466129 m45437582 f20481 r650835127 p500
 454661681=85237778+223419314+165012236 i123979557 u396703027 u0 t32.835
3191816 2910000 98 4 w5538447 r44695620 m45670357 f20592 r653366846 p500
 456350591=85550949+224239011+165637741 i124421438 u398192423 u0 t19.283
3202736 2920000 98 4 w5581140 r44934810 m45913422 f20723 r656148684 p500
 458067183=85872730+225081734+166261324 i124875119 u399703674 u0 t26.572
3213588 2930000 98 4 w5622288 r45172937 m46155754 f20838 r658989799 p500
 459765403=86191157+225911227+166882779 i125323163 u401198380 u0 t22.868
3224450 2940000 98 4 w5660251 r45408790 m46395399 f20953 r661700080 p500
 461458958=86506014+226744049+167499073 i125775346 u402684589 u0 t21.077
3235384 2950000 98 4 w5701882 r45644028 m46634465 f21073 r664380727 p500
 463116228=86815090+227563975+168096159 i126217482 u404141232 u0 t24.108
3246267 2960000 98 4 w5742166 r45885731 m46879800 f21183 r667092107 p500
 464858603=87140346+228419120+168730537 i126681059 u405672153 u0 t24.808
3257218 2970000 98 4 w5782931 r46126995 m47124775 f21301 r669809945 p500
 466613074=87466190+229282067+169368910 i127143589 u407217758 u0 t24.531
3268155 2980000 98 4 w5814848 r46349817 m47350382 f21406 r672164080 p500
 468268376=87775619+230093744+169972379 i127582002 u408673875 u0 t22.049
3278993 2990000 98 4 w5850888 r46584396 m47588430 f21520 r674798187 p500
 469969715=88091511+230926039+170595817 i128029680 u410173122 u0 t24.45
3289873 3000000 98 4 w5894264 r46813323 m47821469 f21647 r677580183 p500
 471569970=88391941+231705539+171183343 i128447035 u411587201 u0 t24.363
3300770 3010000 98 4 w5932495 r47043876 m48055320 f21755 r680130316 p500
 473233246=88702602+232525382+171785545 i128889134 u413050426 u0 t23.02
3311716 3020000 98 4 w5974867 r47279831 m48295051 f21881 r682795802 p500
 474884704=89011906+233343669+172378776 i129331694 u414499662 u0 t24.763
3322684 3030000 98 4 w6016854 r47514725 m48533811 f22004 r685559603 p500
 476508174=89314099+234142224+172968486 i129767811 u415922396 u0 t24.77
3333558 3040000 98 4 w6051702 r47741817 m48764090 f22110 r687991372 p500
 478143366=89618548+234943979+173565228 i130201932 u417360385 u0 t24.702
3344467 3050000 98 4 w6091409 r47966701 m48992303 f22235 r690433024 p500
 479740737=89918385+235729820+174143829 i130628091 u418763848 u0 t22.01
3355390 3060000 98 4 w6128087 r48203203 m49232438 f22354 r693039880 p500
 481413586=90230624+236550329+174753692 i131071580 u420235508 u0 t25.19
3366284 3070000 98 4 w6169158 r48430675 m49463794 f22474 r695672470 p500
 482988960=90526560+237328756+175320755 i131488244 u421623654 u0 t30.845
3377177 3080000 98 4 w6213176 r48659683 m49696650 f22596 r698313658 p500
 484606407=90828041+238120588+175912435 i131915943 u423046417 u0 t22.863
3388055 3090000 98 4 w6252181 r48882310 m49922911 f22710 r700866585 p500
 486152468=91119668+238885764+176466949 i132328833 u424405446 u0 t25.036
3398880 3100000 98 4 w6291110 r49106168 m50150450 f22820 r703418063 p500
 487684763=91409430+239647791+177012102 i132740665 u425750502 u0 t24.504
Total lines processed: 3104207
Block Count:1, 1999
Avg Block Count:66489
Avg Max Count:0, 9423, 98
Block Count:9008, 1079323
Avg Block Count:98
Avg Max Count:175, 144, 92
Level Count:2
Level Count:4
3479256 4
1877158 4
Max word len: 98
Total words generated: 488326999
Words inserted 132913378
Words updated: 426313700
cache requests:  0, Misses: 0, Flush#: 95
cache requests:  704416851, Misses: 50244334, Flush#: 22874
