Csz: 2, pgsz: 4096
File page count: 0
File page count: 0
Stg buf: 32mb, Idx1 buf: 32mb, Idx1+ buf: 16mb
Idx1 entry count limit: 250 million, Idx2 buf: 32mb
File page count: 0
10988 10000 63 1 w0 r0 m0 f0 r0 p20
 1502009=280567+736357+547318 i724428 u995653 u0 t2.723
22023 20000 63 4 w10969 r1215 m4022 f395 r579977 p500
 2970299=556558+1459020+1077812 i1304000 u2098104 u0 t3.52
Idx1+ lookups: 1891023 1890840 
Idx1+ positiv: 183 63411 
Idx1+ found  : 183 63411 
33024 30000 63 4 w17194 r16722 m24268 f406 r2003261 p500
 4455591=837142+2190955+1612898 i1859509 u3244457 u0 t3.368
44043 40000 69 4 w33222 r46301 m58323 f588 r4302850 p500
 6021768=1126498+2950354+2194339 i2413594 u4481117 u0 t3.888
55121 50000 69 4 w51659 r84487 m101999 f789 r6249385 p500
 7457432=1399039+3657323+2711810 i2911567 u5628525 u0 t3.631
Idx1+ lookups: 3582871 3579610 
Idx1+ positiv: 3261 243478 
Idx1+ found  : 3261 243478 
66115 60000 69 4 w68230 r128902 m151106 f852 r7754029 p500
 8882525=1666288+4349737+3237298 i3385529 u6785016 u0 t3.453
77117 70000 69 4 w95869 r188186 m216206 f981 r9777821 p500
 10323681=1938542+5063745+3753209 i3866943 u7955847 u0 t3.756
88102 80000 69 4 w122297 r250243 m283399 f1698 r11499013 p500
 11702242=2200826+5741136+4250267 i4317541 u9085269 u0 t3.593
Idx1+ lookups: 5256671 5244122 
Idx1+ positiv: 12549 476643 
Idx1+ found  : 12549 476643 
99095 90000 69 4 w155774 r324148 m362735 f3149 r13376436 p500
 13139065=2468368+6445510+4774403 i4781230 u10266980 u0 t3.806
110113 100000 69 4 w193106 r402943 m446776 f4923 r15214771 p500
 14570300=2739305+7152735+5287868 i5233852 u11454839 u0 t3.852
121109 110000 69 4 w231005 r487697 m536340 f6623 r16976448 p500
 15981984=3006512+7851613+5792984 i5680743 u12626046 u0 t3.809
Idx1+ lookups: 6869780 6837145 
Idx1+ positiv: 32635 723074 
Idx1+ found  : 32635 723074 
132028 120000 69 4 w275167 r584612 m638242 f8611 r18848802 p500
 17532484=3286822+8590277+6386159 i6134464 u13941110 u0 t4.125
142990 130000 69 4 w323857 r683669 m742410 f9845 r20697718 p500
 18986448=3562710+9311119+6905248 i6579990 u15162403 u0 t4.033
153925 140000 69 4 w377251 r793707 m857687 f10777 r22608080 p500
 20474477=3841729+10051396+7435263 i7031485 u16416613 u0 t4.145
Idx1+ lookups: 8506081 8432178 
Idx1+ positiv: 73903 989719 
Idx1+ found  : 73903 989719 
164855 150000 69 4 w430220 r906770 m975822 f12047 r24441828 p500
 21982251=4126056+10796461+7976893 i7487354 u17688513 u0 t4.184
175812 160000 69 4 w493786 r1034629 m1109231 f13067 r26496432 p500
 23584909=4417148+11560934+8588302 i7950316 u19053849 u0 t4.441
186797 170000 69 4 w552109 r1154910 m1234340 f13899 r28299140 p500
 25060643=4694278+12291216+9118384 i8394369 u20301447 u0 t4.161
Idx1+ lookups: 10128322 9992297 
Idx1+ positiv: 136025 1266093 
Idx1+ found  : 136025 1266093 
197847 180000 69 4 w621538 r1289724 m1374568 f14889 r30323434 p500
 26594805=4977567+13035840+9687961 i8841770 u21607944 u0 t4.406
208776 190000 69 4 w693515 r1428133 m1518051 f15877 r32280336 p500
 28107430=5261667+13783743+10232285 i9285053 u22898194 u0 t4.406
219728 200000 69 4 w765867 r1573869 m1668815 f16301 r34255047 p500
 29612928=5546285+14529981+10770299 i9723903 u24185715 u0 t4.436
Idx1+ lookups: 11776458 11554825 
Idx1+ positiv: 221633 1558423 
Idx1+ found  : 221633 1558423 
230584 210000 69 4 w844499 r1725491 m1825591 f16661 r36267878 p500
 31176719=5839236+15302598+11333221 i10175015 u25526027 u0 t4.599
241548 220000 69 4 w922197 r1877954 m1982933 f16950 r38194915 p500
 32683216=6122373+16045650+11876729 i10610842 u26816296 u0 t4.462
252514 230000 69 4 w1004052 r2037779 m2147793 f17356 r40204097 p500
 34281334=6415992+16823378+12467909 i11064622 u28189732 u0 t4.714
Idx1+ lookups: 13435513 13109449 
Idx1+ positiv: 326064 1857370 
Idx1+ found  : 326064 1857370 
263483 240000 69 4 w1095474 r2205673 m2321092 f17615 r42308012 p500
 35779646=6698842+17564571+13004988 i11494774 u29476967 u0 t4.636
274496 250000 69 4 w1186226 r2379547 m2500184 f17878 r44387880 p500
 37310769=6986369+18323484+13553505 i11932058 u30794309 u0 t4.781
285461 260000 69 4 w1266553 r2540977 m2666008 f18152 r46188696 p500
 38803051=7268863+19066410+14083606 i12356519 u32081319 u0 t4.476
Idx1+ lookups: 15109458 14660753 
Idx1+ positiv: 448705 2165725 
Idx1+ found  : 448705 2165725 
296415 270000 69 4 w1363029 r2719131 m2849371 f18361 r48276217 p500
 40291660=7548931+19800727+14620226 i12777970 u33365482 u0 t4.731
307437 280000 69 4 w1456683 r2896151 m3031246 f18546 r50224025 p500
 41798390=7832680+20548382+15159093 i13201824 u34668886 u0 t4.769
318462 290000 69 4 w1554969 r3085362 m3225558 f18769 r52271844 p500
 43400958=8135339+21341253+15733409 i13653901 u36053438 u0 t4.949
Idx1+ lookups: 16794417 16208217 
Idx1+ positiv: 586200 2480384 
Idx1+ found  : 586200 2480384 
329483 300000 69 4 w1667115 r3294607 m3440568 f19074 r54590931 p500
 45028067=8442234+22155263+16308545 i14117159 u37456847 u0 t7.358
340525 310000 69 4 w1770616 r3489381 m3640360 f19329 r56615559 p500
 46615498=8738046+22934138+16886727 i14555265 u38835946 u0 t4.873
Idx1+ lookups: 18472514 17736958 
Idx1+ positiv: 735556 2793022 
Idx1+ found  : 735556 2793022 
351480 320000 97 4 w1873255 r3686005 m3841718 f19560 r58595610 p500
 48198444=9038935+23721499+17447383 i14991615 u40213862 u0 t4.97
362496 330000 97 4 w1982294 r3889528 m4050394 f19848 r60703852 p500
 49733444=9330284+24482692+17993474 i15416975 u41548248 u0 t4.965
373551 340000 97 4 w2090771 r4095124 m4260838 f20153 r62733000 p500
 51290420=9626097+25253246+18550462 i15847763 u42902491 u0 t5.03
Idx1+ lookups: 20162584 19263842 
Idx1+ positiv: 898742 3111872 
Idx1+ found  : 898742 3111872 
384689 350000 97 4 w2208087 r4310404 m4481278 f20437 r64903151 p500
 52863841=9922129+26021395+19125405 i16284305 u44267398 u0 t5.101
395874 360000 97 4 w2325348 r4528535 m4704621 f20698 r67019125 p500
 54481113=10221859+26805577+19724920 i16735237 u45665602 u0 t5.186
406862 370000 97 4 w2448583 r4755440 m4936886 f20998 r69227759 p500
 56127737=10531055+27599843+20335875 i17190097 u47093522 u0 t5.274
Idx1+ lookups: 21869285 20796057 
Idx1+ positiv: 1073228 3429536 
Idx1+ found  : 1073228 3429536 
417894 380000 97 4 w2566775 r4973830 m5160227 f21234 r71303365 p500
 57710652=10827571+28373736+20913921 i17631263 u48464422 u0 t5.256
428912 390000 97 4 w2686651 r5198291 m5389792 f21472 r73405138 p500
 59267668=11118998+29134387+21483671 i18060871 u49816890 u0 t5.068
439874 400000 97 4 w2810286 r5423257 m5619815 f21764 r75503051 p500
 60798949=11403897+29878773+22048738 i18476715 u51152590 u0 t5.239
Idx1+ lookups: 23579517 22321357 
Idx1+ positiv: 1258160 3754152 
Idx1+ found  : 1258160 3754152 
450859 410000 97 4 w2934938 r5654557 m5856158 f22077 r77627876 p500
 62344803=11692810+30638301+22610561 i18901107 u52498505 u0 t5.166
461847 420000 97 4 w3050955 r5874217 m6080299 f22313 r79575545 p500
 63844431=11974358+31373784+23155226 i19310242 u53806638 u0 t5.052
472807 430000 97 4 w3183762 r6118540 m6329764 f22579 r81748118 p500
 65437780=12274970+32155539+23733015 i19740972 u55200615 u0 t5.404
Idx1+ lookups: 25291584 23838251 
Idx1+ positiv: 1453333 4083222 
Idx1+ found  : 1453333 4083222 
483790 440000 97 4 w3318834 r6369688 m6586005 f22852 r83956899 p500
 67045767=12575174+32948774+24314528 i20179479 u56604293 u0 t5.837
494708 450000 97 4 w3454538 r6627249 m6848659 f23125 r86166889 p500
 68699472=12883619+33764275+24912530 i20625676 u58052153 u0 t5.541
Idx1+ lookups: 27018732 25357298 
Idx1+ positiv: 1661434 4420369 
Idx1+ found  : 1661434 4420369 
505590 460000 97 4 w3594089 r6886703 m7113203 f23406 r88379792 p500
 70351532=13192036+34579703+25508940 i21071218 u59499512 u0 t5.554
516566 470000 97 4 w3734198 r7152268 m7383952 f23686 r90613367 p500
 71990802=13497983+35383004+26106829 i21508583 u60938122 u0 t5.713
527520 480000 97 4 w3878397 r7422302 m7659172 f23975 r92881439 p500
 73645399=13806248+36198720+26705964 i21953062 u62388386 u0 t5.744
Idx1+ lookups: 28740654 26865336 
Idx1+ positiv: 1875318 4759537 
Idx1+ found  : 1875318 4759537 
538466 490000 97 4 w4027353 r7699769 m7941832 f24275 r95159927 p500
 75322036=14118226+37019796+27319560 i22398801 u63861419 u0 t5.745
549399 500000 97 4 w4181290 r7987299 m8234732 f24587 r97521895 p500
 77023425=14443739+37852951+27939452 i22849963 u65357938 u0 t5.952
Idx1+ lookups: 30466535 28367255 
Idx1+ positiv: 2099280 5105117 
Idx1+ found  : 2099280 5105117 
560288 510000 97 4 w4329148 r8267696 m8520363 f24887 r99784716 p500
 78683779=14754211+38673947+28537979 i23287498 u66822595 u0 t5.868
571192 520000 97 4 w4475611 r8547067 m8804577 f25182 r101995662 p500
 80352712=15063905+39495351+29144443 i23729343 u68291443 u0 t6.041
582148 530000 97 4 w4635407 r8841228 m9104069 f25508 r104340513 p500
 82036336=15378372+40322769+29756566 i24172076 u69776724 u0 t5.847
Idx1+ lookups: 32190103 29858493 
Idx1+ positiv: 2331610 5447902 
Idx1+ found  : 2331610 5447902 
593039 540000 97 4 w4798594 r9146205 m9414525 f25835 r106754361 p500
 83771290=15699382+41171815+30392891 i24620123 u71313795 u0 t6.017
604123 550000 97 4 w4926381 r9396729 m9669214 f26098 r108659586 p500
 85292841=15985696+41911091+30952926 i25012387 u72662810 u0 t5.179
615220 560000 97 4 w5052819 r9627757 m9904447 f26351 r110500178 p500
 86578406=16228956+42541143+31420369 i25342477 u73805472 u0 t4.64
Idx1+ lookups: 33888923 31323476 
Idx1+ positiv: 2565447 5791689 
Idx1+ found  : 2565447 5791689 
626410 570000 97 4 w5162114 r9836985 m10117057 f26572 r112079130 p500
 87844101=16466215+43152805+31889826 i25663505 u74932345 u0 t4.428
637646 580000 97 4 w5278184 r10053244 m10336955 f26818 r113747972 p500
 89076810=16700413+43755344+32338702 i25976536 u76031432 u0 t4.466
648847 590000 97 4 w5395380 r10276141 m10563682 f27053 r115473771 p500
 90374030=16941574+44376422+32827115 i26289582 u77200099 u0 t4.438
660023 600000 97 4 w5501231 r10475970 m10766900 f27265 r117013432 p500
 91532382=17161983+44938682+33251932 i26579773 u78236398 u0 t4.029
Idx1+ lookups: 35552930 32754141 
Idx1+ positiv: 2798789 6133522 
Idx1+ found  : 2798789 6133522 
671169 610000 97 4 w5607630 r10677975 m10972223 f27481 r118524838 p500
 92677881=17380618+45496976+33670550 i26865997 u79262343 u0 t4.074
682330 620000 97 4 w5705517 r10870645 m11168044 f27681 r119950959 p500
 93822077=17600425+46050280+34090645 i27149489 u80288666 u0 t4.038
693457 630000 97 4 w5834486 r11100898 m11402224 f27943 r121734932 p500
 95055697=17831544+46649550+34545330 i27449102 u81400571 u0 t4.649
Idx1+ lookups: 37213843 34171723 
Idx1+ positiv: 3042120 6476303 
Idx1+ found  : 3042120 6476303 
704731 640000 97 4 w5939531 r11306063 m11610589 f28157 r123235152 p500
 96294487=18063003+47246521+35007532 i27750584 u82515570 u0 t4.322
715916 650000 97 4 w6048141 r11508870 m11816653 f28379 r124735087 p500
 97439920=18281492+47802828+35427035 i28032740 u83545427 u0 t4.107
727122 660000 97 4 w6168965 r11735552 m12046979 f28623 r126430513 p500
 98670868=18515586+48399959+35879326 i28332960 u84654497 u0 t4.379
738273 670000 97 4 w6281498 r11949735 m12264646 f28850 r128010078 p500
 99875743=18744879+48985343+36321344 i28627479 u85740259 u0 t4.22
Idx1+ lookups: 38874439 35581011 
Idx1+ positiv: 3293428 6821857 
Idx1+ found  : 3293428 6821857 
749495 680000 97 4 w6387971 r12153617 m12471669 f29067 r129487773 p500
 101042383=18969139+49551143+36748337 i28909093 u86795322 u0 t4.231
760693 690000 97 4 w6503983 r12372563 m12694045 f29301 r131087498 p500
 102254980=19199662+50136770+37196455 i29208074 u87884265 u0 t4.567
771972 700000 97 4 w6615373 r12587459 m12912251 f29525 r132639199 p500
 103465720=19428892+50723315+37642786 i29504619 u88973941 u0 t4.269
783287 710000 97 4 w6739191 r12813168 m13141736 f29775 r134296001 p500
 104639900=19653350+51296043+38070532 i29791070 u90032777 u0 t4.494
Idx1+ lookups: 40550700 36999194 
Idx1+ positiv: 3551506 7170314 
Idx1+ found  : 3551506 7170314 
794503 720000 97 4 w6853467 r13026574 m13358475 f30007 r135845557 p500
 105795637=19874772+51860524+38490375 i30074285 u91073954 u0 t4.122
805629 730000 97 4 w6963874 r13242172 m13577200 f30231 r137356719 p500
 107012879=20104345+52440052+38949652 i30369244 u92169991 u0 t4.191
816809 740000 97 4 w7091170 r13469237 m13807975 f30490 r139049593 p500
 108170750=20322040+52988329+39390324 i30645009 u93216000 u0 t4.314
Idx1+ lookups: 42208335 38394373 
Idx1+ positiv: 3813962 7516525 
Idx1+ found  : 3813962 7516525 
827890 750000 97 4 w7184520 r13658821 m14000328 f30682 r140364546 p500
 109346023=20541989+53535547+39846975 i30919386 u94281443 u0 t3.977
839058 760000 97 4 w7301690 r13875262 m14220274 f30922 r141945913 p500
 110457274=20754203+54068761+40260181 i31181851 u95290496 u0 t4.344
850231 770000 97 4 w7409683 r14084660 m14432660 f31139 r143377780 p500
 111644530=20977813+54640699+40701567 i31465916 u96364334 u0 t4.288
861324 780000 97 4 w7536274 r14311285 m14662811 f31394 r145040862 p500
 112756712=21190675+55177904+41111668 i31735368 u97368150 u0 t4.162
Idx1+ lookups: 43870798 39789731 
Idx1+ positiv: 4081067 7867920 
Idx1+ found  : 4081067 7867920 
872344 790000 97 4 w7642575 r14516682 m14871106 f31612 r146469272 p500
 113901230=21409743+55727856+41536166 i32005957 u98407669 u0 t3.991
883522 800000 97 4 w7751289 r14728344 m15085853 f31836 r147932923 p500
 115052446=21630279+56283615+41960828 i32277957 u99453714 u0 t4.496
894714 810000 97 4 w7872530 r14946044 m15306932 f32081 r149491833 p500
 116160183=21843397+56812897+42374928 i32542965 u100456047 u0 t4.24
905844 820000 97 4 w7986819 r15159065 m15523059 f32315 r150940720 p500
 117283223=22058021+57355645+42788962 i32808193 u101476335 u0 t4.407
Idx1+ lookups: 45530924 41175465 
Idx1+ positiv: 4355459 8218439 
Idx1+ found  : 4355459 8218439 
916882 830000 97 4 w8115518 r15403469 m15771169 f32576 r152686323 p500
 118549967=22298052+57962861+43262652 i33112986 u102619819 u0 t4.81
927964 840000 97 4 w8232118 r15628726 m15999564 f32814 r154217313 p500
 119743936=22526809+58544733+43697164 i33403668 u103697406 u0 t4.273
939033 850000 97 4 w8360303 r15872452 m16246866 f33074 r155893980 p500
 121004026=22765154+59154770+44162145 i33710288 u104832970 u0 t4.58
950128 860000 97 4 w8495924 r16120412 m16498462 f33353 r157611663 p500
 122238911=23000263+59758465+44610481 i34012154 u105945876 u0 t4.668
Idx1+ lookups: 47240514 42599596 
Idx1+ positiv: 4640918 8578265 
Idx1+ found  : 4640918 8578265 
961260 870000 97 4 w8621903 r16359134 m16740537 f33611 r159242113 p500
 123458245=23233306+60350981+45056196 i34308206 u107046075 u0 t4.61
972424 880000 97 4 w8749846 r16598291 m16983084 f33871 r160892953 p500
 124673076=23464513+60935225+45507237 i34602521 u108141506 u0 t4.733
983571 890000 97 4 w8885094 r16845526 m17233996 f34147 r162594086 p500
 125884344=23693920+61524697+45951042 i34898068 u109232599 u0 t4.655
Idx1+ lookups: 48950831 44019322 
Idx1+ positiv: 4931509 8939690 
Idx1+ found  : 4931509 8939690 
994789 900000 97 4 w9000301 r17071914 m17463593 f34382 r164112695 p500
 127057734=23916914+62089299+46386563 i35176038 u110297276 u0 t4.229
1005944 910000 97 4 w9127798 r17308001 m17703033 f34678 r165717543 p500
 128303145=24152135+62684289+46852631 i35457732 u111439239 u0 t4.497
1017100 920000 97 4 w9241615 r17527212 m17925347 f34909 r167201977 p500
 129430532=24368313+63227679+47268900 i35725100 u112462563 u0 t4.449
1028294 930000 97 4 w9369223 r17757033 m18158530 f35192 r168780706 p500
 130528677=24578028+63757612+47674284 i35985157 u113459597 u0 t4.173
Idx1+ lookups: 50617282 45398638 
Idx1+ positiv: 5218644 9297481 
Idx1+ found  : 5218644 9297481 
1039422 940000 97 4 w9484887 r17982701 m18387183 f35428 r170274672 p500
 131687827=24798360+64320403+48099629 i36262004 u114510029 u0 t4.273
1050473 950000 97 4 w9607690 r18212503 m18620224 f35678 r171822603 p500
 132854633=25020472+64887893+48525919 i36537275 u115570984 u0 t4.421
1061568 960000 97 4 w9734431 r18448326 m18859286 f35937 r173385343 p500
 134043070=25250333+65467521+48956681 i36810658 u116660411 u0 t4.301
1072599 970000 97 4 w9865791 r18697304 m19111752 f36203 r175049536 p500
 135291847=25485760+66067542+49422293 i37097971 u117800902 u0 t5.125
Idx1+ lookups: 52280778 46770900 
Idx1+ positiv: 5509878 9652123 
Idx1+ found  : 5509878 9652123 
1083733 980000 97 4 w9981460 r18916537 m19333917 f36438 r176471196 p500
 136399100=25701026+66611278+49818919 i37356324 u118812815 u0 t4.448
1094785 990000 97 4 w10102548 r19146859 m19567493 f36683 r178020097 p500
 137519050=25917257+67155540+50227043 i37621628 u119830914 u0 t4.208
1105876 1000000 97 4 w10223472 r19376903 m19800557 f36949 r179507690 p500
 138665713=26137695+67717784+50640862 i37892335 u120875257 u0 t4.331
Idx1+ lookups: 53974309 48161956 
Idx1+ positiv: 5812353 10015049 
Idx1+ found  : 5812353 10015049 
1117034 1010000 97 4 w10359827 r19621379 m20048506 f37226 r181164516 p500
 139787403=26354448+68264708+51048328 i38158208 u121894753 u0 t4.44
1128112 1020000 97 4 w10482304 r19855977 m20286184 f37480 r182695948 p500
 140921791=26573668+68822755+51454807 i38428601 u122925787 u0 t4.219
1139060 1030000 97 4 w10617451 r20115694 m20549395 f37775 r184390160 p500
 142169262=26814500+69435817+51902697 i38730926 u124054102 u0 t7.931
1150007 1040000 97 4 w10768774 r20400607 m20837991 f38100 r186214505 p500
 143561529=27079998+70114418+52410413 i39067197 u125312034 u0 t5.444
Idx1+ lookups: 55702371 49583213 
Idx1+ positiv: 6119158 10382184 
Idx1+ found  : 6119158 10382184 
1160894 1050000 97 4 w10935097 r20711432 m21153053 f38439 r188240842 p500
 144998334=27351326+70820475+52930359 i39418431 u126606945 u0 t5.587
1171814 1060000 97 4 w11095989 r21008271 m21453959 f38767 r190174423 p500
 146379096=27613815+71499763+53428048 i39756404 u127851302 u0 t11.649
1182789 1070000 97 4 w11243015 r21297328 m21746719 f39065 r191997678 p500
 147771413=27879098+72187374+53926681 i40097086 u129107060 u0 t11.133
Idx1+ lookups: 57447604 51015572 
Idx1+ positiv: 6432032 10751122 
Idx1+ found  : 6432032 10751122 
1193726 1080000 97 4 w11421842 r21615804 m22069701 f39427 r194139496 p500
 149134067=28139227+72857138+54417549 i40427737 u130338206 u0 t7.218
1204582 1090000 97 4 w11570894 r21908195 m22365664 f39729 r195955269 p500
 150558189=28410800+73563244+54924922 i40778816 u131620326 u0 t5.346
1215452 1100000 97 4 w11749391 r22236130 m22698107 f40091 r198108522 p500
 152005113=28686816+74275924+55445128 i41126253 u132930880 u0 t5.89
Idx1+ lookups: 59200823 52451463 
Idx1+ positiv: 6749360 11126500 
Idx1+ found  : 6749360 11126500 
1226363 1110000 97 4 w11917390 r22558759 m23024788 f40432 r200149672 p500
 153500823=28969235+75014161+55983169 i41488997 u134282544 u0 t11.299
1237247 1120000 97 4 w12078107 r22868600 m23338434 f40774 r202114184 p500
 154937436=29243149+75724625+56496704 i41834675 u135583928 u0 t5.731
1248176 1130000 97 4 w12242392 r23182946 m23656712 f41123 r204071952 p500
 156402735=29522272+76447278+57022338 i42189168 u136909193 u0 t11.236
Idx1+ lookups: 60955118 53884061 
Idx1+ positiv: 7071057 11502027 
Idx1+ found  : 7071057 11502027 
1259068 1140000 97 4 w12428214 r23520020 m23998299 f41501 r206248886 p500
 157861130=29797985+77168674+57545265 i42544709 u138225244 u0 t6.295
1269968 1150000 97 4 w12610171 r23855007 m24337795 f41901 r208397297 p500
 159329507=30076803+77900612+58066164 i42900921 u139553155 u0 t9.656
1280888 1160000 97 4 w12768643 r24161790 m24648335 f42227 r210249715 p500
 160787360=30353505+78624948+58585504 i43259038 u140866728 u0 t7.84
Idx1+ lookups: 62715138 55319326 
Idx1+ positiv: 7395812 11874845 
Idx1+ found  : 7395812 11874845 
1291754 1170000 97 4 w12950730 r24500186 m24991225 f42596 r212422557 p500
 162257086=30632524+79353396+59110035 i43616530 u142194703 u0 t5.9
1302652 1180000 97 4 w13124372 r24833283 m25328383 f42950 r214480828 p500
 163740225=30914948+80088433+59638609 i43973446 u143539129 u0 t5.758
1313613 1190000 97 4 w13306551 r25170698 m25670221 f43322 r216617477 p500
 165222365=31196415+80824289+60167001 i44333272 u144879171 u0 t11.549
Idx1+ lookups: 64472889 56751471 
Idx1+ positiv: 7721418 12251602 
Idx1+ found  : 7721418 12251602 
1324596 1200000 97 4 w13475728 r25497779 m26001506 f43663 r218638750 p500
 166705142=31477697+81562307+60693492 i44691789 u146221644 u0 t6.148
1335456 1210000 97 4 w13660398 r25842118 m26350005 f44036 r220762614 p500
 168224635=31765451+82316176+61235830 i45060448 u147595379 u0 t7.259
1346441 1220000 97 4 w13855558 r26205938 m26718625 f44435 r223058864 p500
 169783151=32059976+83084342+61797326 i45431680 u149009948 u0 t11.744
Idx1+ lookups: 66231291 58178488 
Idx1+ positiv: 8052803 12629581 
Idx1+ found  : 8052803 12629581 
1357399 1230000 97 4 w14033801 r26548830 m27065592 f44797 r225130547 p500
 171340127=32353047+83856368+62354089 i45805507 u150420879 u0 t6.136
1368385 1240000 97 4 w14228056 r26915232 m27436518 f45202 r227387945 p500
 172947613=32655799+84649796+62933488 i46189162 u151879092 u0 t6.275
1379469 1250000 97 4 w14419164 r27281705 m27807369 f45595 r229617193 p500
 174578358=32960715+85458237+63518400 i46583244 u153353599 u0 t13.419
Idx1+ lookups: 67990585 59607476 
Idx1+ positiv: 8383109 13010811 
Idx1+ found  : 8383109 13010811 
1390543 1260000 97 4 w14620312 r27657010 m28187310 f46001 r231935431 p500
 176216496=33265768+86260659+64117377 i46972835 u154838745 u0 t6.704
1401635 1270000 97 4 w14826904 r28038213 m28573482 f46420 r234290977 p500
 177844400=33572064+87068311+64699573 i47366659 u156311215 u0 t13.852
Idx1+ lookups: 69746890 61029979 
Idx1+ positiv: 8716911 13383139 
Idx1+ found  : 8716911 13383139 
1412662 1280000 97 4 w15036639 r28423260 m28963531 f46846 r236681355 p500
 179448464=33876559+87868585+65267070 i47755568 u157762799 u0 t7.768
1423732 1290000 97 4 w15226163 r28783062 m29327721 f47229 r238860073 p500
 181048818=34176735+88658077+65844470 i48141843 u159210380 u0 t12.603
1434749 1300000 97 4 w15418646 r29153226 m29702395 f47639 r241061882 p500
 182708017=34486060+89473649+66447223 i48540066 u160712162 u0 t6.896
Idx1+ lookups: 71508270 62456650 
Idx1+ positiv: 9051620 13756662 
Idx1+ found  : 9051620 13756662 
1445738 1310000 97 4 w15626808 r29539748 m30093776 f48061 r243440663 p500
 184393707=34802515+90300279+67060585 i48949568 u162232920 u0 t6.962
1456743 1320000 97 4 w15830832 r29925000 m30483642 f48499 r245800651 p500
 186070233=35117420+91124338+67668658 i49354081 u163748672 u0 t13.255
Idx1+ lookups: 73269533 63881672 
Idx1+ positiv: 9387861 14131792 
Idx1+ found  : 9387861 14131792 
1467716 1330000 97 4 w16048081 r30330689 m30894255 f48939 r248241477 p500
 187826318=35446440+91987570+68306202 i49774959 u165338834 u0 t7.846
1478847 1340000 97 4 w16270414 r30743077 m31311926 f49401 r250789887 p500
 189576204=35770547+92843092+68948286 i50197073 u166919117 u0 t14.217
1489858 1350000 97 5 w16472447 r31133484 m31706917 f49812 r253629056 p500
 191293706=36091274+93689714+69570365 i50614548 u168468900 u0 t9.609
Idx1+ lookups: 75042626 65317066 
Idx1+ positiv: 9725560 14509404 
Idx1+ found  : 9725560 14509404 
1500812 1360000 97 5 w16674052 r31513125 m32091288 f50222 r256723528 p500
 192945491=36397576+94496222+70177412 i51014871 u169959162 u0 t12.886
1511816 1370000 97 5 w16878441 r31899912 m32482649 f50652 r259803444 p500
 194629037=36712329+95326971+70785495 i51419409 u171483557 u0 t14.176
1522795 1380000 97 5 w17080512 r32281459 m32868848 f51060 r262876420 p500
 196261107=37016280+96132860+71375071 i51814894 u172957348 u0 t7.065
Idx1+ lookups: 76820881 66753367 
Idx1+ positiv: 10067514 14891039 
Idx1+ found  : 10067514 14891039 
1533703 1390000 97 5 w17297573 r32679000 m33271455 f51517 r266155072 p500
 197916580=37324592+96947275+71976458 i52220059 u174448080 u0 t6.834
1544569 1400000 97 5 w17508243 r33072972 m33670086 f51956 r269305702 p500
 199559259=37633478+97759355+72566898 i52615273 u175935578 u0 t14.925
Idx1+ lookups: 78611262 68195831 
Idx1+ positiv: 10415431 15275653 
Idx1+ found  : 10415431 15275653 
1555499 1410000 97 5 w17737436 r33497216 m34099562 f52430 r272717018 p500
 201315494=37961628+98624605+73202706 i53036127 u177525902 u0 t7.178
1566395 1420000 97 5 w17961420 r33914368 m34521769 f52896 r276009668 p500
 203040851=38283744+99480615+73821800 i53449876 u179089342 u0 t15.689
1577238 1430000 97 5 w18172887 r34316726 m34928938 f53349 r279201218 p500
 204769957=38606559+100338547+74442479 i53869596 u180650684 u0 t8.679
Idx1+ lookups: 80392861 69625825 
Idx1+ positiv: 10767036 15654037 
Idx1+ found  : 10767036 15654037 
1588118 1440000 101 5 w18394316 r34729137 m35346334 f53805 r282441276 p500
 206501964=38930451+101195825+75064964 i54287588 u182216993 u0 t15.105
1598949 1450000 101 5 w18631535 r35166281 m35788847 f54293 r285956634 p500
 208268958=39258963+102068645+75703593 i54709043 u183819530 u0 t16.436
Idx1+ lookups: 82171500 71052205 
Idx1+ positiv: 11119295 16037990 
Idx1+ found  : 11119295 16037990 
1609797 1460000 101 5 w18842759 r35575227 m36202316 f54732 r289101356 p500
 210044947=39588611+102945770+76346406 i55131035 u185431050 u0 t13.501
1620630 1470000 101 5 w19070202 r36001749 m36633832 f55242 r292428140 p500
 211794585=39917933+103814704+76971470 i55544032 u187023102 u0 t9.715
1631477 1480000 101 5 w19289655 r36417940 m37054863 f55687 r295676396 p500
 213544045=40245037+104679189+77602221 i55961179 u188609636 u0 t7.889
Idx1+ lookups: 83948181 72472352 
Idx1+ positiv: 11475829 16423055 
Idx1+ found  : 11475829 16423055 
1642373 1490000 101 5 w19534544 r36866083 m37508351 f56187 r299213486 p500
 215341282=40581295+105569208+78248299 i56384566 u190245306 u0 t15.158
1653233 1500000 101 5 w19760350 r37295827 m37943047 f56648 r302537326 p500
 217140861=40916401+106459891+78897104 i56809354 u191882078 u0 t16.331
Idx1+ lookups: 85718379 73886156 
Idx1+ positiv: 11832223 16807214 
Idx1+ found  : 11832223 16807214 
1664130 1510000 101 5 w19990359 r37726089 m38378262 f57117 r305894504 p500
 218918863=41246819+107335188+79542979 i57225008 u193501937 u0 t9.253
1675034 1520000 101 5 w20211071 r38151654 m38808556 f57599 r309132038 p500
 220707784=41578832+108217124+80191733 i57643769 u195131567 u0 t19.629
1685958 1530000 101 5 w20445476 r38590553 m39252551 f58073 r312512090 p500
 222527080=41916354+109112653+80853015 i58067919 u196790455 u0 t23.839
Idx1+ lookups: 87478637 75288141 
Idx1+ positiv: 12190496 17190674 
Idx1+ found  : 12190496 17190674 
1696847 1540000 101 5 w20684182 r39032341 m39699542 f58619 r315955864 p500
 224315178=42247473+109988212+81508049 i58486334 u198417962 u0 t15.585
1707676 1550000 101 5 w20920886 r39479523 m40152006 f59111 r319425568 p500
 226145550=42585444+110889061+82174592 i58915737 u200083488 u0 t10.674
Idx1+ lookups: 89255163 76700918 
Idx1+ positiv: 12554245 17579664 
Idx1+ found  : 12554245 17579664 
1718573 1560000 101 5 w21169394 r39939376 m40617176 f59693 r322987566 p500
 227977335=42923424+111787999+82844857 i59343245 u201751582 u0 t13.893
1729487 1570000 101 5 w21400249 r40373199 m41055958 f60177 r326284948 p500
 229753615=43251320+112659502+83494703 i59756514 u203371034 u0 t14.011
Idx1+ lookups: 91024695 78105063 
Idx1+ positiv: 12919632 17967880 
Idx1+ found  : 12919632 17967880 
1740347 1580000 101 5 w21643378 r40823840 m41511772 f60693 r329771554 p500
 231553104=43584046+113540125+84154536 i60174689 u205011824 u0 t14.318
1751207 1590000 101 5 w21871834 r41261069 m41953909 f61218 r333052958 p500
 233379940=43922520+114439161+84819335 i60599045 u206678198 u0 t16.898
1762023 1600000 101 5 w22113386 r41709380 m42407383 f61737 r336505856 p500
 235155843=44253361+115316780+85460372 i61012450 u208298707 u0 t9.032
Idx1+ lookups: 92801070 79514471 
Idx1+ positiv: 13286599 18361198 
Idx1+ found  : 13286599 18361198 
1772878 1610000 101 5 w22343717 r42147054 m42850053 f62235 r339865664 p500
 236929770=44581602+116184385+86111454 i61425120 u209915974 u0 t15.756
1783723 1620000 101 5 w22562517 r42570665 m43278187 f62690 r343030710 p500
 238688807=44908360+117054935+86745918 i61833822 u211521813 u0 t16.663
Idx1+ lookups: 94577556 80920452 
Idx1+ positiv: 13657104 18752422 
Idx1+ found  : 13657104 18752420 
1794607 1630000 101 5 w22805627 r43020841 m43733491 f63179 r346479766 p500
 240464479=45236722+117925167+87395629 i62246455 u213140659 u0 t18.957
1805498 1640000 101 5 w23044881 r43471076 m44188813 f63701 r349886708 p500
 242254153=45568300+118810419+88042816 i62661470 u214775207 u0 t10.183
1816421 1650000 101 5 w23306024 r43944312 m44667571 f64252 r353558840 p500
 244050465=45899876+119697682+88694298 i63084105 u216409027 u0 t16.232
Idx1+ lookups: 96365003 82334872 
Idx1+ positiv: 14030131 19145996 
Idx1+ found  : 14030131 19145993 
1827273 1660000 101 5 w23529718 r44376485 m45104381 f64710 r356766558 p500
 245854599=46234183+120581771+89354321 i63502636 u218054880 u0 t16.965
1838160 1670000 101 5 w23768043 r44824038 m45557006 f65204 r360164022 p500
 247658504=46569017+121468086+90011465 i63924060 u219698107 u0 t17.607
Idx1+ lookups: 98144413 83740742 
Idx1+ positiv: 14403671 19537446 
Idx1+ found  : 14403671 19537441 
1849005 1680000 101 5 w24000090 r45263345 m46001144 f65733 r363460448 p500
 249430278=46895842+122335533+90661291 i64332185 u221317465 u0 t7.926
1859879 1690000 101 5 w24239793 r45707999 m46450713 f66232 r366807902 p500
 251131279=47212315+123178813+91272934 i64726844 u222871621 u0 t18.005
1870739 1700000 101 5 w24469515 r46147465 m46894939 f66702 r370067806 p500
 252891045=47539369+124052324+91905247 i65133531 u224481038 u0 t16.792
Idx1+ lookups: 99920645 85140371 
Idx1+ positiv: 14780274 19930705 
Idx1+ found  : 14780274 19930700 
1881698 1710000 101 5 w24707083 r46584581 m47336879 f67221 r373374942 p500
 254580511=47855132+124886720+92515242 i65521779 u226028125 u0 t17.398
1892578 1720000 101 5 w24929515 r47010315 m47767101 f67718 r376522930 p500
 256293646=48175630+125733252+93133036 i65914900 u227597827 u0 t11.208
Idx1+ lookups: 101702431 86543431 
Idx1+ positiv: 15159000 20329084 
Idx1+ found  : 15159000 20329078 
1903425 1730000 101 5 w25166059 r47455888 m48217439 f68280 r379837476 p500
 258022915=48497011+126587322+93759138 i66313483 u229180124 u0 t12.977
1914319 1740000 101 5 w25420604 r47923486 m48690202 f68840 r383356086 p500
 259815209=48830592+127465985+94414637 i66723325 u230821258 u0 t19.25
1925121 1750000 101 5 w25646235 r48360350 m49131692 f69346 r386592162 p500
 261541348=49152781+128320704+95035878 i67120284 u232402226 u0 t17.3
Idx1+ lookups: 103481333 87942651 
Idx1+ positiv: 15538682 20725063 
Idx1+ found  : 15538682 20725057 
1936035 1760000 101 5 w25890127 r48817794 m49594160 f69868 r389990250 p500
 263330395=49486167+129206644+95680325 i67535314 u234036725 u0 t17.772
1946942 1770000 101 5 w26123708 r49260035 m50041038 f70416 r393254172 p500
 265050284=49805914+130048834+96309106 i67922859 u235617580 u0 t10.757
Idx1+ lookups: 105256057 89337597 
Idx1+ positiv: 15918460 21124053 
Idx1+ found  : 15918460 21124047 
1957829 1780000 101 5 w26347599 r49687731 m50473115 f70883 r396365402 p500
 266753303=50124838+130892409+96920932 i68313114 u237179146 u0 t15.617
1968722 1790000 101 5 w26593436 r50148690 m50939184 f71440 r399789038 p500
 268493552=50448739+131746780+97555161 i68711964 u238772607 u0 t15.938
1979581 1800000 101 5 w26818897 r50571811 m51366697 f71923 r402906162 p500
 270164288=50760785+132567358+98163038 i69097026 u240300387 u0 t17.099
Idx1+ lookups: 107037400 90733792 
Idx1+ positiv: 16303608 21517852 
Idx1+ found  : 16303608 21517844 
1990482 1810000 101 5 w27051930 r51004248 m51803671 f72421 r406122352 p500
 271830252=51072079+133383609+98770962 i69474663 u241830036 u0 t16.004
2001382 1820000 101 5 w27283707 r51437327 m52241403 f72902 r409335338 p500
 273492871=51381902+134197434+99378998 i69858002 u243349855 u0 t15.705
Idx1+ lookups: 108821130 92127730 
Idx1+ positiv: 16693400 21914609 
Idx1+ found  : 16693400 21914598 
2012247 1830000 101 5 w27517612 r51879948 m52688802 f73477 r412600690 p500
 275187120=51698829+135031055+99993704 i70243105 u244904912 u0 t17.099
2023129 1840000 101 5 w27747108 r52316191 m53129560 f74009 r415798204 p500
 276861603=52011532+135854419+100601958 i70624513 u246440714 u0 t12.249
2034053 1850000 101 5 w27968986 r52745518 m53563174 f74530 r418860874 p500
 278586086=52334286+136703614+101226354 i71015447 u248024844 u0 t18.556
Idx1+ lookups: 110607499 93523817 
Idx1+ positiv: 17083682 22316041 
Idx1+ found  : 17083682 22316028 
2044917 1860000 101 5 w28207408 r53189460 m54011794 f75087 r422144506 p500
 280251224=52646494+137526857+101826009 i71390974 u249557225 u0 t17.485
2055814 1870000 101 5 w28436486 r53620266 m54447092 f75579 r425288314 p500
 281924750=52958788+138352252+102431703 i71779956 u251085055 u0 t18.638
2066728 1880000 101 5 w28674911 r54061650 m54893114 f76097 r428546166 p500
 283579260=53268199+139169715+103028509 i72155055 u252605258 u0 t17.538
Idx1+ lookups: 112394904 94919103 
Idx1+ positiv: 17475801 22716247 
Idx1+ found  : 17475801 22716233 
2077660 1890000 101 5 w28901672 r54492707 m55328712 f76578 r431677900 p500
 285237044=53579292+139988643+103625286 i72530213 u254129192 u0 t9.444
2088614 1900000 101 5 w29130566 r54925875 m55766364 f77118 r434807396 p500
 286912655=53892335+140810185+104236352 i72908955 u255668225 u0 t17.026
Idx1+ lookups: 114176947 96304896 
Idx1+ positiv: 17872051 23115964 
Idx1+ found  : 17872051 23115949 
2099586 1910000 101 5 w29376884 r55379910 m56225163 f77647 r438145528 p500
 288616243=54209093+141647327+104856783 i73291454 u257236077 u0 t25.42
2110524 1920000 101 5 w29591829 r55795775 m56645051 f78103 r441102966 p500
 290241237=54514629+142446303+105445717 i73658909 u258729467 u0 t15.923
2121483 1930000 101 5 w29832311 r56240452 m57094412 f78678 r444360046 p500
 291923570=54829825+143276743+106052519 i74042542 u260273197 u0 t19.862
Idx1+ lookups: 115955386 97688954 
Idx1+ positiv: 18266432 23512077 
Idx1+ found  : 18266432 23512061 
2132440 1940000 101 5 w30061334 r56675408 m57533829 f79170 r447492600 p500
 293565784=55136148+144083806+106649839 i74414407 u261781499 u0 t9.232
2143340 1950000 101 5 w30302230 r57125981 m57989176 f79731 r450764024 p500
 295239019=55448867+144906211+107257969 i74792908 u263319173 u0 t18.646
2154286 1960000 101 5 w30521139 r57550323 m58417743 f80181 r453749322 p500
 296860107=55753648+145703015+107845359 i75156658 u264812396 u0 t17.369
Idx1+ lookups: 117736859 99073087 
Idx1+ positiv: 18663772 23910319 
Idx1+ found  : 18663772 23910301 
2165157 1970000 101 5 w30742675 r57965332 m58836964 f80662 r456737586 p500
 298412591=56044542+146464173+108410700 i75503964 u266242479 u0 t17.765
2176142 1980000 101 5 w30959799 r58382637 m59258432 f81217 r459692484 p500
 299979496=56338337+147235354+108978397 i75854988 u267686194 u0 t16.666
Idx1+ lookups: 119521018 100456269 
Idx1+ positiv: 19064749 24313458 
Idx1+ found  : 19064749 24313436 
2187090 1990000 101 5 w31198726 r58826390 m59706698 f81740 r462918438 p500
 301618575=56644428+148044181+109570873 i76226703 u269191907 u0 t7.837
2198031 2000000 101 5 w31421086 r59246539 m60131051 f82298 r465961482 p500
 303185210=56938923+148817650+110135184 i76581126 u270632766 u0 t17.345
2208970 2010000 101 5 w31625378 r59649818 m60538215 f82752 r468764556 p500
 304752540=57232180+149587337+110705170 i76930010 u272078458 u0 t16.826
Idx1+ lookups: 121301345 101836700 
Idx1+ positiv: 19464645 24711700 
Idx1+ found  : 19464645 24711676 
2219875 2020000 101 5 w31851645 r60072710 m60965371 f83254 r471759228 p500
 306334455=57532948+150371332+111270400 i77285078 u273536870 u0 t15.476
2230717 2030000 101 5 w32076965 r60490843 m61387728 f83828 r474779288 p500
 307845651=57817948+151122157+111809532 i77622429 u274932055 u0 t21.57
2241553 2040000 101 5 w32286577 r60897370 m61798276 f84333 r477620218 p500
 309373570=58105978+151881084+112355392 i77967769 u276338242 u0 t6.744
Idx1+ lookups: 123090327 103220067 
Idx1+ positiv: 19870260 25114926 
Idx1+ found  : 19870260 25114901 
2252478 2050000 101 5 w32520361 r61328683 m62234039 f84892 r480728138 p500
 310917801=58397346+152645204+112909519 i78315240 u277760916 u0 t17.342
2263400 2060000 101 5 w32725473 r61727501 m62636669 f85330 r483505926 p500
 312460636=58688083+153405052+113466755 i78660923 u279182818 u0 t16.905
2274335 2070000 101 5 w32945435 r62144589 m63057860 f85792 r486453684 p500
 314006113=58979074+154169481+114021866 i79003644 u280611459 u0 t8.811
Idx1+ lookups: 124873991 104597653 
Idx1+ positiv: 20276338 25520854 
Idx1+ found  : 20276338 25520825 
2285238 2080000 101 5 w33169323 r62560974 m63478525 f86320 r489435936 p500
 315479761=59257781+154893633+114554732 i79329432 u281974406 u0 t18.469
2296195 2090000 101 5 w33378469 r62963872 m63885325 f86784 r492229104 p500
 317001742=59547160+155648315+115097246 i79666132 u283382731 u0 t17.796
2307093 2100000 101 5 w33589544 r63376249 m64301765 f87266 r495108558 p500
 318548784=59841585+156419314+115645210 i80006972 u284816962 u0 t9.8
Idx1+ lookups: 126644992 105963902 
Idx1+ positiv: 20681090 25923451 
Idx1+ found  : 20681090 25923419 
2317991 2110000 101 5 w33807122 r63787266 m64716890 f87809 r497999514 p500
 320065310=60129116+157167613+116190543 i80341386 u286220951 u0 t25.601
2328915 2120000 101 5 w34017711 r64183917 m65117371 f88351 r500782214 p500
 321540226=60409484+157900375+116714932 i80668637 u287585162 u0 t15.066
Idx1+ lookups: 128425166 107337670 
Idx1+ positiv: 21087496 26327493 
Idx1+ found  : 21087496 26327458 
2339889 2130000 101 5 w34248261 r64613122 m65550759 f88835 r503833572 p500
 323065272=60697602+158658425+117258241 i81010738 u288992134 u0 t18.983
2350849 2140000 101 5 w34457952 r65023043 m65964548 f89341 r506659092 p500
 324569276=60981045+159406540+117794073 i81344724 u290382688 u0 t14.099
2361818 2150000 101 5 w34683743 r65439133 m66384850 f89853 r509598192 p500
 326046163=61261072+160142425+118317711 i81674558 u291747487 u0 t17.765
Idx1+ lookups: 130202862 108706356 
Idx1+ positiv: 21496506 26728655 
Idx1+ found  : 21496506 26728616 
2372703 2160000 101 5 w34884147 r65837685 m66787059 f90342 r512317438 p500
 327582195=61550056+160900281+118871928 i82014026 u293167801 u0 t15.689
2383611 2170000 101 5 w35102045 r66244576 m67198012 f90835 r515205370 p500
 329020933=61822910+161615512+119384128 i82333142 u294498961 u0 t17.279
2394538 2180000 101 5 w35294512 r66624538 m67581491 f91265 r517759884 p500
 330471640=62098697+162341500+119894769 i82656405 u295840806 u0 t16.081
Idx1+ lookups: 131984643 110080961 
Idx1+ positiv: 21903682 27133660 
Idx1+ found  : 21903682 27133617 
2405448 2190000 101 5 w35537548 r67079411 m68040994 f91868 r520959560 p500
 332047282=62396171+163128686+120452548 i83005937 u297298799 u0 t17.768
2416385 2200000 101 5 w35755641 r67499492 m68465048 f92381 r523851458 p500
 333572677=62685022+163886371+120996698 i83341993 u298711870 u0 t18.211
2427291 2210000 101 5 w35966243 r67902840 m68872276 f92854 r526636558 p500
 335055154=62966105+164620723+121527332 i83670167 u300083421 u0 t16.762
Idx1+ lookups: 133762093 111449222 
Idx1+ positiv: 22312871 27537064 
Idx1+ found  : 22312871 27537019 
2438224 2220000 101 5 w36185609 r68325327 m69298832 f93352 r529543820 p500
 336562228=63251799+165373345+122060347 i84004552 u301478056 u0 t8.771
2449156 2230000 101 5 w36403003 r68746595 m69724120 f93846 r532404784 p500
 338098470=63544181+166137065+122607037 i84342981 u302901398 u0 t26.526
2460085 2240000 101 5 w36629304 r69183438 m70165105 f94346 r535410444 p500
 339674657=63843460+166921569+123166530 i84693258 u304358664 u0 t10.009
Idx1+ lookups: 135541748 112818450 
Idx1+ positiv: 22723298 27941595 
Idx1+ found  : 22723298 27941545 
2471031 2250000 101 5 w36866271 r69638438 m70624450 f94885 r538572110 p500
 341328221=64154313+167736404+123763464 i85059261 u305886826 u0 t19.291
2481891 2260000 101 5 w37099356 r70077676 m71067879 f95393 r541594064 p500
 342920094=64455060+168519044+124339193 i85408386 u307360977 u0 t27.093
2492839 2270000 101 5 w37336682 r70527436 m71522098 f95966 r544720802 p500
 344524932=64756130+169308970+124920291 i85760186 u308847940 u0 t10.712
Idx1+ lookups: 137316706 114179979 
Idx1+ positiv: 23136727 28344691 
Idx1+ found  : 23136727 28344637 
2503770 2280000 101 5 w37561112 r70972537 m71971414 f96483 r547712616 p500
 346165173=65065475+170120749+125508611 i86122830 u310365193 u0 t27.204
2514685 2290000 101 5 w37814928 r71442413 m72446021 f97065 r551004498 p500
 347777859=65367628+170914357+126092672 i86476285 u311859417 u0 t12.329
Idx1+ lookups: 139095247 115544339 
Idx1+ positiv: 23550908 28752546 
Idx1+ found  : 23550908 28752484 
2525687 2300000 101 5 w38039894 r71892087 m72899711 f97579 r553982482 p500
 349430556=65676533+171726819+126692647 i86836401 u313391436 u0 t18.145
2536614 2310000 101 5 w38283233 r72352269 m73364219 f98112 r557131746 p500
 351071462=65982636+172534843+127287338 i87198816 u314908416 u0 t14.976
2547690 2320000 101 5 w38531193 r72831313 m73847868 f98648 r560408264 p500
 352775789=66300993+173374078+127904919 i87578741 u316480042 u0 t21.687
Idx1+ lookups: 140882122 116916692 
Idx1+ positiv: 23965430 29156192 
Idx1+ found  : 23965430 29156128 
2558712 2330000 101 5 w38776338 r73308961 m74329910 f99208 r563639548 p500
 354479327=66619347+174214406+128520924 i87955318 u318054457 u0 t22.053
2569709 2340000 101 5 w39015210 r73768915 m74794269 f99746 r566750266 p500
 356119816=66929029+175032721+129102657 i88316989 u319574625 u0 t21.013
2580699 2350000 101 5 w39276487 r74267409 m75297464 f100387 r570151132 p500
 357866975=67253212+175889572+129740737 i88703946 u321187959 u0 t24.709
Idx1+ lookups: 142666643 118284751 
Idx1+ positiv: 24381892 29560464 
Idx1+ found  : 24381892 29560389 
2591715 2360000 101 5 w39519252 r74742816 m75777392 f100982 r573364966 p500
 359567798=67570319+176725970+130359050 i89078946 u322760372 u0 t22.288
2602831 2370000 101 5 w39774257 r75237226 m76276573 f101581 r576723128 p500
 361333804=67899239+177596044+130999241 i89472502 u324389555 u0 t23.996
Idx1+ lookups: 144456116 119656105 
Idx1+ positiv: 24800011 29967153 
Idx1+ found  : 24800011 29967071 
2613986 2380000 101 5 w40038577 r75741294 m76785441 f102188 r580176468 p500
 363142494=68230806+178475866+131670096 i89869617 u326060942 u0 t32.624
2624949 2390000 101 5 w40302158 r76250595 m77299673 f102894 r583628210 p500
 364958248=68564735+179361240+132340268 i90276621 u327730934 u0 t27.797
Idx1+ lookups: 146253885 121037125 
Idx1+ positiv: 25216760 30367494 
Idx1+ found  : 25216760 30367403 
2635909 2400000 101 5 w40574300 r76769702 m77823746 f103524 r587161062 p500
 366793742=68902584+180257977+133015990 i90691352 u329415665 u0 t22.66
2646913 2410000 101 5 w40839999 r77275661 m78334708 f104098 r590700540 p500
 368547157=69226360+181113701+133662101 i91086993 u331025602 u0 t34.758
2657884 2420000 101 5 w41081044 r77743780 m78807123 f104638 r593827052 p500
 370250743=69543018+181948977+134283775 i91464476 u332598118 u0 t26.293
Idx1+ lookups: 148047822 122416437 
Idx1+ positiv: 25631385 30769663 
Idx1+ found  : 25631385 30769571 
2668918 2430000 101 5 w41323419 r78214256 m79282063 f105234 r597028120 p500
 371945334=69856854+182774867+134907321 i91841763 u334159213 u0 t26.49
2679809 2440000 101 5 w41555652 r78675682 m79747652 f105785 r600112406 p500
 373593593=70165486+183587194+135502816 i92215283 u335673409 u0 t26.518
2690746 2450000 101 5 w41810712 r79155110 m80231712 f106346 r603403498 p500
 375264732=70476391+184414187+136105363 i92589418 u337213408 u0 t26.387
Idx1+ lookups: 149855488 123804076 
Idx1+ positiv: 26051412 31176397 
Idx1+ found  : 26051412 31176299 
2701594 2460000 101 5 w42071121 r79663013 m80744318 f106924 r606818644 p500
 377026942=70804695+185280946+136745118 i92981776 u338838698 u0 t34.866
2712475 2470000 101 5 w42321835 r80149254 m81234986 f107541 r610063566 p500
 378737275=71123412+186129022+137359567 i93361281 u340418740 u0 t26.326
Idx1+ lookups: 151647746 125175455 
Idx1+ positiv: 26472291 31584579 
Idx1+ found  : 26472291 31584478 
2723357 2480000 101 5 w42591167 r80662832 m81753402 f108149 r613550745 p500
 380487328=71448458+186993347+137992245 i93745279 u342039109 u0 t28.848
2734166 2490000 101 5 w42839508 r81154989 m82249929 f108726 r616787197 p500
 382198024=71767925+187837149+138610940 i94122889 u343620922 u0 t25.156
2745023 2500000 101 5 w43099746 r81660233 m82759874 f109309 r620172291 p500
 383959910=72094368+188705051+139251002 i94507770 u345253563 u0 t28.109
Idx1+ lookups: 153449317 126550401 
Idx1+ positiv: 26898916 31997563 
Idx1+ found  : 26898916 31997454 
2755880 2510000 101 5 w43356948 r82161708 m83265830 f109919 r623492380 p500
 385703183=72418174+189565646+139881674 i94893194 u346864590 u0 t27.767
2766772 2520000 101 5 w43623969 r82687484 m83796425 f110488 r626950246 p500
 387463931=72744988+190431472+140522086 i95281544 u348492466 u0 t26.466
Idx1+ lookups: 155246062 127920815 
Idx1+ positiv: 27325247 32404699 
Idx1+ found  : 27325247 32404586 
2777605 2530000 101 5 w43895038 r83198086 m84311761 f111112 r630417518 p500
 389210244=73071112+191290844+141155276 i95663121 u350110681 u0 t34.047
2788466 2540000 101 5 w44143112 r83689092 m84807154 f111689 r633651900 p500
 390993925=73405001+192169511+141801295 i96054535 u351761462 u0 t16.229
2799329 2550000 101 5 w44414480 r84221451 m85344338 f112323 r637196102 p500
 392854436=73747080+193084041+142481179 i96463295 u353481721 u0 t30.917
Idx1+ lookups: 157037459 129285006 
Idx1+ positiv: 27752453 32811367 
Idx1+ found  : 27752453 32811249 
2810193 2560000 101 5 w44678187 r84728788 m85856212 f112890 r640574916 p500
 394586175=74069906+193939383+143107047 i96849254 u355079001 u0 t28.331
2821115 2570000 101 5 w44944483 r85247370 m86379429 f113515 r644049538 p500
 396373854=74400331+194815983+143761024 i97241328 u356732353 u0 t25.387
Idx1+ lookups: 158841625 130662099 
Idx1+ positiv: 28179526 33224741 
Idx1+ found  : 28179526 33224614 
2832025 2580000 101 5 w45219631 r85779478 m86916484 f114150 r647554404 p500
 398201283=74740010+195716692+144423960 i97643344 u358422832 u0 t23.594
2842894 2590000 101 5 w45486423 r86290262 m87432071 f114741 r650974578 p500
 399960875=75065982+196579442+145067439 i98028803 u360051452 u0 t26.986
Idx1+ lookups: 160640562 132030906 
Idx1+ positiv: 28609656 33634999 
Idx1+ found  : 28609656 33634861 
2853742 2600000 101 5 w45769383 r86836405 m87983224 f115390 r654606374 p500
 401811634=75407233+197492344+145739777 i98435145 u361763913 u0 t21.745
2864632 2610000 101 5 w46040999 r87361598 m88513159 f116023 r658094354 p500
 403667966=75750169+198409680+146411818 i98837554 u363487024 u0 t25.699
2875503 2620000 101 5 w46317213 r87903958 m89060361 f116655 r661674846 p500
 405501187=76090975+199311909+147078283 i99237395 u365186218 u0 t25.75
Idx1+ lookups: 162433118 133393210 
Idx1+ positiv: 29039908 34046082 
Idx1+ found  : 29039908 34045936 
2886360 2630000 101 5 w46592726 r88432759 m89593886 f117268 r665156354 p500
 407318394=76428580+200209416+147736246 i99634061 u366870912 u0 t23.15
2897239 2640000 101 5 w46863973 r88965012 m90131029 f117976 r668662314 p500
 409133084=76766405+201102314+148395438 i100028982 u368553254 u0 t31.139
Idx1+ lookups: 164224224 134754028 
Idx1+ positiv: 29470196 34456505 
Idx1+ found  : 29470196 34456346 
2908079 2650000 101 5 w47135624 r89501114 m90671741 f118571 r672122286 p500
 410998892=77114178+202021249+149071777 i100436420 u370282116 u0 t27.861
2919336 2660000 101 5 w47414789 r90039144 m91214751 f119198 r675683290 p500
 412865095=77458535+202937691+149753790 i100835218 u372018773 u0 t24.231
Idx1+ lookups: 166004121 136104107 
Idx1+ positiv: 29900014 34862520 
Idx1+ found  : 29900014 34862354 
2930193 2670000 101 5 w47707531 r90604425 m91785192 f119862 r679395754 p500
 414758028=77807462+203871479+150441590 i101245864 u373774983 u0 t27.251
2941058 2680000 101 5 w47978060 r91133510 m92318977 f120485 r682868250 p500
 416562298=78141604+204760082+151097021 i101639613 u375446661 u0 t32.297
2951948 2690000 101 5 w48245379 r91671727 m92861834 f121088 r686313314 p500
 418394567=78482060+205663987+151760410 i102035567 u377148834 u0 t40.459
Idx1+ lookups: 167795157 137464153 
Idx1+ positiv: 30331004 35272738 
Idx1+ found  : 30331004 35272556 
2962792 2700000 101 5 w48512638 r92192397 m93387240 f121658 r689724182 p500
 420187245=78815085+206550897+152407374 i102426328 u378811319 u0 t24.754
2973731 2710000 101 5 w48793851 r92733039 m93932805 f122259 r693284592 p500
 421964447=79147445+207422084+153055205 i102805367 u380466258 u0 t25.371
Idx1+ lookups: 169587533 138824041 
Idx1+ positiv: 30763492 35690970 
Idx1+ found  : 30763492 35690776 
2984605 2720000 101 5 w49054739 r93248616 m94452833 f122821 r696631038 p500
 423762171=79480129+208299528+153716891 i103190636 u382136948 u0 t31.392
2995574 2730000 101 5 w49308387 r93752806 m94961440 f123403 r699908644 p500
 425541780=79809047+209170707+154369183 i103575039 u383788217 u0 t24.262
3006468 2740000 101 5 w49590224 r94293850 m95507250 f124027 r703422124 p500
 427360559=80145053+210063381+155033678 i103970288 u385473542 u0 t32.356
Idx1+ lookups: 171376079 140178140 
Idx1+ positiv: 31197939 36103679 
Idx1+ found  : 31197939 36103461 
3017345 2750000 101 5 w49861250 r94820767 m96038880 f124699 r706927898 p500
 429112466=80471448+210929421+155665389 i104351774 u387098734 u0 t25.825
3028291 2760000 101 5 w50113674 r95325212 m96547766 f125263 r710166432 p500
 430853628=80794053+211779723+156304391 i104731162 u388711007 u0 t24.551
Idx1+ lookups: 173176229 141540709 
Idx1+ positiv: 31635520 36517420 
Idx1+ found  : 31635520 36517185 
3039192 2770000 101 5 w50366794 r95827401 m97054355 f125824 r713399564 p500
 432538461=81107787+212604140+156920898 i105092530 u390277251 u0 t26.347
3050078 2780000 101 5 w50632714 r96333676 m97565194 f126422 r716726344 p500
 434247277=81429031+213437682+157545343 i105456854 u391867803 u0 t26.073
3060975 2790000 101 5 w50901211 r96857192 m98093329 f127070 r720138882 p500
 436026715=81761305+214309126+158194410 i105834640 u393525744 u0 t28.664
Idx1+ lookups: 174949864 142880187 
Idx1+ positiv: 32069677 36927233 
Idx1+ found  : 32069677 36926973 
3071909 2800000 101 5 w51168016 r97366774 m98607475 f127653 r723470234 p500
 437724222=82079132+215137533+158816103 i106194275 u395107933 u0 t29.366
3082762 2810000 101 5 w51430724 r97889078 m99134314 f128274 r726863608 p500
 439502098=82407520+216004295+159471644 i106575835 u396759392 u0 t26.184
Idx1+ lookups: 176741204 144233716 
Idx1+ positiv: 32507488 37346126 
Idx1+ found  : 32507488 37345844 
3093667 2820000 101 5 w51701016 r98406827 m99656641 f128889 r730279520 p500
 441252475=82734828+216859883+160111731 i106950923 u398386427 u0 t24.543
3104606 2830000 101 5 w51961478 r98921017 m100175298 f129513 r733581894 p500
 443006883=83060939+217716620+160755196 i107323463 u400021017 u0 t30.843
3115556 2840000 101 5 w52216821 r99421790 m100680444 f130090 r736832248 p500
 444688481=83372733+218538469+161372236 i107679797 u401588563 u0 t28.12
Idx1+ lookups: 178528554 145578172 
Idx1+ positiv: 32950382 37760983 
Idx1+ found  : 32950382 37760684 
3126447 2850000 101 5 w52475220 r99923339 m101186234 f130659 r740062950 p500
 446373566=83687025+219365885+161985484 i108038853 u403158528 u0 t24.601
3137354 2860000 101 5 w52718312 r100412711 m101679681 f131204 r743183900 p500
 448084410=84007360+220203015+162608631 i108401375 u404753567 u0 t26.571
Idx1+ lookups: 180313204 146921060 
Idx1+ positiv: 33392144 38177798 
Idx1+ found  : 33392144 38177470 
3148306 2870000 101 5 w52958294 r100886486 m102157506 f131714 r746233520 p500
 449709146=84311145+221001359+163198792 i108746495 u406268852 u0 t22.763
3159170 2880000 101 5 w53224853 r101394977 m102670596 f132291 r749560482 p500
 451351882=84617909+221801999+163801990 i109094084 u407800656 u0 t26.608
3170031 2890000 101 5 w53465026 r101874203 m103153832 f132855 r752588398 p500
 453013492=84929203+222613413+164410040 i109441305 u409354934 u0 t13.357
Idx1+ lookups: 182092162 148256563 
Idx1+ positiv: 33835599 38597482 
Idx1+ found  : 33835599 38597125 
3180938 2900000 101 5 w53732767 r102377941 m103662067 f133433 r755904092 p500
 454661681=85237778+223419314+165012236 i109784589 u410897995 u0 t27.568
3191816 2910000 101 5 w53987216 r102880276 m104168657 f133992 r759132930 p500
 456350591=85550949+224239011+165637741 i110141095 u412472766 u0 t26.59
3202736 2920000 101 5 w54243680 r103387384 m104680109 f134565 r762375214 p500
 458067183=85872730+225081734+166261324 i110503191 u414075602 u0 t38.452
Idx1+ lookups: 183876193 149593799 
Idx1+ positiv: 34282394 39014583 
Idx1+ found  : 34282394 39014204 
3213588 2930000 101 5 w54512953 r103908884 m105205984 f135200 r765734212 p500
 459765403=86191157+225911227+166882779 i110860970 u415660573 u0 t28.475
3224450 2940000 101 5 w54766563 r104415861 m105717253 f135774 r768928404 p500
 461458958=86506014+226744049+167499073 i111224462 u417235473 u0 t28.587
Idx1+ lookups: 185673962 150946005 
Idx1+ positiv: 34727957 39434990 
Idx1+ found  : 34727957 39434580 
3235384 2950000 101 5 w55020665 r104911928 m106217603 f136365 r772148510 p500
 463116228=86815090+227563975+168096159 i111578375 u418780339 u0 t29.564
3246267 2960000 101 5 w55283532 r105427885 m106737884 f136964 r775445970 p500
 464858603=87140346+228419120+168730537 i111949015 u420404197 u0 t27.3
3257218 2970000 101 5 w55550458 r105956088 m107270548 f137532 r778834528 p500
 466613074=87466190+229282067+169368910 i112319060 u422042287 u0 t30.135
Idx1+ lookups: 187466916 152290645 
Idx1+ positiv: 35176271 39854310 
Idx1+ found  : 35176271 39853866 
3268155 2980000 101 5 w55804669 r106452883 m107771597 f138069 r782023464 p500
 468268376=87775619+230093744+169972379 i112671200 u423584677 u0 t22.305
3278993 2990000 101 5 w56072583 r106965102 m108288407 f138660 r785355250 p500
 469969715=88091511+230926039+170595817 i113029211 u425173591 u0 t35.476
Idx1+ lookups: 189253718 153627227 
Idx1+ positiv: 35626491 40273744 
Idx1+ found  : 35626491 40273270 
3289873 3000000 101 5 w56317572 r107442896 m108770292 f139221 r788390936 p500
 471569970=88391941+231705539+171183343 i113360249 u426673987 u0 t28.286
3300770 3010000 101 5 w56569922 r107938682 m109270403 f139822 r791562554 p500
 473233246=88702602+232525382+171785545 i113714771 u428224789 u0 t24.158
3311716 3020000 101 5 w56823994 r108433912 m109769761 f140417 r794717758 p500
 474884704=89011906+233343669+172378776 i114068927 u429762429 u0 t27.221
Idx1+ lookups: 191056863 154978234 
Idx1+ positiv: 36078629 40691260 
Idx1+ found  : 36078629 40690758 
3322684 3030000 101 5 w57088119 r108940819 m110281012 f141026 r798008586 p500
 476508174=89314099+234142224+172968486 i114415919 u431274288 u0 t33.88
3333558 3040000 101 5 w57338249 r109431307 m110775489 f141547 r801130868 p500
 478143366=89618548+234943979+173565228 i114760913 u432801404 u0 t31.517
3344467 3050000 101 5 w57579946 r109906346 m111254452 f142091 r804127188 p500
 479740737=89918385+235729820+174143829 i115098490 u434293449 u0 t38.45
Idx1+ lookups: 192851015 156317522 
Idx1+ positiv: 36533493 41109307 
Idx1+ found  : 36533493 41108771 
3355390 3060000 101 5 w57853620 r110428741 m111781348 f142750 r807513098 p500
 481413586=90230624+236550329+174753692 i115451123 u435855965 u0 t20.193
3366284 3070000 101 5 w58078740 r110890508 m112246842 f143285 r810348208 p500
 482988960=90526560+237328756+175320755 i115783035 u437328863 u0 t33.162
3377177 3080000 101 5 w58341042 r111394729 m112755415 f143901 r813628720 p500
 484606407=90828041+238120588+175912435 i116122274 u438840086 u0 t29.963
Idx1+ lookups: 194647811 157659664 
Idx1+ positiv: 36988147 41531063 
Idx1+ found  : 36988147 41530483 
3388055 3090000 101 5 w58586957 r111871220 m113235952 f144536 r816644708 p500
 486152468=91119668+238885764+176466949 i116455756 u440278523 u0 t32.543
3398880 3100000 101 5 w58813450 r112323051 m113691418 f145049 r819490062 p500
 487684763=91409430+239647791+177012102 i116782823 u441708344 u0 t13.231
Idx1+ lookups: 196453756 159010521 
Idx1+ positiv: 37443235 41948200 
Idx1+ found  : 37443235 41947574 
3409787 3110000 101 5 w59070076 r112813658 m114186169 f145609 r822617038 p500
 489223743=91698454+240408490+177565964 i117109640 u443144741 u0 t35.031
3420708 3120000 101 5 w59299309 r113279098 m114655383 f146092 r825457546 p500
 490782966=91991874+241181846+178124362 i117439767 u444601786 u0 t29.374
3431637 3130000 101 5 w59550427 r113772187 m115152696 f146681 r828595378 p500
 492372061=92290972+241966929+178696725 i117777666 u446084224 u0 t29.694
Idx1+ lookups: 198253868 160352932 
Idx1+ positiv: 37900936 42367280 
Idx1+ found  : 37900936 42366609 
3442607 3140000 101 5 w59787926 r114234929 m115619275 f147226 r831499356 p500
 493867479=92576410+242705734+179231864 i118092338 u447483556 u0 t29.554
3453456 3150000 101 5 w60028420 r114712316 m116100540 f147765 r834504132 p500
 495418218=92870797+243475997+179783874 i118419484 u448934820 u0 t28.339
3464366 3160000 101 5 w60275369 r115190730 m116582976 f148286 r837509712 p500
 496965936=93164715+244245389+180334199 i118748597 u450380204 u0 t24.165
Idx1+ lookups: 200052359 161694824 
Idx1+ positiv: 38357535 42784010 
Idx1+ found  : 38357535 42783296 
3475266 3170000 101 5 w60511849 r115655397 m117051403 f148812 r840435952 p500
 498503481=93454655+245005791+180885711 i119076928 u451813611 u0 t28.923
3486141 3180000 101 5 w60761074 r116130111 m117530064 f149413 r843482562 p500
 499986498=93737190+245741376+181413852 i119388182 u453203282 u0 t25.546
3497008 3190000 101 5 w61001235 r116596540 m118000259 f149936 r846402166 p500
 501529487=94026056+246498293+181975369 i119710625 u454647305 u0 t28.594
Idx1+ lookups: 201845835 163028680 
Idx1+ positiv: 38817155 43200843 
Idx1+ found  : 38817155 43200070 
3507853 3200000 101 5 w61220609 r117046292 m118453690 f150417 r849213296 p500
 503046559=94315835+247250150+182516197 i120026377 u456070821 u0 t26.529
3518683 3210000 101 5 w61457418 r117506291 m118917530 f150958 r852086346 p500
 504564868=94603075+248002586+183059009 i120343970 u457493838 u0 t35.379
3529542 3220000 101 5 w61716936 r117999332 m119414812 f151510 r855280912 p500
 506086306=94893153+248756525+183601588 i120665297 u458916951 u0 t27.618
Idx1+ lookups: 203641951 164363691 
Idx1+ positiv: 39278260 43622437 
Idx1+ found  : 39278260 43621618 
3540480 3230000 101 5 w61935824 r118447528 m119866415 f151973 r857964638 p500
 507573435=95176490+249498789+184127119 i120980544 u460307866 u0 t22.193
3551409 3240000 101 5 w62189032 r118937934 m120360898 f152497 r861063076 p500
 509136904=95471887+250274207+184686052 i121310996 u461770247 u0 t31.166
3562370 3250000 101 5 w62426616 r119402796 m120829595 f153046 r863975386 p500
 510633889=95756816+251017114+185219210 i121625735 u463171883 u0 t22.093
Idx1+ lookups: 205443868 165703384 
Idx1+ positiv: 39740484 44041424 
Idx1+ found  : 39740484 44040555 
3573321 3260000 101 5 w62657089 r119861250 m121291673 f153568 r866834794 p500
 512154031=96046348+251771059+185761190 i121945341 u464595579 u0 t20.952
3584317 3270000 101 5 w62907338 r120350516 m121784974 f154152 r869907952 p500
 513711000=96340918+252547891+186312667 i122274154 u466052585 u0 t42.728
Idx1+ lookups: 207243674 167042712 
Idx1+ positiv: 40200962 44461951 
Idx1+ found  : 40200962 44461014 
3595165 3280000 101 5 w63141244 r120815899 m122254063 f154683 r872803992 p500
 515228612=96629800+253298990+186854771 i122593653 u467473186 u0 t14.884
3606131 3290000 101 5 w63394340 r121302517 m122744772 f155232 r875894370 p500
 516787712=96926491+254070286+187412396 i122919047 u468935339 u0 t30.006
3617031 3300000 101 5 w63638289 r121773721 m123219892 f155799 r878863254 p500
 518283261=97210191+254817319+187941237 i123234099 u470336208 u0 t28.706
Idx1+ lookups: 209043469 168382644 
Idx1+ positiv: 40660825 44883649 
Idx1+ found  : 40660825 44882658 
3627996 3310000 101 5 w63874869 r122237254 m123687166 f156323 r881773976 p500
 519803633=97499274+255577531+188477038 i123557024 u471757720 u0 t26.727
3638920 3320000 101 5 w64119123 r122720949 m124174899 f156854 r884787856 p500
 521375389=97793280+256352278+189045476 i123886610 u473228201 u0 t37.289
3649881 3330000 101 5 w64335353 r123156799 m124614238 f157336 r887467566 p500
 522880556=98076303+257096336+189586609 i124199824 u474639804 u0 t26.962
Idx1+ lookups: 210837586 169715132 
Idx1+ positiv: 41122454 45303464 
Idx1+ found  : 41122454 45302407 
3660867 3340000 101 5 w64606811 r123666597 m125128357 f158002 r890768680 p500
 524491379=98379942+257895171+190162867 i124536503 u476149445 u0 t31.08
3671820 3350000 101 5 w64851238 r124149911 m125615657 f158553 r893797192 p500
 526041380=98675689+258665765+190712311 i124863717 u477600555 u0 t18.244
3682790 3360000 101 5 w65107208 r124652087 m126121982 f159140 r896937614 p500
 527659222=98979781+259462353+191297318 i125199637 u479117708 u0 t21.989
Idx1+ lookups: 212630782 171048094 
Idx1+ positiv: 41582688 45725004 
Idx1+ found  : 41582688 45723883 
3693808 3370000 101 5 w65362949 r125159835 m126633746 f159718 r900060038 p500
 529325956=99293194+260282583+191900382 i125547106 u480678892 u0 t25.66
3704793 3380000 101 5 w65609887 r125646587 m127124554 f160334 r903110354 p500
 530943069=99597886+261085257+192478358 i125889927 u482190226 u0 t23.245
Idx1+ lookups: 214429255 172383903 
Idx1+ positiv: 42045352 46147450 
Idx1+ found  : 42045352 46146257 
3715703 3390000 101 5 w65895211 r126187776 m127670456 f160934 r906600224 p500
 532641482=99915490+261923870+193091543 i126242558 u483783566 u0 t20.956
3726649 3400000 101 5 w66152130 r126701568 m128188340 f161482 r909726784 p500
 534346388=100233856+262770855+193701866 i126599698 u485380668 u0 t21.274
3737635 3410000 101 5 w66435912 r127250594 m128742015 f162156 r913205126 p500
 536134448=100568655+263669932+194329472 i126975668 u487055988 u0 t20.79
Idx1+ lookups: 216219003 173715045 
Idx1+ positiv: 42503958 46562244 
Idx1+ found  : 42503958 46560966 
3748614 3420000 101 5 w66711521 r127796305 m129292146 f162748 r916577458 p500
 537914058=100902015+264547436+194973273 i127345645 u488724747 u0 t27.774
3759597 3430000 101 5 w67008709 r128365363 m129865900 f163388 r920208518 p500
 539732180=101243537+265443050+195631087 i127730821 u490421683 u0 t21.444
Idx1+ lookups: 218011984 175048722 
Idx1+ positiv: 42963262 46978792 
Idx1+ found  : 42963262 46977445 
3770552 3440000 101 5 w67280890 r128910009 m130414976 f163965 r923578602 p500
 541540317=101581938+266331153+196288296 i128112806 u492110051 u0 t30.181
3781517 3450000 101 5 w67567783 r129459489 m130969150 f164623 r927051810 p500
 543336930=101916523+267210385+196945560 i128490365 u493788983 u0 t27.274
3792483 3460000 101 5 w67844554 r130002300 m131516636 f165226 r930532796 p500
 545110407=102247719+268083312+197588580 i128869140 u495441477 u0 t25.52
Idx1+ lookups: 219820301 176397629 
Idx1+ positiv: 43422672 47400040 
Idx1+ found  : 43422672 47398619 
3803443 3470000 101 5 w68121048 r130543294 m132062128 f165901 r933914928 p500
 546863450=102576365+268956547+198213619 i129243810 u497076789 u0 t34.856
3814317 3480000 101 5 w68398886 r131091667 m132614942 f166543 r937306766 p500
 548616328=102905067+269822518+198845460 i129616669 u498712008 u0 t23.907
Idx1+ lookups: 221625365 177743578 
Idx1+ positiv: 43881787 47817232 
Idx1+ found  : 43881787 47815733 
3825200 3490000 101 5 w68678686 r131642151 m133169892 f167183 r940756578 p500
 550364699=103231208+270687065+199476077 i129988416 u500343538 u0 t74.176
3836062 3500000 101 5 w68945043 r132166293 m133698316 f167756 r944013006 p500
 552038919=103542921+271516200+200079385 i130346638 u501903692 u0 t65.689
Total lines processed: 3503485
Block Count:1, 127
Avg Block Count:1753379 = 222679152 / 127
Avg Max Count:0, 9328, 101
Block Count:19813, 1521686
Avg Block Count:84 = 129243086 / 1521686
Avg Max Count:109, 124, 101
BloomFilter
    bits: 2756938367
    estimated elements: 250000000
    number hashes: 8
    max false positive rate: 0.005000
    bloom length (8 bits): 344617296
    elements added: 129243086
    estimated elements added: 129243989
    current false positive rate: 0.000091
    export size (bytes): 344617316
    number bits set: 862192933
    is on disk: no
Block Count:313, 28445
Avg Block Count:106 = 3036134 / 28445
Avg Max Count:133, 158, 101
BloomFilter
    bits: 330832604
    estimated elements: 30000000
    number hashes: 8
    max false positive rate: 0.005000
    bloom length (8 bits): 41354076
    elements added: 3036134
    estimated elements added: 3036119
    current false positive rate: 0.000000
    export size (bytes): 41354096
    number bits set: 23418760
    is on disk: no
Level Count:2
Level Count:5
Level Count:4
1952540791 4
1695284580 4
Max word len: 101
Total words generated: 552600940
Words inserted 130463975
Words updated: 502430543
cache requests:  0, Misses: 0, Flush#: 7
cache requests:  945057558, Misses: 133870819, Flush#: 167939
cache requests:  145570367, Misses: 15872424, Flush#: 32510
OUBLK INBLK
    -     -
rchar: 607463156134
wchar: 296696635756
syscr: 148195271
syscw: 72319950
read_bytes: 7363706880
write_bytes: 260206497792
cancelled_write_bytes: 0
14381232
508215816
