Csz: 250, pgsz: 4096
File page count: 0
File page count: 0
10988 10000 60 1 w0 r0 m0 f0 r0 p20
 1502009=280567+736357+547318 i721658 u998423 u0 t1.619
22023 20000 60 1 w0 r0 m0 f0 r0 p20
 2970299=556558+1459020+1077812 i1299209 u2102895 u0 t1.985
33024 30000 60 3 w763 r0 m0 f36 r0 p20
 4455591=837142+2190955+1612898 i1852712 u3251254 u0 t1.974
44043 40000 66 3 w9902 r0 m0 f470 r0 p20
 6021768=1126498+2950354+2194339 i2413799 u4480912 u0 t2.495
55121 50000 66 3 w18869 r3199 m5906 f766 r831950 p500
 7457432=1399039+3657323+2711810 i2935557 u5604535 u0 t2.439
66115 60000 66 3 w24917 r33176 m38980 f781 r2630699 p500
 8882525=1666288+4349737+3237298 i3437940 u6732605 u0 t2.365
77117 70000 66 3 w31471 r76885 m85076 f801 r4599444 p500
 10323681=1938542+5063745+3753209 i3951243 u7871547 u0 t2.556
88102 80000 66 4 w44486 r136749 m148962 f840 r7151739 p500
 11702242=2200826+5741136+4250267 i4437818 u8964992 u0 t2.598
99095 90000 66 4 w55049 r215724 m231215 f886 r10074571 p500
 13139065=2468368+6445510+4774403 i4946060 u10102150 u0 t2.657
110113 100000 66 4 w68157 r307364 m327457 f945 r13130068 p500
 14570300=2739305+7152735+5287868 i5443024 u11245667 u0 t2.767
121109 110000 66 4 w83717 r413942 m438356 f1003 r15989697 p500
 15981984=3006512+7851613+5792984 i5938879 u12367910 u0 t2.748
132028 120000 66 4 w96692 r532921 m561593 f1061 r18858602 p500
 17532484=3286822+8590277+6386159 i6446506 u13629068 u0 t2.906
142990 130000 66 4 w118107 r664124 m698401 f1139 r22245307 p500
 18986448=3562710+9311119+6905248 i6945230 u14797163 u0 t3.391
153925 140000 66 4 w135364 r804624 m842873 f1208 r25208174 p500
 20474477=3841729+10051396+7435263 i7458331 u15989767 u0 t3.095
164855 150000 66 4 w155145 r954170 m996505 f1281 r28244552 p500
 21982251=4126056+10796461+7976893 i7976147 u17199720 u0 t3.119
175812 160000 66 4 w180140 r1114761 m1161860 f1375 r31553630 p500
 23584909=4417148+11560934+8588302 i8504346 u18499819 u0 t3.257
186797 170000 66 4 w201654 r1274369 m1325601 f1449 r34587147 p500
 25060643=4694278+12291216+9118384 i9014007 u19681809 u0 t3.059
197847 180000 66 4 w225514 r1440984 m1496375 f1530 r37567760 p500
 26594805=4977567+13035840+9687961 i9530365 u20919349 u0 t3.174
208776 190000 66 4 w253912 r1615793 m1675810 f1627 r40760852 p500
 28107430=5261667+13783743+10232285 i10044852 u22138395 u0 t3.216
219728 200000 66 4 w281046 r1793618 m1858124 f1717 r43877188 p500
 29612928=5546285+14529981+10770299 i10556906 u23352712 u0 t3.195
230584 210000 66 4 w311265 r1980874 m2050208 f1804 r47144670 p500
 31176719=5839236+15302598+11333221 i11080866 u24620176 u0 t3.322
241548 220000 66 4 w340597 r2164070 m2237343 f1901 r50069838 p500
 32683216=6122373+16045650+11876729 i11592245 u25834893 u0 t3.181
252514 230000 66 4 w370396 r2356298 m2433726 f1991 r53139864 p500
 34281334=6415992+16823378+12467909 i12125424 u27128930 u0 t3.426
263483 240000 66 4 w405116 r2550100 m2632112 f2098 r56340262 p500
 35779646=6698842+17564571+13004988 i12636079 u28335662 u0 t3.394
274496 250000 66 4 w440843 r2750949 m2837441 f2205 r59541629 p500
 37310769=6986369+18323484+13553505 i13154813 u29571554 u0 t3.371
285461 260000 66 4 w471305 r2944383 m3034367 f2301 r62357788 p500
 38803051=7268863+19066410+14083606 i13661443 u30776395 u0 t3.203
296415 270000 66 4 w511161 r3145994 m3240505 f2411 r65545993 p500
 40291660=7548931+19800727+14620226 i14165122 u31978330 u0 t3.327
307437 280000 66 4 w547147 r3349107 m3447850 f2522 r68626958 p500
 41798390=7832680+20548382+15159093 i14674851 u33195859 u0 t3.313
318462 290000 66 4 w588853 r3568132 m3671366 f2638 r71897288 p500
 43400958=8135339+21341253+15733409 i15219477 u34487862 u0 t3.526
329483 300000 66 4 w630019 r3793497 m3901021 f2762 r75147809 p500
 45028067=8442234+22155263+16308545 i15778742 u35795264 u0 t3.586
340525 310000 66 4 w678549 r4016670 m4129052 f2903 r78583162 p500
 46615498=8738046+22934138+16886727 i16308318 u37082893 u0 t3.573
351480 320000 94 4 w719780 r4233441 m4349644 f3036 r81595847 p500
 48198444=9038935+23721499+17447383 i16842649 u38362828 u0 t3.421
362496 330000 94 4 w761875 r4451255 m4571740 f3164 r84738028 p500
 49733444=9330284+24482692+17993474 i17360750 u39604473 u0 t3.426
373551 340000 94 4 w814411 r4680593 m4805727 f3323 r88060001 p500
 51290420=9626097+25253246+18550462 i17891538 u40858716 u0 t3.647
384689 350000 94 4 w860310 r4907842 m5037207 f3469 r91236991 p500
 52863841=9922129+26021395+19125405 i18427569 u42124134 u0 t3.56
395874 360000 94 4 w914103 r5147538 m5281438 f3622 r94653965 p500
 54481113=10221859+26805577+19724920 i18982667 u43418172 u0 t3.695
406862 370000 94 4 w961556 r5386844 m5524928 f3775 r97929564 p500
 56127737=10531055+27599843+20335875 i19544097 u44739522 u0 t3.682
417894 380000 94 4 w1020892 r5629997 m5772759 f3954 r101337488 p500
 57710652=10827571+28373736+20913921 i20090900 u46004785 u0 t3.722
428912 390000 94 4 w1066078 r5859131 m6005659 f4099 r104354878 p500
 59267668=11118998+29134387+21483671 i20626749 u47251012 u0 t3.516
439874 400000 94 4 w1125749 r6097196 m6248315 f4270 r107719050 p500
 60798949=11403897+29878773+22048738 i21146319 u48482986 u0 t3.672
450859 410000 94 4 w1179469 r6334839 m6490009 f4435 r110889593 p500
 62344803=11692810+30638301+22610561 i21680465 u49719147 u0 t3.57
461847 420000 94 4 w1228332 r6563629 m6722598 f4583 r113890153 p500
 63844431=11974358+31373784+23155226 i22196807 u50920073 u0 t3.464
472807 430000 94 4 w1292159 r6817386 m6980852 f4786 r117249946 p500
 65437780=12274970+32155539+23733015 i22742974 u52198613 u0 t3.801
483790 440000 94 4 w1347895 r7068204 m7235820 f4946 r120502268 p500
 67045767=12575174+32948774+24314528 i23299516 u53484256 u0 t3.724
494708 450000 94 4 w1410225 r7329660 m7501632 f5131 r123913505 p500
 68699472=12883619+33764275+24912530 i23871333 u54806496 u0 t3.959
505590 460000 94 4 w1491191 r7611888 m7789298 f5367 r127784212 p500
 70351532=13192036+34579703+25508940 i24443350 u56127380 u0 t4.13
516566 470000 94 4 w1542589 r7863711 m8044485 f5524 r130821788 p500
 71990802=13497983+35383004+26106829 i25007333 u57439372 u0 t3.724
527520 480000 94 4 w1612718 r8139909 m8325527 f5730 r134374389 p500
 73645399=13806248+36198720+26705964 i25581042 u58760406 u0 t4.065
538466 490000 94 4 w1691186 r8420033 m8610735 f5960 r138085923 p500
 75322036=14118226+37019796+27319560 i26158055 u60102165 u0 t4.131
549399 500000 94 4 w1751472 r8688693 m8883019 f6139 r141290496 p500
 77023425=14443739+37852951+27939452 i26745477 u61462424 u0 t3.918
560288 510000 94 4 w1826694 r8969874 m9168835 f6359 r144842418 p500
 78683779=14754211+38673947+28537979 i27317862 u62792231 u0 t4.146
571192 520000 94 4 w1900933 r9251202 m9454694 f6569 r148394021 p500
 80352712=15063905+39495351+29144443 i27895440 u64125346 u0 t4.156
582148 530000 94 4 w1968382 r9531908 m9739610 f6760 r151793233 p500
 82036336=15378372+40322769+29756566 i28477247 u65471553 u0 t4.085
593039 540000 94 4 w2048617 r9826746 m10039262 f6994 r155465975 p500
 83771290=15699382+41171815+30392891 i29073206 u66860712 u0 t4.412
604123 550000 94 4 w2118205 r10085044 m10301617 f7192 r158617246 p500
 85292841=15985696+41911091+30952926 i29593739 u68081458 u0 t3.864
615220 560000 94 4 w2175076 r10302064 m10521810 f7359 r161191073 p500
 86578406=16228956+42541143+31420369 i30029089 u69118860 u0 t3.125
626410 570000 94 4 w2226545 r10512457 m10735364 f7499 r163757277 p500
 87844101=16466215+43152805+31889826 i30455607 u70140243 u0 t3.082
637646 580000 94 4 w2283636 r10718929 m10944861 f7667 r166223312 p500
 89076810=16700413+43755344+32338702 i30870856 u71137112 u0 t3.036
648847 590000 94 4 w2350948 r10939657 m11169408 f7851 r168986780 p500
 90374030=16941574+44376422+32827115 i31290668 u72199013 u0 t3.166
660023 600000 94 4 w2395138 r11128316 m11360442 f7978 r171173664 p500
 91532382=17161983+44938682+33251932 i31681411 u73134760 u0 t2.784
671169 610000 94 4 w2440182 r11317649 m11552137 f8108 r173341931 p500
 92677881=17380618+45496976+33670550 i32066957 u74061383 u0 t2.788
682330 620000 94 4 w2500875 r11521242 m11758817 f8274 r175783445 p500
 93822077=17600425+46050280+34090645 i32447728 u74990427 u0 t2.909
693457 630000 94 4 w2553584 r11726002 m11966496 f8416 r178197944 p500
 95055697=17831544+46649550+34545330 i32852686 u75996987 u0 t2.942
704731 640000 94 4 w2609471 r11934093 m12177560 f8581 r180622286 p500
 96294487=18063003+47246521+35007532 i33258312 u77007842 u0 t3.308
715916 650000 94 4 w2663615 r12128487 m12374610 f8732 r182861098 p500
 97439920=18281492+47802828+35427035 i33639590 u77938577 u0 t2.816
727122 660000 94 4 w2728427 r12349475 m12598930 f8924 r185511623 p500
 98670868=18515586+48399959+35879326 i34050690 u78936767 u0 t3.263
738273 670000 94 4 w2776126 r12550445 m12802485 f9055 r187767648 p500
 99875743=18744879+48985343+36321344 i34452212 u79915526 u0 t2.895
749495 680000 94 4 w2836741 r12755928 m13011059 f9218 r190218635 p500
 101042383=18969139+49551143+36748337 i34834235 u80870180 u0 t2.944
760693 690000 94 4 w2896787 r12965753 m13223535 f9385 r192567873 p500
 102254980=19199662+50136770+37196455 i35240297 u81852042 u0 t3.043
771972 700000 94 4 w2949055 r13175133 m13435753 f9542 r194941680 p500
 103465720=19428892+50723315+37642786 i35646614 u82831946 u0 t2.963
783287 710000 94 4 w3010099 r13388034 m13651705 f9705 r197385084 p500
 104639900=19653350+51296043+38070532 i36039743 u83784104 u0 t2.97
794503 720000 94 4 w3060291 r13587030 m13853215 f9853 r199585203 p500
 105795637=19874772+51860524+38490375 i36427887 u84720352 u0 t2.891
805629 730000 94 4 w3132759 r13814966 m14084595 f10044 r202274205 p500
 107012879=20104345+52440052+38949652 i36834497 u85704738 u0 t3.387
816809 740000 94 4 w3188552 r14017541 m14289894 f10206 r204554907 p500
 108170750=20322040+52988329+39390324 i37214959 u86646050 u0 t2.86
827890 750000 94 4 w3241253 r14215150 m14490156 f10353 r206763635 p500
 109346023=20541989+53535547+39846975 i37593200 u87607629 u0 t2.823
839058 760000 94 4 w3284825 r14404409 m14681622 f10475 r208795503 p500
 110457274=20754203+54068761+40260181 i37959140 u88513207 u0 t2.686
850231 770000 94 4 w3357732 r14624252 m14904712 f10672 r211300340 p500
 111644530=20977813+54640699+40701567 i38352011 u89478239 u0 t3.116
861324 780000 94 4 w3416548 r14827505 m15110761 f10837 r213620930 p500
 112756712=21190675+55177904+41111668 i38725753 u90377765 u0 t2.903
872344 790000 94 4 w3469372 r15027041 m15312894 f10980 r215826045 p500
 113901230=21409743+55727856+41536166 i39102532 u91311094 u0 t2.833
883522 800000 94 4 w3527187 r15234682 m15523239 f11145 r218086568 p500
 115052446=21630279+56283615+41960828 i39483725 u92247946 u0 t2.874
894714 810000 94 4 w3587010 r15441700 m15733047 f11320 r220404710 p500
 116160183=21843397+56812897+42374928 i39851648 u93147364 u0 t2.883
905844 820000 94 4 w3641273 r15639732 m15933504 f11471 r222523297 p500
 117283223=22058021+57355645+42788962 i40223811 u94060717 u0 t2.839
916882 830000 94 4 w3706368 r15874787 m16171755 f11650 r225117678 p500
 118549967=22298052+57962861+43262652 i40647172 u95085633 u0 t3.305
927964 840000 94 4 w3771489 r16100375 m16400310 f11824 r227633817 p500
 119743936=22526809+58544733+43697164 i41053625 u96047449 u0 t3.101
939033 850000 94 4 w3843638 r16341531 m16644684 f12022 r230301076 p500
 121004026=22765154+59154770+44162145 i41484903 u97058355 u0 t3.343
950128 860000 94 4 w3912454 r16578923 m16885137 f12217 r232860786 p500
 122238911=23000263+59758465+44610481 i41909716 u98048314 u0 t3.392
961260 870000 94 4 w3980907 r16812315 m17121447 f12411 r235362103 p500
 123458245=23233306+60350981+45056196 i42326905 u99027376 u0 t3.28
972424 880000 94 4 w4031444 r17025932 m17337298 f12556 r237555716 p500
 124673076=23464513+60935225+45507237 i42741470 u100002557 u0 t3.171
983571 890000 94 4 w4112312 r17272165 m17587071 f12782 r240320138 p500
 125884344=23693920+61524697+45951042 i43157719 u100972948 u0 t3.288
994789 900000 94 4 w4180447 r17498438 m17816410 f12969 r242809238 p500
 127057734=23916914+62089299+46386563 i43551688 u101921626 u0 t3.217
1005944 910000 94 4 w4241333 r17719088 m18039664 f13143 r245104472 p500
 128303145=24152135+62684289+46852631 i43952704 u102944267 u0 t3.082
1017100 920000 94 4 w4296767 r17925504 m18248457 f13303 r247258473 p500
 129430532=24368313+63227679+47268900 i44332752 u103854911 u0 t2.867
1028294 930000 94 4 w4354308 r18134373 m18459967 f13453 r249465598 p500
 130528677=24578028+63757612+47674284 i44701979 u104742775 u0 t2.894
1039422 940000 94 4 w4437291 r18377241 m18706379 f13686 r252132585 p500
 131687827=24798360+64320403+48099629 i45096067 u105675966 u0 t3.296
1050473 950000 94 4 w4489694 r18589979 m18921434 f13843 r254315564 p500
 132854633=25020472+64887893+48525919 i45486659 u106621600 u0 t3.105
1061568 960000 94 4 w4558661 r18816593 m19150822 f14030 r256733283 p500
 134043070=25250333+65467521+48956681 i45880189 u107590880 u0 t3.925
1072599 970000 94 4 w4626097 r19053867 m19390967 f14217 r259185021 p500
 135291847=25485760+66067542+49422293 i46291622 u108607251 u0 t3.317
1083733 980000 94 4 w4689377 r19272412 m19612203 f14389 r261439944 p500
 136399100=25701026+66611278+49818919 i46663410 u109505729 u0 t2.937
1094785 990000 94 4 w4747113 r19484918 m19827195 f14549 r263666807 p500
 137519050=25917257+67155540+50227043 i47042438 u110410104 u0 t3.133
1105876 1000000 94 4 w4822167 r19720125 m20065326 f14765 r266125835 p500
 138665713=26137695+67717784+50640862 i47432663 u111334929 u0 t4.248
1117034 1010000 94 4 w4881639 r19938484 m20286213 f14925 r268344974 p500
 139787403=26354448+68264708+51048328 i47814349 u112238612 u0 t3.012
1128112 1020000 94 4 w4948145 r20164966 m20515340 f15123 r270658059 p500
 140921791=26573668+68822755+51454807 i48204248 u113150140 u0 t3.082
1139060 1030000 94 4 w5022707 r20422158 m20775733 f15334 r273311117 p500
 142169262=26814500+69435817+51902697 i48636715 u114148313 u0 t3.624
1150007 1040000 94 4 w5108576 r20708696 m21065842 f15572 r276295295 p500
 143561529=27079998+70114418+52410413 i49120522 u115258709 u0 t4.015
1160894 1050000 94 4 w5191764 r21002604 m21363087 f15806 r279289823 p500
 144998334=27351326+70820475+52930359 i49624258 u116401118 u0 t3.924
1171814 1060000 94 4 w5274563 r21287357 m21651274 f16031 r282177378 p500
 146379096=27613815+71499763+53428048 i50108180 u117499526 u0 t3.917
1182789 1070000 94 4 w5362043 r21581612 m21948918 f16282 r285175389 p500
 147771413=27879098+72187374+53926681 i50599859 u118604287 u0 t3.858
1193726 1080000 94 4 w5449261 r21868864 m22239523 f16524 r288068113 p500
 149134067=28139227+72857138+54417549 i51077798 u119688145 u0 t3.787
1204582 1090000 94 4 w5530270 r22161318 m22535206 f16757 r290993361 p500
 150558189=28410800+73563244+54924922 i51582046 u120817096 u0 t3.963
1215452 1100000 94 4 w5625894 r22472117 m22849712 f17026 r294114027 p500
 152005113=28686816+74275924+55445128 i52088233 u121968900 u0 t4.345
1226363 1110000 94 4 w5724361 r22797992 m23179412 f17305 r297410775 p500
 153500823=28969235+75014161+55983169 i52614935 u123156606 u0 t4.475
1237247 1120000 94 4 w5811666 r23102307 m23487030 f17549 r300389655 p500
 154937436=29243149+75724625+56496704 i53120667 u124297936 u0 t3.939
1248176 1130000 94 4 w5896238 r23409406 m23797425 f17796 r303407290 p500
 156402735=29522272+76447278+57022338 i53636347 u125462014 u0 t4.494
1259068 1140000 94 4 w5992969 r23726259 m24117955 f18072 r306562163 p500
 157861130=29797985+77168674+57545265 i54152236 u126617717 u0 t4.074
1269968 1150000 94 4 w6086050 r24040515 m24435568 f18323 r309647471 p500
 159329507=30076803+77900612+58066164 i54672414 u127781662 u0 t4.147
1280888 1160000 94 4 w6179247 r24358257 m24756880 f18584 r312772493 p500
 160787360=30353505+78624948+58585504 i55191582 u128934184 u0 t4.279
1291754 1170000 94 4 w6268014 r24673974 m25076052 f18823 r315839079 p500
 162257086=30632524+79353396+59110035 i55713026 u130098207 u0 t4.31
1302652 1180000 94 4 w6375095 r25010415 m25416400 f19121 r319138211 p500
 163740225=30914948+80088433+59638609 i56238671 u131273904 u0 t4.415
1313613 1190000 94 4 w6462252 r25325880 m25735196 f19370 r322163464 p500
 165222365=31196415+80824289+60167001 i56763900 u132448543 u0 t4.286
1324596 1200000 94 4 w6558144 r25652424 m26065345 f19645 r325320143 p500
 166705142=31477697+81562307+60693492 i57287553 u133625880 u0 t4.252
1335456 1210000 94 4 w6673323 r26009163 m26426462 f19962 r328826848 p500
 168224635=31765451+82316176+61235830 i57829260 u134826567 u0 t6.19
1346441 1220000 94 4 w6759981 r26335647 m26756210 f20200 r331897174 p500
 169783151=32059976+83084342+61797326 i58374892 u136066736 u0 t4.212
1357399 1230000 94 4 w6868728 r26689007 m27113560 f20506 r335294209 p500
 171340127=32353047+83856368+62354089 i58924770 u137301616 u0 t4.486
1368385 1240000 94 4 w6973984 r27046041 m27474510 f20786 r338737491 p500
 172947613=32655799+84649796+62933488 i59492333 u138575921 u0 t4.475
1379469 1250000 94 4 w7085919 r27419158 m27851572 f21098 r342259416 p500
 174578358=32960715+85458237+63518400 i60072895 u139863948 u0 t4.63
1390543 1260000 94 4 w7182538 r27768560 m28204354 f21363 r345511864 p500
 176216496=33265768+86260659+64117377 i60648933 u141162647 u0 t6.708
1401635 1270000 94 4 w7306052 r28156105 m28596260 f21704 r349221140 p500
 177844400=33572064+87068311+64699573 i61225549 u142452325 u0 t4.908
1412662 1280000 94 4 w7419510 r28530299 m28974699 f22014 r352797191 p500
 179448464=33876559+87868585+65267070 i61799010 u143719357 u0 t4.707
1423732 1290000 94 4 w7514103 r28879084 m29326950 f22273 r355987327 p500
 181048818=34176735+88658077+65844470 i62366951 u144985272 u0 t4.396
1434749 1300000 94 4 w7633547 r29266636 m29718895 f22594 r359649192 p500
 182708017=34486060+89473649+66447223 i62954723 u146297505 u0 t4.84
1445738 1310000 94 4 w7739535 r29640829 m30096865 f22894 r363080304 p500
 184393707=34802515+90300279+67060585 i63556804 u147625684 u0 t8.315
1456743 1320000 94 4 w7861858 r30035221 m30495691 f23234 r366813012 p500
 186070233=35117420+91124338+67668658 i64153100 u148949653 u0 t5.197
1467716 1330000 94 4 w7984032 r30446836 m30911896 f23566 r370697202 p500
 187826318=35446440+91987570+68306202 i64776781 u150337012 u0 t5.383
1478847 1340000 94 4 w8097658 r30841388 m31310337 f23877 r374279531 p500
 189576204=35770547+92843092+68948286 i65399595 u151716595 u0 t4.854
1489858 1350000 94 4 w8225350 r31251247 m31724745 f24230 r378143227 p500
 191293706=36091274+93689714+69570365 i66014497 u153068951 u0 t8.267
1500812 1360000 94 4 w8325154 r31620091 m32097027 f24487 r381495661 p500
 192945491=36397576+94496222+70177412 i66606330 u154367703 u0 t6.04
1511816 1370000 94 4 w8448865 r32021697 m32502940 f24817 r385217279 p500
 194629037=36712329+95326971+70785495 i67207968 u155694998 u0 t4.918
1522795 1380000 94 4 w8558405 r32403919 m32888951 f25120 r388674641 p500
 196261107=37016280+96132860+71375071 i67794944 u156977298 u0 t4.659
1533703 1390000 94 4 w8675963 r32797113 m33286176 f25443 r392329854 p500
 197916580=37324592+96947275+71976458 i68395727 u158272412 u0 t4.743
1544569 1400000 94 4 w8792476 r33189883 m33682874 f25768 r395867504 p500
 199559259=37633478+97759355+72566898 i68985418 u159565433 u0 t9.56
1555499 1410000 94 4 w8918820 r33613627 m34111080 f26104 r399750106 p500
 201315494=37961628+98624605+73202706 i69616617 u160945412 u0 t5.526
1566395 1420000 94 4 w9030719 r34013367 m34514548 f26412 r403296713 p500
 203040851=38283744+99480615+73821800 i70236584 u162302634 u0 t5.19
1577238 1430000 94 4 w9161028 r34441451 m34947168 f26755 r407183909 p500
 204769957=38606559+100338547+74442479 i70855104 u163665176 u0 t5.213
1588118 1440000 98 4 w9292492 r34868466 m35378647 f27123 r411031592 p500
 206501964=38930451+101195825+75064964 i71481078 u165023503 u0 t10.813
1598949 1450000 98 4 w9404023 r35279692 m35793739 f27431 r414625605 p500
 208268958=39258963+102068645+75703593 i72117515 u166411058 u0 t5.547
1609797 1460000 98 4 w9546280 r35728909 m36247625 f27812 r418644425 p500
 210044947=39588611+102945770+76346406 i72751014 u167811071 u0 t5.651
1620630 1470000 98 4 w9670276 r36154275 m36677150 f28154 r422406373 p500
 211794585=39917933+103814704+76971470 i73377927 u169189207 u0 t5.337
1631477 1480000 98 4 w9781985 r36567824 m37094631 f28461 r425998658 p500
 213544045=40245037+104679189+77602221 i74005276 u170565539 u0 t6.809
1642373 1490000 98 4 w9924692 r37022782 m37554251 f28839 r430029797 p500
 215341282=40581295+105569208+78248299 i74648053 u171981819 u0 t7.632
1653233 1500000 98 4 w10044295 r37452885 m37988510 f29163 r433797655 p500
 217140861=40916401+106459891+78897104 i75290273 u173401159 u0 t5.3
1664130 1510000 98 4 w10184739 r37902858 m38443007 f29538 r437737705 p500
 218918863=41246819+107335188+79542979 i75925080 u174801865 u0 t5.341
1675034 1520000 98 4 w10307599 r38337529 m38881802 f29863 r441518549 p500
 220707784=41578832+108217124+80191733 i76559901 u176215435 u0 t10.239
1685958 1530000 98 4 w10440975 r38789785 m39338449 f30214 r445431240 p500
 222527080=41916354+109112653+80853015 i77209488 u177648886 u0 t6.436
1696847 1540000 98 4 w10572504 r39235403 m39788436 f30572 r449275949 p500
 224315178=42247473+109988212+81508049 i77849223 u179055073 u0 t5.515
1707676 1550000 98 4 w10706095 r39692999 m40250464 f30937 r453231889 p500
 226145550=42585444+110889061+82174592 i78506527 u180492698 u0 t5.601
1718573 1560000 98 4 w10839568 r40151847 m40713609 f31293 r457165986 p500
 227977335=42923424+111787999+82844857 i79160968 u181933859 u0 t10.822
1729487 1570000 98 4 w10970100 r40601545 m41167763 f31649 r461044076 p500
 229753615=43251320+112659502+83494703 i79796099 u183331449 u0 t14.141
1740347 1580000 98 4 w11116051 r41069315 m41640134 f32046 r465069117 p500
 231553104=43584046+113540125+84154536 i80438302 u184748211 u0 t6.828
1751207 1590000 98 4 w11233418 r41508342 m42082932 f32359 r468732198 p500
 233379940=43922520+114439161+84819335 i81090746 u186186497 u0 t5.205
Total lines processed: 1596077
Block Count:1, 249
Avg Block Count:327201
Avg Max Count:0, 10155, 98
Block Count:4740, 588671
Avg Block Count:101
Avg Max Count:183, 148, 94
Level Count:2
Level Count:4
1673548 4
899536 4
Max word len: 98
Total words generated: 234451247
Words inserted 81473283
Words updated: 187030717
cache requests:  0, Misses: 0, Flush#: 11
cache requests:  471149073, Misses: 42365965, Flush#: 32594
