Csz: 4, pgsz: 4096
File page count: 0
File page count: 0
Stg buf: 64mb, Idx1 buf: 64mb, Idx1+ buf: 16mb
Idx1 entry count limit: 25 million
10988 10000 60 1 w0 r0 m0 f0 r0 p20
 1502009=280567+736357+547318 i721658 u998423 u0 t1.676
22023 20000 60 1 w0 r0 m0 f0 r0 p20
 2970299=556558+1459020+1077812 i1299209 u2102895 u0 t1.796
Idx1+ lookups: 0 
33024 30000 60 3 w317 r0 m0 f15 r0 p20
 4455591=837142+2190955+1612898 i1852405 u3251561 u0 t2.04
44043 40000 66 3 w12295 r0 m0 f585 r0 p20
 6021768=1126498+2950354+2194339 i2415004 u4479707 u0 t7.482
55121 50000 66 4 w23966 r3264 m10309 f794 r1317663 p500
 7457432=1399039+3657323+2711810 i2943766 u5596326 u0 t6.896
Idx1+ lookups: 81378 
66115 60000 66 4 w27178 r13527 m23609 f800 r2250032 p500
 8882525=1666288+4349737+3237298 i3453275 u6717270 u0 t3.432
77117 70000 66 4 w30416 r27231 m40001 f805 r3517673 p500
 10323681=1938542+5063745+3753209 i3968063 u7854727 u0 t4.102
88102 80000 66 4 w36085 r43268 m58329 f812 r5209200 p500
 11702242=2200826+5741136+4250267 i4446053 u8956757 u0 t4.869
Idx1+ lookups: 224105 
99095 90000 66 4 w46018 r63819 m81084 f827 r6826471 p500
 13139065=2468368+6445510+4774403 i4941209 u10107001 u0 t5.433
110113 100000 66 4 w60305 r91003 m112222 f848 r8742124 p500
 14570300=2739305+7152735+5287868 i5433140 u11255551 u0 t5.308
121109 110000 66 4 w70662 r117978 m141461 f864 r9918512 p500
 15981984=3006512+7851613+5792984 i5924166 u12382623 u0 t3.875
Idx1+ lookups: 397477 
132028 120000 66 4 w83724 r151764 m180148 f881 r11747534 p500
 17532484=3286822+8590277+6386159 i6427104 u13648470 u0 t5.214
142990 130000 66 4 w102803 r192016 m225446 f909 r13676561 p500
 18986448=3562710+9311119+6905248 i6923079 u14819314 u0 t5.317
153925 140000 66 4 w113713 r231692 m268635 f925 r14980004 p500
 20474477=3841729+10051396+7435263 i7433074 u16015024 u0 t4.161
Idx1+ lookups: 591098 
164855 150000 66 4 w133789 r280709 m323069 f954 r16984397 p500
 21982251=4126056+10796461+7976893 i7947514 u17228353 u0 t5.537
175812 160000 66 4 w153925 r332985 m379618 f986 r18673990 p500
 23584909=4417148+11560934+8588302 i8473153 u18531012 u0 t5.062
186797 170000 66 4 w169457 r382684 m432748 f1010 r20090504 p500
 25060643=4694278+12291216+9118384 i8978054 u19717762 u0 t4.359
Idx1+ lookups: 798492 
197847 180000 66 4 w195489 r444037 m499598 f1051 r22203832 p500
 26594805=4977567+13035840+9687961 i9489750 u20959964 u0 t5.741
208776 190000 66 4 w220809 r506152 m566481 f1093 r23917929 p500
 28107430=5261667+13783743+10232285 i10002902 u22180345 u0 t4.96
219728 200000 66 4 w242455 r569105 m633460 f1128 r25529253 p500
 29612928=5546285+14529981+10770299 i10511168 u23398450 u0 t4.758
Idx1+ lookups: 1021973 
230584 210000 66 4 w269749 r637638 m706130 f1175 r27222321 p500
 31176719=5839236+15302598+11333221 i11031507 u24669535 u0 t4.962
241548 220000 66 4 w300324 r711019 m784531 f1226 r29209468 p500
 32683216=6122373+16045650+11876729 i11538948 u25888190 u0 t5.512
252514 230000 66 4 w328667 r785373 m862894 f1275 r30874985 p500
 34281334=6415992+16823378+12467909 i12069223 u27185131 u0 t4.934
Idx1+ lookups: 1256560 
263483 240000 66 4 w357381 r860540 m941890 f1325 r32539054 p500
 35779646=6698842+17564571+13004988 i12575697 u28396044 u0 t4.853
274496 250000 66 4 w394390 r947022 m1033197 f1390 r34603236 p500
 37310769=6986369+18323484+13553505 i13091415 u29634952 u0 t5.636
285461 260000 66 4 w428067 r1028950 m1119360 f1449 r36400174 p500
 38803051=7268863+19066410+14083606 i13595094 u30842744 u0 t5.091
Idx1+ lookups: 1504732 
296415 270000 66 4 w457857 r1109746 m1203585 f1503 r37953645 p500
 40291660=7548931+19800727+14620226 i14095564 u32047888 u0 t4.621
307437 280000 66 4 w499188 r1200774 m1298933 f1579 r39857432 p500
 41798390=7832680+20548382+15159093 i14601691 u33269019 u0 t5.305
318462 290000 66 4 w534460 r1292638 m1394547 f1643 r41571767 p500
 43400958=8135339+21341253+15733409 i15141451 u34565888 u0 t5.22
Idx1+ lookups: 1764363 
329483 300000 66 4 w579335 r1396959 m1503679 f1724 r43653711 p500
 45028067=8442234+22155263+16308545 i15696890 u35877116 u0 t5.775
340525 310000 66 4 w619853 r1495735 m1606736 f1798 r45484398 p500
 46615498=8738046+22934138+16886727 i16223927 u37167284 u0 t5.243
Idx1+ lookups: 2031865 
351480 320000 94 4 w664521 r1600431 m1715805 f1881 r47422282 p500
 48198444=9038935+23721499+17447383 i16752426 u38453051 u0 t5.38
362496 330000 94 4 w704969 r1702382 m1821963 f1956 r49268991 p500
 49733444=9330284+24482692+17993474 i17266899 u39698324 u0 t5.223
373551 340000 94 4 w752745 r1813137 m1937274 f2045 r51210283 p500
 51290420=9626097+25253246+18550462 i17793049 u40957205 u0 t5.395
Idx1+ lookups: 2314073 
384689 350000 94 4 w803212 r1926410 m2055450 f2138 r53245824 p500
 52863841=9922129+26021395+19125405 i18325389 u42226314 u0 t5.702
395874 360000 94 4 w848836 r2038305 m2171223 f2223 r55006432 p500
 54481113=10221859+26805577+19724920 i18876124 u43524715 u0 t5.157
406862 370000 94 4 w906654 r2164225 m2302251 f2331 r57213038 p500
 56127737=10531055+27599843+20335875 i19433051 u44850568 u0 t5.986
Idx1+ lookups: 2605937 
417894 380000 94 4 w955294 r2285944 m2428333 f2424 r59159881 p500
 57710652=10827571+28373736+20913921 i19975190 u46120495 u0 t5.42
428912 390000 94 4 w1006318 r2405477 m2552038 f2523 r61030973 p500
 59267668=11118998+29134387+21483671 i20506294 u47371467 u0 t5.272
439874 400000 94 4 w1059216 r2526567 m2677346 f2626 r62927660 p500
 60798949=11403897+29878773+22048738 i21022384 u48606921 u0 t5.312
Idx1+ lookups: 2911694 
450859 410000 94 4 w1120143 r2659083 m2814583 f2742 r65008018 p500
 62344803=11692810+30638301+22610561 i21550985 u49848627 u0 t6.879
461847 420000 94 4 w1165072 r2776762 m2935763 f2831 r66681250 p500
 63844431=11974358+31373784+23155226 i22064273 u51052607 u0 t4.865
472807 430000 94 4 w1231571 r2922777 m3086751 f2958 r68924071 p500
 65437780=12274970+32155539+23733015 i22605538 u52336049 u0 t6.039
Idx1+ lookups: 3231695 
483790 440000 94 4 w1291337 r3062275 m3230481 f3076 r70936039 p500
 67045767=12575174+32948774+24314528 i23158603 u53625169 u0 t5.57
494708 450000 94 4 w1350898 r3208171 m3380515 f3193 r72947487 p500
 68699472=12883619+33764275+24912530 i23725688 u54952141 u0 t5.583
Idx1+ lookups: 3567961 
505590 460000 94 4 w1421081 r3365605 m3542634 f3331 r75235930 p500
 70351532=13192036+34579703+25508940 i24293575 u56277155 u0 t6.097
516566 470000 94 4 w1480032 r3510002 m3690828 f3450 r77083436 p500
 71990802=13497983+35383004+26106829 i24853009 u57593696 u0 t5.459
527520 480000 94 4 w1556112 r3676480 m3862117 f3601 r79454424 p500
 73645399=13806248+36198720+26705964 i25423170 u58918278 u0 t6.516
Idx1+ lookups: 3914405 
538466 490000 94 4 w1621362 r3835828 m4025454 f3731 r81506748 p500
 75322036=14118226+37019796+27319560 i25995855 u60264365 u0 t5.713
549399 500000 94 4 w1689918 r3999562 m4193546 f3869 r83652073 p500
 77023425=14443739+37852951+27939452 i26579077 u61628824 u0 t5.897
Idx1+ lookups: 4273142 
560288 510000 94 4 w1770193 r4178853 m4377814 f4028 r86120345 p500
 78683779=14754211+38673947+28537979 i27146939 u62963154 u0 t6.464
571192 520000 94 4 w1847930 r4352243 m4555678 f4181 r88361865 p500
 80352712=15063905+39495351+29144443 i27720679 u64300107 u0 t6.068
582148 530000 94 4 w1904213 r4510856 m4717567 f4296 r90160338 p500
 82036336=15378372+40322769+29756566 i28298371 u65650429 u0 t5.259
Idx1+ lookups: 4637841 
593039 540000 94 4 w1994839 r4704558 m4916283 f4476 r92698556 p500
 83771290=15699382+41171815+30392891 i28888309 u67045609 u0 t6.731
604123 550000 94 4 w2061680 r4865928 m5081513 f4612 r94679472 p500
 85292841=15985696+41911091+30952926 i29406087 u68269110 u0 t5.435
615220 560000 94 4 w2117434 r5001408 m5220327 f4726 r96330860 p500
 86578406=16228956+42541143+31420369 i29837960 u69309989 u0 t4.521
Idx1+ lookups: 5011372 
626410 570000 94 4 w2173365 r5132129 m5353905 f4838 r97855987 p500
 87844101=16466215+43152805+31889826 i30261396 u70334454 u0 t4.249
637646 580000 94 4 w2235422 r5271310 m5496497 f4963 r99580042 p500
 89076810=16700413+43755344+32338702 i30673978 u71333990 u0 t5.777
648847 590000 94 4 w2287477 r5400532 m5628572 f5068 r101103373 p500
 90374030=16941574+44376422+32827115 i31089594 u72400087 u0 t4.223
cache requests:  101340847, Misses: 5649869, Flush#: 5085
File page count: 244860
File page count: 0
660023 600000 94 3 w4088 r0 m0 f191 r0 p20
 91532382=17161983+44938682+33251932 i31476542 u73339629 u0 t4.476
Idx1+ lookups: 5288200 94054 
671169 610000 94 3 w9770 r0 m0 f461 r0 p20
 92677881=17380618+45496976+33670550 i31854295 u74274045 u0 t4.712
682330 620000 94 3 w13516 r0 m0 f639 r0 p20
 93822077=17600425+46050280+34090645 i32223726 u75214429 u0 t3.881
693457 630000 94 3 w19437 r258 m2586 f784 r410335 p500
 95055697=17831544+46649550+34545330 i32611715 u76237958 u0 t4.779
Idx1+ lookups: 5372506 404996 
704731 640000 94 3 w25457 r3524 m9473 f791 r1276489 p500
 96294487=18063003+47246521+35007532 i33003820 u77262334 u0 t4.519
715916 650000 94 3 w31115 r9357 m17864 f797 r2032276 p500
 97439920=18281492+47802828+35427035 i33372972 u78205195 u0 t4.038
727122 660000 94 4 w37658 r18637 m29580 f805 r3053016 p500
 98670868=18515586+48399959+35879326 i33769995 u79217462 u0 t4.316
738273 670000 94 4 w45821 r31060 m44868 f816 r4469280 p500
 99875743=18744879+48985343+36321344 i34157930 u80209808 u0 t4.684
Idx1+ lookups: 5517952 669384 
749495 680000 94 4 w55750 r46398 m62990 f830 r5810085 p500
 101042383=18969139+49551143+36748337 i34530023 u81174392 u0 t4.379
760693 690000 94 4 w67719 r66121 m85834 f847 r7225472 p500
 102254980=19199662+50136770+37196455 i34925859 u82166480 u0 t4.573
771972 700000 94 4 w77248 r87549 m110044 f861 r8417377 p500
 103465720=19428892+50723315+37642786 i35323303 u83155257 u0 t4.127
783287 710000 94 4 w87799 r111496 m137021 f876 r9657565 p500
 104639900=19653350+51296043+38070532 i35709267 u84114580 u0 t4.168
Idx1+ lookups: 5700131 903504 
794503 720000 94 4 w100546 r139564 m168612 f895 r11038191 p500
 105795637=19874772+51860524+38490375 i36090038 u85058201 u0 t4.379
805629 730000 94 4 w115844 r171492 m204424 f918 r12552367 p500
 107012879=20104345+52440052+38949652 i36491016 u86048219 u0 t4.681
816809 740000 94 4 w127824 r203053 m238947 f936 r13724174 p500
 108170750=20322040+52988329+39390324 i36865465 u86995544 u0 t4.039
Idx1+ lookups: 5910064 1108075 
827890 750000 94 4 w140553 r237358 m276325 f956 r14955333 p500
 109346023=20541989+53535547+39846975 i37237492 u87963337 u0 t3.995
839058 760000 94 4 w158303 r276603 m319405 f984 r16427567 p500
 110457274=20754203+54068761+40260181 i37598361 u88873986 u0 t4.372
850231 770000 94 4 w172570 r316731 m362563 f1007 r17649365 p500
 111644530=20977813+54640699+40701567 i37986302 u89843948 u0 t4.009
861324 780000 94 4 w187483 r357328 m406115 f1031 r18884150 p500
 112756712=21190675+55177904+41111668 i38354435 u90749083 u0 t3.928
Idx1+ lookups: 6145019 1293067 
872344 790000 94 4 w203285 r399731 m451260 f1057 r20047205 p500
 113901230=21409743+55727856+41536166 i38724995 u91688631 u0 t3.844
883522 800000 94 4 w225873 r450804 m506413 f1094 r21753449 p500
 115052446=21630279+56283615+41960828 i39099885 u92631786 u0 t4.828
894714 810000 94 4 w241420 r495558 m553780 f1121 r22874615 p500
 116160183=21843397+56812897+42374928 i39464229 u93534783 u0 t3.675
905844 820000 94 4 w256851 r544839 m605916 f1147 r24173445 p500
 117283223=22058021+57355645+42788962 i39831558 u94452970 u0 t4.111
Idx1+ lookups: 6399498 1463360 
916882 830000 94 4 w282167 r603265 m667638 f1191 r25632793 p500
 118549967=22298052+57962861+43262652 i40250145 u95482660 u0 t4.523
927964 840000 94 4 w303345 r660809 m728255 f1228 r27054891 p500
 119743936=22526809+58544733+43697164 i40652079 u96448995 u0 t4.341
939033 850000 94 4 w324388 r722483 m793013 f1265 r28473360 p500
 121004026=22765154+59154770+44162145 i41077782 u97465476 u0 t4.429
950128 860000 94 4 w351801 r791174 m865659 f1313 r30237188 p500
 122238911=23000263+59758465+44610481 i41496059 u98461971 u0 t5.034
Idx1+ lookups: 6676321 1625381 
961260 870000 94 4 w375780 r856856 m934580 f1354 r31711131 p500
 123458245=23233306+60350981+45056196 i41908134 u99446147 u0 t4.43
972424 880000 94 4 w401395 r922556 m1003254 f1400 r33058519 p500
 124673076=23464513+60935225+45507237 i42319212 u100424815 u0 t4.23
983571 890000 94 4 w421949 r988424 m1071796 f1438 r34334998 p500
 125884344=23693920+61524697+45951042 i42731569 u101399098 u0 t4.295
Idx1+ lookups: 6969899 1777221 
994789 900000 94 4 w452397 r1061087 m1148345 f1491 r35992016 p500
 127057734=23916914+62089299+46386563 i43119675 u102353639 u0 t4.757
1005944 910000 94 4 w482223 r1133389 m1223990 f1545 r37510504 p500
 128303145=24152135+62684289+46852631 i43515224 u103381747 u0 t4.481
1017100 920000 94 4 w507013 r1202503 m1296056 f1590 r38897431 p500
 129430532=24368313+63227679+47268900 i43892128 u104295535 u0 t4.075
1028294 930000 94 4 w529605 r1266257 m1362109 f1632 r39992568 p500
 130528677=24578028+63757612+47674284 i44258162 u105186592 u0 t3.57
Idx1+ lookups: 7274387 1914902 
1039422 940000 94 4 w562591 r1345931 m1445561 f1692 r41641265 p500
 131687827=24798360+64320403+48099629 i44647424 u106124609 u0 t4.674
1050473 950000 94 4 w594782 r1425393 m1528382 f1752 r43175238 p500
 132854633=25020472+64887893+48525919 i45033204 u107075055 u0 t4.425
1061568 960000 94 4 w620982 r1501892 m1607756 f1802 r44508920 p500
 134043070=25250333+65467521+48956681 i45423519 u108047550 u0 t4.047
1072599 970000 94 4 w649767 r1583163 m1692072 f1855 r45919871 p500
 135291847=25485760+66067542+49422293 i45830331 u109068542 u0 t4.372
Idx1+ lookups: 7591130 2041979 
1083733 980000 94 4 w682561 r1659442 m1771096 f1917 r47249201 p500
 136399100=25701026+66611278+49818919 i46197678 u109971461 u0 t4.029
1094785 990000 94 4 w718202 r1744491 m1859646 f1982 r48851912 p500
 137519050=25917257+67155540+50227043 i46573339 u110879203 u0 t4.456
1105876 1000000 94 4 w745992 r1825707 m1943599 f2033 r50205064 p500
 138665713=26137695+67717784+50640862 i46959690 u111807902 u0 t4.06
Idx1+ lookups: 7924927 2165397 
1117034 1010000 94 4 w775767 r1908121 m2028820 f2090 r51572339 p500
 139787403=26354448+68264708+51048328 i47336978 u112715983 u0 t4.053
1128112 1020000 94 4 w813030 r1995655 m2119539 f2160 r53064627 p500
 140921791=26573668+68822755+51454807 i47722041 u113632347 u0 t4.334
1139060 1030000 94 4 w853560 r2093894 m2221232 f2236 r54731501 p500
 142169262=26814500+69435817+51902697 i48151403 u114633625 u0 t4.759
1150007 1040000 94 4 w891602 r2199396 m2329949 f2309 r56339232 p500
 143561529=27079998+70114418+52410413 i48630799 u115748432 u0 t4.928
Idx1+ lookups: 8270102 2287038 
1160894 1050000 94 4 w936691 r2313902 m2448185 f2397 r58184603 p500
 144998334=27351326+70820475+52930359 i49127931 u116897445 u0 t5.656
1171814 1060000 94 4 w986823 r2431046 m2569289 f2495 r60105908 p500
 146379096=27613815+71499763+53428048 i49607955 u117999751 u0 t5.547
1182789 1070000 94 4 w1032831 r2546837 m2688590 f2585 r61843217 p500
 147771413=27879098+72187374+53926681 i50096107 u119108039 u0 t5.107
Idx1+ lookups: 8624707 2405473 
1193726 1080000 94 4 w1078549 r2662950 m2808440 f2675 r63641973 p500
 149134067=28139227+72857138+54417549 i50569414 u120196529 u0 t5.192
1204582 1090000 94 4 w1131378 r2791374 m2940878 f2781 r65627235 p500
 150558189=28410800+73563244+54924922 i51067904 u121331238 u0 t5.632
1215452 1100000 94 4 w1179794 r2918230 m3071270 f2878 r67468627 p500
 152005113=28686816+74275924+55445128 i51569799 u122487334 u0 t5.322
Idx1+ lookups: 8995502 2517295 
1226363 1110000 94 4 w1231157 r3049659 m3206289 f2981 r69316760 p500
 153500823=28969235+75014161+55983169 i52091992 u123679549 u0 t5.611
1237247 1120000 94 4 w1290022 r3187590 m3348291 f3097 r71360948 p500
 154937436=29243149+75724625+56496704 i52592006 u124826597 u0 t5.676
1248176 1130000 94 4 w1342606 r3323436 m3487877 f3202 r73292729 p500
 156402735=29522272+76447278+57022338 i53103231 u125995130 u0 t5.499
Idx1+ lookups: 9377207 2622564 
1259068 1140000 94 4 w1399220 r3461951 m3630205 f3313 r75204386 p500
 157861130=29797985+77168674+57545265 i53615264 u127154689 u0 t5.514
1269968 1150000 94 4 w1458859 r3605049 m3777306 f3431 r77230139 p500
 159329507=30076803+77900612+58066164 i54129636 u128324440 u0 t5.759
1280888 1160000 94 4 w1514023 r3746069 m3922018 f3542 r79118193 p500
 160787360=30353505+78624948+58585504 i54643531 u129482235 u0 t5.449
Idx1+ lookups: 9762224 2725553 
1291754 1170000 94 4 w1581411 r3899565 m4079915 f3676 r81316321 p500
 162257086=30632524+79353396+59110035 i55160783 u130650450 u0 t6.08
1302652 1180000 94 4 w1635297 r4042908 m4226480 f3786 r83066485 p500
 163740225=30914948+80088433+59638609 i55682234 u131830341 u0 t5.362
1313613 1190000 94 4 w1700047 r4197807 m4385550 f3916 r85150305 p500
 165222365=31196415+80824289+60167001 i56201866 u133010577 u0 t6.503
Idx1+ lookups: 10159555 2822492 
1324596 1200000 94 4 w1767192 r4355760 m4547661 f4047 r87213204 p500
 166705142=31477697+81562307+60693492 i56721439 u134191994 u0 t5.815
1335456 1210000 94 4 w1830432 r4515105 m4710928 f4174 r89268248 p500
 168224635=31765451+82316176+61235830 i57259697 u135396130 u0 t5.774
1346441 1220000 94 4 w1899817 r4683114 m4883180 f4315 r91424581 p500
 169783151=32059976+83084342+61797326 i57800047 u136641581 u0 t6.082
Idx1+ lookups: 10563137 2916371 
1357399 1230000 94 4 w1969187 r4851238 m5055292 f4454 r93503445 p500
 171340127=32353047+83856368+62354089 i58346009 u137880377 u0 t6.001
1368385 1240000 94 4 w2042795 r5027244 m5235500 f4601 r95703472 p500
 172947613=32655799+84649796+62933488 i58907871 u139160383 u0 t6.145
1379469 1250000 94 4 w2118012 r5208978 m5421225 f4753 r97890579 p500
 174578358=32960715+85458237+63518400 i59483976 u140452867 u0 t6.18
Idx1+ lookups: 10975302 3007346 
1390543 1260000 94 4 w2189587 r5391113 m5607596 f4898 r100102815 p500
 176216496=33265768+86260659+64117377 i60054849 u141756731 u0 t6.393
1401635 1270000 94 4 w2280551 r5590100 m5811664 f5078 r102586108 p500
 177844400=33572064+87068311+64699573 i60627375 u143050499 u0 t6.764
Idx1+ lookups: 11388268 3093736 
1412662 1280000 94 4 w2343695 r5763910 m5989033 f5208 r104526627 p500
 179448464=33876559+87868585+65267070 i61195661 u144322706 u0 t5.719
cache requests:  106050985, Misses: 6115507, Flush#: 5319
File page count: 244441
File page count: 0
1423732 1290000 94 3 w3385 r0 m0 f159 r0 p20
 181048818=34176735+88658077+65844470 i61759413 u145592810 u0 t7.264
1434749 1300000 94 3 w10130 r0 m0 f479 r0 p20
 182708017=34486060+89473649+66447223 i62333459 u146918769 u0 t6.593
Idx1+ lookups: 11555119 3354022 78301 
1445738 1310000 94 3 w18342 r137 m1490 f782 r256191 p500
 184393707=34802515+90300279+67060585 i62909907 u148272581 u0 t7.174
1456743 1320000 94 3 w26988 r4191 m10175 f791 r1333201 p500
 186070233=35117420+91124338+67668658 i63482206 u149620547 u0 t6.29
Idx1+ lookups: 11688163 3644945 183715 
1467716 1330000 94 3 w38685 r16713 m27088 f805 r2679896 p500
 187826318=35446440+91987570+68306202 i64083129 u151030664 u0 t7.19
1478847 1340000 94 4 w52881 r38263 m53137 f824 r4825110 p500
 189576204=35770547+92843092+68948286 i64688726 u152427464 u0 t7.516
1489858 1350000 94 4 w67731 r66666 m85962 f845 r6868698 p500
 191293706=36091274+93689714+69570365 i65289500 u153793948 u0 t6.97
Idx1+ lookups: 11876785 3892367 278982 
1500812 1360000 94 4 w82198 r98671 m121933 f866 r8620125 p500
 192945491=36397576+94496222+70177412 i65867144 u155106889 u0 t6.235
1511816 1370000 94 4 w101882 r140860 m169376 f895 r10756820 p500
 194629037=36712329+95326971+70785495 i66457079 u156445887 u0 t6.994
1522795 1380000 94 4 w122469 r189829 m223587 f926 r12837676 p500
 196261107=37016280+96132860+71375071 i67036346 u157735896 u0 t6.747
Idx1+ lookups: 12097896 4113507 368665 
1533703 1390000 94 4 w141811 r243258 m282065 f955 r14834561 p500
 197916580=37324592+96947275+71976458 i67627758 u159040381 u0 t6.671
1544569 1400000 94 4 w167366 r303831 m347966 f995 r16903889 p500
 199559259=37633478+97759355+72566898 i68207707 u160343144 u0 t6.678
Idx1+ lookups: 12348619 4311882 454494 
1555499 1410000 94 4 w192931 r375260 m425059 f1036 r19204958 p500
 201315494=37961628+98624605+73202706 i68829223 u161732806 u0 t7.248
1566395 1420000 94 4 w223799 r450953 m505789 f1088 r21308882 p500
 203040851=38283744+99480615+73821800 i69442129 u163097089 u0 t6.805
1577238 1430000 94 4 w250362 r529723 m589308 f1133 r23354783 p500
 204769957=38606559+100338547+74442479 i70053469 u164466811 u0 t6.721
Idx1+ lookups: 12620031 4491655 534262 
1588118 1440000 98 4 w284235 r617486 m682035 f1192 r25650714 p500
 206501964=38930451+101195825+75064964 i70670128 u165834453 u0 t7.137
1598949 1450000 98 4 w317803 r710639 m780041 f1252 r27882409 p500
 208268958=39258963+102068645+75703593 i71298649 u167229924 u0 t7.038
Idx1+ lookups: 12913354 4657113 611821 
1609797 1460000 98 4 w353777 r807280 m881615 f1315 r30122358 p500
 210044947=39588611+102945770+76346406 i71924336 u168637749 u0 t7.049
1620630 1470000 98 4 w397432 r913230 m992928 f1393 r32564929 p500
 211794585=39917933+103814704+76971470 i72543305 u170023829 u0 t7.347
1631477 1480000 98 4 w427991 r1013192 m1096973 f1448 r34480424 p500
 213544045=40245037+104679189+77602221 i73164911 u171405904 u0 t6.404
Idx1+ lookups: 13225200 4813190 684765 
1642373 1490000 98 4 w473561 r1126951 m1216079 f1530 r36875047 p500
 215341282=40581295+105569208+78248299 i73798817 u172831055 u0 t7.326
1653233 1500000 98 4 w525232 r1251171 m1346376 f1623 r39508197 p500
 217140861=40916401+106459891+78897104 i74435413 u174256019 u0 t7.701
Idx1+ lookups: 13552359 4956338 754467 
1664130 1510000 98 4 w566401 r1368332 m1467982 f1698 r41641576 p500
 218918863=41246819+107335188+79542979 i75062524 u175664421 u0 t6.728
1675034 1520000 98 4 w613909 r1492054 m1596541 f1787 r43832742 p500
 220707784=41578832+108217124+80191733 i75691103 u177084233 u0 t6.851
1685958 1530000 98 4 w659976 r1623249 m1733042 f1871 r46231168 p500
 222527080=41916354+109112653+80853015 i76333377 u178524997 u0 t7.326
Idx1+ lookups: 13892051 5089964 821513 
1696847 1540000 98 4 w717822 r1759821 m1874856 f1978 r48696828 p500
 224315178=42247473+109988212+81508049 i76965769 u179938527 u0 t7.308
1707676 1550000 98 4 w767668 r1896085 m2015739 f2073 r50898631 p500
 226145550=42585444+110889061+82174592 i77616413 u181382812 u0 t6.897
Idx1+ lookups: 14248231 5216930 885835 
1718573 1560000 98 4 w829584 r2047112 m2172364 f2191 r53530126 p500
 227977335=42923424+111787999+82844857 i78263426 u182831401 u0 t7.764
1729487 1570000 98 4 w882007 r2187392 m2317161 f2294 r55727573 p500
 229753615=43251320+112659502+83494703 i78892364 u184235184 u0 t6.864
Idx1+ lookups: 14617710 5335755 948003 
1740347 1580000 98 4 w941804 r2340233 m2474975 f2411 r58177872 p500
 231553104=43584046+113540125+84154536 i79528306 u185658207 u0 t7.243
1751207 1590000 98 4 w1002933 r2495691 m2635340 f2528 r60601573 p500
 233379940=43922520+114439161+84819335 i80174255 u187102988 u0 t7.246
1762023 1600000 98 4 w1068882 r2655791 m2800524 f2658 r63114251 p500
 235155843=44253361+115316780+85460372 i80804226 u188506931 u0 t7.397
Idx1+ lookups: 14996338 5450896 1010701 
1772878 1610000 98 4 w1133500 r2816039 m2965658 f2786 r65554206 p500
 236929770=44581602+116184385+86111454 i81432551 u189908543 u0 t7.277
1783723 1620000 98 4 w1190586 r2971012 m3124700 f2896 r67684940 p500
 238688807=44908360+117054935+86745918 i82057888 u191297747 u0 t6.65
Idx1+ lookups: 15385872 5559593 1069390 
1794607 1630000 98 4 w1263069 r3142433 m3301157 f3040 r70223790 p500
 240464479=45236722+117925167+87395629 i82689690 u192697424 u0 t7.411
1805498 1640000 98 4 w1330324 r3315083 m3478690 f3173 r72687944 p500
 242254153=45568300+118810419+88042816 i83325579 u194111098 u0 t7.266
1816421 1650000 98 4 w1401412 r3488452 m3656455 f3319 r75038727 p500
 244050465=45899876+119697682+88694298 i83967986 u195525146 u0 t7.111
Idx1+ lookups: 15784987 5663723 1125854 
1827273 1660000 98 4 w1468215 r3663617 m3836326 f3451 r77476239 p500
 245854599=46234183+120581771+89354321 i84608414 u196949102 u0 t7.698
1838160 1670000 98 4 w1552371 r3858684 m4036867 f3618 r80284195 p500
 247658504=46569017+121468086+90011465 i85252883 u198369284 u0 t7.841
Idx1+ lookups: 16193183 5761531 1181407 
1849005 1680000 98 4 w1612060 r4022385 m4204057 f3738 r82197294 p500
 249430278=46895842+122335533+90661291 i85880090 u199769560 u0 t6.281
1859879 1690000 98 4 w1701605 r4220816 m4408335 f3917 r85043392 p500
 251131279=47212315+123178813+91272934 i86486497 u201111968 u0 t8.027
1870739 1700000 98 4 w1769192 r4399568 m4591044 f4055 r87259185 p500
 252891045=47539369+124052324+91905247 i87116036 u202498533 u0 t7.104
Idx1+ lookups: 16610513 5855509 1235061 
1881698 1710000 98 4 w1844879 r4584982 m4781105 f4207 r89651550 p500
 254580511=47855132+124886720+92515242 i87716196 u203833708 u0 t6.974
1892578 1720000 98 4 w1924706 r4775322 m4976034 f4366 r92046718 p500
 256293646=48175630+125733252+93133036 i88327279 u205185448 u0 t7.024
Idx1+ lookups: 17037044 5946013 1287828 
1903425 1730000 98 4 w1994971 r4961026 m5165832 f4505 r94266968 p500
 258022915=48497011+126587322+93759138 i88941501 u206552106 u0 t6.875
1914319 1740000 98 4 w2091606 r5177878 m5388260 f4698 r97132596 p500
 259815209=48830592+127465985+94414637 i89576343 u207968240 u0 t7.943
1925121 1750000 98 4 w2161915 r5365783 m5580112 f4842 r99274618 p500
 261541348=49152781+128320704+95035878 i90195209 u209327301 u0 t6.524
Idx1+ lookups: 17468627 6034256 1338979 
1936035 1760000 98 4 w2253627 r5581826 m5801284 f5024 r101914079 p500
 263330395=49486167+129206644+95680325 i90836775 u210735264 u0 t7.52
1946942 1770000 98 4 w2333094 r5780758 m6004693 f5186 r104291872 p500
 265050284=49805914+130048834+96309106 i91441578 u212098861 u0 t7.852
Idx1+ lookups: 17909985 6118165 1387348 
1957829 1780000 98 4 w2417962 r5985064 m6213177 f5359 r106603349 p500
 266753303=50124838+130892409+96920932 i92051119 u213441141 u0 t8.551
cache requests:  107276433, Misses: 6266152, Flush#: 5398
File page count: 245781
File page count: 0
1968722 1790000 98 3 w5774 r0 m0 f273 r0 p20
 268493552=50448739+131746780+97555161 i92667241 u214817330 u0 t7.793
1979581 1800000 98 3 w13528 r0 m0 f642 r0 p20
 270164288=50760785+132567358+98163038 i93248608 u216148805 u0 t7.49
Idx1+ lookups: 18040602 6413636 1480578 60702 
1990482 1810000 98 3 w23200 r1039 m4612 f787 r702324 p500
 271830252=51072079+133383609+98770962 i93814046 u217490653 u0 t7.075
2001382 1820000 98 3 w34018 r9954 m18391 f799 r2063623 p500
 273492871=51381902+134197434+99378998 i94390748 u218817109 u0 t7.43
Idx1+ lookups: 18200585 6698508 1574156 128054 
2012247 1830000 98 4 w45415 r26373 m38609 f814 r3617483 p500
 275187120=51698829+135031055+99993704 i94978066 u220169951 u0 t7.15
2023129 1840000 98 4 w57579 r49739 m65639 f831 r5460550 p500
 276861603=52011532+135854419+100601958 i95561033 u221504194 u0 t6.888
2034053 1850000 98 4 w75681 r85130 m106310 f857 r7881106 p500
 278586086=52334286+136703614+101226354 i96167781 u222872510 u0 t7.981
Idx1+ lookups: 18409022 6946314 1660656 189089 
2044917 1860000 98 4 w90135 r122937 m147874 f878 r9557454 p500
 280251224=52646494+137526857+101826009 i96753620 u224194579 u0 t6.394
2055814 1870000 98 4 w111935 r171318 m202106 f910 r11885831 p500
 281924750=52958788+138352252+102431703 i97352177 u225512834 u0 t7.632
2066728 1880000 98 4 w131030 r223742 m259196 f940 r13814952 p500
 283579260=53268199+139169715+103028509 i97939559 u226820754 u0 t6.775
Idx1+ lookups: 18650637 7162610 1742593 246907 
2077660 1890000 98 4 w152757 r284087 m325035 f974 r15960400 p500
 285237044=53579292+139988643+103625286 i98526184 u228133221 u0 t7.144
2088614 1900000 98 4 w178443 r351961 m398381 f1015 r18141709 p500
 286912655=53892335+140810185+104236352 i99120689 u229456491 u0 t7.163
Idx1+ lookups: 18921744 7356860 1820913 301847 
2099586 1910000 98 4 w204117 r423559 m474487 f1057 r20092511 p500
 288616243=54209093+141647327+104856783 i99723377 u230804154 u0 t6.792
2110524 1920000 98 4 w232129 r499946 m555943 f1104 r22267434 p500
 290241237=54514629+142446303+105445717 i100297352 u232091024 u0 t7.614
2121483 1930000 98 4 w261619 r581750 m642342 f1154 r24359614 p500
 291923570=54829825+143276743+106052519 i100896326 u233419413 u0 t6.95
Idx1+ lookups: 19212964 7533083 1895849 353141 
2132440 1940000 98 4 w290504 r665866 m730712 f1205 r26313286 p500
 293565784=55136148+144083806+106649839 i101482031 u234713875 u0 t6.621
2143340 1950000 98 4 w325802 r759299 m829351 f1266 r28690467 p500
 295239019=55448867+144906211+107257969 i102074227 u236037854 u0 t7.424
2154286 1960000 98 4 w359016 r851540 m925596 f1325 r30641182 p500
 296860107=55753648+145703015+107845359 i102651716 u237317338 u0 t6.503
Idx1+ lookups: 19525385 7696250 1967340 402760 
2165157 1970000 98 4 w390203 r942843 m1021034 f1381 r32577063 p500
 298412591=56044542+146464173+108410700 i103200516 u238545927 u0 t7.268
2176142 1980000 98 4 w429541 r1044096 m1127281 f1451 r34802827 p500
 299979496=56338337+147235354+108978397 i103757916 u239783266 u0 t6.959
Idx1+ lookups: 19856018 7849023 2036604 451682 
2187090 1990000 98 4 w465092 r1147648 m1235171 f1515 r36847611 p500
 301618575=56644428+148044181+109570873 i104344160 u241074450 u0 t6.701
2198031 2000000 98 4 w504017 r1253530 m1345617 f1585 r38996519 p500
 303185210=56938923+148817650+110135184 i104901106 u242312786 u0 t6.724
2208970 2010000 98 4 w542144 r1359657 m1455974 f1655 r40941518 p500
 304752540=57232180+149587337+110705170 i105456775 u243551693 u0 t6.335
Idx1+ lookups: 20197995 7990492 2102728 497387 
2219875 2020000 98 4 w586999 r1473360 m1574431 f1737 r43122324 p500
 306334455=57532948+150371332+111270400 i106019938 u244802010 u0 t6.883
2230717 2030000 98 4 w628332 r1586217 m1691720 f1816 r45170447 p500
 307845651=57817948+151122157+111809532 i106559040 u245995444 u0 t6.435
2241553 2040000 98 4 w666971 r1697286 m1806706 f1887 r47021277 p500
 309373570=58105978+151881084+112355392 i107108425 u247197586 u0 t6.122
Idx1+ lookups: 20557132 8125254 2168088 542429 
2252478 2050000 98 4 w717497 r1820290 m1934415 f1980 r49209008 p500
 310917801=58397346+152645204+112909519 i107661334 u248414822 u0 t6.788
2263400 2060000 98 4 w760465 r1938877 m2057043 f2061 r51204086 p500
 312460636=58688083+153405052+113466755 i108212111 u249631630 u0 t6.337
2274335 2070000 98 4 w808850 r2065980 m2188663 f2152 r53368728 p500
 314006113=58979074+154169481+114021866 i108761862 u250853241 u0 t6.753
Idx1+ lookups: 20929502 8251241 2231977 586815 
2285238 2080000 98 4 w859687 r2190208 m2317028 f2250 r55360320 p500
 315479761=59257781+154893633+114554732 i109285837 u252018001 u0 t6.255
2296195 2090000 98 4 w907050 r2317520 m2448401 f2340 r57363196 p500
 317001742=59547160+155648315+115097246 i109825723 u253223140 u0 t6.31
2307093 2100000 98 4 w953964 r2447845 m2582535 f2432 r59343350 p500
 318548784=59841585+156419314+115645210 i110374653 u254449281 u0 t6.326
Idx1+ lookups: 21311696 8370545 2291998 629798 
2317991 2110000 98 4 w1009877 r2584350 m2723436 f2543 r61539937 p500
 320065310=60129116+157167613+116190543 i110910852 u255651485 u0 t6.755
2328915 2120000 98 4 w1059153 r2715870 m2858630 f2639 r63468458 p500
 321540226=60409484+157900375+116714932 i111437560 u256816239 u0 t6.148
Idx1+ lookups: 21703831 8484254 2349367 671635 
2339889 2130000 98 4 w1110212 r2854183 m3001070 f2739 r65540499 p500
 323065272=60697602+158658425+117258241 i111984050 u258018822 u0 t6.473
2350849 2140000 98 4 w1169582 r2996774 m3147698 f2854 r67660951 p500
 324569276=60981045+159406540+117794073 i112520787 u259206625 u0 t6.562
2361818 2150000 98 4 w1225103 r3137761 m3292568 f2964 r69693543 p500
 326046163=61261072+160142425+118317711 i113050803 u260371242 u0 t6.25
Idx1+ lookups: 22105555 8591177 2407097 712511 
2372703 2160000 98 4 w1276798 r3278201 m3436606 f3070 r71607848 p500
 327582195=61550056+160900281+118871928 i113596498 u261585329 u0 t6.236
2383611 2170000 98 4 w1334070 r3419442 m3581634 f3184 r73589236 p500
 329020933=61822910+161615512+119384128 i114108987 u262723116 u0 t6.296
2394538 2180000 98 4 w1395815 r3571233 m3737886 f3304 r75836124 p500
 330471640=62098697+162341500+119894769 i114629484 u263867727 u0 t6.587
Idx1+ lookups: 22515670 8694105 2464115 752191 
2405448 2190000 98 4 w1451452 r3722754 m3892962 f3415 r77757889 p500
 332047282=62396171+163128686+120452548 i115192941 u265111795 u0 t6.213
2416385 2200000 98 4 w1517905 r3883878 m4058565 f3547 r80008491 p500
 333572677=62685022+163886371+120996698 i115735958 u266317905 u0 t8.489
2427291 2210000 98 4 w1577478 r4032031 m4210289 f3667 r81946754 p500
 335055154=62966105+164620723+121527332 i116261489 u267492099 u0 t6.282
Idx1+ lookups: 22931988 8792256 2518558 790223 
2438224 2220000 98 4 w1645481 r4197031 m4379814 f3803 r84220509 p500
 336562228=63251799+165373345+122060347 i116801174 u268681434 u0 t6.784
2449156 2230000 98 4 w1709557 r4359288 m4545880 f3931 r86239681 p500
 338098470=63544181+166137065+122607037 i117347720 u269896659 u0 t6.382
2460085 2240000 98 4 w1768189 r4521229 m4711449 f4049 r88221111 p500
 339674657=63843460+166921569+123166530 i117913592 u271138330 u0 t6.302
Idx1+ lookups: 23358364 8886526 2571533 827918 
2471031 2250000 98 4 w1853523 r4715226 m4910643 f4218 r90862043 p500
 341328221=64154313+167736404+123763464 i118504587 u272441500 u0 t7.877
2481891 2260000 98 4 w1920119 r4884481 m5083675 f4352 r92920466 p500
 342920094=64455060+168519044+124339193 i119069608 u273699755 u0 t6.483
2492839 2270000 98 4 w1989195 r5063090 m5266283 f4489 r95098736 p500
 344524932=64756130+169308970+124920291 i119640308 u274967818 u0 t6.672
Idx1+ lookups: 23790756 8976760 2625066 864424 
2503770 2280000 98 4 w2066652 r5251357 m5458862 f4644 r97439362 p500
 346165173=65065475+170120749+125508611 i120227610 u276260413 u0 t7.365
2514685 2290000 98 4 w2140818 r5439776 m5651561 f4796 r99745022 p500
 347777859=65367628+170914357+126092672 i120804367 u277531335 u0 t6.927
Idx1+ lookups: 24233398 9063708 2676419 901373 
2525687 2300000 98 4 w2221377 r5636236 m5852528 f4963 r102115513 p500
 349430556=65676533+171726819+126692647 i121392358 u278835479 u0 t7.183
2536614 2310000 98 4 w2299445 r5825907 m6046222 f5121 r104314471 p500
 351071462=65982636+172534843+127287338 i121976634 u280130598 u0 t6.846
2547690 2320000 98 4 w2390896 r6041100 m6266472 f5302 r106972715 p500
 352775789=66300993+173374078+127904919 i122591038 u281467745 u0 t7.898
Idx1+ lookups: 24677338 9147065 2725616 938258 
cache requests:  108975185, Misses: 6443677, Flush#: 5442
File page count: 245366
File page count: 0
2558712 2330000 98 3 w1725 r0 m0 f80 r0 p20
 354479327=66619347+174214406+128520924 i123201712 u282808063 u0 t7.724
2569709 2340000 98 3 w7711 r0 m0 f363 r0 p20
 356119816=66929029+175032721+129102657 i123783670 u284107944 u0 t6.99
2580699 2350000 98 3 w16482 r0 m65 f780 r10411 p500
 357866975=67253212+175889572+129740737 i124385097 u285506808 u0 t8.599
Idx1+ lookups: 24794453 9459653 2819830 995028 43135 
2591715 2360000 98 3 w27183 r3957 m9632 f791 r1231159 p500
 359567798=67570319+176725970+130359050 i124973017 u286866301 u0 t7.424
2602831 2370000 98 3 w38531 r17118 m27050 f805 r2540234 p500
 361333804=67899239+177596044+130999241 i125593803 u288268254 u0 t7.781
Idx1+ lookups: 24958680 9746670 2910749 1050999 92576 
2613986 2380000 98 4 w52772 r39401 m53714 f824 r4730693 p500
 363142494=68230806+178475866+131670096 i126221516 u289709043 u0 t8.366
2624949 2390000 98 4 w68962 r72884 m92167 f847 r7061487 p500
 364958248=68564735+179361240+132340268 i126865851 u291141704 u0 t8.335
Idx1+ lookups: 25171691 9989728 2993396 1103128 136393 
2635909 2400000 98 4 w86553 r113368 m137249 f873 r9090844 p500
 366793742=68902584+180257977+133015990 i127520732 u292586285 u0 t7.741
2646913 2410000 98 4 w107292 r162394 m191882 f903 r11392009 p500
 368547157=69226360+181113701+133662101 i128147951 u293964644 u0 t8.026
2657884 2420000 98 4 w127291 r215774 m250260 f934 r13434789 p500
 370250743=69543018+181948977+134283775 i128753149 u295309445 u0 t7.457
Idx1+ lookups: 25417856 10203162 3071269 1153369 177873 
2668918 2430000 98 4 w151230 r277021 m317061 f971 r15648499 p500
 371945334=69856854+182774867+134907321 i129357529 u296643447 u0 t7.62
2679809 2440000 98 4 w174506 r341848 m386746 f1008 r17635275 p500
 373593593=70165486+183587194+135502816 i129957915 u297930777 u0 t7.123
2690746 2450000 98 4 w199908 r413643 m463847 f1049 r19816255 p500
 375264732=70476391+184414187+136105363 i130558104 u299244722 u0 t7.477
Idx1+ lookups: 25691784 10396295 3147741 1203066 218487 
2701594 2460000 98 4 w231592 r497930 m553553 f1102 r22156380 p500
 377026942=70804695+185280946+136745118 i131192219 u300628255 u0 t8.05
2712475 2470000 98 4 w260279 r583622 m644018 f1150 r24258381 p500
 378737275=71123412+186129022+137359567 i131809491 u301970530 u0 t7.37
Idx1+ lookups: 25992375 10572619 3219273 1250780 257142 
2723357 2480000 98 4 w293526 r675278 m740411 f1208 r26489079 p500
 380487328=71448458+186993347+137992245 i132432576 u303351812 u0 t7.615
2734166 2490000 98 4 w329534 r771524 m841371 f1272 r28727924 p500
 382198024=71767925+187837149+138610940 i133047490 u304696321 u0 t7.548
2745023 2500000 98 4 w366686 r876607 m951674 f1338 r31163345 p500
 383959910=72094368+188705051+139251002 i133680667 u306080666 u0 t8.141
Idx1+ lookups: 26314254 10735785 3289914 1297424 295552 
2755880 2510000 98 4 w406078 r986501 m1066847 f1408 r33607182 p500
 385703183=72418174+189565646+139881674 i134310423 u307447361 u0 t8.027
2766772 2520000 98 4 w444250 r1093911 m1178369 f1477 r35594365 p500
 387463931=72744988+190431472+140522086 i134944700 u308829310 u0 t7.361
Idx1+ lookups: 26650801 10886110 3356881 1341959 331953 
2777605 2530000 98 4 w487192 r1211586 m1301421 f1554 r38044946 p500
 389210244=73071112+191290844+141155276 i135567014 u310206788 u0 t8.303
2788466 2540000 98 4 w533200 r1334119 m1428898 f1640 r40337258 p500
 390993925=73405001+192169511+141801295 i136207520 u311608477 u0 t8.968
2799329 2550000 98 4 w580854 r1466662 m1566821 f1727 r42859738 p500
 392854436=73747080+193084041+142481179 i136874188 u313070828 u0 t11.991
Idx1+ lookups: 27002936 11024800 3421428 1384742 367035 
2810193 2560000 98 4 w632278 r1598197 m1703748 f1820 r45286329 p500
 394586175=74069906+193939383+143107047 i137503432 u314424823 u0 t8.516
2821115 2570000 98 4 w680613 r1733168 m1843803 f1909 r47644537 p500
 396373854=74400331+194815983+143761024 i138146343 u315827338 u0 t8.438
Idx1+ lookups: 27368780 11157488 3483291 1427862 403316 
2832025 2580000 98 4 w735629 r1875731 m1991321 f2013 r50016938 p500
 398201283=74740010+195716692+144423960 i138806529 u317259647 u0 t15.795
2842894 2590000 98 4 w790692 r2020184 m2141128 f2116 r52532658 p500
 399960875=75065982+196579442+145067439 i139439766 u318640489 u0 t8.854
Idx1+ lookups: 27751174 11281215 3544443 1468499 436160 
2853742 2600000 98 4 w848728 r2174411 m2300326 f2228 r54999972 p500
 401811634=75407233+197492344+145739777 i140109438 u320089620 u0 t11.769
2864632 2610000 98 4 w907218 r2330320 m2461120 f2343 r57416924 p500
 403667966=75750169+198409680+146411818 i140772185 u321552393 u0 t9.121
2875503 2620000 98 4 w971488 r2492604 m2628489 f2469 r60013037 p500
 405501187=76090975+199311909+147078283 i141432816 u322990797 u0 t12.481
Idx1+ lookups: 28140881 11397491 3602941 1508690 470267 
2886360 2630000 98 4 w1032269 r2655285 m2796017 f2585 r62468814 p500
 407318394=76428580+200209416+147736246 i142088111 u324416862 u0 t9.285
2897239 2640000 98 4 w1097932 r2821770 m2967426 f2713 r64953536 p500
 409133084=76766405+201102314+148395438 i142741396 u325840840 u0 t10.025
Idx1+ lookups: 28542557 11508070 3659797 1548062 502378 
2908079 2650000 98 4 w1164848 r2995515 m3146002 f2843 r67506910 p500
 410998892=77114178+202021249+149071777 i143410057 u327308479 u0 t19.764
2919336 2660000 98 4 w1238216 r3172384 m3327849 f2987 r70127946 p500
 412865095=77458535+202937691+149753790 i144069452 u328784539 u0 t10.081
Idx1+ lookups: 28948409 11612896 3716002 1585183 532121 
2930193 2670000 98 4 w1304423 r3351182 m3511329 f3121 r72577213 p500
 414758028=77807462+203871479+150441590 i144747840 u330273007 u0 t14.245
2941058 2680000 98 4 w1382961 r3539368 m3705025 f3272 r75356014 p500
 416562298=78141604+204760082+151097021 i145399252 u331687022 u0 t10.385
2951948 2690000 98 4 w1446642 r3713583 m3883322 f3401 r77556387 p500
 418394567=78482060+205663987+151760410 i146056237 u333128164 u0 t13.488
Idx1+ lookups: 29367722 11713144 3770465 1622826 562032 
2962792 2700000 98 4 w1525512 r3906474 m4081453 f3558 r80272482 p500
 420187245=78815085+206550897+152407374 i146703466 u334534181 u0 t11.286
2973731 2710000 98 4 w1601566 r4094867 m4274558 f3709 r82800779 p500
 421964447=79147445+207422084+153055205 i147339796 u335931829 u0 t22.213
Idx1+ lookups: 29800012 11809453 3824174 1659479 590739 
2984605 2720000 98 4 w1675401 r4284446 m4468768 f3858 r85251700 p500
 423762171=79480129+208299528+153716891 i147977463 u337350121 u0 t12.681
2995574 2730000 98 4 w1755206 r4477774 m4666802 f4019 r87786980 p500
 425541780=79809047+209170707+154369183 i148616170 u338747086 u0 t12.059
3006468 2740000 98 4 w1827003 r4669963 m4863212 f4162 r90104165 p500
 427360559=80145053+210063381+155033678 i149272164 u340171666 u0 t16.198
Idx1+ lookups: 30238672 11901064 3875873 1694974 618978 
3017345 2750000 98 4 w1905420 r4866210 m5064120 f4320 r92611455 p500
 429112466=80471448+210929421+155665389 i149903667 u341546841 u0 t14.003
3028291 2760000 98 4 w1995227 r5074774 m5277953 f4497 r95351393 p500
 430853628=80794053+211779723+156304391 i150534086 u342908083 u0 t12.272
Idx1+ lookups: 30683912 11989598 3925973 1730645 647566 
3039192 2770000 98 4 w2069970 r5264491 m5471733 f4648 r97617742 p500
 432538461=81107787+212604140+156920898 i151137560 u344232221 u0 t14.535
3050078 2780000 98 4 w2149500 r5461493 m5673263 f4808 r99985170 p500
 434247277=81429031+213437682+157545343 i151746826 u345577831 u0 t18.467
3060975 2790000 98 4 w2235350 r5671871 m5888450 f4980 r102558102 p500
 436026715=81761305+214309126+158194410 i152378476 u346981908 u0 t16.786
Idx1+ lookups: 31129608 12073764 3976416 1764760 675689 
3071909 2800000 98 4 w2318311 r5874427 m6095454 f5146 r104987983 p500
 437724222=82079132+215137533+158816103 i152984749 u348317459 u0 t11.136
3082762 2810000 98 4 w2399111 r6084875 m6310184 f5309 r107356041 p500
 439502098=82407520+216004295+159471644 i153623828 u349711399 u0 t15.541
Idx1+ lookups: 31590828 12154485 4024842 1799320 702442 
cache requests:  109545092, Misses: 6496398, Flush#: 5459
File page count: 245655
File page count: 0
3093667 2820000 98 3 w2065 r0 m0 f96 r0 p20
 441252475=82734828+216859883+160111731 i154251039 u351086311 u0 t13.617
3104606 2830000 98 3 w10215 r0 m0 f482 r0 p20
 443006883=83060939+217716620+160755196 i154870143 u352474337 u0 t25.35
3115556 2840000 98 3 w16147 r0 m0 f764 r0 p20
 444688481=83372733+218538469+161372236 i155447117 u353821243 u0 t13.491
Idx1+ lookups: 31674854 12495748 4123919 1855064 743361 46989 
3126447 2850000 98 3 w28633 r4564 m10559 f793 r1337699 p500
 446373566=83687025+219365885+161985484 i156025265 u355172116 u0 t15.471
3137354 2860000 98 4 w40701 r19239 m29435 f808 r2691062 p500
 448084410=84007360+220203015+162608631 i156618337 u356536605 u0 t14.418
Idx1+ lookups: 31859394 12773782 4212811 1906865 781439 86488 
3148306 2870000 98 4 w53096 r40369 m54612 f825 r4679624 p500
 449709146=84311145+221001359+163198792 i157188791 u357826556 u0 t14.87
3159170 2880000 98 4 w68010 r70204 m88666 f846 r6756277 p500
 451351882=84617909+221801999+163801990 i157765663 u359129077 u0 t14.886
3170031 2890000 98 4 w82627 r107045 m129406 f868 r8550305 p500
 453013492=84929203+222613413+164410040 i158349685 u360446554 u0 t13.601
Idx1+ lookups: 32091448 13012105 4295368 1956463 820094 124375 
3180938 2900000 98 4 w99676 r151358 m178180 f893 r10482113 p500
 454661681=85237778+223419314+165012236 i158934583 u361748001 u0 t15.234
3191816 2910000 98 4 w119568 r204372 m236459 f923 r12683513 p500
 456350591=85550949+224239011+165637741 i159528998 u363084863 u0 t14.739
3202736 2920000 98 4 w143069 r265276 m302879 f959 r14903044 p500
 458067183=85872730+225081734+166261324 i160141151 u364437642 u0 t15.528
Idx1+ lookups: 32352668 13222812 4372969 2004031 857438 160822 
3213588 2930000 98 4 w167254 r333269 m376170 f997 r17088079 p500
 459765403=86191157+225911227+166882779 i160747048 u365774495 u0 t16.862
3224450 2940000 98 4 w192555 r405177 m453201 f1038 r19206821 p500
 461458958=86506014+226744049+167499073 i161354239 u367105696 u0 t14.95
Idx1+ lookups: 32644734 13413656 4447368 2051103 892435 195469 
3235384 2950000 98 4 w222077 r485539 m539336 f1086 r21566842 p500
 463116228=86815090+227563975+168096159 i161949818 u368408896 u0 t17.563
3246267 2960000 98 4 w247307 r568294 m626092 f1129 r23465210 p500
 464858603=87140346+228419120+168730537 i162573972 u369779240 u0 t17.458
3257218 2970000 98 4 w281406 r661650 m724456 f1188 r25794400 p500
 466613074=87466190+229282067+169368910 i163201503 u371159844 u0 t16.425
Idx1+ lookups: 32961599 13586415 4518484 2095455 925955 228983 
3268155 2980000 98 4 w318229 r760393 m828675 f1252 r28327878 p500
 468268376=87775619+230093744+169972379 i163795342 u372460535 u0 t18.493
3278993 2990000 98 4 w346665 r855096 m927145 f1302 r30196780 p500
 469969715=88091511+230926039+170595817 i164402533 u373800269 u0 t15.585
Idx1+ lookups: 33297794 13744254 4587283 2138317 958867 260003 
3289873 3000000 98 4 w379579 r950912 m1027220 f1359 r32285615 p500
 471569970=88391941+231705539+171183343 i164965691 u375068545 u0 t17.836
3300770 3010000 98 4 w423643 r1061245 m1142749 f1437 r34701799 p500
 473233246=88702602+232525382+171785545 i165562791 u376376769 u0 t24.229
3311716 3020000 98 4 w458907 r1168708 m1254454 f1501 r36794039 p500
 474884704=89011906+233343669+172378776 i166159699 u377671657 u0 t18.262
Idx1+ lookups: 33647825 13894326 4652967 2181263 991360 289934 
3322684 3030000 98 4 w497767 r1277973 m1368221 f1574 r38878878 p500
 476508174=89314099+234142224+172968486 i166747812 u378942395 u0 t24.745
3333558 3040000 98 4 w539909 r1396498 m1491724 f1652 r41210512 p500
 478143366=89618548+234943979+173565228 i167336974 u380225343 u0 t18.625
3344467 3050000 98 4 w580742 r1509419 m1608714 f1728 r43169781 p500
 479740737=89918385+235729820+174143829 i167911502 u381480437 u0 t20.932
Idx1+ lookups: 34013161 14033292 4717807 2224515 1022732 318595 
3355390 3060000 98 4 w627121 r1635296 m1739548 f1813 r45502262 p500
 481413586=90230624+236550329+174753692 i168510415 u382796673 u0 t18.931
3366284 3070000 98 4 w674256 r1760484 m1869705 f1900 r47777422 p500
 482988960=90526560+237328756+175320755 i169076748 u384035150 u0 t21.574
3377177 3080000 98 4 w719713 r1885790 m1999246 f1987 r49837724 p500
 484606407=90828041+238120588+175912435 i169657011 u385305349 u0 t21.745
Idx1+ lookups: 34392360 14166767 4779806 2265079 1053808 346235 
3388055 3090000 98 4 w761580 r2005792 m2123172 f2066 r51712688 p500
 486152468=91119668+238885764+176466949 i170214017 u386520262 u0 t16.921
3398880 3100000 98 4 w817619 r2141979 m2264297 f2172 r54117320 p500
 487684763=91409430+239647791+177012102 i170769924 u387721243 u0 t22.548
Idx1+ lookups: 34780595 14290043 4840328 2305125 1085849 372667 
3409787 3110000 98 4 w862104 r2269829 m2396129 f2257 r56114119 p500
 489223743=91698454+240408490+177565964 i171325085 u388929296 u0 t17.899
3420708 3120000 98 4 w914263 r2406027 m2536339 f2360 r58245765 p500
 490782966=91991874+241181846+178124362 i171887946 u390153607 u0 t29.713
3431637 3130000 98 4 w968834 r2548245 m2683073 f2464 r60486410 p500
 492372061=92290972+241966929+178696725 i172463482 u391398408 u0 t26.002
Idx1+ lookups: 35180400 14408664 4899696 2343968 1117312 398579 
3442607 3140000 98 4 w1019734 r2681330 m2820213 f2564 r62488185 p500
 493867479=92576410+242705734+179231864 i173001133 u392574761 u0 t17.198
3453456 3150000 98 4 w1074187 r2825034 m2968047 f2671 r64649614 p500
 495418218=92870797+243475997+179783874 i173559647 u393794657 u0 t22.641
3464366 3160000 98 4 w1130506 r2970955 m3117941 f2785 r66792798 p500
 496965936=93164715+244245389+180334199 i174121003 u395007798 u0 t18.416
Idx1+ lookups: 35590135 14519873 4957002 2382167 1147346 423807 
3475266 3170000 98 4 w1183770 r3115234 m3265994 f2890 r68821233 p500
 498503481=93454655+245005791+180885711 i174679182 u396211357 u0 t24.835
3486141 3180000 98 4 w1245035 r3264156 m3419201 f3009 r71047826 p500
 499986498=93737190+245741376+181413852 i175212966 u397378498 u0 t18.04
3497008 3190000 98 4 w1298343 r3409876 m3568545 f3117 r73046474 p500
 501529487=94026056+246498293+181975369 i175764336 u398593594 u0 t22.28
Idx1+ lookups: 36009483 14625653 5012568 2419528 1176559 449184 
3507853 3200000 98 4 w1360574 r3566011 m3728964 f3243 r75282776 p500
 503046559=94315835+247250150+182516197 i176308210 u399788988 u0 t18.444
3518683 3210000 98 4 w1416890 r3717318 m3884179 f3361 r77334780 p500
 504564868=94603075+248002586+183059009 i176856669 u400981139 u0 t23.686
3529542 3220000 98 4 w1477857 r3874197 m4045043 f3485 r79423205 p500
 506086306=94893153+248756525+183601588 i177406542 u402175706 u0 t28.283
Idx1+ lookups: 36437357 14727323 5067683 2455962 1206256 475799 
3540480 3230000 98 4 w1538436 r4030474 m4205321 f3606 r81557242 p500
 507573435=95176490+249498789+184127119 i177945485 u403342925 u0 t24.534
3551409 3240000 98 4 w1613150 r4202583 m4381846 f3757 r83866545 p500
 509136904=95471887+250274207+184686052 i178511648 u404569595 u0 t27.311
3562370 3250000 98 4 w1669922 r4356263 m4539011 f3871 r85760937 p500
 510633889=95756816+251017114+185219210 i179053575 u405744043 u0 t18.589
Idx1+ lookups: 36875373 14824132 5121809 2492592 1234739 500250 
3573321 3260000 98 4 w1737560 r4526532 m4713521 f4008 r88040013 p500
 512154031=96046348+251771059+185761190 i179601928 u406938992 u0 t26.281
3584317 3270000 98 4 w1814188 r4707474 m4899025 f4158 r90431098 p500
 513711000=96340918+252547891+186312667 i180166082 u408160657 u0 t20.704
Idx1+ lookups: 37320701 14915941 5174449 2529003 1262859 523644 
3595165 3280000 98 4 w1868649 r4865138 m5059794 f4272 r92245396 p500
 515228612=96629800+253298990+186854771 i180714422 u409352417 u0 t23.734
3606131 3290000 98 4 w1947843 r5051894 m5251202 f4431 r94697549 p500
 516787712=96926491+254070286+187412396 i181273149 u410581237 u0 t21.417
3617031 3300000 98 4 w2012652 r5220017 m5423013 f4564 r96738304 p500
 518283261=97210191+254817319+187941237 i181816361 u411753946 u0 t30.397
Idx1+ lookups: 37770846 15005803 5226922 2564070 1290316 546800 
3627996 3310000 98 4 w2087853 r5403810 m5611123 f4714 r99037408 p500
 519803633=97499274+255577531+188477038 i182371653 u412943091 u0 t25.648
3638920 3320000 98 4 w2155399 r5582651 m5793662 f4851 r101104529 p500
 521375389=97793280+256352278+189045476 i182939773 u414175038 u0 t28.652
3649881 3330000 98 4 w2233275 r5766005 m5981236 f5007 r103349928 p500
 522880556=98076303+257096336+189586609 i183478146 u415361482 u0 t23.473
Idx1+ lookups: 38228464 15090841 5276169 2598551 1317530 570119 
3660867 3340000 98 4 w2315848 r5966481 m6186215 f5176 r105791754 p500
 524491379=98379942+257895171+190162867 i184062172 u416623776 u0 t21.474
3671820 3350000 98 4 w2387033 r6152035 m6375594 f5323 r107925072 p500
 526041380=98675689+258665765+190712311 i184623059 u417841213 u0 t24.649
3682790 3360000 98 4 w2476249 r6357305 m6585436 f5502 r110343150 p500
 527659222=98979781+259462353+191297318 i185204243 u419113102 u0 t29.875
cache requests:  110804063, Misses: 6623212, Flush#: 5531
File page count: 245402
File page count: 0
Idx1+ lookups: 38661013 15194555 5328873 2635443 1345012 593506 2927 
3693808 3370000 98 3 w5966 r0 m0 f280 r0 p20
 529325956=99293194+260282583+191900382 i185800512 u420425486 u0 t43.107
3704793 3380000 98 3 w12603 r0 m0 f595 r0 p20
 530943069=99597886+261085257+192478358 i186367971 u421712182 u0 t26.855
Idx1+ lookups: 38751200 15538354 5427241 2690633 1384090 626250 38779 
3715703 3390000 98 3 w23507 r1277 m4799 f787 r700850 p500
 532641482=99915490+261923870+193091543 i186950989 u423075135 u0 t28.822
3726649 3400000 98 3 w35619 r11430 m19547 f802 r2012602 p500
 534346388=100233856+262770855+193701866 i187548018 u424432348 u0 t27.836
3737635 3410000 98 4 w47427 r30965 m43501 f817 r3601079 p500
 536134448=100568655+263669932+194329472 i188175744 u425855912 u0 t28.484
Idx1+ lookups: 38935771 15816034 5515144 2742044 1419923 655529 71919 
3748614 3420000 98 4 w61757 r59999 m76978 f837 r5785931 p500
 537914058=100902015+264547436+194973273 i188801081 u427269311 u0 t28.113
3759597 3430000 98 4 w78922 r99267 m121017 f862 r8017666 p500
 539732180=101243537+265443050+195631087 i189449885 u428702619 u0 t29.297
Idx1+ lookups: 39168979 16053591 5596249 2790755 1454655 684778 104435 
3770552 3440000 98 4 w97606 r146555 m173289 f890 r10177224 p500
 541540317=101581938+266331153+196288296 i190099200 u430123657 u0 t29.66
3781517 3450000 98 4 w119098 r202261 m234361 f923 r12430762 p500
 543336930=101916523+267210385+196945560 i190738887 u431540461 u0 t29.152
3792483 3460000 98 4 w142041 r264532 m302083 f958 r14624938 p500
 545110407=102247719+268083312+197588580 i191387946 u432922671 u0 t29.191
Idx1+ lookups: 39431958 16263085 5675036 2842974 1488224 716138 132234 
3803443 3470000 98 4 w169170 r335619 m378937 f1002 r16978750 p500
 546863450=102576365+268956547+198213619 i192024590 u434296009 u0 t29.717
3814317 3480000 98 4 w195387 r410591 m459154 f1045 r19136874 p500
 548616328=102905067+269822518+198845460 i192656790 u435671887 u0 t28.025
Idx1+ lookups: 39721431 16452991 5748121 2889068 1521031 744781 159690 
3825200 3490000 98 4 w222500 r494541 m548566 f1090 r21437128 p500
 550364699=103231208+270687065+199476077 i193290102 u437041852 u0 t28.881
3836062 3500000 98 4 w253555 r581101 m640129 f1143 r23691134 p500
 552038919=103542921+271516200+200079385 i193902559 u438347771 u0 t26.719
3847051 3510000 98 4 w287197 r672316 m736040 f1201 r25906441 p500
 553738833=103859970+272354792+200694844 i194515965 u439681194 u0 t29.952
Idx1+ lookups: 40037379 16627618 5818852 2934351 1554042 772932 187549 
3857981 3520000 98 4 w321822 r774836 m843461 f1261 r28274915 p500
 555533138=104195870+273249795+201333950 i195172932 u441081425 u0 t31.081
3868919 3530000 98 4 w361047 r886094 m959953 f1330 r30784041 p500
 557372661=104540051+274170956+201984926 i195840669 u442523061 u0 t31.644
Idx1+ lookups: 40370957 16787748 5888209 2978072 1585919 800304 213374 
3879700 3540000 98 4 w399792 r997393 m1076086 f1399 r33094427 p500
 559174880=104876499+275068767+202628476 i196496790 u443932706 u0 t34.214
3890544 3550000 98 4 w445262 r1123182 m1207620 f1480 r35723239 p500
 561055077=105229291+276013658+203289337 i197177487 u445408901 u0 t40.584
3901420 3560000 98 4 w488355 r1245129 m1334588 f1557 r38078672 p500
 562858794=105565010+276912898+203933306 i197834452 u446819426 u0 t29.985
Idx1+ lookups: 40721051 16935707 5955737 3020989 1617219 826135 238139 
3912350 3570000 98 4 w537333 r1378588 m1473427 f1646 r40602856 p500
 564721760=105912497+277839367+204600662 i198509292 u448279526 u0 t31.917
3923255 3580000 98 4 w583450 r1510342 m1609942 f1731 r42956113 p500
 566536233=106252225+278740214+205250933 i199165045 u449702915 u0 t31.174
Idx1+ lookups: 41090958 17074203 6019080 3062442 1648018 851499 262390 
3934146 3590000 98 4 w635954 r1654864 m1760265 f1827 r45585200 p500
 568414549=106603188+279666112+205930557 i199843360 u451175367 u0 t32.033
3945058 3600000 98 4 w692206 r1800362 m1911163 f1931 r48152846 p500
 570254570=106948208+280576629+206591269 i200504829 u452621274 u0 t34.103
Idx1+ lookups: 41469131 17202812 6080047 3103129 1677894 876585 288760 
3955958 3610000 98 4 w748250 r1951004 m2066898 f2036 r50645316 p500
 572141867=107297481+281509367+207275346 i201190904 u454095990 u0 t32.536
3966817 3620000 98 4 w802882 r2100617 m2221431 f2140 r53064477 p500
 573970117=107641840+282420517+207926474 i201850072 u455530335 u0 t31.732
3977696 3630000 98 4 w866156 r2264857 m2391658 f2258 r55891909 p500
 575805448=107982976+283330153+208587374 i202515620 u456966996 u0 t33.309
Idx1+ lookups: 41862587 17323905 6140450 3143445 1707623 901200 311965 
3988551 3640000 98 4 w923425 r2422985 m2554244 f2369 r58170082 p500
 577705627=108334575+284265405+209279576 i203201070 u458456150 u0 t30.048
3999436 3650000 98 4 w988364 r2591170 m2727683 f2496 r60821067 p500
 579562654=108677005+285180148+209955784 i203875887 u459907318 u0 t45.464
Idx1+ lookups: 42266153 17439030 6197886 3182191 1736487 925085 335393 
4010266 3660000 98 4 w1052391 r2761265 m2902792 f2622 r63419861 p500
 581403607=109018526+286095150+210616435 i204547432 u461345048 u0 t37.377
4021082 3670000 98 4 w1122230 r2938200 m3084862 f2759 r66062628 p500
 583240993=109359018+287005077+211279585 i205218660 u462778358 u0 t33.761
Idx1+ lookups: 42684823 17548531 6254998 3220483 1766082 949903 359359 
4031936 3680000 98 4 w1190642 r3118505 m3270075 f2895 r68647809 p500
 585155368=109713677+287951495+211971670 i205911921 u464276756 u0 t34.266
4042723 3690000 98 4 w1261500 r3303568 m3460108 f3035 r71255332 p500
 587038338=110063444+288882903+212652051 i206596596 u465748043 u0 t35.684
4053582 3700000 98 4 w1337664 r3493555 m3655301 f3186 r73988136 p500
 588932135=110417322+289824565+213331268 i207283145 u467229508 u0 t34.078
Idx1+ lookups: 43109093 17652360 6309392 3259144 1794262 973547 379907 
4064959 3710000 98 4 w1413590 r3685211 m3851891 f3337 r76601926 p500
 590833836=110769103+290768846+214014935 i207960491 u468730395 u0 t34.012
4075764 3720000 98 4 w1484535 r3875227 m4046508 f3481 r79140724 p500
 592687604=111114214+291684210+214686258 i208631763 u470182560 u0 t47.244
Idx1+ lookups: 43541166 17750610 6362543 3295463 1822509 996565 401786 
4086632 3730000 98 4 w1563187 r4070138 m4246483 f3639 r81770709 p500
 594516201=111454579+292586097+215349182 i209296437 u471611575 u0 t34.193
4097561 3740000 98 4 w1644723 r4271148 m4452365 f3803 r84465962 p500
 596344284=111792862+293482665+216017659 i209962739 u473037099 u0 t34.778
Idx1+ lookups: 43986811 17846441 6414994 3331389 1850837 1019206 422053 
4108439 3750000 98 4 w1717515 r4467465 m4653069 f3950 r86901827 p500
 598193673=112136711+294395739+216687720 i210639655 u474477733 u0 t34.067
4119319 3760000 98 4 w1807144 r4680860 m4871884 f4128 r89766069 p500
 600031342=112478174+295302182+217354611 i211306868 u475914445 u0 t34.835
4130276 3770000 98 4 w1888444 r4878553 m5074239 f4293 r92266161 p500
 601775420=112803457+296161714+217986977 i211940556 u477277889 u0 t38.991
Idx1+ lookups: 44436891 17938703 6467029 3367168 1878168 1041916 442403 
4141183 3780000 98 4 w1964729 r5080137 m5280393 f4448 r94704683 p500
 603575343=113140168+297048522+218638665 i212594896 u478685070 u0 t39.035
4152093 3790000 98 4 w2049016 r5287213 m5492152 f4618 r97219547 p500
 605357888=113473027+297929805+219281395 i213243252 u480078797 u0 t34.818
Idx1+ lookups: 44894770 18027068 6517615 3402584 1904644 1064412 462459 
4162989 3800000 98 4 w2137869 r5510324 m5720441 f4799 r99977345 p500
 607225564=113819520+298845200+219964243 i213916790 u481542639 u0 t35.04
4173910 3810000 98 4 w2230855 r5731538 m5946642 f4985 r102692833 p500
 609011404=114151393+299726941+220611152 i214569470 u482934920 u0 t33.904
4184895 3820000 98 4 w2306706 r5940320 m6159509 f5141 r105020861 p500
 610800344=114485341+300612280+221255876 i215221580 u484332218 u0 t39.889
Idx1+ lookups: 45359624 18112513 6566539 3436843 1932074 1086257 482121 
4195828 3830000 98 4 w2400115 r6162300 m6386476 f5326 r107704681 p500
 612539294=114810261+301475332+221879618 i215852249 u485694220 u0 t44.479
4206739 3840000 98 4 w2491211 r6384567 m6613440 f5508 r110281262 p500
 614314267=115140779+302354612+222518823 i216501956 u487077565 u0 t31.481
cache requests:  110486696, Misses: 6631500, Flush#: 5516
File page count: 245621
File page count: 0
Idx1+ lookups: 45724098 18270437 6629815 3477088 1961807 1110816 503263 8882 
4217677 3850000 98 3 w6998 r0 m0 f328 r0 p20
 616056393=115465149+303220049+223144048 i217135393 u488440104 u0 t43.179
4228607 3860000 98 3 w15693 r0 m0 f741 r0 p20
 617780283=115785327+304072285+223767062 i217740779 u489808966 u0 t37.735
4239510 3870000 98 3 w26781 r3018 m7933 f791 r1109949 p500
 619481410=116103114+304913123+224380691 i218333430 u491164818 u0 t35.104
Idx1+ lookups: 45847316 18599403 6726407 3532589 2000380 1140799 529209 41569 
4250423 3880000 98 4 w37380 r15717 m24835 f804 r2446826 p500
 621184395=116420732+305757681+224992434 i218942771 u492506749 u0 t34.835
4261357 3890000 98 4 w50783 r38455 m52153 f822 r4681296 p500
 622866150=116736173+306595185+225591185 i219537905 u493839565 u0 t33.917
Idx1+ lookups: 46053069 18868534 6812634 3584071 2036478 1168251 552721 69957 
4272391 3900000 98 4 w66648 r69351 m87419 f844 r6831352 p500
 624582776=117063230+307431520+226220077 i220143924 u495197174 u0 t34.567
4283314 3910000 98 4 w82557 r108186 m130468 f868 r8780402 p500
 626316809=117388789+308283692+226848748 i220767106 u496559278 u0 t34.293
4294200 3920000 98 4 w100280 r155879 m183146 f894 r10975020 p500
 628000607=117704520+309113782+227457481 i221369433 u497885311 u0 t34.044
Idx1+ lookups: 46298951 19100596 6892261 3632240 2070855 1195703 576225 98576 
4305160 3930000 98 4 w121388 r210820 m243237 f926 r13099639 p500
 629680550=118020474+309942049+228064086 i221976254 u499202700 u0 t34.07
4316083 3940000 98 4 w142055 r270918 m308202 f958 r15124246 p500
 631336621=118335147+310758075+228660128 i222573039 u500503136 u0 t32.911
Idx1+ lookups: 46579987 19307562 6968267 3678816 2104451 1222170 599450 124012 
4326986 3950000 98 4 w168004 r344091 m387284 f999 r17553854 p500
 633109752=118668577+311623477+229309206 i223206595 u501898686 u0 t38.183
4337955 3960000 98 4 w193254 r415527 m463683 f1040 r19598629 p500
 634733449=118976112+312418072+229899381 i223787205 u503176770 u0 t41.838
4348836 3970000 98 4 w216445 r492114 m544771 f1078 r21597096 p500
 636358243=119284193+313221032+230482160 i224373196 u504453302 u0 t43.518
Idx1+ lookups: 46885291 19494110 7041270 3723898 2137067 1247567 620906 149776 
4359757 3980000 98 4 w248306 r577677 m635439 f1131 r23893762 p500
 637990593=119592004+314032767+231064132 i224968641 u505729673 u0 t36.162
4370729 3990000 98 4 w280396 r666360 m728612 f1187 r26042729 p500
 639610609=119898014+314835811+231643448 i225555809 u506999419 u0 t34.92
4381681 4000000 98 4 w307460 r757291 m823756 f1236 r28051900 p500
 641248980=120207297+315649801+232227712 i226152808 u508280883 u0 t35.705
Idx1+ lookups: 47215215 19664777 7111680 3768091 2169837 1274018 644434 173644 
4392555 4010000 98 4 w344219 r856092 m927178 f1300 r30288996 p500
 642894024=120516993+316463410+232818933 i226746399 u509572152 u0 t35.127
4403440 4020000 98 4 w379340 r957492 m1033222 f1362 r32510316 p500
 644498391=120818366+317255235+233397762 i227331316 u510825407 u0 t35.255
4414465 4030000 98 4 w412998 r1057419 m1137213 f1422 r34471521 p500
 646078541=121116959+318037773+233963291 i227905326 u512062542 u0 t32.984
Idx1+ lookups: 47564317 19823284 7180395 3811427 2201051 1298507 665753 197882 
4425446 4040000 98 4 w450902 r1165414 m1250133 f1492 r36780557 p500
 647667613=121417274+318827936+234528924 i228483104 u513307452 u0 t33.813
4436408 4050000 98 4 w492981 r1278961 m1368321 f1569 r38960533 p500
 649287197=121723231+319627528+235111860 i229074490 u514571823 u0 t34.235
Idx1+ lookups: 47930124 19970073 7247858 3855228 2232340 1323522 687647 219909 
4447331 4060000 98 4 w530130 r1392160 m1485699 f1638 r41012341 p500
 650889059=122025362+320424945+235681771 i229661422 u515822197 u0 t33.511
4458226 4070000 98 4 w573265 r1511374 m1609681 f1716 r43245285 p500
 652500798=122327951+321219556+236263716 i230243839 u517086468 u0 t34.197
4469117 4080000 98 4 w621180 r1635341 m1738482 f1805 r45502175 p500
 654117208=122634434+322021328+236842110 i230832066 u518350815 u0 t41.486
Idx1+ lookups: 48307958 20106242 7311880 3896634 2263314 1348089 708700 240933 
4480047 4090000 98 4 w665544 r1763215 m1870896 f1887 r47689963 p500
 655764591=122944187+322838288+237433004 i231435098 u519636426 u0 t40.898
4490942 4100000 98 4 w713691 r1892535 m2005117 f1977 r49955894 p500
 657357971=123245762+323625401+238004550 i232014280 u520883442 u0 t33.764
4501893 4110000 98 4 w761614 r2022172 m2139170 f2067 r52130558 p500
 658922197=123540591+324395058+238569568 i232577820 u522111615 u0 t34.086
Idx1+ lookups: 48696810 20235131 7373989 3936062 2293580 1371701 729970 260498 
4512866 4120000 98 4 w806482 r2148708 m2269686 f2153 r54106452 p500
 660479016=123835502+325163882+239128274 i233140542 u523333528 u0 t33.599
4523822 4130000 98 4 w862004 r2289705 m2415413 f2259 r56476840 p500
 662062225=124132870+325946746+239697200 i233713317 u524575226 u0 t33.595
Idx1+ lookups: 49100049 20358135 7433918 3976280 2323665 1394647 749793 280807 
4534728 4140000 98 4 w913279 r2428109 m2558011 f2356 r58634278 p500
 663638742=124430770+326729663+240259282 i234288580 u525807844 u0 t33.365
4545718 4150000 98 4 w962066 r2564983 m2698886 f2451 r60676316 p500
 665184559=124723431+327491058+240816346 i234847128 u527020204 u0 t35.536
4556635 4160000 98 4 w1013163 r2704197 m2842136 f2551 r62774185 p500
 666724896=125014813+328249950+241371932 i235404540 u528227392 u0 t32.968
Idx1+ lookups: 49512531 20474599 7492656 4014403 2353063 1417924 770165 300805 
4567595 4170000 98 4 w1070935 r2847917 m2990155 f2664 r65009545 p500
 668221876=125298920+328993448+241904696 i235950382 u529398323 u0 t42.794
4578516 4180000 98 4 w1122781 r2989838 m3135932 f2768 r67092048 p500
 669748291=125588065+329746881+242452828 i236502531 u530595165 u0 t36.943
4589453 4190000 98 4 w1178930 r3139508 m3289538 f2878 r69166491 p500
 671330200=125884464+330528880+243022357 i237069639 u531840281 u0 t33.661
Idx1+ lookups: 49938022 20582700 7549475 4051462 2382400 1441006 790468 319429 
4600387 4200000 98 4 w1233984 r3284178 m3437959 f2986 r71206820 p500
 672841457=126170447+331272719+243567920 i237616522 u533024755 u0 t32.91
4611320 4210000 98 4 w1294276 r3436661 m3594713 f3107 r73494432 p500
 674271342=126443344+331986475+244072288 i238139403 u534142696 u0 t32.406
4622248 4220000 98 4 w1348906 r3583126 m3744643 f3215 r75430797 p500
 675768866=126727194+332732126+244603872 i238687757 u535312295 u0 t33.833
Idx1+ lookups: 50372864 20688374 7605543 4089205 2411420 1463447 810096 338993 
4633106 4230000 98 4 w1413516 r3743174 m3909016 f3343 r77690656 p500
 677254562=127008907+333473618+245129353 i239230807 u536474020 u0 t33.39
4644049 4240000 98 4 w1471056 r3897709 m4067248 f3458 r79707537 p500
 678789682=127298808+334236870+245676237 i239789730 u537675360 u0 t36.236
4655040 4250000 98 4 w1541878 r4064987 m4238991 f3601 r82060196 p500
 680281239=127580915+334976354+246209323 i240332113 u538843466 u0 t44.591
Idx1+ lookups: 50813035 20788234 7660013 4125285 2440239 1485688 830386 357377 
4665924 4260000 98 4 w1594898 r4218694 m4396138 f3710 r83937835 p500
 681806476=127870163+335730918+246756120 i240885671 u540038223 u0 t32.45
4676832 4270000 98 4 w1657534 r4382176 m4563554 f3837 r86079687 p500
 683292406=128154029+336468642+247284731 i241426177 u541201744 u0 t34.183
4687741 4280000 98 4 w1732995 r4556789 m4742627 f3992 r88483711 p500
 684782466=128438396+337209726+247812683 i241967904 u542369657 u0 t31.1
Idx1+ lookups: 51260523 20884966 7714929 4161552 2468843 1508398 849516 375308 
4698685 4290000 98 4 w1782936 r4706601 m4895354 f4095 r90195461 p500
 686230443=128714346+337929525+248326580 i242498805 u543499697 u0 t31.869
4709603 4300000 98 4 w1859440 r4889411 m5082562 f4248 r92616809 p500
 687776961=129005595+338695464+248881419 i243057566 u544713690 u0 t35.819
4720503 4310000 98 4 w1928826 r5062957 m5260173 f4388 r94763852 p500
 689305513=129294522+339455743+249425651 i243613641 u545910534 u0 t36.925
Idx1+ lookups: 51714866 20976056 7766977 4196605 2496404 1531012 869844 392530 
4731420 4320000 98 4 w1999804 r5242468 m5443810 f4532 r96995425 p500
 690838489=129585490+340222210+249966865 i244177353 u547105873 u0 t45.629
4742321 4330000 98 4 w2074374 r5427314 m5632844 f4683 r99259552 p500
 692372936=129875041+340985892+250512936 i244735839 u548306932 u0 t33.28
4753259 4340000 98 4 w2145126 r5610886 m5820346 f4829 r101424577 p500
 693933983=130169722+341760275+251070905 i245306470 u549525814 u0 t34.695
Idx1+ lookups: 52178633 21063825 7817029 4231141 2524008 1552908 888622 410460 
4764201 4350000 98 4 w2218431 r5797939 m6011382 f4976 r103665158 p500
 695518181=130470697+342563167+251617555 i245873629 u550777873 u0 t34.279
4775138 4360000 98 4 w2305161 r5999157 m6217344 f5152 r106155340 p500
 697115979=130774356+343363045+252183206 i246450586 u552031251 u0 t38.938
Idx1+ lookups: 52643500 21148658 7866521 4265282 2550615 1574228 907445 427103 
4786096 4370000 98 4 w2378340 r6191223 m6413336 f5300 r108353723 p500
 698712191=131077759+344159965+252749920 i247027565 u553282316 u0 t40.049
4797101 4380000 98 4 w2465314 r6393350 m6619746 f5476 r110722788 p500
 700285140=131376883+344950401+253303084 i247602104 u554510438 u0 t45.831
cache requests:  111929998, Misses: 6728386, Flush#: 5549
File page count: 244976
File page count: 0
4808087 4390000 98 3 w3211 r0 m0 f150 r0 p20
 701923858=131688223+345766395+253887645 i248192434 u555796220 u0 t41.916
Idx1+ lookups: 52953274 21345622 7936124 4307572 2582506 1598722 929093 446254 11620 
4819049 4400000 98 3 w11144 r0 m0 f526 r0 p20
 703588559=132001060+346594542+254481226 i248782663 u557114474 u0 t44.695
4830048 4410000 98 3 w19492 r150 m1786 f783 r307451 p500
 705237286=132313733+347422984+255062153 i249353557 u558432678 u0 t41.369
4841026 4420000 98 3 w31550 r7350 m14186 f797 r1603739 p500
 706883855=132621553+348235639+255656998 i249930159 u559742474 u0 t39.694
Idx1+ lookups: 53094525 21668397 8030152 4360776 2620269 1627423 952941 468348 37405 
4852001 4430000 98 4 w43355 r23611 m34487 f812 r3054327 p500
 708503947=132926000+349038854+256238103 i250506190 u561023245 u0 t38.65
4862997 4440000 98 4 w56345 r48048 m62954 f830 r5061116 p500
 710198147=133242922+349878475+256847265 i251105665 u562364621 u0 t40.085
Idx1+ lookups: 53310792 21935992 8115569 4410058 2655572 1654833 976346 488786 60446 
4873904 4450000 98 4 w72296 r83067 m102390 f853 r7247488 p500
 711861369=133556425+350703266+257442648 i251699813 u563677233 u0 t39.634
4884867 4460000 98 4 w89041 r125133 m149111 f877 r9326579 p500
 713566497=133875142+351543457+258060404 i252307304 u565022610 u0 t40.43
4895781 4470000 98 4 w105128 r173743 m202346 f901 r11292993 p500
 715273745=134196295+352390683+258673726 i252917328 u566366355 u0 t40.598
Idx1+ lookups: 53562148 22164085 8194792 4458504 2689809 1682022 998395 509475 82424 
4906756 4480000 98 4 w128162 r234663 m268884 f936 r13637503 p500
 717082923=134534633+353283574+259330308 i253560623 u567792356 u0 t43.072
4917771 4490000 98 4 w155616 r307538 m347922 f978 r16118209 p500
 718926275=134875090+354186663+260006475 i254225810 u569236230 u0 t44.381
Idx1+ lookups: 53845522 22364850 8269080 4505840 2722959 1708458 1018978 529405 103830 
4928768 4500000 98 4 w180977 r382197 m427567 f1019 r18243403 p500
 720744039=135213576+355074562+260673297 i254881864 u570660558 u0 t43.2
4939756 4510000 98 4 w209644 r466389 m517849 f1067 r20759152 p500
 722515561=135542131+355944356+261319964 i255527582 u572043040 u0 t43.474
4950853 4520000 98 4 w239139 r553938 m610316 f1116 r22990866 p500
 724341155=135879658+356834075+261993496 i256191537 u573467303 u0 t43.296
Idx1+ lookups: 54149770 22548366 8341830 4552877 2755293 1734493 1040110 549928 125079 
4961839 4530000 98 4 w272933 r648257 m709769 f1174 r25371707 p500
 726080472=136200997+357687937+262628770 i256825143 u574825008 u0 t44.431
4972832 4540000 98 4 w305607 r747130 m813635 f1231 r27688102 p500
 727843511=136527190+358550640+263275298 i257463846 u576203535 u0 t55.979
Idx1+ lookups: 54484180 22715582 8410097 4598333 2787735 1760968 1060457 570272 145717 
4983782 4550000 98 4 w344409 r852157 m924002 f1298 r30195472 p500
 729544168=136843990+359384418+263896014 i258087153 u577527432 u0 t49.888
4994759 4560000 98 4 w380029 r958588 m1034859 f1360 r32404716 p500
 731263850=137165703+360237314+264512469 i258719446 u578866479 u0 t40.364
5005677 4570000 98 4 w415666 r1065390 m1145839 f1425 r34474492 p500
 732955704=137481293+361068442+265127825 i259339416 u580183896 u0 t39.783
Idx1+ lookups: 54836072 22871196 8477704 4642521 2818767 1787021 1081224 589720 165501 
5016605 4580000 98 4 w461596 r1187250 m1273128 f1507 r37043797 p500
 734715404=137809281+361939611+265761654 i259985431 u581553927 u0 t44.9
5027569 4590000 98 4 w503607 r1312348 m1403295 f1583 r39448325 p500
 736496891=138141148+362813409+266411697 i260634740 u582943876 u0 t43.987
Idx1+ lookups: 55203916 23016270 8542507 4684328 2850211 1812173 1101545 609898 184975 
5038460 4600000 98 4 w543538 r1430349 m1525782 f1657 r41579176 p500
 738152221=138451437+363633981+267005860 i261242978 u584232864 u0 t40.956
5049344 4610000 98 4 w595674 r1565011 m1665727 f1753 r44115430 p500
 739901180=138778127+364497546+267637136 i261882947 u585596700 u0 t43.949
5060214 4620000 98 4 w638730 r1696491 m1801810 f1833 r46339236 p500
 741627386=139101660+365357193+268252786 i262521892 u586937452 u0 t43.804
Idx1+ lookups: 55589768 23153655 8605906 4726311 2880873 1836370 1121895 628240 205035 
5071166 4630000 98 4 w692329 r1836057 m1946463 f1932 r48754885 p500
 743369554=139427389+366217351+268881825 i263156326 u588298875 u0 t46.541
5082077 4640000 98 4 w743698 r1977456 m2092832 f2028 r51119753 p500
 745095325=139750598+367074498+269498999 i263789743 u589643076 u0 t58.618
Idx1+ lookups: 55984641 23281552 8667101 4766666 2911712 1860682 1142046 645976 223037 
5092952 4650000 98 4 w803903 r2131191 m2252010 f2142 r53782588 p500
 746845262=140076115+367946151+270124959 i264428629 u591009791 u0 t47.791
5103888 4660000 98 4 w856886 r2286416 m2411952 f2245 r56163081 p500
 748674013=140416913+368851068+270784379 i265096654 u592436903 u0 t44.157
5114792 4670000 98 4 w915558 r2440432 m2570831 f2358 r58659891 p500
 750401820=140740385+369708924+271403375 i265726196 u593786920 u0 t45.169
Idx1+ lookups: 56393447 23403081 8727283 4805891 2941509 1884089 1161504 662942 239926 
5125741 4680000 98 4 w977113 r2598914 m2734130 f2479 r61112584 p500
 752125361=141064665+370568288+272016064 i266354949 u595134607 u0 t43.15
5136717 4690000 98 4 w1038322 r2761094 m2900992 f2599 r63531107 p500
 753880064=141391180+371440625+272644618 i266998904 u596501674 u0 t44.306
Idx1+ lookups: 56810624 23517634 8785567 4845840 2970342 1907862 1181026 680655 256713 
5147654 4700000 98 4 w1097587 r2926589 m3071089 f2717 r65945627 p500
 755634556=141719120+372312217+273272903 i267643213 u597867911 u0 t43.762
5158619 4710000 98 4 w1165456 r3097534 m3246811 f2849 r68470924 p500
 757408019=142049898+373189079+273912892 i268290001 u599252540 u0 t53.358
5169534 4720000 98 4 w1228956 r3268182 m3422036 f2977 r70852292 p500
 759157936=142381060+374057173+274537349 i268929382 u600618530 u0 t55.389
Idx1+ lookups: 57239632 23626030 8841344 4884085 2998535 1931178 1200429 697664 273383 
5180402 4730000 98 4 w1295013 r3446738 m3605295 f3109 r73365459 p500
 760934638=142713425+374939858+275173401 i269579146 u602005078 u0 t44.381
5191291 4740000 98 4 w1367930 r3632006 m3795225 f3255 r75851283 p500
 762764624=143052784+375847014+275832696 i270247493 u603432909 u0 t45.456
Idx1+ lookups: 57677440 23729173 8896561 4921613 3027028 1953992 1219232 715179 289503 
5202167 4750000 98 4 w1444169 r3823468 m3991753 f3405 r78579366 p500
 764567212=143388196+376735603+276485904 i270907448 u604836618 u0 t46.91
5213037 4760000 98 4 w1519288 r4015945 m4188871 f3556 r81105145 p500
 766393255=143725540+377632062+277154070 i271571003 u606262984 u0 t44.402
5223884 4770000 98 4 w1592247 r4204163 m4381669 f3702 r83577835 p500
 768165040=144057586+378508123+277791658 i272217594 u607645791 u0 t44.476
Idx1+ lookups: 58123385 23827729 8949523 4958103 3055036 1976618 1238511 731449 305614 
5234779 4780000 98 4 w1675682 r4402565 m4585104 f3868 r86280925 p500
 769872868=144376131+379358928+278401058 i272851796 u608969052 u0 t61.747
5245825 4790000 98 4 w1743811 r4591362 m4778023 f4009 r88599841 p500
 771646093=144703231+380233350+279045473 i273499909 u610350910 u0 t45.432
Idx1+ lookups: 58580767 23922071 9001354 4994908 3082737 1998569 1257098 748102 322244 
5256768 4800000 98 4 w1831654 r4804412 m4996589 f4186 r91475882 p500
 773440371=145035113+381119818+279695673 i274156331 u611749079 u0 t46.694
5267626 4810000 98 4 w1908926 r5003460 m5200017 f4342 r93888881 p500
 775208045=145364275+381993632+280333622 i274807811 u613122244 u0 t45.185
5278527 4820000 98 4 w1990927 r5203647 m5404827 f4504 r96391940 p500
 776899703=145680955+382828917+280943941 i275426088 u614441795 u0 t44.703
Idx1+ lookups: 59044284 24012527 9052630 5030300 3109474 2020388 1275572 764647 337594 
5289476 4830000 98 4 w2071903 r5410860 m5616729 f4665 r98932553 p500
 778650170=146005325+383687156+281583824 i276067221 u615803574 u0 t58.821
5300488 4840000 98 4 w2149415 r5610167 m5820338 f4822 r101301818 p500
 780330080=146318545+384517628+282189741 i276685020 u617109821 u0 t50.11
Idx1+ lookups: 59515828 24099272 9103662 5065408 3136903 2041869 1294396 780683 352593 
5311384 4850000 98 4 w2237307 r5822015 m6036935 f5002 r103897565 p500
 782036545=146636438+385361708+282805294 i277311071 u618438760 u0 t44.285
5322312 4860000 98 4 w2321458 r6034196 m6253517 f5168 r106377773 p500
 783786925=146961814+386226328+283438611 i277950798 u619803860 u0 t47.067
5333136 4870000 98 4 w2414002 r6261968 m6486127 f5356 r109067097 p500
 785593111=147297767+387117255+284092723 i278612266 u621210174 u0 t47.034
Idx1+ lookups: 59994701 24183580 9151752 5101616 3163344 2062660 1312190 796434 367906 
5344051 4880000 98 4 w2503165 r6485448 m6714228 f5536 r111645920 p500
 787354037=147624946+387984692+284732424 i279256561 u622582126 u0 t45.019
cache requests:  111772782, Misses: 6728008, Flush#: 5544
File page count: 245359
File page count: 0
5354961 4890000 98 3 w7666 r0 m0 f361 r0 p20
 789116732=147953500+388852388+285372395 i279895875 u623961123 u0 t73.13
Idx1+ lookups: 60219782 24438914 9232327 5149422 3197427 2089415 1333981 814715 384958 18675 
5365866 4900000 98 3 w15749 r0 m0 f745 r0 p20
 790874886=148280101+389715570+286013641 i280506405 u625362925 u0 t60.369
Total lines processed: 4909925
Block Count:1, 255
Avg Block Count:1102308
Avg Max Count:0, 10140, 98
Block Count:157, 20874
Avg Block Count:85
Avg Max Count:196, 156, 66
BloomFilter
    bits: 155880605
    estimated elements: 25000000
    number hashes: 4
    max false positive rate: 0.050000
    bloom length (8 bits): 19485076
    elements added: 1777375
    estimated elements added: 1777292
    current false positive rate: 0.000004
    export size (bytes): 19485096
    number bits set: 6949495
    is on disk: yes
Block Count:0, 1
Avg Block Count:0
Avg Max Count:0, 0, 0
BloomFilter
    bits: 155880605
    estimated elements: 25000000
    number hashes: 4
    max false positive rate: 0.050000
    bloom length (8 bits): 19485076
    elements added: 25000000
    estimated elements added: 24997358
    current false positive rate: 0.050269
    export size (bytes): 19485096
    number bits set: 73804944
    is on disk: yes
Block Count:0, 1
Avg Block Count:0
Avg Max Count:0, 0, 0
BloomFilter
    bits: 155880605
    estimated elements: 25000000
    number hashes: 4
    max false positive rate: 0.050000
    bloom length (8 bits): 19485076
    elements added: 25000000
    estimated elements added: 25001667
    current false positive rate: 0.050269
    export size (bytes): 19485096
    number bits set: 73814018
    is on disk: yes
Block Count:0, 1
Avg Block Count:0
Avg Max Count:0, 0, 0
BloomFilter
    bits: 155880605
    estimated elements: 25000000
    number hashes: 4
    max false positive rate: 0.050000
    bloom length (8 bits): 19485076
    elements added: 25000000
    estimated elements added: 24998951
    current false positive rate: 0.050269
    export size (bytes): 19485096
    number bits set: 73808299
    is on disk: yes
Block Count:0, 1
Avg Block Count:0
Avg Max Count:0, 0, 0
BloomFilter
    bits: 155880605
    estimated elements: 25000000
    number hashes: 4
    max false positive rate: 0.050000
    bloom length (8 bits): 19485076
    elements added: 25000000
    estimated elements added: 24998612
    current false positive rate: 0.050269
    export size (bytes): 19485096
    number bits set: 73807584
    is on disk: yes
Block Count:0, 1
Avg Block Count:0
Avg Max Count:0, 0, 0
BloomFilter
    bits: 155880605
    estimated elements: 25000000
    number hashes: 4
    max false positive rate: 0.050000
    bloom length (8 bits): 19485076
    elements added: 25000000
    estimated elements added: 24999050
    current false positive rate: 0.050269
    export size (bytes): 19485096
    number bits set: 73808508
    is on disk: yes
Block Count:0, 1
Avg Block Count:0
Avg Max Count:0, 0, 0
BloomFilter
    bits: 155880605
    estimated elements: 25000000
    number hashes: 4
    max false positive rate: 0.050000
    bloom length (8 bits): 19485076
    elements added: 25000000
    estimated elements added: 25000554
    current false positive rate: 0.050269
    export size (bytes): 19485096
    number bits set: 73811675
    is on disk: yes
Block Count:0, 1
Avg Block Count:0
Avg Max Count:0, 0, 0
BloomFilter
    bits: 155880605
    estimated elements: 25000000
    number hashes: 4
    max false positive rate: 0.050000
    bloom length (8 bits): 19485076
    elements added: 25000000
    estimated elements added: 24999631
    current false positive rate: 0.050269
    export size (bytes): 19485096
    number bits set: 73809731
    is on disk: yes
Block Count:0, 1
Avg Block Count:0
Avg Max Count:0, 0, 0
BloomFilter
    bits: 155880605
    estimated elements: 25000000
    number hashes: 4
    max false positive rate: 0.050000
    bloom length (8 bits): 19485076
    elements added: 25000000
    estimated elements added: 24999532
    current false positive rate: 0.050269
    export size (bytes): 19485096
    number bits set: 73809523
    is on disk: yes
Block Count:0, 1
Avg Block Count:0
Avg Max Count:0, 0, 0
BloomFilter
    bits: 155880605
    estimated elements: 25000000
    number hashes: 4
    max false positive rate: 0.050000
    bloom length (8 bits): 19485076
    elements added: 25000000
    estimated elements added: 24998568
    current false positive rate: 0.050269
    export size (bytes): 19485096
    number bits set: 73807493
    is on disk: yes
Level Count:2
Level Count:3
Level Count:1
Level Count:1
Level Count:1
Level Count:1
Level Count:1
Level Count:1
Level Count:1
Level Count:1
Level Count:1
5667845 4
3064632 4
Max word len: 98
Total words generated: 792551052
Words inserted 281088540
Words updated: 626700587
cache requests:  0, Misses: 0, Flush#: 12
cache requests:  1042912, Misses: 7797, Flush#: 790
cache requests:  100230271, Misses: 33565985, Flush#: 0
cache requests:  49565337, Misses: 17454911, Flush#: 0
cache requests:  33389047, Misses: 12049410, Flush#: 0
cache requests:  24103197, Misses: 8808041, Flush#: 0
cache requests:  17608674, Misses: 6488880, Flush#: 0
cache requests:  12364744, Misses: 4573695, Flush#: 0
cache requests:  7961200, Misses: 2946838, Flush#: 0
cache requests:  3955026, Misses: 1453986, Flush#: 0
cache requests:  237672, Misses: 82543, Flush#: 0
OUBLK INBLK
    -     -
rchar: 682862534047
wchar: 92955135715
syscr: 369872555
syscw: 248983264
read_bytes: 138880716800
write_bytes: 93588283392
cancelled_write_bytes: 0
271248488
182789616
