Csz: 64, pgsz: 4096
File page count: 0
File page count: 0
10988 10000 60 1 w0 r0 m0 f0 r0 p20
 1502009=280567+736357+547318 i721658 u998423 u0 t1.552
22023 20000 60 1 w0 r0 m0 f0 r0 p20
 2970299=556558+1459020+1077812 i1299209 u2102895 u0 t1.704
33024 30000 60 3 w339 r0 m0 f16 r0 p20
 4455591=837142+2190955+1612898 i1852406 u3251560 u0 t1.8
44043 40000 66 3 w11260 r0 m0 f535 r0 p20
 6021768=1126498+2950354+2194339 i2414024 u4480687 u0 t2.448
55121 50000 66 4 w22422 r13581 m19589 f780 r1651947 p2000
 7457432=1399039+3657323+2711810 i2938993 u5601099 u0 t2.385
66115 60000 66 4 w26393 r70308 m80287 f780 r4238020 p2000
 8882525=1666288+4349737+3237298 i3449378 u6721167 u0 t2.314
77117 70000 66 4 w29787 r147497 m160870 f780 r7101651 p2000
 10323681=1938542+5063745+3753209 i3971901 u7850889 u0 t2.517
88102 80000 66 4 w32241 r231002 m246829 f780 r9940296 p2000
 11702242=2200826+5741136+4250267 i4461236 u8941574 u0 t2.51
99095 90000 66 4 w34625 r326718 m344929 f780 r12819082 p2000
 13139065=2468368+6445510+4774403 i4969965 u10078245 u0 t2.578
110113 100000 66 4 w38767 r432975 m455328 f780 r16113623 p2000
 14570300=2739305+7152735+5287868 i5468725 u11219966 u0 t2.713
121109 110000 66 4 w41458 r544944 m569988 f780 r18848456 p2000
 15981984=3006512+7851613+5792984 i5965756 u12341033 u0 t2.707
132028 120000 66 4 w45853 r668691 m698130 f780 r21897485 p2000
 17532484=3286822+8590277+6386159 i6473981 u13601593 u0 t2.912
142990 130000 66 4 w50830 r802393 m836809 f780 r25192384 p2000
 18986448=3562710+9311119+6905248 i6974394 u14767999 u0 t2.847
153925 140000 66 4 w53612 r940763 m977961 f780 r27731790 p2000
 20474477=3841729+10051396+7435263 i7487385 u15960713 u0 t2.971
164855 150000 66 4 w58604 r1091154 m1133344 f780 r31006061 p2000
 21982251=4126056+10796461+7976893 i8005352 u17170515 u0 t3.027
175812 160000 66 4 w64078 r1253479 m1301143 f780 r34441104 p2000
 23584909=4417148+11560934+8588302 i8535667 u18468498 u0 t3.11
186797 170000 66 4 w67129 r1408749 m1459464 f780 r37092066 p2000
 25060643=4694278+12291216+9118384 i9045585 u19650231 u0 t2.861
197847 180000 66 4 w71178 r1573499 m1628263 f780 r40050559 p2000
 26594805=4977567+13035840+9687961 i9560837 u20888877 u0 t3.036
208776 190000 66 4 w77629 r1751573 m1812788 f780 r43739229 p2000
 28107430=5261667+13783743+10232285 i10077609 u22105638 u0 t3.199
219728 200000 66 4 w81292 r1924292 m1989170 f780 r46554954 p2000
 29612928=5546285+14529981+10770299 i10592271 u23317347 u0 t2.991
230584 210000 66 4 w85656 r2107678 m2176920 f780 r49687681 p2000
 31176719=5839236+15302598+11333221 i11118006 u24583036 u0 t3.156
241548 220000 66 4 w89967 r2290641 m2364194 f780 r52766443 p2000
 32683216=6122373+16045650+11876729 i11631757 u25795381 u0 t3.114
252514 230000 66 4 w94714 r2484645 m2562945 f780 r56045988 p2000
 34281334=6415992+16823378+12467909 i12169183 u27085171 u0 t3.244
263483 240000 66 4 w99212 r2676066 m2758864 f780 r59301141 p2000
 35779646=6698842+17564571+13004988 i12684148 u28287593 u0 t3.172
274496 250000 66 4 w103230 r2871524 m2958340 f780 r62422844 p2000
 37310769=6986369+18323484+13553505 i13209317 u29517050 u0 t3.24
285461 260000 66 4 w107119 r3066710 m3157415 f780 r65535611 p2000
 38803051=7268863+19066410+14083606 i13723091 u30714747 u0 t3.161
296415 270000 66 4 w111032 r3261627 m3356245 f780 r68557879 p2000
 40291660=7548931+19800727+14620226 i14236192 u31907260 u0 t3.129
307437 280000 66 4 w115459 r3465675 m3564720 f780 r71822849 p2000
 41798390=7832680+20548382+15159093 i14756188 u33114522 u0 t3.248
318462 290000 66 4 w119942 r3681430 m3784958 f780 r75255724 p2000
 43400958=8135339+21341253+15733409 i15313274 u34394065 u0 t3.4
329483 300000 66 4 w124225 r3903272 m4011083 f780 r78653231 p2000
 45028067=8442234+22155263+16308545 i15885205 u35688801 u0 t3.471
340525 310000 66 4 w129245 r4122782 m4235613 f780 r82181827 p2000
 46615498=8738046+22934138+16886727 i16429645 u36961566 u0 t3.404
351480 320000 94 4 w133426 r4338742 m4455754 f780 r85322972 p2000
 48198444=9038935+23721499+17447383 i16976830 u38228647 u0 t3.307
362496 330000 94 4 w137447 r4550339 m4671372 f780 r88393591 p2000
 49733444=9330284+24482692+17993474 i17506152 u39459071 u0 t3.25
373551 340000 94 4 w141829 r4772127 m4897542 f780 r91661399 p2000
 51290420=9626097+25253246+18550462 i18048465 u40701789 u0 t3.38
384689 350000 94 4 w146282 r4996952 m5126820 f780 r94970635 p2000
 52863841=9922129+26021395+19125405 i18594971 u41956732 u0 t3.531
395874 360000 94 4 w151000 r5230711 m5365297 f780 r98463152 p2000
 54481113=10221859+26805577+19724920 i19160675 u43240164 u0 t3.579
406862 370000 94 4 w155653 r5467909 m5607148 f780 r101899202 p2000
 56127737=10531055+27599843+20335875 i19731581 u44552038 u0 t3.561
417894 380000 94 4 w159768 r5698276 m5841630 f780 r105066876 p2000
 57710652=10827571+28373736+20913921 i20285583 u45810102 u0 t3.445
428912 390000 94 4 w164121 r5929917 m6077624 f780 r108347724 p2000
 59267668=11118998+29134387+21483671 i20827309 u47050452 u0 t3.446
439874 400000 94 4 w168660 r6157858 m6310104 f780 r111603444 p2000
 60798949=11403897+29878773+22048738 i21353509 u48275796 u0 t3.374
450859 410000 94 4 w172779 r6390615 m6546980 f780 r114807453 p2000
 62344803=11692810+30638301+22610561 i21891871 u49507741 u0 t3.419
461847 420000 94 4 w176483 r6614060 m6774129 f780 r117753118 p2000
 63844431=11974358+31373784+23155226 i22411744 u50705136 u0 t3.322
472807 430000 94 4 w180982 r6859005 m7023573 f780 r121113934 p2000
 65437780=12274970+32155539+23733015 i22959842 u51981745 u0 t3.607
483790 440000 94 4 w186177 r7116422 m7286185 f780 r124799747 p2000
 67045767=12575174+32948774+24314528 i23519974 u53263798 u0 t3.751
494708 450000 94 4 w189776 r7362330 m7535692 f780 r127907790 p2000
 68699472=12883619+33764275+24912530 i24095086 u54582743 u0 t3.597
505590 460000 94 4 w194751 r7631886 m7810223 f780 r131612282 p2000
 70351532=13192036+34579703+25508940 i24668683 u55902047 u0 t3.848
516566 470000 94 4 w198707 r7884468 m8066761 f780 r134865881 p2000
 71990802=13497983+35383004+26106829 i25234134 u57212571 u0 t3.697
527520 480000 94 4 w202709 r8142347 m8328642 f780 r138196584 p2000
 73645399=13806248+36198720+26705964 i25809888 u58531560 u0 t3.81
538466 490000 94 4 w207827 r8419642 m8611055 f780 r142031568 p2000
 75322036=14118226+37019796+27319560 i26388588 u59871632 u0 t3.939
549399 500000 94 4 w212064 r8688534 m8884184 f780 r145490945 p2000
 77023425=14443739+37852951+27939452 i26977304 u61230597 u0 t3.837
560288 510000 94 4 w216226 r8954829 m9154641 f780 r148898580 p2000
 78683779=14754211+38673947+28537979 i27549949 u62560144 u0 t3.82
571192 520000 94 4 w220913 r9232726 m9437225 f780 r152571467 p2000
 80352712=15063905+39495351+29144443 i28127352 u63893434 u0 t3.906
582148 530000 94 4 w224901 r9502817 m9711304 f780 r155930836 p2000
 82036336=15378372+40322769+29756566 i28710052 u65238748 u0 t3.782
593039 540000 94 4 w229267 r9781394 m9994247 f780 r159447969 p2000
 83771290=15699382+41171815+30392891 i29305448 u66628470 u0 t3.946
604123 550000 94 4 w233603 r10037196 m10254385 f780 r162794333 p2000
 85292841=15985696+41911091+30952926 i29825521 u67849676 u0 t3.565
615220 560000 94 4 w236767 r10247591 m10467944 f780 r165390252 p2000
 86578406=16228956+42541143+31420369 i30262572 u68885377 u0 t3.115
626410 570000 94 4 w239345 r10442087 m10665018 f780 r167683544 p2000
 87844101=16466215+43152805+31889826 i30688438 u69907412 u0 t2.78
637646 580000 94 4 w242361 r10641071 m10867018 f780 r170167558 p2000
 89076810=16700413+43755344+32338702 i31102256 u70905712 u0 t2.836
648847 590000 94 4 w246112 r10853855 m11083553 f780 r172955226 p2000
 90374030=16941574+44376422+32827115 i31520276 u71969405 u0 t3.025
660023 600000 94 4 w249138 r11046947 m11279671 f780 r175358716 p2000
 91532382=17161983+44938682+33251932 i31910187 u72905984 u0 t2.734
671169 610000 94 4 w251606 r11227609 m11462801 f780 r177505553 p2000
 92677881=17380618+45496976+33670550 i32294682 u73833658 u0 t2.556
682330 620000 94 4 w254185 r11414392 m11652163 f780 r179713902 p2000
 93822077=17600425+46050280+34090645 i32672979 u74765176 u0 t2.627
693457 630000 94 4 w256912 r11608664 m11849162 f780 r181984806 p2000
 95055697=17831544+46649550+34545330 i33074716 u75774957 u0 t3.062
704731 640000 94 4 w260716 r11821802 m12066104 f780 r184753902 p2000
 96294487=18063003+47246521+35007532 i33477565 u76788589 u0 t2.959
715916 650000 94 4 w263223 r12007235 m12254044 f780 r186943714 p2000
 97439920=18281492+47802828+35427035 i33856297 u77721870 u0 t2.598
727122 660000 94 4 w266079 r12209382 m12459047 f780 r189339997 p2000
 98670868=18515586+48399959+35879326 i34263587 u78723870 u0 t2.859
738273 670000 94 4 w269088 r12410616 m12663290 f780 r191794582 p2000
 99875743=18744879+48985343+36321344 i34662217 u79705521 u0 t2.88
749495 680000 94 4 w272156 r12607302 m12863044 f780 r194165054 p2000
 101042383=18969139+49551143+36748337 i35043078 u80661337 u0 t2.817
760693 690000 94 4 w274941 r12808066 m13066593 f780 r196476328 p2000
 102254980=19199662+50136770+37196455 i35445585 u81646754 u0 t2.792
771972 700000 94 4 w277767 r13009951 m13271304 f780 r198832681 p2000
 103465720=19428892+50723315+37642786 i35847404 u82631156 u0 t2.841
783287 710000 94 4 w280397 r13206321 m13470304 f780 r201115358 p2000
 104639900=19653350+51296043+38070532 i36237284 u83586563 u0 t2.793
794503 720000 94 4 w283885 r13415590 m13683061 f780 r203642631 p2000
 105795637=19874772+51860524+38490375 i36620824 u84527415 u0 t2.83
805629 730000 94 4 w286771 r13620248 m13890605 f780 r206075547 p2000
 107012879=20104345+52440052+38949652 i37023652 u85515583 u0 t2.84
816809 740000 94 4 w289355 r13809638 m14082579 f780 r208253711 p2000
 108170750=20322040+52988329+39390324 i37399257 u86461752 u0 t2.895
827890 750000 94 4 w292333 r14008115 m14284034 f780 r210572805 p2000
 109346023=20541989+53535547+39846975 i37773516 u87427313 u0 t2.706
839058 760000 94 4 w294818 r14192855 m14471259 f780 r212668346 p2000
 110457274=20754203+54068761+40260181 i38136091 u88336256 u0 t2.57
850231 770000 94 4 w298109 r14400204 m14681899 f780 r215115782 p2000
 111644530=20977813+54640699+40701567 i38524512 u89305738 u0 t3.314
861324 780000 94 4 w299824 r14573320 m14856730 f780 r216938181 p2000
 112756712=21190675+55177904+41111668 i38892700 u90210818 u0 t2.472
872344 790000 94 4 w303393 r14785916 m15072895 f780 r219528901 p2000
 113901230=21409743+55727856+41536166 i39263390 u91150236 u0 t2.872
883522 800000 94 4 w306141 r14984533 m15274260 f780 r221823730 p2000
 115052446=21630279+56283615+41960828 i39640489 u92091182 u0 t2.741
894714 810000 94 4 w308757 r15175290 m15467633 f780 r224009218 p2000
 116160183=21843397+56812897+42374928 i40004752 u92994260 u0 t3.138
905844 820000 94 4 w311717 r15375504 m15670807 f780 r226284236 p2000
 117283223=22058021+57355645+42788962 i40371673 u93912855 u0 t2.696
916882 830000 94 4 w314368 r15590350 m15888304 f780 r228690021 p2000
 118549967=22298052+57962861+43262652 i40789794 u94943011 u0 t4.01
927964 840000 94 4 w317062 r15800694 m16101342 f780 r231000590 p2000
 119743936=22526809+58544733+43697164 i41190646 u95910428 u0 t2.857
939033 850000 94 4 w320032 r16023304 m16326922 f780 r233490542 p2000
 121004026=22765154+59154770+44162145 i41614941 u96928317 u0 t3.024
950128 860000 94 4 w323895 r16263526 m16571007 f780 r236282328 p2000
 122238911=23000263+59758465+44610481 i42032014 u97926016 u0 t3.186
961260 870000 94 4 w326613 r16478269 m16788468 f780 r238657962 p2000
 123458245=23233306+60350981+45056196 i42441886 u98912395 u0 t2.946
972424 880000 94 4 w329510 r16697841 m17010937 f780 r241111431 p2000
 124673076=23464513+60935225+45507237 i42850480 u99893547 u0 t2.924
983571 890000 94 4 w331947 r16909003 m17224536 f780 r243390866 p2000
 125884344=23693920+61524697+45951042 i43260575 u100870092 u0 t2.877
994789 900000 94 4 w335299 r17130268 m17449153 f780 r245911017 p2000
 127057734=23916914+62089299+46386563 i43647757 u101825557 u0 t2.951
1005944 910000 94 4 w338397 r17348554 m17670537 f780 r248387262 p2000
 128303145=24152135+62684289+46852631 i44041016 u102855955 u0 t2.922
1017100 920000 94 4 w340835 r17547490 m17871911 f780 r250541038 p2000
 129430532=24368313+63227679+47268900 i44415904 u103771759 u0 t2.663
1028294 930000 94 4 w343574 r17749271 m18076431 f780 r252747397 p2000
 130528677=24578028+63757612+47674284 i44778907 u104665847 u0 t2.696
1039422 940000 94 4 w346073 r17955697 m18285356 f780 r255000069 p2000
 131687827=24798360+64320403+48099629 i45166394 u105605639 u0 t2.78
1050473 950000 94 4 w349152 r18174522 m18507260 f780 r257452463 p2000
 132854633=25020472+64887893+48525919 i45549813 u106558446 u0 t2.911
1061568 960000 94 4 w351698 r18382352 m18717636 f780 r259679418 p2000
 134043070=25250333+65467521+48956681 i45937769 u107533300 u0 t2.834
1072599 970000 94 4 w354870 r18614677 m18953133 f780 r262219383 p2000
 135291847=25485760+66067542+49422293 i46343566 u108555307 u0 t4.428
1083733 980000 94 4 w357208 r18810425 m19151219 f780 r264270836 p2000
 136399100=25701026+66611278+49818919 i46707965 u109461174 u0 t3.449
1094785 990000 94 4 w360000 r19025020 m19368606 f780 r266622866 p2000
 137519050=25917257+67155540+50227043 i47080383 u110372159 u0 t2.836
1105876 1000000 94 4 w362535 r19234734 m19580855 f780 r268875035 p2000
 138665713=26137695+67717784+50640862 i47463297 u111304295 u0 t2.778
1117034 1010000 94 4 w365556 r19454004 m19803146 f780 r271249049 p2000
 139787403=26354448+68264708+51048328 i47838516 u112214445 u0 t3.611
1128112 1020000 94 4 w368399 r19674302 m20026287 f780 r273625353 p2000
 140921791=26573668+68822755+51454807 i48220641 u113133747 u0 t2.873
1139060 1030000 94 4 w370805 r19899849 m20254240 f780 r275900067 p2000
 142169262=26814500+69435817+51902697 i48646193 u114138835 u0 t2.995
1150007 1040000 94 4 w374032 r20161638 m20519256 f780 r278691613 p2000
 143561529=27079998+70114418+52410413 i49119465 u115259766 u0 t3.537
1160894 1050000 94 4 w378330 r20463078 m20824994 f780 r281967886 p2000
 144998334=27351326+70820475+52930359 i49612412 u116412964 u0 t3.817
1171814 1060000 94 4 w381474 r20725972 m21091032 f780 r284690332 p2000
 146379096=27613815+71499763+53428048 i50086631 u117521075 u0 t3.417
1182789 1070000 94 4 w384938 r21004163 m21372687 f780 r287652902 p2000
 147771413=27879098+72187374+53926681 i50567692 u118636454 u0 t3.578
1193726 1080000 94 4 w388032 r21268985 m21640603 f780 r290382517 p2000
 149134067=28139227+72857138+54417549 i51036072 u119729871 u0 t9.721
1204582 1090000 94 4 w391377 r21549752 m21924715 f780 r293300061 p2000
 150558189=28410800+73563244+54924922 i51529369 u120869773 u0 t3.641
1215452 1100000 94 4 w395130 r21844926 m22223642 f780 r296403699 p2000
 152005113=28686816+74275924+55445128 i52025088 u122032045 u0 t4.178
1226363 1110000 94 4 w398990 r22152652 m22535228 f780 r299567664 p2000
 153500823=28969235+75014161+55983169 i52542191 u123229350 u0 t3.821
1237247 1120000 94 4 w402267 r22432134 m22817987 f780 r302414549 p2000
 154937436=29243149+75724625+56496704 i53035065 u124383538 u0 t4.734
1248176 1130000 94 4 w405627 r22728576 m23117789 f780 r305411435 p2000
 156402735=29522272+76447278+57022338 i53538279 u125560082 u0 t5.195
1259068 1140000 94 4 w409483 r23031228 m23424297 f780 r308601268 p2000
 157861130=29797985+77168674+57545265 i54043108 u126726845 u0 t3.944
1269968 1150000 94 4 w413055 r23330430 m23727071 f780 r311642479 p2000
 159329507=30076803+77900612+58066164 i54551755 u127902321 u0 t3.951
1280888 1160000 94 4 w416440 r23630409 m24030435 f780 r314664069 p2000
 160787360=30353505+78624948+58585504 i55058696 u129067070 u0 t3.906
1291754 1170000 94 4 w420208 r23938403 m24342197 f780 r317804709 p2000
 162257086=30632524+79353396+59110035 i55568556 u130242677 u0 t3.833
1302652 1180000 94 4 w423555 r24239083 m24646224 f780 r320778282 p2000
 163740225=30914948+80088433+59638609 i56082917 u131429658 u0 t3.749
1313613 1190000 94 4 w427386 r24550605 m24961577 f780 r323962770 p2000
 165222365=31196415+80824289+60167001 i56595157 u132617286 u0 t8.904
1324596 1200000 94 4 w431324 r24871779 m25286689 f780 r327249718 p2000
 166705142=31477697+81562307+60693492 i57107636 u133805797 u0 t3.974
1335456 1210000 94 4 w434381 r25179672 m25597639 f780 r330228898 p2000
 168224635=31765451+82316176+61235830 i57638471 u135017356 u0 t3.8
1346441 1220000 94 4 w437710 r25491312 m25912608 f780 r333258857 p2000
 169783151=32059976+83084342+61797326 i58169502 u136272126 u0 t4.209
1357399 1230000 94 4 w441488 r25819247 m26244321 f780 r336523333 p2000
 171340127=32353047+83856368+62354089 i58706134 u137520252 u0 t9.736
1368385 1240000 94 4 w446110 r26180385 m26610081 f780 r340212239 p2000
 172947613=32655799+84649796+62933488 i59258789 u138809465 u0 t4.361
1379469 1250000 94 4 w449421 r26507102 m26940109 f780 r343314495 p2000
 174578358=32960715+85458237+63518400 i59823629 u140113214 u0 t4.168
1390543 1260000 94 4 w453419 r26856446 m27293451 f780 r346762336 p2000
 176216496=33265768+86260659+64117377 i60383076 u141428504 u0 t5.605
1401635 1270000 94 4 w457810 r27215927 m27657323 f780 r350326895 p2000
 177844400=33572064+87068311+64699573 i60944507 u142733367 u0 t10.083
1412662 1280000 94 4 w461244 r27547248 m27992078 f780 r353465511 p2000
 179448464=33876559+87868585+65267070 i61502479 u144015888 u0 t4.419
1423732 1290000 94 4 w465158 r27890949 m28339693 f780 r356809330 p2000
 181048818=34176735+88658077+65844470 i62055549 u145296674 u0 t5.252
1434749 1300000 94 4 w468994 r28241264 m28693844 f780 r360181868 p2000
 182708017=34486060+89473649+66447223 i62626599 u146625629 u0 t9.8
1445738 1310000 94 4 w473701 r28622247 m29079534 f780 r363954551 p2000
 184393707=34802515+90300279+67060585 i63212877 u147969611 u0 t5.547
1456743 1320000 94 4 w477580 r28983429 m29444595 f780 r367435976 p2000
 186070233=35117420+91124338+67668658 i63794442 u149308311 u0 t10.273
1467716 1330000 94 4 w481492 r29359100 m29824178 f780 r371006744 p2000
 187826318=35446440+91987570+68306202 i64399548 u150714245 u0 t4.599
1478847 1340000 94 4 w485757 r29738276 m30207619 f780 r374641566 p2000
 189576204=35770547+92843092+68948286 i65005624 u152110566 u0 t6.291
1489858 1350000 94 4 w489563 r30103506 m30576655 f780 r378127327 p2000
 191293706=36091274+93689714+69570365 i65605459 u153477989 u0 t10.844
1500812 1360000 94 4 w494202 r30480702 m30958490 f780 r381788316 p2000
 192945491=36397576+94496222+70177412 i66179007 u154795026 u0 t4.669
1511816 1370000 94 4 w498208 r30849506 m31331300 f780 r385268402 p2000
 194629037=36712329+95326971+70785495 i66764113 u156138853 u0 t11.195
1522795 1380000 94 4 w502119 r31209548 m31695253 f780 r388688016 p2000
 196261107=37016280+96132860+71375071 i67335328 u157436914 u0 t5.03
1533703 1390000 94 4 w505830 r31572628 m32062044 f780 r392113548 p2000
 197916580=37324592+96947275+71976458 i67919552 u158748587 u0 t4.464
1544569 1400000 94 4 w510118 r31948076 m32441780 f780 r395700497 p2000
 199559259=37633478+97759355+72566898 i68492594 u160058257 u0 t14.045
1555499 1410000 94 4 w514365 r32339431 m32837382 f780 r399338199 p2000
 201315494=37961628+98624605+73202706 i69106537 u161455492 u0 t4.675
1566395 1420000 94 4 w518648 r32726659 m33228893 f780 r402948022 p2000
 203040851=38283744+99480615+73821800 i69706913 u162832305 u0 t7.521
1577238 1430000 94 4 w522853 r33122691 m33629130 f780 r406627046 p2000
 204769957=38606559+100338547+74442479 i70308378 u164211902 u0 t9.959
1588118 1440000 98 4 w526811 r33505851 m34016248 f780 r410140969 p2000
 206501964=38930451+101195825+75064964 i70914309 u165590272 u0 t4.663
1598949 1450000 98 4 w531126 r33910702 m34425414 f780 r413891823 p2000
 208268958=39258963+102068645+75703593 i71530176 u166998397 u0 t12.206
1609797 1460000 98 4 w535857 r34327019 m34846462 f780 r417770046 p2000
 210044947=39588611+102945770+76346406 i72145868 u168416217 u0 t7.342
1620630 1470000 98 4 w539644 r34712739 m35235969 f780 r421207106 p2000
 211794585=39917933+103814704+76971470 i72752487 u169814647 u0 t11.898
1631477 1480000 98 4 w543495 r35096628 m35623709 f780 r424689981 p2000
 213544045=40245037+104679189+77602221 i73359162 u171211653 u0 t12.739
1642373 1490000 98 4 w548943 r35544540 m36077069 f780 r428860374 p2000
 215341282=40581295+105569208+78248299 i73980478 u172649394 u0 t5.85
1653233 1500000 98 4 w553214 r35953849 m36490649 f780 r432589597 p2000
 217140861=40916401+106459891+78897104 i74603988 u174087444 u0 t10.539
1664130 1510000 98 4 w556542 r36332449 m36872577 f780 r435899328 p2000
 218918863=41246819+107335188+79542979 i75216545 u175510400 u0 t7.376
1675034 1520000 98 4 w561553 r36767504 m37312643 f780 r439919191 p2000
 220707784=41578832+108217124+80191733 i75831759 u176943577 u0 t14.336
1685958 1530000 98 4 w565898 r37186120 m37735604 f780 r443677674 p2000
 222527080=41916354+109112653+80853015 i76462176 u178396198 u0 t6.11
1696847 1540000 98 4 w570036 r37594037 m38147659 f780 r447320024 p2000
 224315178=42247473+109988212+81508049 i77080068 u179824228 u0 t13.95
1707676 1550000 98 4 w575046 r38043266 m38601898 f780 r451381364 p2000
 226145550=42585444+110889061+82174592 i77714930 u181284295 u0 t8.983
1718573 1560000 98 4 w578800 r38448042 m39010428 f780 r454920649 p2000
 227977335=42923424+111787999+82844857 i78347533 u182747294 u0 t11.883
1729487 1570000 98 4 w583116 r38868423 m39435125 f780 r458656538 p2000
 229753615=43251320+112659502+83494703 i78960015 u184167533 u0 t5.434
1740347 1580000 98 4 w587470 r39292939 m39863995 f780 r462444109 p2000
 231553104=43584046+113540125+84154536 i79579489 u185607024 u0 t13.915
1751207 1590000 98 4 w592050 r39730096 m40305732 f780 r466305389 p2000
 233379940=43922520+114439161+84819335 i80211442 u187065801 u0 t5.057
1762023 1600000 98 4 w596189 r40146063 m40725838 f780 r469940703 p2000
 235155843=44253361+115316780+85460372 i80825509 u188485648 u0 t17.982
1772878 1610000 98 4 w600146 r40559201 m41142933 f780 r473542409 p2000
 236929770=44581602+116184385+86111454 i81437509 u189903585 u0 t6.893
1783723 1620000 98 4 w604355 r40975825 m41563766 f780 r477185237 p2000
 238688807=44908360+117054935+86745918 i82046464 u191309171 u0 t29.05
1794607 1630000 98 4 w609234 r41416498 m42009318 f780 r481076803 p2000
 240464479=45236722+117925167+87395629 i82661122 u192725992 u0 t8.755
1805498 1640000 98 4 w613116 r41831318 m42428020 f780 r484643287 p2000
 242254153=45568300+118810419+88042816 i83278463 u194158214 u0 t14.024
1816421 1650000 98 4 w617422 r42264986 m42865994 f780 r488395443 p2000
 244050465=45899876+119697682+88694298 i83902366 u195590766 u0 t6.967
1827273 1660000 98 4 w621555 r42694911 m43300052 f780 r492103743 p2000
 245854599=46234183+120581771+89354321 i84523991 u197033525 u0 t12.957
1838160 1670000 98 4 w625959 r43131296 m43740841 f780 r495894777 p2000
 247658504=46569017+121468086+90011465 i85149087 u198473080 u0 t22.778
1849005 1680000 98 4 w630350 r43562500 m44176436 f780 r499629850 p2000
 249430278=46895842+122335533+90661291 i85757654 u199891996 u0 t15.839
1859879 1690000 98 4 w634471 r43980633 m44598690 f780 r503227506 p2000
 251131279=47212315+123178813+91272934 i86347850 u201250615 u0 t8.27
1870739 1700000 98 4 w638687 r44412061 m45034334 f780 r506929445 p2000
 252891045=47539369+124052324+91905247 i86958377 u202656192 u0 t9.302
1881698 1710000 98 4 w642131 r44805779 m45431496 f780 r510233799 p2000
 254580511=47855132+124886720+92515242 i87543820 u204006084 u0 t6.272
1892578 1720000 98 4 w646913 r45248634 m45879133 f780 r514080300 p2000
 256293646=48175630+125733252+93133036 i88136544 u205376183 u0 t13.289
1903425 1730000 98 4 w650737 r45664737 m46299060 f780 r517549205 p2000
 258022915=48497011+126587322+93759138 i88734634 u206758973 u0 t9.759
1914319 1740000 98 4 w654873 r46103805 m46742264 f780 r521273874 p2000
 259815209=48830592+127465985+94414637 i89351814 u208192769 u0 t7.346
1925121 1750000 98 4 w658888 r46523754 m47166228 f780 r524836591 p2000
 261541348=49152781+128320704+95035878 i89950862 u209571648 u0 t12.073
1936035 1760000 98 4 w663188 r46972915 m47619689 f780 r528634856 p2000
 263330395=49486167+129206644+95680325 i90575389 u210996650 u0 t17.581
1946942 1770000 98 4 w667417 r47397694 m48048697 f780 r532199553 p2000
 265050284=49805914+130048834+96309106 i91163098 u212377341 u0 t6.804
1957829 1780000 98 4 w671223 r47813576 m48468385 f780 r535638610 p2000
 266753303=50124838+130892409+96920932 i91753634 u213738626 u0 t21.381
1968722 1790000 98 4 w675785 r48260108 m48919479 f780 r539437780 p2000
 268493552=50448739+131746780+97555161 i92355195 u215129376 u0 t9.051
1979581 1800000 98 4 w679144 r48656889 m49319619 f780 r542702314 p2000
 270164288=50760785+132567358+98163038 i92935549 u216461864 u0 t8.61
1990482 1810000 98 4 w683212 r49075212 m49742010 f780 r546215170 p2000
 271830252=51072079+133383609+98770962 i93509842 u217794857 u0 t12.296
2001382 1820000 98 4 w687481 r49504595 m50175662 f780 r549857307 p2000
 273492871=51381902+134197434+99378998 i94085777 u219122080 u0 t10.219
2012247 1830000 98 4 w691486 r49938175 m50613247 f780 r553459980 p2000
 275187120=51698829+135031055+99993704 i94671357 u220476660 u0 t14.5
2023129 1840000 98 4 w694836 r50336628 m51015050 f780 r556698271 p2000
 276861603=52011532+135854419+100601958 i95249550 u221815677 u0 t15.244
2034053 1850000 98 4 w699041 r50781023 m51463650 f780 r560351900 p2000
 278586086=52334286+136703614+101226354 i95845172 u223195119 u0 t5.477
2044917 1860000 98 4 w703039 r51202913 m51889538 f780 r563850031 p2000
 280251224=52646494+137526857+101826009 i96419922 u224528277 u0 t6.325
2055814 1870000 98 4 w706719 r51614772 m52305077 f780 r567229796 p2000
 281924750=52958788+138352252+102431703 i97005381 u225859630 u0 t23.238
2066728 1880000 98 4 w710902 r52056227 m52750715 f780 r570857707 p2000
 283579260=53268199+139169715+103028509 i97577437 u227182876 u0 t5.559
2077660 1890000 98 4 w714485 r52466929 m53165000 f780 r574164165 p2000
 285237044=53579292+139988643+103625286 i98149391 u228510014 u0 t8.208
2088614 1900000 98 4 w718275 r52888154 m53590015 f780 r577597321 p2000
 286912655=53892335+140810185+104236352 i98728346 u229848834 u0 t12.857
2099586 1910000 98 4 w722646 r53343313 m54049545 f780 r581356441 p2000
 288616243=54209093+141647327+104856783 i99314425 u231213106 u0 t6.873
2110524 1920000 98 4 w726110 r53746169 m54455865 f780 r584579672 p2000
 290241237=54514629+142446303+105445717 i99874009 u232514367 u0 t14.112
2121483 1930000 98 4 w729831 r54171435 m54884852 f780 r587986330 p2000
 291923570=54829825+143276743+106052519 i100456589 u233859150 u0 t5.38
2132440 1940000 98 4 w734365 r54622487 m55340438 f780 r591735279 p2000
 293565784=55136148+144083806+106649839 i101024942 u235170964 u0 t14.308
2143340 1950000 98 4 w737916 r55037730 m55759232 f780 r595005559 p2000
 295239019=55448867+144906211+107257969 i101601069 u236511012 u0 t5.847
2154286 1960000 98 4 w741833 r55460744 m56186163 f780 r598422052 p2000
 296860107=55753648+145703015+107845359 i102160005 u237809049 u0 t13.081
2165157 1970000 98 4 w744626 r55837351 m56565563 f780 r601352277 p2000
 298412591=56044542+146464173+108410700 i102693952 u239052491 u0 t10.18
2176142 1980000 98 4 w749024 r56273067 m57005677 f780 r604920095 p2000
 299979496=56338337+147235354+108978397 i103234908 u240306274 u0 t13.841
2187090 1990000 98 4 w752819 r56695571 m57431976 f780 r608309817 p2000
 301618575=56644428+148044181+109570873 i103803096 u241615514 u0 t5.605
2198031 2000000 98 4 w756483 r57113308 m57853377 f780 r611621266 p2000
 303185210=56938923+148817650+110135184 i104344089 u242869803 u0 t10.23
2208970 2010000 98 4 w759758 r57505115 m58248459 f780 r614697910 p2000
 304752540=57232180+149587337+110705170 i104881902 u244126566 u0 t10.199
2219875 2020000 98 4 w763278 r57915755 m58662619 f780 r617946780 p2000
 306334455=57532948+150371332+111270400 i105427463 u245394485 u0 t5.888
2230717 2030000 98 4 w767594 r58353013 m59104193 f780 r621479848 p2000
 307845651=57817948+151122157+111809532 i105950320 u246604164 u0 t16.43
2241553 2040000 98 4 w770581 r58735428 m59489595 f780 r624430415 p2000
 309373570=58105978+151881084+112355392 i106484395 u247821616 u0 t6.631
2252478 2050000 98 4 w773423 r59112801 m59869810 f780 r627322384 p2000
 310917801=58397346+152645204+112909519 i107019595 u249056561 u0 t14.62
2263400 2060000 98 4 w778038 r59555199 m60316823 f780 r630897183 p2000
 312460636=58688083+153405052+113466755 i107550350 u250293391 u0 t12.597
2274335 2070000 98 4 w781809 r59972505 m60737900 f780 r634220412 p2000
 314006113=58979074+154169481+114021866 i108085098 u251530005 u0 t9.574
2285238 2080000 98 4 w784618 r60342664 m61110868 f780 r637035626 p2000
 315479761=59257781+154893633+114554732 i108592111 u252711727 u0 t7.405
2296195 2090000 98 4 w788060 r60744332 m61515978 f780 r640119697 p2000
 317001742=59547160+155648315+115097246 i109114223 u253934640 u0 t15.271
2307093 2100000 98 4 w792093 r61175831 m61951510 f780 r643548786 p2000
 318548784=59841585+156419314+115645210 i109645415 u255178519 u0 t15.757
2317991 2110000 98 4 w795683 r61586019 m62365288 f780 r646757961 p2000
 320065310=60129116+157167613+116190543 i110165390 u256396947 u0 t9.182
2328915 2120000 98 4 w798470 r61956781 m62738837 f780 r649567680 p2000
 321540226=60409484+157900375+116714932 i110673735 u257580064 u0 t7.129
2339889 2130000 98 4 w801606 r62352176 m63137368 f780 r652572125 p2000
 323065272=60697602+158658425+117258241 i111201761 u258801111 u0 t9.355
2350849 2140000 98 4 w806047 r62796700 m63586333 f780 r656145066 p2000
 324569276=60981045+159406540+117794073 i111720221 u260007191 u0 t17.487
2361818 2150000 98 4 w809348 r63191808 m63984742 f780 r659171869 p2000
 326046163=61261072+160142425+118317711 i112232819 u261189226 u0 t6.919
2372703 2160000 98 4 w812287 r63581752 m64377625 f780 r662116739 p2000
 327582195=61550056+160900281+118871928 i112760191 u262421636 u0 t15.776
2383611 2170000 98 4 w815209 r63957420 m64756215 f780 r664968791 p2000
 329020933=61822910+161615512+119384128 i113254390 u263577713 u0 t7.031
Total lines processed: 2178906
Block Count:1, 255
Avg Block Count:441793
Avg Max Count:0, 10140, 98
Block Count:6844, 811788
Avg Block Count:100
Avg Max Count:181, 147, 98
Level Count:2
Level Count:4
2356098 4
1271157 4
Max word len: 98
Total words generated: 330316642
Words inserted 113701431
Words updated: 264617714
cache requests:  0, Misses: 0, Flush#: 12
cache requests:  667881138, Misses: 65130190, Flush#: 780
rchar: 263831138626
wchar: 79686317634
syscr: 64331297
syscw: 19408558
read_bytes: 285134848
write_bytes: 71237824512
cancelled_write_bytes: 0
556904
139136376
