Csz: 10000, pgsz: 4096
File page count: 0
File page count: 0
10988 10000 60 1 w0 r0 m0 f0 r0 p20
 1502009=280567+736357+547318 i721658 u998423 u0 t1.349
22023 20000 60 1 w0 r0 m0 f0 r0 p20
 2970299=556558+1459020+1077812 i1299209 u2102895 u0 t1.493
33024 30000 60 1 w0 r0 m0 f0 r0 p20
 4455591=837142+2190955+1612898 i1852391 u3251575 u0 t1.495
44043 40000 66 1 w0 r0 m0 f0 r0 p20
 6021768=1126498+2950354+2194339 i2403108 u4491603 u0 t1.616
55121 50000 66 1 w0 r0 m0 f0 r0 p20
 7457432=1399039+3657323+2711810 i2899495 u5640597 u0 t1.517
66115 60000 66 1 w0 r0 m0 f0 r0 p20
 8882525=1666288+4349737+3237298 i3372066 u6798479 u0 t1.51
77117 70000 66 1 w0 r0 m0 f0 r0 p20
 10323681=1938542+5063745+3753209 i3851018 u7971772 u0 t1.566
88102 80000 66 1 w0 r0 m0 f0 r0 p20
 11702242=2200826+5741136+4250267 i4299728 u9103082 u0 t1.508
99095 90000 66 1 w0 r0 m0 f0 r0 p20
 13139065=2468368+6445510+4774403 i4761616 u10286594 u0 t1.566
110113 100000 66 1 w0 r0 m0 f0 r0 p20
 14570300=2739305+7152735+5287868 i5211290 u11477401 u0 t1.558
121109 110000 66 1 w0 r0 m0 f0 r0 p20
 15981984=3006512+7851613+5792984 i5655730 u12651059 u0 t1.607
132028 120000 66 1 w0 r0 m0 f0 r0 p20
 17532484=3286822+8590277+6386159 i6106532 u13969042 u0 t1.664
142990 130000 66 1 w0 r0 m0 f0 r0 p20
 18986448=3562710+9311119+6905248 i6548879 u15193514 u0 t1.613
153925 140000 66 1 w0 r0 m0 f0 r0 p20
 20474477=3841729+10051396+7435263 i6999138 u16448960 u0 t1.714
164855 150000 66 1 w0 r0 m0 f0 r0 p20
 21982251=4126056+10796461+7976893 i7453888 u17721979 u0 t1.868
175812 160000 66 1 w0 r0 m0 f0 r0 p20
 23584909=4417148+11560934+8588302 i7914229 u19089936 u0 t1.845
186797 170000 66 1 w0 r0 m0 f0 r0 p20
 25060643=4694278+12291216+9118384 i8355287 u20340529 u0 t1.707
197847 180000 66 1 w0 r0 m0 f0 r0 p20
 26594805=4977567+13035840+9687961 i8800877 u21648837 u0 t1.753
208776 190000 66 1 w0 r0 m0 f0 r0 p20
 28107430=5261667+13783743+10232285 i9242517 u22940730 u0 t1.751
219728 200000 66 1 w0 r0 m0 f0 r0 p20
 29612928=5546285+14529981+10770299 i9679782 u24229836 u0 t1.757
230584 210000 66 1 w0 r0 m0 f0 r0 p20
 31176719=5839236+15302598+11333221 i10127173 u25573869 u0 t1.806
241548 220000 66 1 w0 r0 m0 f0 r0 p20
 32683216=6122373+16045650+11876729 i10560684 u26866454 u0 t1.77
252514 230000 66 1 w0 r0 m0 f0 r0 p20
 34281334=6415992+16823378+12467909 i11011556 u28242798 u0 t1.82
263483 240000 66 1 w0 r0 m0 f0 r0 p20
 35779646=6698842+17564571+13004988 i11440135 u29531606 u0 t1.744
274496 250000 66 1 w0 r0 m0 f0 r0 p20
 37310769=6986369+18323484+13553505 i11876641 u30849726 u0 t1.782
285461 260000 66 1 w0 r0 m0 f0 r0 p20
 38803051=7268863+19066410+14083606 i12299710 u32138128 u0 t1.754
296415 270000 66 1 w0 r0 m0 f0 r0 p20
 40291660=7548931+19800727+14620226 i12719617 u33423835 u0 t1.748
307437 280000 66 1 w0 r0 m0 f0 r0 p20
 41798390=7832680+20548382+15159093 i13142025 u34728685 u0 t1.77
318462 290000 66 1 w0 r0 m0 f0 r0 p20
 43400958=8135339+21341253+15733409 i13591134 u36116205 u0 t1.864
329483 300000 66 1 w0 r0 m0 f0 r0 p20
 45028067=8442234+22155263+16308545 i14053075 u37520931 u0 t1.944
340525 310000 66 1 w0 r0 m0 f0 r0 p20
 46615498=8738046+22934138+16886727 i14489506 u38901705 u0 t1.859
351480 320000 94 1 w0 r0 m0 f0 r0 p20
 48198444=9038935+23721499+17447383 i14924286 u40281191 u0 t1.859
362496 330000 94 1 w0 r0 m0 f0 r0 p20
 49733444=9330284+24482692+17993474 i15348084 u41617139 u0 t1.816
373551 340000 94 1 w0 r0 m0 f0 r0 p20
 51290420=9626097+25253246+18550462 i15776823 u42973431 u0 t1.866
384689 350000 94 1 w0 r0 m0 f0 r0 p20
 52863841=9922129+26021395+19125405 i16211252 u44340451 u0 t1.889
395874 360000 94 3 w5152 r0 m0 f245 r0 p20
 54481113=10221859+26805577+19724920 i16660392 u45740447 u0 t2.165
406862 370000 94 3 w16054 r0 m0 f764 r0 p20
 56127737=10531055+27599843+20335875 i17116594 u47167025 u0 t2.519
417894 380000 94 4 w26020 r1354 m6956 f963 r2491451 p500
 57710652=10827571+28373736+20913921 i17561570 u48534115 u0 t2.458
428912 390000 94 4 w36272 r10896 m26069 f982 r7885390 p500
 59267668=11118998+29134387+21483671 i17998764 u49878997 u0 t2.548
439874 400000 94 4 w45064 r27689 m51539 f999 r12904044 p500
 60798949=11403897+29878773+22048738 i18423879 u51205426 u0 t2.455
450859 410000 94 4 w54280 r53130 m86106 f1017 r18166036 p500
 62344803=11692810+30638301+22610561 i18861308 u52538304 u0 t2.543
461847 420000 94 4 w64005 r85619 m127856 f1036 r23410258 p500
 63844431=11974358+31373784+23155226 i19284908 u53831972 u0 t2.506
472807 430000 94 4 w73227 r128161 m179735 f1054 r28779522 p500
 65437780=12274970+32155539+23733015 i19733577 u55208010 u0 t2.703
483790 440000 94 4 w81956 r178655 m238745 f1071 r33789807 p500
 67045767=12575174+32948774+24314528 i20191945 u56591827 u0 t2.69
494708 450000 94 4 w91704 r238037 m307384 f1090 r39162321 p500
 68699472=12883619+33764275+24912530 i20661020 u58016809 u0 t2.825
505590 460000 94 4 w99923 r304845 m382298 f1106 r44054129 p500
 70351532=13192036+34579703+25508940 i21131006 u59439724 u0 t2.8
516566 470000 94 4 w107111 r376119 m460691 f1120 r48473951 p500
 71990802=13497983+35383004+26106829 i21594007 u60852698 u0 t2.751
527520 480000 94 4 w114283 r454096 m545543 f1134 r52827081 p500
 73645399=13806248+36198720+26705964 i22065683 u62275765 u0 t2.777
538466 490000 94 4 w122697 r538531 m638152 f1151 r57703212 p500
 75322036=14118226+37019796+27319560 i22538859 u63721361 u0 t2.882
549399 500000 94 4 w130451 r629461 m736628 f1166 r62347993 p500
 77023425=14443739+37852951+27939452 i23020531 u65187370 u0 t3.78
560288 510000 94 4 w137674 r724553 m838939 f1180 r66802272 p500
 78683779=14754211+38673947+28537979 i23488964 u66621129 u0 t5.411
571192 520000 94 4 w144877 r824776 m946143 f1194 r71173065 p500
 80352712=15063905+39495351+29144443 i23961862 u68058924 u0 t3.547
582148 530000 94 4 w152602 r930750 m1059352 f1209 r75685080 p500
 82036336=15378372+40322769+29756566 i24437629 u69511171 u0 t3.021
593039 540000 94 4 w159802 r1043044 m1178832 f1223 r80117537 p500
 83771290=15699382+41171815+30392891 i24919965 u71013953 u0 t3.019
604123 550000 94 4 w165992 r1144985 m1286794 f1235 r83898874 p500
 85292841=15985696+41911091+30952926 i25342314 u72332883 u0 t2.645
615220 560000 94 4 w171655 r1232740 m1379967 f1246 r87246190 p500
 86578406=16228956+42541143+31420369 i25696923 u73451026 u0 t2.293
626410 570000 94 4 w176819 r1320946 m1472997 f1256 r90296671 p500
 87844101=16466215+43152805+31889826 i26043421 u74552429 u0 t2.226
637646 580000 94 4 w181982 r1409173 m1566218 f1266 r93409561 p500
 89076810=16700413+43755344+32338702 i26380350 u75627618 u0 t2.199
648847 590000 94 4 w187085 r1499729 m1661663 f1276 r96507632 p500
 90374030=16941574+44376422+32827115 i26718817 u76770864 u0 t2.244
660023 600000 94 4 w191729 r1586112 m1752839 f1285 r99472914 p500
 91532382=17161983+44938682+33251932 i27033645 u77782526 u0 t2.092
671169 610000 94 4 w196682 r1673489 m1844566 f1295 r102233058 p500
 92677881=17380618+45496976+33670550 i27343913 u78784427 u0 t2.053
682330 620000 94 4 w200546 r1762118 m1937221 f1303 r104866749 p500
 93822077=17600425+46050280+34090645 i27650874 u79787281 u0 t2.05
693457 630000 94 4 w206246 r1857539 m2037828 f1314 r108021382 p500
 95055697=17831544+46649550+34545330 i27975598 u80874075 u0 t2.231
704731 640000 94 4 w210980 r1955579 m2140555 f1323 r110983176 p500
 96294487=18063003+47246521+35007532 i28302368 u81963786 u0 t2.207
715916 650000 94 4 w215490 r2049688 m2238975 f1332 r113721717 p500
 97439920=18281492+47802828+35427035 i28608962 u82969205 u0 t2.088
727122 660000 94 4 w221115 r2152185 m2346734 f1344 r116964702 p500
 98670868=18515586+48399959+35879326 i28936467 u84050990 u0 t2.273
738273 670000 94 4 w227365 r2255148 m2455578 f1357 r120464162 p500
 99875743=18744879+48985343+36321344 i29257014 u85110724 u0 t2.268
749495 680000 94 4 w232676 r2354984 m2560304 f1368 r123548099 p500
 101042383=18969139+49551143+36748337 i29563610 u86140805 u0 t2.154
760693 690000 94 4 w238520 r2462973 m2673405 f1381 r126846325 p500
 102254980=19199662+50136770+37196455 i29887214 u87205125 u0 t2.273
771972 700000 94 4 w244305 r2573837 m2789138 f1394 r130066281 p500
 103465720=19428892+50723315+37642786 i30212045 u88266515 u0 t2.266
783287 710000 94 4 w250980 r2682964 m2903626 f1407 r133582548 p500
 104639900=19653350+51296043+38070532 i30526348 u89297499 u0 t2.262
794503 720000 94 4 w257002 r2792301 m3017503 f1417 r136718063 p500
 105795637=19874772+51860524+38490375 i30836335 u90311904 u0 t2.212
805629 730000 94 4 w264593 r2908985 m3140180 f1430 r140657920 p500
 107012879=20104345+52440052+38949652 i31161182 u91378053 u0 t2.357
816809 740000 94 4 w271959 r3020562 m3257303 f1447 r144415706 p500
 108170750=20322040+52988329+39390324 i31464877 u92396132 u0 t2.244
827890 750000 94 4 w279266 r3132684 m3374289 f1465 r147939634 p500
 109346023=20541989+53535547+39846975 i31765724 u93435105 u0 t2.228
839058 760000 94 4 w286486 r3243306 m3490110 f1483 r151612357 p500
 110457274=20754203+54068761+40260181 i32056920 u94415427 u0 t2.191
850231 770000 94 4 w294537 r3364522 m3616089 f1499 r155242397 p500
 111644530=20977813+54640699+40701567 i32371781 u95458469 u0 t2.309
861324 780000 94 4 w301621 r3480064 m3736234 f1517 r158842846 p500
 112756712=21190675+55177904+41111668 i32670895 u96432623 u0 t2.211
872344 790000 94 4 w309479 r3599232 m3859744 f1540 r162427557 p500
 113901230=21409743+55727856+41536166 i32971838 u97441788 u0 t2.248
883522 800000 94 4 w317369 r3721456 m3986732 f1563 r166199253 p500
 115052446=21630279+56283615+41960828 i33276274 u98455397 u0 t2.3
894714 810000 94 4 w325081 r3841366 m4110576 f1587 r169758473 p500
 116160183=21843397+56812897+42374928 i33571638 u99427374 u0 t2.231
905844 820000 94 4 w332057 r3962538 m4235235 f1609 r172926421 p500
 117283223=22058021+57355645+42788962 i33869064 u100415464 u0 t2.186
916882 830000 94 4 w339596 r4100423 m4376855 f1641 r176645233 p500
 118549967=22298052+57962861+43262652 i34209346 u101523459 u0 t2.453
927964 840000 94 4 w345820 r4234108 m4513341 f1664 r179635327 p500
 119743936=22526809+58544733+43697164 i34536379 u102564695 u0 t2.302
939033 850000 94 4 w353031 r4376219 m4658173 f1696 r183000139 p500
 121004026=22765154+59154770+44162145 i34881161 u103662097 u0 t2.447
950128 860000 94 4 w359271 r4516759 m4801145 f1734 r186098185 p500
 122238911=23000263+59758465+44610481 i35221452 u104736578 u0 t2.388
961260 870000 94 4 w366083 r4654475 m4941525 f1756 r189151888 p500
 123458245=23233306+60350981+45056196 i35555571 u105798710 u0 t2.357
972424 880000 94 4 w371510 r4791686 m5080811 f1788 r192003305 p500
 124673076=23464513+60935225+45507237 i35888063 u106855964 u0 t2.324
983571 890000 94 4 w377388 r4929933 m5220889 f1815 r194782585 p500
 125884344=23693920+61524697+45951042 i36222547 u107908120 u0 t2.321
994789 900000 94 4 w381873 r5061087 m5353545 f1842 r197274119 p500
 127057734=23916914+62089299+46386563 i36536905 u108936409 u0 t2.215
1005944 910000 94 4 w387454 r5194090 m5488293 f1867 r199990269 p500
 128303145=24152135+62684289+46852631 i36855701 u110041270 u0 t2.279
1017100 920000 94 4 w391734 r5319783 m5615179 f1888 r202280251 p500
 129430532=24368313+63227679+47268900 i37158755 u111028908 u0 t2.117
1028294 930000 94 4 w396424 r5442650 m5739377 f1913 r204460712 p500
 130528677=24578028+63757612+47674284 i37453331 u111991423 u0 t2.062
1039422 940000 94 4 w401800 r5574308 m5872585 f1946 r207084174 p500
 131687827=24798360+64320403+48099629 i37766609 u113005424 u0 t2.222
1050473 950000 94 4 w407154 r5705272 m6005091 f1967 r209681046 p500
 132854633=25020472+64887893+48525919 i38077215 u114031044 u0 t2.218
1061568 960000 94 4 w412185 r5836131 m6137195 f2000 r212072445 p500
 134043070=25250333+65467521+48956681 i38388387 u115082682 u0 t3.069
1072599 970000 94 4 w416132 r5973302 m6275536 f2015 r214353933 p500
 135291847=25485760+66067542+49422293 i38715301 u116183572 u0 t2.286
1083733 980000 94 4 w419656 r6097075 m6400243 f2039 r216335384 p500
 136399100=25701026+66611278+49818919 i39008873 u117160266 u0 t2.323
1094785 990000 94 4 w424268 r6223249 m6527449 f2066 r218441405 p500
 137519050=25917257+67155540+50227043 i39309279 u118143263 u0 t2.106
1105876 1000000 94 4 w427720 r6353099 m6658339 f2084 r220552740 p500
 138665713=26137695+67717784+50640862 i39617802 u119149790 u0 t2.156
1117034 1010000 94 4 w432007 r6480172 m6786492 f2112 r222670893 p500
 139787403=26354448+68264708+51048328 i39919599 u120133362 u0 t2.11
1128112 1020000 94 4 w436191 r6610151 m6917506 f2130 r224765898 p500
 140921791=26573668+68822755+51454807 i40227581 u121126807 u0 t2.145
1139060 1030000 94 4 w440241 r6754870 m7063324 f2151 r227079143 p500
 142169262=26814500+69435817+51902697 i40571011 u122214017 u0 t2.353
1150007 1040000 94 4 w444517 r6914577 m7224146 f2172 r229506399 p500
 143561529=27079998+70114418+52410413 i40952773 u123426458 u0 t2.59
1160894 1050000 94 4 w449443 r7081744 m7392540 f2196 r232230566 p500
 144998334=27351326+70820475+52930359 i41352198 u124673178 u0 t2.71
1171814 1060000 94 4 w454920 r7243158 m7555216 f2228 r234877815 p500
 146379096=27613815+71499763+53428048 i41735867 u125871839 u0 t2.63
1182789 1070000 94 4 w459717 r7405995 m7719328 f2255 r237523488 p500
 147771413=27879098+72187374+53926681 i42123830 u127080316 u0 t2.65
1193726 1080000 94 4 w463568 r7564535 m7878901 f2275 r239816393 p500
 149134067=28139227+72857138+54417549 i42500582 u128265361 u0 t2.566
1204582 1090000 94 4 w469185 r7732042 m8047847 f2306 r242632866 p500
 150558189=28410800+73563244+54924922 i42896999 u129502143 u0 t2.737
1215452 1100000 94 4 w474366 r7899799 m8217020 f2331 r245370831 p500
 152005113=28686816+74275924+55445128 i43293012 u130764121 u0 t2.753
1226363 1110000 94 4 w480285 r8075286 m8393971 f2359 r248195025 p500
 153500823=28969235+75014161+55983169 i43706161 u132065380 u0 t2.879
1237247 1120000 94 4 w485981 r8241432 m8561630 f2380 r250924805 p500
 154937436=29243149+75724625+56496704 i44097791 u133320812 u0 t2.75
1248176 1130000 94 4 w490939 r8412327 m8733892 f2407 r253640739 p500
 156402735=29522272+76447278+57022338 i44501041 u134597320 u0 t2.798
1259068 1140000 94 4 w497135 r8583574 m8906937 f2439 r256640624 p500
 157861130=29797985+77168674+57545265 i44904811 u135865142 u0 t2.83
1269968 1150000 94 4 w504164 r8756037 m9081298 f2465 r259685133 p500
 159329507=30076803+77900612+58066164 i45310431 u137143645 u0 t2.852
1280888 1160000 94 4 w511075 r8928686 m9255894 f2497 r262672236 p500
 160787360=30353505+78624948+58585504 i45716856 u138408910 u0 t2.836
1291754 1170000 94 4 w518922 r9103755 m9433458 f2522 r266090011 p500
 162257086=30632524+79353396+59110035 i46124744 u139686489 u0 t2.911
1302652 1180000 94 4 w526568 r9278109 m9609805 f2550 r269119965 p500
 163740225=30914948+80088433+59638609 i46532272 u140980303 u0 t2.879
1313613 1190000 94 4 w535359 r9454253 m9788505 f2583 r272560224 p500
 165222365=31196415+80824289+60167001 i46941439 u142271004 u0 t2.941
1324596 1200000 94 4 w543838 r9630610 m9967443 f2611 r276016849 p500
 166705142=31477697+81562307+60693492 i47350292 u143563141 u0 t2.936
1335456 1210000 94 4 w553225 r9812310 m10152155 f2638 r279710935 p500
 168224635=31765451+82316176+61235830 i47772233 u144883594 u0 t3.047
1346441 1220000 94 4 w562974 r9995572 m10337946 f2676 r283100551 p500
 169783151=32059976+83084342+61797326 i48197309 u146244319 u0 t3.11
1357399 1230000 94 4 w571186 r10180136 m10525156 f2701 r286490551 p500
 171340127=32353047+83856368+62354089 i48625828 u147600558 u0 t3.06
1368385 1240000 94 4 w582964 r10371774 m10720302 f2736 r290697258 p500
 172947613=32655799+84649796+62933488 i49067407 u149000847 u0 t3.224
1379469 1250000 94 4 w594259 r10567369 m10919342 f2773 r294778861 p500
 174578358=32960715+85458237+63518400 i49519748 u150417095 u0 t3.267
1390543 1260000 94 4 w606445 r10762581 m11118082 f2817 r299164081 p500
 176216496=33265768+86260659+64117377 i49968062 u151843518 u0 t3.279
1401635 1270000 94 4 w618289 r10959289 m11318380 f2849 r303355745 p500
 177844400=33572064+87068311+64699573 i50420016 u153257858 u0 t3.279
1412662 1280000 94 4 w629319 r11154393 m11516965 f2886 r307547520 p500
 179448464=33876559+87868585+65267070 i50868297 u154650070 u0 t3.24
1423732 1290000 94 4 w641965 r11347511 m11713577 f2927 r311683353 p500
 181048818=34176735+88658077+65844470 i51313214 u156039009 u0 t3.232
1434749 1300000 94 4 w653882 r11546769 m11916618 f2956 r315948858 p500
 182708017=34486060+89473649+66447223 i51773176 u157479052 u0 t3.327
1445738 1310000 94 4 w665634 r11749704 m12122953 f2990 r320013134 p500
 184393707=34802515+90300279+67060585 i52245123 u158937365 u0 t3.343
1456743 1320000 94 4 w676905 r11951671 m12328198 f3023 r324088809 p500
 186070233=35117420+91124338+67668658 i52712556 u160390197 u0 t3.335
1467716 1330000 94 4 w689583 r12163446 m12543934 f3062 r328647437 p500
 187826318=35446440+91987570+68306202 i53200132 u161913661 u0 t3.548
1478847 1340000 94 4 w702650 r12374584 m12759130 f3097 r333316327 p500
 189576204=35770547+92843092+68948286 i53689033 u163427157 u0 t3.505
1489858 1350000 94 4 w715053 r12583547 m12971581 f3141 r337714925 p500
 191293706=36091274+93689714+69570365 i54172708 u164910740 u0 t3.445
1500812 1360000 94 4 w728784 r12784471 m13176670 f3177 r342449637 p500
 192945491=36397576+94496222+70177412 i54635079 u166338954 u0 t3.371
1511816 1370000 94 4 w741794 r12989744 m13385653 f3224 r346830547 p500
 194629037=36712329+95326971+70785495 i55106390 u167796576 u0 t3.391
1522795 1380000 94 4 w753803 r13190867 m13590488 f3264 r351185279 p500
 196261107=37016280+96132860+71375071 i55566415 u169205827 u0 t3.347
1533703 1390000 94 4 w766307 r13394465 m13797650 f3304 r355543850 p500
 197916580=37324592+96947275+71976458 i56036985 u170631154 u0 t3.343
1544569 1400000 94 4 w777983 r13595928 m14002446 f3342 r359689079 p500
 199559259=37633478+97759355+72566898 i56497173 u172053678 u0 t3.591
1555499 1410000 94 4 w791323 r13812062 m14222519 f3385 r364376269 p500
 201315494=37961628+98624605+73202706 i56988948 u173573081 u0 t3.733
1566395 1420000 94 4 w804815 r14025766 m14440012 f3434 r368881090 p500
 203040851=38283744+99480615+73821800 i57472354 u175066864 u0 t3.688
1577238 1430000 94 4 w817817 r14239919 m14657960 f3478 r373448041 p500
 204769957=38606559+100338547+74442479 i57957629 u176562651 u0 t3.529
1588118 1440000 98 4 w831183 r14455933 m14877920 f3524 r378007402 p500
 206501964=38930451+101195825+75064964 i58446318 u178058263 u0 t3.76
1598949 1450000 98 4 w844274 r14675036 m15100715 f3569 r382557224 p500
 208268958=39258963+102068645+75703593 i58942034 u179586539 u0 t3.819
1609797 1460000 98 4 w859749 r14896148 m15325849 f3624 r387386367 p500
 210044947=39588611+102945770+76346406 i59436772 u181125313 u0 t4.002
1620630 1470000 98 4 w872452 r15113118 m15546182 f3674 r391742937 p500
 211794585=39917933+103814704+76971470 i59924808 u182642326 u0 t3.695
1631477 1480000 98 4 w885519 r15330459 m15767194 f3723 r396161782 p500
 213544045=40245037+104679189+77602221 i60414124 u184156691 u0 t3.651
1642373 1490000 98 4 w900546 r15554775 m15995731 f3775 r401032467 p500
 215341282=40581295+105569208+78248299 i60914136 u185715736 u0 t3.705
1653233 1500000 98 4 w917337 r15780833 m16226004 f3858 r406212564 p500
 217140861=40916401+106459891+78897104 i61414476 u187276956 u0 t3.756
1664130 1510000 98 4 w933587 r16003012 m16452388 f3934 r411279174 p500
 218918863=41246819+107335188+79542979 i61906414 u188820531 u0 t3.695
1675034 1520000 98 4 w949542 r16227393 m16680919 f4009 r416232326 p500
 220707784=41578832+108217124+80191733 i62401934 u190373402 u0 t3.702
1685958 1530000 98 4 w965072 r16456047 m16913645 f4081 r421110181 p500
 222527080=41916354+109112653+80853015 i62907733 u191950641 u0 t3.734
1696847 1540000 98 4 w980935 r16680516 m17142151 f4160 r425807966 p500
 224315178=42247473+109988212+81508049 i63404490 u193499806 u0 t3.675
1707676 1550000 98 4 w997237 r16912451 m17378072 f4243 r430601109 p500
 226145550=42585444+110889061+82174592 i63916018 u195083207 u0 t5.036
1718573 1560000 98 4 w1012589 r17143116 m17612687 f4331 r435367924 p500
 227977335=42923424+111787999+82844857 i64425724 u196669103 u0 t5.49
1729487 1570000 98 4 w1028440 r17367500 m17840982 f4414 r440042237 p500
 229753615=43251320+112659502+83494703 i64918211 u198209337 u0 t3.68
1740347 1580000 98 4 w1043337 r17593617 m18070917 f4499 r444573453 p500
 231553104=43584046+113540125+84154536 i65417361 u199769152 u0 t3.713
1751207 1590000 98 4 w1058440 r17824954 m18306100 f4569 r449125743 p500
 233379940=43922520+114439161+84819335 i65925187 u201352056 u0 t3.712
1762023 1600000 98 4 w1073819 r18051261 m18536349 f4637 r453565305 p500
 235155843=44253361+115316780+85460372 i66419496 u202891661 u0 t3.66
1772878 1610000 98 4 w1086826 r18274592 m18763081 f4701 r457621345 p500
 236929770=44581602+116184385+86111454 i66912257 u204428837 u0 t3.56
1783723 1620000 98 4 w1102134 r18499710 m18992138 f4781 r462016008 p500
 238688807=44908360+117054935+86745918 i67401565 u205954070 u0 t3.617
1794607 1630000 98 4 w1116202 r18725437 m19221341 f4853 r466173274 p500
 240464479=45236722+117925167+87395629 i67896700 u207490414 u0 t3.597
1805498 1640000 98 4 w1131873 r18955175 m19454984 f4937 r470547515 p500
 242254153=45568300+118810419+88042816 i68394562 u209042115 u0 t3.655
1816421 1650000 98 4 w1146186 r19185572 m19689000 f5005 r474751834 p500
 244050465=45899876+119697682+88694298 i68897742 u210595390 u0 t3.64
1827273 1660000 98 4 w1162355 r19415990 m19923533 f5078 r479162480 p500
 245854599=46234183+120581771+89354321 i69399014 u212158502 u0 t3.665
1838160 1670000 98 4 w1177016 r19646924 m20158087 f5148 r483339885 p500
 247658504=46569017+121468086+90011465 i69901937 u213720230 u0 t3.655
1849005 1680000 98 4 w1191057 r19872433 m20387187 f5216 r487348344 p500
 249430278=46895842+122335533+90661291 i70391895 u215257755 u0 t3.572
1859879 1690000 98 4 w1205119 r20091879 m20609897 f5297 r491085861 p500
 251131279=47212315+123178813+91272934 i70865885 u216732580 u0 t3.494
1870739 1700000 98 4 w1217793 r20317482 m20838626 f5365 r494707164 p500
 252891045=47539369+124052324+91905247 i71354638 u218259931 u0 t3.6
1881698 1710000 98 4 w1231431 r20535355 m21060075 f5433 r498595884 p500
 254580511=47855132+124886720+92515242 i71821864 u219728040 u0 t3.452
1892578 1720000 98 4 w1246977 r20756726 m21285312 f5509 r502653128 p500
 256293646=48175630+125733252+93133036 i72294639 u221218088 u0 t3.521
1903425 1730000 98 4 w1260980 r20981007 m21513165 f5590 r506563743 p500
 258022915=48497011+126587322+93759138 i72773521 u222720086 u0 t3.537
1914319 1740000 98 4 w1275651 r21211769 m21747708 f5656 r510582974 p500
 259815209=48830592+127465985+94414637 i73268277 u224276306 u0 t3.632
1925121 1750000 98 4 w1290160 r21435538 m21974991 f5736 r514423018 p500
 261541348=49152781+128320704+95035878 i73746934 u225775576 u0 t3.528
1936035 1760000 98 4 w1305229 r21668584 m22211780 f5803 r518420831 p500
 263330395=49486167+129206644+95680325 i74245607 u227326432 u0 t3.642
1946942 1770000 98 4 w1318984 r21888893 m22435626 f5868 r522123649 p500
 265050284=49805914+130048834+96309106 i74713539 u228826900 u0 t3.466
1957829 1780000 98 4 w1335376 r22112455 m22663297 f5952 r526232827 p500
 266753303=50124838+130892409+96920932 i75184195 u230308065 u0 t3.556
1968722 1790000 98 4 w1352593 r22341811 m22896889 f6044 r530466295 p500
 268493552=50448739+131746780+97555161 i75665183 u231819388 u0 t3.753
1979581 1800000 98 4 w1369020 r22561555 m23120692 f6123 r534493522 p500
 270164288=50760785+132567358+98163038 i76128912 u233268501 u0 t3.511
1990482 1810000 98 4 w1383072 r22778232 m23340888 f6195 r538154017 p500
 271830252=51072079+133383609+98770962 i76586239 u234718460 u0 t3.437
2001382 1820000 98 4 w1397993 r22995880 m23562165 f6270 r541868675 p500
 273492871=51381902+134197434+99378998 i77047107 u236160750 u0 t3.766
2012247 1830000 98 4 w1413423 r23217730 m23787818 f6351 r545723754 p500
 275187120=51698829+135031055+99993704 i77513103 u237634914 u0 t4.007
2023129 1840000 98 4 w1428426 r23437745 m24011609 f6421 r549507241 p500
 276861603=52011532+135854419+100601958 i77973817 u239091410 u0 t3.477
2034053 1850000 98 4 w1446373 r23667467 m24245891 f6502 r553812658 p500
 278586086=52334286+136703614+101226354 i78449510 u240590781 u0 t3.618
2044917 1860000 98 4 w1463018 r23888635 m24471221 f6590 r557779584 p500
 280251224=52646494+137526857+101826009 i78906926 u242041273 u0 t3.489
2055814 1870000 98 4 w1479685 r24112778 m24699562 f6663 r561842711 p500
 281924750=52958788+138352252+102431703 i79377103 u243487908 u0 t3.502
2066728 1880000 98 4 w1496299 r24333634 m24924567 f6744 r565796891 p500
 283579260=53268199+139169715+103028509 i79834435 u244925878 u0 t3.471
2077660 1890000 98 4 w1514547 r24556362 m25152036 f6823 r570109078 p500
 285237044=53579292+139988643+103625286 i80290893 u246368512 u0 t3.511
2088614 1900000 98 4 w1531095 r24779744 m25379502 f6902 r574067220 p500
 286912655=53892335+140810185+104236352 i80752610 u247824570 u0 t3.473
2099586 1910000 98 4 w1547810 r25007303 m25611209 f6984 r578096583 p500
 288616243=54209093+141647327+104856783 i81220210 u249307321 u0 t3.536
2110524 1920000 98 4 w1565945 r25227564 m25835952 f7068 r582185226 p500
 290241237=54514629+142446303+105445717 i81667989 u250720387 u0 t3.447
2121483 1930000 98 4 w1583369 r25455821 m26068710 f7151 r586367015 p500
 291923570=54829825+143276743+106052519 i82134935 u252180804 u0 t3.56
2132440 1940000 98 4 w1599199 r25675767 m26292509 f7232 r590070910 p500
 293565784=55136148+144083806+106649839 i82587917 u253607989 u0 t3.438
2143340 1950000 98 4 w1616572 r25902491 m26523335 f7313 r594132671 p500
 295239019=55448867+144906211+107257969 i83049405 u255062676 u0 t3.781
2154286 1960000 98 4 w1633661 r26121487 m26746494 f7399 r598105970 p500
 296860107=55753648+145703015+107845359 i83494981 u256474073 u0 t3.435
2165157 1970000 98 4 w1650414 r26332344 m26961423 f7469 r601912153 p500
 298412591=56044542+146464173+108410700 i83920623 u257825820 u0 t3.311
2176142 1980000 98 4 w1666499 r26544488 m27177469 f7551 r605605958 p500
 299979496=56338337+147235354+108978397 i84351000 u259190182 u0 t3.313
2187090 1990000 98 4 w1684665 r26769179 m27406442 f7638 r609642748 p500
 301618575=56644428+148044181+109570873 i84805714 u260612896 u0 t3.471
2198031 2000000 98 4 w1699093 r26982452 m27623380 f7708 r613221542 p500
 303185210=56938923+148817650+110135184 i85238209 u261975683 u0 t3.289
2208970 2010000 98 4 w1715930 r27195312 m27840135 f7785 r616978735 p500
 304752540=57232180+149587337+110705170 i85666291 u263342177 u0 t3.316
2219875 2020000 98 4 w1734345 r27413429 m28062526 f7872 r620934535 p500
 306334455=57532948+150371332+111270400 i86102425 u264719523 u0 t3.38
2230717 2030000 98 4 w1752481 r27623936 m28277452 f7963 r624990298 p500
 307845651=57817948+151122157+111809532 i86517663 u266036821 u0 t3.276
2241553 2040000 98 4 w1769367 r27836757 m28494450 f8043 r628917000 p500
 309373570=58105978+151881084+112355392 i86943481 u267362530 u0 t3.289
2252478 2050000 98 4 w1787917 r28052743 m28714555 f8131 r632885706 p500
 310917801=58397346+152645204+112909519 i87371719 u268704437 u0 t3.338
2263400 2060000 98 4 w1805394 r28266276 m28932265 f8204 r636758300 p500
 312460636=58688083+153405052+113466755 i87797591 u270046150 u0 t3.309
2274335 2070000 98 4 w1821502 r28479079 m29148991 f8285 r640514184 p500
 314006113=58979074+154169481+114021866 i88221864 u271393239 u0 t3.28
2285238 2080000 98 4 w1837303 r28683614 m29357181 f8363 r644078389 p500
 315479761=59257781+154893633+114554732 i88625784 u272678054 u0 t3.142
2296195 2090000 98 4 w1855045 r28895682 m29573462 f8445 r647971248 p500
 317001742=59547160+155648315+115097246 i89042218 u274006645 u0 t3.373
2307093 2100000 98 4 w1871931 r29111356 m29793131 f8533 r651783366 p500
 318548784=59841585+156419314+115645210 i89464961 u275358973 u0 t3.332
2317991 2110000 98 4 w1891979 r29324630 m30010902 f8637 r655871564 p500
 320065310=60129116+157167613+116190543 i89878973 u276683364 u0 t3.306
2328915 2120000 98 4 w1911148 r29534245 m30224919 f8726 r659956897 p500
 321540226=60409484+157900375+116714932 i90284413 u277969386 u0 t3.243
2339889 2130000 98 4 w1930407 r29751348 m30446437 f8821 r664042112 p500
 323065272=60697602+158658425+117258241 i90707160 u279295712 u0 t3.333
2350849 2140000 98 4 w1949105 r29964777 m30663920 f8901 r667885207 p500
 324569276=60981045+159406540+117794073 i91121839 u280605573 u0 t3.257
2361818 2150000 98 4 w1967100 r30176058 m30879230 f8997 r671709636 p500
 326046163=61261072+160142425+118317711 i91531404 u281890641 u0 t3.212
2372703 2160000 98 4 w1984549 r30392745 m31100060 f9083 r675625176 p500
 327582195=61550056+160900281+118871928 i91953194 u283228633 u0 t3.744
2383611 2170000 98 4 w2002630 r30597525 m31308537 f9181 r679298312 p500
 329020933=61822910+161615512+119384128 i92349891 u284482212 u0 t3.144
2394538 2180000 98 4 w2019766 r30804610 m31519347 f9268 r682917611 p500
 330471640=62098697+162341500+119894769 i92752205 u285745006 u0 t3.163
2405448 2190000 98 4 w2038391 r31029371 m31748180 f9355 r686923018 p500
 332047282=62396171+163128686+120452548 i93187541 u287117195 u0 t3.417
2416385 2200000 98 4 w2056723 r31247415 m31970249 f9451 r690716816 p500
 333572677=62685022+163886371+120996698 i93607085 u288446778 u0 t3.314
2427291 2210000 98 4 w2074873 r31459137 m32185954 f9551 r694481453 p500
 335055154=62966105+164620723+121527332 i94013282 u289740306 u0 t3.25
2438224 2220000 98 4 w2093515 r31677052 m32407876 f9648 r698394399 p500
 336562228=63251799+165373345+122060347 i94430631 u291051977 u0 t3.358
2449156 2230000 98 4 w2111656 r31898015 m32632412 f9750 r702026226 p500
 338098470=63544181+166137065+122607037 i94852489 u292391890 u0 t3.3
2460085 2240000 98 4 w2129770 r32124740 m32863058 f9851 r705895983 p500
 339674657=63843460+166921569+123166530 i95289157 u293762765 u0 t3.415
2471031 2250000 98 4 w2148879 r32360996 m33103078 f9962 r709777813 p500
 341328221=64154313+167736404+123763464 i95747114 u295198973 u0 t3.557
2481891 2260000 98 4 w2166876 r32587261 m33333115 f10057 r713579751 p500
 342920094=64455060+168519044+124339193 i96181774 u296587589 u0 t3.38
2492839 2270000 98 4 w2187373 r32818555 m33568715 f10161 r717718220 p500
 344524932=64756130+169308970+124920291 i96621582 u297986544 u0 t3.46
2503770 2280000 98 4 w2204996 r33053661 m33807244 f10258 r721388852 p500
 346165173=65065475+170120749+125508611 i97074697 u299413326 u0 t3.462
2514685 2290000 98 4 w2224614 r33285591 m34043079 f10366 r725341442 p500
 347777859=65367628+170914357+126092672 i97517318 u300818384 u0 t3.454
2525687 2300000 98 4 w2243829 r33523582 m34284769 f10470 r729240328 p500
 349430556=65676533+171726819+126692647 i97970868 u302256969 u0 t3.528
2536614 2310000 98 4 w2263228 r33761970 m34526886 f10587 r733165093 p500
 351071462=65982636+172534843+127287338 i98423337 u303683895 u0 t3.519
2547690 2320000 98 4 w2283967 r34010544 m34779231 f10705 r737292348 p500
 352775789=66300993+173374078+127904919 i98898087 u305160696 u0 t4.084
2558712 2330000 98 4 w2305463 r34259901 m35032665 f10837 r741538301 p500
 354479327=66619347+174214406+128520924 i99369652 u306640123 u0 t3.706
2569709 2340000 98 4 w2325383 r34501329 m35277835 f10953 r745500904 p500
 356119816=66929029+175032721+129102657 i99824030 u308067584 u0 t3.583
2580699 2350000 98 4 w2347271 r34757525 m35538131 f11077 r749772805 p500
 357866975=67253212+175889572+129740737 i100307301 u309584604 u0 t3.781
2591715 2360000 98 4 w2367339 r35004893 m35789019 f11201 r753731984 p500
 359567798=67570319+176725970+130359050 i100778607 u311060711 u0 t3.694
2602831 2370000 98 4 w2388663 r35264785 m36052734 f11331 r757915366 p500
 361333804=67899239+177596044+130999241 i101272285 u312589772 u0 t3.886
2613986 2380000 98 4 w2411220 r35527907 m36319877 f11462 r762270471 p500
 363142494=68230806+178475866+131670096 i101770606 u314159953 u0 t3.858
2624949 2390000 98 4 w2432494 r35792858 m36588563 f11587 r766435821 p500
 364958248=68564735+179361240+132340268 i102279031 u315728524 u0 t3.845
2635909 2400000 98 4 w2456477 r36065690 m36865770 f11727 r771117032 p500
 366793742=68902584+180257977+133015990 i102794707 u317312310 u0 t3.965
2646913 2410000 98 4 w2479766 r36325973 m37130110 f11859 r775470979 p500
 368547157=69226360+181113701+133662101 i103287458 u318825137 u0 t3.784
2657884 2420000 98 4 w2502863 r36578264 m37386434 f11981 r779784518 p500
 370250743=69543018+181948977+134283775 i103760470 u320302124 u0 t3.698
2668918 2430000 98 4 w2522966 r36826307 m37638024 f12098 r783679987 p500
 371945334=69856854+182774867+134907321 i104233439 u321767537 u0 t3.653
2679809 2440000 98 4 w2545614 r37076477 m37892243 f12236 r787987330 p500
 373593593=70165486+183587194+135502816 i104701341 u323187351 u0 t3.695
2690746 2450000 98 4 w2566483 r37325543 m38144683 f12365 r791829829 p500
 375264732=70476391+184414187+136105363 i105169914 u324632912 u0 t3.613
2701594 2460000 98 4 w2585536 r37585604 m38408099 f12479 r795763548 p500
 377026942=70804695+185280946+136745118 i105661386 u326159088 u0 t3.843
2712475 2470000 98 4 w2608943 r37845132 m38671309 f12614 r799955681 p500
 378737275=71123412+186129022+137359567 i106139678 u327640343 u0 t3.854
2723357 2480000 98 4 w2629404 r38103359 m38933067 f12740 r803913784 p500
 380487328=71448458+186993347+137992245 i106622285 u329162103 u0 t3.773
2734166 2490000 98 4 w2649986 r38357667 m39190822 f12860 r807845707 p500
 382198024=71767925+187837149+138610940 i107097614 u330646197 u0 t3.717
2745023 2500000 98 4 w2674208 r38622617 m39459786 f13009 r812225507 p500
 383959910=72094368+188705051+139251002 i107584763 u332176570 u0 t3.851
2755880 2510000 98 4 w2693597 r38881699 m39722039 f13135 r815971205 p500
 385703183=72418174+189565646+139881674 i108070669 u333687115 u0 t3.789
2766772 2520000 98 4 w2717109 r39148227 m39992247 f13282 r820216070 p500
 387463931=72744988+190431472+140522086 i108560455 u335213555 u0 t4.109
2777605 2530000 98 4 w2738912 r39409627 m40257235 f13411 r824296105 p500
 389210244=73071112+191290844+141155276 i109041480 u336732322 u0 t3.78
2788466 2540000 98 4 w2762923 r39678633 m40530194 f13558 r828623179 p500
 390993925=73405001+192169511+141801295 i109534267 u338281730 u0 t3.894
2799329 2550000 98 4 w2786818 r39958521 m40813857 f13708 r832979199 p500
 392854436=73747080+193084041+142481179 i110048668 u339896348 u0 t4.034
2810193 2560000 98 4 w2811584 r40224750 m41084135 f13858 r837489640 p500
 394586175=74069906+193939383+143107047 i110534994 u341393261 u0 t3.864
2821115 2570000 98 4 w2836932 r40496847 m41360306 f14007 r841937674 p500
 396373854=74400331+194815983+143761024 i111030677 u342943004 u0 t3.912
2832025 2580000 98 4 w2859884 r40774285 m41641354 f14145 r846127922 p500
 398201283=74740010+195716692+144423960 i111540088 u344526088 u0 t4.463
2842894 2590000 98 4 w2883163 r41040685 m41911562 f14273 r850343437 p500
 399960875=75065982+196579442+145067439 i112026273 u346053982 u0 t3.899
2853742 2600000 98 4 w2910141 r41325243 m42200168 f14430 r854954358 p500
 401811634=75407233+197492344+145739777 i112539197 u347659861 u0 t5.025
2864632 2610000 98 4 w2936832 r41609240 m42488411 f14583 r859600513 p500
 403667966=75750169+198409680+146411818 i113050346 u349274232 u0 t4.099
2875503 2620000 98 4 w2960893 r41888235 m42771234 f14726 r863859784 p500
 405501187=76090975+199311909+147078283 i113557059 u350866554 u0 t4.152
2886360 2630000 98 4 w2987212 r42168434 m43055654 f14873 r868520536 p500
 407318394=76428580+200209416+147736246 i114059549 u352445424 u0 t4.017
2897239 2640000 98 4 w3012878 r42447271 m43338557 f15019 r872952447 p500
 409133084=76766405+201102314+148395438 i114559641 u354022595 u0 t3.985
2908079 2650000 98 4 w3040462 r42735888 m43631454 f15177 r877651941 p500
 410998892=77114178+202021249+149071777 i115075472 u355643064 u0 t4.201
2919336 2660000 98 4 w3066646 r43019046 m43918816 f15331 r882244034 p500
 412865095=77458535+202937691+149753790 i115581807 u357272184 u0 t4.566
2930193 2670000 98 4 w3096672 r43312388 m44216641 f15496 r887144140 p500
 414758028=77807462+203871479+150441590 i116102299 u358918548 u0 t4.891
2941058 2680000 98 4 w3121557 r43591835 m44499818 f15641 r891378578 p500
 416562298=78141604+204760082+151097021 i116602490 u360483784 u0 t4.537
2951948 2690000 98 4 w3148270 r43874842 m44786868 f15803 r895905678 p500
 418394567=78482060+205663987+151760410 i117105261 u362079140 u0 t4.471
2962792 2700000 98 4 w3172761 r44152963 m45068701 f15944 r900255095 p500
 420187245=78815085+206550897+152407374 i117601894 u363635753 u0 t13.562
2973731 2710000 98 4 w3199030 r44427528 m45347362 f16102 r904676425 p500
 421964447=79147445+207422084+153055205 i118086613 u365185012 u0 t4.552
2984605 2720000 98 4 w3224690 r44702903 m45626757 f16244 r909036127 p500
 423762171=79480129+208299528+153716891 i118574274 u366753310 u0 t7.61
2995574 2730000 98 4 w3252192 r44979502 m45907391 f16394 r913519194 p500
 425541780=79809047+209170707+154369183 i119063161 u368300095 u0 t5.599
3006468 2740000 98 4 w3280601 r45265618 m46197897 f16562 r918247907 p500
 427360559=80145053+210063381+155033678 i119564983 u369878847 u0 t7.895
3017345 2750000 98 4 w3306501 r45541610 m46477856 f16706 r922702315 p500
 429112466=80471448+210929421+155665389 i120049006 u371401502 u0 t5.111
3028291 2760000 98 4 w3332089 r45814030 m46754178 f16853 r926963105 p500
 430853628=80794053+211779723+156304391 i120532247 u372909922 u0 t12.636
3039192 2770000 98 4 w3354690 r46075083 m47018529 f16990 r930771646 p500
 432538461=81107787+212604140+156920898 i120993563 u374376218 u0 t10.192
3050078 2780000 98 4 w3381337 r46344181 m47291701 f17145 r935234350 p500
 434247277=81429031+213437682+157545343 i121460720 u375863937 u0 t5.288
3060975 2790000 98 4 w3407816 r46620315 m47571711 f17300 r939579337 p500
 436026715=81761305+214309126+158194410 i121942989 u377417395 u0 t7.087
3071909 2800000 98 4 w3433846 r46884903 m47840223 f17448 r943774630 p500
 437724222=82079132+215137533+158816103 i122404815 u378897393 u0 t6.352
3082762 2810000 98 4 w3461149 r47164611 m48124200 f17606 r948374548 p500
 439502098=82407520+216004295+159471644 i122892971 u380442256 u0 t6.3
3093667 2820000 98 4 w3488556 r47441897 m48405373 f17761 r952784843 p500
 441252475=82734828+216859883+160111731 i123373694 u381963656 u0 t6.472
3104606 2830000 98 4 w3513448 r47716156 m48683330 f17901 r956971922 p500
 443006883=83060939+217716620+160755196 i123852370 u383492110 u0 t6.978
3115556 2840000 98 4 w3539064 r47982685 m48953567 f18046 r961069118 p500
 444688481=83372733+218538469+161372236 i124311569 u384956791 u0 t6.629
3126447 2850000 98 4 w3565141 r48251485 m49226085 f18182 r965238811 p500
 446373566=83687025+219365885+161985484 i124772240 u386425141 u0 t5.987
3137354 2860000 98 4 w3587690 r48514766 m49492562 f18311 r968977947 p500
 448084410=84007360+220203015+162608631 i125236084 u387918858 u0 t11.971
3148306 2870000 98 4 w3609788 r48770304 m49751427 f18449 r972734898 p500
 449709146=84311145+221001359+163198792 i125679944 u389335403 u0 t9.933
3159170 2880000 98 4 w3631844 r49028354 m50012634 f18576 r976451300 p500
 451351882=84617909+221801999+163801990 i126127637 u390767103 u0 t10.897
3170031 2890000 98 4 w3658190 r49292188 m50280208 f18726 r980453733 p500
 453013492=84929203+222613413+164410040 i126577293 u392218946 u0 t7.245
3180938 2900000 98 4 w3680990 r49551637 m50543109 f18865 r984282148 p500
 454661681=85237778+223419314+165012236 i127024484 u393658100 u0 t6.681
3191816 2910000 98 4 w3705394 r49817134 m50812078 f19000 r988197336 p500
 456350591=85550949+224239011+165637741 i127481214 u395132647 u0 t6.922
3202736 2920000 98 4 w3728323 r50088282 m51086586 f19127 r992021862 p500
 458067183=85872730+225081734+166261324 i127950322 u396628471 u0 t7.675
3213588 2930000 98 4 w3755343 r50360502 m51362748 f19271 r996239520 p500
 459765403=86191157+225911227+166882779 i128412599 u398108944 u0 t7.96
3224450 2940000 98 4 w3781511 r50632699 m51638536 f19417 r1000271814 p500
 461458958=86506014+226744049+167499073 i128879197 u399580738 u0 t7.542
3235384 2950000 98 4 w3807601 r50900885 m51910509 f19557 r1004362501 p500
 463116228=86815090+227563975+168096159 i129335961 u401022753 u0 t7.106
3246267 2960000 98 4 w3835756 r51183034 m52196772 f19706 r1008815790 p500
 464858603=87140346+228419120+168730537 i129814472 u402538740 u0 t9.526
3257218 2970000 98 4 w3863058 r51462554 m52480216 f19853 r1013029353 p500
 466613074=87466190+229282067+169368910 i130291742 u404069605 u0 t11.125
3268155 2980000 98 4 w3889191 r51730435 m52751656 f19998 r1016973970 p500
 468268376=87775619+230093744+169972379 i130745001 u405510876 u0 t7.6
3278993 2990000 98 4 w3916564 r52004349 m53029233 f20139 r1021066168 p500
 469969715=88091511+230926039+170595817 i131207322 u406995480 u0 t21.832
3289873 3000000 98 4 w3941428 r52261465 m53289764 f20287 r1024937232 p500
 471569970=88391941+231705539+171183343 i131638574 u408395662 u0 t8.738
3300770 3010000 98 4 w3966438 r52531529 m53563262 f20427 r1028797927 p500
 473233246=88702602+232525382+171785545 i132095137 u409844423 u0 t8.736
3311716 3020000 98 4 w3993729 r52803970 m53839529 f20571 r1032984477 p500
 474884704=89011906+233343669+172378776 i132551555 u411279801 u0 t9.23
3322684 3030000 98 4 w4023085 r53075286 m54114806 f20716 r1037208635 p500
 476508174=89314099+234142224+172968486 i133001699 u412688508 u0 t9.682
3333558 3040000 98 4 w4049965 r53342706 m54385882 f20860 r1041174921 p500
 478143366=89618548+234943979+173565228 i133449760 u414112557 u0 t9.904
3344467 3050000 98 4 w4073976 r53603468 m54649963 f20994 r1044853828 p500
 479740737=89918385+235729820+174143829 i133889838 u415502101 u0 t10.603
3355390 3060000 98 4 w4101819 r53879065 m54929354 f21150 r1048996262 p500
 481413586=90230624+236550329+174753692 i134347616 u416959472 u0 t18.435
3366284 3070000 98 4 w4127292 r54137346 m55191095 f21288 r1052827657 p500
 482988960=90526560+237328756+175320755 i134779085 u418332813 u0 t12.435
3377177 3080000 98 4 w4152249 r54401799 m55459010 f21426 r1056660127 p500
 484606407=90828041+238120588+175912435 i135221802 u419740558 u0 t14.138
3388055 3090000 98 4 w4178989 r54659594 m55720323 f21577 r1060494089 p500
 486152468=91119668+238885764+176466949 i135647864 u421086415 u0 t10.241
3398880 3100000 98 4 w4202142 r54913028 m55977055 f21701 r1064091750 p500
 487684763=91409430+239647791+177012102 i136073256 u422417911 u0 t10.243
3409787 3110000 98 4 w4227509 r55168355 m56235964 f21837 r1067874579 p500
 489223743=91698454+240408490+177565964 i136497339 u423757042 u0 t10.544
3420708 3120000 98 4 w4253924 r55429371 m56500408 f21979 r1071700195 p500
 490782966=91991874+241181846+178124362 i136926882 u425114671 u0 t10.95
3431637 3130000 98 4 w4278208 r55692488 m56766971 f22121 r1075447003 p500
 492372061=92290972+241966929+178696725 i137366749 u426495141 u0 t11.197
3442607 3140000 98 4 w4299954 r55938877 m57016439 f22245 r1078894014 p500
 493867479=92576410+242705734+179231864 i137777182 u427798712 u0 t11.018
3453456 3150000 98 4 w4320977 r56192866 m57273238 f22364 r1082145976 p500
 495418218=92870797+243475997+179783874 i138203980 u429150324 u0 t11.343
3464366 3160000 98 4 w4345780 r56450703 m57534394 f22507 r1085891679 p500
 496965936=93164715+244245389+180334199 i138630639 u430498162 u0 t11.581
3475266 3170000 98 4 w4372034 r56710360 m57797479 f22647 r1089610995 p500
 498503481=93454655+245005791+180885711 i139057120 u431833419 u0 t11.87
3486141 3180000 98 4 w4395714 r56958448 m58048760 f22781 r1093119422 p500
 499986498=93737190+245741376+181413852 i139463567 u433127897 u0 t12.028
3497008 3190000 98 4 w4420158 r57212520 m58306256 f22906 r1096718917 p500
 501529487=94026056+246498293+181975369 i139882686 u434475244 u0 t12.541
3507853 3200000 98 4 w4441973 r57461934 m58558649 f23030 r1100067265 p500
 503046559=94315835+247250150+182516197 i140294424 u435802774 u0 t12.834
3518683 3210000 98 4 w4467888 r57716497 m58816539 f23163 r1103677366 p500
 504564868=94603075+248002586+183059009 i140711315 u437126493 u0 t12.708
3529542 3220000 98 4 w4492108 r57972820 m59076223 f23302 r1107364938 p500
 506086306=94893153+248756525+183601588 i141130751 u438451497 u0 t13.606
3540480 3230000 98 4 w4517540 r58224273 m59331066 f23444 r1110993942 p500
 507573435=95176490+249498789+184127119 i141540780 u439747630 u0 t14.596
3551409 3240000 98 4 w4544749 r58489381 m59599777 f23582 r1114947624 p500
 509136904=95471887+250274207+184686052 i141971710 u441109533 u0 t20.287
3562370 3250000 98 4 w4569313 r58741706 m59855313 f23719 r1118451650 p500
 510633889=95756816+251017114+185219210 i142383703 u442413915 u0 t15.692
3573321 3260000 98 4 w4595022 r58998634 m60115668 f23860 r1122161959 p500
 512154031=96046348+251771059+185761190 i142802300 u443738620 u0 t15.642
3584317 3270000 98 4 w4621496 r59262765 m60383323 f24002 r1125978890 p500
 513711000=96340918+252547891+186312667 i143230837 u445095902 u0 t14.8
3595165 3280000 98 4 w4646295 r59516706 m60640320 f24128 r1129484049 p500
 515228612=96629800+253298990+186854771 i143646019 u446420820 u0 t14.69
3606131 3290000 98 4 w4670792 r59777822 m60904708 f24268 r1133064724 p500
 516787712=96926491+254070286+187412396 i144071832 u447782554 u0 t14.796
3617031 3300000 98 4 w4695745 r60031720 m61162113 f24404 r1136726515 p500
 518283261=97210191+254817319+187941237 i144484873 u449085434 u0 t14.704
3627996 3310000 98 4 w4721572 r60290832 m61424878 f24539 r1140496703 p500
 519803633=97499274+255577531+188477038 i144906643 u450408101 u0 t15.811
3638920 3320000 98 4 w4749457 r60558286 m61696001 f24691 r1144330013 p500
 521375389=97793280+256352278+189045476 i145338034 u451776777 u0 t18.316
3649881 3330000 98 4 w4774570 r60811197 m61952183 f24824 r1147853557 p500
 522880556=98076303+257096336+189586609 i145747403 u453092225 u0 t19.174
3660867 3340000 98 4 w4805568 r61088122 m62233060 f24990 r1151964057 p500
 524491379=98379942+257895171+190162867 i146189926 u454496022 u0 t18.288
3671820 3350000 98 4 w4836364 r61356634 m62505678 f25139 r1156128058 p500
 526041380=98675689+258665765+190712311 i146617096 u455847176 u0 t17.482
3682790 3360000 98 4 w4866367 r61632857 m62785991 f25296 r1160269256 p500
 527659222=98979781+259462353+191297318 i147057978 u457259367 u0 t17.177
3693808 3370000 98 4 w4895229 r61914932 m63071781 f25452 r1164312931 p500
 529325956=99293194+260282583+191900382 i147512703 u458713295 u0 t17.807
3704793 3380000 98 4 w4922349 r62192275 m63352787 f25611 r1168214319 p500
 530943069=99597886+261085257+192478358 i147959362 u460120791 u0 t16.913
3715703 3390000 98 4 w4950526 r62479794 m63643809 f25760 r1172089386 p500
 532641482=99915490+261923870+193091543 i148424496 u461601628 u0 t19.298
3726649 3400000 98 4 w4980074 r62772083 m63940018 f25910 r1176252483 p500
 534346388=100233856+262770855+193701866 i148892548 u463087818 u0 t18.053
3737635 3410000 98 4 w5013036 r63078759 m64250889 f26078 r1180634779 p500
 536134448=100568655+263669932+194329472 i149384208 u464647448 u0 t31.257
3748614 3420000 98 4 w5042313 r63380014 m64555972 f26239 r1184799100 p500
 537914058=100902015+264547436+194973273 i149870128 u466200264 u0 t23.258
3759597 3430000 98 4 w5076797 r63695375 m64875761 f26415 r1189420843 p500
 539732180=101243537+265443050+195631087 i150372999 u467779505 u0 t19.408
3770552 3440000 98 4 w5109736 r64007580 m65192168 f26583 r1193878892 p500
 541540317=101581938+266331153+196288296 i150872638 u469350219 u0 t20.89
Total lines processed: 3446097
Block Count:5, 9995
Avg Block Count:15125
Avg Max Count:1916, 2414, 98
Block Count:10114, 1197243
Avg Block Count:98
Avg Max Count:175, 145, 98
Level Count:3
Level Count:4
3867438 5
2088719 5
Max word len: 98
Total words generated: 542668336
Words inserted 151183271
Words updated: 470329668
total_cache_requests:  0
total_cache_misses:  0
cache_flush_count:  476
total_cache_requests:  1196665572
total_cache_misses:  65387960
cache_flush_count:  26686
Csz: 10000, pgsz: 4096
File page count: 10000
File page count: 1207357
3450875 3450000 55 4 w354 r149400 m129429 f1 r770839 p3358
 1534474=292212+759621+548030 i279026 u1480064 u0 t19.938
3461769 3460000 68 4 w536 r292260 m272328 f2 r1624672 p3352
 3093823=587681+1535126+1102718 i555996 u2991086 u0 t14.402
3472653 3470000 68 4 w2130 r432099 m412298 f9 r2558147 p3223
 4651907=881572+2306366+1661040 i826573 u4505865 u0 t11.827
3483566 3480000 68 4 w3061 r558763 m539040 f14 r3356123 p3212
 6133033=1162704+3041709+2188339 i1071760 u5959211 u0 t8.757
3494427 3490000 68 4 w3626 r682319 m662637 f17 r4120302 p3216
 7669332=1452293+3797217+2744197 i1314313 u7476222 u0 t6.925
3505271 3500000 68 4 w4301 r798715 m779071 f20 r4852573 p3210
 9166359=1736620+4537438+3280477 i1544347 u8961983 u0 t5.901
3516082 3510000 68 4 w5173 r915878 m896327 f22 r5633521 p3182
 10712940=2029920+5305714+3831461 i1775074 u10504677 u0 t5.41
3526965 3520000 68 4 w6073 r1024823 m1005314 f25 r6326083 p3178
 12233134=2318721+6059820+4373416 i1993305 u12029424 u0 t4.744
3537903 3530000 68 4 w6941 r1128404 m1108971 f29 r7020177 p3159
 13725800=2604161+6801610+4903216 i2200250 u13534609 u0 t4.333
3548831 3540000 70 4 w7126 r1228527 m1209116 f30 r7658999 p3157
 15261301=2893845+7563105+5452646 i2404424 u15090768 u0 t3.975
3559763 3550000 70 4 w7859 r1323943 m1304566 f33 r8294314 p3145
 16789837=3185060+8320360+5998293 i2598725 u16649129 u0 t3.692
3570699 3560000 70 4 w8537 r1413670 m1394345 f36 r8909097 p3130
 18302630=3472478+9071958+6536639 i2783263 u18199511 u0 t3.397
3581707 3570000 70 4 w9044 r1499212 m1479895 f39 r9457918 p3129
 19840376=3763736+9838147+7082457 i2961575 u19784745 u0 t3.143
3592585 3580000 70 4 w9574 r1579864 m1560574 f41 r10004167 p3119
 21378093=4055463+10599923+7631620 i3130901 u21378433 u0 t3.1
3603541 3590000 70 4 w10329 r1657284 m1638036 f44 r10567222 p3100
 22936042=4352494+11370458+8188249 i3293445 u23002406 u0 t2.879
3614454 3600000 70 4 w11315 r1727110 m1707930 f48 r11080457 p3082
 24425446=4635567+12114748+8714462 i3440403 u24564343 u0 t2.604
3625356 3610000 70 4 w12063 r1794894 m1775744 f52 r11582660 p3066
 25946062=4924418+12875171+9250581 i3586509 u26162994 u0 t2.505
3636314 3620000 70 4 w12846 r1858769 m1839670 f54 r12080363 p3045
 27498651=5216692+13641221+9810119 i3724047 u27804260 u0 t2.443
3647300 3630000 70 4 w13396 r1916266 m1897178 f58 r12491172 p3037
 29031717=5504190+14400747+10359989 i3852105 u29432891 u0 t2.402
3658249 3640000 70 4 w14041 r1972399 m1953349 f60 r12961972 p3013
 30611266=5801288+15182736+10926741 i3974858 u31120235 u0 t2.397
3669212 3650000 70 4 w14457 r2022299 m2003269 f62 r13348217 p3001
 32172428=6099404+15957260+11481836 i4086649 u32799057 u0 t2.235
3680185 3660000 70 4 w14960 r2067676 m2048654 f65 r13695261 p2991
 33771850=6400528+16745652+12058585 i4190422 u34527973 u0 t2.215
3691194 3670000 84 4 w14960 r2109271 m2090270 f65 r14032482 p2979
 35407713=6708335+17551013+12649940 i4285728 u36306018 u0 t2.175
3702190 3680000 84 4 w15600 r2146983 m2127986 f67 r14344001 p2967
 37082008=7022589+18380614+13250972 i4374586 u38136215 u0 t2.171
3713095 3690000 84 4 w16048 r2179968 m2160987 f68 r14656015 p2948
 38742270=7333413+19199524+13850911 i4451739 u39961041 u0 t2.095
3724056 3700000 84 4 w16048 r2209164 m2190187 f68 r14918043 p2936
 40444271=7652114+20044230+14460526 i4522106 u41841784 u0 t2.098
3735038 3710000 84 4 w16304 r2234610 m2215643 f69 r15181790 p2918
 42224364=7985357+20941151+15083475 i4584825 u43821562 u0 t2.138
3746009 3720000 84 4 w16304 r2253695 m2234729 f69 r15356821 p2910
 43997811=8317975+21817719+15722695 i4634982 u45803431 u0 t2.07
3757003 3730000 84 4 w16304 r2268771 m2249809 f69 r15552090 p2893
 45821806=8659887+22713021+16386325 i4674947 u47851753 u0 t2.079
3767964 3740000 84 4 w16304 r2278123 m2259163 f69 r15675949 p2882
 47590877=8991953+23586890+17023469 i4702991 u49850539 u0 t2.013
3778907 3750000 84 4 w22169 r2333535 m2315454 f73 r16467694 p2812
 49435825=9335096+24490104+17698535 i4789712 u51875387 u0 t5.227
3789864 3760000 84 4 w69444 r2659686 m2646382 f122 r20911455 p2531
 51190836=9661865+25349626+18340157 i5270143 u53403990 u0 t20.947
3800857 3770000 84 4 w130811 r3024412 m3017237 f219 r26346942 p2290
 52978219=9996793+26240371+18976856 i5760269 u54963426 u0 t23.959
3811740 3780000 84 4 w194085 r3370652 m3369433 f310 r31890395 p2113
 54689831=10318494+27085115+19594139 i6228289 u56456316 u0 t23.614
3822620 3790000 84 4 w259506 r3733535 m3738545 f446 r37615465 p1987
 56446772=10646342+27954753+20226660 i6708590 u57989357 u0 t21.734
3833442 3800000 93 4 w324222 r4075697 m4086505 f526 r43240321 p1890
 58125749=10959852+28787914+20829495 i7171694 u59450343 u0 t24.604
3844430 3810000 93 4 w391253 r4422368 m4439320 f642 r49258606 p1802
 59813474=11274512+29619113+21441977 i7633642 u60921100 u0 t24.497
3855380 3820000 93 4 w455256 r4791245 m4814515 f785 r55075531 p1748
 61620632=11612291+30519417+22087180 i8136804 u62489629 u0 t22.836
3866317 3830000 93 4 w522330 r5156164 m5185816 f867 r61174686 p1695
 63435210=11951147+31426329+22732008 i8643064 u64063515 u0 t26.155
3877139 3840000 93 4 w578699 r5512252 m5547292 f1000 r66524589 p1667
 65231248=12287137+32323388+23370183 i9142973 u65622945 u0 t29.223
3887970 3850000 93 4 w630626 r5873393 m5913444 f1089 r71860235 p1645
 67117005=12640940+33273830+24030151 i9666376 u67263501 u0 t38.629
3898815 3860000 93 4 w680223 r6222296 m6267046 f1212 r76966945 p1628
 68936905=12980034+34178880+24681916 i10171548 u68844003 u0 t23.615
3909737 3870000 93 4 w723976 r6569813 m6619043 f1304 r81721395 p1619
 70774296=13321646+35092529+25340881 i10683675 u70437259 u0 t25.167
3920675 3880000 93 4 w764833 r6908193 m6961317 f1425 r86245758 p1614
 72583489=13660604+35994167+25985947 i11183286 u72011486 u0 t25.372
3931590 3890000 93 4 w804108 r7255798 m7312755 f1543 r90742757 p1611
 74462667=14013313+36921192+26664104 i11698622 u73648273 u0 t26.431
3942449 3900000 93 4 w841977 r7586522 m7647223 f1632 r95115680 p1607
 76288130=14355622+37824332+27319895 i12199008 u75238667 u0 t22.663
3953379 3910000 93 4 w871617 r7928398 m7992140 f1731 r98977995 p1614
 78193383=14708297+38765338+28010429 i12725330 u76893894 u0 t28.648
3964233 3920000 93 4 w900258 r8255830 m8322607 f1825 r102782365 p1619
 80041002=15052575+39681393+28675225 i13234315 u78500928 u0 t33.07
3975112 3930000 93 4 w927436 r8580723 m8650287 f1900 r106404157 p1625
 81880535=15397589+40595117+29334373 i13738719 u80102278 u0 t26.556
3985946 3940000 93 4 w957284 r8920180 m8992955 f2019 r110387730 p1629
 83766928=15746608+41526262+30018740 i14259532 u81740916 u0 t23.78
3996853 3950000 93 4 w984288 r9243231 m9318867 f2090 r114077262 p1633
 85601098=16084620+42428118+30688740 i14763675 u83335755 u0 t24.38
4007717 3960000 93 4 w1011662 r9580814 m9659228 f2226 r117884217 p1638
 87485647=16433337+43360059+31370223 i15279342 u84978361 u0 t29.279
4018518 3970000 93 4 w1037589 r9900909 m9982122 f2285 r121668186 p1640
 89315391=16772697+44268005+32028445 i15785077 u86568850 u0 t30.813
4029362 3980000 93 4 w1063218 r10233715 m10317581 f2366 r125405819 p1645
 91187443=17119720+45198929+32699998 i16302055 u88196509 u0 t23.625
4040160 3990000 93 4 w1086692 r10574037 m10660357 f2477 r128936144 p1653
 93108296=17474765+46147443+33396845 i16824655 u89872660 u0 t27.244
4051005 4000000 93 4 w1107821 r10892912 m10981644 f2540 r132290720 p1660
 94967955=17823629+47071116+34063793 i17331306 u91494860 u0 t24.132
4062352 4010000 93 4 w1132555 r11226198 m11317583 f2614 r135822514 p1666
 96931021=18186688+48043256+34771941 i17853778 u93220219 u0 t24.939
4073202 4020000 93 4 w1160277 r11555862 m11650246 f2742 r139503781 p1670
 98742825=18524403+48940108+35426004 i18347826 u94801990 u0 t23.438
4084025 4030000 93 4 w1193346 r11883102 m11981135 f2805 r143730312 p1667
 100587421=18866936+49851444+36093754 i18850004 u96412148 u0 t25.561
4094954 4040000 93 4 w1230568 r12217609 m12319411 f2899 r148161995 p1662
 102398828=19203254+50739197+36755896 i19344139 u97990595 u0 t25.337
4105835 4050000 93 4 w1276242 r12567561 m12673813 f3022 r153211180 p1654
 104244619=19546611+51650429+37424291 i19853569 u99594695 u0 t26.036
4116724 4060000 93 4 w1324289 r12916377 m13027352 f3101 r158355894 p1645
 106090238=19889986+52561110+38093197 i20356770 u101204709 u0 t26.524
4127668 4070000 93 4 w1362786 r13247180 m13362042 f3209 r162866965 p1640
 107836980=20214677+53419134+38730462 i20832845 u102727894 u0 t22.461
4138580 4080000 93 4 w1413880 r13598160 m13717891 f3330 r168106279 p1632
 109658702=20555798+54317631+39388788 i21330563 u104316736 u0 t33.866
4149499 4090000 93 4 w1456797 r13930461 m14054633 f3415 r172690167 p1627
 111410237=20883266+55183036+40020710 i21809934 u105844203 u0 t30.637
4160400 4100000 93 4 w1499905 r14287213 m14415826 f3546 r177389171 p1625
 113287738=21231352+56105969+40704688 i22320525 u107482711 u0 t27.533
4171295 4110000 93 4 w1542818 r14627962 m14761023 f3619 r181993974 p1622
 115103416=21568931+57000302+41364049 i22821098 u109061032 u0 t26.92
4182276 4120000 93 4 w1582276 r14965706 m15102618 f3724 r186176877 p1622
 116887421=21901403+57880677+42010036 i23310946 u110614132 u0 t24.646
4193240 4130000 93 4 w1624806 r15298523 m15439886 f3835 r190638199 p1619
 118632661=22227957+58749837+42632793 i23789235 u112136173 u0 t34.063
4204144 4140000 93 4 w1663355 r15626275 m15771769 f3910 r194763070 p1619
 120391414=22554740+59618350+43269480 i24270334 u113668995 u0 t32.529
4215085 4150000 93 4 w1698302 r15961878 m16111084 f4040 r198744861 p1621
 122153565=22883206+60495506+43899957 i24756441 u115202487 u0 t26.301
4225999 4160000 93 4 w1732845 r16278997 m16432051 f4100 r202771174 p1620
 123880202=23204297+61351877+44520906 i25233640 u116703234 u0 t26.536
4236928 4170000 93 4 w1764530 r16589164 m16745505 f4178 r206455816 p1622
 125562874=23519008+62183368+45127765 i25697362 u118166883 u0 t25.876
4247810 4180000 93 4 w1796974 r16910471 m17070359 f4298 r210280026 p1623
 127275353=23837610+63030322+45745967 i26172348 u119653227 u0 t25.866
4258767 4190000 93 4 w1828302 r17218721 m17382007 f4357 r214047921 p1624
 128982253=24157127+63881662+46352750 i26637119 u121145697 u0 t23.845
Total lines processed: 4195219
Block Count:0, 1
Avg Block Count:26868971
Avg Max Count:0, 0, 93
Block Count:1566, 183285
Avg Block Count:94
Avg Max Count:171, 142, 93
Level Count:3
Level Count:4
4802479 5
2597012 5
Max word len: 93
Total words generated: 129838066
Words inserted 26868971
Words updated: 121891611
total_cache_requests:  0
total_cache_misses:  0
cache_flush_count:  0
total_cache_requests:  215816615
total_cache_misses:  17537757
cache_flush_count:  4394
Csz: 120000, pgsz: 4096
File page count: 10000
File page count: 1392207
Csz: 20000, pgsz: 4096
File page count: 10000
File page count: 1392207
4200914 4200000 52 1 w0 r32541 m0 f0 r0 p20
 1754807=327938+868686+632038 i73361 u1936725 u0 t8.792
4211849 4210000 52 1 w0 r53652 m13652 f0 r117327 p4654
 3523614=657779+1750351+1263299 i133227 u3904536 u0 t3.679
4222747 4220000 53 1 w0 r69122 m29122 f0 r256638 p4539
 5251810=978826+2607178+1885299 i179664 u5837588 u0 t2.957
4233697 4230000 53 1 w0 r80042 m40042 f0 r366366 p4371
 6970832=1299754+3454628+2507856 i216240 u7769359 u0 t2.451
4244591 4240000 59 1 w0 r86800 m46800 f0 r437868 p4275
 8652477=1612715+4285033+3116116 i240074 u9671356 u0 t1.886
4255487 4250000 59 1 w0 r90161 m50161 f0 r477012 p4206
 10352974=1930276+5134116+3720409 i253122 u11608164 u0 t1.77
4266510 4260000 59 1 w0 r136402 m96402 f0 r736353 p5236
 12023987=2250890+5949443+4329243 i339569 u13433886 u0 t7.123
4277501 4270000 59 1 w0 r358940 m318940 f0 r2165850 p5890
 13774062=2577280+6810870+4964452 i816068 u14960906 u0 t30.403
4288397 4280000 59 1 w0 r579191 m539191 f0 r3571230 p6039
 15509663=2903185+7665620+5592290 i1284528 u16479974 u0 t27.897
4299323 4290000 59 1 w0 r785893 m745893 f0 r4889841 p6101
 17134706=3210778+8468018+6176388 i1724065 u17902312 u0 t26.781
4310248 4300000 59 1 w0 r1000568 m960568 f0 r6257556 p6140
 18815656=3526588+9296337+6784157 i2179970 u19371456 u0 t27.076
4321181 4310000 59 1 w0 r1214889 m1174889 f0 r7616433 p6170
 20517737=3849193+10131363+7400946 i2632929 u20867664 u0 t24.525
4332098 4320000 60 1 w0 r1432425 m1392425 f0 r8996469 p6190
 22258972=4175905+10981354+8038343 i3092941 u22399975 u0 t23.319
4343048 4330000 60 1 w0 r1635202 m1595202 f0 r10279341 p6207
 23865989=4479938+11771069+8619377 i3520565 u23813346 u0 t22.479
4353912 4340000 60 1 w0 r1844319 m1804319 f0 r11602797 p6220
 25515609=4793173+12587823+9209368 i3961717 u25263481 u0 t23.583
4364862 4350000 60 1 w0 r2047157 m2007157 f0 r12885492 p6230
 27107566=5092094+13379091+9778466 i4389282 u26660828 u0 t22.061
4375836 4360000 60 1 w0 r2253850 m2213850 f0 r14188611 p6241
 28740418=5402833+14190833+10358151 i4823655 u28099063 u0 t23.287
4386740 4370000 60 1 w0 r2461391 m2421391 f0 r15499422 p6248
 30379794=5711437+15002438+10946485 i5260592 u29540805 u0 t24.026
4397620 4380000 60 1 w0 r2667626 m2627626 f0 r16806255 p6253
 32034880=6021535+15819011+11544577 i5696203 u31000882 u0 t23.141
4408580 4390000 60 1 w0 r2867369 m2827369 f0 r18066780 p6259
 33610912=6318822+16601000+12107886 i6116378 u32387667 u0 t22.562
4419598 4400000 60 1 w0 r3065459 m3025459 f0 r19314537 p6265
 35189076=6617245+17382083+12673183 i6532297 u33780793 u0 t22.36
4430553 4410000 60 1 w0 r3266848 m3226848 f0 r20584386 p6270
 36783050=6918729+18176368+13238372 i6955580 u35185962 u0 t22.671
4441516 4420000 60 1 w0 r3469998 m3429998 f0 r21864534 p6274
 38400958=7224605+18976321+13819595 i7382296 u36613452 u0 t23.261
4452422 4430000 60 1 w0 r3672972 m3632972 f0 r23142120 p6279
 40023245=7529712+19776917+14403913 i7808158 u38046869 u0 t23.42
4463334 4440000 60 1 w0 r3873460 m3833460 f0 r24402696 p6283
 41632660=7832324+20574947+14981743 i8228350 u39471222 u0 t23.198
4474264 4450000 60 1 w0 r4075866 m4035866 f0 r25684899 p6285
 43252707=8138089+21375368+15564197 i8655751 u40900083 u0 t24.502
4485110 4460000 60 1 w0 r4280178 m4240178 f0 r26971758 p6288
 44896516=8448840+22190896+16152400 i9084704 u42355812 u0 t24.524
4496037 4470000 60 1 w0 r4478792 m4438792 f0 r28218864 p6291
 46495235=8750150+22980752+16726587 i9500406 u43772254 u0 t24.164
4507036 4480000 60 1 w0 r4668487 m4628487 f0 r29401218 p6296
 48027998=9040262+23734741+17279588 i9894524 u45134471 u0 t22.282
4517986 4490000 60 1 w0 r4861601 m4821601 f0 r30607857 p6301
 49584459=9334977+24506057+17835513 i10296737 u46516786 u0 t23.488
4528918 4500000 60 1 w0 r5054713 m5014713 f0 r31813179 p6305
 51157959=9630615+25282473+18402583 i10698511 u47918101 u0 t23.522
4539845 4510000 60 1 w0 r5251089 m5211089 f0 r33040041 p6308
 52735954=9929549+26064804+18965820 i11107465 u49318252 u0 t23.259
4550805 4520000 60 1 w0 r5438282 m5398282 f0 r34209546 p6312
 54260068=10217322+26816069+19515717 i11497300 u50674072 u0 t22.958
4561742 4530000 60 1 w0 r5627826 m5587826 f0 r35390004 p6315
 55792474=10507570+27573462+20065399 i11890786 u52037020 u0 t23.328
4572682 4540000 60 1 w0 r5815351 m5775351 f0 r36558468 p6319
 57307104=10794143+28324327+20606288 i12280274 u53383905 u0 t23.508
4583626 4550000 60 1 w0 r6002141 m5962141 f0 r37724100 p6321
 58855219=11085568+29085823+21166070 i12668818 u54768295 u0 t23.44
4594583 4560000 60 1 w0 r6192501 m6152501 f0 r38910228 p6324
 60410369=11379025+29853094+21726524 i13064194 u56154753 u0 t24.202
4605507 4570000 60 1 w0 r6375125 m6335125 f0 r40045404 p6327
 61899362=11662710+30591624+22256724 i13442586 u57483721 u0 t23.186
4616424 4580000 60 1 w0 r6555809 m6515809 f0 r41164782 p6331
 63350542=11939294+31320034+22764887 i13815712 u58776791 u0 t23.329
4627317 4590000 60 1 w0 r6740867 m6700867 f0 r42314250 p6334
 64849468=12221802+32063848+23300762 i14198868 u60112501 u0 t24.389
4638225 4600000 60 1 w0 r6925711 m6885711 f0 r43462254 p6337
 66343979=12505189+32807758+23831365 i14581536 u61444004 u0 t24.148
4649157 4610000 60 1 w0 r7113683 m7073683 f0 r44628102 p6340
 67876683=12793667+33568219+24379673 i14970152 u62812826 u0 t24.684
4660106 4620000 60 1 w0 r7296589 m7256589 f0 r45757659 p6343
 69364320=13076796+34307613+24908459 i15346671 u64142703 u0 t23.451
4671014 4630000 60 1 w0 r7483803 m7443803 f0 r46915845 p6346
 70891391=13366761+35063943+25454939 i15732733 u65507168 u0 t24.614
4681915 4640000 60 1 w0 r7664216 m7624216 f0 r48030264 p6349
 72365801=13648978+35796000+25978318 i16104206 u66827058 u0 t23.435
4692848 4650000 63 1 w0 r7846475 m7806475 f0 r49155162 p6352
 73849325=13932002+36532330+26505719 i16479172 u68153566 u0 t23.904
4703783 4660000 63 1 w0 r8025340 m7985340 f0 r50260002 p6355
 75313371=14209804+37258012+27028531 i16847452 u69464169 u0 t23.539
4714655 4670000 63 1 w0 r8219356 m8179356 f0 r51461664 p6357
 76900416=14507316+38045703+27596850 i17248006 u70882856 u0 t25.519
4725621 4680000 63 1 w0 r8401706 m8361706 f0 r52586280 p6360
 78391086=14791412+38789852+28123560 i17622878 u72218474 u0 t24.174
4736512 4690000 63 1 w0 r8591955 m8551955 f0 r53761287 p6362
 79941167=15084167+39563037+28673573 i18014547 u73604819 u0 t24.943
4747430 4700000 63 1 w0 r8780499 m8740499 f0 r54928551 p6364
 81474807=15373975+40326510+29218937 i18403635 u74974316 u0 t24.649
4758373 4710000 63 1 w0 r8970129 m8930129 f0 r56095857 p6367
 83068451=15675138+41125645+29778384 i18792737 u76413827 u0 t23.782
4769300 4720000 63 1 w0 r9159635 m9119635 f0 r57274998 p6369
 84642836=15975568+41920502+30328068 i19185784 u77824927 u0 t24.017
4780247 4730000 63 1 w0 r9352217 m9312217 f0 r58458447 p6371
 86244886=16279880+42723032+30894749 i19580267 u79265784 u0 t25.389
4791194 4740000 63 1 w0 r9544908 m9504908 f0 r59647227 p6374
 87846960=16583532+43521868+31464743 i19976527 u80704250 u0 t25.894
4802250 4750000 63 1 w0 r9736615 m9696615 f0 r60829314 p6376
 89421710=16881355+44305432+32025083 i20370556 u82116020 u0 t26.051
4813203 4760000 63 4 w0 r9937560 m9898169 f0 r62443239 p6340
 91077790=17197649+45134612+32609826 i20775125 u83608820 u0 t27.464
4824163 4770000 63 4 w31495 r10168357 m10133407 f14 r66759417 p6071
 92754844=17513066+45977563+33202201 i21188000 u85117019 u0 t31.036
4835168 4780000 63 4 w58508 r10392400 m10361677 f27 r70964390 p5840
 94366480=17816462+46775961+33779898 i21590405 u86562020 u0 t29.012
4846169 4790000 68 4 w89033 r10624793 m10599023 f41 r75532699 p5612
 96027629=18126413+47596227+34380274 i22002086 u88053257 u0 t29.931
4857151 4800000 68 4 w117423 r10853531 m10832263 f57 r79840828 p5426
 97669221=18435089+48410811+34968634 i22409624 u89527216 u0 t30.774
4868077 4810000 68 4 w149653 r11091932 m11075782 f74 r84519736 p5241
 99358900=18752735+49248431+35574265 i22829860 u91043131 u0 t30.995
4879013 4820000 68 4 w181784 r11327262 m11316387 f92 r89291627 p5069
 101039032=19067146+50079092+36179897 i23243164 u92554889 u0 t30.632
4889946 4830000 68 4 w215463 r11571049 m11565569 f112 r94231705 p4909
 102753117=19388342+50920920+36803018 i23672415 u94088458 u0 t32.853
4900899 4840000 68 4 w251724 r11819881 m11820571 f134 r99588862 p4747
 104489868=19715954+51790734+37421218 i24102615 u95644459 u0 t32.542
4911869 4850000 68 4 w287824 r12079637 m12086453 f158 r105038604 p4602
 106301583=20051786+52676066+38086929 i24553559 u97266537 u0 t39.615
4922912 4860000 68 4 w326056 r12347605 m12360877 f185 r110678919 p4467
 108145161=20394405+53580295+38760512 i25019567 u98910338 u0 t43.886
4933903 4870000 68 4 w364309 r12613640 m12633538 f214 r116428306 p4340
 109954813=20730237+54465437+39424131 i25476992 u100524298 u0 t37.079
4944896 4880000 68 4 w400993 r12878066 m12904174 f247 r121915946 p4233
 111748669=21062435+55340149+40085168 i25934963 u102118679 u0 t34.203
4955970 4890000 68 4 w440801 r13151795 m13184901 f286 r127997990 p4120
 113566248=21397905+56230835+40750944 i26401098 u103732810 u0 t46.3
4966983 4900000 68 4 w479748 r13411290 m13451142 f329 r133828544 p4020
 115279821=21714439+57067545+41381912 i26839795 u105254619 u0 t38.715
4977911 4910000 68 4 w516931 r13674113 m13720508 f382 r139441019 p3935
 117023903=22038739+57923234+42017873 i27280006 u106810976 u0 t33.335
4988913 4920000 68 4 w554170 r13938250 m13991151 f474 r145065990 p3857
 118699790=22351609+58750843+42622667 i27717209 u108294108 u0 t33.019
4999863 4930000 80 4 w591908 r14194619 m14254093 f520 r150855627 p3779
 120440286=22676829+59610150+43251091 i28166185 u109839040 u0 t34.329
5010770 4940000 80 4 w630819 r14451394 m14517999 f545 r157021389 p3698
 122166747=22998761+60458647+43879000 i28610928 u111371191 u0 t33.884
5021729 4950000 80 4 w670693 r14709115 m14782365 f574 r162838866 p3631
 123912923=23323808+61317353+44513892 i29056743 u112924952 u0 t47.001
5032656 4960000 80 4 w710575 r14973289 m15053819 f606 r169062400 p3561
 125651593=23648278+62177070+45141138 i29507751 u114465769 u0 t38.931
5043533 4970000 80 4 w748162 r15232016 m15319332 f642 r174927147 p3503
 127358369=23967858+63020295+45756497 i29946109 u115982969 u0 t34.062
5054418 4980000 80 4 w787472 r15499970 m15594113 f689 r180822238 p3449
 129096114=24293027+63888322+46373872 i30400143 u117522103 u0 t35.531
5065306 4990000 80 4 w822064 r15759325 m15859655 f747 r186285484 p3405
 130799284=24612419+64730665+46986687 i30840667 u119033350 u0 t33.433
5076278 5000000 80 4 w858557 r16027239 m16134509 f834 r192283371 p3356
 132522316=24934512+65584277+47605649 i31285913 u120562531 u0 t35.862
5087131 5010000 80 4 w896078 r16289148 m16403241 f862 r198213104 p3310
 134291537=25264483+66461283+48241662 i31741196 u122134137 u0 t34.011
5098057 5020000 80 4 w934928 r16556768 m16677871 f895 r204263355 p3265
 136069098=25595351+67346067+48877736 i32204284 u123708465 u0 t35.546
5108966 5030000 80 4 w971405 r16827504 m16955140 f934 r210087639 p3228
 137880918=25934092+68245282+49527485 i32671957 u125316904 u0 t51.648
5119905 5040000 80 4 w1005306 r17084501 m17218786 f981 r215812583 p3191
 139573174=26251457+69083411+50135366 i33107588 u126820227 u0 t36.332
5130861 5050000 80 4 w1037477 r17350537 m17490545 f1051 r221053953 p3164
 141329629=26578835+69957102+50764364 i33561693 u128378987 u0 t33.841
5141838 5060000 80 4 w1063567 r17609212 m17754501 f1108 r225999319 p3142
 143088408=26908070+70830835+51393065 i34022438 u129934003 u0 t35.259
5152769 5070000 80 4 w1093280 r17867126 m18017849 f1140 r231098352 p3118
 144874715=27240763+71717344+52034955 i34482913 u131520482 u0 t35.199
Total lines processed: 5075106
Block Count:4, 9997
Avg Block Count:3472
Avg Max Count:3088, 2328, 80
Block Count:1537, 191695
Avg Block Count:95
Avg Max Count:170, 141, 71
Level Count:3
Level Count:4
5851216 5
3165159 5
Max word len: 80
Total words generated: 145753657
Words inserted 34710625
Words updated: 132299813
total_cache_requests:  0
total_cache_misses:  0
cache_flush_count:  476
total_cache_requests:  233546007
total_cache_misses:  18147303
cache_flush_count:  1156
