Csz: 2, pgsz: 4096
File page count: 0
File page count: 0
Stg buf: 32mb, Idx1 buf: 32mb, Idx1+ buf: 16mb
Idx1 entry count limit: 25 million, Idx2 buf: 32mb
File page count: 0
10988 10000 60 1 w0 r0 m0 f0 r0 p20
 1502009=280567+736357+547318 i721658 u998423 u0 t2.754
22023 20000 60 3 w7694 r0 m0 f366 r0 p20
 2970299=556558+1459020+1077812 i1299209 u2102895 u0 t3.538
Idx1+ lookups: 1872025 1872000 
Idx1+ positiv: 25 51658 
Idx1+ found  : 25 51658 
33024 30000 60 3 w14142 r10714 m16594 f401 r1179034 p500
 4455591=837142+2190955+1612898 i1852391 u3251575 u0 t3.391
44043 40000 66 3 w21483 r30235 m38803 f411 r2418185 p500
 6021768=1126498+2950354+2194339 i2403108 u4491603 u0 t3.651
55121 50000 66 3 w34704 r58314 m69819 f431 r3508710 p500
 7457432=1399039+3657323+2711810 i2899495 u5640597 u0 t3.35
Idx1+ lookups: 3542186 3540616 
Idx1+ positiv: 1570 217747 
Idx1+ found  : 1570 217747 
66115 60000 66 3 w52236 r95135 m112163 f455 r4858894 p500
 8882525=1666288+4349737+3237298 i3372066 u6798479 u0 t3.499
77117 70000 66 4 w67227 r138957 m160578 f477 r6434973 p500
 10323681=1938542+5063745+3753209 i3851018 u7971772 u0 t3.488
88102 80000 66 4 w87542 r189418 m215037 f509 r8141023 p500
 11702242=2200826+5741136+4250267 i4299728 u9103082 u0 t3.38
Idx1+ lookups: 5188514 5182901 
Idx1+ positiv: 5613 435030 
Idx1+ found  : 5613 435030 
99095 90000 66 4 w114336 r248975 m279436 f553 r10035646 p500
 13139065=2468368+6445510+4774403 i4761616 u10286594 u0 t3.616
110113 100000 66 4 w140156 r313404 m348188 f596 r11787784 p500
 14570300=2739305+7152735+5287868 i5211290 u11477401 u0 t3.562
121109 110000 66 4 w168774 r382607 m421784 f645 r13586772 p500
 15981984=3006512+7851613+5792984 i5655730 u12651059 u0 t3.764
Idx1+ lookups: 6770355 6755080 
Idx1+ positiv: 15275 668868 
Idx1+ found  : 15275 668868 
132028 120000 66 4 w198296 r457358 m500299 f697 r15229732 p500
 17532484=3286822+8590277+6386159 i6106532 u13969042 u0 t3.807
142990 130000 66 4 w237038 r542616 m590098 f766 r17260728 p500
 18986448=3562710+9311119+6905248 i6548879 u15193514 u0 t4.127
153925 140000 66 4 w274091 r629165 m680622 f833 r19001097 p500
 20474477=3841729+10051396+7435263 i6999138 u16448960 u0 t3.851
Idx1+ lookups: 8369753 8331113 
Idx1+ positiv: 38640 921981 
Idx1+ found  : 38640 921978 
164855 150000 66 4 w316818 r723956 m779838 f911 r20926119 p500
 21982251=4126056+10796461+7976893 i7453888 u17721979 u0 t3.995
175812 160000 66 4 w362969 r824471 m884722 f995 r22848872 p500
 23584909=4417148+11560934+8588302 i7914229 u19089936 u0 t4.102
186797 170000 66 4 w410944 r928074 m992881 f1086 r24838782 p500
 25060643=4694278+12291216+9118384 i8355287 u20340529 u0 t4.015
Idx1+ lookups: 9952204 9872248 
Idx1+ positiv: 79956 1186549 
Idx1+ found  : 79956 1186543 
197847 180000 66 4 w458478 r1031422 m1100201 f1175 r26621898 p500
 26594805=4977567+13035840+9687961 i8800877 u21648837 u0 t4.018
208776 190000 66 4 w516669 r1148276 m1221949 f1283 r28733267 p500
 28107430=5261667+13783743+10232285 i9242517 u22940730 u0 t4.213
219728 200000 66 4 w569492 r1260930 m1338641 f1383 r30535076 p500
 29612928=5546285+14529981+10770299 i9679782 u24229836 u0 t4.078
Idx1+ lookups: 11558680 11416277 
Idx1+ positiv: 142403 1466553 
Idx1+ found  : 142403 1466538 
230584 210000 66 4 w630847 r1385316 m1467663 f1501 r32634010 p500
 31176719=5839236+15302598+11333221 i10127173 u25573869 u0 t4.318
241548 220000 66 4 w688439 r1504634 m1590720 f1614 r34422951 p500
 32683216=6122373+16045650+11876729 i10560684 u26866454 u0 t4.485
252514 230000 66 4 w763298 r1643913 m1734878 f1762 r36698182 p500
 34281334=6415992+16823378+12467909 i11011556 u28242798 u0 t4.558
Idx1+ lookups: 13175487 12951874 
Idx1+ positiv: 223613 1753613 
Idx1+ found  : 223613 1753582 
263483 240000 66 4 w825522 r1773897 m1868975 f1884 r38639822 p500
 35779646=6698842+17564571+13004988 i11440135 u29531606 u0 t4.244
274496 250000 66 4 w888296 r1902143 m2000847 f2008 r40453322 p500
 37310769=6986369+18323484+13553505 i11876641 u30849726 u0 t4.436
285461 260000 66 4 w964365 r2044437 m2147653 f2160 r42565625 p500
 38803051=7268863+19066410+14083606 i12299710 u32138128 u0 t4.465
Idx1+ lookups: 14810627 14487135 
Idx1+ positiv: 323492 2049465 
Idx1+ found  : 323492 2049388 
296415 270000 66 4 w1032057 r2181476 m2288566 f2293 r44468887 p500
 40291660=7548931+19800727+14620226 i12719617 u33423835 u0 t4.568
307437 280000 66 4 w1110796 r2327778 m2438988 f2449 r46499772 p500
 41798390=7832680+20548382+15159093 i13142025 u34728685 u0 t4.393
318462 290000 66 4 w1190888 r2482726 m2598250 f2609 r48601488 p500
 43400958=8135339+21341253+15733409 i13591134 u36116205 u0 t4.63
Idx1+ lookups: 16452984 16016778 
Idx1+ positiv: 436206 2352153 
Idx1+ found  : 436206 2351999 
329483 300000 66 4 w1276579 r2644512 m2764387 f2777 r50744369 p500
 45028067=8442234+22155263+16308545 i14053075 u37520931 u0 t5.643
340525 310000 66 4 w1365591 r2809186 m2933687 f2951 r52981277 p500
 46615498=8738046+22934138+16886727 i14489506 u38901705 u0 t5.176
Idx1+ lookups: 18089892 17529110 
Idx1+ positiv: 560782 2652758 
Idx1+ found  : 560782 2652459 
351480 320000 94 4 w1451468 r2970854 m3099684 f3121 r55105475 p500
 48198444=9038935+23721499+17447383 i14924286 u40281191 u0 t4.901
362496 330000 94 4 w1533511 r3125129 m3257845 f3284 r56984578 p500
 49733444=9330284+24482692+17993474 i15348084 u41617139 u0 t4.536
373551 340000 94 4 w1621236 r3292267 m3429315 f3459 r59092192 p500
 51290420=9626097+25253246+18550462 i15776823 u42973431 u0 t4.641
Idx1+ lookups: 19740881 19040570 
Idx1+ positiv: 700311 2961201 
Idx1+ found  : 700311 2960645 
384689 350000 94 4 w1717134 r3463891 m3605361 f3650 r61212514 p500
 52863841=9922129+26021395+19125405 i16211252 u44340451 u0 t5.151
395874 360000 94 4 w1813131 r3641483 m3787334 f3843 r63382743 p500
 54481113=10221859+26805577+19724920 i16659778 u45741061 u0 t4.905
406862 370000 94 4 w1920195 r3830937 m3981627 f4053 r65723847 p500
 56127737=10531055+27599843+20335875 i17111954 u47171665 u0 t5.039
Idx1+ lookups: 21404727 20554378 
Idx1+ positiv: 850349 3268547 
Idx1+ found  : 850349 3267543 
417894 380000 94 4 w2011904 r4003540 m4158268 f4236 r67733478 p500
 57710652=10827571+28373736+20913921 i17550060 u48545625 u0 t4.776
428912 390000 94 4 w2108558 r4180342 m4339086 f4429 r69787600 p500
 59267668=11118998+29134387+21483671 i17976993 u49900768 u0 t4.697
439874 400000 94 4 w2212517 r4366769 m4529948 f4634 r71960589 p500
 60798949=11403897+29878773+22048738 i18389886 u51239419 u0 t4.771
Idx1+ lookups: 23072574 22060688 
Idx1+ positiv: 1011886 3582412 
Idx1+ found  : 1011886 3580761 
450859 410000 94 4 w2322304 r4560428 m4728149 f4855 r74208855 p500
 62344803=11692810+30638301+22610561 i18812380 u52587232 u0 t4.838
461847 420000 94 4 w2413056 r4731008 m4902181 f5039 r76013349 p500
 63844431=11974358+31373784+23155226 i19219115 u53897765 u0 t4.539
472807 430000 94 4 w2527858 r4935325 m5111134 f5270 r78350094 p500
 65437780=12274970+32155539+23733015 i19647666 u55293921 u0 t5.078
Idx1+ lookups: 24744154 23560228 
Idx1+ positiv: 1183926 3901219 
Idx1+ found  : 1183926 3898519 
483790 440000 94 4 w2628149 r5125958 m5305567 f5478 r80335525 p500
 67045767=12575174+32948774+24314528 i20083492 u56700280 u0 t4.942
494708 450000 94 4 w2748738 r5340734 m5524937 f5719 r82657835 p500
 68699472=12883619+33764275+24912530 i20527372 u58150457 u0 t5.295
Idx1+ lookups: 26427807 25060958 
Idx1+ positiv: 1366849 4228042 
Idx1+ found  : 1366849 4223914 
505590 460000 94 4 w2861473 r5551862 m5740105 f5949 r84835692 p500
 70351532=13192036+34579703+25508940 i20970533 u59600197 u0 t5.188
516566 470000 94 4 w2984552 r5773125 m5965892 f6196 r87191972 p500
 71990802=13497983+35383004+26106829 i21406006 u61040699 u0 t5.232
527520 480000 94 4 w3109277 r5997955 m6195225 f6444 r89514071 p500
 73645399=13806248+36198720+26705964 i21848386 u62493062 u0 t5.454
Idx1+ lookups: 28109285 26552091 
Idx1+ positiv: 1557194 4558500 
Idx1+ found  : 1557194 4552278 
538466 490000 94 4 w3227709 r6218959 m6420331 f6683 r91728961 p500
 75322036=14118226+37019796+27319560 i22291198 u63969022 u0 t5.355
549399 500000 94 4 w3354935 r6450052 m6655751 f6941 r94053393 p500
 77023425=14443739+37852951+27939452 i22739713 u65468188 u0 t5.637
Idx1+ lookups: 29792522 28036889 
Idx1+ positiv: 1755633 4895573 
Idx1+ found  : 1755633 4886657 
560288 510000 94 4 w3487334 r6689945 m6900282 f7210 r96497970 p500
 78683779=14754211+38673947+28537979 i23175074 u66935019 u0 t5.616
571192 520000 94 4 w3608277 r6915783 m7130064 f7453 r98664787 p500
 80352712=15063905+39495351+29144443 i23615138 u68405648 u0 t5.638
582148 530000 94 4 w3740960 r7158124 m7376788 f7722 r101050318 p500
 82036336=15378372+40322769+29756566 i24055898 u69892902 u0 t5.554
Idx1+ lookups: 31476507 29511209 
Idx1+ positiv: 1965298 5230728 
Idx1+ found  : 1965298 5218179 
593039 540000 94 4 w3880664 r7410616 m7633819 f8005 r103489687 p500
 83771290=15699382+41171815+30392891 i24502016 u71431902 u0 t5.964
604123 550000 94 4 w3989549 r7617686 m7844528 f8222 r105418192 p500
 85292841=15985696+41911091+30952926 i24892730 u72782467 u0 t4.878
615220 560000 94 4 w4093847 r7803438 m8033634 f8433 r107225245 p500
 86578406=16228956+42541143+31420369 i25220409 u73927540 u0 t4.329
Idx1+ lookups: 33134869 30959157 
Idx1+ positiv: 2175712 5567730 
Idx1+ found  : 2175712 5550533 
626410 570000 94 4 w4187068 r7979094 m8212273 f8620 r108860037 p500
 87844101=16466215+43152805+31889826 i25539748 u75056102 u0 t4.026
637646 580000 94 4 w4299640 r8172848 m8409602 f8843 r110719750 p500
 89076810=16700413+43755344+32338702 i25850251 u76157717 u0 t4.17
cache requests:  110969426, Misses: 8435805, Flush#: 8870
File page count: 245411
File page count: 0
648847 590000 94 3 w4686 r0 m0 f223 r0 p20
 90374030=16941574+44376422+32827115 i26161957 u77327724 u0 t4.387
660023 600000 94 3 w9324 r201 m1657 f392 r262945 p500
 91532382=17161983+44938682+33251932 i26450897 u78365274 u0 t4.014
Idx1+ lookups: 34757732 774237 32362109 
Idx1+ positiv: 2385630 9993 5893418 
Idx1+ found  : 2385630 9993 5870529 
671169 610000 94 3 w13567 r4093 m8236 f398 r1067431 p500
 92677881=17380618+45496976+33670550 i26735788 u79392552 u0 t3.927
682330 620000 94 3 w21303 r11397 m18197 f408 r1976567 p500
 93822077=17600425+46050280+34090645 i27017530 u80420625 u0 t4.266
693457 630000 94 3 w31044 r22804 m32642 f422 r2861809 p500
 95055697=17831544+46649550+34545330 i27315757 u81533916 u0 t4.042
Idx1+ lookups: 36377299 2174255 33704832 
Idx1+ positiv: 2605179 67288 6172236 
Idx1+ found  : 2605179 67288 6143779 
704731 640000 94 3 w44146 r37459 m50679 f441 r3690161 p500
 96294487=18063003+47246521+35007532 i27615794 u82650360 u0 t4.023
715916 650000 94 3 w56509 r56354 m73237 f459 r4596235 p500
 97439920=18281492+47802828+35427035 i27896451 u83681716 u0 t3.908
727122 660000 94 4 w74699 r80618 m101263 f487 r5779385 p500
 98670868=18515586+48399959+35879326 i28194450 u84793007 u0 t5.217
738273 670000 94 4 w95032 r109292 m133643 f520 r7237984 p500
 99875743=18744879+48985343+36321344 i28486533 u85881205 u0 t4.202
Idx1+ lookups: 37994187 3563746 35002896 
Idx1+ positiv: 2832576 158715 6419941 
Idx1+ found  : 2832576 158715 6385897 
749495 680000 94 4 w112241 r138187 m165833 f548 r8524929 p500
 101042383=18969139+49551143+36748337 i28766009 u86938406 u0 t4.285
760693 690000 94 4 w134621 r173710 m204770 f586 r9940575 p500
 102254980=19199662+50136770+37196455 i29060532 u88031807 u0 t4.198
771972 700000 94 4 w160845 r213797 m248525 f631 r11490772 p500
 103465720=19428892+50723315+37642786 i29355714 u89122846 u0 t4.439
783287 710000 94 4 w181616 r251311 m288780 f667 r12673574 p500
 104639900=19653350+51296043+38070532 i29640455 u90183392 u0 t4.134
Idx1+ lookups: 39625451 4961557 36283616 
Idx1+ positiv: 3066029 275807 6645162 
Idx1+ found  : 3066029 275806 6605532 
794503 720000 94 4 w211181 r297530 m338557 f719 r14205059 p500
 105795637=19874772+51860524+38490375 i29922013 u91226226 u0 t4.135
805629 730000 94 4 w237914 r344484 m388909 f766 r15601719 p500
 107012879=20104345+52440052+38949652 i30215358 u92323877 u0 t4.122
816809 740000 94 4 w266473 r392012 m439619 f817 r16956819 p500
 108170750=20322040+52988329+39390324 i30489392 u93371617 u0 t3.976
Idx1+ lookups: 41239059 6336791 37518641 
Idx1+ positiv: 3304403 416016 6844955 
Idx1+ found  : 3304403 416015 6799843 
827890 750000 94 4 w300518 r445904 m496981 f878 r18433449 p500
 109346023=20541989+53535547+39846975 i30760179 u94440650 u0 t4.19
839058 760000 94 4 w327563 r495548 m549406 f927 r19649673 p500
 110457274=20754203+54068761+40260181 i31021000 u95451347 u0 t4.193
850231 770000 94 4 w365940 r556931 m614270 f998 r21214019 p500
 111644530=20977813+54640699+40701567 i31303312 u96526938 u0 t4.307
861324 780000 94 4 w395504 r610595 m670539 f1053 r22406551 p500
 112756712=21190675+55177904+41111668 i31571161 u97532357 u0 t3.805
Idx1+ lookups: 42858153 7713677 38734062 
Idx1+ positiv: 3546611 577483 7028163 
Idx1+ found  : 3546611 577480 6977526 
872344 790000 94 4 w436876 r676292 m739747 f1129 r23975439 p500
 113901230=21409743+55727856+41536166 i31839797 u98573829 u0 t4.49
883522 800000 94 4 w464908 r730325 m796061 f1182 r25040399 p500
 115052446=21630279+56283615+41960828 i32110410 u99621261 u0 t3.77
894714 810000 94 4 w512424 r802782 m872224 f1271 r26738131 p500
 116160183=21843397+56812897+42374928 i32373380 u100625632 u0 t4.154
905844 820000 94 4 w541536 r859243 m930825 f1327 r27737676 p500
 117283223=22058021+57355645+42788962 i32637207 u101647321 u0 t3.594
Idx1+ lookups: 44475583 9081058 39927523 
Idx1+ positiv: 3796660 751408 7198259 
Idx1+ found  : 3796660 751400 7142324 
916882 830000 94 4 w598387 r947433 m1023323 f1433 r29706447 p500
 118549967=22298052+57962861+43262652 i32939227 u102793578 u0 t5.123
927964 840000 94 4 w637118 r1016769 m1095238 f1507 r30937588 p500
 119743936=22526809+58544733+43697164 i33228559 u103872515 u0 t4.071
939033 850000 94 4 w690669 r1103982 m1186105 f1610 r32644399 p500
 121004026=22765154+59154770+44162145 i33533177 u105010081 u0 t4.815
950128 860000 94 4 w737647 r1183856 m1269087 f1699 r34090030 p500
 122238911=23000263+59758465+44610481 i33833708 u106124322 u0 t4.427
Idx1+ lookups: 46143487 10487152 41142249 
Idx1+ positiv: 4058470 942791 7360930 
Idx1+ found  : 4058470 942768 7299384 
961260 870000 94 4 w793125 r1273379 m1362245 f1803 r35739743 p500
 123458245=23233306+60350981+45056196 i34127995 u107226286 u0 t4.447
972424 880000 94 4 w843514 r1358814 m1450901 f1899 r37247384 p500
 124673076=23464513+60935225+45507237 i34420488 u108323539 u0 t4.443
983571 890000 94 4 w896385 r1447117 m1542331 f2002 r38748393 p500
 125884344=23693920+61524697+45951042 i34714677 u109415990 u0 t4.627
Idx1+ lookups: 47810605 11888774 42342584 
Idx1+ positiv: 4323966 1144098 7514560 
Idx1+ found  : 4323966 1144055 7447540 
994789 900000 94 4 w954321 r1539557 m1638024 f2114 r40291318 p500
 127057734=23916914+62089299+46386563 i34991034 u110482280 u0 t4.256
1005944 910000 94 4 w1003813 r1626412 m1727744 f2211 r41679145 p500
 128303145=24152135+62684289+46852631 i35270829 u111626142 u0 t4.763
1017100 920000 94 4 w1058934 r1717575 m1822045 f2318 r43162329 p500
 129430532=24368313+63227679+47268900 i35535901 u112651762 u0 t4.145
1028294 930000 94 4 w1108895 r1802518 m1909712 f2414 r44486844 p500
 130528677=24578028+63757612+47674284 i35794648 u113650106 u0 t3.92
Idx1+ lookups: 49433042 13249113 43491530 
Idx1+ positiv: 4586064 1355555 7654230 
Idx1+ found  : 4586064 1355448 7581807 
1039422 940000 94 4 w1171184 r1902063 m2012433 f2535 r46043458 p500
 131687827=24798360+64320403+48099629 i36069604 u114702429 u0 t4.374
1050473 950000 94 4 w1229744 r2000569 m2114040 f2648 r47556728 p500
 132854633=25020472+64887893+48525919 i36342971 u115765288 u0 t4.524
1061568 960000 94 4 w1292266 r2102879 m2219459 f2771 r49128844 p500
 134043070=25250333+65467521+48956681 i36614938 u116856131 u0 t4.517
1072599 970000 94 4 w1354337 r2207015 m2326529 f2893 r50586709 p500
 135291847=25485760+66067542+49422293 i36901300 u117997573 u0 t4.364
Idx1+ lookups: 51057859 14605458 44628383 
Idx1+ positiv: 4854536 1575150 7784187 
Idx1+ found  : 4854536 1574940 7706363 
1083733 980000 94 4 w1412471 r2305037 m2427441 f3006 r52027818 p500
 136399100=25701026+66611278+49818919 i37158670 u119010469 u0 t4.166
1094785 990000 94 4 w1473503 r2405769 m2530998 f3125 r53448016 p500
 137519050=25917257+67155540+50227043 i37420846 u120031696 u0 t4.128
1105876 1000000 94 4 w1534678 r2510673 m2638866 f3245 r54914494 p500
 138665713=26137695+67717784+50640862 i37690289 u121077303 u0 t4.339
Idx1+ lookups: 52709075 15979985 45771143 
Idx1+ positiv: 5131225 1807128 7910563 
Idx1+ found  : 5131225 1806707 7827432 
1117034 1010000 94 4 w1600551 r2618684 m2749784 f3375 r56421355 p500
 139787403=26354448+68264708+51048328 i37954909 u122098052 u0 t4.22
1128112 1020000 94 4 w1661587 r2721483 m2855262 f3494 r57773842 p500
 140921791=26573668+68822755+51454807 i38224007 u123130381 u0 t4.167
1139060 1030000 94 4 w1737628 r2846232 m2983474 f3643 r59499582 p500
 142169262=26814500+69435817+51902697 i38524765 u124260263 u0 t5.021
1150007 1040000 94 4 w1819839 r2983129 m3123909 f3804 r61305665 p500
 143561529=27079998+70114418+52410413 i38859534 u125519697 u0 t5.44
Idx1+ lookups: 54397556 17385117 46939824 
Idx1+ positiv: 5414574 2043870 8035308 
Idx1+ found  : 5414574 2043158 7946808 
1160894 1050000 94 4 w1908861 r3130344 m3275076 f3978 r63245149 p500
 144998334=27351326+70820475+52930359 i39209577 u126815799 u0 t5.484
1171814 1060000 94 4 w1994343 r3271266 m3419611 f4148 r65050392 p500
 146379096=27613815+71499763+53428048 i39545757 u128061949 u0 t5.305
1182789 1070000 94 4 w2085036 r3419964 m3572164 f4326 r66966039 p500
 147771413=27879098+72187374+53926681 i39884722 u129319424 u0 t5.691
Idx1+ lookups: 56103027 18802397 48115307 
Idx1+ positiv: 5702765 2286113 8157753 
Idx1+ found  : 5702765 2284955 8063769 
1193726 1080000 94 4 w2166051 r3558409 m3713936 f4487 r68668374 p500
 149134067=28139227+72857138+54417549 i40214397 u130551546 u0 t5.119
1204582 1090000 94 4 w2265070 r3718510 m3877969 f4681 r70657357 p500
 150558189=28410800+73563244+54924922 i40561217 u131837925 u0 t5.514
1215452 1100000 94 4 w2368151 r3886123 m4049765 f4884 r72730665 p500
 152005113=28686816+74275924+55445128 i40906988 u133150145 u0 t5.644
Idx1+ lookups: 57811609 20219831 49279203 
Idx1+ positiv: 5993913 2540407 8273545 
Idx1+ found  : 5993913 2538493 8174085 
1226363 1110000 94 4 w2468582 r4053552 m4221080 f5085 r74719742 p500
 153500823=28969235+75014161+55983169 i41268415 u134503126 u0 t5.709
1237247 1120000 94 4 w2561047 r4213759 m4384960 f5269 r76616049 p500
 154937436=29243149+75724625+56496704 i41611650 u135806953 u0 t5.414
1248176 1130000 94 4 w2661570 r4378922 m4553845 f5468 r78530749 p500
 156402735=29522272+76447278+57022338 i41964174 u137134187 u0 t5.548
Idx1+ lookups: 59524125 21635108 50434561 
Idx1+ positiv: 6291152 2801368 8382998 
Idx1+ found  : 6291152 2798412 8278116 
1259068 1140000 94 4 w2766255 r4553986 m4732868 f5676 r80561479 p500
 157861130=29797985+77168674+57545265 i42318623 u138451330 u0 t5.67
1269968 1150000 94 4 w2866300 r4724332 m4906996 f5876 r82450339 p500
 159329507=30076803+77900612+58066164 i42673548 u139780528 u0 t5.546
1280888 1160000 94 4 w2982396 r4910370 m5097193 f6106 r84583418 p500
 160787360=30353505+78624948+58585504 i43029449 u141096317 u0 t5.859
Idx1+ lookups: 61245425 23056173 51594218 
Idx1+ positiv: 6591387 3064362 8490351 
Idx1+ found  : 6591387 3059820 8379959 
1291754 1170000 94 4 w3085263 r5085470 m5275999 f6311 r86496107 p500
 162257086=30632524+79353396+59110035 i43385636 u142425597 u0 t5.736
1302652 1180000 94 4 w3192886 r5267622 m5462016 f6525 r88470090 p500
 163740225=30914948+80088433+59638609 i43741114 u143771461 u0 t5.686
1313613 1190000 94 4 w3313564 r5466556 m5665295 f6764 r90688922 p500
 165222365=31196415+80824289+60167001 i44099160 u145113283 u0 t5.981
Idx1+ lookups: 62962766 24472560 52739921 
Idx1+ positiv: 6892341 3337226 8591636 
Idx1+ found  : 6892341 3330504 8475763 
1324596 1200000 94 4 w3413226 r5643679 m5845885 f6965 r92475143 p500
 166705142=31477697+81562307+60693492 i44455545 u146457888 u0 t5.6
1335456 1210000 94 4 w3533801 r5843185 m6049426 f7206 r94616822 p500
 168224635=31765451+82316176+61235830 i44822884 u147832943 u0 t19.539
1346441 1220000 94 4 w3652584 r6046914 m6257217 f7444 r96739484 p500
 169783151=32059976+83084342+61797326 i45192757 u149248871 u0 t6.142
Idx1+ lookups: 64678048 25883654 53877493 
Idx1+ positiv: 7196529 3613599 8690166 
Idx1+ found  : 7196529 3604026 8568832 
1357399 1230000 94 4 w3775924 r6254023 m6468190 f7688 r98839943 p500
 171340127=32353047+83856368+62354089 i45563970 u150662416 u0 t6.091
1368385 1240000 94 4 w3901103 r6470039 m6688287 f7939 r101071315 p500
 172947613=32655799+84649796+62933488 i45945997 u152122257 u0 t6.325
1379469 1250000 94 4 w4036818 r6697067 m6919691 f8208 r103353059 p500
 174578358=32960715+85458237+63518400 i46338200 u153598643 u0 t7.171
Idx1+ lookups: 66397331 27296417 55010319 
Idx1+ positiv: 7503049 3897316 8785920 
Idx1+ found  : 7503049 3883963 8659012 
1390543 1260000 94 4 w4169785 r6922213 m7149083 f8471 r105628930 p500
 176216496=33265768+86260659+64117377 i46725903 u155085677 u0 t7.76
1401635 1270000 94 4 w4306585 r7151504 m7382575 f8744 r107887320 p500
 177844400=33572064+87068311+64699573 i47117952 u156559922 u0 t6.625
Idx1+ lookups: 68115506 28703981 56141281 
Idx1+ positiv: 7813660 4178867 8877040 
Idx1+ found  : 7813660 4160565 8744679 
1412662 1280000 94 4 w4435385 r7371879 m7606856 f9003 r110026368 p500
 179448464=33876559+87868585+65267070 i47505012 u158013355 u0 t6.487
cache requests:  110830550, Misses: 7692240, Flush#: 9099
File page count: 244740
File page count: 0
1423732 1290000 94 3 w5297 r0 m0 f252 r0 p20
 181048818=34176735+88658077+65844470 i47889926 u159462297 u0 t6.679
1434749 1300000 94 3 w10996 r1728 m4428 f395 r646787 p500
 182708017=34486060+89473649+66447223 i48286613 u160965615 u0 t6.271
Idx1+ lookups: 69838120 1065443 30103033 57273376 
Idx1+ positiv: 8124267 12955 4451612 8965360 
Idx1+ found  : 8124267 12955 4427522 8827518 
1445738 1310000 94 3 w21130 r11146 m17945 f408 r2032716 p500
 184393707=34802515+90300279+67060585 i48694248 u162488240 u0 t6.789
1456743 1320000 94 3 w39344 r27030 m38965 f434 r3359258 p500
 186070233=35117420+91124338+67668658 i49096330 u164006423 u0 t6.81
Idx1+ lookups: 71560033 2474230 31464324 58397665 
Idx1+ positiv: 8437393 60451 4694613 9050627 
Idx1+ found  : 8437393 60451 4664524 8907458 
1467716 1330000 94 3 w58740 r51035 m68392 f462 r4698859 p500
 187826318=35446440+91987570+68306202 i49515055 u165598738 u0 t7.083
1478847 1340000 94 4 w86502 r84431 m107470 f506 r6642628 p500
 189576204=35770547+92843092+68948286 i49934408 u167181782 u0 t7.136
1489858 1350000 94 4 w115728 r124949 m153469 f554 r8759278 p500
 191293706=36091274+93689714+69570365 i50349274 u168734174 u0 t7.067
Idx1+ lookups: 73290688 3891515 32803941 59524576 
Idx1+ positiv: 8750764 138119 4913238 9132868 
Idx1+ found  : 8750763 138119 4877230 8984233 
1500812 1360000 94 4 w148636 r169308 m202350 f610 r10656441 p500
 192945491=36397576+94496222+70177412 i50745859 u170228174 u0 t6.644
1511816 1370000 94 4 w187358 r223906 m262109 f677 r12832967 p500
 194629037=36712329+95326971+70785495 i51148029 u171754937 u0 t7.056
1522795 1380000 94 4 w228216 r282412 m325476 f749 r14899153 p500
 196261107=37016280+96132860+71375071 i51540635 u173231607 u0 t6.784
Idx1+ lookups: 75026876 5309020 34123786 60647909 
Idx1+ positiv: 9069447 235781 5115671 9214066 
Idx1+ found  : 9069446 235779 5073742 9059969 
1533703 1390000 94 4 w272055 r345970 m393887 f827 r16922773 p500
 197916580=37324592+96947275+71976458 i51941513 u174726626 u0 t7.177
1544569 1400000 94 4 w318327 r414582 m467226 f910 r18912895 p500
 199559259=37633478+97759355+72566898 i52334226 u176216625 u0 t8.16
Idx1+ lookups: 76774167 6731255 35427862 61770173 
Idx1+ positiv: 9394503 353941 5303345 9291958 
Idx1+ found  : 9394502 353938 5255554 9132445 
1555499 1410000 94 4 w376465 r499033 m557267 f1016 r21285789 p500
 201315494=37961628+98624605+73202706 i52753169 u177808860 u0 t7.648
1566395 1420000 94 4 w435138 r585949 m649402 f1123 r23470123 p500
 203040851=38283744+99480615+73821800 i53165353 u179373865 u0 t7.733
1577238 1430000 94 4 w496118 r675395 m743643 f1236 r25584756 p500
 204769957=38606559+100338547+74442479 i53577989 u180942291 u0 t7.541
Idx1+ lookups: 78512845 8142225 36707163 62880986 
Idx1+ positiv: 9722211 485613 5477788 9366280 
Idx1+ found  : 9722210 485607 5424042 9201156 
1588118 1440000 98 4 w561316 r774266 m847624 f1357 r27859163 p500
 206501964=38930451+101195825+75064964 i53993420 u182511161 u0 t7.47
1598949 1450000 98 4 w629399 r876880 m954977 f1484 r30021564 p500
 208268958=39258963+102068645+75703593 i54412957 u184115616 u0 t7.491
Idx1+ lookups: 80252226 9552311 37968609 63984422 
Idx1+ positiv: 10051506 634267 5641627 9438774 
Idx1+ found  : 10051505 634247 5582052 9268206 
1609797 1460000 98 4 w705673 r991730 m1074975 f1628 r32394003 p500
 210044947=39588611+102945770+76346406 i54831471 u185730614 u0 t8.248
1620630 1470000 98 4 w786859 r1111724 m1200231 f1782 r34790015 p500
 211794585=39917933+103814704+76971470 i55243359 u187323775 u0 t8.47
1631477 1480000 98 4 w865595 r1230649 m1324068 f1932 r37024395 p500
 213544045=40245037+104679189+77602221 i55657311 u188913504 u0 t8.494
Idx1+ lookups: 81987563 10955033 39211276 65079707 
Idx1+ positiv: 10384121 794355 5794632 9510582 
Idx1+ found  : 10384120 794302 5729434 9334560 
1642373 1490000 98 4 w951896 r1360726 m1459184 f2097 r39351881 p500
 215341282=40581295+105569208+78248299 i56079451 u190550421 u0 t8.058
1653233 1500000 98 4 w1037384 r1492884 m1596119 f2261 r41605006 p500
 217140861=40916401+106459891+78897104 i56501540 u192189892 u0 t7.738
Idx1+ lookups: 83718539 12353011 40436224 66167707 
Idx1+ positiv: 10717119 967424 5937375 9579374 
Idx1+ found  : 10717118 967332 5866382 9398071 
1664130 1510000 98 4 w1133352 r1635720 m1744279 f2445 r44057327 p500
 218918863=41246819+107335188+79542979 i56915350 u193811595 u0 t8.259
1675034 1520000 98 4 w1230021 r1783265 m1896883 f2631 r46433920 p500
 220707784=41578832+108217124+80191733 i57332599 u195442737 u0 t7.982
1685958 1530000 98 4 w1322725 r1926274 m2044595 f2809 r48647879 p500
 222527080=41916354+109112653+80853015 i57755811 u197102563 u0 t7.908
Idx1+ lookups: 85442576 13741659 41641490 67243824 
Idx1+ positiv: 11052508 1150902 6072138 9645331 
Idx1+ found  : 11052507 1150714 5995531 9458701 
1696847 1540000 98 4 w1420446 r2079325 m2202609 f2997 r50991049 p500
 224315178=42247473+109988212+81508049 i58172133 u198732163 u0 t7.838
1707676 1550000 98 4 w1528556 r2244920 m2373630 f3208 r53486711 p500
 226145550=42585444+110889061+82174592 i58600272 u200398953 u0 t8.422
Idx1+ lookups: 87179270 15139186 42843557 68324055 
Idx1+ positiv: 11391675 1346558 6199542 9711183 
Idx1+ found  : 11391674 1346174 6117367 9519201 
1718573 1560000 98 4 w1636050 r2409473 m2542973 f3417 r55840467 p500
 227977335=42923424+111787999+82844857 i59025674 u202069153 u0 t8.514
1729487 1570000 98 4 w1738736 r2572446 m2710635 f3619 r58121286 p500
 229753615=43251320+112659502+83494703 i59437019 u203690529 u0 t7.672
Idx1+ lookups: 88910573 16528665 44028571 69393587 
Idx1+ positiv: 11733499 1551321 6320703 9774460 
Idx1+ found  : 11733498 1550639 6232849 9577154 
1740347 1580000 98 4 w1851605 r2748365 m2891593 f3841 r60559075 p500
 231553104=43584046+113540125+84154536 i59853147 u205333366 u0 t7.957
1751207 1590000 98 4 w1967624 r2926981 m3075084 f4070 r62949733 p500
 233379940=43922520+114439161+84819335 i60275743 u207001500 u0 t8.879
1762023 1600000 98 4 w2084288 r3111799 m3264878 f4300 r65398847 p500
 235155843=44253361+115316780+85460372 i60685625 u208625532 u0 t14.994
Idx1+ lookups: 90644825 17919415 45206885 70459603 
Idx1+ positiv: 12077001 1764182 6438586 9837660 
Idx1+ found  : 12077000 1763075 6345147 9635058 
1772878 1610000 98 4 w2197085 r3289763 m3447360 f4522 r67664849 p500
 236929770=44581602+116184385+86111454 i61094750 u210246344 u0 t7.762
1783723 1620000 98 4 w2322576 r3483471 m3645999 f4769 r70116153 p500
 238688807=44908360+117054935+86745918 i61501536 u211854099 u0 t10.044
Idx1+ lookups: 92381309 19309639 46377768 71525069 
Idx1+ positiv: 12423261 1984230 6549556 9898646 
Idx1+ found  : 12423260 1982416 6450564 9690727 
1794607 1630000 98 4 w2441419 r3675014 m3842134 f5004 r72476731 p500
 240464479=45236722+117925167+87395629 i61912638 u213474476 u0 t7.899
1805498 1640000 98 4 w2565161 r3871678 m4043495 f5250 r74872185 p500
 242254153=45568300+118810419+88042816 i62326190 u215110487 u0 t7.927
1816421 1650000 98 4 w2694959 r4076306 m4253002 f5510 r77301984 p500
 244050465=45899876+119697682+88694298 i62743198 u216749934 u0 t10.925
Idx1+ lookups: 94125158 20704787 47545398 72592141 
Idx1+ positiv: 12771962 2212855 6655683 9958369 
Idx1+ found  : 12771961 2209934 6551122 9745206 
1827273 1660000 98 4 w2824232 r4282148 m4463465 f5767 r79711637 p500
 245854599=46234183+120581771+89354321 i63159054 u218398462 u0 t8.371
1838160 1670000 98 4 w2955996 r4494568 m4680652 f6029 r82187901 p500
 247658504=46569017+121468086+90011465 i63576773 u220045394 u0 t11.373
Idx1+ lookups: 95864028 22093633 48701217 73652436 
Idx1+ positiv: 13121986 2447390 6756757 10016092 
Idx1+ found  : 13121985 2442961 6646646 9797801 
1849005 1680000 98 4 w3089116 r4706000 m4896864 f6292 r84596622 p500
 249430278=46895842+122335533+90661291 i63983129 u221666521 u0 t8.37
1859879 1690000 98 4 w3215213 r4910759 m5105992 f6543 r86906117 p500
 251131279=47212315+123178813+91272934 i64375987 u223222478 u0 t8.096
1870739 1700000 98 4 w3341980 r5117768 m5317449 f6796 r89117034 p500
 252891045=47539369+124052324+91905247 i64780420 u224834149 u0 t8.216
Idx1+ lookups: 97600300 23477957 49845577 74704634 
Idx1+ positiv: 13473934 2689434 6854388 10071832 
Idx1+ found  : 13473933 2682925 6738808 9848460 
1881698 1710000 98 4 w3474216 r5330834 m5534968 f7060 r91455554 p500
 254580511=47855132+124886720+92515242 i65166189 u226383715 u0 t8.443
1892578 1720000 98 4 w3615006 r5557149 m5765960 f7338 r93908267 p500
 256293646=48175630+125733252+93133036 i65556894 u227955833 u0 t8.081
Idx1+ lookups: 99340389 24863692 50982840 75752772 
Idx1+ positiv: 13828288 2940741 6949046 10127370 
Idx1+ found  : 13828287 2931397 6827933 9898743 
1903425 1730000 98 4 w3750407 r5776389 m5989701 f7606 r96237370 p500
 258022915=48497011+126587322+93759138 i65952958 u229540649 u0 t14.944
1914319 1740000 98 4 w3891499 r6007638 m6225659 f7883 r98678882 p500
 259815209=48830592+127465985+94414637 i66361536 u231183047 u0 t12.943
1925121 1750000 98 4 w4028710 r6231589 m6454034 f8156 r100965756 p500
 261541348=49152781+128320704+95035878 i66756651 u232765859 u0 t7.874
Idx1+ lookups: 101080043 26248548 52117787 76801947 
Idx1+ positiv: 14183086 3194551 7040139 10182294 
Idx1+ found  : 14183085 3181306 6913705 9948474 
1936035 1760000 98 4 w4178331 r6476688 m6703871 f8455 r103510496 p500
 263330395=49486167+129206644+95680325 i67169027 u234403012 u0 t9.798
1946942 1770000 98 4 w4321748 r6708185 m6939804 f8741 r105833373 p500
 265050284=49805914+130048834+96309106 i67554860 u235985579 u0 t8.206
Idx1+ lookups: 102815520 27627558 53237910 77841352 
Idx1+ positiv: 14539553 3458354 7126259 10235826 
Idx1+ found  : 14539552 3440193 6994423 9996797 
1957829 1780000 98 4 w4462428 r6941091 m7176958 f9022 r108155436 p500
 266753303=50124838+130892409+96920932 i67943568 u237548692 u0 t7.799
cache requests:  109142812, Misses: 7276193, Flush#: 9147
File page count: 245955
File page count: 0
1968722 1790000 98 3 w4813 r0 m0 f229 r0 p20
 268493552=50448739+131746780+97555161 i68340567 u239144004 u0 t11.372
1979581 1800000 98 3 w11518 r2111 m5358 f396 r757638 p500
 270164288=50760785+132567358+98163038 i68723054 u240674359 u0 t8.057
Idx1+ lookups: 104557437 1044512 28998255 54360645 78885299 
Idx1+ positiv: 14900699 10074 3712112 7210431 10287958 
Idx1+ found  : 14900698 10074 3688155 7073211 10043803 
1990482 1810000 98 3 w21065 r10883 m17676 f408 r2010381 p500
 271830252=51072079+133383609+98770962 i69098778 u242205921 u0 t18.057
2001382 1820000 98 3 w38627 r26480 m38439 f433 r3370398 p500
 273492871=51381902+134197434+99378998 i69477984 u243729873 u0 t7.962
Idx1+ lookups: 106296714 2419329 30332491 55472180 79920285 
Idx1+ positiv: 15265159 50655 3940697 7292627 10338104 
Idx1+ found  : 15265158 50655 3910856 7149760 10088769 
2012247 1830000 98 3 w59590 r49009 m66478 f464 r4743635 p500
 275187120=51698829+135031055+99993704 i69861153 u245286864 u0 t7.732
2023129 1840000 98 4 w85778 r78764 m101673 f505 r6351823 p500
 276861603=52011532+135854419+100601958 i70239110 u246826117 u0 t7.715
2034053 1850000 98 4 w116502 r117258 m145373 f556 r8463810 p500
 278586086=52334286+136703614+101226354 i70628205 u248412086 u0 t8.036
Idx1+ lookups: 108041104 3797647 31644321 56582230 80954546 
Idx1+ positiv: 15631231 117143 4148158 7373831 10389593 
Idx1+ found  : 15631230 117143 4112636 7225549 10135238 
2044917 1860000 98 4 w151862 r162398 m195765 f616 r10619536 p500
 280251224=52646494+137526857+101826009 i71002148 u249946051 u0 t10.388
2055814 1870000 98 4 w187496 r210566 m248571 f678 r12596173 p500
 281924750=52958788+138352252+102431703 i71388663 u251476348 u0 t8.006
2066728 1880000 98 4 w227966 r265661 m308493 f749 r14635066 p500
 283579260=53268199+139169715+103028509 i71761762 u252998551 u0 t7.97
Idx1+ lookups: 109787723 5176844 32937745 57689476 81989005 
Idx1+ positiv: 15998654 202916 4340210 7452151 10439301 
Idx1+ found  : 15998652 202916 4298814 7298336 10179774 
2077660 1890000 98 4 w273091 r327194 m375172 f829 r16723558 p500
 285237044=53579292+139988643+103625286 i72135170 u254524235 u0 t8.212
2088614 1900000 98 4 w323392 r396282 m449370 f919 r18842967 p500
 286912655=53892335+140810185+104236352 i72511910 u256065270 u0 t8.935
Idx1+ lookups: 111531574 6548200 34206627 58785009 83014183 
Idx1+ positiv: 16371149 305393 4519234 7527998 10487830 
Idx1+ found  : 16371147 305390 4472163 7368691 10223213 
2099586 1910000 98 4 w377437 r471056 m529151 f1017 r20987745 p500
 288616243=54209093+141647327+104856783 i72893221 u257634310 u0 t8.478
2110524 1920000 98 4 w432938 r549097 m612130 f1118 r23113149 p500
 290241237=54514629+142446303+105445717 i73258873 u259129503 u0 t8.771
2121483 1930000 98 4 w492428 r632676 m700367 f1228 r25188385 p500
 291923570=54829825+143276743+106052519 i73640511 u260675228 u0 t8.522
Idx1+ lookups: 113271316 7918058 35460100 59879541 84040117 
Idx1+ positiv: 16741033 421780 4684009 7601851 10535236 
Idx1+ found  : 16741031 421775 4631104 7437289 10265526 
2132440 1940000 98 4 w552043 r718083 m790255 f1338 r27189863 p500
 293565784=55136148+144083806+106649839 i74009602 u262186304 u0 t7.748
2143340 1950000 98 4 w616878 r813620 m890463 f1460 r29350019 p500
 295239019=55448867+144906211+107257969 i74385771 u263726310 u0 t9.374
2154286 1960000 98 4 w682780 r907250 m988377 f1584 r31328525 p500
 296860107=55753648+145703015+107845359 i74748134 u265220920 u0 t14.151
Idx1+ lookups: 115011921 9286097 36696629 60967376 85061387 
Idx1+ positiv: 17113600 553304 4838369 7673859 10582028 
Idx1+ found  : 17113597 553285 4779798 7503854 10307134 
2165157 1970000 98 4 w749284 r1003884 m1089407 f1709 r33318079 p500
 298412591=56044542+146464173+108410700 i75093465 u266652978 u0 t8.033
2176142 1980000 98 4 w823087 r1110104 m1200431 f1848 r35459058 p500
 299979496=56338337+147235354+108978397 i75442684 u268098498 u0 t9.179
Idx1+ lookups: 116755128 10653371 37919478 62048252 86077502 
Idx1+ positiv: 17489533 697762 4985995 7743976 10628843 
Idx1+ found  : 17489530 697710 4921771 7568615 10348800 
2187090 1990000 98 4 w901398 r1222227 m1317113 f1996 r37610925 p500
 301618575=56644428+148044181+109570873 i75812331 u269606279 u0 t8.823
2198031 2000000 98 4 w978666 r1332753 m1432130 f2142 r39655243 p500
 303185210=56938923+148817650+110135184 i76164325 u271049567 u0 t8.172
2208970 2010000 98 4 w1054818 r1445448 m1549165 f2287 r41670919 p500
 304752540=57232180+149587337+110705170 i76511988 u272496480 u0 t8.055
Idx1+ lookups: 118495719 12018379 39131870 63128969 87095216 
Idx1+ positiv: 17865117 850425 5123434 7812390 10674103 
Idx1+ found  : 17865113 850326 5053446 7631618 10388907 
2219875 2020000 98 4 w1132206 r1560425 m1668276 f2435 r43623874 p500
 306334455=57532948+150371332+111270400 i76865970 u273955978 u0 t7.71
2230717 2030000 98 4 w1216632 r1682532 m1794816 f2598 r45685844 p500
 307845651=57817948+151122157+111809532 i77201841 u275352643 u0 t8.263
2241553 2040000 98 4 w1299612 r1804310 m1920792 f2759 r47676292 p500
 309373570=58105978+151881084+112355392 i77546215 u276759796 u0 t7.869
Idx1+ lookups: 120246046 13388397 40337511 64209049 88112704 
Idx1+ positiv: 18245426 1014887 5254615 7880298 10719783 
Idx1+ found  : 18245422 1014703 5179007 7694210 10429486 
2252478 2050000 98 4 w1384550 r1931040 m2051693 f2924 r49678269 p500
 310917801=58397346+152645204+112909519 i77892474 u278183682 u0 t8.638
2263400 2060000 98 4 w1474130 r2064743 m2189878 f3096 r51774657 p500
 312460636=58688083+153405052+113466755 i78236545 u279607196 u0 t8.403
2274335 2070000 98 4 w1562857 r2196310 m2325467 f3268 r53721961 p500
 314006113=58979074+154169481+114021866 i78578194 u281036909 u0 t7.932
Idx1+ lookups: 121990813 14751635 41525155 65277375 89120279 
Idx1+ positiv: 18626955 1190663 5379562 7946327 10764335 
Idx1+ found  : 18626951 1190297 5298325 7754961 10469125 
2285238 2080000 98 4 w1648291 r2325925 m2459035 f3435 r55633529 p500
 315479761=59257781+154893633+114554732 i78902894 u282400944 u0 t7.888
2296195 2090000 98 4 w1741593 r2465602 m2602849 f3617 r57652640 p500
 317001742=59547160+155648315+115097246 i79238613 u283810250 u0 t7.556
2307093 2100000 98 4 w1841250 r2614852 m2756380 f3811 r59794931 p500
 318548784=59841585+156419314+115645210 i79578215 u285245719 u0 t7.929
Idx1+ lookups: 123725350 16105305 42695578 66334415 90119183 
Idx1+ positiv: 19007822 1374209 5498570 8009690 10807715 
Idx1+ found  : 19007818 1373544 5411708 7813097 10507597 
2317991 2110000 98 4 w1926154 r2748108 m2893211 f3977 r61576221 p500
 320065310=60129116+157167613+116190543 i79911397 u286650940 u0 t7.472
2328915 2120000 98 4 w2028155 r2896988 m3046311 f4176 r63641425 p500
 321540226=60409484+157900375+116714932 i80237908 u288015891 u0 t7.515
Idx1+ lookups: 125466159 17465070 43864068 67394979 91123733 
Idx1+ positiv: 19388867 1565939 5611911 8070990 10850914 
Idx1+ found  : 19388862 1564819 5519634 7869111 10545805 
2339889 2130000 98 4 w2127455 r3050308 m3203730 f4373 r65658252 p500
 323065272=60697602+158658425+117258241 i80578454 u289424418 u0 t9.161
2350849 2140000 98 4 w2226834 r3200714 m3358096 f4568 r67623081 p500
 324569276=60981045+159406540+117794073 i80911032 u290816380 u0 t14.078
2361818 2150000 98 4 w2338584 r3366997 m3528927 f4786 r69843180 p500
 326046163=61261072+160142425+118317711 i81240088 u292181957 u0 t7.944
Idx1+ lookups: 127207509 18821416 45024326 68452127 92125736 
Idx1+ positiv: 19773871 1762733 5720532 8131513 10893335 
Idx1+ found  : 19773866 1760907 5622744 7924256 10583139 
2372703 2160000 98 4 w2432362 r3513815 m3679266 f4970 r71635291 p500
 327582195=61550056+160900281+118871928 i81578790 u293603037 u0 t7.535
2383611 2170000 98 4 w2533138 r3668904 m3838209 f5168 r73577825 p500
 329020933=61822910+161615512+119384128 i81895991 u294936112 u0 t12.922
2394538 2180000 98 4 w2644177 r3836865 m4010302 f5387 r75692326 p500
 330471640=62098697+162341500+119894769 i82218660 u296278551 u0 t7.98
Idx1+ lookups: 128950664 20181920 46180998 69509320 93128448 
Idx1+ positiv: 20156523 1967689 5825574 8191148 10935758 
Idx1+ found  : 20156517 1964739 5722223 7978737 10620382 
2405448 2190000 98 4 w2752245 r4006847 m4184211 f5600 r77721163 p500
 332047282=62396171+163128686+120452548 i82566620 u297738116 u0 t11.229
2416385 2200000 98 4 w2861111 r4174550 m4355892 f5815 r79749673 p500
 333572677=62685022+163886371+120996698 i82901725 u299152138 u0 t7.728
2427291 2210000 98 4 w2964626 r4335975 m4520984 f6018 r81607576 p500
 335055154=62966105+164620723+121527332 i83227442 u300526146 u0 t9.168
Idx1+ lookups: 130689071 21535424 47324676 70559378 94125599 
Idx1+ positiv: 20541426 2178983 5924670 8249258 10977184 
Idx1+ found  : 20541420 2174565 5815843 8031644 10656828 
2438224 2220000 98 4 w3082481 r4517366 m4706654 f6248 r83760060 p500
 336562228=63251799+165373345+122060347 i83561023 u301921585 u0 t8.828
2449156 2230000 98 4 w3189421 r4688533 m4881569 f6461 r85663769 p500
 338098470=63544181+166137065+122607037 i83897955 u303346424 u0 t13.776
2460085 2240000 98 4 w3320639 r4887216 m5084800 f6719 r87986964 p500
 339674657=63843460+166921569+123166530 i84246605 u304805317 u0 t10.603
Idx1+ lookups: 132432884 22891182 48463329 71607764 95122278 
Idx1+ positiv: 20929481 2398172 6020414 8306043 11017992 
Idx1+ found  : 20929475 2391670 5906110 8083351 10692574 
2471031 2250000 98 4 w3443376 r5081269 m5282913 f6964 r90113071 p500
 341328221=64154313+167736404+123763464 i84611620 u306334467 u0 t11.028
2481891 2260000 98 4 w3561780 r5268012 m5473566 f7198 r92162112 p500
 342920094=64455060+168519044+124339193 i84959304 u307810059 u0 t8.371
2492839 2270000 98 4 w3693651 r5472279 m5682196 f7460 r94420262 p500
 344524932=64756130+169308970+124920291 i85309775 u309298351 u0 t18.189
Idx1+ lookups: 134170027 24239995 49591729 72650163 96112327 
Idx1+ positiv: 21317811 2621280 6112006 8363654 11058173 
Idx1+ found  : 21317805 2612083 5992111 8135701 10727686 
2503770 2280000 98 4 w3817429 r5671388 m5885202 f7707 r96511577 p500
 346165173=65065475+170120749+125508611 i85671339 u310816684 u0 t9.288
2514685 2290000 98 4 w3951616 r5880027 m6098114 f7971 r98745547 p500
 347777859=65367628+170914357+126092672 i86023689 u312312013 u0 t13.034
Idx1+ lookups: 135911715 25592018 50714804 73688975 97100666 
Idx1+ positiv: 21707476 2853853 6201748 8419326 11097648 
Idx1+ found  : 21707470 2841031 6076374 8186174 10762151 
2525687 2300000 98 4 w4088725 r6095436 m6317956 f8244 r100989407 p500
 349430556=65676533+171726819+126692647 i86382908 u313844929 u0 t12.457
2536614 2310000 98 4 w4234695 r6322097 m6549357 f8532 r103423463 p500
 351071462=65982636+172534843+127287338 i86743648 u315363584 u0 t16.989
2547690 2320000 98 4 w4365409 r6537354 m6768662 f8790 r105570364 p500
 352775789=66300993+173374078+127904919 i87120768 u316938015 u0 t8.475
Idx1+ lookups: 137658254 26948570 51841783 74733914 98097368 
Idx1+ positiv: 22097463 3088063 6289265 8472798 11136370 
Idx1+ found  : 22097457 3070604 6158414 8234411 10795965 
2558712 2330000 98 4 w4506045 r6762517 m6998170 f9069 r107853648 p500
 354479327=66619347+174214406+128520924 i87495675 u318514100 u0 t13.517
cache requests:  108897132, Misses: 7105546, Flush#: 9196
File page count: 245787
File page count: 0
2569709 2340000 98 3 w5022 r0 m0 f239 r0 p20
 356119816=66929029+175032721+129102657 i87856543 u320035071 u0 t9.61
2580699 2350000 98 3 w11001 r1651 m4646 f395 r733253 p500
 357866975=67253212+175889572+129740737 i88240985 u321650920 u0 t12.408
Idx1+ lookups: 139404302 824993 28296377 52961932 75774832 99091688 
Idx1+ positiv: 22489352 6353 3321429 6373974 8524639 11175776 
Idx1+ found  : 22489345 6353 3298262 6237645 8281009 10830322 
2591715 2360000 98 3 w21528 r10611 m17511 f408 r2036944 p500
 359567798=67570319+176725970+130359050 i88614844 u323224474 u0 t8.3
2602831 2370000 98 3 w39375 r25949 m38182 f433 r3414126 p500
 361333804=67899239+177596044+130999241 i89005987 u324856070 u0 t10.581
Idx1+ lookups: 141155335 2181334 29620558 54076424 76813271 100084677 
Idx1+ positiv: 22884044 38513 3536854 6455446 8575303 11213877 
Idx1+ found  : 22884037 38513 3507951 6313698 8326459 10863267 
2613986 2380000 98 3 w63252 r50064 m68111 f469 r4874865 p500
 363142494=68230806+178475866+131670096 i89400972 u326529587 u0 t9.541
2624949 2390000 98 4 w92853 r82893 m107031 f516 r6877127 p500
 364958248=68564735+179361240+132340268 i89805675 u328201880 u0 t10.272
Idx1+ lookups: 142911992 3545815 30932625 55201242 77864316 101091690 
Idx1+ positiv: 23276220 90927 3730070 6534671 8624663 11251246 
Idx1+ found  : 23276213 90927 3695200 6387471 8370491 10895431 
2635909 2400000 98 4 w128432 r124395 m154529 f575 r9206964 p500
 366793742=68902584+180257977+133015990 i90217656 u329889361 u0 t9.86
2646913 2410000 98 4 w166258 r171179 m206596 f640 r11422683 p500
 368547157=69226360+181113701+133662101 i90609600 u331502995 u0 t11.266
2657884 2420000 98 4 w202163 r219066 m258817 f703 r13277656 p500
 370250743=69543018+181948977+134283775 i90985193 u333077401 u0 t8.992
Idx1+ lookups: 144662241 4905850 32222124 56316862 78908406 102092396 
Idx1+ positiv: 23666434 161463 3909822 6611720 8673244 11287273 
Idx1+ found  : 23666427 161463 3869079 6459001 8413875 10926533 
2668918 2430000 98 4 w247469 r275140 m320090 f783 r15427915 p500
 371945334=69856854+182774867+134907321 i91358838 u334642138 u0 t11.94
2679809 2440000 98 4 w294336 r335804 m385777 f867 r17460322 p500
 373593593=70165486+183587194+135502816 i91729724 u336158968 u0 t11.499
2690746 2450000 98 4 w346113 r404914 m460071 f960 r19647280 p500
 375264732=70476391+184414187+136105363 i92101759 u337701067 u0 t9.38
Idx1+ lookups: 146428494 6275394 33505002 57435336 79957133 103097809 
Idx1+ positiv: 24063143 248130 4080103 6687173 8721829 11323619 
Idx1+ found  : 24063136 248129 4033483 6528748 8457189 10957776 
2701594 2460000 98 4 w402330 r480990 m541262 f1062 r21812452 p500
 377026942=70804695+185280946+136745118 i92491786 u339328688 u0 t12.517
2712475 2470000 98 4 w463808 r563146 m628345 f1175 r24013956 p500
 378737275=71123412+186129022+137359567 i92869684 u340910337 u0 t9.696
Idx1+ lookups: 148180812 7630858 34756737 58532909 80987414 104086716 
Idx1+ positiv: 24459998 351861 4240047 6759934 8768373 11359175 
Idx1+ found  : 24459990 351858 4187645 6596040 8498563 10988356 
2723357 2480000 98 4 w529836 r652572 m722957 f1297 r26302426 p500
 380487328=71448458+186993347+137992245 i93251576 u342532812 u0 t14.515
2734166 2490000 98 4 w593145 r741539 m816616 f1414 r28389268 p500
 382198024=71767925+187837149+138610940 i93627780 u344116031 u0 t15.913
2745023 2500000 98 4 w665670 r842589 m922664 f1549 r30631822 p500
 383959910=72094368+188705051+139251002 i94010208 u345751125 u0 t15.974
Idx1+ lookups: 149942517 8990827 35998399 59628444 82016641 105074029 
Idx1+ positiv: 24861735 470177 4391913 6831829 8815572 11394487 
Idx1+ found  : 24861726 470165 4333772 6662348 8540477 11018762 
2755880 2510000 98 4 w740133 r944080 m1028900 f1689 r32791901 p500
 385703183=72418174+189565646+139881674 i94394449 u347363335 u0 t19.821
2766772 2520000 98 4 w825610 r1060349 m1150609 f1849 r35228632 p500
 387463931=72744988+190431472+140522086 i94780674 u348993336 u0 t12.508
Idx1+ lookups: 151700517 10347349 37227671 60721830 83046213 106063151 
Idx1+ positiv: 25263214 597451 4533668 6900954 8861239 11429250 
Idx1+ found  : 25263204 597415 4469658 6726162 8580927 11048531 
2777605 2530000 98 4 w905868 r1173687 m1268749 f2000 r37445071 p500
 389210244=73071112+191290844+141155276 i95161023 u350612779 u0 t23.999
2788466 2540000 98 4 w988370 r1290101 m1389828 f2157 r39589972 p500
 390993925=73405001+192169511+141801295 i95550831 u352265166 u0 t24.354
2799329 2550000 98 4 w1085770 r1426873 m1532028 f2342 r42087063 p500
 392854436=73747080+193084041+142481179 i95958264 u353986752 u0 t20.104
Idx1+ lookups: 153453908 11698281 38438809 61805244 84068637 107046531 
Idx1+ positiv: 25665673 737296 4666993 6967314 8905460 11463544 
Idx1+ found  : 25665663 737209 4597382 6787152 8619971 11077810 
2810193 2560000 98 4 w1182084 r1562145 m1672524 f2527 r44480102 p500
 394586175=74069906+193939383+143107047 i96342174 u355586081 u0 t30.488
2821115 2570000 98 4 w1278316 r1699590 m1815017 f2710 r46809135 p500
 396373854=74400331+194815983+143761024 i96732268 u357241413 u0 t30.846
Idx1+ lookups: 155217592 13059810 39650559 62894764 85096891 108034578 
Idx1+ positiv: 26067828 887180 4795054 7033950 8950862 11497727 
Idx1+ found  : 26067818 886988 4719612 6848418 8660178 11106916 
2832025 2580000 98 4 w1374925 r1840754 m1961174 f2896 r49078922 p500
 398201283=74740010+195716692+144423960 i97132902 u358933274 u0 t25.354
2842894 2590000 98 4 w1479147 r1988651 m2113967 f3098 r51459737 p500
 399960875=75065982+196579442+145067439 i97515732 u360564523 u0 t31.603
Idx1+ lookups: 156977320 14413277 40843943 63972457 86117309 109017020 
Idx1+ positiv: 26474089 1047450 4916421 7096686 8994019 11531195 
Idx1+ found  : 26474079 1047071 4835303 6905693 8698154 11135351 
2853742 2600000 98 4 w1585448 r2143981 m2274230 f3304 r53828338 p500
 401811634=75407233+197492344+145739777 i97920494 u362278564 u0 t22.001
2864632 2610000 98 4 w1697546 r2305017 m2440350 f3520 r56268995 p500
 403667966=75750169+198409680+146411818 i98321291 u364003287 u0 t21.617
2875503 2620000 98 4 w1803442 r2463805 m2603641 f3727 r58520435 p500
 405501187=76090975+199311909+147078283 i98719066 u365704547 u0 t24.69
Idx1+ lookups: 158730152 15761658 42023021 65040314 87129543 109991758 
Idx1+ positiv: 26878540 1217054 5033173 7157532 9036572 11563892 
Idx1+ found  : 26878530 1216374 4946524 6961316 8735650 11163221 
2886360 2630000 98 4 w1933944 r2648218 m2793733 f3980 r61248896 p500
 407318394=76428580+200209416+147736246 i99114419 u367390554 u0 t25.145
2897239 2640000 98 4 w2042070 r2809953 m2959867 f4191 r63426007 p500
 409133084=76766405+201102314+148395438 i99507292 u369074944 u0 t14.915
Idx1+ lookups: 160484957 17108998 43194018 66106519 88140676 110966439 
Idx1+ positiv: 27286005 1393871 5143599 7217895 9078075 11596945 
Idx1+ found  : 27285995 1392717 5051316 7016388 8772102 11191245 
2908079 2650000 98 4 w2167317 r2993688 m3148702 f4438 r65963263 p500
 410998892=77114178+202021249+149071777 i99913404 u370805132 u0 t29.465
2919336 2660000 98 4 w2293143 r3176509 m3336535 f4683 r68393405 p500
 412865095=77458535+202937691+149753790 i100310381 u372543610 u0 t20.67
Idx1+ lookups: 162224278 18444175 44348966 67163013 89145089 111934020 
Idx1+ positiv: 27690149 1574787 5247623 7275368 9120094 11629306 
Idx1+ found  : 27690139 1572946 5149770 7068469 8808934 11218699 
2930193 2670000 98 4 w2423812 r3370232 m3535229 f4938 r70899647 p500
 414758028=77807462+203871479+150441590 i100719429 u374301418 u0 t29.603
2941058 2680000 98 4 w2539651 r3548365 m3717753 f5165 r73128582 p500
 416562298=78141604+204760082+151097021 i101111641 u375974633 u0 t35.504
2951948 2690000 98 4 w2665365 r3738956 m3913021 f5412 r75486557 p500
 418394567=78482060+205663987+151760410 i101506211 u377678190 u0 t39.077
Idx1+ lookups: 163977312 19790567 45506022 68224295 90153775 112907236 
Idx1+ positiv: 28096791 1765203 5348951 7333196 9160693 11660964 
Idx1+ found  : 28096781 1762282 5245544 7121065 8844404 11245419 
2962792 2700000 98 4 w2805040 r3946133 m4125481 f5686 r78077734 p500
 420187245=78815085+206550897+152407374 i101895055 u379342592 u0 t31.87
2973731 2710000 98 4 w2938421 r4145792 m4329855 f5947 r80465213 p500
 421964447=79147445+207422084+153055205 i102272935 u380998690 u0 t42.75
Idx1+ lookups: 165727444 21132524 46645727 69273032 91151442 113868814 
Idx1+ positiv: 28504966 1968949 5445342 7389405 9201805 11692684 
Idx1+ found  : 28504956 1964534 5336512 7172135 8880493 11272175 
2984605 2720000 98 4 w3072381 r4351136 m4540221 f6211 r82929204 p500
 423762171=79480129+208299528+153716891 i102653700 u382673884 u0 t40.639
2995574 2730000 98 4 w3201669 r4548222 m4741727 f6465 r85192600 p500
 425541780=79809047+209170707+154369183 i103036400 u384326856 u0 t36.147
3006468 2740000 98 4 w3343201 r4762269 m4960763 f6744 r87680338 p500
 427360559=80145053+210063381+155033678 i103429260 u386014570 u0 t54.846
Idx1+ lookups: 167477077 22470813 47779175 70319301 92148952 114831478 
Idx1+ positiv: 28916310 2175868 5538021 7443350 9241788 11723679 
Idx1+ found  : 28916300 2169375 5423691 7220894 8915339 11298292 
Total lines processed: 2744225
Block Count:1, 127
Avg Block Count:1319493 = 167575700 / 127
Avg Max Count:0, 10412, 98
Block Count:1666, 206767
Avg Block Count:102 = 21220197 / 206767
Avg Max Count:190, 151, 73
BloomFilter
    bits: 275693837
    estimated elements: 25000000
    number hashes: 8
    max false positive rate: 0.005000
    bloom length (8 bits): 34461730
    elements added: 22144854
    estimated elements added: 21398501
    current false positive rate: 0.002551
    export size (bytes): 34461750
    number bits set: 127524507
    is on disk: no
Block Count:0, 1
Avg Block Count:-3168401 = -3168401 / 1
Avg Max Count:0, 0, 0
BloomFilter
    bits: 275693837
    estimated elements: 25000000
    number hashes: 8
    max false positive rate: 0.005000
    bloom length (8 bits): 34461730
    elements added: 26125343
    estimated elements added: 25183327
    current false positive rate: 0.006363
    export size (bytes): 34461750
    number bits set: 142935717
    is on disk: no
Block Count:0, 1
Avg Block Count:-4573979 = -4573979 / 1
Avg Max Count:0, 0, 0
BloomFilter
    bits: 275693837
    estimated elements: 25000000
    number hashes: 8
    max false positive rate: 0.005000
    bloom length (8 bits): 34461730
    elements added: 26057565
    estimated elements added: 25178317
    current false positive rate: 0.006275
    export size (bytes): 34461750
    number bits set: 142916416
    is on disk: no
Block Count:0, 1
Avg Block Count:-5387789 = -5387789 / 1
Avg Max Count:0, 0, 0
BloomFilter
    bits: 275693837
    estimated elements: 25000000
    number hashes: 8
    max false positive rate: 0.005000
    bloom length (8 bits): 34461730
    elements added: 26006327
    estimated elements added: 25175753
    current false positive rate: 0.006209
    export size (bytes): 34461750
    number bits set: 142906539
    is on disk: no
Block Count:0, 1
Avg Block Count:-6089226 = -6089226 / 1
Avg Max Count:0, 0, 0
BloomFilter
    bits: 275693837
    estimated elements: 25000000
    number hashes: 8
    max false positive rate: 0.005000
    bloom length (8 bits): 34461730
    elements added: 25680594
    estimated elements added: 25156901
    current false positive rate: 0.005803
    export size (bytes): 34461750
    number bits set: 142833876
    is on disk: no
Block Count:121, 19422
Avg Block Count:130 = 2538516 / 19422
Avg Max Count:245, 196, 94
BloomFilter
    bits: 330832604
    estimated elements: 30000000
    number hashes: 8
    max false positive rate: 0.005000
    bloom length (8 bits): 41354076
    elements added: 2538516
    estimated elements added: 2534676
    current false positive rate: 0.000000
    export size (bytes): 41354096
    number bits set: 19668490
    is on disk: no
Level Count:2
Level Count:4
Level Count:1
Level Count:1
Level Count:1
Level Count:1
Level Count:3
1 4
1 4
Max word len: 98
Total words generated: 428090817
Words inserted 103586222
Words updated: 386694267
cache requests:  0, Misses: 0, Flush#: 6
cache requests:  88573834, Misses: 5043525, Flush#: 6843
cache requests:  60843002, Misses: 6634221, Flush#: 3943
cache requests:  34218759, Misses: 7736804, Flush#: 4164
cache requests:  64561695, Misses: 14611172, Flush#: 6467
cache requests:  89457351, Misses: 20332753, Flush#: 7894
cache requests:  114173620, Misses: 25992299, Flush#: 9066
OUBLK INBLK
    -     -
rchar: 449800637235
wchar: 149024576672
syscr: 109720959
syscw: 36309075
read_bytes: 3904589824
write_bytes: 109269073920
cancelled_write_bytes: 0
7622088
213416160
