Csz: 4, pgsz: 4096
File page count: 0
File page count: 0
Stg buf: 64mb, Idx1 buf: 64mb, Idx1+ buf: 32mb
Idx1 size limit: 2048mb, Idx2 buf: 16mb
File page count: 0
10988 10000 60 1 w0 r0 m0 f0 r0 p20
 1502009=280567+736357+547318 i721658 u998423 u0 t1.555
22023 20000 60 1 w0 r0 m0 f0 r0 p20
 2970299=556558+1459020+1077812 i1299209 u2102895 u0 t1.811
33024 30000 60 3 w339 r0 m0 f16 r0 p20
 4455591=837142+2190955+1612898 i1852406 u3251560 u0 t1.813
44043 40000 66 3 w11260 r0 m0 f535 r0 p20
 6021768=1126498+2950354+2194339 i2414059 u4480652 u0 t2.448
55121 50000 66 4 w22791 r13296 m19201 f791 r1650252 p500
 7457432=1399039+3657323+2711810 i2941587 u5598505 u0 t2.392
66115 60000 66 4 w27611 r69482 m79466 f800 r4206604 p500
 8882525=1666288+4349737+3237298 i3452323 u6718222 u0 t2.325
77117 70000 66 4 w34615 r146565 m160101 f808 r7076878 p500
 10323681=1938542+5063745+3753209 i3971896 u7850894 u0 t2.533
88102 80000 66 4 w42175 r231041 m247214 f819 r9956617 p500
 11702242=2200826+5741136+4250267 i4458793 u8944017 u0 t2.573
99095 90000 66 4 w52649 r329293 m348443 f836 r13090119 p500
 13139065=2468368+6445510+4774403 i4965165 u10083045 u0 t2.663
110113 100000 66 4 w65322 r437376 m459948 f857 r16217641 p500
 14570300=2739305+7152735+5287868 i5463252 u11225439 u0 t2.694
121109 110000 66 4 w74310 r549638 m574546 f871 r18845393 p500
 15981984=3006512+7851613+5792984 i5958642 u12348147 u0 t2.615
132028 120000 66 4 w85444 r672467 m701184 f888 r21772023 p500
 17532484=3286822+8590277+6386159 i6464271 u13611303 u0 t2.858
142990 130000 66 4 w104726 r805854 m839875 f918 r25162397 p500
 18986448=3562710+9311119+6905248 i6962135 u14780258 u0 t3.007
153925 140000 66 4 w118467 r945714 m983278 f940 r27905500 p500
 20474477=3841729+10051396+7435263 i7474067 u15974031 u0 t2.912
164855 150000 66 4 w132528 r1094609 m1136580 f961 r30953626 p500
 21982251=4126056+10796461+7976893 i7990158 u17185709 u0 t3.052
175812 160000 66 4 w157580 r1257416 m1305121 f1001 r34418889 p500
 23584909=4417148+11560934+8588302 i8517335 u18486830 u0 t3.199
186797 170000 66 4 w173663 r1413489 m1464632 f1027 r37176513 p500
 25060643=4694278+12291216+9118384 i9025080 u19670736 u0 t3.098
197847 180000 66 4 w193057 r1577990 m1633092 f1058 r40082800 p500
 26594805=4977567+13035840+9687961 i9538457 u20911257 u0 t3.251
208776 190000 66 4 w223524 r1753848 m1814763 f1108 r43533881 p500
 28107430=5261667+13783743+10232285 i10051082 u22132165 u0 t3.378
219728 200000 66 4 w242813 r1925671 m1990380 f1140 r46331199 p500
 29612928=5546285+14529981+10770299 i10561051 u23348567 u0 t3.126
230584 210000 66 4 w271247 r2108539 m2177769 f1188 r49414833 p500
 31176719=5839236+15302598+11333221 i11081801 u24619241 u0 t3.285
241548 220000 66 4 w298690 r2290503 m2363951 f1235 r52452570 p500
 32683216=6122373+16045650+11876729 i11589709 u25837429 u0 t3.3
252514 230000 66 4 w328184 r2482139 m2559938 f1286 r55541713 p500
 34281334=6415992+16823378+12467909 i12120142 u27134212 u0 t3.621
263483 240000 66 4 w355942 r2670294 m2752120 f1336 r58556696 p500
 35779646=6698842+17564571+13004988 i12627047 u28344694 u0 t3.388
274496 250000 66 4 w390162 r2864405 m2950323 f1398 r61618136 p500
 37310769=6986369+18323484+13553505 i13142419 u29583948 u0 t3.365
285461 260000 66 4 w423315 r3059657 m3149705 f1458 r64676336 p500
 38803051=7268863+19066410+14083606 i13645546 u30792292 u0 t3.336
296415 270000 66 4 w453907 r3252449 m3346206 f1515 r67535310 p500
 40291660=7548931+19800727+14620226 i14145696 u31997756 u0 t3.279
307437 280000 66 4 w490004 r3453286 m3551102 f1582 r70564683 p500
 41798390=7832680+20548382+15159093 i14650551 u33220159 u0 t3.4
318462 290000 66 4 w525953 r3663173 m3764866 f1648 r73600397 p500
 43400958=8135339+21341253+15733409 i15188963 u34518376 u0 t3.589
329483 300000 66 4 w570657 r3888581 m3995255 f1731 r77069674 p500
 45028067=8442234+22155263+16308545 i15741023 u35832983 u0 t3.803
340525 310000 66 4 w613893 r4102773 m4213969 f1811 r80240289 p500
 46615498=8738046+22934138+16886727 i16265751 u37125460 u0 t3.598
351480 320000 94 4 w652444 r4314811 m4429940 f1882 r83165520 p500
 48198444=9038935+23721499+17447383 i16791102 u38414375 u0 t3.546
362496 330000 94 4 w692640 r4526200 m4645400 f1958 r86146206 p500
 49733444=9330284+24482692+17993474 i17301391 u39663832 u0 t3.513
373551 340000 94 4 w737986 r4748480 m4872347 f2043 r89350960 p500
 51290420=9626097+25253246+18550462 i17822554 u40927700 u0 t3.657
384689 350000 94 4 w787249 r4970978 m5099284 f2135 r92459018 p500
 52863841=9922129+26021395+19125405 i18348183 u42203520 u0 t3.662
395874 360000 94 4 w833900 r5197419 m5329955 f2223 r95565539 p500
 54481113=10221859+26805577+19724920 i18891983 u43508856 u0 t3.717
406862 370000 94 4 w880187 r5429365 m5566099 f2310 r98685931 p500
 56127737=10531055+27599843+20335875 i19440169 u44843450 u0 t3.785
417894 380000 94 4 w934164 r5660313 m5801600 f2412 r101856653 p500
 57710652=10827571+28373736+20913921 i19972840 u46122845 u0 t3.755
428912 390000 94 4 w984242 r5889353 m6034992 f2509 r104925543 p500
 59267668=11118998+29134387+21483671 i20493597 u47384164 u0 t3.746
439874 400000 94 4 w1033807 r6112533 m6262437 f2605 r107936140 p500
 60798949=11403897+29878773+22048738 i20998317 u48630988 u0 t3.647
450859 410000 94 4 w1084807 r6340784 m6494847 f2703 r110936873 p500
 62344803=11692810+30638301+22610561 i21513761 u49885851 u0 t3.701
461847 420000 94 4 w1140042 r6569423 m6727766 f2811 r113980154 p500
 63844431=11974358+31373784+23155226 i22012558 u51104322 u0 t3.655
472807 430000 94 4 w1188269 r6799032 m6960858 f2908 r116800434 p500
 65437780=12274970+32155539+23733015 i22539907 u52401680 u0 t3.763
483790 440000 94 4 w1255802 r7052888 m7219872 f3043 r120254039 p500
 67045767=12575174+32948774+24314528 i23075177 u53708595 u0 t4.019
494708 450000 94 4 w1315509 r7303268 m7474430 f3163 r123393417 p500
 68699472=12883619+33764275+24912530 i23624669 u55053160 u0 t4.038
505590 460000 94 4 w1368685 r7551252 m7726294 f3271 r126404174 p500
 70351532=13192036+34579703+25508940 i24172126 u56398604 u0 t3.94
516566 470000 94 4 w1440172 r7810999 m7990704 f3413 r129760980 p500
 71990802=13497983+35383004+26106829 i24710306 u57736399 u0 t4.104
527520 480000 94 4 w1498273 r8065691 m8249458 f3535 r132945687 p500
 73645399=13806248+36198720+26705964 i25258660 u59082788 u0 t4.016
538466 490000 94 4 w1566427 r8327284 m8515559 f3673 r136228791 p500
 75322036=14118226+37019796+27319560 i25806166 u60454054 u0 t4.141
549399 500000 94 4 w1633587 r8591358 m8783637 f3810 r139437842 p500
 77023425=14443739+37852951+27939452 i26363859 u61844042 u0 t4.158
560288 510000 94 4 w1692954 r8847380 m9043378 f3931 r142476396 p500
 78683779=14754211+38673947+28537979 i26906283 u63203810 u0 t4.109
571192 520000 94 4 w1762589 r9111812 m9312388 f4070 r145775406 p500
 80352712=15063905+39495351+29144443 i27450830 u64569956 u0 t4.219
582148 530000 94 4 w1840873 r9386290 m9591477 f4234 r149143995 p500
 82036336=15378372+40322769+29756566 i27999879 u65948921 u0 t4.441
593039 540000 94 4 w1902507 r9652765 m9861679 f4360 r152208620 p500
 83771290=15699382+41171815+30392891 i28559657 u67374261 u0 t4.167
604123 550000 94 4 w1970184 r9897854 m10110811 f4497 r155155551 p500
 85292841=15985696+41911091+30952926 i29046692 u68628505 u0 t3.865
615220 560000 94 4 w2030485 r10104643 m10321007 f4618 r157655890 p500
 86578406=16228956+42541143+31420369 i29455910 u69692039 u0 t3.242
626410 570000 94 4 w2081958 r10303330 m10522980 f4720 r160064430 p500
 87844101=16466215+43152805+31889826 i29858755 u70737095 u0 t3.138
637646 580000 94 4 w2124304 r10487468 m10709451 f4809 r162105028 p500
 89076810=16700413+43755344+32338702 i30251662 u71756306 u0 t3.001
648847 590000 94 4 w2186635 r10693429 m10918949 f4937 r164592895 p500
 90374030=16941574+44376422+32827115 i30647061 u72842620 u0 t3.234
660023 600000 94 4 w2241325 r10879754 m11108251 f5047 r166777338 p500
 91532382=17161983+44938682+33251932 i31018490 u73797681 u0 t2.974
671169 610000 94 4 w2287774 r11058674 m11289687 f5141 r168805240 p500
 92677881=17380618+45496976+33670550 i31387065 u74741275 u0 t2.85
682330 620000 94 4 w2325354 r11229227 m11462358 f5218 r170638795 p500
 93822077=17600425+46050280+34090645 i31749477 u75688678 u0 t2.792
693457 630000 94 4 w2395855 r11441540 m11678699 f5360 r173271827 p500
 95055697=17831544+46649550+34545330 i32130692 u76718981 u0 t3.359
704731 640000 94 4 w2444691 r11628885 m11868611 f5459 r175338822 p500
 96294487=18063003+47246521+35007532 i32518530 u77747624 u0 t2.998
715916 650000 94 4 w2495030 r11812152 m12054712 f5563 r177455629 p500
 97439920=18281492+47802828+35427035 i32879854 u78698313 u0 t2.951
727122 660000 94 4 w2550002 r12009657 m12255025 f5674 r179639083 p500
 98670868=18515586+48399959+35879326 i33273776 u79713681 u0 t3.125
738273 670000 94 4 w2611323 r12208915 m12457419 f5797 r181902480 p500
 99875743=18744879+48985343+36321344 i33658630 u80709108 u0 t3.202
749495 680000 94 4 w2657606 r12387737 m12638634 f5895 r183874708 p500
 101042383=18969139+49551143+36748337 i34020267 u81684148 u0 t2.988
760693 690000 94 4 w2711433 r12582321 m12836016 f6006 r186009086 p500
 102254980=19199662+50136770+37196455 i34405509 u82686830 u0 t3.15
771972 700000 94 4 w2772094 r12785279 m13042115 f6130 r188305559 p500
 103465720=19428892+50723315+37642786 i34792134 u83686426 u0 t3.205
783287 710000 94 4 w2840913 r12988280 m13248549 f6268 r190656535 p500
 104639900=19653350+51296043+38070532 i35170941 u84652906 u0 t3.351
794503 720000 94 4 w2887333 r13172275 m13434986 f6366 r192622861 p500
 105795637=19874772+51860524+38490375 i35545319 u85602920 u0 t2.992
805629 730000 94 4 w2936072 r13359855 m13624786 f6465 r194567866 p500
 107012879=20104345+52440052+38949652 i35930057 u86609178 u0 t3.03
816809 740000 94 4 w2995769 r13555177 m13823158 f6587 r196761974 p500
 108170750=20322040+52988329+39390324 i36294352 u87566657 u0 t3.052
827890 750000 94 4 w3056040 r13747426 m14018519 f6707 r198907450 p500
 109346023=20541989+53535547+39846975 i36661180 u88539649 u0 t3.059
839058 760000 94 4 w3109603 r13928751 m14202546 f6815 r200898737 p500
 110457274=20754203+54068761+40260181 i37017248 u89455099 u0 t2.912
850231 770000 94 4 w3167606 r14124356 m14400898 f6934 r202990161 p500
 111644530=20977813+54640699+40701567 i37398471 u90431779 u0 t3.127
861324 780000 94 4 w3217549 r14301581 m14580467 f7035 r204858785 p500
 112756712=21190675+55177904+41111668 i37759844 u91343674 u0 t2.896
872344 790000 94 4 w3279716 r14497772 m14779756 f7161 r207009996 p500
 113901230=21409743+55727856+41536166 i38120970 u92292656 u0 t3.134
883522 800000 94 4 w3341708 r14691938 m14976758 f7287 r209110151 p500
 115052446=21630279+56283615+41960828 i38487037 u93244634 u0 t3.111
894714 810000 94 4 w3400640 r14881070 m15168772 f7405 r211144970 p500
 116160183=21843397+56812897+42374928 i38844551 u94154461 u0 t3.021
905844 820000 94 4 w3440117 r15052914 m15342495 f7487 r212849128 p500
 117283223=22058021+57355645+42788962 i39197284 u95087244 u0 t2.802
916882 830000 94 4 w3513884 r15275164 m15568159 f7637 r215270059 p500
 118549967=22298052+57962861+43262652 i39603366 u96129439 u0 t3.453
927964 840000 94 4 w3574720 r15479263 m15775141 f7762 r217395994 p500
 119743936=22526809+58544733+43697164 i39997384 u97103690 u0 t3.4
939033 850000 94 4 w3653626 r15709566 m16009159 f7919 r219945957 p500
 121004026=22765154+59154770+44162145 i40416799 u98126459 u0 t3.644
950128 860000 94 4 w3711243 r15917792 m16219938 f8040 r222040254 p500
 122238911=23000263+59758465+44610481 i40822615 u99135415 u0 t3.282
961260 870000 94 4 w3779280 r16130161 m16435268 f8181 r224270504 p500
 123458245=23233306+60350981+45056196 i41230278 u100124003 u0 t3.358
972424 880000 94 4 w3832753 r16328330 m16635817 f8294 r226279099 p500
 124673076=23464513+60935225+45507237 i41631068 u101112959 u0 t3.226
983571 890000 94 4 w3914595 r16559822 m16870934 f8462 r228786314 p500
 125884344=23693920+61524697+45951042 i42029918 u102100749 u0 t3.521
994789 900000 94 4 w3988313 r16772350 m17086632 f8615 r231027621 p500
 127057734=23916914+62089299+46386563 i42416898 u103056416 u0 t3.41
1005944 910000 94 4 w4032776 r16956613 m17272694 f8711 r232804167 p500
 128303145=24152135+62684289+46852631 i42805714 u104091257 u0 t3.146
1017100 920000 94 4 w4095108 r17154171 m17472910 f8842 r234842504 p500
 129430532=24368313+63227679+47268900 i43174223 u105013440 u0 t3.11
1028294 930000 94 4 w4172122 r17365798 m17688012 f8998 r237116449 p500
 130528677=24578028+63757612+47674284 i43529111 u105915643 u0 t3.229
1039422 940000 94 4 w4233079 r17565012 m17889823 f9126 r239132825 p500
 131687827=24798360+64320403+48099629 i43911489 u106860544 u0 t3.211
1050473 950000 94 4 w4289560 r17761096 m18088254 f9245 r241068194 p500
 132854633=25020472+64887893+48525919 i44291791 u107816468 u0 t3.245
1061568 960000 94 4 w4350618 r17960726 m18290480 f9373 r243102493 p500
 134043070=25250333+65467521+48956681 i44673901 u108797168 u0 t3.377
1072599 970000 94 4 w4426726 r18185142 m18518063 f9530 r245395955 p500
 135291847=25485760+66067542+49422293 i45075000 u109823873 u0 t3.523
1083733 980000 94 4 w4489122 r18380755 m18716215 f9660 r247345906 p500
 136399100=25701026+66611278+49818919 i45431025 u110738114 u0 t3.092
1094785 990000 94 4 w4556759 r18582506 m18920645 f9802 r249384412 p500
 137519050=25917257+67155540+50227043 i45802551 u111649991 u0 t3.164
1105876 1000000 94 4 w4608398 r18778369 m19118755 f9912 r251275378 p500
 138665713=26137695+67717784+50640862 i46185541 u112582051 u0 t3.118
1117034 1010000 94 4 w4683832 r18988789 m19332159 f10067 r253426252 p500
 139787403=26354448+68264708+51048328 i46550782 u113502179 u0 t6.464
1128112 1020000 94 4 w4750062 r19193654 m19539590 f10205 r255444972 p500
 140921791=26573668+68822755+51454807 i46929549 u114424839 u0 t3.381
1139060 1030000 94 4 w4825741 r19424598 m19773472 f10361 r257725289 p500
 142169262=26814500+69435817+51902697 i47348672 u115436356 u0 t3.697
1150007 1040000 94 4 w4912502 r19687001 m20039582 f10541 r260370800 p500
 143561529=27079998+70114418+52410413 i47816049 u116563182 u0 t4.112
1160894 1050000 94 4 w4994419 r19949073 m20304863 f10711 r262920945 p500
 144998334=27351326+70820475+52930359 i48310847 u117714529 u0 t4.771
1171814 1060000 94 4 w5079323 r20209963 m20569167 f10894 r265502196 p500
 146379096=27613815+71499763+53428048 i48782008 u118825698 u0 t4.38
1182789 1070000 94 4 w5167789 r20473308 m20835753 f11079 r268055153 p500
 147771413=27879098+72187374+53926681 i49264160 u119939986 u0 t4.056
1193726 1080000 94 4 w5259107 r20739471 m21105554 f11267 r270710907 p500
 149134067=28139227+72857138+54417549 i49733363 u121032580 u0 t4.062
1204582 1090000 94 4 w5342020 r21010813 m21380243 f11440 r273336244 p500
 150558189=28410800+73563244+54924922 i50226462 u122172680 u0 t4.099
1215452 1100000 94 4 w5446788 r21296365 m21669628 f11660 r276131204 p500
 152005113=28686816+74275924+55445128 i50718146 u123338987 u0 t4.367
1226363 1110000 94 4 w5533221 r21574591 m21951041 f11844 r278759493 p500
 153500823=28969235+75014161+55983169 i51233786 u124537755 u0 t4.253
1237247 1120000 94 4 w5613993 r21839398 m22218849 f12012 r281250870 p500
 154937436=29243149+75724625+56496704 i51727824 u125690779 u0 t4.169
1248176 1130000 94 4 w5717672 r22134429 m22517774 f12228 r284129264 p500
 156402735=29522272+76447278+57022338 i52234385 u126863976 u0 t4.408
1259068 1140000 94 4 w5812498 r22416722 m22803511 f12429 r286833404 p500
 157861130=29797985+77168674+57545265 i52739301 u128030652 u0 t4.371
1269968 1150000 94 4 w5911829 r22708332 m23098707 f12634 r289610431 p500
 159329507=30076803+77900612+58066164 i53248586 u129205490 u0 t4.362
1280888 1160000 94 4 w6005856 r22990620 m23384262 f12831 r292249920 p500
 160787360=30353505+78624948+58585504 i53754089 u130371677 u0 t4.349
1291754 1170000 94 4 w6099444 r23280350 m23677608 f13025 r294973170 p500
 162257086=30632524+79353396+59110035 i54267410 u131543823 u0 t4.347
1302652 1180000 94 4 w6195592 r23570587 m23971252 f13225 r297678544 p500
 163740225=30914948+80088433+59638609 i54777761 u132734814 u0 t4.41
1313613 1190000 94 4 w6301083 r23871282 m24275612 f13447 r300520175 p500
 165222365=31196415+80824289+60167001 i55293833 u133918610 u0 t4.462
1324596 1200000 94 4 w6401358 r24172757 m24580987 f13655 r303370358 p500
 166705142=31477697+81562307+60693492 i55808726 u135104707 u0 t4.52
1335456 1210000 94 4 w6497525 r24466563 m24877978 f13858 r306045225 p500
 168224635=31765451+82316176+61235830 i56339450 u136316377 u0 t4.444
1346441 1220000 94 4 w6605942 r24779547 m25194707 f14085 r308933633 p500
 169783151=32059976+83084342+61797326 i56873939 u137567689 u0 t4.649
1357399 1230000 94 4 w6699840 r25081976 m25500455 f14279 r311687014 p500
 171340127=32353047+83856368+62354089 i57413579 u138812807 u0 t4.859
1368385 1240000 94 4 w6813818 r25407466 m25829875 f14514 r314704102 p500
 172947613=32655799+84649796+62933488 i57968720 u140099534 u0 t5.212
1379469 1250000 94 4 w6930635 r25738598 m26164786 f14757 r317720789 p500
 174578358=32960715+85458237+63518400 i58541033 u141395810 u0 t5.218
1390543 1260000 94 4 w7036400 r26065699 m26495788 f14975 r320714122 p500
 176216496=33265768+86260659+64117377 i59106783 u142704797 u0 t4.96
1401635 1270000 94 4 w7157996 r26405632 m26839745 f15227 r323814765 p500
 177844400=33572064+87068311+64699573 i59674754 u144003120 u0 t5.265
1412662 1280000 94 4 w7271038 r26735384 m27173412 f15458 r326815692 p500
 179448464=33876559+87868585+65267070 i60238207 u145280160 u0 t5.038
1423732 1290000 94 4 w7376705 r27055378 m27497015 f15675 r329688942 p500
 181048818=34176735+88658077+65844470 i60795693 u146556530 u0 t4.96
1434749 1300000 94 4 w7501329 r27402227 m27848040 f15934 r332829648 p500
 182708017=34486060+89473649+66447223 i61373655 u147878573 u0 t5.434
1445738 1310000 94 4 w7618078 r27746073 m28195954 f16173 r335935806 p500
 184393707=34802515+90300279+67060585 i61968268 u149214220 u0 t5.111
1456743 1320000 94 4 w7723433 r28078199 m28531685 f16392 r338853493 p500
 186070233=35117420+91124338+67668658 i62553952 u150548801 u0 t5.462
1467716 1330000 94 4 w7862860 r28454807 m28912949 f16678 r342294784 p500
 187826318=35446440+91987570+68306202 i63165510 u151948283 u0 t6.801
1478847 1340000 94 4 w7979918 r28807393 m29269489 f16919 r345431527 p500
 189576204=35770547+92843092+68948286 i63779903 u153336287 u0 t5.283
1489858 1350000 94 4 w8108378 r29166700 m29633134 f17187 r348635011 p500
 191293706=36091274+93689714+69570365 i64386201 u154697247 u0 t5.316
1500812 1360000 94 4 w8218406 r29505189 m29975463 f17417 r351637048 p500
 192945491=36397576+94496222+70177412 i64966733 u156007300 u0 t4.978
1511816 1370000 94 4 w8347509 r29865552 m30340160 f17686 r354876770 p500
 194629037=36712329+95326971+70785495 i65561459 u157341507 u0 t8.988
1522795 1380000 94 4 w8450385 r30192312 m30670169 f17901 r357693488 p500
 196261107=37016280+96132860+71375071 i66140531 u158631711 u0 t4.942
1533703 1390000 94 4 w8589545 r30563458 m31045956 f18185 r361013237 p500
 197916580=37324592+96947275+71976458 i66729958 u159938181 u0 t5.304
1544569 1400000 94 4 w8690676 r30892449 m31378466 f18399 r363873380 p500
 199559259=37633478+97759355+72566898 i67310755 u161240096 u0 t4.987
1555499 1410000 94 4 w8836581 r31279043 m31769651 f18703 r367252285 p500
 201315494=37961628+98624605+73202706 i67933358 u162628671 u0 t5.518
1566395 1420000 94 4 w8955250 r31642000 m32136570 f18951 r370404650 p500
 203040851=38283744+99480615+73821800 i68542871 u163996347 u0 t10.469
1577238 1430000 94 4 w9093950 r32020215 m32519051 f19239 r373653893 p500
 204769957=38606559+100338547+74442479 i69154123 u165366157 u0 t5.551
1588118 1440000 98 4 w9209079 r32375531 m32878184 f19479 r376695739 p500
 206501964=38930451+101195825+75064964 i69770434 u166734147 u0 t5.288
1598949 1450000 98 4 w9356867 r32771963 m33279261 f19785 r380148699 p500
 208268958=39258963+102068645+75703593 i70397251 u168131322 u0 t5.945
cache requests:  380649811, Misses: 33339681, Flush#: 19822
File page count: 524288
File page count: 0
1609797 1460000 98 3 w6155 r0 m0 f292 r0 p20
 210044947=39588611+102945770+76346406 i71023546 u169538539 u0 t5.314
1620630 1470000 98 3 w12625 r0 m0 f599 r0 p20
 211794585=39917933+103814704+76971470 i71639874 u170927260 u0 t5.019
1631477 1480000 98 3 w19156 r4186 m6429 f784 r819986 p500
 213544045=40245037+104679189+77602221 i72257768 u172313047 u0 t5.111
1642373 1490000 98 3 w31720 r53298 m61488 f800 r3282625 p500
 215341282=40581295+105569208+78248299 i72890375 u173739497 u0 t5.369
1653233 1500000 98 4 w42076 r131942 m143810 f815 r5832386 p500
 217140861=40916401+106459891+78897104 i73522967 u175168465 u0 t5.337
1664130 1510000 98 4 w53226 r228102 m243607 f833 r9006832 p500
 218918863=41246819+107335188+79542979 i74145500 u176581445 u0 t5.393
1675034 1520000 98 4 w68877 r341985 m361901 f857 r12361530 p500
 220707784=41578832+108217124+80191733 i74769760 u178005576 u0 t5.53
1685958 1530000 98 4 w87141 r474464 m499204 f885 r15730629 p500
 222527080=41916354+109112653+80853015 i75410135 u179448239 u0 t5.686
1696847 1540000 98 4 w105693 r615993 m645715 f914 r18920926 p500
 224315178=42247473+109988212+81508049 i76037820 u180866476 u0 t5.633
1707676 1550000 98 4 w126741 r775030 m810097 f948 r22255590 p500
 226145550=42585444+110889061+82174592 i76683998 u182315227 u0 t5.831
1718573 1560000 98 4 w150128 r944006 m984414 f986 r25578422 p500
 227977335=42923424+111787999+82844857 i77328443 u183766384 u0 t5.863
1729487 1570000 98 4 w173819 r1116661 m1162270 f1024 r28816677 p500
 229753615=43251320+112659502+83494703 i77952523 u185175025 u0 t5.73
1740347 1580000 98 4 w202550 r1298644 m1349597 f1072 r32194172 p500
 231553104=43584046+113540125+84154536 i78584776 u186601737 u0 t5.825
1751207 1590000 98 4 w226973 r1488011 m1543190 f1113 r35309973 p500
 233379940=43922520+114439161+84819335 i79226572 u188050671 u0 t5.891
1762023 1600000 98 4 w260557 r1682662 m1742976 f1171 r38659621 p500
 235155843=44253361+115316780+85460372 i79853207 u189457950 u0 t5.926
1772878 1610000 98 4 w292306 r1878475 m1943457 f1227 r41916673 p500
 236929770=44581602+116184385+86111454 i80477435 u190863659 u0 t5.847
1783723 1620000 98 4 w323189 r2077553 m2146865 f1282 r44980941 p500
 238688807=44908360+117054935+86745918 i81098665 u192256970 u0 t5.8
1794607 1630000 98 4 w360045 r2285874 m2360324 f1346 r48338962 p500
 240464479=45236722+117925167+87395629 i81726474 u193660640 u0 t5.956
1805498 1640000 98 4 w398026 r2499639 m2578938 f1414 r51593637 p500
 242254153=45568300+118810419+88042816 i82358347 u195078330 u0 t5.979
1816421 1650000 98 4 w436894 r2717427 m2801552 f1484 r54841950 p500
 244050465=45899876+119697682+88694298 i82996379 u196496753 u0 t6.05
1827273 1660000 98 4 w480541 r2939869 m3029238 f1563 r58199592 p500
 245854599=46234183+120581771+89354321 i83632877 u197924639 u0 t6.263
1838160 1670000 98 4 w524502 r3168074 m3262552 f1642 r61580433 p500
 247658504=46569017+121468086+90011465 i84273134 u199349033 u0 t6.128
1849005 1680000 98 4 w565360 r3387347 m3486197 f1717 r64602155 p500
 249430278=46895842+122335533+90661291 i84896857 u200752793 u0 t5.905
1859879 1690000 98 4 w609901 r3609391 m3713003 f1799 r67717552 p500
 251131279=47212315+123178813+91272934 i85499711 u202098754 u0 t5.845
1870739 1700000 98 4 w653424 r3837590 m3945766 f1880 r70852635 p500
 252891045=47539369+124052324+91905247 i86124581 u203489988 u0 t5.996
1881698 1710000 98 4 w705649 r4066275 m4179490 f1978 r74067121 p500
 254580511=47855132+124886720+92515242 i86721841 u204828063 u0 t5.912
1892578 1720000 98 4 w748190 r4288456 m4405706 f2059 r76936855 p500
 256293646=48175630+125733252+93133036 i87328092 u206184635 u0 t5.816
1903425 1730000 98 4 w808585 r4531651 m4654067 f2176 r80305324 p500
 258022915=48497011+126587322+93759138 i87938464 u207555143 u0 t6.102
1914319 1740000 98 4 w857277 r4770503 m4897181 f2267 r83392361 p500
 259815209=48830592+127465985+94414637 i88571044 u208973539 u0 t6.141
1925121 1750000 98 4 w912517 r5012101 m5143524 f2374 r86600268 p500
 261541348=49152781+128320704+95035878 i89183247 u210339263 u0 t6.06
1936035 1760000 98 4 w972244 r5264360 m5400519 f2491 r89926351 p500
 263330395=49486167+129206644+95680325 i89824339 u211747700 u0 t6.326
1946942 1770000 98 4 w1024092 r5501540 m5641752 f2596 r92878534 p500
 265050284=49805914+130048834+96309106 i90424601 u213115838 u0 t5.933
1957829 1780000 98 4 w1082320 r5744459 m5889161 f2711 r95984288 p500
 266753303=50124838+130892409+96920932 i91029737 u214462523 u0 t6.115
1968722 1790000 98 4 w1147327 r5999057 m6148659 f2842 r99276478 p500
 268493552=50448739+131746780+97555161 i91644997 u215839574 u0 t6.162
1979581 1800000 98 4 w1204293 r6238799 m6392477 f2958 r102231851 p500
 270164288=50760785+132567358+98163038 i92239679 u217157734 u0 t5.884
1990482 1810000 98 4 w1259559 r6476019 m6633655 f3073 r105114457 p500
 271830252=51072079+133383609+98770962 i92827965 u218476734 u0 t5.832
2001382 1820000 98 4 w1325459 r6724440 m6886887 f3201 r108293448 p500
 273492871=51381902+134197434+99378998 i93419016 u219788841 u0 t6.136
2012247 1830000 98 4 w1387082 r6972361 m7138959 f3327 r111269737 p500
 275187120=51698829+135031055+99993704 i94017937 u221130080 u0 t5.98
2023129 1840000 98 4 w1450945 r7221253 m7392165 f3457 r114282657 p500
 276861603=52011532+135854419+100601958 i94610318 u222454909 u0 t5.934
2034053 1850000 98 4 w1518593 r7481994 m7657517 f3594 r117465866 p500
 278586086=52334286+136703614+101226354 i95222671 u223817620 u0 t6.178
2044917 1860000 98 4 w1583012 r7728590 m7908097 f3726 r120342484 p500
 280251224=52646494+137526857+101826009 i95811624 u225136575 u0 t5.972
2055814 1870000 98 4 w1652691 r7985918 m8169925 f3866 r123403558 p500
 281924750=52958788+138352252+102431703 i96413654 u226451357 u0 t6.851
2066728 1880000 98 4 w1719409 r8240023 m8428393 f4001 r126422433 p500
 283579260=53268199+139169715+103028509 i97000601 u227759712 u0 t5.991
2077660 1890000 98 4 w1795604 r8500760 m8693767 f4154 r129517432 p500
 285237044=53579292+139988643+103625286 i97588194 u229071211 u0 t6.057
2088614 1900000 98 4 w1856012 r8749967 m8946607 f4278 r132318061 p500
 286912655=53892335+140810185+104236352 i98184322 u230392858 u0 t5.898
2099586 1910000 98 4 w1940103 r9023679 m9225265 f4449 r135548462 p500
 288616243=54209093+141647327+104856783 i98785447 u231742084 u0 t6.295
2110524 1920000 98 4 w2008687 r9275685 m9481384 f4589 r138412541 p500
 290241237=54514629+142446303+105445717 i99359871 u233028505 u0 t5.838
2121483 1930000 98 4 w2085066 r9544377 m9754616 f4746 r141504637 p500
 291923570=54829825+143276743+106052519 i99958347 u234357392 u0 t6.148
2132440 1940000 98 4 w2155889 r9802711 m10017191 f4889 r144426737 p500
 293565784=55136148+144083806+106649839 i100542879 u235653027 u0 t5.913
2143340 1950000 98 4 w2237902 r10074012 m10293042 f5055 r147529518 p500
 295239019=55448867+144906211+107257969 i101135657 u236976424 u0 t6.174
2154286 1960000 98 4 w2308737 r10329211 m10551995 f5202 r150315335 p500
 296860107=55753648+145703015+107845359 i101710562 u238258492 u0 t5.865
2165157 1970000 98 4 w2384598 r10580129 m10807098 f5357 r153143489 p500
 298412591=56044542+146464173+108410700 i102258758 u239487685 u0 t5.723
2176142 1980000 98 4 w2456877 r10834669 m11065572 f5504 r155942797 p500
 299979496=56338337+147235354+108978397 i102815011 u240726171 u0 t6.154
2187090 1990000 98 4 w2532614 r11098091 m11333104 f5657 r158824117 p500
 301618575=56644428+148044181+109570873 i103400612 u242017998 u0 t6.289
2198031 2000000 98 4 w2606752 r11352647 m11591464 f5811 r161580346 p500
 303185210=56938923+148817650+110135184 i103955681 u243258211 u0 t5.981
2208970 2010000 98 4 w2697240 r11620403 m11863853 f5994 r164607366 p500
 304752540=57232180+149587337+110705170 i104509678 u244498790 u0 t5.88
2219875 2020000 98 4 w2764019 r11871078 m12117957 f6130 r167218308 p500
 306334455=57532948+150371332+111270400 i105071929 u245750019 u0 t5.856
2230717 2030000 98 4 w2843474 r12126229 m12377165 f6292 r169990256 p500
 307845651=57817948+151122157+111809532 i105608216 u246946268 u0 t5.841
2241553 2040000 98 4 w2921846 r12381242 m12635884 f6453 r172703371 p500
 309373570=58105978+151881084+112355392 i106156681 u248149330 u0 t6.026
2252478 2050000 98 4 w3001518 r12643301 m12901853 f6614 r175507044 p500
 310917801=58397346+152645204+112909519 i106706796 u249369360 u0 t5.768
2263400 2060000 98 4 w3081962 r12904498 m13166867 f6781 r178312223 p500
 312460636=58688083+153405052+113466755 i107255248 u250588493 u0 t5.881
2274335 2070000 98 4 w3169212 r13170432 m13437006 f6963 r181159038 p500
 314006113=58979074+154169481+114021866 i107804693 u251810410 u0 t6.107
2285238 2080000 98 4 w3232412 r13407043 m13676551 f7095 r183535914 p500
 315479761=59257781+154893633+114554732 i108325720 u252978118 u0 t5.437
2296195 2090000 98 4 w3325373 r13676638 m13950338 f7284 r186394712 p500
 317001742=59547160+155648315+115097246 i108862969 u254185894 u0 t5.992
2307093 2100000 98 4 w3404354 r13940009 m14217501 f7445 r189131288 p500
 318548784=59841585+156419314+115645210 i109411254 u255412680 u0 t5.999
2317991 2110000 98 4 w3479816 r14195238 m14476305 f7598 r191749908 p500
 320065310=60129116+157167613+116190543 i109944524 u256617813 u0 t5.709
2328915 2120000 98 4 w3577204 r14466586 m14751874 f7795 r194624808 p500
 321540226=60409484+157900375+116714932 i110468996 u257784803 u0 t5.82
2339889 2130000 98 4 w3648454 r14719168 m15007701 f7943 r197163244 p500
 323065272=60697602+158658425+117258241 i111014058 u258988814 u0 t5.638
2350849 2140000 98 4 w3727472 r14981521 m15273789 f8105 r199840822 p500
 324569276=60981045+159406540+117794073 i111547995 u260179417 u0 t5.704
2361818 2150000 98 4 w3823735 r15251401 m15547714 f8300 r202635726 p500
 326046163=61261072+160142425+118317711 i112074958 u261347087 u0 t5.782
2372703 2160000 98 4 w3898040 r15507722 m15807166 f8456 r205142035 p500
 327582195=61550056+160900281+118871928 i112619332 u262562495 u0 t5.781
2383611 2170000 98 4 w3984994 r15767739 m16071034 f8637 r207831626 p500
 329020933=61822910+161615512+119384128 i113128056 u263704047 u0 t5.768
2394538 2180000 98 4 w4074217 r16032982 m16340068 f8823 r210513786 p500
 330471640=62098697+162341500+119894769 i113645731 u264851480 u0 t5.637
2405448 2190000 98 4 w4163745 r16313528 m16624435 f9008 r213323227 p500
 332047282=62396171+163128686+120452548 i114207715 u266097021 u0 t6.105
2416385 2200000 98 4 w4246538 r16578536 m16892808 f9181 r215907653 p500
 333572677=62685022+163886371+120996698 i114748403 u267305460 u0 t5.715
2427291 2210000 98 4 w4335376 r16844175 m17162143 f9366 r218549027 p500
 335055154=62966105+164620723+121527332 i115271151 u268482437 u0 t5.802
2438224 2220000 98 4 w4425900 r17120143 m17441998 f9552 r221302905 p500
 336562228=63251799+165373345+122060347 i115807898 u269674710 u0 t5.893
2449156 2230000 98 4 w4516012 r17395963 m17721519 f9739 r224023953 p500
 338098470=63544181+166137065+122607037 i116352072 u270892307 u0 t5.967
2460085 2240000 98 4 w4602807 r17674796 m18003902 f9922 r226716185 p500
 339674657=63843460+166921569+123166530 i116915039 u272136883 u0 t6.123
2471031 2250000 98 4 w4708100 r17982670 m18315979 f10141 r229764595 p500
 341328221=64154313+167736404+123763464 i117503379 u273442708 u0 t6.362
2481891 2260000 98 4 w4798396 r18265430 m18602457 f10330 r232523066 p500
 342920094=64455060+168519044+124339193 i118064645 u274704718 u0 t6.109
2492839 2270000 98 4 w4899744 r18560421 m18901394 f10542 r235386154 p500
 344524932=64756130+169308970+124920291 i118632791 u275975335 u0 t6.275
2503770 2280000 98 4 w4997322 r18861688 m19206605 f10745 r238295114 p500
 346165173=65065475+170120749+125508611 i119217443 u277270580 u0 t6.418
2514685 2290000 98 4 w5100844 r19161382 m19510316 f10956 r241181537 p500
 347777859=65367628+170914357+126092672 i119790821 u278544881 u0 t6.42
2525687 2300000 98 4 w5204675 r19472331 m19825411 f11176 r244149796 p500
 349430556=65676533+171726819+126692647 i120375894 u279851943 u0 t6.345
2536614 2310000 98 4 w5301312 r19769874 m20126704 f11377 r246963881 p500
 351071462=65982636+172534843+127287338 i120957316 u281149916 u0 t6.348
2547690 2320000 98 4 w5412418 r20094672 m20455848 f11607 r250088007 p500
 352775789=66300993+173374078+127904919 i121567837 u282490946 u0 t6.653
2558712 2330000 98 4 w5519528 r20409213 m20774284 f11829 r253043759 p500
 354479327=66619347+174214406+128520924 i122176150 u283833625 u0 t16.281
2569709 2340000 98 4 w5618579 r20716656 m21085636 f12034 r255916388 p500
 356119816=66929029+175032721+129102657 i122760628 u285130986 u0 t6.369
2580699 2350000 98 4 w5747116 r21061527 m21435371 f12301 r259199289 p500
 357866975=67253212+175889572+129740737 i123382435 u286509470 u0 t6.82
2591715 2360000 98 4 w5849948 r21379134 m21757146 f12515 r262191419 p500
 359567798=67570319+176725970+130359050 i123990485 u287848833 u0 t6.662
2602831 2370000 98 4 w5964883 r21717744 m22100017 f12754 r265326820 p500
 361333804=67899239+177596044+130999241 i124625164 u289236893 u0 t8.418
2613986 2380000 98 4 w6075812 r22052645 m22438912 f12985 r268432422 p500
 363142494=68230806+178475866+131670096 i125265903 u290664656 u0 t6.955
2624949 2390000 98 4 w6202537 r22408202 m22799220 f13253 r271793296 p500
 364958248=68564735+179361240+132340268 i125916744 u292090811 u0 t7.074
2635909 2400000 98 4 w6321314 r22758048 m23153278 f13502 r275028982 p500
 366793742=68902584+180257977+133015990 i126577247 u293529770 u0 t7.047
2646913 2410000 98 4 w6436527 r23095933 m23495509 f13739 r278168708 p500
 368547157=69226360+181113701+133662101 i127206568 u294906027 u0 t6.87
2657884 2420000 98 4 w6547665 r23421519 m23825178 f13973 r281168018 p500
 370250743=69543018+181948977+134283775 i127814048 u296248546 u0 t6.682
2668918 2430000 98 4 w6658373 r23747534 m24155244 f14206 r284159437 p500
 371945334=69856854+182774867+134907321 i128419219 u297581757 u0 t6.506
2679809 2440000 98 4 w6774540 r24076295 m24488114 f14447 r287186321 p500
 373593593=70165486+183587194+135502816 i129019978 u298868714 u0 t6.551
2690746 2450000 98 4 w6886346 r24403296 m24819240 f14682 r290153327 p500
 375264732=70476391+184414187+136105363 i129622387 u300180439 u0 t6.52
2701594 2460000 98 4 w7012872 r24755297 m25175650 f14940 r293343279 p500
 377026942=70804695+185280946+136745118 i130256512 u301563962 u0 t8.065
2712475 2470000 98 4 w7125942 r25093511 m25518037 f15174 r296400207 p500
 378737275=71123412+186129022+137359567 i130873150 u302906871 u0 t6.778
2723357 2480000 98 4 w7247624 r25440947 m25869585 f15430 r299482294 p500
 380487328=71448458+186993347+137992245 i131496248 u304288140 u0 t6.79
2734166 2490000 98 4 w7367303 r25784512 m26217366 f15679 r302573610 p500
 382198024=71767925+187837149+138610940 i132109985 u305633826 u0 t6.749
2745023 2500000 98 4 w7497617 r26143281 m26580624 f15948 r305789261 p500
 383959910=72094368+188705051+139251002 i132743161 u307018172 u0 t10.548
2755880 2510000 98 4 w7614335 r26484562 m26925844 f16190 r308773610 p500
 385703183=72418174+189565646+139881674 i133371444 u308386340 u0 t7.001
2766772 2520000 98 4 w7732303 r26837357 m27282831 f16436 r311871358 p500
 387463931=72744988+190431472+140522086 i134004227 u309769783 u0 t11.087
2777605 2530000 98 4 w7867435 r27197019 m27647077 f16720 r315060913 p500
 389210244=73071112+191290844+141155276 i134627059 u311146743 u0 t10.471
2788466 2540000 98 4 w7987026 r27551742 m28005829 f16968 r318134980 p500
 390993925=73405001+192169511+141801295 i135265102 u312550895 u0 t10.099
2799329 2550000 98 4 w8114365 r27924513 m28382923 f17231 r321373705 p500
 392854436=73747080+193084041+142481179 i135930767 u314014249 u0 t7.391
2810193 2560000 98 4 w8256204 r28297926 m28761259 f17527 r324701755 p500
 394586175=74069906+193939383+143107047 i136556862 u315371393 u0 t7.096
2821115 2570000 98 4 w8366554 r28644785 m29111871 f17758 r327672394 p500
 396373854=74400331+194815983+143761024 i137200541 u316773140 u0 t7.29
2832025 2580000 98 4 w8501421 r29026194 m29497742 f18036 r330949416 p500
 398201283=74740010+195716692+144423960 i137857037 u318209139 u0 t8.361
2842894 2590000 98 4 w8630077 r29388145 m29864007 f18304 r334092447 p500
 399960875=75065982+196579442+145067439 i138489193 u319591062 u0 t7.139
2853742 2600000 98 4 w8777219 r29782002 m30262659 f18607 r337490531 p500
 401811634=75407233+197492344+145739777 i139154838 u321044220 u0 t7.451
2864632 2610000 98 4 w8896521 r30147688 m30632274 f18857 r340588674 p500
 403667966=75750169+198409680+146411818 i139816847 u322507731 u0 t12.556
2875503 2620000 98 4 w9045302 r30544886 m31034201 f19169 r343989953 p500
 405501187=76090975+199311909+147078283 i140474949 u323948664 u0 t8.042
2886360 2630000 98 4 w9164995 r30910982 m31404246 f19422 r347072887 p500
 407318394=76428580+200209416+147736246 i141129120 u325375853 u0 t11.508
2897239 2640000 98 4 w9313056 r31307498 m31805524 f19726 r350437347 p500
 409133084=76766405+201102314+148395438 i141778831 u326803405 u0 t7.538
2908079 2650000 98 4 w9441978 r31684623 m32186826 f19994 r353591849 p500
 410998892=77114178+202021249+149071777 i142446645 u328271891 u0 t7.369
2919336 2660000 98 4 w9582455 r32074386 m32581157 f20287 r356890218 p500
 412865095=77458535+202937691+149753790 i143102136 u329751855 u0 t7.444
cache requests:  357671093, Misses: 32676284, Flush#: 20363
File page count: 524288
File page count: 0
2930193 2670000 98 3 w5733 r0 m0 f272 r0 p20
 414758028=77807462+203871479+150441590 i143780220 u331240627 u0 t7.076
2941058 2680000 98 3 w12621 r0 m0 f599 r0 p20
 416562298=78141604+204760082+151097021 i144429130 u332657144 u0 t6.656
2951948 2690000 98 3 w19311 r3598 m5790 f784 r825679 p500
 418394567=78482060+205663987+151760410 i145080460 u334103941 u0 t6.727
2962792 2700000 98 3 w30482 r46605 m54015 f798 r3051832 p500
 420187245=78815085+206550897+152407374 i145724814 u335512833 u0 t7.013
2973731 2710000 98 3 w41267 r118349 m129450 f814 r5066445 p500
 421964447=79147445+207422084+153055205 i146355970 u336915655 u0 t7.233
2984605 2720000 98 4 w54067 r209834 m224630 f833 r8130027 p500
 423762171=79480129+208299528+153716891 i146988841 u338338743 u0 t8.176
2995574 2730000 98 4 w68855 r317273 m336098 f856 r11243976 p500
 425541780=79809047+209170707+154369183 i147622479 u339740777 u0 t8.703
3006468 2740000 98 4 w85824 r443642 m467311 f881 r14514196 p500
 427360559=80145053+210063381+155033678 i148272422 u341171408 u0 t8.594
3017345 2750000 98 4 w104253 r579976 m608619 f911 r17587819 p500
 429112466=80471448+210929421+155665389 i148901220 u342549288 u0 t8.6
3028291 2760000 98 4 w123399 r725258 m758780 f942 r20583189 p500
 430853628=80794053+211779723+156304391 i149526446 u343915723 u0 t11.433
3039192 2770000 98 4 w145436 r875563 m914294 f976 r23660859 p500
 432538461=81107787+212604140+156920898 i150124927 u345244854 u0 t9.089
3050078 2780000 98 4 w167812 r1034216 m1077404 f1013 r26545891 p500
 434247277=81429031+213437682+157545343 i150730880 u346593777 u0 t9.52
3060975 2790000 98 4 w194077 r1206000 m1253991 f1056 r29629639 p500
 436026715=81761305+214309126+158194410 i151358753 u348001631 u0 t16.035
3071909 2800000 98 4 w218942 r1375311 m1427622 f1098 r32510059 p500
 437724222=82079132+215137533+158816103 i151959216 u349342992 u0 t10.332
3082762 2810000 98 4 w252216 r1563866 m1621553 f1154 r35883514 p500
 439502098=82407520+216004295+159471644 i152593431 u350741796 u0 t16.476
3093667 2820000 98 4 w281006 r1749558 m1811386 f1205 r38800884 p500
 441252475=82734828+216859883+160111731 i153217842 u352119508 u0 t18.995
3104606 2830000 98 4 w309340 r1938318 m2004076 f1255 r41682375 p500
 443006883=83060939+217716620+160755196 i153840364 u353504116 u0 t13.25
3115556 2840000 98 4 w344341 r2131341 m2202125 f1317 r44835110 p500
 444688481=83372733+218538469+161372236 i154438207 u354830153 u0 t12.512
3126447 2850000 98 4 w377260 r2323030 m2398073 f1375 r47712099 p500
 446373566=83687025+219365885+161985484 i155038937 u356158444 u0 t17.037
3137354 2860000 98 4 w410479 r2517416 m2596695 f1434 r50538860 p500
 448084410=84007360+220203015+162608631 i155642687 u357512255 u0 t13.319
3148306 2870000 98 4 w449138 r2711714 m2795459 f1506 r53427081 p500
 449709146=84311145+221001359+163198792 i156222520 u358792827 u0 t14.028
3159170 2880000 98 4 w487364 r2910978 m2999275 f1575 r56332122 p500
 451351882=84617909+221801999+163801990 i156806948 u360087792 u0 t17.478
3170031 2890000 98 4 w524245 r3110907 m3203466 f1643 r59113251 p500
 453013492=84929203+222613413+164410040 i157393036 u361403203 u0 t15.004
3180938 2900000 98 4 w571181 r3320889 m3418679 f1728 r62189857 p500
 454661681=85237778+223419314+165012236 i157980507 u362702077 u0 t18.741
3191816 2910000 98 4 w612023 r3528930 m3630793 f1805 r64979465 p500
 456350591=85550949+224239011+165637741 i158577200 u364036661 u0 t31.242
3202736 2920000 98 4 w653411 r3744593 m3850649 f1882 r67871784 p500
 458067183=85872730+225081734+166261324 i159189106 u365389687 u0 t16.76
3213588 2930000 98 4 w708425 r3970685 m4082122 f1984 r71081701 p500
 459765403=86191157+225911227+166882779 i159793741 u366727802 u0 t21.118
3224450 2940000 98 4 w753884 r4189416 m4304850 f2072 r73902993 p500
 461458958=86506014+226744049+167499073 i160402684 u368057251 u0 t18.962
3235384 2950000 98 4 w794695 r4404886 m4523977 f2151 r76626627 p500
 463116228=86815090+227563975+168096159 i160997980 u369360734 u0 t21.569
3246267 2960000 98 4 w857996 r4645791 m4770194 f2272 r79989055 p500
 464858603=87140346+228419120+168730537 i161619737 u370733475 u0 t23.372
3257218 2970000 98 4 w910172 r4879117 m5007886 f2374 r82991415 p500
 466613074=87466190+229282067+169368910 i162248804 u372112543 u0 t21.346
3268155 2980000 98 4 w957158 r5099833 m5232226 f2469 r85688142 p500
 468268376=87775619+230093744+169972379 i162839758 u373416119 u0 t25.157
3278993 2990000 98 4 w1014816 r5335054 m5471863 f2586 r88699566 p500
 469969715=88091511+230926039+170595817 i163444304 u374758498 u0 t33.779
3289873 3000000 98 4 w1066122 r5552458 m5693185 f2690 r91408383 p500
 471569970=88391941+231705539+171183343 i164008864 u376025372 u0 t26.529
3300770 3010000 98 4 w1126050 r5788993 m5934245 f2809 r94385813 p500
 473233246=88702602+232525382+171785545 i164604000 u377335560 u0 t27.845
3311716 3020000 98 4 w1178686 r6020758 m6170119 f2914 r97212315 p500
 474884704=89011906+233343669+172378776 i165198110 u378633246 u0 t27.241
3322684 3030000 98 4 w1239412 r6255851 m6409419 f3034 r100103585 p500
 476508174=89314099+234142224+172968486 i165785463 u379904744 u0 t28.014
3333558 3040000 98 4 w1295717 r6489054 m6646667 f3146 r102905733 p500
 478143366=89618548+234943979+173565228 i166372165 u381190152 u0 t28.307
3344467 3050000 98 4 w1359581 r6724930 m6886957 f3276 r105796544 p500
 479740737=89918385+235729820+174143829 i166944798 u382447141 u0 t25.957
3355390 3060000 98 4 w1422789 r6967978 m7134258 f3400 r108714692 p500
 481413586=90230624+236550329+174753692 i167541760 u383765328 u0 t30.821
3366284 3070000 98 4 w1479996 r7195321 m7365343 f3515 r111356999 p500
 482988960=90526560+237328756+175320755 i168106048 u385005850 u0 t40.399
3377177 3080000 98 4 w1543175 r7433451 m7607741 f3644 r114183231 p500
 484606407=90828041+238120588+175912435 i168682922 u386279438 u0 t34.99
3388055 3090000 98 4 w1604855 r7665645 m7843974 f3767 r116912487 p500
 486152468=91119668+238885764+176466949 i169237789 u387496490 u0 t30.484
3398880 3100000 98 4 w1666675 r7895748 m8078005 f3894 r119581303 p500
 487684763=91409430+239647791+177012102 i169791940 u388699227 u0 t31.076
3409787 3110000 98 4 w1732621 r8129578 m8315841 f4034 r122307707 p500
 489223743=91698454+240408490+177565964 i170343829 u389910552 u0 t31.469
3420708 3120000 98 4 w1797836 r8366184 m8556433 f4166 r124984698 p500
 490782966=91991874+241181846+178124362 i170904663 u391136890 u0 t31.537
3431637 3130000 98 4 w1862772 r8608753 m8803092 f4300 r127754333 p500
 492372061=92290972+241966929+178696725 i171476857 u392385033 u0 t33.881
3442607 3140000 98 4 w1929454 r8841202 m9039542 f4439 r130414752 p500
 493867479=92576410+242705734+179231864 i172011694 u393564200 u0 t44.002
3453456 3150000 98 4 w2000839 r9083158 m9285634 f4581 r133173733 p500
 495418218=92870797+243475997+179783874 i172568181 u394786123 u0 t40.112
3464366 3160000 98 4 w2070543 r9324602 m9531067 f4723 r135866912 p500
 496965936=93164715+244245389+180334199 i173125988 u396002813 u0 t35.198
3475266 3170000 98 4 w2134794 r9563694 m9774138 f4852 r138521548 p500
 498503481=93454655+245005791+180885711 i173681324 u397209215 u0 t38.225
3486141 3180000 98 4 w2205052 r9798263 m10012517 f4999 r141104275 p500
 499986498=93737190+245741376+181413852 i174212327 u398379137 u0 t34.923
3497008 3190000 98 4 w2276170 r10039890 m10258067 f5144 r143759543 p500
 501529487=94026056+246498293+181975369 i174760939 u399596991 u0 t35.891
3507853 3200000 98 4 w2337877 r10275456 m10497152 f5272 r146325773 p500
 503046559=94315835+247250150+182516197 i175301373 u400795825 u0 t40.49
3518683 3210000 98 4 w2421651 r10525878 m10751907 f5444 r149144335 p500
 504564868=94603075+248002586+183059009 i175846773 u401991035 u0 t48.272
3529542 3220000 98 4 w2481848 r10757609 m10986702 f5569 r151515822 p500
 506086306=94893153+248756525+183601588 i176395900 u403186348 u0 t37.297
3540480 3230000 98 4 w2553599 r10999395 m11232344 f5718 r154151318 p500
 507573435=95176490+249498789+184127119 i176930384 u404358026 u0 t37.836
3551409 3240000 98 4 w2641769 r11264169 m11501520 f5898 r157077955 p500
 509136904=95471887+250274207+184686052 i177493181 u405588062 u0 t41.115
3562370 3250000 98 4 w2706391 r11499259 m11740001 f6029 r159569010 p500
 510633889=95756816+251017114+185219210 i178032511 u406765107 u0 t37.532
3573321 3260000 98 4 w2784569 r11750224 m11994862 f6190 r162218932 p500
 512154031=96046348+251771059+185761190 i178578913 u407962007 u0 t39.639
3584317 3270000 98 4 w2861085 r12005364 m12253766 f6346 r164921024 p500
 513711000=96340918+252547891+186312667 i179138607 u409188132 u0 t55.043
3595165 3280000 98 4 w2942932 r12259463 m12511922 f6515 r167638432 p500
 515228612=96629800+253298990+186854771 i179683131 u410383708 u0 t44.789
3606131 3290000 98 4 w3017721 r12510953 m12767042 f6669 r170243536 p500
 516787712=96926491+254070286+187412396 i180240801 u411613585 u0 t42.79
3617031 3300000 98 4 w3101657 r12765447 m13025432 f6842 r172898978 p500
 518283261=97210191+254817319+187941237 i180779792 u412790515 u0 t42.382
3627996 3310000 98 4 w3181613 r13021004 m13284828 f7006 r175574877 p500
 519803633=97499274+255577531+188477038 i181331826 u413982918 u0 t45.669
3638920 3320000 98 4 w3262413 r13283300 m13550999 f7168 r178317307 p500
 521375389=97793280+256352278+189045476 i181895013 u415219798 u0 t51.513
3649881 3330000 98 4 w3338253 r13530481 m13801564 f7324 r180824938 p500
 522880556=98076303+257096336+189586609 i182431832 u416407796 u0 t58.553
3660867 3340000 98 4 w3431330 r13812167 m14087551 f7511 r183746051 p500
 524491379=98379942+257895171+190162867 i183012074 u417673874 u0 t51.466
3671820 3350000 98 4 w3511690 r14069564 m14348476 f7677 r186339110 p500
 526041380=98675689+258665765+190712311 i183570173 u418894099 u0 t47.784
3682790 3360000 98 4 w3602808 r14349270 m14632365 f7863 r189223918 p500
 527659222=98979781+259462353+191297318 i184147264 u420170081 u0 t50.922
3693808 3370000 98 4 w3692586 r14632410 m14919463 f8048 r192086139 p500
 529325956=99293194+260282583+191900382 i184743039 u421482959 u0 t50.257
3704793 3380000 98 4 w3772954 r14900534 m15191163 f8216 r194751786 p500
 530943069=99597886+261085257+192478358 i185324971 u422755182 u0 t65.448
3715703 3390000 98 4 w3880627 r15205554 m15501024 f8437 r197880361 p500
 532641482=99915490+261923870+193091543 i185933687 u424092437 u0 t52.987
3726649 3400000 98 4 w3972112 r15494235 m15793517 f8627 r200713889 p500
 534346388=100233856+262770855+193701866 i186546567 u425433799 u0 t54.952
3737635 3410000 98 4 w4065370 r15796485 m16099767 f8820 r203705341 p500
 536134448=100568655+263669932+194329472 i187185093 u426846563 u0 t57.046
3748614 3420000 98 4 w4178257 r16118643 m16426779 f9051 r206959405 p500
 537914058=100902015+264547436+194973273 i187820263 u428250129 u0 t56.761
3759597 3430000 98 4 w4277911 r16430293 m16742626 f9254 r210016273 p500
 539732180=101243537+265443050+195631087 i188476791 u429675713 u0 t72.403
3770552 3440000 98 4 w4385375 r16750133 m17066908 f9477 r213150893 p500
 541540317=101581938+266331153+196288296 i189127182 u431095675 u0 t60.939
3781517 3450000 98 4 w4491202 r17065446 m17386934 f9689 r216321883 p500
 543336930=101916523+267210385+196945560 i189767489 u432511859 u0 t58.124
3792483 3460000 98 4 w4602503 r17385677 m17711651 f9919 r219489756 p500
 545110407=102247719+268083312+197588580 i190418823 u433891794 u0 t59.32
3803443 3470000 98 4 w4693347 r17689297 m18019026 f10109 r222374577 p500
 546863450=102576365+268956547+198213619 i191055108 u435265491 u0 t75.344
3814317 3480000 98 4 w4815571 r18018613 m18353167 f10364 r225652672 p500
 548616328=102905067+269822518+198845460 i191686552 u436642125 u0 t61.658
3825200 3490000 98 4 w4922417 r18335953 m18674824 f10582 r228723203 p500
 550364699=103231208+270687065+199476077 i192320618 u438011336 u0 t61.643
3836062 3500000 98 4 w5015313 r18631042 m18973533 f10780 r231485076 p500
 552038919=103542921+271516200+200079385 i192932314 u439318016 u0 t64.028
3847051 3510000 98 4 w5129113 r18948336 m19295409 f11016 r234571808 p500
 553738833=103859970+272354792+200694844 i193544867 u440652292 u0 t71.146
3857981 3520000 98 4 w5242186 r19280539 m19632183 f11251 r237760974 p500
 555533138=104195870+273249795+201333950 i194202057 u442052300 u0 t61.597
3868919 3530000 98 4 w5348606 r19611534 m19967447 f11472 r240861632 p500
 557372661=104540051+274170956+201984926 i194868042 u443495688 u0 t82.577
3879700 3540000 98 4 w5469839 r19955093 m20315758 f11724 r244134469 p500
 559174880=104876499+275068767+202628476 i195523417 u444906079 u0 t64.539
3890544 3550000 98 4 w5582551 r20297546 m20662558 f11956 r247329948 p500
 561055077=105229291+276013658+203289337 i196201727 u446384661 u0 t68.184
3901420 3560000 98 4 w5703076 r20641338 m21010929 f12207 r250555912 p500
 562858794=105565010+276912898+203933306 i196857655 u447796223 u0 t85.059
3912350 3570000 98 4 w5820349 r20989178 m21363302 f12454 r253775226 p500
 564721760=105912497+277839367+204600662 i197529971 u449258847 u0 t68.458
3923255 3580000 98 4 w5941302 r21330626 m21709044 f12706 r256920320 p500
 566536233=106252225+278740214+205250933 i198183896 u450684064 u0 t84.142
3934146 3590000 98 4 w6064439 r21686111 m22069208 f12964 r260207880 p500
 568414549=106603188+279666112+205930557 i198859984 u452158743 u0 t71.508
3945058 3600000 98 4 w6182380 r22030550 m22417978 f13210 r263345605 p500
 570254570=106948208+280576629+206591269 i199520673 u453605430 u0 t88.403
3955958 3610000 98 4 w6302634 r22382081 m22773814 f13462 r266509102 p500
 572141867=107297481+281509367+207275346 i200203574 u455083320 u0 t72.65
3966817 3620000 98 4 w6422162 r22730988 m23127239 f13709 r269704456 p500
 573970117=107641840+282420517+207926474 i200859553 u456520854 u0 t87.593
3977696 3630000 98 4 w6555314 r23095215 m23496140 f13987 r273024376 p500
 575805448=107982976+283330153+208587374 i201524413 u457958203 u0 t78.967
3988551 3640000 98 4 w6670656 r23444997 m23850009 f14234 r276137841 p500
 577705627=108334575+284265405+209279576 i202204903 u459452317 u0 t74.075
3999436 3650000 98 4 w6804135 r23815023 m24224918 f14517 r279486808 p500
 579562654=108677005+285180148+209955784 i202879442 u460903763 u0 t95.778
4010266 3660000 98 4 w6920811 r24164468 m24578634 f14759 r282578318 p500
 581403607=109018526+286095150+210616435 i203546083 u462346397 u0 t85.741
4021082 3670000 98 4 w7052284 r24528655 m24947444 f15034 r285825398 p500
 583240993=109359018+287005077+211279585 i204215807 u463781211 u0 t89.936
4031936 3680000 98 4 w7185030 r24904228 m25327740 f15311 r289166803 p500
 585155368=109713677+287951495+211971670 i204903654 u465285023 u0 t87.337
4042723 3690000 98 4 w7328152 r25291923 m25720546 f15610 r292629782 p500
 587038338=110063444+288882903+212652051 i205586806 u466757833 u0 t82.407
4053582 3700000 98 4 w7445860 r25648857 m26081551 f15860 r295692941 p500
 588932135=110417322+289824565+213331268 i206270532 u468242121 u0 t85.283
Total lines processed: 3700478
Block Count:1, 255
Avg Block Count:797543
Avg Max Count:0, 10140, 98
Block Count:3674, 445567
Avg Block Count:100
Avg Max Count:182, 145, 93
Block Count:0, 1
Avg Block Count:0
Avg Max Count:0, 0, 0
Block Count:0, 1
Avg Block Count:0
Avg Max Count:0, 0, 0
Block Count:201, 29914
Avg Block Count:125
Avg Max Count:235, 186, 98
Level Count:2
Level Count:4
Level Count:1
Level Count:1
Level Count:3
4203217 4
2271199 4
Max word len: 98
Total words generated: 589020257
Words inserted 206302489
Words updated: 468310985
cache requests:  0, Misses: 0, Flush#: 12
cache requests:  295832585, Misses: 26097536, Flush#: 15869
cache requests:  417965794, Misses: 39464402, Flush#: 10812
cache requests:  338605194, Misses: 60766500, Flush#: 0
cache requests:  125532459, Misses: 24522939, Flush#: 0
rchar: 882815979842
wchar: 116521234062
syscr: 215414795
syscw: 28401782
read_bytes: 102940008448
write_bytes: 105384022016
cancelled_write_bytes: 0
201054704
205828168
