Csz: 2000, pgsz: 4096
File page count: 0
File page count: 0
File page count: 0
10988 10000 60 1 w0 r0 m0 f0 r0 p20
 1502009=280567+736357+547318 i721658 u998423 u0 t1.603
22023 20000 60 1 w0 r0 m0 f0 r0 p20
 2970299=556558+1459020+1077812 i1299209 u2102895 u0 t1.809
33024 30000 60 1 w0 r0 m0 f0 r0 p20
 4455591=837142+2190955+1612898 i1852391 u3251575 u0 t1.791
44043 40000 66 1 w0 r0 m0 f0 r0 p20
 6021768=1126498+2950354+2194339 i2403108 u4491603 u0 t1.988
55121 50000 66 1 w0 r0 m0 f0 r0 p20
 7457432=1399039+3657323+2711810 i2899495 u5640597 u0 t1.865
66115 60000 66 1 w0 r0 m0 f0 r0 p20
 8882525=1666288+4349737+3237298 i3372066 u6798479 u0 t1.786
77117 70000 66 1 w0 r0 m0 f0 r0 p20
 10323681=1938542+5063745+3753209 i3851018 u7971772 u0 t1.912
88102 80000 66 1 w0 r0 m0 f0 r0 p20
 11702242=2200826+5741136+4250267 i4299728 u9103082 u0 t1.842
99095 90000 66 1 w0 r0 m0 f0 r0 p20
 13139065=2468368+6445510+4774403 i4761616 u10286594 u0 t1.984
110113 100000 66 1 w0 r0 m0 f0 r0 p20
 14570300=2739305+7152735+5287868 i5211290 u11477401 u0 t1.935
121109 110000 66 1 w0 r0 m0 f0 r0 p20
 15981984=3006512+7851613+5792984 i5655730 u12651059 u0 t1.926
132028 120000 66 1 w0 r0 m0 f0 r0 p20
 17532484=3286822+8590277+6386159 i6106532 u13969042 u0 t1.962
142990 130000 66 1 w0 r0 m0 f0 r0 p20
 18986448=3562710+9311119+6905248 i6548879 u15193514 u0 t1.95
153925 140000 66 1 w0 r0 m0 f0 r0 p20
 20474477=3841729+10051396+7435263 i6999138 u16448960 u0 t2.026
164855 150000 66 1 w0 r0 m0 f0 r0 p20
 21982251=4126056+10796461+7976893 i7453888 u17721979 u0 t2.098
175812 160000 66 1 w0 r0 m0 f0 r0 p20
 23584909=4417148+11560934+8588302 i7914229 u19089936 u0 t2.131
186797 170000 66 1 w0 r0 m0 f0 r0 p20
 25060643=4694278+12291216+9118384 i8355287 u20340529 u0 t2.096
197847 180000 66 1 w0 r0 m0 f0 r0 p20
 26594805=4977567+13035840+9687961 i8800877 u21648837 u0 t2.192
208776 190000 66 1 w0 r0 m0 f0 r0 p20
 28107430=5261667+13783743+10232285 i9242517 u22940730 u0 t2.17
219728 200000 66 1 w0 r0 m0 f0 r0 p20
 29612928=5546285+14529981+10770299 i9679782 u24229836 u0 t2.134
230584 210000 66 1 w0 r0 m0 f0 r0 p20
 31176719=5839236+15302598+11333221 i10127173 u25573869 u0 t2.189
241548 220000 66 1 w0 r0 m0 f0 r0 p20
 32683216=6122373+16045650+11876729 i10560684 u26866454 u0 t2.115
252514 230000 66 1 w0 r0 m0 f0 r0 p20
 34281334=6415992+16823378+12467909 i11011556 u28242798 u0 t2.193
263483 240000 66 1 w0 r0 m0 f0 r0 p20
 35779646=6698842+17564571+13004988 i11440135 u29531606 u0 t2.086
274496 250000 66 1 w0 r0 m0 f0 r0 p20
 37310769=6986369+18323484+13553505 i11876641 u30849726 u0 t2.122
285461 260000 66 1 w0 r0 m0 f0 r0 p20
 38803051=7268863+19066410+14083606 i12299710 u32138128 u0 t2.259
296415 270000 66 1 w0 r0 m0 f0 r0 p20
 40291660=7548931+19800727+14620226 i12719617 u33423835 u0 t2.227
307437 280000 66 3 w1915 r0 m0 f91 r0 p20
 41798390=7832680+20548382+15159093 i13142173 u34728537 u0 t2.281
318462 290000 66 3 w6265 r0 m0 f298 r0 p20
 43400958=8135339+21341253+15733409 i13592642 u36114697 u0 t2.523
329483 300000 66 3 w11747 r0 m0 f559 r0 p20
 45028067=8442234+22155263+16308545 i14057115 u37516891 u0 t2.643
340525 310000 66 3 w18236 r0 m0 f868 r0 p20
 46615498=8738046+22934138+16886727 i14497898 u38893313 u0 t2.632
351480 320000 94 4 w22650 r0 m0 f1078 r0 p20
 48198444=9038935+23721499+17447383 i14938386 u40267091 u0 t2.566
362496 330000 94 4 w27144 r0 m0 f1292 r0 p20
 49733444=9330284+24482692+17993474 i15368280 u41596943 u0 t2.527
373551 340000 94 4 w31218 r0 m0 f1486 r0 p20
 51290420=9626097+25253246+18550462 i15804765 u42945489 u0 t2.577
384689 350000 94 4 w39789 r0 m0 f1894 r0 p20
 52863841=9922129+26021395+19125405 i16247661 u44304042 u0 t2.825
395874 360000 94 4 w49186 r1997 m8011 f2043 r2275370 p500
 54481113=10221859+26805577+19724920 i16707520 u45693319 u0 t2.94
406862 370000 94 4 w58542 r12393 m26984 f2060 r5549032 p500
 56127737=10531055+27599843+20335875 i17172762 u47110857 u0 t3.021
417894 380000 94 4 w68109 r31955 m55795 f2078 r8939136 p500
 57710652=10827571+28373736+20913921 i17625351 u48470334 u0 t3.022
428912 390000 94 4 w79419 r60176 m94762 f2100 r12655539 p500
 59267668=11118998+29134387+21483671 i18068194 u49809567 u0 t3.121
439874 400000 94 4 w86531 r97003 m139017 f2114 r15595674 p500
 60798949=11403897+29878773+22048738 i18498796 u51130509 u0 t2.918
450859 410000 94 4 w95614 r142541 m193134 f2132 r18794277 p500
 62344803=11692810+30638301+22610561 i18940386 u52459226 u0 t3.063
461847 420000 94 4 w103167 r193619 m252173 f2147 r21846178 p500
 63844431=11974358+31373784+23155226 i19366950 u53749930 u0 t3.205
472807 430000 94 4 w112942 r256120 m324207 f2167 r25273882 p500
 65437780=12274970+32155539+23733015 i19817965 u55123622 u0 t3.33
483790 440000 94 4 w120006 r326361 m401180 f2181 r28132930 p500
 67045767=12575174+32948774+24314528 i20277550 u56506222 u0 t3.217
494708 450000 94 4 w126557 r404311 m485867 f2194 r30996770 p500
 68699472=12883619+33764275+24912530 i20746611 u57931218 u0 t3.248
505590 460000 94 4 w133256 r488383 m576090 f2207 r33829438 p500
 70351532=13192036+34579703+25508940 i21215583 u59355147 u0 t3.272
516566 470000 94 4 w139889 r576102 m669257 f2224 r36599575 p500
 71990802=13497983+35383004+26106829 i21677246 u60769459 u0 t3.611
527520 480000 94 4 w147784 r670002 m768731 f2248 r39584725 p500
 73645399=13806248+36198720+26705964 i22146885 u62194563 u0 t3.375
538466 490000 94 4 w154280 r767548 m870175 f2272 r42236446 p500
 75322036=14118226+37019796+27319560 i22617388 u63642832 u0 t3.374
549399 500000 94 4 w163423 r870350 m978751 f2303 r45290171 p500
 77023425=14443739+37852951+27939452 i23094824 u65113077 u0 t3.477
560288 510000 94 4 w172398 r976399 m1090434 f2335 r48424304 p500
 78683779=14754211+38673947+28537979 i23560245 u66549848 u0 t3.453
571192 520000 94 4 w179234 r1086219 m1203719 f2363 r51062890 p500
 80352712=15063905+39495351+29144443 i24030152 u67990634 u0 t3.388
582148 530000 94 4 w187128 r1200016 m1321725 f2393 r53900284 p500
 82036336=15378372+40322769+29756566 i24502435 u69446365 u0 t3.452
593039 540000 94 4 w193753 r1317471 m1442629 f2425 r56466911 p500
 83771290=15699382+41171815+30392891 i24981571 u70952347 u0 t3.478
604123 550000 94 4 w198321 r1420832 m1548694 f2446 r58596514 p500
 85292841=15985696+41911091+30952926 i25400597 u72274600 u0 t3.04
615220 560000 94 4 w203487 r1509369 m1639927 f2466 r60589124 p500
 86578406=16228956+42541143+31420369 i25752053 u73395896 u0 t2.644
626410 570000 94 4 w206836 r1596581 m1728650 f2485 r62242206 p500
 87844101=16466215+43152805+31889826 i26095455 u74500395 u0 t2.539
637646 580000 94 4 w212195 r1683441 m1817454 f2514 r64198350 p500
 89076810=16700413+43755344+32338702 i26429107 u75578861 u0 t2.559
648847 590000 94 4 w216294 r1769791 m1905178 f2542 r65820009 p500
 90374030=16941574+44376422+32827115 i26764088 u76725593 u0 t2.541
660023 600000 94 4 w220380 r1851932 m1988825 f2573 r67440519 p500
 91532382=17161983+44938682+33251932 i27075881 u77740290 u0 t2.376
671169 610000 94 4 w224132 r1933213 m2071299 f2599 r68956936 p500
 92677881=17380618+45496976+33670550 i27382133 u78746207 u0 t2.332
682330 620000 94 4 w229086 r2015725 m2155487 f2629 r70782149 p500
 93822077=17600425+46050280+34090645 i27685010 u79753145 u0 t2.397
693457 630000 94 4 w235599 r2103904 m2245370 f2673 r72746081 p500
 95055697=17831544+46649550+34545330 i28005821 u80843852 u0 t2.547
704731 640000 94 4 w240794 r2193153 m2336162 f2707 r74598733 p500
 96294487=18063003+47246521+35007532 i28328881 u81937273 u0 t2.538
715916 650000 94 4 w245972 r2277508 m2422076 f2742 r76388897 p500
 97439920=18281492+47802828+35427035 i28631893 u82946274 u0 t2.4
727122 660000 94 4 w251826 r2368133 m2514073 f2785 r78104572 p500
 98670868=18515586+48399959+35879326 i28954685 u84032772 u0 t2.532
738273 670000 94 4 w256575 r2457470 m2604957 f2812 r79881235 p500
 99875743=18744879+48985343+36321344 i29270978 u85096760 u0 t2.5
749495 680000 94 4 w262978 r2544449 m2693947 f2857 r81884451 p500
 101042383=18969139+49551143+36748337 i29573324 u86131091 u0 t2.472
760693 690000 94 4 w270433 r2637291 m2788986 f2902 r83883914 p500
 102254980=19199662+50136770+37196455 i29892970 u87199369 u0 t2.575
771972 700000 94 4 w279270 r2732455 m2886712 f2952 r86064059 p500
 103465720=19428892+50723315+37642786 i30213480 u88265080 u0 t2.616
783287 710000 94 4 w286984 r2824456 m2981279 f2997 r88039453 p500
 104639900=19653350+51296043+38070532 i30523818 u89300029 u0 t2.519
794503 720000 94 4 w293830 r2915834 m3074738 f3042 r89957786 p500
 105795637=19874772+51860524+38490375 i30829812 u90318427 u0 t2.485
805629 730000 94 4 w302150 r3012462 m3174005 f3091 r92083797 p500
 107012879=20104345+52440052+38949652 i31150064 u91389171 u0 t2.592
816809 740000 94 4 w308441 r3102415 m3265755 f3129 r93920844 p500
 108170750=20322040+52988329+39390324 i31449411 u92411598 u0 t2.414
827890 750000 94 4 w315173 r3192154 m3357740 f3164 r95853334 p500
 109346023=20541989+53535547+39846975 i31745356 u93455473 u0 t2.431
839058 760000 94 4 w321970 r3280212 m3447746 f3208 r97567431 p500
 110457274=20754203+54068761+40260181 i32031673 u94440674 u0 t2.336
850231 770000 94 4 w329761 r3376033 m3546165 f3255 r99504800 p500
 111644530=20977813+54640699+40701567 i32340675 u95489575 u0 t2.515
861324 780000 94 4 w338281 r3467577 m3640397 f3300 r101525906 p500
 112756712=21190675+55177904+41111668 i32634400 u96469118 u0 t2.411
872344 790000 94 4 w346281 r3561181 m3736794 f3342 r103418059 p500
 113901230=21409743+55727856+41536166 i32929425 u97484201 u0 t2.441
883522 800000 94 4 w353229 r3655649 m3833632 f3385 r105180886 p500
 115052446=21630279+56283615+41960828 i33227315 u98504356 u0 t2.426
894714 810000 94 4 w361697 r3749059 m3929782 f3431 r107118615 p500
 116160183=21843397+56812897+42374928 i33516147 u99482865 u0 t2.398
905844 820000 94 4 w367908 r3842670 m4025510 f3463 r108840985 p500
 117283223=22058021+57355645+42788962 i33806299 u100478229 u0 t2.367
916882 830000 94 4 w375112 r3948357 m4133471 f3506 r110701642 p500
 118549967=22298052+57962861+43262652 i34138519 u101594286 u0 t2.63
927964 840000 94 4 w382164 r4051825 m4239505 f3548 r112591356 p500
 119743936=22526809+58544733+43697164 i34457220 u102643854 u0 t2.56
939033 850000 94 4 w390093 r4161125 m4351363 f3594 r114552160 p500
 121004026=22765154+59154770+44162145 i34792738 u103750520 u0 t2.711
950128 860000 94 4 w396600 r4269074 m4461381 f3636 r116302037 p500
 122238911=23000263+59758465+44610481 i35124220 u104833810 u0 t2.614
961260 870000 94 4 w402630 r4375282 m4569601 f3672 r118163784 p500
 123458245=23233306+60350981+45056196 i35449184 u105905097 u0 t2.589
972424 880000 94 4 w409532 r4482294 m4679291 f3715 r120191935 p500
 124673076=23464513+60935225+45507237 i35772333 u106971694 u0 t2.616
983571 890000 94 4 w417596 r4589151 m4788423 f3761 r121957818 p500
 125884344=23693920+61524697+45951042 i36097334 u108033333 u0 t2.584
994789 900000 94 4 w422558 r4690509 m4891423 f3792 r123532322 p500
 127057734=23916914+62089299+46386563 i36402855 u109070459 u0 t2.446
1005944 910000 94 4 w428951 r4793657 m4996675 f3824 r125149987 p500
 128303145=24152135+62684289+46852631 i36712409 u110184562 u0 t2.515
1017100 920000 94 4 w435821 r4892402 m5097880 f3860 r126836554 p500
 129430532=24368313+63227679+47268900 i37006136 u111181527 u0 t2.408
1028294 930000 94 4 w443720 r4989581 m5197978 f3899 r128539408 p500
 130528677=24578028+63757612+47674284 i37292368 u112152386 u0 t2.373
1039422 940000 94 4 w449830 r5091673 m5301664 f3931 r130037508 p500
 131687827=24798360+64320403+48099629 i37596442 u113175591 u0 t2.433
1050473 950000 94 4 w457244 r5195413 m5408233 f3964 r131894364 p500
 132854633=25020472+64887893+48525919 i37898164 u114210095 u0 t2.52
1061568 960000 94 4 w464474 r5299721 m5515170 f3996 r133666106 p500
 134043070=25250333+65467521+48956681 i38200057 u115271012 u0 t2.526
1072599 970000 94 4 w471634 r5409170 m5626889 f4031 r135378507 p500
 135291847=25485760+66067542+49422293 i38517403 u116381470 u0 t2.606
1083733 980000 94 4 w480360 r5509976 m5730424 f4074 r137127604 p500
 136399100=25701026+66611278+49818919 i38802960 u117366179 u0 t2.433
1094785 990000 94 4 w490909 r5614219 m5838518 f4120 r139217542 p500
 137519050=25917257+67155540+50227043 i39095122 u118357420 u0 t2.518
1105876 1000000 94 4 w502343 r5721964 m5949737 f4170 r141228166 p500
 138665713=26137695+67717784+50640862 i39395355 u119372237 u0 t2.561
1117034 1010000 94 4 w509826 r5826392 m6056876 f4206 r143068278 p500
 139787403=26354448+68264708+51048328 i39689343 u120363618 u0 t2.457
1128112 1020000 94 4 w519385 r5933413 m6166813 f4254 r144932687 p500
 140921791=26573668+68822755+51454807 i39989000 u121365388 u0 t2.518
1139060 1030000 94 4 w527995 r6053148 m6289491 f4300 r146897944 p500
 142169262=26814500+69435817+51902697 i40323852 u122461176 u0 t2.74
1150007 1040000 94 4 w539857 r6187283 m6427195 f4360 r149118998 p500
 143561529=27079998+70114418+52410413 i40696660 u123682571 u0 t3.053
1160894 1050000 94 4 w550462 r6327261 m6570873 f4408 r151428304 p500
 144998334=27351326+70820475+52930359 i41086638 u124938738 u0 t3.156
1171814 1060000 94 4 w562401 r6463300 m6710863 f4465 r153715735 p500
 146379096=27613815+71499763+53428048 i41461534 u126146172 u0 t3.071
1182789 1070000 94 4 w574999 r6602760 m6854594 f4528 r156131846 p500
 147771413=27879098+72187374+53926681 i41840850 u127363296 u0 t3.13
1193726 1080000 94 4 w590159 r6742150 m6999018 f4594 r158844154 p500
 149134067=28139227+72857138+54417549 i42209752 u128556191 u0 t3.15
1204582 1090000 94 4 w605978 r6887799 m7149208 f4663 r161460970 p500
 150558189=28410800+73563244+54924922 i42598780 u129800362 u0 t3.282
1215452 1100000 94 4 w619132 r7033327 m7298677 f4724 r163865276 p500
 152005113=28686816+74275924+55445128 i42987665 u131069468 u0 t3.262
1226363 1110000 94 4 w634691 r7187555 m7457954 f4794 r166597430 p500
 153500823=28969235+75014161+55983169 i43393624 u132377917 u0 t3.398
1237247 1120000 94 4 w646786 r7331470 m7605298 f4851 r168804461 p500
 154937436=29243149+75724625+56496704 i43779362 u133639241 u0 t3.154
1248176 1130000 94 4 w657314 r7481018 m7758495 f4902 r171097819 p500
 156402735=29522272+76447278+57022338 i44175959 u134922402 u0 t3.235
1259068 1140000 94 4 w672095 r7633189 m7915065 f4976 r173672190 p500
 157861130=29797985+77168674+57545265 i44573463 u136196490 u0 t3.301
1269968 1150000 94 4 w686277 r7786481 m8072118 f5037 r176167183 p500
 159329507=30076803+77900612+58066164 i44973396 u137480680 u0 t3.303
1280888 1160000 94 4 w698830 r7938584 m8228197 f5093 r178551033 p500
 160787360=30353505+78624948+58585504 i45373833 u138751933 u0 t3.261
1291754 1170000 94 4 w709802 r8091465 m8384263 f5143 r180698428 p500
 162257086=30632524+79353396+59110035 i45775560 u140035673 u0 t3.231
1302652 1180000 94 4 w721027 r8245640 m8542074 f5197 r182957583 p500
 163740225=30914948+80088433+59638609 i46177037 u141335538 u0 t3.278
1313613 1190000 94 4 w733633 r8400881 m8700864 f5252 r185208135 p500
 165222365=31196415+80824289+60167001 i46580037 u142632406 u0 t3.3
1324596 1200000 94 4 w744323 r8555842 m8858683 f5304 r187338469 p500
 166705142=31477697+81562307+60693492 i46982220 u143931213 u0 t3.316
1335456 1210000 94 4 w755230 r8716096 m9022311 f5353 r189627576 p500
 168224635=31765451+82316176+61235830 i47397021 u145258806 u0 t3.372
1346441 1220000 94 4 w771558 r8882239 m9193035 f5422 r192328095 p500
 169783151=32059976+83084342+61797326 i47814094 u146627534 u0 t3.536
1357399 1230000 94 4 w785341 r9047207 m9361276 f5478 r194652504 p500
 171340127=32353047+83856368+62354089 i48234773 u147991613 u0 t3.454
1368385 1240000 94 4 w797608 r9216050 m9533457 f5533 r197008353 p500
 172947613=32655799+84649796+62933488 i48668686 u149399568 u0 t3.541
1379469 1250000 94 4 w811319 r9390071 m9711355 f5589 r199566773 p500
 174578358=32960715+85458237+63518400 i49111837 u150825006 u0 t3.65
1390543 1260000 94 4 w827808 r9565535 m9891122 f5653 r202264476 p500
 176216496=33265768+86260659+64117377 i49550898 u152260682 u0 t3.684
1401635 1270000 94 4 w844410 r9742450 m10072444 f5721 r205005543 p500
 177844400=33572064+87068311+64699573 i49993454 u153684420 u0 t3.702
1412662 1280000 94 4 w861038 r9918614 m10252437 f5792 r207691364 p500
 179448464=33876559+87868585+65267070 i50431434 u155086933 u0 t3.669
1423732 1290000 94 4 w875829 r10091781 m10429215 f5851 r210140961 p500
 181048818=34176735+88658077+65844470 i50866618 u156485605 u0 t3.601
1434749 1300000 94 4 w894781 r10273370 m10615348 f5929 r213000469 p500
 182708017=34486060+89473649+66447223 i51315953 u157936275 u0 t3.839
1445738 1310000 94 4 w911624 r10458282 m10804211 f5997 r215742781 p500
 184393707=34802515+90300279+67060585 i51777221 u159405267 u0 t3.831
1456743 1320000 94 4 w928949 r10641432 m10990750 f6066 r218331029 p500
 186070233=35117420+91124338+67668658 i52233602 u160869151 u0 t3.767
1467716 1330000 94 4 w946070 r10833587 m11186477 f6133 r221116740 p500
 187826318=35446440+91987570+68306202 i52709453 u162404340 u0 t3.95
1478847 1340000 94 4 w967068 r11028281 m11386375 f6210 r224305654 p500
 189576204=35770547+92843092+68948286 i53186140 u163930050 u0 t4.036
1489858 1350000 94 4 w985877 r11217965 m11580059 f6286 r227097630 p500
 191293706=36091274+93689714+69570365 i53657930 u165425518 u0 t3.902
1500812 1360000 94 4 w1003701 r11400963 m11767385 f6355 r229924804 p500
 192945491=36397576+94496222+70177412 i54108772 u166865261 u0 t3.777
1511816 1370000 94 4 w1021589 r11588146 m11958804 f6425 r232749502 p500
 194629037=36712329+95326971+70785495 i54567443 u168335523 u0 t3.847
1522795 1380000 94 4 w1039790 r11770540 m12145101 f6503 r235432840 p500
 196261107=37016280+96132860+71375071 i55014901 u169757341 u0 t3.764
1533703 1390000 94 4 w1058274 r11957710 m12336535 f6584 r238284171 p500
 197916580=37324592+96947275+71976458 i55473103 u171195036 u0 t3.863
1544569 1400000 94 4 w1079236 r12144576 m12527747 f6660 r241155010 p500
 199559259=37633478+97759355+72566898 i55921152 u172629699 u0 t3.832
1555499 1410000 94 4 w1100402 r12343369 m12730792 f6742 r244079640 p500
 201315494=37961628+98624605+73202706 i56400029 u174162000 u0 t4.024
1566395 1420000 94 4 w1117955 r12538190 m12929341 f6813 r246825475 p500
 203040851=38283744+99480615+73821800 i56870218 u175669000 u0 t3.944
1577238 1430000 94 4 w1134746 r12733171 m13128037 f6883 r249513834 p500
 204769957=38606559+100338547+74442479 i57341600 u177178680 u0 t3.918
1588118 1440000 98 4 w1152856 r12931019 m13330062 f6954 r252389031 p500
 206501964=38930451+101195825+75064964 i57816340 u178688241 u0 t3.997
1598949 1450000 98 4 w1176113 r13134881 m13538880 f7041 r255508578 p500
 208268958=39258963+102068645+75703593 i58298023 u180230550 u0 t4.131
1609797 1460000 98 4 w1196635 r13337648 m13745678 f7118 r258397188 p500
 210044947=39588611+102945770+76346406 i58778303 u181783782 u0 t4.113
1620630 1470000 98 4 w1214082 r13535944 m13947693 f7188 r261089866 p500
 211794585=39917933+103814704+76971470 i59251315 u183315819 u0 t4.007
1631477 1480000 98 4 w1232956 r13735864 m14151628 f7262 r263883114 p500
 213544045=40245037+104679189+77602221 i59725699 u184845116 u0 t4.013
1642373 1490000 98 4 w1253170 r13941179 m14360559 f7334 r266640263 p500
 215341282=40581295+105569208+78248299 i60210572 u186419300 u0 t4.095
1653233 1500000 98 4 w1275966 r14148923 m14573292 f7425 r269692369 p500
 217140861=40916401+106459891+78897104 i60695434 u187995998 u0 t4.179
1664130 1510000 98 4 w1296800 r14352032 m14780442 f7500 r272471713 p500
 218918863=41246819+107335188+79542979 i61171916 u189555029 u0 t4.064
1675034 1520000 98 4 w1318982 r14558439 m14991368 f7586 r275401254 p500
 220707784=41578832+108217124+80191733 i61651118 u191124218 u0 t4.134
1685958 1530000 98 4 w1342184 r14768524 m15205761 f7665 r278303223 p500
 222527080=41916354+109112653+80853015 i62140104 u192718270 u0 t4.229
1696847 1540000 98 4 w1363117 r14973998 m15415403 f7744 r281165900 p500
 224315178=42247473+109988212+81508049 i62620098 u194284198 u0 t4.132
1707676 1550000 98 4 w1386679 r15188267 m15634164 f7825 r284194861 p500
 226145550=42585444+110889061+82174592 i63113855 u195885370 u0 t4.262
1718573 1560000 98 4 w1411805 r15400982 m15851354 f7926 r287151287 p500
 227977335=42923424+111787999+82844857 i63605465 u197489362 u0 t4.248
1729487 1570000 98 4 w1436710 r15609509 m16064822 f8013 r290268059 p500
 229753615=43251320+112659502+83494703 i64080088 u199047460 u0 t4.173
1740347 1580000 98 4 w1460479 r15818184 m16277909 f8090 r293166579 p500
 231553104=43584046+113540125+84154536 i64560738 u200625775 u0 t4.145
1751207 1590000 98 4 w1483496 r16032203 m16496492 f8174 r296176940 p500
 233379940=43922520+114439161+84819335 i65049872 u202227371 u0 t4.242
1762023 1600000 98 4 w1503404 r16237324 m16705060 f8249 r298778042 p500
 235155843=44253361+115316780+85460372 i65526375 u203784782 u0 t4.149
1772878 1610000 98 4 w1524222 r16443292 m16915105 f8318 r301569917 p500
 236929770=44581602+116184385+86111454 i66000721 u205340373 u0 t4.08
1783723 1620000 98 4 w1543877 r16647511 m17123084 f8394 r304218208 p500
 238688807=44908360+117054935+86745918 i66471751 u206883884 u0 t4.043
1794607 1630000 98 4 w1561325 r16851174 m17329851 f8460 r306670532 p500
 240464479=45236722+117925167+87395629 i66948847 u208438267 u0 t4.014
1805498 1640000 98 4 w1580390 r17059877 m17542304 f8529 r309345434 p500
 242254153=45568300+118810419+88042816 i67427478 u210009199 u0 t4.116
1816421 1650000 98 4 w1604585 r17271276 m17757857 f8612 r312119847 p500
 244050465=45899876+119697682+88694298 i67911335 u211581797 u0 t4.178
1827273 1660000 98 4 w1631665 r17486673 m17978279 f8709 r315220899 p500
 245854599=46234183+120581771+89354321 i68393766 u213163750 u0 t4.275
1838160 1670000 98 4 w1655075 r17698493 m18194131 f8787 r318052620 p500
 247658504=46569017+121468086+90011465 i68878399 u214743768 u0 t4.248
1849005 1680000 98 4 w1678804 r17907346 m18407345 f8866 r320886555 p500
 249430278=46895842+122335533+90661291 i69349570 u216300080 u0 t4.17
1859879 1690000 98 4 w1700137 r18108524 m18612037 f8944 r323495855 p500
 251131279=47212315+123178813+91272934 i69805565 u217792900 u0 t3.982
1870739 1700000 98 4 w1723980 r18318470 m18826185 f9024 r326309206 p500
 252891045=47539369+124052324+91905247 i70276222 u219338347 u0 t4.142
1881698 1710000 98 4 w1748523 r18521940 m19034104 f9112 r329174056 p500
 254580511=47855132+124886720+92515242 i70726097 u220823807 u0 t4.036
1892578 1720000 98 4 w1773987 r18727813 m19244549 f9201 r332048317 p500
 256293646=48175630+125733252+93133036 i71182006 u222330721 u0 t4.081
1903425 1730000 98 4 w1804827 r18940478 m19462364 f9295 r335145440 p500
 258022915=48497011+126587322+93759138 i71643332 u223850275 u0 t4.221
1914319 1740000 98 4 w1831739 r19154925 m19681251 f9391 r338035683 p500
 259815209=48830592+127465985+94414637 i72120710 u225423873 u0 t4.308
1925121 1750000 98 4 w1856374 r19364401 m19895208 f9469 r340932257 p500
 261541348=49152781+128320704+95035878 i72582808 u226939702 u0 t4.114
1936035 1760000 98 4 w1884681 r19582020 m20117266 f9558 r343861013 p500
 263330395=49486167+129206644+95680325 i73064186 u228507853 u0 t4.255
1946942 1770000 98 4 w1912420 r19790004 m20329826 f9657 r346740849 p500
 265050284=49805914+130048834+96309106 i73515811 u230024628 u0 t4.09
1957829 1780000 98 4 w1938678 r19995832 m20539868 f9745 r349491153 p500
 266753303=50124838+130892409+96920932 i73970778 u231521482 u0 t4.058
1968722 1790000 98 4 w1958129 r20202687 m20750461 f9813 r352082154 p500
 268493552=50448739+131746780+97555161 i74435480 u233049091 u0 t4.059
1979581 1800000 98 4 w1978079 r20399855 m20950783 f9887 r354461027 p500
 270164288=50760785+132567358+98163038 i74882291 u234515122 u0 t3.884
1990482 1810000 98 4 w1998935 r20598146 m21152903 f9950 r357000394 p500
 271830252=51072079+133383609+98770962 i75322686 u235982013 u0 t3.949
2001382 1820000 98 4 w2024255 r20800400 m21359253 f10033 r359663252 p500
 273492871=51381902+134197434+99378998 i75766898 u237440959 u0 t3.967
2012247 1830000 98 4 w2045084 r21000189 m21562552 f10105 r362124823 p500
 275187120=51698829+135031055+99993704 i76215935 u238932082 u0 t3.952
2023129 1840000 98 4 w2073379 r21205688 m21772526 f10198 r364929044 p500
 276861603=52011532+135854419+100601958 i76659647 u240405580 u0 t4.042
2034053 1850000 98 4 w2095503 r21412149 m21982517 f10269 r367465368 p500
 278586086=52334286+136703614+101226354 i77117134 u241923157 u0 t4.048
2044917 1860000 98 4 w2121492 r21616606 m22191521 f10352 r370277659 p500
 280251224=52646494+137526857+101826009 i77556681 u243391518 u0 t4.023
2055814 1870000 98 4 w2148311 r21821774 m22400693 f10438 r372945937 p500
 281924750=52958788+138352252+102431703 i78009084 u244855927 u0 t4.053
2066728 1880000 98 4 w2174710 r22026858 m22610055 f10525 r375673521 p500
 283579260=53268199+139169715+103028509 i78448986 u246311327 u0 t4.008
2077660 1890000 98 4 w2201666 r22230624 m22817869 f10611 r378339589 p500
 285237044=53579292+139988643+103625286 i78887794 u247771611 u0 t3.988
2088614 1900000 98 4 w2226933 r22434980 m23026185 f10693 r380994760 p500
 286912655=53892335+140810185+104236352 i79331695 u249245485 u0 t3.994
2099586 1910000 98 4 w2254649 r22644107 m23239350 f10784 r383756137 p500
 288616243=54209093+141647327+104856783 i79781337 u250746194 u0 t4.088
2110524 1920000 98 4 w2280213 r22845222 m23444361 f10868 r386345804 p500
 290241237=54514629+142446303+105445717 i80211801 u252176575 u0 t3.915
2121483 1930000 98 4 w2303312 r23050374 m23652893 f10943 r388805352 p500
 291923570=54829825+143276743+106052519 i80660518 u253655221 u0 t4.047
2132440 1940000 98 4 w2329046 r23252844 m23859234 f11025 r391405787 p500
 293565784=55136148+144083806+106649839 i81095900 u255100006 u0 t3.954
2143340 1950000 98 4 w2359867 r23463486 m24074311 f11120 r394200145 p500
 295239019=55448867+144906211+107257969 i81539163 u256572918 u0 t4.08
2154286 1960000 98 4 w2389784 r23665536 m24280357 f11211 r396843267 p500
 296860107=55753648+145703015+107845359 i81967157 u258001897 u0 t3.94
2165157 1970000 98 4 w2413118 r23854326 m24472219 f11281 r399099500 p500
 298412591=56044542+146464173+108410700 i82375515 u259370928 u0 t3.689
2176142 1980000 98 4 w2435451 r24047763 m24669326 f11351 r401573583 p500
 299979496=56338337+147235354+108978397 i82788748 u260752434 u0 t3.969
2187090 1990000 98 4 w2458110 r24247716 m24872373 f11422 r403935986 p500
 301618575=56644428+148044181+109570873 i83225990 u262192620 u0 t3.934
2198031 2000000 98 4 w2479536 r24440189 m25068224 f11494 r406310408 p500
 303185210=56938923+148817650+110135184 i83641485 u263572407 u0 t3.781
2208970 2010000 98 4 w2506137 r24634008 m25265737 f11579 r408775165 p500
 304752540=57232180+149587337+110705170 i84052580 u264955888 u0 t3.823
2219875 2020000 98 4 w2533296 r24830795 m25466483 f11671 r411327155 p500
 306334455=57532948+150371332+111270400 i84471355 u266350593 u0 t3.866
2230717 2030000 98 4 w2553887 r25016213 m25655165 f11734 r413576564 p500
 307845651=57817948+151122157+111809532 i84869382 u267685102 u0 t3.631
2241553 2040000 98 4 w2575822 r25203915 m25845864 f11810 r415809614 p500
 309373570=58105978+151881084+112355392 i85277294 u269028717 u0 t3.696
2252478 2050000 98 4 w2598899 r25396987 m26042650 f11875 r418267523 p500
 310917801=58397346+152645204+112909519 i85687419 u270388737 u0 t3.78
2263400 2060000 98 4 w2621613 r25586450 m26235292 f11949 r420549942 p500
 312460636=58688083+153405052+113466755 i86094717 u271749024 u0 t3.715
2274335 2070000 98 4 w2653497 r25782439 m26435485 f12041 r423165032 p500
 314006113=58979074+154169481+114021866 i86500545 u273114558 u0 t3.856
2285238 2080000 98 4 w2675836 r25966428 m26622892 f12119 r425494750 p500
 315479761=59257781+154893633+114554732 i86886954 u274416884 u0 t3.614
2296195 2090000 98 4 w2698268 r26152994 m26812392 f12194 r427657585 p500
 317001742=59547160+155648315+115097246 i87285498 u275763365 u0 t3.698
2307093 2100000 98 4 w2721019 r26343571 m27006322 f12260 r429978938 p500
 318548784=59841585+156419314+115645210 i87689709 u277134225 u0 t3.741
2317991 2110000 98 4 w2750887 r26537479 m27204149 f12353 r432497644 p500
 320065310=60129116+157167613+116190543 i88085190 u278477147 u0 t3.775
2328915 2120000 98 4 w2778270 r26725827 m27396310 f12441 r434918214 p500
 321540226=60409484+157900375+116714932 i88472774 u279781025 u0 t3.687
2339889 2130000 98 4 w2807533 r26920265 m27594623 f12521 r437387281 p500
 323065272=60697602+158658425+117258241 i88876920 u281125952 u0 t3.867
2350849 2140000 98 4 w2831965 r27109589 m27787218 f12598 r439704837 p500
 324569276=60981045+159406540+117794073 i89272939 u282454473 u0 t4.134
2361818 2150000 98 4 w2861671 r27300709 m27982133 f12685 r442153641 p500
 326046163=61261072+160142425+118317711 i89663980 u283758065 u0 t3.822
2372703 2160000 98 4 w2892387 r27497903 m28183205 f12778 r444713334 p500
 327582195=61550056+160900281+118871928 i90067002 u285114825 u0 t4.007
2383611 2170000 98 4 w2916956 r27678741 m28367231 f12862 r446906946 p500
 329020933=61822910+161615512+119384128 i90445435 u286386668 u0 t3.805
2394538 2180000 98 4 w2945288 r27866468 m28558864 f12952 r449380083 p500
 330471640=62098697+162341500+119894769 i90829199 u287668012 u0 t6.15
2405448 2190000 98 4 w2972657 r28067121 m28763343 f13037 r451910888 p500
 332047282=62396171+163128686+120452548 i91244594 u289060142 u0 t4.346
2416385 2200000 98 4 w3000359 r28260511 m28960054 f13120 r454254296 p500
 333572677=62685022+163886371+120996698 i91644961 u290408902 u0 t4.178
2427291 2210000 98 4 w3023861 r28444925 m29147560 f13189 r456447690 p500
 335055154=62966105+164620723+121527332 i92032348 u291721240 u0 t4.03
2438224 2220000 98 4 w3053152 r28641263 m29347627 f13272 r458997846 p500
 336562228=63251799+165373345+122060347 i92430300 u293052308 u0 t4.586
2449156 2230000 98 4 w3079081 r28833694 m29543138 f13357 r461247952 p500
 338098470=63544181+166137065+122607037 i92832174 u294412205 u0 t6.623
2460085 2240000 98 4 w3106422 r29035900 m29748838 f13431 r463742771 p500
 339674657=63843460+166921569+123166530 i93248956 u295802966 u0 t4.398
2471031 2250000 98 4 w3133709 r29242587 m29958599 f13514 r466110666 p500
 341328221=64154313+167736404+123763464 i93685544 u297260543 u0 t4.532
2481891 2260000 98 4 w3158075 r29440828 m30160135 f13587 r468486545 p500
 342920094=64455060+168519044+124339193 i94100259 u298669104 u0 t4.63
2492839 2270000 98 4 w3186179 r29643363 m30366357 f13672 r470993803 p500
 344524932=64756130+169308970+124920291 i94519120 u300089006 u0 t5.625
2503770 2280000 98 4 w3214962 r29852490 m30579274 f13759 r473589015 p500
 346165173=65065475+170120749+125508611 i94950833 u301537190 u0 t6.108
2514685 2290000 98 4 w3247567 r30059638 m30790173 f13850 r476161514 p500
 347777859=65367628+170914357+126092672 i95372734 u302962968 u0 t4.769
2525687 2300000 98 4 w3272039 r30265683 m30999505 f13932 r478558659 p500
 349430556=65676533+171726819+126692647 i95804860 u304422977 u0 t4.744
2536614 2310000 98 4 w3297295 r30471413 m31208047 f14004 r480833489 p500
 351071462=65982636+172534843+127287338 i96235506 u305871726 u0 t5.087
2547690 2320000 98 4 w3325051 r30688534 m31428690 f14091 r483366725 p500
 352775789=66300993+173374078+127904919 i96686873 u307371910 u0 t12.667
2558712 2330000 98 4 w3359458 r30908805 m31652953 f14192 r486085512 p500
 354479327=66619347+174214406+128520924 i97134907 u308874868 u0 t4.977
2569709 2340000 98 4 w3391714 r31123317 m31871039 f14285 r488676041 p500
 356119816=66929029+175032721+129102657 i97566902 u310324712 u0 t4.829
2580699 2350000 98 4 w3417110 r31343267 m32094297 f14359 r491200401 p500
 357866975=67253212+175889572+129740737 i98026272 u311865633 u0 t6.184
2591715 2360000 98 4 w3452841 r31566938 m32322331 f14470 r494063450 p500
 359567798=67570319+176725970+130359050 i98474239 u313365079 u0 t8.374
2602831 2370000 98 4 w3487074 r31795411 m32554462 f14572 r496748290 p500
 361333804=67899239+177596044+130999241 i98943781 u314918276 u0 t5.304
2613986 2380000 98 4 w3527664 r32033599 m32797341 f14688 r499796363 p500
 363142494=68230806+178475866+131670096 i99417393 u316513166 u0 t5.74
2624949 2390000 98 4 w3559515 r32263657 m33030749 f14784 r502434285 p500
 364958248=68564735+179361240+132340268 i99901374 u318106181 u0 t8.109
2635909 2400000 98 4 w3592540 r32499428 m33270497 f14879 r505257133 p500
 366793742=68902584+180257977+133015990 i100392019 u319714998 u0 t5.594
2646913 2410000 98 4 w3627690 r32726816 m33501709 f14982 r507977201 p500
 368547157=69226360+181113701+133662101 i100860538 u321252057 u0 t5.457
2657884 2420000 98 4 w3660930 r32948020 m33726996 f15078 r510750014 p500
 370250743=69543018+181948977+134283775 i101309607 u322752987 u0 t8.149
2668918 2430000 98 4 w3696041 r33169167 m33952495 f15178 r513619902 p500
 371945334=69856854+182774867+134907321 i101758261 u324242715 u0 t5.445
2679809 2440000 98 4 w3722412 r33378715 m34165023 f15263 r515965883 p500
 373593593=70165486+183587194+135502816 i102202974 u325685718 u0 t5.268
2690746 2450000 98 4 w3752860 r33595914 m34385649 f15346 r518534017 p500
 375264732=70476391+184414187+136105363 i102648456 u327154370 u0 t6.076
2701594 2460000 98 4 w3789647 r33828797 m34622709 f15451 r521418080 p500
 377026942=70804695+185280946+136745118 i103115893 u328704581 u0 t8.962
2712475 2470000 98 4 w3830640 r34060936 m34859519 f15573 r524400566 p500
 378737275=71123412+186129022+137359567 i103570287 u330209734 u0 t5.972
2723357 2480000 98 4 w3865259 r34289675 m35092086 f15677 r527147483 p500
 380487328=71448458+186993347+137992245 i104029536 u331754852 u0 t6.03
2734166 2490000 98 4 w3896271 r34510222 m35316043 f15753 r529712007 p500
 382198024=71767925+187837149+138610940 i104482055 u333261756 u0 t12.003
2745023 2500000 98 4 w3931381 r34739706 m35549336 f15860 r532457046 p500
 383959910=72094368+188705051+139251002 i104945582 u334815751 u0 t6.364
2755880 2510000 98 4 w3964286 r34968085 m35781221 f15965 r535076518 p500
 385703183=72418174+189565646+139881674 i105407517 u336350267 u0 t6.335
2766772 2520000 98 4 w4005023 r35206901 m36024755 f16078 r538115611 p500
 387463931=72744988+190431472+140522086 i105873382 u337900628 u0 t13.622
2777605 2530000 98 4 w4037886 r35434326 m36255821 f16174 r540747413 p500
 389210244=73071112+191290844+141155276 i106331027 u339442775 u0 t6.679
2788466 2540000 98 4 w4081407 r35673151 m36499018 f16296 r543695992 p500
 390993925=73405001+192169511+141801295 i106800227 u341015770 u0 t7.219
2799329 2550000 98 4 w4115150 r35913774 m36743296 f16398 r546434895 p500
 392854436=73747080+193084041+142481179 i107288945 u342656071 u0 t10.299
2810193 2560000 98 4 w4155085 r36148232 m36982034 f16513 r549314568 p500
 394586175=74069906+193939383+143107047 i107751645 u344176610 u0 t7.33
2821115 2570000 98 4 w4187851 r36381683 m37219137 f16611 r551983208 p500
 396373854=74400331+194815983+143761024 i108222573 u345751108 u0 t8.019
2832025 2580000 98 4 w4230445 r36628021 m37469945 f16732 r554986409 p500
 398201283=74740010+195716692+144423960 i108705005 u347361171 u0 t10.689
2842894 2590000 98 4 w4269017 r36862536 m37708397 f16849 r557760618 p500
 399960875=75065982+196579442+145067439 i109167034 u348913221 u0 t8.206
2853742 2600000 98 4 w4305368 r37104587 m37954053 f16956 r560472357 p500
 401811634=75407233+197492344+145739777 i109654984 u350544074 u0 t12.266
2864632 2610000 98 4 w4334914 r37342837 m38195545 f17032 r563067382 p500
 403667966=75750169+198409680+146411818 i110140319 u352184259 u0 t8.868
2875503 2620000 98 4 w4372205 r37586004 m38442635 f17143 r565891066 p500
 405501187=76090975+199311909+147078283 i110621302 u353802311 u0 t9.164
2886360 2630000 98 4 w4405985 r37825931 m38686226 f17242 r568615245 p500
 407318394=76428580+200209416+147736246 i111098524 u355406449 u0 t14.204
2897239 2640000 98 4 w4444779 r38066618 m38930740 f17356 r571423099 p500
 409133084=76766405+201102314+148395438 i111573417 u357008819 u0 t9.969
2908079 2650000 98 4 w4477452 r38307737 m39175155 f17445 r574042667 p500
 410998892=77114178+202021249+149071777 i112063231 u358655305 u0 t18.19
2919336 2660000 98 4 w4510756 r38545611 m39416339 f17546 r576648799 p500
 412865095=77458535+202937691+149753790 i112542818 u360311173 u0 t10.821
2930193 2670000 98 4 w4547514 r38794214 m39668812 f17663 r579488545 p500
 414758028=77807462+203871479+150441590 i113036137 u361984710 u0 t14.029
2941058 2680000 98 4 w4589898 r39036730 m39915436 f17784 r582361735 p500
 416562298=78141604+204760082+151097021 i113509813 u363576461 u0 t11.881
2951948 2690000 98 4 w4623218 r39277574 m40159770 f17886 r585050898 p500
 418394567=78482060+205663987+151760410 i113986075 u365198326 u0 t15.015
2962792 2700000 98 4 w4661178 r39514526 m40400208 f17999 r587683266 p500
 420187245=78815085+206550897+152407374 i114456034 u366781613 u0 t11.833
2973731 2710000 98 4 w4708963 r39759768 m40650318 f18125 r590771632 p500
 421964447=79147445+207422084+153055205 i114914420 u368357205 u0 t12.969
2984605 2720000 98 4 w4749730 r39998892 m40893502 f18243 r593585730 p500
 423762171=79480129+208299528+153716891 i115375965 u369951619 u0 t15.61
2995574 2730000 98 4 w4789249 r40234758 m41132994 f18357 r596244820 p500
 425541780=79809047+209170707+154369183 i115838329 u371524927 u0 t13.313
3006468 2740000 98 4 w4826145 r40474137 m41376026 f18474 r598934186 p500
 427360559=80145053+210063381+155033678 i116312957 u373130873 u0 t16.684
3017345 2750000 98 4 w4866753 r40714430 m41620547 f18596 r601786782 p500
 429112466=80471448+210929421+155665389 i116770535 u374679973 u0 t16.823
3028291 2760000 98 4 w4903109 r40946850 m41856636 f18699 r604417059 p500
 430853628=80794053+211779723+156304391 i117226860 u376215309 u0 t14.568
3039192 2770000 98 4 w4937751 r41169089 m42082389 f18789 r606970070 p500
 432538461=81107787+212604140+156920898 i117662507 u377707274 u0 t23.576
3050078 2780000 98 4 w4979797 r41400800 m42318208 f18912 r609718657 p500
 434247277=81429031+213437682+157545343 i118103530 u379221127 u0 t14.973
3060975 2790000 98 4 w5022149 r41641600 m42563290 f19036 r612582939 p500
 436026715=81761305+214309126+158194410 i118559281 u380801103 u0 t18.838
3071909 2800000 98 4 w5056065 r41863848 m42788922 f19138 r615058722 p500
 437724222=82079132+215137533+158816103 i118994720 u382307488 u0 t16.239
3082762 2810000 98 4 w5093990 r42099762 m43028721 f19247 r617778186 p500
 439502098=82407520+216004295+159471644 i119456149 u383879078 u0 t16.972
3093667 2820000 98 4 w5138204 r42338785 m43271916 f19384 r620567899 p500
 441252475=82734828+216859883+160111731 i119909269 u385428081 u0 t19.703
3104606 2830000 98 4 w5176999 r42572898 m43509746 f19488 r623246251 p500
 443006883=83060939+217716620+160755196 i120360697 u386983783 u0 t17.093
3115556 2840000 98 4 w5215484 r42801053 m43741625 f19602 r625842039 p500
 444688481=83372733+218538469+161372236 i120794640 u388473720 u0 t18.741
3126447 2850000 98 4 w5253360 r43031054 m43975522 f19720 r628492141 p500
 446373566=83687025+219365885+161985484 i121228779 u389968602 u0 t19.68
3137354 2860000 98 4 w5282458 r43250280 m44197604 f19806 r630789772 p500
 448084410=84007360+220203015+162608631 i121665767 u391489175 u0 t17.481
3148306 2870000 98 4 w5318212 r43465145 m44415470 f19915 r633070701 p500
 449709146=84311145+221001359+163198792 i122084037 u392931310 u0 t18.477
3159170 2880000 98 4 w5347618 r43682589 m44636106 f20010 r635460993 p500
 451351882=84617909+221801999+163801990 i122506530 u394388210 u0 t17.094
3170031 2890000 98 4 w5385944 r43906151 m44863223 f20128 r637955631 p500
 453013492=84929203+222613413+164410040 i122929884 u395866355 u0 t19.953
3180938 2900000 98 4 w5429814 r44134056 m45095294 f20249 r640700488 p500
 454661681=85237778+223419314+165012236 i123351549 u397331035 u0 t18.496
3191816 2910000 98 4 w5464501 r44357043 m45321489 f20354 r643112835 p500
 456350591=85550949+224239011+165637741 i123782289 u398831572 u0 t28.297
3202736 2920000 98 4 w5508375 r44590248 m45558365 f20487 r645716224 p500
 458067183=85872730+225081734+166261324 i124224485 u400354308 u0 t22.744
3213588 2930000 98 4 w5543591 r44818241 m45789895 f20595 r648221803 p500
 459765403=86191157+225911227+166882779 i124661492 u401860051 u0 t19.599
3224450 2940000 98 4 w5580042 r45049168 m46024561 f20694 r650811477 p500
 461458958=86506014+226744049+167499073 i125103596 u403356339 u0 t22.388
3235384 2950000 98 4 w5619816 r45277704 m46256874 f20812 r653372805 p500
 463116228=86815090+227563975+168096159 i125536360 u404822354 u0 t23.284
3246267 2960000 98 4 w5657042 r45510561 m46493005 f20922 r655817852 p500
 464858603=87140346+228419120+168730537 i125991576 u406361636 u0 t20.672
3257218 2970000 98 4 w5700147 r45751725 m46738277 f21044 r658600782 p500
 466613074=87466190+229282067+169368910 i126445913 u407915434 u0 t23.742
3268155 2980000 98 4 w5744628 r45984030 m46974615 f21178 r661289357 p500
 468268376=87775619+230093744+169972379 i126876799 u409379078 u0 t24.059
3278993 2990000 98 4 w5778981 r46206771 m47200203 f21277 r663610037 p500
 469969715=88091511+230926039+170595817 i127317445 u410885357 u0 t21.899
3289873 3000000 98 4 w5808512 r46419000 m47415363 f21376 r665852564 p500
 471569970=88391941+231705539+171183343 i127728538 u412305698 u0 t22.519
3300770 3010000 98 4 w5842593 r46643501 m47642947 f21468 r668226369 p500
 473233246=88702602+232525382+171785545 i128163284 u413776276 u0 t23.955
3311716 3020000 98 4 w5881646 r46872270 m47875310 f21585 r670771155 p500
 474884704=89011906+233343669+172378776 i128597698 u415233658 u0 t22.536
3322684 3030000 98 4 w5921021 r47099802 m48106629 f21702 r673346258 p500
 476508174=89314099+234142224+172968486 i129026572 u416663635 u0 t25.592
3333558 3040000 98 4 w5967229 r47331018 m48341834 f21839 r676003245 p500
 478143366=89618548+234943979+173565228 i129453771 u418108546 u0 t30.772
3344467 3050000 98 4 w6002319 r47549916 m48564052 f21949 r678355858 p500
 479740737=89918385+235729820+174143829 i129874017 u419517922 u0 t24.904
3355390 3060000 98 4 w6038645 r47777712 m48795104 f22064 r680775544 p500
 481413586=90230624+236550329+174753692 i130312062 u420995026 u0 t23.844
3366284 3070000 98 4 w6082274 r47998520 m49019612 f22183 r683263203 p500
 482988960=90526560+237328756+175320755 i130724951 u422386947 u0 t24.533
3377177 3080000 98 4 w6128116 r48230681 m49256217 f22327 r685991638 p500
 484606407=90828041+238120588+175912435 i131148461 u423813899 u0 t26.199
3388055 3090000 98 4 w6171867 r48451152 m49480418 f22459 r688468617 p500
 486152468=91119668+238885764+176466949 i131557456 u425176823 u0 t25.43
3398880 3100000 98 4 w6204723 r48662724 m49695111 f22561 r690746507 p500
 487684763=91409430+239647791+177012102 i131965501 u426525666 u0 t22.799
3409787 3110000 98 4 w6236545 r48870714 m49905788 f22654 r692864721 p500
 489223743=91698454+240408490+177565964 i132373360 u427881021 u0 t24.804
3420708 3120000 98 4 w6268397 r49084771 m50122851 f22757 r695119320 p500
 490782966=91991874+241181846+178124362 i132786237 u429255316 u0 t24.726
3431637 3130000 98 4 w6318134 r49319272 m50361775 f22904 r697861001 p500
 492372061=92290972+241966929+178696725 i133209568 u430652322 u0 t27.348
3442607 3140000 98 4 w6351058 r49524549 m50569864 f22993 r699976753 p500
 493867479=92576410+242705734+179231864 i133604685 u431971209 u0 t22.524
3453456 3150000 98 4 w6395068 r49748030 m50797330 f23122 r702564803 p500
 495418218=92870797+243475997+179783874 i134015991 u433338313 u0 t25.985
3464366 3160000 98 4 w6430000 r49958360 m51010383 f23236 r704715704 p500
 496965936=93164715+244245389+180334199 i134426666 u434702135 u0 t29.983
3475266 3170000 98 4 w6462113 r50173800 m51228951 f23328 r707005797 p500
 498503481=93454655+245005791+180885711 i134837692 u436052847 u0 t28.167
3486141 3180000 98 4 w6505590 r50388863 m51447790 f23454 r709456803 p500
 499986498=93737190+245741376+181413852 i135229191 u437362273 u0 t23.136
3497008 3190000 98 4 w6539327 r50600591 m51662470 f23560 r711661490 p500
 501529487=94026056+246498293+181975369 i135633395 u438724535 u0 t26.215
3507853 3200000 98 4 w6580851 r50816851 m51882331 f23682 r714068599 p500
 503046559=94315835+247250150+182516197 i136032191 u440065007 u0 t26.243
3518683 3210000 98 4 w6618185 r51029308 m52097952 f23793 r716328509 p500
 504564868=94603075+248002586+183059009 i136435051 u441402757 u0 t26.717
3529542 3220000 98 4 w6657540 r51243447 m52315335 f23911 r718579333 p500
 506086306=94893153+248756525+183601588 i136839334 u442742914 u0 t26.515
3540480 3230000 98 4 w6683688 r51447566 m52522009 f23992 r720627710 p500
 507573435=95176490+249498789+184127119 i137234216 u444054194 u0 t24.192
3551409 3240000 98 4 w6726383 r51668459 m52746336 f24117 r723014276 p500
 509136904=95471887+250274207+184686052 i137649016 u445432227 u0 t27.39
3562370 3250000 98 4 w6761210 r51879285 m52960247 f24217 r725237119 p500
 510633889=95756816+251017114+185219210 i138046577 u446751041 u0 t26.352
3573321 3260000 98 4 w6796648 r52090034 m53174052 f24324 r727452898 p500
 512154031=96046348+251771059+185761190 i138450990 u448089930 u0 t27.009
3584317 3270000 98 4 w6832217 r52309126 m53396429 f24426 r729789097 p500
 513711000=96340918+252547891+186312667 i138865078 u449461661 u0 t28.313
3595165 3280000 98 4 w6866197 r52517561 m53607706 f24541 r731922507 p500
 515228612=96629800+253298990+186854771 i139266187 u450800652 u0 t25.555
3606131 3290000 98 4 w6908539 r52744753 m53838735 f24667 r734452023 p500
 516787712=96926491+254070286+187412396 i139677141 u452177245 u0 t28.25
3617031 3300000 98 4 w6960885 r52970516 m54068551 f24821 r737037291 p500
 518283261=97210191+254817319+187941237 i140075734 u453494573 u0 t33.828
3627996 3310000 98 4 w7005537 r53193348 m54295199 f24956 r739536440 p500
 519803633=97499274+255577531+188477038 i140483656 u454831088 u0 t29.635
3638920 3320000 98 4 w7047574 r53418278 m54523686 f25088 r741976797 p500
 521375389=97793280+256352278+189045476 i140901773 u456213038 u0 t29.613
3649881 3330000 98 4 w7077304 r53622218 m54730115 f25183 r743994698 p500
 522880556=98076303+257096336+189586609 i141298629 u457540999 u0 t26.167
3660867 3340000 98 4 w7126418 r53861930 m54974013 f25335 r746666544 p500
 524491379=98379942+257895171+190162867 i141728627 u458957321 u0 t29.444
3671820 3350000 98 4 w7176844 r54092067 m55208159 f25478 r749211995 p500
 526041380=98675689+258665765+190712311 i142142403 u460321869 u0 t29.6
3682790 3360000 98 4 w7214050 r54319283 m55438623 f25587 r751550322 p500
 527659222=98979781+259462353+191297318 i142570008 u461747337 u0 t30.084
3693808 3370000 98 4 w7258466 r54555386 m55678320 f25726 r754091748 p500
 529325956=99293194+260282583+191900382 i143010557 u463215441 u0 t30.787
3704793 3380000 98 4 w7305740 r54791008 m55917788 f25879 r756646578 p500
 530943069=99597886+261085257+192478358 i143443957 u464636196 u0 t30.489
3715703 3390000 98 4 w7338897 r55024915 m56154496 f25974 r758949435 p500
 532641482=99915490+261923870+193091543 i143895703 u466130421 u0 t32.145
3726649 3400000 98 4 w7388258 r55272909 m56406404 f26130 r761588470 p500
 534346388=100233856+262770855+193701866 i144349970 u467630396 u0 t31.666
3737635 3410000 98 4 w7430661 r55523269 m56660044 f26261 r764086889 p500
 536134448=100568655+263669932+194329472 i144826992 u469204664 u0 t36.579
3748614 3420000 98 4 w7464516 r55766078 m56905931 f26367 r766476787 p500
 537914058=100902015+264547436+194973273 i145298566 u470771826 u0 t36.078
3759597 3430000 98 4 w7507277 r56023335 m57166700 f26503 r769098284 p500
 539732180=101243537+265443050+195631087 i145786184 u472366320 u0 t33.97
3770552 3440000 98 4 w7560548 r56287441 m57434904 f26669 r771912104 p500
 541540317=101581938+266331153+196288296 i146270954 u473951903 u0 t36.143
3781517 3450000 98 4 w7619761 r56557875 m57710529 f26836 r775054114 p500
 543336930=101916523+267210385+196945560 i146749330 u475530018 u0 t34.921
3792483 3460000 98 4 w7661120 r56806466 m57962316 f26971 r777528153 p500
 545110407=102247719+268083312+197588580 i147236848 u477073769 u0 t34.529
3803443 3470000 98 4 w7704834 r57059721 m58219197 f27105 r780128428 p500
 546863450=102576365+268956547+198213619 i147712612 u478607987 u0 t34.892
3814317 3480000 98 4 w7750597 r57312325 m58475485 f27246 r782798785 p500
 548616328=102905067+269822518+198845460 i148184514 u480144163 u0 t32.402
3825200 3490000 98 4 w7795528 r57562536 m58729120 f27389 r785347052 p500
 550364699=103231208+270687065+199476077 i148656955 u481674999 u0 t33.681
3836062 3500000 98 4 w7842624 r57812955 m58983653 f27531 r788051650 p500
 552038919=103542921+271516200+200079385 i149112965 u483137365 u0 t35.253
3847051 3510000 98 4 w7889041 r58061134 m59235575 f27667 r790694767 p500
 553738833=103859970+272354792+200694844 i149570656 u484626503 u0 t36.685
3857981 3520000 98 4 w7941335 r58328293 m59506679 f27827 r793460311 p500
 555533138=104195870+273249795+201333950 i150060338 u486194019 u0 t40.37
3868919 3530000 98 4 w7996514 r58605849 m59788635 f28001 r796442483 p500
 557372661=104540051+274170956+201984926 i150558526 u487805204 u0 t37.889
3879700 3540000 98 4 w8058322 r58884877 m60072655 f28184 r799541335 p500
 559174880=104876499+275068767+202628476 i151046288 u489383208 u0 t37.277
Total lines processed: 3549157
Block Count:1, 1999
Avg Block Count:75794
Avg Max Count:0, 9423, 98
Block Count:10289, 1224227
Avg Block Count:98
Avg Max Count:175, 143, 85
Block Count:171, 25300
Avg Block Count:111
Avg Max Count:216, 172, 98
Level Count:2
Level Count:4
Level Count:3
3999024 4
2160432 4
Max word len: 98
Total words generated: 560902839
Words inserted 151512239
Words updated: 490900273
cache requests:  0, Misses: 0, Flush#: 95
cache requests:  802265902, Misses: 60336019, Flush#: 28340
cache requests:  59636196, Misses: 792448, Flush#: 895
