Csz: 30000, pgsz: 4096
File page count: 0
File page count: 0
File page count: 0
10988 10000 60 1 w0 r0 m0 f0 r0 p20
 1502009=280567+736357+547318 i721658 u998423 u0 t1.348
22023 20000 60 1 w0 r0 m0 f0 r0 p20
 2970299=556558+1459020+1077812 i1299209 u2102895 u0 t1.435
33024 30000 60 1 w0 r0 m0 f0 r0 p20
 4455591=837142+2190955+1612898 i1852391 u3251575 u0 t1.498
44043 40000 66 1 w0 r0 m0 f0 r0 p20
 6021768=1126498+2950354+2194339 i2403108 u4491603 u0 t1.608
55121 50000 66 1 w0 r0 m0 f0 r0 p20
 7457432=1399039+3657323+2711810 i2899495 u5640597 u0 t1.586
66115 60000 66 1 w0 r0 m0 f0 r0 p20
 8882525=1666288+4349737+3237298 i3372066 u6798479 u0 t1.637
77117 70000 66 1 w0 r0 m0 f0 r0 p20
 10323681=1938542+5063745+3753209 i3851018 u7971772 u0 t1.566
88102 80000 66 1 w0 r0 m0 f0 r0 p20
 11702242=2200826+5741136+4250267 i4299728 u9103082 u0 t1.688
99095 90000 66 1 w0 r0 m0 f0 r0 p20
 13139065=2468368+6445510+4774403 i4761616 u10286594 u0 t1.664
110113 100000 66 1 w0 r0 m0 f0 r0 p20
 14570300=2739305+7152735+5287868 i5211290 u11477401 u0 t1.682
121109 110000 66 1 w0 r0 m0 f0 r0 p20
 15981984=3006512+7851613+5792984 i5655730 u12651059 u0 t1.688
132028 120000 66 1 w0 r0 m0 f0 r0 p20
 17532484=3286822+8590277+6386159 i6106532 u13969042 u0 t1.674
142990 130000 66 1 w0 r0 m0 f0 r0 p20
 18986448=3562710+9311119+6905248 i6548879 u15193514 u0 t1.638
153925 140000 66 1 w0 r0 m0 f0 r0 p20
 20474477=3841729+10051396+7435263 i6999138 u16448960 u0 t1.729
164855 150000 66 1 w0 r0 m0 f0 r0 p20
 21982251=4126056+10796461+7976893 i7453888 u17721979 u0 t1.725
175812 160000 66 1 w0 r0 m0 f0 r0 p20
 23584909=4417148+11560934+8588302 i7914229 u19089936 u0 t1.791
186797 170000 66 1 w0 r0 m0 f0 r0 p20
 25060643=4694278+12291216+9118384 i8355287 u20340529 u0 t1.749
197847 180000 66 1 w0 r0 m0 f0 r0 p20
 26594805=4977567+13035840+9687961 i8800877 u21648837 u0 t1.768
208776 190000 66 1 w0 r0 m0 f0 r0 p20
 28107430=5261667+13783743+10232285 i9242517 u22940730 u0 t1.774
219728 200000 66 1 w0 r0 m0 f0 r0 p20
 29612928=5546285+14529981+10770299 i9679782 u24229836 u0 t1.788
230584 210000 66 1 w0 r0 m0 f0 r0 p20
 31176719=5839236+15302598+11333221 i10127173 u25573869 u0 t1.827
241548 220000 66 1 w0 r0 m0 f0 r0 p20
 32683216=6122373+16045650+11876729 i10560684 u26866454 u0 t1.763
252514 230000 66 1 w0 r0 m0 f0 r0 p20
 34281334=6415992+16823378+12467909 i11011556 u28242798 u0 t1.829
263483 240000 66 1 w0 r0 m0 f0 r0 p20
 35779646=6698842+17564571+13004988 i11440135 u29531606 u0 t1.771
274496 250000 66 1 w0 r0 m0 f0 r0 p20
 37310769=6986369+18323484+13553505 i11876641 u30849726 u0 t2.011
285461 260000 66 1 w0 r0 m0 f0 r0 p20
 38803051=7268863+19066410+14083606 i12299710 u32138128 u0 t1.903
296415 270000 66 1 w0 r0 m0 f0 r0 p20
 40291660=7548931+19800727+14620226 i12719617 u33423835 u0 t1.814
307437 280000 66 1 w0 r0 m0 f0 r0 p20
 41798390=7832680+20548382+15159093 i13142025 u34728685 u0 t1.841
318462 290000 66 1 w0 r0 m0 f0 r0 p20
 43400958=8135339+21341253+15733409 i13591134 u36116205 u0 t1.963
329483 300000 66 1 w0 r0 m0 f0 r0 p20
 45028067=8442234+22155263+16308545 i14053075 u37520931 u0 t1.983
340525 310000 66 1 w0 r0 m0 f0 r0 p20
 46615498=8738046+22934138+16886727 i14489506 u38901705 u0 t1.871
351480 320000 94 1 w0 r0 m0 f0 r0 p20
 48198444=9038935+23721499+17447383 i14924286 u40281191 u0 t1.891
362496 330000 94 1 w0 r0 m0 f0 r0 p20
 49733444=9330284+24482692+17993474 i15348084 u41617139 u0 t1.885
373551 340000 94 1 w0 r0 m0 f0 r0 p20
 51290420=9626097+25253246+18550462 i15776823 u42973431 u0 t1.876
384689 350000 94 1 w0 r0 m0 f0 r0 p20
 52863841=9922129+26021395+19125405 i16211252 u44340451 u0 t2.115
395874 360000 94 1 w0 r0 m0 f0 r0 p20
 54481113=10221859+26805577+19724920 i16659778 u45741061 u0 t2.042
406862 370000 94 1 w0 r0 m0 f0 r0 p20
 56127737=10531055+27599843+20335875 i17111954 u47171665 u0 t2.005
417894 380000 94 1 w0 r0 m0 f0 r0 p20
 57710652=10827571+28373736+20913921 i17550060 u48545625 u0 t1.94
428912 390000 94 1 w0 r0 m0 f0 r0 p20
 59267668=11118998+29134387+21483671 i17976993 u49900768 u0 t1.912
439874 400000 94 1 w0 r0 m0 f0 r0 p20
 60798949=11403897+29878773+22048738 i18389886 u51239419 u0 t1.865
450859 410000 94 1 w0 r0 m0 f0 r0 p20
 62344803=11692810+30638301+22610561 i18812380 u52587232 u0 t1.905
461847 420000 94 1 w0 r0 m0 f0 r0 p20
 63844431=11974358+31373784+23155226 i19219115 u53897765 u0 t1.856
472807 430000 94 1 w0 r0 m0 f0 r0 p20
 65437780=12274970+32155539+23733015 i19647666 u55293921 u0 t1.958
483790 440000 94 1 w0 r0 m0 f0 r0 p20
 67045767=12575174+32948774+24314528 i20083492 u56700280 u0 t1.973
494708 450000 94 1 w0 r0 m0 f0 r0 p20
 68699472=12883619+33764275+24912530 i20527372 u58150457 u0 t2.038
505590 460000 94 1 w0 r0 m0 f0 r0 p20
 70351532=13192036+34579703+25508940 i20970533 u59600197 u0 t2.027
516566 470000 94 1 w0 r0 m0 f0 r0 p20
 71990802=13497983+35383004+26106829 i21406006 u61040699 u0 t2.003
527520 480000 94 1 w0 r0 m0 f0 r0 p20
 73645399=13806248+36198720+26705964 i21848386 u62493062 u0 t2.028
538466 490000 94 1 w0 r0 m0 f0 r0 p20
 75322036=14118226+37019796+27319560 i22291198 u63969022 u0 t2.184
549399 500000 94 1 w0 r0 m0 f0 r0 p20
 77023425=14443739+37852951+27939452 i22739713 u65468188 u0 t2.105
560288 510000 94 1 w0 r0 m0 f0 r0 p20
 78683779=14754211+38673947+28537979 i23175074 u66935019 u0 t2.067
571192 520000 94 1 w0 r0 m0 f0 r0 p20
 80352712=15063905+39495351+29144443 i23615138 u68405648 u0 t2.057
582148 530000 94 1 w0 r0 m0 f0 r0 p20
 82036336=15378372+40322769+29756566 i24055898 u69892902 u0 t2.078
593039 540000 94 1 w0 r0 m0 f0 r0 p20
 83771290=15699382+41171815+30392891 i24502016 u71431902 u0 t2.134
604123 550000 94 1 w0 r0 m0 f0 r0 p20
 85292841=15985696+41911091+30952926 i24892730 u72782467 u0 t1.875
615220 560000 94 1 w0 r0 m0 f0 r0 p20
 86578406=16228956+42541143+31420369 i25220409 u73927540 u0 t1.617
626410 570000 94 1 w0 r0 m0 f0 r0 p20
 87844101=16466215+43152805+31889826 i25539748 u75056102 u0 t1.573
637646 580000 94 1 w0 r0 m0 f0 r0 p20
 89076810=16700413+43755344+32338702 i25850251 u76157717 u0 t1.553
648847 590000 94 1 w0 r0 m0 f0 r0 p20
 90374030=16941574+44376422+32827115 i26161957 u77327724 u0 t1.587
660023 600000 94 1 w0 r0 m0 f0 r0 p20
 91532382=17161983+44938682+33251932 i26450897 u78365274 u0 t1.464
671169 610000 94 1 w0 r0 m0 f0 r0 p20
 92677881=17380618+45496976+33670550 i26735788 u79392552 u0 t1.445
682330 620000 94 1 w0 r0 m0 f0 r0 p20
 93822077=17600425+46050280+34090645 i27017530 u80420625 u0 t1.454
693457 630000 94 1 w0 r0 m0 f0 r0 p20
 95055697=17831544+46649550+34545330 i27315757 u81533916 u0 t1.536
704731 640000 94 1 w0 r0 m0 f0 r0 p20
 96294487=18063003+47246521+35007532 i27615794 u82650360 u0 t1.551
715916 650000 94 1 w0 r0 m0 f0 r0 p20
 97439920=18281492+47802828+35427035 i27896451 u83681716 u0 t1.455
727122 660000 94 1 w0 r0 m0 f0 r0 p20
 98670868=18515586+48399959+35879326 i28194450 u84793007 u0 t1.559
738273 670000 94 1 w0 r0 m0 f0 r0 p20
 99875743=18744879+48985343+36321344 i28486533 u85881205 u0 t1.535
749495 680000 94 1 w0 r0 m0 f0 r0 p20
 101042383=18969139+49551143+36748337 i28766009 u86938406 u0 t1.485
760693 690000 94 1 w0 r0 m0 f0 r0 p20
 102254980=19199662+50136770+37196455 i29060532 u88031807 u0 t1.554
771972 700000 94 1 w0 r0 m0 f0 r0 p20
 103465720=19428892+50723315+37642786 i29355714 u89122846 u0 t1.614
783287 710000 94 1 w0 r0 m0 f0 r0 p20
 104639900=19653350+51296043+38070532 i29640455 u90183392 u0 t1.522
794503 720000 94 1 w0 r0 m0 f0 r0 p20
 105795637=19874772+51860524+38490375 i29922013 u91226226 u0 t1.49
805629 730000 94 1 w0 r0 m0 f0 r0 p20
 107012879=20104345+52440052+38949652 i30215358 u92323877 u0 t1.55
816809 740000 94 1 w0 r0 m0 f0 r0 p20
 108170750=20322040+52988329+39390324 i30489392 u93371617 u0 t1.472
827890 750000 94 1 w0 r0 m0 f0 r0 p20
 109346023=20541989+53535547+39846975 i30760179 u94440650 u0 t1.471
839058 760000 94 1 w0 r0 m0 f0 r0 p20
 110457274=20754203+54068761+40260181 i31021000 u95451347 u0 t1.432
850231 770000 94 1 w0 r0 m0 f0 r0 p20
 111644530=20977813+54640699+40701567 i31303312 u96526938 u0 t1.514
861324 780000 94 1 w0 r0 m0 f0 r0 p20
 112756712=21190675+55177904+41111668 i31571161 u97532357 u0 t1.437
872344 790000 94 1 w0 r0 m0 f0 r0 p20
 113901230=21409743+55727856+41536166 i31839797 u98573829 u0 t1.473
883522 800000 94 1 w0 r0 m0 f0 r0 p20
 115052446=21630279+56283615+41960828 i32110410 u99621261 u0 t1.491
894714 810000 94 1 w0 r0 m0 f0 r0 p20
 116160183=21843397+56812897+42374928 i32373380 u100625632 u0 t1.438
905844 820000 94 1 w0 r0 m0 f0 r0 p20
 117283223=22058021+57355645+42788962 i32637207 u101647321 u0 t1.456
916882 830000 94 1 w0 r0 m0 f0 r0 p20
 118549967=22298052+57962861+43262652 i32939227 u102793578 u0 t1.62
927964 840000 94 1 w0 r0 m0 f0 r0 p20
 119743936=22526809+58544733+43697164 i33228559 u103872515 u0 t1.553
939033 850000 94 1 w0 r0 m0 f0 r0 p20
 121004026=22765154+59154770+44162145 i33533177 u105010081 u0 t1.627
950128 860000 94 1 w0 r0 m0 f0 r0 p20
 122238911=23000263+59758465+44610481 i33833708 u106124322 u0 t1.621
961260 870000 94 1 w0 r0 m0 f0 r0 p20
 123458245=23233306+60350981+45056196 i34127995 u107226286 u0 t1.588
972424 880000 94 1 w0 r0 m0 f0 r0 p20
 124673076=23464513+60935225+45507237 i34420488 u108323539 u0 t1.577
983571 890000 94 1 w0 r0 m0 f0 r0 p20
 125884344=23693920+61524697+45951042 i34714677 u109415990 u0 t1.587
994789 900000 94 1 w0 r0 m0 f0 r0 p20
 127057734=23916914+62089299+46386563 i34991034 u110482280 u0 t1.519
1005944 910000 94 1 w0 r0 m0 f0 r0 p20
 128303145=24152135+62684289+46852631 i35270829 u111626142 u0 t1.598
1017100 920000 94 1 w0 r0 m0 f0 r0 p20
 129430532=24368313+63227679+47268900 i35535901 u112651762 u0 t1.492
1028294 930000 94 1 w0 r0 m0 f0 r0 p20
 130528677=24578028+63757612+47674284 i35794648 u113650106 u0 t1.468
1039422 940000 94 1 w0 r0 m0 f0 r0 p20
 131687827=24798360+64320403+48099629 i36069604 u114702429 u0 t1.523
1050473 950000 94 1 w0 r0 m0 f0 r0 p20
 132854633=25020472+64887893+48525919 i36342971 u115765288 u0 t1.524
1061568 960000 94 1 w0 r0 m0 f0 r0 p20
 134043070=25250333+65467521+48956681 i36614938 u116856131 u0 t1.545
1072599 970000 94 1 w0 r0 m0 f0 r0 p20
 135291847=25485760+66067542+49422293 i36901300 u117997573 u0 t1.598
1083733 980000 94 1 w0 r0 m0 f0 r0 p20
 136399100=25701026+66611278+49818919 i37158670 u119010469 u0 t1.459
1094785 990000 94 1 w0 r0 m0 f0 r0 p20
 137519050=25917257+67155540+50227043 i37420846 u120031696 u0 t1.47
1105876 1000000 94 1 w0 r0 m0 f0 r0 p20
 138665713=26137695+67717784+50640862 i37690289 u121077303 u0 t1.51
1117034 1010000 94 1 w0 r0 m0 f0 r0 p20
 139787403=26354448+68264708+51048328 i37954909 u122098052 u0 t1.473
1128112 1020000 94 1 w0 r0 m0 f0 r0 p20
 140921791=26573668+68822755+51454807 i38224007 u123130381 u0 t1.494
1139060 1030000 94 1 w0 r0 m0 f0 r0 p20
 142169262=26814500+69435817+51902697 i38524765 u124260263 u0 t1.639
1150007 1040000 94 1 w0 r0 m0 f0 r0 p20
 143561529=27079998+70114418+52410413 i38859534 u125519697 u0 t1.818
1160894 1050000 94 1 w0 r0 m0 f0 r0 p20
 144998334=27351326+70820475+52930359 i39209577 u126815799 u0 t1.861
1171814 1060000 94 1 w0 r0 m0 f0 r0 p20
 146379096=27613815+71499763+53428048 i39545757 u128061949 u0 t1.805
1182789 1070000 94 1 w0 r0 m0 f0 r0 p20
 147771413=27879098+72187374+53926681 i39884722 u129319424 u0 t1.822
1193726 1080000 94 1 w0 r0 m0 f0 r0 p20
 149134067=28139227+72857138+54417549 i40214397 u130551546 u0 t1.779
1204582 1090000 94 1 w0 r0 m0 f0 r0 p20
 150558189=28410800+73563244+54924922 i40561217 u131837925 u0 t1.863
1215452 1100000 94 1 w0 r0 m0 f0 r0 p20
 152005113=28686816+74275924+55445128 i40906988 u133150145 u0 t1.884
1226363 1110000 94 1 w0 r0 m0 f0 r0 p20
 153500823=28969235+75014161+55983169 i41268415 u134503126 u0 t1.951
1237247 1120000 94 1 w0 r0 m0 f0 r0 p20
 154937436=29243149+75724625+56496704 i41611650 u135806953 u0 t1.889
1248176 1130000 94 1 w0 r0 m0 f0 r0 p20
 156402735=29522272+76447278+57022338 i41964174 u137134187 u0 t1.941
1259068 1140000 94 1 w0 r0 m0 f0 r0 p20
 157861130=29797985+77168674+57545265 i42318623 u138451330 u0 t1.898
1269968 1150000 94 1 w0 r0 m0 f0 r0 p20
 159329507=30076803+77900612+58066164 i42673548 u139780528 u0 t1.919
1280888 1160000 94 1 w0 r0 m0 f0 r0 p20
 160787360=30353505+78624948+58585504 i43029449 u141096317 u0 t1.905
1291754 1170000 94 1 w0 r0 m0 f0 r0 p20
 162257086=30632524+79353396+59110035 i43385636 u142425597 u0 t1.921
1302652 1180000 94 1 w0 r0 m0 f0 r0 p20
 163740225=30914948+80088433+59638609 i43741114 u143771461 u0 t1.941
1313613 1190000 94 1 w0 r0 m0 f0 r0 p20
 165222365=31196415+80824289+60167001 i44099160 u145113283 u0 t1.949
1324596 1200000 94 1 w0 r0 m0 f0 r0 p20
 166705142=31477697+81562307+60693492 i44455545 u146457888 u0 t1.944
1335456 1210000 94 1 w0 r0 m0 f0 r0 p20
 168224635=31765451+82316176+61235830 i44822884 u147832943 u0 t1.991
1346441 1220000 94 1 w0 r0 m0 f0 r0 p20
 169783151=32059976+83084342+61797326 i45192757 u149248871 u0 t2.025
1357399 1230000 94 1 w0 r0 m0 f0 r0 p20
 171340127=32353047+83856368+62354089 i45563970 u150662416 u0 t2.029
1368385 1240000 94 1 w0 r0 m0 f0 r0 p20
 172947613=32655799+84649796+62933488 i45945997 u152122257 u0 t2.089
1379469 1250000 94 1 w0 r0 m0 f0 r0 p20
 174578358=32960715+85458237+63518400 i46338200 u153598643 u0 t2.128
1390543 1260000 94 1 w0 r0 m0 f0 r0 p20
 176216496=33265768+86260659+64117377 i46725903 u155085677 u0 t2.287
1401635 1270000 94 1 w0 r0 m0 f0 r0 p20
 177844400=33572064+87068311+64699573 i47117952 u156559922 u0 t2.254
1412662 1280000 94 3 w1767 r0 m0 f84 r0 p20
 179448464=33876559+87868585+65267070 i47505113 u158013254 u0 t2.182
1423732 1290000 94 3 w6955 r0 m0 f331 r0 p20
 181048818=34176735+88658077+65844470 i47890800 u159461423 u0 t4.761
1434749 1300000 94 3 w12520 r0 m0 f596 r0 p20
 182708017=34486060+89473649+66447223 i48288817 u160963411 u0 t4.318
1445738 1310000 94 3 w17959 r0 m0 f855 r0 p20
 184393707=34802515+90300279+67060585 i48698402 u162484086 u0 t4.038
1456743 1320000 94 4 w23860 r0 m0 f1136 r0 p20
 186070233=35117420+91124338+67668658 i49103125 u163999628 u0 t2.634
1467716 1330000 94 4 w30517 r0 m0 f1453 r0 p20
 187826318=35446440+91987570+68306202 i49524850 u165588943 u0 t2.788
1478847 1340000 94 4 w37091 r0 m0 f1766 r0 p20
 189576204=35770547+92843092+68948286 i49947901 u167168289 u0 t2.777
1489858 1350000 94 4 w43055 r0 m0 f2050 r0 p20
 191293706=36091274+93689714+69570365 i50366892 u168716556 u0 t2.747
1500812 1360000 94 4 w48557 r0 m0 f2312 r0 p20
 192945491=36397576+94496222+70177412 i50767971 u170206062 u0 t2.628
1511816 1370000 94 4 w53870 r0 m0 f2565 r0 p20
 194629037=36712329+95326971+70785495 i51175061 u171727905 u0 t2.685
1522795 1380000 94 4 w59267 r0 m0 f2822 r0 p20
 196261107=37016280+96132860+71375071 i51572919 u173199323 u0 t2.635
1533703 1390000 94 4 w64853 r0 m0 f3088 r0 p20
 197916580=37324592+96947275+71976458 i51979316 u174688823 u0 t2.661
1544569 1400000 94 4 w70355 r0 m0 f3350 r0 p20
 199559259=37633478+97759355+72566898 i52377808 u176173043 u0 t2.66
1555499 1410000 94 4 w76592 r0 m0 f3647 r0 p20
 201315494=37961628+98624605+73202706 i52803523 u177758506 u0 t2.836
1566395 1420000 94 4 w82745 r0 m0 f3940 r0 p20
 203040851=38283744+99480615+73821800 i53222413 u179316805 u0 t2.818
1577238 1430000 94 4 w89024 r0 m0 f4239 r0 p20
 204769957=38606559+100338547+74442479 i53642019 u180878261 u0 t2.834
1588118 1440000 98 4 w94631 r0 m0 f4506 r0 p20
 206501964=38930451+101195825+75064964 i54065134 u182439447 u0 t2.808
1598949 1450000 98 4 w101078 r0 m0 f4813 r0 p20
 208268958=39258963+102068645+75703593 i54493176 u184035397 u0 t2.888
1609797 1460000 98 4 w107273 r0 m0 f5108 r0 p20
 210044947=39588611+102945770+76346406 i54920768 u185641317 u0 t2.887
1620630 1470000 98 4 w113783 r0 m0 f5418 r0 p20
 211794585=39917933+103814704+76971470 i55341503 u187225631 u0 t2.863
1631477 1480000 98 4 w120713 r0 m0 f5748 r0 p20
 213544045=40245037+104679189+77602221 i55764782 u188806033 u0 t2.885
1642373 1490000 98 4 w126404 r0 m0 f6019 r0 p20
 215341282=40581295+105569208+78248299 i56197170 u190432702 u0 t2.923
1653233 1500000 98 4 w132956 r0 m0 f6331 r0 p20
 217140861=40916401+106459891+78897104 i56629741 u192061691 u0 t2.949
1664130 1510000 98 4 w139319 r0 m0 f6634 r0 p20
 218918863=41246819+107335188+79542979 i57054442 u193672503 u0 t2.902
1675034 1520000 98 4 w146249 r0 m0 f6964 r0 p20
 220707784=41578832+108217124+80191733 i57482868 u195292468 u0 t2.952
1685958 1530000 98 4 w152948 r0 m0 f7283 r0 p20
 222527080=41916354+109112653+80853015 i57917954 u196940420 u0 t2.991
1696847 1540000 98 4 w159521 r0 m0 f7596 r0 p20
 224315178=42247473+109988212+81508049 i58346185 u198558111 u0 t2.941
1707676 1550000 98 4 w166976 r0 m0 f7951 r0 p20
 226145550=42585444+110889061+82174592 i58787061 u200212164 u0 t3.046
1718573 1560000 98 4 w174704 r0 m0 f8319 r0 p20
 227977335=42923424+111787999+82844857 i59225851 u201868976 u0 t3.063
1729487 1570000 98 4 w181130 r0 m0 f8625 r0 p20
 229753615=43251320+112659502+83494703 i59650496 u203477052 u0 t2.925
1740347 1580000 98 4 w188585 r0 m0 f8980 r0 p20
 231553104=43584046+113540125+84154536 i60080322 u205106191 u0 t2.996
1751207 1590000 98 4 w195935 r0 m0 f9330 r0 p20
 233379940=43922520+114439161+84819335 i60517167 u206760076 u0 t3.051
1762023 1600000 98 4 w203789 r0 m0 f9704 r0 p20
 235155843=44253361+115316780+85460372 i60942057 u208369100 u0 t2.997
1772878 1610000 98 4 w210782 r0 m0 f10037 r0 p20
 236929770=44581602+116184385+86111454 i61365991 u209975103 u0 t5.096
1783723 1620000 98 4 w218111 r0 m0 f10386 r0 p20
 238688807=44908360+117054935+86745918 i61787922 u211567713 u0 t5.276
1794607 1630000 98 4 w225419 r0 m0 f10734 r0 p20
 240464479=45236722+117925167+87395629 i62215004 u213172110 u0 t4.982
1805498 1640000 98 4 w232475 r0 m0 f11070 r0 p20
 242254153=45568300+118810419+88042816 i62644605 u214792072 u0 t3.273
1816421 1650000 98 4 w239804 r0 m0 f11419 r0 p20
 244050465=45899876+119697682+88694298 i63078800 u216414332 u0 t3.02
1827273 1660000 98 4 w247826 r0 m0 f11801 r0 p20
 245854599=46234183+120581771+89354321 i63511575 u218045941 u0 t3.056
1838160 1670000 98 4 w254945 r0 m0 f12140 r0 p20
 247658504=46569017+121468086+90011465 i63947049 u219675118 u0 t3.023
1849005 1680000 98 4 w261938 r0 m0 f12473 r0 p20
 249430278=46895842+122335533+90661291 i64370913 u221278737 u0 t2.95
1859879 1690000 98 4 w268910 r0 m0 f12805 r0 p20
 251131279=47212315+123178813+91272934 i64780786 u222817679 u0 t2.873
1870739 1700000 98 4 w277688 r0 m0 f13223 r0 p20
 252891045=47539369+124052324+91905247 i65203078 u224411491 u0 t3.033
1881698 1710000 98 4 w285290 r0 m0 f13585 r0 p20
 254580511=47855132+124886720+92515242 i65606977 u225942927 u0 t2.9
1892578 1720000 98 4 w292997 r0 m0 f13952 r0 p20
 256293646=48175630+125733252+93133036 i66016214 u227496513 u0 t2.942
1903425 1730000 98 4 w300725 r0 m0 f14320 r0 p20
 258022915=48497011+126587322+93759138 i66431166 u229062441 u0 t2.99
1914319 1740000 98 4 w309125 r0 m0 f14720 r0 p20
 259815209=48830592+127465985+94414637 i66859979 u230684604 u0 t3.057
1925121 1750000 98 4 w316979 r0 m0 f15094 r0 p20
 261541348=49152781+128320704+95035878 i67274701 u232247809 u0 t2.961
1936035 1760000 98 4 w324749 r0 m0 f15464 r0 p20
 263330395=49486167+129206644+95680325 i67708271 u233863768 u0 t3.047
1946942 1770000 98 4 w332141 r0 m0 f15816 r0 p20
 265050284=49805914+130048834+96309106 i68114047 u235426392 u0 t2.908
1957829 1780000 98 4 w340100 r0 m0 f16195 r0 p20
 266753303=50124838+130892409+96920932 i68522974 u236969286 u0 t2.938
1968722 1790000 98 4 w347618 r0 m0 f16553 r0 p20
 268493552=50448739+131746780+97555161 i68940876 u238543695 u0 t2.967
1979581 1800000 98 4 w356207 r0 m0 f16962 r0 p20
 270164288=50760785+132567358+98163038 i69343890 u240053523 u0 t2.91
1990482 1810000 98 4 w359987 r205 m3750 f17142 r1367915 p4000
 271830252=51072079+133383609+98770962 i69740875 u241563824 u0 t2.837
2001382 1820000 98 4 w369637 r1714 m13596 f17144 r4441444 p4000
 273492871=51381902+134197434+99378998 i70141403 u243066454 u0 t3.088
2012247 1830000 98 4 w378595 r4727 m23856 f17146 r7282244 p4000
 275187120=51698829+135031055+99993704 i70546286 u244601731 u0 t4.011
2023129 1840000 98 4 w387792 r9441 m36451 f17148 r10260242 p4000
 276861603=52011532+135854419+100601958 i70946701 u246118526 u0 t3.184
2034053 1850000 98 4 w397087 r16086 m50659 f17150 r13210059 p4000
 278586086=52334286+136703614+101226354 i71359203 u247681088 u0 t3.398
2044917 1860000 98 4 w406533 r24214 m66164 f17152 r16066935 p4000
 280251224=52646494+137526857+101826009 i71755921 u249192278 u0 t3.388
2055814 1870000 98 4 w416157 r34259 m84034 f17154 r19055743 p4000
 281924750=52958788+138352252+102431703 i72165275 u250699736 u0 t3.623
2066728 1880000 98 4 w425993 r45693 m102101 f17156 r21713346 p4000
 283579260=53268199+139169715+103028509 i72561866 u252198447 u0 t3.923
2077660 1890000 98 4 w435748 r58747 m122914 f17158 r24620556 p4000
 285237044=53579292+139988643+103625286 i72958474 u253700931 u0 t5.097
2088614 1900000 98 4 w440623 r73751 m145285 f17159 r27467931 p4000
 286912655=53892335+140810185+104236352 i73359243 u255217937 u0 t4.635
2099586 1910000 98 4 w450522 r90580 m169095 f17161 r30238536 p4000
 288616243=54209093+141647327+104856783 i73765136 u256762395 u0 t4.459
2110524 1920000 98 4 w460254 r108415 m194913 f17163 r33176516 p4000
 290241237=54514629+142446303+105445717 i74153877 u258234499 u0 t4.51
2121483 1930000 98 4 w470062 r128716 m222287 f17165 r35966775 p4000
 291923570=54829825+143276743+106052519 i74560042 u259755697 u0 t4.963
2132440 1940000 98 4 w479727 r149933 m250354 f17167 r38683045 p4000
 293565784=55136148+144083806+106649839 i74952814 u261243092 u0 t5.059
2143340 1950000 98 4 w484560 r173162 m281002 f17168 r41526432 p4000
 295239019=55448867+144906211+107257969 i75353190 u262758891 u0 t5.491
2154286 1960000 98 4 w494138 r196833 m311627 f17170 r44219556 p4000
 296860107=55753648+145703015+107845359 i75739497 u264229557 u0 t16.031
2165157 1970000 98 4 w503682 r221273 m342819 f17172 r46826977 p4000
 298412591=56044542+146464173+108410700 i76108327 u265638116 u0 t5.641
2176142 1980000 98 4 w508426 r247056 m374956 f17173 r49349577 p4000
 299979496=56338337+147235354+108978397 i76481116 u267060066 u0 t6.027
2187090 1990000 98 4 w517950 r275840 m410714 f17175 r52061998 p4000
 301618575=56644428+148044181+109570873 i76876068 u268542542 u0 t6.707
2198031 2000000 98 4 w527350 r304978 m446887 f17177 r54785845 p4000
 303185210=56938923+148817650+110135184 i77251956 u269961936 u0 t6.473
2208970 2010000 98 4 w536672 r335241 m484289 f17179 r57480638 p4000
 304752540=57232180+149587337+110705170 i77623326 u271385142 u0 t6.483
2219875 2020000 98 4 w541323 r367180 m522760 f17180 r60049969 p4000
 306334455=57532948+150371332+111270400 i78001591 u272820357 u0 t11.638
2230717 2030000 98 4 w550479 r398834 m561025 f17182 r62592241 p4000
 307845651=57817948+151122157+111809532 i78361269 u274193215 u0 t6.232
2241553 2040000 98 4 w559433 r432620 m600695 f17184 r64991616 p4000
 309373570=58105978+151881084+112355392 i78729989 u275576022 u0 t6.146
2252478 2050000 98 4 w564060 r468125 m642470 f17185 r67502753 p4000
 310917801=58397346+152645204+112909519 i79100783 u276975373 u0 t6.561
2263400 2060000 98 4 w573189 r504290 m684249 f17187 r69851089 p4000
 312460636=58688083+153405052+113466755 i79469760 u278373981 u0 t6.718
2274335 2070000 98 4 w577724 r541841 m727796 f17188 r72278729 p4000
 314006113=58979074+154169481+114021866 i79836809 u279778294 u0 t6.8
2285238 2080000 98 4 w586746 r578822 m771005 f17190 r74711537 p4000
 315479761=59257781+154893633+114554732 i80185761 u281118077 u0 t7.893
2296195 2090000 98 4 w591195 r618081 m816650 f17191 r77207240 p4000
 317001742=59547160+155648315+115097246 i80546342 u282502521 u0 t7.348
2307093 2100000 98 4 w600187 r659044 m863831 f17193 r79690493 p4000
 318548784=59841585+156419314+115645210 i80911566 u283912368 u0 t7.625
2317991 2110000 98 4 w606824 r700298 m910996 f17195 r82098907 p4000
 320065310=60129116+157167613+116190543 i81269378 u285292959 u0 t7.876
2328915 2120000 98 4 w611250 r742247 m959229 f17196 r84555149 p4000
 321540226=60409484+157900375+116714932 i81620340 u286633459 u0 t9.082
2339889 2130000 98 4 w620213 r786730 m1009019 f17198 r86828830 p4000
 323065272=60697602+158658425+117258241 i81986557 u288016315 u0 t8.411
2350849 2140000 98 4 w624663 r831511 m1059788 f17199 r89212999 p4000
 324569276=60981045+159406540+117794073 i82344541 u289382871 u0 t8.381
2361818 2150000 98 4 w633560 r876668 m1110749 f17201 r91572732 p4000
 326046163=61261072+160142425+118317711 i82698591 u290723454 u0 t8.601
2372703 2160000 98 4 w638099 r924433 m1163908 f17202 r93866622 p4000
 327582195=61550056+160900281+118871928 i83062975 u292118852 u0 t9.933
2383611 2170000 98 4 w642551 r970278 m1215202 f17203 r96114014 p4000
 329020933=61822910+161615512+119384128 i83404804 u293427299 u0 t8.814
2394538 2180000 98 4 w651410 r1017381 m1268046 f17205 r98421977 p4000
 330471640=62098697+162341500+119894769 i83752071 u294745140 u0 t9.173
2405448 2190000 98 4 w655809 r1069544 m1326570 f17206 r100961254 p4000
 332047282=62396171+163128686+120452548 i84126876 u296177860 u0 t10.783
2416385 2200000 98 4 w664605 r1121152 m1384118 f17208 r103400614 p4000
 333572677=62685022+163886371+120996698 i84488551 u297565312 u0 t10.307
2427291 2210000 98 4 w669084 r1172212 m1439966 f17209 r105545539 p4000
 335055154=62966105+164620723+121527332 i84839384 u298914204 u0 t10.042
2438224 2220000 98 4 w673523 r1225840 m1499333 f17210 r107943708 p4000
 336562228=63251799+165373345+122060347 i85198833 u300283775 u0 t10.657
2449156 2230000 98 4 w682497 r1281199 m1560412 f17212 r110320741 p4000
 338098470=63544181+166137065+122607037 i85562104 u301682275 u0 t11.533
2460085 2240000 98 4 w686956 r1339280 m1624250 f17213 r112787248 p4000
 339674657=63843460+166921569+123166530 i85938824 u303113098 u0 t11.353
2471031 2250000 98 4 w696191 r1401358 m1692253 f17216 r115356706 p4000
 341328221=64154313+167736404+123763464 i86334030 u304612057 u0 t12.844
2481891 2260000 98 4 w701890 r1462179 m1758441 f17218 r117743734 p4000
 342920094=64455060+168519044+124339193 i86709420 u306059943 u0 t17.226
2492839 2270000 98 4 w706410 r1524549 m1826194 f17219 r120155300 p4000
 344524932=64756130+169308970+124920291 i87088354 u307519772 u0 t11.89
2503770 2280000 98 4 w715829 r1589823 m1897308 f17223 r122764493 p4000
 346165173=65065475+170120749+125508611 i87478794 u309009229 u0 t16.272
2514685 2290000 98 4 w722293 r1654363 m1968096 f17225 r125401425 p4000
 347777859=65367628+170914357+126092672 i87859777 u310475925 u0 t12.498
2525687 2300000 98 4 w726844 r1722420 m2041642 f17227 r127889304 p4000
 349430556=65676533+171726819+126692647 i88250413 u311977424 u0 t12.771
2536614 2310000 98 4 w736686 r1791442 m2116677 f17230 r130531847 p4000
 351071462=65982636+172534843+127287338 i88640570 u313466662 u0 t16.373
2547690 2320000 98 4 w745052 r1864826 m2196228 f17233 r133351892 p4000
 352775789=66300993+173374078+127904919 i89049504 u315009279 u0 t14.983
2558712 2330000 98 4 w751185 r1938913 m2275667 f17235 r135941324 p4000
 354479327=66619347+174214406+128520924 i89455485 u316554290 u0 t16.581
2569709 2340000 98 4 w758388 r2011494 m2353988 f17238 r138588706 p4000
 356119816=66929029+175032721+129102657 i89846787 u318044827 u0 t15.057
2580699 2350000 98 4 w767111 r2089909 m2438548 f17242 r141458553 p4000
 357866975=67253212+175889572+129740737 i90263737 u319628168 u0 t15.815
2591715 2360000 98 4 w775389 r2167121 m2522285 f17245 r144371751 p4000
 359567798=67570319+176725970+130359050 i90669541 u321169777 u0 t16.364
2602831 2370000 98 4 w785176 r2249075 m2610693 f17248 r147318527 p4000
 361333804=67899239+177596044+130999241 i91094354 u322767703 u0 t17.202
2613986 2380000 98 4 w795132 r2333411 m2701776 f17254 r150373094 p4000
 363142494=68230806+178475866+131670096 i91523757 u324406802 u0 t18.68
2624949 2390000 98 4 w804524 r2420086 m2794351 f17257 r153305961 p4000
 364958248=68564735+179361240+132340268 i91962978 u326044577 u0 t19.105
2635909 2400000 98 4 w813095 r2508758 m2889060 f17261 r156248572 p4000
 366793742=68902584+180257977+133015990 i92409611 u327697406 u0 t19.378
2646913 2410000 98 4 w822212 r2594862 m2981214 f17264 r159212866 p4000
 368547157=69226360+181113701+133662101 i92835469 u329277126 u0 t19.45
2657884 2420000 98 4 w831598 r2679011 m3070762 f17269 r161989061 p4000
 370250743=69543018+181948977+134283775 i93243596 u330818998 u0 t19.086
2668918 2430000 98 4 w839882 r2763446 m3160538 f17274 r164712529 p4000
 371945334=69856854+182774867+134907321 i93651167 u332349809 u0 t19.321
2679809 2440000 98 4 w847502 r2847875 m3250055 f17281 r167394817 p4000
 373593593=70165486+183587194+135502816 i94054690 u333834002 u0 t18.319
2690746 2450000 98 4 w856207 r2934591 m3341597 f17288 r170018870 p4000
 375264732=70476391+184414187+136105363 i94459585 u335343241 u0 t19.2
2701594 2460000 98 4 w863933 r3026668 m3438419 f17296 r172663053 p4000
 377026942=70804695+185280946+136745118 i94883973 u336936501 u0 t20.341
2712475 2470000 98 4 w872366 r3117121 m3533528 f17303 r175263059 p4000
 378737275=71123412+186129022+137359567 i95296128 u338483893 u0 t20.533
2723357 2480000 98 4 w879445 r3209098 m3630221 f17307 r177883709 p4000
 380487328=71448458+186993347+137992245 i95712958 u340071430 u0 t21.203
2734166 2490000 98 4 w889433 r3299973 m3726089 f17313 r180481012 p4000
 382198024=71767925+187837149+138610940 i96123976 u341619835 u0 t20.555
2745023 2500000 98 4 w897999 r3394330 m3825324 f17319 r183252109 p4000
 383959910=72094368+188705051+139251002 i96543209 u343218124 u0 t21.315
2755880 2510000 98 4 w906605 r3489146 m3925565 f17325 r186031761 p4000
 385703183=72418174+189565646+139881674 i96962586 u344795198 u0 t21.794
2766772 2520000 98 4 w915906 r3585731 m4026947 f17331 r188745274 p4000
 387463931=72744988+190431472+140522086 i97385282 u346388728 u0 t21.612
2777605 2530000 98 4 w922882 r3681682 m4127290 f17336 r191304966 p4000
 389210244=73071112+191290844+141155276 i97800447 u347973355 u0 t20.962
2788466 2540000 98 4 w931602 r3780650 m4230081 f17346 r193816061 p4000
 390993925=73405001+192169511+141801295 i98226416 u349589581 u0 t21.593
2799329 2550000 98 4 w939475 r3884436 m4338147 f17352 r196481472 p4000
 392854436=73747080+193084041+142481179 i98670706 u351274310 u0 t23.138
2810193 2560000 98 4 w946984 r3982454 m4440021 f17359 r198983684 p4000
 394586175=74069906+193939383+143107047 i99090733 u352837522 u0 t20.896
2821115 2570000 98 4 w954672 r4083461 m4544700 f17369 r201435983 p4000
 396373854=74400331+194815983+143761024 i99517701 u354455980 u0 t22.167
2832025 2580000 98 4 w962144 r4188288 m4653903 f17380 r204170462 p4000
 398201283=74740010+195716692+144423960 i99955867 u356110309 u0 t23.06
2842894 2590000 98 4 w969657 r4288385 m4757744 f17386 r206575958 p4000
 399960875=75065982+196579442+145067439 i100374808 u357705447 u0 t21.433
2853742 2600000 98 4 w976401 r4394866 m4868059 f17392 r209089948 p4000
 401811634=75407233+197492344+145739777 i100817557 u359381501 u0 t23.704
2864632 2610000 98 4 w985284 r4501198 m4978056 f17399 r211664123 p4000
 403667966=75750169+198409680+146411818 i101257161 u361067417 u0 t24.219
2875503 2620000 98 4 w991057 r4607382 m5087523 f17404 r214061595 p4000
 405501187=76090975+199311909+147078283 i101693018 u362730595 u0 t23.695
2886360 2630000 98 4 w997668 r4713960 m5197409 f17408 r216518221 p4000
 407318394=76428580+200209416+147736246 i102126129 u364378844 u0 t24.072
2897239 2640000 98 4 w1002929 r4820272 m5306613 f17412 r218871859 p4000
 409133084=76766405+201102314+148395438 i102556849 u366025387 u0 t24.324
2908079 2650000 98 4 w1012689 r4930301 m5420153 f17421 r221430878 p4000
 410998892=77114178+202021249+149071777 i103001487 u367717049 u0 t24.665
2919336 2660000 98 4 w1020048 r5038641 m5531463 f17431 r223809725 p4000
 412865095=77458535+202937691+149753790 i103437326 u369416665 u0 t24.443
2930193 2670000 98 4 w1027419 r5150962 m5646749 f17440 r226241859 p4000
 414758028=77807462+203871479+150441590 i103885987 u371134860 u0 t25.699
2941058 2680000 98 4 w1033818 r5258781 m5757536 f17454 r228589199 p4000
 416562298=78141604+204760082+151097021 i104316022 u372770252 u0 t25.726
2951948 2690000 98 4 w1041079 r5368066 m5869618 f17460 r231035779 p4000
 418394567=78482060+205663987+151760410 i104748384 u374436017 u0 t26.269
2962792 2700000 98 4 w1047276 r5476383 m5980937 f17467 r233399807 p4000
 420187245=78815085+206550897+152407374 i105174981 u376062666 u0 t25.451
2973731 2710000 98 4 w1054274 r5581608 m6088786 f17473 r235617467 p4000
 421964447=79147445+207422084+153055205 i105590218 u377681407 u0 t24.823
2984605 2720000 98 4 w1060109 r5687700 m6197311 f17480 r237793520 p4000
 423762171=79480129+208299528+153716891 i106008081 u379319503 u0 t26.37
2995574 2730000 98 4 w1067186 r5795003 m6307314 f17488 r240148886 p4000
 425541780=79809047+209170707+154369183 i106427725 u380935531 u0 t25.518
3006468 2740000 98 4 w1073516 r5905018 m6419750 f17496 r242385794 p4000
 427360559=80145053+210063381+155033678 i106858036 u382585794 u0 t26.91
3017345 2750000 98 4 w1079877 r6011949 m6529099 f17507 r244611368 p4000
 429112466=80471448+210929421+155665389 i107272762 u384177746 u0 t25.882
3028291 2760000 98 4 w1086566 r6118521 m6638214 f17518 r246879870 p4000
 430853628=80794053+211779723+156304391 i107686968 u385755201 u0 t26.058
3039192 2770000 98 4 w1092172 r6221661 m6743524 f17532 r249005327 p4000
 432538461=81107787+212604140+156920898 i108081376 u387288405 u0 t25.593
3050078 2780000 98 4 w1097415 r6325279 m6848976 f17543 r251018635 p4000
 434247277=81429031+213437682+157545343 i108480979 u388843678 u0 t24.572
3060975 2790000 98 4 w1103902 r6432915 m6958578 f17556 r253145532 p4000
 436026715=81761305+214309126+158194410 i108893630 u390466754 u0 t25.26
3071909 2800000 98 4 w1109435 r6535689 m7063020 f17572 r255110196 p4000
 437724222=82079132+215137533+158816103 i109287482 u392014726 u0 t24.772
3082762 2810000 98 4 w1114307 r6644176 m7173572 f17577 r257288324 p4000
 439502098=82407520+216004295+159471644 i109704623 u393630604 u0 t26.539
3093667 2820000 98 4 w1120583 r6751396 m7282777 f17585 r259468731 p4000
 441252475=82734828+216859883+160111731 i110114833 u395222517 u0 t27.528
3104606 2830000 98 4 w1126076 r6858601 m7391677 f17592 r261472212 p4000
 443006883=83060939+217716620+160755196 i110522894 u396821586 u0 t26.782
3115556 2840000 98 4 w1131760 r6962129 m7496807 f17600 r263429256 p4000
 444688481=83372733+218538469+161372236 i110913895 u398354465 u0 t23.859
3126447 2850000 98 4 w1137243 r7065691 m7602090 f17608 r265418878 p4000
 446373566=83687025+219365885+161985484 i111305939 u399891442 u0 t26.288
3137354 2860000 98 4 w1142781 r7169486 m7707707 f17615 r267458819 p4000
 448084410=84007360+220203015+162608631 i111701165 u401453777 u0 t26.689
3148306 2870000 98 4 w1148236 r7269701 m7809744 f17624 r269433712 p4000
 449709146=84311145+221001359+163198792 i112079296 u402936051 u0 t23.025
3159170 2880000 98 4 w1153259 r7371158 m7912757 f17634 r271368797 p4000
 451351882=84617909+221801999+163801990 i112460741 u404433999 u0 t25.731
3170031 2890000 98 4 w1159110 r7473867 m8017244 f17643 r273426855 p4000
 453013492=84929203+222613413+164410040 i112842555 u405953684 u0 t25.717
3180938 2900000 98 4 w1164235 r7575292 m8120292 f17652 r275378034 p4000
 454661681=85237778+223419314+165012236 i113220272 u407462312 u0 t23.166
3191816 2910000 98 4 w1170287 r7680391 m8227372 f17666 r277552028 p4000
 456350591=85550949+224239011+165637741 i113609144 u409004717 u0 t25.967
3202736 2920000 98 4 w1176838 r7787854 m8336648 f17685 r279637846 p4000
 458067183=85872730+225081734+166261324 i114007308 u410571485 u0 t25.77
3213588 2930000 98 4 w1182917 r7893905 m8444498 f17699 r281728734 p4000
 459765403=86191157+225911227+166882779 i114400275 u412121268 u0 t25.333
3224450 2940000 98 4 w1187875 r8000448 m8552693 f17704 r283816213 p4000
 461458958=86506014+226744049+167499073 i114797999 u413661936 u0 t24.739
3235384 2950000 98 4 w1194820 r8104149 m8657726 f17712 r285675670 p4000
 463116228=86815090+227563975+168096159 i115185958 u415172756 u0 t24.701
3246267 2960000 98 4 w1201101 r8213605 m8768791 f17719 r287767839 p4000
 464858603=87140346+228419120+168730537 i115592750 u416760462 u0 t25.868
3257218 2970000 98 4 w1206756 r8322681 m8879610 f17728 r289909671 p4000
 466613074=87466190+229282067+169368910 i115997574 u418363773 u0 t25.861
3268155 2980000 98 4 w1212430 r8427160 m8985841 f17737 r292007106 p4000
 468268376=87775619+230093744+169972379 i116383044 u419872833 u0 t25.044
3278993 2990000 98 4 w1218193 r8533539 m9093686 f17750 r293948347 p4000
 469969715=88091511+230926039+170595817 i116776165 u421426637 u0 t26.112
3289873 3000000 98 4 w1224309 r8632904 m9194651 f17760 r295925913 p4000
 471569970=88391941+231705539+171183343 i117140686 u422893550 u0 t23.7
3300770 3010000 98 4 w1230141 r8738529 m9301774 f17772 r297911249 p4000
 473233246=88702602+232525382+171785545 i117528426 u424411134 u0 t25.46
3311716 3020000 98 4 w1235701 r8844070 m9408859 f17783 r299901591 p4000
 474884704=89011906+233343669+172378776 i117916263 u425915093 u0 t25.074
3322684 3030000 98 4 w1242119 r8948543 m9515110 f17796 r301976848 p4000
 476508174=89314099+234142224+172968486 i118297914 u427392293 u0 t25.727
3333558 3040000 98 4 w1247591 r9053426 m9621509 f17814 r303917970 p4000
 478143366=89618548+234943979+173565228 i118677515 u428884802 u0 t25.147
3344467 3050000 98 4 w1253721 r9156180 m9725810 f17821 r305844025 p4000
 479740737=89918385+235729820+174143829 i119050472 u430341467 u0 t24.974
3355390 3060000 98 4 w1259270 r9262293 m9833504 f17827 r307877233 p4000
 481413586=90230624+236550329+174753692 i119438526 u431868562 u0 t25.715
3366284 3070000 98 4 w1265349 r9362152 m9934930 f17835 r309837717 p4000
 482988960=90526560+237328756+175320755 i119803039 u433308859 u0 t24.437
3377177 3080000 98 4 w1271124 r9464827 m10039248 f17843 r311823025 p4000
 484606407=90828041+238120588+175912435 i120176900 u434785460 u0 t25.104
3388055 3090000 98 4 w1275634 r9564157 m10139781 f17850 r313572925 p4000
 486152468=91119668+238885764+176466949 i120538065 u436196214 u0 t24.493
3398880 3100000 98 4 w1282001 r9663198 m10240256 f17861 r315435856 p4000
 487684763=91409430+239647791+177012102 i120897774 u437593393 u0 t24.306
3409787 3110000 98 4 w1287220 r9762952 m10341422 f17870 r317342417 p4000
 489223743=91698454+240408490+177565964 i121257107 u438997274 u0 t25.318
3420708 3120000 98 4 w1292866 r9863614 m10443604 f17879 r319267197 p4000
 490782966=91991874+241181846+178124362 i121620085 u440421468 u0 t25.055
3431637 3130000 98 4 w1299056 r9967050 m10548584 f17893 r321249862 p4000
 492372061=92290972+241966929+178696725 i121991805 u441870085 u0 t25.905
3442607 3140000 98 4 w1304766 r10063924 m10647007 f17904 r323104122 p4000
 493867479=92576410+242705734+179231864 i122338989 u443236905 u0 t24.625
3453456 3150000 98 4 w1310531 r10164815 m10749605 f17915 r325079229 p4000
 495418218=92870797+243475997+179783874 i122699545 u444654759 u0 t24.348
3464366 3160000 98 4 w1316740 r10265418 m10851897 f17927 r327087924 p4000
 496965936=93164715+244245389+180334199 i123061379 u446067422 u0 t25.336
3475266 3170000 98 4 w1323086 r10366987 m10955261 f17943 r329129953 p4000
 498503481=93454655+245005791+180885711 i123421966 u447468573 u0 t25.519
3486141 3180000 98 4 w1329660 r10463159 m11052820 f17951 r330892044 p4000
 499986498=93737190+245741376+181413852 i123765513 u448825951 u0 t23.61
3497008 3190000 98 4 w1335603 r10562426 m11153777 f17957 r332864456 p4000
 501529487=94026056+246498293+181975369 i124119990 u450237940 u0 t23.375
3507853 3200000 98 4 w1342124 r10660381 m11253570 f17965 r334887726 p4000
 503046559=94315835+247250150+182516197 i124467831 u451629367 u0 t22.609
3518683 3210000 98 4 w1347709 r10758772 m11353434 f17973 r336720042 p4000
 504564868=94603075+248002586+183059009 i124818572 u453019236 u0 t22.91
3529542 3220000 98 4 w1354866 r10858763 m11455264 f17981 r338724015 p4000
 506086306=94893153+248756525+183601588 i125172411 u454409837 u0 t23.193
3540480 3230000 98 4 w1361984 r10956897 m11555130 f17990 r340655431 p4000
 507573435=95176490+249498789+184127119 i125519074 u455769336 u0 t23.256
3551409 3240000 98 4 w1368594 r11059373 m11659384 f18001 r342628751 p4000
 509136904=95471887+250274207+184686052 i125882973 u457198270 u0 t24.197
3562370 3250000 98 4 w1374806 r11157929 m11759714 f18010 r344549746 p4000
 510633889=95756816+251017114+185219210 i126230249 u458567369 u0 t23.13
3573321 3260000 98 4 w1382142 r11258044 m11861622 f18025 r346496516 p4000
 512154031=96046348+251771059+185761190 i126583426 u459957494 u0 t24.268
3584317 3270000 98 4 w1388753 r11361494 m11966915 f18043 r348511618 p4000
 513711000=96340918+252547891+186312667 i126946162 u461380577 u0 t24.774
3595165 3280000 98 4 w1395388 r11461684 m12069004 f18055 r350515695 p4000
 515228612=96629800+253298990+186854771 i127296978 u462769861 u0 t24.359
3606131 3290000 98 4 w1402638 r11564363 m12173757 f18063 r352647152 p4000
 516787712=96926491+254070286+187412396 i127657062 u464197324 u0 t24.269
3617031 3300000 98 4 w1409765 r11662848 m12273955 f18070 r354532517 p4000
 518283261=97210191+254817319+187941237 i128005319 u465564988 u0 t23.599
3627996 3310000 98 4 w1416757 r11764487 m12377630 f18078 r356562486 p4000
 519803633=97499274+255577531+188477038 i128361659 u466953085 u0 t24.214
3638920 3320000 98 4 w1424990 r11868388 m12483603 f18088 r358661605 p4000
 521375389=97793280+256352278+189045476 i128726592 u468388219 u0 t24.507
3649881 3330000 98 4 w1432163 r11967491 m12584691 f18099 r360662081 p4000
 522880556=98076303+257096336+189586609 i129072390 u469767238 u0 t24.356
3660867 3340000 98 4 w1439727 r12074840 m12694132 f18110 r362737408 p4000
 524491379=98379942+257895171+190162867 i129446347 u471239601 u0 t26.162
3671820 3350000 98 4 w1448308 r12178160 m12799345 f18127 r364730122 p4000
 526041380=98675689+258665765+190712311 i129806871 u472657401 u0 t24.927
3682790 3360000 98 4 w1455362 r12285589 m12909022 f18146 r366911199 p4000
 527659222=98979781+259462353+191297318 i130178774 u474138571 u0 t26.945
3693808 3370000 98 4 w1464206 r12395774 m13021671 f18153 r369152588 p4000
 529325956=99293194+260282583+191900382 i130561656 u475664342 u0 t27.387
3704793 3380000 98 4 w1470941 r12504960 m13133162 f18161 r371386264 p4000
 530943069=99597886+261085257+192478358 i130938632 u477141521 u0 t26.662
3715703 3390000 98 4 w1481194 r12618440 m13248932 f18171 r373669857 p4000
 532641482=99915490+261923870+193091543 i131330006 u478696118 u0 t27.204
3726649 3400000 98 4 w1488931 r12733041 m13365858 f18181 r375930750 p4000
 534346388=100233856+262770855+193701866 i131725220 u480255146 u0 t29.12
3737635 3410000 98 4 w1500214 r12853843 m13489395 f18199 r378421363 p4000
 536134448=100568655+263669932+194329472 i132140623 u481891033 u0 t29.135
3748614 3420000 98 4 w1508967 r12973090 m13611112 f18225 r380777514 p4000
 537914058=100902015+264547436+194973273 i132550046 u483520346 u0 t29.407
3759597 3430000 98 4 w1518897 r13096065 m13736654 f18238 r383243038 p4000
 539732180=101243537+265443050+195631087 i132974570 u485177934 u0 t30.743
3770552 3440000 98 4 w1528173 r13218129 m13861333 f18247 r385762778 p4000
 541540317=101581938+266331153+196288296 i133396719 u486826138 u0 t29.87
3781517 3450000 98 4 w1538329 r13339073 m13985012 f18257 r388181838 p4000
 543336930=101916523+267210385+196945560 i133813792 u488465556 u0 t30.375
3792483 3460000 98 4 w1547742 r13459994 m14108422 f18269 r390597052 p4000
 545110407=102247719+268083312+197588580 i134235973 u490074644 u0 t31.372
3803443 3470000 98 4 w1558396 r13581304 m14232782 f18283 r393183986 p4000
 546863450=102576365+268956547+198213619 i134650230 u491670369 u0 t31.771
3814317 3480000 98 4 w1567789 r13701492 m14355654 f18306 r395656302 p4000
 548616328=102905067+269822518+198845460 i135060443 u493268234 u0 t27.532
3825200 3490000 98 4 w1577461 r13821561 m14478264 f18324 r398045460 p4000
 550364699=103231208+270687065+199476077 i135471351 u494860603 u0 t31.073
3836062 3500000 98 4 w1587306 r13937460 m14596874 f18332 r400413100 p4000
 552038919=103542921+271516200+200079385 i135867830 u496382500 u0 t29.797
3847051 3510000 98 4 w1597111 r14053878 m14715799 f18342 r402712190 p4000
 553738833=103859970+272354792+200694844 i136264738 u497932421 u0 t31.062
3857981 3520000 98 4 w1607214 r14178976 m14843689 f18355 r405189234 p4000
 555533138=104195870+273249795+201333950 i136690295 u499564062 u0 t32.824
3868919 3530000 98 4 w1616409 r14306833 m14974414 f18367 r407822394 p4000
 557372661=104540051+274170956+201984926 i137123595 u501240135 u0 t32.098
3879700 3540000 98 4 w1627337 r14432524 m15102998 f18385 r410399126 p4000
 559174880=104876499+275068767+202628476 i137547011 u502882485 u0 t30.456
3890544 3550000 98 4 w1638840 r14564074 m15237936 f18414 r413214958 p4000
 561055077=105229291+276013658+203289337 i137986604 u504599784 u0 t33.789
3901420 3560000 98 4 w1648836 r14690247 m15366944 f18423 r415776417 p4000
 562858794=105565010+276912898+203933306 i138411223 u506242655 u0 t32.204
3912350 3570000 98 4 w1661660 r14819620 m15499354 f18433 r418384952 p4000
 564721760=105912497+277839367+204600662 i138845586 u507943232 u0 t33.258
3923255 3580000 98 4 w1671043 r14945553 m15627830 f18444 r420772203 p4000
 566536233=106252225+278740214+205250933 i139266017 u509601943 u0 t32.286
3934146 3590000 98 4 w1683046 r15076261 m15761486 f18459 r423419188 p4000
 568414549=106603188+279666112+205930557 i139701957 u511316770 u0 t33.595
3945058 3600000 98 4 w1692937 r15204811 m15893089 f18473 r426088844 p4000
 570254570=106948208+280576629+206591269 i140126716 u512999387 u0 t33.512
3955958 3610000 98 4 w1704155 r15338057 m16029441 f18494 r428743786 p4000
 572141867=107297481+281509367+207275346 i140567381 u514719513 u0 t35.098
3966817 3620000 98 4 w1714733 r15466108 m16160660 f18523 r431440090 p4000
 573970117=107641840+282420517+207926474 i140988231 u516392176 u0 t32.856
3977696 3630000 98 4 w1724892 r15595825 m16293341 f18532 r433990450 p4000
 575805448=107982976+283330153+208587374 i141416682 u518065934 u0 t33.156
3988551 3640000 98 4 w1737842 r15728547 m16428981 f18544 r436610075 p4000
 577705627=108334575+284265405+209279576 i141853909 u519803311 u0 t34.879
3999436 3650000 98 4 w1749313 r15861325 m16564920 f18556 r439293244 p4000
 579562654=108677005+285180148+209955784 i142291180 u521492025 u0 t35.626
4010266 3660000 98 4 w1760261 r15991383 m16697837 f18574 r441804151 p4000
 581403607=109018526+286095150+210616435 i142719080 u523173400 u0 t35.03
4021082 3670000 98 4 w1770968 r16121961 m16831444 f18590 r444367880 p4000
 583240993=109359018+287005077+211279585 i143148162 u524848856 u0 t33.526
4031936 3680000 98 4 w1782049 r16257118 m16969266 f18616 r446932698 p4000
 585155368=109713677+287951495+211971670 i143590438 u526598239 u0 t37.133
4042723 3690000 98 4 w1793058 r16392075 m17107283 f18632 r449579013 p4000
 587038338=110063444+288882903+212652051 i144030364 u528314275 u0 t36.526
4053582 3700000 98 4 w1803456 r16526856 m17244986 f18643 r452162865 p4000
 588932135=110417322+289824565+213331268 i144469463 u530043190 u0 t35.544
4064959 3710000 98 4 w1813876 r16659339 m17380124 f18655 r454623593 p4000
 590833836=110769103+290768846+214014935 i144902273 u531788613 u0 t33.998
4075764 3720000 98 4 w1824565 r16791406 m17515342 f18667 r457247548 p4000
 592687604=111114214+291684210+214686258 i145331380 u533482943 u0 t37.074
4086632 3730000 98 4 w1834242 r16920884 m17647617 f18682 r459725172 p4000
 594516201=111454579+292586097+215349182 i145755030 u535152982 u0 t33.03
4097561 3740000 98 4 w1845041 r17051400 m17780842 f18705 r462204492 p4000
 596344284=111792862+293482665+216017659 i146180267 u536819571 u0 t32.387
4108439 3750000 98 4 w1855359 r17184906 m17917641 f18720 r464878492 p4000
 598193673=112136711+294395739+216687720 i146614136 u538503252 u0 t32.395
4119319 3760000 98 4 w1865637 r17316159 m18051904 f18729 r467445057 p4000
 600031342=112478174+295302182+217354611 i147039989 u540181324 u0 t32.426
4130276 3770000 98 4 w1876932 r17441747 m18180418 f18739 r469895540 p4000
 601775420=112803457+296161714+217986977 i147444112 u541774333 u0 t31.469
4141183 3780000 98 4 w1887112 r17570672 m18311891 f18753 r472176718 p4000
 603575343=113140168+297048522+218638665 i147861103 u543418863 u0 t32.817
4152093 3790000 98 4 w1898078 r17698774 m18442698 f18771 r474580706 p4000
 605357888=113473027+297929805+219281395 i148272999 u545049050 u0 t32.314
4162989 3800000 98 4 w1907538 r17832991 m18579727 f18791 r477123670 p4000
 607225564=113819520+298845200+219964243 i148701533 u546757896 u0 t33.832
4173910 3810000 98 4 w1917751 r17963075 m18712891 f18814 r479704097 p4000
 609011404=114151393+299726941+220611152 i149118301 u548386089 u0 t33.616
4184895 3820000 98 4 w1927840 r18092784 m18845802 f18824 r482162484 p4000
 610800344=114485341+300612280+221255876 i149532532 u550021266 u0 t33.063
4195828 3830000 98 4 w1939230 r18219420 m18975489 f18835 r484620948 p4000
 612539294=114810261+301475332+221879618 i149933142 u551613327 u0 t32.367
4206739 3840000 98 4 w1949390 r18348153 m19107001 f18846 r487002899 p4000
 614314267=115140779+302354612+222518823 i150344026 u553235495 u0 t33.234
4217677 3850000 98 4 w1960194 r18475715 m19237425 f18860 r489464822 p4000
 616056393=115465149+303220049+223144048 i150749219 u554826278 u0 t33.247
4228607 3860000 98 4 w1969929 r18601319 m19365901 f18875 r491856544 p4000
 617780283=115785327+304072285+223767062 i151149317 u556400428 u0 t33.042
4239510 3870000 98 4 w1980194 r18725282 m19492532 f18899 r494142842 p4000
 619481410=116103114+304913123+224380691 i151545284 u557952964 u0 t31.9
4250423 3880000 98 4 w1989689 r18850284 m19620236 f18910 r496456598 p4000
 621184395=116420732+305757681+224992434 i151945099 u559504421 u0 t30.953
4261357 3890000 98 4 w1999893 r18972488 m19745390 f18919 r498774015 p4000
 622866150=116736173+306595185+225591185 i152331158 u561046312 u0 t29.925
4272391 3900000 98 4 w2010194 r19096208 m19871949 f18931 r501111833 p4000
 624582776=117063230+307431520+226220077 i152723797 u562617301 u0 t30.502
4283314 3910000 98 4 w2019913 r19221593 m20000223 f18944 r503465441 p4000
 626316809=117388789+308283692+226848748 i153124284 u564202100 u0 t31.3
4294200 3920000 98 4 w2030598 r19344502 m20125814 f18961 r505786741 p4000
 628000607=117704520+309113782+227457481 i153510438 u565744306 u0 t30.428
4305160 3930000 98 4 w2040698 r19468166 m20252563 f18977 r508176503 p4000
 629680550=118020474+309942049+228064086 i153899724 u567279230 u0 t30.921
4316083 3940000 98 4 w2050072 r19588865 m20375837 f18999 r510381352 p4000
 631336621=118335147+310758075+228660128 i154278780 u568797395 u0 t28.552
4326986 3950000 98 4 w2060792 r19717299 m20507408 f19010 r512886812 p4000
 633109752=118668577+311623477+229309206 i154682091 u570423190 u0 t32.209
4337955 3960000 98 4 w2070636 r19835056 m20627957 f19019 r515096399 p4000
 634733449=118976112+312418072+229899381 i155049274 u571914701 u0 t29.41
4348836 3970000 98 4 w2080804 r19954361 m20750005 f19032 r517290007 p4000
 636358243=119284193+313221032+230482160 i155423119 u573403379 u0 t29.781
4359757 3980000 98 4 w2091223 r20075860 m20874225 f19043 r519561835 p4000
 637990593=119592004+314032767+231064132 i155803960 u574894354 u0 t29.817
4370729 3990000 98 4 w2101301 r20196405 m20997939 f19057 r521888186 p4000
 639610609=119898014+314835811+231643448 i156175023 u576380205 u0 t29.282
4381681 4000000 98 4 w2111745 r20319143 m21123445 f19083 r524131887 p4000
 641248980=120207297+315649801+232227712 i156555345 u577878346 u0 t30.075
4392555 4010000 98 4 w2121552 r20440415 m21247604 f19103 r526417349 p4000
 642894024=120516993+316463410+232818933 i156931331 u579387220 u0 t30.742
4403440 4020000 98 4 w2132307 r20560207 m21370170 f19113 r528651663 p4000
 644498391=120818366+317255235+233397762 i157302910 u580853813 u0 t29.235
4414465 4030000 98 4 w2141064 r20678137 m21490720 f19122 r530830241 p4000
 646078541=121116959+318037773+233963291 i157668157 u582299711 u0 t30.124
4425446 4040000 98 4 w2151984 r20797495 m21613169 f19133 r533130148 p4000
 647667613=121417274+318827936+234528924 i158036374 u583754182 u0 t30.055
4436408 4050000 98 4 w2162532 r20918522 m21736856 f19147 r535281365 p4000
 649287197=121723231+319627528+235111860 i158410960 u585235353 u0 t31.112
4447331 4060000 98 4 w2173416 r21040221 m21861897 f19163 r537680648 p4000
 650889059=122025362+320424945+235681771 i158782111 u586701508 u0 t30.151
4458226 4070000 98 4 w2183202 r21160977 m21985324 f19186 r539895670 p4000
 652500798=122327951+321219556+236263716 i159151923 u588178384 u0 t29.955
4469117 4080000 98 4 w2193928 r21282401 m22109778 f19212 r542195070 p4000
 654117208=122634434+322021328+236842110 i159524327 u589658554 u0 t29.652
4480047 4090000 98 4 w2204295 r21406040 m22236500 f19221 r544549759 p4000
 655764591=122944187+322838288+237433004 i159907672 u591163852 u0 t34.289
4490942 4100000 98 4 w2216308 r21526880 m22360411 f19231 r546859565 p4000
 657357971=123245762+323625401+238004550 i160275783 u592621939 u0 t32.345
4501893 4110000 98 4 w2227780 r21644576 m22481306 f19242 r549161125 p4000
 658922197=123540591+324395058+238569568 i160634119 u594055316 u0 t35.677
4512866 4120000 98 4 w2237650 r21761587 m22601269 f19254 r551374480 p4000
 660479016=123835502+325163882+239128274 i160990382 u595483688 u0 t46.374
4523822 4130000 98 4 w2248826 r21880269 m22722773 f19270 r553537184 p4000
 662062225=124132870+325946746+239697200 i161351859 u596936684 u0 t48.132
4534728 4140000 98 4 w2260631 r22000571 m22846317 f19291 r555893613 p4000
 663638742=124430770+326729663+240259282 i161714638 u598381786 u0 t49.202
4545718 4150000 98 4 w2270109 r22117822 m22966876 f19318 r558182122 p4000
 665184559=124723431+327491058+240816346 i162066623 u599800709 u0 t39.821
4556635 4160000 98 4 w2281369 r22234176 m23085818 f19327 r560241809 p4000
 666724896=125014813+328249950+241371932 i162420201 u601211731 u0 t27.895
4567595 4170000 98 4 w2292370 r22348803 m23203421 f19337 r562409576 p4000
 668221876=125298920+328993448+241904696 i162766020 u602582685 u0 t28.247
4578516 4180000 98 4 w2303102 r22464113 m23321538 f19348 r564541367 p4000
 669748291=125588065+329746881+242452828 i163114193 u603983503 u0 t29.497
4589453 4190000 98 4 w2313724 r22583351 m23443804 f19362 r566849197 p4000
 671330200=125884464+330528880+243022357 i163472057 u605437863 u0 t29.963
4600387 4200000 98 4 w2323700 r22697589 m23560889 f19376 r568922461 p4000
 672841457=126170447+331272719+243567920 i163816321 u606824956 u0 t28.591
Total lines processed: 4200714
Block Count:17, 29983
Avg Block Count:5320
Avg Max Count:2716, 2344, 98
Block Count:36, 5568
Avg Block Count:107
Avg Max Count:230, 200, 70
Block Count:10512, 1212991
Avg Block Count:96
Avg Max Count:172, 141, 93
Level Count:3
Level Count:3
Level Count:4
4809144 5
2597763 5
Max word len: 98
Total words generated: 672937421
Words inserted 163838371
Words updated: 606913145
total_cache_requests:  0
total_cache_misses:  0
cache_flush_count:  1428
total_cache_requests:  0
total_cache_misses:  0
cache_flush_count:  266
total_cache_requests:  569080833
total_cache_misses:  23568634
cache_flush_count:  19377
