Csz: 10000, pgsz: 4096
File page count: 0
File page count: 0
File page count: 0
10988 10000 60 1 w0 r0 m0 f0 r0 p20
 1502009=280567+736357+547318 i721658 u998423 u0 t1.37
22023 20000 60 1 w0 r0 m0 f0 r0 p20
 2970299=556558+1459020+1077812 i1299209 u2102895 u0 t1.449
33024 30000 60 1 w0 r0 m0 f0 r0 p20
 4455591=837142+2190955+1612898 i1852391 u3251575 u0 t1.538
44043 40000 66 1 w0 r0 m0 f0 r0 p20
 6021768=1126498+2950354+2194339 i2403108 u4491603 u0 t1.651
55121 50000 66 1 w0 r0 m0 f0 r0 p20
 7457432=1399039+3657323+2711810 i2899495 u5640597 u0 t1.562
66115 60000 66 1 w0 r0 m0 f0 r0 p20
 8882525=1666288+4349737+3237298 i3372066 u6798479 u0 t1.57
77117 70000 66 1 w0 r0 m0 f0 r0 p20
 10323681=1938542+5063745+3753209 i3851018 u7971772 u0 t1.56
88102 80000 66 1 w0 r0 m0 f0 r0 p20
 11702242=2200826+5741136+4250267 i4299728 u9103082 u0 t1.528
99095 90000 66 1 w0 r0 m0 f0 r0 p20
 13139065=2468368+6445510+4774403 i4761616 u10286594 u0 t1.598
110113 100000 66 1 w0 r0 m0 f0 r0 p20
 14570300=2739305+7152735+5287868 i5211290 u11477401 u0 t1.611
121109 110000 66 1 w0 r0 m0 f0 r0 p20
 15981984=3006512+7851613+5792984 i5655730 u12651059 u0 t1.622
132028 120000 66 1 w0 r0 m0 f0 r0 p20
 17532484=3286822+8590277+6386159 i6106532 u13969042 u0 t1.712
142990 130000 66 1 w0 r0 m0 f0 r0 p20
 18986448=3562710+9311119+6905248 i6548879 u15193514 u0 t1.661
153925 140000 66 1 w0 r0 m0 f0 r0 p20
 20474477=3841729+10051396+7435263 i6999138 u16448960 u0 t1.809
164855 150000 66 1 w0 r0 m0 f0 r0 p20
 21982251=4126056+10796461+7976893 i7453888 u17721979 u0 t1.808
175812 160000 66 1 w0 r0 m0 f0 r0 p20
 23584909=4417148+11560934+8588302 i7914229 u19089936 u0 t1.869
186797 170000 66 1 w0 r0 m0 f0 r0 p20
 25060643=4694278+12291216+9118384 i8355287 u20340529 u0 t1.739
197847 180000 66 1 w0 r0 m0 f0 r0 p20
 26594805=4977567+13035840+9687961 i8800877 u21648837 u0 t1.793
208776 190000 66 1 w0 r0 m0 f0 r0 p20
 28107430=5261667+13783743+10232285 i9242517 u22940730 u0 t1.824
219728 200000 66 1 w0 r0 m0 f0 r0 p20
 29612928=5546285+14529981+10770299 i9679782 u24229836 u0 t1.84
230584 210000 66 1 w0 r0 m0 f0 r0 p20
 31176719=5839236+15302598+11333221 i10127173 u25573869 u0 t1.866
241548 220000 66 1 w0 r0 m0 f0 r0 p20
 32683216=6122373+16045650+11876729 i10560684 u26866454 u0 t1.8
252514 230000 66 1 w0 r0 m0 f0 r0 p20
 34281334=6415992+16823378+12467909 i11011556 u28242798 u0 t1.87
263483 240000 66 1 w0 r0 m0 f0 r0 p20
 35779646=6698842+17564571+13004988 i11440135 u29531606 u0 t1.865
274496 250000 66 1 w0 r0 m0 f0 r0 p20
 37310769=6986369+18323484+13553505 i11876641 u30849726 u0 t1.885
285461 260000 66 1 w0 r0 m0 f0 r0 p20
 38803051=7268863+19066410+14083606 i12299710 u32138128 u0 t1.828
296415 270000 66 1 w0 r0 m0 f0 r0 p20
 40291660=7548931+19800727+14620226 i12719617 u33423835 u0 t1.805
307437 280000 66 1 w0 r0 m0 f0 r0 p20
 41798390=7832680+20548382+15159093 i13142025 u34728685 u0 t1.86
318462 290000 66 1 w0 r0 m0 f0 r0 p20
 43400958=8135339+21341253+15733409 i13591134 u36116205 u0 t1.924
329483 300000 66 1 w0 r0 m0 f0 r0 p20
 45028067=8442234+22155263+16308545 i14053075 u37520931 u0 t1.98
340525 310000 66 1 w0 r0 m0 f0 r0 p20
 46615498=8738046+22934138+16886727 i14489506 u38901705 u0 t1.913
351480 320000 94 1 w0 r0 m0 f0 r0 p20
 48198444=9038935+23721499+17447383 i14924286 u40281191 u0 t1.908
362496 330000 94 1 w0 r0 m0 f0 r0 p20
 49733444=9330284+24482692+17993474 i15348084 u41617139 u0 t1.867
373551 340000 94 1 w0 r0 m0 f0 r0 p20
 51290420=9626097+25253246+18550462 i15776823 u42973431 u0 t1.916
384689 350000 94 1 w0 r0 m0 f0 r0 p20
 52863841=9922129+26021395+19125405 i16211252 u44340451 u0 t1.937
395874 360000 94 2 w0 r0 m0 f0 r0 p20
 54481113=10221859+26805577+19724920 i16660661 u45740178 u0 t2.192
406862 370000 94 2 w0 r0 m0 f0 r0 p20
 56127737=10531055+27599843+20335875 i17116220 u47167399 u0 t2.516
417894 380000 94 2 w0 r0 m0 f0 r0 p20
 57710652=10827571+28373736+20913921 i17559610 u48536075 u0 t2.45
428912 390000 94 2 w0 r0 m0 f0 r0 p20
 59267668=11118998+29134387+21483671 i17993557 u49884204 u0 t2.44
439874 400000 94 2 w0 r0 m0 f0 r0 p20
 60798949=11403897+29878773+22048738 i18414649 u51214656 u0 t2.384
450859 410000 94 2 w21 r0 m0 f1 r0 p20
 62344803=11692810+30638301+22610561 i18847429 u52552183 u0 t2.512
461847 420000 94 2 w21 r0 m0 f1 r0 p20
 63844431=11974358+31373784+23155226 i19265680 u53851200 u0 t2.408
472807 430000 94 2 w46 r0 m0 f2 r0 p20
 65437780=12274970+32155539+23733015 i19707939 u55233648 u0 t2.561
483790 440000 94 2 w46 r0 m0 f2 r0 p20
 67045767=12575174+32948774+24314528 i20159226 u56624546 u0 t2.573
494708 450000 94 2 w46 r0 m0 f2 r0 p20
 68699472=12883619+33764275+24912530 i20620417 u58057412 u0 t2.618
505590 460000 94 2 w70 r0 m0 f3 r0 p20
 70351532=13192036+34579703+25508940 i21081678 u59489052 u0 t2.657
516566 470000 94 2 w70 r0 m0 f3 r0 p20
 71990802=13497983+35383004+26106829 i21536371 u60910334 u0 t2.6
527520 480000 94 2 w70 r0 m0 f3 r0 p20
 73645399=13806248+36198720+26705964 i21999358 u62342090 u0 t2.626
538466 490000 94 2 w91 r0 m0 f4 r0 p20
 75322036=14118226+37019796+27319560 i22463525 u63796695 u0 t2.729
549399 500000 94 2 w91 r0 m0 f4 r0 p20
 77023425=14443739+37852951+27939452 i22937174 u65270727 u0 t3.008
560288 510000 94 2 w112 r0 m0 f5 r0 p20
 78683779=14754211+38673947+28537979 i23396316 u66713777 u0 t2.674
571192 520000 94 2 w112 r0 m0 f5 r0 p20
 80352712=15063905+39495351+29144443 i23859829 u68160957 u0 t2.656
582148 530000 94 2 w133 r0 m0 f6 r0 p20
 82036336=15378372+40322769+29756566 i24325778 u69623022 u0 t2.719
593039 540000 94 2 w133 r0 m0 f6 r0 p20
 83771290=15699382+41171815+30392891 i24798329 u71135589 u0 t2.822
604123 550000 94 2 w133 r0 m0 f6 r0 p20
 85292841=15985696+41911091+30952926 i25212488 u72462709 u0 t2.386
615220 560000 94 2 w133 r0 m0 f6 r0 p20
 86578406=16228956+42541143+31420369 i25559970 u73587979 u0 t2.069
626410 570000 94 2 w133 r0 m0 f6 r0 p20
 87844101=16466215+43152805+31889826 i25899482 u74696368 u0 t2.005
637646 580000 94 2 w156 r0 m0 f7 r0 p20
 89076810=16700413+43755344+32338702 i26229608 u75778360 u0 t1.963
648847 590000 94 2 w156 r0 m0 f7 r0 p20
 90374030=16941574+44376422+32827115 i26561562 u76928119 u0 t1.998
660023 600000 94 2 w156 r0 m0 f7 r0 p20
 91532382=17161983+44938682+33251932 i26869854 u77946317 u0 t1.868
671169 610000 94 2 w178 r0 m0 f8 r0 p20
 92677881=17380618+45496976+33670550 i27173754 u78954586 u0 t1.869
682330 620000 94 2 w178 r0 m0 f8 r0 p20
 93822077=17600425+46050280+34090645 i27474223 u79963932 u0 t1.845
693457 630000 94 2 w201 r0 m0 f9 r0 p20
 95055697=17831544+46649550+34545330 i27792427 u81057246 u0 t1.984
704731 640000 94 2 w201 r0 m0 f9 r0 p20
 96294487=18063003+47246521+35007532 i28112635 u82153519 u0 t2.038
715916 650000 94 2 w201 r0 m0 f9 r0 p20
 97439920=18281492+47802828+35427035 i28412777 u83165390 u0 t1.905
727122 660000 94 2 w201 r0 m0 f9 r0 p20
 98670868=18515586+48399959+35879326 i28732181 u84255276 u0 t2.038
738273 670000 94 2 w201 r0 m0 f9 r0 p20
 99875743=18744879+48985343+36321344 i29045523 u85322215 u0 t2.022
749495 680000 94 2 w224 r0 m0 f10 r0 p20
 101042383=18969139+49551143+36748337 i29345096 u86359319 u0 t1.928
760693 690000 94 2 w224 r0 m0 f10 r0 p20
 102254980=19199662+50136770+37196455 i29661262 u87431077 u0 t2.037
771972 700000 94 2 w224 r0 m0 f10 r0 p20
 103465720=19428892+50723315+37642786 i29978396 u88500164 u0 t2.056
783287 710000 94 2 w246 r0 m0 f11 r0 p20
 104639900=19653350+51296043+38070532 i30285308 u89538539 u0 t2.05
794503 720000 94 2 w246 r0 m0 f11 r0 p20
 105795637=19874772+51860524+38490375 i30587696 u90560543 u0 t2.009
805629 730000 94 2 w268 r0 m0 f12 r0 p20
 107012879=20104345+52440052+38949652 i30904419 u91634816 u0 t2.067
816809 740000 94 2 w268 r0 m0 f12 r0 p20
 108170750=20322040+52988329+39390324 i31199879 u92661130 u0 t1.979
827890 750000 94 2 w291 r0 m0 f13 r0 p20
 109346023=20541989+53535547+39846975 i31492836 u93707993 u0 t1.998
839058 760000 94 2 w312 r0 m0 f14 r0 p20
 110457274=20754203+54068761+40260181 i31776096 u94696251 u0 t1.926
850231 770000 94 3 w343 r0 m0 f15 r0 p20
 111644530=20977813+54640699+40701567 i32081909 u95748341 u0 t2.094
861324 780000 94 3 w343 r0 m0 f15 r0 p20
 112756712=21190675+55177904+41111668 i32372280 u96731238 u0 t2.03
872344 790000 94 3 w343 r0 m0 f15 r0 p20
 113901230=21409743+55727856+41536166 i32663928 u97749698 u0 t2.047
883522 800000 94 3 w343 r0 m0 f15 r0 p20
 115052446=21630279+56283615+41960828 i32958401 u98773270 u0 t2.088
894714 810000 94 3 w343 r0 m0 f15 r0 p20
 116160183=21843397+56812897+42374928 i33244284 u99754728 u0 t2.014
905844 820000 94 3 w369 r0 m0 f16 r0 p20
 117283223=22058021+57355645+42788962 i33531753 u100752775 u0 t2.103
916882 830000 94 3 w394 r0 m0 f17 r0 p20
 118549967=22298052+57962861+43262652 i33860907 u101871898 u0 t2.263
927964 840000 94 3 w394 r0 m0 f17 r0 p20
 119743936=22526809+58544733+43697164 i34176824 u102924250 u0 t2.25
939033 850000 94 3 w417 r0 m0 f18 r0 p20
 121004026=22765154+59154770+44162145 i34509232 u104034026 u0 t2.314
950128 860000 94 3 w417 r0 m0 f18 r0 p20
 122238911=23000263+59758465+44610481 i34838196 u105119834 u0 t2.32
961260 870000 94 3 w442 r0 m0 f19 r0 p20
 123458245=23233306+60350981+45056196 i35161045 u106193236 u0 t2.244
972424 880000 94 3 w442 r0 m0 f19 r0 p20
 124673076=23464513+60935225+45507237 i35482080 u107261947 u0 t2.269
983571 890000 94 3 w464 r0 m0 f20 r0 p20
 125884344=23693920+61524697+45951042 i35805070 u108325597 u0 t2.244
994789 900000 94 3 w464 r0 m0 f20 r0 p20
 127057734=23916914+62089299+46386563 i36108789 u109364525 u0 t2.095
1005944 910000 94 3 w464 r0 m0 f20 r0 p20
 128303145=24152135+62684289+46852631 i36417170 u110479801 u0 t2.148
1017100 920000 94 3 w464 r0 m0 f20 r0 p20
 129430532=24368313+63227679+47268900 i36709395 u111478268 u0 t2.022
1028294 930000 94 3 w487 r0 m0 f21 r0 p20
 130528677=24578028+63757612+47674284 i36994082 u112450672 u0 t1.985
1039422 940000 94 3 w487 r0 m0 f21 r0 p20
 131687827=24798360+64320403+48099629 i37296688 u113475345 u0 t2.114
1050473 950000 94 3 w511 r0 m0 f22 r0 p20
 132854633=25020472+64887893+48525919 i37596790 u114511469 u0 t2.103
1061568 960000 94 3 w511 r0 m0 f22 r0 p20
 134043070=25250333+65467521+48956681 i37897307 u115573762 u0 t2.137
1072599 970000 94 3 w535 r0 m0 f23 r0 p20
 135291847=25485760+66067542+49422293 i38212955 u116685918 u0 t2.324
1083733 980000 94 3 w535 r0 m0 f23 r0 p20
 136399100=25701026+66611278+49818919 i38496818 u117672321 u0 t2.169
1094785 990000 94 3 w535 r0 m0 f23 r0 p20
 137519050=25917257+67155540+50227043 i38787397 u118665145 u0 t2.514
1105876 1000000 94 3 w535 r0 m0 f23 r0 p20
 138665713=26137695+67717784+50640862 i39085561 u119682031 u0 t2.06
1117034 1010000 94 3 w558 r0 m0 f24 r0 p20
 139787403=26354448+68264708+51048328 i39377376 u120675585 u0 t2.007
1128112 1020000 94 3 w579 r0 m0 f25 r0 p20
 140921791=26573668+68822755+51454807 i39674806 u121679582 u0 t2.062
1139060 1030000 94 3 w579 r0 m0 f25 r0 p20
 142169262=26814500+69435817+51902697 i40006874 u122778154 u0 t2.249
1150007 1040000 94 3 w579 r0 m0 f25 r0 p20
 143561529=27079998+70114418+52410413 i40376209 u124003022 u0 t2.483
1160894 1050000 94 3 w602 r0 m0 f26 r0 p20
 144998334=27351326+70820475+52930359 i40762608 u125262768 u0 t2.598
1171814 1060000 94 3 w628 r0 m0 f27 r0 p20
 146379096=27613815+71499763+53428048 i41133982 u126473724 u0 t2.5
1182789 1070000 94 3 w628 r0 m0 f27 r0 p20
 147771413=27879098+72187374+53926681 i41509010 u127695136 u0 t2.52
1193726 1080000 94 3 w650 r0 m0 f28 r0 p20
 149134067=28139227+72857138+54417549 i41873287 u128892656 u0 t2.451
1204582 1090000 94 3 w676 r0 m0 f29 r0 p20
 150558189=28410800+73563244+54924922 i42257111 u130142031 u0 t2.576
1215452 1100000 94 3 w699 r0 m0 f30 r0 p20
 152005113=28686816+74275924+55445128 i42640111 u131417022 u0 t2.615
1226363 1110000 94 3 w724 r0 m0 f31 r0 p20
 153500823=28969235+75014161+55983169 i43040125 u132731416 u0 t2.69
1237247 1120000 94 3 w750 r0 m0 f32 r0 p20
 154937436=29243149+75724625+56496704 i43419266 u133999337 u0 t2.823
1248176 1130000 94 3 w775 r0 m0 f33 r0 p20
 156402735=29522272+76447278+57022338 i43809317 u135289044 u0 t2.702
1259068 1140000 94 3 w799 r0 m0 f34 r0 p20
 157861130=29797985+77168674+57545265 i44200032 u136569921 u0 t2.666
1269968 1150000 94 3 w822 r0 m0 f35 r0 p20
 159329507=30076803+77900612+58066164 i44592992 u137861084 u0 t2.689
1280888 1160000 94 3 w847 r0 m0 f36 r0 p20
 160787360=30353505+78624948+58585504 i44986260 u139139506 u0 t3.02
1291754 1170000 94 3 w894 r0 m0 f38 r0 p20
 162257086=30632524+79353396+59110035 i45380683 u140430550 u0 t2.766
1302652 1180000 94 3 w916 r0 m0 f39 r0 p20
 163740225=30914948+80088433+59638609 i45774724 u141737851 u0 t2.779
1313613 1190000 94 3 w962 r0 m0 f41 r0 p20
 165222365=31196415+80824289+60167001 i46170298 u143042145 u0 t2.793
1324596 1200000 94 3 w985 r0 m0 f42 r0 p20
 166705142=31477697+81562307+60693492 i46565486 u144347947 u0 t2.783
1335456 1210000 94 3 w1012 r0 m0 f43 r0 p20
 168224635=31765451+82316176+61235830 i46973188 u145682639 u0 t2.872
1346441 1220000 94 3 w1077 r0 m0 f46 r0 p20
 169783151=32059976+83084342+61797326 i47383362 u147058266 u0 t2.968
1357399 1230000 94 3 w1077 r0 m0 f46 r0 p20
 171340127=32353047+83856368+62354089 i47796996 u148429390 u0 t2.955
1368385 1240000 94 3 w1125 r0 m0 f48 r0 p20
 172947613=32655799+84649796+62933488 i48223276 u149844978 u0 t3.118
1379469 1250000 94 3 w1152 r0 m0 f49 r0 p20
 174578358=32960715+85458237+63518400 i48659467 u151277376 u0 t3.392
1390543 1260000 94 3 w1208 r0 m0 f51 r0 p20
 176216496=33265768+86260659+64117377 i49091665 u152719915 u0 t3.136
1401635 1270000 94 3 w1254 r0 m0 f53 r0 p20
 177844400=33572064+87068311+64699573 i49527539 u154150335 u0 t3.193
1412662 1280000 94 3 w1277 r0 m0 f54 r0 p20
 179448464=33876559+87868585+65267070 i49959064 u155559303 u0 t3.365
1423732 1290000 94 3 w1299 r0 m0 f55 r0 p20
 181048818=34176735+88658077+65844470 i50387611 u156964612 u0 t3.087
1434749 1300000 94 3 w1348 r0 m0 f57 r0 p20
 182708017=34486060+89473649+66447223 i50830142 u158422086 u0 t3.153
1445738 1310000 94 3 w1397 r0 m0 f59 r0 p20
 184393707=34802515+90300279+67060585 i51284568 u159897920 u0 t3.295
1456743 1320000 94 3 w1446 r0 m0 f61 r0 p20
 186070233=35117420+91124338+67668658 i51734335 u161368418 u0 t3.226
1467716 1330000 94 3 w1490 r0 m0 f63 r0 p20
 187826318=35446440+91987570+68306202 i52202868 u162910925 u0 t3.396
1478847 1340000 94 3 w1517 r0 m0 f64 r0 p20
 189576204=35770547+92843092+68948286 i52672853 u164443337 u0 t3.342
1489858 1350000 94 3 w1570 r0 m0 f66 r0 p20
 191293706=36091274+93689714+69570365 i53137521 u165945927 u0 t3.318
1500812 1360000 94 3 w1594 r0 m0 f67 r0 p20
 192945491=36397576+94496222+70177412 i53581765 u167392268 u0 t3.179
1511816 1370000 94 3 w1615 r0 m0 f68 r0 p20
 194629037=36712329+95326971+70785495 i54033751 u168869215 u0 t3.258
1522795 1380000 94 3 w1641 r0 m0 f69 r0 p20
 196261107=37016280+96132860+71375071 i54474563 u170297679 u0 t3.151
1533703 1390000 94 3 w1694 r0 m0 f71 r0 p20
 197916580=37324592+96947275+71976458 i54925628 u171742511 u0 t3.231
1544569 1400000 94 3 w1751 r0 m0 f73 r0 p20
 199559259=37633478+97759355+72566898 i55366681 u173184170 u0 t3.213
1555499 1410000 94 3 w1773 r0 m0 f74 r0 p20
 201315494=37961628+98624605+73202706 i55837766 u174724263 u0 t3.484
1566395 1420000 94 3 w1839 r0 m0 f77 r0 p20
 203040851=38283744+99480615+73821800 i56300486 u176238732 u0 t3.433
1577238 1430000 94 3 w1883 r0 m0 f79 r0 p20
 204769957=38606559+100338547+74442479 i56764392 u177755888 u0 t3.478
1588118 1440000 98 3 w1948 r0 m0 f82 r0 p20
 206501964=38930451+101195825+75064964 i57231757 u179272824 u0 t3.462
1598949 1450000 98 3 w2035 r0 m0 f86 r0 p20
 208268958=39258963+102068645+75703593 i57705949 u180822624 u0 t3.549
1609797 1460000 98 3 w2102 r0 m0 f89 r0 p20
 210044947=39588611+102945770+76346406 i58178642 u182383443 u0 t3.486
1620630 1470000 98 3 w2145 r0 m0 f91 r0 p20
 211794585=39917933+103814704+76971470 i58644627 u183922507 u0 t3.513
1631477 1480000 98 3 w2230 r0 m0 f95 r0 p20
 213544045=40245037+104679189+77602221 i59112036 u185458779 u0 t3.48
1642373 1490000 98 3 w2357 r0 m0 f101 r0 p20
 215341282=40581295+105569208+78248299 i59589945 u187039927 u0 t3.57
1653233 1500000 98 3 w2423 r0 m0 f104 r0 p20
 217140861=40916401+106459891+78897104 i60067956 u188623476 u0 t3.589
1664130 1510000 98 3 w2511 r0 m0 f108 r0 p20
 218918863=41246819+107335188+79542979 i60537684 u190189261 u0 t3.554
1675034 1520000 98 3 w2555 r0 m0 f110 r0 p20
 220707784=41578832+108217124+80191733 i61010471 u191764865 u0 t3.571
1685958 1530000 98 3 w2641 r0 m0 f114 r0 p20
 222527080=41916354+109112653+80853015 i61492427 u193365947 u0 t3.596
1696847 1540000 98 3 w2706 r0 m0 f117 r0 p20
 224315178=42247473+109988212+81508049 i61966023 u194938273 u0 t3.557
1707676 1550000 98 3 w2774 r0 m0 f120 r0 p20
 226145550=42585444+110889061+82174592 i62453073 u196546152 u0 t3.757
1718573 1560000 98 3 w2838 r0 m0 f123 r0 p20
 227977335=42923424+111787999+82844857 i62938399 u198156428 u0 t3.69
1729487 1570000 98 3 w2946 r0 m0 f128 r0 p20
 229753615=43251320+112659502+83494703 i63406816 u199720732 u0 t3.54
1740347 1580000 98 3 w3012 r0 m0 f131 r0 p20
 231553104=43584046+113540125+84154536 i63881078 u201305435 u0 t3.551
1751207 1590000 98 3 w3106 r0 m0 f135 r0 p20
 233379940=43922520+114439161+84819335 i64363944 u202913299 u0 t3.609
1762023 1600000 98 3 w3214 r0 m0 f140 r0 p20
 235155843=44253361+115316780+85460372 i64834117 u204477040 u0 t3.535
1772878 1610000 98 3 w3320 r0 m0 f145 r0 p20
 236929770=44581602+116184385+86111454 i65302675 u206038419 u0 t3.531
1783723 1620000 98 3 w3428 r0 m0 f150 r0 p20
 238688807=44908360+117054935+86745918 i65767879 u207587756 u0 t3.536
1794607 1630000 98 3 w3513 r0 m0 f154 r0 p20
 240464479=45236722+117925167+87395629 i66239223 u209147891 u0 t3.583
1805498 1640000 98 3 w3597 r0 m0 f158 r0 p20
 242254153=45568300+118810419+88042816 i66712438 u210724239 u0 t3.699
1816421 1650000 98 3 w3723 r0 m0 f164 r0 p20
 244050465=45899876+119697682+88694298 i67190782 u212302350 u0 t3.608
1827273 1660000 98 3 w3828 r0 m0 f169 r0 p20
 245854599=46234183+120581771+89354321 i67667543 u213889973 u0 t3.6
1838160 1670000 98 3 w4002 r0 m0 f177 r0 p20
 247658504=46569017+121468086+90011465 i68146529 u215475638 u0 t3.602
1849005 1680000 98 3 w4134 r0 m0 f183 r0 p20
 249430278=46895842+122335533+90661291 i68612654 u217036996 u0 t3.515
1859879 1690000 98 3 w4327 r0 m0 f192 r0 p20
 251131279=47212315+123178813+91272934 i69062874 u218535591 u0 t3.47
1870739 1700000 98 3 w4478 r0 m0 f199 r0 p20
 252891045=47539369+124052324+91905247 i69527673 u220086896 u0 t3.549
1881698 1710000 98 3 w4585 r0 m0 f204 r0 p20
 254580511=47855132+124886720+92515242 i69972273 u221577631 u0 t3.428
1892578 1720000 98 3 w4754 r0 m0 f212 r0 p20
 256293646=48175630+125733252+93133036 i70422188 u223090539 u0 t3.476
1903425 1730000 98 3 w4884 r0 m0 f218 r0 p20
 258022915=48497011+126587322+93759138 i70878052 u224615555 u0 t3.512
1914319 1740000 98 3 w5089 r0 m0 f227 r0 p20
 259815209=48830592+127465985+94414637 i71349039 u226195544 u0 t3.655
1925121 1750000 98 3 w5199 r0 m0 f232 r0 p20
 261541348=49152781+128320704+95035878 i71804831 u227717679 u0 t3.564
1936035 1760000 98 3 w5368 r0 m0 f239 r0 p20
 263330395=49486167+129206644+95680325 i72279867 u229292172 u0 t3.707
1946942 1770000 98 3 w5476 r0 m0 f244 r0 p20
 265050284=49805914+130048834+96309106 i72725184 u230815255 u0 t3.548
1957829 1780000 98 3 w5671 r0 m0 f253 r0 p20
 266753303=50124838+130892409+96920932 i73173718 u232318542 u0 t3.592
1968722 1790000 98 3 w5820 r0 m0 f260 r0 p20
 268493552=50448739+131746780+97555161 i73631842 u233852729 u0 t3.561
1979581 1800000 98 3 w5930 r0 m0 f265 r0 p20
 270164288=50760785+132567358+98163038 i74073110 u235324303 u0 t3.395
1990482 1810000 98 3 w6166 r0 m0 f276 r0 p20
 271830252=51072079+133383609+98770962 i74508169 u236796530 u0 t3.423
2001382 1820000 98 3 w6340 r0 m0 f284 r0 p20
 273492871=51381902+134197434+99378998 i74947087 u238260770 u0 t3.411
2012247 1830000 98 3 w6489 r0 m0 f291 r0 p20
 275187120=51698829+135031055+99993704 i75390502 u239757515 u0 t3.493
2023129 1840000 98 3 w6724 r0 m0 f302 r0 p20
 276861603=52011532+135854419+100601958 i75829203 u241236024 u0 t3.458
2034053 1850000 98 3 w6959 r0 m0 f313 r0 p20
 278586086=52334286+136703614+101226354 i76281730 u242758561 u0 t3.599
2044917 1860000 98 3 w7132 r0 m0 f321 r0 p20
 280251224=52646494+137526857+101826009 i76716754 u244231445 u0 t3.487
2055814 1870000 98 3 w7392 r0 m0 f333 r0 p20
 281924750=52958788+138352252+102431703 i77164316 u245700695 u0 t3.612
2066728 1880000 98 3 w7670 r0 m0 f346 r0 p20
 283579260=53268199+139169715+103028509 i77599308 u247161005 u0 t3.491
2077660 1890000 98 3 w7847 r0 m0 f354 r0 p20
 285237044=53579292+139988643+103625286 i78033821 u248625584 u0 t3.46
2088614 1900000 98 3 w8078 r0 m0 f365 r0 p20
 286912655=53892335+140810185+104236352 i78473236 u250103944 u0 t3.493
2099586 1910000 98 3 w8267 r0 m0 f374 r0 p20
 288616243=54209093+141647327+104856783 i78917821 u251609710 u0 t3.582
2110524 1920000 98 3 w8436 r0 m0 f382 r0 p20
 290241237=54514629+142446303+105445717 i79343989 u253044387 u0 t3.375
2121483 1930000 98 3 w8648 r0 m0 f392 r0 p20
 291923570=54829825+143276743+106052519 i79788241 u254527498 u0 t5.218
2132440 1940000 98 3 w8862 r0 m0 f402 r0 p20
 293565784=55136148+144083806+106649839 i80219166 u255976740 u0 t4.473
2143340 1950000 98 3 w9118 r0 m0 f414 r0 p20
 295239019=55448867+144906211+107257969 i80657369 u257454712 u0 t3.58
2154286 1960000 98 3 w9291 r0 m0 f422 r0 p20
 296860107=55753648+145703015+107845359 i81080829 u258888225 u0 t3.412
2165157 1970000 98 3 w9439 r0 m0 f429 r0 p20
 298412591=56044542+146464173+108410700 i81484802 u260261641 u0 t3.378
2176142 1980000 98 3 w9697 r0 m0 f441 r0 p20
 299979496=56338337+147235354+108978397 i81893518 u261647664 u0 t3.352
2187090 1990000 98 3 w9914 r0 m0 f451 r0 p20
 301618575=56644428+148044181+109570873 i82325733 u263092877 u0 t3.499
2198031 2000000 98 3 w10152 r0 m0 f462 r0 p20
 303185210=56938923+148817650+110135184 i82737270 u264476622 u0 t3.383
2208970 2010000 98 3 w10450 r0 m0 f476 r0 p20
 304752540=57232180+149587337+110705170 i83144224 u265864244 u0 t3.379
2219875 2020000 98 3 w10661 r0 m0 f486 r0 p20
 306334455=57532948+150371332+111270400 i83559194 u267262754 u0 t3.358
2230717 2030000 98 3 w10871 r0 m0 f496 r0 p20
 307845651=57817948+151122157+111809532 i83953928 u268600556 u0 t3.203
2241553 2040000 98 3 w11125 r0 m0 f508 r0 p20
 309373570=58105978+151881084+112355392 i84358155 u269947856 u0 t3.281
2252478 2050000 98 3 w11399 r0 m0 f521 r0 p20
 310917801=58397346+152645204+112909519 i84765130 u271311026 u0 t3.356
2263400 2060000 98 3 w11676 r0 m0 f534 r0 p20
 312460636=58688083+153405052+113466755 i85169679 u272674062 u0 t3.399
2274335 2070000 98 3 w11909 r0 m0 f545 r0 p20
 314006113=58979074+154169481+114021866 i85573016 u274042087 u0 t3.307
2285238 2080000 98 3 w12121 r0 m0 f555 r0 p20
 315479761=59257781+154893633+114554732 i85956686 u275347152 u0 t3.185
2296195 2090000 98 3 w12333 r0 m0 f565 r0 p20
 317001742=59547160+155648315+115097246 i86352570 u276696293 u0 t3.251
2307093 2100000 98 3 w12650 r0 m0 f580 r0 p20
 318548784=59841585+156419314+115645210 i86753987 u278069947 u0 t3.314
2317991 2110000 98 3 w12882 r0 m0 f591 r0 p20
 320065310=60129116+157167613+116190543 i87147374 u279414963 u0 t3.304
2328915 2120000 98 3 w13052 r0 m0 f599 r0 p20
 321540226=60409484+157900375+116714932 i87532655 u280721144 u0 t3.194
2339889 2130000 98 3 w13351 r0 m0 f613 r0 p20
 323065272=60697602+158658425+117258241 i87934317 u282068555 u0 t3.377
2350849 2140000 98 3 w13606 r0 m0 f625 r0 p20
 324569276=60981045+159406540+117794073 i88327781 u283399631 u0 t3.297
2361818 2150000 98 3 w13883 r0 m0 f638 r0 p20
 326046163=61261072+160142425+118317711 i88716486 u284705559 u0 t3.204
2372703 2160000 98 3 w14137 r0 m0 f650 r0 p20
 327582195=61550056+160900281+118871928 i89117004 u286064823 u0 t3.248
2383611 2170000 98 3 w14413 r0 m0 f663 r0 p20
 329020933=61822910+161615512+119384128 i89493294 u287338809 u0 t3.122
2394538 2180000 98 3 w14626 r0 m0 f673 r0 p20
 330471640=62098697+162341500+119894769 i89874796 u288622415 u0 t3.139
2405448 2190000 98 3 w14922 r0 m0 f687 r0 p20
 332047282=62396171+163128686+120452548 i90287668 u290017068 u0 t3.452
2416385 2200000 98 3 w15280 r0 m0 f704 r0 p20
 333572677=62685022+163886371+120996698 i90685948 u291367915 u0 t3.321
2427291 2210000 98 3 w15533 r0 m0 f716 r0 p20
 335055154=62966105+164620723+121527332 i91071352 u292682236 u0 t3.453
2438224 2220000 98 3 w15806 r0 m0 f729 r0 p20
 336562228=63251799+165373345+122060347 i91467073 u294015535 u0 t3.259
2449156 2230000 98 3 w16101 r0 m0 f743 r0 p20
 338098470=63544181+166137065+122607037 i91866847 u295377532 u0 t3.349
2460085 2240000 98 3 w16375 r0 m0 f756 r0 p20
 339674657=63843460+166921569+123166530 i92281288 u296770634 u0 t3.424
2471031 2250000 98 3 w16693 r0 m0 f771 r0 p20
 341328221=64154313+167736404+123763464 i92716511 u298229576 u0 t3.564
2481891 2260000 98 3 w17013 r0 m0 f786 r0 p20
 342920094=64455060+168519044+124339193 i93129375 u299639988 u0 t3.497
2492839 2270000 98 3 w17350 r0 m0 f802 r0 p20
 344524932=64756130+169308970+124920291 i93546442 u301061684 u0 t3.546
2503770 2280000 98 3 w17624 r0 m0 f815 r0 p20
 346165173=65065475+170120749+125508611 i93976609 u302511414 u0 t3.569
2514685 2290000 98 3 w17920 r0 m0 f829 r0 p20
 347777859=65367628+170914357+126092672 i94396674 u303939028 u0 t7.345
2525687 2300000 98 3 w18153 r0 m0 f840 r0 p20
 349430556=65676533+171726819+126692647 i94827171 u305400666 u0 t3.725
2536614 2310000 98 3 w18535 r0 m0 f858 r0 p20
 351071462=65982636+172534843+127287338 i95256484 u306850748 u0 t3.544
2547690 2320000 98 3 w18892 r0 m0 f875 r0 p20
 352775789=66300993+173374078+127904919 i95707116 u308351667 u0 t3.661
2558712 2330000 98 3 w19314 r0 m0 f895 r0 p20
 354479327=66619347+174214406+128520924 i96154385 u309855390 u0 t3.714
2569709 2340000 98 3 w19650 r0 m0 f911 r0 p20
 356119816=66929029+175032721+129102657 i96585812 u311305802 u0 t3.576
2580699 2350000 98 3 w19924 r0 m0 f924 r0 p20
 357866975=67253212+175889572+129740737 i97044501 u312847404 u0 t5.131
2591715 2360000 98 3 w20227 r0 m0 f938 r0 p20
 359567798=67570319+176725970+130359050 i97492077 u314347241 u0 t4.048
2602831 2370000 98 3 w20544 r0 m0 f953 r0 p20
 361333804=67899239+177596044+130999241 i97960707 u315901350 u0 t3.86
2613986 2380000 98 3 w20945 r0 m0 f972 r0 p20
 363142494=68230806+178475866+131670096 i98433171 u317497388 u0 t3.912
2624949 2390000 98 3 w21326 r0 m0 f990 r0 p20
 364958248=68564735+179361240+132340268 i98916187 u319091368 u0 t4.019
2635909 2400000 98 3 w21626 r0 m0 f1004 r0 p20
 366793742=68902584+180257977+133015990 i99406530 u320700487 u0 t3.974
2646913 2410000 98 3 w21966 r0 m0 f1020 r0 p20
 368547157=69226360+181113701+133662101 i99874356 u322238239 u0 t3.743
2657884 2420000 98 3 w22386 r0 m0 f1040 r0 p20
 370250743=69543018+181948977+134283775 i100322808 u323739786 u0 t3.71
2668918 2430000 98 3 w22707 r0 m0 f1055 r0 p20
 371945334=69856854+182774867+134907321 i100770871 u325230105 u0 t3.68
2679809 2440000 98 3 w23009 r0 m0 f1069 r0 p20
 373593593=70165486+183587194+135502816 i101214946 u326673746 u0 t3.625
2690746 2450000 98 3 w23395 r0 m0 f1087 r0 p20
 375264732=70476391+184414187+136105363 i101659744 u328143082 u0 t3.679
2701594 2460000 98 3 w23779 r0 m0 f1105 r0 p20
 377026942=70804695+185280946+136745118 i102126103 u329694371 u0 t3.866
2712475 2470000 98 3 w24140 r0 m0 f1122 r0 p20
 378737275=71123412+186129022+137359567 i102580107 u331199914 u0 t3.785
2723357 2480000 98 3 w24623 r0 m0 f1145 r0 p20
 380487328=71448458+186993347+137992245 i103038722 u332745666 u0 t3.871
2734166 2490000 98 3 w24986 r0 m0 f1162 r0 p20
 382198024=71767925+187837149+138610940 i103490670 u334253141 u0 t3.781
2745023 2500000 98 3 w25413 r0 m0 f1182 r0 p20
 383959910=72094368+188705051+139251002 i103953404 u335807929 u0 t3.982
2755880 2510000 98 3 w25862 r0 m0 f1203 r0 p20
 385703183=72418174+189565646+139881674 i104415393 u337342391 u0 t3.958
2766772 2520000 98 3 w26228 r0 m0 f1220 r0 p20
 387463931=72744988+190431472+140522086 i104880947 u338893063 u0 t4.188
2777605 2530000 98 3 w26713 r0 m0 f1243 r0 p20
 389210244=73071112+191290844+141155276 i105338288 u340435514 u0 t3.867
2788466 2540000 98 3 w27098 r0 m0 f1261 r0 p20
 390993925=73405001+192169511+141801295 i105807159 u342008838 u0 t5.08
2799329 2550000 98 3 w27521 r0 m0 f1281 r0 p20
 392854436=73747080+193084041+142481179 i106295572 u343649444 u0 t4.41
2810193 2560000 98 3 w27795 r0 m0 f1294 r0 p20
 394586175=74069906+193939383+143107047 i106758202 u345170053 u0 t4.34
2821115 2570000 98 3 w28177 r0 m0 f1312 r0 p20
 396373854=74400331+194815983+143761024 i107229101 u346744580 u0 t4.795
2832025 2580000 98 3 w28585 r0 m0 f1331 r0 p20
 398201283=74740010+195716692+144423960 i107712290 u348353886 u0 t5.875
2842894 2590000 98 3 w28925 r0 m0 f1347 r0 p20
 399960875=75065982+196579442+145067439 i108174037 u349906218 u0 t21.762
2853742 2600000 98 3 w29369 r0 m0 f1368 r0 p20
 401811634=75407233+197492344+145739777 i108661805 u351537253 u0 t5.615
2864632 2610000 98 3 w29791 r0 m0 f1388 r0 p20
 403667966=75750169+198409680+146411818 i109147250 u353177328 u0 t5.87
2875503 2620000 98 3 w30178 r0 m0 f1406 r0 p20
 405501187=76090975+199311909+147078283 i109628614 u354794999 u0 t8.928
2886360 2630000 98 3 w30581 r0 m0 f1425 r0 p20
 407318394=76428580+200209416+147736246 i110106094 u356398879 u0 t6.53
2897239 2640000 98 3 w31025 r0 m0 f1446 r0 p20
 409133084=76766405+201102314+148395438 i110581788 u358000448 u0 t6.729
2908079 2650000 98 3 w31467 r0 m0 f1467 r0 p20
 410998892=77114178+202021249+149071777 i111071906 u359646630 u0 t18.488
2919336 2660000 98 4 w31867 r0 m0 f1486 r0 p20
 412865095=77458535+202937691+149753790 i111552856 u361301135 u0 t7.147
2930193 2670000 98 4 w32375 r0 m0 f1510 r0 p20
 414758028=77807462+203871479+150441590 i112047556 u362973291 u0 t7.597
2941058 2680000 98 4 w32694 r0 m0 f1525 r0 p20
 416562298=78141604+204760082+151097021 i112522829 u364563445 u0 t15.029
2951948 2690000 98 4 w33135 r0 m0 f1546 r0 p20
 418394567=78482060+205663987+151760410 i113000366 u366184035 u0 t8.083
2962792 2700000 98 4 w33474 r0 m0 f1562 r0 p20
 420187245=78815085+206550897+152407374 i113471398 u367766249 u0 t8.39
2973731 2710000 98 4 w33810 r0 m0 f1578 r0 p20
 421964447=79147445+207422084+153055205 i113930935 u369340690 u0 t10.908
2984605 2720000 98 4 w34251 r0 m0 f1599 r0 p20
 423762171=79480129+208299528+153716891 i114393773 u370933811 u0 t8.986
2995574 2730000 98 4 w34671 r0 m0 f1619 r0 p20
 425541780=79809047+209170707+154369183 i114857620 u372505636 u0 t9.367
3006468 2740000 98 4 w35197 r0 m0 f1644 r0 p20
 427360559=80145053+210063381+155033678 i115333923 u374109907 u0 t12.058
3017345 2750000 98 4 w35557 r0 m0 f1661 r0 p20
 429112466=80471448+210929421+155665389 i115793104 u375657404 u0 t9.044
3028291 2760000 98 4 w36021 r0 m0 f1683 r0 p20
 430853628=80794053+211779723+156304391 i116251175 u377190994 u0 t12.312
3039192 2770000 98 4 w36361 r0 m0 f1699 r0 p20
 432538461=81107787+212604140+156920898 i116688203 u378681578 u0 t10.57
3050078 2780000 98 4 w36740 r0 m0 f1717 r0 p20
 434247277=81429031+213437682+157545343 i117130975 u380193682 u0 t11.411
3060975 2790000 98 4 w37204 r0 m0 f1739 r0 p20
 436026715=81761305+214309126+158194410 i117587908 u381772476 u0 t13.954
3071909 2800000 98 4 w37605 r0 m0 f1758 r0 p20
 437724222=82079132+215137533+158816103 i118024792 u383277416 u0 t12.183
3082762 2810000 98 4 w37941 r0 m0 f1774 r0 p20
 439502098=82407520+216004295+159471644 i118487304 u384847923 u0 t16.917
3093667 2820000 98 4 w38383 r0 m0 f1795 r0 p20
 441252475=82734828+216859883+160111731 i118941926 u386395424 u0 t12.938
3104606 2830000 98 4 w38785 r0 m0 f1814 r0 p20
 443006883=83060939+217716620+160755196 i119394523 u387949957 u0 t24.727
3115556 2840000 98 4 w39164 r0 m0 f1832 r0 p20
 444688481=83372733+218538469+161372236 i119829439 u389438921 u0 t12.811
3126447 2850000 98 4 w39543 r0 m0 f1850 r0 p20
 446373566=83687025+219365885+161985484 i120264697 u390932684 u0 t15.104
3137354 2860000 98 4 w39862 r0 m0 f1865 r0 p20
 448084410=84007360+220203015+162608631 i120703119 u392451823 u0 t13.319
3148306 2870000 98 4 w40221 r0 m0 f1882 r0 p20
 449709146=84311145+221001359+163198792 i121122844 u393892503 u0 t13.364
3159170 2880000 98 4 w40579 r0 m0 f1899 r0 p20
 451351882=84617909+221801999+163801990 i121546642 u395348098 u0 t15.678
3170031 2890000 98 4 w40962 r0 m0 f1917 r0 p20
 453013492=84929203+222613413+164410040 i121971746 u396824493 u0 t13.416
3180938 2900000 98 4 w41365 r0 m0 f1936 r0 p20
 454661681=85237778+223419314+165012236 i122394314 u398288270 u0 t21.206
3191816 2910000 98 4 w41810 r0 m0 f1957 r0 p20
 456350591=85550949+224239011+165637741 i122826232 u399787629 u0 t14.522
3202736 2920000 98 4 w42149 r0 m0 f1973 r0 p20
 458067183=85872730+225081734+166261324 i123270103 u401308690 u0 t22.063
3213588 2930000 98 4 w42593 r0 m0 f1994 r0 p20
 459765403=86191157+225911227+166882779 i123707817 u402813726 u0 t15.941
3224450 2940000 98 4 w43015 r0 m0 f2014 r0 p20
 461458958=86506014+226744049+167499073 i124149739 u404310196 u0 t15.771
3235384 2950000 98 4 w43457 r0 m0 f2035 r0 p20
 463116228=86815090+227563975+168096159 i124581788 u405776926 u0 t17.711
3246267 2960000 98 4 w43818 r0 m0 f2052 r0 p20
 464858603=87140346+228419120+168730537 i125034550 u407318662 u0 t16.608
3257218 2970000 98 4 w44220 r0 m0 f2071 r0 p20
 466613074=87466190+229282067+169368910 i125486000 u408875347 u0 t18.689
3268155 2980000 98 4 w44577 r0 m0 f2088 r0 p20
 468268376=87775619+230093744+169972379 i125914463 u410341414 u0 t16.17
3278993 2990000 98 4 w44955 r0 m0 f2106 r0 p20
 469969715=88091511+230926039+170595817 i126351860 u411850942 u0 t27.818
3289873 3000000 98 4 w45315 r0 m0 f2123 r0 p20
 471569970=88391941+231705539+171183343 i126758803 u413275433 u0 t15.987
3300770 3010000 98 4 w45631 r0 m0 f2138 r0 p20
 473233246=88702602+232525382+171785545 i127189936 u414749624 u0 t22.543
3311716 3020000 98 4 w46053 r0 m0 f2158 r0 p20
 474884704=89011906+233343669+172378776 i127621404 u416209952 u0 t18.899
3322684 3030000 98 4 w46389 r0 m0 f2174 r0 p20
 476508174=89314099+234142224+172968486 i128046104 u417644103 u0 t17.085
3333558 3040000 98 4 w46774 r0 m0 f2192 r0 p20
 478143366=89618548+234943979+173565228 i128468690 u419093627 u0 t18.909
3344467 3050000 98 4 w47091 r0 m0 f2207 r0 p20
 479740737=89918385+235729820+174143829 i128883492 u420508447 u0 t16.976
3355390 3060000 98 4 w47409 r0 m0 f2222 r0 p20
 481413586=90230624+236550329+174753692 i129315307 u421991781 u0 t19.732
3366284 3070000 98 4 w47706 r0 m0 f2236 r0 p20
 482988960=90526560+237328756+175320755 i129721826 u423390072 u0 t17.187
3377177 3080000 98 4 w48067 r0 m0 f2253 r0 p20
 484606407=90828041+238120588+175912435 i130138528 u424823832 u0 t18.745
3388055 3090000 98 4 w48427 r0 m0 f2270 r0 p20
 486152468=91119668+238885764+176466949 i130540407 u426193872 u0 t17.083
3398880 3100000 98 4 w48701 r0 m0 f2283 r0 p20
 487684763=91409430+239647791+177012102 i130941303 u427549864 u0 t19.107
3409787 3110000 98 4 w49042 r0 m0 f2299 r0 p20
 489223743=91698454+240408490+177565964 i131341065 u428913316 u0 t19.107
3420708 3120000 98 4 w49316 r0 m0 f2312 r0 p20
 490782966=91991874+241181846+178124362 i131745620 u430295933 u0 t18.405
3431637 3130000 98 4 w49589 r0 m0 f2325 r0 p20
 492372061=92290972+241966929+178696725 i132159704 u431702186 u0 t20.548
3442607 3140000 98 4 w49928 r0 m0 f2341 r0 p20
 493867479=92576410+242705734+179231864 i132545648 u433030246 u0 t18.115
3453456 3150000 98 4 w50333 r0 m0 f2360 r0 p20
 495418218=92870797+243475997+179783874 i132947532 u434406772 u0 t23.905
3464366 3160000 98 4 w50629 r0 m0 f2374 r0 p20
 496965936=93164715+244245389+180334199 i133349711 u435779090 u0 t26.862
3475266 3170000 98 4 w51009 r0 m0 f2392 r0 p20
 498503481=93454655+245005791+180885711 i133751351 u437139188 u0 t18.658
3486141 3180000 98 4 w51326 r0 m0 f2407 r0 p20
 499986498=93737190+245741376+181413852 i134134112 u438457352 u0 t20.25
3497008 3190000 98 4 w51663 r0 m0 f2423 r0 p20
 501529487=94026056+246498293+181975369 i134528896 u439829034 u0 t19.299
3507853 3200000 98 4 w52048 r0 m0 f2441 r0 p20
 503046559=94315835+247250150+182516197 i134917157 u441180041 u0 t20.711
3518683 3210000 98 4 w52305 r0 m0 f2453 r0 p20
 504564868=94603075+248002586+183059009 i135309583 u442528225 u0 t20.734
3529542 3220000 98 4 w52562 r0 m0 f2465 r0 p20
 506086306=94893153+248756525+183601588 i135704360 u443877888 u0 t19.363
3540480 3230000 98 4 w52904 r0 m0 f2481 r0 p20
 507573435=95176490+249498789+184127119 i136090730 u445197680 u0 t21.03
3551409 3240000 98 4 w53287 r0 m0 f2499 r0 p20
 509136904=95471887+250274207+184686052 i136496295 u446584948 u0 t20.507
3562370 3250000 98 4 w53527 r0 m0 f2510 r0 p20
 510633889=95756816+251017114+185219210 i136883835 u447913783 u0 t23.189
3573321 3260000 98 4 w53851 r0 m0 f2525 r0 p20
 512154031=96046348+251771059+185761190 i137277792 u449263128 u0 t20.359
3584317 3270000 98 4 w54095 r0 m0 f2536 r0 p20
 513711000=96340918+252547891+186312667 i137681368 u450645371 u0 t29.297
3595165 3280000 98 4 w54521 r0 m0 f2556 r0 p20
 515228612=96629800+253298990+186854771 i138072138 u451994701 u0 t24.486
3606131 3290000 98 4 w54821 r0 m0 f2570 r0 p20
 516787712=96926491+254070286+187412396 i138473103 u453381283 u0 t21.142
3617031 3300000 98 4 w55206 r0 m0 f2588 r0 p20
 518283261=97210191+254817319+187941237 i138861685 u454708622 u0 t22.108
3627996 3310000 98 4 w55358 r0 m0 f2595 r0 p20
 519803633=97499274+255577531+188477038 i139258877 u456055867 u0 t22.088
3638920 3320000 98 4 w55675 r0 m0 f2610 r0 p20
 521375389=97793280+256352278+189045476 i139665044 u457449767 u0 t21.346
3649881 3330000 98 4 w55889 r0 m0 f2620 r0 p20
 522880556=98076303+257096336+189586609 i140050192 u458789436 u0 t22.097
3660867 3340000 98 4 w56082 r0 m0 f2629 r0 p20
 524491379=98379942+257895171+190162867 i140467059 u460218889 u0 t28.221
3671820 3350000 98 4 w56340 r0 m0 f2641 r0 p20
 526041380=98675689+258665765+190712311 i140868366 u461595906 u0 t22.042
3682790 3360000 98 4 w56657 r0 m0 f2656 r0 p20
 527659222=98979781+259462353+191297318 i141282611 u463034734 u0 t28.018
3693808 3370000 98 4 w56931 r0 m0 f2669 r0 p20
 529325956=99293194+260282583+191900382 i141709206 u464516792 u0 t29.839
3704793 3380000 98 4 w57229 r0 m0 f2683 r0 p20
 530943069=99597886+261085257+192478358 i142128369 u465951784 u0 t29.564
3715703 3390000 98 4 w57505 r0 m0 f2696 r0 p20
 532641482=99915490+261923870+193091543 i142565227 u467460897 u0 t26.386
3726649 3400000 98 4 w57802 r0 m0 f2710 r0 p20
 534346388=100233856+262770855+193701866 i143004599 u468975767 u0 t25.651
3737635 3410000 98 4 w58119 r0 m0 f2725 r0 p20
 536134448=100568655+263669932+194329472 i143465961 u470565695 u0 t27.779
3748614 3420000 98 4 w58500 r0 m0 f2743 r0 p20
 537914058=100902015+264547436+194973273 i143921450 u472148942 u0 t27.681
3759597 3430000 98 4 w58843 r0 m0 f2759 r0 p20
 539732180=101243537+265443050+195631087 i144393108 u473759396 u0 t28.788
3770552 3440000 98 4 w59140 r0 m0 f2773 r0 p20
 541540317=101581938+266331153+196288296 i144861921 u475360936 u0 t28.671
3781517 3450000 98 4 w59415 r0 m0 f2786 r0 p20
 543336930=101916523+267210385+196945560 i145324815 u476954533 u0 t27.417
3792483 3460000 98 4 w59671 r0 m0 f2798 r0 p20
 545110407=102247719+268083312+197588580 i145794523 u478516094 u0 t25.574
3803443 3470000 98 4 w59948 r0 m0 f2811 r0 p20
 546863450=102576365+268956547+198213619 i146253869 u480066730 u0 t27.989
3814317 3480000 98 4 w60263 r0 m0 f2826 r0 p20
 548616328=102905067+269822518+198845460 i146709342 u481619335 u0 t29.045
3825200 3490000 98 4 w60582 r0 m0 f2841 r0 p20
 550364699=103231208+270687065+199476077 i147165186 u483166768 u0 t33.693
3836062 3500000 98 4 w60858 r0 m0 f2854 r0 p20
 552038919=103542921+271516200+200079385 i147604957 u484645373 u0 t29.911
3847051 3510000 98 4 w61238 r0 m0 f2872 r0 p20
 553738833=103859970+272354792+200694844 i148045711 u486151448 u0 t25.99
3857981 3520000 98 4 w61515 r0 m0 f2885 r0 p20
 555533138=104195870+273249795+201333950 i148517835 u487736522 u0 t28.893
3868919 3530000 98 4 w61753 r0 m0 f2896 r0 p20
 557372661=104540051+274170956+201984926 i148998323 u489365407 u0 t29.555
3879700 3540000 98 4 w62118 r0 m0 f2913 r0 p20
 559174880=104876499+275068767+202628476 i149468197 u490961299 u0 t28.939
3890544 3550000 98 4 w62416 r0 m0 f2927 r0 p20
 561055077=105229291+276013658+203289337 i149955408 u492630980 u0 t33.751
3901420 3560000 98 4 w62735 r0 m0 f2942 r0 p20
 562858794=105565010+276912898+203933306 i150426410 u494227468 u0 t38.541
3912350 3570000 98 4 w62995 r0 m0 f2954 r0 p20
 564721760=105912497+277839367+204600662 i150908031 u495880787 u0 t35.291
3923255 3580000 98 4 w63274 r0 m0 f2967 r0 p20
 566536233=106252225+278740214+205250933 i151373807 u497494153 u0 t30.633
3934146 3590000 98 4 w63553 r0 m0 f2980 r0 p20
 568414549=106603188+279666112+205930557 i151857208 u499161519 u0 t31.939
3945058 3600000 98 4 w63890 r0 m0 f2996 r0 p20
 570254570=106948208+280576629+206591269 i152328219 u500797884 u0 t30.716
3955958 3610000 98 4 w64214 r0 m0 f3011 r0 p20
 572141867=107297481+281509367+207275346 i152816376 u502470518 u0 t31.344
3966817 3620000 98 4 w64510 r0 m0 f3025 r0 p20
 573970117=107641840+282420517+207926474 i153283832 u504096575 u0 t29.997
3977696 3630000 98 4 w64873 r0 m0 f3042 r0 p20
 575805448=107982976+283330153+208587374 i153757964 u505724652 u0 t30.759
3988551 3640000 98 4 w65193 r0 m0 f3057 r0 p20
 577705627=108334575+284265405+209279576 i154242226 u507414994 u0 t31.256
3999436 3650000 98 4 w65468 r0 m0 f3070 r0 p20
 579562654=108677005+285180148+209955784 i154725105 u509058100 u0 t31.142
4010266 3660000 98 4 w65701 r0 m0 f3081 r0 p20
 581403607=109018526+286095150+210616435 i155198909 u510693571 u0 t29.187
4021082 3670000 98 4 w65982 r0 m0 f3094 r0 p20
 583240993=109359018+287005077+211279585 i155675088 u512321930 u0 t31.506
4031936 3680000 98 4 w66277 r0 m0 f3108 r0 p20
 585155368=109713677+287951495+211971670 i156164525 u514024152 u0 t37.968
4042723 3690000 98 4 w66598 r0 m0 f3123 r0 p20
 587038338=110063444+288882903+212652051 i156650904 u515693735 u0 t36.595
4053582 3700000 98 4 w66871 r0 m0 f3136 r0 p20
 588932135=110417322+289824565+213331268 i157136359 u517376294 u0 t33.278
4064959 3710000 98 4 w67082 r0 m0 f3146 r0 p20
 590833836=110769103+290768846+214014935 i157614521 u519076365 u0 t31.549
4075764 3720000 98 4 w67292 r0 m0 f3156 r0 p20
 592687604=111114214+291684210+214686258 i158089034 u520725289 u0 t31.487
4086632 3730000 98 4 w67609 r0 m0 f3171 r0 p20
 594516201=111454579+292586097+215349182 i158558045 u522349967 u0 t31.096
4097561 3740000 98 4 w67908 r0 m0 f3185 r0 p20
 596344284=111792862+293482665+216017659 i159027425 u523972413 u0 t32.379
4108439 3750000 98 4 w68121 r0 m0 f3195 r0 p20
 598193673=112136711+294395739+216687720 i159507514 u525609874 u0 t31.451
4119319 3760000 98 4 w68333 r0 m0 f3205 r0 p20
 600031342=112478174+295302182+217354611 i159977781 u527243532 u0 t31.396
4130276 3770000 98 4 w68503 r0 m0 f3213 r0 p20
 601775420=112803457+296161714+217986977 i160423942 u528794503 u0 t30.202
4141183 3780000 98 4 w68757 r0 m0 f3225 r0 p20
 603575343=113140168+297048522+218638665 i160885014 u530394952 u0 t34.376
4152093 3790000 98 4 w68971 r0 m0 f3235 r0 p20
 605357888=113473027+297929805+219281395 i161339978 u531982071 u0 t37.31
4162989 3800000 98 4 w69225 r0 m0 f3247 r0 p20
 607225564=113819520+298845200+219964243 i161813654 u533645775 u0 t34.105
4173910 3810000 98 4 w69500 r0 m0 f3260 r0 p20
 609011404=114151393+299726941+220611152 i162273170 u535231220 u0 t31.697
4184895 3820000 98 4 w69754 r0 m0 f3272 r0 p20
 610800344=114485341+300612280+221255876 i162731234 u536822564 u0 t31.796
4195828 3830000 98 4 w70008 r0 m0 f3284 r0 p20
 612539294=114810261+301475332+221879618 i163174845 u538371624 u0 t31.335
4206739 3840000 98 4 w70218 r0 m0 f3294 r0 p20
 614314267=115140779+302354612+222518823 i163628621 u539950900 u0 t31.709
4217677 3850000 98 4 w70407 r0 m0 f3303 r0 p20
 616056393=115465149+303220049+223144048 i164076665 u541498832 u0 t31.224
4228607 3860000 98 4 w70557 r0 m0 f3310 r0 p20
 617780283=115785327+304072285+223767062 i164518891 u543030854 u0 t36.912
4239510 3870000 98 4 w70773 r0 m0 f3320 r0 p20
 619481410=116103114+304913123+224380691 i164955223 u544543025 u0 t36.427
4250423 3880000 98 4 w70966 r0 m0 f3329 r0 p20
 621184395=116420732+305757681+224992434 i165396008 u546053512 u0 t32.057
4261357 3890000 98 4 w71201 r0 m0 f3340 r0 p20
 622866150=116736173+306595185+225591185 i165822092 u547555378 u0 t30.198
4272391 3900000 98 4 w71373 r0 m0 f3348 r0 p20
 624582776=117063230+307431520+226220077 i166254108 u549086990 u0 t34.471
4283314 3910000 98 4 w71562 r0 m0 f3357 r0 p20
 626316809=117388789+308283692+226848748 i166696290 u550630094 u0 t35.755
4294200 3920000 98 4 w71754 r0 m0 f3366 r0 p20
 628000607=117704520+309113782+227457481 i167122901 u552131843 u0 t29.231
4305160 3930000 98 4 w71944 r0 m0 f3375 r0 p20
 629680550=118020474+309942049+228064086 i167551168 u553627786 u0 t31.674
4316083 3940000 98 4 w72113 r0 m0 f3383 r0 p20
 631336621=118335147+310758075+228660128 i167969544 u555106631 u0 t29.992
4326986 3950000 98 4 w72323 r0 m0 f3393 r0 p20
 633109752=118668577+311623477+229309206 i168414741 u556690540 u0 t31.954
4337955 3960000 98 4 w72512 r0 m0 f3402 r0 p20
 634733449=118976112+312418072+229899381 i168820982 u558142993 u0 t30.13
4348836 3970000 98 4 w72638 r0 m0 f3408 r0 p20
 636358243=119284193+313221032+230482160 i169232862 u559593636 u0 t30.338
4359757 3980000 98 4 w72911 r0 m0 f3421 r0 p20
 637990593=119592004+314032767+231064132 i169652307 u561046007 u0 t30.595
4370729 3990000 98 4 w73100 r0 m0 f3430 r0 p20
 639610609=119898014+314835811+231643448 i170062261 u562492967 u0 t30.53
4381681 4000000 98 4 w73249 r0 m0 f3437 r0 p20
 641248980=120207297+315649801+232227712 i170481294 u563952397 u0 t31.31
4392555 4010000 98 4 w73376 r0 m0 f3443 r0 p20
 642894024=120516993+316463410+232818933 i170896948 u565421603 u0 t33.365
4403440 4020000 98 4 w73544 r0 m0 f3451 r0 p20
 644498391=120818366+317255235+233397762 i171306179 u566850544 u0 t36.602
4414465 4030000 98 4 w73756 r0 m0 f3461 r0 p20
 646078541=121116959+318037773+233963291 i171707715 u568260153 u0 t32.6
4425446 4040000 98 4 w73905 r0 m0 f3468 r0 p20
 647667613=121417274+318827936+234528924 i172112857 u569677699 u0 t29.965
4436408 4050000 98 4 w74141 r0 m0 f3479 r0 p20
 649287197=121723231+319627528+235111860 i172525364 u571120949 u0 t30.692
4447331 4060000 98 4 w74330 r0 m0 f3488 r0 p20
 650889059=122025362+320424945+235681771 i172934074 u572549545 u0 t37.027
4458226 4070000 98 4 w74478 r0 m0 f3495 r0 p20
 652500798=122327951+321219556+236263716 i173340993 u573989314 u0 t36.508
4469117 4080000 98 4 w74651 r0 m0 f3503 r0 p20
 654117208=122634434+322021328+236842110 i173750362 u575432519 u0 t30.483
4480047 4090000 98 4 w74738 r0 m0 f3507 r0 p20
 655764591=122944187+322838288+237433004 i174171396 u576900128 u0 t31.78
4490942 4100000 98 4 w74950 r0 m0 f3517 r0 p20
 657357971=123245762+323625401+238004550 i174575656 u578322066 u0 t30.552
4501893 4110000 98 4 w75121 r0 m0 f3525 r0 p20
 658922197=123540591+324395058+238569568 i174969654 u579719781 u0 t28.226
4512866 4120000 98 4 w75206 r0 m0 f3529 r0 p20
 660479016=123835502+325163882+239128274 i175361453 u581112617 u0 t29.952
4523822 4130000 98 4 w75374 r0 m0 f3537 r0 p20
 662062225=124132870+325946746+239697200 i175758537 u582530006 u0 t30.338
4534728 4140000 98 4 w75522 r0 m0 f3544 r0 p20
 663638742=124430770+326729663+240259282 i176157149 u583939275 u0 t30.335
4545718 4150000 98 4 w75696 r0 m0 f3552 r0 p20
 665184559=124723431+327491058+240816346 i176543720 u585323612 u0 t28.916
4556635 4160000 98 4 w75911 r0 m0 f3562 r0 p20
 666724896=125014813+328249950+241371932 i176931755 u586700177 u0 t29.167
4567595 4170000 98 4 w76020 r0 m0 f3567 r0 p20
 668221876=125298920+328993448+241904696 i177311295 u588037410 u0 t31.86
4578516 4180000 98 4 w76128 r0 m0 f3572 r0 p20
 669748291=125588065+329746881+242452828 i177693728 u589403968 u0 t35.58
4589453 4190000 98 4 w76303 r0 m0 f3580 r0 p20
 671330200=125884464+330528880+243022357 i178086720 u590823200 u0 t31.962
4600387 4200000 98 4 w76433 r0 m0 f3586 r0 p20
 672841457=126170447+331272719+243567920 i178464344 u592176933 u0 t28.616
4611320 4210000 98 4 w76563 r0 m0 f3592 r0 p20
 674271342=126443344+331986475+244072288 i178828270 u593453829 u0 t30.128
4622248 4220000 98 4 w76736 r0 m0 f3600 r0 p20
 675768866=126727194+332732126+244603872 i179207756 u594792296 u0 t28.29
4633106 4230000 98 4 w76872 r0 m0 f3606 r0 p20
 677254562=127008907+333473618+245129353 i179583797 u596121030 u0 t38.5
4644049 4240000 98 4 w77003 r0 m0 f3612 r0 p20
 678789682=127298808+334236870+245676237 i179973360 u597491730 u0 t33.722
4655040 4250000 98 4 w77111 r0 m0 f3617 r0 p20
 680281239=127580915+334976354+246209323 i180349472 u598826107 u0 t29.413
4665924 4260000 98 4 w77237 r0 m0 f3623 r0 p20
 681806476=127870163+335730918+246756120 i180731568 u600192326 u0 t30.129
4676832 4270000 98 4 w77389 r0 m0 f3630 r0 p20
 683292406=128154029+336468642+247284731 i181104674 u601523247 u0 t29.826
4687741 4280000 98 4 w77581 r0 m0 f3639 r0 p20
 684782466=128438396+337209726+247812683 i181478892 u602858669 u0 t30.421
4698685 4290000 98 4 w77688 r0 m0 f3644 r0 p20
 686230443=128714346+337929525+248326580 i181847676 u604150826 u0 t29.673
4709603 4300000 98 4 w77856 r0 m0 f3652 r0 p20
 687776961=129005595+338695464+248881419 i182234887 u605536369 u0 t31.001
4720503 4310000 98 4 w77940 r0 m0 f3656 r0 p20
 689305513=129294522+339455743+249425651 i182619654 u606904521 u0 t30.166
4731420 4320000 98 4 w78048 r0 m0 f3661 r0 p20
 690838489=129585490+340222210+249966865 i183009206 u608274020 u0 t30.893
4742321 4330000 98 4 w78135 r0 m0 f3665 r0 p20
 692372936=129875041+340985892+250512936 i183396787 u609645984 u0 t38.195
4753259 4340000 98 4 w78245 r0 m0 f3670 r0 p20
 693933983=130169722+341760275+251070905 i183791151 u611041133 u0 t37.824
4764201 4350000 98 4 w78372 r0 m0 f3676 r0 p20
 695518181=130470697+342563167+251617555 i184181930 u612469572 u0 t31.17
4775138 4360000 98 4 w78520 r0 m0 f3683 r0 p20
 697115979=130774356+343363045+252183206 i184579975 u613901862 u0 t31.562
4786096 4370000 98 4 w78628 r0 m0 f3688 r0 p20
 698712191=131077759+344159965+252749920 i184983402 u615326479 u0 t30.817
4797101 4380000 98 4 w78762 r0 m0 f3694 r0 p20
 700285140=131376883+344950401+253303084 i185378913 u616733629 u0 t31.21
4808087 4390000 98 4 w78854 r0 m0 f3698 r0 p20
 701923858=131688223+345766395+253887645 i185784055 u618204599 u0 t32.546
4819049 4400000 98 4 w78964 r0 m0 f3703 r0 p20
 703588559=132001060+346594542+254481226 i186201601 u619695536 u0 t38.857
4830048 4410000 98 4 w79097 r0 m0 f3709 r0 p20
 705237286=132313733+347422984+255062153 i186614893 u621171342 u0 t39.702
4841026 4420000 98 4 w79207 r0 m0 f3714 r0 p20
 706883855=132621553+348235639+255656998 i187026162 u622646471 u0 t33.863
4852001 4430000 98 4 w79277 r0 m0 f3717 r0 p20
 708503947=132926000+349038854+256238103 i187433806 u624095629 u0 t32.934
4862997 4440000 98 4 w79388 r0 m0 f3722 r0 p20
 710198147=133242922+349878475+256847265 i187856044 u625614242 u0 t33.887
4873904 4450000 98 4 w79514 r0 m0 f3728 r0 p20
 711861369=133556425+350703266+257442648 i188269779 u627107267 u0 t32.461
4884867 4460000 98 4 w79603 r0 m0 f3732 r0 p20
 713566497=133875142+351543457+258060404 i188695270 u628634644 u0 t46.776
4895781 4470000 98 4 w79734 r0 m0 f3738 r0 p20
 715273745=134196295+352390683+258673726 i189122647 u630161036 u0 t39.419
4906756 4480000 98 4 w79818 r0 m0 f3742 r0 p20
 717082923=134534633+353283574+259330308 i189571769 u631781210 u0 t35.884
4917771 4490000 98 4 w79927 r0 m0 f3747 r0 p20
 718926275=134875090+354186663+260006475 i190034675 u633427365 u0 t36.073
4928768 4500000 98 4 w80058 r0 m0 f3753 r0 p20
 720744039=135213576+355074562+260673297 i190491211 u635051211 u0 t36.261
4939756 4510000 98 4 w80125 r0 m0 f3756 r0 p20
 722515561=135542131+355944356+261319964 i190941105 u636629517 u0 t39.493
4950853 4520000 98 4 w80195 r0 m0 f3759 r0 p20
 724341155=135879658+356834075+261993496 i191405785 u638253055 u0 t45.155
4961839 4530000 98 4 w80283 r0 m0 f3763 r0 p20
 726080472=136200997+357687937+262628770 i191846911 u639803240 u0 t39.538
4972832 4540000 98 4 w80433 r0 m0 f3770 r0 p20
 727843511=136527190+358550640+263275298 i192290338 u641377043 u0 t37.56
4983782 4550000 98 4 w80497 r0 m0 f3773 r0 p20
 729544168=136843990+359384418+263896014 i192722324 u642892261 u0 t34.946
4994759 4560000 98 4 w80604 r0 m0 f3778 r0 p20
 731263850=137165703+360237314+264512469 i193159587 u644426338 u0 t35.586
5005677 4570000 98 4 w80730 r0 m0 f3784 r0 p20
 732955704=137481293+361068442+265127825 i193589278 u645934034 u0 t43.448
5016605 4580000 98 4 w80857 r0 m0 f3790 r0 p20
 734715404=137809281+361939611+265761654 i194036403 u647502955 u0 t43.68
5027569 4590000 98 4 w80984 r0 m0 f3796 r0 p20
 736496891=138141148+362813409+266411697 i194483677 u649094939 u0 t37.464
5038460 4600000 98 4 w81053 r0 m0 f3799 r0 p20
 738152221=138451437+363633981+267005860 i194903963 u650571879 u0 t34.843
5049344 4610000 98 4 w81119 r0 m0 f3802 r0 p20
 739901180=138778127+364497546+267637136 i195343524 u652136123 u0 t36.089
5060214 4620000 98 4 w81209 r0 m0 f3806 r0 p20
 741627386=139101660+365357193+268252786 i195784272 u653675072 u0 t38.222
5071166 4630000 98 4 w81295 r0 m0 f3810 r0 p20
 743369554=139427389+366217351+268881825 i196219033 u655236168 u0 t35.811
5082077 4640000 98 4 w81385 r0 m0 f3814 r0 p20
 745095325=139750598+367074498+269498999 i196654060 u656778759 u0 t35.862
5092952 4650000 98 4 w81449 r0 m0 f3817 r0 p20
 746845262=140076115+367946151+270124959 i197092842 u658345578 u0 t35.894
5103888 4660000 98 4 w81536 r0 m0 f3821 r0 p20
 748674013=140416913+368851068+270784379 i197551247 u659982310 u0 t39.118
5114792 4670000 98 4 w81621 r0 m0 f3825 r0 p20
 750401820=140740385+369708924+271403375 i197984244 u661528872 u0 t46.311
5125741 4680000 98 4 w81708 r0 m0 f3829 r0 p20
 752125361=141064665+370568288+272016064 i198415028 u663074528 u0 t40.514
5136717 4690000 98 4 w81834 r0 m0 f3835 r0 p20
 753880064=141391180+371440625+272644618 i198857426 u664643152 u0 t37.536
5147654 4700000 98 4 w81920 r0 m0 f3839 r0 p20
 755634556=141719120+372312217+273272903 i199298455 u666212669 u0 t44
5158619 4710000 98 4 w82008 r0 m0 f3843 r0 p20
 757408019=142049898+373189079+273912892 i199740499 u667802042 u0 t42.301
5169534 4720000 98 4 w82117 r0 m0 f3848 r0 p20
 759157936=142381060+374057173+274537349 i200179153 u669368759 u0 t36.749
5180402 4730000 98 4 w82223 r0 m0 f3853 r0 p20
 760934638=142713425+374939858+275173401 i200623841 u670960383 u0 t40.709
5191291 4740000 98 4 w82349 r0 m0 f3859 r0 p20
 762764624=143052784+375847014+275832696 i201080901 u672599501 u0 t49.088
5202167 4750000 98 4 w82437 r0 m0 f3863 r0 p20
 764567212=143388196+376735603+276485904 i201532302 u674211764 u0 t40.759
5213037 4760000 98 4 w82507 r0 m0 f3866 r0 p20
 766393255=143725540+377632062+277154070 i201985497 u675848490 u0 t37.371
5223884 4770000 98 4 w82655 r0 m0 f3873 r0 p20
 768165040=144057586+378508123+277791658 i202428904 u677434481 u0 t39.213
5234779 4780000 98 4 w82739 r0 m0 f3877 r0 p20
 769872868=144376131+379358928+278401058 i202862338 u678958510 u0 t37.585
5245825 4790000 98 4 w82802 r0 m0 f3880 r0 p20
 771646093=144703231+380233350+279045473 i203306090 u680544729 u0 t35.757
5256768 4800000 98 4 w82928 r0 m0 f3886 r0 p20
 773440371=145035113+381119818+279695673 i203754350 u682151060 u0 t41.352
5267626 4810000 98 4 w83056 r0 m0 f3892 r0 p20
 775208045=145364275+381993632+280333622 i204198069 u683731986 u0 t48.928
5278527 4820000 98 4 w83120 r0 m0 f3895 r0 p20
 776899703=145680955+382828917+280943941 i204619434 u685248449 u0 t39.814
5289476 4830000 98 4 w83183 r0 m0 f3898 r0 p20
 778650170=146005325+383687156+281583824 i205055862 u686814933 u0 t38.495
5300488 4840000 98 4 w83290 r0 m0 f3903 r0 p20
 780330080=146318545+384517628+282189741 i205477265 u688317576 u0 t36.387
5311384 4850000 98 4 w83353 r0 m0 f3906 r0 p20
 782036545=146636438+385361708+282805294 i205903187 u689846644 u0 t36.358
5322312 4860000 98 4 w83458 r0 m0 f3911 r0 p20
 783786925=146961814+386226328+283438611 i206339157 u691415501 u0 t37.911
5333136 4870000 98 4 w83563 r0 m0 f3916 r0 p20
 785593111=147297767+387117255+284092723 i206788297 u693034143 u0 t37.799
5344051 4880000 98 4 w83710 r0 m0 f3923 r0 p20
 787354037=147624946+387984692+284732424 i207226074 u694612613 u0 t37.134
5354961 4890000 98 4 w83795 r0 m0 f3927 r0 p20
 789116732=147953500+388852388+285372395 i207665174 u696191824 u0 t37.892
5365866 4900000 98 4 w83837 r0 m0 f3929 r0 p20
 790874886=148280101+389715570+286013641 i208096917 u697772413 u0 t38.545
5376756 4910000 98 4 w83984 r0 m0 f3936 r0 p20
 792570068=148597470+390551122+286627081 i208515399 u699295419 u0 t43.26
5387675 4920000 98 4 w84005 r0 m0 f3937 r0 p20
 794264825=148914834+391387274+287239187 i208934116 u700817812 u0 t45.964
5398578 4930000 98 4 w84111 r0 m0 f3942 r0 p20
 795971815=149235660+392232431+287851548 i209358463 u702349752 u0 t41.33
5409490 4940000 98 4 w84216 r0 m0 f3947 r0 p20
 797641784=149548072+393058300+288453158 i209775058 u703846433 u0 t35.452
5420355 4950000 98 4 w84321 r0 m0 f3952 r0 p20
 799394756=149874493+393921869+289089186 i210208487 u705420354 u0 t37.328
5431223 4960000 98 4 w84405 r0 m0 f3956 r0 p20
 801084148=150189624+394755979+289699618 i210627055 u706937117 u0 t36.339
5442092 4970000 98 4 w84489 r0 m0 f3960 r0 p20
 802745703=150502114+395575731+290299182 i211038829 u708428541 u0 t52.774
5453015 4980000 98 4 w84594 r0 m0 f3965 r0 p20
 804457905=150821179+396418723+290920363 i211459504 u709968282 u0 t43.145
5463959 4990000 98 4 w84681 r0 m0 f3969 r0 p20
 806143436=151136489+397249891+291530083 i211879529 u711478788 u0 t36.391
5474924 5000000 98 4 w84746 r0 m0 f3972 r0 p20
 807775681=151440672+398050259+292125353 i212283785 u712943076 u0 t39.7
5485938 5010000 98 4 w84873 r0 m0 f3978 r0 p20
 809484290=151758949+398893507+292743598 i212705149 u714478313 u0 t51.087
5496880 5020000 98 4 w84936 r0 m0 f3981 r0 p20
 811106090=152063650+399696114+293326862 i213108295 u715933485 u0 t52.173
5507833 5030000 98 4 w85042 r0 m0 f3986 r0 p20
 812817379=152383428+400545359+293940998 i213531989 u717470946 u0 t43.493
5518806 5040000 98 4 w85105 r0 m0 f3989 r0 p20
 814470693=152692675+401361024+294538284 i213941786 u718954969 u0 t36.374
5529757 5050000 98 4 w85168 r0 m0 f3992 r0 p20
 816113174=153001270+402175340+295126807 i214349356 u720430149 u0 t36.846
5540663 5060000 98 4 w85253 r0 m0 f3996 r0 p20
 817783063=153313085+402998236+295731416 i214761223 u721930659 u0 t36.496
5551636 5070000 98 4 w85358 r0 m0 f4001 r0 p20
 819461629=153625775+403825819+296339184 i215176161 u723438021 u0 t37.719
5562596 5080000 98 4 w85421 r0 m0 f4004 r0 p20
 821094289=153930361+404626331+296934695 i215580772 u724902605 u0 t36.292
5573494 5090000 98 4 w85526 r0 m0 f4009 r0 p20
 822762213=154241238+405446469+297540974 i215992775 u726400269 u0 t36.743
5584492 5100000 98 4 w85611 r0 m0 f4013 r0 p20
 824385541=154544827+406244382+298130451 i216395388 u727856811 u0 t36.288
5595555 5110000 98 4 w85676 r0 m0 f4016 r0 p20
 825951870=154839154+407016532+298696009 i216782056 u729264308 u0 t35.931
5606569 5120000 98 4 w85741 r0 m0 f4019 r0 p20
 827542595=155140161+407798955+299270260 i217174011 u730694947 u0 t35.431
5617545 5130000 98 4 w85826 r0 m0 f4023 r0 p20
 829080168=155427982+408554502+299828711 i217553136 u732076753 u0 t34.305
5628539 5140000 98 4 w85910 r0 m0 f4027 r0 p20
 830634683=155720750+409319029+300391471 i217933956 u733476799 u0 t37.494
5639565 5150000 98 4 w85997 r0 m0 f4031 r0 p20
 832229703=156019871+410105741+300967174 i218329821 u734907980 u0 t44.445
5650481 5160000 98 4 w86060 r0 m0 f4034 r0 p20
 833831506=156319937+410895847+301545833 i218727547 u736345344 u0 t40.685
5661351 5170000 98 4 w86102 r0 m0 f4036 r0 p20
 835381615=156612226+411656300+302108382 i219106166 u737742135 u0 t32.882
5672329 5180000 98 4 w86168 r0 m0 f4039 r0 p20
 836895004=156897616+412400021+302656215 i219478648 u739102989 u0 t33.47
5683321 5190000 98 4 w86254 r0 m0 f4043 r0 p20
 838485513=157195642+413181056+303234316 i219871612 u740531516 u0 t34.451
5694245 5200000 98 4 w86317 r0 m0 f4046 r0 p20
 840005507=157481293+413933142+303780793 i220247048 u741897662 u0 t33.647
5705118 5210000 98 4 w86347 r0 m0 f4047 r0 p20
 841485690=157761333+414662556+304313834 i220613950 u743227112 u0 t32.972
5716075 5220000 98 4 w86414 r0 m0 f4050 r0 p20
 843029484=158052493+415422655+304870910 i220995613 u744614716 u0 t33.539
5727055 5230000 98 4 w86485 r0 m0 f4053 r0 p20
 844560551=158344178+416177255+305421107 i221369876 u745994874 u0 t33.863
5738016 5240000 98 4 w86550 r0 m0 f4056 r0 p20
 846066545=158628281+416919636+305964172 i221741384 u747348567 u0 t33.522
5748974 5250000 98 4 w86678 r0 m0 f4062 r0 p20
 847520466=158903789+417637160+306486406 i222099142 u748657208 u0 t40.027
5759968 5260000 98 4 w86720 r0 m0 f4064 r0 p20
 848970381=159180111+418353381+307005284 i222451708 u749966970 u0 t43.447
5770885 5270000 98 4 w86785 r0 m0 f4067 r0 p20
 850425948=159455484+419069898+307530759 i222808616 u751278015 u0 t35.18
5781844 5280000 98 4 w86871 r0 m0 f4071 r0 p20
 851880758=159732824+419791600+308049351 i223168952 u752585966 u0 t34.742
5792838 5290000 98 4 w86913 r0 m0 f4073 r0 p20
 853370042=160012803+420524871+308588197 i223534238 u753926410 u0 t45.676
5803819 5300000 98 4 w87018 r0 m0 f4078 r0 p20
 854850914=160293448+421256427+309119357 i223898438 u755259864 u0 t40.4
5814801 5310000 98 4 w87102 r0 m0 f4082 r0 p20
 856312584=160570872+421979139+309642529 i224256140 u756577766 u0 t32.47
5825826 5320000 98 4 w87167 r0 m0 f4085 r0 p20
 857808041=160854860+422722350+310174507 i224623499 u757925527 u0 t33.135
5836769 5330000 98 4 w87273 r0 m0 f4090 r0 p20
 859308279=161139362+423466552+310710326 i224990650 u759278551 u0 t32.96
5847728 5340000 98 4 w87358 r0 m0 f4094 r0 p20
 860774675=161417096+424194679+311233108 i225350281 u760600217 u0 t33.343
5858710 5350000 98 4 w87421 r0 m0 f4097 r0 p20
 862262229=161698562+424933931+311762482 i225713937 u761942210 u0 t35.021
5869730 5360000 98 4 w87484 r0 m0 f4100 r0 p20
 863677756=161968528+425638980+312263564 i226062568 u763217317 u0 t35.098
5880647 5370000 98 4 w87547 r0 m0 f4103 r0 p20
 865197681=162255208+426390455+312809592 i226431926 u764590196 u0 t45.138
5891635 5380000 98 4 w87610 r0 m0 f4106 r0 p20
 866692111=162538263+427128065+313346401 i226798191 u765936924 u0 t40.77
5902588 5390000 98 4 w87715 r0 m0 f4111 r0 p20
 868219603=162826786+427883969+313893716 i227172586 u767313521 u0 t34.357
5913534 5400000 98 4 w87799 r0 m0 f4115 r0 p20
 869733844=163113777+428633916+314436172 i227545809 u768675970 u0 t39.213
5924489 5410000 98 4 w87862 r0 m0 f4118 r0 p20
 871284387=163408764+429406719+314985698 i227925475 u770074732 u0 t53.626
5935564 5420000 98 4 w87951 r0 m0 f4122 r0 p20
 872803828=163695858+430161816+315527316 i228301122 u771441513 u0 t35.26
5946595 5430000 98 4 w88014 r0 m0 f4125 r0 p20
 874374041=163992938+430939196+316088939 i228688765 u772854391 u0 t35.269
5957566 5440000 98 4 w88077 r0 m0 f4128 r0 p20
 875948667=164290095+431724036+316647863 i229079466 u774269224 u0 t35.323
5968610 5450000 98 4 w88140 r0 m0 f4131 r0 p20
 877584772=164593681+432523285+317247977 i229476341 u775744712 u0 t36.75
5979615 5460000 98 4 w88204 r0 m0 f4134 r0 p20
 879199520=164898903+433324996+317824196 i229871027 u777201726 u0 t38.172
5990618 5470000 98 4 w88288 r0 m0 f4138 r0 p20
 880863952=165212712+434148181+318421526 i230279319 u778700989 u0 t38.108
6001592 5480000 98 4 w88351 r0 m0 f4141 r0 p20
 882588289=165535622+435005766+319037165 i230705618 u780251152 u0 t39.408
6012521 5490000 98 4 w88393 r0 m0 f4143 r0 p20
 884279345=165852407+435842053+319646032 i231122536 u781771776 u0 t49.4
6023532 5500000 98 4 w88477 r0 m0 f4147 r0 p20
 886017730=166177725+436698761+320275794 i231553846 u783331559 u0 t49.67
6034529 5510000 98 4 w88540 r0 m0 f4150 r0 p20
 887747714=166498666+437553681+320900610 i231985104 u784881960 u0 t40.158
6045561 5520000 98 4 w88624 r0 m0 f4154 r0 p20
 889467909=166819559+438400408+321524821 i232412844 u786424426 u0 t40.18
6056535 5530000 98 4 w88666 r0 m0 f4156 r0 p20
 891150898=167134109+439230044+322134654 i232833730 u787931205 u0 t37.441
6067584 5540000 98 4 w88729 r0 m0 f4159 r0 p20
 892878185=167454867+440080613+322761767 i233259901 u789483225 u0 t47.491
6078684 5550000 98 4 w88813 r0 m0 f4163 r0 p20
 894541317=167766129+440894615+323369088 i233667824 u790979655 u0 t52.836
6089671 5560000 98 4 w88877 r0 m0 f4166 r0 p20
 896213401=168077310+441718653+323974873 i234081996 u792481023 u0 t38.691
6100615 5570000 98 4 w88940 r0 m0 f4169 r0 p20
 897865329=168382405+442527840+324580099 i234494293 u793959353 u0 t37.262
6111539 5580000 98 4 w89046 r0 m0 f4174 r0 p20
 899538512=168694102+443352059+325186894 i234910159 u795459564 u0 t38.01
6122490 5590000 98 4 w89155 r0 m0 f4179 r0 p20
 901227782=169008307+444182462+325801625 i235329718 u796974112 u0 t39.709
6133442 5600000 98 4 w89220 r0 m0 f4182 r0 p20
 902883469=169317149+444999907+326399835 i235738165 u798462356 u0 t37.81
6144430 5610000 98 4 w89309 r0 m0 f4186 r0 p20
 904536849=169625465+445813474+326999770 i236142826 u799951671 u0 t39.22
6155425 5620000 98 4 w89352 r0 m0 f4188 r0 p20
 906225735=169936457+446644246+327615652 i236557231 u801470804 u0 t45.374
6166380 5630000 98 4 w89419 r0 m0 f4191 r0 p20
 907921002=170249070+447472037+328240503 i236974144 u802993461 u0 t51.934
6177346 5640000 98 4 w89484 r0 m0 f4194 r0 p20
 909597630=170560320+448293451+328853340 i237380447 u804506904 u0 t45.597
6188339 5650000 98 4 w89589 r0 m0 f4199 r0 p20
 911238859=170868043+449102515+329446293 i237782205 u805985469 u0 t37.662
6199296 5660000 98 4 w89674 r0 m0 f4203 r0 p20
 912919236=171180572+449927341+330059168 i238191590 u807499659 u0 t38.593
6210250 5670000 98 4 w89759 r0 m0 f4207 r0 p20
 914562220=171485227+450737010+330655342 i238591046 u808981531 u0 t38.291
6221167 5680000 98 4 w89822 r0 m0 f4210 r0 p20
 916241214=171796339+451564963+331264507 i239005385 u810489828 u0 t53.452
6232193 5690000 98 4 w89886 r0 m0 f4213 r0 p20
 917937276=172110725+452401163+331879430 i239420196 u812017436 u0 t44.102
6243114 5700000 98 4 w89992 r0 m0 f4218 r0 p20
 919648118=172427523+453239163+332505989 i239834696 u813560604 u0 t39.216
6254073 5710000 98 4 w90079 r0 m0 f4222 r0 p20
 921358002=172743284+454077569+333131805 i240251191 u815101550 u0 t38.492
6265015 5720000 98 4 w90142 r0 m0 f4225 r0 p20
 923032730=173055313+454897819+333743919 i240658556 u816611109 u0 t38.662
6276014 5730000 98 4 w90227 r0 m0 f4229 r0 p20
 924653090=173358474+455701361+334325377 i241055934 u818070626 u0 t37.464
6286999 5740000 98 4 w90354 r0 m0 f4235 r0 p20
 926305191=173667219+456521344+334918155 i241457945 u819561976 u0 t55.684
6298011 5750000 98 4 w90417 r0 m0 f4238 r0 p20
 927983267=173979104+457349922+335525033 i241867067 u821074582 u0 t46.557
6308975 5760000 98 4 w90501 r0 m0 f4242 r0 p20
 929720147=174299300+458203541+336159064 i242290686 u822638668 u0 t40.737
6319974 5770000 98 4 w90627 r0 m0 f4248 r0 p20
 931384551=174610225+459021201+336764405 i242697087 u824137533 u0 t39.102
6330997 5780000 98 4 w90711 r0 m0 f4252 r0 p20
 933057737=174918495+459842291+337377384 i243102009 u825647431 u0 t40.862
6342023 5790000 98 4 w90797 r0 m0 f4256 r0 p20
 934715187=175227642+460662847+337973598 i243507463 u827141032 u0 t38.715
6353038 5800000 98 4 w90860 r0 m0 f4259 r0 p20
 936303833=175525507+461445481+338547931 i243892570 u828575824 u0 t36.875
6364053 5810000 98 4 w90923 r0 m0 f4262 r0 p20
 937919526=175828505+462245614+339128170 i244288389 u830031612 u0 t36.995
6375072 5820000 98 4 w90987 r0 m0 f4265 r0 p20
 939566744=176134284+463055957+339727330 i244690788 u831515321 u0 t37.831
6386024 5830000 98 4 w91114 r0 m0 f4271 r0 p20
 941173988=176436340+463839159+340315770 i245078980 u832966454 u0 t37.618
6396912 5840000 98 4 w91177 r0 m0 f4274 r0 p20
 942810393=176742215+464644399+340909038 i245475953 u834443893 u0 t56.012
6407907 5850000 98 4 w91263 r0 m0 f4278 r0 p20
 944407315=177040301+465433572+341484608 i245866135 u835883617 u0 t45.003
6418859 5860000 98 4 w91411 r0 m0 f4285 r0 p20
 946064496=177349297+466246321+342088932 i246269987 u837377275 u0 t37.937
6429878 5870000 98 4 w91453 r0 m0 f4287 r0 p20
 947690454=177653631+467054589+342670160 i246667764 u838843604 u0 t38.274
6440860 5880000 98 4 w91558 r0 m0 f4292 r0 p20
 949239816=177942634+467813671+343235182 i247045137 u840240460 u0 t37.449
6451839 5890000 98 4 w91684 r0 m0 f4298 r0 p20
 950824891=178239942+468593998+343808466 i247432182 u841669065 u0 t38.944
6462899 5900000 98 4 w91789 r0 m0 f4303 r0 p20
 952422731=178539099+469376872+344390780 i247825240 u843105860 u0 t37.014
6473837 5910000 98 4 w91852 r0 m0 f4306 r0 p20
 953992429=178832698+470148183+344960993 i248208331 u844520351 u0 t37.214
6484815 5920000 98 4 w91978 r0 m0 f4312 r0 p20
 955557457=179126595+470918249+345527810 i248588825 u845932730 u0 t45.653
6495784 5930000 98 4 w92041 r0 m0 f4315 r0 p20
 957156026=179426943+471708730+346102775 i248982502 u847371228 u0 t50.065
6506753 5940000 98 4 w92127 r0 m0 f4319 r0 p20
 958731656=179723269+472483885+346672313 i249366588 u848792126 u0 t41.476
6517671 5950000 98 4 w92211 r0 m0 f4323 r0 p20
 960309110=180019161+473254461+347249455 i249752025 u850212180 u0 t37.548
6528600 5960000 98 4 w92295 r0 m0 f4327 r0 p20
 961879230=180316031+474031864+347811744 i250135230 u851628803 u0 t37.085
6539600 5970000 98 4 w92402 r0 m0 f4332 r0 p20
 963468051=180614826+474805676+348393716 i250525021 u853057000 u0 t44.876
6550555 5980000 98 4 w92466 r0 m0 f4335 r0 p20
 965057397=180915023+475592691+348962547 i250914735 u854489535 u0 t58.143
6561522 5990000 98 4 w92551 r0 m0 f4339 r0 p20
 966614565=181206312+476358833+349526708 i251293955 u855894190 u0 t35.862
6572495 6000000 98 4 w92593 r0 m0 f4341 r0 p20
 968142202=181494899+477117011+350071608 i251668826 u857271099 u0 t36.51
6583420 6010000 98 4 w92677 r0 m0 f4345 r0 p20
 969692545=181785107+477877767+350635421 i252043188 u858671950 u0 t34.911
6594346 6020000 98 4 w92784 r0 m0 f4350 r0 p20
 971205931=182069897+478624219+351181850 i252407352 u860041940 u0 t36.853
6605303 6030000 98 4 w92889 r0 m0 f4355 r0 p20
 972760927=182362349+479384025+351749255 i252781185 u861448702 u0 t37.337
6616312 6040000 98 4 w92953 r0 m0 f4358 r0 p20
 974312825=182654884+480154923+352302871 i253161158 u862848722 u0 t45.484
6627298 6050000 98 4 w93017 r0 m0 f4361 r0 p20
 975871313=182948244+480922066+352865947 i253536501 u864259207 u0 t50.577
6638329 6060000 98 4 w93083 r0 m0 f4364 r0 p20
 977367545=183232310+481662363+353400716 i253902546 u865608216 u0 t37.684
6649282 6070000 98 4 w93188 r0 m0 f4369 r0 p20
 978923173=183526142+482433680+353957007 i254282586 u867011762 u0 t38.08
6660175 6080000 98 4 w93251 r0 m0 f4372 r0 p20
 980460847=183816431+483202296+354501212 i254657423 u868401028 u0 t35.549
6671098 6090000 98 4 w93337 r0 m0 f4376 r0 p20
 981996675=184107285+483958175+355054792 i255029153 u869789444 u0 t44.973
6682137 6100000 98 4 w93401 r0 m0 f4379 r0 p20
 983567409=184402933+484730169+355623816 i255408253 u871209410 u0 t50.916
6693037 6110000 98 4 w93485 r0 m0 f4383 r0 p20
 985043903=184682018+485457418+356156494 i255762896 u872546723 u0 t40.613
6703966 6120000 98 4 w93569 r0 m0 f4387 r0 p20
 986565763=184968037+486206463+356707589 i256131521 u873921181 u0 t36.669
6714910 6130000 98 4 w93655 r0 m0 f4391 r0 p20
 988068878=185250597+486943131+357253987 i256490705 u875282997 u0 t36.189
6725879 6140000 98 4 w93697 r0 m0 f4393 r0 p20
 989594355=185540018+487699147+357798504 i256858482 u876663901 u0 t43.472
6736831 6150000 98 4 w93781 r0 m0 f4397 r0 p20
 991097514=185825476+488442436+358337307 i257223243 u878021788 u0 t48.459
6747751 6160000 98 4 w93844 r0 m0 f4400 r0 p20
 992564937=186103376+489172461+358858724 i257578118 u879350032 u0 t38.398
6758675 6170000 98 4 w93930 r0 m0 f4404 r0 p20
 994044786=186384301+489906136+359386617 i257935647 u880689664 u0 t35.808
6769641 6180000 98 4 w94058 r0 m0 f4410 r0 p20
 995522115=186665236+490639648+359911979 i258290465 u882029581 u0 t35.076
6780662 6190000 98 4 w94143 r0 m0 f4414 r0 p20
 997003350=186947018+491375102+360439594 i258648388 u883370187 u0 t35.776
6791651 6200000 98 4 w94207 r0 m0 f4417 r0 p20
 998471541=187226807+492106162+360959598 i259003908 u884699234 u0 t38.743
6802737 6210000 98 4 w94312 r0 m0 f4422 r0 p20
 999991704=187514237+492856994+361504613 i259368767 u886077092 u0 t35.496
6813690 6220000 98 4 w94399 r0 m0 f4426 r0 p20
 1001553187=187806887+493627749+362068163 i259741866 u887493295 u0 t35.964
6824712 6230000 98 4 w94548 r0 m0 f4433 r0 p20
 1003090051=188097078+494385582+362621719 i260110671 u888885264 u0 t41.477
6835868 6240000 98 4 w94590 r0 m0 f4435 r0 p20
 1004598053=188384299+495140784+363151239 i260474735 u890251992 u0 t52.394
6846951 6250000 98 4 w94675 r0 m0 f4439 r0 p20
 1006130282=188672992+495895882+363703758 i260844226 u891638320 u0 t51.307
6857988 6260000 98 4 w94717 r0 m0 f4441 r0 p20
 1007693408=188967185+496668107+364266157 i261221275 u893052267 u0 t37.673
6868994 6270000 98 4 w94801 r0 m0 f4445 r0 p20
 1009293551=189266601+497459580+364841792 i261612547 u894494061 u0 t39.597
6880103 6280000 98 4 w94890 r0 m0 f4449 r0 p20
 1010875076=189562502+498239799+365413046 i261994999 u895923097 u0 t38.789
6891121 6290000 98 4 w94933 r0 m0 f4451 r0 p20
 1012388961=189850084+498991706+365951487 i262361454 u897292621 u0 t57.449
6902258 6300000 98 4 w94996 r0 m0 f4454 r0 p20
 1013952853=190144854+499760077+366517242 i262738111 u898707381 u0 t36.226
6913312 6310000 98 4 w95080 r0 m0 f4458 r0 p20
 1015566902=190447279+500551164+367105378 i263124877 u900168915 u0 t38.768
6924370 6320000 98 4 w95124 r0 m0 f4460 r0 p20
 1017255276=190763019+501380532+367718937 i263531995 u901695420 u0 t39.878
6935396 6330000 98 4 w95253 r0 m0 f4466 r0 p20
 1019009510=191087169+502237441+368363899 i263957564 u903276507 u0 t42.281
6946492 6340000 98 4 w95379 r0 m0 f4472 r0 p20
 1020719530=191408393+503082618+368979378 i264371421 u904822041 u0 t42.966
6957583 6350000 98 4 w95463 r0 m0 f4476 r0 p20
 1022436893=191727149+503925369+369606062 i264792279 u906366897 u0 t40.548
6968660 6360000 98 4 w95610 r0 m0 f4483 r0 p20
 1024237169=192059830+504804563+370268495 i265229498 u907988979 u0 t53.746
6979646 6370000 98 4 w95778 r0 m0 f4491 r0 p20
 1025971771=192383436+505654752+370901566 i265655025 u909548522 u0 t59.373
6990664 6380000 98 4 w95883 r0 m0 f4496 r0 p20
 1027801037=192722077+506554597+371568145 i266107325 u911190285 u0 t44.963
7001617 6390000 98 4 w95988 r0 m0 f4501 r0 p20
 1029585292=193054759+507437251+372211567 i266542628 u912798571 u0 t44.584
7012569 6400000 98 4 w96135 r0 m0 f4508 r0 p20
 1031303512=193373093+508281522+372837649 i266969529 u914338639 u0 t43.641
7023525 6410000 98 4 w96240 r0 m0 f4513 r0 p20
 1032968830=193683334+509101330+373442053 i267371854 u915843223 u0 t39.563
7034431 6420000 98 4 w96368 r0 m0 f4519 r0 p20
 1034658631=193999438+509936655+374051111 i267785740 u917365383 u0 t40.674
7045399 6430000 98 4 w96454 r0 m0 f4523 r0 p20
 1036351685=194315932+510777579+374657656 i268204660 u918886468 u0 t41.401
7056564 6440000 98 4 w96580 r0 m0 f4529 r0 p20
 1038091090=194640747+511637127+375284694 i268632459 u920451098 u0 t42.038
7067503 6450000 98 4 w96706 r0 m0 f4535 r0 p20
 1039772627=194955996+512468064+375890479 i269046217 u921963998 u0 t55.925
7078394 6460000 98 4 w96836 r0 m0 f4541 r0 p20
 1041441682=195271439+513289707+376492233 i269452025 u923469907 u0 t48.689
7089291 6470000 98 4 w96901 r0 m0 f4544 r0 p20
 1043006502=195562455+514056109+377064329 i269836157 u924877044 u0 t38.413
7100203 6480000 98 4 w96987 r0 m0 f4548 r0 p20
 1044666683=195872422+514870152+377668870 i270241890 u926371668 u0 t39.519
7111210 6490000 98 4 w97075 r0 m0 f4552 r0 p20
 1046326499=196182453+515689762+378267868 i270648539 u927866403 u0 t48.05
7122104 6500000 98 4 w97264 r0 m0 f4561 r0 p20
 1048012365=196496077+516516352+378883857 i271062301 u929381707 u0 t62.57
7132992 6510000 98 4 w97433 r0 m0 f4569 r0 p20
 1049777486=196826511+517390814+379517243 i271496335 u930970106 u0 t43.851
7143869 6520000 98 4 w97538 r0 m0 f4574 r0 p20
 1051427049=197136289+518201406+380115833 i271898738 u932456193 u0 t40.786
7154792 6530000 98 4 w97645 r0 m0 f4579 r0 p20
 1053054665=197439930+518996806+380712129 i272288777 u933928387 u0 t42.375
7165724 6540000 98 4 w97737 r0 m0 f4583 r0 p20
 1054729358=197751803+519824649+381316520 i272698646 u935436531 u0 t40.885
7176627 6550000 98 4 w97872 r0 m0 f4589 r0 p20
 1056411158=198063240+520655054+381925811 i273109315 u936951683 u0 t41.836
7187499 6560000 98 4 w97977 r0 m0 f4594 r0 p20
 1058143522=198384666+521509286+382554005 i273533360 u938511243 u0 t41.231
7198402 6570000 98 4 w98082 r0 m0 f4599 r0 p20
 1059807313=198694082+522330026+383156835 i273935125 u940014404 u0 t63.857
7209321 6580000 98 4 w98187 r0 m0 f4604 r0 p20
 1061459219=199002829+523146380+383752570 i274333972 u941507750 u0 t47.431
7220259 6590000 98 4 w98250 r0 m0 f4607 r0 p20
 1063070732=199303484+523944530+384332583 i274725423 u942962503 u0 t41.1
7231198 6600000 98 4 w98358 r0 m0 f4612 r0 p20
 1064729354=199612705+524763433+384932686 i275125441 u944462093 u0 t40.19
7242138 6610000 98 4 w98484 r0 m0 f4618 r0 p20
 1066380850=199919998+525578844+385530066 i275524048 u945954653 u0 t41.476
7253098 6620000 98 4 w98610 r0 m0 f4624 r0 p20
 1068089307=200236151+526405153+386167142 i275928588 u947502599 u0 t41.514
7264064 6630000 98 4 w98694 r0 m0 f4628 r0 p20
 1069756664=200546399+527217508+386781015 i276328460 u949010006 u0 t61.479
7275025 6640000 98 4 w98778 r0 m0 f4632 r0 p20
 1071375918=200848092+528014320+387369336 i276719383 u950472957 u0 t46.571
7285938 6650000 98 4 w98925 r0 m0 f4639 r0 p20
 1072979718=201147611+528803279+387951204 i277107611 u951920938 u0 t44.764
7296863 6660000 98 4 w99031 r0 m0 f4644 r0 p20
 1074591729=201449135+529598761+388533152 i277500339 u953374495 u0 t54.111
7307845 6670000 98 4 w99143 r0 m0 f4649 r0 p20
 1076254662=201758831+530417209+389137614 i277904136 u954874500 u0 t56.057
7318841 6680000 98 4 w99295 r0 m0 f4656 r0 p20
 1077879032=202063882+531224650+389717757 i278300919 u956339540 u0 t40.607
7329826 6690000 98 4 w99380 r0 m0 f4660 r0 p20
 1079492714=202365581+532016794+390304996 i278690077 u957798057 u0 t40.263
7340828 6700000 98 4 w99486 r0 m0 f4665 r0 p20
 1081146962=202673101+532824546+390913024 i279088512 u959292208 u0 t53.204
7351721 6710000 98 4 w99613 r0 m0 f4671 r0 p20
 1082715568=202966279+533602804+391475759 i279470275 u960708058 u0 t55.568
7362715 6720000 98 4 w99699 r0 m0 f4675 r0 p20
 1084304887=203264269+534389924+392046539 i279852148 u962147926 u0 t42.431
7373679 6730000 98 4 w99826 r0 m0 f4681 r0 p20
 1085912250=203563969+535179621+392631609 i280244498 u963596462 u0 t39.462
7384646 6740000 98 4 w99953 r0 m0 f4687 r0 p20
 1087505010=203861874+535967601+393204932 i280632153 u965033660 u0 t42.147
7395560 6750000 98 4 w100037 r0 m0 f4691 r0 p20
 1089104755=204160702+536754534+393785773 i281017099 u966480216 u0 t40.373
7406561 6760000 98 4 w100166 r0 m0 f4697 r0 p20
 1090691744=204457999+537534929+394361791 i281397706 u967917289 u0 t39.661
7417492 6770000 98 4 w100313 r0 m0 f4704 r0 p20
 1092257701=204748777+538300401+394936219 i281773898 u969333333 u0 t39.531
7428447 6780000 98 4 w100419 r0 m0 f4709 r0 p20
 1093861366=205047695+539086913+395521421 i282158962 u970784044 u0 t42.219
7439380 6790000 98 4 w100524 r0 m0 f4714 r0 p20
 1095451982=205344874+539867531+396100764 i282542661 u972221411 u0 t47.505
7450379 6800000 98 4 w100652 r0 m0 f4720 r0 p20
 1097061853=205646033+540657171+396687284 i282931533 u973675925 u0 t63.068
7461309 6810000 98 4 w100716 r0 m0 f4723 r0 p20
 1098589352=205932476+541408931+397240118 i283300950 u975056184 u0 t37.696
7472297 6820000 98 4 w100780 r0 m0 f4726 r0 p20
 1100155335=206225402+542177552+397810297 i283676227 u976474094 u0 t39.786
7483211 6830000 98 4 w100906 r0 m0 f4732 r0 p20
 1101711068=206518686+542947656+398368193 i284053841 u977879508 u0 t40.262
7494114 6840000 98 4 w101011 r0 m0 f4737 r0 p20
 1103290153=206815211+543729342+398935557 i284434917 u979308153 u0 t38.19
7505085 6850000 98 4 w101138 r0 m0 f4743 r0 p20
 1104891724=207115159+544511835+399521920 i284818658 u980757329 u0 t41.345
7516008 6860000 98 4 w101243 r0 m0 f4748 r0 p20
 1106447048=207407752+545274753+400088178 i285192573 u982163892 u0 t38.461
7526957 6870000 98 4 w101416 r0 m0 f4756 r0 p20
 1107959533=207691489+546017129+400637955 i285559311 u983529356 u0 t50.117
7537912 6880000 98 4 w101563 r0 m0 f4763 r0 p20
 1109493310=207978812+546770940+401194443 i285930301 u984914984 u0 t60.168
7548790 6890000 98 4 w101647 r0 m0 f4767 r0 p20
 1111034321=208265810+547524308+401759426 i286303920 u986305209 u0 t38.723
7559708 6900000 98 4 w101737 r0 m0 f4771 r0 p20
 1112559753=208552571+548277169+402309224 i286670040 u987686897 u0 t38.081
7570600 6910000 98 4 w101821 r0 m0 f4775 r0 p20
 1114095195=208840936+549035598+402863014 i287041721 u989074194 u0 t39.527
7581515 6920000 98 4 w101905 r0 m0 f4779 r0 p20
 1115574416=209119345+549765788+403395779 i287396679 u990414437 u0 t57.03
7592449 6930000 98 4 w102010 r0 m0 f4784 r0 p20
 1117069471=209401837+550504966+403931743 i287748870 u991775917 u0 t46.958
7603327 6940000 98 4 w102094 r0 m0 f4788 r0 p20
 1118547580=209683641+551240374+404455735 i288106811 u993113401 u0 t37.296
7614197 6950000 98 4 w102158 r0 m0 f4791 r0 p20
 1120053352=209967433+551983516+404998165 i288471001 u994474520 u0 t48.359
7625129 6960000 98 4 w102263 r0 m0 f4796 r0 p20
 1121523943=210246311+552709158+405527630 i288821692 u995809380 u0 t54.516
7636057 6970000 98 4 w102370 r0 m0 f4801 r0 p20
 1123028644=210530223+553458665+406062541 i289184307 u997172607 u0 t38.459
7646990 6980000 98 4 w102480 r0 m0 f4806 r0 p20
 1124502366=210809101+554190329+406588421 i289540114 u998506545 u0 t37.378
7657954 6990000 98 4 w102586 r0 m0 f4811 r0 p20
 1125952036=211085192+554910977+407103255 i289887098 u999822558 u0 t36.522
7668961 7000000 98 4 w102735 r0 m0 f4818 r0 p20
 1127431936=211365863+555644058+407632568 i290244539 u1001161758 u0 t40.023
7679936 7010000 98 4 w102820 r0 m0 f4822 r0 p20
 1128824460=211630348+556332177+408131361 i290578317 u1002424338 u0 t36.038
7690902 7020000 98 4 w102911 r0 m0 f4826 r0 p20
 1130291564=211908442+557061291+408653729 i290930898 u1003754200 u0 t36.652
7701895 7030000 98 4 w102974 r0 m0 f4829 r0 p20
 1131760034=212187123+557789526+409177737 i291283944 u1005084990 u0 t37.261
7712825 7040000 98 4 w103103 r0 m0 f4835 r0 p20
 1133202701=212462350+558508309+409687579 i291634708 u1006390174 u0 t52.761
7723728 7050000 98 4 w103167 r0 m0 f4838 r0 p20
 1134676033=212741980+559242050+410209872 i291987428 u1007727422 u0 t47.814
7734650 7060000 98 4 w103251 r0 m0 f4842 r0 p20
 1136130328=213019070+559967725+410723272 i292336307 u1009047633 u0 t36.806
7745562 7070000 98 4 w103335 r0 m0 f4846 r0 p20
 1137584155=213293848+560683880+411247270 i292682723 u1010367343 u0 t37.554
7756442 7080000 98 4 w103420 r0 m0 f4850 r0 p20
 1139050874=213572048+561413635+411768226 i293037997 u1011694702 u0 t38.7
7767374 7090000 98 4 w103569 r0 m0 f4857 r0 p20
 1140545225=213855584+562154329+412301859 i293391770 u1013054524 u0 t37.964
7778289 7100000 98 4 w103674 r0 m0 f4862 r0 p20
 1142056383=214143113+562905173+412839138 i293754604 u1014424979 u0 t38.497
7789255 7110000 98 4 w103780 r0 m0 f4867 r0 p20
 1143611344=214435764+563672815+413399925 i294125282 u1015835447 u0 t46.545
7800233 7120000 98 4 w103912 r0 m0 f4873 r0 p20
 1145113971=214720887+564415976+413938399 i294485449 u1017198058 u0 t62.638
7811238 7130000 98 4 w103999 r0 m0 f4877 r0 p20
 1146643976=215011215+565173955+414484962 i294856713 u1018581109 u0 t39.321
7822192 7140000 98 4 w104105 r0 m0 f4882 r0 p20
 1148182722=215302784+565940442+415031120 i295229767 u1019972314 u0 t39.321
7833168 7150000 98 4 w104215 r0 m0 f4887 r0 p20
 1149665939=215585751+566684822+415550680 i295588769 u1021315587 u0 t61.498
7844051 7160000 98 4 w104324 r0 m0 f4892 r0 p20
 1151260032=215887837+567475927+416119071 i295973875 u1022758414 u0 t41.35
7854924 7170000 98 4 w104452 r0 m0 f4898 r0 p20
 1152855278=216188198+568270428+416687008 i296358084 u1024203665 u0 t40.472
7865872 7180000 98 4 w104579 r0 m0 f4904 r0 p20
 1154419988=216484338+569042037+417250754 i296730495 u1025623956 u0 t40.195
7876832 7190000 98 4 w104663 r0 m0 f4908 r0 p20
 1156015643=216786066+569836779+417817897 i297114639 u1027069466 u0 t40.295
7887789 7200000 98 4 w104728 r0 m0 f4911 r0 p20
 1157631270=217090069+570636990+418397225 i297505149 u1028530825 u0 t50.339
7898780 7210000 98 4 w104876 r0 m0 f4918 r0 p20
 1159240146=217392543+571434850+418973301 i297893336 u1029987107 u0 t63.232
7909739 7220000 98 4 w105002 r0 m0 f4924 r0 p20
 1160867839=217699721+572246061+419551508 i298288500 u1031458329 u0 t42.733
7920667 7230000 98 4 w105109 r0 m0 f4929 r0 p20
 1162508494=218007544+573058085+420140968 i298682692 u1032944283 u0 t43.495
7931624 7240000 98 4 w105194 r0 m0 f4933 r0 p20
 1164143788=218315698+573867106+420727789 i299077138 u1034424180 u0 t49.89
7942609 7250000 98 4 w105342 r0 m0 f4940 r0 p20
 1165848101=218637768+574716405+421333644 i299491228 u1035964364 u0 t62.621
7953604 7260000 98 4 w105491 r0 m0 f4947 r0 p20
 1167556336=218959321+575565250+421943255 i299907917 u1037506216 u0 t50.967
7964620 7270000 98 4 w105577 r0 m0 f4951 r0 p20
 1169259192=219277276+576406723+422557622 i300318388 u1039046223 u0 t43.839
7975601 7280000 98 4 w105703 r0 m0 f4957 r0 p20
 1171040081=219609514+577289523+423196999 i300744389 u1040660752 u0 t47.833
7986569 7290000 98 4 w105829 r0 m0 f4963 r0 p20
 1172864884=219950576+578187995+423858474 i301189647 u1042305367 u0 t47.709
7997599 7300000 98 4 w105955 r0 m0 f4969 r0 p20
 1174694334=220290990+579083323+424527927 i301630641 u1043958037 u0 t49.264
8008669 7310000 98 4 w106081 r0 m0 f4975 r0 p20
 1176463246=220618171+579943798+425182019 i302057515 u1045554562 u0 t44.92
8019607 7320000 98 4 w106228 r0 m0 f4982 r0 p20
 1178332032=220964972+580857231+425868964 i302515957 u1047233965 u0 t46.478
8030610 7330000 98 4 w106418 r0 m0 f4991 r0 p20
 1180127162=221297238+581738833+426524054 i302959463 u1048845449 u0 t72.345
8041509 7340000 98 4 w106547 r0 m0 f4997 r0 p20
 1181900706=221627083+582608559+427171366 i303389270 u1050445829 u0 t51.618
8052443 7350000 98 4 w106675 r0 m0 f5003 r0 p20
 1183588482=221941750+583439218+427783764 i303800354 u1051968106 u0 t42.713
8063533 7360000 98 4 w106781 r0 m0 f5008 r0 p20
 1185329730=222264838+584293218+428419292 i304220581 u1053541102 u0 t42.746
8074623 7370000 98 4 w106949 r0 m0 f5016 r0 p20
 1186993163=222575552+585114253+429020058 i304621305 u1055046422 u0 t46.155
8085658 7380000 98 4 w107054 r0 m0 f5021 r0 p20
 1188642208=222884506+585927661+429615342 i305020966 u1056536337 u0 t42.094
8096661 7390000 98 4 w107159 r0 m0 f5026 r0 p20
 1190367194=223208487+586776480+430239472 i305438248 u1058094561 u0 t54.698
8107624 7400000 98 4 w107307 r0 m0 f5033 r0 p20
 1192062027=223522392+587609575+430856836 i305852217 u1059621153 u0 t67.48
8118604 7410000 98 4 w107475 r0 m0 f5041 r0 p20
 1193800853=223848453+588463369+431488314 i306270229 u1061193911 u0 t44.562
8129496 7420000 98 4 w107644 r0 m0 f5049 r0 p20
 1195616911=224186064+589353251+432151984 i306709068 u1062833217 u0 t68.773
8140421 7430000 98 4 w107792 r0 m0 f5056 r0 p20
 1197347336=224506883+590205159+432780828 i307132065 u1064391728 u0 t52.551
8151396 7440000 98 4 w107939 r0 m0 f5063 r0 p20
 1199113871=224837168+591077239+433417943 i307562639 u1065984731 u0 t46.973
8162268 7450000 98 4 w108065 r0 m0 f5069 r0 p20
 1200895220=225169265+591957980+434060873 i307995215 u1067592427 u0 t56.059
8173172 7460000 98 4 w108212 r0 m0 f5076 r0 p20
 1202705855=225504533+592847471+434721395 i308437215 u1069223034 u0 t70.81
8184013 7470000 98 4 w108380 r0 m0 f5084 r0 p20
 1204535605=225841953+593743830+435392740 i308876592 u1070877268 u0 t48.911
8194943 7480000 98 4 w108548 r0 m0 f5092 r0 p20
 1206407636=226189016+594670886+436068870 i309331950 u1072565751 u0 t50.859
8205852 7490000 98 4 w108697 r0 m0 f5099 r0 p20
 1208285879=226536981+595598812+436748781 i309787165 u1074261257 u0 t50.586
8216744 7500000 98 4 w108823 r0 m0 f5105 r0 p20
 1210148567=226881751+596516185+437426561 i310239463 u1075941504 u0 t50.149
8227583 7510000 98 4 w109055 r0 m0 f5116 r0 p20
 1211997409=227224785+597430808+438094687 i310686941 u1077611552 u0 t48.799
8238422 7520000 98 4 w109203 r0 m0 f5123 r0 p20
 1213859010=227569184+598349503+438770452 i311135553 u1079294174 u0 t76.464
8249239 7530000 98 4 w109350 r0 m0 f5130 r0 p20
 1215697256=227910573+599257676+439434722 i311582047 u1080952686 u0 t55.285
8260110 7540000 98 4 w109497 r0 m0 f5137 r0 p20
 1217536034=228251399+600169305+440096787 i312028277 u1082612742 u0 t61.255
8270935 7550000 98 4 w109603 r0 m0 f5142 r0 p20
 1219403152=228597155+601095339+440769699 i312478810 u1084300891 u0 t75.716
8281806 7560000 98 4 w109792 r0 m0 f5151 r0 p20
 1221311207=228953318+602042342+441454792 i312941433 u1086024487 u0 t73.333
8292627 7570000 98 4 w109922 r0 m0 f5157 r0 p20
 1223124224=229288948+602935702+442113438 i313377746 u1087663505 u0 t49.606
8303534 7580000 98 4 w110027 r0 m0 f5162 r0 p20
 1224947692=229626713+603835499+442774574 i313818361 u1089310627 u0 t48.969
8314407 7590000 98 4 w110195 r0 m0 f5170 r0 p20
 1226763767=229963556+604727438+443437395 i314253203 u1090954636 u0 t71.018
8325271 7600000 98 4 w110323 r0 m0 f5176 r0 p20
 1228572935=230299125+605620124+444093725 i314687893 u1092591295 u0 t55.152
8336115 7610000 98 4 w110472 r0 m0 f5183 r0 p20
 1230430166=230645153+606533748+444769017 i315138771 u1094266252 u0 t49.744
8347033 7620000 98 4 w110661 r0 m0 f5192 r0 p20
 1232300424=230991481+607454022+445449753 i315586236 u1095959045 u0 t51.426
8358024 7630000 98 4 w110787 r0 m0 f5198 r0 p20
 1234090372=231324854+608342936+446092296 i316019828 u1097575752 u0 t49.406
8368923 7640000 98 4 w110934 r0 m0 f5205 r0 p20
 1235926054=231664628+609250890+446755823 i316463709 u1099233400 u0 t48.345
8379885 7650000 98 4 w111081 r0 m0 f5212 r0 p20
 1237757687=232004287+610162268+447413167 i316907013 u1100888528 u0 t65.835
8390856 7660000 98 4 w111228 r0 m0 f5219 r0 p20
 1239585111=232344191+611068105+448071356 i317347727 u1102541130 u0 t57.918
8401797 7670000 98 4 w111375 r0 m0 f5226 r0 p20
 1241396655=232682022+611962286+448726445 i317789948 u1104173221 u0 t49.876
8412837 7680000 98 4 w111480 r0 m0 f5231 r0 p20
 1243271041=233028290+612884680+449409400 i318243058 u1105865279 u0 t50.859
8423789 7690000 98 4 w111649 r0 m0 f5239 r0 p20
 1245020787=233353836+613748017+450043153 i318664184 u1107448350 u0 t49.692
8434788 7700000 98 4 w111754 r0 m0 f5244 r0 p20
 1246782177=233681019+614617733+450680599 i319086417 u1109043261 u0 t47.599
8445724 7710000 98 4 w111882 r0 m0 f5250 r0 p20
 1248517107=234002472+615463279+451319534 i319505579 u1110607999 u0 t68.563
8456690 7720000 98 4 w112051 r0 m0 f5258 r0 p20
 1250333794=234341820+616367278+451969295 i319944836 u1112250137 u0 t58.933
8467652 7730000 98 4 w112177 r0 m0 f5264 r0 p20
 1252074252=234667050+617231164+452593172 i320364018 u1113825394 u0 t54.982
8478553 7740000 98 4 w112346 r0 m0 f5272 r0 p20
 1253853729=234999624+618113408+453232321 i320793296 u1115434625 u0 t73.014
8489430 7750000 98 4 w112493 r0 m0 f5279 r0 p20
 1255677181=235342993+619014145+453886870 i321232050 u1117084188 u0 t53.604
8500309 7760000 98 4 w112661 r0 m0 f5287 r0 p20
 1257421422=235670099+619874084+454515806 i321650644 u1118662903 u0 t46.194
8511207 7770000 98 4 w112809 r0 m0 f5294 r0 p20
 1259251820=236010324+620774827+455180774 i322089541 u1120320155 u0 t48.939
8522105 7780000 98 4 w112978 r0 m0 f5302 r0 p20
 1260951999=236327739+621616039+455793326 i322497549 u1121859855 u0 t46.916
8532976 7790000 98 4 w113104 r0 m0 f5308 r0 p20
 1262717107=236657719+622491461+456426738 i322920241 u1123460021 u0 t46.84
8543950 7800000 98 4 w113210 r0 m0 f5313 r0 p20
 1264411548=236976477+623326615+457037466 i323325030 u1124995815 u0 t70.654
8554832 7810000 98 4 w113381 r0 m0 f5321 r0 p20
 1266126815=237298095+624176821+457652856 i323733238 u1126552952 u0 t54.147
8565760 7820000 98 4 w113549 r0 m0 f5329 r0 p20
 1267882022=237626456+625042861+458286345 i324153389 u1128143225 u0 t50.104
8576695 7830000 98 4 w113675 r0 m0 f5335 r0 p20
 1269652757=237960853+625915499+458925033 i324577269 u1129747439 u0 t48.133
8587656 7840000 98 4 w113822 r0 m0 f5342 r0 p20
 1271342606=238277689+626750332+459533882 i324982849 u1131277244 u0 t48.12
8598609 7850000 98 4 w113969 r0 m0 f5349 r0 p20
 1273077878=238603968+627610690+460154940 i325399646 u1132848745 u0 t63.821
8609557 7860000 98 4 w114121 r0 m0 f5356 r0 p20
 1274857316=238934878+628489644+460798176 i325824712 u1134461465 u0 t63.749
8620522 7870000 98 4 w114227 r0 m0 f5361 r0 p20
 1276526700=239246711+629316949+461397965 i326227200 u1135971803 u0 t46.169
8631486 7880000 98 4 w114312 r0 m0 f5365 r0 p20
 1278306216=239576248+630193429+462044666 i326653815 u1137582418 u0 t47.218
8642471 7890000 98 4 w114460 r0 m0 f5372 r0 p20
 1279984194=239891353+631024374+462646976 i327054749 u1139104519 u0 t70.822
8653385 7900000 98 4 w114630 r0 m0 f5380 r0 p20
 1281699165=240210050+631868830+463270433 i327471349 u1140651345 u0 t55.734
8664301 7910000 98 4 w114798 r0 m0 f5388 r0 p20
 1283422689=240532421+632713605+463898949 i327880378 u1142215302 u0 t49.264
8675286 7920000 98 4 w114945 r0 m0 f5395 r0 p20
 1285097362=240846870+633543910+464499084 i328284396 u1143730979 u0 t44.833
8686221 7930000 98 4 w115071 r0 m0 f5401 r0 p20
 1286730388=241153759+634349742+465088042 i328679862 u1145206160 u0 t46.664
8697157 7940000 98 4 w115240 r0 m0 f5409 r0 p20
 1288469167=241478243+635202638+465722928 i329095662 u1146780038 u0 t47.542
8708062 7950000 98 4 w115410 r0 m0 f5417 r0 p20
 1290185372=241796268+636043752+466350802 i329503067 u1148336633 u0 t56.332
8718999 7960000 98 4 w115578 r0 m0 f5425 r0 p20
 1291829226=242107262+636854395+466942684 i329893977 u1149828847 u0 t66.956
8729973 7970000 98 4 w115725 r0 m0 f5432 r0 p20
 1293548890=242428973+637700244+467566964 i330307299 u1151384704 u0 t47.496
8740955 7980000 98 4 w115893 r0 m0 f5440 r0 p20
 1295178218=242736439+638506729+468151234 i330701422 u1152857385 u0 t58.196
8751942 7990000 98 4 w116061 r0 m0 f5448 r0 p20
 1296794617=243040877+639308272+468730020 i331091463 u1154319951 u0 t51.906
8762889 8000000 98 4 w116208 r0 m0 f5455 r0 p20
 1298326219=243329622+640065390+469279684 i331460290 u1155705901 u0 t51.033
8773854 8010000 98 4 w116313 r0 m0 f5460 r0 p20
 1299857554=243620976+640826747+469823112 i331829952 u1157092656 u0 t64.862
8784800 8020000 98 4 w116440 r0 m0 f5466 r0 p20
 1301376913=243908072+641582364+470364143 i332194332 u1158470732 u0 t42.028
8795727 8030000 98 4 w116587 r0 m0 f5473 r0 p20
 1302917012=244198098+642347248+470914125 i332562513 u1159868189 u0 t41.233
8806677 8040000 98 4 w116692 r0 m0 f5478 r0 p20
 1304428077=244484463+643097820+471452454 i332924908 u1161238302 u0 t44.622
8817631 8050000 98 4 w116839 r0 m0 f5485 r0 p20
 1305961000=244774421+643856654+472001777 i333288307 u1162632241 u0 t40.453
Total lines processed: 8051528
Block Count:5, 9995
Avg Block Count:32782
Avg Max Count:1916, 2414, 98
Block Count:813, 114422
Avg Block Count:116
Avg Max Count:211, 170, 98
Block Count:23015, 2676166
Avg Block Count:96
Avg Max Count:172, 142, 93
Level Count:3
Level Count:4
Level Count:5
9318818 5
5067731 5
Max word len: 98
Total words generated: 1306188939
Words inserted 333342237
Words updated: 1162839438
total_cache_requests:  0
total_cache_misses:  0
cache_flush_count:  476
total_cache_requests:  0
total_cache_misses:  0
cache_flush_count:  5487
total_cache_requests:  1816267371
total_cache_misses:  136825971
cache_flush_count:  44338
