Csz: 4, pgsz: 4096
File page count: 0
File page count: 0
Stg buf: 64mb, Idx1 buf: 64mb, Idx1+ buf: 16mb
Idx1 entry count limit: 25 million, Idx2 buf: 16mb
File page count: 0
10988 10000 60 1 w0 r0 m0 f0 r0 p20
 1502009=280567+736357+547318 i721658 u998423 u0 t1.995
22023 20000 60 1 w0 r0 m0 f0 r0 p20
 2970299=556558+1459020+1077812 i1299209 u2102895 u0 t2.08
Idx1+ lookups: 0 0 
33024 30000 60 3 w317 r0 m0 f15 r0 p20
 4455591=837142+2190955+1612898 i1852405 u3251561 u0 t2.333
44043 40000 66 3 w12295 r0 m0 f585 r0 p20
 6021768=1126498+2950354+2194339 i2415006 u4479705 u0 t7.76
55121 50000 66 4 w23964 r3265 m10310 f794 r1317491 p500
 7457432=1399039+3657323+2711810 i2943804 u5596288 u0 t7.04
Idx1+ lookups: 146 81197 
66115 60000 66 4 w27177 r13531 m23613 f800 r2249617 p500
 8882525=1666288+4349737+3237298 i3453341 u6717204 u0 t3.551
77117 70000 66 4 w30414 r27234 m40002 f805 r3515922 p500
 10323681=1938542+5063745+3753209 i3968142 u7854648 u0 t4.221
88102 80000 66 4 w36083 r43277 m58327 f812 r5203342 p500
 11702242=2200826+5741136+4250267 i4446147 u8956663 u0 t4.993
Idx1+ lookups: 857 223184 
99095 90000 66 4 w46009 r63805 m81059 f827 r6819188 p500
 13139065=2468368+6445510+4774403 i4941229 u10106981 u0 t4.868
110113 100000 66 4 w60294 r90965 m112173 f848 r8732381 p500
 14570300=2739305+7152735+5287868 i5433064 u11255627 u0 t5.543
121109 110000 66 4 w70664 r117914 m141387 f864 r9905084 p500
 15981984=3006512+7851613+5792984 i5924024 u12382765 u0 t3.994
Idx1+ lookups: 2460 395093 
132028 120000 66 4 w83728 r151646 m180008 f881 r11728223 p500
 17532484=3286822+8590277+6386159 i6427231 u13648343 u0 t5.353
142990 130000 66 4 w102804 r191801 m225204 f909 r13648411 p500
 18986448=3562710+9311119+6905248 i6923379 u14819014 u0 t5.463
153925 140000 66 4 w113681 r231347 m268247 f925 r14945477 p500
 20474477=3841729+10051396+7435263 i7433625 u16014473 u0 t4.292
Idx1+ lookups: 5134 585778 
164855 150000 66 4 w133737 r280160 m322467 f954 r16941702 p500
 21982251=4126056+10796461+7976893 i7947808 u17228059 u0 t5.687
175812 160000 66 4 w153822 r332175 m378749 f986 r18621074 p500
 23584909=4417148+11560934+8588302 i8473452 u18530713 u0 t5.105
186797 170000 66 4 w169129 r381642 m431638 f1010 r20019726 p500
 25060643=4694278+12291216+9118384 i8978367 u19717449 u0 t4.56
Idx1+ lookups: 9380 788943 
197847 180000 66 4 w195421 r442572 m498068 f1051 r22115855 p500
 26594805=4977567+13035840+9687961 i9489639 u20960075 u0 t5.89
208776 190000 66 4 w220608 r504140 m564394 f1093 r23818925 p500
 28107430=5261667+13783743+10232285 i10002021 u22181226 u0 t5.092
219728 200000 66 4 w241739 r566615 m630896 f1127 r25416226 p500
 29612928=5546285+14529981+10770299 i10509861 u23399757 u0 t4.902
Idx1+ lookups: 15931 1006896 
230584 210000 66 4 w269687 r634550 m702957 f1175 r27086598 p500
 31176719=5839236+15302598+11333221 i11029065 u24671977 u0 t5.098
241548 220000 66 4 w299220 r707155 m780560 f1224 r29043755 p500
 32683216=6122373+16045650+11876729 i11535716 u25891422 u0 t5.618
252514 230000 66 4 w327481 r780301 m857639 f1273 r30662554 p500
 34281334=6415992+16823378+12467909 i12064794 u27189560 u0 t5.138
Idx1+ lookups: 26094 1233166 
263483 240000 66 4 w355201 r854478 m935679 f1322 r32321747 p500
 35779646=6698842+17564571+13004988 i12569587 u28402154 u0 t5.046
274496 250000 66 4 w393574 r939616 m1025597 f1389 r34343953 p500
 37310769=6986369+18323484+13553505 i13083228 u29643139 u0 t5.805
285461 260000 66 4 w426238 r1019336 m1109422 f1447 r36059688 p500
 38803051=7268863+19066410+14083606 i13585038 u30852800 u0 t5.169
Idx1+ lookups: 41148 1469609 
296415 270000 66 4 w455710 r1098766 m1192327 f1500 r37608505 p500
 40291660=7548931+19800727+14620226 i14082857 u32060595 u0 t4.859
307437 280000 66 4 w497068 r1187189 m1284990 f1575 r39440714 p500
 41798390=7832680+20548382+15159093 i14586095 u33284615 u0 t5.423
318462 290000 66 4 w530902 r1276003 m1377462 f1636 r41075809 p500
 43400958=8135339+21341253+15733409 i15122359 u34584980 u0 t5.186
Idx1+ lookups: 62071 1713072 
329483 300000 66 4 w576569 r1376727 m1483045 f1718 r43105328 p500
 45028067=8442234+22155263+16308545 i15673162 u35900844 u0 t6.053
340525 310000 66 4 w616550 r1471852 m1582417 f1790 r44871549 p500
 46615498=8738046+22934138+16886727 i16195837 u37195374 u0 t5.408
Idx1+ lookups: 91999 1957585 
351480 320000 94 4 w660001 r1571153 m1685952 f1869 r46671761 p500
 48198444=9038935+23721499+17447383 i16719076 u38486401 u0 t5.489
362496 330000 94 4 w701400 r1669092 m1788154 f1945 r48479864 p500
 49733444=9330284+24482692+17993474 i17227316 u39737907 u0 t5.464
373551 340000 94 4 w746460 r1770001 m1893133 f2027 r50167800 p500
 51290420=9626097+25253246+18550462 i17746233 u41004021 u0 t5.262
Idx1+ lookups: 133085 2208709 
384689 350000 94 4 w795419 r1879354 m2007584 f2115 r52193408 p500
 52863841=9922129+26021395+19125405 i18269800 u42281903 u0 t5.936
395874 360000 94 4 w839974 r1982315 m2114269 f2197 r53796100 p500
 54481113=10221859+26805577+19724920 i18811235 u43589604 u0 t5.406
406862 370000 94 4 w897785 r2102627 m2239808 f2302 r55953525 p500
 56127737=10531055+27599843+20335875 i19357467 u44926152 u0 t6.621
Idx1+ lookups: 186768 2460589 
417894 380000 94 4 w942922 r2210569 m2351635 f2386 r57607155 p500
 57710652=10827571+28373736+20913921 i19888339 u46207346 u0 t5.507
428912 390000 94 4 w993375 r2321887 m2467145 f2480 r59375456 p500
 59267668=11118998+29134387+21483671 i20406372 u47471389 u0 t5.487
439874 400000 94 4 w1044705 r2433457 m2582955 f2577 r61140988 p500
 60798949=11403897+29878773+22048738 i20909324 u48719981 u0 t5.514
Idx1+ lookups: 253505 2717288 
450859 410000 94 4 w1101099 r2551644 m2705489 f2684 r62970917 p500
 62344803=11692810+30638301+22610561 i21423083 u49976529 u0 t9.351
461847 420000 94 4 w1147662 r2659622 m2817143 f2773 r64550206 p500
 63844431=11974358+31373784+23155226 i21920548 u51196332 u0 t5.071
472807 430000 94 4 w1209618 r2789418 m2951697 f2890 r66580590 p500
 65437780=12274970+32155539+23733015 i22445178 u52496409 u0 t6.214
Idx1+ lookups: 332170 2979498 
483790 440000 94 4 w1267377 r2915984 m3082433 f3002 r68408162 p500
 67045767=12575174+32948774+24314528 i22979879 u53803893 u0 t5.881
494708 450000 94 4 w1323343 r3045615 m3216159 f3109 r70220051 p500
 68699472=12883619+33764275+24912530 i23526647 u55151182 u0 t6.221
Idx1+ lookups: 424176 3248599 
505590 460000 94 4 w1393973 r3187412 m3362598 f3244 r72267535 p500
 70351532=13192036+34579703+25508940 i24071742 u56498988 u0 t7.133
516566 470000 94 4 w1453806 r3320380 m3499733 f3359 r74135902 p500
 71990802=13497983+35383004+26106829 i24608536 u57838169 u0 t6.233
527520 480000 94 4 w1519271 r3463230 m3646980 f3487 r76108154 p500
 73645399=13806248+36198720+26705964 i25154580 u59186868 u0 t6.329
Idx1+ lookups: 528105 3520468 
538466 490000 94 4 w1586819 r3606466 m3794267 f3619 r78039865 p500
 75322036=14118226+37019796+27319560 i25701125 u60559095 u0 t6.389
549399 500000 94 4 w1649371 r3747346 m3939023 f3743 r79804715 p500
 77023425=14443739+37852951+27939452 i26257082 u61950819 u0 t6.042
Idx1+ lookups: 643407 3795191 
560288 510000 94 4 w1710017 r3888836 m4084530 f3861 r81655123 p500
 78683779=14754211+38673947+28537979 i26797621 u63312472 u0 t6.499
571192 520000 94 4 w1795512 r4053634 m4254567 f4027 r83975519 p500
 80352712=15063905+39495351+29144443 i27341074 u64679712 u0 t7.363
582148 530000 94 4 w1853416 r4191940 m4396328 f4141 r85594773 p500
 82036336=15378372+40322769+29756566 i27888816 u66059984 u0 t5.761
Idx1+ lookups: 770840 4070103 
593039 540000 94 4 w1930707 r4357939 m4567102 f4293 r87728116 p500
 83771290=15699382+41171815+30392891 i28445708 u67488210 u0 t6.991
604123 550000 94 4 w2004438 r4505640 m4718981 f4440 r89652104 p500
 85292841=15985696+41911091+30952926 i28932330 u68742867 u0 t6.089
615220 560000 94 4 w2051986 r4617104 m4833361 f4535 r91019042 p500
 86578406=16228956+42541143+31420369 i29340455 u69807494 u0 t4.631
Idx1+ lookups: 921594 4346719 
626410 570000 94 4 w2104011 r4731012 m4950231 f4638 r92398444 p500
 87844101=16466215+43152805+31889826 i29739453 u70856397 u0 t4.83
637646 580000 94 4 w2157724 r4846229 m5068368 f4744 r93784131 p500
 89076810=16700413+43755344+32338702 i30128848 u71879120 u0 t4.766
648847 590000 94 4 w2219468 r4967571 m5192944 f4864 r95283930 p500
 90374030=16941574+44376422+32827115 i30523959 u72965722 u0 t4.932
660023 600000 94 4 w2257729 r5066653 m5294265 f4941 r96380399 p500
 91532382=17161983+44938682+33251932 i30889245 u73926926 u0 t3.871
Idx1+ lookups: 1086770 4620777 
cache requests:  97133132, Misses: 5362863, Flush#: 4996
File page count: 245596
File page count: 0
671169 610000 94 3 w2125 r0 m0 f101 r0 p20
 92677881=17380618+45496976+33670550 i31253873 u74874467 u0 t4.754
682330 620000 94 3 w7923 r0 m0 f377 r0 p20
 93822077=17600425+46050280+34090645 i31614291 u75823864 u0 t5.081
693457 630000 94 3 w11788 r0 m0 f561 r0 p20
 95055697=17831544+46649550+34545330 i31996846 u76852827 u0 t4.172
Idx1+ lookups: 1269089 4674057 219851 
704731 640000 94 3 w16987 r40 m764 f781 r124664 p500
 96294487=18063003+47246521+35007532 i32382590 u77883564 u0 t5.065
715916 650000 94 3 w21303 r1453 m6070 f789 r870501 p500
 97439920=18281492+47802828+35427035 i32743677 u78834490 u0 t4.516
727122 660000 94 3 w23682 r5395 m12394 f793 r1578603 p500
 98670868=18515586+48399959+35879326 i33132898 u79854559 u0 t4.498
738273 670000 94 3 w27441 r10673 m19512 f797 r2246626 p500
 99875743=18744879+48985343+36321344 i33505480 u80862258 u0 t4.302
Idx1+ lookups: 1454447 4725579 447974 
749495 680000 94 4 w33469 r17458 m28312 f805 r3095743 p500
 101042383=18969139+49551143+36748337 i33863844 u81840571 u0 t4.502
760693 690000 94 4 w41675 r26491 m39851 f816 r4289043 p500
 102254980=19199662+50136770+37196455 i34240158 u82852181 u0 t4.759
771972 700000 94 4 w52371 r38393 m54859 f831 r5564342 p500
 103465720=19428892+50723315+37642786 i34624737 u83853823 u0 t4.949
783287 710000 94 4 w61155 r50156 m68954 f844 r6486760 p500
 104639900=19653350+51296043+38070532 i35002196 u84821651 u0 t4.099
Idx1+ lookups: 1637139 4802273 656520 
794503 720000 94 4 w71463 r64541 m86652 f858 r7658346 p500
 105795637=19874772+51860524+38490375 i35367241 u85780998 u0 t4.613
805629 730000 94 4 w83577 r82323 m108140 f875 r8914376 p500
 107012879=20104345+52440052+38949652 i35751705 u86787530 u0 t4.857
816809 740000 94 4 w94549 r100197 m129086 f891 r9979319 p500
 108170750=20322040+52988329+39390324 i36108831 u87752178 u0 t4.304
Idx1+ lookups: 1834048 4899755 842092 
827890 750000 94 4 w106910 r120131 m152059 f909 r11013632 p500
 109346023=20541989+53535547+39846975 i36469430 u88731399 u0 t4.333
839058 760000 94 4 w118201 r140765 m175409 f926 r11973052 p500
 110457274=20754203+54068761+40260181 i36811861 u89660486 u0 t3.991
850231 770000 94 4 w131172 r165347 m203551 f945 r13160137 p500
 111644530=20977813+54640699+40701567 i37184141 u90646109 u0 t4.628
861324 780000 94 4 w144699 r191317 m232821 f966 r14336814 p500
 112756712=21190675+55177904+41111668 i37540382 u91563136 u0 t4.498
Idx1+ lookups: 2014833 5016085 1012791 
872344 790000 94 4 w159646 r216717 m260813 f990 r15284922 p500
 113901230=21409743+55727856+41536166 i37901367 u92512259 u0 t4.02
883522 800000 94 4 w173659 r245274 m292659 f1012 r16399397 p500
 115052446=21630279+56283615+41960828 i38260592 u93471079 u0 t4.388
894714 810000 94 4 w190847 r275874 m326693 f1039 r17631759 p500
 116160183=21843397+56812897+42374928 i38613313 u94385699 u0 t4.594
905844 820000 94 4 w207365 r307012 m360492 f1067 r18638925 p500
 117283223=22058021+57355645+42788962 i38969537 u95314991 u0 t4.092
Idx1+ lookups: 2185168 5143988 1171824 
916882 830000 94 4 w223565 r341388 m397798 f1093 r19716607 p500
 118549967=22298052+57962861+43262652 i39377670 u96355135 u0 t4.56
927964 840000 94 4 w246708 r382242 m442383 f1132 r21163592 p500
 119743936=22526809+58544733+43697164 i39767132 u97333942 u0 t5.218
939033 850000 94 4 w270242 r424199 m487705 f1172 r22435254 p500
 121004026=22765154+59154770+44162145 i40180047 u98363211 u0 t4.909
950128 860000 94 4 w287397 r464487 m530939 f1201 r23601471 p500
 122238911=23000263+59758465+44610481 i40588885 u99369145 u0 t4.642
Idx1+ lookups: 2353302 5287454 1324016 
961260 870000 94 4 w307088 r503780 m572706 f1235 r24590986 p500
 123458245=23233306+60350981+45056196 i40984907 u100369374 u0 t4.225
972424 880000 94 4 w336720 r554321 m627191 f1286 r26122727 p500
 124673076=23464513+60935225+45507237 i41379103 u101364924 u0 t5.417
983571 890000 94 4 w357132 r595899 m671230 f1322 r27113605 p500
 125884344=23693920+61524697+45951042 i41779042 u102351625 u0 t4.198
Idx1+ lookups: 2528898 5440749 1467945 
994789 900000 94 4 w377023 r641607 m720052 f1356 r28290652 p500
 127057734=23916914+62089299+46386563 i42154830 u103318484 u0 t4.638
1005944 910000 94 4 w403890 r691505 m773294 f1403 r29579818 p500
 128303145=24152135+62684289+46852631 i42538513 u104358458 u0 t4.95
1017100 920000 94 4 w429509 r739678 m824539 f1448 r30773625 p500
 129430532=24368313+63227679+47268900 i42902143 u105285520 u0 t4.671
1028294 930000 94 4 w450257 r784554 m872095 f1484 r31803608 p500
 130528677=24578028+63757612+47674284 i43254648 u106190106 u0 t4.147
Idx1+ lookups: 2708495 5603537 1599187 
1039422 940000 94 4 w473160 r832773 m922798 f1525 r32806801 p500
 131687827=24798360+64320403+48099629 i43631503 u107140530 u0 t4.147
1050473 950000 94 4 w499380 r884943 m978144 f1571 r34015834 p500
 132854633=25020472+64887893+48525919 i44002236 u108106023 u0 t4.674
1061568 960000 94 4 w528528 r939297 m1035661 f1623 r35217798 p500
 134043070=25250333+65467521+48956681 i44380507 u109090562 u0 t4.616
1072599 970000 94 4 w561185 r999990 m1100057 f1681 r36621371 p500
 135291847=25485760+66067542+49422293 i44774585 u110124288 u0 t5.206
Idx1+ lookups: 2889341 5773659 1721271 
1083733 980000 94 4 w582941 r1048717 m1150997 f1720 r37518276 p500
 136399100=25701026+66611278+49818919 i45134062 u111035077 u0 t3.796
1094785 990000 94 4 w614965 r1109981 m1215960 f1777 r38916720 p500
 137519050=25917257+67155540+50227043 i45496718 u111955824 u0 t4.94
1105876 1000000 94 4 w641015 r1163134 m1271515 f1825 r39875893 p500
 138665713=26137695+67717784+50640862 i45873339 u112894253 u0 t4.013
Idx1+ lookups: 3070279 5954563 1840135 
1117034 1010000 94 4 w675555 r1225059 m1336868 f1887 r41164652 p500
 139787403=26354448+68264708+51048328 i46242484 u113810477 u0 t4.717
1128112 1020000 94 4 w700343 r1280533 m1394707 f1932 r42156271 p500
 140921791=26573668+68822755+51454807 i46615775 u114738613 u0 t4.06
1139060 1030000 94 4 w739767 r1353023 m1470898 f2004 r43611665 p500
 142169262=26814500+69435817+51902697 i47036097 u115748931 u0 t5.372
1150007 1040000 94 4 w774178 r1426419 m1547516 f2068 r44916881 p500
 143561529=27079998+70114418+52410413 i47507704 u116871527 u0 t5.297
Idx1+ lookups: 3250542 6140363 1957631 
1160894 1050000 94 4 w818895 r1509964 m1635142 f2150 r46486096 p500
 144998334=27351326+70820475+52930359 i47991846 u118033530 u0 t5.869
1171814 1060000 94 4 w861938 r1590838 m1719718 f2230 r47955082 p500
 146379096=27613815+71499763+53428048 i48462255 u119145451 u0 t5.568
1182789 1070000 94 4 w899053 r1668644 m1800602 f2301 r49235074 p500
 147771413=27879098+72187374+53926681 i48941778 u120262368 u0 t5.201
Idx1+ lookups: 3431536 6331205 2072581 
1193726 1080000 94 4 w947818 r1758064 m1894119 f2391 r50903471 p500
 149134067=28139227+72857138+54417549 i49402045 u121363898 u0 t6.061
1204582 1090000 94 4 w999058 r1851394 m1991398 f2486 r52532311 p500
 150558189=28410800+73563244+54924922 i49892996 u122506146 u0 t5.979
1215452 1100000 94 4 w1040396 r1938294 m2081528 f2563 r53903933 p500
 152005113=28686816+74275924+55445128 i50378713 u123678420 u0 t5.406
Idx1+ lookups: 3615409 6534246 2182078 
1226363 1110000 94 4 w1088806 r2036042 m2183010 f2653 r55460565 p500
 153500823=28969235+75014161+55983169 i50892478 u124879063 u0 t5.967
1237247 1120000 94 4 w1139770 r2133248 m2284063 f2749 r57036551 p500
 154937436=29243149+75724625+56496704 i51380987 u126037616 u0 t6.503
1248176 1130000 94 4 w1195505 r2238641 m2393801 f2854 r58801681 p500
 156402735=29522272+76447278+57022338 i51883482 u127214879 u0 t6.449
Idx1+ lookups: 3801738 6743234 2284775 
1259068 1140000 94 4 w1245599 r2336881 m2495571 f2950 r60297488 p500
 157861130=29797985+77168674+57545265 i52385101 u128384852 u0 t5.777
1269968 1150000 94 4 w1296484 r2436210 m2598247 f3046 r61742067 p500
 159329507=30076803+77900612+58066164 i52893566 u129560510 u0 t5.702
1280888 1160000 94 4 w1350153 r2543966 m2709868 f3150 r63359490 p500
 160787360=30353505+78624948+58585504 i53397853 u130727913 u0 t6.176
Idx1+ lookups: 3989095 6953457 2385436 
1291754 1170000 94 4 w1407275 r2651507 m2821194 f3259 r64948137 p500
 162257086=30632524+79353396+59110035 i53907209 u131904024 u0 t6.121
1302652 1180000 94 4 w1467355 r2766230 m2940013 f3372 r66667553 p500
 163740225=30914948+80088433+59638609 i54417985 u133094590 u0 t6.25
1313613 1190000 94 4 w1522066 r2874601 m3052009 f3477 r68161718 p500
 165222365=31196415+80824289+60167001 i54933589 u134278854 u0 t5.888
Idx1+ lookups: 4175578 7173125 2480185 
1324596 1200000 94 4 w1577989 r2986149 m3167150 f3584 r69695283 p500
 166705142=31477697+81562307+60693492 i55445036 u135468397 u0 t6.001
1335456 1210000 94 4 w1648920 r3116221 m3301889 f3721 r71581499 p500
 168224635=31765451+82316176+61235830 i55973897 u136681930 u0 t6.742
1346441 1220000 94 4 w1705872 r3232610 m3421769 f3832 r73098300 p500
 169783151=32059976+83084342+61797326 i56504937 u137936691 u0 t5.924
Idx1+ lookups: 4364674 7394532 2572506 
1357399 1230000 94 4 w1773962 r3364137 m3557511 f3963 r74885402 p500
 171340127=32353047+83856368+62354089 i57038905 u139187481 u0 t6.81
1368385 1240000 94 4 w1841742 r3497377 m3695013 f4095 r76677207 p500
 172947613=32655799+84649796+62933488 i57591779 u140476475 u0 t6.653
1379469 1250000 94 4 w1909650 r3629020 m3830573 f4225 r78343003 p500
 174578358=32960715+85458237+63518400 i58161559 u141775284 u0 t6.534
Idx1+ lookups: 4556814 7622208 2662000 
1390543 1260000 94 4 w1982120 r3771392 m3977327 f4366 r80225567 p500
 176216496=33265768+86260659+64117377 i58722222 u143089358 u0 t6.979
1401635 1270000 94 4 w2056853 r3914215 m4124521 f4513 r82035212 p500
 177844400=33572064+87068311+64699573 i59288933 u144388941 u0 t6.745
Idx1+ lookups: 4748823 7848336 2746993 
1412662 1280000 94 4 w2121448 r4047193 m4261238 f4639 r83671177 p500
 179448464=33876559+87868585+65267070 i59850194 u145668173 u0 t6.412
1423732 1290000 94 4 w2203640 r4197496 m4416127 f4798 r85560527 p500
 181048818=34176735+88658077+65844470 i60405971 u146946252 u0 t7.227
1434749 1300000 94 4 w2274975 r4342500 m4565230 f4936 r87313465 p500
 182708017=34486060+89473649+66447223 i60981052 u148271176 u0 t6.694
Idx1+ lookups: 4941330 8077891 2829362 
1445738 1310000 94 4 w2348256 r4490959 m4717574 f5083 r89028292 p500
 184393707=34802515+90300279+67060585 i61570497 u149611991 u0 t6.698
cache requests:  90668477, Misses: 4847181, Flush#: 5225
File page count: 246965
File page count: 0
1456743 1320000 94 3 w1977 r0 m0 f94 r0 p20
 186070233=35117420+91124338+67668658 i62155969 u150946784 u0 t7.972
Idx1+ lookups: 5135605 8200169 2973964 46910 
1467716 1330000 94 3 w8361 r0 m0 f398 r0 p20
 187826318=35446440+91987570+68306202 i62766534 u152347259 u0 t6.95
1478847 1340000 94 3 w16071 r0 m0 f765 r0 p20
 189576204=35770547+92843092+68948286 i63382204 u153733986 u0 t7.615
1489858 1350000 94 3 w21357 r2580 m7328 f789 r1039482 p500
 191293706=36091274+93689714+69570365 i63985543 u155097905 u0 t7.203
Idx1+ lookups: 5332710 8227616 3170654 138245 
1500812 1360000 94 3 w26306 r8588 m16317 f795 r2063473 p500
 192945491=36397576+94496222+70177412 i64561389 u156412644 u0 t6.884
1511816 1370000 94 4 w35639 r17079 m27919 f807 r3303928 p500
 194629037=36712329+95326971+70785495 i65147113 u157755853 u0 t6.829
1522795 1380000 94 4 w48282 r29880 m44835 f825 r4970318 p500
 196261107=37016280+96132860+71375071 i65718488 u159053754 u0 t7.134
Idx1+ lookups: 5531224 8277686 3355134 223937 
1533703 1390000 94 4 w63527 r44987 m64168 f846 r6475884 p500
 197916580=37324592+96947275+71976458 i66306334 u160361805 u0 t6.825
1544569 1400000 94 4 w79216 r64351 m88199 f868 r8050339 p500
 199559259=37633478+97759355+72566898 i66881823 u161669028 u0 t6.905
Idx1+ lookups: 5733170 8347250 3525410 306863 
1555499 1410000 94 4 w97075 r89178 m118196 f894 r9739866 p500
 201315494=37961628+98624605+73202706 i67499325 u163062704 u0 t7.499
1566395 1420000 94 4 w117848 r117903 m151879 f925 r11350462 p500
 203040851=38283744+99480615+73821800 i68105217 u164434001 u0 t7.115
1577238 1430000 94 4 w139943 r150483 m189732 f959 r13059948 p500
 204769957=38606559+100338547+74442479 i68710765 u165809515 u0 t7.368
Idx1+ lookups: 5934238 8430343 3683634 385055 
1588118 1440000 98 4 w167427 r190007 m234970 f1002 r14977582 p500
 206501964=38930451+101195825+75064964 i69321086 u167183495 u0 t7.823
1598949 1450000 98 4 w192187 r230392 m280037 f1042 r16562558 p500
 208268958=39258963+102068645+75703593 i69942976 u168585597 u0 t7.162
Idx1+ lookups: 6138745 8529553 3832497 461538 
1609797 1460000 98 4 w217923 r275871 m330070 f1085 r18245981 p500
 210044947=39588611+102945770+76346406 i70563529 u169998556 u0 t7.3
1620630 1470000 98 4 w249007 r325101 m384100 f1137 r19974392 p500
 211794585=39917933+103814704+76971470 i71175995 u171391139 u0 t7.38
1631477 1480000 98 4 w281265 r378926 m443000 f1191 r21826761 p500
 213544045=40245037+104679189+77602221 i71790763 u172780052 u0 t7.607
Idx1+ lookups: 6346057 8640722 3974332 533197 
1642373 1490000 98 4 w316270 r436486 m505183 f1252 r23544966 p500
 215341282=40581295+105569208+78248299 i72420662 u174209210 u0 t7.379
1653233 1500000 98 4 w351183 r497758 m571374 f1312 r25315972 p500
 217140861=40916401+106459891+78897104 i73047405 u175644027 u0 t7.525
Idx1+ lookups: 6552953 8763993 4106675 602703 
1664130 1510000 98 4 w388565 r563176 m641832 f1377 r27154294 p500
 218918863=41246819+107335188+79542979 i73667654 u177059291 u0 t7.586
1675034 1520000 98 4 w425047 r627438 m710522 f1441 r28745191 p500
 220707784=41578832+108217124+80191733 i74292204 u178483132 u0 t7.062
1685958 1530000 98 4 w470582 r701916 m790420 f1521 r30662851 p500
 222527080=41916354+109112653+80853015 i74929374 u179929000 u0 t7.868
Idx1+ lookups: 6762581 8897015 4231251 669669 
1696847 1540000 98 4 w516898 r779870 m873637 f1603 r32573310 p500
 224315178=42247473+109988212+81508049 i75556428 u181347868 u0 t7.825
1707676 1550000 98 4 w558044 r854127 m952067 f1677 r34152390 p500
 226145550=42585444+110889061+82174592 i76203343 u182795882 u0 t7.425
Idx1+ lookups: 6973095 9041501 4350748 733708 
1718573 1560000 98 4 w605675 r940889 m1044309 f1761 r36118201 p500
 227977335=42923424+111787999+82844857 i76844131 u184250696 u0 t8.025
1729487 1570000 98 4 w652990 r1022885 m1130837 f1847 r37848239 p500
 229753615=43251320+112659502+83494703 i77466794 u185660754 u0 t7.325
Idx1+ lookups: 7186356 9195211 4463471 795997 
1740347 1580000 98 4 w708422 r1116627 m1229873 f1947 r39822879 p500
 231553104=43584046+113540125+84154536 i78097715 u187088798 u0 t8.719
1751207 1590000 98 4 w758832 r1206592 m1324324 f2039 r41564612 p500
 233379940=43922520+114439161+84819335 i78739067 u188538176 u0 t7.431
1762023 1600000 98 4 w811813 r1302406 m1424953 f2136 r43416209 p500
 235155843=44253361+115316780+85460372 i79363970 u189947187 u0 t7.587
Idx1+ lookups: 7401603 9355747 4572781 858763 
1772878 1610000 98 4 w865705 r1397828 m1524972 f2235 r45191209 p500
 236929770=44581602+116184385+86111454 i79986454 u191354640 u0 t7.493
1783723 1620000 98 4 w928000 r1503472 m1635722 f2350 r47190961 p500
 238688807=44908360+117054935+86745918 i80607164 u192748471 u0 t7.939
Idx1+ lookups: 7619207 9523836 4676823 917791 
1794607 1630000 98 4 w980659 r1601560 m1737934 f2448 r48811031 p500
 240464479=45236722+117925167+87395629 i81234990 u194152124 u0 t7.14
1805498 1640000 98 4 w1039158 r1708463 m1849488 f2557 r50659780 p500
 242254153=45568300+118810419+88042816 i81864145 u195572532 u0 t7.596
1816421 1650000 98 4 w1108108 r1825729 m1971975 f2686 r52688187 p500
 244050465=45899876+119697682+88694298 i82500800 u196992332 u0 t8.114
Idx1+ lookups: 7838438 9699538 4777110 974251 
1827273 1660000 98 4 w1164870 r1933469 m2084051 f2792 r54403373 p500
 245854599=46234183+120581771+89354321 i83137059 u198420457 u0 t7.284
1838160 1670000 98 4 w1236543 r2055675 m2211337 f2927 r56407360 p500
 247658504=46569017+121468086+90011465 i83775098 u199847069 u0 t8.033
Idx1+ lookups: 8058720 9881029 4871504 1030126 
1849005 1680000 98 4 w1293066 r2165015 m2324951 f3032 r58082986 p500
 249430278=46895842+122335533+90661291 i84397567 u201252083 u0 t7.191
1859879 1690000 98 4 w1364819 r2287678 m2452434 f3168 r59990934 p500
 251131279=47212315+123178813+91272934 i84999769 u202598696 u0 t7.573
1870739 1700000 98 4 w1425076 r2403784 m2572685 f3283 r61704052 p500
 252891045=47539369+124052324+91905247 i85623392 u203991177 u0 t7.275
Idx1+ lookups: 8281094 10069733 4962468 1084610 
1881698 1710000 98 4 w1502249 r2534824 m2708771 f3429 r63699913 p500
 254580511=47855132+124886720+92515242 i86219394 u205330510 u0 t7.789
1892578 1720000 98 4 w1561573 r2651665 m2829443 f3543 r65298181 p500
 256293646=48175630+125733252+93133036 i86824887 u206687840 u0 t6.829
Idx1+ lookups: 8505250 10266131 5050475 1137937 
1903425 1730000 98 4 w1633364 r2781033 m2963291 f3681 r67111936 p500
 258022915=48497011+126587322+93759138 i87433966 u208059641 u0 t7.455
1914319 1740000 98 4 w1712310 r2921379 m3108826 f3831 r69181784 p500
 259815209=48830592+127465985+94414637 i88065336 u209479247 u0 t8.038
1925121 1750000 98 4 w1782987 r3054043 m3245842 f3969 r70939632 p500
 261541348=49152781+128320704+95035878 i88677695 u210844815 u0 t7.478
Idx1+ lookups: 8731312 10465493 5136285 1189470 
1936035 1760000 98 4 w1858565 r3195610 m3391891 f4113 r72833094 p500
 263330395=49486167+129206644+95680325 i89315453 u212256586 u0 t7.692
1946942 1770000 98 4 w1936571 r3336765 m3537786 f4263 r74757576 p500
 265050284=49805914+130048834+96309106 i89915311 u213625128 u0 t7.667
Idx1+ lookups: 8957498 10673833 5218313 1238334 
1957829 1780000 98 4 w2009560 r3476176 m3681494 f4405 r76526555 p500
 266753303=50124838+130892409+96920932 i90520521 u214971739 u0 t7.503
1968722 1790000 98 4 w2084242 r3615481 m3824972 f4551 r78239870 p500
 268493552=50448739+131746780+97555161 i91134933 u216349638 u0 t7.152
1979581 1800000 98 4 w2164874 r3761665 m3975730 f4706 r80135358 p500
 270164288=50760785+132567358+98163038 i91726958 u217670455 u0 t7.463
Idx1+ lookups: 9186753 10881500 5297328 1287043 
1990482 1810000 98 4 w2239923 r3903472 m4121782 f4850 r81912678 p500
 271830252=51072079+133383609+98770962 i92315630 u218989069 u0 t7.187
2001382 1820000 98 4 w2319399 r4050633 m4273134 f5004 r83700954 p500
 273492871=51381902+134197434+99378998 i92906378 u220301479 u0 t7.326
Idx1+ lookups: 9419995 11094037 5372659 1335079 
2012247 1830000 98 4 w2397189 r4196853 m4423590 f5156 r85472325 p500
 275187120=51698829+135031055+99993704 i93503391 u221644626 u0 t7.248
2023129 1840000 98 4 w2480077 r4350428 m4581349 f5321 r87285655 p500
 276861603=52011532+135854419+100601958 i94095112 u222970115 u0 t7.284
cache requests:  88088453, Misses: 4651381, Flush#: 5394
File page count: 249249
File page count: 0
2034053 1850000 98 3 w3510 r0 m0 f167 r0 p20
 278586086=52334286+136703614+101226354 i94708052 u224332239 u0 t7.513
Idx1+ lookups: 9654493 11222644 5495799 1397466 26795 
2044917 1860000 98 3 w10463 r0 m0 f498 r0 p20
 280251224=52646494+137526857+101826009 i95298161 u225650038 u0 t7.529
2055814 1870000 98 3 w17528 r25 m1049 f782 r161098 p500
 281924750=52958788+138352252+102431703 i95901086 u226963925 u0 t7.495
2066728 1880000 98 3 w22035 r3537 m8548 f790 r1234814 p500
 283579260=53268199+139169715+103028509 i96486839 u228273474 u0 t7.4
Idx1+ lookups: 9889952 11245401 5672279 1475910 88893 
2077660 1890000 98 3 w27223 r9988 m18147 f796 r2276134 p500
 285237044=53579292+139988643+103625286 i97070322 u229589083 u0 t7.321
2088614 1900000 98 4 w38284 r18702 m30077 f811 r3327930 p500
 286912655=53892335+140810185+104236352 i97659100 u230918080 u0 t7.05
Idx1+ lookups: 10128888 11287773 5836145 1551734 147147 
2099586 1910000 98 4 w52114 r31019 m46725 f830 r4927522 p500
 288616243=54209093+141647327+104856783 i98254915 u232272616 u0 t7.469
2110524 1920000 98 4 w67033 r46112 m66100 f851 r6395127 p500
 290241237=54514629+142446303+105445717 i98826036 u233562340 u0 t6.988
2121483 1930000 98 4 w83177 r65485 m90520 f874 r8049524 p500
 291923570=54829825+143276743+106052519 i99420916 u234894823 u0 t7.523
Idx1+ lookups: 10367653 11346365 5989588 1624805 200654 
2132440 1940000 98 4 w99088 r86947 m116218 f897 r9432143 p500
 293565784=55136148+144083806+106649839 i100001129 u236194777 u0 t7.392
2143340 1950000 98 4 w120413 r113990 m148483 f929 r11074581 p500
 295239019=55448867+144906211+107257969 i100590316 u237521765 u0 t7.601
2154286 1960000 98 4 w140268 r142642 m181681 f960 r12558336 p500
 296860107=55753648+145703015+107845359 i101161646 u238807408 u0 t6.93
Idx1+ lookups: 10607493 11420239 6134925 1695100 252258 
2165157 1970000 98 4 w162587 r173543 m217061 f995 r14010834 p500
 298412591=56044542+146464173+108410700 i101706774 u240039669 u0 t6.723
2176142 1980000 98 4 w185303 r207249 m255012 f1032 r15459270 p500
 299979496=56338337+147235354+108978397 i102259145 u241282037 u0 t6.833
Idx1+ lookups: 10850159 11506107 6273234 1763856 303402 
2187090 1990000 98 4 w209184 r246157 m298492 f1071 r17055021 p500
 301618575=56644428+148044181+109570873 i102840616 u242577994 u0 t8.057
2198031 2000000 98 4 w234168 r285217 m341507 f1113 r18476108 p500
 303185210=56938923+148817650+110135184 i103393308 u243820584 u0 t6.668
2208970 2010000 98 4 w264464 r329296 m389888 f1164 r20070818 p500
 304752540=57232180+149587337+110705170 i103943996 u245064472 u0 t7.039
Idx1+ lookups: 11093695 11602216 6403497 1829808 350969 
2219875 2020000 98 4 w292782 r373847 m438258 f1213 r21467813 p500
 306334455=57532948+150371332+111270400 i104503577 u246318371 u0 t6.618
2230717 2030000 98 4 w322839 r422871 m491747 f1264 r23078605 p500
 307845651=57817948+151122157+111809532 i105036607 u247517877 u0 t7.06
2241553 2040000 98 4 w352658 r471469 m544333 f1316 r24499212 p500
 309373570=58105978+151881084+112355392 i105581367 u248724644 u0 t6.591
Idx1+ lookups: 11338841 11709638 6529627 1895076 397196 
2252478 2050000 98 4 w388143 r524135 m601184 f1378 r26005497 p500
 310917801=58397346+152645204+112909519 i106129821 u249946335 u0 t6.807
2263400 2060000 98 4 w422290 r580845 m662545 f1437 r27598599 p500
 312460636=58688083+153405052+113466755 i106675289 u251168452 u0 t6.967
2274335 2070000 98 4 w455193 r634701 m720209 f1495 r28926781 p500
 314006113=58979074+154169481+114021866 i107221654 u252393449 u0 t6.597
Idx1+ lookups: 11586377 11827793 6648113 1958818 443012 
2285238 2080000 98 4 w490678 r690949 m780376 f1558 r30309158 p500
 315479761=59257781+154893633+114554732 i107740644 u253563194 u0 t6.51
2296195 2090000 98 4 w526594 r753687 m847486 f1621 r31864417 p500
 317001742=59547160+155648315+115097246 i108275931 u254772932 u0 t7.503
2307093 2100000 98 4 w568756 r821785 m920027 f1697 r33475393 p500
 318548784=59841585+156419314+115645210 i108821219 u256002715 u0 t7.047
Idx1+ lookups: 11833853 11954170 6761093 2019548 487539 
2317991 2110000 98 4 w603899 r883321 m985179 f1760 r34812012 p500
 320065310=60129116+157167613+116190543 i109353188 u257209149 u0 t6.314
2328915 2120000 98 4 w644509 r951088 m1057140 f1833 r36314769 p500
 321540226=60409484+157900375+116714932 i109874238 u258379561 u0 t7.17
Idx1+ lookups: 12082230 12089439 6869551 2077648 531039 
2339889 2130000 98 4 w692566 r1024985 m1135547 f1920 r37934393 p500
 323065272=60697602+158658425+117258241 i110417040 u259585832 u0 t7.766
2350849 2140000 98 4 w727073 r1090824 m1204643 f1984 r39195129 p500
 324569276=60981045+159406540+117794073 i110950348 u260777064 u0 t6.577
2361818 2150000 98 4 w772852 r1165679 m1283496 f2068 r40693711 p500
 326046163=61261072+160142425+118317711 i111474332 u261947713 u0 t6.762
Idx1+ lookups: 12331764 12230248 6972478 2135889 573412 
2372703 2160000 98 4 w821360 r1245400 m1367531 f2157 r42325951 p500
 327582195=61550056+160900281+118871928 i112015489 u263166338 u0 t7.139
2383611 2170000 98 4 w865918 r1320929 m1446785 f2239 r43748474 p500
 329020933=61822910+161615512+119384128 i112524760 u264307343 u0 t6.524
2394538 2180000 98 4 w910316 r1396539 m1525983 f2321 r45149321 p500
 330471640=62098697+162341500+119894769 i113040876 u265456335 u0 t6.389
Idx1+ lookups: 12581929 12378667 7072557 2193589 614825 
2405448 2190000 98 4 w961114 r1484731 m1618376 f2415 r46739299 p500
 332047282=62396171+163128686+120452548 i113598809 u266705927 u0 t7.245
2416385 2200000 98 4 w1011265 r1569330 m1706821 f2509 r48206959 p500
 333572677=62685022+163886371+120996698 i114138954 u267914909 u0 t6.756
2427291 2210000 98 4 w1058388 r1652165 m1793534 f2596 r49680875 p500
 335055154=62966105+164620723+121527332 i114659622 u269093966 u0 t6.551
Idx1+ lookups: 12833632 12533335 7168150 2248663 654260 
2438224 2220000 98 4 w1118654 r1748735 m1894478 f2709 r51359831 p500
 336562228=63251799+165373345+122060347 i115196036 u270286572 u0 t7.213
2449156 2230000 98 4 w1163592 r1832714 m1981791 f2793 r52658083 p500
 338098470=63544181+166137065+122607037 i115737785 u271506594 u0 t6.39
2460085 2240000 98 4 w1221156 r1932205 m2085223 f2902 r54266888 p500
 339674657=63843460+166921569+123166530 i116297800 u272754122 u0 t7.076
Idx1+ lookups: 13086361 12695244 7259852 2302357 693839 
2471031 2250000 98 4 w1286642 r2041208 m2198977 f3024 r56084700 p500
 341328221=64154313+167736404+123763464 i116884807 u274061280 u0 t7.863
2481891 2260000 98 4 w1340203 r2136721 m2298096 f3125 r57514065 p500
 342920094=64455060+168519044+124339193 i117444753 u275324610 u0 t6.774
2492839 2270000 98 4 w1404375 r2246823 m2412736 f3246 r59276109 p500
 344524932=64756130+169308970+124920291 i118010386 u276597740 u0 t7.478
Idx1+ lookups: 13340959 12860629 7347894 2356680 732050 
2503770 2280000 98 4 w1470851 r2359301 m2529413 f3371 r60935460 p500
 346165173=65065475+170120749+125508611 i118593767 u277894256 u0 t7.43
2514685 2290000 98 4 w1528577 r2465693 m2639634 f3480 r62487216 p500
 347777859=65367628+170914357+126092672 i119164683 u279171019 u0 t6.997
Idx1+ lookups: 13597172 13033931 7433716 2409027 770426 
2525687 2300000 98 4 w1604057 r2590135 m2768865 f3623 r64336007 p500
 349430556=65676533+171726819+126692647 i119747857 u280479980 u0 t8.012
2536614 2310000 98 4 w1659635 r2696933 m2879224 f3729 r65768692 p500
 351071462=65982636+172534843+127287338 i120329400 u281777832 u0 t6.845
2547690 2320000 98 4 w1735188 r2826384 m3013337 f3873 r67599406 p500
 352775789=66300993+173374078+127904919 i120937637 u283121146 u0 t7.834
Idx1+ lookups: 13853582 13209062 7515574 2459440 808941 
2558712 2330000 98 4 w1809674 r2955185 m3146797 f4016 r69420889 p500
 354479327=66619347+174214406+128520924 i121542600 u284467175 u0 t8.144
2569709 2340000 98 4 w1883078 r3083274 m3279247 f4156 r71149898 p500
 356119816=66929029+175032721+129102657 i122126088 u285765526 u0 t7.511
2580699 2350000 98 4 w1953911 r3212877 m3413085 f4291 r72851892 p500
 357866975=67253212+175889572+129740737 i122747091 u287144814 u0 t7.661
Idx1+ lookups: 14113395 13389195 7595827 2507928 846446 
2591715 2360000 98 4 w2028632 r3347991 m3552638 f4436 r74599351 p500
 359567798=67570319+176725970+130359050 i123353023 u288486295 u0 t10.549
2602831 2370000 98 4 w2105583 r3486389 m3695353 f4584 r76369915 p500
 361333804=67899239+177596044+130999241 i123985847 u289876210 u0 t10.399
Idx1+ lookups: 14372201 13576432 7672175 2555655 884189 
2613986 2380000 98 4 w2200576 r3647332 m3861573 f4767 r78490555 p500
 363142494=68230806+178475866+131670096 i124625007 u291305552 u0 t10.677
2624949 2390000 98 4 w2269224 r3784465 m4002629 f4901 r80125706 p500
 364958248=68564735+179361240+132340268 i125275337 u292732218 u0 t7.586
Idx1+ lookups: 14631575 13763560 7746070 2601869 920081 
2635909 2400000 98 4 w2366383 r3946394 m4169673 f5089 r82149506 p500
 366793742=68902584+180257977+133015990 i125932722 u294174295 u0 t9.028
2646913 2410000 98 4 w2449080 r4098436 m4326292 f5250 r84048366 p500
 368547157=69226360+181113701+133662101 i126561951 u295550644 u0 t8.126
2657884 2420000 98 4 w2528833 r4245092 m4477139 f5405 r85768272 p500
 370250743=69543018+181948977+134283775 i127167520 u296895074 u0 t7.869
cache requests:  86203625, Misses: 4516094, Flush#: 5447
File page count: 249462
File page count: 0
Idx1+ lookups: 14892359 13938900 7826030 2649812 956821 4244 
2668918 2430000 98 3 w5211 r0 m0 f248 r0 p20
 371945334=69856854+182774867+134907321 i127772733 u298228243 u0 t7.857
2679809 2440000 98 3 w12688 r0 m0 f604 r0 p20
 373593593=70165486+183587194+135502816 i128374399 u299514293 u0 t7.969
2690746 2450000 98 3 w18059 r202 m1771 f783 r290838 p500
 375264732=70476391+184414187+136105363 i128977791 u300825035 u0 t7.167
Idx1+ lookups: 15156854 13952273 7989143 2725197 1007536 50205 
2701594 2460000 98 3 w22069 r4346 m9757 f790 r1387739 p500
 377026942=70804695+185280946+136745118 i129609125 u302211349 u0 t8.106
2712475 2470000 98 3 w29711 r11228 m19959 f799 r2441308 p500
 378737275=71123412+186129022+137359567 i130219851 u303560170 u0 t7.951
Idx1+ lookups: 15421763 13985151 8142568 2796351 1057122 93099 
2723357 2480000 98 4 w41229 r21189 m33581 f815 r4018842 p500
 380487328=71448458+186993347+137992245 i130838533 u304945855 u0 t7.866
2734166 2490000 98 4 w54987 r33558 m50164 f834 r5514370 p500
 382198024=71767925+187837149+138610940 i131446745 u306297066 u0 t7.615
2745023 2500000 98 4 w71924 r50928 m72529 f858 r7163797 p500
 383959910=72094368+188705051+139251002 i132074682 u307686651 u0 t8.144
Idx1+ lookups: 15689143 14033603 8287383 2867325 1105441 135973 
2755880 2510000 98 4 w90314 r70681 m97228 f884 r8757812 p500
 385703183=72418174+189565646+139881674 i132698589 u309059195 u0 t8.038
2766772 2520000 98 4 w111728 r95430 m127307 f916 r10405649 p500
 387463931=72744988+190431472+140522086 i133328327 u310445683 u0 t8.402
Idx1+ lookups: 15956958 14093651 8424029 2934908 1151530 176758 
2777605 2530000 98 4 w131834 r122208 m158707 f947 r11880029 p500
 389210244=73071112+191290844+141155276 i133945489 u311828313 u0 t8.409
2788466 2540000 98 4 w158467 r156162 m198203 f989 r13673911 p500
 390993925=73405001+192169511+141801295 i134579218 u313236779 u0 t8.691
2799329 2550000 98 4 w184592 r194068 m241315 f1031 r15394554 p500
 392854436=73747080+193084041+142481179 i135241337 u314703679 u0 t8.918
Idx1+ lookups: 16224684 14167714 8552527 3000143 1196058 214438 
2810193 2560000 98 4 w212707 r233843 m286036 f1077 r17082121 p500
 394586175=74069906+193939383+143107047 i135864890 u316063365 u0 t8.715
2821115 2570000 98 4 w238610 r275129 m331472 f1121 r18550926 p500
 396373854=74400331+194815983+143761024 i136502020 u317471661 u0 t11.156
Idx1+ lookups: 16493061 14253512 8676480 3062923 1241309 252561 
2832025 2580000 98 4 w272882 r325184 m386800 f1179 r20386444 p500
 398201283=74740010+195716692+144423960 i137155820 u318910356 u0 t11.055
2842894 2590000 98 4 w307243 r376058 m442276 f1238 r22103047 p500
 399960875=75065982+196579442+145067439 i137784060 u320296195 u0 t11.394
Idx1+ lookups: 16766062 14349383 8793017 3124879 1283586 288814 
2853742 2600000 98 4 w343892 r430518 m501315 f1302 r23739837 p500
 401811634=75407233+197492344+145739777 i138445848 u321753210 u0 t9.401
2864632 2610000 98 4 w383371 r492632 m568785 f1370 r25635745 p500
 403667966=75750169+198409680+146411818 i139102679 u323221899 u0 t10.47
2875503 2620000 98 4 w424988 r556452 m637823 f1443 r27440834 p500
 405501187=76090975+199311909+147078283 i139757979 u324665634 u0 t19.989
Idx1+ lookups: 17037654 14454539 8904393 3184615 1325879 324682 
2886360 2630000 98 4 w462637 r617849 m703680 f1509 r28990198 p500
 407318394=76428580+200209416+147736246 i140408071 u326096902 u0 t9.27
2897239 2640000 98 4 w507509 r688249 m779362 f1588 r30800270 p500
 409133084=76766405+201102314+148395438 i141054130 u327528106 u0 t10.598
Idx1+ lookups: 17310102 14568243 9011495 3242457 1367221 358810 
2908079 2650000 98 4 w559200 r764340 m861012 f1680 r32717288 p500
 410998892=77114178+202021249+149071777 i141718658 u328999878 u0 t13.176
2919336 2660000 98 4 w599785 r834118 m934929 f1753 r34221774 p500
 412865095=77458535+202937691+149753790 i142371708 u330482283 u0 t9.323
Idx1+ lookups: 17581745 14687580 9113272 3299518 1405944 390436 
2930193 2670000 98 4 w653539 r916987 m1023071 f1850 r36083656 p500
 414758028=77807462+203871479+150441590 i143044375 u331976472 u0 t13.88
2941058 2680000 98 4 w710322 r1004517 m1116226 f1952 r38067499 p500
 416562298=78141604+204760082+151097021 i143691227 u333395047 u0 t10.572
2951948 2690000 98 4 w759210 r1085779 m1201528 f2042 r39636905 p500
 418394567=78482060+205663987+151760410 i144341699 u334842702 u0 t21.426
Idx1+ lookups: 17856298 14817040 9211101 3355080 1445165 422250 
2962792 2700000 98 4 w812229 r1172322 m1292704 f2139 r41359405 p500
 420187245=78815085+206550897+152407374 i144983478 u336254169 u0 t11.262
2973731 2710000 98 4 w870016 r1265712 m1391261 f2245 r43255245 p500
 421964447=79147445+207422084+153055205 i145614015 u337657610 u0 t14.662
Idx1+ lookups: 18131310 14958152 9305904 3410196 1483517 453031 
2984605 2720000 98 4 w922576 r1353293 m1482988 f2342 r44837139 p500
 423762171=79480129+208299528+153716891 i146246994 u339080590 u0 t11.368
2995574 2730000 98 4 w980664 r1449201 m1583484 f2450 r46599905 p500
 425541780=79809047+209170707+154369183 i146879901 u340483355 u0 t9.467
3006468 2740000 98 4 w1043940 r1550132 m1689306 f2567 r48428515 p500
 427360559=80145053+210063381+155033678 i147529690 u341914140 u0 t10.643
Idx1+ lookups: 18408575 15101847 9396287 3462966 1520771 483121 
3017345 2750000 98 4 w1104703 r1652055 m1795914 f2680 r50225180 p500
 429112466=80471448+210929421+155665389 i148156055 u343294453 u0 t12.733
3028291 2760000 98 4 w1165968 r1752729 m1900913 f2796 r51924843 p500
 430853628=80794053+211779723+156304391 i148782012 u344660157 u0 t10.954
Idx1+ lookups: 18688379 15250183 9484133 3514527 1557847 514020 
3039192 2770000 98 4 w1218759 r1845165 m1997113 f2894 r53392231 p500
 432538461=81107787+212604140+156920898 i149379553 u345990228 u0 t22.561
3050078 2780000 98 4 w1285874 r1953397 m2110118 f3019 r55182260 p500
 434247277=81429031+213437682+157545343 i149983579 u347341078 u0 t11.582
3060975 2790000 98 4 w1352771 r2066140 m2227567 f3146 r56998452 p500
 436026715=81761305+214309126+158194410 i150610486 u348749898 u0 t10.996
Idx1+ lookups: 18966268 15402702 9567241 3566250 1593700 543473 
3071909 2800000 98 4 w1414788 r2171166 m2336753 f3263 r58582206 p500
 437724222=82079132+215137533+158816103 i151210974 u350091234 u0 t9.663
3082762 2810000 98 4 w1484618 r2288533 m2458751 f3395 r60375146 p500
 439502098=82407520+216004295+159471644 i151844680 u351490547 u0 t9.219
Idx1+ lookups: 19247202 15566378 9647438 3615750 1629719 572695 
3093667 2820000 98 4 w1557142 r2408167 m2583129 f3532 r62192724 p500
 441252475=82734828+216859883+160111731 i152467464 u352869886 u0 t24.243
3104606 2830000 98 4 w1620425 r2519041 m2697885 f3654 r63752138 p500
 443006883=83060939+217716620+160755196 i153090642 u354253838 u0 t10.579
3115556 2840000 98 4 w1695159 r2644409 m2828007 f3797 r65579057 p500
 444688481=83372733+218538469+161372236 i153688325 u355580035 u0 t9.372
Idx1+ lookups: 19531148 15732479 9726342 3663991 1664551 601861 
3126447 2850000 98 4 w1764535 r2765325 m2953251 f3929 r67277031 p500
 446373566=83687025+219365885+161985484 i154287349 u356910032 u0 t11.117
3137354 2860000 98 4 w1831899 r2884251 m3076362 f4058 r68915523 p500
 448084410=84007360+220203015+162608631 i154890842 u358264100 u0 t9.03
Idx1+ lookups: 19815504 15903948 9802715 3711161 1698824 630044 
3148306 2870000 98 4 w1910403 r3012272 m3209001 f4208 r70685882 p500
 449709146=84311145+221001359+163198792 i155470243 u359545104 u0 t16.3
3159170 2880000 98 4 w1977570 r3131899 m3332630 f4336 r72252497 p500
 451351882=84617909+221801999+163801990 i156054344 u360840396 u0 t15.108
3170031 2890000 98 4 w2049458 r3257837 m3462715 f4475 r73886863 p500
 453013492=84929203+222613413+164410040 i156639565 u362156674 u0 t9.047
Idx1+ lookups: 20100892 16080937 9877130 3757491 1732967 660495 
3180938 2900000 98 4 w2128969 r3393782 m3603158 f4630 r75694986 p500
 454661681=85237778+223419314+165012236 i157226847 u363455737 u0 t11.88
3191816 2910000 98 4 w2206360 r3527570 m3741131 f4779 r77350038 p500
 456350591=85550949+224239011+165637741 i157822673 u364791188 u0 t9.218
3202736 2920000 98 4 w2277099 r3659242 m3876794 f4918 r78969137 p500
 458067183=85872730+225081734+166261324 i158433414 u366145379 u0 t12.945
Idx1+ lookups: 20387868 16261701 9948888 3802495 1766391 688755 
3213588 2930000 98 4 w2363130 r3804060 m4026091 f5083 r80768852 p500
 459765403=86191157+225911227+166882779 i159037573 u367483970 u0 t22.89
3224450 2940000 98 4 w2440938 r3944156 m4170502 f5234 r82521292 p500
 461458958=86506014+226744049+167499073 i159645811 u368814124 u0 t10.127
Idx1+ lookups: 20676605 16449718 10018780 3847420 1800294 716185 
3235384 2950000 98 4 w2523480 r4090059 m4320550 f5395 r84243866 p500
 463116228=86815090+227563975+168096159 i160240504 u370118210 u0 t10.369
cache requests:  85780896, Misses: 4453832, Flush#: 5539
File page count: 250523
File page count: 0
3246267 2960000 98 3 w781 r0 m0 f37 r0 p20
 464858603=87140346+228419120+168730537 i160862348 u371490864 u0 t10.779
3257218 2970000 98 3 w7733 r0 m0 f368 r0 p20
 466613074=87466190+229282067+169368910 i161491624 u372869723 u0 t9.346
Idx1+ lookups: 20966873 16530516 10136593 3907799 1841720 748129 28071 
3268155 2980000 98 3 w14562 r0 m0 f693 r0 p20
 468268376=87775619+230093744+169972379 i162085096 u374170781 u0 t9.982
3278993 2990000 98 3 w19163 r1039 m3941 f785 r639709 p500
 469969715=88091511+230926039+170595817 i162690680 u375512122 u0 t22.063
Idx1+ lookups: 21256480 16553963 10281564 3978681 1887605 782939 68748 
3289873 3000000 98 3 w23141 r5588 m11564 f791 r1591936 p500
 471569970=88391941+231705539+171183343 i163251299 u376782937 u0 t9.706
3300770 3010000 98 3 w31729 r12685 m21927 f801 r2580703 p500
 473233246=88702602+232525382+171785545 i163842173 u378097387 u0 t11.429
3311716 3020000 98 4 w43408 r21797 m34560 f817 r4039925 p500
 474884704=89011906+233343669+172378776 i164433007 u379398349 u0 t8.973
Idx1+ lookups: 21549944 16590591 10421115 4046742 1932713 818041 104253 
3322684 3030000 98 4 w57573 r34531 m51529 f837 r5512371 p500
 476508174=89314099+234142224+172968486 i165016188 u380674019 u0 t10.488
3333558 3040000 98 4 w72411 r49084 m70342 f858 r6915441 p500
 478143366=89618548+234943979+173565228 i165598994 u381963323 u0 t9.24
3344467 3050000 98 4 w88749 r67440 m93486 f881 r8381697 p500
 479740737=89918385+235729820+174143829 i166168445 u383223494 u0 t8.692
Idx1+ lookups: 21844348 16640111 10552976 4113958 1978109 851657 138002 
3355390 3060000 98 4 w106593 r88913 m119734 f908 r9893605 p500
 481413586=90230624+236550329+174753692 i166762108 u384544980 u0 t9.023
3366284 3070000 98 4 w128309 r114115 m149640 f941 r11397713 p500
 482988960=90526560+237328756+175320755 i167323683 u385788215 u0 t10.775
3377177 3080000 98 4 w146562 r139222 m178719 f970 r12656126 p500
 484606407=90828041+238120588+175912435 i167897563 u387064797 u0 t8.249
Idx1+ lookups: 22137565 16703803 10681220 4178744 2021093 884347 169693 
3388055 3090000 98 4 w171866 r171301 m215859 f1010 r14326016 p500
 486152468=91119668+238885764+176466949 i168450095 u388284184 u0 t9.02
3398880 3100000 98 4 w191587 r200786 m248944 f1043 r15587696 p500
 487684763=91409430+239647791+177012102 i169001366 u389489801 u0 t10.244
Idx1+ lookups: 22432066 16773899 10800873 4241856 2063484 918224 201253 
3409787 3110000 98 4 w218715 r236599 m289191 f1088 r17089274 p500
 489223743=91698454+240408490+177565964 i169550021 u390704360 u0 t9.684
3420708 3120000 98 4 w242897 r271916 m328342 f1128 r18412307 p500
 490782966=91991874+241181846+178124362 i170108270 u391933283 u0 t8.234
3431637 3130000 98 4 w271002 r313619 m374531 f1176 r19982047 p500
 492372061=92290972+241966929+178696725 i170677614 u393184276 u0 t8.945
Idx1+ lookups: 22728705 16855003 10916828 4303572 2104697 951527 230745 
3442607 3140000 98 4 w300017 r353423 m418070 f1226 r21327154 p500
 493867479=92576410+242705734+179231864 i171210871 u394365023 u0 t8.062
3453456 3150000 98 4 w328503 r395341 m463726 f1275 r22616908 p500
 495418218=92870797+243475997+179783874 i171763192 u395591112 u0 t21.088
3464366 3160000 98 4 w362569 r445055 m517947 f1334 r24202653 p500
 496965936=93164715+244245389+180334199 i172319333 u396809468 u0 t9.766
Idx1+ lookups: 23023283 16947127 11026655 4363451 2145065 983120 258724 
3475266 3170000 98 4 w395881 r494616 m571816 f1392 r25691544 p500
 498503481=93454655+245005791+180885711 i172871950 u398018589 u0 t11.558
3486141 3180000 98 4 w428310 r542101 m623119 f1449 r26983964 p500
 499986498=93737190+245741376+181413852 i173401123 u399190341 u0 t11.828
3497008 3190000 98 4 w462422 r593693 m678763 f1509 r28379806 p500
 501529487=94026056+246498293+181975369 i173946384 u400411546 u0 t18.806
Idx1+ lookups: 23320638 17045397 11131629 4421474 2184469 1014210 287108 
3507853 3200000 98 4 w500926 r651419 m740925 f1577 r29917229 p500
 503046559=94315835+247250150+182516197 i174485860 u401611338 u0 t20.364
3518683 3210000 98 4 w539184 r709953 m803752 f1645 r31374056 p500
 504564868=94603075+248002586+183059009 i175029338 u402808470 u0 t23.865
3529542 3220000 98 4 w571570 r764041 m861275 f1703 r32601005 p500
 506086306=94893153+248756525+183601588 i175574949 u404007299 u0 t20.62
Idx1+ lookups: 23619615 17152878 11232728 4478869 2222996 1045414 315921 
3540480 3230000 98 4 w612763 r825436 m926719 f1777 r34056672 p500
 507573435=95176490+249498789+184127119 i176108352 u405180058 u0 t18.382
3551409 3240000 98 4 w660389 r895504 m1001296 f1863 r35698140 p500
 509136904=95471887+250274207+184686052 i176669636 u406411607 u0 t51.296
3562370 3250000 98 4 w696964 r956017 m1065217 f1930 r36964110 p500
 510633889=95756816+251017114+185219210 i177206106 u407591512 u0 t20.14
Idx1+ lookups: 23920192 17266421 11329560 4535470 2261382 1075947 342756 
3573321 3260000 98 4 w742019 r1024812 m1137975 f2012 r38428359 p500
 512154031=96046348+251771059+185761190 i177750646 u408790274 u0 t18.805
3584317 3270000 98 4 w786178 r1094085 m1211160 f2093 r39829191 p500
 513711000=96340918+252547891+186312667 i178309424 u410017315 u0 t24.68
Idx1+ lookups: 24218710 17388978 11422074 4590605 2299351 1105803 369082 
3595165 3280000 98 4 w834860 r1170364 m1291733 f2182 r41392322 p500
 515228612=96629800+253298990+186854771 i178851114 u411215725 u0 t19.292
3606131 3290000 98 4 w880144 r1245106 m1370240 f2265 r42814493 p500
 516787712=96926491+254070286+187412396 i179406319 u412448067 u0 t22.765
3617031 3300000 98 4 w928549 r1320235 m1449233 f2354 r44248430 p500
 518283261=97210191+254817319+187941237 i179943933 u413626374 u0 t22.622
Idx1+ lookups: 24518394 17516595 11513163 4645591 2335893 1134889 394794 
3627996 3310000 98 4 w980483 r1402074 m1535120 f2451 r45801607 p500
 519803633=97499274+255577531+188477038 i180494041 u414820703 u0 t21.346
3638920 3320000 98 4 w1032467 r1484895 m1622055 f2547 r47296149 p500
 521375389=97793280+256352278+189045476 i181055949 u416058862 u0 t23.979
3649881 3330000 98 4 w1081852 r1563828 m1704650 f2639 r48659485 p500
 522880556=98076303+257096336+189586609 i181590988 u417248640 u0 t19.718
Idx1+ lookups: 24817957 17652176 11598810 4697170 2371936 1164106 419746 
3660867 3340000 98 4 w1137649 r1656205 m1801358 f2743 r50288711 p500
 524491379=98379942+257895171+190162867 i182168356 u418517592 u0 t35.276
3671820 3350000 98 4 w1199255 r1751741 m1901316 f2858 r51949064 p500
 526041380=98675689+258665765+190712311 i182725258 u419739014 u0 t23.776
3682790 3360000 98 4 w1250181 r1839235 m1992411 f2954 r53320000 p500
 527659222=98979781+259462353+191297318 i183301624 u421015721 u0 t23.541
Idx1+ lookups: 25118841 17793778 11682225 4748584 2407642 1192230 444879 
3693808 3370000 98 4 w1312105 r1939719 m2097240 f3070 r54944088 p500
 529325956=99293194+260282583+191900382 i183894121 u422331877 u0 t27.345
3704793 3380000 98 4 w1370942 r2036566 m2198086 f3181 r56452497 p500
 530943069=99597886+261085257+192478358 i184475318 u423604835 u0 t23.344
Idx1+ lookups: 25421509 17938667 11763429 4797499 2443114 1221557 469219 
3715703 3390000 98 4 w1442758 r2148519 m2314875 f3316 r58261980 p500
 532641482=99915490+261923870+193091543 i185082371 u424943753 u0 t25.704
3726649 3400000 98 4 w1503685 r2253171 m2423611 f3431 r59810521 p500
 534346388=100233856+262770855+193701866 i185693566 u426286800 u0 t36.719
3737635 3410000 98 4 w1577082 r2370449 m2545561 f3569 r61570694 p500
 536134448=100568655+263669932+194329472 i186330547 u427701109 u0 t28.597
Idx1+ lookups: 25723431 18086076 11840952 4845656 2477861 1248647 492491 
3748614 3420000 98 4 w1648382 r2490843 m2670853 f3704 r63342631 p500
 537914058=100902015+264547436+194973273 i186964730 u429105662 u0 t27.563
3759597 3430000 98 4 w1723968 r2614407 m2799040 f3847 r65089975 p500
 539732180=101243537+265443050+195631087 i187617238 u430535266 u0 t27.808
Idx1+ lookups: 26026214 18240996 11915483 4891538 2511833 1275527 517662 
3770552 3440000 98 4 w1798258 r2739190 m2928348 f3988 r66840551 p500
 541540317=101581938+266331153+196288296 i188267147 u431955710 u0 t29.293
3781517 3450000 98 4 w1880978 r2872575 m3066539 f4145 r68724218 p500
 543336930=101916523+267210385+196945560 i188906110 u433373238 u0 t37.642
3792483 3460000 98 4 w1952143 r2996105 m3194294 f4281 r70377025 p500
 545110407=102247719+268083312+197588580 i189555663 u434754954 u0 t24.332
Idx1+ lookups: 26329754 18396820 11988442 4938332 2549223 1302300 543459 
3803443 3470000 98 4 w2035775 r3134811 m3338012 f4440 r72285626 p500
 546863450=102576365+268956547+198213619 i190189887 u436130712 u0 t29.239
3814317 3480000 98 4 w2112660 r3265977 m3473538 f4587 r73995508 p500
 548616328=102905067+269822518+198845460 i190821130 u437507547 u0 t30.949
Idx1+ lookups: 26633750 18557456 12059748 4983063 2582659 1328602 567641 
3825200 3490000 98 4 w2192155 r3400060 m3611917 f4741 r75710440 p500
 550364699=103231208+270687065+199476077 i191452396 u438879558 u0 t33.554
3836062 3500000 98 4 w2275350 r3539963 m3756302 f4902 r77521426 p500
 552038919=103542921+271516200+200079385 i192063484 u440186846 u0 t38.199
3847051 3510000 98 4 w2357736 r3681581 m3902346 f5061 r79326972 p500
 553738833=103859970+272354792+200694844 i192675445 u441521714 u0 t26.46
Idx1+ lookups: 26942244 18726456 12129700 5027079 2616123 1355173 591606 
3857981 3520000 98 4 w2426033 r3810689 m4034830 f5197 r80775911 p500
 555533138=104195870+273249795+201333950 i193330266 u442924091 u0 t31.065
3868919 3530000 98 4 w2534883 r3986927 m4216960 f5406 r83072759 p500
 557372661=104540051+274170956+201984926 i193994997 u444368733 u0 t34.009
Idx1+ lookups: 27249661 18897523 12197819 5071254 2648280 1381048 615070 
cache requests:  84563497, Misses: 4352080, Flush#: 5546
File page count: 250076
File page count: 0
3879700 3540000 98 3 w759 r0 m0 f36 r0 p20
 559174880=104876499+275068767+202628476 i194650990 u445778506 u0 t46.346
3890544 3550000 98 3 w7796 r0 m0 f371 r0 p20
 561055077=105229291+276013658+203289337 i195328958 u447257430 u0 t31.159
3901420 3560000 98 3 w15294 r0 m0 f728 r0 p20
 562858794=105565010+276912898+203933306 i195985744 u448668134 u0 t32.225
Idx1+ lookups: 27554229 18914510 12337147 5141509 2694232 1414483 643087 31632 
3912350 3570000 98 3 w20290 r2195 m5821 f787 r864881 p500
 564721760=105912497+277839367+204600662 i196657759 u450131059 u0 t31.265
3923255 3580000 98 3 w25192 r7912 m14814 f793 r1883454 p500
 566536233=106252225+278740214+205250933 i197307574 u451560386 u0 t30.152
Idx1+ lookups: 27862360 18941466 12472301 5209178 2739032 1447857 670896 62884 
3934146 3590000 98 4 w36764 r17144 m28123 f808 r3284332 p500
 568414549=106603188+279666112+205930557 i197977312 u453041415 u0 t29.307
3945058 3600000 98 4 w51820 r29005 m44106 f829 r4772302 p500
 570254570=106948208+280576629+206591269 i198632299 u454493804 u0 t29.53
Idx1+ lookups: 28168918 18981531 12599173 5274130 2782719 1480159 698382 94831 
3955958 3610000 98 4 w69040 r45566 m65909 f853 r6482109 p500
 572141867=107297481+281509367+207275346 i199311135 u455975759 u0 t31.775
3966817 3620000 98 4 w86219 r65034 m90455 f878 r8095294 p500
 573970117=107641840+282420517+207926474 i199963417 u457416990 u0 t31.238
3977696 3630000 98 4 w109996 r90398 m121650 f913 r9920699 p500
 575805448=107982976+283330153+208587374 i200623758 u458858858 u0 t33.285
Idx1+ lookups: 28479750 19034573 12719558 5338138 2826000 1511909 725598 121902 
3988551 3640000 98 4 w129920 r115313 m150905 f944 r11294504 p500
 577705627=108334575+284265405+209279576 i201300001 u460357219 u0 t31.993
3999436 3650000 98 4 w159707 r151287 m193113 f991 r13311058 p500
 579562654=108677005+285180148+209955784 i201969647 u461813558 u0 t47.664
Idx1+ lookups: 28790193 19096158 12835108 5398749 2867408 1542984 752590 148544 
4010266 3660000 98 4 w184744 r184399 m230782 f1032 r14799823 p500
 581403607=109018526+286095150+210616435 i202633591 u463258889 u0 t42.14
4021082 3670000 98 4 w212606 r224317 m275767 f1078 r16514716 p500
 583240993=109359018+287005077+211279585 i203297482 u464699536 u0 t31.219
Idx1+ lookups: 29103271 19169990 12945971 5459479 2908656 1574514 781055 174572 
4031936 3680000 98 4 w245533 r269062 m325572 f1133 r18276047 p500
 585155368=109713677+287951495+211971670 i203983259 u466205418 u0 t35.978
4042723 3690000 98 4 w279633 r316289 m377841 f1191 r20000337 p500
 587038338=110063444+288882903+212652051 i204661362 u467683277 u0 t32.153
4053582 3700000 98 4 w317018 r368493 m435004 f1256 r21744417 p500
 588932135=110417322+289824565+213331268 i205341320 u469171333 u0 t46.378
Idx1+ lookups: 29415354 19251928 13051347 5517478 2950146 1604687 806993 198408 
4064959 3710000 98 4 w350707 r419712 m490727 f1314 r23304347 p500
 590833836=110769103+290768846+214014935 i206009846 u470681040 u0 t49.952
4075764 3720000 98 4 w393698 r480564 m557230 f1389 r25221806 p500
 592687604=111114214+291684210+214686258 i206675399 u472138924 u0 t34.527
Idx1+ lookups: 29725748 19343263 13151932 5574196 2989359 1634468 832488 222853 
4086632 3730000 98 4 w435306 r540426 m621889 f1462 r26869485 p500
 594516201=111454579+292586097+215349182 i207333947 u473574065 u0 t36.356
4097561 3740000 98 4 w473790 r599208 m685176 f1530 r28427202 p500
 596344284=111792862+293482665+216017659 i207993073 u475006765 u0 t32.193
Idx1+ lookups: 30040737 19440380 13250548 5630244 3028120 1664666 857236 247597 
4108439 3750000 98 4 w522351 r669952 m761386 f1616 r30307962 p500
 598193673=112136711+294395739+216687720 i208663559 u476453829 u0 t34.542
4119319 3760000 98 4 w568733 r737883 m834137 f1699 r31956874 p500
 600031342=112478174+295302182+217354611 i209325628 u477895685 u0 t31.02
4130276 3770000 98 4 w614941 r805887 m906707 f1782 r33533071 p500
 601775420=112803457+296161714+217986977 i209952611 u479265834 u0 t40.808
Idx1+ lookups: 30356994 19544581 13344869 5685548 3066539 1693900 881462 271216 
4141183 3780000 98 4 w664725 r881270 m987285 f1871 r35311874 p500
 603575343=113140168+297048522+218638665 i210600809 u480679157 u0 t43.241
4152093 3790000 98 4 w715393 r957953 m1068544 f1963 r36975379 p500
 605357888=113473027+297929805+219281395 i211243602 u482078447 u0 t33.95
Idx1+ lookups: 30674183 19656148 13436842 5739549 3104429 1722213 905647 293661 
4162989 3800000 98 4 w764028 r1034272 m1149049 f2052 r38518317 p500
 607225564=113819520+298845200+219964243 i211911087 u483548342 u0 t33.629
4173910 3810000 98 4 w821655 r1120040 m1239838 f2157 r40313161 p500
 609011404=114151393+299726941+220611152 i212557516 u484946874 u0 t32.681
4184895 3820000 98 4 w881181 r1209881 m1334877 f2266 r42171353 p500
 610800344=114485341+300612280+221255876 i213202762 u486351036 u0 t35.148
Idx1+ lookups: 30992267 19773082 13525154 5791764 3141356 1751571 929005 316445 
4195828 3830000 98 4 w932281 r1291991 m1421008 f2361 r43687633 p500
 612539294=114810261+301475332+221879618 i213829077 u487717392 u0 t43.024
4206739 3840000 98 4 w993808 r1385055 m1518831 f2475 r45434541 p500
 614314267=115140779+302354612+222518823 i214470894 u489108627 u0 t41.844
Idx1+ lookups: 31312534 19899728 13610228 5843356 3178138 1779297 952743 339481 
4217677 3850000 98 4 w1054488 r1479805 m1618195 f2588 r47165001 p500
 616056393=115465149+303220049+223144048 i215104471 u490471026 u0 t34.058
4228607 3860000 98 4 w1112883 r1573171 m1716045 f2696 r48804919 p500
 617780283=115785327+304072285+223767062 i215728778 u491820967 u0 t33.345
4239510 3870000 98 4 w1170015 r1663606 m1810518 f2803 r50326306 p500
 619481410=116103114+304913123+224380691 i216346150 u493152098 u0 t32.643
Idx1+ lookups: 31635100 20031044 13692119 5892942 3214565 1807314 976451 360342 
4250423 3880000 98 4 w1232292 r1762364 m1913668 f2919 r51995176 p500
 621184395=116420732+305757681+224992434 i216966733 u494482787 u0 t31.952
4261357 3890000 98 4 w1298633 r1864106 m2020159 f3043 r53754493 p500
 622866150=116736173+306595185+225591185 i217570864 u495806606 u0 t49.838
Idx1+ lookups: 31955299 20166341 13771123 5941354 3250418 1834928 998870 380454 
4272391 3900000 98 4 w1361430 r1966154 m2126394 f3161 r55342283 p500
 624582776=117063230+307431520+226220077 i218183921 u497157177 u0 t30.126
4283314 3910000 98 4 w1421938 r2068182 m2232617 f3275 r56937707 p500
 626316809=117388789+308283692+226848748 i218808606 u498517778 u0 t33.858
4294200 3920000 98 4 w1490747 r2174852 m2343741 f3404 r58614211 p500
 628000607=117704520+309113782+227457481 i219411678 u499843066 u0 t32.897
Idx1+ lookups: 32274448 20307290 13847681 5988385 3284739 1862095 1021569 400984 
4305160 3930000 98 4 w1554468 r2280262 m2453328 f3525 r60188807 p500
 629680550=118020474+309942049+228064086 i220018990 u501159964 u0 t31.963
4316083 3940000 98 4 w1622508 r2388664 m2565927 f3654 r61761576 p500
 631336621=118335147+310758075+228660128 i220614755 u502461420 u0 t39.409
Idx1+ lookups: 32596771 20453055 13922376 6034923 3318675 1888865 1043821 421655 
4326986 3950000 98 4 w1691303 r2503767 m2685595 f3784 r63453784 p500
 633109752=118668577+311623477+229309206 i221246583 u503858698 u0 t45.171
4337955 3960000 98 4 w1768949 r2623722 m2810214 f3932 r65206993 p500
 634733449=118976112+312418072+229899381 i221825703 u505138272 u0 t31.262
4348836 3970000 98 4 w1830196 r2728483 m2918619 f4049 r66631853 p500
 636358243=119284193+313221032+230482160 i222410918 u506415580 u0 t30.794
Idx1+ lookups: 32918644 20602361 13995158 6080939 3352117 1915164 1065528 442573 
4359757 3980000 98 4 w1907856 r2854568 m3049386 f4196 r68384349 p500
 637990593=119592004+314032767+231064132 i223004243 u507694071 u0 t51.517
4370729 3990000 98 4 w1975460 r2967226 m3165785 f4326 r69862155 p500
 639610609=119898014+314835811+231643448 i223589542 u508965686 u0 t30.776
4381681 4000000 98 4 w2045787 r3087130 m3289777 f4462 r71472277 p500
 641248980=120207297+315649801+232227712 i224183192 u510250499 u0 t50.012
Idx1+ lookups: 33245316 20757799 14065458 6125618 3384927 1941561 1087605 463725 
4392555 4010000 98 4 w2125680 r3217628 m3424695 f4616 r73209594 p500
 642894024=120516993+316463410+232818933 i224776754 u511541797 u0 t32.532
4403440 4020000 98 4 w2198952 r3338211 m3549299 f4758 r74770547 p500
 644498391=120818366+317255235+233397762 i225358720 u512798003 u0 t34.377
4414465 4030000 98 4 w2266025 r3458905 m3673791 f4888 r76255904 p500
 646078541=121116959+318037773+233963291 i225930496 u514037372 u0 t31.457
Idx1+ lookups: 33572664 20916957 14134990 6170310 3417753 1967110 1108617 484215 
4425446 4040000 98 4 w2348422 r3591159 m3810630 f5046 r77967877 p500
 647667613=121417274+318827936+234528924 i226506333 u515284223 u0 t42.754
4436408 4050000 98 4 w2421975 r3720406 m3943854 f5187 r79550384 p500
 649287197=121723231+319627528+235111860 i227092697 u516553616 u0 t39.437
Idx1+ lookups: 33900690 21079318 14201991 6215213 3451527 1992851 1130065 504283 
4447331 4060000 98 4 w2499334 r3850035 m4077475 f5336 r81128610 p500
 650889059=122025362+320424945+235681771 i227676513 u517807106 u0 t31.57
4458226 4070000 98 4 w2586186 r3993351 m4225522 f5503 r82919748 p500
 652500798=122327951+321219556+236263716 i228257648 u519072659 u0 t34.137
cache requests:  84111197, Misses: 4335347, Flush#: 5615
File page count: 251368
File page count: 0
4469117 4080000 98 3 w1053 r0 m0 f50 r0 p20
 654117208=122634434+322021328+236842110 i228841877 u520341004 u0 t45.244
Idx1+ lookups: 34228980 21208943 14282057 6264092 3486804 2020470 1152216 524018 6512 
4480047 4090000 98 3 w7437 r0 m0 f354 r0 p20
 655764591=122944187+322838288+237433004 i229442792 u521628732 u0 t51.251
4490942 4100000 98 3 w13989 r0 m0 f666 r0 p20
 657357971=123245762+323625401+238004550 i230020585 u522877137 u0 t57.644
4501893 4110000 98 3 w18606 r564 m2771 f784 r477444 p500
 658922197=123540591+324395058+238569568 i230581674 u524107761 u0 t40.788
Idx1+ lookups: 34556743 21221363 14414945 6332244 3530825 2053785 1178572 547113 34510 
4512866 4120000 98 3 w21649 r4273 m9183 f789 r1300057 p500
 660479016=123835502+325163882+239128274 i231139818 u525334252 u0 t35.203
4523822 4130000 98 3 w29464 r10339 m18358 f798 r2252772 p500
 662062225=124132870+325946746+239697200 i231706309 u526582234 u0 t34.614
Idx1+ lookups: 34886106 21249219 14542583 6397279 3575817 2086605 1203567 569470 61511 
4534728 4140000 98 4 w39927 r18456 m29989 f812 r3552964 p500
 663638742=124430770+326729663+240259282 i232274412 u527822012 u0 t34.09
4545718 4150000 98 4 w51447 r28196 m43191 f828 r4797865 p500
 665184559=124723431+327491058+240816346 i232826438 u529040894 u0 t31.399
4556635 4160000 98 4 w65829 r41155 m60533 f848 r6283117 p500
 666724896=125014813+328249950+241371932 i233378042 u530253890 u0 t33.563
Idx1+ lookups: 35215504 21288446 14664917 6461567 3618275 2118352 1228930 591760 86971 
4567595 4170000 98 4 w80570 r56164 m79755 f869 r7613172 p500
 668221876=125298920+328993448+241904696 i233918786 u531429919 u0 t31.514
4578516 4180000 98 4 w95956 r72239 m99757 f892 r8821545 p500
 669748291=125588065+329746881+242452828 i234463977 u532633719 u0 t31.094
4589453 4190000 98 4 w115180 r93631 m125771 f921 r10263213 p500
 671330200=125884464+330528880+243022357 i235024513 u533885407 u0 t32.734
Idx1+ lookups: 35544171 21338776 14778482 6523693 3659074 2150747 1253804 614252 111061 
4600387 4200000 98 4 w132374 r116464 m152621 f948 r11527292 p500
 672841457=126170447+331272719+243567920 i235566895 u535074382 u0 t31.871
4611320 4210000 98 4 w151723 r139629 m179761 f978 r12807113 p500
 674271342=126443344+331986475+244072288 i236085355 u536196744 u0 t31.066
4622248 4220000 98 4 w173977 r166764 m211205 f1014 r14210509 p500
 675768866=126727194+332732126+244603872 i236626337 u537373715 u0 t33.154
Idx1+ lookups: 35876740 21398558 14890253 6585492 3700250 2182415 1278219 636501 135223 
4633106 4230000 98 4 w197687 r197022 m245540 f1053 r15571909 p500
 677254562=127008907+333473618+245129353 i237164185 u538540642 u0 t45.071
4644049 4240000 98 4 w218344 r227247 m279235 f1088 r16802717 p500
 678789682=127298808+334236870+245676237 i237718275 u539746815 u0 t42.311
4655040 4250000 98 4 w247643 r263045 m319394 f1137 r18267648 p500
 680281239=127580915+334976354+246209323 i238254184 u540921395 u0 t32.819
Idx1+ lookups: 36206762 21465918 14995914 6645490 3740146 2213776 1303595 657688 157242 
4665924 4260000 98 4 w274472 r299928 m360300 f1183 r19659909 p500
 681806476=127870163+335730918+246756120 i238800888 u542123006 u0 t32.053
4676832 4270000 98 4 w301316 r336890 m400820 f1229 r20928774 p500
 683292406=128154029+336468642+247284731 i239337059 u543290862 u0 t32.136
4687741 4280000 98 4 w331281 r377136 m444988 f1281 r22271333 p500
 684782466=128438396+337209726+247812683 i239871833 u544465728 u0 t32.131
Idx1+ lookups: 36540073 21540836 15098241 6705226 3780143 2245048 1327587 678436 178944 
4698685 4290000 98 4 w360946 r419883 m491868 f1332 r23668761 p500
 686230443=128714346+337929525+248326580 i240397307 u545601195 u0 t31.894
4709603 4300000 98 4 w389914 r461690 m537116 f1383 r24858321 p500
 687776961=129005595+338695464+248881419 i240951685 u546819571 u0 t33.545
4720503 4310000 98 4 w427263 r513150 m593308 f1448 r26427613 p500
 689305513=129294522+339455743+249425651 i241501335 u548022840 u0 t34.957
Idx1+ lookups: 36871156 21623758 15196333 6762240 3818958 2275239 1352188 700371 200011 
4731420 4320000 98 4 w461045 r563251 m647640 f1507 r27825485 p500
 690838489=129585490+340222210+249966865 i242059306 u549223920 u0 t40.408
4742321 4330000 98 4 w499779 r617599 m706174 f1576 r29258395 p500
 692372936=129875041+340985892+250512936 i242611487 u550431284 u0 t51.257
4753259 4340000 98 4 w539041 r673500 m766309 f1646 r30679240 p500
 693933983=130169722+341760275+251070905 i243177727 u551654557 u0 t32.177
Idx1+ lookups: 37204075 21715308 15290848 6817351 3857448 2305486 1375627 721556 219805 
4764201 4350000 98 4 w575635 r728601 m825368 f1711 r32008533 p500
 695518181=130470697+342563167+251617555 i243739037 u552912465 u0 t35.905
4775138 4360000 98 4 w621677 r793748 m894974 f1794 r33582782 p500
 697115979=130774356+343363045+252183206 i244309170 u554172667 u0 t35.233
Idx1+ lookups: 37534951 21811826 15382345 6871358 3894470 2334638 1399088 742297 240065 
4786096 4370000 98 4 w661057 r853385 m958514 f1865 r34932662 p500
 698712191=131077759+344159965+252749920 i244883185 u555426696 u0 t35.216
4797101 4380000 98 4 w705439 r918962 m1028111 f1946 r36380183 p500
 700285140=131376883+344950401+253303084 i245449335 u556663207 u0 t36.422
4808087 4390000 98 4 w755980 r991637 m1105235 f2038 r37957781 p500
 701923858=131688223+345766395+253887645 i246037473 u557951181 u0 t42.745
Idx1+ lookups: 37873160 21916341 15470486 6924302 3931088 2363824 1421620 763083 259603 
4819049 4400000 98 4 w799411 r1060800 m1178088 f2118 r39349295 p500
 703588559=132001060+346594542+254481226 i246636719 u559260418 u0 t52.266
4830048 4410000 98 4 w852680 r1138792 m1260421 f2216 r40949954 p500
 705237286=132313733+347422984+255062153 i247230308 u560555927 u0 t37.63
4841026 4420000 98 4 w907221 r1221405 m1347644 f2316 r42629130 p500
 706883855=132621553+348235639+255656998 i247824446 u561848187 u0 t37.367
Idx1+ lookups: 38207667 22029477 15554581 6974436 3967250 2392225 1444465 782738 279218 
4852001 4430000 98 4 w956882 r1297073 m1427112 f2408 r44024095 p500
 708503947=132926000+349038854+256238103 i248410689 u563118746 u0 t37.569
4862997 4440000 98 4 w1010667 r1382236 m1516518 f2507 r45597111 p500
 710198147=133242922+349878475+256847265 i249016523 u564453763 u0 t35.292
Idx1+ lookups: 38541413 22146796 15636445 7024047 4002498 2420112 1467038 802251 298229 
4873904 4450000 98 4 w1067418 r1467079 m1605575 f2613 r47134483 p500
 711861369=133556425+350703266+257442648 i249614688 u565762358 u0 t42.173
4884867 4460000 98 4 w1126362 r1558468 m1701475 f2722 r48768857 p500
 713566497=133875142+351543457+258060404 i250223432 u567106482 u0 t60.956
4895781 4470000 98 4 w1186333 r1648386 m1795544 f2834 r50314215 p500
 715273745=134196295+352390683+258673726 i250834751 u568448932 u0 t42.356
Idx1+ lookups: 38872650 22265529 15715063 7072384 4037883 2448119 1489320 822177 317080 
4906756 4480000 98 4 w1252712 r1750946 m1902816 f2958 r52066834 p500
 717082923=134534633+353283574+259330308 i251478021 u569874958 u0 t43.353
4917771 4490000 98 4 w1317113 r1853334 m2009887 f3078 r53718634 p500
 718926275=134875090+354186663+260006475 i252141687 u571320353 u0 t41.718
Idx1+ lookups: 39204704 22390997 15789505 7118765 4072364 2475272 1511550 841353 335469 
4928768 4500000 98 4 w1385360 r1959695 m2120889 f3206 r55446420 p500
 720744039=135213576+355074562+260673297 i252795805 u572746617 u0 t38.97
4939756 4510000 98 4 w1459116 r2071428 m2237653 f3344 r57249520 p500
 722515561=135542131+355944356+261319964 i253439283 u574131339 u0 t51.415
4950853 4520000 98 4 w1523696 r2177758 m2348374 f3465 r58862542 p500
 724341155=135879658+356834075+261993496 i254102338 u575556502 u0 t41.86
Idx1+ lookups: 39538756 22519145 15863271 7164773 4107633 2502016 1533453 861030 354642 
4961839 4530000 98 4 w1599698 r2293347 m2468887 f3607 r60661298 p500
 726080472=136200997+357687937+262628770 i254733150 u576917001 u0 t39.31
4972832 4540000 98 4 w1669913 r2404780 m2584805 f3739 r62292119 p500
 727843511=136527190+358550640+263275298 i255369810 u578297571 u0 t44.24
Idx1+ lookups: 39874365 22658656 15934452 7209580 4141814 2529198 1555867 880059 373096 
4983782 4550000 98 4 w1740200 r2519123 m2703447 f3872 r63936778 p500
 729544168=136843990+359384418+263896014 i255991524 u579623061 u0 t39.644
4994759 4560000 98 4 w1811619 r2634427 m2823045 f4008 r65590838 p500
 731263850=137165703+360237314+264512469 i256619809 u580966116 u0 t51.827
5005677 4570000 98 4 w1889893 r2758232 m2951649 f4158 r67355339 p500
 732955704=137481293+361068442+265127825 i257236180 u582287132 u0 t40.286
Idx1+ lookups: 40215265 22798865 16003444 7254692 4175819 2555153 1578035 898825 391511 
5016605 4580000 98 4 w1960607 r2876710 m3074307 f4292 r68942155 p500
 734715404=137809281+361939611+265761654 i257880519 u583658839 u0 t41.954
5027569 4590000 98 4 w2043142 r3009114 m3211481 f4449 r70749970 p500
 736496891=138141148+362813409+266411697 i258523885 u585054731 u0 t41.874
Idx1+ lookups: 40553961 22944915 16071241 7298500 4208535 2581359 1599810 917369 411294 
5038460 4600000 98 4 w2118963 r3131341 m3337862 f4595 r72349409 p500
 738152221=138451437+363633981+267005860 i259130393 u586345449 u0 t57.054
5049344 4610000 98 4 w2198497 r3263684 m3474519 f4747 r74052992 p500
 739901180=138778127+364497546+267637136 i259765516 u587714131 u0 t44.33
5060214 4620000 98 4 w2278858 r3397388 m3612549 f4902 r75761597 p500
 741627386=139101660+365357193+268252786 i260399905 u589059439 u0 t43.638
Idx1+ lookups: 40895173 23097505 16138304 7342317 4241573 2607023 1620913 935582 429861 
5071166 4630000 98 4 w2360905 r3534765 m3754490 f5059 r77509384 p500
 743369554=139427389+366217351+268881825 i261030852 u590424349 u0 t43.326
5082077 4640000 98 4 w2444871 r3674993 m3899270 f5222 r79241955 p500
 745095325=139750598+367074498+269498999 i261660491 u591772328 u0 t57.441
Idx1+ lookups: 41233637 23254164 16203332 7384879 4273763 2632905 1642204 953884 446591 
5092952 4650000 98 4 w2527582 r3816054 m4044630 f5384 r80946105 p500
 746845262=140076115+367946151+270124959 i262294786 u593143634 u0 t51.413
5103888 4660000 98 4 w2619106 r3969660 m4202890 f5561 r82820036 p500
 748674013=140416913+368851068+270784379 i262957728 u594575829 u0 t44.214
cache requests:  83328476, Misses: 4246507, Flush#: 5609
File page count: 250902
File page count: 0
5114792 4670000 98 3 w4834 r0 m0 f230 r0 p20
 750401820=140740385+369708924+271403375 i263586649 u595926467 u0 t46.622
Idx1+ lookups: 41574023 23352764 16293691 7437427 4310226 2661568 1664922 973038 464012 11608 
5125741 4680000 98 3 w10610 r0 m0 f505 r0 p20
 752125361=141064665+370568288+272016064 i264211867 u597277689 u0 t43.978
5136717 4690000 98 3 w17530 r249 m1508 f782 r263389 p500
 753880064=141391180+371440625+272644618 i264852946 u598647632 u0 t45.129
Idx1+ lookups: 41913480 23368045 16418813 7503870 4355449 2694159 1691014 995471 484053 37368 
5147654 4700000 98 3 w21686 r4233 m9165 f789 r1273413 p500
 755634556=141719120+372312217+273272903 i265492934 u600018190 u0 t55.81
5158619 4710000 98 3 w28887 r10770 m19015 f797 r2273138 p500
 757408019=142049898+373189079+273912892 i266132868 u601409673 u0 t67.55
5169534 4720000 98 4 w39940 r18916 m30417 f812 r3450389 p500
 759157936=142381060+374057173+274537349 i266763545 u602784367 u0 t43.705
Idx1+ lookups: 42254056 23396104 16538709 7567476 4398736 2725449 1717021 1017202 503382 61777 
5180402 4730000 98 4 w55815 r32369 m48983 f834 r5179060 p500
 760934638=142713425+374939858+275173401 i267406390 u604177834 u0 t45.644
5191291 4740000 98 4 w72341 r47548 m68800 f857 r6687997 p500
 762764624=143052784+375847014+275832696 i268067051 u605613351 u0 t50.15
Idx1+ lookups: 42596374 23436328 16652592 7629726 4441403 2757177 1742314 1038171 522985 85028 
5202167 4750000 98 4 w92045 r67678 m94071 f886 r8309864 p500
 764567212=143388196+376735603+276485904 i268720092 u607023974 u0 t43.923
5213037 4760000 98 4 w111315 r89988 m121373 f915 r9858815 p500
 766393255=143725540+377632062+277154070 i269376250 u608457737 u0 t68.047
5223884 4770000 98 4 w135717 r116801 m153407 f953 r11489705 p500
 768165040=144057586+378508123+277791658 i270016554 u609846831 u0 t47.113
Idx1+ lookups: 42937831 23486055 16761937 7689889 4483038 2788603 1767683 1059379 541638 107026 
5234779 4780000 98 4 w159891 r145995 m187754 f991 r13075551 p500
 769872868=144376131+379358928+278401058 i270642392 u611178456 u0 t42.931
5245825 4790000 98 4 w184897 r176919 m223046 f1032 r14520171 p500
 771646093=144703231+380233350+279045473 i271284299 u612566520 u0 t43.488
Idx1+ lookups: 43282538 23547369 16866037 7748393 4524178 2819029 1792277 1079891 560826 127994 
5256768 4800000 98 4 w212356 r213847 m264848 f1077 r16156879 p500
 773440371=145035113+381119818+279695673 i271934028 u613971382 u0 t45.491
5267626 4810000 98 4 w244666 r254786 m310664 f1132 r17854301 p500
 775208045=145364275+381993632+280333622 i272576997 u615353058 u0 t45.784
5278527 4820000 98 4 w270798 r292341 m351864 f1177 r19165958 p500
 776899703=145680955+382828917+280943941 i273190367 u616677516 u0 t41.669
Idx1+ lookups: 43627835 23615224 16966029 7806306 4564325 2848974 1816679 1099995 579339 147620 
5289476 4830000 98 4 w304707 r336831 m401025 f1235 r20762885 p500
 778650170=146005325+383687156+281583824 i273823033 u618047762 u0 t46.315
5300488 4840000 98 4 w337819 r383620 m452369 f1292 r22334005 p500
 780330080=146318545+384517628+282189741 i274435261 u619359580 u0 t65.301
Idx1+ lookups: 43971113 23693684 17062074 7863629 4604117 2879333 1840893 1120224 597369 166666 
5311384 4850000 98 4 w373878 r433024 m506454 f1355 r23922735 p500
 782036545=146636438+385361708+282805294 i275053778 u620696053 u0 t45.328
5322312 4860000 98 4 w411898 r483596 m561337 f1422 r25358796 p500
 783786925=146961814+386226328+283438611 i275688190 u622066468 u0 t42.49
5333136 4870000 98 4 w452346 r542578 m625654 f1492 r27102116 p500
 785593111=147297767+387117255+284092723 i276341201 u623481239 u0 t47.05
Idx1+ lookups: 44314893 23776861 17158060 7917370 4645122 2908360 1864299 1139547 615332 186229 
5344051 4880000 98 4 w497780 r603999 m692025 f1573 r28757527 p500
 787354037=147624946+387984692+284732424 i276980210 u624858477 u0 t47.502
5354961 4890000 98 4 w536029 r661942 m754155 f1641 r30188435 p500
 789116732=147953500+388852388+285372395 i277618798 u626238200 u0 t42.383
Idx1+ lookups: 44660000 23869527 17250198 7970269 4682899 2936953 1887781 1159089 632483 203483 
5365866 4900000 98 4 w584223 r728909 m826127 f1727 r31910665 p500
 790874886=148280101+389715570+286013641 i278247777 u627621553 u0 t59.757
5376756 4910000 98 4 w629303 r793579 m895326 f1808 r33473756 p500
 792570068=148597470+390551122+286627081 i278859876 u628950942 u0 t51.546
5387675 4920000 98 4 w674644 r860341 m966349 f1890 r34972165 p500
 794264825=148914834+391387274+287239187 i279470241 u630281687 u0 t43.433
Idx1+ lookups: 45005812 23965462 17337224 8022725 4719371 2965426 1910990 1178856 650233 221031 
Total lines processed: 4923793
Block Count:1, 255
Avg Block Count:1096851
Avg Max Count:0, 10140, 98
Block Count:951, 123149
Avg Block Count:100
Avg Max Count:189, 146, 82
BloomFilter
    bits: 155880605
    estimated elements: 25000000
    number hashes: 4
    max false positive rate: 0.050000
    bloom length (8 bits): 19485076
    elements added: 12359164
    estimated elements added: 12359796
    current false positive rate: 0.005455
    export size (bytes): 19485096
    number bits set: 42366197
    is on disk: yes
Block Count:0, 1
Avg Block Count:0
Avg Max Count:0, 0, 0
BloomFilter
    bits: 155880605
    estimated elements: 25000000
    number hashes: 4
    max false positive rate: 0.050000
    bloom length (8 bits): 19485076
    elements added: 25000000
    estimated elements added: 24997867
    current false positive rate: 0.050269
    export size (bytes): 19485096
    number bits set: 73806016
    is on disk: yes
Block Count:0, 1
Avg Block Count:0
Avg Max Count:0, 0, 0
BloomFilter
    bits: 155880605
    estimated elements: 25000000
    number hashes: 4
    max false positive rate: 0.050000
    bloom length (8 bits): 19485076
    elements added: 25000000
    estimated elements added: 25002736
    current false positive rate: 0.050269
    export size (bytes): 19485096
    number bits set: 73816270
    is on disk: yes
Block Count:0, 1
Avg Block Count:0
Avg Max Count:0, 0, 0
BloomFilter
    bits: 155880605
    estimated elements: 25000000
    number hashes: 4
    max false positive rate: 0.050000
    bloom length (8 bits): 19485076
    elements added: 25000000
    estimated elements added: 24998195
    current false positive rate: 0.050269
    export size (bytes): 19485096
    number bits set: 73806706
    is on disk: yes
Block Count:0, 1
Avg Block Count:0
Avg Max Count:0, 0, 0
BloomFilter
    bits: 155880605
    estimated elements: 25000000
    number hashes: 4
    max false positive rate: 0.050000
    bloom length (8 bits): 19485076
    elements added: 25000000
    estimated elements added: 24999279
    current false positive rate: 0.050269
    export size (bytes): 19485096
    number bits set: 73808990
    is on disk: yes
Block Count:0, 1
Avg Block Count:0
Avg Max Count:0, 0, 0
BloomFilter
    bits: 155880605
    estimated elements: 25000000
    number hashes: 4
    max false positive rate: 0.050000
    bloom length (8 bits): 19485076
    elements added: 25000000
    estimated elements added: 24999522
    current false positive rate: 0.050269
    export size (bytes): 19485096
    number bits set: 73809501
    is on disk: yes
Block Count:0, 1
Avg Block Count:0
Avg Max Count:0, 0, 0
BloomFilter
    bits: 155880605
    estimated elements: 25000000
    number hashes: 4
    max false positive rate: 0.050000
    bloom length (8 bits): 19485076
    elements added: 25000000
    estimated elements added: 25003273
    current false positive rate: 0.050269
    export size (bytes): 19485096
    number bits set: 73817400
    is on disk: yes
Block Count:0, 1
Avg Block Count:0
Avg Max Count:0, 0, 0
BloomFilter
    bits: 155880605
    estimated elements: 25000000
    number hashes: 4
    max false positive rate: 0.050000
    bloom length (8 bits): 19485076
    elements added: 25000000
    estimated elements added: 25001092
    current false positive rate: 0.050269
    export size (bytes): 19485096
    number bits set: 73812808
    is on disk: yes
Block Count:0, 1
Avg Block Count:0
Avg Max Count:0, 0, 0
BloomFilter
    bits: 155880605
    estimated elements: 25000000
    number hashes: 4
    max false positive rate: 0.050000
    bloom length (8 bits): 19485076
    elements added: 25000000
    estimated elements added: 24999386
    current false positive rate: 0.050269
    export size (bytes): 19485096
    number bits set: 73809215
    is on disk: yes
Block Count:240, 37951
Avg Block Count:123
Avg Max Count:233, 185, 98
BloomFilter
    bits: 62352242
    estimated elements: 10000000
    number hashes: 4
    max false positive rate: 0.050000
    bloom length (8 bits): 7794031
    elements added: 4702038
    estimated elements added: 4701937
    current false positive rate: 0.004598
    export size (bytes): 7794051
    number bits set: 16236125
    is on disk: yes
Level Count:2
Level Count:4
Level Count:1
Level Count:1
Level Count:1
Level Count:1
Level Count:1
Level Count:1
Level Count:1
Level Count:1
Level Count:4
5684755 4
3073582 4
Max word len: 98
Total words generated: 794889526
Words inserted 279697075
Words updated: 630771136
cache requests:  0, Misses: 0, Flush#: 12
cache requests:  35569564, Misses: 995135, Flush#: 1925
cache requests:  183814775, Misses: 28600609, Flush#: 12350
cache requests:  78003996, Misses: 27368234, Flush#: 0
cache requests:  45464415, Misses: 16450517, Flush#: 0
cache requests:  31576992, Misses: 11556406, Flush#: 0
cache requests:  22772145, Misses: 8461989, Flush#: 0
cache requests:  16261974, Misses: 6057045, Flush#: 0
cache requests:  10890507, Misses: 4081750, Flush#: 0
cache requests:  6260025, Misses: 2347199, Flush#: 0
cache requests:  2040624, Misses: 749841, Flush#: 0
OUBLK INBLK
    -     -
rchar: 686358551825
wchar: 102468239605
syscr: 358531286
syscw: 241608605
read_bytes: 121568501760
write_bytes: 110259200000
cancelled_write_bytes: 0
237435984
215350000
