Csz: 2, pgsz: 4096
File page count: 0
File page count: 0
Stg buf: 32mb, Idx1 buf: 32mb, Idx1+ buf: 16mb
Idx1 entry count limit: 25 million, Idx2 buf: 32mb
File page count: 0
10988 10000 60 1 w0 r0 m0 f0 r0 p20
 1502009=280567+736357+547318 i721658 u998423 u0 t2.57
22023 20000 60 3 w7694 r0 m0 f366 r0 p20
 2970299=556558+1459020+1077812 i1299209 u2102895 u0 t3.099
Idx1+ lookups: 1872010 1871985 
Idx1+ positiv: 25 51643 
Idx1+ found  : 25 51643 
33024 30000 60 3 w14139 r10717 m16598 f401 r1266230 p500
 4455591=837142+2190955+1612898 i1852391 u3251575 u0 t3.137
44043 40000 66 3 w21481 r30249 m38817 f411 r2607804 p500
 6021768=1126498+2950354+2194339 i2403108 u4491603 u0 t3.352
55121 50000 66 3 w34701 r58327 m69831 f431 r3814936 p500
 7457432=1399039+3657323+2711810 i2899495 u5640597 u0 t3.128
Idx1+ lookups: 3542128 3540581 
Idx1+ positiv: 1547 217712 
Idx1+ found  : 1547 217712 
66115 60000 66 3 w52217 r95174 m112200 f455 r5283592 p500
 8882525=1666288+4349737+3237298 i3372066 u6798479 u0 t3.267
77117 70000 66 4 w67991 r139045 m160661 f477 r6972484 p500
 10323681=1938542+5063745+3753209 i3851018 u7971772 u0 t3.28
88102 80000 66 4 w87774 r189563 m215183 f509 r8881175 p500
 11702242=2200826+5741136+4250267 i4299728 u9103082 u0 t3.214
Idx1+ lookups: 5188320 5182847 
Idx1+ positiv: 5473 434976 
Idx1+ found  : 5473 434976 
99095 90000 66 4 w113337 r249122 m279579 f550 r10988863 p500
 13139065=2468368+6445510+4774403 i4761616 u10286594 u0 t3.552
110113 100000 66 4 w140107 r313579 m348349 f595 r12956450 p500
 14570300=2739305+7152735+5287868 i5211290 u11477401 u0 t3.359
121109 110000 66 4 w167871 r382793 m421971 f642 r14969908 p500
 15981984=3006512+7851613+5792984 i5655730 u12651059 u0 t3.399
Idx1+ lookups: 6769859 6755027 
Idx1+ positiv: 14832 668815 
Idx1+ found  : 14832 668815 
132028 120000 66 4 w198376 r457620 m500559 f695 r16853429 p500
 17532484=3286822+8590277+6386159 i6106532 u13969042 u0 t3.509
142990 130000 66 4 w235783 r542925 m590398 f761 r19099658 p500
 18986448=3562710+9311119+6905248 i6548879 u15193514 u0 t3.611
153925 140000 66 4 w273825 r629524 m680991 f830 r21076483 p500
 20474477=3841729+10051396+7435263 i6999138 u16448960 u0 t3.606
Idx1+ lookups: 8368699 8331022 
Idx1+ positiv: 37677 921890 
Idx1+ found  : 37677 921887 
164855 150000 66 4 w316367 r724326 m780234 f906 r23232408 p500
 21982251=4126056+10796461+7976893 i7453888 u17721979 u0 t3.765
175812 160000 66 4 w361643 r824806 m885092 f989 r25387859 p500
 23584909=4417148+11560934+8588302 i7914229 u19089936 u0 t3.858
186797 170000 66 4 w410077 r928328 m993157 f1078 r27593851 p500
 25060643=4694278+12291216+9118384 i8355287 u20340529 u0 t3.79
Idx1+ lookups: 9950025 9872067 
Idx1+ positiv: 77958 1186369 
Idx1+ found  : 77958 1186363 
197847 180000 66 4 w457439 r1031567 m1100387 f1166 r29599215 p500
 26594805=4977567+13035840+9687961 i8800877 u21648837 u0 t3.87
208776 190000 66 4 w514895 r1147184 m1220842 f1273 r31888057 p500
 28107430=5261667+13783743+10232285 i9242517 u22940730 u0 t3.964
219728 200000 66 4 w567633 r1260880 m1338629 f1373 r33953666 p500
 29612928=5546285+14529981+10770299 i9679782 u24229836 u0 t3.873
Idx1+ lookups: 11554597 11416032 
Idx1+ positiv: 138565 1466308 
Idx1+ found  : 138565 1466293 
230584 210000 66 4 w628511 r1385016 m1467420 f1487 r36254847 p500
 31176719=5839236+15302598+11333221 i10127173 u25573869 u0 t4.081
241548 220000 66 4 w686102 r1504129 m1590249 f1599 r38266891 p500
 32683216=6122373+16045650+11876729 i10560684 u26866454 u0 t3.885
252514 230000 66 4 w759041 r1642371 m1733324 f1739 r40716879 p500
 34281334=6415992+16823378+12467909 i11011556 u28242798 u0 t4.25
Idx1+ lookups: 13169065 12951581 
Idx1+ positiv: 217484 1753321 
Idx1+ found  : 217484 1753290 
263483 240000 66 4 w821031 r1771778 m1866830 f1859 r42865893 p500
 35779646=6698842+17564571+13004988 i11440135 u29531606 u0 t4.001
274496 250000 66 4 w883586 r1900331 m1999066 f1982 r44899629 p500
 37310769=6986369+18323484+13553505 i11876641 u30849726 u0 t4.013
285461 260000 66 4 w958685 r2041120 m2144312 f2125 r47172403 p500
 38803051=7268863+19066410+14083606 i12299710 u32138128 u0 t4.125
Idx1+ lookups: 14801407 14486800 
Idx1+ positiv: 314607 2049128 
Idx1+ found  : 314607 2049053 
296415 270000 66 4 w1025434 r2177321 m2284396 f2256 r49264701 p500
 40291660=7548931+19800727+14620226 i12719617 u33423835 u0 t4.078
307437 280000 66 4 w1103092 r2322085 m2433261 f2409 r51466092 p500
 41798390=7832680+20548382+15159093 i13142025 u34728685 u0 t4.156
318462 290000 66 4 w1181370 r2476841 m2592357 f2565 r53781361 p500
 43400958=8135339+21341253+15733409 i13591134 u36116205 u0 t4.534
Idx1+ lookups: 16439953 16016278 
Idx1+ positiv: 423675 2351650 
Idx1+ found  : 423675 2351500 
329483 300000 66 4 w1266776 r2638244 m2758188 f2731 r56138911 p500
 45028067=8442234+22155263+16308545 i14053075 u37520931 u0 t4.521
340525 310000 66 4 w1353403 r2800130 m2924630 f2900 r58501346 p500
 46615498=8738046+22934138+16886727 i14489506 u38901705 u0 t4.48
Idx1+ lookups: 18072420 17528460 
Idx1+ positiv: 543960 2652096 
Idx1+ found  : 543960 2651809 
351480 320000 94 4 w1436729 r2960032 m3088886 f3066 r60793780 p500
 48198444=9038935+23721499+17447383 i14924286 u40281191 u0 t4.416
362496 330000 94 4 w1518170 r3113991 m3246776 f3227 r62877225 p500
 49733444=9330284+24482692+17993474 i15348084 u41617139 u0 t4.254
373551 340000 94 4 w1604662 r3278479 m3415504 f3397 r65138966 p500
 51290420=9626097+25253246+18550462 i15776823 u42973431 u0 t4.406
Idx1+ lookups: 19718691 19039871 
Idx1+ positiv: 678820 2960478 
Idx1+ found  : 678820 2959946 
384689 350000 94 4 w1696744 r3448956 m3590423 f3580 r67420779 p500
 52863841=9922129+26021395+19125405 i16211252 u44340451 u0 t4.486
395874 360000 94 4 w1792136 r3623326 m3769122 f3770 r69742146 p500
 54481113=10221859+26805577+19724920 i16659778 u45741061 u0 t4.586
406862 370000 94 4 w1894168 r3808727 m3959329 f3970 r72207669 p500
 56127737=10531055+27599843+20335875 i17111954 u47171665 u0 t4.866
Idx1+ lookups: 21377479 20553548 
Idx1+ positiv: 823931 3267682 
Idx1+ found  : 823931 3266713 
417894 380000 94 4 w1984738 r3980063 m4134706 f4151 r74409729 p500
 57710652=10827571+28373736+20913921 i17550060 u48545625 u0 t4.852
428912 390000 94 4 w2079391 r4154290 m4312926 f4340 r76600830 p500
 59267668=11118998+29134387+21483671 i17976993 u49900768 u0 t4.419
439874 400000 94 4 w2179767 r4335914 m4498904 f4539 r78893093 p500
 60798949=11403897+29878773+22048738 i18389886 u51239419 u0 t4.467
Idx1+ lookups: 23039242 22059741 
Idx1+ positiv: 979501 3581394 
Idx1+ found  : 979501 3579815 
450859 410000 94 4 w2281197 r4521147 m4688552 f4739 r81191313 p500
 62344803=11692810+30638301+22610561 i18812380 u52587232 u0 t4.57
461847 420000 94 4 w2372899 r4694181 m4865266 f4921 r83257785 p500
 63844431=11974358+31373784+23155226 i19219115 u53897765 u0 t4.319
472807 430000 94 4 w2483652 r4892735 m5068456 f5139 r85685646 p500
 65437780=12274970+32155539+23733015 i19647666 u55293921 u0 t4.948
Idx1+ lookups: 24704539 23558907 
Idx1+ positiv: 1145632 3899793 
Idx1+ found  : 1145632 3897198 
483790 440000 94 4 w2582302 r5082967 m5262626 f5339 r87875467 p500
 67045767=12575174+32948774+24314528 i20083492 u56700280 u0 t4.628
494708 450000 94 4 w2701165 r5296292 m5480551 f5578 r90389431 p500
 68699472=12883619+33764275+24912530 i20527372 u58150457 u0 t5.23
Idx1+ lookups: 26382001 25059658 
Idx1+ positiv: 1322343 4226602 
Idx1+ found  : 1322343 4222614 
505590 460000 94 4 w2806635 r5500488 m5688812 f5793 r92694450 p500
 70351532=13192036+34579703+25508940 i20970533 u59600197 u0 t4.91
516566 470000 94 4 w2927690 r5717150 m5909963 f6037 r95160564 p500
 71990802=13497983+35383004+26106829 i21406006 u61040699 u0 t4.957
527520 480000 94 4 w3044793 r5936115 m6133356 f6271 r97631997 p500
 73645399=13806248+36198720+26705964 i21848386 u62493062 u0 t5.014
Idx1+ lookups: 28056367 26550530 
Idx1+ positiv: 1505837 4556724 
Idx1+ found  : 1505837 4550717 
538466 490000 94 4 w3159970 r6151509 m6352861 f6502 r99995717 p500
 75322036=14118226+37019796+27319560 i22291198 u63969022 u0 t5.02
549399 500000 94 4 w3284280 r6378351 m6584057 f6754 r102501604 p500
 77023425=14443739+37852951+27939452 i22739713 u65468188 u0 t5.116
Idx1+ lookups: 29732967 28035975 
Idx1+ positiv: 1696992 4894341 
Idx1+ found  : 1696992 4885743 
560288 510000 94 4 w3406829 r6607875 m6817999 f7000 r105000623 p500
 78683779=14754211+38673947+28537979 i23175074 u66935019 u0 t5.258
571192 520000 94 4 w3521957 r6827477 m7041580 f7233 r107315035 p500
 80352712=15063905+39495351+29144443 i23615138 u68405648 u0 t4.991
582148 530000 94 4 w3650088 r7061980 m7280579 f7489 r109831553 p500
 82036336=15378372+40322769+29756566 i24055898 u69892902 u0 t5.196
Idx1+ lookups: 31409016 29509986 
Idx1+ positiv: 1899030 5229058 
Idx1+ found  : 1899030 5216956 
593039 540000 94 4 w3773017 r7296421 m7519178 f7738 r112267403 p500
 83771290=15699382+41171815+30392891 i24502016 u71431902 u0 t5.271
604123 550000 94 4 w3886082 r7508212 m7734928 f7963 r114480138 p500
 85292841=15985696+41911091+30952926 i24892730 u72782467 u0 t4.621
615220 560000 94 4 w3986511 r7690796 m7920963 f8164 r116389799 p500
 86578406=16228956+42541143+31420369 i25220409 u73927540 u0 t4.007
Idx1+ lookups: 33059380 30957627 
Idx1+ positiv: 2101753 5565621 
Idx1+ found  : 2101753 5549003 
626410 570000 94 4 w4075024 r7859945 m8093122 f8345 r118115761 p500
 87844101=16466215+43152805+31889826 i25539748 u75056102 u0 t3.836
637646 580000 94 4 w4177014 r8042463 m8279069 f8551 r119995540 p500
 89076810=16700413+43755344+32338702 i25850251 u76157717 u0 t3.867
cache requests:  120167485, Misses: 8295154, Flush#: 8572
File page count: 245132
File page count: 0
648847 590000 94 3 w4079 r0 m0 f194 r0 p20
 90374030=16941574+44376422+32827115 i26161957 u77327724 u0 t3.512
660023 600000 94 3 w8812 r89 m1049 f391 r171379 p500
 91532382=17161983+44938682+33251932 i26450897 u78365274 u0 t3.198
Idx1+ lookups: 34673998 811245 32359972 
Idx1+ positiv: 2303701 10325 5890507 
Idx1+ found  : 2303701 10325 5868392 
671169 610000 94 3 w12035 r3415 m6825 f396 r902699 p500
 92677881=17380618+45496976+33670550 i26735788 u79392552 u0 t3.115
682330 620000 94 3 w18603 r9658 m15363 f404 r1688994 p500
 93822077=17600425+46050280+34090645 i27017530 u80420625 u0 t3.162
693457 630000 94 3 w29401 r20570 m29417 f419 r2577207 p500
 95055697=17831544+46649550+34545330 i27315757 u81533916 u0 t3.38
Idx1+ lookups: 36284834 2210952 33701917 
Idx1+ positiv: 2514830 68087 6168338 
Idx1+ found  : 2514830 68087 6140864 
704731 640000 94 3 w40567 r34754 m46952 f435 r3381213 p500
 96294487=18063003+47246521+35007532 i27615794 u82650360 u0 t3.317
715916 650000 94 3 w54269 r52608 m68330 f455 r4208605 p500
 97439920=18281492+47802828+35427035 i27896451 u83681716 u0 t3.174
727122 660000 94 4 w70432 r75880 m95238 f480 r5177804 p500
 98670868=18515586+48399959+35879326 i28194450 u84793007 u0 t3.414
738273 670000 94 4 w88020 r103428 m126341 f508 r6527702 p500
 99875743=18744879+48985343+36321344 i28486533 u85881205 u0 t3.365
Idx1+ lookups: 37892673 3600235 34999513 
Idx1+ positiv: 2733386 159774 6415366 
Idx1+ found  : 2733386 159774 6382514 
749495 680000 94 4 w104663 r131510 m157541 f535 r7718365 p500
 101042383=18969139+49551143+36748337 i28766009 u86938406 u0 t3.233
760693 690000 94 4 w125297 r165511 m194723 f570 r9038265 p500
 102254980=19199662+50136770+37196455 i29060532 u88031807 u0 t3.397
771972 700000 94 4 w149434 r204071 m236814 f611 r10446717 p500
 103465720=19428892+50723315+37642786 i29355714 u89122846 u0 t3.448
783287 710000 94 4 w171307 r242133 m277871 f649 r11674511 p500
 104639900=19653350+51296043+38070532 i29640455 u90183392 u0 t3.299
Idx1+ lookups: 39514583 4997512 36279795 
Idx1+ positiv: 2958019 276770 6639996 
Idx1+ found  : 2958019 276769 6601711 
794503 720000 94 4 w196221 r283781 m322772 f692 r12971662 p500
 105795637=19874772+51860524+38490375 i29922013 u91226226 u0 t3.303
805629 730000 94 4 w225238 r331403 m373805 f743 r14380432 p500
 107012879=20104345+52440052+38949652 i30215358 u92323877 u0 t3.46
816809 740000 94 4 w250628 r376586 m421919 f788 r15587996 p500
 108170750=20322040+52988329+39390324 i30489392 u93371617 u0 t3.214
Idx1+ lookups: 41118155 6372082 37514551 
Idx1+ positiv: 3187021 416584 6839335 
Idx1+ found  : 3187021 416583 6795753 
827890 750000 94 4 w282814 r430088 m479009 f845 r17065010 p500
 109346023=20541989+53535547+39846975 i30760179 u94440650 u0 t3.348
839058 760000 94 4 w307676 r476005 m527307 f890 r18122328 p500
 110457274=20754203+54068761+40260181 i31021000 u95451347 u0 t3.056
850231 770000 94 4 w343786 r535328 m590176 f956 r19603287 p500
 111644530=20977813+54640699+40701567 i31303312 u96526938 u0 t3.476
861324 780000 94 4 w371642 r587397 m644810 f1007 r20751051 p500
 112756712=21190675+55177904+41111668 i31571161 u97532357 u0 t3.222
Idx1+ lookups: 42728296 7748677 38729744 
Idx1+ positiv: 3420567 577986 7022106 
Idx1+ found  : 3420567 577985 6973208 
872344 790000 94 4 w410944 r651267 m712287 f1079 r22275092 p500
 113901230=21409743+55727856+41536166 i31839797 u98573829 u0 t3.399
883522 800000 94 4 w443123 r709118 m772752 f1139 r23471047 p500
 115052446=21630279+56283615+41960828 i32110410 u99621261 u0 t3.259
894714 810000 94 4 w483453 r775478 m842480 f1213 r24921833 p500
 116160183=21843397+56812897+42374928 i32373380 u100625632 u0 t3.311
905844 820000 94 4 w517451 r835184 m904681 f1276 r26068071 p500
 117283223=22058021+57355645+42788962 i32637207 u101647321 u0 t3.182
Idx1+ lookups: 44336371 9115956 39922878 
Idx1+ positiv: 3661363 752135 7191667 
Idx1+ found  : 3661363 752130 7137680 
916882 830000 94 4 w565356 r915071 m988178 f1365 r27705929 p500
 118549967=22298052+57962861+43262652 i32939227 u102793578 u0 t3.761
927964 840000 94 4 w607542 r987883 m1064047 f1444 r29097203 p500
 119743936=22526809+58544733+43697164 i33228559 u103872515 u0 t3.501
939033 850000 94 4 w652861 r1066908 m1146295 f1530 r30582820 p500
 121004026=22765154+59154770+44162145 i33533177 u105010081 u0 t3.724
950128 860000 94 4 w703015 r1150353 m1233111 f1625 r32125214 p500
 122238911=23000263+59758465+44610481 i33833708 u106124322 u0 t3.704
Idx1+ lookups: 45993410 10521556 41137317 
Idx1+ positiv: 3912802 943309 7353824 
Idx1+ found  : 3912802 943291 7294452 
961260 870000 94 4 w750559 r1232558 m1318465 f1715 r33566340 p500
 123458245=23233306+60350981+45056196 i34127995 u107226286 u0 t3.815
972424 880000 94 4 w803547 r1320086 m1409523 f1815 r35131446 p500
 124673076=23464513+60935225+45507237 i34420488 u108323539 u0 t3.704
983571 890000 94 4 w854178 r1405349 m1497968 f1911 r36566046 p500
 125884344=23693920+61524697+45951042 i34714677 u109415990 u0 t3.629
Idx1+ lookups: 47649441 11922714 42337446 
Idx1+ positiv: 4167675 1144351 7507054 
Idx1+ found  : 4167675 1144320 7442402 
994789 900000 94 4 w903415 r1491665 m1587375 f2005 r38012851 p500
 127057734=23916914+62089299+46386563 i34991034 u110482280 u0 t3.523
1005944 910000 94 4 w952660 r1576631 m1675219 f2099 r39385004 p500
 128303145=24152135+62684289+46852631 i35270829 u111626142 u0 t3.532
1017100 920000 94 4 w1008546 r1668461 m1770258 f2206 r40872525 p500
 129430532=24368313+63227679+47268900 i35535901 u112651762 u0 t3.462
1028294 930000 94 4 w1059241 r1754177 m1858935 f2303 r42254883 p500
 130528677=24578028+63757612+47674284 i35794648 u113650106 u0 t3.333
Idx1+ lookups: 49262367 13282985 43486188 
Idx1+ positiv: 4420330 1355928 7646338 
Idx1+ found  : 4420330 1355849 7576465 
1039422 940000 94 4 w1115931 r1848345 m1956103 f2413 r43706667 p500
 131687827=24798360+64320403+48099629 i36069604 u114702429 u0 t3.539
1050473 950000 94 4 w1166169 r1937151 m2047725 f2510 r45040681 p500
 132854633=25020472+64887893+48525919 i36342971 u115765288 u0 t3.447
1061568 960000 94 4 w1223809 r2034483 m2148051 f2621 r46487026 p500
 134043070=25250333+65467521+48956681 i36614938 u116856131 u0 t3.569
1072599 970000 94 4 w1287865 r2141718 m2258638 f2744 r48083235 p500
 135291847=25485760+66067542+49422293 i36901300 u117997573 u0 t3.879
Idx1+ lookups: 50876259 14638833 44622847 
Idx1+ positiv: 4678374 1575186 7775932 
Idx1+ found  : 4678374 1575038 7700827 
1083733 980000 94 4 w1336484 r2229184 m2348572 f2839 r49336390 p500
 136399100=25701026+66611278+49818919 i37158670 u119010469 u0 t4.21
1094785 990000 94 4 w1401435 r2332468 m2455071 f2965 r50838566 p500
 137519050=25917257+67155540+50227043 i37420846 u120031696 u0 t3.533
1105876 1000000 94 4 w1459419 r2434196 m2559696 f3079 r52259169 p500
 138665713=26137695+67717784+50640862 i37690289 u121077303 u0 t3.555
Idx1+ lookups: 52516875 16012790 45765469 
Idx1+ positiv: 4945033 1806690 7901964 
Idx1+ found  : 4945033 1806373 7821758 
1117034 1010000 94 4 w1515783 r2530063 m2658196 f3190 r53597227 p500
 139787403=26354448+68264708+51048328 i37954909 u122098052 u0 t3.419
1128112 1020000 94 4 w1576504 r2635825 m2766932 f3308 r55045872 p500
 140921791=26573668+68822755+51454807 i38224007 u123130381 u0 t3.624
1139060 1030000 94 4 w1647898 r2753616 m2887985 f3449 r56651075 p500
 142169262=26814500+69435817+51902697 i38524765 u124260263 u0 t3.974
1150007 1040000 94 4 w1728598 r2887336 m3025382 f3607 r58455471 p500
 143561529=27079998+70114418+52410413 i38859534 u125519697 u0 t4.775
Idx1+ lookups: 54194303 17417117 46934049 
Idx1+ positiv: 5218134 2042655 8026403 
Idx1+ found  : 5218134 2042120 7941033 
1160894 1050000 94 4 w1811461 r3026856 m3168670 f3769 r60304755 p500
 144998334=27351326+70820475+52930359 i39209577 u126815799 u0 t4.525
1171814 1060000 94 4 w1889926 r3159923 m3305333 f3923 r62049106 p500
 146379096=27613815+71499763+53428048 i39545757 u128061949 u0 t4.441
1182789 1070000 94 4 w1975252 r3302631 m3451754 f4092 r63887918 p500
 147771413=27879098+72187374+53926681 i39884722 u129319424 u0 t4.492
Idx1+ lookups: 55888582 18833824 48109348 
Idx1+ positiv: 5495706 2284405 8148475 
Idx1+ found  : 5495706 2283528 8057811 
1193726 1080000 94 4 w2057589 r3440680 m3593409 f4252 r65633654 p500
 149134067=28139227+72857138+54417549 i40214397 u130551546 u0 t4.359
1204582 1090000 94 4 w2150235 r3595483 m3752128 f4433 r67580980 p500
 150558189=28410800+73563244+54924922 i40561217 u131837925 u0 t4.689
1215452 1100000 94 4 w2240105 r3749076 m3909485 f4611 r69489557 p500
 152005113=28686816+74275924+55445128 i40906988 u133150145 u0 t4.634
Idx1+ lookups: 57587137 20251172 49273062 
Idx1+ positiv: 5776913 2538663 8263882 
Idx1+ found  : 5776913 2537162 8167944 
1226363 1110000 94 4 w2324844 r3900757 m4064628 f4779 r71300804 p500
 153500823=28969235+75014161+55983169 i41268415 u134503126 u0 t4.732
1237247 1120000 94 4 w2424643 r4065521 m4233389 f4976 r73312588 p500
 154937436=29243149+75724625+56496704 i41611650 u135806953 u0 t4.895
1248176 1130000 94 4 w2515513 r4224199 m4395754 f5158 r75197450 p500
 156402735=29522272+76447278+57022338 i41964174 u137134187 u0 t4.728
Idx1+ lookups: 59287352 21666072 50428340 
Idx1+ positiv: 6062228 2799167 8373039 
Idx1+ found  : 6062228 2796784 8271895 
1259068 1140000 94 4 w2620397 r4395967 m4571509 f5367 r77230784 p500
 157861130=29797985+77168674+57545265 i42318623 u138451330 u0 t4.83
1269968 1150000 94 4 w2715833 r4561437 m4740744 f5557 r79139935 p500
 159329507=30076803+77900612+58066164 i42673548 u139780528 u0 t5.01
1280888 1160000 94 4 w2818106 r4732890 m4916264 f5760 r81131813 p500
 160787360=30353505+78624948+58585504 i43029449 u141096317 u0 t4.812
Idx1+ lookups: 60997746 23087357 51587907 
Idx1+ positiv: 6351337 3062212 8480092 
Idx1+ found  : 6351337 3058502 8373648 
1291754 1170000 94 4 w2907566 r4892925 m5079681 f5940 r82900942 p500
 162257086=30632524+79353396+59110035 i43385636 u142425597 u0 t5.042
1302652 1180000 94 4 w3020768 r5081267 m5272429 f6167 r85067950 p500
 163740225=30914948+80088433+59638609 i43741114 u143771461 u0 t5.523
1313613 1190000 94 4 w3116230 r5249960 m5444613 f6358 r86906846 p500
 165222365=31196415+80824289+60167001 i44099160 u145113283 u0 t4.839
Idx1+ lookups: 62702763 24503195 52733530 
Idx1+ positiv: 6640516 3334232 8581093 
Idx1+ found  : 6640516 3328717 8469373 
1324596 1200000 94 4 w3226388 r5436741 m5635481 f6576 r88985887 p500
 166705142=31477697+81562307+60693492 i44455545 u146457888 u0 t5.168
1335456 1210000 94 4 w3331380 r5620882 m5823460 f6789 r90954455 p500
 168224635=31765451+82316176+61235830 i44822884 u147832943 u0 t5.05
1346441 1220000 94 4 w3449883 r5819172 m6026102 f7027 r93119721 p500
 169783151=32059976+83084342+61797326 i45192757 u149248871 u0 t5.48
Idx1+ lookups: 64408152 25913921 53871004 
Idx1+ positiv: 6935179 3609891 8679330 
Idx1+ found  : 6935179 3601969 8562343 
1357399 1230000 94 4 w3565297 r6018959 m6229937 f7259 r95250953 p500
 171340127=32353047+83856368+62354089 i45563970 u150662416 u0 t5.376
1368385 1240000 94 4 w3679820 r6220695 m6435727 f7489 r97375240 p500
 172947613=32655799+84649796+62933488 i45945997 u152122257 u0 t6.337
1379469 1250000 94 4 w3800042 r6430394 m6649611 f7730 r99575554 p500
 174578358=32960715+85458237+63518400 i46338200 u153598643 u0 t5.471
Idx1+ lookups: 66114699 27325927 55003747 
Idx1+ positiv: 7229720 3892397 8774785 
Idx1+ found  : 7229720 3881232 8652440 
1390543 1260000 94 4 w3921282 r6639802 m6863100 f7974 r101739681 p500
 176216496=33265768+86260659+64117377 i46725903 u155085677 u0 t5.551
1401635 1270000 94 4 w4039050 r6847794 m7075064 f8210 r103859409 p500
 177844400=33572064+87068311+64699573 i47117952 u156559922 u0 t5.729
Idx1+ lookups: 67820719 28733071 56134621 
Idx1+ positiv: 7528596 4172908 8865588 
Idx1+ found  : 7528596 4157502 8738020 
1412662 1280000 94 4 w4164347 r7063476 m7294993 f8463 r106063759 p500
 179448464=33876559+87868585+65267070 i47505012 u158013355 u0 t5.565
1423732 1290000 94 4 w4291342 r7280545 m7516313 f8716 r108269704 p500
 181048818=34176735+88658077+65844470 i47889926 u159462297 u0 t6.519
cache requests:  109365729, Misses: 7628862, Flush#: 8841
File page count: 246071
File page count: 0
1434749 1300000 94 3 w3426 r0 m0 f163 r0 p20
 182708017=34486060+89473649+66447223 i48286613 u160965615 u0 t5.377
Idx1+ lookups: 69531427 474841 30142045 57266683 
Idx1+ positiv: 7827522 2808 4455190 8953651 
Idx1+ found  : 7827522 2808 4434414 8820825 
1445738 1310000 94 3 w9903 r681 m2190 f393 r341143 p500
 184393707=34802515+90300279+67060585 i48694248 u162488240 u0 t5.148
1456743 1320000 94 3 w17227 r7526 m12625 f402 r1472714 p500
 186070233=35117420+91124338+67668658 i49096330 u164006423 u0 t5.076
Idx1+ lookups: 71240371 1883242 31516535 58390968 
Idx1+ positiv: 8128065 36719 4711035 9038725 
Idx1+ found  : 8128065 36719 4684619 8900761 
1467716 1330000 94 3 w33005 r21698 m31495 f424 r2678344 p500
 187826318=35446440+91987570+68306202 i49515055 u165598738 u0 t5.618
1478847 1340000 94 3 w52891 r43502 m58637 f453 r3880582 p500
 189576204=35770547+92843092+68948286 i49934408 u167181782 u0 t5.334
1489858 1350000 94 4 w76151 r74267 m94873 f489 r5458435 p500
 191293706=36091274+93689714+69570365 i50349274 u168734174 u0 t5.334
Idx1+ lookups: 72958888 3300137 32868028 59517849 
Idx1+ positiv: 8429688 102121 4941333 9120744 
Idx1+ found  : 8429687 102121 4909231 8977506 
1500812 1360000 94 4 w101328 r109310 m134573 f530 r7172853 p500
 192945491=36397576+94496222+70177412 i50745859 u170228174 u0 t5.124
1511816 1370000 94 4 w133909 r153161 m183272 f585 r9011949 p500
 194629037=36712329+95326971+70785495 i51148029 u171754937 u0 t5.292
1522795 1380000 94 4 w165232 r199864 m234364 f639 r10696422 p500
 196261107=37016280+96132860+71375071 i51540635 u173231607 u0 t5.11
Idx1+ lookups: 74683593 4717508 34197156 60641126 
Idx1+ positiv: 8737022 190364 5152912 9201681 
Idx1+ found  : 8737021 190364 5115082 9053186 
1533703 1390000 94 4 w205013 r257337 m296972 f708 r12643471 p500
 197916580=37324592+96947275+71976458 i51941513 u174726626 u0 t5.38
1544569 1400000 94 4 w246291 r319580 m364296 f780 r14522979 p500
 199559259=37633478+97759355+72566898 i52334226 u176216625 u0 t5.288
Idx1+ lookups: 76419347 6139308 35509008 61763305 
Idx1+ positiv: 9050976 300312 5348191 9279268 
Idx1+ found  : 9050975 300312 5304755 9125578 
1555499 1410000 94 4 w292003 r388831 m438349 f862 r16407250 p500
 201315494=37961628+98624605+73202706 i52753169 u177808860 u0 t5.578
1566395 1420000 94 4 w343517 r464657 m519081 f955 r18344088 p500
 203040851=38283744+99480615+73821800 i53165353 u179373865 u0 t5.556
1577238 1430000 94 4 w399215 r547166 m606700 f1056 r20345846 p500
 204769957=38606559+100338547+74442479 i53577989 u180942291 u0 t5.609
Idx1+ lookups: 78145379 7549665 36795030 62874083 
Idx1+ positiv: 9366651 424647 5529130 9353342 
Idx1+ found  : 9366650 424647 5479999 9194254 
1588118 1440000 98 4 w457215 r635689 m700210 f1162 r22345648 p500
 206501964=38930451+101195825+75064964 i53993420 u182511161 u0 t5.644
1598949 1450000 98 4 w520007 r731045 m800435 f1278 r24391324 p500
 208268958=39258963+102068645+75703593 i54412957 u184115616 u0 t5.818
Idx1+ lookups: 79870738 8958898 38062658 63977429 
Idx1+ positiv: 9682777 566255 5698927 9425542 
Idx1+ found  : 9682776 566252 5644281 9261213 
1609797 1460000 98 4 w585239 r832119 m906276 f1400 r26426029 p500
 210044947=39588611+102945770+76346406 i54831471 u185730614 u0 t5.881
1620630 1470000 98 4 w651674 r934968 m1013885 f1524 r28414997 p500
 211794585=39917933+103814704+76971470 i55243359 u187323775 u0 t5.717
1631477 1480000 98 4 w725194 r1046839 m1130974 f1661 r30518449 p500
 213544045=40245037+104679189+77602221 i55657311 u188913504 u0 t5.809
Idx1+ lookups: 81594678 10361508 39310814 65072680 
Idx1+ positiv: 10004107 720729 5857225 9497125 
Idx1+ found  : 10004106 720706 5797186 9327533 
1642373 1490000 98 4 w799462 r1162548 m1251486 f1802 r32541423 p500
 215341282=40581295+105569208+78248299 i56079451 u190550421 u0 t5.884
1653233 1500000 98 4 w884582 r1290884 m1385148 f1963 r34801365 p500
 217140861=40916401+106459891+78897104 i56501540 u192189892 u0 t6.032
Idx1+ lookups: 83313468 11759300 40541111 66160668 
Idx1+ positiv: 10325105 888242 6005105 9565686 
Idx1+ found  : 10325104 888201 5939495 9391033 
1664130 1510000 98 4 w962689 r1413603 m1512660 f2111 r36817332 p500
 218918863=41246819+107335188+79542979 i56915350 u193811595 u0 t5.906
1675034 1520000 98 4 w1042352 r1541927 m1645754 f2262 r38866812 p500
 220707784=41578832+108217124+80191733 i57332599 u195442737 u0 t6.226
1685958 1530000 98 4 w1136653 r1686177 m1795245 f2442 r41129142 p500
 222527080=41916354+109112653+80853015 i57755811 u197102563 u0 t6.188
Idx1+ lookups: 85024918 13147283 41751010 67236704 
Idx1+ positiv: 10648572 1066369 6144375 9631367 
Idx1+ found  : 10648571 1066285 6073358 9451581 
1696847 1540000 98 4 w1229554 r1830213 m1944421 f2621 r43336478 p500
 224315178=42247473+109988212+81508049 i58172133 u198732163 u0 t6.061
1707676 1550000 98 4 w1322618 r1976815 m2095667 f2800 r45471578 p500
 226145550=42585444+110889061+82174592 i58600272 u200398953 u0 t6.344
Idx1+ lookups: 86748858 14544393 42957210 68316858 
Idx1+ positiv: 10975402 1257382 6275769 9696923 
Idx1+ found  : 10975401 1257195 6199404 9512004 
1718573 1560000 98 4 w1421127 r2131208 m2255002 f2991 r47705389 p500
 227977335=42923424+111787999+82844857 i59025674 u202069153 u0 t6.329
1729487 1570000 98 4 w1519790 r2286622 m2415216 f3182 r49895122 p500
 229753615=43251320+112659502+83494703 i59437019 u203690529 u0 t6.123
Idx1+ lookups: 88467837 15933483 44146204 69386316 
Idx1+ positiv: 11305291 1457644 6400791 9759955 
Idx1+ found  : 11305290 1457291 6318940 9569883 
1740347 1580000 98 4 w1628241 r2453000 m2586644 f3392 r52204344 p500
 231553104=43584046+113540125+84154536 i59853147 u205333366 u0 t6.385
1751207 1590000 98 4 w1731772 r2618370 m2756934 f3596 r54423735 p500
 233379940=43922520+114439161+84819335 i60275743 u207001500 u0 t6.271
1762023 1600000 98 4 w1831923 r2779637 m2922524 f3791 r56528262 p500
 235155843=44253361+115316780+85460372 i60685625 u208625532 u0 t6.134
Idx1+ lookups: 90189644 17323730 45328529 70452262 
Idx1+ positiv: 11636851 1665820 6522457 9822879 
Idx1+ found  : 11636850 1665213 6435319 9627717 
1772878 1610000 98 4 w1938530 r2950138 m3097761 f3998 r58743733 p500
 236929770=44581602+116184385+86111454 i61094750 u210246344 u0 t6.329
1783723 1620000 98 4 w2050417 r3126847 m3279422 f4215 r61007720 p500
 238688807=44908360+117054935+86745918 i61501536 u211854099 u0 t6.355
Idx1+ lookups: 91913474 18713326 46502772 71517712 
Idx1+ positiv: 11971085 1881632 6636569 9883637 
Idx1+ found  : 11971084 1880566 6544112 9683370 
1794607 1630000 98 4 w2154159 r3298424 m3455353 f4420 r63103117 p500
 240464479=45236722+117925167+87395629 i61912638 u213474476 u0 t6.144
1805498 1640000 98 4 w2267455 r3481883 m3643583 f4642 r65374188 p500
 242254153=45568300+118810419+88042816 i62326190 u215110487 u0 t6.445
1816421 1650000 98 4 w2383978 r3670111 m3836552 f4875 r67639526 p500
 244050465=45899876+119697682+88694298 i62743198 u216749934 u0 t6.382
Idx1+ lookups: 93643958 20108016 47673633 72584760 
Idx1+ positiv: 12306879 2106156 6745740 9943178 
Idx1+ found  : 12306878 2104395 6647925 9737826 
1827273 1660000 98 4 w2505118 r3864944 m4036365 f5114 r69968563 p500
 245854599=46234183+120581771+89354321 i63159054 u218398462 u0 t6.538
1838160 1670000 98 4 w2621405 r4055271 m4231275 f5345 r72189302 p500
 247658504=46569017+121468086+90011465 i63576773 u220045394 u0 t6.397
Idx1+ lookups: 95370187 21496443 48832604 73645056 
Idx1+ positiv: 12644681 2336600 6849728 10000702 
Idx1+ found  : 12644680 2333851 6746600 9790421 
1849005 1680000 98 4 w2740708 r4248208 m4428937 f5581 r74420536 p500
 249430278=46895842+122335533+90661291 i63983129 u221666521 u0 t6.517
1859879 1690000 98 4 w2857858 r4438897 m4624193 f5814 r76590763 p500
 251131279=47212315+123178813+91272934 i64375987 u223222478 u0 t6.183
1870739 1700000 98 4 w2981620 r4641599 m4831625 f6061 r78859667 p500
 252891045=47539369+124052324+91905247 i64780420 u224834149 u0 t6.305
Idx1+ lookups: 97093910 22880160 49979931 74697218 
Idx1+ positiv: 12984687 2574385 6950141 10056193 
Idx1+ found  : 12984686 2570241 6841765 9841045 
1881698 1710000 98 4 w3100015 r4836240 m5030731 f6299 r81014988 p500
 254580511=47855132+124886720+92515242 i65166189 u226383715 u0 t6.071
1892578 1720000 98 4 w3222156 r5038796 m5237894 f6542 r83247730 p500
 256293646=48175630+125733252+93133036 i65556894 u227955833 u0 t6.417
Idx1+ lookups: 98819251 24264922 51119902 75745350 
Idx1+ positiv: 13325266 2821139 7047305 10111517 
Idx1+ found  : 13325265 2815032 6933604 9891321 
1903425 1730000 98 4 w3340855 r5235535 m5438903 f6779 r85362663 p500
 258022915=48497011+126587322+93759138 i65952958 u229540649 u0 t6.278
1914319 1740000 98 4 w3475288 r5455231 m5663498 f7047 r87717081 p500
 259815209=48830592+127465985+94414637 i66361536 u231183047 u0 t6.643
1925121 1750000 98 4 w3599255 r5663968 m5876592 f7296 r89911016 p500
 261541348=49152781+128320704+95035878 i66756651 u232765859 u0 t6.352
Idx1+ lookups: 100546568 25649426 52257431 76794514 
Idx1+ positiv: 13668079 3070865 7140717 10166264 
Idx1+ found  : 13668078 3062007 7021969 9941041 
1936035 1760000 98 4 w3726699 r5881785 m6098829 f7553 r92176906 p500
 263330395=49486167+129206644+95680325 i67169027 u234403012 u0 t6.437
1946942 1770000 98 4 w3856114 r6096237 m6317747 f7813 r94417322 p500
 265050284=49805914+130048834+96309106 i67554860 u235985579 u0 t6.425
Idx1+ lookups: 102268077 27028057 53379947 77833922 
Idx1+ positiv: 14010957 3330505 7229019 10219634 
Idx1+ found  : 14010956 3318122 7105077 9989367 
1957829 1780000 98 4 w3987200 r6314051 m6540000 f8076 r96651471 p500
 266753303=50124838+130892409+96920932 i67943568 u237548692 u0 t6.219
1968722 1790000 98 4 w4118641 r6532929 m6763450 f8339 r98884485 p500
 268493552=50448739+131746780+97555161 i68340567 u239144004 u0 t6.345
1979581 1800000 98 4 w4245289 r6746746 m6981669 f8592 r101035316 p500
 270164288=50760785+132567358+98163038 i68723054 u240674359 u0 t6.092
Idx1+ lookups: 103996472 28408435 54505094 78877851 
Idx1+ positiv: 14358974 3590274 7315478 10271549 
Idx1+ found  : 14358973 3573353 7186295 10036355 
1990482 1810000 98 4 w4376744 r6967203 m7206480 f8854 r103257427 p500
 271830252=51072079+133383609+98770962 i69098778 u242205921 u0 t6.909
cache requests:  103772163, Misses: 7258428, Flush#: 8915
File page count: 248506
File page count: 0
2001382 1820000 98 3 w5295 r0 m0 f252 r0 p20
 273492871=51381902+134197434+99378998 i69477984 u243729873 u0 t5.821
Idx1+ lookups: 105722577 903842 29775298 55618845 79912804 
Idx1+ positiv: 14710468 7748 3848948 7399614 10321488 
Idx1+ found  : 14710467 7748 3826465 7265093 10081288 
2012247 1830000 98 3 w10549 r1740 m4116 f394 r596249 p500
 275187120=51698829+135031055+99993704 i69861153 u245286864 u0 t5.573
2023129 1840000 98 3 w20167 r9982 m15867 f406 r1698933 p500
 276861603=52011532+135854419+100601958 i70239110 u246826117 u0 t5.484
2034053 1850000 98 3 w35738 r24602 m35386 f428 r2868315 p500
 278586086=52334286+136703614+101226354 i70628205 u248412086 u0 t5.711
Idx1+ lookups: 107454103 2281827 31113900 56731663 80947040 
Idx1+ positiv: 15064009 47131 4080249 7483412 10372806 
Idx1+ found  : 15064008 47131 4052249 7343675 10127732 
2044917 1860000 98 3 w55441 r45515 m61142 f457 r3941868 p500
 280251224=52646494+137526857+101826009 i71002148 u249946051 u0 t5.496
2055814 1870000 98 4 w78129 r73406 m94089 f492 r5271119 p500
 281924750=52958788+138352252+102431703 i71388663 u251476348 u0 t5.603
2066728 1880000 98 4 w106694 r109141 m134829 f539 r7054426 p500
 283579260=53268199+139169715+103028509 i71761762 u252998551 u0 t5.64
Idx1+ lookups: 109186451 3660310 32429054 57841019 81981489 
Idx1+ positiv: 15417874 110460 4291639 7563602 10422300 
Idx1+ found  : 15417873 110460 4258047 7418582 10172258 
2077660 1890000 98 4 w135504 r149774 m179968 f588 r8751910 p500
 285237044=53579292+139988643+103625286 i72135170 u254524235 u0 t5.587
2088614 1900000 98 4 w169717 r196679 m231509 f647 r10485096 p500
 286912655=53892335+140810185+104236352 i72511910 u256065270 u0 t5.658
Idx1+ lookups: 110915511 5030984 33717237 58938520 83006663 
Idx1+ positiv: 15776260 192951 4487763 7641167 10470677 
Idx1+ found  : 15776259 192951 4448729 7490909 10215693 
2099586 1910000 98 4 w210616 r251589 m291540 f718 r12344892 p500
 288616243=54209093+141647327+104856783 i72893221 u257634310 u0 t5.81
2110524 1920000 98 4 w250154 r307056 m351490 f788 r13990663 p500
 290241237=54514629+142446303+105445717 i73258873 u259129503 u0 t5.511
2121483 1930000 98 4 w295573 r372617 m422053 f869 r15837443 p500
 291923570=54829825+143276743+106052519 i73640511 u260675228 u0 t5.787
Idx1+ lookups: 112641012 6400120 34987838 60034965 84032601 
Idx1+ positiv: 16132626 291487 4667458 7716750 10517911 
Idx1+ found  : 16132624 291486 4622885 7561416 10258010 
2132440 1940000 98 4 w345517 r441508 m495648 f959 r17632535 p500
 293565784=55136148+144083806+106649839 i74009602 u262186304 u0 t5.744
2143340 1950000 98 4 w397268 r516321 m575110 f1053 r19444821 p500
 295239019=55448867+144906211+107257969 i74385771 u263726310 u0 t5.773
2154286 1960000 98 4 w450734 r594192 m657349 f1151 r21222498 p500
 296860107=55753648+145703015+107845359 i74748134 u265220920 u0 t5.613
Idx1+ lookups: 114368254 7767870 36240182 61124709 85053827 
Idx1+ positiv: 16492120 406894 4835495 7790480 10564503 
Idx1+ found  : 16492116 406892 4785485 7629934 10299575 
2165157 1970000 98 4 w506641 r675008 m742547 f1254 r22993630 p500
 298412591=56044542+146464173+108410700 i75093465 u266652978 u0 t5.919
2176142 1980000 98 4 w558601 r753788 m825233 f1350 r24615016 p500
 299979496=56338337+147235354+108978397 i75442684 u268098498 u0 t5.607
Idx1+ lookups: 116096759 9134100 37477073 62207273 86069900 
Idx1+ positiv: 16854395 536237 4995168 7862152 10611076 
Idx1+ found  : 16854391 536231 4939812 7696425 10341198 
2187090 1990000 98 4 w625238 r850069 m926410 f1474 r26560759 p500
 301618575=56644428+148044181+109570873 i75812331 u269606279 u0 t5.83
2198031 2000000 98 4 w687232 r940290 m1020827 f1590 r28276046 p500
 303185210=56938923+148817650+110135184 i76164325 u271049567 u0 t5.648
2208970 2010000 98 4 w753075 r1037899 m1122942 f1714 r30087503 p500
 304752540=57232180+149587337+110705170 i76511988 u272496480 u0 t5.968
Idx1+ lookups: 117822679 10498491 38702172 63289658 87087594 
Idx1+ positiv: 17215925 675539 5143416 7932063 10656145 
Idx1+ found  : 17215920 675523 5082526 7761116 10381286 
2219875 2020000 98 4 w818409 r1134643 m1223812 f1837 r31792200 p500
 306334455=57532948+150371332+111270400 i76865970 u273955978 u0 t5.557
2230717 2030000 98 4 w881947 r1231831 m1325059 f1958 r33463438 p500
 307845651=57817948+151122157+111809532 i77201841 u275352643 u0 t5.39
2241553 2040000 98 4 w955613 r1338768 m1436549 f2098 r35268577 p500
 309373570=58105978+151881084+112355392 i77546215 u276759796 u0 t5.53
Idx1+ lookups: 119559461 11868246 39920061 64371511 88105076 
Idx1+ positiv: 17582952 827429 5284879 8001522 10701625 
Idx1+ found  : 17582947 827389 5218562 7825487 10421859 
2252478 2050000 98 4 w1026915 r1446494 m1548395 f2233 r36990609 p500
 310917801=58397346+152645204+112909519 i77892474 u278183682 u0 t5.514
2263400 2060000 98 4 w1101377 r1557604 m1663651 f2377 r38753016 p500
 312460636=58688083+153405052+113466755 i78236545 u279607196 u0 t5.521
2274335 2070000 98 4 w1182145 r1677301 m1787769 f2532 r40606588 p500
 314006113=58979074+154169481+114021866 i78578194 u281036909 u0 t5.711
Idx1+ lookups: 121289746 13230783 41118600 65441500 89112618 
Idx1+ positiv: 17950700 991491 5418908 8069041 10745983 
Idx1+ found  : 17950695 991387 5347112 7887934 10461464 
2285238 2080000 98 4 w1256461 r1791247 m1905659 f2675 r42310040 p500
 315479761=59257781+154893633+114554732 i78902894 u282400944 u0 t5.323
2296195 2090000 98 4 w1340721 r1915425 m2034179 f2836 r44154049 p500
 317001742=59547160+155648315+115097246 i79238613 u283810250 u0 t5.554
2307093 2100000 98 4 w1419139 r2037947 m2160580 f2988 r45881122 p500
 318548784=59841585+156419314+115645210 i79578215 u285245719 u0 t5.632
Idx1+ lookups: 123010328 14583313 42298964 66500096 90111508 
Idx1+ positiv: 18318752 1163767 5546049 8133729 10789193 
Idx1+ found  : 18318747 1163553 5468880 7947640 10499922 
2317991 2110000 98 4 w1506388 r2167297 m2294034 f3155 r47707288 p500
 320065310=60129116+157167613+116190543 i79911397 u286650940 u0 t5.551
2328915 2120000 98 4 w1581998 r2288779 m2419128 f3303 r49369591 p500
 321540226=60409484+157900375+116714932 i80237908 u288015891 u0 t5.386
Idx1+ lookups: 124737048 15942932 43476732 67562237 91116033 
Idx1+ positiv: 18685854 1345797 5666943 8196381 10832181 
Idx1+ found  : 18685848 1345404 5584507 8005256 10538106 
2339889 2130000 98 4 w1668492 r2421564 m2555906 f3470 r51169378 p500
 323065272=60697602+158658425+117258241 i80578454 u289424418 u0 t5.655
2350849 2140000 98 4 w1755229 r2552015 m2690144 f3638 r52881879 p500
 324569276=60981045+159406540+117794073 i80911032 u290816380 u0 t5.502
2361818 2150000 98 4 w1850453 r2697389 m2839797 f3822 r54825455 p500
 326046163=61261072+160142425+118317711 i81240088 u292181957 u0 t5.65
Idx1+ lookups: 126462651 17298616 44645784 68620861 92118007 
Idx1+ positiv: 19055773 1532702 5782698 8258196 10874352 
Idx1+ found  : 19055767 1532036 5694935 8061906 10575410 
2372703 2160000 98 4 w1936960 r2833838 m2980018 f3990 r56562856 p500
 327582195=61550056+160900281+118871928 i81578790 u293603037 u0 t5.569
2383611 2170000 98 4 w2026184 r2970261 m3120366 f4165 r58299387 p500
 329020933=61822910+161615512+119384128 i81895991 u294936112 u0 t5.404
2394538 2180000 98 4 w2118151 r3111294 m3265173 f4345 r60051591 p500
 330471640=62098697+162341500+119894769 i82218660 u296278551 u0 t5.443
Idx1+ lookups: 128191415 18658921 45810927 69679467 93120702 
Idx1+ positiv: 19424233 1728382 5894644 8319039 10916557 
Idx1+ found  : 19424226 1727198 5801472 8117817 10612636 
2405448 2190000 98 4 w2217435 r3268016 m3426144 f4538 r61994300 p500
 332047282=62396171+163128686+120452548 i82566620 u297738116 u0 t5.891
2416385 2200000 98 4 w2305558 r3409302 m3571032 f4711 r63686382 p500
 333572677=62685022+163886371+120996698 i82901725 u299152138 u0 t5.898
2427291 2210000 98 4 w2404159 r3561849 m3727666 f4904 r65520593 p500
 335055154=62966105+164620723+121527332 i83227442 u300526146 u0 t5.658
Idx1+ lookups: 129916403 20012202 46962348 70730840 94117862 
Idx1+ positiv: 19795940 1930942 5999987 8378204 10957803 
Idx1+ found  : 19795933 1929058 5901520 8172030 10649091 
2438224 2220000 98 4 w2496412 r3708891 m3878322 f5085 r67230905 p500
 336562228=63251799+165373345+122060347 i83561023 u301921585 u0 t5.576
2449156 2230000 98 4 w2606756 r3879221 m4053042 f5302 r69220993 p500
 338098470=63544181+166137065+122607037 i83897955 u303346424 u0 t5.921
2460085 2240000 98 4 w2707926 r4042123 m4219980 f5501 r71099321 p500
 339674657=63843460+166921569+123166530 i84246605 u304805317 u0 t5.88
Idx1+ lookups: 131644231 21367503 48108288 71780579 95114528 
Idx1+ positiv: 20168467 2141385 6101422 8436205 10998445 
Idx1+ found  : 20168460 2138419 5997721 8225103 10684824 
2471031 2250000 98 4 w2816551 r4214503 m4396492 f5715 r73063565 p500
 341328221=64154313+167736404+123763464 i84611620 u306334467 u0 t6.36
2481891 2260000 98 4 w2925047 r4386108 m4572304 f5930 r74999170 p500
 342920094=64455060+168519044+124339193 i84959304 u307810059 u0 t6.025
2492839 2270000 98 4 w3045917 r4572707 m4763624 f6169 r77101637 p500
 344524932=64756130+169308970+124920291 i85309775 u309298351 u0 t6.281
Idx1+ lookups: 133366808 22715761 49243792 72824383 96104549 
Idx1+ positiv: 20542786 2355572 6198404 8495037 11038416 
Idx1+ found  : 20542779 2351173 6089421 8278886 10719908 
2503770 2280000 98 4 w3153701 r4748420 m4943328 f6382 r79003542 p500
 346165173=65065475+170120749+125508611 i85671339 u310816684 u0 t6.124
2514685 2290000 98 4 w3264291 r4927739 m5126908 f6601 r80940143 p500
 347777859=65367628+170914357+126092672 i86023689 u312312013 u0 t6.113
Idx1+ lookups: 135092634 24067207 50374040 73864711 97092896 
Idx1+ positiv: 20917166 2578719 6293595 8552033 11077740 
Idx1+ found  : 20917159 2572371 6179341 8330867 10754381 
2525687 2300000 98 4 w3382900 r5118601 m5322027 f6837 r82961006 p500
 349430556=65676533+171726819+126692647 i86382908 u313844929 u0 t6.291
2536614 2310000 98 4 w3510177 r5318147 m5526169 f7089 r85103462 p500
 351071462=65982636+172534843+127287338 i86743648 u315363584 u0 t6.654
2547690 2320000 98 4 w3632966 r5516712 m5729050 f7333 r87186930 p500
 352775789=66300993+173374078+127904919 i87120768 u316938015 u0 t6.583
Idx1+ lookups: 136825054 25423177 51507495 74910883 98089567 
Idx1+ positiv: 21293616 2803871 6386110 8606580 11116266 
Idx1+ found  : 21293609 2794886 6266624 8380368 10788164 
2558712 2330000 98 4 w3747363 r5706389 m5922746 f7562 r89125420 p500
 354479327=66619347+174214406+128520924 i87495675 u318514100 u0 t6.436
2569709 2340000 98 4 w3882916 r5920033 m6141184 f7830 r91351480 p500
 356119816=66929029+175032721+129102657 i87856543 u320035071 u0 t6.503
2580699 2350000 98 4 w4012072 r6130631 m6356231 f8088 r93496522 p500
 357866975=67253212+175889572+129740737 i88240985 u321650920 u0 t6.65
Idx1+ lookups: 138555904 26776833 52633714 75952876 99083877 
Idx1+ positiv: 21670811 3034809 6475582 8659286 11155499 
Idx1+ found  : 21670803 3022323 6350850 8428051 10822511 
2591715 2360000 98 4 w4128544 r6327209 m6556651 f8323 r95448809 p500
 359567798=67570319+176725970+130359050 i88614844 u323224474 u0 t6.344
2602831 2370000 98 4 w4276066 r6562787 m6797231 f8614 r97842391 p500
 361333804=67899239+177596044+130999241 i89005987 u324856070 u0 t6.939
Idx1+ lookups: 140291762 28132749 53754048 76992443 100076817 
Idx1+ positiv: 22050753 3274876 6561571 8710881 11193349 
Idx1+ found  : 22050745 3257905 6431617 8474678 10855407 
2613986 2380000 98 4 w4405036 r6775816 m7014349 f8872 r99921187 p500
 363142494=68230806+178475866+131670096 i89400972 u326529587 u0 t6.867
cache requests:  100801125, Misses: 7101495, Flush#: 8978
File page count: 248689
File page count: 0
2624949 2390000 98 3 w5001 r0 m0 f238 r0 p20
 364958248=68564735+179361240+132340268 i89805675 u328201880 u0 t6.711
Idx1+ lookups: 142032782 934516 29488680 54884665 78044634 101083786 
Idx1+ positiv: 22427711 8131 3505848 6645250 8761216 11230489 
Idx1+ found  : 22427703 8131 3483219 6510043 8519900 10887527 
2635909 2400000 98 3 w10768 r2000 m4304 f394 r623844 p500
 366793742=68902584+180257977+133015990 i90217656 u329889361 u0 t6.397
2646913 2410000 98 3 w21779 r10509 m16860 f408 r1775328 p500
 368547157=69226360+181113701+133662101 i90609600 u331502995 u0 t6.146
2657884 2420000 98 3 w37373 r25078 m36220 f430 r2885231 p500
 370250743=69543018+181948977+134283775 i90985193 u333077401 u0 t5.957
Idx1+ lookups: 143769567 2294430 30815737 56005935 79089756 102084469 
Idx1+ positiv: 22804582 40988 3717304 6726734 8810618 11266316 
Idx1+ found  : 22804574 40988 3689006 6586191 8564339 10918606 
2668918 2430000 98 3 w55928 r44733 m60590 f457 r3923110 p500
 371945334=69856854+182774867+134907321 i91358838 u334642138 u0 t5.873
2679809 2440000 98 4 w80461 r72228 m93285 f496 r5276430 p500
 373593593=70165486+183587194+135502816 i91729724 u336158968 u0 t5.9
2690746 2450000 98 4 w107207 r105166 m130820 f540 r6908201 p500
 375264732=70476391+184414187+136105363 i92101759 u337701067 u0 t6.015
Idx1+ lookups: 145520322 3663431 32131303 57129636 80139575 103089867 
Idx1+ positiv: 23186336 94423 3914805 6805960 8860142 11302468 
Idx1+ found  : 23186328 94423 3880871 6660073 8608760 10949835 
2701594 2460000 98 4 w141920 r148540 m179190 f599 r8787148 p500
 377026942=70804695+185280946+136745118 i92491786 u339328688 u0 t6.354
2712475 2470000 98 4 w178897 r196497 m232100 f663 r10551568 p500
 378737275=71123412+186129022+137359567 i92869684 u340910337 u0 t6.186
Idx1+ lookups: 147259399 5018913 33412214 58232522 81170915 104078754 
Idx1+ positiv: 23569932 168994 4098313 6882690 8907527 11337825 
Idx1+ found  : 23569923 168994 4058896 6731619 8651213 10980395 
2723357 2480000 98 4 w219465 r251005 m291684 f734 r12383938 p500
 380487328=71448458+186993347+137992245 i93251576 u342532812 u0 t6.334
2734166 2490000 98 4 w265808 r312018 m357839 f816 r14258063 p500
 382198024=71767925+187837149+138610940 i93627780 u344116031 u0 t6.258
2745023 2500000 98 4 w309360 r375334 m425781 f894 r15965792 p500
 383959910=72094368+188705051+139251002 i94010208 u345751125 u0 t6.34
Idx1+ lookups: 149005167 6378482 34680667 59332860 82201191 105066069 
Idx1+ positiv: 23956132 260110 4271858 6958121 8955543 11372963 
Idx1+ found  : 23956122 260110 4227011 6801681 8694174 11010803 
2755880 2510000 98 4 w362043 r446719 m502102 f989 r17790979 p500
 385703183=72418174+189565646+139881674 i94394449 u347363335 u0 t6.473
2766772 2520000 98 4 w422325 r527770 m588379 f1099 r19772602 p500
 387463931=72744988+190431472+140522086 i94780674 u348993336 u0 t6.567
Idx1+ lookups: 150748687 7734693 35933936 60430787 83231770 106055166 
Idx1+ positiv: 24343442 363054 4432849 7030614 9002046 11407507 
Idx1+ found  : 24343431 363052 4382353 6869029 8735656 11040546 
2777605 2530000 98 4 w480721 r610877 m676221 f1206 r21634962 p500
 389210244=73071112+191290844+141155276 i95161023 u350612779 u0 t6.444
2788466 2540000 98 4 w544722 r699548 m769696 f1325 r23540075 p500
 390993925=73405001+192169511+141801295 i95550831 u352265166 u0 t6.571
2799329 2550000 98 4 w616237 r799859 m875215 f1458 r25576496 p500
 392854436=73747080+193084041+142481179 i95958264 u353986752 u0 t6.915
Idx1+ lookups: 152486408 9085175 37167337 61518554 84255097 107038501 
Idx1+ positiv: 24730681 480141 4583815 7100196 9046978 11441583 
Idx1+ found  : 24730670 480133 4527987 6933469 8775648 11069780 
2810193 2560000 98 4 w684934 r897747 m977965 f1586 r27483264 p500
 394586175=74069906+193939383+143107047 i96342174 u355586081 u0 t6.788
2821115 2570000 98 4 w763209 r1007633 m1093059 f1733 r29543118 p500
 396373854=74400331+194815983+143761024 i96732268 u357241413 u0 t6.845
Idx1+ lookups: 154234194 10446127 38399384 62612300 85284396 108026549 
Idx1+ positiv: 25117515 609060 4727681 7169891 9093197 11475578 
Idx1+ found  : 25117504 609038 4666288 6997916 8816899 11098888 
2832025 2580000 98 4 w839093 r1117135 m1207303 f1877 r31471071 p500
 398201283=74740010+195716692+144423960 i97132902 u358933274 u0 t8.5
2842894 2590000 98 4 w914542 r1227517 m1322350 f2019 r33351307 p500
 399960875=75065982+196579442+145067439 i97515732 u360564523 u0 t8.439
Idx1+ lookups: 155979309 11799302 39612196 63694172 86305712 109008988 
Idx1+ positiv: 25509455 749447 4864082 7235691 9137076 11508863 
Idx1+ found  : 25509444 749401 4797228 7058472 8855776 11127319 
2853742 2600000 98 4 w1005246 r1356099 m1456324 f2190 r35499854 p500
 401811634=75407233+197492344+145739777 i97920494 u362278564 u0 t7.586
2864632 2610000 98 4 w1095211 r1487197 m1592564 f2361 r37610597 p500
 403667966=75750169+198409680+146411818 i98321291 u364003287 u0 t8.541
2875503 2620000 98 4 w1183064 r1616419 m1726519 f2528 r39591459 p500
 405501187=76090975+199311909+147078283 i98719066 u365704547 u0 t8.279
Idx1+ lookups: 157716510 13147185 40809483 64766057 87318895 109983711 
Idx1+ positiv: 25898773 900087 4994796 7299318 9180431 11541390 
Idx1+ found  : 25898762 899997 4922630 7117174 8894236 11155174 
2886360 2630000 98 4 w1279548 r1757471 m1872652 f2712 r41732572 p500
 407318394=76428580+200209416+147736246 i99114419 u367390554 u0 t8.533
2897239 2640000 98 4 w1383253 r1905974 m2026325 f2911 r43927815 p500
 409133084=76766405+201102314+148395438 i99507292 u369074944 u0 t14.459
Idx1+ lookups: 159456381 14494032 41996920 65836260 88330841 110958369 
Idx1+ positiv: 26291797 1059612 5117369 7362622 9222610 11574245 
Idx1+ found  : 26291786 1059407 5039864 7175431 8931524 11183175 
2908079 2650000 98 4 w1476529 r2047129 m2172000 f3090 r45894172 p500
 410998892=77114178+202021249+149071777 i99913404 u370805132 u0 t11.061
2919336 2660000 98 4 w1574809 r2193318 m2322801 f3279 r47925207 p500
 412865095=77458535+202937691+149753790 i100310381 u372543610 u0 t9.446
Idx1+ lookups: 161180587 15828578 43166902 66896457 89336149 111925971 
Idx1+ positiv: 26681457 1224331 5232501 7422658 9265287 11606446 
Idx1+ found  : 26681446 1223971 5149649 7230320 8969230 11210650 
2930193 2670000 98 4 w1683414 r2354801 m2489515 f3489 r50115295 p500
 414758028=77807462+203871479+150441590 i100719429 u374301418 u0 t10.431
2941058 2680000 98 4 w1791850 r2515365 m2655109 f3700 r52268513 p500
 416562298=78141604+204760082+151097021 i101111641 u375974633 u0 t8.144
2951948 2690000 98 4 w1894010 r2672256 m2816472 f3901 r54285465 p500
 418394567=78482060+205663987+151760410 i101506211 u377678190 u0 t21.497
Idx1+ lookups: 162918591 17174521 44338366 67961333 90345802 112899186 
Idx1+ positiv: 27073518 1399109 5344452 7482905 9306643 11637935 
Idx1+ found  : 27073507 1398450 5256237 7285543 9005668 11237369 
2962792 2700000 98 4 w2002486 r2834418 m2983245 f4112 r56353284 p500
 420187245=78815085+206550897+152407374 i101895055 u379342592 u0 t11.224
2973731 2710000 98 4 w2114062 r3003633 m3157221 f4331 r58502505 p500
 421964447=79147445+207422084+153055205 i102272935 u380998690 u0 t9.179
Idx1+ lookups: 164653830 18516698 45492236 69013792 91344342 113860735 
Idx1+ positiv: 27466580 1587894 5451152 7541822 9348446 11669433 
Idx1+ found  : 27466569 1586757 5357648 7339462 9042659 11264097 
2984605 2720000 98 4 w2227128 r3174421 m3332757 f4551 r60604579 p500
 423762171=79480129+208299528+153716891 i102653700 u382673884 u0 t11.229
2995574 2730000 98 4 w2337007 r3342810 m3505866 f4767 r62663739 p500
 425541780=79809047+209170707+154369183 i103036400 u384326856 u0 t19.663
3006468 2740000 98 4 w2455599 r3522984 m3690912 f4998 r64821019 p500
 427360559=80145053+210063381+155033678 i103429260 u386014570 u0 t11.782
Idx1+ lookups: 166387533 19854387 46638993 70063829 92342676 114823397 
Idx1+ positiv: 27862594 1779537 5553151 7598526 9389031 11700245 
Idx1+ found  : 27862583 1777689 5454368 7391165 9078331 11290211 
3017345 2750000 98 4 w2575952 r3703867 m3876618 f5234 r66970454 p500
 429112466=80471448+210929421+155665389 i103806774 u387643734 u0 t12.4
3028291 2760000 98 4 w2690286 r3882077 m4059323 f5457 r69031212 p500
 430853628=80794053+211779723+156304391 i104184442 u389257727 u0 t11.641
Idx1+ lookups: 168130632 21198388 47787386 71117286 93345136 115790877 
Idx1+ positiv: 28261692 1976178 5653446 7654626 9428640 11730926 
Idx1+ found  : 28261681 1973297 5549304 7442162 9113311 11316231 
3039192 2770000 98 4 w2795374 r4045801 m4227078 f5662 r70884309 p500
 432538461=81107787+212604140+156920898 i104543526 u390826255 u0 t21.642
3050078 2780000 98 4 w2912331 r4227358 m4413167 f5892 r72935985 p500
 434247277=81429031+213437682+157545343 i104906358 u392418299 u0 t11.971
3060975 2790000 98 4 w3032456 r4415981 m4606445 f6127 r75038945 p500
 436026715=81761305+214309126+158194410 i105282490 u394077894 u0 t13.334
Idx1+ lookups: 169849973 22523270 48912970 72152912 94331466 116742073 
Idx1+ positiv: 28656151 2176877 5748623 7708907 9468532 11761107 
Idx1+ found  : 28656140 2172595 5639262 7491458 9148445 11341696 
3071909 2800000 98 4 w3153844 r4602259 m4797241 f6365 r77095387 p500
 437724222=82079132+215137533+158816103 i105640625 u395661583 u0 t16.111
3082762 2810000 98 4 w3287896 r4806607 m5006388 f6631 r79349060 p500
 439502098=82407520+216004295+159471644 i106020279 u397314948 u0 t18.847
Idx1+ lookups: 171585176 23859295 50036141 73189845 95319612 117696228 
Idx1+ positiv: 29055329 2391733 5840153 7762723 9507250 11790472 
Idx1+ found  : 29055318 2385449 5725500 7540245 9182436 11366505 
3093667 2820000 98 4 w3410018 r5001356 m5205665 f6873 r81433438 p500
 441252475=82734828+216859883+160111731 i106392603 u398944747 u0 t11.158
3104606 2830000 98 4 w3534819 r5196238 m5404936 f7119 r83499721 p500
 443006883=83060939+217716620+160755196 i106763493 u400580987 u0 t11.587
3115556 2840000 98 4 w3652546 r5385771 m5598634 f7353 r85472247 p500
 444688481=83372733+218538469+161372236 i107118717 u402149643 u0 t20.311
Idx1+ lookups: 173318865 25189666 51152895 74221346 96303409 118647062 
Idx1+ positiv: 29458647 2607937 5930629 7815351 9544947 11819858 
Idx1+ found  : 29458636 2599066 5810753 7587949 9215399 11391307 
3126447 2850000 98 4 w3777113 r5583098 m5800218 f7599 r87516696 p500
 446373566=83687025+219365885+161985484 i107476025 u403721356 u0 t16.292
3137354 2860000 98 4 w3903391 r5784797 m6006214 f7853 r89590538 p500
 448084410=84007360+220203015+162608631 i107835600 u405319342 u0 t10.684
Idx1+ lookups: 175047765 26515467 52259116 75245408 97281063 119592221 
Idx1+ positiv: 29861746 2831010 6017810 7866651 9582211 11848883 
Idx1+ found  : 29861735 2818646 5892912 7634357 9247894 11415672 
3148306 2870000 98 4 w4023645 r5978731 m6204201 f8093 r91568330 p500
 449709146=84311145+221001359+163198792 i108179454 u406835893 u0 t12.693
3159170 2880000 98 4 w4153143 r6182296 m6412139 f8352 r93622467 p500
 451351882=84617909+221801999+163801990 i108525853 u408368887 u0 t23.547
3170031 2890000 98 4 w4276100 r6381244 m6615203 f8599 r95593143 p500
 453013492=84929203+222613413+164410040 i108872174 u409924065 u0 t10.803
Idx1+ lookups: 176774107 27837310 53356447 76260075 98250051 120529165 
Idx1+ positiv: 30266245 3059863 6105597 7917104 9619024 11877733 
Idx1+ found  : 30266234 3043158 5975576 7680036 9279938 11439954 
3180938 2900000 98 4 w4398222 r6583150 m6821091 f8845 r97603796 p500
 454661681=85237778+223419314+165012236 i109213848 u411468736 u0 t13.428
cache requests:  99158411, Misses: 6982074, Flush#: 9039
File page count: 249257
File page count: 0
3191816 2910000 98 3 w1852 r0 m0 f88 r0 p20
 456350591=85550949+224239011+165637741 i109567159 u413046702 u0 t13.909
3202736 2920000 98 3 w8196 r1 m211 f390 r30965 p500
 458067183=85872730+225081734+166261324 i109928047 u414650746 u0 t17.518
Idx1+ lookups: 178502474 752544 29153965 54449351 77275512 99220838 121468213 
Idx1+ positiv: 30673176 4781 3289002 6188205 7966511 9655398 11906330 
Idx1+ found  : 30673165 4781 3266909 6053043 7724686 9311677 11463900 
3213588 2930000 98 3 w13594 r4971 m8828 f397 r1055960 p500
 459765403=86191157+225911227+166882779 i110284611 u416236932 u0 t15.523
3224450 2940000 98 3 w28192 r16048 m24343 f417 r2212876 p500
 461458958=86506014+226744049+167499073 i110645453 u417814482 u0 t11.731
Total lines processed: 2945786
Block Count:1, 127
Avg Block Count:1418031 = 180089959 / 127
Avg Max Count:0, 10412, 98
Block Count:146, 18787
Avg Block Count:102 = 1919855 / 18787
Avg Max Count:196, 148, 61
BloomFilter
    bits: 275693837
    estimated elements: 25000000
    number hashes: 8
    max false positive rate: 0.005000
    bloom length (8 bits): 34461730
    elements added: 1919855
    estimated elements added: 1919821
    current false positive rate: 0.000000
    export size (bytes): 34461750
    number bits set: 14938602
    is on disk: no
Block Count:0, 1
Avg Block Count:0 = 0 / 1
Avg Max Count:0, 0, 0
BloomFilter
    bits: 275693837
    estimated elements: 25000000
    number hashes: 8
    max false positive rate: 0.005000
    bloom length (8 bits): 34461730
    elements added: 25000000
    estimated elements added: 24996636
    current false positive rate: 0.005017
    export size (bytes): 34461750
    number bits set: 142214570
    is on disk: no
Block Count:0, 1
Avg Block Count:0 = 0 / 1
Avg Max Count:0, 0, 0
BloomFilter
    bits: 275693837
    estimated elements: 25000000
    number hashes: 8
    max false positive rate: 0.005000
    bloom length (8 bits): 34461730
    elements added: 25000000
    estimated elements added: 24994569
    current false positive rate: 0.005017
    export size (bytes): 34461750
    number bits set: 142206564
    is on disk: no
Block Count:0, 1
Avg Block Count:0 = 0 / 1
Avg Max Count:0, 0, 0
BloomFilter
    bits: 275693837
    estimated elements: 25000000
    number hashes: 8
    max false positive rate: 0.005000
    bloom length (8 bits): 34461730
    elements added: 25000000
    estimated elements added: 24994190
    current false positive rate: 0.005017
    export size (bytes): 34461750
    number bits set: 142205096
    is on disk: no
Block Count:0, 1
Avg Block Count:0 = 0 / 1
Avg Max Count:0, 0, 0
BloomFilter
    bits: 275693837
    estimated elements: 25000000
    number hashes: 8
    max false positive rate: 0.005000
    bloom length (8 bits): 34461730
    elements added: 25000000
    estimated elements added: 24992776
    current false positive rate: 0.005017
    export size (bytes): 34461750
    number bits set: 142199620
    is on disk: no
Block Count:0, 1
Avg Block Count:0 = 0 / 1
Avg Max Count:0, 0, 0
BloomFilter
    bits: 275693837
    estimated elements: 25000000
    number hashes: 8
    max false positive rate: 0.005000
    bloom length (8 bits): 34461730
    elements added: 25000000
    estimated elements added: 24989587
    current false positive rate: 0.005017
    export size (bytes): 34461750
    number bits set: 142187263
    is on disk: no
Block Count:125, 20754
Avg Block Count:130 = 2703311 / 20754
Avg Max Count:246, 195, 94
BloomFilter
    bits: 330832604
    estimated elements: 30000000
    number hashes: 8
    max false positive rate: 0.005000
    bloom length (8 bits): 41354076
    elements added: 2703311
    estimated elements added: 2699108
    current false positive rate: 0.000000
    export size (bytes): 41354096
    number bits set: 20903285
    is on disk: no
Level Count:2
Level Count:3
Level Count:1
Level Count:1
Level Count:1
Level Count:1
Level Count:1
Level Count:3
1 4
1 4
Max word len: 98
Total words generated: 462413307
Words inserted 110848022
Words updated: 418705130
cache requests:  0, Misses: 0, Flush#: 6
cache requests:  2738618, Misses: 34504, Flush#: 429
cache requests:  159121104, Misses: 8205487, Flush#: 5157
cache requests:  1892037, Misses: 310588, Flush#: 0
cache requests:  17444254, Misses: 2975407, Flush#: 0
cache requests:  25962621, Misses: 4431124, Flush#: 0
cache requests:  31937145, Misses: 5460918, Flush#: 0
cache requests:  37327173, Misses: 6443509, Flush#: 0
OUBLK INBLK
    -     -
rchar: 262272273256
wchar: 98946674346
syscr: 63932958
syscw: 24074681
read_bytes: 2445705216
write_bytes: 66881183744
cancelled_write_bytes: 0
4772608
130627312
