Csz: 2, pgsz: 4096
File page count: 0
File page count: 0
Stg buf: 32mb, Idx1 buf: 32mb, Idx1+ buf: 16mb
Idx1 entry count limit: 250 million, Idx2 buf: 32mb
File page count: 0
10988 10000 60 1 w0 r0 m0 f0 r0 p20
 1502009=280567+736357+547318 i721658 u998423 u0 t2.657
22023 20000 60 3 w7735 r0 m0 f367 r0 p20
 2970299=556558+1459020+1077812 i1299209 u2102895 u0 t3.137
Idx1+ lookups: 1872010 1871985 
Idx1+ positiv: 25 51643 
Idx1+ found  : 25 51643 
33024 30000 60 3 w27658 r10756 m16771 f417 r1270504 p500
 4455591=837142+2190955+1612898 i1852391 u3251575 u0 t3.23
44043 40000 66 3 w52676 r30897 m39911 f461 r2612701 p500
 6021768=1126498+2950354+2194339 i2403108 u4491603 u0 t3.457
55121 50000 66 3 w86331 r59843 m71926 f522 r3820101 p500
 7457432=1399039+3657323+2711810 i2899495 u5640597 u0 t3.241
Idx1+ lookups: 3542128 3540581 
Idx1+ positiv: 1547 217712 
Idx1+ found  : 1547 217712 
66115 60000 66 3 w132180 r97536 m115388 f602 r5289248 p500
 8882525=1666288+4349737+3237298 i3372066 u6798479 u0 t3.424
77117 70000 66 4 w183644 r142353 m165076 f695 r7188946 p500
 10323681=1938542+5063745+3753209 i3851018 u7971772 u0 t3.46
88102 80000 66 4 w240953 r194019 m221450 f800 r9099045 p500
 11702242=2200826+5741136+4250267 i4299728 u9103082 u0 t3.363
Idx1+ lookups: 5188320 5182847 
Idx1+ positiv: 5473 434976 
Idx1+ found  : 5473 434976 
99095 90000 66 4 w308207 r255199 m287828 f924 r11207455 p500
 13139065=2468368+6445510+4774403 i4761616 u10286594 u0 t3.613
110113 100000 66 4 w380133 r321418 m358767 f1058 r13175856 p500
 14570300=2739305+7152735+5287868 i5211290 u11477401 u0 t3.672
121109 110000 66 4 w457486 r392579 m434636 f1203 r15189914 p500
 15981984=3006512+7851613+5792984 i5655730 u12651059 u0 t3.644
Idx1+ lookups: 6769859 6755027 
Idx1+ positiv: 14832 668815 
Idx1+ found  : 14832 668815 
132028 120000 66 4 w538708 r469487 m515612 f1357 r17074048 p500
 17532484=3286822+8590277+6386159 i6106532 u13969042 u0 t3.738
142990 130000 66 4 w633141 r557562 m608969 f1535 r19321768 p500
 18986448=3562710+9311119+6905248 i6548879 u15193514 u0 t3.9
153925 140000 66 4 w727309 r646937 m702806 f1714 r21299523 p500
 20474477=3841729+10051396+7435263 i6999138 u16448960 u0 t3.864
Idx1+ lookups: 8368699 8331022 
Idx1+ positiv: 37677 921887 
Idx1+ found  : 37677 921887 
164855 150000 66 4 w831638 r745202 m806242 f1912 r23456902 p500
 21982251=4126056+10796461+7976893 i7453888 u17721979 u0 t4.054
175812 160000 66 4 w941910 r849629 m915691 f2122 r25613641 p500
 23584909=4417148+11560934+8588302 i7914229 u19089936 u0 t4.161
186797 170000 66 4 w1055783 r957635 m1028853 f2339 r27820847 p500
 25060643=4694278+12291216+9118384 i8355287 u20340529 u0 t4.107
Idx1+ lookups: 9950025 9872067 
Idx1+ positiv: 77958 1186363 
Idx1+ found  : 77958 1186363 
197847 180000 66 4 w1167948 r1065198 m1140871 f2554 r29827127 p500
 26594805=4977567+13035840+9687961 i8800877 u21648837 u0 t4.122
208776 190000 66 4 w1294557 r1185816 m1266851 f2796 r32116993 p500
 28107430=5261667+13783743+10232285 i9242517 u22940730 u0 t4.372
219728 200000 66 4 w1417798 r1304366 m1389905 f3033 r34183404 p500
 29612928=5546285+14529981+10770299 i9679782 u24229836 u0 t4.224
Idx1+ lookups: 11554597 11416032 
Idx1+ positiv: 138565 1466293 
Idx1+ found  : 138565 1466293 
230584 210000 66 4 w1553388 r1433975 m1524844 f3293 r36485935 p500
 31176719=5839236+15302598+11333221 i10127173 u25573869 u0 t4.493
241548 220000 66 4 w1681945 r1558515 m1653693 f3541 r38499114 p500
 32683216=6122373+16045650+11876729 i10560684 u26866454 u0 t4.229
252514 230000 66 4 w1832406 r1703601 m1804451 f3830 r40950738 p500
 34281334=6415992+16823378+12467909 i11011556 u28242798 u0 t5.163
Idx1+ lookups: 13169065 12951581 
Idx1+ positiv: 217484 1753290 
Idx1+ found  : 217484 1753290 
263483 240000 66 4 w1972435 r1839330 m1944946 f4100 r43101040 p500
 35779646=6698842+17564571+13004988 i11440135 u29531606 u0 t5.028
274496 250000 66 4 w2110509 r1973864 m2083794 f4367 r45135967 p500
 37310769=6986369+18323484+13553505 i11876641 u30849726 u0 t4.635
285461 260000 66 4 w2262396 r2122312 m2237322 f4660 r47409885 p500
 38803051=7268863+19066410+14083606 i12299710 u32138128 u0 t4.513
Idx1+ lookups: 14801407 14486800 
Idx1+ positiv: 314607 2049054 
Idx1+ found  : 314607 2049053 
296415 270000 66 4 w2408842 r2265647 m2385320 f4943 r49503617 p500
 40291660=7548931+19800727+14620226 i12719617 u33423835 u0 t4.459
307437 280000 66 4 w2564568 r2418657 m2543255 f5244 r51706512 p500
 41798390=7832680+20548382+15159093 i13142025 u34728685 u0 t5.428
318462 290000 66 4 w2730524 r2581977 m2711710 f5565 r54023191 p500
 43400958=8135339+21341253+15733409 i13591134 u36116205 u0 t4.832
Idx1+ lookups: 16439953 16016278 
Idx1+ positiv: 423675 2351501 
Idx1+ found  : 423675 2351500 
329483 300000 66 4 w2903119 r2752559 m2887553 f5899 r56382203 p500
 45028067=8442234+22155263+16308545 i14053075 u37520931 u0 t4.912
340525 310000 66 4 w3075877 r2924584 m3065002 f6233 r58746116 p500
 46615498=8738046+22934138+16886727 i14489506 u38901705 u0 t4.841
Idx1+ lookups: 18072420 17528460 
Idx1+ positiv: 543960 2651810 
Idx1+ found  : 543960 2651809 
351480 320000 94 4 w3246495 r3093740 m3239448 f6563 r61039972 p500
 48198444=9038935+23721499+17447383 i14924286 u40281191 u0 t4.897
362496 330000 94 4 w3409429 r3256722 m3407046 f6879 r63124397 p500
 49733444=9330284+24482692+17993474 i15348084 u41617139 u0 t4.877
373551 340000 94 4 w3584258 r3431764 m3587078 f7218 r65387062 p500
 51290420=9626097+25253246+18550462 i15776823 u42973431 u0 t5.085
Idx1+ lookups: 19718691 19039871 
Idx1+ positiv: 678820 2959948 
Idx1+ found  : 678820 2959946 
384689 350000 94 4 w3764291 r3613097 m3773595 f7567 r67669711 p500
 52863841=9922129+26021395+19125405 i16211252 u44340451 u0 t4.899
395874 360000 94 4 w3948178 r3799221 m3964749 f7924 r69991562 p500
 54481113=10221859+26805577+19724920 i16659778 u45741061 u0 t5.185
406862 370000 94 4 w4142606 r3997846 m4168935 f8301 r72457557 p500
 56127737=10531055+27599843+20335875 i17111954 u47171665 u0 t5.282
Idx1+ lookups: 21377479 20553548 
Idx1+ positiv: 823931 3266716 
Idx1+ found  : 823931 3266713 
417894 380000 94 4 w4321793 r4179786 m4355704 f8649 r74660053 p500
 57710652=10827571+28373736+20913921 i17550060 u48545625 u0 t4.923
428912 390000 94 4 w4502841 r4366208 m4546822 f9001 r76851196 p500
 59267668=11118998+29134387+21483671 i17976993 u49900768 u0 t4.888
439874 400000 94 4 w4692317 r4561926 m4747648 f9369 r79143716 p500
 60798949=11403897+29878773+22048738 i18389886 u51239419 u0 t4.944
Idx1+ lookups: 23039242 22059741 
Idx1+ positiv: 979501 3579818 
Idx1+ found  : 979501 3579815 
450859 410000 94 4 w4883799 r4760945 m4951777 f9741 r81441464 p500
 62344803=11692810+30638301+22610561 i18812380 u52587232 u0 t5.023
461847 420000 94 4 w5062053 r4946768 m5142007 f10088 r83507416 p500
 63844431=11974358+31373784+23155226 i19219115 u53897765 u0 t4.757
472807 430000 94 4 w5266275 r5160861 m5361425 f10485 r85934119 p500
 65437780=12274970+32155539+23733015 i19647666 u55293921 u0 t5.195
Idx1+ lookups: 24704539 23558907 
Idx1+ positiv: 1145632 3897201 
Idx1+ found  : 1145632 3897198 
483790 440000 94 4 w5460214 r5365159 m5570300 f10863 r88122500 p500
 67045767=12575174+32948774+24314528 i20083492 u56700280 u0 t5.167
494708 450000 94 4 w5677070 r5594262 m5804821 f11285 r90635012 p500
 68699472=12883619+33764275+24912530 i20527372 u58150457 u0 t5.468
Idx1+ lookups: 26382001 25059658 
Idx1+ positiv: 1322343 4222617 
Idx1+ found  : 1322343 4222614 
505590 460000 94 4 w5883227 r5814245 m6029559 f11687 r92937464 p500
 70351532=13192036+34579703+25508940 i20970533 u59600197 u0 t5.331
516566 470000 94 4 w6101043 r6046556 m6267262 f12111 r95401048 p500
 71990802=13497983+35383004+26106829 i21406006 u61040699 u0 t5.454
527520 480000 94 4 w6320527 r6281974 m6508243 f12538 r97870083 p500
 73645399=13806248+36198720+26705964 i21848386 u62493062 u0 t5.61
Idx1+ lookups: 28056367 26550530 
Idx1+ positiv: 1505837 4550720 
Idx1+ found  : 1505837 4550717 
538466 490000 94 4 w6535921 r6513561 m6744798 f12958 r100230255 p500
 75322036=14118226+37019796+27319560 i22291198 u63969022 u0 t5.47
549399 500000 94 4 w6761773 r6756522 m6993171 f13398 r102732168 p500
 77023425=14443739+37852951+27939452 i22739713 u65468188 u0 t5.592
Idx1+ lookups: 29732967 28035975 
Idx1+ positiv: 1696992 4885746 
Idx1+ found  : 1696992 4885743 
560288 510000 94 4 w6989185 r7003479 m7245597 f13841 r105227031 p500
 78683779=14754211+38673947+28537979 i23175074 u66935019 u0 t5.66
571192 520000 94 4 w7206020 r7240210 m7487240 f14264 r107535707 p500
 80352712=15063905+39495351+29144443 i23615138 u68405648 u0 t5.513
582148 530000 94 4 w7437405 r7491757 m7744222 f14715 r110045847 p500
 82036336=15378372+40322769+29756566 i24055898 u69892902 u0 t5.723
Idx1+ lookups: 31409016 29509986 
Idx1+ positiv: 1899030 5216959 
Idx1+ found  : 1899030 5216956 
593039 540000 94 4 w7667473 r7743502 m8001105 f15164 r112474021 p500
 83771290=15699382+41171815+30392891 i24502016 u71431902 u0 t5.741
604123 550000 94 4 w7875753 r7971131 m8233588 f15570 r114679342 p500
 85292841=15985696+41911091+30952926 i24892730 u72782467 u0 t5.047
615220 560000 94 4 w8054323 r8166220 m8432899 f15918 r116582283 p500
 86578406=16228956+42541143+31420369 i25220409 u73927540 u0 t4.362
Idx1+ lookups: 33059380 30957627 
Idx1+ positiv: 2101753 5549006 
Idx1+ found  : 2101753 5549003 
626410 570000 94 4 w8219264 r8347471 m8617769 f16240 r118300955 p500
 87844101=16466215+43152805+31889826 i25539748 u75056102 u0 t4.183
637646 580000 94 4 w8397856 r8542919 m8817461 f16588 r120173532 p500
 89076810=16700413+43755344+32338702 i25850251 u76157717 u0 t4.433
648847 590000 94 4 w8553534 r8715744 m8993660 f16892 r121810711 p500
 90374030=16941574+44376422+32827115 i26161957 u77327724 u0 t4.053
660023 600000 94 4 w8720160 r8899450 m9181167 f17217 r123557701 p500
 91532382=17161983+44938682+33251932 i26450897 u78365274 u0 t3.963
Idx1+ lookups: 34673998 32370297 
Idx1+ positiv: 2303701 5878721 
Idx1+ found  : 2303701 5878717 
671169 610000 94 4 w8873275 r9068904 m9353950 f17516 r125120780 p500
 92677881=17380618+45496976+33670550 i26735788 u79392552 u0 t3.83
682330 620000 94 4 w9030023 r9241968 m9530443 f17822 r126739064 p500
 93822077=17600425+46050280+34090645 i27017530 u80420625 u0 t3.879
693457 630000 94 4 w9199796 r9430066 m9722483 f18153 r128514461 p500
 95055697=17831544+46649550+34545330 i27315757 u81533916 u0 t4.2
Idx1+ lookups: 36284834 33770004 
Idx1+ positiv: 2514830 6208955 
Idx1+ found  : 2514830 6208951 
704731 640000 94 4 w9363087 r9612248 m9908137 f18472 r130143952 p500
 96294487=18063003+47246521+35007532 i27615794 u82650360 u0 t4.108
715916 650000 94 4 w9522391 r9789563 m10088945 f18783 r131768061 p500
 97439920=18281492+47802828+35427035 i27896451 u83681716 u0 t4.487
727122 660000 94 4 w9692979 r9979355 m10282500 f19116 r133517141 p500
 98670868=18515586+48399959+35879326 i28194450 u84793007 u0 t4.152
738273 670000 94 4 w9866018 r10171997 m10478837 f19454 r135257967 p500
 99875743=18744879+48985343+36321344 i28486533 u85881205 u0 t4.184
Idx1+ lookups: 37892673 35159287 
Idx1+ positiv: 2733386 6542292 
Idx1+ found  : 2733386 6542288 
749495 680000 94 4 w10019998 r10345090 m10655107 f19755 r136803978 p500
 101042383=18969139+49551143+36748337 i28766009 u86938406 u0 t3.956
760693 690000 94 4 w10189912 r10534948 m10848547 f20087 r138496404 p500
 102254980=19199662+50136770+37196455 i29060532 u88031807 u0 t4.151
771972 700000 94 4 w10367527 r10734099 m11051484 f20434 r140270544 p500
 103465720=19428892+50723315+37642786 i29355714 u89122846 u0 t4.302
783287 710000 94 4 w10526127 r10912405 m11233062 f20744 r141843538 p500
 104639900=19653350+51296043+38070532 i29640455 u90183392 u0 t3.99
Idx1+ lookups: 39514583 36556564 
Idx1+ positiv: 2958019 6878485 
Idx1+ found  : 2958019 6878480 
794503 720000 94 4 w10689899 r11097080 m11421189 f21064 r143465009 p500
 105795637=19874772+51860524+38490375 i29922013 u91226226 u0 t4.003
805629 730000 94 4 w10864911 r11293498 m11621277 f21406 r145212349 p500
 107012879=20104345+52440052+38949652 i30215358 u92323877 u0 t4.193
816809 740000 94 4 w11019736 r11469480 m11800281 f21709 r146721909 p500
 108170750=20322040+52988329+39390324 i30489392 u93371617 u0 t3.805
Idx1+ lookups: 41118155 37931134 
Idx1+ positiv: 3187021 7212341 
Idx1+ found  : 3187021 7212336 
827890 750000 94 4 w11196408 r11667430 m12002061 f22054 r148489153 p500
 109346023=20541989+53535547+39846975 i30760179 u94440650 u0 t4.105
839058 760000 94 4 w11334719 r11826874 m12164047 f22325 r149827713 p500
 110457274=20754203+54068761+40260181 i31021000 u95451347 u0 t3.598
850231 770000 94 4 w11513477 r12028566 m12369650 f22674 r151599435 p500
 111644530=20977813+54640699+40701567 i31303312 u96526938 u0 t4.219
861324 780000 94 4 w11661099 r12196958 m12540868 f22963 r153015518 p500
 112756712=21190675+55177904+41111668 i31571161 u97532357 u0 t3.758
Idx1+ lookups: 42728296 39307729 
Idx1+ positiv: 3420567 7551198 
Idx1+ found  : 3420567 7551193 
872344 790000 94 4 w11841513 r12400169 m12748141 f23315 r154807900 p500
 113901230=21409743+55727856+41536166 i31839797 u98573829 u0 t4.09
883522 800000 94 4 w11993684 r12576506 m12927352 f23613 r156274404 p500
 115052446=21630279+56283615+41960828 i32110410 u99621261 u0 t3.824
894714 810000 94 4 w12170278 r12774915 m13129509 f23958 r157974283 p500
 116160183=21843397+56812897+42374928 i32373380 u100625632 u0 t4.047
905844 820000 94 4 w12316836 r12944466 m13301831 f24245 r159369940 p500
 117283223=22058021+57355645+42788962 i32637207 u101647321 u0 t3.778
Idx1+ lookups: 44336371 40675008 
Idx1+ positiv: 3661363 7889815 
Idx1+ found  : 3661363 7889810 
916882 830000 94 4 w12513849 r13168395 m13529888 f24630 r161282434 p500
 118549967=22298052+57962861+43262652 i32939227 u102793578 u0 t4.696
927964 840000 94 4 w12686549 r13365962 m13730817 f24968 r162935004 p500
 119743936=22526809+58544733+43697164 i33228559 u103872515 u0 t4.157
939033 850000 94 4 w12871087 r13578097 m13946629 f25329 r164692986 p500
 121004026=22765154+59154770+44162145 i33533177 u105010081 u0 t4.398
950128 860000 94 4 w13059818 r13794949 m14167343 f25698 r166497863 p500
 122238911=23000263+59758465+44610481 i33833708 u106124322 u0 t4.383
Idx1+ lookups: 45993410 42080608 
Idx1+ positiv: 3912802 8237748 
Idx1+ found  : 3912802 8237743 
961260 870000 94 4 w13239571 r14003042 m14378837 f26050 r168195147 p500
 123458245=23233306+60350981+45056196 i34127995 u107226286 u0 t5.454
972424 880000 94 4 w13428814 r14220425 m14600093 f26420 r170009452 p500
 124673076=23464513+60935225+45507237 i34420488 u108323539 u0 t4.43
983571 890000 94 4 w13607104 r14426472 m14809581 f26769 r171687671 p500
 125884344=23693920+61524697+45951042 i34714677 u109415990 u0 t4.525
Idx1+ lookups: 47649441 43481766 
Idx1+ positiv: 4167675 8586727 
Idx1+ found  : 4167675 8586722 
994789 900000 94 4 w13783535 r14630008 m15016703 f27114 r173360497 p500
 127057734=23916914+62089299+46386563 i34991034 u110482280 u0 t4.135
1005944 910000 94 4 w13953154 r14827570 m15217552 f27446 r174960149 p500
 128303145=24152135+62684289+46852631 i35270829 u111626142 u0 t5.904
1017100 920000 94 4 w14133224 r15035683 m15429383 f27798 r176660878 p500
 129430532=24368313+63227679+47268900 i35535901 u112651762 u0 t4.139
1028294 930000 94 4 w14299836 r15228427 m15625413 f28124 r178244250 p500
 130528677=24578028+63757612+47674284 i35794648 u113650106 u0 t4.016
Idx1+ lookups: 49262367 44842037 
Idx1+ positiv: 4420330 8932319 
Idx1+ found  : 4420330 8932314 
1039422 940000 94 4 w14478113 r15435342 m15835756 f28473 r179905816 p500
 131687827=24798360+64320403+48099629 i36069604 u114702429 u0 t4.434
1050473 950000 94 4 w14642591 r15628050 m16031620 f28795 r181439470 p500
 132854633=25020472+64887893+48525919 i36342971 u115765288 u0 t4.004
1061568 960000 94 4 w14821324 r15835112 m16242065 f29145 r183088367 p500
 134043070=25250333+65467521+48956681 i36614938 u116856131 u0 t4.171
1072599 970000 94 4 w15014943 r16062132 m16472825 f29524 r184894212 p500
 135291847=25485760+66067542+49422293 i36901300 u117997573 u0 t8.36
Idx1+ lookups: 50876259 46197885 
Idx1+ positiv: 4678374 9275870 
Idx1+ found  : 4678374 9275865 
1083733 980000 94 4 w15170084 r16244904 m16658444 f29828 r186332913 p500
 136399100=25701026+66611278+49818919 i37158670 u119010469 u0 t4.043
1094785 990000 94 4 w15352040 r16456372 m16873503 f30184 r188025129 p500
 137519050=25917257+67155540+50227043 i37420846 u120031696 u0 t4.259
1105876 1000000 94 4 w15527709 r16662465 m17082920 f30528 r189635808 p500
 138665713=26137695+67717784+50640862 i37690289 u121077303 u0 t4.172
Idx1+ lookups: 52516875 47571842 
Idx1+ positiv: 4945033 9628136 
Idx1+ found  : 4945033 9628131 
1117034 1010000 94 4 w15692136 r16856327 m17279887 f30850 r191158998 p500
 139787403=26354448+68264708+51048328 i37954909 u122098052 u0 t8.501
1128112 1020000 94 4 w15870949 r17066321 m17493344 f31200 r192795677 p500
 140921791=26573668+68822755+51454807 i38224007 u123130381 u0 t4.393
1139060 1030000 94 4 w16069030 r17299446 m17730162 f31588 r194607470 p500
 142169262=26814500+69435817+51902697 i38524765 u124260263 u0 t4.989
1150007 1040000 94 4 w16290286 r17558402 m17993441 f32021 r196637936 p500
 143561529=27079998+70114418+52410413 i38859534 u125519697 u0 t5.745
Idx1+ lookups: 54194303 48976169 
Idx1+ positiv: 5218134 9983159 
Idx1+ found  : 5218134 9983153 
1160894 1050000 94 4 w16520053 r17828102 m18267458 f32471 r198720758 p500
 144998334=27351326+70820475+52930359 i39209577 u126815799 u0 t9.56
1171814 1060000 94 4 w16732989 r18080512 m18523889 f32888 r200688745 p500
 146379096=27613815+71499763+53428048 i39545757 u128061949 u0 t5.716
1182789 1070000 94 4 w16960789 r18347486 m18795215 f33334 r202752077 p500
 147771413=27879098+72187374+53926681 i39884722 u129319424 u0 t10.864
Idx1+ lookups: 55888582 50392876 
Idx1+ positiv: 5495706 10341346 
Idx1+ found  : 5495706 10341339 
1193726 1080000 94 4 w17177175 r18602617 m19054308 f33758 r204711309 p500
 149134067=28139227+72857138+54417549 i40214397 u130551546 u0 t5.681
1204582 1090000 94 4 w17415187 r18884354 m19340591 f34224 r206880587 p500
 150558189=28410800+73563244+54924922 i40561217 u131837925 u0 t5.979
1215452 1100000 94 4 w17648619 r19159652 m19620367 f34681 r209003994 p500
 152005113=28686816+74275924+55445128 i40906988 u133150145 u0 t12.175
Idx1+ lookups: 57587137 51810224 
Idx1+ positiv: 5776913 10705113 
Idx1+ found  : 5776913 10705106 
1226363 1110000 94 4 w17875161 r19430849 m19895693 f35125 r211035971 p500
 153500823=28969235+75014161+55983169 i41268415 u134503126 u0 t5.556
1237247 1120000 94 4 w18120485 r19718183 m20187837 f35605 r213250189 p500
 154937436=29243149+75724625+56496704 i41611650 u135806953 u0 t11.468
1248176 1130000 94 4 w18352291 r19994194 m20468213 f36059 r215345569 p500
 156402735=29522272+76447278+57022338 i41964174 u137134187 u0 t6.113
Idx1+ lookups: 59287352 53225124 
Idx1+ positiv: 6062228 11068688 
Idx1+ found  : 6062228 11068679 
1259068 1140000 94 4 w18602600 r20288947 m20767772 f36549 r217581931 p500
 157861130=29797985+77168674+57545265 i42318623 u138451330 u0 t8.139
1269968 1150000 94 4 w18840767 r20572162 m21055187 f37016 r219697519 p500
 159329507=30076803+77900612+58066164 i42673548 u139780528 u0 t10.608
1280888 1160000 94 4 w19084916 r20861592 m21349288 f37494 r221888632 p500
 160787360=30353505+78624948+58585504 i43029449 u141096317 u0 t6.553
Idx1+ lookups: 60997746 54646409 
Idx1+ positiv: 6351337 11432160 
Idx1+ found  : 6351337 11432150 
1291754 1170000 94 4 w19308777 r21132162 m21623780 f37933 r223859853 p500
 162257086=30632524+79353396+59110035 i43385636 u142425597 u0 t12.196
1302652 1180000 94 4 w19570896 r21441114 m21937845 f38446 r226223108 p500
 163740225=30914948+80088433+59638609 i43741114 u143771461 u0 t15.579
1313613 1190000 94 4 w19802007 r21717992 m22218874 f38899 r228250260 p500
 165222365=31196415+80824289+60167001 i44099160 u145113283 u0 t5.641
Idx1+ lookups: 62702763 56062247 
Idx1+ positiv: 6640516 11798100 
Idx1+ found  : 6640516 11798090 
1324596 1200000 94 4 w20057763 r22021213 m22526850 f39400 r230521275 p500
 166705142=31477697+81562307+60693492 i44455545 u146457888 u0 t12.848
1335456 1210000 94 4 w20304751 r22317855 m22827996 f39884 r232680350 p500
 168224635=31765451+82316176+61235830 i44822884 u147832943 u0 t6.96
1346441 1220000 94 4 w20569675 r22632927 m23147973 f40403 r235036988 p500
 169783151=32059976+83084342+61797326 i45192757 u149248871 u0 t15.891
Idx1+ lookups: 64408152 57472973 
Idx1+ positiv: 6935179 12164322 
Idx1+ found  : 6935179 12164312 
1357399 1230000 94 4 w20833658 r22947157 m23467169 f40920 r237363826 p500
 171340127=32353047+83856368+62354089 i45563970 u150662416 u0 t12.552
1368385 1240000 94 4 w21097458 r23262963 m23787758 f41437 r239676819 p500
 172947613=32655799+84649796+62933488 i45945997 u152122257 u0 t6.778
1379469 1250000 94 4 w21369605 r23589303 m24119212 f41970 r242072533 p500
 174578358=32960715+85458237+63518400 i46338200 u153598643 u0 t15.148
Idx1+ lookups: 66114699 58884979 
Idx1+ positiv: 7229720 12533683 
Idx1+ found  : 7229720 12533672 
1390543 1260000 94 4 w21639592 r23911030 m24445897 f42499 r244424408 p500
 176216496=33265768+86260659+64117377 i46725903 u155085677 u0 t6.81
1401635 1270000 94 4 w21903885 r24229263 m24768905 f43017 r246725862 p500
 177844400=33572064+87068311+64699573 i47117952 u156559922 u0 t13.444
Idx1+ lookups: 67820719 60292123 
Idx1+ positiv: 7528596 12895534 
Idx1+ found  : 7528596 12895522 
1412662 1280000 94 4 w22177059 r24556127 m25100908 f43552 r249111714 p500
 179448464=33876559+87868585+65267070 i47505012 u158013355 u0 t9.24
1423732 1290000 94 4 w22449127 r24881144 m25430960 f44085 r251489423 p500
 181048818=34176735+88658077+65844470 i47889926 u159462297 u0 t13.231
1434749 1300000 94 4 w22720645 r25207728 m25762530 f44617 r253861313 p500
 182708017=34486060+89473649+66447223 i48286613 u160965615 u0 t11.273
Idx1+ lookups: 69531427 61703905 
Idx1+ positiv: 7827522 13258059 
Idx1+ found  : 7827522 13258047 
1445738 1310000 94 4 w22999114 r25541660 m26101385 f45163 r256278824 p500
 184393707=34802515+90300279+67060585 i48694248 u162488240 u0 t10.06
1456743 1320000 94 4 w23282349 r25880474 m26445379 f45718 r258743943 p500
 186070233=35117420+91124338+67668658 i49096330 u164006423 u0 t7.526
Idx1+ lookups: 71240371 63112306 
Idx1+ positiv: 8128065 13622113 
Idx1+ found  : 8128065 13622099 
1467716 1330000 94 4 w23578362 r26236225 m26806563 f46298 r261318639 p500
 187826318=35446440+91987570+68306202 i49515055 u165598738 u0 t19.117
1478847 1340000 94 4 w23868690 r26585045 m27160642 f46867 r263857776 p500
 189576204=35770547+92843092+68948286 i49934408 u167181782 u0 t11.978
1489858 1350000 94 4 w24164317 r26940345 m27521490 f47446 r266439176 p500
 191293706=36091274+93689714+69570365 i50349274 u168734174 u0 t14.886
Idx1+ lookups: 72958888 64529201 
Idx1+ positiv: 8429688 13988872 
Idx1+ found  : 8429687 13988858 
1500812 1360000 94 4 w24436712 r27268744 m27854784 f47980 r268812966 p500
 192945491=36397576+94496222+70177412 i50745859 u170228174 u0 t6.957
1511816 1370000 94 4 w24724000 r27614138 m28205369 f48543 r271310402 p500
 194629037=36712329+95326971+70785495 i51148029 u171754937 u0 t14.13
1522795 1380000 94 4 w24990783 r27938655 m28534646 f49066 r273616107 p500
 196261107=37016280+96132860+71375071 i51540635 u173231607 u0 t8.136
Idx1+ lookups: 74683593 65946572 
Idx1+ positiv: 8737022 14358647 
Idx1+ found  : 8737021 14358632 
1533703 1390000 94 4 w25285756 r28291106 m28892492 f49644 r276183625 p500
 197916580=37324592+96947275+71976458 i51941513 u174726626 u0 t13.745
1544569 1400000 94 4 w25571094 r28635697 m29242371 f50203 r278647895 p500
 199559259=37633478+97759355+72566898 i52334226 u176216625 u0 t15.331
Idx1+ lookups: 76419347 67368372 
Idx1+ positiv: 9050976 14730660 
Idx1+ found  : 9050975 14730645 
1555499 1410000 94 4 w25863389 r28989493 m29601380 f50776 r281144046 p500
 201315494=37961628+98624605+73202706 i52753169 u177808860 u0 t14.747
1566395 1420000 94 4 w26157787 r29345995 m29963203 f51353 r283665808 p500
 203040851=38283744+99480615+73821800 i53165353 u179373865 u0 t14.151
1577238 1430000 94 4 w26459759 r29710921 m30333509 f51945 r286242191 p500
 204769957=38606559+100338547+74442479 i53577989 u180942291 u0 t25.251
Idx1+ lookups: 78145379 68778729 
Idx1+ positiv: 9366651 15098917 
Idx1+ found  : 9366650 15098900 
1588118 1440000 98 4 w26759245 r30073909 m30701896 f52532 r288803397 p500
 206501964=38930451+101195825+75064964 i53993420 u182511161 u0 t15.986
1598949 1450000 98 4 w27066339 r30443906 m31077385 f53134 r291418591 p500
 208268958=39258963+102068645+75703593 i54412957 u184115616 u0 t17.803
Idx1+ lookups: 79870738 70187962 
Idx1+ positiv: 9682777 15471767 
Idx1+ found  : 9682776 15471746 
1609797 1460000 98 4 w27369811 r30814188 m31453044 f53729 r294003810 p500
 210044947=39588611+102945770+76346406 i54831471 u185730614 u0 t10.311
1620630 1470000 98 4 w27666161 r31175866 m31819991 f54310 r296529596 p500
 211794585=39917933+103814704+76971470 i55243359 u187323775 u0 t14.294
1631477 1480000 98 4 w27976394 r31550035 m32199785 f54918 r299150972 p500
 213544045=40245037+104679189+77602221 i55657311 u188913504 u0 t16.683
Idx1+ lookups: 81594678 71590572 
Idx1+ positiv: 10004107 15845448 
Idx1+ found  : 10004106 15845425 
1642373 1490000 98 4 w28279208 r31919888 m32574858 f55512 r301694926 p500
 215341282=40581295+105569208+78248299 i56079451 u190550421 u0 t9.609
1653233 1500000 98 4 w28602308 r32312287 m32973232 f56145 r304461865 p500
 217140861=40916401+106459891+78897104 i56501540 u192189892 u0 t14.929
Idx1+ lookups: 83313468 72988364 
Idx1+ positiv: 10325105 16218754 
Idx1+ found  : 10325104 16218729 
1664130 1510000 98 4 w28899550 r32676045 m33342141 f56728 r306967553 p500
 218918863=41246819+107335188+79542979 i56915350 u193811595 u0 t16.671
1675034 1520000 98 4 w29200305 r33043435 m33714732 f57318 r309491330 p500
 220707784=41578832+108217124+80191733 i57332599 u195442737 u0 t7.664
1685958 1530000 98 4 w29528454 r33440970 m34118242 f57961 r312243746 p500
 222527080=41916354+109112653+80853015 i57755811 u197102563 u0 t16.75
Idx1+ lookups: 85024918 74376347 
Idx1+ positiv: 10648572 16591250 
Idx1+ found  : 10648571 16591224 
1696847 1540000 98 4 w29845254 r33828020 m34510966 f58582 r314914575 p500
 224315178=42247473+109988212+81508049 i58172133 u198732163 u0 t15.787
1707676 1550000 98 4 w30154613 r34209650 m34897915 f59189 r317519768 p500
 226145550=42585444+110889061+82174592 i58600272 u200398953 u0 t17.641
Idx1+ lookups: 86748858 75773457 
Idx1+ positiv: 10975402 16968634 
Idx1+ found  : 10975401 16968603 
1718573 1560000 98 4 w30476395 r34602494 m35296345 f59820 r320220854 p500
 227977335=42923424+111787999+82844857 i59025674 u202069153 u0 t8.847
Total lines processed: 1563440
Block Count:1, 127
Avg Block Count:687933 = 87367493 / 127
Avg Max Count:0, 10412, 98
Block Count:5637, 698628
Avg Block Count:81 = 56826069 / 698628
Avg Max Count:183, 125, 92
BloomFilter
    bits: 2756938367
    estimated elements: 250000000
    number hashes: 8
    max false positive rate: 0.005000
    bloom length (8 bits): 344617296
    elements added: 73931093
    estimated elements added: 57930397
    current false positive rate: 0.000002
    export size (bytes): 344617316
    number bits set: 426584549
    is on disk: no
Block Count:66, 12060
Avg Block Count:133 = 1611129 / 12060
Avg Max Count:250, 199, 94
BloomFilter
    bits: 330832604
    estimated elements: 30000000
    number hashes: 8
    max false positive rate: 0.005000
    bloom length (8 bits): 41354076
    elements added: 1611129
    estimated elements added: 1608941
    current false positive rate: 0.000000
    export size (bytes): 41354096
    number bits set: 12624353
    is on disk: no
Level Count:2
Level Count:4
Level Count:3
1 4
1 4
Max word len: 98
Total words generated: 228592103
Words inserted 59168432
Words updated: 202628788
cache requests:  0, Misses: 0, Flush#: 6
cache requests:  321210103, Misses: 35439570, Flush#: 60048
cache requests:  37282051, Misses: 778839, Flush#: 1011
OUBLK INBLK
    -     -
rchar: 145764938615
wchar: 127186928265
syscr: 35521266
syscw: 30935143
read_bytes: 149422080
write_bytes: 62530514944
cancelled_write_bytes: 0
291840
122129912
