Csz: 64, pgsz: 4096
File page count: 0
File page count: 0
File page count: 0
10988 10000 60 1 w0 r0 m0 f0 r0 p20
 1502009=280567+736357+547318 i721658 u998423 u0 t1.563
22023 20000 60 1 w0 r0 m0 f0 r0 p20
 2970299=556558+1459020+1077812 i1299209 u2102895 u0 t1.816
33024 30000 60 3 w339 r0 m0 f16 r0 p20
 4455591=837142+2190955+1612898 i1852406 u3251560 u0 t1.899
44043 40000 66 3 w11260 r0 m0 f535 r0 p20
 6021768=1126498+2950354+2194339 i2414059 u4480652 u0 t2.432
55121 50000 66 4 w22791 r13296 m19201 f791 r1650252 p500
 7457432=1399039+3657323+2711810 i2941587 u5598505 u0 t2.412
66115 60000 66 4 w27611 r69482 m79466 f800 r4206604 p500
 8882525=1666288+4349737+3237298 i3452323 u6718222 u0 t2.431
77117 70000 66 4 w34615 r146565 m160101 f808 r7076878 p500
 10323681=1938542+5063745+3753209 i3972046 u7850744 u0 t2.556
88102 80000 66 4 w42207 r230995 m247155 f819 r9935585 p500
 11702242=2200826+5741136+4250267 i4459453 u8943357 u0 t2.667
99095 90000 66 4 w52672 r329414 m348606 f835 r13096263 p500
 13139065=2468368+6445510+4774403 i4965805 u10082405 u0 t2.653
110113 100000 66 4 w65362 r437624 m460239 f856 r16223910 p500
 14570300=2739305+7152735+5287868 i5464955 u11223736 u0 t2.712
121109 110000 66 4 w74426 r549913 m574866 f870 r18852485 p500
 15981984=3006512+7851613+5792984 i5961313 u12345476 u0 t2.665
132028 120000 66 4 w85029 r672728 m701470 f885 r21780281 p500
 17532484=3286822+8590277+6386159 i6467870 u13607704 u0 t2.857
142990 130000 66 4 w104710 r805746 m839720 f915 r25153093 p500
 18986448=3562710+9311119+6905248 i6966486 u14775907 u0 t2.931
153925 140000 66 4 w118249 r945746 m983272 f936 r27899106 p500
 20474477=3841729+10051396+7435263 i7478857 u15969241 u0 t2.862
164855 150000 66 4 w133475 r1094422 m1136327 f959 r30920470 p500
 21982251=4126056+10796461+7976893 i7996291 u17179576 u0 t3.022
175812 160000 66 4 w156412 r1256554 m1304024 f995 r34350328 p500
 23584909=4417148+11560934+8588302 i8524177 u18479988 u0 t3.192
186797 170000 66 4 w173818 r1412960 m1464062 f1023 r37152581 p500
 25060643=4694278+12291216+9118384 i9032359 u19663457 u0 t2.97
197847 180000 66 4 w191716 r1576048 m1630799 f1052 r39957730 p500
 26594805=4977567+13035840+9687961 i9547234 u20902480 u0 t3.093
208776 190000 66 4 w220425 r1752293 m1812984 f1099 r43460065 p500
 28107430=5261667+13783743+10232285 i10062188 u22121059 u0 t3.278
219728 200000 66 4 w244621 r1924729 m1989420 f1140 r46325544 p500
 29612928=5546285+14529981+10770299 i10574995 u23334623 u0 t3.141
230584 210000 66 4 w267611 r2106136 m2174995 f1179 r49284266 p500
 31176719=5839236+15302598+11333221 i11099250 u24601792 u0 t3.282
241548 220000 66 4 w294559 r2288015 m2361233 f1226 r52359422 p500
 32683216=6122373+16045650+11876729 i11610573 u25816565 u0 t3.563
252514 230000 66 4 w327269 r2480493 m2558288 f1283 r55537421 p500
 34281334=6415992+16823378+12467909 i12145148 u27109206 u0 t3.421
263483 240000 66 4 w352681 r2666369 m2748102 f1328 r58443563 p500
 35779646=6698842+17564571+13004988 i12657391 u28314350 u0 t3.279
274496 250000 66 4 w384752 r2859586 m2945275 f1386 r61487181 p500
 37310769=6986369+18323484+13553505 i13178976 u29547391 u0 t3.4
285461 260000 66 4 w417937 r3054499 m3144391 f1447 r64590764 p500
 38803051=7268863+19066410+14083606 i13688731 u30749107 u0 t3.392
296415 270000 66 4 w447313 r3244704 m3338155 f1502 r67371690 p500
 40291660=7548931+19800727+14620226 i14197937 u31945515 u0 t3.303
307437 280000 66 4 w478057 r3440577 m3537518 f1559 r70231352 p500
 41798390=7832680+20548382+15159093 i14712597 u33158113 u0 t3.393
318462 290000 66 4 w518015 r3654216 m3755896 f1631 r73527516 p500
 43400958=8135339+21341253+15733409 i15261632 u34445707 u0 t3.695
329483 300000 66 4 w552995 r3870827 m3976651 f1694 r76745219 p500
 45028067=8442234+22155263+16308545 i15826446 u35747560 u0 t3.724
340525 310000 66 4 w592808 r4083010 m4193515 f1767 r79973491 p500
 46615498=8738046+22934138+16886727 i16361487 u37029724 u0 t3.65
351480 320000 94 4 w630498 r4293248 m4407905 f1836 r82970140 p500
 48198444=9038935+23721499+17447383 i16896479 u38308998 u0 t3.689
362496 330000 94 4 w666695 r4499065 m4617682 f1903 r85864615 p500
 49733444=9330284+24482692+17993474 i17419368 u39545855 u0 t3.583
373551 340000 94 4 w707478 r4714988 m4837993 f1980 r88927193 p500
 51290420=9626097+25253246+18550462 i17950131 u40800123 u0 t3.785
384689 350000 94 4 w745941 r4929460 m5056491 f2050 r91919258 p500
 52863841=9922129+26021395+19125405 i18486091 u42065612 u0 t3.727
395874 360000 94 4 w792661 r5156596 m5288429 f2136 r95212755 p500
 54481113=10221859+26805577+19724920 i19040699 u43360140 u0 t3.913
406862 370000 94 4 w837989 r5385751 m5522154 f2221 r98417390 p500
 56127737=10531055+27599843+20335875 i19596865 u44686754 u0 t4.37
417894 380000 94 4 w884526 r5610711 m5751438 f2309 r101493778 p500
 57710652=10827571+28373736+20913921 i20139467 u45956218 u0 t3.877
428912 390000 94 4 w926280 r5830593 m5975119 f2390 r104412255 p500
 59267668=11118998+29134387+21483671 i20670316 u47207445 u0 t3.826
439874 400000 94 4 w977342 r6055841 m6205221 f2485 r107620203 p500
 60798949=11403897+29878773+22048738 i21183082 u48446223 u0 t3.901
450859 410000 94 4 w1023381 r6276975 m6430174 f2574 r110515347 p500
 62344803=11692810+30638301+22610561 i21704458 u49695154 u0 t3.813
461847 420000 94 4 w1070332 r6494860 m6652155 f2668 r113418269 p500
 63844431=11974358+31373784+23155226 i22206666 u50910214 u0 t3.808
472807 430000 94 4 w1118704 r6727737 m6889078 f2764 r116416056 p500
 65437780=12274970+32155539+23733015 i22741711 u52199876 u0 t3.94
483790 440000 94 4 w1169736 r6966403 m7132134 f2863 r119550112 p500
 67045767=12575174+32948774+24314528 i23283033 u53500739 u0 t4.09
494708 450000 94 4 w1230296 r7217053 m7387719 f2982 r122949844 p500
 68699472=12883619+33764275+24912530 i23835571 u54842258 u0 t5.383
505590 460000 94 4 w1287412 r7467176 m7642161 f3097 r126168662 p500
 70351532=13192036+34579703+25508940 i24391790 u56178940 u0 t4.26
516566 470000 94 4 w1333006 r7704935 m7883456 f3189 r129094644 p500
 71990802=13497983+35383004+26106829 i24949283 u57497422 u0 t4.04
527520 480000 94 4 w1392786 r7956794 m8139745 f3307 r132322258 p500
 73645399=13806248+36198720+26705964 i25513458 u58827990 u0 t4.328
538466 490000 94 4 w1448668 r8206749 m8393680 f3417 r135460132 p500
 75322036=14118226+37019796+27319560 i26080643 u60179577 u0 t4.271
549399 500000 94 4 w1517957 r8471642 m8663363 f3555 r138915312 p500
 77023425=14443739+37852951+27939452 i26657635 u61550266 u0 t4.49
560288 510000 94 4 w1579613 r8730718 m8926982 f3677 r142197544 p500
 78683779=14754211+38673947+28537979 i27224325 u62885768 u0 t4.325
571192 520000 94 4 w1637897 r8984819 m9184934 f3796 r145250288 p500
 80352712=15063905+39495351+29144443 i27791843 u64228943 u0 t4.258
582148 530000 94 4 w1703588 r9245385 m9449450 f3928 r148411515 p500
 82036336=15378372+40322769+29756566 i28364481 u65584319 u0 t4.43
593039 540000 94 4 w1768855 r9513355 m9721805 f4059 r151637389 p500
 83771290=15699382+41171815+30392891 i28945445 u66988473 u0 t4.564
604123 550000 94 4 w1827983 r9750355 m9962712 f4179 r154562265 p500
 85292841=15985696+41911091+30952926 i29459168 u68216029 u0 t4.125
615220 560000 94 4 w1884596 r9954753 m10170557 f4293 r157064064 p500
 86578406=16228956+42541143+31420369 i29885848 u69262101 u0 t3.462
626410 570000 94 4 w1936516 r10151851 m10370949 f4396 r159464082 p500
 87844101=16466215+43152805+31889826 i30304025 u70291825 u0 t3.324
637646 580000 94 4 w1975404 r10331878 m10553281 f4475 r161504174 p500
 89076810=16700413+43755344+32338702 i30708887 u71299081 u0 t3.183
648847 590000 94 4 w2020141 r10521115 m10745500 f4567 r163734917 p500
 90374030=16941574+44376422+32827115 i31121750 u72367931 u0 t7.665
660023 600000 94 4 w2077905 r10711535 m10939385 f4681 r166102604 p500
 91532382=17161983+44938682+33251932 i31505089 u73311082 u0 t3.222
671169 610000 94 4 w2123849 r10890587 m11121178 f4774 r168187998 p500
 92677881=17380618+45496976+33670550 i31883723 u74244617 u0 t3.05
682330 620000 94 4 w2162054 r11059569 m11292334 f4852 r170085469 p500
 93822077=17600425+46050280+34090645 i32255726 u75182429 u0 t2.964
693457 630000 94 4 w2206587 r11242826 m11478240 f4943 r172217302 p500
 95055697=17831544+46649550+34545330 i32655721 u76193952 u0 t3.166
704731 640000 94 4 w2260792 r11437785 m11676341 f5053 r174508755 p500
 96294487=18063003+47246521+35007532 i33059144 u77207010 u0 t3.307
715916 650000 94 4 w2313482 r11622836 m11864558 f5158 r176721833 p500
 97439920=18281492+47802828+35427035 i33436809 u78141358 u0 t3.526
727122 660000 94 4 w2365943 r11816174 m12060896 f5263 r178976396 p500
 98670868=18515586+48399959+35879326 i33839110 u79148347 u0 t3.267
cache requests:  179922627, Misses: 12151749, Flush#: 5298
File page count: 262144
File page count: 0
738273 670000 94 3 w2258 r0 m0 f107 r0 p20
 99875743=18744879+48985343+36321344 i34230008 u80137730 u0 t3.117
749495 680000 94 3 w6551 r0 m0 f311 r0 p20
 101042383=18969139+49551143+36748337 i34607280 u81097135 u0 t3.07
760693 690000 94 3 w11535 r0 m0 f548 r0 p20
 102254980=19199662+50136770+37196455 i35007334 u82085005 u0 t3.285
771972 700000 94 3 w16417 r109 m376 f780 r141420 p500
 103465720=19428892+50723315+37642786 i35408668 u83069892 u0 t3.279
783287 710000 94 3 w21461 r11568 m16002 f788 r1588035 p500
 104639900=19653350+51296043+38070532 i35795022 u84028825 u0 t3.297
794503 720000 94 3 w26888 r42233 m49754 f795 r2900933 p500
 105795637=19874772+51860524+38490375 i36177133 u84971106 u0 t3.253
805629 730000 94 4 w32026 r88953 m99159 f801 r4379109 p500
 107012879=20104345+52440052+38949652 i36577278 u85961957 u0 t3.442
816809 740000 94 4 w38931 r142561 m155544 f811 r6581533 p500
 108170750=20322040+52988329+39390324 i36950260 u86910749 u0 t3.312
827890 750000 94 4 w47132 r204249 m219910 f823 r8790086 p500
 109346023=20541989+53535547+39846975 i37319307 u87881522 u0 t3.337
839058 760000 94 4 w54308 r269006 m286458 f835 r10610270 p500
 110457274=20754203+54068761+40260181 i37680154 u88792193 u0 t3.27
850231 770000 94 4 w61428 r343196 m362733 f846 r12576512 p500
 111644530=20977813+54640699+40701567 i38067524 u89762726 u0 t3.465
861324 780000 94 4 w69470 r418067 m440159 f858 r14597583 p500
 112756712=21190675+55177904+41111668 i38432281 u90671237 u0 t3.396
872344 790000 94 4 w79525 r500444 m525459 f874 r16721414 p500
 113901230=21409743+55727856+41536166 i38803378 u91610248 u0 t3.43
883522 800000 94 4 w88523 r587261 m614882 f888 r18698043 p500
 115052446=21630279+56283615+41960828 i39175824 u92555847 u0 t3.436
894714 810000 94 4 w97980 r675600 m706231 f902 r20676599 p500
 116160183=21843397+56812897+42374928 i39537750 u93461262 u0 t3.358
905844 820000 94 4 w109274 r768421 m801655 f920 r22565361 p500
 117283223=22058021+57355645+42788962 i39901478 u94383050 u0 t3.391
916882 830000 94 4 w120505 r877717 m914547 f937 r24896201 p500
 118549967=22298052+57962861+43262652 i40315510 u95417295 u0 t3.86
927964 840000 94 4 w134853 r987665 m1027793 f959 r27055225 p500
 119743936=22526809+58544733+43697164 i40716007 u96385067 u0 t3.743
939033 850000 94 4 w148143 r1106366 m1149734 f980 r29271325 p500
 121004026=22765154+59154770+44162145 i41141207 u97402051 u0 t3.982
950128 860000 94 4 w163420 r1226934 m1273958 f1005 r31545374 p500
 122238911=23000263+59758465+44610481 i41558921 u98399109 u0 t3.95
961260 870000 94 4 w178104 r1348614 m1399343 f1029 r33813044 p500
 123458245=23233306+60350981+45056196 i41968665 u99385616 u0 t3.893
972424 880000 94 4 w196612 r1474160 m1528861 f1058 r36168725 p500
 124673076=23464513+60935225+45507237 i42375620 u100368407 u0 t3.889
983571 890000 94 4 w215376 r1602013 m1659946 f1091 r38393293 p500
 125884344=23693920+61524697+45951042 i42786474 u101344193 u0 t3.898
994789 900000 94 4 w228245 r1722273 m1782766 f1112 r40272996 p500
 127057734=23916914+62089299+46386563 i43174051 u102299263 u0 t3.689
1005944 910000 94 4 w246935 r1849387 m1913355 f1143 r42446081 p500
 128303145=24152135+62684289+46852631 i43565025 u103331946 u0 t3.808
1017100 920000 94 4 w258584 r1968154 m2034202 f1163 r44206627 p500
 129430532=24368313+63227679+47268900 i43938911 u104248752 u0 t3.507
1028294 930000 94 4 w282033 r2092471 m2162072 f1203 r46458114 p500
 130528677=24578028+63757612+47674284 i44303036 u105141718 u0 t3.574
1039422 940000 94 4 w301526 r2223630 m2296466 f1237 r48675518 p500
 131687827=24798360+64320403+48099629 i44690609 u106081424 u0 t3.788
1050473 950000 94 4 w317695 r2351374 m2426521 f1265 r50534479 p500
 132854633=25020472+64887893+48525919 i45073376 u107034883 u0 t3.687
1061568 960000 94 4 w336083 r2483977 m2561848 f1297 r52581148 p500
 134043070=25250333+65467521+48956681 i45458545 u108012524 u0 t3.776
1072599 970000 94 4 w356993 r2622670 m2703258 f1333 r54637826 p500
 135291847=25485760+66067542+49422293 i45862186 u109036687 u0 t3.925
1083733 980000 94 4 w378795 r2752959 m2836516 f1372 r56686660 p500
 136399100=25701026+66611278+49818919 i46224654 u109944485 u0 t3.641
1094785 990000 94 4 w399697 r2885764 m2972476 f1409 r58815991 p500
 137519050=25917257+67155540+50227043 i46596172 u110856370 u0 t3.706
1105876 1000000 94 4 w423571 r3022471 m3112072 f1452 r60852438 p500
 138665713=26137695+67717784+50640862 i46979064 u111788528 u0 t3.765
1117034 1010000 94 4 w444269 r3156119 m3248202 f1489 r62719517 p500
 139787403=26354448+68264708+51048328 i47354327 u112698634 u0 t3.641
1128112 1020000 94 4 w464336 r3293385 m3388182 f1524 r64692558 p500
 140921791=26573668+68822755+51454807 i47737257 u113617131 u0 t3.767
1139060 1030000 94 4 w493821 r3452451 m3551103 f1577 r67164936 p500
 142169262=26814500+69435817+51902697 i48163107 u114621921 u0 t4.221
1150007 1040000 94 4 w526917 r3626885 m3729276 f1636 r69713741 p500
 143561529=27079998+70114418+52410413 i48638150 u115741081 u0 t4.82
1160894 1050000 94 4 w553467 r3806296 m3911936 f1684 r72124166 p500
 144998334=27351326+70820475+52930359 i49132577 u116892799 u0 t4.729
1171814 1060000 94 4 w585315 r3982240 m4091481 f1743 r74676667 p500
 146379096=27613815+71499763+53428048 i49607628 u118000078 u0 t5.093
1182789 1070000 94 4 w622542 r4168581 m4282236 f1809 r77445963 p500
 147771413=27879098+72187374+53926681 i50088037 u119116109 u0 t5.127
1193726 1080000 94 4 w659045 r4350646 m4468296 f1876 r80002861 p500
 149134067=28139227+72857138+54417549 i50557934 u120208009 u0 t4.695
1204582 1090000 94 4 w690768 r4535802 m4656652 f1934 r82437500 p500
 150558189=28410800+73563244+54924922 i51051588 u121347554 u0 t4.75
1215452 1100000 94 4 w724416 r4727216 m4851749 f1997 r85022322 p500
 152005113=28686816+74275924+55445128 i51546844 u122510289 u0 t4.892
1226363 1110000 94 4 w769899 r4934688 m5063656 f2083 r87933311 p500
 153500823=28969235+75014161+55983169 i52063697 u123707844 u0 t5.179
1237247 1120000 94 4 w807701 r5128741 m5261516 f2153 r90554456 p500
 154937436=29243149+75724625+56496704 i52558641 u124859962 u0 t4.856
1248176 1130000 94 4 w849314 r5330956 m5468012 f2231 r93340070 p500
 156402735=29522272+76447278+57022338 i53064872 u126033489 u0 t5.563
1259068 1140000 94 4 w890000 r5532871 m5673512 f2315 r95964935 p500
 157861130=29797985+77168674+57545265 i53571210 u127198743 u0 t5.342
1269968 1150000 94 4 w930286 r5735266 m5879452 f2393 r98575818 p500
 159329507=30076803+77900612+58066164 i54080340 u128373736 u0 t5.125
1280888 1160000 94 4 w972033 r5939666 m6087585 f2473 r101225963 p500
 160787360=30353505+78624948+58585504 i54587709 u129538057 u0 t5.035
1291754 1170000 94 4 w1022162 r6153309 m6305538 f2571 r104131680 p500
 162257086=30632524+79353396+59110035 i55097908 u130713325 u0 t5.125
1302652 1180000 94 4 w1068522 r6364840 m6520933 f2662 r106885005 p500
 163740225=30914948+80088433+59638609 i55612564 u131900011 u0 t5.177
1313613 1190000 94 4 w1111712 r6573320 m6732781 f2749 r109464844 p500
 165222365=31196415+80824289+60167001 i56125490 u133086953 u0 t5.042
1324596 1200000 94 4 w1157646 r6787580 m6950783 f2842 r112161438 p500
 166705142=31477697+81562307+60693492 i56637807 u134275626 u0 t5.09
1335456 1210000 94 4 w1213060 r7014775 m7182439 f2949 r115146971 p500
 168224635=31765451+82316176+61235830 i57167948 u135487879 u0 t5.383
1346441 1220000 94 4 w1257224 r7233073 m7404187 f3039 r117769751 p500
 169783151=32059976+83084342+61797326 i57701659 u136739969 u0 t5.318
1357399 1230000 94 4 w1315746 r7466026 m7641446 f3156 r120787579 p500
 171340127=32353047+83856368+62354089 i58241899 u137984487 u0 t5.439
1368385 1240000 94 4 w1372904 r7702657 m7882143 f3270 r123727504 p500
 172947613=32655799+84649796+62933488 i58797514 u139270740 u0 t5.541
1379469 1250000 94 4 w1426769 r7943513 m8127052 f3376 r126708197 p500
 174578358=32960715+85458237+63518400 i59366061 u140570782 u0 t5.669
1390543 1260000 94 4 w1485080 r8186005 m8373711 f3492 r129687329 p500
 176216496=33265768+86260659+64117377 i59928932 u141882648 u0 t5.648
1401635 1270000 94 4 w1539674 r8427234 m8618806 f3605 r132566163 p500
 177844400=33572064+87068311+64699573 i60492293 u143185581 u0 t5.61
1412662 1280000 94 4 w1606828 r8676073 m8872000 f3739 r135628327 p500
 179448464=33876559+87868585+65267070 i61052349 u144466018 u0 t6.035
1423732 1290000 94 4 w1662195 r8918753 m9118859 f3850 r138591727 p500
 181048818=34176735+88658077+65844470 i61607055 u145745168 u0 t5.585
1434749 1300000 94 4 w1727795 r9168457 m9372626 f3979 r141567459 p500
 182708017=34486060+89473649+66447223 i62182348 u147069880 u0 t5.774
1445738 1310000 94 4 w1800255 r9431739 m9640603 f4124 r144793620 p500
 184393707=34802515+90300279+67060585 i62773605 u148408883 u0 t5.941
1456743 1320000 94 4 w1848579 r9677622 m9889927 f4223 r147564165 p500
 186070233=35117420+91124338+67668658 i63357789 u149744964 u0 t5.817
1467716 1330000 94 4 w1929333 r9957208 m10174762 f4384 r151001290 p500
 187826318=35446440+91987570+68306202 i63964140 u151149653 u0 t6.275
1478847 1340000 94 4 w2006223 r10232262 m10454583 f4542 r154307968 p500
 189576204=35770547+92843092+68948286 i64574667 u152541523 u0 t6.136
1489858 1350000 94 4 w2065544 r10493115 m10719401 f4662 r157314992 p500
 191293706=36091274+93689714+69570365 i65177562 u153905886 u0 t6.236
1500812 1360000 94 4 w2136707 r10751336 m10981786 f4806 r160299872 p500
 192945491=36397576+94496222+70177412 i65754651 u155219382 u0 t5.822
1511816 1370000 94 4 w2212651 r11023346 m11258405 f4957 r163505521 p500
 194629037=36712329+95326971+70785495 i66344017 u156558949 u0 t6.043
1522795 1380000 94 4 w2274686 r11277191 m11516003 f5081 r166361530 p500
 196261107=37016280+96132860+71375071 i66918867 u157853375 u0 t5.762
1533703 1390000 94 4 w2352099 r11547772 m11791220 f5236 r169561050 p500
 197916580=37324592+96947275+71976458 i67506274 u159161865 u0 t6.173
cache requests:  171253520, Misses: 11941589, Flush#: 5319
File page count: 262144
File page count: 0
1544569 1400000 94 3 w3141 r0 m0 f149 r0 p20
 199559259=37633478+97759355+72566898 i68083917 u160466934 u0 t5.929
1555499 1410000 94 3 w9926 r0 m0 f471 r0 p20
 201315494=37961628+98624605+73202706 i68701471 u161860558 u0 t6.151
1566395 1420000 94 3 w15695 r0 m0 f745 r0 p20
 203040851=38283744+99480615+73821800 i69305054 u163234164 u0 t6.042
1577238 1430000 94 3 w24431 r23832 m30256 f792 r2162497 p500
 204769957=38606559+100338547+74442479 i69908934 u164611346 u0 t6.229
1588118 1440000 98 4 w34989 r93643 m104668 f807 r4931680 p500
 206501964=38930451+101195825+75064964 i70520811 u165983770 u0 t6.357
1598949 1450000 98 4 w45244 r184025 m198592 f822 r8020337 p500
 208268958=39258963+102068645+75703593 i71142455 u167386118 u0 t6.815
1609797 1460000 98 4 w56942 r289701 m307953 f840 r11203543 p500
 210044947=39588611+102945770+76346406 i71762669 u168799416 u0 t6.609
1620630 1470000 98 4 w70907 r409456 m431872 f862 r14484466 p500
 211794585=39917933+103814704+76971470 i72373070 u170194064 u0 t6.579
1631477 1480000 98 4 w85217 r540933 m567620 f885 r17627465 p500
 213544045=40245037+104679189+77602221 i72984822 u171585993 u0 t6.607
1642373 1490000 98 4 w103458 r687701 m719634 f912 r21029736 p500
 215341282=40581295+105569208+78248299 i73611755 u173018117 u0 t7.424
1653233 1500000 98 4 w120475 r843974 m880395 f939 r24130639 p500
 217140861=40916401+106459891+78897104 i74237681 u174453751 u0 t7.34
1664130 1510000 98 4 w140719 r1006601 m1048115 f971 r27302672 p500
 218918863=41246819+107335188+79542979 i74854574 u175872371 u0 t6.952
1675034 1520000 98 4 w164083 r1180786 m1228337 f1008 r30821332 p500
 220707784=41578832+108217124+80191733 i75473593 u177301743 u0 t6.947
1685958 1530000 98 4 w187047 r1362027 m1414130 f1046 r33887838 p500
 222527080=41916354+109112653+80853015 i76108088 u178750286 u0 t6.99
1696847 1540000 98 4 w212047 r1547439 m1604335 f1087 r37078975 p500
 224315178=42247473+109988212+81508049 i76730310 u180173986 u0 t6.972
1707676 1550000 98 4 w238879 r1745213 m1807638 f1132 r40476694 p500
 226145550=42585444+110889061+82174592 i77371800 u181627425 u0 t7.192
1718573 1560000 98 4 w268113 r1946238 m2013785 f1181 r43794957 p500
 227977335=42923424+111787999+82844857 i78009084 u183085743 u0 t7.292
1729487 1570000 98 4 w297432 r2146965 m2219411 f1231 r47125122 p500
 229753615=43251320+112659502+83494703 i78626423 u184501125 u0 t6.997
1740347 1580000 98 4 w327830 r2351194 m2428126 f1285 r50318168 p500
 231553104=43584046+113540125+84154536 i79250491 u185936022 u0 t7.039
1751207 1590000 98 4 w361728 r2564319 m2645913 f1344 r53547291 p500
 233379940=43922520+114439161+84819335 i79887056 u187390187 u0 t7.206
1762023 1600000 98 4 w396681 r2776552 m2862902 f1405 r56829042 p500
 235155843=44253361+115316780+85460372 i80507525 u188803632 u0 t7.13
1772878 1610000 98 4 w429982 r2988889 m3079763 f1464 r59982507 p500
 236929770=44581602+116184385+86111454 i81126559 u190214535 u0 t7.035
1783723 1620000 98 4 w470043 r3206704 m3302573 f1536 r63235206 p500
 238688807=44908360+117054935+86745918 i81740696 u191614939 u0 t7.061
1794607 1630000 98 4 w504530 r3423941 m3523971 f1599 r66237834 p500
 240464479=45236722+117925167+87395629 i82360422 u193026692 u0 t7.047
1805498 1640000 98 4 w546896 r3651510 m3756883 f1675 r69620007 p500
 242254153=45568300+118810419+88042816 i82982952 u194453725 u0 t7.247
1816421 1650000 98 4 w592156 r3885553 m3996239 f1757 r73015359 p500
 244050465=45899876+119697682+88694298 i83614400 u195878732 u0 t7.414
1827273 1660000 98 4 w630284 r4111879 m4226753 f1827 r76028994 p500
 245854599=46234183+120581771+89354321 i84245070 u197312446 u0 t7.209
1838160 1670000 98 4 w676156 r4348674 m4468727 f1911 r79374575 p500
 247658504=46569017+121468086+90011465 i84877204 u198744963 u0 t7.363
1849005 1680000 98 4 w726484 r4583641 m4708868 f2004 r82675734 p500
 249430278=46895842+122335533+90661291 i85491720 u200157930 u0 t7.215
1859879 1690000 98 4 w766432 r4808689 m4938270 f2077 r85681853 p500
 251131279=47212315+123178813+91272934 i86086926 u201511539 u0 t6.902
1870739 1700000 98 4 w819100 r5048720 m5183076 f2177 r88857366 p500
 252891045=47539369+124052324+91905247 i86705483 u202909086 u0 t7.217
1881698 1710000 98 4 w864490 r5277828 m5416776 f2262 r91900711 p500
 254580511=47855132+124886720+92515242 i87296926 u204252978 u0 t7
1892578 1720000 98 4 w907323 r5507423 m5650360 f2344 r94806791 p500
 256293646=48175630+125733252+93133036 i87895183 u205617544 u0 t6.953
1903425 1730000 98 4 w965491 r5752802 m5900769 f2458 r98093112 p500
 258022915=48497011+126587322+93759138 i88497796 u206995811 u0 t7.18
1914319 1740000 98 4 w1015628 r5997687 m6149875 f2557 r101191986 p500
 259815209=48830592+127465985+94414637 i89121620 u208422963 u0 t7.303
1925121 1750000 98 4 w1072048 r6243140 m6400072 f2670 r104376770 p500
 261541348=49152781+128320704+95035878 i89726987 u209795523 u0 t7.272
1936035 1760000 98 4 w1130421 r6500551 m6662079 f2785 r107662286 p500
 263330395=49486167+129206644+95680325 i90359226 u211212813 u0 t7.4
1946942 1770000 98 4 w1177495 r6735393 m6900691 f2878 r110503571 p500
 265050284=49805914+130048834+96309106 i90952873 u212587566 u0 t6.942
1957829 1780000 98 4 w1236848 r6986073 m7156188 f2993 r113728903 p500
 266753303=50124838+130892409+96920932 i91549183 u213943077 u0 t7.523
1968722 1790000 98 4 w1300991 r7243065 m7418080 f3120 r117030899 p500
 268493552=50448739+131746780+97555161 i92157545 u215327026 u0 t7.335
1979581 1800000 98 4 w1357194 r7483217 m7662120 f3231 r119941964 p500
 270164288=50760785+132567358+98163038 i92744602 u216652811 u0 t7.074
1990482 1810000 98 4 w1412771 r7723706 m7906669 f3341 r122818305 p500
 271830252=51072079+133383609+98770962 i93325090 u217979609 u0 t6.958
2001382 1820000 98 4 w1465179 r7961492 m8148255 f3443 r125656966 p500
 273492871=51381902+134197434+99378998 i93907428 u219300429 u0 t6.846
2012247 1830000 98 4 w1539408 r8223869 m8415929 f3591 r129025151 p500
 275187120=51698829+135031055+99993704 i94496849 u220651168 u0 t7.193
2023129 1840000 98 4 w1596999 r8469130 m8665191 f3709 r131904081 p500
 276861603=52011532+135854419+100601958 i95082469 u221982758 u0 t6.951
2034053 1850000 98 4 w1659933 r8727337 m8927695 f3835 r134962244 p500
 278586086=52334286+136703614+101226354 i95684604 u223355687 u0 t7.336
2044917 1860000 98 4 w1719472 r8976319 m9180563 f3957 r137835949 p500
 280251224=52646494+137526857+101826009 i96265429 u224682770 u0 t7.461
2055814 1870000 98 4 w1786776 r9231085 m9439623 f4097 r140885625 p500
 281924750=52958788+138352252+102431703 i96859313 u226005698 u0 t7.084
2066728 1880000 98 4 w1856455 r9490940 m9704260 f4235 r144028680 p500
 283579260=53268199+139169715+103028509 i97439146 u227321167 u0 t7.227
2077660 1890000 98 4 w1910976 r9733859 m9950606 f4345 r146725934 p500
 285237044=53579292+139988643+103625286 i98019647 u228639758 u0 t6.824
2088614 1900000 98 4 w1982957 r9997857 m10219318 f4488 r149868769 p500
 286912655=53892335+140810185+104236352 i98606793 u229970387 u0 t7.141
2099586 1910000 98 4 w2053035 r10260764 m10486457 f4628 r152882066 p500
 288616243=54209093+141647327+104856783 i99198888 u231328643 u0 t7.336
2110524 1920000 98 4 w2121098 r10513582 m10743482 f4766 r155789113 p500
 290241237=54514629+142446303+105445717 i99765193 u232623183 u0 t6.841
2121483 1930000 98 4 w2197315 r10782438 m11016988 f4920 r158881243 p500
 291923570=54829825+143276743+106052519 i100354615 u233961124 u0 t8.031
2132440 1940000 98 4 w2264440 r11037412 m11276078 f5056 r161765932 p500
 293565784=55136148+144083806+106649839 i100931736 u235264170 u0 t7.011
2143340 1950000 98 4 w2340866 r11305060 m11548161 f5212 r164822280 p500
 295239019=55448867+144906211+107257969 i101516776 u236595305 u0 t7.369
2154286 1960000 98 4 w2409202 r11561271 m11808413 f5349 r167664336 p500
 296860107=55753648+145703015+107845359 i102083927 u237885127 u0 t6.934
2165157 1970000 98 4 w2470804 r11799382 m12050005 f5473 r170263430 p500
 298412591=56044542+146464173+108410700 i102624425 u239122018 u0 t6.472
2176142 1980000 98 4 w2541431 r12053242 m12307880 f5617 r173082154 p500
 299979496=56338337+147235354+108978397 i103170157 u240371025 u0 t6.718
2187090 1990000 98 4 w2623237 r12325197 m12584394 f5782 r176167271 p500
 301618575=56644428+148044181+109570873 i103747303 u241671307 u0 t7.276
2198031 2000000 98 4 w2693941 r12577332 m12840501 f5926 r178942703 p500
 303185210=56938923+148817650+110135184 i104296863 u242917029 u0 t6.696
2208970 2010000 98 4 w2760061 r12825550 m13092338 f6060 r181579930 p500
 304752540=57232180+149587337+110705170 i104842190 u244166278 u0 t6.732
2219875 2020000 98 4 w2834553 r13085354 m13356350 f6210 r184431956 p500
 306334455=57532948+150371332+111270400 i105395532 u245426416 u0 t6.899
2230717 2030000 98 4 w2910029 r13335781 m13610743 f6362 r187145411 p500
 307845651=57817948+151122157+111809532 i105925609 u246628875 u0 t6.53
2241553 2040000 98 4 w2979301 r13585413 m13863977 f6505 r189823146 p500
 309373570=58105978+151881084+112355392 i106465662 u247840349 u0 t6.787
2252478 2050000 98 4 w3053641 r13841780 m14124270 f6653 r192572620 p500
 310917801=58397346+152645204+112909519 i107008062 u249068094 u0 t6.654
2263400 2060000 98 4 w3128687 r14099486 m14386021 f6807 r195368067 p500
 312460636=58688083+153405052+113466755 i107547236 u250296505 u0 t6.71
2274335 2070000 98 4 w3210399 r14363350 m14653904 f6976 r198198457 p500
 314006113=58979074+154169481+114021866 i108087548 u251527555 u0 t6.773
2285238 2080000 98 4 w3275063 r14600135 m14893889 f7108 r200646260 p500
 315479761=59257781+154893633+114554732 i108601671 u252702167 u0 t6.315
2296195 2090000 98 4 w3348675 r14856077 m15153589 f7258 r203306706 p500
 317001742=59547160+155648315+115097246 i109131457 u253917406 u0 t6.79
2307093 2100000 98 4 w3437277 r15127833 m15429710 f7442 r206254824 p500
 318548784=59841585+156419314+115645210 i109671533 u255152401 u0 t6.91
2317991 2110000 98 4 w3499493 r15371562 m15676437 f7569 r208706834 p500
 320065310=60129116+157167613+116190543 i110198053 u256364284 u0 t6.384
2328915 2120000 98 4 w3581017 r15624499 m15933029 f7734 r211340173 p500
 321540226=60409484+157900375+116714932 i110712883 u257540916 u0 t7.071
2339889 2130000 98 4 w3664257 r15896232 m16209041 f7908 r214234290 p500
 323065272=60697602+158658425+117258241 i111247618 u258755254 u0 t6.698
2350849 2140000 98 4 w3730054 r16140788 m16456498 f8048 r216640826 p500
 324569276=60981045+159406540+117794073 i111773253 u259954159 u0 t6.591
2361818 2150000 98 4 w3807105 r16398376 m16717902 f8204 r219305897 p500
 326046163=61261072+160142425+118317711 i112291543 u261130502 u0 t6.509
2372703 2160000 98 4 w3898320 r16675509 m16999228 f8390 r222202974 p500
 327582195=61550056+160900281+118871928 i112827256 u262354571 u0 t6.821
2383611 2170000 98 4 w3967673 r16915617 m17242562 f8535 r224616125 p500
 329020933=61822910+161615512+119384128 i113330506 u263501597 u0 t6.279
2394538 2180000 98 4 w4040832 r17165825 m17496108 f8686 r227120052 p500
 330471640=62098697+162341500+119894769 i113840978 u264656233 u0 t6.403
2405448 2190000 98 4 w4136273 r17453668 m17788188 f8887 r230113188 p500
 332047282=62396171+163128686+120452548 i114392962 u265911774 u0 t7.09
2416385 2200000 98 4 w4215273 r17716072 m18054205 f9049 r232726065 p500
 333572677=62685022+163886371+120996698 i114926083 u267127780 u0 t6.647
2427291 2210000 98 4 w4291707 r17974321 m18316013 f9206 r235297781 p500
 335055154=62966105+164620723+121527332 i115439624 u268313964 u0 t6.713
2438224 2220000 98 4 w4367139 r18233549 m18578357 f9360 r237804288 p500
 336562228=63251799+165373345+122060347 i115967325 u269515283 u0 t6.768
2449156 2230000 98 4 w4461381 r18517749 m18866889 f9550 r240694383 p500
 338098470=63544181+166137065+122607037 i116503342 u270741037 u0 t6.812
2460085 2240000 98 4 w4551285 r18803221 m19156413 f9737 r243550339 p500
 339674657=63843460+166921569+123166530 i117058238 u271993684 u0 t7.213
2471031 2250000 98 4 w4636424 r19088651 m19445448 f9913 r246337725 p500
 341328221=64154313+167736404+123763464 i117637139 u273308948 u0 t7.232
2481891 2260000 98 4 w4729169 r19376460 m19737037 f10107 r249161109 p500
 342920094=64455060+168519044+124339193 i118188960 u274580403 u0 t7.035
2492839 2270000 98 4 w4817159 r19660620 m20024872 f10292 r251922879 p500
 344524932=64756130+169308970+124920291 i118747957 u275860169 u0 t6.971
2503770 2280000 98 4 w4904824 r19955141 m20323259 f10471 r254783278 p500
 346165173=65065475+170120749+125508611 i119322380 u277165643 u0 t7.344
2514685 2290000 98 4 w5010076 r20265528 m20638217 f10686 r257889281 p500
 347777859=65367628+170914357+126092672 i119886896 u278448806 u0 t7.313
2525687 2300000 98 4 w5097042 r20553882 m20930067 f10869 r260627866 p500
 349430556=65676533+171726819+126692647 i120464270 u279763567 u0 t7.263
2536614 2310000 98 4 w5188133 r20850928 m21230786 f11059 r263444046 p500
 351071462=65982636+172534843+127287338 i121037688 u281069544 u0 t7.384
2547690 2320000 98 4 w5294842 r21172584 m21556841 f11279 r266545523 p500
 352775789=66300993+173374078+127904919 i121637619 u282421164 u0 t7.729
2558712 2330000 98 4 w5386632 r21477848 m21866237 f11470 r269478631 p500
 354479327=66619347+174214406+128520924 i122232834 u283776941 u0 t7.846
2569709 2340000 98 4 w5505805 r21806518 m22199750 f11718 r272682330 p500
 356119816=66929029+175032721+129102657 i122808218 u285083396 u0 t7.541
2580699 2350000 98 4 w5598913 r22120521 m22517482 f11913 r275593227 p500
 357866975=67253212+175889572+129740737 i123420049 u286471856 u0 t7.637
2591715 2360000 98 4 w5686483 r22422211 m22822606 f12098 r278375761 p500
 359567798=67570319+176725970+130359050 i124018399 u287820919 u0 t11.264
2602831 2370000 98 4 w5796270 r22757799 m23162610 f12323 r281516107 p500
 361333804=67899239+177596044+130999241 i124643357 u289218700 u0 t16.525
2613986 2380000 98 4 w5911325 r23100726 m23510112 f12562 r284807725 p500
 363142494=68230806+178475866+131670096 i125275746 u290654813 u0 t8.34
2624949 2390000 98 4 w6019107 r23442290 m23856088 f12787 r288021212 p500
 364958248=68564735+179361240+132340268 i125916289 u292091266 u0 t8.252
2635909 2400000 98 4 w6125832 r23783852 m24201854 f13009 r291207343 p500
 366793742=68902584+180257977+133015990 i126565154 u293541863 u0 t8.154
2646913 2410000 98 4 w6238045 r24118855 m24541023 f13240 r294320249 p500
 368547157=69226360+181113701+133662101 i127183931 u294928664 u0 t7.989
2657884 2420000 98 4 w6342526 r24442142 m24868563 f13452 r297371442 p500
 370250743=69543018+181948977+134283775 i127779843 u296282751 u0 t7.808
2668918 2430000 98 4 w6450400 r24767066 m25197865 f13677 r300411992 p500
 371945334=69856854+182774867+134907321 i128374669 u297626307 u0 t7.705
2679809 2440000 98 4 w6553929 r25083784 m25518318 f13888 r303290810 p500
 373593593=70165486+183587194+135502816 i128964707 u298923985 u0 t7.427
2690746 2450000 98 4 w6654062 r25404878 m25843346 f14095 r306237004 p500
 375264732=70476391+184414187+136105363 i129556755 u300246071 u0 t8.022
2701594 2460000 98 4 w6774188 r25756895 m26200045 f14346 r309494954 p500
 377026942=70804695+185280946+136745118 i130182503 u301637971 u0 t8.209
2712475 2470000 98 4 w6889134 r26095756 m26543190 f14584 r312605930 p500
 378737275=71123412+186129022+137359567 i130790508 u302989513 u0 t7.85
2723357 2480000 98 4 w6981690 r26417061 m26868049 f14774 r315436278 p500
 380487328=71448458+186993347+137992245 i131401791 u304382597 u0 t7.635
2734166 2490000 98 4 w7110395 r26771752 m27227534 f15044 r318699906 p500
 382198024=71767925+187837149+138610940 i132003123 u305740688 u0 t7.86
2745023 2500000 98 4 w7217140 r27110611 m27570359 f15264 r321717003 p500
 383959910=72094368+188705051+139251002 i132625060 u307136273 u0 t7.954
2755880 2510000 98 4 w7328434 r27449567 m27913268 f15497 r324730261 p500
 385703183=72418174+189565646+139881674 i133242841 u308514943 u0 t8.136
2766772 2520000 98 4 w7435224 r27791734 m28259381 f15717 r327752670 p500
 387463931=72744988+190431472+140522086 i133866475 u309907535 u0 t8.061
2777605 2530000 98 4 w7562140 r28152435 m28624920 f15978 r331040392 p500
 389210244=73071112+191290844+141155276 i134476901 u311296901 u0 t8.039
2788466 2540000 98 4 w7685581 r28509123 m28985876 f16235 r334185611 p500
 390993925=73405001+192169511+141801295 i135103210 u312712787 u0 t8.121
2799329 2550000 98 4 w7798471 r28869759 m29350711 f16469 r337355574 p500
 392854436=73747080+193084041+142481179 i135756204 u314188812 u0 t8.772
2810193 2560000 98 4 w7920729 r29225015 m29710506 f16719 r340506915 p500
 394586175=74069906+193939383+143107047 i136370308 u315557947 u0 t8.164
2821115 2570000 98 4 w8031828 r29575832 m30065457 f16951 r343575582 p500
 396373854=74400331+194815983+143761024 i137001851 u316971830 u0 t8.045
2832025 2580000 98 4 w8157499 r29948255 m30442354 f17209 r346820006 p500
 398201283=74740010+195716692+144423960 i137647237 u318418939 u0 t9.401
2842894 2590000 98 4 w8272898 r30299031 m30797404 f17446 r349901184 p500
 399960875=75065982+196579442+145067439 i138268289 u319811966 u0 t10.08
2853742 2600000 98 4 w8402002 r30676827 m31179597 f17710 r353176081 p500
 401811634=75407233+197492344+145739777 i138922767 u321276291 u0 t11.073
2864632 2610000 98 4 w8529646 r31056559 m31563807 f17975 r356474441 p500
 403667966=75750169+198409680+146411818 i139574652 u322749926 u0 t13.623
2875503 2620000 98 4 w8638631 r31414719 m31925802 f18201 r359511262 p500
 405501187=76090975+199311909+147078283 i140221443 u324202170 u0 t19.727
2886360 2630000 98 4 w8776788 r31799862 m32315784 f18485 r362876668 p500
 407318394=76428580+200209416+147736246 i140862319 u325642654 u0 t16.677
2897239 2640000 98 4 w8901397 r32172398 m32692723 f18744 r366084446 p500
 409133084=76766405+201102314+148395438 i141499591 u327082645 u0 t17.926
2908079 2650000 98 4 w9033656 r32558572 m33083400 f19015 r369356309 p500
 410998892=77114178+202021249+149071777 i142151948 u328566588 u0 t11.342
2919336 2660000 98 4 w9148547 r32919281 m33447946 f19257 r372392747 p500
 412865095=77458535+202937691+149753790 i142795607 u330058384 u0 t15.192
2930193 2670000 98 4 w9287378 r33318075 m33851540 f19545 r375790190 p500
 414758028=77807462+203871479+150441590 i143461184 u331559663 u0 t22.867
2941058 2680000 98 4 w9418484 r33698257 m34236225 f19816 r379031840 p500
 416562298=78141604+204760082+151097021 i144100106 u332986168 u0 t26.419
2951948 2690000 98 4 w9530015 r34058014 m34599669 f20045 r382002623 p500
 418394567=78482060+205663987+151760410 i144741985 u334442416 u0 t13.433
2962792 2700000 98 4 w9667285 r34445056 m34991403 f20332 r385306994 p500
 420187245=78815085+206550897+152407374 i145374048 u335863599 u0 t18.281
2973731 2710000 98 4 w9787506 r34808239 m35358498 f20585 r388307387 p500
 421964447=79147445+207422084+153055205 i145996207 u337275418 u0 t22.248
2984605 2720000 98 4 w9916974 r35186719 m35741481 f20854 r391509233 p500
 423762171=79480129+208299528+153716891 i146617566 u338710018 u0 t19.334
2995574 2730000 98 4 w10045767 r35556102 m36114935 f21121 r394576976 p500
 425541780=79809047+209170707+154369183 i147240762 u340122494 u0 t23.782
3006468 2740000 98 4 w10182959 r35950237 m36513695 f21405 r397889853 p500
 427360559=80145053+210063381+155033678 i147879842 u341563988 u0 t18.433
3017345 2750000 98 4 w10295348 r36307690 m36874925 f21640 r400800750 p500
 429112466=80471448+210929421+155665389 i148496773 u342953735 u0 t29.069
3028291 2760000 98 4 w10422961 r36672502 m37243672 f21908 r403822345 p500
 430853628=80794053+211779723+156304391 i149112918 u344329251 u0 t17.378
3039192 2770000 98 4 w10547395 r37034978 m37610348 f22169 r406836415 p500
 432538461=81107787+212604140+156920898 i149701885 u345667896 u0 t32.826
3050078 2780000 98 4 w10661799 r37385686 m37964698 f22404 r409671985 p500
 434247277=81429031+213437682+157545343 i150296298 u347028359 u0 t22.698
3060975 2790000 98 4 w10797382 r37767074 m38350531 f22683 r412828337 p500
 436026715=81761305+214309126+158194410 i150911552 u348448832 u0 t24.172
3071909 2800000 98 4 w10915745 r38125599 m38712960 f22929 r415764169 p500
 437724222=82079132+215137533+158816103 i151502652 u349799556 u0 t33.663
Total lines processed: 2806708
Block Count:1, 255
Avg Block Count:586645
Avg Max Count:0, 10140, 98
Block Count:4836, 601633
Avg Block Count:99
Avg Max Count:181, 145, 73
Block Count:178, 28719
Avg Block Count:128
Avg Max Count:239, 188, 98
Level Count:2
Level Count:4
Level Count:3
3129771 4
1688075 4
Max word len: 98
Total words generated: 438901271
Words inserted 151914747
Words updated: 350733879
cache requests:  0, Misses: 0, Flush#: 12
cache requests:  417815918, Misses: 38969757, Flush#: 23110
cache requests:  313199825, Misses: 36950141, Flush#: 4976
cache requests:  306076381, Misses: 54052662, Flush#: 0
cache requests:  185629743, Misses: 34813124, Flush#: 0
rchar: 769559241026
wchar: 67736000989
syscr: 187785165
syscw: 16491138
read_bytes: 3129315328
write_bytes: 61994356736
cancelled_write_bytes: 0
6111944
121082728
Csz: 64, pgsz: 4096
File page count: 256
File page count: 606469
File page count: 262144
File page count: 28897
cache requests:  0, Misses: 0, Flush#: 0
File page count: 606469
File page count: 0
2810875 2810000 71 3 w6757 r0 m0 f321 r0 p20
 1751523=326524+862974+634916 i627651 u1377522 u0 t16.188
2821781 2820000 71 3 w13721 r0 m0 f652 r0 p20
 3545024=657659+1743793+1290331 i1262079 u2795671 u0 t9.285
2832689 2830000 71 3 w22082 r11896 m16439 f789 r1458168 p500
 5349066=993253+2634071+1943295 i1903320 u4220444 u0 t7.974
2843569 2840000 71 4 w28315 r63278 m71144 f796 r3322057 p500
 7117550=1320734+3500957+2590405 i2528152 u5619708 u0 t8.15
2854403 2850000 71 4 w38825 r139243 m150436 f813 r6545866 p500
 8984080=1664648+4421811+3268545 i3183895 u7100807 u0 t7.547
2865308 2860000 71 4 w53385 r233057 m248700 f836 r10060035 p500
 10816697=2003866+5327996+3930871 i3827528 u8555899 u0 t7.289
2876175 2870000 71 4 w65057 r341537 m360800 f854 r12994288 p500
 12656473=2345370+6232358+4601318 i4476661 u10012853 u0 t7.2
2887022 2880000 71 4 w79776 r464540 m488658 f875 r16110771 p500
 14470395=2682380+7127665+5258533 i5116438 u11450656 u0 t8.359
2897913 2890000 71 4 w95920 r600050 m628841 f901 r19115653 p500
 16293093=3021776+8025027+5920092 i5757355 u12896254 u0 t7.204
2908834 2900000 71 4 w115774 r751592 m785898 f932 r22398353 p500
 18165211=3370427+8946857+6599163 i6412485 u14384555 u0 t7.55
2920001 2910000 71 4 w137269 r908916 m948864 f966 r25640069 p500
 20018561=3712828+9858232+7275038 i7055588 u15862549 u0 t7.28
2930869 2920000 71 4 w159243 r1080718 m1125499 f1002 r28788461 p500
 21924689=4063516+10796235+7970238 i7722548 u17376825 u0 t8.914
2941730 2930000 71 4 w182600 r1252805 m1302599 f1039 r31864322 p500
 23725577=4397392+11685388+8622120 i8359173 u18802318 u0 t7.312
2952617 2940000 71 4 w208415 r1433439 m1488375 f1083 r34989647 p500
 25556954=4737836+12587867+9285810 i9000120 u20258357 u0 t7.357
2963463 2950000 71 4 w234633 r1618001 m1678147 f1126 r38144241 p500
 27348560=5070616+13474209+9932638 i9634736 u21675696 u0 t7.3
2974400 2960000 71 4 w258738 r1799481 m1863402 f1167 r40858139 p500
 29109853=5400427+14337957+10573889 i10250691 u23075615 u0 t7.052
2985283 2970000 71 4 w291048 r1993796 m2063044 f1221 r44156061 p500
 30933913=5736589+15223535+11251002 i10877674 u24533651 u0 t7.65
2996248 2980000 71 4 w322542 r2188382 m2262144 f1276 r47186856 p500
 32703487=6064736+16095173+11893638 i11501559 u25935108 u0 t7.227
3007142 2990000 71 4 w352143 r2390709 m2469275 f1327 r50341551 p500
 34499077=6396818+16975967+12549726 i12131781 u27359067 u0 t7.348
3018028 3000000 71 4 w387558 r2591052 m2673920 f1390 r53293461 p500
 36264138=6724789+17847329+13187866 i12754103 u28757996 u0 t7.252
3028964 3010000 71 4 w421367 r2794522 m2882238 f1451 r56407691 p500
 38001393=7047376+18697033+13823741 i13368763 u30130984 u0 t7.408
3039859 3020000 71 4 w454800 r2989654 m3081370 f1511 r59149993 p500
 39687360=7361196+19522313+14440585 i13958427 u31470212 u0 t7.034
3050750 3030000 71 4 w491205 r3191363 m3287576 f1575 r62032615 p500
 41392715=7681766+20353812+15063988 i14552012 u32827477 u0 t6.982
3061650 3040000 71 4 w527458 r3403310 m3503768 f1641 r64970494 p500
 43170570=8013566+21222764+15714404 i15162847 u34250226 u0 t7.227
3072566 3050000 71 4 w566418 r3613375 m3717469 f1714 r67907290 p500
 44868805=8332010+22052295+16335106 i15746638 u35609235 u0 t7.001
3083447 3060000 71 4 w605212 r3835661 m3942359 f1794 r70909084 p500
 46645604=8659863+22917658+16991395 i16366945 u37020445 u0 t7.992
3094354 3070000 71 4 w646165 r4059364 m4169074 f1878 r74065135 p500
 48422490=8992055+23788558+17638881 i16989246 u38431198 u0 t7.453
3105274 3080000 71 4 w685559 r4277025 m4390101 f1957 r77012101 p500
 50164491=9315269+24637420+18280137 i17598171 u39814602 u0 t7.245
3116230 3090000 71 4 w729232 r4491614 m4608717 f2039 r79923285 p500
 51845977=9627536+25459173+18896846 i18185430 u41151236 u0 t7.06
3127110 3100000 71 4 w766471 r4703372 m4824712 f2109 r82787516 p500
 53511705=9939409+26276906+19502186 i18768087 u42475567 u0 t6.952
3138026 3110000 71 4 w812635 r4923871 m5049845 f2194 r85765032 p500
 55238264=10261061+27120204+20133919 i19367812 u43850918 u0 t7.211
3148967 3120000 71 4 w855202 r5134327 m5264271 f2274 r88480358 p500
 56852537=10563627+27915892+20717221 i19935519 u45132230 u0 t6.814
3159842 3130000 71 4 w900192 r5351138 m5485377 f2358 r91319340 p500
 58493389=10870519+28716081+21318955 i20507663 u46437447 u0 t6.963
3170699 3140000 71 4 w941396 r5565455 m5703562 f2436 r94007780 p500
 60152541=11180805+29526215+21926562 i21084748 u47759037 u0 t6.965
3181602 3150000 71 4 w994892 r5794870 m5937785 f2540 r97113573 p500
 61826504=11493631+30344422+22539038 i21668765 u49090601 u0 t7.511
3192492 3160000 71 4 w1037060 r6014182 m6160749 f2622 r99792746 p500
 63506003=11805517+31158625+23161524 i22250042 u50429728 u0 t7.352
3203408 3170000 71 4 w1095214 r6253335 m6404834 f2737 r102962687 p500
 65211426=12125238+31996771+23780152 i22846001 u51786093 u0 t7.453
3214249 3180000 71 4 w1143031 r6481675 m6636893 f2829 r105718613 p500
 66915670=12444785+32829214+24403727 i23444049 u53137818 u0 t7.229
3225133 3190000 71 4 w1194009 r6715285 m6874835 f2927 r108673281 p500
 68611236=12760063+33664142+25019591 i24039075 u54483587 u0 t7.291
3236055 3200000 71 4 w1247223 r6949492 m7113450 f3032 r111602424 p500
 70268279=13069122+34481435+25619233 i24621587 u55799106 u0 t8.998
3246945 3210000 71 4 w1311490 r7199541 m7368335 f3157 r114779567 p500
 72019681=13395973+35341507+26256349 i25237578 u57187823 u0 t8.243
3257888 3220000 71 4 w1360275 r7435771 m7608243 f3256 r117543335 p500
 73756124=13718281+36196596+26887398 i25846447 u58566797 u0 t22.42
3268819 3230000 71 4 w1418567 r7670549 m7847099 f3373 r120415998 p500
 75405463=14026767+37004307+27489447 i26424021 u59876896 u0 t8.53
3279667 3240000 71 4 w1481061 r7919744 m8101104 f3496 r123517813 p500
 77111669=14343730+37838856+28114770 i27018998 u61234408 u0 t14.486
3290545 3250000 71 4 w1532159 r8143022 m8328015 f3598 r126133888 p500
 78717441=14645233+38621815+28703558 i27574628 u62516551 u0 t8.923
3301449 3260000 71 4 w1589971 r8380564 m8569350 f3716 r128896632 p500
 80375866=14955031+39439638+29303567 i28155967 u63835136 u0 t13.54
3312407 3270000 71 4 w1653229 r8627164 m8820454 f3845 r131886263 p500
 82026215=15264000+40257442+29896493 i28737692 u65143824 u0 t10.127
3323357 3280000 71 4 w1712584 r8868688 m9066147 f3962 r134709756 p500
 83659152=15568150+41062088+30488003 i29316860 u66434756 u0 t14.401
3334231 3290000 71 4 w1773511 r9107392 m9308960 f4087 r137498287 p500
 85280333=15869858+41854994+31081770 i29886195 u67721166 u0 t24.026
3345140 3300000 71 4 w1830616 r9342411 m9547738 f4201 r140140144 p500
 86894828=16172615+42648800+31667228 i30452248 u69004119 u0 t11.782
3356053 3310000 71 4 w1899653 r9597309 m9807436 f4336 r143189218 p500
 88562403=16484029+43467590+32274126 i31037870 u70327850 u0 t16.011
3366951 3320000 71 4 w1960260 r9829227 m10043257 f4457 r145846411 p500
 90127536=16777708+44240552+32838189 i31586997 u71571610 u0 t13.154
3377843 3330000 71 4 w2023759 r10073535 m10291592 f4584 r148614555 p500
 91748542=17079998+45033721+33431394 i32151937 u72861228 u0 t14.791
3388718 3340000 71 4 w2089641 r10313819 m10536257 f4717 r151413212 p500
 93290431=17371572+45797229+33983511 i32694324 u74086174 u0 t30.596
3399548 3350000 71 4 w2149186 r10544249 m10770285 f4837 r153983143 p500
 94826815=17661500+46561799+34530113 i33239755 u75302229 u0 t19.355
3410463 3360000 71 4 w2212913 r10781689 m11011648 f4965 r156634532 p500
 96364008=17950359+47322318+35082520 i33779558 u76523805 u0 t15.523
3421385 3370000 71 4 w2278707 r11023193 m11257136 f5098 r159333947 p500
 97930257=18245335+48097909+35644468 i34331246 u77767039 u0 t19.993
3432308 3380000 71 4 w2342296 r11266202 m11504008 f5226 r162042336 p500
 99511034=18542688+48879540+36213241 i34888371 u79020987 u0 t19.592
3443276 3390000 71 4 w2412015 r11504273 m11746033 f5366 r164703036 p500
 101012130=18829105+49620404+36751262 i35413779 u80215875 u0 t19.345
cache requests:  167306076, Misses: 11982807, Flush#: 5497
File page count: 262144
File page count: 0
3454133 3400000 79 3 w255 r0 m0 f12 r0 p20
 102551377=19121525+50385462+37298576 i35955686 u81439328 u0 t17.316
3465039 3410000 79 3 w5671 r0 m0 f269 r0 p20
 104101632=19415803+51156634+37849323 i36501599 u82670873 u0 t31.54
3475944 3420000 79 3 w11443 r0 m0 f543 r0 p20
 105647754=19707197+51920226+38404950 i37046637 u83897189 u0 t22.716
3486807 3430000 79 3 w17047 r401 m1114 f781 r250466 p500
 107130246=19989693+52655871+38932841 i37566315 u85077858 u0 t18.149
3497684 3440000 79 3 w23263 r21356 m26644 f790 r1997304 p500
 108668802=20278146+53410062+39492763 i38102399 u86303138 u0 t22.798
3508529 3450000 79 3 w31415 r72510 m81622 f801 r3750028 p500
 110190021=20568708+54165834+40033324 i38635487 u87514583 u0 t21.591
3519353 3460000 79 4 w40358 r140337 m153045 f814 r6303971 p500
 111704080=20855028+54915748+40575146 i39167988 u88717563 u0 t21.038
3530217 3470000 79 4 w48806 r221250 m236550 f827 r8697458 p500
 113221977=21144818+55667681+41116473 i39704534 u89921472 u0 t22.512
3541153 3480000 79 4 w60473 r311762 m330829 f844 r11498016 p500
 114700877=21426329+56406365+41638681 i40225903 u91096865 u0 t22.92
3552073 3490000 79 4 w73108 r416574 m439366 f864 r14311630 p500
 116263193=21721623+57181220+42197029 i40776090 u92338131 u0 t23.985
3563055 3500000 79 4 w86360 r526697 m552935 f885 r16818668 p500
 117771995=22008820+57930846+42733626 i41307422 u93537041 u0 t23.89
3574015 3510000 79 4 w99618 r646317 m676370 f905 r19347597 p500
 119301465=22299535+58687923+43280788 i41846070 u94751958 u0 t24.665
3584985 3520000 79 4 w112855 r773787 m807571 f925 r21876273 p500
 120845255=22592125+59458279+43827172 i42388045 u95980894 u0 t25.013
3595851 3530000 79 4 w130273 r907360 m945880 f952 r24638031 p500
 122368933=22881945+60211427+44372521 i42921548 u97194086 u0 t25.953
3606805 3540000 79 4 w151098 r1050263 m1093693 f985 r27444988 p500
 123922685=23177665+60981418+44927004 i43465848 u98431561 u0 t27.016
3617706 3550000 79 4 w166434 r1193771 m1240948 f1010 r29869714 p500
 125428192=23463238+61733419+45459253 i43997465 u99627201 u0 t26.309
3628673 3560000 79 4 w185158 r1341322 m1392157 f1041 r32318106 p500
 126939165=23750343+62488182+45992714 i44530789 u100827351 u0 t26.226
3639595 3570000 79 4 w208399 r1503460 m1559179 f1080 r35213271 p500
 128533486=24048436+63274612+46568737 i45087850 u102096342 u0 t29.534
3650550 3580000 79 4 w231100 r1659476 m1719748 f1118 r37941847 p500
 130025532=24329413+64012991+47104120 i45608387 u103285759 u0 t28.628
3661531 3590000 79 4 w252978 r1827930 m1891926 f1155 r40533282 p500
 131626878=24631424+64806996+47676884 i46170681 u104559108 u0 t30.963
3672493 3600000 79 4 w278904 r1995946 m2063782 f1199 r43183395 p500
 133188902=24928511+65580764+48234139 i46717944 u105803038 u0 t30.873
3683478 3610000 84 4 w308174 r2176297 m2248669 f1249 r46109451 p500
 134806185=25233533+66378082+48817099 i47284122 u107089592 u0 t39.03
3694498 3620000 84 4 w334029 r2358825 m2435100 f1294 r48830874 p500
 136466038=25545049+67195944+49417310 i47863500 u108411235 u0 t43.806
3705471 3630000 84 4 w362561 r2544772 m2625076 f1344 r51616289 p500
 138099936=25853002+68006869+50001096 i48439004 u109709039 u0 t38.293
3716385 3640000 84 4 w392424 r2739274 m2823917 f1396 r54510978 p500
 139793389=26169656+68843092+50612551 i49029198 u111059270 u0 t35.262
3727335 3650000 84 4 w429945 r2941649 m3031115 f1462 r57604791 p500
 141492022=26486874+69686603+51220933 i49625649 u112409766 u0 t36.703
3738325 3660000 84 4 w466609 r3152275 m3246220 f1526 r60582902 p500
 143284144=26822077+70587994+51849986 i50254456 u113836871 u0 t39.291
Total lines processed: 3663291
Block Count:0, 1
Avg Block Count:49848140
Avg Max Count:0, 0, 84
Block Count:860, 110329
Avg Block Count:101
Avg Max Count:191, 146, 84
Block Count:32, 5162
Avg Block Count:116
Avg Max Count:234, 180, 79
Level Count:2
Level Count:4
Level Count:3
4156157 4
2240598 4
Max word len: 84
Total words generated: 143858634
Words inserted 50458015
Words updated: 114291644
cache requests:  0, Misses: 0, Flush#: 0
cache requests:  61369171, Misses: 3312231, Flush#: 1540
cache requests:  120729730, Misses: 17019299, Flush#: 2956
cache requests:  123930069, Misses: 22309381, Flush#: 0
cache requests:  109379523, Misses: 26190509, Flush#: 0
cache requests:  27712575, Misses: 5508362, Flush#: 0
rchar: 352775049538
wchar: 14145982667
syscr: 86001161
syscw: 3437687
read_bytes: 22411849728
write_bytes: 13431963648
cancelled_write_bytes: 0
43773144
26234304
