Csz: 64, pgsz: 4096
File page count: 0
File page count: 0
10988 10000 60 1 w0 r0 m0 f0 r0 p20
 1502009=280567+736357+547318 i721658 u998423 u0 t1.551
22023 20000 60 1 w0 r0 m0 f0 r0 p20
 2970299=556558+1459020+1077812 i1299209 u2102895 u0 t1.807
33024 30000 60 3 w339 r0 m0 f16 r0 p20
 4455591=837142+2190955+1612898 i1852406 u3251560 u0 t1.781
44043 40000 66 3 w11260 r0 m0 f535 r0 p20
 6021768=1126498+2950354+2194339 i2414024 u4480687 u0 t2.486
55121 50000 66 3 w23016 r12594 m18304 f783 r1557075 p2000
 7457432=1399039+3657323+2711810 i2940282 u5599810 u0 t2.349
66115 60000 66 4 w27585 r67998 m77835 f789 r4141148 p2000
 8882525=1666288+4349737+3237298 i3451340 u6719205 u0 t2.302
77117 70000 66 4 w34899 r144694 m158103 f796 r7028205 p2000
 10323681=1938542+5063745+3753209 i3972685 u7850105 u0 t2.491
88102 80000 66 4 w42774 r228341 m244225 f804 r9871281 p2000
 11702242=2200826+5741136+4250267 i4461094 u8941716 u0 t2.48
99095 90000 66 4 w52192 r324533 m343015 f812 r12877392 p2000
 13139065=2468368+6445510+4774403 i4968937 u10079273 u0 t2.575
110113 100000 66 4 w65553 r431341 m453520 f821 r16087478 p2000
 14570300=2739305+7152735+5287868 i5468110 u11220581 u0 t2.65
121109 110000 66 4 w74185 r542814 m567533 f829 r18809070 p2000
 15981984=3006512+7851613+5792984 i5964781 u12342008 u0 t2.561
132028 120000 66 4 w86782 r665786 m694765 f838 r21825612 p2000
 17532484=3286822+8590277+6386159 i6472171 u13603403 u0 t2.792
142990 130000 66 4 w106039 r799399 m833488 f849 r25176892 p2000
 18986448=3562710+9311119+6905248 i6971849 u14770544 u0 t2.829
153925 140000 66 4 w117325 r938216 m975543 f858 r27814716 p2000
 20474477=3841729+10051396+7435263 i7484900 u15963198 u0 t2.781
164855 150000 66 4 w134054 r1088036 m1130143 f868 r30985600 p2000
 21982251=4126056+10796461+7976893 i8002921 u17172946 u0 t2.95
175812 160000 66 4 w159883 r1251008 m1298659 f880 r34400062 p2000
 23584909=4417148+11560934+8588302 i8532508 u18471657 u0 t3.078
186797 170000 66 4 w174233 r1406727 m1457603 f890 r37118179 p2000
 25060643=4694278+12291216+9118384 i9041897 u19653919 u0 t2.836
197847 180000 66 4 w195104 r1572765 m1627885 f902 r40168316 p2000
 26594805=4977567+13035840+9687961 i9556981 u20892733 u0 t3.02
208776 190000 66 4 w226213 r1749980 m1811253 f916 r43731458 p2000
 28107430=5261667+13783743+10232285 i10073037 u22110210 u0 t3.146
219728 200000 66 4 w244904 r1922996 m1987969 f928 r46552657 p2000
 29612928=5546285+14529981+10770299 i10587374 u23322244 u0 t2.958
230584 210000 66 4 w269470 r2105934 m2175263 f942 r49639993 p2000
 31176719=5839236+15302598+11333221 i11112412 u24588630 u0 t3.124
241548 220000 66 4 w295799 r2289295 m2363027 f955 r52782446 p2000
 32683216=6122373+16045650+11876729 i11625702 u25801436 u0 t3.097
252514 230000 66 4 w330323 r2484047 m2562416 f973 r56049711 p2000
 34281334=6415992+16823378+12467909 i12162947 u27091407 u0 t3.233
263483 240000 66 4 w358387 r2673560 m2756142 f988 r59163631 p2000
 35779646=6698842+17564571+13004988 i12677713 u28294028 u0 t3.118
274496 250000 66 4 w389045 r2869327 m2955939 f1005 r62308982 p2000
 37310769=6986369+18323484+13553505 i13202767 u29523600 u0 t3.511
285461 260000 66 4 w421144 r3066010 m3156735 f1021 r65490766 p2000
 38803051=7268863+19066410+14083606 i13715875 u30721963 u0 t3.293
296415 270000 66 4 w450502 r3260803 m3355340 f1038 r68496694 p2000
 40291660=7548931+19800727+14620226 i14227967 u31915485 u0 t3.096
307437 280000 66 4 w484388 r3461240 m3559539 f1055 r71563351 p2000
 41798390=7832680+20548382+15159093 i14747138 u33123572 u0 t3.174
318462 290000 66 4 w524933 r3681808 m3785306 f1078 r75251284 p2000
 43400958=8135339+21341253+15733409 i15303390 u34403949 u0 t3.462
329483 300000 66 4 w558709 r3902110 m4009682 f1097 r78561937 p2000
 45028067=8442234+22155263+16308545 i15875776 u35698230 u0 t3.425
340525 310000 66 4 w601074 r4121331 m4233887 f1119 r82065003 p2000
 46615498=8738046+22934138+16886727 i16419699 u36971512 u0 t3.386
351480 320000 94 4 w638229 r4339164 m4456226 f1140 r85314480 p2000
 48198444=9038935+23721499+17447383 i16966766 u38238711 u0 t3.316
362496 330000 94 4 w674644 r4549206 m4670175 f1159 r88298678 p2000
 49733444=9330284+24482692+17993474 i17496606 u39468617 u0 t3.214
373551 340000 94 4 w718406 r4773105 m4898711 f1183 r91662819 p2000
 51290420=9626097+25253246+18550462 i18038823 u40711431 u0 t3.387
384689 350000 94 4 w761541 r4999422 m5129669 f1206 r95044671 p2000
 52863841=9922129+26021395+19125405 i18585417 u41966286 u0 t3.409
395874 360000 94 4 w806847 r5230601 m5365285 f1232 r98419053 p2000
 54481113=10221859+26805577+19724920 i19151046 u43249793 u0 t4.051
406862 370000 94 4 w854767 r5468772 m5608099 f1258 r101867479 p2000
 56127737=10531055+27599843+20335875 i19721662 u44561957 u0 t3.682
417894 380000 94 4 w898483 r5698970 m5842510 f1285 r105067323 p2000
 57710652=10827571+28373736+20913921 i20275859 u45819826 u0 t4.329
428912 390000 94 4 w944806 r5929567 m6077364 f1312 r108303357 p2000
 59267668=11118998+29134387+21483671 i20817819 u47059942 u0 t3.845
439874 400000 94 4 w993861 r6159132 m6311626 f1340 r111620839 p2000
 60798949=11403897+29878773+22048738 i21344173 u48285132 u0 t3.393
450859 410000 94 4 w1046044 r6391843 m6548364 f1370 r114810165 p2000
 62344803=11692810+30638301+22610561 i21882733 u49516879 u0 t3.421
461847 420000 94 4 w1088045 r6615074 m6775305 f1393 r117754098 p2000
 63844431=11974358+31373784+23155226 i22403049 u50713831 u0 t3.308
472807 430000 94 4 w1141805 r6858374 m7022978 f1424 r121054403 p2000
 65437780=12274970+32155539+23733015 i22951607 u51989980 u0 t3.615
483790 440000 94 4 w1206025 r7114683 m7284288 f1459 r124669987 p2000
 67045767=12575174+32948774+24314528 i23512005 u53271767 u0 t3.681
494708 450000 94 4 w1253081 r7363440 m7536865 f1488 r127878105 p2000
 68699472=12883619+33764275+24912530 i24087205 u54590624 u0 t3.725
505590 460000 94 4 w1324906 r7632563 m7810882 f1530 r131574506 p2000
 70351532=13192036+34579703+25508940 i24660756 u55909974 u0 t4.941
516566 470000 94 4 w1380811 r7884931 m8067121 f1564 r134813086 p2000
 71990802=13497983+35383004+26106829 i25226488 u57220217 u0 t3.609
527520 480000 94 4 w1438478 r8146936 m8333468 f1598 r138293923 p2000
 73645399=13806248+36198720+26705964 i25802179 u58539269 u0 t3.772
538466 490000 94 4 w1509335 r8419551 m8610784 f1640 r141960675 p2000
 75322036=14118226+37019796+27319560 i26380993 u59879227 u0 t3.904
549399 500000 94 4 w1570894 r8688826 m8884299 f1676 r145407344 p2000
 77023425=14443739+37852951+27939452 i26969846 u61238055 u0 t3.791
560288 510000 94 4 w1636320 r8956649 m9156367 f1715 r148872571 p2000
 78683779=14754211+38673947+28537979 i27542680 u62567413 u0 t3.856
571192 520000 94 4 w1709532 r9232928 m9437245 f1757 r152501935 p2000
 80352712=15063905+39495351+29144443 i28120478 u63900308 u0 t3.876
582148 530000 94 4 w1772072 r9504070 m9712448 f1795 r155907278 p2000
 82036336=15378372+40322769+29756566 i28703954 u65244846 u0 t3.791
593039 540000 94 4 w1840222 r9783373 m9996073 f1837 r159404328 p2000
 83771290=15699382+41171815+30392891 i29299040 u66634878 u0 t4.061
604123 550000 94 4 w1906333 r10034996 m10251758 f1875 r162647715 p2000
 85292841=15985696+41911091+30952926 i29819336 u67855861 u0 t3.517
615220 560000 94 4 w1964930 r10250063 m10470370 f1908 r165386365 p2000
 86578406=16228956+42541143+31420369 i30256376 u68891573 u0 t3.117
626410 570000 94 4 w2003868 r10442706 m10665401 f1933 r167626048 p2000
 87844101=16466215+43152805+31889826 i30682421 u69913429 u0 t2.767
637646 580000 94 4 w2052173 r10642405 m10868182 f1961 r170130105 p2000
 89076810=16700413+43755344+32338702 i31096791 u70911177 u0 t2.87
648847 590000 94 4 w2114042 r10852152 m11081564 f1996 r172850410 p2000
 90374030=16941574+44376422+32827115 i31514248 u71975433 u0 t2.982
660023 600000 94 4 w2167405 r11048510 m11281055 f2026 r175305519 p2000
 91532382=17161983+44938682+33251932 i31903939 u72912232 u0 t2.703
671169 610000 94 4 w2208157 r11230482 m11465595 f2051 r177513693 p2000
 92677881=17380618+45496976+33670550 i32289029 u73839311 u0 t2.586
682330 620000 94 4 w2259142 r11417923 m11655682 f2079 r179720016 p2000
 93822077=17600425+46050280+34090645 i32667803 u74770352 u0 t2.698
693457 630000 94 4 w2300471 r11607540 m11847791 f2104 r181911217 p2000
 95055697=17831544+46649550+34545330 i33069898 u75779775 u0 t2.726
704731 640000 94 4 w2368992 r11823245 m12067346 f2139 r184718106 p2000
 96294487=18063003+47246521+35007532 i33472946 u76793208 u0 t2.957
715916 650000 94 4 w2416177 r12008824 m12255434 f2165 r186919784 p2000
 97439920=18281492+47802828+35427035 i33852442 u77725725 u0 t3.064
727122 660000 94 4 w2464440 r12208137 m12457499 f2192 r189248656 p2000
 98670868=18515586+48399959+35879326 i34259924 u78727533 u0 t2.78
738273 670000 94 4 w2512433 r12402418 m12654419 f2219 r191518940 p2000
 99875743=18744879+48985343+36321344 i34658351 u79709387 u0 t2.841
749495 680000 94 4 w2580269 r12610780 m12866430 f2255 r194168821 p2000
 101042383=18969139+49551143+36748337 i35038594 u80665821 u0 t2.84
760693 690000 94 4 w2629120 r12810585 m13069060 f2282 r196466342 p2000
 102254980=19199662+50136770+37196455 i35441249 u81651090 u0 t2.773
771972 700000 94 4 w2681793 r13011490 m13272831 f2311 r198826513 p2000
 103465720=19428892+50723315+37642786 i35843317 u82635243 u0 t2.824
783287 710000 94 4 w2734376 r13208575 m13472623 f2340 r201130692 p2000
 104639900=19653350+51296043+38070532 i36233526 u83590321 u0 t2.77
794503 720000 94 4 w2798355 r13416510 m13683929 f2376 r203606059 p2000
 105795637=19874772+51860524+38490375 i36617266 u84530973 u0 t2.845
805629 730000 94 4 w2855880 r13625599 m13896226 f2408 r206159739 p2000
 107012879=20104345+52440052+38949652 i37020427 u85518808 u0 t2.836
816809 740000 94 4 w2900981 r13810751 m14083705 f2435 r208234414 p2000
 108170750=20322040+52988329+39390324 i37396580 u86464429 u0 t2.587
827890 750000 94 4 w2955037 r14002550 m14278000 f2464 r210395776 p2000
 109346023=20541989+53535547+39846975 i37770808 u87430021 u0 t2.687
839058 760000 94 4 w3006255 r14191374 m14469495 f2493 r212559213 p2000
 110457274=20754203+54068761+40260181 i38133345 u88339002 u0 t2.702
850231 770000 94 4 w3065841 r14398829 m14680226 f2526 r215039799 p2000
 111644530=20977813+54640699+40701567 i38521556 u89308694 u0 t2.811
861324 780000 94 4 w3112102 r14578539 m14862061 f2553 r217001429 p2000
 112756712=21190675+55177904+41111668 i38889665 u90213853 u0 t2.544
872344 790000 94 4 w3178037 r14785783 m15072645 f2589 r219473851 p2000
 113901230=21409743+55727856+41536166 i39260678 u91152948 u0 t2.81
883522 800000 94 4 w3235130 r14986923 m15276642 f2620 r221803554 p2000
 115052446=21630279+56283615+41960828 i39638195 u92093476 u0 t2.747
894714 810000 94 4 w3287338 r15176954 m15469210 f2648 r223980058 p2000
 116160183=21843397+56812897+42374928 i40002722 u92996290 u0 t2.619
905844 820000 94 4 w3342033 r15373067 m15668014 f2678 r226199383 p2000
 117283223=22058021+57355645+42788962 i40369799 u93914729 u0 t2.683
916882 830000 94 4 w3402957 r15592153 m15890065 f2713 r228660498 p2000
 118549967=22298052+57962861+43262652 i40788152 u94944653 u0 t2.965
927964 840000 94 4 w3462327 r15803107 m16103726 f2746 r230991560 p2000
 119743936=22526809+58544733+43697164 i41189242 u95911832 u0 t2.831
939033 850000 94 4 w3523987 r16027312 m16331044 f2782 r233524547 p2000
 121004026=22765154+59154770+44162145 i41613683 u96929575 u0 t3.025
950128 860000 94 4 w3601725 r16264673 m16572121 f2825 r236254080 p2000
 122238911=23000263+59758465+44610481 i42030831 u97927199 u0 t3.446
961260 870000 94 4 w3661238 r16479284 m16789532 f2859 r238622897 p2000
 123458245=23233306+60350981+45056196 i42441087 u98913194 u0 t2.88
972424 880000 94 4 w3728038 r16700895 m17014163 f2899 r241132794 p2000
 124673076=23464513+60935225+45507237 i42849886 u99894141 u0 t2.964
983571 890000 94 4 w3782976 r16913610 m17229374 f2932 r243427486 p2000
 125884344=23693920+61524697+45951042 i43260152 u100870515 u0 t2.871
994789 900000 94 4 w3853383 r17129790 m17448708 f2971 r245866504 p2000
 127057734=23916914+62089299+46386563 i43647551 u101825763 u0 t2.932
1005944 910000 94 4 w3921452 r17349497 m17671562 f3011 r248351857 p2000
 128303145=24152135+62684289+46852631 i44041225 u102855746 u0 t3.003
1017100 920000 94 4 w3974595 r17549495 m17874104 f3044 r250533675 p2000
 129430532=24368313+63227679+47268900 i44416277 u103771386 u0 t2.698
1028294 930000 94 4 w4034518 r17748453 m18075659 f3080 r252700996 p2000
 130528677=24578028+63757612+47674284 i44779104 u104665650 u0 t2.726
1039422 940000 94 4 w4095199 r17957419 m18287245 f3114 r254983320 p2000
 131687827=24798360+64320403+48099629 i45167009 u105605024 u0 t2.772
1050473 950000 94 4 w4159210 r18170016 m18502668 f3150 r257312108 p2000
 132854633=25020472+64887893+48525919 i45550435 u106557824 u0 t2.843
1061568 960000 94 4 w4223968 r18384861 m18720359 f3186 r259663812 p2000
 134043070=25250333+65467521+48956681 i45938446 u107532623 u0 t2.864
1072599 970000 94 4 w4294010 r18613529 m18952038 f3223 r262154032 p2000
 135291847=25485760+66067542+49422293 i46344043 u108554830 u0 t2.994
1083733 980000 94 4 w4350946 r18818348 m19159423 f3255 r264344625 p2000
 136399100=25701026+66611278+49818919 i46708662 u109460477 u0 t2.684
1094785 990000 94 4 w4414447 r19023096 m19366489 f3291 r266505816 p2000
 137519050=25917257+67155540+50227043 i47081653 u110370889 u0 t2.741
1105876 1000000 94 4 w4471394 r19232119 m19578166 f3325 r268788055 p2000
 138665713=26137695+67717784+50640862 i47464848 u111302744 u0 t2.834
1117034 1010000 94 4 w4550737 r19460645 m19809966 f3368 r271296561 p2000
 139787403=26354448+68264708+51048328 i47840255 u112212706 u0 t2.966
1128112 1020000 94 4 w4612226 r19672840 m20024667 f3402 r273512732 p2000
 140921791=26573668+68822755+51454807 i48222704 u113131684 u0 t2.788
1139060 1030000 94 4 w4683176 r19910386 m20265138 f3443 r276019829 p2000
 142169262=26814500+69435817+51902697 i48648431 u114136597 u0 t3.136
1150007 1040000 94 4 w4746179 r20159404 m20516883 f3482 r278586203 p2000
 143561529=27079998+70114418+52410413 i49122192 u115257039 u0 t3.272
1160894 1050000 94 4 w4854913 r20464415 m20826360 f3541 r281893356 p2000
 144998334=27351326+70820475+52930359 i49615102 u116410274 u0 t3.799
1171814 1060000 94 4 w4936682 r20731929 m21097302 f3587 r284752581 p2000
 146379096=27613815+71499763+53428048 i50089607 u117518099 u0 t3.474
1182789 1070000 94 4 w5016602 r21005550 m21374215 f3632 r287634923 p2000
 147771413=27879098+72187374+53926681 i50570775 u118633371 u0 t3.564
1193726 1080000 94 4 w5100979 r21274373 m21646144 f3678 r290403741 p2000
 149134067=28139227+72857138+54417549 i51038983 u119726960 u0 t3.473
1204582 1090000 94 4 w5184784 r21553832 m21928854 f3727 r293290973 p2000
 150558189=28410800+73563244+54924922 i51532736 u120866406 u0 t3.586
1215452 1100000 94 4 w5274484 r21843219 m22221681 f3776 r296275284 p2000
 152005113=28686816+74275924+55445128 i52028021 u122029112 u0 t3.692
1226363 1110000 94 4 w5375901 r22152083 m22534520 f3833 r299484611 p2000
 153500823=28969235+75014161+55983169 i52544986 u123226555 u0 t4.115
1237247 1120000 94 4 w5460117 r22435741 m22821700 f3881 r302401357 p2000
 154937436=29243149+75724625+56496704 i53037354 u124381249 u0 t3.581
1248176 1130000 94 4 w5555275 r22737454 m23126936 f3933 r305479914 p2000
 156402735=29522272+76447278+57022338 i53540899 u125557462 u0 t3.856
1259068 1140000 94 4 w5646918 r23033320 m23426306 f3986 r308543574 p2000
 157861130=29797985+77168674+57545265 i54045998 u126723955 u0 t3.778
1269968 1150000 94 4 w5744297 r23336273 m23732925 f4041 r311666211 p2000
 159329507=30076803+77900612+58066164 i54554881 u127899195 u0 t3.8
1280888 1160000 94 4 w5838086 r23635945 m24036043 f4093 r314657914 p2000
 160787360=30353505+78624948+58585504 i55062078 u129063688 u0 t3.802
1291754 1170000 94 4 w5938831 r23946473 m24350381 f4148 r317841036 p2000
 162257086=30632524+79353396+59110035 i55572494 u130238739 u0 t3.866
1302652 1180000 94 4 w6026221 r24242348 m24649396 f4198 r320748838 p2000
 163740225=30914948+80088433+59638609 i56087117 u131425458 u0 t3.695
1313613 1190000 94 4 w6123771 r24555180 m24966115 f4251 r323942732 p2000
 165222365=31196415+80824289+60167001 i56599904 u132612539 u0 t3.845
1324596 1200000 94 4 w6235553 r24877305 m25292106 f4312 r327229653 p2000
 166705142=31477697+81562307+60693492 i57112964 u133800469 u0 t6.156
1335456 1210000 94 4 w6321908 r25186268 m25604160 f4361 r330206711 p2000
 168224635=31765451+82316176+61235830 i57644073 u135011754 u0 t3.84
1346441 1220000 94 4 w6407167 r25489639 m25910687 f4412 r333131708 p2000
 169783151=32059976+83084342+61797326 i58175404 u136266224 u0 t3.863
1357399 1230000 94 4 w6526710 r25834229 m26259589 f4477 r336629764 p2000
 171340127=32353047+83856368+62354089 i58712775 u137513611 u0 t4.242
1368385 1240000 94 4 w6653007 r26192193 m26622101 f4545 r340273651 p2000
 172947613=32655799+84649796+62933488 i59265539 u138802715 u0 t4.329
1379469 1250000 94 4 w6735365 r26510280 m26943232 f4592 r343255946 p2000
 174578358=32960715+85458237+63518400 i59830545 u140106298 u0 t5.5
1390543 1260000 94 4 w6858862 r26864197 m27301233 f4659 r346744128 p2000
 176216496=33265768+86260659+64117377 i60389547 u141422033 u0 t4.355
1401635 1270000 94 4 w6977752 r27220617 m27661913 f4724 r350258313 p2000
 177844400=33572064+87068311+64699573 i60950673 u142727201 u0 t4.316
1412662 1280000 94 4 w7079403 r27559668 m28004660 f4781 r353513313 p2000
 179448464=33876559+87868585+65267070 i61508242 u144010125 u0 t4.915
1423732 1290000 94 4 w7190049 r27901933 m28350777 f4844 r356816331 p2000
 181048818=34176735+88658077+65844470 i62061852 u145290371 u0 t4.137
1434749 1300000 94 4 w7291707 r28245429 m28697914 f4904 r360109192 p2000
 182708017=34486060+89473649+66447223 i62632980 u146619248 u0 t6.342
1445738 1310000 94 4 w7427705 r28628755 m29085875 f4975 r363915037 p2000
 184393707=34802515+90300279+67060585 i63220039 u147962449 u0 t5.285
1456743 1320000 94 4 w7540948 r28986016 m29447012 f5040 r367342423 p2000
 186070233=35117420+91124338+67668658 i63801740 u149301013 u0 t4.558
1467716 1330000 94 4 w7659416 r29361025 m29825961 f5106 r370897845 p2000
 187826318=35446440+91987570+68306202 i64407458 u150706335 u0 t4.659
1478847 1340000 94 4 w7790822 r29748772 m30218316 f5179 r374674803 p2000
 189576204=35770547+92843092+68948286 i65013970 u152102220 u0 t4.959
1489858 1350000 94 4 w7894565 r30105360 m30578420 f5239 r378015870 p2000
 191293706=36091274+93689714+69570365 i65613906 u153469542 u0 t9.333
1500812 1360000 94 4 w8030249 r30487515 m30965312 f5313 r381768093 p2000
 192945491=36397576+94496222+70177412 i66187595 u154786438 u0 t4.784
1511816 1370000 94 4 w8147194 r30857014 m31338788 f5379 r385269295 p2000
 194629037=36712329+95326971+70785495 i66772386 u156130580 u0 t5.1
1522795 1380000 94 4 w8273595 r31222874 m31708681 f5449 r388772616 p2000
 196261107=37016280+96132860+71375071 i67344471 u157427771 u0 t4.683
1533703 1390000 94 4 w8375197 r31574644 m32063833 f5506 r392034914 p2000
 197916580=37324592+96947275+71976458 i67928995 u158739144 u0 t7.168
1544569 1400000 94 4 w8506955 r31954895 m32448467 f5578 r395683517 p2000
 199559259=37633478+97759355+72566898 i68502640 u160048211 u0 t4.781
1555499 1410000 94 4 w8629946 r32340734 m32838408 f5646 r399254860 p2000
 201315494=37961628+98624605+73202706 i69116953 u161445076 u0 t4.63
1566395 1420000 94 4 w8756002 r32729468 m33231449 f5715 r402887015 p2000
 203040851=38283744+99480615+73821800 i69717130 u162822088 u0 t4.878
1577238 1430000 94 4 w8894736 r33133917 m33640359 f5790 r406673354 p2000
 204769957=38606559+100338547+74442479 i70318732 u164201548 u0 t9.594
1588118 1440000 98 4 w9015458 r33517082 m34027397 f5858 r410189549 p2000
 206501964=38930451+101195825+75064964 i70924879 u165579702 u0 t5.689
1598949 1450000 98 4 w9141458 r33914020 m34428536 f5927 r413852830 p2000
 208268958=39258963+102068645+75703593 i71540845 u166987728 u0 t4.712
1609797 1460000 98 4 w9303005 r34347921 m34867566 f6015 r417918314 p2000
 210044947=39588611+102945770+76346406 i72157355 u168404730 u0 t5.084
1620630 1470000 98 4 w9407314 r34715929 m35238944 f6075 r421165057 p2000
 211794585=39917933+103814704+76971470 i72764216 u169802918 u0 t6.96
1631477 1480000 98 4 w9542596 r35118295 m35645604 f6150 r424848123 p2000
 213544045=40245037+104679189+77602221 i73371212 u171199603 u0 t8.456
1642373 1490000 98 4 w9696408 r35554134 m36086572 f6233 r428900899 p2000
 215341282=40581295+105569208+78248299 i73992834 u172637038 u0 t5.045
1653233 1500000 98 4 w9823449 r35955662 m36492187 f6303 r432519897 p2000
 217140861=40916401+106459891+78897104 i74616166 u174075266 u0 t5.19
1664130 1510000 98 4 w9934996 r36332791 m36872622 f6364 r435806841 p2000
 218918863=41246819+107335188+79542979 i75228597 u175498348 u0 t6.175
1675034 1520000 98 4 w10101141 r36780597 m37325883 f6455 r439988054 p2000
 220707784=41578832+108217124+80191733 i75843929 u176931407 u0 t10.56
1685958 1530000 98 4 w10235352 r37191289 m37740536 f6528 r443618983 p2000
 222527080=41916354+109112653+80853015 i76474093 u178384281 u0 t4.844
1696847 1540000 98 4 w10373918 r37608316 m38161894 f6606 r447385832 p2000
 224315178=42247473+109988212+81508049 i77091932 u179812364 u0 t4.933
1707676 1550000 98 4 w10528071 r38052017 m38610458 f6689 r451396597 p2000
 226145550=42585444+110889061+82174592 i77727610 u181271615 u0 t13.027
1718573 1560000 98 4 w10656717 r38460212 m39022549 f6760 r454949792 p2000
 227977335=42923424+111787999+82844857 i78359899 u182734928 u0 t4.849
1729487 1570000 98 4 w10791342 r38873256 m39439608 f6836 r458588629 p2000
 229753615=43251320+112659502+83494703 i78972275 u184155273 u0 t4.859
1740347 1580000 98 4 w10939502 r39300228 m39871056 f6917 r462416394 p2000
 231553104=43584046+113540125+84154536 i79591838 u185594675 u0 t5.764
1751207 1590000 98 4 w11089017 r39737094 m40312367 f7000 r466247185 p2000
 233379940=43922520+114439161+84819335 i80224000 u187053243 u0 t12.08
1762023 1600000 98 4 w11222509 r40156827 m40736288 f7074 r469924246 p2000
 235155843=44253361+115316780+85460372 i80839034 u188472123 u0 t5.115
1772878 1610000 98 4 w11365066 r40578351 m41162076 f7152 r473634287 p2000
 236929770=44581602+116184385+86111454 i81451287 u189889807 u0 t5.092
1783723 1620000 98 4 w11497018 r40982756 m41570394 f7225 r477120598 p2000
 238688807=44908360+117054935+86745918 i82060754 u191294881 u0 t6.918
1794607 1630000 98 4 w11649932 r41420090 m42012345 f7309 r480962287 p2000
 240464479=45236722+117925167+87395629 i82675614 u192711500 u0 t9.668
1805498 1640000 98 4 w11795527 r41852592 m42449287 f7385 r484737784 p2000
 242254153=45568300+118810419+88042816 i83293365 u194143312 u0 t5.26
1816421 1650000 98 4 w11936163 r42278817 m42879551 f7464 r488381544 p2000
 244050465=45899876+119697682+88694298 i83917853 u195575279 u0 t5.022
1827273 1660000 98 4 w12087542 r42719337 m43324553 f7546 r492203219 p2000
 245854599=46234183+120581771+89354321 i84539608 u197017908 u0 t11.204
1838160 1670000 98 4 w12240278 r43163989 m43773810 f7631 r496078022 p2000
 247658504=46569017+121468086+90011465 i85165709 u198456458 u0 t5.325
1849005 1680000 98 4 w12388147 r43592683 m44206667 f7711 r499775931 p2000
 249430278=46895842+122335533+90661291 i85774601 u199875049 u0 t5.191
1859879 1690000 98 4 w12518231 r43997095 m44614813 f7783 r503203980 p2000
 251131279=47212315+123178813+91272934 i86365443 u201233022 u0 t5.371
1870739 1700000 98 4 w12671234 r44437948 m45060025 f7864 r506988873 p2000
 252891045=47539369+124052324+91905247 i86976560 u202638009 u0 t11.798
1881698 1710000 98 4 w12792003 r44826363 m45451798 f7932 r510228319 p2000
 254580511=47855132+124886720+92515242 i87562356 u203987548 u0 t4.824
1892578 1720000 98 4 w12948893 r45266334 m45896481 f8018 r514030488 p2000
 256293646=48175630+125733252+93133036 i88154672 u205358055 u0 t5.117
1903425 1730000 98 4 w13092792 r45690595 m46324717 f8096 r517589739 p2000
 258022915=48497011+126587322+93759138 i88752738 u206740869 u0 t10.722
1914319 1740000 98 4 w13229225 r46120418 m46758546 f8172 r521180850 p2000
 259815209=48830592+127465985+94414637 i89370188 u208174395 u0 t5.485
1925121 1750000 98 4 w13380905 r46554081 m47196483 f8255 r524870286 p2000
 261541348=49152781+128320704+95035878 i89969619 u209552891 u0 t4.956
1936035 1760000 98 4 w13541586 r47011813 m47658827 f8343 r528764402 p2000
 263330395=49486167+129206644+95680325 i90594438 u210977601 u0 t5.133
1946942 1770000 98 4 w13672069 r47419159 m48069887 f8415 r532118021 p2000
 265050284=49805914+130048834+96309106 i91182465 u212357974 u0 t12.241
1957829 1780000 98 4 w13819622 r47850356 m48505302 f8494 r535711486 p2000
 266753303=50124838+130892409+96920932 i91772292 u213719968 u0 t5.733
1968722 1790000 98 4 w13974278 r48292426 m48951578 f8579 r539420194 p2000
 268493552=50448739+131746780+97555161 i92372923 u215111648 u0 t25.167
1979581 1800000 98 4 w14106895 r48698882 m49361699 f8652 r542792173 p2000
 270164288=50760785+132567358+98163038 i92953902 u216443511 u0 t11.649
1990482 1810000 98 4 w14248891 r49118090 m49784855 f8730 r546277866 p2000
 271830252=51072079+133383609+98770962 i93528506 u217776193 u0 t7.527
2001382 1820000 98 4 w14396864 r49543020 m50213826 f8810 r549808559 p2000
 273492871=51381902+134197434+99378998 i94104776 u219103081 u0 t5.065
2012247 1830000 98 4 w14550152 r49980841 m50655857 f8893 r553458385 p2000
 275187120=51698829+135031055+99993704 i94688703 u220459314 u0 t5.256
2023129 1840000 98 4 w14668600 r50378129 m51056464 f8959 r556679100 p2000
 276861603=52011532+135854419+100601958 i95266961 u221798266 u0 t11.328
2034053 1850000 98 4 w14832272 r50834285 m51517021 f9046 r560423961 p2000
 278586086=52334286+136703614+101226354 i95863424 u223176867 u0 t5.463
2044917 1860000 98 4 w14974977 r51254014 m51940617 f9125 r563848244 p2000
 280251224=52646494+137526857+101826009 i96438196 u224510003 u0 t5.016
2055814 1870000 98 4 w15128369 r51693477 m52384358 f9207 r567515309 p2000
 281924750=52958788+138352252+102431703 i97023385 u225841626 u0 t7.677
2066728 1880000 98 4 w15280404 r52124490 m52819283 f9291 r570991643 p2000
 283579260=53268199+139169715+103028509 i97595936 u227164377 u0 t10.425
2077660 1890000 98 4 w15406266 r52527377 m53225591 f9359 r574209843 p2000
 285237044=53579292+139988643+103625286 i98167522 u228491883 u0 t4.612
2088614 1900000 98 4 w15537623 r52943456 m53645106 f9428 r577529380 p2000
 286912655=53892335+140810185+104236352 i98746384 u229830796 u0 t4.776
2099586 1910000 98 4 w15719485 r53417765 m54124230 f9525 r581459167 p2000
 288616243=54209093+141647327+104856783 i99333030 u231194501 u0 t14.29
2110524 1920000 98 4 w15840586 r53819382 m54529235 f9591 r584654604 p2000
 290241237=54514629+142446303+105445717 i99893358 u232495018 u0 t4.512
2121483 1930000 98 4 w15985302 r54246651 m54960279 f9670 r588071483 p2000
 291923570=54829825+143276743+106052519 i100475900 u233839839 u0 t4.8
2132440 1940000 98 4 w16155521 r54699956 m55418208 f9759 r591779040 p2000
 293565784=55136148+144083806+106649839 i101044988 u235150918 u0 t8.593
2143340 1950000 98 4 w16286924 r55116820 m55838751 f9830 r595050545 p2000
 295239019=55448867+144906211+107257969 i101620830 u236491251 u0 t10.306
2154286 1960000 98 4 w16427869 r55536954 m56262563 f9907 r598418483 p2000
 296860107=55753648+145703015+107845359 i102180000 u237789054 u0 t4.64
2165157 1970000 98 4 w16554638 r55930840 m56659634 f9978 r601471383 p2000
 298412591=56044542+146464173+108410700 i102712996 u239033447 u0 t4.356
2176142 1980000 98 4 w16715886 r56361465 m57094322 f10062 r604942420 p2000
 299979496=56338337+147235354+108978397 i103254279 u240286903 u0 t14.151
2187090 1990000 98 4 w16847394 r56781115 m57517539 f10134 r608267589 p2000
 301618575=56644428+148044181+109570873 i103823277 u241595333 u0 t4.964
2198031 2000000 98 4 w17003301 r57208851 m57949049 f10218 r611609166 p2000
 303185210=56938923+148817650+110135184 i104365058 u242848834 u0 t4.99
2208970 2010000 98 4 w17121670 r57601295 m58344663 f10283 r614676154 p2000
 304752540=57232180+149587337+110705170 i104903770 u244104698 u0 t4.847
2219875 2020000 98 4 w17274741 r58033886 m58781339 f10364 r618138430 p2000
 306334455=57532948+150371332+111270400 i105450320 u245371628 u0 t13.166
2230717 2030000 98 4 w17437004 r58462262 m59213596 f10452 r621520511 p2000
 307845651=57817948+151122157+111809532 i105973467 u246581017 u0 t6.714
2241553 2040000 98 4 w17547825 r58843107 m59597257 f10514 r624401408 p2000
 309373570=58105978+151881084+112355392 i106506978 u247799033 u0 t11.268
2252478 2050000 98 4 w17672081 r59239656 m59997048 f10582 r627446831 p2000
 310917801=58397346+152645204+112909519 i107041860 u249034296 u0 t4.84
2263400 2060000 98 4 w17857995 r59707857 m60470224 f10680 r631268248 p2000
 312460636=58688083+153405052+113466755 i107573237 u250270504 u0 t5.312
2274335 2070000 98 4 w17983566 r60098026 m60863334 f10749 r634212936 p2000
 314006113=58979074+154169481+114021866 i108108877 u251506226 u0 t6.88
2285238 2080000 98 4 w18091603 r60466511 m61234562 f10808 r636984730 p2000
 315479761=59257781+154893633+114554732 i108615433 u252688405 u0 t10.371
2296195 2090000 98 4 w18244670 r60892639 m61664402 f10891 r640244097 p2000
 317001742=59547160+155648315+115097246 i109137482 u253911381 u0 t6.591
2307093 2100000 98 4 w18392643 r61321181 m62096778 f10971 r643586073 p2000
 318548784=59841585+156419314+115645210 i109668612 u255155322 u0 t12.307
2317991 2110000 98 4 w18519162 r61716792 m62495557 f11040 r646589673 p2000
 320065310=60129116+157167613+116190543 i110188231 u256374106 u0 t4.793
2328915 2120000 98 4 w18654335 r62117067 m62899209 f11112 r649655434 p2000
 321540226=60409484+157900375+116714932 i110695805 u257557994 u0 t4.619
2339889 2130000 98 4 w18774034 r62508411 m63293518 f11177 r652577976 p2000
 323065272=60697602+158658425+117258241 i111222941 u258779931 u0 t5.719
2350849 2140000 98 4 w18956767 r62970207 m63759871 f11273 r656289051 p2000
 324569276=60981045+159406540+117794073 i111741166 u259986246 u0 t13.279
2361818 2150000 98 4 w19078033 r63354929 m64147455 f11339 r659137788 p2000
 326046163=61261072+160142425+118317711 i112254132 u261167913 u0 t7.745
2372703 2160000 98 4 w19213999 r63764958 m64560662 f11411 r662218045 p2000
 327582195=61550056+160900281+118871928 i112781749 u262400078 u0 t12.672
2383611 2170000 98 4 w19326685 r64138318 m64936890 f11470 r664996195 p2000
 329020933=61822910+161615512+119384128 i113275797 u263556306 u0 t4.443
2394538 2180000 98 4 w19486540 r64566195 m65368643 f11559 r668316172 p2000
 330471640=62098697+162341500+119894769 i113777386 u264719825 u0 t5.72
2405448 2190000 98 4 w19641016 r65001110 m65807119 f11645 r671630611 p2000
 332047282=62396171+163128686+120452548 i114322799 u265981937 u0 t13.986
2416385 2200000 98 4 w19764963 r65404539 m66213698 f11714 r674612547 p2000
 333572677=62685022+163886371+120996698 i114847903 u267205960 u0 t4.425
2427291 2210000 98 4 w19910369 r65820539 m66633281 f11795 r677776457 p2000
 335055154=62966105+164620723+121527332 i115355008 u268398580 u0 t5.493
2438224 2220000 98 4 w20053240 r66242262 m67058579 f11873 r680967243 p2000
 336562228=63251799+165373345+122060347 i115876082 u269606526 u0 t14.262
2449156 2230000 98 4 w20191714 r66659377 m67479045 f11952 r684062697 p2000
 338098470=63544181+166137065+122607037 i116403878 u270840501 u0 t4.531
2460085 2240000 98 4 w20335339 r67088533 m67911605 f12029 r687260437 p2000
 339674657=63843460+166921569+123166530 i116950352 u272101570 u0 t10.086
2471031 2250000 98 4 w20496110 r67554442 m68381342 f12116 r690747736 p2000
 341328221=64154313+167736404+123763464 i117521316 u273424771 u0 t10.215
2481891 2260000 98 4 w20643211 r67992593 m68823128 f12197 r694047773 p2000
 342920094=64455060+168519044+124339193 i118064540 u274704823 u0 t4.691
2492839 2270000 98 4 w20797262 r68443142 m69277378 f12282 r697411647 p2000
 344524932=64756130+169308970+124920291 i118614598 u275993528 u0 t6.185
2503770 2280000 98 4 w20950117 r68898439 m69736326 f12368 r700805301 p2000
 346165173=65065475+170120749+125508611 i119181656 u277306367 u0 t13.72
2514685 2290000 98 4 w21098423 r69341218 m70182591 f12452 r704089977 p2000
 347777859=65367628+170914357+126092672 i119737127 u278598575 u0 t6.328
2525687 2300000 98 4 w21250120 r69796998 m70641989 f12537 r707453706 p2000
 349430556=65676533+171726819+126692647 i120304164 u279923673 u0 t13.599
2536614 2310000 98 4 w21399369 r70248768 m71097347 f12616 r710779320 p2000
 351071462=65982636+172534843+127287338 i120868273 u281238959 u0 t5.084
2547690 2320000 98 4 w21582252 r70748551 m71601444 f12718 r714555158 p2000
 352775789=66300993+173374078+127904919 i121459332 u282599451 u0 t6.109
2558712 2330000 98 4 w21741773 r71227909 m72084578 f12807 r718085993 p2000
 354479327=66619347+174214406+128520924 i122046268 u283963507 u0 t15.657
2569709 2340000 98 4 w21891700 r71682049 m72542170 f12889 r721369521 p2000
 356119816=66929029+175032721+129102657 i122613410 u285278204 u0 t6.451
2580699 2350000 98 4 w22058616 r72172120 m73036092 f12981 r725027155 p2000
 357866975=67253212+175889572+129740737 i123214528 u286677377 u0 t14.023
2591715 2360000 98 4 w22222640 r72653476 m73521260 f13073 r728547551 p2000
 359567798=67570319+176725970+130359050 i123803821 u288035497 u0 t5.085
2602831 2370000 98 4 w22383407 r73145511 m74016996 f13164 r732144362 p2000
 361333804=67899239+177596044+130999241 i124419751 u289442306 u0 t5.434
2613986 2380000 98 4 w22556082 r73651064 m74526488 f13260 r735860654 p2000
 363142494=68230806+178475866+131670096 i125040831 u290889728 u0 t15.773
2624949 2390000 98 4 w22762093 r74203404 m75083743 f13372 r740066296 p2000
 364958248=68564735+179361240+132340268 i125673561 u292333994 u0 t14.285
2635909 2400000 98 4 w22924655 r74710698 m75594809 f13463 r743772843 p2000
 366793742=68902584+180257977+133015990 i126315063 u293791954 u0 t7.508
2646913 2410000 98 4 w23082597 r75194993 m76082893 f13552 r747296700 p2000
 368547157=69226360+181113701+133662101 i126927240 u295185355 u0 t6.948
2657884 2420000 98 4 w23245955 r75676157 m76567943 f13643 r750843476 p2000
 370250743=69543018+181948977+134283775 i127514907 u296547687 u0 t14.179
2668918 2430000 98 4 w23428631 r76173882 m77069947 f13743 r754560160 p2000
 371945334=69856854+182774867+134907321 i128103032 u297897944 u0 t6.591
2679809 2440000 98 4 w23567233 r76625081 m77524522 f13824 r757841166 p2000
 373593593=70165486+183587194+135502816 i128685985 u299202707 u0 t14.849
2690746 2450000 98 4 w23736601 r77113450 m78016820 f13916 r761412691 p2000
 375264732=70476391+184414187+136105363 i129269008 u300533818 u0 t5.108
2701594 2460000 98 4 w23914631 r77625737 m78533167 f14017 r765167940 p2000
 377026942=70804695+185280946+136745118 i129883369 u301937105 u0 t16.697
2712475 2470000 98 4 w24079109 r78121018 m79032293 f14108 r768780940 p2000
 378737275=71123412+186129022+137359567 i130480314 u303299707 u0 t5.221
2723357 2480000 98 4 w24258477 r78628807 m79544179 f14210 r772476458 p2000
 380487328=71448458+186993347+137992245 i131083602 u304700786 u0 t16.333
2734166 2490000 98 4 w24420698 r79120715 m80039810 f14297 r776023121 p2000
 382198024=71767925+187837149+138610940 i131678151 u306065660 u0 t5.623
2745023 2500000 98 4 w24581548 r79615501 m80538297 f14390 r779546799 p2000
 383959910=72094368+188705051+139251002 i132289100 u307472233 u0 t16.54
2755880 2510000 98 4 w24777523 r80146288 m81073477 f14499 r783436100 p2000
 385703183=72418174+189565646+139881674 i132896372 u308861412 u0 t10.467
2766772 2520000 98 4 w24963130 r80673813 m81605521 f14601 r787312828 p2000
 387463931=72744988+190431472+140522086 i133510233 u310263777 u0 t11.65
2777605 2530000 98 4 w25099514 r81136397 m82071113 f14677 r790507514 p2000
 389210244=73071112+191290844+141155276 i134111749 u311662053 u0 t5.348
2788466 2540000 98 4 w25307475 r81686688 m82626128 f14793 r794552382 p2000
 390993925=73405001+192169511+141801295 i134727667 u313088330 u0 t12.103
2799329 2550000 98 4 w25477706 r82209826 m83153023 f14889 r798253070 p2000
 392854436=73747080+193084041+142481179 i135372939 u314572077 u0 t9.777
2810193 2560000 98 4 w25627849 r82691159 m83637742 f14975 r801668574 p2000
 394586175=74069906+193939383+143107047 i135977940 u315950315 u0 t15.716
2821115 2570000 98 4 w25826377 r83239698 m84191031 f15085 r805623683 p2000
 396373854=74400331+194815983+143761024 i136597399 u317376282 u0 t7.442
2832025 2580000 98 4 w26007335 r83774655 m84729968 f15185 r809450160 p2000
 398201283=74740010+195716692+144423960 i137234705 u318831471 u0 t15.741
2842894 2590000 98 4 w26179814 r84282302 m85241472 f15282 r813056017 p2000
 399960875=75065982+196579442+145067439 i137845290 u320234965 u0 t6.34
2853742 2600000 98 4 w26383619 r84847400 m85810936 f15396 r817115754 p2000
 401811634=75407233+197492344+145739777 i138489170 u321709888 u0 t16.078
2864632 2610000 98 4 w26561766 r85379308 m86346859 f15497 r820913138 p2000
 403667966=75750169+198409680+146411818 i139129353 u323195225 u0 t5.65
2875503 2620000 98 4 w26738311 r85915983 m86887559 f15603 r824699055 p2000
 405501187=76090975+199311909+147078283 i139765867 u324657746 u0 t8.706
2886360 2630000 98 4 w26924802 r86454411 m87430035 f15705 r828505712 p2000
 407318394=76428580+200209416+147736246 i140397996 u326106977 u0 t15.327
2897239 2640000 98 4 w27102044 r86980872 m87960290 f15806 r832204128 p2000
 409133084=76766405+201102314+148395438 i141025682 u327556554 u0 t13.562
2908079 2650000 98 4 w27287398 r87528684 m88512189 f15910 r836082941 p2000
 410998892=77114178+202021249+149071777 i141670073 u329048463 u0 t5.935
2919336 2660000 98 4 w27490796 r88091025 m89079209 f16023 r840137532 p2000
 412865095=77458535+202937691+149753790 i142304812 u330549179 u0 t11.613
2930193 2670000 98 4 w27671366 r88636402 m89628475 f16129 r843929009 p2000
 414758028=77807462+203871479+150441590 i142958889 u332061958 u0 t13.326
2941058 2680000 98 4 w27837814 r89155027 m90150797 f16225 r847519018 p2000
 416562298=78141604+204760082+151097021 i143586675 u333499599 u0 t13.77
2951948 2690000 98 4 w28048514 r89723265 m90723719 f16342 r851600778 p2000
 418394567=78482060+205663987+151760410 i144217590 u334966811 u0 t6.075
2962792 2700000 98 4 w28234712 r90259052 m91263628 f16446 r855391365 p2000
 420187245=78815085+206550897+152407374 i144841310 u336396337 u0 t14.408
2973731 2710000 98 4 w28394569 r90761414 m91769433 f16538 r858848161 p2000
 421964447=79147445+207422084+153055205 i145453130 u337818495 u0 t9.675
2984605 2720000 98 4 w28573036 r91286093 m92297959 f16640 r862497900 p2000
 423762171=79480129+208299528+153716891 i146066138 u339261446 u0 t14.625
2995574 2730000 98 4 w28756297 r91821959 m92837918 f16741 r866272700 p2000
 425541780=79809047+209170707+154369183 i146679159 u340684097 u0 t5.567
3006468 2740000 98 4 w28948921 r92367882 m93388006 f16847 r870123028 p2000
 427360559=80145053+210063381+155033678 i147307862 u342135968 u0 t11.577
3017345 2750000 98 4 w29127663 r92893038 m93917030 f16949 r873769116 p2000
 429112466=80471448+210929421+155665389 i147916686 u343533822 u0 t11.227
3028291 2760000 98 4 w29300119 r93413256 m94441228 f17050 r877419988 p2000
 430853628=80794053+211779723+156304391 i148520972 u344921197 u0 t17.157
3039192 2770000 98 4 w29478125 r93913351 m94945105 f17151 r880865837 p2000
 432538461=81107787+212604140+156920898 i149099860 u346269921 u0 t5.231
3050078 2780000 98 4 w29661682 r94434628 m95470247 f17256 r884505319 p2000
 434247277=81429031+213437682+157545343 i149685577 u347639080 u0 t9.038
3060975 2790000 98 4 w29822636 r94936829 m95975925 f17349 r887974396 p2000
 436026715=81761305+214309126+158194410 i150293295 u349067089 u0 t13.821
3071909 2800000 98 4 w30003216 r95452129 m96495226 f17453 r891557870 p2000
 437724222=82079132+215137533+158816103 i150875341 u350426867 u0 t15.896
3082762 2810000 98 4 w30176516 r95974563 m97021528 f17551 r895157338 p2000
 439502098=82407520+216004295+159471644 i151489922 u351845305 u0 t6.257
3093667 2820000 98 4 w30367709 r96509211 m97560313 f17659 r898879627 p2000
 441252475=82734828+216859883+160111731 i152091772 u353245578 u0 t5.908
3104606 2830000 98 4 w30547853 r97033689 m98088646 f17762 r902503645 p2000
 443006883=83060939+217716620+160755196 i152693350 u354651130 u0 t16.192
3115556 2840000 98 4 w30724379 r97540535 m98599350 f17861 r906017293 p2000
 444688481=83372733+218538469+161372236 i153271173 u355997187 u0 t6.815
3126447 2850000 98 4 w30883595 r98033229 m99095522 f17952 r909359541 p2000
 446373566=83687025+219365885+161985484 i153850102 u357347279 u0 t14.993
3137354 2860000 98 4 w31070653 r98557373 m99623595 f18058 r913014622 p2000
 448084410=84007360+220203015+162608631 i154433113 u358721829 u0 t12.23
3148306 2870000 98 4 w31239090 r99049174 m100118958 f18155 r916416699 p2000
 449709146=84311145+221001359+163198792 i154993837 u360021510 u0 t9.943
3159170 2880000 98 4 w31394264 r99523486 m100596472 f18248 r919595228 p2000
 451351882=84617909+221801999+163801990 i155557172 u361337568 u0 t16.762
3170031 2890000 98 4 w31575965 r100034545 m101111349 f18351 r923131968 p2000
 453013492=84929203+222613413+164410040 i156122839 u362673400 u0 t8.131
3180938 2900000 98 4 w31754368 r100543728 m101624405 f18456 r926631794 p2000
 454661681=85237778+223419314+165012236 i156689506 u363993078 u0 t19.798
3191816 2910000 98 4 w31918353 r101039300 m102123441 f18552 r929989938 p2000
 456350591=85550949+224239011+165637741 i157264446 u365349415 u0 t8.662
3202736 2920000 98 4 w32097160 r101563722 m102651632 f18656 r933573554 p2000
 458067183=85872730+225081734+166261324 i157853882 u366724911 u0 t20.289
3213588 2930000 98 4 w32265124 r102065138 m103156616 f18754 r936977998 p2000
 459765403=86191157+225911227+166882779 i158437105 u368084438 u0 t20.214
3224450 2940000 98 4 w32463688 r102606145 m103701770 f18868 r940714736 p2000
 461458958=86506014+226744049+167499073 i159023910 u369436025 u0 t12.228
3235384 2950000 98 4 w32626353 r103097628 m104196620 f18963 r944030898 p2000
 463116228=86815090+227563975+168096159 i159599255 u370759459 u0 t25.779
3246267 2960000 98 4 w32811214 r103634026 m104736964 f19067 r947711195 p2000
 464858603=87140346+228419120+168730537 i160198461 u372154751 u0 t12.207
3257218 2970000 98 4 w33012030 r104181715 m105288726 f19180 r951465012 p2000
 466613074=87466190+229282067+169368910 i160804116 u373557231 u0 t26.95
3268155 2980000 98 4 w33164726 r104666509 m105776666 f19268 r954725866 p2000
 468268376=87775619+230093744+169972379 i161375653 u374880224 u0 t11.623
3278993 2990000 98 4 w33355925 r105202329 m106316461 f19382 r958380169 p2000
 469969715=88091511+230926039+170595817 i161960855 u376241947 u0 t25.399
3289873 3000000 98 4 w33518826 r105678557 m106796135 f19475 r961605203 p2000
 471569970=88391941+231705539+171183343 i162505928 u377528308 u0 t24.56
3300770 3010000 98 4 w33701005 r106202376 m107323846 f19579 r965169805 p2000
 473233246=88702602+232525382+171785545 i163079533 u378860027 u0 t20.191
3311716 3020000 98 4 w33863878 r106698026 m107822903 f19674 r968491625 p2000
 474884704=89011906+233343669+172378776 i163653823 u380177533 u0 t21.976
3322684 3030000 98 4 w34032162 r107188789 m108317111 f19773 r971820297 p2000
 476508174=89314099+234142224+172968486 i164219941 u381470266 u0 t16.26
3333558 3040000 98 4 w34213537 r107704429 m108836588 f19878 r975285752 p2000
 478143366=89618548+234943979+173565228 i164784253 u382778064 u0 t28.988
3344467 3050000 98 4 w34367761 r108181345 m109316634 f19968 r978471322 p2000
 479740737=89918385+235729820+174143829 i165336702 u384055237 u0 t15.374
3355390 3060000 98 4 w34547111 r108697165 m109836196 f20073 r981955609 p2000
 481413586=90230624+236550329+174753692 i165910589 u385396499 u0 t25.189
3366284 3070000 98 4 w34732176 r109204720 m110347727 f20176 r985424417 p2000
 482988960=90526560+237328756+175320755 i166452478 u386659420 u0 t29.773
3377177 3080000 98 4 w34888050 r109684462 m110830615 f20267 r988635975 p2000
 484606407=90828041+238120588+175912435 i167007935 u387954425 u0 t14.988
3388055 3090000 98 4 w35040710 r110146479 m111295648 f20355 r991680271 p2000
 486152468=91119668+238885764+176466949 i167541478 u389192801 u0 t14.952
3398880 3100000 98 4 w35227456 r110654164 m111807381 f20461 r995123844 p2000
 487684763=91409430+239647791+177012102 i168073678 u390417489 u0 t23.702
3409787 3110000 98 4 w35376294 r111116893 m112273182 f20550 r998180408 p2000
 489223743=91698454+240408490+177565964 i168604515 u391649866 u0 t23.304
3420708 3120000 98 4 w35550483 r111608229 m112767918 f20649 r1001462011 p2000
 490782966=91991874+241181846+178124362 i169142617 u392898936 u0 t29.535
3431637 3130000 98 4 w35729734 r112109859 m113273138 f20751 r1004822861 p2000
 492372061=92290972+241966929+178696725 i169693255 u394168635 u0 t19.632
3442607 3140000 98 4 w35879064 r112570119 m113736640 f20837 r1007893254 p2000
 493867479=92576410+242705734+179231864 i170207675 u395368219 u0 t30.083
3453456 3150000 98 4 w36044295 r113053306 m114223168 f20931 r1011088431 p2000
 495418218=92870797+243475997+179783874 i170743097 u396611207 u0 t18.805
3464366 3160000 98 4 w36213135 r113534397 m114707491 f21026 r1014281125 p2000
 496965936=93164715+244245389+180334199 i171279385 u397849416 u0 t30.172
3475266 3170000 98 4 w36405660 r114049905 m115227049 f21135 r1017780271 p2000
 498503481=93454655+245005791+180885711 i171814719 u399075820 u0 t19.572
3486141 3180000 98 4 w36532251 r114480307 m115659938 f21213 r1020536073 p2000
 499986498=93737190+245741376+181413852 i172325093 u400266371 u0 t30.222
3497008 3190000 98 4 w36698976 r114954553 m116137455 f21311 r1023666356 p2000
 501529487=94026056+246498293+181975369 i172852846 u401505084 u0 t20.688
3507853 3200000 98 4 w36889407 r115462669 m116649364 f21417 r1027117444 p2000
 503046559=94315835+247250150+182516197 i173374886 u402722312 u0 t33.386
3518683 3210000 98 4 w37052862 r115940640 m117130652 f21511 r1030294781 p2000
 504564868=94603075+248002586+183059009 i173900467 u403937341 u0 t36.184
3529542 3220000 98 4 w37199271 r116397528 m117590477 f21599 r1033266868 p2000
 506086306=94893153+248756525+183601588 i174428702 u405153546 u0 t17.009
3540480 3230000 98 4 w37362562 r116870264 m118066530 f21691 r1036397588 p2000
 507573435=95176490+249498789+184127119 i174944891 u406343519 u0 t29.749
3551409 3240000 98 4 w37533327 r117364573 m118564240 f21789 r1039672833 p2000
 509136904=95471887+250274207+184686052 i175488089 u407593154 u0 t31.124
3562370 3250000 98 4 w37714199 r117861848 m119065232 f21892 r1043014907 p2000
 510633889=95756816+251017114+185219210 i176007077 u408790541 u0 t24.559
3573321 3260000 98 4 w37844968 r118298873 m119504980 f21971 r1045819575 p2000
 512154031=96046348+251771059+185761190 i176532845 u410008075 u0 t29.99
3584317 3270000 98 4 w38042359 r118827257 m120037541 f22080 r1049383334 p2000
 513711000=96340918+252547891+186312667 i177069519 u411257220 u0 t25.009
3595165 3280000 98 4 w38193042 r119284733 m120497912 f22166 r1052366906 p2000
 515228612=96629800+253298990+186854771 i177593169 u412473670 u0 t32.83
3606131 3290000 98 4 w38342681 r119753103 m120969326 f22255 r1055407455 p2000
 516787712=96926491+254070286+187412396 i178127207 u413727179 u0 t22.203
3617031 3300000 98 4 w38509286 r120230292 m121449836 f22352 r1058511075 p2000
 518283261=97210191+254817319+187941237 i178644017 u414926290 u0 t35.811
3627996 3310000 98 4 w38686004 r120724154 m121947341 f22451 r1061854106 p2000
 519803633=97499274+255577531+188477038 i179173690 u416141054 u0 t25.62
3638920 3320000 98 4 w38881444 r121246744 m122473772 f22562 r1065304138 p2000
 521375389=97793280+256352278+189045476 i179715268 u417399543 u0 t50.043
3649881 3330000 98 4 w39000855 r121669340 m122898660 f22635 r1067967492 p2000
 522880556=98076303+257096336+189586609 i180228858 u418610770 u0 t27.14
3660867 3340000 98 4 w39202355 r122211460 m123444737 f22748 r1071602489 p2000
 524491379=98379942+257895171+190162867 i180785315 u419900633 u0 t29.898
3671820 3350000 98 4 w39388819 r122721785 m123958906 f22855 r1074972381 p2000
 526041380=98675689+258665765+190712311 i181322745 u421141527 u0 t40.609
3682790 3360000 98 4 w39543219 r123206785 m124447168 f22944 r1078143410 p2000
 527659222=98979781+259462353+191297318 i181878891 u422438454 u0 t36.162
3693808 3370000 98 4 w39724721 r123734508 m124978450 f23051 r1081601653 p2000
 529325956=99293194+260282583+191900382 i182450137 u423775861 u0 t30.162
3704793 3380000 98 4 w39906681 r124252577 m125500112 f23154 r1084972389 p2000
 530943069=99597886+261085257+192478358 i183010695 u425069458 u0 t45.315
3715703 3390000 98 4 w40068970 r124763459 m126014292 f23248 r1088279953 p2000
 532641482=99915490+261923870+193091543 i183594932 u426431192 u0 t39.265
3726649 3400000 98 4 w40310482 r125366312 m126621983 f23380 r1092336568 p2000
 534346388=100233856+262770855+193701866 i184183979 u427796387 u0 t37.711
3737635 3410000 98 4 w40465151 r125883844 m127142566 f23467 r1095666508 p2000
 536134448=100568655+263669932+194329472 i184799909 u429231747 u0 t35.157
3748614 3420000 98 4 w40664487 r126453582 m127716251 f23580 r1099395280 p2000
 537914058=100902015+264547436+194973273 i185409883 u430660509 u0 t42.761
3759597 3430000 98 4 w40877493 r127041881 m128308895 f23701 r1103274351 p2000
 539732180=101243537+265443050+195631087 i186041634 u432110870 u0 t50.434
3770552 3440000 98 4 w41068936 r127605972 m128876740 f23813 r1106955392 p2000
 541540317=101581938+266331153+196288296 i186668405 u433554452 u0 t41.862
3781517 3450000 98 4 w41258243 r128172805 m129447489 f23923 r1110678537 p2000
 543336930=101916523+267210385+196945560 i187284459 u434994889 u0 t40.059
3792483 3460000 98 4 w41480711 r128762519 m130041464 f24049 r1114639181 p2000
 545110407=102247719+268083312+197588580 i187909329 u436401288 u0 t46.21
3803443 3470000 98 4 w41644248 r129296261 m130578620 f24150 r1118089885 p2000
 546863450=102576365+268956547+198213619 i188521152 u437799447 u0 t37.454
3814317 3480000 98 4 w41844360 r129856963 m131143218 f24262 r1121763311 p2000
 548616328=102905067+269822518+198845460 i189127810 u439200867 u0 t45.985
3825200 3490000 98 4 w42048343 r130427311 m131717571 f24378 r1125499469 p2000
 550364699=103231208+270687065+199476077 i189737171 u440594783 u0 t37.119
3836062 3500000 98 4 w42219591 r130953507 m132247308 f24482 r1128928726 p2000
 552038919=103542921+271516200+200079385 i190325692 u441924638 u0 t47.344
3847051 3510000 98 4 w42429217 r131518998 m132816889 f24603 r1132678409 p2000
 553738833=103859970+272354792+200694844 i190914572 u443282587 u0 t34.399
3857981 3520000 98 4 w42629806 r132103274 m133405176 f24720 r1136476603 p2000
 555533138=104195870+273249795+201333950 i191545998 u444708359 u0 t53.916
3868919 3530000 98 4 w42827456 r132685383 m133991110 f24835 r1140235318 p2000
 557372661=104540051+274170956+201984926 i192187228 u446176502 u0 t49.714
3879700 3540000 98 4 w43017517 r133257827 m134567371 f24944 r1143962694 p2000
 559174880=104876499+275068767+202628476 i192816972 u447612524 u0 t35.783
3890544 3550000 98 4 w43255490 r133893759 m135207927 f25076 r1148156174 p2000
 561055077=105229291+276013658+203289337 i193471133 u449115255 u0 t56.884
3901420 3560000 98 4 w43423553 r134439330 m135756770 f25178 r1151573816 p2000
 562858794=105565010+276912898+203933306 i194101494 u450552384 u0 t49.598
3912350 3570000 98 4 w43646178 r135057588 m136379102 f25307 r1155568892 p2000
 564721760=105912497+277839367+204600662 i194746399 u452042419 u0 t51.758
3923255 3580000 98 4 w43854162 r135651342 m136977100 f25430 r1159436329 p2000
 566536233=106252225+278740214+205250933 i195375078 u453492882 u0 t44.562
3934146 3590000 98 4 w44058564 r136251031 m137580752 f25548 r1163303457 p2000
 568414549=106603188+279666112+205930557 i196025542 u454993185 u0 t57.066
3945058 3600000 98 4 w44257002 r136838115 m138171596 f25663 r1167046640 p2000
 570254570=106948208+280576629+206591269 i196659237 u456466866 u0 t39.057
3955958 3610000 98 4 w44465287 r137448190 m138785792 f25781 r1170979535 p2000
 572141867=107297481+281509367+207275346 i197315523 u457971371 u0 t59.151
3966817 3620000 98 4 w44690679 r138060233 m139402128 f25910 r1174917218 p2000
 573970117=107641840+282420517+207926474 i197946188 u459434219 u0 t57.35
3977696 3630000 98 4 w44887969 r138647186 m139992950 f26024 r1178714249 p2000
 575805448=107982976+283330153+208587374 i198584464 u460898152 u0 t49.989
3988551 3640000 98 4 w45112411 r139271771 m140621669 f26151 r1182714386 p2000
 577705627=108334575+284265405+209279576 i199237426 u462419794 u0 t46.926
3999436 3650000 98 4 w45299744 r139858294 m141212063 f26262 r1186459234 p2000
 579562654=108677005+285180148+209955784 i199885591 u463897614 u0 t50.417
4010266 3660000 98 4 w45531613 r140488576 m141846907 f26393 r1190552963 p2000
 581403607=109018526+286095150+210616435 i200524636 u465367844 u0 t57.059
4021082 3670000 98 4 w45720423 r141060410 m142422321 f26501 r1194182326 p2000
 583240993=109359018+287005077+211279585 i201164927 u466832091 u0 t37.71
4031936 3680000 98 4 w45940672 r141690037 m143056221 f26624 r1198227632 p2000
 585155368=109713677+287951495+211971670 i201824575 u468364102 u0 t60.567
4042723 3690000 98 4 w46160963 r142313094 m143683583 f26746 r1202216321 p2000
 587038338=110063444+288882903+212652051 i202479071 u469865568 u0 t58.995
4053582 3700000 98 4 w46373483 r142927406 m144301943 f26867 r1206103714 p2000
 588932135=110417322+289824565+213331268 i203134339 u471378314 u0 t53.596
Total lines processed: 3700285
Block Count:1, 255
Avg Block Count:791813
Avg Max Count:0, 10140, 98
Block Count:11356, 1379643
Avg Block Count:98
Avg Max Count:178, 146, 98
Level Count:2
Level Count:4
4202952 4
2271068 4
Max word len: 98
Total words generated: 588981505
Words inserted 203151630
Words updated: 471417494
cache requests:  0, Misses: 0, Flush#: 12
cache requests:  1206202910, Misses: 144318496, Flush#: 26869
rchar: 585998659906
wchar: 190174277960
syscr: 142949626
syscw: 46383458
read_bytes: 43547320320
write_bytes: 184403968000
cancelled_write_bytes: 0
85053360
360164000
