Csz: 5000, pgsz: 4096
File page count: 0
File page count: 0
File page count: 0
10988 10000 60 1 w0 r0 m0 f0 r0 p20
 1502009=280567+736357+547318 i721658 u998423 u0 t1.372
22023 20000 60 1 w0 r0 m0 f0 r0 p20
 2970299=556558+1459020+1077812 i1299209 u2102895 u0 t1.53
33024 30000 60 1 w0 r0 m0 f0 r0 p20
 4455591=837142+2190955+1612898 i1852391 u3251575 u0 t1.526
44043 40000 66 1 w0 r0 m0 f0 r0 p20
 6021768=1126498+2950354+2194339 i2403108 u4491603 u0 t1.604
55121 50000 66 1 w0 r0 m0 f0 r0 p20
 7457432=1399039+3657323+2711810 i2899495 u5640597 u0 t1.539
66115 60000 66 1 w0 r0 m0 f0 r0 p20
 8882525=1666288+4349737+3237298 i3372066 u6798479 u0 t1.5
77117 70000 66 1 w0 r0 m0 f0 r0 p20
 10323681=1938542+5063745+3753209 i3851018 u7971772 u0 t1.546
88102 80000 66 1 w0 r0 m0 f0 r0 p20
 11702242=2200826+5741136+4250267 i4299728 u9103082 u0 t1.523
99095 90000 66 1 w0 r0 m0 f0 r0 p20
 13139065=2468368+6445510+4774403 i4761616 u10286594 u0 t1.577
110113 100000 66 1 w0 r0 m0 f0 r0 p20
 14570300=2739305+7152735+5287868 i5211290 u11477401 u0 t1.581
121109 110000 66 1 w0 r0 m0 f0 r0 p20
 15981984=3006512+7851613+5792984 i5655730 u12651059 u0 t1.617
132028 120000 66 1 w0 r0 m0 f0 r0 p20
 17532484=3286822+8590277+6386159 i6106532 u13969042 u0 t1.742
142990 130000 66 1 w0 r0 m0 f0 r0 p20
 18986448=3562710+9311119+6905248 i6548879 u15193514 u0 t1.636
153925 140000 66 1 w0 r0 m0 f0 r0 p20
 20474477=3841729+10051396+7435263 i6999138 u16448960 u0 t1.691
164855 150000 66 1 w0 r0 m0 f0 r0 p20
 21982251=4126056+10796461+7976893 i7453888 u17721979 u0 t1.715
175812 160000 66 1 w0 r0 m0 f0 r0 p20
 23584909=4417148+11560934+8588302 i7914229 u19089936 u0 t1.782
186797 170000 66 1 w0 r0 m0 f0 r0 p20
 25060643=4694278+12291216+9118384 i8355287 u20340529 u0 t1.743
197847 180000 66 3 w8935 r0 m0 f425 r0 p20
 26594805=4977567+13035840+9687961 i8803265 u21646449 u0 t2.223
208776 190000 66 3 w18034 r0 m0 f858 r0 p20
 28107430=5261667+13783743+10232285 i9251892 u22931355 u0 t2.334
219728 200000 66 4 w27506 r0 m0 f1309 r0 p20
 29612928=5546285+14529981+10770299 i9700127 u24209491 u0 t2.374
230584 210000 66 4 w35869 r0 m0 f1707 r0 p20
 31176719=5839236+15302598+11333221 i10161818 u25539224 u0 t2.382
241548 220000 66 4 w43518 r0 m0 f2071 r0 p20
 32683216=6122373+16045650+11876729 i10612099 u26815039 u0 t2.31
252514 230000 66 4 w50473 r0 m0 f2402 r0 p20
 34281334=6415992+16823378+12467909 i11082477 u28171877 u0 t2.365
263483 240000 66 4 w57327 r0 m0 f2728 r0 p20
 35779646=6698842+17564571+13004988 i11531974 u29439767 u0 t2.294
274496 250000 66 4 w63486 r0 m0 f3021 r0 p20
 37310769=6986369+18323484+13553505 i11989936 u30736431 u0 t2.328
285461 260000 66 4 w70672 r0 m0 f3363 r0 p20
 38803051=7268863+19066410+14083606 i12436029 u32001809 u0 t2.4
296415 270000 66 4 w76912 r0 m0 f3660 r0 p20
 40291660=7548931+19800727+14620226 i12880139 u33263313 u0 t2.305
307437 280000 66 4 w83758 r1053 m4476 f3832 r2153395 p166
 41798390=7832680+20548382+15159093 i13328225 u34542485 u0 t2.36
318462 290000 66 4 w90554 r9550 m19005 f3861 r6218165 p244
 43400958=8135339+21341253+15733409 i13805456 u35901883 u0 t2.481
329483 300000 66 4 w99981 r28129 m45441 f3889 r11097389 p327
 45028067=8442234+22155263+16308545 i14295778 u37278228 u0 t2.682
340525 310000 66 4 w108574 r55950 m80852 f3909 r15868932 p407
 46615498=8738046+22934138+16886727 i14761238 u38629973 u0 t2.617
351480 320000 94 4 w117233 r93419 m125620 f3926 r20623283 p487
 48198444=9038935+23721499+17447383 i15226721 u39978756 u0 t2.661
362496 330000 94 4 w125603 r139936 m179699 f3940 r26056773 p551
 49733444=9330284+24482692+17993474 i15681045 u41284178 u0 t2.736
373551 340000 94 4 w136295 r197580 m245483 f3954 r32201956 p609
 51290420=9626097+25253246+18550462 i16145684 u42604570 u0 t2.895
384689 350000 94 4 w147905 r264965 m320023 f3967 r38250096 p669
 52863841=9922129+26021395+19125405 i16616148 u43935555 u0 t2.934
395874 360000 94 4 w158915 r340514 m400724 f3980 r43348400 p739
 54481113=10221859+26805577+19724920 i17104730 u45296109 u0 t2.884
406862 370000 94 4 w168716 r421707 m485973 f3990 r48066698 p808
 56127737=10531055+27599843+20335875 i17598317 u46685302 u0 t2.902
417894 380000 94 4 w176752 r503873 m570698 f4003 r52184486 p874
 57710652=10827571+28373736+20913921 i18077423 u48018262 u0 t2.768
428912 390000 94 4 w183711 r586665 m655440 f4014 r55871606 p938
 59267668=11118998+29134387+21483671 i18545333 u49332428 u0 t2.695
439874 400000 94 4 w190515 r668622 m739028 f4033 r59056935 p1001
 60798949=11403897+29878773+22048738 i18999042 u50630263 u0 t2.608
450859 410000 94 4 w196284 r753390 m825308 f4042 r62271792 p1060
 62344803=11692810+30638301+22610561 i19461783 u51937829 u0 t2.661
461847 420000 94 4 w201381 r835635 m908676 f4052 r65073065 p1117
 63844431=11974358+31373784+23155226 i19908323 u53208557 u0 t2.557
472807 430000 94 4 w206981 r924253 m998656 f4064 r68229056 p1170
 65437780=12274970+32155539+23733015 i20378471 u54563116 u0 t2.73
483790 440000 94 4 w212808 r1015700 m1091553 f4077 r71453587 p1222
 67045767=12575174+32948774+24314528 i20856606 u55927166 u0 t2.787
494708 450000 94 4 w218781 r1109969 m1187290 f4093 r74718849 p1271
 68699472=12883619+33764275+24912530 i21344082 u57333747 u0 t2.875
505590 460000 94 4 w224892 r1205483 m1284705 f4108 r78055162 p1316
 70351532=13192036+34579703+25508940 i21830755 u58739975 u0 t2.947
516566 470000 94 4 w232085 r1301408 m1382511 f4116 r81418750 p1358
 71990802=13497983+35383004+26106829 i22309424 u60137281 u0 t2.893
527520 480000 94 4 w239865 r1401308 m1485518 f4131 r85454375 p1390
 73645399=13806248+36198720+26705964 i22796345 u61545103 u0 t3.004
538466 490000 94 4 w252546 r1504453 m1591997 f4145 r89721649 p1419
 75322036=14118226+37019796+27319560 i23284287 u62975933 u0 t3.092
549399 500000 94 4 w265188 r1611381 m1703053 f4161 r94419811 p1442
 77023425=14443739+37852951+27939452 i23782326 u64425575 u0 t3.185
560288 510000 94 4 w278453 r1718936 m1814291 f4182 r98731532 p1470
 78683779=14754211+38673947+28537979 i24265646 u65844447 u0 t3.115
571192 520000 94 4 w290277 r1828840 m1927749 f4197 r102996518 p1497
 80352712=15063905+39495351+29144443 i24752803 u67267983 u0 t3.117
582148 530000 94 4 w300835 r1941603 m2044051 f4211 r107154945 p1526
 82036336=15378372+40322769+29756566 i25243139 u68705661 u0 t3.13
593039 540000 94 4 w313931 r2058909 m2165363 f4231 r111626498 p1551
 83771290=15699382+41171815+30392891 i25740832 u70193086 u0 t3.258
604123 550000 94 4 w324480 r2162390 m2272139 f4249 r115509670 p1573
 85292841=15985696+41911091+30952926 i26176659 u71498538 u0 t2.842
615220 560000 94 4 w334376 r2249477 m2361845 f4265 r118714273 p1591
 86578406=16228956+42541143+31420369 i26541887 u72606062 u0 t2.437
626410 570000 94 4 w343792 r2336178 m2451525 f4278 r122083056 p1606
 87844101=16466215+43152805+31889826 i26899544 u73696306 u0 t2.417
637646 580000 94 4 w352830 r2421218 m2538928 f4294 r125046766 p1624
 89076810=16700413+43755344+32338702 i27246718 u74761250 u0 t2.353
648847 590000 94 4 w361671 r2507360 m2627869 f4307 r128385067 p1637
 90374030=16941574+44376422+32827115 i27595829 u75893852 u0 t2.401
660023 600000 94 4 w369413 r2588543 m2711415 f4322 r131284714 p1652
 91532382=17161983+44938682+33251932 i27920787 u76895384 u0 t2.201
671169 610000 94 4 w378572 r2670238 m2795786 f4337 r134479528 p1663
 92677881=17380618+45496976+33670550 i28240712 u77887628 u0 t2.221
682330 620000 94 4 w388564 r2751091 m2879001 f4356 r137246865 p1678
 93822077=17600425+46050280+34090645 i28557214 u78880941 u0 t2.19
693457 630000 94 4 w397775 r2838064 m2968472 f4377 r140391730 p1691
 95055697=17831544+46649550+34545330 i28891706 u79957967 u0 t2.332
704731 640000 94 4 w407708 r2926136 m3059183 f4393 r143669915 p1703
 96294487=18063003+47246521+35007532 i29228386 u81037768 u0 t2.357
715916 650000 94 4 w417514 r3010133 m3145743 f4417 r146864671 p1713
 97439920=18281492+47802828+35427035 i29544479 u82033688 u0 t2.234
727122 660000 94 4 w428391 r3101031 m3239251 f4447 r150098058 p1726
 98670868=18515586+48399959+35879326 i29883336 u83104121 u0 t2.395
738273 670000 94 4 w438713 r3190441 m3331303 f4464 r153323989 p1738
 99875743=18744879+48985343+36321344 i30214431 u84153307 u0 t2.341
749495 680000 94 4 w450004 r3277296 m3420939 f4487 r156597910 p1747
 101042383=18969139+49551143+36748337 i30530879 u85173536 u0 t2.288
760693 690000 94 4 w461160 r3370052 m3516498 f4526 r159882658 p1759
 102254980=19199662+50136770+37196455 i30865103 u86227236 u0 t2.387
771972 700000 94 4 w472749 r3463127 m3612294 f4542 r163080109 p1772
 103465720=19428892+50723315+37642786 i31200614 u87277946 u0 t2.364
783287 710000 94 4 w482378 r3552978 m3704354 f4561 r165882507 p1786
 104639900=19653350+51296043+38070532 i31525241 u88298606 u0 t2.258
794503 720000 94 4 w492268 r3642976 m3796673 f4601 r168746338 p1799
 105795637=19874772+51860524+38490375 i31844997 u89303242 u0 t2.372
805629 730000 94 4 w502468 r3736433 m3892615 f4624 r171666483 p1814
 107012879=20104345+52440052+38949652 i32179737 u90359498 u0 t2.649
816809 740000 94 4 w511558 r3823877 m3982394 f4641 r174351749 p1827
 108170750=20322040+52988329+39390324 i32492006 u91369003 u0 t2.221
827890 750000 94 4 w520371 r3910785 m4071223 f4662 r176845447 p1841
 109346023=20541989+53535547+39846975 i32800886 u92399943 u0 t2.174
839058 760000 94 4 w529299 r3996637 m4159309 f4692 r179356292 p1855
 110457274=20754203+54068761+40260181 i33100184 u93372163 u0 t2.186
850231 770000 94 4 w540162 r4090013 m4255442 f4723 r182240512 p1868
 111644530=20977813+54640699+40701567 i33422471 u94407779 u0 t2.316
861324 780000 94 4 w550247 r4177851 m4345802 f4738 r184941335 p1879
 112756712=21190675+55177904+41111668 i33728901 u95374617 u0 t2.183
872344 790000 94 4 w560767 r4267697 m4437954 f4761 r187465155 p1893
 113901230=21409743+55727856+41536166 i34036547 u96377079 u0 t2.216
883522 800000 94 4 w569885 r4359488 m4531915 f4784 r189908749 p1909
 115052446=21630279+56283615+41960828 i34347162 u97384509 u0 t2.216
894714 810000 94 4 w578155 r4448471 m4623081 f4813 r192228473 p1923
 116160183=21843397+56812897+42374928 i34647548 u98351464 u0 t2.142
905844 820000 94 4 w587094 r4538606 m4715478 f4844 r194649506 p1938
 117283223=22058021+57355645+42788962 i34949944 u99334584 u0 t2.191
916882 830000 94 4 w597061 r4640047 m4819131 f4861 r197156425 p1955
 118549967=22298052+57962861+43262652 i35295539 u100437266 u0 t2.419
927964 840000 94 4 w607661 r4740696 m4922510 f4881 r199933047 p1969
 119743936=22526809+58544733+43697164 i35627167 u101473907 u0 t2.376
939033 850000 94 4 w619564 r4847494 m5032229 f4904 r202836355 p1984
 121004026=22765154+59154770+44162145 i35977345 u102565913 u0 t2.502
950128 860000 94 4 w631207 r4953124 m5140672 f4938 r205649173 p1999
 122238911=23000263+59758465+44610481 i36322141 u103635889 u0 t2.472
961260 870000 94 4 w642690 r5056369 m5246576 f4968 r208356327 p2014
 123458245=23233306+60350981+45056196 i36660537 u104693744 u0 t2.424
972424 880000 94 4 w655684 r5161219 m5354661 f4986 r211359995 p2026
 124673076=23464513+60935225+45507237 i36997654 u105746373 u0 t2.457
983571 890000 94 4 w669557 r5267084 m5463739 f5008 r214373264 p2038
 125884344=23693920+61524697+45951042 i37336300 u106794367 u0 t2.47
994789 900000 94 4 w682086 r5368022 m5567723 f5037 r217162891 p2051
 127057734=23916914+62089299+46386563 i37655061 u107818253 u0 t2.362
1005944 910000 94 4 w694869 r5470078 m5673008 f5066 r220057302 p2062
 128303145=24152135+62684289+46852631 i37978289 u108918682 u0 t2.417
1017100 920000 94 4 w706461 r5566409 m5771980 f5082 r222622049 p2074
 129430532=24368313+63227679+47268900 i38285725 u109901938 u0 t2.255
1028294 930000 94 4 w717151 r5660584 m5868743 f5100 r225068454 p2086
 130528677=24578028+63757612+47674284 i38584533 u110860221 u0 t2.198
1039422 940000 94 4 w729606 r5762264 m5973545 f5120 r227906311 p2096
 131687827=24798360+64320403+48099629 i38902199 u111869834 u0 t2.371
1050473 950000 94 4 w741502 r5863561 m6077344 f5146 r230377693 p2110
 132854633=25020472+64887893+48525919 i39216954 u112891305 u0 t2.314
1061568 960000 94 4 w752716 r5965692 m6182196 f5178 r232987453 p2122
 134043070=25250333+65467521+48956681 i39533075 u113937994 u0 t2.367
1072599 970000 94 4 w765194 r6073757 m6293137 f5224 r235761074 p2135
 135291847=25485760+66067542+49422293 i39864686 u115034187 u0 t2.507
1083733 980000 94 4 w777414 r6172522 m6395096 f5238 r238617471 p2144
 136399100=25701026+66611278+49818919 i40163158 u116005981 u0 t2.324
1094785 990000 94 4 w790712 r6272690 m6498041 f5256 r241212394 p2155
 137519050=25917257+67155540+50227043 i40469273 u116983269 u0 t2.287
1105876 1000000 94 4 w802919 r6376082 m6604323 f5277 r243857826 p2166
 138665713=26137695+67717784+50640862 i40783793 u117983799 u0 t2.342
1117034 1010000 94 4 w815602 r6478456 m6709721 f5303 r246576462 p2176
 139787403=26354448+68264708+51048328 i41091236 u118961725 u0 t2.319
1128112 1020000 94 4 w828430 r6583673 m6817917 f5336 r249354108 p2187
 140921791=26573668+68822755+51454807 i41404813 u119949575 u0 t2.363
1139060 1030000 94 4 w845907 r6703386 m6941610 f5390 r252895018 p2195
 142169262=26814500+69435817+51902697 i41754828 u121030200 u0 t2.689
1150007 1040000 94 4 w863233 r6835498 m7077590 f5410 r256463628 p2207
 143561529=27079998+70114418+52410413 i42144689 u122234542 u0 t2.906
1160894 1050000 94 4 w881371 r6973202 m7219410 f5434 r260146770 p2220
 144998334=27351326+70820475+52930359 i42552465 u123472911 u0 t3.014
1171814 1060000 94 4 w899631 r7107251 m7357119 f5461 r263579736 p2232
 146379096=27613815+71499763+53428048 i42944347 u124663359 u0 t2.907
1182789 1070000 94 4 w917343 r7243161 m7496607 f5497 r267010864 p2246
 147771413=27879098+72187374+53926681 i43341791 u125862355 u0 t2.948
1193726 1080000 94 4 w936628 r7379447 m7637322 f5548 r270936417 p2255
 149134067=28139227+72857138+54417549 i43728064 u127037879 u0 t3.912
1204582 1090000 94 4 w955530 r7520218 m7781991 f5570 r274562420 p2267
 150558189=28410800+73563244+54924922 i44135443 u128263699 u0 t4.431
1215452 1100000 94 4 w974617 r7662163 m7927904 f5595 r278211531 p2279
 152005113=28686816+74275924+55445128 i44543694 u129513439 u0 t4.71
1226363 1110000 94 4 w993544 r7811235 m8080756 f5625 r281862816 p2293
 153500823=28969235+75014161+55983169 i44969727 u130801814 u0 t3.178
1237247 1120000 94 4 w1011391 r7953434 m8226664 f5658 r285402353 p2305
 154937436=29243149+75724625+56496704 i45373824 u132044779 u0 t3.07
1248176 1130000 94 4 w1028868 r8099415 m8376043 f5706 r288800463 p2320
 156402735=29522272+76447278+57022338 i45789524 u133308837 u0 t3.09
1259068 1140000 94 4 w1047549 r8246804 m8527114 f5772 r292444256 p2332
 157861130=29797985+77168674+57545265 i46205850 u134564103 u0 t3.157
1269968 1150000 94 4 w1067944 r8395539 m8679787 f5794 r296139765 p2344
 159329507=30076803+77900612+58066164 i46625049 u135829027 u0 t3.153
1280888 1160000 94 4 w1086868 r8545032 m8832736 f5818 r299656088 p2358
 160787360=30353505+78624948+58585504 i47044685 u137081081 u0 t3.125
1291754 1170000 94 4 w1104835 r8694799 m8985557 f5843 r303020662 p2372
 162257086=30632524+79353396+59110035 i47465860 u138345373 u0 t3.102
1302652 1180000 94 4 w1125988 r8849108 m9143794 f5873 r306948147 p2383
 163740225=30914948+80088433+59638609 i47887696 u139624879 u0 t3.216
1313613 1190000 94 4 w1146949 r9001231 m9299033 f5904 r310360381 p2396
 165222365=31196415+80824289+60167001 i48311236 u140901207 u0 t3.15
1324596 1200000 94 4 w1168260 r9155878 m9457366 f5940 r314146254 p2408
 166705142=31477697+81562307+60693492 i48733644 u142179789 u0 t3.216
1335456 1210000 94 4 w1189101 r9314536 m9619441 f5980 r317808318 p2421
 168224635=31765451+82316176+61235830 i49170433 u143485394 u0 t3.27
1346441 1220000 94 4 w1208250 r9474389 m9782429 f6021 r321292659 p2435
 169783151=32059976+83084342+61797326 i49609565 u144832063 u0 t3.321
1357399 1230000 94 4 w1229730 r9636127 m9947432 f6065 r324893330 p2449
 171340127=32353047+83856368+62354089 i50052760 u146173626 u0 t3.348
1368385 1240000 94 4 w1252371 r9804459 m10119458 f6111 r328831665 p2461
 172947613=32655799+84649796+62933488 i50510200 u147558054 u0 t3.481
1379469 1250000 94 4 w1274368 r9976759 m10295506 f6162 r332861978 p2474
 174578358=32960715+85458237+63518400 i50976816 u148960027 u0 t5.119
1390543 1260000 94 4 w1297996 r10148088 m10470424 f6215 r336749467 p2487
 176216496=33265768+86260659+64117377 i51439541 u150372039 u0 t3.527
1401635 1270000 94 4 w1321735 r10320398 m10646407 f6275 r340655444 p2500
 177844400=33572064+87068311+64699573 i51905958 u151771916 u0 t3.537
1412662 1280000 94 4 w1343909 r10491225 m10820736 f6359 r344454268 p2513
 179448464=33876559+87868585+65267070 i52367673 u153150694 u0 t3.53
1423732 1290000 94 4 w1366573 r10660627 m10993690 f6388 r348341245 p2524
 181048818=34176735+88658077+65844470 i52826138 u154526085 u0 t3.464
1434749 1300000 94 4 w1390503 r10836835 m11173791 f6413 r352506341 p2535
 182708017=34486060+89473649+66447223 i53299795 u155952433 u0 t3.623
1445738 1310000 94 4 w1417584 r11016662 m11357391 f6441 r356583122 p2548
 184393707=34802515+90300279+67060585 i53786224 u157396264 u0 t3.664
1456743 1320000 94 4 w1441681 r11196180 m11540817 f6468 r360773128 p2559
 186070233=35117420+91124338+67668658 i54267275 u158835478 u0 t3.65
1467716 1330000 94 4 w1470649 r11385812 m11734796 f6500 r365306257 p2569
 187826318=35446440+91987570+68306202 i54769060 u160344733 u0 t3.862
1478847 1340000 94 4 w1501191 r11574998 m11928180 f6534 r369864596 p2580
 189576204=35770547+92843092+68948286 i55272526 u161843664 u0 t3.89
1489858 1350000 94 4 w1528526 r11760858 m12117776 f6568 r374098147 p2591
 191293706=36091274+93689714+69570365 i55770226 u163313222 u0 t3.767
1500812 1360000 94 4 w1552544 r11937580 m12298110 f6599 r378036142 p2602
 192945491=36397576+94496222+70177412 i56246271 u164727762 u0 t3.581
1511816 1370000 94 4 w1577853 r12120000 m12484213 f6631 r382131005 p2613
 194629037=36712329+95326971+70785495 i56730804 u166172162 u0 t3.679
1522795 1380000 94 4 w1604448 r12298371 m12666253 f6665 r386181331 p2623
 196261107=37016280+96132860+71375071 i57203419 u167568823 u0 t3.603
1533703 1390000 94 4 w1629709 r12479200 m12850730 f6698 r390134182 p2635
 197916580=37324592+96947275+71976458 i57687359 u168980780 u0 t3.716
1544569 1400000 94 4 w1657334 r12661231 m13036680 f6732 r394256516 p2645
 199559259=37633478+97759355+72566898 i58160226 u170390625 u0 t3.668
1555499 1410000 94 4 w1685579 r12855062 m13234835 f6770 r398638540 p2656
 201315494=37961628+98624605+73202706 i58665795 u171896234 u0 t5.193
1566395 1420000 94 4 w1714375 r13046178 m13429893 f6810 r402827116 p2667
 203040851=38283744+99480615+73821800 i59162223 u173376995 u0 t4.132
1577238 1430000 94 4 w1741704 r13238958 m13626643 f6851 r407068542 p2678
 204769957=38606559+100338547+74442479 i59659844 u174860436 u0 t3.84
1588118 1440000 98 4 w1769555 r13432329 m13823801 f6893 r411200072 p2689
 206501964=38930451+101195825+75064964 i60161057 u176343524 u0 t3.872
1598949 1450000 98 4 w1798397 r13630260 m14025843 f6935 r415514343 p2700
 208268958=39258963+102068645+75703593 i60669485 u177859088 u0 t3.928
1609797 1460000 98 4 w1828138 r13828861 m14228475 f6981 r419854042 p2711
 210044947=39588611+102945770+76346406 i61176391 u179385694 u0 t4
1620630 1470000 98 4 w1859672 r14027162 m14431178 f7027 r424283100 p2721
 211794585=39917933+103814704+76971470 i61676387 u180890747 u0 t3.933
1631477 1480000 98 4 w1890548 r14223717 m14631879 f7075 r428538870 p2731
 213544045=40245037+104679189+77602221 i62177426 u182393389 u0 t3.906
1642373 1490000 98 4 w1919162 r14425852 m14838183 f7122 r432833353 p2742
 215341282=40581295+105569208+78248299 i62689698 u183940174 u0 t3.978
1653233 1500000 98 4 w1950589 r14629796 m15046376 f7168 r437260083 p2752
 217140861=40916401+106459891+78897104 i63202130 u185489302 u0 t4.013
1664130 1510000 98 4 w1981204 r14828833 m15249545 f7214 r441466459 p2763
 218918863=41246819+107335188+79542979 i63705381 u187021564 u0 t3.948
1675034 1520000 98 4 w2011506 r15030239 m15455154 f7260 r445724794 p2773
 220707784=41578832+108217124+80191733 i64211368 u188563968 u0 t3.994
1685958 1530000 98 4 w2043706 r15237141 m15666642 f7311 r450218141 p2783
 222527080=41916354+109112653+80853015 i64727072 u190131302 u0 t4.101
1696847 1540000 98 4 w2079039 r15442059 m15876130 f7360 r454760449 p2792
 224315178=42247473+109988212+81508049 i65233568 u191670728 u0 t4.822
1707676 1550000 98 4 w2110070 r15650698 m16088983 f7413 r459023953 p2804
 226145550=42585444+110889061+82174592 i65754445 u193244780 u0 t4.146
1718573 1560000 98 4 w2139814 r15857387 m16299645 f7464 r463201079 p2815
 227977335=42923424+111787999+82844857 i66273941 u194820886 u0 t4.091
1729487 1570000 98 4 w2171585 r16061329 m16507942 f7516 r467569959 p2824
 229753615=43251320+112659502+83494703 i66776975 u196350573 u0 t4.023
1740347 1580000 98 4 w2203418 r16265816 m16716542 f7570 r471799209 p2834
 231553104=43584046+113540125+84154536 i67287614 u197898899 u0 t4.04
1751207 1590000 98 4 w2235330 r16471988 m16926645 f7626 r475798634 p2846
 233379940=43922520+114439161+84819335 i67808064 u199469179 u0 t4.074
1762023 1600000 98 4 w2265245 r16677024 m17136175 f7675 r480171875 p2855
 235155843=44253361+115316780+85460372 i68315680 u200995477 u0 t4.084
1772878 1610000 98 4 w2300732 r16883685 m17347493 f7732 r484678737 p2863
 236929770=44581602+116184385+86111454 i68822807 u202518287 u0 t5.055
1783723 1620000 98 4 w2337763 r17091473 m17560037 f7789 r489297641 p2871
 238688807=44908360+117054935+86745918 i69327510 u204028125 u0 t4.128
1794607 1630000 98 4 w2373783 r17300237 m17773349 f7849 r493773113 p2879
 240464479=45236722+117925167+87395629 i69839562 u205547552 u0 t4.164
1805498 1640000 98 4 w2411722 r17511803 m17989415 f7918 r498277154 p2888
 242254153=45568300+118810419+88042816 i70354466 u207082211 u0 t4.181
1816421 1650000 98 4 w2443591 r17721061 m18202573 f7982 r502389575 p2898
 244050465=45899876+119697682+88694298 i70875538 u208617594 u0 t4.154
1827273 1660000 98 4 w2477364 r17931969 m18417863 f8054 r506770386 p2907
 245854599=46234183+120581771+89354321 i71394585 u210162931 u0 t4.164
1838160 1670000 98 4 w2514113 r18145195 m18635668 f8150 r511241021 p2916
 247658504=46569017+121468086+90011465 i71916492 u211705675 u0 t4.234
1849005 1680000 98 4 w2548877 r18352578 m18847324 f8237 r515564353 p2924
 249430278=46895842+122335533+90661291 i72424509 u213225141 u0 t4.132
1859879 1690000 98 4 w2582630 r18554171 m19052909 f8260 r519669002 p2933
 251131279=47212315+123178813+91272934 i72916183 u214682282 u0 t3.98
1870739 1700000 98 4 w2618390 r18762510 m19265241 f8286 r523823432 p2942
 252891045=47539369+124052324+91905247 i73423876 u216190693 u0 t4.096
1881698 1710000 98 4 w2649050 r18959795 m19466146 f8312 r527635659 p2951
 254580511=47855132+124886720+92515242 i73909332 u217640572 u0 t3.912
1892578 1720000 98 4 w2681819 r19162289 m19672649 f8339 r531719186 p2959
 256293646=48175630+125733252+93133036 i74400625 u219112102 u0 t4.015
1903425 1730000 98 4 w2713711 r19364847 m19878846 f8366 r535558229 p2969
 258022915=48497011+126587322+93759138 i74897749 u220595858 u0 t4.015
1914319 1740000 98 4 w2749824 r19577603 m20095908 f8396 r539911174 p2977
 259815209=48830592+127465985+94414637 i75412003 u222132580 u0 t4.213
1925121 1750000 98 4 w2784859 r19785954 m20308536 f8426 r544262537 p2985
 261541348=49152781+128320704+95035878 i75909761 u223612749 u0 t4.151
1936035 1760000 98 4 w2822413 r20000935 m20527796 f8457 r548570557 p2993
 263330395=49486167+129206644+95680325 i76428835 u225143204 u0 t4.217
1946942 1770000 98 4 w2859386 r20206185 m20737228 f8489 r552773488 p3001
 265050284=49805914+130048834+96309106 i76916184 u226624255 u0 t4.067
1957829 1780000 98 4 w2895972 r20413338 m20948674 f8520 r556979284 p3008
 266753303=50124838+130892409+96920932 i77406781 u228085479 u0 t4.079
1968722 1790000 98 4 w2932956 r20622401 m21161827 f8552 r561170544 p3016
 268493552=50448739+131746780+97555161 i77907523 u229577048 u0 t4.343
1979581 1800000 98 4 w2967359 r20821301 m21364243 f8582 r564954654 p3025
 270164288=50760785+132567358+98163038 i78391340 u231006073 u0 t4.984
1990482 1810000 98 4 w2997832 r21019151 m21565637 f8612 r568771250 p3033
 271830252=51072079+133383609+98770962 i78868155 u232436544 u0 t3.936
2001382 1820000 98 4 w3033965 r21221569 m21771914 f8643 r572804665 p3040
 273492871=51381902+134197434+99378998 i79348512 u233859345 u0 t4.001
2012247 1830000 98 4 w3070127 r21426295 m21980467 f8675 r576843638 p3048
 275187120=51698829+135031055+99993704 i79834290 u235313727 u0 t4.077
2023129 1840000 98 4 w3110012 r21631950 m22190442 f8708 r581061941 p3055
 276861603=52011532+135854419+100601958 i80314644 u236750583 u0 t4.116
2034053 1850000 98 4 w3146685 r21840638 m22402923 f8741 r585112144 p3063
 278586086=52334286+136703614+101226354 i80810226 u238230065 u0 t4.14
2044917 1860000 98 4 w3182490 r22042599 m22608715 f8773 r589046044 p3070
 280251224=52646494+137526857+101826009 i81286492 u239661707 u0 t3.988
2055814 1870000 98 4 w3214392 r22243870 m22813264 f8805 r592729187 p3079
 281924750=52958788+138352252+102431703 i81775206 u241089805 u0 t3.981
2066728 1880000 98 4 w3250075 r22447331 m23020594 f8838 r596755272 p3086
 283579260=53268199+139169715+103028509 i82250172 u242510141 u0 t4.024
2077660 1890000 98 4 w3289864 r22653045 m23230369 f8871 r600955981 p3092
 285237044=53579292+139988643+103625286 i82724617 u243934788 u0 t4.089
2088614 1900000 98 4 w3322176 r22854643 m23435428 f8903 r604723019 p3100
 286912655=53892335+140810185+104236352 i83206081 u245371099 u0 t4.043
2099586 1910000 98 4 w3362897 r23066058 m23651189 f8938 r609058395 p3106
 288616243=54209093+141647327+104856783 i83694665 u246832866 u0 t5.088
2110524 1920000 98 4 w3401416 r23267511 m23856498 f8970 r613083554 p3112
 290241237=54514629+142446303+105445717 i84162732 u248225644 u0 t4.029
2121483 1930000 98 4 w3441207 r23476979 m24069905 f9003 r617231594 p3119
 291923570=54829825+143276743+106052519 i84649661 u249666078 u0 t4.149
2132440 1940000 98 4 w3476497 r23678032 m24274573 f9033 r621083429 p3126
 293565784=55136148+144083806+106649839 i85123738 u251072168 u0 t3.98
2143340 1950000 98 4 w3511048 r23881943 m24482080 f9064 r624852474 p3134
 295239019=55448867+144906211+107257969 i85606361 u252505720 u0 t4.035
2154286 1960000 98 4 w3543488 r24078947 m24682412 f9094 r628425971 p3142
 296860107=55753648+145703015+107845359 i86072292 u253896762 u0 t3.896
2165157 1970000 98 4 w3579518 r24270812 m24877761 f9124 r632101207 p3148
 298412591=56044542+146464173+108410700 i86517065 u255229378 u0 t4.916
2176142 1980000 98 4 w3615395 r24464624 m25075059 f9153 r635838904 p3154
 299979496=56338337+147235354+108978397 i86967330 u256573852 u0 t3.986
2187090 1990000 98 4 w3655164 r24670806 m25285105 f9185 r639876568 p3161
 301618575=56644428+148044181+109570873 i87440739 u257977871 u0 t4.068
2198031 2000000 98 4 w3689369 r24863387 m25480963 f9215 r643434210 p3168
 303185210=56938923+148817650+110135184 i87889781 u259324111 u0 t3.949
2208970 2010000 98 4 w3726201 r25059974 m25681314 f9246 r647336776 p3173
 304752540=57232180+149587337+110705170 i88336932 u260671536 u0 t3.994
2219875 2020000 98 4 w3765611 r25260438 m25885687 f9279 r651346798 p3179
 306334455=57532948+150371332+111270400 i88791622 u262030326 u0 t4.165
2230717 2030000 98 4 w3796824 r25443975 m26071953 f9308 r654491839 p3186
 307845651=57817948+151122157+111809532 i89224485 u263329999 u0 t3.697
2241553 2040000 98 4 w3833335 r25636813 m26268202 f9338 r658096633 p3193
 309373570=58105978+151881084+112355392 i89668353 u264637658 u0 t3.838
2252478 2050000 98 4 w3866461 r25830399 m26465159 f9367 r661737482 p3199
 310917801=58397346+152645204+112909519 i90114158 u265961998 u0 t3.891
2263400 2060000 98 4 w3901424 r26021879 m26659893 f9396 r665302572 p3205
 312460636=58688083+153405052+113466755 i90558910 u267284831 u0 t3.868
2274335 2070000 98 4 w3937061 r26215296 m26856844 f9426 r669003947 p3211
 314006113=58979074+154169481+114021866 i91002576 u268612527 u0 t4.01
2285238 2080000 98 4 w3976798 r26404156 m27049420 f9456 r672762276 p3216
 315479761=59257781+154893633+114554732 i91424873 u269878965 u0 t3.821
2296195 2090000 98 4 w4015381 r26595851 m27244560 f9485 r676383536 p3222
 317001742=59547160+155648315+115097246 i91860803 u271188060 u0 t3.811
2307093 2100000 98 4 w4052178 r26789888 m27442033 f9515 r680001281 p3228
 318548784=59841585+156419314+115645210 i92303766 u272520168 u0 t3.862
2317991 2110000 98 4 w4087536 r26981100 m27636596 f9543 r683702162 p3233
 320065310=60129116+157167613+116190543 i92737370 u273824967 u0 t3.842
2328915 2120000 98 4 w4119372 r27163900 m27822258 f9570 r686962232 p3240
 321540226=60409484+157900375+116714932 i93160523 u275093276 u0 t3.675
2339889 2130000 98 4 w4155384 r27355855 m28017281 f9599 r690454773 p3246
 323065272=60697602+158658425+117258241 i93600241 u276402631 u0 t3.84
2350849 2140000 98 4 w4186990 r27544050 m28208662 f9626 r693890151 p3252
 324569276=60981045+159406540+117794073 i94033458 u277693954 u0 t3.79
2361818 2150000 98 4 w4222648 r27733350 m28401216 f9655 r697431858 p3257
 326046163=61261072+160142425+118317711 i94460527 u278961518 u0 t3.788
2372703 2160000 98 4 w4261491 r27928186 m28599532 f9684 r701145801 p3263
 327582195=61550056+160900281+118871928 i94900263 u280281564 u0 t3.991
2383611 2170000 98 4 w4297874 r28112732 m28787424 f9711 r704633825 p3268
 329020933=61822910+161615512+119384128 i95313851 u281518252 u0 t3.951
2394538 2180000 98 4 w4335959 r28300398 m28978587 f9739 r708237903 p3273
 330471640=62098697+162341500+119894769 i95733169 u282764042 u0 t3.74
2405448 2190000 98 4 w4374695 r28497911 m29179324 f9768 r711717571 p3279
 332047282=62396171+163128686+120452548 i96186601 u284118135 u0 t3.945
2416385 2200000 98 4 w4410382 r28693908 m29378843 f9797 r715501377 p3284
 333572677=62685022+163886371+120996698 i96623268 u285430595 u0 t3.89
2427291 2210000 98 4 w4447912 r28882400 m29570549 f9824 r718959905 p3290
 335055154=62966105+164620723+121527332 i97046607 u286706981 u0 t3.77
2438224 2220000 98 4 w4484424 r29074899 m29766432 f9853 r722531339 p3295
 336562228=63251799+165373345+122060347 i97481037 u288001571 u0 t3.854
2449156 2230000 98 4 w4524613 r29272777 m29967736 f9882 r726245522 p3301
 338098470=63544181+166137065+122607037 i97921079 u289323300 u0 t3.922
2460085 2240000 98 4 w4561807 r29471308 m30169261 f9912 r729717697 p3307
 339674657=63843460+166921569+123166530 i98376620 u290675302 u0 t3.975
2471031 2250000 98 4 w4600739 r29681463 m30382902 f9943 r733543609 p3313
 341328221=64154313+167736404+123763464 i98853859 u292092228 u0 t4.138
2481891 2260000 98 4 w4643326 r29886380 m30591713 f9973 r737518359 p3318
 342920094=64455060+168519044+124339193 i99307396 u293461967 u0 t4.051
2492839 2270000 98 4 w4685366 r30092874 m30801871 f10003 r741375581 p3323
 344524932=64756130+169308970+124920291 i99766143 u294841983 u0 t4.151
2503770 2280000 98 4 w4727192 r30302977 m31015500 f10034 r745172568 p3329
 346165173=65065475+170120749+125508611 i100238193 u296249830 u0 t4.152
2514685 2290000 98 4 w4767170 r30507247 m31223061 f10064 r748812246 p3335
 347777859=65367628+170914357+126092672 i100699874 u297635828 u0 t4.072
2525687 2300000 98 4 w4805107 r30717155 m31436381 f10094 r752543276 p3341
 349430556=65676533+171726819+126692647 i101171499 u299056338 u0 t4.237
2536614 2310000 98 4 w4850007 r30932199 m31655406 f10124 r756666089 p3346
 351071462=65982636+172534843+127287338 i101642141 u300465091 u0 t4.643
2547690 2320000 98 4 w4896022 r31151814 m31878647 f10156 r760607382 p3352
 352775789=66300993+173374078+127904919 i102136018 u301922765 u0 t4.399
2558712 2330000 98 4 w4934214 r31370130 m32100509 f10187 r764517575 p3359
 354479327=66619347+174214406+128520924 i102625075 u303384700 u0 t4.312
2569709 2340000 98 4 w4983046 r31589444 m32323906 f10219 r768749111 p3363
 356119816=66929029+175032721+129102657 i103097909 u304793705 u0 t4.347
2580699 2350000 98 4 w5029587 r31816583 m32554999 f10251 r772940773 p3369
 357866975=67253212+175889572+129740737 i103601066 u306290839 u0 t4.75
2591715 2360000 98 4 w5078858 r32040438 m32782899 f10283 r777224752 p3374
 359567798=67570319+176725970+130359050 i104092122 u307747196 u0 t5.301
2602831 2370000 98 4 w5125873 r32270341 m33016614 f10316 r781346177 p3380
 361333804=67899239+177596044+130999241 i104606648 u309255409 u0 t4.69
2613986 2380000 98 4 w5169188 r32500593 m33250403 f10348 r785401968 p3386
 363142494=68230806+178475866+131670096 i105125347 u310805212 u0 t4.583
2624949 2390000 98 4 w5218466 r32738017 m33491844 f10381 r789748494 p3392
 364958248=68564735+179361240+132340268 i105655270 u312352285 u0 t4.637
2635909 2400000 98 4 w5264156 r32974749 m33732432 f10414 r793916345 p3399
 366793742=68902584+180257977+133015990 i106192200 u313914817 u0 t4.676
2646913 2410000 98 4 w5311871 r33203006 m33964331 f10444 r798036395 p3404
 368547157=69226360+181113701+133662101 i106705740 u315406855 u0 t4.615
2657884 2420000 98 4 w5362372 r33429130 m34194582 f10476 r802392467 p3409
 370250743=69543018+181948977+134283775 i107198068 u316864526 u0 t4.458
2668918 2430000 98 4 w5410553 r33655324 m34424943 f10508 r806707975 p3413
 371945334=69856854+182774867+134907321 i107690786 u318310190 u0 t4.515
2679809 2440000 98 4 w5458620 r33869574 m34642566 f10538 r810484757 p3419
 373593593=70165486+183587194+135502816 i108178820 u319709872 u0 t4.25
2690746 2450000 98 4 w5502224 r34094343 m34871490 f10568 r814741021 p3424
 375264732=70476391+184414187+136105363 i108667388 u321135438 u0 t4.367
2701594 2460000 98 4 w5553670 r34326904 m35107837 f10601 r818861698 p3429
 377026942=70804695+185280946+136745118 i109180398 u322640076 u0 t4.739
2712475 2470000 98 4 w5599829 r34552531 m35337268 f10634 r822837772 p3435
 378737275=71123412+186129022+137359567 i109679380 u324100641 u0 t4.401
2723357 2480000 98 4 w5648471 r34781876 m35570517 f10666 r827005149 p3440
 380487328=71448458+186993347+137992245 i110183349 u325601039 u0 t4.504
2734166 2490000 98 4 w5693626 r35005843 m35797958 f10698 r830893242 p3446
 382198024=71767925+187837149+138610940 i110679130 u327064681 u0 t4.424
2745023 2500000 98 4 w5742879 r35241657 m36037886 f10731 r835229752 p3451
 383959910=72094368+188705051+139251002 i111188618 u328572715 u0 t4.609
2755880 2510000 98 4 w5792772 r35472355 m36272505 f10764 r839322777 p3457
 385703183=72418174+189565646+139881674 i111696177 u330061607 u0 t4.621
2766772 2520000 98 4 w5839076 r35703195 m36506938 f10797 r843316867 p3463
 387463931=72744988+190431472+140522086 i112207305 u331566705 u0 t4.979
2777605 2530000 98 4 w5887185 r35934119 m36741643 f10829 r847368939 p3468
 389210244=73071112+191290844+141155276 i112709039 u333064763 u0 t4.655
2788466 2540000 98 4 w5941744 r36174884 m36986649 f10863 r851789301 p3473
 390993925=73405001+192169511+141801295 i113223662 u334592335 u0 t4.739
2799329 2550000 98 4 w5995610 r36421494 m37237331 f10898 r856110278 p3479
 392854436=73747080+193084041+142481179 i113760549 u336184467 u0 t4.867
2810193 2560000 98 4 w6044768 r36653423 m37473084 f10930 r860250513 p3484
 394586175=74069906+193939383+143107047 i114268388 u337659867 u0 t4.575
2821115 2570000 98 4 w6099480 r36894713 m37718549 f10965 r864574507 p3490
 396373854=74400331+194815983+143761024 i114785820 u339187861 u0 t4.875
2832025 2580000 98 4 w6148267 r37135184 m37962685 f11000 r868661525 p3496
 398201283=74740010+195716692+144423960 i115317025 u340749151 u0 t4.765
2842894 2590000 98 4 w6196483 r37367413 m38198575 f11032 r872679187 p3501
 399960875=75065982+196579442+145067439 i115825823 u342254432 u0 t4.547
2853742 2600000 98 4 w6249843 r37616499 m38451727 f11067 r877137530 p3507
 401811634=75407233+197492344+145739777 i116362454 u343836604 u0 t4.955
2864632 2610000 98 4 w6303403 r37864574 m38703792 f11101 r881555615 p3512
 403667966=75750169+198409680+146411818 i116896975 u345427603 u0 t5.875
2875503 2620000 98 4 w6354963 r38106955 m38950019 f11135 r885674488 p3518
 405501187=76090975+199311909+147078283 i117427360 u346996253 u0 t4.794
2886360 2630000 98 4 w6406709 r38350920 m39197954 f11168 r889967577 p3523
 407318394=76428580+200209416+147736246 i117953200 u348551773 u0 t4.839
2897239 2640000 98 4 w6461618 r38597120 m39448225 f11201 r894378419 p3528
 409133084=76766405+201102314+148395438 i118476165 u350106071 u0 t4.939
2908079 2650000 98 4 w6513151 r38843704 m39698667 f11234 r898577855 p3534
 410998892=77114178+202021249+149071777 i119014584 u351703952 u0 t4.948
2919336 2660000 98 4 w6567616 r39090004 m39948990 f11269 r902914028 p3539
 412865095=77458535+202937691+149753790 i119543910 u353310081 u0 t5.035
2930193 2670000 98 4 w6622086 r39344004 m40207245 f11304 r907424806 p3544
 414758028=77807462+203871479+150441590 i120087528 u354933319 u0 t5.293
2941058 2680000 98 4 w6682108 r39592024 m40459545 f11340 r911911586 p3549
 416562298=78141604+204760082+151097021 i120610344 u356475930 u0 t4.817
2951948 2690000 98 4 w6738419 r39838220 m40709801 f11375 r916245886 p3554
 418394567=78482060+205663987+151760410 i121136077 u358048324 u0 t4.884
2962792 2700000 98 4 w6794727 r40085363 m40961189 f11409 r920713799 p3559
 420187245=78815085+206550897+152407374 i121655553 u359582094 u0 t4.804
2973731 2710000 98 4 w6848997 r40323624 m41203426 f11443 r924836659 p3564
 421964447=79147445+207422084+153055205 i122163321 u361108304 u0 t5.224
2984605 2720000 98 4 w6901155 r40563166 m41446958 f11475 r929044236 p3568
 423762171=79480129+208299528+153716891 i122674081 u362653503 u0 t15.883
2995574 2730000 98 4 w6956178 r40800869 m41688535 f11507 r933153436 p3573
 425541780=79809047+209170707+154369183 i123185849 u364177407 u0 t5.646
3006468 2740000 98 4 w7008482 r41045137 m41936539 f11539 r937320468 p3579
 427360559=80145053+210063381+155033678 i123710590 u365733240 u0 t18.23
3017345 2750000 98 4 w7059445 r41282990 m42178447 f11570 r941492230 p3583
 429112466=80471448+210929421+155665389 i124217180 u367233328 u0 t5.639
3028291 2760000 98 4 w7116353 r41520735 m42420074 f11602 r945621858 p3588
 430853628=80794053+211779723+156304391 i124722630 u368719539 u0 t10.602
3039192 2770000 98 4 w7166290 r41748080 m42651079 f11632 r949460798 p3593
 432538461=81107787+212604140+156920898 i125205665 u370164116 u0 t6.177
3050078 2780000 98 4 w7222386 r41981671 m42888606 f11665 r953612159 p3597
 434247277=81429031+213437682+157545343 i125694857 u371629800 u0 t6.612
3060975 2790000 98 4 w7271655 r42215471 m43126040 f11696 r957506971 p3603
 436026715=81761305+214309126+158194410 i126199359 u373161025 u0 t10.635
3071909 2800000 98 4 w7320711 r42441738 m43355841 f11726 r961329304 p3607
 437724222=82079132+215137533+158816103 i126682792 u374619416 u0 t6.834
3082762 2810000 98 4 w7373367 r42680030 m43597932 f11758 r965355765 p3613
 439502098=82407520+216004295+159471644 i127193816 u376141411 u0 t22.238
3093667 2820000 98 4 w7427120 r42914970 m43836425 f11789 r969303643 p3617
 441252475=82734828+216859883+160111731 i127696312 u377641038 u0 t8.098
3104606 2830000 98 4 w7476692 r43149155 m44074258 f11820 r973145419 p3623
 443006883=83060939+217716620+160755196 i128196652 u379147828 u0 t8.188
3115556 2840000 98 4 w7528538 r43378612 m44307396 f11851 r977054320 p3627
 444688481=83372733+218538469+161372236 i128677255 u380591105 u0 t20.192
3126447 2850000 98 4 w7579765 r43607749 m44540080 f11882 r980863626 p3632
 446373566=83687025+219365885+161985484 i129158954 u382038427 u0 t7.855
3137354 2860000 98 4 w7634093 r43837538 m44773544 f11913 r984805339 p3637
 448084410=84007360+220203015+162608631 i129644869 u383510073 u0 t12.555
3148306 2870000 98 4 w7683626 r44059010 m44998611 f11943 r988620594 p3641
 449709146=84311145+221001359+163198792 i130109661 u384905686 u0 t8.476
3159170 2880000 98 4 w7738041 r44283217 m45226510 f11974 r992442754 p3645
 451351882=84617909+221801999+163801990 i130578724 u386316016 u0 t27.486
3170031 2890000 98 4 w7789648 r44510453 m45457391 f12005 r996312358 p3650
 453013492=84929203+222613413+164410040 i131049963 u387746276 u0 t9.068
3180938 2900000 98 4 w7839084 r44731780 m45682059 f12035 r999946975 p3654
 454661681=85237778+223419314+165012236 i131520157 u389162427 u0 t9.957
3191816 2910000 98 4 w7890213 r44958627 m45912499 f12066 r1003766003 p3659
 456350591=85550949+224239011+165637741 i131998488 u390615373 u0 t13.329
3202736 2920000 98 4 w7948043 r45198014 m46155917 f12098 r1007984130 p3663
 458067183=85872730+225081734+166261324 i132490434 u392088359 u0 t10.844
3213588 2930000 98 4 w8007846 r45436846 m46398795 f12131 r1012168494 p3667
 459765403=86191157+225911227+166882779 i132976240 u393545303 u0 t14.556
3224450 2940000 98 4 w8062579 r45672167 m46637856 f12162 r1016183221 p3671
 461458958=86506014+226744049+167499073 i133465787 u394994148 u0 t11.187
3235384 2950000 98 4 w8114535 r45900307 m46869635 f12192 r1020029521 p3675
 463116228=86815090+227563975+168096159 i133945569 u396413145 u0 t14.724
3246267 2960000 98 4 w8171349 r46139317 m47112355 f12225 r1024044080 p3680
 464858603=87140346+228419120+168730537 i134447984 u397905228 u0 t15.034
3257218 2970000 98 4 w8224895 r46379465 m47356196 f12257 r1028051780 p3685
 466613074=87466190+229282067+169368910 i134950452 u399410895 u0 t25.267
3268155 2980000 98 4 w8282511 r46609647 m47590033 f12289 r1031958474 p3689
 468268376=87775619+230093744+169972379 i135426631 u400829246 u0 t12.824
3278993 2990000 98 4 w8328137 r46834311 m47817704 f12319 r1035417104 p3694
 469969715=88091511+230926039+170595817 i135912653 u402290149 u0 t19.442
3289873 3000000 98 4 w8374725 r47048772 m48035353 f12347 r1038869460 p3699
 471569970=88391941+231705539+171183343 i136366141 u403668095 u0 t12.085
3300770 3010000 98 4 w8427314 r47277722 m48267693 f12377 r1042554876 p3703
 473233246=88702602+232525382+171785545 i136845038 u405094522 u0 t23.772
3311716 3020000 98 4 w8483773 r47512358 m48506286 f12409 r1046642898 p3707
 474884704=89011906+233343669+172378776 i137324242 u406507114 u0 t13.935
3322684 3030000 98 4 w8537295 r47739366 m48737055 f12439 r1050549568 p3711
 476508174=89314099+234142224+172968486 i137796652 u407893555 u0 t17.29
3333558 3040000 98 4 w8593505 r47967197 m48968477 f12470 r1054384372 p3715
 478143366=89618548+234943979+173565228 i138266850 u409295467 u0 t14.064
3344467 3050000 98 4 w8645826 r48190190 m49194983 f12500 r1058109430 p3719
 479740737=89918385+235729820+174143829 i138728124 u410663815 u0 t17.861
3355390 3060000 98 4 w8699677 r48421106 m49429319 f12530 r1061873344 p3723
 481413586=90230624+236550329+174753692 i139208245 u412098843 u0 t14.794
3366284 3070000 98 4 w8748238 r48640903 m49652651 f12558 r1065613632 p3727
 482988960=90526560+237328756+175320755 i139660990 u413450908 u0 t33.528
3377177 3080000 98 4 w8811755 r48870442 m49886074 f12590 r1069552858 p3731
 484606407=90828041+238120588+175912435 i140125312 u414837048 u0 t14.952
3388055 3090000 98 4 w8857622 r49086710 m50105616 f12617 r1073049900 p3735
 486152468=91119668+238885764+176466949 i140572270 u416162009 u0 t18.16
3398880 3100000 98 4 w8909369 r49302005 m50324092 f12645 r1076568539 p3739
 487684763=91409430+239647791+177012102 i141017995 u417473172 u0 t16.794
3409787 3110000 98 4 w8960835 r49518519 m50544001 f12674 r1080154398 p3743
 489223743=91698454+240408490+177565964 i141462586 u418791795 u0 t14.227
3420708 3120000 98 4 w9019415 r49746632 m50776120 f12704 r1084175207 p3746
 490782966=91991874+241181846+178124362 i141913192 u420128361 u0 t34.493
3431637 3130000 98 4 w9072020 r49967316 m51000015 f12734 r1087732960 p3750
 492372061=92290972+241966929+178696725 i142374425 u421487465 u0 t16.09
3442607 3140000 98 4 w9117385 r50171602 m51207125 f12761 r1090865103 p3755
 493867479=92576410+242705734+179231864 i142804636 u422771258 u0 t17.853
3453456 3150000 98 4 w9167419 r50391778 m51430642 f12791 r1094521273 p3759
 495418218=92870797+243475997+179783874 i143251918 u424102386 u0 t17.823
3464366 3160000 98 4 w9219899 r50606620 m51648550 f12820 r1097953831 p3763
 496965936=93164715+244245389+180334199 i143699210 u425429591 u0 t21.41
3475266 3170000 98 4 w9266759 r50823724 m51868910 f12849 r1101489450 p3767
 498503481=93454655+245005791+180885711 i144146310 u426744229 u0 t16.646
3486141 3180000 98 4 w9314740 r51029012 m52077004 f12877 r1104671804 p3771
 499986498=93737190+245741376+181413852 i144571907 u428019557 u0 t33.286
3497008 3190000 98 4 w9363319 r51241711 m52292898 f12905 r1108121291 p3775
 501529487=94026056+246498293+181975369 i145011028 u429346902 u0 t16.754
3507853 3200000 98 4 w9414786 r51456466 m52511065 f12933 r1111670407 p3778
 503046559=94315835+247250150+182516197 i145443595 u430653603 u0 t19.846
3518683 3210000 98 4 w9465824 r51670253 m52728108 f12962 r1115155662 p3782
 504564868=94603075+248002586+183059009 i145880594 u431957214 u0 t17.027
3529542 3220000 98 4 w9527067 r51893673 m52955341 f12993 r1119027687 p3785
 506086306=94893153+248756525+183601588 i146320355 u433261893 u0 t23.068
3540480 3230000 98 4 w9575166 r52105897 m53170728 f13021 r1122495836 p3789
 507573435=95176490+249498789+184127119 i146750739 u434537671 u0 t17.078
3551409 3240000 98 4 w9633785 r52331064 m53399488 f13052 r1126265451 p3793
 509136904=95471887+250274207+184686052 i147202648 u435878595 u0 t34.814
3562370 3250000 98 4 w9687001 r52546922 m53618940 f13082 r1129925346 p3796
 510633889=95756816+251017114+185219210 i147634691 u437162927 u0 t18.041
3573321 3260000 98 4 w9739020 r52759837 m53834883 f13112 r1133302733 p3800
 512154031=96046348+251771059+185761190 i148074435 u438466485 u0 t21.412
3584317 3270000 98 4 w9790912 r52981867 m54060237 f13142 r1136918174 p3803
 513711000=96340918+252547891+186312667 i148524164 u439802575 u0 t22.737
3595165 3280000 98 4 w9841179 r53194384 m54275849 f13172 r1140335187 p3807
 515228612=96629800+253298990+186854771 i148960442 u441106397 u0 t18.484
3606131 3290000 98 4 w9896681 r53418835 m54503825 f13203 r1144085421 p3811
 516787712=96926491+254070286+187412396 i149407002 u442447384 u0 t37.151
3617031 3300000 98 4 w9945817 r53630410 m54718385 f13232 r1147397139 p3815
 518283261=97210191+254817319+187941237 i149840138 u443730169 u0 t18.393
3627996 3310000 98 4 w9999456 r53845713 m54936776 f13262 r1150819169 p3818
 519803633=97499274+255577531+188477038 i150283045 u445031699 u0 t22.977
3638920 3320000 98 4 w10051319 r54070211 m55164777 f13293 r1154548197 p3822
 521375389=97793280+256352278+189045476 i150735523 u446379288 u0 t23.368
3649881 3330000 98 4 w10104678 r54282945 m55380671 f13323 r1157983106 p3826
 522880556=98076303+257096336+189586609 i151164905 u447674723 u0 t19.027
3660867 3340000 98 4 w10162143 r54517019 m55618360 f13357 r1161862511 p3829
 524491379=98379942+257895171+190162867 i151630364 u449055584 u0 t34.108
3671820 3350000 98 4 w10216930 r54739093 m55843798 f13387 r1165442548 p3833
 526041380=98675689+258665765+190712311 i152078584 u450385688 u0 t25.739
3682790 3360000 98 4 w10274563 r54968914 m56077231 f13421 r1169189023 p3837
 527659222=98979781+259462353+191297318 i152541896 u451775449 u0 t21.274
3693808 3370000 98 4 w10337820 r55208138 m56320225 f13455 r1173111668 p3840
 529325956=99293194+260282583+191900382 i153019814 u453206184 u0 t27.077
3704793 3380000 98 4 w10388522 r55436353 m56551696 f13488 r1176671713 p3844
 530943069=99597886+261085257+192478358 i153488667 u454591486 u0 t37.677
3715703 3390000 98 4 w10447164 r55678172 m56797197 f13522 r1180513941 p3848
 532641482=99915490+261923870+193091543 i153976921 u456049203 u0 t24.024
3726649 3400000 98 4 w10504599 r55917629 m57039906 f13556 r1184163588 p3853
 534346388=100233856+262770855+193701866 i154467957 u457512409 u0 t26.561
3737635 3410000 98 4 w10565395 r56172914 m57299034 f13592 r1188286032 p3857
 536134448=100568655+263669932+194329472 i154983710 u459047946 u0 t27.661
3748614 3420000 98 4 w10627313 r56423613 m57553357 f13628 r1192297902 p3861
 537914058=100902015+264547436+194973273 i155494126 u460576266 u0 t27.554
3759597 3430000 98 4 w10696547 r56690060 m57824137 f13666 r1196761481 p3865
 539732180=101243537+265443050+195631087 i156022057 u462130447 u0 t25.427
3770552 3440000 98 4 w10765103 r56955414 m58093829 f13703 r1201219829 p3868
 541540317=101581938+266331153+196288296 i156546542 u463676315 u0 t28.891
3781517 3450000 98 4 w10835828 r57216365 m58359012 f13741 r1205606139 p3872
 543336930=101916523+267210385+196945560 i157064521 u465214827 u0 t41.108
3792483 3460000 98 4 w10896958 r57469826 m58616005 f13777 r1209584333 p3876
 545110407=102247719+268083312+197588580 i157591919 u466718698 u0 t32.096
3803443 3470000 98 4 w10960753 r57723013 m58873040 f13813 r1213646598 p3880
 546863450=102576365+268956547+198213619 i158106393 u468214206 u0 t34.739
3814317 3480000 98 4 w11020216 r57970503 m59123927 f13847 r1217434145 p3885
 548616328=102905067+269822518+198845460 i158617668 u469711009 u0 t23.444
3825200 3490000 98 4 w11077777 r58221974 m59379053 f13882 r1221399169 p3889
 550364699=103231208+270687065+199476077 i159128829 u471203125 u0 t34.318
3836062 3500000 98 4 w11143684 r58471844 m59632787 f13918 r1225502242 p3892
 552038919=103542921+271516200+200079385 i159622495 u472627835 u0 t34.627
3847051 3510000 98 4 w11203480 r58717795 m59882342 f13952 r1229489202 p3896
 553738833=103859970+272354792+200694844 i160118412 u474078747 u0 t27.349
3857981 3520000 98 4 w11270154 r58981365 m60149803 f13987 r1233677142 p3900
 555533138=104195870+273249795+201333950 i160648535 u475605822 u0 t30.424
3868919 3530000 98 4 w11342387 r59254670 m60427471 f14025 r1238173466 p3904
 557372661=104540051+274170956+201984926 i161186954 u477176776 u0 t28.352
3879700 3540000 98 4 w11415918 r59525496 m60702618 f14063 r1242637795 p3907
 559174880=104876499+275068767+202628476 i161715598 u478713898 u0 t31.041
3890544 3550000 98 4 w11477691 r59791902 m60972538 f14100 r1246660449 p3912
 561055077=105229291+276013658+203289337 i162263308 u480323080 u0 t46.53
Total lines processed: 3559467
Block Count:3, 4997
Avg Block Count:32572
Avg Max Count:1083, 2470, 98
Block Count:385, 57507
Avg Block Count:118
Avg Max Count:222, 175, 98
Block Count:10520, 1253917
Avg Block Count:98
Avg Max Count:176, 144, 93
Level Count:3
Level Count:4
Level Count:4
4012660 5
2167858 5
Max word len: 98
Total words generated: 562765640
Words inserted 162763307
Words updated: 481783938
total_cache_requests:  0
total_cache_misses:  0
cache_flush_count:  238
total_cache_requests:  305400498
total_cache_misses:  18170904
cache_flush_count:  2085
total_cache_requests:  1250672194
total_cache_misses:  61227928
cache_flush_count:  14135
