Csz: 2, pgsz: 4096
File page count: 0
File page count: 0
Stg buf: 32mb, Idx1 buf: 32mb, Idx1+ buf: 16mb
Idx1 entry count limit: 250 million
10988 10000 60 1 w0 r0 m0 f0 r0 p20
 1502009=280567+736357+547318 i721658 u998423 u0 t2.41
22023 20000 60 3 w7694 r0 m0 f366 r0 p20
 2970299=556558+1459020+1077812 i1299209 u2102895 u0 t2.909
Idx1+ lookups: 1872971 
Idx1+ positiv: 52629 
Idx1+ found  : 52629 
33024 30000 60 3 w14119 r10779 m16670 f401 r1280288 p500
 4455591=837142+2190955+1612898 i1852391 u3251575 u0 t2.94
44043 40000 66 3 w21287 r30761 m39269 f411 r2663751 p500
 6021768=1126498+2950354+2194339 i2403108 u4491603 u0 t3.144
55121 50000 66 3 w34071 r60190 m71725 f430 r3938696 p500
 7457432=1399039+3657323+2711810 i2899495 u5640597 u0 t2.955
Idx1+ lookups: 3559672 
Idx1+ positiv: 236803 
Idx1+ found  : 236803 
66115 60000 66 3 w50609 r98291 m115289 f453 r5432009 p500
 8882525=1666288+4349737+3237298 i3372066 u6798479 u0 t3.093
77117 70000 66 4 w66323 r143088 m164339 f475 r7104449 p500
 10323681=1938542+5063745+3753209 i3851018 u7971772 u0 t3.067
88102 80000 66 4 w87517 r196385 m222112 f509 r9187007 p500
 11702242=2200826+5741136+4250267 i4299728 u9103082 u0 t3.05
Idx1+ lookups: 5221342 
Idx1+ positiv: 473471 
Idx1+ found  : 473471 
99095 90000 66 4 w111145 r258401 m288993 f547 r11376996 p500
 13139065=2468368+6445510+4774403 i4761616 u10286594 u0 t3.24
110113 100000 66 4 w137812 r323839 m358674 f592 r13345856 p500
 14570300=2739305+7152735+5287868 i5211290 u11477401 u0 t3.169
121109 110000 66 4 w164985 r394827 m433760 f638 r15382889 p500
 15981984=3006512+7851613+5792984 i5655730 u12651059 u0 t3.202
Idx1+ lookups: 6815175 
Idx1+ positiv: 728963 
Idx1+ found  : 728963 
132028 120000 66 4 w197138 r475163 m518202 f695 r17474754 p500
 17532484=3286822+8590277+6386159 i6106532 u13969042 u0 t3.446
142990 130000 66 4 w233657 r561810 m609187 f760 r19706167 p500
 18986448=3562710+9311119+6905248 i6548879 u15193514 u0 t3.656
153925 140000 66 4 w272451 r655320 m707013 f829 r21930356 p500
 20474477=3841729+10051396+7435263 i6999138 u16448960 u0 t3.533
Idx1+ lookups: 8423089 
Idx1+ positiv: 1013954 
Idx1+ found  : 1013954 
164855 150000 66 4 w311860 r754378 m810448 f901 r24187181 p500
 21982251=4126056+10796461+7976893 i7453888 u17721979 u0 t3.574
175812 160000 66 4 w359476 r862385 m923001 f989 r26557459 p500
 23584909=4417148+11560934+8588302 i7914229 u19089936 u0 t3.718
186797 170000 66 4 w409068 r973754 m1039057 f1082 r28936488 p500
 25060643=4694278+12291216+9118384 i8355287 u20340529 u0 t3.645
Idx1+ lookups: 10010989 
Idx1+ positiv: 1325285 
Idx1+ found  : 1325285 
197847 180000 66 4 w456034 r1087654 m1157082 f1171 r31190694 p500
 26594805=4977567+13035840+9687961 i8800877 u21648837 u0 t3.639
208776 190000 66 4 w514201 r1214297 m1288554 f1282 r33730825 p500
 28107430=5261667+13783743+10232285 i9242517 u22940730 u0 t3.816
219728 200000 66 4 w567738 r1340452 m1418880 f1387 r36054726 p500
 29612928=5546285+14529981+10770299 i9679782 u24229836 u0 t3.764
Idx1+ lookups: 11621639 
Idx1+ positiv: 1671900 
Idx1+ found  : 1671900 
230584 210000 66 4 w628405 r1477372 m1560322 f1507 r38595230 p500
 31176719=5839236+15302598+11333221 i10127173 u25573869 u0 t3.962
241548 220000 66 4 w688797 r1613463 m1700452 f1625 r40953016 p500
 32683216=6122373+16045650+11876729 i10560684 u26866454 u0 t3.801
252514 230000 66 4 w757663 r1764548 m1856286 f1759 r43662689 p500
 34281334=6415992+16823378+12467909 i11011556 u28242798 u0 t4.137
Idx1+ lookups: 13241861 
Idx1+ positiv: 2043570 
Idx1+ found  : 2043570 
263483 240000 66 4 w821354 r1908814 m2004372 f1886 r46041751 p500
 35779646=6698842+17564571+13004988 i11440135 u29531606 u0 t3.858
274496 250000 66 4 w890029 r2063346 m2163067 f2027 r48611769 p500
 37310769=6986369+18323484+13553505 i11876641 u30849726 u0 t3.999
285461 260000 66 4 w967669 r2226519 m2330794 f2183 r51305604 p500
 38803051=7268863+19066410+14083606 i12299710 u32138128 u0 t4.04
Idx1+ lookups: 14880304 
Idx1+ positiv: 2442558 
Idx1+ found  : 2442557 
296415 270000 66 4 w1033074 r2380187 m2488221 f2312 r53675631 p500
 40291660=7548931+19800727+14620226 i12719617 u33423835 u0 t3.862
307437 280000 66 4 w1112199 r2547853 m2660203 f2471 r56323495 p500
 41798390=7832680+20548382+15159093 i13142025 u34728685 u0 t4.067
318462 290000 66 4 w1192841 r2725715 m2842407 f2632 r59032752 p500
 43400958=8135339+21341253+15733409 i13591134 u36116205 u0 t4.271
Idx1+ lookups: 16525476 
Idx1+ positiv: 2860699 
Idx1+ found  : 2860698 
329483 300000 66 4 w1275349 r2911505 m3032564 f2800 r61814650 p500
 45028067=8442234+22155263+16308545 i14053075 u37520931 u0 t4.38
340525 310000 66 4 w1363410 r3094969 m3220360 f2976 r64515127 p500
 46615498=8738046+22934138+16886727 i14489506 u38901705 u0 t4.297
Idx1+ lookups: 18164514 
Idx1+ positiv: 3287864 
Idx1+ found  : 3287863 
351480 320000 94 4 w1445636 r3281395 m3411103 f3143 r67224958 p500
 48198444=9038935+23721499+17447383 i14924286 u40281191 u0 t4.288
362496 330000 94 4 w1533206 r3469856 m3603968 f3315 r69937750 p500
 49733444=9330284+24482692+17993474 i15348084 u41617139 u0 t4.245
373551 340000 94 4 w1627060 r3666689 m3805186 f3507 r72746600 p500
 51290420=9626097+25253246+18550462 i15776823 u42973431 u0 t4.417
Idx1+ lookups: 19817451 
Idx1+ positiv: 3737528 
Idx1+ found  : 3737526 
384689 350000 94 4 w1719303 r3866325 m4009188 f3695 r75520123 p500
 52863841=9922129+26021395+19125405 i16211252 u44340451 u0 t4.378
395874 360000 94 4 w1820637 r4075733 m4223141 f3902 r78407821 p500
 54481113=10221859+26805577+19724920 i16659778 u45741061 u0 t4.598
406862 370000 94 4 w1915374 r4283542 m4435281 f4092 r81237152 p500
 56127737=10531055+27599843+20335875 i17111954 u47171665 u0 t4.519
Idx1+ lookups: 21483545 
Idx1+ positiv: 4196713 
Idx1+ found  : 4196710 
417894 380000 94 4 w2014769 r4496638 m4652872 f4293 r84101800 p500
 57710652=10827571+28373736+20913921 i17550060 u48545625 u0 t4.7
428912 390000 94 4 w2117564 r4711731 m4872337 f4503 r86950962 p500
 59267668=11118998+29134387+21483671 i17976993 u49900768 u0 t4.464
439874 400000 94 4 w2221531 r4930113 m5095105 f4713 r89823417 p500
 60798949=11403897+29878773+22048738 i18389886 u51239419 u0 t4.584
Idx1+ lookups: 23153345 
Idx1+ positiv: 4673422 
Idx1+ found  : 4673419 
450859 410000 94 4 w2316646 r5140366 m5309271 f4909 r92509255 p500
 62344803=11692810+30638301+22610561 i18812380 u52587232 u0 t4.448
461847 420000 94 4 w2416437 r5353620 m5526456 f5112 r95214591 p500
 63844431=11974358+31373784+23155226 i19219115 u53897765 u0 t4.399
472807 430000 94 4 w2535080 r5596312 m5773751 f5355 r98322012 p500
 65437780=12274970+32155539+23733015 i19647666 u55293921 u0 t4.908
Idx1+ lookups: 24826846 
Idx1+ positiv: 5165140 
Idx1+ found  : 5165137 
483790 440000 94 4 w2635426 r5824521 m6005755 f5562 r101041902 p500
 67045767=12575174+32948774+24314528 i20083492 u56700280 u0 t4.624
494708 450000 94 4 w2766497 r6094366 m6280853 f5830 r104463791 p500
 68699472=12883619+33764275+24912530 i20527372 u58150457 u0 t5.294
Idx1+ lookups: 26512306 
Idx1+ positiv: 5675265 
Idx1+ found  : 5675262 
505590 460000 94 4 w2879612 r6339144 m6529433 f6063 r107317676 p500
 70351532=13192036+34579703+25508940 i20970533 u59600197 u0 t4.836
516566 470000 94 4 w3004968 r6605317 m6800403 f6319 r110577582 p500
 71990802=13497983+35383004+26106829 i21406006 u61040699 u0 t5.176
527520 480000 94 4 w3127662 r6867143 m7066568 f6570 r113666747 p500
 73645399=13806248+36198720+26705964 i21848386 u62493062 u0 t4.97
Idx1+ lookups: 28195541 
Idx1+ positiv: 6195731 
Idx1+ found  : 6195728 
538466 490000 94 4 w3238979 r7124568 m7327937 f6802 r116628936 p500
 75322036=14118226+37019796+27319560 i22291198 u63969022 u0 t5.063
549399 500000 94 4 w3377315 r7411056 m7619186 f7083 r119992143 p500
 77023425=14443739+37852951+27939452 i22739713 u65468188 u0 t5.274
Idx1+ lookups: 29878815 
Idx1+ positiv: 6728586 
Idx1+ found  : 6728583 
560288 510000 94 4 w3500711 r7685523 m7897973 f7337 r123138636 p500
 78683779=14754211+38673947+28537979 i23175074 u66935019 u0 t6.271
571192 520000 94 4 w3624159 r7955791 m8172197 f7592 r126170830 p500
 80352712=15063905+39495351+29144443 i23615138 u68405648 u0 t5.009
582148 530000 94 4 w3763933 r8248530 m8469468 f7882 r129497774 p500
 82036336=15378372+40322769+29756566 i24055898 u69892902 u0 t5.312
Idx1+ lookups: 31564675 
Idx1+ positiv: 7271649 
Idx1+ found  : 7271645 
593039 540000 94 4 w3890373 r8535605 m8760574 f8143 r132671685 p500
 83771290=15699382+41171815+30392891 i24502016 u71431902 u0 t5.308
604123 550000 94 4 w4022550 r8809978 m9039375 f8414 r135748710 p500
 85292841=15985696+41911091+30952926 i24892730 u72782467 u0 t5.023
615220 560000 94 4 w4123913 r9029244 m9262027 f8623 r138191311 p500
 86578406=16228956+42541143+31420369 i25220409 u73927540 u0 t4.52
Idx1+ lookups: 33224777 
Idx1+ positiv: 7816157 
Idx1+ found  : 7816153 
626410 570000 94 4 w4225208 r9247689 m9483705 f8832 r140567816 p500
 87844101=16466215+43152805+31889826 i25539748 u75056102 u0 t3.915
637646 580000 94 4 w4307781 r9442317 m9680980 f9005 r142683481 p500
 89076810=16700413+43755344+32338702 i25850251 u76157717 u0 t3.825
648847 590000 94 4 w4414049 r9666441 m9908470 f9223 r145158724 p500
 90374030=16941574+44376422+32827115 i26161957 u77327724 u0 t3.955
660023 600000 94 4 w4508211 r9870792 m10115692 f9417 r147376477 p500
 91532382=17161983+44938682+33251932 i26450897 u78365274 u0 t3.802
Idx1+ lookups: 34850888 
Idx1+ positiv: 8359313 
Idx1+ found  : 8359308 
671169 610000 94 4 w4597035 r10068896 m10316554 f9600 r149489694 p500
 92677881=17380618+45496976+33670550 i26735788 u79392552 u0 t3.602
682330 620000 94 4 w4694394 r10276338 m10526968 f9799 r151723036 p500
 93822077=17600425+46050280+34090645 i27017530 u80420625 u0 t3.773
693457 630000 94 4 w4793971 r10491986 m10745667 f10001 r154045402 p500
 95055697=17831544+46649550+34545330 i27315757 u81533916 u0 t4.204
Idx1+ lookups: 36472111 
Idx1+ positiv: 8911064 
Idx1+ found  : 8911058 
704731 640000 94 4 w4889250 r10705355 m10962006 f10197 r156289690 p500
 96294487=18063003+47246521+35007532 i27615794 u82650360 u0 t3.79
715916 650000 94 4 w4984134 r10911697 m11171283 f10394 r158473545 p500
 97439920=18281492+47802828+35427035 i27896451 u83681716 u0 t3.685
727122 660000 94 4 w5092045 r11142273 m11405043 f10614 r160917920 p500
 98670868=18515586+48399959+35879326 i28194450 u84793007 u0 t4.094
738273 670000 94 4 w5185122 r11351243 m11616566 f10806 r163075286 p500
 99875743=18744879+48985343+36321344 i28486533 u85881205 u0 t3.793
Idx1+ lookups: 38091103 
Idx1+ positiv: 9474110 
Idx1+ found  : 9474104 
749495 680000 94 4 w5277559 r11559221 m11827270 f10996 r165233145 p500
 101042383=18969139+49551143+36748337 i28766009 u86938406 u0 t3.757
760693 690000 94 4 w5385737 r11789452 m12060580 f11221 r167631107 p500
 102254980=19199662+50136770+37196455 i29060532 u88031807 u0 t4.603
771972 700000 94 4 w5487325 r12014431 m12288549 f11433 r169954854 p500
 103465720=19428892+50723315+37642786 i29355714 u89122846 u0 t3.833
783287 710000 94 4 w5585831 r12232266 m12509248 f11637 r172195186 p500
 104639900=19653350+51296043+38070532 i29640455 u90183392 u0 t3.852
Idx1+ lookups: 39723298 
Idx1+ positiv: 10045221 
Idx1+ found  : 10045214 
794503 720000 94 4 w5678928 r12444993 m12724626 f11832 r174343259 p500
 105795637=19874772+51860524+38490375 i29922013 u91226226 u0 t3.775
805629 730000 94 4 w5794446 r12685278 m12968140 f12068 r176818753 p500
 107012879=20104345+52440052+38949652 i30215358 u92323877 u0 t4.103
816809 740000 94 4 w5885337 r12891258 m13176680 f12256 r178893636 p500
 108170750=20322040+52988329+39390324 i30489392 u93371617 u0 t3.672
Idx1+ lookups: 41338747 
Idx1+ positiv: 10619956 
Idx1+ found  : 10619949 
827890 750000 94 4 w5983953 r13108986 m13397210 f12459 r181133208 p500
 109346023=20541989+53535547+39846975 i30760179 u94440650 u0 t3.784
839058 760000 94 4 w6079683 r13320526 m13611367 f12655 r183241451 p500
 110457274=20754203+54068761+40260181 i31021000 u95451347 u0 t3.735
850231 770000 94 4 w6174707 r13540901 m13834536 f12854 r185454067 p500
 111644530=20977813+54640699+40701567 i31303312 u96526938 u0 t3.81
861324 780000 94 4 w6275531 r13757892 m14054259 f13061 r187611239 p500
 112756712=21190675+55177904+41111668 i31571161 u97532357 u0 t3.604
Idx1+ lookups: 42960098 
Idx1+ positiv: 11203569 
Idx1+ found  : 11203562 
872344 790000 94 4 w6372328 r13975213 m14274276 f13260 r189803952 p500
 113901230=21409743+55727856+41536166 i31839797 u98573829 u0 t3.647
883522 800000 94 4 w6480926 r14207154 m14509103 f13485 r192093651 p500
 115052446=21630279+56283615+41960828 i32110410 u99621261 u0 t3.879
894714 810000 94 4 w6577952 r14423664 m14728406 f13685 r194249736 p500
 116160183=21843397+56812897+42374928 i32373380 u100625632 u0 t3.718
905844 820000 94 4 w6680923 r14646259 m14953569 f13898 r196417191 p500
 117283223=22058021+57355645+42788962 i32637207 u101647321 u0 t3.763
Idx1+ lookups: 44580212 
Idx1+ positiv: 11795021 
Idx1+ found  : 11795014 
916882 830000 94 4 w6793478 r14899838 m15210351 f14131 r198912575 p500
 118549967=22298052+57962861+43262652 i32939227 u102793578 u0 t4.276
927964 840000 94 4 w6902476 r15139342 m15452648 f14360 r201241907 p500
 119743936=22526809+58544733+43697164 i33228559 u103872515 u0 t3.963
939033 850000 94 4 w7020549 r15401890 m15718345 f14607 r203791665 p500
 121004026=22765154+59154770+44162145 i33533177 u105010081 u0 t4.257
950128 860000 94 4 w7142643 r15662691 m15982164 f14857 r206317482 p500
 122238911=23000263+59758465+44610481 i33833708 u106124322 u0 t4.247
Idx1+ lookups: 46248859 
Idx1+ positiv: 12406001 
Idx1+ found  : 12405994 
961260 870000 94 4 w7251612 r15906887 m16229170 f15082 r208656484 p500
 123458245=23233306+60350981+45056196 i34127995 u107226286 u0 t4.163
972424 880000 94 4 w7357361 r16151620 m16476717 f15300 r211005166 p500
 124673076=23464513+60935225+45507237 i34420488 u108323539 u0 t4.069
983571 890000 94 4 w7480502 r16415610 m16743855 f15559 r213553461 p500
 125884344=23693920+61524697+45951042 i34714677 u109415990 u0 t4.358
Idx1+ lookups: 47916738 
Idx1+ positiv: 13021701 
Idx1+ found  : 13021694 
994789 900000 94 4 w7591284 r16661487 m16992500 f15790 r215898237 p500
 127057734=23916914+62089299+46386563 i34991034 u110482280 u0 t4.272
1005944 910000 94 4 w7700785 r16905127 m17238970 f16018 r218206985 p500
 128303145=24152135+62684289+46852631 i35270829 u111626142 u0 t3.955
1017100 920000 94 4 w7804724 r17140604 m17477050 f16234 r220455131 p500
 129430532=24368313+63227679+47268900 i35535901 u112651762 u0 t3.912
1028294 930000 94 4 w7907156 r17369356 m17708336 f16450 r222603744 p500
 130528677=24578028+63757612+47674284 i35794648 u113650106 u0 t3.826
Idx1+ lookups: 49541015 
Idx1+ positiv: 13631300 
Idx1+ found  : 13631292 
1039422 940000 94 4 w8021522 r17620231 m17961969 f16686 r224971599 p500
 131687827=24798360+64320403+48099629 i36069604 u114702429 u0 t4.028
1050473 950000 94 4 w8126114 r17860696 m18205087 f16903 r227205065 p500
 132854633=25020472+64887893+48525919 i36342971 u115765288 u0 t4.704
1061568 960000 94 4 w8236069 r18110891 m18458031 f17133 r229543800 p500
 134043070=25250333+65467521+48956681 i36614938 u116856131 u0 t4
1072599 970000 94 4 w8351478 r18371672 m18721681 f17375 r231954856 p500
 135291847=25485760+66067542+49422293 i36901300 u117997573 u0 t4.109
Idx1+ lookups: 51166869 
Idx1+ positiv: 14244857 
Idx1+ found  : 14244849 
1083733 980000 94 4 w8454782 r18607398 m18960024 f17588 r234128096 p500
 136399100=25701026+66611278+49818919 i37158670 u119010469 u0 t3.908
1094785 990000 94 4 w8576010 r18860868 m19216362 f17838 r236489699 p500
 137519050=25917257+67155540+50227043 i37420846 u120031696 u0 t4.207
1105876 1000000 94 4 w8669296 r19096254 m19454138 f18030 r238644849 p500
 138665713=26137695+67717784+50640862 i37690289 u121077303 u0 t3.774
Idx1+ lookups: 52818796 
Idx1+ positiv: 14875093 
Idx1+ found  : 14875085 
1117034 1010000 94 4 w8795247 r19360105 m19721039 f18292 r241090393 p500
 139787403=26354448+68264708+51048328 i37954909 u122098052 u0 t4.173
1128112 1020000 94 4 w8902911 r19608198 m19971719 f18514 r243331920 p500
 140921791=26573668+68822755+51454807 i38224007 u123130381 u0 t3.851
1139060 1030000 94 4 w9026514 r19886316 m20252775 f18771 r245846827 p500
 142169262=26814500+69435817+51902697 i38524765 u124260263 u0 t4.31
1150007 1040000 94 4 w9165694 r20200548 m20570332 f19058 r248721068 p500
 143561529=27079998+70114418+52410413 i38859534 u125519697 u0 t5.009
Idx1+ lookups: 54508991 
Idx1+ positiv: 15515984 
Idx1+ found  : 15515975 
1160894 1050000 94 4 w9317576 r20532009 m20905292 f19374 r251696023 p500
 144998334=27351326+70820475+52930359 i39209577 u126815799 u0 t5.307
1171814 1060000 94 4 w9445676 r20836304 m21212793 f19643 r254406896 p500
 146379096=27613815+71499763+53428048 i39545757 u128061949 u0 t4.987
1182789 1070000 94 4 w9595720 r21167941 m21548029 f19951 r257398539 p500
 147771413=27879098+72187374+53926681 i39884722 u129319424 u0 t4.968
Idx1+ lookups: 56216153 
Idx1+ positiv: 16164626 
Idx1+ found  : 16164616 
1193726 1080000 94 4 w9744753 r21493577 m21877104 f20260 r260287233 p500
 149134067=28139227+72857138+54417549 i40214397 u130551546 u0 t4.942
1204582 1090000 94 4 w9894735 r21830595 m22217796 f20575 r263286750 p500
 150558189=28410800+73563244+54924922 i40561217 u131837925 u0 t5.245
1215452 1100000 94 4 w10035640 r22160644 m22551049 f20871 r266194640 p500
 152005113=28686816+74275924+55445128 i40906988 u133150145 u0 t5.231
Idx1+ lookups: 57926317 
Idx1+ positiv: 16821209 
Idx1+ found  : 16821199 
1226363 1110000 94 4 w10193354 r22517718 m22911682 f21199 r269317579 p500
 153500823=28969235+75014161+55983169 i41268415 u134503126 u0 t5.628
1237247 1120000 94 4 w10353485 r22872748 m23270336 f21532 r272462418 p500
 154937436=29243149+75724625+56496704 i41611650 u135806953 u0 t5.151
1248176 1130000 94 4 w10508699 r23221975 m23623027 f21859 r275475535 p500
 156402735=29522272+76447278+57022338 i41964174 u137134187 u0 t5.327
Idx1+ lookups: 59639940 
Idx1+ positiv: 17483507 
Idx1+ found  : 17483495 
1259068 1140000 94 4 w10662664 r23572569 m23977229 f22176 r278535311 p500
 157861130=29797985+77168674+57545265 i42318623 u138451330 u0 t5.468
1269968 1150000 94 4 w10815670 r23925357 m24333539 f22494 r281576390 p500
 159329507=30076803+77900612+58066164 i42673548 u139780528 u0 t5.27
1280888 1160000 94 4 w10980443 r24290014 m24702155 f22841 r284743407 p500
 160787360=30353505+78624948+58585504 i43029449 u141096317 u0 t5.309
Idx1+ lookups: 61363435 
Idx1+ positiv: 18149190 
Idx1+ found  : 18149176 
1291754 1170000 94 4 w11127266 r24640981 m25056395 f23143 r287717088 p500
 162257086=30632524+79353396+59110035 i43385636 u142425597 u0 t5.262
1302652 1180000 94 4 w11303810 r25019795 m25439204 f23509 r291020533 p500
 163740225=30914948+80088433+59638609 i43741114 u143771461 u0 t5.691
1313613 1190000 94 4 w11455069 r25378997 m25801846 f23818 r294060326 p500
 165222365=31196415+80824289+60167001 i44099160 u145113283 u0 t5.598
Idx1+ lookups: 63081472 
Idx1+ positiv: 18817329 
Idx1+ found  : 18817315 
1324596 1200000 94 4 w11615928 r25744916 m26171129 f24155 r297144505 p500
 166705142=31477697+81562307+60693492 i44455545 u146457888 u0 t5.263
1335456 1210000 94 4 w11789076 r26135674 m26565843 f24513 r300476987 p500
 168224635=31765451+82316176+61235830 i44822884 u147832943 u0 t5.699
1346441 1220000 94 4 w11953736 r26514970 m26948736 f24851 r303653255 p500
 169783151=32059976+83084342+61797326 i45192757 u149248871 u0 t5.81
Idx1+ lookups: 64799658 
Idx1+ positiv: 19491011 
Idx1+ found  : 19490997 
1357399 1230000 94 4 w12121495 r26900129 m27337543 f25200 r306900674 p500
 171340127=32353047+83856368+62354089 i45563970 u150662416 u0 t5.73
1368385 1240000 94 4 w12301020 r27307736 m27749067 f25570 r310355049 p500
 172947613=32655799+84649796+62933488 i45945997 u152122257 u0 t5.877
1379469 1250000 94 4 w12485514 r27725758 m28171039 f25950 r313841848 p500
 174578358=32960715+85458237+63518400 i46338200 u153598643 u0 t6.125
Idx1+ lookups: 66519452 
Idx1+ positiv: 20168160 
Idx1+ found  : 20168145 
1390543 1260000 94 4 w12661948 r28132991 m28582074 f26318 r317254632 p500
 176216496=33265768+86260659+64117377 i46725903 u155085677 u0 t6.107
1401635 1270000 94 4 w12841017 r28544176 m28997203 f26689 r320668141 p500
 177844400=33572064+87068311+64699573 i47117952 u156559922 u0 t6.082
Idx1+ lookups: 68239685 
Idx1+ positiv: 20843100 
Idx1+ found  : 20843084 
1412662 1280000 94 4 w13024008 r28958524 m29415587 f27065 r324103695 p500
 179448464=33876559+87868585+65267070 i47505012 u158013355 u0 t5.905
1423732 1290000 94 4 w13203120 r29369363 m29830425 f27434 r327528078 p500
 181048818=34176735+88658077+65844470 i47889926 u159462297 u0 t6.084
1434749 1300000 94 4 w13393236 r29794732 m30259803 f27828 r331031378 p500
 182708017=34486060+89473649+66447223 i48286613 u160965615 u0 t6.375
Idx1+ lookups: 69962994 
Idx1+ positiv: 21517152 
Idx1+ found  : 21517136 
1445738 1310000 94 4 w13583908 r30229141 m30698479 f28220 r334637950 p500
 184393707=34802515+90300279+67060585 i48694248 u162488240 u0 t6.15
1456743 1320000 94 4 w13763558 r30651102 m31124381 f28592 r338116268 p500
 186070233=35117420+91124338+67668658 i49096330 u164006423 u0 t6.229
Idx1+ lookups: 71686488 
Idx1+ positiv: 22196300 
Idx1+ found  : 22196281 
1467716 1330000 94 4 w13958516 r31098468 m31575851 f28991 r341791013 p500
 187826318=35446440+91987570+68306202 i49515055 u165598738 u0 t6.624
1478847 1340000 94 4 w14168716 r31562218 m32044175 f29427 r345635142 p500
 189576204=35770547+92843092+68948286 i49934408 u167181782 u0 t6.607
1489858 1350000 94 4 w14368570 r32015032 m32501334 f29841 r349355534 p500
 191293706=36091274+93689714+69570365 i50349274 u168734174 u0 t6.361
Idx1+ lookups: 73418782 
Idx1+ positiv: 22878458 
Idx1+ found  : 22878439 
1500812 1360000 94 4 w14545154 r32430822 m32920901 f30207 r352744475 p500
 192945491=36397576+94496222+70177412 i50745859 u170228174 u0 t6.17
1511816 1370000 94 4 w14748871 r32884255 m33378814 f30630 r356491375 p500
 194629037=36712329+95326971+70785495 i51148029 u171754937 u0 t6.613
1522795 1380000 94 4 w14932296 r33312426 m33810935 f31008 r359968799 p500
 196261107=37016280+96132860+71375071 i51540635 u173231607 u0 t6.002
Idx1+ lookups: 75155923 
Idx1+ positiv: 23568003 
Idx1+ found  : 23567983 
1533703 1390000 94 4 w15118093 r33743662 m34246030 f31391 r363495928 p500
 197916580=37324592+96947275+71976458 i51941513 u174726626 u0 t6.609
1544569 1400000 94 4 w15326049 r34200466 m34707142 f31822 r367234201 p500
 199559259=37633478+97759355+72566898 i52334226 u176216625 u0 t6.302
Idx1+ lookups: 76905088 
Idx1+ positiv: 24267381 
Idx1+ found  : 24267361 
1555499 1410000 94 4 w15524429 r34660055 m35170934 f32230 r370922848 p500
 201315494=37961628+98624605+73202706 i52753169 u177808860 u0 t6.354
1566395 1420000 94 4 w15719664 r35118300 m35633233 f32630 r374605494 p500
 203040851=38283744+99480615+73821800 i53165353 u179373865 u0 t21.496
1577238 1430000 94 4 w15922573 r35583094 m36102247 f33046 r378296560 p500
 204769957=38606559+100338547+74442479 i53577989 u180942291 u0 t7.827
Idx1+ lookups: 78644604 
Idx1+ positiv: 24964798 
Idx1+ found  : 24964775 
1588118 1440000 98 4 w16140278 r36069442 m36593108 f33498 r382200816 p500
 206501964=38930451+101195825+75064964 i53993420 u182511161 u0 t7.308
1598949 1450000 98 4 w16345716 r36543961 m37071756 f33920 r385988795 p500
 208268958=39258963+102068645+75703593 i54412957 u184115616 u0 t7.678
Idx1+ lookups: 80384249 
Idx1+ positiv: 25668061 
Idx1+ found  : 25668033 
1609797 1460000 98 4 w16560682 r37030279 m37562333 f34364 r389861355 p500
 210044947=39588611+102945770+76346406 i54831471 u185730614 u0 t6.599
1620630 1470000 98 4 w16768013 r37510604 m38046849 f34789 r393665223 p500
 211794585=39917933+103814704+76971470 i55243359 u187323775 u0 t6.506
1631477 1480000 98 4 w16955653 r37966422 m38506415 f35178 r397237142 p500
 213544045=40245037+104679189+77602221 i55657311 u188913504 u0 t8.234
Idx1+ lookups: 82121135 
Idx1+ positiv: 26376019 
Idx1+ found  : 26375988 
1642373 1490000 98 4 w17179008 r38470389 m39014839 f35636 r401259495 p500
 215341282=40581295+105569208+78248299 i56079451 u190550421 u0 t6.804
1653233 1500000 98 4 w17404885 r38973951 m39522872 f36096 r405220064 p500
 217140861=40916401+106459891+78897104 i56501540 u192189892 u0 t6.734
Idx1+ lookups: 83854330 
Idx1+ positiv: 27084728 
Idx1+ found  : 27084695 
1664130 1510000 98 4 w17612761 r39457704 m40010763 f36528 r409035078 p500
 218918863=41246819+107335188+79542979 i56915350 u193811595 u0 t8.75
1675034 1520000 98 4 w17815908 r39938229 m40495340 f36952 r412764868 p500
 220707784=41578832+108217124+80191733 i57332599 u195442737 u0 t6.51
1685958 1530000 98 4 w18044375 r40454938 m41016605 f37421 r416855312 p500
 222527080=41916354+109112653+80853015 i57755811 u197102563 u0 t7.401
Idx1+ lookups: 85579770 
Idx1+ positiv: 27794683 
Idx1+ found  : 27794647 
1696847 1540000 98 4 w18265804 r40953585 m41519553 f37879 r420771555 p500
 224315178=42247473+109988212+81508049 i58172133 u198732163 u0 t8.125
1707676 1550000 98 4 w18486883 r41465571 m42035982 f38338 r424800026 p500
 226145550=42585444+110889061+82174592 i58600272 u200398953 u0 t6.84
Idx1+ lookups: 87318833 
Idx1+ positiv: 28514021 
Idx1+ found  : 28513979 
1718573 1560000 98 4 w18700604 r41968415 m42543009 f38779 r428695561 p500
 227977335=42923424+111787999+82844857 i59025674 u202069153 u0 t6.682
1729487 1570000 98 4 w18921831 r42474959 m43053946 f39237 r432647910 p500
 229753615=43251320+112659502+83494703 i59437019 u203690529 u0 t9.564
Idx1+ lookups: 89051021 
Idx1+ positiv: 29234633 
Idx1+ found  : 29234588 
1740347 1580000 98 4 w19148817 r42986966 m43570306 f39704 r436627989 p500
 231553104=43584046+113540125+84154536 i59853147 u205333366 u0 t6.811
1751207 1590000 98 4 w19382429 r43512004 m44099780 f40190 r440696146 p500
 233379940=43922520+114439161+84819335 i60275743 u207001500 u0 t7.293
1762023 1600000 98 4 w19594784 r44014249 m44606121 f40623 r444582260 p500
 235155843=44253361+115316780+85460372 i60685625 u208625532 u0 t8.697
Idx1+ lookups: 90788103 
Idx1+ positiv: 29963605 
Idx1+ found  : 29963558 
1772878 1610000 98 4 w19805898 r44507015 m45102873 f41056 r448373772 p500
 236929770=44581602+116184385+86111454 i61094750 u210246344 u0 t6.652
1783723 1620000 98 4 w20023893 r45014297 m45614329 f41507 r452286617 p500
 238688807=44908360+117054935+86745918 i61501536 u211854099 u0 t7.56
Idx1+ lookups: 92525345 
Idx1+ positiv: 30691052 
Idx1+ found  : 30691003 
1794607 1630000 98 4 w20246645 r45525748 m46130009 f41966 r456208787 p500
 240464479=45236722+117925167+87395629 i61912638 u213474476 u0 t8.712
1805498 1640000 98 4 w20468644 r46041459 m46649938 f42429 r460126550 p500
 242254153=45568300+118810419+88042816 i62326190 u215110487 u0 t6.781
1816421 1650000 98 4 w20694867 r46562821 m47175671 f42899 r464136047 p500
 244050465=45899876+119697682+88694298 i62743198 u216749934 u0 t9.57
Idx1+ lookups: 94270158 
Idx1+ positiv: 31423275 
Idx1+ found  : 31423224 
1827273 1660000 98 4 w20911723 r47075987 m47692995 f43348 r468040736 p500
 245854599=46234183+120581771+89354321 i63159054 u218398462 u0 t7.429
1838160 1670000 98 4 w21139317 r47600163 m48221517 f43821 r472050347 p500
 247658504=46569017+121468086+90011465 i63576773 u220045394 u0 t7.274
Idx1+ lookups: 96010199 
Idx1+ positiv: 32155616 
Idx1+ found  : 32155564 
1849005 1680000 98 4 w21361801 r48114553 m48740162 f44279 r475961422 p500
 249430278=46895842+122335533+90661291 i63983129 u221666521 u0 t9.183
1859879 1690000 98 4 w21583366 r48619964 m49249836 f44739 r479791375 p500
 251131279=47212315+123178813+91272934 i64375987 u223222478 u0 t6.658
1870739 1700000 98 4 w21801790 r49130220 m49764071 f45191 r483640011 p500
 252891045=47539369+124052324+91905247 i64780420 u224834149 u0 t6.665
Idx1+ lookups: 97748749 
Idx1+ positiv: 32892630 
Idx1+ found  : 32892576 
1881698 1710000 98 4 w22021482 r49636154 m50274169 f45647 r487477400 p500
 254580511=47855132+124886720+92515242 i65166189 u226383715 u0 t9.693
1892578 1720000 98 4 w22231735 r50133416 m50775321 f46077 r491217762 p500
 256293646=48175630+125733252+93133036 i65556894 u227955833 u0 t7.075
Idx1+ lookups: 99488988 
Idx1+ positiv: 33635017 
Idx1+ found  : 33634959 
1903425 1730000 98 4 w22449129 r50639001 m51284865 f46525 r494981214 p500
 258022915=48497011+126587322+93759138 i65952958 u229540649 u0 t7.99
1914319 1740000 98 4 w22671479 r51166705 m51816839 f46987 r498951113 p500
 259815209=48830592+127465985+94414637 i66361536 u231183047 u0 t8.244
1925121 1750000 98 4 w22902080 r51689216 m52343542 f47458 r502852224 p500
 261541348=49152781+128320704+95035878 i66756651 u232765859 u0 t6.846
Idx1+ lookups: 101230354 
Idx1+ positiv: 34376939 
Idx1+ found  : 34376881 
1936035 1760000 98 4 w23130630 r52218830 m52877244 f47931 r506818600 p500
 263330395=49486167+129206644+95680325 i67169027 u234403012 u0 t9.755
1946942 1770000 98 4 w23342984 r52725819 m53388347 f48373 r510597929 p500
 265050284=49805914+130048834+96309106 i67554860 u235985579 u0 t6.721
Idx1+ lookups: 102966229 
Idx1+ positiv: 35121733 
Idx1+ found  : 35121674 
1957829 1780000 98 4 w23575692 r53251440 m53918153 f48854 r514528199 p500
 266753303=50124838+130892409+96920932 i67943568 u237548692 u0 t7.19
1968722 1790000 98 4 w23794444 r53767017 m54437770 f49303 r518321118 p500
 268493552=50448739+131746780+97555161 i68340567 u239144004 u0 t9.995
1979581 1800000 98 4 w24009550 r54270912 m54945613 f49747 r522109344 p500
 270164288=50760785+132567358+98163038 i68723054 u240674359 u0 t7.865
Idx1+ lookups: 104710674 
Idx1+ positiv: 35869239 
Idx1+ found  : 35869178 
1990482 1810000 98 4 w24205529 r54745624 m55423767 f50152 r525589720 p500
 271830252=51072079+133383609+98770962 i69098778 u242205921 u0 t7.058
2001382 1820000 98 4 w24432026 r55264548 m55946866 f50620 r529476437 p500
 273492871=51381902+134197434+99378998 i69477984 u243729873 u0 t9.287
Idx1+ lookups: 106450416 
Idx1+ positiv: 36618962 
Idx1+ found  : 36618900 
2012247 1830000 98 4 w24640592 r55762787 m56448758 f51055 r533114694 p500
 275187120=51698829+135031055+99993704 i69861153 u245286864 u0 t6.949
2023129 1840000 98 4 w24873534 r56289481 m56979684 f51532 r537021010 p500
 276861603=52011532+135854419+100601958 i70239110 u246826117 u0 t9.74
2034053 1850000 98 4 w25096427 r56811863 m57506017 f51990 r540873976 p500
 278586086=52334286+136703614+101226354 i70628205 u248412086 u0 t6.687
Idx1+ lookups: 108196093 
Idx1+ positiv: 37376849 
Idx1+ found  : 37376785 
2044917 1860000 98 4 w25308493 r57315675 m58013636 f52428 r544579906 p500
 280251224=52646494+137526857+101826009 i71002148 u249946051 u0 t6.45
2055814 1870000 98 4 w25511265 r57814234 m58515906 f52847 r548201536 p500
 281924750=52958788+138352252+102431703 i71388663 u251476348 u0 t10.774
2066728 1880000 98 4 w25756545 r58350991 m59057126 f53353 r552174638 p500
 283579260=53268199+139169715+103028509 i71761762 u252998551 u0 t7.335
Idx1+ lookups: 109944946 
Idx1+ positiv: 38135779 
Idx1+ found  : 38135715 
2077660 1890000 98 4 w25967637 r58853744 m59563633 f53786 r555820966 p500
 285237044=53579292+139988643+103625286 i72135170 u254524235 u0 t7.711
2088614 1900000 98 4 w26182909 r59367859 m60081640 f54235 r559579704 p500
 286912655=53892335+140810185+104236352 i72511910 u256065270 u0 t26.016
Idx1+ lookups: 111688123 
Idx1+ positiv: 38897222 
Idx1+ found  : 38897153 
2099586 1910000 98 4 w26407592 r59890925 m60608710 f54697 r563409803 p500
 288616243=54209093+141647327+104856783 i72893221 u257634310 u0 t7.226
2110524 1920000 98 4 w26618090 r60390863 m61112455 f55131 r567030643 p500
 290241237=54514629+142446303+105445717 i73258873 u259129503 u0 t10.408
2121483 1930000 98 4 w26843467 r60915743 m61641191 f55595 r570819096 p500
 291923570=54829825+143276743+106052519 i73640511 u260675228 u0 t7.42
Idx1+ lookups: 113429366 
Idx1+ positiv: 39654850 
Idx1+ found  : 39654775 
2132440 1940000 98 4 w27058872 r61425832 m62155122 f56037 r574517091 p500
 293565784=55136148+144083806+106649839 i74009602 u262186304 u0 t6.737
2143340 1950000 98 4 w27282448 r61946495 m62679626 f56494 r578272850 p500
 295239019=55448867+144906211+107257969 i74385771 u263726310 u0 t10.485
2154286 1960000 98 4 w27501782 r62456313 m63193281 f56951 r581977091 p500
 296860107=55753648+145703015+107845359 i74748134 u265220920 u0 t7.04
Idx1+ lookups: 115171541 
Idx1+ positiv: 40417371 
Idx1+ found  : 40417289 
2165157 1970000 98 4 w27705365 r62938492 m63679084 f57368 r585451039 p500
 298412591=56044542+146464173+108410700 i75093465 u266652978 u0 t7.38
2176142 1980000 98 4 w27902364 r63418147 m64162143 f57772 r588913667 p500
 299979496=56338337+147235354+108978397 i75442684 u268098498 u0 t8.709
Idx1+ lookups: 116915316 
Idx1+ positiv: 41186697 
Idx1+ found  : 41186614 
2187090 1990000 98 4 w28125762 r63942084 m64690042 f58230 r592692861 p500
 301618575=56644428+148044181+109570873 i75812331 u269606279 u0 t6.525
2198031 2000000 98 4 w28330319 r64427967 m65179503 f58645 r596173377 p500
 303185210=56938923+148817650+110135184 i76164325 u271049567 u0 t10.258
2208970 2010000 98 4 w28552526 r64932508 m65687916 f59100 r599789326 p500
 304752540=57232180+149587337+110705170 i76511988 u272496480 u0 t7.204
Idx1+ lookups: 118656941 
Idx1+ positiv: 41950717 
Idx1+ found  : 41950633 
2219875 2020000 98 4 w28764290 r65436346 m66195460 f59536 r603389186 p500
 306334455=57532948+150371332+111270400 i76865970 u273955978 u0 t7.414
2230717 2030000 98 4 w28951751 r65902195 m66664517 f59918 r606674755 p500
 307845651=57817948+151122157+111809532 i77201841 u275352643 u0 t20.636
2241553 2040000 98 4 w29163301 r66396933 m67162887 f60350 r610205381 p500
 309373570=58105978+151881084+112355392 i77546215 u276759796 u0 t6.206
Idx1+ lookups: 120409546 
Idx1+ positiv: 42726420 
Idx1+ found  : 42726329 
2252478 2050000 98 4 w29374352 r66894452 m67664123 f60785 r613741898 p500
 310917801=58397346+152645204+112909519 i77892474 u278183682 u0 t6.992
2263400 2060000 98 4 w29579782 r67385219 m68158405 f61204 r617242588 p500
 312460636=58688083+153405052+113466755 i78236545 u279607196 u0 t10.03
2274335 2070000 98 4 w29781248 r67872407 m68648910 f61616 r620702546 p500
 314006113=58979074+154169481+114021866 i78578194 u281036909 u0 t6.744
Idx1+ lookups: 122155087 
Idx1+ positiv: 43504029 
Idx1+ found  : 43503933 
2285238 2080000 98 4 w29997852 r68359684 m69139675 f62058 r624156797 p500
 315479761=59257781+154893633+114554732 i78902894 u282400944 u0 t7.385
2296195 2090000 98 4 w30192558 r68838583 m69621890 f62456 r627526331 p500
 317001742=59547160+155648315+115097246 i79238613 u283810250 u0 t8.752
2307093 2100000 98 4 w30399319 r69337163 m70123898 f62880 r631039761 p500
 318548784=59841585+156419314+115645210 i79578215 u285245719 u0 t6.242
Idx1+ lookups: 123891654 
Idx1+ positiv: 44280169 
Idx1+ found  : 44280068 
2317991 2110000 98 4 w30607870 r69827698 m70617880 f63309 r634495640 p500
 320065310=60129116+157167613+116190543 i79911397 u286650940 u0 t10.236
2328915 2120000 98 4 w30816498 r70309024 m71102663 f63738 r637867213 p500
 321540226=60409484+157900375+116714932 i80237908 u288015891 u0 t6.921
Idx1+ lookups: 125633584 
Idx1+ positiv: 45055762 
Idx1+ found  : 45055657 
2339889 2130000 98 4 w31019966 r70803824 m71600881 f64158 r641355738 p500
 323065272=60697602+158658425+117258241 i80578454 u289424418 u0 t7.066
2350849 2140000 98 4 w31215173 r71281378 m72081669 f64559 r644671875 p500
 324569276=60981045+159406540+117794073 i80911032 u290816380 u0 t9.467
2361818 2150000 98 4 w31421136 r71767108 m72570799 f64979 r648084647 p500
 326046163=61261072+160142425+118317711 i81240088 u292181957 u0 t6.332
Idx1+ lookups: 127376039 
Idx1+ positiv: 45833553 
Idx1+ found  : 45833442 
2372703 2160000 98 4 w31645019 r72278918 m73086273 f65434 r651683080 p500
 327582195=61550056+160900281+118871928 i81578790 u293603037 u0 t6.293
2383611 2170000 98 4 w31823816 r72729798 m73540127 f65800 r654789087 p500
 329020933=61822910+161615512+119384128 i81895991 u294936112 u0 t10.272
2394538 2180000 98 4 w32033141 r73215815 m74029692 f66227 r658210234 p500
 330471640=62098697+162341500+119894769 i82218660 u296278551 u0 t6.473
Idx1+ lookups: 129120902 
Idx1+ positiv: 46612956 
Idx1+ found  : 46612836 
2405448 2190000 98 4 w32269055 r73750951 m74568745 f66707 r661951700 p500
 332047282=62396171+163128686+120452548 i82566620 u297738116 u0 t8.066
2416385 2200000 98 4 w32456992 r74229510 m75050345 f67088 r665242968 p500
 333572677=62685022+163886371+120996698 i82901725 u299152138 u0 t8.979
2427291 2210000 98 4 w32663723 r74714833 m75539036 f67511 r668645875 p500
 335055154=62966105+164620723+121527332 i83227442 u300526146 u0 t6.344
Idx1+ lookups: 130861437 
Idx1+ positiv: 47392792 
Idx1+ found  : 47392666 
2438224 2220000 98 4 w32868957 r75205705 m76033174 f67928 r672023081 p500
 336562228=63251799+165373345+122060347 i83561023 u301921585 u0 t9.526
2449156 2230000 98 4 w33079047 r75711401 m76542308 f68358 r675551189 p500
 338098470=63544181+166137065+122607037 i83897955 u303346424 u0 t8.508
2460085 2240000 98 4 w33293785 r76226214 m77060584 f68799 r679104613 p500
 339674657=63843460+166921569+123166530 i84246605 u304805317 u0 t6.895
Idx1+ lookups: 132604257 
Idx1+ positiv: 48174682 
Idx1+ found  : 48174553 
2471031 2250000 98 4 w33524562 r76771844 m77610144 f69272 r682919938 p500
 341328221=64154313+167736404+123763464 i84611620 u306334467 u0 t11.338
2481891 2260000 98 4 w33745201 r77295292 m78137274 f69723 r686557254 p500
 342920094=64455060+168519044+124339193 i84959304 u307810059 u0 t7.003
2492839 2270000 98 4 w33956316 r77812416 m78657853 f70156 r690128362 p500
 344524932=64756130+169308970+124920291 i85309775 u309298351 u0 t7.479
Idx1+ lookups: 134342436 
Idx1+ positiv: 48957932 
Idx1+ found  : 48957795 
2503770 2280000 98 4 w34191147 r78360868 m79210013 f70635 r693900295 p500
 346165173=65065475+170120749+125508611 i85671339 u310816684 u0 t10.471
2514685 2290000 98 4 w34426103 r78908513 m79761529 f71111 r697730043 p500
 347777859=65367628+170914357+126092672 i86023689 u312312013 u0 t6.69
Idx1+ lookups: 136084929 
Idx1+ positiv: 49746561 
Idx1+ found  : 49746414 
2525687 2300000 98 4 w34633238 r79429258 m80285614 f71530 r701298407 p500
 349430556=65676533+171726819+126692647 i86382908 u313844929 u0 t11.49
2536614 2310000 98 4 w34849434 r79963036 m80822995 f71969 r704966852 p500
 351071462=65982636+172534843+127287338 i86743648 u315363584 u0 t7.749
2547690 2320000 98 4 w35097571 r80540120 m81404110 f72475 r708959541 p500
 352775789=66300993+173374078+127904919 i87120768 u316938015 u0 t10.266
Idx1+ lookups: 137832725 
Idx1+ positiv: 50531482 
Idx1+ found  : 50531322 
2558712 2330000 98 4 w35346670 r81117516 m81985677 f72983 r712958726 p500
 354479327=66619347+174214406+128520924 i87495675 u318514100 u0 t19.846
2569709 2340000 98 4 w35577557 r81667829 m82539797 f73451 r716743997 p500
 356119816=66929029+175032721+129102657 i87856543 u320035071 u0 t7.802
2580699 2350000 98 4 w35811846 r82238408 m83114150 f73928 r720615872 p500
 357866975=67253212+175889572+129740737 i88240985 u321650920 u0 t12.284
Idx1+ lookups: 139581490 
Idx1+ positiv: 51320292 
Idx1+ found  : 51320124 
2591715 2360000 98 4 w36060945 r82816661 m83696409 f74436 r724649875 p500
 359567798=67570319+176725970+130359050 i88614844 u323224474 u0 t7.162
2602831 2370000 98 4 w36297996 r83397884 m84281511 f74915 r728621293 p500
 361333804=67899239+177596044+130999241 i89005987 u324856070 u0 t12.186
Idx1+ lookups: 141333697 
Idx1+ positiv: 52112465 
Idx1+ found  : 52112287 
2613986 2380000 98 4 w36554877 r83999761 m84887486 f75441 r732785812 p500
 363142494=68230806+178475866+131670096 i89400972 u326529587 u0 t8.084
2624949 2390000 98 4 w36813078 r84605677 m85497729 f75964 r736992225 p500
 364958248=68564735+179361240+132340268 i89805675 u328201880 u0 t12.719
Idx1+ lookups: 143090087 
Idx1+ positiv: 52894020 
Idx1+ found  : 52893828 
2635909 2400000 98 4 w37054986 r85199572 m86095753 f76454 r741057659 p500
 366793742=68902584+180257977+133015990 i90217656 u329889361 u0 t7.751
2646913 2410000 98 4 w37300988 r85780558 m86680778 f76956 r745055743 p500
 368547157=69226360+181113701+133662101 i90609600 u331502995 u0 t7.246
2657884 2420000 98 4 w37548091 r86355102 m87259357 f77455 r749028703 p500
 370250743=69543018+181948977+134283775 i90985193 u333077401 u0 t12.547
Idx1+ lookups: 144842508 
Idx1+ positiv: 53676848 
Idx1+ found  : 53676645 
2668918 2430000 98 4 w37781149 r86914252 m87822378 f77929 r752881992 p500
 371945334=69856854+182774867+134907321 i91358838 u334642138 u0 t10.021
2679809 2440000 98 4 w38007132 r87464227 m88375930 f78392 r756640955 p500
 373593593=70165486+183587194+135502816 i91729724 u336158968 u0 t26.71
2690746 2450000 98 4 w38243804 r88030064 m88945661 f78872 r760533767 p500
 375264732=70476391+184414187+136105363 i92101759 u337701067 u0 t6.824
Idx1+ lookups: 146609173 
Idx1+ positiv: 54469361 
Idx1+ found  : 54469141 
2701594 2460000 98 4 w38484107 r88615350 m89534746 f79357 r764491015 p500
 377026942=70804695+185280946+136745118 i92491786 u339328688 u0 t12.741
2712475 2470000 98 4 w38739267 r89210408 m90133901 f79879 r768566792 p500
 378737275=71123412+186129022+137359567 i92869684 u340910337 u0 t7.857
Idx1+ lookups: 148363593 
Idx1+ positiv: 55265465 
Idx1+ found  : 55265234 
2723357 2480000 98 4 w38997005 r89811409 m90738979 f80397 r772663622 p500
 380487328=71448458+186993347+137992245 i93251576 u342532812 u0 t12.203
2734166 2490000 98 4 w39237509 r90391817 m91323379 f80886 r776605176 p500
 382198024=71767925+187837149+138610940 i93627780 u344116031 u0 t8.856
2745023 2500000 98 4 w39482761 r90986432 m91921713 f81382 r780641674 p500
 383959910=72094368+188705051+139251002 i94010208 u345751125 u0 t9.918
Idx1+ lookups: 150126580 
Idx1+ positiv: 56071560 
Idx1+ found  : 56071314 
2755880 2510000 98 4 w39732534 r91580743 m92519901 f81887 r784687917 p500
 385703183=72418174+189565646+139881674 i94394449 u347363335 u0 t11.316
2766772 2520000 98 4 w39985556 r92186551 m93129743 f82399 r788810395 p500
 387463931=72744988+190431472+140522086 i94780674 u348993336 u0 t9.796
Idx1+ lookups: 151885747 
Idx1+ positiv: 56871395 
Idx1+ found  : 56871127 
2777605 2530000 98 4 w40229229 r92773372 m93720353 f82891 r792760999 p500
 389210244=73071112+191290844+141155276 i95161023 u350612779 u0 t11.545
2788466 2540000 98 4 w40491215 r93386490 m94337575 f83423 r796923154 p500
 390993925=73405001+192169511+141801295 i95550831 u352265166 u0 t8.928
2799329 2550000 98 4 w40759312 r94023771 m94979038 f83965 r801258106 p500
 392854436=73747080+193084041+142481179 i95958264 u353986752 u0 t12.973
Idx1+ lookups: 153639430 
Idx1+ positiv: 57670995 
Idx1+ found  : 57670709 
2810193 2560000 98 4 w40986560 r94600165 m95559070 f84425 r805132169 p500
 394586175=74069906+193939383+143107047 i96342174 u355586081 u0 t7.302
2821115 2570000 98 4 w41257708 r95226887 m96190027 f84975 r809407578 p500
 396373854=74400331+194815983+143761024 i96732268 u357241413 u0 t13.63
Idx1+ lookups: 155403165 
Idx1+ positiv: 58475804 
Idx1+ found  : 58475504 
2832025 2580000 98 4 w41534488 r95867566 m96835134 f85534 r813733725 p500
 398201283=74740010+195716692+144423960 i97132902 u358933274 u0 t8.567
2842894 2590000 98 4 w41778365 r96465384 m97436810 f86028 r817755957 p500
 399960875=75065982+196579442+145067439 i97515732 u360564523 u0 t12.957
Idx1+ lookups: 157164851 
Idx1+ positiv: 59283491 
Idx1+ found  : 59283182 
2853742 2600000 98 4 w42039725 r97096333 m98071894 f86555 r822003296 p500
 401811634=75407233+197492344+145739777 i97920494 u362278564 u0 t9.176
2864632 2610000 98 4 w42297826 r97726871 m98706538 f87078 r826228545 p500
 403667966=75750169+198409680+146411818 i98321291 u364003287 u0 t12.753
2875503 2620000 98 4 w42566823 r98367928 m99351812 f87620 r830563042 p500
 405501187=76090975+199311909+147078283 i98719066 u365704547 u0 t9.201
Idx1+ lookups: 158918595 
Idx1+ positiv: 60090383 
Idx1+ found  : 60090058 
2886360 2630000 98 4 w42843193 r99011380 m99999578 f88177 r834893671 p500
 407318394=76428580+200209416+147736246 i99114419 u367390554 u0 t13.404
2897239 2640000 98 4 w43093651 r99626377 m100618300 f88680 r838989545 p500
 409133084=76766405+201102314+148395438 i99507292 u369074944 u0 t7.919
Idx1+ lookups: 160673555 
Idx1+ positiv: 60898711 
Idx1+ found  : 60898361 
2908079 2650000 98 4 w43361398 r100269628 m101265707 f89221 r843278691 p500
 410998892=77114178+202021249+149071777 i99913404 u370805132 u0 t13.342
2919336 2660000 98 4 w43630926 r100905999 m101906174 f89764 r847565906 p500
 412865095=77458535+202937691+149753790 i100310381 u372543610 u0 t9.004
Idx1+ lookups: 162415194 
Idx1+ positiv: 61700237 
Idx1+ found  : 61699873 
2930193 2670000 98 4 w43907899 r101569529 m102574045 f90327 r852016169 p500
 414758028=77807462+203871479+150441590 i100719429 u374301418 u0 t13.437
2941058 2680000 98 4 w44187239 r102214187 m103222907 f90890 r856346179 p500
 416562298=78141604+204760082+151097021 i101111641 u375974633 u0 t8.423
2951948 2690000 98 4 w44445059 r102839668 m103852399 f91413 r860511643 p500
 418394567=78482060+205663987+151760410 i101506211 u377678190 u0 t13.568
Idx1+ lookups: 164170305 
Idx1+ positiv: 62508876 
Idx1+ found  : 62508488 
2962792 2700000 98 4 w44694618 r103454021 m104470622 f91918 r864608971 p500
 420187245=78815085+206550897+152407374 i101895055 u379342592 u0 t8.937
2973731 2710000 98 4 w44953939 r104074228 m105094699 f92443 r868753920 p500
 421964447=79147445+207422084+153055205 i102272935 u380998690 u0 t11.06
Idx1+ lookups: 165920361 
Idx1+ positiv: 63324133 
Idx1+ found  : 63323723 
2984605 2720000 98 4 w45219467 r104703424 m105727987 f92979 r872961315 p500
 423762171=79480129+208299528+153716891 i102653700 u382673884 u0 t10.91
2995574 2730000 98 4 w45471331 r105315534 m106344008 f93488 r877037227 p500
 425541780=79809047+209170707+154369183 i103036400 u384326856 u0 t9.807
3006468 2740000 98 4 w45743760 r105961842 m106994760 f94036 r881355462 p500
 427360559=80145053+210063381+155033678 i103429260 u386014570 u0 t13.691
Idx1+ lookups: 167671561 
Idx1+ positiv: 64138809 
Idx1+ found  : 64138375 
3017345 2750000 98 4 w45986276 r106560828 m107597402 f94525 r885316327 p500
 429112466=80471448+210929421+155665389 i103806774 u387643734 u0 t13.272
3028291 2760000 98 4 w46247110 r107177300 m108217892 f95045 r889430030 p500
 430853628=80794053+211779723+156304391 i104184442 u389257727 u0 t11.424
Idx1+ lookups: 169430346 
Idx1+ positiv: 64956152 
Idx1+ found  : 64955700 
3039192 2770000 98 4 w46515380 r107790169 m108834864 f95584 r893552658 p500
 432538461=81107787+212604140+156920898 i104543526 u390826255 u0 t15.462
3050078 2780000 98 4 w46732973 r108353341 m109401304 f96023 r897241784 p500
 434247277=81429031+213437682+157545343 i104906358 u392418299 u0 t11.383
3060975 2790000 98 4 w46999443 r108977692 m110029652 f96556 r901419388 p500
 436026715=81761305+214309126+158194410 i105282490 u394077894 u0 t17.123
Idx1+ lookups: 171166655 
Idx1+ positiv: 65766756 
Idx1+ found  : 65766278 
3071909 2800000 98 4 w47242928 r109569245 m110624938 f97043 r905357094 p500
 437724222=82079132+215137533+158816103 i105640625 u395661583 u0 t11.884
3082762 2810000 98 4 w47511301 r110202439 m111262133 f97586 r909585406 p500
 439502098=82407520+216004295+159471644 i106020279 u397314948 u0 t18.844
Idx1+ lookups: 172918400 
Idx1+ positiv: 66589170 
Idx1+ found  : 66588677 
3093667 2820000 98 4 w47755904 r110803531 m111866977 f98082 r913552010 p500
 441252475=82734828+216859883+160111731 i106392603 u398944747 u0 t12.239
3104606 2830000 98 4 w48015922 r111423961 m112491237 f98604 r917682366 p500
 443006883=83060939+217716620+160755196 i106763493 u400580987 u0 t18.55
3115556 2840000 98 4 w48270481 r112029716 m113100853 f99115 r921703992 p500
 444688481=83372733+218538469+161372236 i107118717 u402149643 u0 t12.778
Idx1+ lookups: 174668063 
Idx1+ positiv: 67412825 
Idx1+ found  : 67412308 
3126447 2850000 98 4 w48511675 r112615330 m113690051 f99598 r925553770 p500
 446373566=83687025+219365885+161985484 i107476025 u403721356 u0 t17.683
3137354 2860000 98 4 w48755919 r113207939 m114286410 f100088 r929487721 p500
 448084410=84007360+220203015+162608631 i107835600 u405319342 u0 t12.988
Idx1+ lookups: 176412635 
Idx1+ positiv: 68236629 
Idx1+ found  : 68236086 
3148306 2870000 98 4 w49003260 r113794199 m114876266 f100587 r933398999 p500
 449709146=84311145+221001359+163198792 i108179454 u406835893 u0 t18.998
3159170 2880000 98 4 w49214746 r114342631 m115427718 f101012 r936948603 p500
 451351882=84617909+221801999+163801990 i108525853 u408368887 u0 t13.072
3170031 2890000 98 4 w49486673 r114964895 m116054092 f101558 r941114541 p500
 453013492=84929203+222613413+164410040 i108872174 u409924065 u0 t17.736
Idx1+ lookups: 178155541 
Idx1+ positiv: 69066908 
Idx1+ found  : 69066330 
3180938 2900000 98 4 w49727462 r115548661 m116641330 f102042 r944960060 p500
 454661681=85237778+223419314+165012236 i109213848 u411468736 u0 t13.087
3191816 2910000 98 4 w49977646 r116147712 m117244070 f102545 r948921948 p500
 456350591=85550949+224239011+165637741 i109567159 u413046702 u0 t18.461
3202736 2920000 98 4 w50226537 r116753221 m117853143 f103043 r952913214 p500
 458067183=85872730+225081734+166261324 i109928047 u414650746 u0 t14.761
Idx1+ lookups: 179900790 
Idx1+ positiv: 69897079 
Idx1+ found  : 69896477 
3213588 2930000 98 4 w50473207 r117354206 m118457841 f103533 r956862748 p500
 459765403=86191157+225911227+166882779 i110284611 u416236932 u0 t18.312
3224450 2940000 98 4 w50728730 r117964580 m119072025 f104045 r960887571 p500
 461458958=86506014+226744049+167499073 i110645453 u417814482 u0 t15.689
Idx1+ lookups: 181661157 
Idx1+ positiv: 70730472 
Idx1+ found  : 70729844 
3235384 2950000 98 4 w50989509 r118570789 m119682007 f104570 r964886347 p500
 463116228=86815090+227563975+168096159 i110997740 u419360974 u0 t17.056
3246267 2960000 98 4 w51248006 r119195358 m120310471 f105090 r968985447 p500
 464858603=87140346+228419120+168730537 i111367175 u420986037 u0 t15.662
3257218 2970000 98 4 w51502081 r119813165 m120931970 f105599 r973067167 p500
 466613074=87466190+229282067+169368910 i111734359 u422626988 u0 t11.947
Idx1+ lookups: 183415041 
Idx1+ positiv: 71564079 
Idx1+ found  : 71563406 
3268155 2980000 98 4 w51759831 r120418108 m121540753 f106119 r977059598 p500
 468268376=87775619+230093744+169972379 i112084572 u424171305 u0 t18.372
3278993 2990000 98 4 w52007681 r121025141 m122151418 f106616 r981037755 p500
 469969715=88091511+230926039+170595817 i112440763 u425762039 u0 t11.151
Idx1+ lookups: 185162031 
Idx1+ positiv: 72398216 
Idx1+ found  : 72397508 
3289873 3000000 98 4 w52246176 r121594426 m122724262 f107096 r984779132 p500
 471569970=88391941+231705539+171183343 i112770812 u427263424 u0 t16.556
3300770 3010000 98 4 w52483351 r122182699 m123315955 f107575 r988602527 p500
 473233246=88702602+232525382+171785545 i113122768 u428816792 u0 t11.95
3311716 3020000 98 4 w52744523 r122797580 m123934673 f108094 r992626994 p500
 474884704=89011906+233343669+172378776 i113474944 u430356412 u0 t17.326
Idx1+ lookups: 186926856 
Idx1+ positiv: 73235032 
Idx1+ found  : 73234280 
3322684 3030000 98 4 w52981518 r123382522 m124523053 f108569 r996465083 p500
 476508174=89314099+234142224+172968486 i113820286 u431869921 u0 t11
3333558 3040000 98 4 w53219515 r123968298 m125112260 f109048 r1000278930 p500
 478143366=89618548+234943979+173565228 i114164429 u433397888 u0 t16.476
3344467 3050000 98 4 w53469517 r124555791 m125703435 f109552 r1004108825 p500
 479740737=89918385+235729820+174143829 i114501253 u434890686 u0 t10.849
Idx1+ lookups: 188684440 
Idx1+ positiv: 74073946 
Idx1+ found  : 74073151 
3355390 3060000 98 4 w53706452 r125143862 m126294846 f110030 r1007922901 p500
 481413586=90230624+236550329+174753692 i114852636 u436454452 u0 t16.494
3366284 3070000 98 4 w53941855 r125717615 m126872024 f110506 r1011671939 p500
 482988960=90526560+237328756+175320755 i115182733 u437929165 u0 t10.402
3377177 3080000 98 4 w54178370 r126296140 m127453950 f110979 r1015453415 p500
 484606407=90828041+238120588+175912435 i115520919 u439441441 u0 t16.202
Idx1+ lookups: 190442739 
Idx1+ positiv: 74915789 
Idx1+ found  : 74914944 
3388055 3090000 98 4 w54431997 r126883791 m128045223 f111484 r1019276262 p500
 486152468=91119668+238885764+176466949 i115848385 u440885894 u0 t10.689
3398880 3100000 98 4 w54670273 r127450852 m128615608 f111965 r1022938668 p500
 487684763=91409430+239647791+177012102 i116173705 u442317462 u0 t14.168
Idx1+ lookups: 192207536 
Idx1+ positiv: 75755288 
Idx1+ found  : 75754386 
3409787 3110000 98 4 w54889926 r127997708 m129165729 f112405 r1026463502 p500
 489223743=91698454+240408490+177565964 i116499599 u443754782 u0 t10.904
3420708 3120000 98 4 w55134216 r128576919 m129748515 f112893 r1030232169 p500
 490782966=91991874+241181846+178124362 i116828288 u445213265 u0 t15.112
3431637 3130000 98 4 w55359656 r129141385 m130316279 f113344 r1033877381 p500
 492372061=92290972+241966929+178696725 i117164579 u446697311 u0 t11.217
Idx1+ lookups: 193969616 
Idx1+ positiv: 76597777 
Idx1+ found  : 76596831 
3442607 3140000 98 4 w55605060 r129709856 m130888281 f113833 r1037595983 p500
 493867479=92576410+242705734+179231864 i117478167 u448097727 u0 t13.43
3453456 3150000 98 4 w55837042 r130273040 m131454730 f114299 r1041196588 p500
 495418218=92870797+243475997+179783874 i117804569 u449549735 u0 t12.544
3464366 3160000 98 4 w56071356 r130844046 m132029230 f114767 r1044896489 p500
 496965936=93164715+244245389+180334199 i118132094 u450996707 u0 t12.13
Idx1+ lookups: 195730840 
Idx1+ positiv: 77437911 
Idx1+ found  : 77436927 
3475266 3170000 98 4 w56309535 r131413811 m132602472 f115242 r1048581737 p500
 498503481=93454655+245005791+180885711 i118458639 u452431900 u0 t14.424
3486141 3180000 98 4 w56528386 r131949580 m133141367 f115679 r1052026136 p500
 499986498=93737190+245741376+181413852 i118769220 u453822244 u0 t10.324
3497008 3190000 98 4 w56776565 r132531147 m133726580 f116175 r1055811250 p500
 501529487=94026056+246498293+181975369 i119090150 u455267780 u0 t16.945
Idx1+ lookups: 197485944 
Idx1+ positiv: 78280161 
Idx1+ found  : 78279114 
3507853 3200000 98 4 w57004574 r133086925 m134285690 f116634 r1059398285 p500
 503046559=94315835+247250150+182516197 i119404187 u456693011 u0 t11.583
3518683 3210000 98 4 w57239152 r133646177 m134848098 f117103 r1063014023 p500
 504564868=94603075+248002586+183059009 i119720660 u458117148 u0 t17.417
3529542 3220000 98 4 w57457622 r134195844 m135400886 f117539 r1066527391 p500
 506086306=94893153+248756525+183601588 i120040788 u459541460 u0 t11.639
Idx1+ lookups: 199244922 
Idx1+ positiv: 79128626 
Idx1+ found  : 79127526 
3540480 3230000 98 4 w57692510 r134756510 m135964956 f118009 r1070139349 p500
 507573435=95176490+249498789+184127119 i120354123 u460934287 u0 t19.047
3551409 3240000 98 4 w57936910 r135336543 m136548523 f118497 r1073882851 p500
 509136904=95471887+250274207+184686052 i120682949 u462398294 u0 t13.964
3562370 3250000 98 4 w58155999 r135879028 m137094064 f118934 r1077355201 p500
 510633889=95756816+251017114+185219210 i120996500 u463801118 u0 t18.264
Idx1+ lookups: 201007673 
Idx1+ positiv: 79975295 
Idx1+ found  : 79974127 
3573321 3260000 98 4 w58395943 r136452041 m137670531 f119413 r1081051470 p500
 512154031=96046348+251771059+185761190 i121314788 u465226132 u0 t13.405
3584317 3270000 98 4 w58637218 r137030080 m138251932 f119895 r1084751725 p500
 513711000=96340918+252547891+186312667 i121642189 u466684550 u0 t17.772
Idx1+ lookups: 202768240 
Idx1+ positiv: 80822465 
Idx1+ found  : 80821235 
3595165 3280000 98 4 w58868808 r137593418 m138818699 f120359 r1088394537 p500
 515228612=96629800+253298990+186854771 i121958905 u468107934 u0 t13.994
3606131 3290000 98 4 w59096836 r138159800 m139388322 f120816 r1092006604 p500
 516787712=96926491+254070286+187412396 i122282653 u469571733 u0 t16.443
3617031 3300000 98 4 w59329990 r138722694 m139954577 f121284 r1095625016 p500
 518283261=97210191+254817319+187941237 i122596910 u470973397 u0 t14.973
Idx1+ lookups: 204530942 
Idx1+ positiv: 81670396 
Idx1+ found  : 81669104 
3627996 3310000 98 4 w59564543 r139292417 m140527581 f121754 r1099256279 p500
 519803633=97499274+255577531+188477038 i122918773 u472395971 u0 t13.9
3638920 3320000 98 4 w59804427 r139868507 m141107173 f122232 r1102947795 p500
 521375389=97793280+256352278+189045476 i123247641 u473867170 u0 t16.647
3649881 3330000 98 4 w60033145 r140423850 m141665796 f122692 r1106532029 p500
 522880556=98076303+257096336+189586609 i123559801 u475279827 u0 t11.542
Idx1+ lookups: 206286884 
Idx1+ positiv: 82516003 
Idx1+ found  : 82514642 
3660867 3340000 98 4 w60286228 r141030082 m142275640 f123199 r1110434492 p500
 524491379=98379942+257895171+190162867 i123895873 u476790075 u0 t19.917
3671820 3350000 98 4 w60535841 r141617835 m142866860 f123702 r1114210052 p500
 526041380=98675689+258665765+190712311 i124220574 u478243698 u0 t11.114
3682790 3360000 98 4 w60765839 r142195112 m143447246 f124164 r1117859206 p500
 527659222=98979781+259462353+191297318 i124555539 u479761806 u0 t20.035
Idx1+ lookups: 208042002 
Idx1+ positiv: 83364467 
Idx1+ found  : 83363029 
3693808 3370000 98 4 w61030097 r142824462 m144080404 f124691 r1121921846 p500
 529325956=99293194+260282583+191900382 i124900984 u481325014 u0 t12.774
3704793 3380000 98 4 w61262999 r143413175 m144672392 f125157 r1125665613 p500
 530943069=99597886+261085257+192478358 i125241084 u482839069 u0 t18.918
Idx1+ lookups: 209800437 
Idx1+ positiv: 84214665 
Idx1+ found  : 84213163 
3715703 3390000 98 4 w61531070 r144048730 m145311720 f125692 r1129767057 p500
 532641482=99915490+261923870+193091543 i125592185 u484433939 u0 t13.51
3726649 3400000 98 4 w61786941 r144679110 m145945662 f126205 r1133794475 p500
 534346388=100233856+262770855+193701866 i125948073 u486032293 u0 t19.421
3737635 3410000 98 4 w62066431 r145342670 m146613175 f126767 r1138051710 p500
 536134448=100568655+263669932+194329472 i126323143 u487708513 u0 t15.797
Idx1+ lookups: 211554235 
Idx1+ positiv: 85054993 
Idx1+ found  : 85053404 
3748614 3420000 98 4 w62332303 r145996198 m147270546 f127298 r1142209376 p500
 537914058=100902015+264547436+194973273 i126691826 u489378566 u0 t18.716
3759597 3430000 98 4 w62623583 r146680801 m147959343 f127882 r1146592031 p500
 539732180=101243537+265443050+195631087 i127074678 u491077826 u0 t20.324
Idx1+ lookups: 213309842 
Idx1+ positiv: 85897895 
Idx1+ found  : 85896214 
3770552 3440000 98 4 w62908285 r147358731 m148641260 f128451 r1150934726 p500
 541540317=101581938+266331153+196288296 i127454544 u492768313 u0 t15.484
3781517 3450000 98 4 w63170253 r148005351 m149291665 f128976 r1155080925 p500
 543336930=101916523+267210385+196945560 i127830136 u494449212 u0 t19.796
3792483 3460000 98 4 w63430344 r148652765 m149942819 f129498 r1159247628 p500
 545110407=102247719+268083312+197588580 i128206264 u496104353 u0 t13.571
Idx1+ lookups: 215078759 
Idx1+ positiv: 86745606 
Idx1+ found  : 86743826 
3803443 3470000 98 4 w63715966 r149321432 m150615510 f130070 r1163537617 p500
 546863450=102576365+268956547+198213619 i128578714 u497741885 u0 t21.09
3814317 3480000 98 4 w63991915 r149980471 m151278556 f130623 r1167757220 p500
 548616328=102905067+269822518+198845460 i128947532 u499381145 u0 t13.56
Idx1+ lookups: 216842525 
Idx1+ positiv: 87588121 
Idx1+ found  : 87586261 
3825200 3490000 98 4 w64255038 r150628514 m151930476 f131148 r1171899148 p500
 550364699=103231208+270687065+199476077 i129316728 u501015226 u0 t21.112
3836062 3500000 98 4 w64512983 r151253619 m152559089 f131663 r1175874174 p500
 552038919=103542921+271516200+200079385 i129672684 u502577646 u0 t12.868
3847051 3510000 98 4 w64767664 r151882594 m153191657 f132171 r1179884635 p500
 553738833=103859970+272354792+200694844 i130027659 u504169500 u0 t21.26
Idx1+ lookups: 218617264 
Idx1+ positiv: 88442631 
Idx1+ found  : 88440679 
3857981 3520000 98 4 w65067266 r152583817 m153897201 f132767 r1184376701 p500
 555533138=104195870+273249795+201333950 i130409639 u505844718 u0 t13.703
3868919 3530000 98 4 w65338555 r153260214 m154577354 f133307 r1188626468 p500
 557372661=104540051+274170956+201984926 i130799074 u507564656 u0 t22.612
Idx1+ lookups: 220392982 
Idx1+ positiv: 89294198 
Idx1+ found  : 89292143 
3879700 3540000 98 4 w65620337 r153945019 m155266197 f133869 r1192988782 p500
 559174880=104876499+275068767+202628476 i131178027 u509251469 u0 t14.637
3890544 3550000 98 4 w65912521 r154654864 m155980024 f134451 r1197453483 p500
 561055077=105229291+276013658+203289337 i131572279 u511014109 u0 t21.645
3901420 3560000 98 4 w66194763 r155337168 m156666289 f135014 r1201777421 p500
 562858794=105565010+276912898+203933306 i131952609 u512701269 u0 t19.296
Idx1+ lookups: 222158174 
Idx1+ positiv: 90144483 
Idx1+ found  : 90142348 
3912350 3570000 98 4 w66483718 r156037598 m157370788 f135590 r1206202065 p500
 564721760=105912497+277839367+204600662 i132341600 u514447218 u0 t15.964
3923255 3580000 98 4 w66766809 r156724484 m158061680 f136153 r1210539950 p500
 566536233=106252225+278740214+205250933 i132718424 u516149536 u0 t22.182
Idx1+ lookups: 223923064 
Idx1+ positiv: 91000176 
Idx1+ found  : 90997945 
3934146 3590000 98 4 w67070250 r157446650 m158788128 f136760 r1215125095 p500
 568414549=106603188+279666112+205930557 i133108962 u517909765 u0 t14.622
3945058 3600000 98 4 w67346959 r158132818 m159478113 f137313 r1219446830 p500
 570254570=106948208+280576629+206591269 i133489010 u519637093 u0 t22.553
Idx1+ lookups: 225681895 
Idx1+ positiv: 91854353 
Idx1+ found  : 91852008 
3955958 3610000 98 4 w67655554 r158861398 m160211030 f137929 r1224075387 p500
 572141867=107297481+281509367+207275346 i133883372 u521403522 u0 t18.37
3966817 3620000 98 4 w67935798 r159546252 m160899706 f138488 r1228379880 p500
 573970117=107641840+282420517+207926474 i134259610 u523120797 u0 t18.696
3977696 3630000 98 4 w68207958 r160232829 m161590150 f139031 r1232698399 p500
 575805448=107982976+283330153+208587374 i134643198 u524839418 u0 t20.72
Idx1+ lookups: 227444981 
Idx1+ positiv: 92710160 
Idx1+ found  : 92707716 
3988551 3640000 98 4 w68508410 r160954399 m162315860 f139630 r1237254465 p500
 577705627=108334575+284265405+209279576 i135034418 u526622802 u0 t16.693
3999436 3650000 98 4 w68786609 r161647157 m163012515 f140185 r1241591870 p500
 579562654=108677005+285180148+209955784 i135426397 u528356808 u0 t22.755
Idx1+ lookups: 229209985 
Idx1+ positiv: 93566560 
Idx1+ found  : 93564011 
4010266 3660000 98 4 w69104555 r162380481 m163750239 f140821 r1246270459 p500
 581403607=109018526+286095150+210616435 i135808708 u530083772 u0 t15.351
4021082 3670000 98 4 w69380011 r163067022 m164440588 f141370 r1250580594 p500
 583240993=109359018+287005077+211279585 i136191301 u531805717 u0 t23.093
Idx1+ lookups: 230988748 
Idx1+ positiv: 94436947 
Idx1+ found  : 94434289 
4031936 3680000 98 4 w69677693 r163796484 m165174194 f141965 r1255176615 p500
 585155368=109713677+287951495+211971670 i136586167 u533602510 u0 t19.452
4042723 3690000 98 4 w69979661 r164520153 m165902126 f142570 r1259713741 p500
 587038338=110063444+288882903+212652051 i136978437 u535366202 u0 t18.744
4053582 3700000 98 4 w70284336 r165253987 m166640262 f143176 r1264330601 p500
 588932135=110417322+289824565+213331268 i137371183 u537141470 u0 t23.293
Idx1+ lookups: 232753434 
Idx1+ positiv: 95295530 
Idx1+ found  : 95292736 
4064959 3710000 98 4 w70576988 r165968773 m167359057 f143760 r1268830156 p500
 590833836=110769103+290768846+214014935 i137757359 u538933527 u0 t15.575
4075764 3720000 98 4 w70864156 r166672817 m168066905 f144334 r1273239046 p500
 592687604=111114214+291684210+214686258 i138139631 u540674692 u0 t24.311
Idx1+ lookups: 234505557 
Idx1+ positiv: 96153359 
Idx1+ found  : 96150435 
4086632 3730000 98 4 w71152791 r167376223 m168774270 f144911 r1277653117 p500
 594516201=111454579+292586097+215349182 i138517251 u542390761 u0 t15.489
4097561 3740000 98 4 w71441917 r168080187 m169482232 f145492 r1282068839 p500
 596344284=111792862+293482665+216017659 i138896726 u544103112 u0 t23.758
Idx1+ lookups: 236280878 
Idx1+ positiv: 97021125 
Idx1+ found  : 97018065 
4108439 3750000 98 4 w71725471 r168780501 m170186349 f146057 r1286447048 p500
 598193673=112136711+294395739+216687720 i139283359 u545834029 u0 t23.058
4119319 3760000 98 4 w72023812 r169497533 m170907495 f146651 r1290958159 p500
 600031342=112478174+295302182+217354611 i139662774 u547558539 u0 t16.971
4130276 3770000 98 4 w72294465 r170164916 m171578496 f147191 r1295107326 p500
 601775420=112803457+296161714+217986977 i140022671 u549195774 u0 t35.421
Idx1+ lookups: 238046096 
Idx1+ positiv: 97886092 
Idx1+ found  : 97882883 
4141183 3780000 98 4 w72588169 r170869430 m172287137 f147778 r1299548593 p500
 603575343=113140168+297048522+218638665 i140393454 u550886512 u0 t21.594
4152093 3790000 98 4 w72865437 r171554309 m172975733 f148330 r1303783912 p500
 605357888=113473027+297929805+219281395 i140760492 u552561557 u0 t24.495
Idx1+ lookups: 239810509 
Idx1+ positiv: 98754302 
Idx1+ found  : 98750962 
4162989 3800000 98 4 w73154735 r172266381 m173691761 f148906 r1308227582 p500
 607225564=113819520+298845200+219964243 i141141737 u554317692 u0 t15.955
4173910 3810000 98 4 w73452471 r172973784 m174403161 f149498 r1312647007 p500
 609011404=114151393+299726941+220611152 i141513028 u555991362 u0 t26.218
4184895 3820000 98 4 w73722793 r173649914 m175082956 f150037 r1316857835 p500
 610800344=114485341+300612280+221255876 i141881060 u557672738 u0 t15.413
Idx1+ lookups: 241581723 
Idx1+ positiv: 99623739 
Idx1+ found  : 99620231 
4195828 3830000 98 4 w73993799 r174320517 m175757239 f150575 r1321026996 p500
 612539294=114810261+301475332+221879618 i142237643 u559308826 u0 t27.113
4206739 3840000 98 4 w74300971 r175035997 m176476810 f151186 r1325512139 p500
 614314267=115140779+302354612+222518823 i142602657 u560976864 u0 t28.93
Idx1+ lookups: 243356482 
Idx1+ positiv: 100501790 
Idx1+ found  : 100498121 
4217677 3850000 98 4 w74570409 r175707662 m177152192 f151723 r1329693740 p500
 616056393=115465149+303220049+223144048 i142962740 u562612757 u0 t22.338
4228607 3860000 98 4 w74841301 r176375991 m177824291 f152264 r1333862480 p500
 617780283=115785327+304072285+223767062 i143318214 u564231531 u0 t30.399
4239510 3870000 98 4 w75104979 r177027980 m178479698 f152790 r1337912677 p500
 619481410=116103114+304913123+224380691 i143669821 u565828427 u0 t21.477
Idx1+ lookups: 245135920 
Idx1+ positiv: 101379019 
Idx1+ found  : 101375181 
4250423 3880000 98 4 w75391282 r177712876 m179168512 f153360 r1342210468 p500
 621184395=116420732+305757681+224992434 i144025547 u567423973 u0 t82.135
4261357 3890000 98 4 w75670207 r178377480 m179836884 f153914 r1346355339 p500
 622866150=116736173+306595185+225591185 i144368203 u569009267 u0 t43.719
Idx1+ lookups: 246900684 
Idx1+ positiv: 102248967 
Idx1+ found  : 102244951 
4272391 3900000 98 4 w75932392 r179030769 m180493690 f154438 r1350410987 p500
 624582776=117063230+307431520+226220077 i144717089 u570624009 u0 t54.33
4283314 3910000 98 4 w76202489 r179694601 m181161167 f154975 r1354555463 p500
 626316809=117388789+308283692+226848748 i145073311 u572253073 u0 t49.421
4294200 3920000 98 4 w76451058 r180326005 m181795880 f155470 r1358428061 p500
 628000607=117704520+309113782+227457481 i145416362 u573838382 u0 t73.255
Idx1+ lookups: 248664941 
Idx1+ positiv: 103119401 
Idx1+ found  : 103115183 
4305160 3930000 98 4 w76738629 r181005317 m182479006 f156041 r1362675727 p500
 629680550=118020474+309942049+228064086 i145762293 u575416661 u0 t50.342
4316083 3940000 98 4 w77012356 r181659864 m183137192 f156584 r1366713721 p500
 631336621=118335147+310758075+228660128 i146098756 u576977419 u0 t48.159
Total lines processed: 3940071
Block Count:1, 127
Avg Block Count:1959231 = 248822436 / 127
Avg Max Count:0, 10412, 98
Block Count:12595, 1472995
Avg Block Count:98 = 145674780 / 1472995
Avg Max Count:177, 146, 94
BloomFilter
    bits: 2756938367
    estimated elements: 250000000
    number hashes: 8
    max false positive rate: 0.005000
    bloom length (8 bits): 344617296
    elements added: 145674780
    estimated elements added: 145591154
    current false positive rate: 0.000199
    export size (bytes): 344617316
    number bits set: 949973103
    is on disk: no
Level Count:2
Level Count:4
1 4
1 4
Max word len: 98
Total words generated: 631353856
Words inserted 146101318
Words updated: 576994452
cache requests:  0, Misses: 0, Flush#: 6
cache requests:  1366775578, Misses: 183146830, Flush#: 156588
OUBLK INBLK
    -     -
rchar: 744644144562
wchar: 315906620625
syscr: 181676028
syscw: 77020117
read_bytes: 9847414784
write_bytes: 284828823552
cancelled_write_bytes: 0
19231440
556306296
