Csz: 2, pgsz: 4096
File page count: 0
File page count: 0
Stg buf: 32mb, Idx1 buf: 32mb, Idx1+ buf: 16mb
Idx1 entry count limit: 25 million
10988 10000 60 1 w0 r0 m0 f0 r0 p20
 1502009=280567+736357+547318 i721658 u998423 u0 t2.392
22023 20000 60 3 w7694 r0 m0 f366 r0 p20
 2970299=556558+1459020+1077812 i1299209 u2102895 u0 t2.847
Idx1+ lookups: 1872971 
Idx1+ positiv: 52629 
Idx1+ found  : 52629 
33024 30000 60 3 w14119 r10779 m16670 f401 r1280288 p500
 4455591=837142+2190955+1612898 i1852391 u3251575 u0 t2.883
44043 40000 66 3 w21287 r30761 m39269 f411 r2663751 p500
 6021768=1126498+2950354+2194339 i2403108 u4491603 u0 t3.082
55121 50000 66 3 w34071 r60190 m71725 f430 r3938696 p500
 7457432=1399039+3657323+2711810 i2899495 u5640597 u0 t2.892
Idx1+ lookups: 3559672 
Idx1+ positiv: 236803 
Idx1+ found  : 236803 
66115 60000 66 3 w50609 r98291 m115289 f453 r5432009 p500
 8882525=1666288+4349737+3237298 i3372066 u6798479 u0 t3.036
77117 70000 66 4 w66323 r143088 m164339 f475 r7104449 p500
 10323681=1938542+5063745+3753209 i3851018 u7971772 u0 t3.014
88102 80000 66 4 w87517 r196385 m222112 f509 r9187007 p500
 11702242=2200826+5741136+4250267 i4299728 u9103082 u0 t2.997
Idx1+ lookups: 5221342 
Idx1+ positiv: 473471 
Idx1+ found  : 473471 
99095 90000 66 4 w111145 r258401 m288993 f547 r11376996 p500
 13139065=2468368+6445510+4774403 i4761616 u10286594 u0 t3.176
110113 100000 66 4 w137812 r323839 m358674 f592 r13345856 p500
 14570300=2739305+7152735+5287868 i5211290 u11477401 u0 t3.113
121109 110000 66 4 w164985 r394827 m433760 f638 r15382889 p500
 15981984=3006512+7851613+5792984 i5655730 u12651059 u0 t3.152
Idx1+ lookups: 6815175 
Idx1+ positiv: 728963 
Idx1+ found  : 728963 
132028 120000 66 4 w197138 r475163 m518202 f695 r17474754 p500
 17532484=3286822+8590277+6386159 i6106532 u13969042 u0 t3.376
142990 130000 66 4 w233657 r561811 m609188 f760 r19706173 p500
 18986448=3562710+9311119+6905248 i6548879 u15193514 u0 t3.349
153925 140000 66 4 w272451 r655322 m707015 f829 r21930368 p500
 20474477=3841729+10051396+7435263 i6999138 u16448960 u0 t3.514
Idx1+ lookups: 8423089 
Idx1+ positiv: 1013957 
Idx1+ found  : 1013954 
164855 150000 66 4 w311860 r754382 m810452 f901 r24187199 p500
 21982251=4126056+10796461+7976893 i7453888 u17721979 u0 t3.531
175812 160000 66 4 w359476 r862389 m923005 f989 r26557477 p500
 23584909=4417148+11560934+8588302 i7914229 u19089936 u0 t3.646
186797 170000 66 4 w409068 r973759 m1039062 f1082 r28936518 p500
 25060643=4694278+12291216+9118384 i8355287 u20340529 u0 t3.679
Idx1+ lookups: 10010989 
Idx1+ positiv: 1325291 
Idx1+ found  : 1325285 
197847 180000 66 4 w456034 r1087661 m1157089 f1171 r31190736 p500
 26594805=4977567+13035840+9687961 i8800877 u21648837 u0 t3.632
208776 190000 66 4 w514200 r1214308 m1288565 f1282 r33730897 p500
 28107430=5261667+13783743+10232285 i9242517 u22940730 u0 t3.76
219728 200000 66 4 w567738 r1340465 m1418893 f1387 r36054822 p500
 29612928=5546285+14529981+10770299 i9679782 u24229836 u0 t3.675
Idx1+ lookups: 11621639 
Idx1+ positiv: 1671916 
Idx1+ found  : 1671900 
230584 210000 66 4 w628405 r1477385 m1560335 f1507 r38595326 p500
 31176719=5839236+15302598+11333221 i10127173 u25573869 u0 t3.896
241548 220000 66 4 w688797 r1613483 m1700472 f1625 r40953154 p500
 32683216=6122373+16045650+11876729 i10560684 u26866454 u0 t3.875
252514 230000 66 4 w757663 r1764572 m1856310 f1759 r43662869 p500
 34281334=6415992+16823378+12467909 i11011556 u28242798 u0 t4.016
Idx1+ lookups: 13241861 
Idx1+ positiv: 2043601 
Idx1+ found  : 2043570 
263483 240000 66 4 w821354 r1908842 m2004400 f1886 r46041979 p500
 35779646=6698842+17564571+13004988 i11440135 u29531606 u0 t4.573
274496 250000 66 4 w890029 r2063386 m2163107 f2027 r48612081 p500
 37310769=6986369+18323484+13553505 i11876641 u30849726 u0 t4.028
285461 260000 66 4 w967669 r2226571 m2330846 f2183 r51306006 p500
 38803051=7268863+19066410+14083606 i12299710 u32138128 u0 t4.028
Idx1+ lookups: 14880302 
Idx1+ positiv: 2442635 
Idx1+ found  : 2442555 
296415 270000 66 4 w1033074 r2380247 m2488281 f2312 r53676189 p500
 40291660=7548931+19800727+14620226 i12719617 u33423835 u0 t3.81
307437 280000 66 4 w1112199 r2547930 m2660280 f2471 r56324209 p500
 41798390=7832680+20548382+15159093 i13142025 u34728685 u0 t4.114
318462 290000 66 4 w1192840 r2725813 m2842505 f2632 r59033652 p500
 43400958=8135339+21341253+15733409 i13591134 u36116205 u0 t4.283
Idx1+ lookups: 16525474 
Idx1+ positiv: 2860857 
Idx1+ found  : 2860696 
329483 300000 66 4 w1275349 r2911626 m3032685 f2800 r61815766 p500
 45028067=8442234+22155263+16308545 i14053075 u37520931 u0 t4.389
340525 310000 66 4 w1363409 r3095121 m3220512 f2976 r64516558 p500
 46615498=8738046+22934138+16886727 i14489506 u38901705 u0 t4.416
Idx1+ lookups: 18164512 
Idx1+ positiv: 3288175 
Idx1+ found  : 3287861 
351480 320000 94 4 w1445635 r3281591 m3411299 f3143 r67226878 p500
 48198444=9038935+23721499+17447383 i14924286 u40281191 u0 t4.219
362496 330000 94 4 w1533202 r3470098 m3604210 f3315 r69940114 p500
 49733444=9330284+24482692+17993474 i15348084 u41617139 u0 t4.189
373551 340000 94 4 w1627055 r3666991 m3805488 f3507 r72749618 p500
 51290420=9626097+25253246+18550462 i15776823 u42973431 u0 t4.291
Idx1+ lookups: 19817447 
Idx1+ positiv: 3738117 
Idx1+ found  : 3737522 
384689 350000 94 4 w1719294 r3866698 m4009561 f3695 r75523849 p500
 52863841=9922129+26021395+19125405 i16211252 u44340451 u0 t4.393
395874 360000 94 4 w1820634 r4076209 m4223617 f3902 r78412651 p500
 54481113=10221859+26805577+19724920 i16659778 u45741061 u0 t4.517
406862 370000 94 4 w1915369 r4284143 m4435882 f4092 r81243098 p500
 56127737=10531055+27599843+20335875 i17111954 u47171665 u0 t4.58
Idx1+ lookups: 21483559 
Idx1+ positiv: 4197792 
Idx1+ found  : 4196724 
417894 380000 94 4 w2014768 r4497369 m4653603 f4293 r84109078 p500
 57710652=10827571+28373736+20913921 i17550060 u48545625 u0 t4.529
428912 390000 94 4 w2117569 r4712604 m4873210 f4503 r86959665 p500
 59267668=11118998+29134387+21483671 i17976993 u49900768 u0 t4.47
439874 400000 94 4 w2221519 r4931147 m5096139 f4713 r89833557 p500
 60798949=11403897+29878773+22048738 i18389886 u51239419 u0 t4.499
Idx1+ lookups: 23153362 
Idx1+ positiv: 4675186 
Idx1+ found  : 4673436 
450859 410000 94 4 w2316627 r5141600 m5310504 f4909 r92521229 p500
 62344803=11692810+30638301+22610561 i18812380 u52587232 u0 t4.348
461847 420000 94 4 w2416397 r5355136 m5527972 f5111 r95228592 p500
 63844431=11974358+31373784+23155226 i19219115 u53897765 u0 t4.28
472807 430000 94 4 w2535041 r5598127 m5775566 f5354 r98338980 p500
 65437780=12274970+32155539+23733015 i19647666 u55293921 u0 t4.697
Idx1+ lookups: 24826859 
Idx1+ positiv: 5168002 
Idx1+ found  : 5165150 
483790 440000 94 4 w2635389 r5826666 m6007900 f5562 r101061795 p500
 67045767=12575174+32948774+24314528 i20083492 u56700280 u0 t4.644
494708 450000 94 4 w2766476 r6096900 m6283387 f5829 r104487125 p500
 68699472=12883619+33764275+24912530 i20527372 u58150457 u0 t4.977
Idx1+ lookups: 26512328 
Idx1+ positiv: 5679638 
Idx1+ found  : 5675284 
505590 460000 94 4 w2879597 r6342110 m6532398 f6063 r107345313 p500
 70351532=13192036+34579703+25508940 i20970533 u59600197 u0 t4.941
516566 470000 94 4 w3004953 r6608711 m6803797 f6319 r110609877 p500
 71990802=13497983+35383004+26106829 i21406006 u61040699 u0 t4.939
527520 480000 94 4 w3127628 r6871105 m7070531 f6571 r113704018 p500
 73645399=13806248+36198720+26705964 i21848386 u62493062 u0 t5.174
Idx1+ lookups: 28195578 
Idx1+ positiv: 6202290 
Idx1+ found  : 6195765 
538466 490000 94 4 w3238928 r7129019 m7332389 f6804 r116672072 p500
 75322036=14118226+37019796+27319560 i22291198 u63969022 u0 t4.851
549399 500000 94 4 w3377271 r7416133 m7624264 f7085 r120041600 p500
 77023425=14443739+37852951+27939452 i22739713 u65468188 u0 t5.243
Idx1+ lookups: 29878835 
Idx1+ positiv: 6737936 
Idx1+ found  : 6728603 
560288 510000 94 4 w3500656 r7691272 m7903722 f7339 r123194826 p500
 78683779=14754211+38673947+28537979 i23175074 u66935019 u0 t4.957
571192 520000 94 4 w3624111 r7962410 m8178817 f7594 r126235053 p500
 80352712=15063905+39495351+29144443 i23615138 u68405648 u0 t5.077
582148 530000 94 4 w3763864 r8256054 m8476992 f7883 r129570824 p500
 82036336=15378372+40322769+29756566 i24055898 u69892902 u0 t5.171
Idx1+ lookups: 31564678 
Idx1+ positiv: 7284792 
Idx1+ found  : 7271648 
593039 540000 94 4 w3890305 r8544145 m8769114 f8143 r132755565 p500
 83771290=15699382+41171815+30392891 i24502016 u71431902 u0 t5.228
604123 550000 94 4 w4022469 r8819746 m9049140 f8414 r135842538 p500
 85292841=15985696+41911091+30952926 i24892730 u72782467 u0 t4.703
615220 560000 94 4 w4123845 r9039861 m9272643 f8624 r138293816 p500
 86578406=16228956+42541143+31420369 i25220409 u73927540 u0 t4.017
Idx1+ lookups: 33224782 
Idx1+ positiv: 7834170 
Idx1+ found  : 7816158 
cache requests:  140667965, Misses: 9494029, Flush#: 8832
File page count: 244197
File page count: 0
626410 570000 94 2 w0 r0 m0 f0 r0 p20
 87844101=16466215+43152805+31889826 i25539748 u75056102 u0 t3.924
637646 580000 94 3 w4842 r0 m0 f227 r0 p20
 89076810=16700413+43755344+32338702 i25850251 u76157717 u0 t3.912
648847 590000 94 3 w12277 r1084 m3277 f394 r550118 p500
 90374030=16941574+44376422+32827115 i26161957 u77327724 u0 t3.995
660023 600000 94 3 w18556 r8751 m13934 f401 r1614811 p500
 91532382=17161983+44938682+33251932 i26450897 u78365274 u0 t3.601
Idx1+ lookups: 1450324 34766050 
Idx1+ positiv: 101585 8298080 
Idx1+ found  : 101585 8274470 
671169 610000 94 3 w28561 r24659 m32694 f415 r2716229 p500
 92677881=17380618+45496976+33670550 i26735788 u79392552 u0 t3.968
682330 620000 94 3 w38385 r46633 m57639 f429 r3813413 p500
 93822077=17600425+46050280+34090645 i27017530 u80420625 u0 t3.451
693457 630000 94 3 w53353 r79525 m94368 f451 r5100106 p500
 95055697=17831544+46649550+34545330 i27315757 u81533916 u0 t3.636
Idx1+ lookups: 3093242 36172011 
Idx1+ positiv: 338543 8639868 
Idx1+ found  : 338542 8610958 
704731 640000 94 3 w66834 r117429 m135803 f471 r6258971 p500
 96294487=18063003+47246521+35007532 i27615794 u82650360 u0 t3.692
715916 650000 94 4 w84743 r161484 m183733 f499 r7836963 p500
 97439920=18281492+47802828+35427035 i27896451 u83681716 u0 t3.841
727122 660000 94 4 w104416 r214977 m241048 f531 r9765303 p500
 98670868=18515586+48399959+35879326 i28194450 u84793007 u0 t3.822
738273 670000 94 4 w123632 r270918 m300280 f563 r11507427 p500
 99875743=18744879+48985343+36321344 i28486533 u85881205 u0 t3.546
Idx1+ lookups: 4726927 37507636 
Idx1+ positiv: 636603 8924932 
Idx1+ found  : 636602 8890637 
749495 680000 94 4 w145297 r331601 m364315 f600 r13379177 p500
 101042383=18969139+49551143+36748337 i28766009 u86938406 u0 t3.683
760693 690000 94 4 w170008 r399654 m435803 f643 r15344765 p500
 102254980=19199662+50136770+37196455 i29060532 u88031807 u0 t3.947
771972 700000 94 4 w196149 r471179 m510575 f690 r17224702 p500
 103465720=19428892+50723315+37642786 i29355714 u89122846 u0 t3.641
783287 710000 94 4 w224195 r546852 m589799 f740 r19188362 p500
 104639900=19653350+51296043+38070532 i29640455 u90183392 u0 t4.013
Idx1+ lookups: 6368799 38813070 
Idx1+ positiv: 973042 9174683 
Idx1+ found  : 973040 9134986 
794503 720000 94 4 w249354 r621194 m667154 f786 r20928432 p500
 105795637=19874772+51860524+38490375 i29922013 u91226226 u0 t3.444
805629 730000 94 4 w285152 r708931 m758793 f851 r23083386 p500
 107012879=20104345+52440052+38949652 i30215358 u92323877 u0 t3.725
816809 740000 94 4 w314314 r790638 m843560 f906 r24899883 p500
 108170750=20322040+52988329+39390324 i30489392 u93371617 u0 t3.482
Idx1+ lookups: 7989934 40065576 
Idx1+ positiv: 1341672 9391795 
Idx1+ found  : 1341669 9346778 
827890 750000 94 4 w345744 r874366 m930404 f964 r26718997 p500
 109346023=20541989+53535547+39846975 i30760179 u94440650 u0 t3.88
839058 760000 94 4 w382997 r965090 m1024532 f1035 r28708925 p500
 110457274=20754203+54068761+40260181 i31021000 u95451347 u0 t3.555
850231 770000 94 4 w414363 r1055926 m1118264 f1094 r30521122 p500
 111644530=20977813+54640699+40701567 i31303312 u96526938 u0 t3.575
861324 780000 94 4 w455871 r1153749 m1219574 f1174 r32583213 p500
 112756712=21190675+55177904+41111668 i31571161 u97532357 u0 t3.66
Idx1+ lookups: 9616072 41293610 
Idx1+ positiv: 1739781 9587397 
Idx1+ found  : 1739773 9537074 
872344 790000 94 4 w490128 r1246815 m1315342 f1241 r34347988 p500
 113901230=21409743+55727856+41536166 i31839797 u98573829 u0 t3.431
883522 800000 94 4 w532676 r1350328 m1422029 f1327 r36345667 p500
 115052446=21630279+56283615+41960828 i32110410 u99621261 u0 t3.722
894714 810000 94 4 w569167 r1449497 m1524207 f1400 r38257546 p500
 116160183=21843397+56812897+42374928 i32373380 u100625632 u0 t3.518
905844 820000 94 4 w616598 r1557406 m1635332 f1492 r40273216 p500
 117283223=22058021+57355645+42788962 i32637207 u101647321 u0 t3.524
Idx1+ lookups: 11240618 42496954 
Idx1+ positiv: 2160995 9767190 
Idx1+ found  : 2160975 9711756 
916882 830000 94 4 w657797 r1669289 m1749987 f1576 r42207340 p500
 118549967=22298052+57962861+43262652 i32939227 u102793578 u0 t4.014
927964 840000 94 4 w711421 r1792481 m1876676 f1682 r44476547 p500
 119743936=22526809+58544733+43697164 i33228559 u103872515 u0 t4.347
939033 850000 94 4 w759435 r1916136 m2003493 f1777 r46615919 p500
 121004026=22765154+59154770+44162145 i33533177 u105010081 u0 t3.926
950128 860000 94 4 w817603 r2049285 m2140607 f1895 r48982097 p500
 122238911=23000263+59758465+44610481 i33833708 u106124322 u0 t4.217
Idx1+ lookups: 12912139 43720234 
Idx1+ positiv: 2609257 9938176 
Idx1+ found  : 2609216 9877369 
961260 870000 94 4 w868845 r2174668 m2269011 f1997 r51043281 p500
 123458245=23233306+60350981+45056196 i34127995 u107226286 u0 t4.031
972424 880000 94 4 w922937 r2304366 m2401888 f2107 r53166535 p500
 124673076=23464513+60935225+45507237 i34420488 u108323539 u0 t4.132
983571 890000 94 4 w982560 r2441805 m2542868 f2226 r55468433 p500
 125884344=23693920+61524697+45951042 i34714677 u109415990 u0 t3.922
Idx1+ lookups: 14584162 44927607 
Idx1+ positiv: 3073943 10098664 
Idx1+ found  : 3073866 10032563 
994789 900000 94 4 w1033206 r2564877 m2668608 f2329 r57392842 p500
 127057734=23916914+62089299+46386563 i34991034 u110482280 u0 t3.772
1005944 910000 94 4 w1093685 r2703281 m2810421 f2448 r59610492 p500
 128303145=24152135+62684289+46852631 i35270829 u111626142 u0 t4.037
1017100 920000 94 4 w1147296 r2831868 m2942040 f2558 r61645711 p500
 129430532=24368313+63227679+47268900 i35535901 u112651762 u0 t3.538
1028294 930000 94 4 w1206503 r2962564 m3075868 f2678 r63689494 p500
 130528677=24578028+63757612+47674284 i35794648 u113650106 u0 t3.559
Idx1+ lookups: 16211536 46082200 
Idx1+ positiv: 3546815 10243756 
Idx1+ found  : 3546647 10172477 
1039422 940000 94 4 w1259688 r3096194 m3212390 f2784 r65701783 p500
 131687827=24798360+64320403+48099629 i36069604 u114702429 u0 t3.625
1050473 950000 94 4 w1324521 r3239951 m3359327 f2912 r67858177 p500
 132854633=25020472+64887893+48525919 i36342971 u115765288 u0 t3.963
1061568 960000 94 4 w1386027 r3381398 m3503862 f3036 r69978246 p500
 134043070=25250333+65467521+48956681 i36614938 u116856131 u0 t3.953
1072599 970000 94 4 w1448981 r3529071 m3654643 f3163 r72143568 p500
 135291847=25485760+66067542+49422293 i36901300 u117997573 u0 t3.944
Idx1+ lookups: 17839301 47223300 
Idx1+ positiv: 4033610 10377789 
Idx1+ found  : 4033312 10301280 
1083733 980000 94 4 w1511690 r3671793 m3800371 f3291 r74221155 p500
 136399100=25701026+66611278+49818919 i37158670 u119010469 u0 t3.899
1094785 990000 94 4 w1577322 r3814484 m3945969 f3422 r76291377 p500
 137519050=25917257+67155540+50227043 i37420846 u120031696 u0 t3.807
1105876 1000000 94 4 w1635743 r3957772 m4092031 f3539 r78301921 p500
 138665713=26137695+67717784+50640862 i37690289 u121077303 u0 t3.74
Idx1+ lookups: 19493142 48370005 
Idx1+ positiv: 4541009 10507876 
Idx1+ found  : 4540448 10426294 
1117034 1010000 94 4 w1707658 r4114064 m4251550 f3682 r80557667 p500
 139787403=26354448+68264708+51048328 i37954909 u122098052 u0 t4.132
1128112 1020000 94 4 w1769197 r4259084 m4399200 f3808 r82537899 p500
 140921791=26573668+68822755+51454807 i38224007 u123130381 u0 t3.7
1139060 1030000 94 4 w1843851 r4428299 m4571613 f3961 r84848658 p500
 142169262=26814500+69435817+51902697 i38524765 u124260263 u0 t4.081
1150007 1040000 94 4 w1931281 r4623617 m4770923 f4138 r87583750 p500
 143561529=27079998+70114418+52410413 i38859534 u125519697 u0 t4.832
Idx1+ lookups: 21185210 49542306 
Idx1+ positiv: 5061168 10636064 
Idx1+ found  : 5060215 10549290 
1160894 1050000 94 4 w2018387 r4819667 m4970506 f4318 r90178004 p500
 144998334=27351326+70820475+52930359 i39209577 u126815799 u0 t4.644
1171814 1060000 94 4 w2113785 r5023193 m5177977 f4511 r92925002 p500
 146379096=27613815+71499763+53428048 i39545757 u128061949 u0 t4.67
1182789 1070000 94 4 w2205972 r5226778 m5385339 f4698 r95634836 p500
 147771413=27879098+72187374+53926681 i39884722 u129319424 u0 t5.079
Idx1+ lookups: 22894127 50720573 
Idx1+ positiv: 5592402 10761114 
Idx1+ found  : 5590865 10669036 
1193726 1080000 94 4 w2292436 r5424170 m5586120 f4875 r98173293 p500
 149134067=28139227+72857138+54417549 i40214397 u130551546 u0 t5.417
1204582 1090000 94 4 w2390462 r5639925 m5805697 f5078 r100972412 p500
 150558189=28410800+73563244+54924922 i40561217 u131837925 u0 t5.116
1215452 1100000 94 4 w2485820 r5855550 m6025094 f5278 r103731598 p500
 152005113=28686816+74275924+55445128 i40906988 u133150145 u0 t5.457
Idx1+ lookups: 24605369 51886367 
Idx1+ positiv: 6138790 10878570 
Idx1+ found  : 6136313 10781249 
1226363 1110000 94 4 w2592073 r6087614 m6261096 f5495 r106659743 p500
 153500823=28969235+75014161+55983169 i41268415 u134503126 u0 t5.062
1237247 1120000 94 4 w2697682 r6316933 m6494393 f5712 r109582127 p500
 154937436=29243149+75724625+56496704 i41611650 u135806953 u0 t4.931
1248176 1130000 94 4 w2793537 r6537398 m6718400 f5910 r112271554 p500
 156402735=29522272+76447278+57022338 i41964174 u137134187 u0 t5.239
Idx1+ lookups: 26320660 53043870 
Idx1+ positiv: 6697906 10989966 
Idx1+ found  : 6694101 10887425 
1259068 1140000 94 4 w2904833 r6775745 m6960887 f6137 r115265268 p500
 157861130=29797985+77168674+57545265 i42318623 u138451330 u0 t5.182
1269968 1150000 94 4 w3007908 r7008130 m7196987 f6350 r118034322 p500
 159329507=30076803+77900612+58066164 i42673548 u139780528 u0 t4.936
1280888 1160000 94 4 w3122934 r7255276 m7448373 f6587 r121063540 p500
 160787360=30353505+78624948+58585504 i43029449 u141096317 u0 t5.198
Idx1+ lookups: 28045109 54205484 
Idx1+ positiv: 7262650 11099103 
Idx1+ found  : 7256936 10991225 
1291754 1170000 94 4 w3224010 r7488566 m7685137 f6798 r123786432 p500
 162257086=30632524+79353396+59110035 i43385636 u142425597 u0 t5.167
1302652 1180000 94 4 w3347196 r7747238 m7948141 f7050 r126889839 p500
 163740225=30914948+80088433+59638609 i43741114 u143771461 u0 t5.392
1313613 1190000 94 4 w3455224 r7992883 m8197509 f7271 r129750456 p500
 165222365=31196415+80824289+60167001 i44099160 u145113283 u0 t5.104
Idx1+ lookups: 29764623 55352980 
Idx1+ positiv: 7837244 11201987 
Idx1+ found  : 7828954 11088823 
1324596 1200000 94 4 w3571095 r8247739 m8456334 f7509 r132710376 p500
 166705142=31477697+81562307+60693492 i44455545 u146457888 u0 t5.425
1335456 1210000 94 4 w3691232 r8510391 m8723051 f7758 r135735447 p500
 168224635=31765451+82316176+61235830 i44822884 u147832943 u0 t5.365
1346441 1220000 94 4 w3808257 r8774805 m8991288 f7996 r138758804 p500
 169783151=32059976+83084342+61797326 i45192757 u149248871 u0 t5.419
Idx1+ lookups: 31483907 56491661 
Idx1+ positiv: 8421168 11301451 
Idx1+ found  : 8409557 11183000 
1357399 1230000 94 4 w3933432 r9050912 m9271461 f8253 r141894457 p500
 171340127=32353047+83856368+62354089 i45563970 u150662416 u0 t5.679
1368385 1240000 94 4 w4066323 r9340268 m9565261 f8530 r145170279 p500
 172947613=32655799+84649796+62933488 i45945997 u152122257 u0 t5.749
1379469 1250000 94 4 w4200357 r9633605 m9862870 f8807 r148400517 p500
 174578358=32960715+85458237+63518400 i46338200 u153598643 u0 t5.869
Idx1+ lookups: 33204988 57625622 
Idx1+ positiv: 9012704 11398082 
Idx1+ found  : 8996677 11274315 
1390543 1260000 94 4 w4331711 r9927572 m10161075 f9079 r151658773 p500
 176216496=33265768+86260659+64117377 i46725903 u155085677 u0 t5.603
cache requests:  153152917, Misses: 10298487, Flush#: 9211
File page count: 243619
File page count: 0
1401635 1270000 94 3 w4174 r0 m0 f195 r0 p20
 177844400=33572064+87068311+64699573 i47117952 u156559922 u0 t6.599
Idx1+ lookups: 818985 34893029 58757788 
Idx1+ positiv: 39650 9574043 11490154 
Idx1+ found  : 39650 9552552 11361187 
1412662 1280000 94 3 w14670 r2112 m5038 f397 r745568 p500
 179448464=33876559+87868585+65267070 i47505012 u158013355 u0 t6.096
1423732 1290000 94 3 w26583 r19332 m26609 f412 r2391135 p500
 181048818=34176735+88658077+65844470 i47889926 u159462297 u0 t5.607
1434749 1300000 94 3 w41591 r54086 m65874 f434 r4025568 p500
 182708017=34486060+89473649+66447223 i48286613 u160965615 u0 t5.658
Idx1+ lookups: 2573139 36421646 59890958 
Idx1+ positiv: 265187 9975138 11579350 
Idx1+ found  : 265187 9947999 11445100 
1445738 1310000 94 3 w64125 r107180 m124460 f468 r5823462 p500
 184393707=34802515+90300279+67060585 i48694248 u162488240 u0 t6.114
1456743 1320000 94 4 w87732 r173578 m195984 f505 r8056592 p500
 186070233=35117420+91124338+67668658 i49096330 u164006423 u0 t5.808
Idx1+ lookups: 4312715 37858877 61016504 
Idx1+ positiv: 567532 10292523 11665701 
Idx1+ found  : 567532 10259684 11526297 
1467716 1330000 94 4 w117355 r257677 m285708 f554 r10886258 p500
 187826318=35446440+91987570+68306202 i49515055 u165598738 u0 t6.039
1478847 1340000 94 4 w153719 r355557 m389253 f617 r13928596 p500
 189576204=35770547+92843092+68948286 i49934408 u167181782 u0 t6.42
1489858 1350000 94 4 w190553 r460946 m499578 f683 r16764555 p500
 191293706=36091274+93689714+69570365 i50349274 u168734174 u0 t6.015
Idx1+ lookups: 6055459 39248115 62144394 
Idx1+ positiv: 921038 10559501 11748714 
Idx1+ found  : 921038 10521032 11604051 
1500812 1360000 94 4 w232402 r572228 m615950 f757 r19687174 p500
 192945491=36397576+94496222+70177412 i50745859 u170228174 u0 t5.733
1511816 1370000 94 4 w275652 r691303 m739697 f837 r22473013 p500
 194629037=36712329+95326971+70785495 i51148029 u171754937 u0 t5.812
1522795 1380000 94 4 w322444 r817589 m870868 f922 r25291281 p500
 196261107=37016280+96132860+71375071 i51540635 u173231607 u0 t6.075
Idx1+ lookups: 7801451 40604768 63268451 
Idx1+ positiv: 1310380 10797787 11830462 
Idx1+ found  : 1310377 10753628 11680511 
1533703 1390000 94 4 w376429 r956963 m1015856 f1023 r28422281 p500
 197916580=37324592+96947275+71976458 i51941513 u174726626 u0 t6.039
1544569 1400000 94 4 w430270 r1097271 m1160863 f1124 r31246876 p500
 199559259=37633478+97759355+72566898 i52334226 u176216625 u0 t5.707
Idx1+ lookups: 9557034 41936915 64391436 
Idx1+ positiv: 1733819 11012601 11908854 
Idx1+ found  : 1733813 10962790 11753709 
1555499 1410000 94 4 w491455 r1255302 m1323930 f1241 r34383524 p500
 201315494=37961628+98624605+73202706 i52753169 u177808860 u0 t6.296
1566395 1420000 94 4 w558693 r1420131 m1493792 f1372 r37535664 p500
 203040851=38283744+99480615+73821800 i53165353 u179373865 u0 t6.597
1577238 1430000 94 4 w628333 r1592934 m1671754 f1508 r40741696 p500
 204769957=38606559+100338547+74442479 i53577989 u180942291 u0 t6.237
Idx1+ lookups: 11301653 43237046 65502722 
Idx1+ positiv: 2178314 11207171 11983455 
Idx1+ found  : 2178301 11151635 11822893 
1588118 1440000 98 4 w703861 r1773150 m1857112 f1655 r44016115 p500
 206501964=38930451+101195825+75064964 i53993420 u182511161 u0 t6.35
1598949 1450000 98 4 w778016 r1956786 m2045578 f1806 r47152084 p500
 208268958=39258963+102068645+75703593 i54412957 u184115616 u0 t6.27
Idx1+ lookups: 13045664 44515131 66606524 
Idx1+ positiv: 2644268 11387115 12056135 
Idx1+ found  : 2644227 11325918 11890308 
1609797 1460000 98 4 w861821 r2152916 m2246992 f1974 r50508014 p500
 210044947=39588611+102945770+76346406 i54831471 u185730614 u0 t6.559
1620630 1470000 98 4 w942582 r2346903 m2445680 f2139 r53677372 p500
 211794585=39917933+103814704+76971470 i55243359 u187323775 u0 t6.148
1631477 1480000 98 4 w1030720 r2552260 m2656230 f2315 r57023003 p500
 213544045=40245037+104679189+77602221 i55657311 u188913504 u0 t6.651
Idx1+ lookups: 14785642 45771902 67702490 
Idx1+ positiv: 3127544 11553235 12128397 
Idx1+ found  : 3127434 11486723 11957343 
1642373 1490000 98 4 w1128254 r2771162 m2880517 f2510 r60532889 p500
 215341282=40581295+105569208+78248299 i56079451 u190550421 u0 t6.826
1653233 1500000 98 4 w1217955 r2985358 m3099601 f2691 r63781348 p500
 217140861=40916401+106459891+78897104 i56501540 u192189892 u0 t6.311
Idx1+ lookups: 16520995 47007802 68791105 
Idx1+ positiv: 3627076 11706127 12197616 
Idx1+ found  : 3626887 11634008 12021470 
1664130 1510000 98 4 w1312260 r3204248 m3323279 f2881 r67098622 p500
 218918863=41246819+107335188+79542979 i56915350 u193811595 u0 t6.299
1675034 1520000 98 4 w1412830 r3434153 m3558105 f3084 r70490883 p500
 220707784=41578832+108217124+80191733 i57332599 u195442737 u0 t6.833
1685958 1530000 98 4 w1522366 r3676919 m3806150 f3309 r74072296 p500
 222527080=41916354+109112653+80853015 i57755811 u197102563 u0 t6.922
Idx1+ lookups: 18249857 48222935 69867603 
Idx1+ positiv: 4140961 11850099 12263757 
Idx1+ found  : 4140616 11772643 12082480 
1696847 1540000 98 4 w1628007 r3913819 m4047960 f3523 r77451737 p500
 224315178=42247473+109988212+81508049 i58172133 u198732163 u0 t6.346
1707676 1550000 98 4 w1735995 r4163266 m4302301 f3740 r80946238 p500
 226145550=42585444+110889061+82174592 i58600272 u200398953 u0 t6.514
Idx1+ lookups: 19990019 49432756 70948159 
Idx1+ positiv: 4671601 11984701 12329723 
Idx1+ found  : 4670957 11901908 12143305 
1718573 1560000 98 4 w1853756 r4421194 m4565369 f3981 r84562632 p500
 227977335=42923424+111787999+82844857 i59025674 u202069153 u0 t8.427
1729487 1570000 98 4 w1970250 r4679256 m4828492 f4215 r88110009 p500
 229753615=43251320+112659502+83494703 i59437019 u203690529 u0 t7.143
Idx1+ lookups: 21725233 50623820 72018019 
Idx1+ positiv: 5216208 12111405 12393162 
Idx1+ found  : 5215107 12023112 12201586 
1740347 1580000 98 4 w2079227 r4931091 m5084882 f4438 r91439057 p500
 231553104=43584046+113540125+84154536 i59853147 u205333366 u0 t6.423
1751207 1590000 98 4 w2199271 r5198739 m5357440 f4684 r94991358 p500
 233379940=43922520+114439161+84819335 i60275743 u207001500 u0 t6.863
1762023 1600000 98 4 w2322069 r5470162 m5633692 f4936 r98529001 p500
 235155843=44253361+115316780+85460372 i60685625 u208625532 u0 t7.132
Idx1+ lookups: 23463102 51808518 73084851 
Idx1+ positiv: 5770056 12234576 12456994 
Idx1+ found  : 5768278 12140978 12260306 
1772878 1610000 98 4 w2440110 r5738322 m5906559 f5177 r101995522 p500
 236929770=44581602+116184385+86111454 i61094750 u210246344 u0 t6.875
1783723 1620000 98 4 w2566463 r6013088 m6185973 f5440 r105475638 p500
 238688807=44908360+117054935+86745918 i61501536 u211854099 u0 t6.838
Idx1+ lookups: 25204052 52984611 74150767 
Idx1+ positiv: 6335924 12350085 12518240 
Idx1+ found  : 6333135 12251155 12316425 
1794607 1630000 98 4 w2693766 r6297348 m6475096 f5700 r109050477 p500
 240464479=45236722+117925167+87395629 i61912638 u213474476 u0 t6.954
1805498 1640000 98 4 w2827338 r6587765 m6770314 f5976 r112635021 p500
 242254153=45568300+118810419+88042816 i62326190 u215110487 u0 t6.963
1816421 1650000 98 4 w2955773 r6875677 m7062966 f6239 r116167769 p500
 244050465=45899876+119697682+88694298 i62743198 u216749934 u0 t6.601
Idx1+ lookups: 26950115 54156772 75218013 
Idx1+ positiv: 6911328 12460382 12577962 
Idx1+ found  : 6907037 12356070 12371079 
1827273 1660000 98 4 w3089899 r7171226 m7363333 f6515 r119718168 p500
 245854599=46234183+120581771+89354321 i63159054 u218398462 u0 t10.507
1838160 1670000 98 4 w3235129 r7485677 m7683018 f6814 r123540343 p500
 247658504=46569017+121468086+90011465 i63576773 u220045394 u0 t16.877
Idx1+ lookups: 28692057 55316590 76278573 
Idx1+ positiv: 7495506 12564944 12635776 
Idx1+ found  : 7489161 12455328 12423938 
1849005 1680000 98 4 w3364605 r7776425 m7978107 f7085 r126963421 p500
 249430278=46895842+122335533+90661291 i63983129 u221666521 u0 t7.364
1859879 1690000 98 4 w3496826 r8070074 m8276392 f7355 r130409709 p500
 251131279=47212315+123178813+91272934 i64375987 u223222478 u0 t6.442
1870739 1700000 98 4 w3635412 r8377249 m8588198 f7639 r133976737 p500
 252891045=47539369+124052324+91905247 i64780420 u224834149 u0 t7.509
Idx1+ lookups: 30431351 56464587 77330897 
Idx1+ positiv: 8089607 12665885 12691471 
Idx1+ found  : 8080458 12551001 12474724 
1881698 1710000 98 4 w3764435 r8670146 m8885470 f7906 r137322225 p500
 254580511=47855132+124886720+92515242 i65166189 u226383715 u0 t6.258
1892578 1720000 98 4 w3902208 r8975265 m9195103 f8187 r140804347 p500
 256293646=48175630+125733252+93133036 i65556894 u227955833 u0 t6.385
Idx1+ lookups: 32173650 57604614 78379266 
Idx1+ positiv: 8695586 12762902 12746982 
Idx1+ found  : 8682730 12642659 12525237 
1903425 1730000 98 4 w4044320 r9288626 m9512929 f8475 r144308352 p500
 258022915=48497011+126587322+93759138 i65952958 u229540649 u0 t7.089
1914319 1740000 98 4 w4196321 r9618925 m9848024 f8787 r147996055 p500
 259815209=48830592+127465985+94414637 i66361536 u231183047 u0 t11.94
1925121 1750000 98 4 w4344496 r9944474 m10178339 f9093 r151598468 p500
 261541348=49152781+128320704+95035878 i66756651 u232765859 u0 t6.616
Idx1+ lookups: 33916100 58742489 79428689 
Idx1+ positiv: 9305124 12856541 12801983 
Idx1+ found  : 9287305 12731111 12575216 
cache requests:  153862613, Misses: 10388032, Flush#: 9283
File page count: 244941
File page count: 0
1936035 1760000 98 3 w3407 r0 m0 f157 r0 p20
 263330395=49486167+129206644+95680325 i67169027 u234403012 u0 t7.294
1946942 1770000 98 3 w12927 r1703 m4149 f395 r642129 p500
 265050284=49805914+130048834+96309106 i67554860 u235985579 u0 t8.586
Idx1+ lookups: 1481188 35557562 59864782 80468213 
Idx1+ positiv: 115860 9830010 12944491 12855445 
Idx1+ found  : 115860 9806474 12813880 12623658 
1957829 1780000 98 3 w26302 r20700 m27872 f412 r2413338 p500
 266753303=50124838+130892409+96920932 i67943568 u237548692 u0 t7.03
1968722 1790000 98 3 w43531 r59655 m71584 f437 r4186610 p500
 268493552=50448739+131746780+97555161 i68340567 u239144004 u0 t6.72
1979581 1800000 98 3 w64099 r114590 m131765 f468 r5966848 p500
 270164288=50760785+132567358+98163038 i68723054 u240674359 u0 t6.375
Idx1+ lookups: 3249133 37049960 60989703 81512331 
Idx1+ positiv: 391407 10203128 13030505 12907580 
Idx1+ found  : 391407 10173951 12894683 12670835 
1990482 1810000 98 4 w89828 r186053 m208892 f510 r8196244 p500
 271830252=51072079+133383609+98770962 i69098778 u242205921 u0 t6.275
2001382 1820000 98 4 w119991 r270892 m299402 f559 r11108352 p500
 273492871=51381902+134197434+99378998 i69477984 u243729873 u0 t6.675
Idx1+ lookups: 5005035 38463282 62103616 82547509 
Idx1+ positiv: 733987 10508175 13114657 12957773 
Idx1+ found  : 733987 10473360 12973418 12715993 
2012247 1830000 98 4 w152730 r367791 m401249 f615 r13930316 p500
 275187120=51698829+135031055+99993704 i69861153 u245286864 u0 t13.54
2023129 1840000 98 4 w191685 r475582 m514023 f684 r16887632 p500
 276861603=52011532+135854419+100601958 i70239110 u246826117 u0 t6.754
2034053 1850000 98 4 w234196 r595809 m639247 f762 r19888020 p500
 278586086=52334286+136703614+101226354 i70628205 u248412086 u0 t6.513
Idx1+ lookups: 6760067 39830987 63215475 83581991 
Idx1+ positiv: 1121314 10769491 13197230 13009286 
Idx1+ found  : 1121314 10729206 13050795 12762683 
2044917 1860000 98 4 w279127 r719877 m768529 f843 r22857187 p500
 280251224=52646494+137526857+101826009 i71002148 u249946051 u0 t9.841
2055814 1870000 98 4 w329359 r854783 m908778 f935 r25911724 p500
 281924750=52958788+138352252+102431703 i71388663 u251476348 u0 t7.292
2066728 1880000 98 4 w379827 r993203 m1052115 f1030 r28810741 p500
 283579260=53268199+139169715+103028509 i71761762 u252998551 u0 t6.319
Idx1+ lookups: 8515905 41165588 64324417 84616583 
Idx1+ positiv: 1542551 11000856 13276890 13058914 
Idx1+ found  : 1542551 10954865 13125145 12807352 
2077660 1890000 98 4 w435863 r1139481 m1203227 f1138 r31762593 p500
 285237044=53579292+139988643+103625286 i72135170 u254524235 u0 t6.346
2088614 1900000 98 4 w497642 r1296528 m1365310 f1258 r34904329 p500
 286912655=53892335+140810185+104236352 i72511910 u256065270 u0 t6.54
Idx1+ lookups: 10266322 42465687 65421535 85641986 
Idx1+ positiv: 1992877 11209278 13353813 13107494 
Idx1+ found  : 1992869 11157846 13196860 12851016 
2099586 1910000 98 4 w562864 r1461631 m1535228 f1385 r38041783 p500
 288616243=54209093+141647327+104856783 i72893221 u257634310 u0 t7.65
2110524 1920000 98 4 w624425 r1622753 m1700744 f1507 r40989104 p500
 290241237=54514629+142446303+105445717 i73258873 u259129503 u0 t6.158
2121483 1930000 98 4 w693902 r1795255 m1877792 f1642 r44056006 p500
 291923570=54829825+143276743+106052519 i73640511 u260675228 u0 t6.347
Idx1+ lookups: 12012082 43744952 66517689 86668239 
Idx1+ positiv: 2459383 11397990 13428820 13155021 
Idx1+ found  : 2459364 11340957 13266761 12893648 
2132440 1940000 98 4 w762214 r1967808 m2054845 f1779 r47055460 p500
 293565784=55136148+144083806+106649839 i74009602 u262186304 u0 t8.479
2143340 1950000 98 4 w837887 r2151587 m2243219 f1931 r50173956 p500
 295239019=55448867+144906211+107257969 i74385771 u263726310 u0 t6.732
2154286 1960000 98 4 w913858 r2335316 m2431612 f2084 r53222580 p500
 296860107=55753648+145703015+107845359 i74748134 u265220920 u0 t7.275
Idx1+ lookups: 13759274 45002560 67607205 87689606 
Idx1+ positiv: 2948991 11571545 13502145 13201757 
Idx1+ found  : 2948948 11509049 13334910 12935354 
2165157 1970000 98 4 w993468 r2521452 m2622506 f2244 r56327180 p500
 298412591=56044542+146464173+108410700 i75093465 u266652978 u0 t8.761
2176142 1980000 98 4 w1069471 r2704534 m2809923 f2396 r59220482 p500
 299979496=56338337+147235354+108978397 i75442684 u268098498 u0 t5.923
Idx1+ lookups: 15506515 46242566 68689121 88705808 
Idx1+ positiv: 3456304 11735073 13573009 13248485 
Idx1+ found  : 3456183 11667139 13400624 12977106 
2187090 1990000 98 4 w1157185 r2906543 m3016701 f2575 r62397099 p500
 301618575=56644428+148044181+109570873 i75812331 u269606279 u0 t9.639
2198031 2000000 98 4 w1238311 r3100570 m3215141 f2739 r65366052 p500
 303185210=56938923+148817650+110135184 i76164325 u271049567 u0 t6.125
2208970 2010000 98 4 w1324656 r3301705 m3420884 f2912 r68404887 p500
 304752540=57232180+149587337+110705170 i76511988 u272496480 u0 t5.988
Idx1+ lookups: 17251059 47468756 69770854 89723628 
Idx1+ positiv: 3974754 11884978 13642075 13293670 
Idx1+ found  : 3974537 11811596 13464537 13017320 
2219875 2020000 98 4 w1409944 r3501997 m3625277 f3086 r71334345 p500
 306334455=57532948+150371332+111270400 i76865970 u273955978 u0 t6.128
2230717 2030000 98 4 w1498948 r3705489 m3832958 f3263 r74306717 p500
 307845651=57817948+151122157+111809532 i77201841 u275352643 u0 t11.924
2241553 2040000 98 4 w1595607 r3918331 m4050210 f3461 r77389016 p500
 309373570=58105978+151881084+112355392 i77546215 u276759796 u0 t7.651
Idx1+ lookups: 19006037 48686569 70851868 90741220 
Idx1+ positiv: 4512098 12027213 13710602 13339257 
Idx1+ found  : 4511702 11948395 13527959 13058003 
2252478 2050000 98 4 w1687710 r4132721 m4268876 f3652 r80429656 p500
 310917801=58397346+152645204+112909519 i77892474 u278183682 u0 t10.265
2263400 2060000 98 4 w1782253 r4348579 m4488899 f3846 r83454660 p500
 312460636=58688083+153405052+113466755 i78236545 u279607196 u0 t6.523
2274335 2070000 98 4 w1877986 r4566851 m4711354 f4040 r86471594 p500
 314006113=58979074+154169481+114021866 i78578194 u281036909 u0 t6.04
Idx1+ lookups: 20754008 49885075 71921432 91748778 
Idx1+ positiv: 5061908 12161646 13777654 13383603 
Idx1+ found  : 5061167 12077337 13589965 13097624 
2285238 2080000 98 4 w1970210 r4778760 m4927072 f4232 r89296356 p500
 315479761=59257781+154893633+114554732 i78902894 u282400944 u0 t7.399
2296195 2090000 98 4 w2065072 r5001065 m5153188 f4427 r92240615 p500
 317001742=59547160+155648315+115097246 i79238613 u283810250 u0 t6.209
2307093 2100000 98 4 w2175224 r5239127 m5395708 f4652 r95451416 p500
 318548784=59841585+156419314+115645210 i79578215 u285245719 u0 t6.124
Idx1+ lookups: 22492307 51063974 72979140 92747777 
Idx1+ positiv: 5621826 12288288 13841369 13426962 
Idx1+ found  : 5620567 12198528 13648674 13136191 
2317991 2110000 98 4 w2271707 r5463695 m5624145 f4851 r98339826 p500
 320065310=60129116+157167613+116190543 i79911397 u286650940 u0 t10.409
2328915 2120000 98 4 w2373750 r5692729 m5857149 f5059 r101307710 p500
 321540226=60409484+157900375+116714932 i80237908 u288015891 u0 t8.163
Idx1+ lookups: 24237298 52240051 74040612 93752369 
Idx1+ positiv: 6191518 12408100 13903282 13470020 
Idx1+ found  : 6189481 12313133 13705554 13174442 
2339889 2130000 98 4 w2487478 r5940163 m6108919 f5294 r104512337 p500
 323065272=60697602+158658425+117258241 i80578454 u289424418 u0 t14.195
2350849 2140000 98 4 w2588424 r6169111 m6341489 f5500 r107346646 p500
 324569276=60981045+159406540+117794073 i80911032 u290816380 u0 t6.247
2361818 2150000 98 4 w2690329 r6404702 m6580991 f5709 r110295683 p500
 326046163=61261072+160142425+118317711 i81240088 u292181957 u0 t8.401
Idx1+ lookups: 25981177 53406922 75098624 94754475 
Idx1+ positiv: 6769688 12522274 13964347 13512349 
Idx1+ found  : 6766489 12421992 13761460 13211878 
2372703 2160000 98 4 w2798012 r6648226 m6828434 f5929 r113292105 p500
 327582195=61550056+160900281+118871928 i81578790 u293603037 u0 t7.368
2383611 2170000 98 4 w2912720 r6895441 m7079805 f6169 r116372221 p500
 329020933=61822910+161615512+119384128 i81895991 u294936112 u0 t5.82
2394538 2180000 98 4 w3021131 r7136772 m7325040 f6389 r119312210 p500
 330471640=62098697+162341500+119894769 i82218660 u296278551 u0 t5.74
Idx1+ lookups: 27728678 54568828 76156236 95757270 
Idx1+ positiv: 7357016 12631859 14024178 13554662 
Idx1+ found  : 7352084 12526286 13816277 13249204 
2405448 2190000 98 4 w3134428 r7394660 m7586808 f6623 r122391468 p500
 332047282=62396171+163128686+120452548 i82566620 u297738116 u0 t12.523
2416385 2200000 98 4 w3259439 r7662966 m7859486 f6882 r125601006 p500
 333572677=62685022+163886371+120996698 i82901725 u299152138 u0 t7.689
2427291 2210000 98 4 w3375900 r7921060 m8121651 f7122 r128673888 p500
 335055154=62966105+164620723+121527332 i83227442 u300526146 u0 t12.069
Idx1+ lookups: 29470675 55717261 77206892 96754344 
Idx1+ positiv: 7952861 12734873 14082789 13595837 
Idx1+ found  : 7945648 12624063 13869859 13285573 
2438224 2220000 98 4 w3489487 r8178341 m8382622 f7358 r131627292 p500
 336562228=63251799+165373345+122060347 i83561023 u301921585 u0 t6.085
2449156 2230000 98 4 w3613729 r8451368 m8659847 f7615 r134804402 p500
 338098470=63544181+166137065+122607037 i83897955 u303346424 u0 t10.106
2460085 2240000 98 4 w3729907 r8722050 m8934374 f7857 r137883396 p500
 339674657=63843460+166921569+123166530 i84246605 u304805317 u0 t6.439
Idx1+ lookups: 31214618 56860638 78255887 97751042 
Idx1+ positiv: 8556567 12834512 14140010 13636470 
Idx1+ found  : 8546214 12718445 13922156 13321338 
2471031 2250000 98 4 w3869684 r9025267 m9242409 f8151 r141395193 p500
 341328221=64154313+167736404+123763464 i84611620 u306334467 u0 t6.885
2481891 2260000 98 4 w3994855 r9305921 m9527075 f8410 r144543110 p500
 342920094=64455060+168519044+124339193 i84959304 u307810059 u0 t8.117
2492839 2270000 98 4 w4127571 r9598193 m9823579 f8680 r147844512 p500
 344524932=64756130+169308970+124920291 i85309775 u309298351 u0 t12.447
Idx1+ lookups: 32955337 57993183 79298652 98741086 
Idx1+ positiv: 9168670 12929665 14197787 13676446 
Idx1+ found  : 9154388 12808225 13974877 13356445 
2503770 2280000 98 4 w4253715 r9894204 m10123611 f8942 r151116677 p500
 346165173=65065475+170120749+125508611 i85671339 u310816684 u0 t6.863
2514685 2290000 98 4 w4395454 r10200660 m10434328 f9232 r154477852 p500
 347777859=65367628+170914357+126092672 i86023689 u312312013 u0 t12.121
cache requests:  156535660, Misses: 10622914, Flush#: 9412
File page count: 244552
File page count: 0
Idx1+ lookups: 204981 34696095 59119893 80337814 99729467 
Idx1+ positiv: 3140 9787871 13022475 14253516 13715793 
Idx1+ found  : 3140 9768436 12895773 14025658 13390952 
2525687 2300000 98 3 w3572 r0 m0 f166 r0 p20
 349430556=65676533+171726819+126692647 i86382908 u313844929 u0 t7.926
2536614 2310000 98 3 w12870 r1268 m3507 f395 r583976 p500
 351071462=65982636+172534843+127287338 i86743648 u315363584 u0 t10.193
2547690 2320000 98 3 w25634 r19647 m26632 f411 r2361876 p500
 352775789=66300993+173374078+127904919 i87120768 u316938015 u0 t7.302
Idx1+ lookups: 1983575 36291158 60249920 81382923 100726164 
Idx1+ positiv: 186671 10258466 13112728 14306973 13754368 
Idx1+ found  : 186671 10233472 12980691 14074070 13424761 
2558712 2330000 98 3 w40824 r57072 m68190 f433 r3988966 p500
 354479327=66619347+174214406+128520924 i87495675 u318514100 u0 t7.158
2569709 2340000 98 3 w62533 r112929 m129637 f465 r5856154 p500
 356119816=66929029+175032721+129102657 i87856543 u320035071 u0 t7.763
2580699 2350000 98 4 w88784 r187738 m210480 f506 r8341409 p500
 357866975=67253212+175889572+129740737 i88240985 u321650920 u0 t11.282
Idx1+ lookups: 3752151 37759954 61373426 82424223 101720568 
Idx1+ positiv: 486451 10609366 13200229 14358966 13793722 
Idx1+ found  : 486451 10578762 13062897 14120966 13459202 
2591715 2360000 98 4 w118749 r273468 m301274 f556 r11077274 p500
 359567798=67570319+176725970+130359050 i88614844 u323224474 u0 t11.899
2602831 2370000 98 4 w152895 r377556 m411059 f614 r14239055 p500
 361333804=67899239+177596044+130999241 i89005987 u324856070 u0 t8.961
Idx1+ lookups: 5516990 39166960 62490516 83463009 102713596 
Idx1+ positiv: 844284 10904756 13283688 14409765 13831691 
Idx1+ found  : 844284 10868678 13141201 14166724 13492186 
2613986 2380000 98 4 w194198 r492680 m531435 f687 r17313480 p500
 363142494=68230806+178475866+131670096 i89400972 u326529587 u0 t7.2
2624949 2390000 98 4 w239293 r620894 m665136 f770 r20509446 p500
 364958248=68564735+179361240+132340268 i89805675 u328201880 u0 t11.802
Idx1+ lookups: 7284602 40538916 63618499 84514475 103720607 
Idx1+ positiv: 1239943 11154421 13365442 14459379 13868848 
Idx1+ found  : 1239940 11112651 13217718 14211179 13524348 
2635909 2400000 98 4 w291857 r759848 m809771 f867 r23799536 p500
 366793742=68902584+180257977+133015990 i90217656 u329889361 u0 t7.481
2646913 2410000 98 4 w344672 r900385 m955682 f965 r26885104 p500
 368547157=69226360+181113701+133662101 i90609600 u331502995 u0 t9.824
2657884 2420000 98 4 w397775 r1046966 m1107541 f1064 r29989893 p500
 370250743=69543018+181948977+134283775 i90985193 u333077401 u0 t7.344
Idx1+ lookups: 9044419 41872951 64737151 85559013 104721259 
Idx1+ positiv: 1665727 11375450 13444846 14508265 13904651 
Idx1+ found  : 1665722 11328034 13291832 14255065 13555396 
2668918 2430000 98 4 w456592 r1198009 m1263499 f1178 r33020000 p500
 371945334=69856854+182774867+134907321 i91358838 u334642138 u0 t6.966
2679809 2440000 98 4 w521770 r1357734 m1428407 f1303 r36242670 p500
 373593593=70165486+183587194+135502816 i91729724 u336158968 u0 t6.828
2690746 2450000 98 4 w583444 r1518940 m1594083 f1425 r39185541 p500
 375264732=70476391+184414187+136105363 i92101759 u337701067 u0 t10.86
Idx1+ lookups: 10816220 43192367 65858165 86608160 105726751 
Idx1+ positiv: 2118119 11579394 13522142 14556950 13940861 
Idx1+ found  : 2118107 11526436 13363699 14298720 13586719 
2701594 2460000 98 4 w654499 r1699618 m1779678 f1566 r42496662 p500
 377026942=70804695+185280946+136745118 i92491786 u339328688 u0 t9.531
2712475 2470000 98 4 w729955 r1883813 m1968868 f1716 r45755226 p500
 378737275=71123412+186129022+137359567 i92869684 u340910337 u0 t10.476
Idx1+ lookups: 12575866 44472833 66957693 87638914 106715778 
Idx1+ positiv: 2597311 11765855 13596185 14603611 13976354 
Idx1+ found  : 2597287 11707374 13432473 14340447 13617419 
2723357 2480000 98 4 w802819 r2070195 m2159935 f1861 r48913696 p500
 380487328=71448458+186993347+137992245 i93251576 u342532812 u0 t7.501
2734166 2490000 98 4 w889035 r2268265 m2363137 f2032 r52259969 p500
 382198024=71767925+187837149+138610940 i93627780 u344116031 u0 t10.929
2745023 2500000 98 4 w974761 r2474133 m2574168 f2201 r55667744 p500
 383959910=72094368+188705051+139251002 i94010208 u345751125 u0 t8.39
Idx1+ lookups: 14343410 45737747 68054763 88668362 107703040 
Idx1+ positiv: 3099987 11939196 13669151 14650858 14011417 
Idx1+ found  : 3099917 11875218 13500095 14382633 13647774 
2755880 2510000 98 4 w1060247 r2681655 m2786672 f2373 r58962563 p500
 385703183=72418174+189565646+139881674 i94394449 u347363335 u0 t11.466
2766772 2520000 98 4 w1156430 r2900829 m3011090 f2563 r62461637 p500
 387463931=72744988+190431472+140522086 i94780674 u348993336 u0 t18.907
Idx1+ lookups: 16104910 46986315 69149221 89697980 108692139 
Idx1+ positiv: 3612996 12099019 13739118 14696372 14045998 
Idx1+ found  : 3612849 12029328 13564935 14423152 13677519 
2777605 2530000 98 4 w1246310 r3115701 m3230654 f2747 r65723996 p500
 389210244=73071112+191290844+141155276 i95161023 u350612779 u0 t11.177
2788466 2540000 98 4 w1348702 r3349847 m3470219 f2954 r69294634 p500
 390993925=73405001+192169511+141801295 i95550831 u352265166 u0 t16.699
2799329 2550000 98 4 w1449869 r3589114 m3714179 f3161 r72763305 p500
 392854436=73747080+193084041+142481179 i95958264 u353986752 u0 t18.926
Idx1+ lookups: 17861792 48213286 70234050 90720546 109675384 
Idx1+ positiv: 4143066 12246575 13806598 14740631 14079996 
Idx1+ found  : 4142760 12171470 13627198 14462473 13706663 
2810193 2560000 98 4 w1556658 r3826575 m3956719 f3378 r76240689 p500
 394586175=74069906+193939383+143107047 i96342174 u355586081 u0 t12.881
2821115 2570000 98 4 w1666711 r4075678 m4211024 f3600 r79820223 p500
 396373854=74400331+194815983+143761024 i96732268 u357241413 u0 t17.929
Idx1+ lookups: 19630488 49439187 71323986 91749065 110663367 
Idx1+ positiv: 4686119 12388167 13873192 14786123 14113906 
Idx1+ found  : 4685555 12307435 13688615 14503009 13735706 
2832025 2580000 98 4 w1774647 r4327017 m4467056 f3820 r83307131 p500
 398201283=74740010+195716692+144423960 i97132902 u358933274 u0 t11.33
2842894 2590000 98 4 w1888538 r4581645 m4726572 f4054 r86840926 p500
 399960875=75065982+196579442+145067439 i97515732 u360564523 u0 t9.868
Idx1+ lookups: 21393009 50645273 72403372 92769824 111645925 
Idx1+ positiv: 5242940 12520310 13937111 14829267 14147295 
Idx1+ found  : 5241990 12434135 13747242 14541210 13764256 
2853742 2600000 98 4 w2013680 r4857753 m5007957 f4309 r90610756 p500
 401811634=75407233+197492344+145739777 i97920494 u362278564 u0 t29.321
2864632 2610000 98 4 w2133326 r5129652 m5284756 f4554 r94199358 p500
 403667966=75750169+198409680+146411818 i98321291 u364003287 u0 t16.415
2875503 2620000 98 4 w2253134 r5404586 m5564607 f4802 r97823352 p500
 405501187=76090975+199311909+147078283 i98719066 u365704547 u0 t19.756
Idx1+ lookups: 23150200 51835435 73472419 93782111 112620580 
Idx1+ positiv: 5810631 12646898 13998959 14871762 14179755 
Idx1+ found  : 5809019 12555250 13804002 14578842 13792043 
2886360 2630000 98 4 w2377658 r5685230 m5850164 f5060 r101440315 p500
 407318394=76428580+200209416+147736246 i99114419 u367390554 u0 t15.549
2897239 2640000 98 4 w2507299 r5974755 m6144566 f5325 r105148682 p500
 409133084=76766405+201102314+148395438 i99507292 u369074944 u0 t23.071
Idx1+ lookups: 24907914 53015544 74539513 94793215 113595118 
Idx1+ positiv: 6389165 12765377 14060054 14913273 14212470 
Idx1+ found  : 6386624 12668265 13859992 14615408 13819924 
2908079 2650000 98 4 w2637835 r6268940 m6443584 f5596 r108834483 p500
 410998892=77114178+202021249+149071777 i99913404 u370805132 u0 t25.496
2919336 2660000 98 4 w2770603 r6565304 m6744822 f5872 r112532400 p500
 412865095=77458535+202937691+149753790 i100310381 u372543610 u0 t13.011
Idx1+ lookups: 26650988 54178574 75597180 95798037 114562547 
Idx1+ positiv: 6970551 12876075 14118150 14955648 14244468 
Idx1+ found  : 6966668 12773628 13912837 14652801 13847226 
2930193 2670000 98 4 w2912025 r6878346 m7062963 f6165 r116400259 p500
 414758028=77807462+203871479+150441590 i100719429 u374301418 u0 t26.411
2941058 2680000 98 4 w3053519 r7184600 m7374249 f6462 r120129360 p500
 416562298=78141604+204760082+151097021 i101111641 u375974633 u0 t25.599
2951948 2690000 98 4 w3189757 r7491276 m7685693 f6743 r123808731 p500
 418394567=78482060+205663987+151760410 i101506211 u377678190 u0 t14.949
Idx1+ lookups: 28407455 55342298 76658759 96806857 115535759 
Idx1+ positiv: 7565202 12983623 14175983 14996191 14275940 
Idx1+ found  : 7559411 12875773 13965596 14688409 13873942 
2962792 2700000 98 4 w3329447 r7802579 m8001970 f7029 r127500471 p500
 420187245=78815085+206550897+152407374 i101895055 u379342592 u0 t26.524
2973731 2710000 98 4 w3465365 r8108123 m8312119 f7308 r131096394 p500
 421964447=79147445+207422084+153055205 i102272935 u380998690 u0 t25.618
Idx1+ lookups: 30160562 56488058 77708653 97804767 116497379 
Idx1+ positiv: 8175115 13084690 14232934 15037267 14307505 
Idx1+ found  : 8166758 12971639 14017580 14724699 13900741 
2984605 2720000 98 4 w3602949 r8416255 m8624729 f7593 r134669248 p500
 423762171=79480129+208299528+153716891 i102653700 u382673884 u0 t12.255
2995574 2730000 98 4 w3754131 r8743964 m8957432 f7903 r138500549 p500
 425541780=79809047+209170707+154369183 i103036400 u384326856 u0 t26.848
3006468 2740000 98 4 w3897968 r9066627 m9284727 f8195 r142173602 p500
 427360559=80145053+210063381+155033678 i103429260 u386014570 u0 t14.945
Idx1+ lookups: 31911922 57627559 78756107 98802668 117460131 
Idx1+ positiv: 8790445 13182087 14287461 15077416 14338425 
Idx1+ found  : 8778617 13063686 14067133 14759848 13926945 
3017345 2750000 98 4 w4039759 r9387619 m9610337 f8488 r145796599 p500
 429112466=80471448+210929421+155665389 i103806774 u387643734 u0 t23.047
3028291 2760000 98 4 w4189564 r9712674 m9940041 f8797 r149448929 p500
 430853628=80794053+211779723+156304391 i104184442 u389257727 u0 t26.064
Idx1+ lookups: 33673207 58767893 79806709 99804237 118427553 
Idx1+ positiv: 9415941 13277157 14341546 15116193 14369050 
Idx1+ found  : 9399568 13153418 14116166 14793995 13952907 
3039192 2770000 98 4 w4324184 r10021259 m10252804 f9072 r152835978 p500
 432538461=81107787+212604140+156920898 i104543526 u390826255 u0 t25.549
3050078 2780000 98 4 w4470112 r10342234 m10578280 f9374 r156400166 p500
 434247277=81429031+213437682+157545343 i104906358 u392418299 u0 t14.51
cache requests:  156682799, Misses: 10603908, Flush#: 9401
File page count: 244662
File page count: 0
3060975 2790000 98 3 w7815 r0 m0 f365 r0 p20
 436026715=81761305+214309126+158194410 i105282490 u394077894 u0 t25.827
Idx1+ lookups: 895614 35371615 59886566 80839749 100789907 119378738 
Idx1+ positiv: 47756 10001188 13367906 14393942 15155510 14399244 
Idx1+ found  : 47756 9979303 13239051 14163536 14828480 13978361 
3071909 2800000 98 3 w20174 r10233 m15137 f404 r1566877 p500
 437724222=82079132+215137533+158816103 i105640625 u395661583 u0 t25.871
3082762 2810000 98 3 w35873 r42602 m52258 f426 r3452903 p500
 439502098=82407520+216004295+159471644 i106020279 u397314948 u0 t23.288
Idx1+ lookups: 2675899 36900363 61002696 81874507 101777216 120332904 
Idx1+ positiv: 299293 10419452 13454529 14446309 15193318 14428621 
Idx1+ found  : 299293 10391921 13320423 14210985 14861623 14003181 
3093667 2820000 98 3 w55125 r94829 m109788 f455 r5323013 p500
 441252475=82734828+216859883+160111731 i106392603 u398944747 u0 t17.795
3104606 2830000 98 4 w78282 r164879 m185268 f491 r7214518 p500
 443006883=83060939+217716620+160755196 i106763493 u400580987 u0 t27.741
3115556 2840000 98 4 w107100 r248579 m274792 f537 r10153674 p500
 444688481=83372733+218538469+161372236 i107118717 u402149643 u0 t17.961
Idx1+ lookups: 4442903 38330283 62112110 82903010 102760257 121283682 
Idx1+ positiv: 636377 10745436 13540606 14496667 15230308 14457977 
Idx1+ found  : 636377 10712427 13401334 14256447 14893886 14027927 
3126447 2850000 98 4 w140745 r345088 m376678 f594 r13143947 p500
 446373566=83687025+219365885+161985484 i107476025 u403721356 u0 t32.957
3137354 2860000 98 4 w177755 r451601 m488038 f659 r16076526 p500
 448084410=84007360+220203015+162608631 i107835600 u405319342 u0 t25.16
Idx1+ lookups: 6199741 39695958 63211426 83924410 103737300 122228869 
Idx1+ positiv: 1027541 11017327 13623511 14545921 15266847 14487046 
Idx1+ found  : 1027540 10978786 13479250 14300804 14925742 14052320 
3148306 2870000 98 4 w217503 r565822 m607193 f730 r19039717 p500
 449709146=84311145+221001359+163198792 i108179454 u406835893 u0 t17.734
3159170 2880000 98 4 w261883 r688038 m734380 f812 r21980337 p500
 451351882=84617909+221801999+163801990 i108525853 u408368887 u0 t26.689
3170031 2890000 98 4 w305925 r816856 m867914 f893 r24822794 p500
 453013492=84929203+222613413+164410040 i108872174 u409924065 u0 t16.913
Idx1+ lookups: 7951131 41021678 64301806 84936683 104705781 123165783 
Idx1+ positiv: 1453212 11258119 13706777 14594577 15303194 14515848 
Idx1+ found  : 1453210 11214126 13557357 14344596 14957309 14076572 
3180938 2900000 98 4 w356114 r955628 m1011714 f986 r27846017 p500
 454661681=85237778+223419314+165012236 i109213848 u411468736 u0 t24.579
3191816 2910000 98 4 w412219 r1103643 m1164765 f1093 r30913527 p500
 456350591=85550949+224239011+165637741 i109567159 u413046702 u0 t15.539
3202736 2920000 98 4 w470335 r1261212 m1327170 f1204 r34076601 p500
 458067183=85872730+225081734+166261324 i109928047 u414650746 u0 t24.328
Idx1+ lookups: 9703011 42321704 65387402 85949458 105675818 124104822 
Idx1+ positiv: 1905070 11477932 13784717 14642110 15338810 14544445 
Idx1+ found  : 1905064 11428556 13630178 14387334 14988307 14100509 
3213588 2930000 98 4 w533085 r1424532 m1495329 f1327 r37225944 p500
 459765403=86191157+225911227+166882779 i110284611 u416236932 u0 t29.103
3224450 2940000 98 4 w600507 r1595576 m1671248 f1460 r40439946 p500
 461458958=86506014+226744049+167499073 i110645453 u417814482 u0 t14.789
Idx1+ lookups: 11468569 43609475 66482594 86974182 106657377 125055704 
Idx1+ positiv: 2382861 11676096 13860223 14690107 15374239 14572973 
Idx1+ found  : 2382851 11621135 13700646 14430499 15018984 14124391 
3235384 2950000 98 4 w669175 r1769119 m1849624 f1597 r43610274 p500
 463116228=86815090+227563975+168096159 i110997740 u419360974 u0 t26.641
3246267 2960000 98 4 w741046 r1953167 m2038404 f1742 r46817195 p500
 464858603=87140346+228419120+168730537 i111367175 u420986037 u0 t21.214
3257218 2970000 98 4 w823626 r2152754 m2243251 f1906 r50294784 p500
 466613074=87466190+229282067+169368910 i111734359 u422626988 u0 t23.989
Idx1+ lookups: 13227311 44867344 67566070 87989421 107630918 125999331 
Idx1+ positiv: 2883755 11855992 13933531 14736781 15408910 14601028 
Idx1+ found  : 2883724 11795528 13768883 14472197 15048898 14147696 
3268155 2980000 98 4 w896074 r2337350 m2432098 f2051 r53333965 p500
 468268376=87775619+230093744+169972379 i112084572 u424171305 u0 t29.582
3278993 2990000 98 4 w982161 r2538581 m2638241 f2224 r56648921 p500
 469969715=88091511+230926039+170595817 i112440763 u425762039 u0 t28.098
Idx1+ lookups: 14978377 46100011 68637479 88995081 108596873 126935267 
Idx1+ positiv: 3402203 12022567 14004330 14781409 15443608 14628699 
Idx1+ found  : 3402123 11956786 13834632 14511902 15078917 14170744 
3289873 3000000 98 4 w1064520 r2735451 m2840001 f2390 r59865266 p500
 471569970=88391941+231705539+171183343 i112770812 u427263424 u0 t17.136
3300770 3010000 98 4 w1143628 r2931214 m3039887 f2550 r62831266 p500
 473233246=88702602+232525382+171785545 i113122768 u428816792 u0 t28.67
3311716 3020000 98 4 w1233275 r3142514 m3256079 f2728 r66089276 p500
 474884704=89011906+233343669+172378776 i113474944 u430356412 u0 t29.467
Idx1+ lookups: 16746919 47336670 69723648 90016827 109578348 127886890 
Idx1+ positiv: 3934187 12178510 14073826 14826599 15478179 14656856 
Idx1+ found  : 3934006 12107276 13899055 14552173 15108769 14194314 
3322684 3030000 98 4 w1333193 r3363376 m3482042 f2929 r69525124 p500
 476508174=89314099+234142224+172968486 i113820286 u431869921 u0 t25.935
3333558 3040000 98 4 w1421368 r3575278 m3698186 f3105 r72621172 p500
 478143366=89618548+234943979+173565228 i114164429 u433397888 u0 t22.814
3344467 3050000 98 4 w1510640 r3787440 m3914597 f3287 r75696504 p500
 479740737=89918385+235729820+174143829 i114501253 u434890686 u0 t26.465
Idx1+ lookups: 18508833 48551686 70799237 91029156 110549386 128828759 
Idx1+ positiv: 4481228 12323286 14142100 14872803 15511887 14684797 
Idx1+ found  : 4480904 12246703 13962315 14593464 15137938 14217470 
3355390 3060000 98 4 w1614127 r4019337 m4151325 f3497 r79038371 p500
 481413586=90230624+236550329+174753692 i114852636 u436454452 u0 t37.324
3366284 3070000 98 4 w1705966 r4236556 m4372709 f3681 r82118707 p500
 482988960=90526560+237328756+175320755 i115182733 u437929165 u0 t23.258
3377177 3080000 98 4 w1807293 r4464876 m4605314 f3886 r85309584 p500
 484606407=90828041+238120588+175912435 i115520919 u439441441 u0 t24.285
Idx1+ lookups: 20269620 49753568 71867368 92036743 111518198 129768713 
Idx1+ positiv: 5040417 12462399 14207794 14916391 15545431 14712773 
Idx1+ found  : 5039809 12380454 14022859 14632239 15166796 14240918 
3388055 3090000 98 4 w1902635 r4687855 m4832317 f4078 r88368356 p500
 486152468=91119668+238885764+176466949 i115848385 u440885894 u0 t29.763
3398880 3100000 98 4 w2006828 r4921364 m5070206 f4290 r91558352 p500
 487684763=91409430+239647791+177012102 i116173705 u442317462 u0 t26.651
Idx1+ lookups: 22036788 50952948 72943688 93052040 112495299 130716917 
Idx1+ positiv: 5608663 12590994 14273851 14959513 15579170 14740049 
Idx1+ found  : 5607597 12503514 14083882 14670435 15195693 14263767 
3409787 3110000 98 4 w2107665 r5149652 m5302569 f4496 r94586788 p500
 489223743=91698454+240408490+177565964 i116499599 u443754782 u0 t20.962
3420708 3120000 98 4 w2205398 r5380093 m5536879 f4698 r97592075 p500
 490782966=91991874+241181846+178124362 i116828288 u445213265 u0 t25.641
3431637 3130000 98 4 w2323558 r5635554 m5797046 f4941 r100981737 p500
 492372061=92290972+241966929+178696725 i117164579 u446697311 u0 t24.083
Idx1+ lookups: 23801320 52138602 74011899 94060471 113466382 131659770 
Idx1+ positiv: 6188188 12713733 14338712 15001652 15612216 14767943 
Idx1+ found  : 6186475 12620957 14143662 14707783 15223923 14286985 
3442607 3140000 98 4 w2426262 r5870739 m6036238 f5151 r103992847 p500
 493867479=92576410+242705734+179231864 i117478167 u448097727 u0 t28.685
3453456 3150000 98 4 w2537083 r6116431 m6286005 f5379 r107115490 p500
 495418218=92870797+243475997+179783874 i117804569 u449549735 u0 t29.494
3464366 3160000 98 4 w2645789 r6365550 m6539077 f5606 r110248569 p500
 496965936=93164715+244245389+180334199 i118132094 u450996707 u0 t25.309
Idx1+ lookups: 25564104 53314276 75077115 95068548 114437854 132603355 
Idx1+ positiv: 6776309 12829431 14400899 15043173 15644673 14795001 
Idx1+ found  : 6773585 12731415 14200801 14744388 15251810 14309442 
3475266 3170000 98 4 w2753463 r6613521 m6791101 f5830 r113339448 p500
 498503481=93454655+245005791+180885711 i118458639 u452431900 u0 t26.744
3486141 3180000 98 4 w2867166 r6864610 m7046280 f6063 r116410515 p500
 499986498=93737190+245741376+181413852 i118769220 u453822244 u0 t27.2
3497008 3190000 98 4 w2976830 r7116892 m7302572 f6288 r119479333 p500
 501529487=94026056+246498293+181975369 i119090150 u455267780 u0 t17.2
Idx1+ lookups: 27321319 54473700 76131079 96067194 115400562 133538459 
Idx1+ positiv: 7375520 12940195 14461217 15083958 15676926 14821803 
Idx1+ found  : 7371376 12836875 14256119 14780326 15279414 14331629 
3507853 3200000 98 4 w3094288 r7376555 m7566367 f6532 r122659748 p500
 503046559=94315835+247250150+182516197 i119404187 u456693011 u0 t25.829
3518683 3210000 98 4 w3203266 r7631559 m7825066 f6759 r125684507 p500
 504564868=94603075+248002586+183059009 i119720660 u458117148 u0 t35.683
3529542 3220000 98 4 w3320527 r7895588 m8093138 f7005 r128822274 p500
 506086306=94893153+248756525+183601588 i120040788 u459541460 u0 t32.033
Idx1+ lookups: 29081659 55627535 77181168 97062494 116360602 134470578 
Idx1+ positiv: 7984015 13049278 14521034 15124014 15709393 14847992 
Idx1+ found  : 7977881 12940621 14310908 14815586 15307335 14353182 
3540480 3230000 98 4 w3442676 r8161652 m8363250 f7257 r131965742 p500
 507573435=95176490+249498789+184127119 i120354123 u460934287 u0 t17.961
3551409 3240000 98 4 w3565754 r8439528 m8645246 f7509 r135170449 p500
 509136904=95471887+250274207+184686052 i120682949 u462398294 u0 t29.7
3562370 3250000 98 4 w3681094 r8703162 m8912863 f7752 r138245714 p500
 510633889=95756816+251017114+185219210 i120996500 u463801118 u0 t22.1
Idx1+ lookups: 30847120 56778026 78234822 98062539 117325340 135408228 
Idx1+ positiv: 8601778 13151490 14579611 15164143 15741169 14874144 
Idx1+ found  : 8592851 13037458 14364517 14850893 15334423 14374682 
3573321 3260000 98 4 w3807974 r8978148 m9191844 f8016 r141375564 p500
 512154031=96046348+251771059+185761190 i121314788 u465226132 u0 t39.414
3584317 3270000 98 4 w3940659 r9272064 m9490151 f8290 r144747367 p500
 513711000=96340918+252547891+186312667 i121642189 u466684550 u0 t22.703
Idx1+ lookups: 32608716 57917914 79283888 99059209 118287404 136342986 
Idx1+ positiv: 9227042 13247608 14637003 15203647 15773086 14900058 
Idx1+ found  : 9214559 13128280 14416913 14885499 15361729 14395981 
3595165 3280000 98 4 w4063350 r9547098 m9769134 f8547 r147827484 p500
 515228612=96629800+253298990+186854771 i121958905 u468107934 u0 t29.673
3606131 3290000 98 4 w4186565 r9830132 m10056045 f8799 r150979451 p500
 516787712=96926491+254070286+187412396 i122282653 u469571733 u0 t29.489
3617031 3300000 98 4 w4320403 r10124415 m10354502 f9076 r154272493 p500
 518283261=97210191+254817319+187941237 i122596910 u470973397 u0 t18.997
Idx1+ lookups: 34373196 59055193 80332673 100057008 119251294 137279151 
Idx1+ positiv: 9858894 13341325 14692981 15242416 15805418 14926009 
Idx1+ found  : 9841760 13216774 14467899 14919408 15389454 14417313 
3627996 3310000 98 4 w4453191 r10415000 m10649000 f9347 r157461531 p500
 519803633=97499274+255577531+188477038 i122918773 u472395971 u0 t29.392
cache requests:  159397037, Misses: 10828865, Flush#: 9500
File page count: 244525
File page count: 0
3638920 3320000 98 3 w3288 r0 m0 f151 r0 p20
 521375389=97793280+256352278+189045476 i123247641 u473867170 u0 t35.867
3649881 3330000 98 3 w10230 r439 m1773 f392 r340291 p500
 522880556=98076303+257096336+189586609 i123559801 u475279827 u0 t28.987
Idx1+ lookups: 1271719 36050580 60179830 81372263 101047593 120208853 138210403 
Idx1+ positiv: 99804 10417128 13431477 14746998 15280312 15836539 14951414 
Idx1+ found  : 99804 10394507 13301821 14516904 14952434 15415761 14438161 
3660867 3340000 98 3 w22541 r16007 m21989 f407 r1980330 p500
 524491379=98379942+257895171+190162867 i123895873 u476790075 u0 t19.666
3671820 3350000 98 3 w38710 r49512 m59894 f430 r3677615 p500
 526041380=98675689+258665765+190712311 i124220574 u478243698 u0 t19.042
3682790 3360000 98 3 w57080 r100681 m116102 f457 r5437955 p500
 527659222=98979781+259462353+191297318 i124555539 u479761806 u0 t32.34
Idx1+ lookups: 3052400 37552793 61295957 82407834 102035388 121162325 139137784 
Idx1+ positiv: 378272 10808817 13517252 14799607 15319308 15867285 14976584 
Idx1+ found  : 378272 10780593 13382377 14564680 14986757 15441852 14458811 
3693808 3370000 98 4 w81322 r170079 m190873 f495 r7303085 p500
 529325956=99293194+260282583+191900382 i124900984 u481325014 u0 t35.189
3704793 3380000 98 4 w108773 r251373 m277682 f540 r10142782 p500
 530943069=99597886+261085257+192478358 i125241084 u482839069 u0 t30.567
Idx1+ lookups: 4824936 38973970 62409299 83441208 103021637 122116151 140066438 
Idx1+ positiv: 729631 11122263 13602566 14851687 15356554 15897195 15001483 
Idx1+ found  : 729631 11088428 13462345 14611805 15019180 15467024 14479164 
3715703 3390000 98 4 w140457 r347976 m379196 f595 r12984622 p500
 532641482=99915490+261923870+193091543 i125592185 u484433939 u0 t27.443
3726649 3400000 98 4 w175912 r457286 m493620 f657 r15992147 p500
 534346388=100233856+262770855+193701866 i125948073 u486032293 u0 t23.173
3737635 3410000 98 4 w221733 r582585 m624330 f739 r19224132 p500
 536134448=100568655+263669932+194329472 i126323143 u487708513 u0 t36.477
Idx1+ lookups: 6589543 40345877 63521056 84477937 104012382 123074616 141000609 
Idx1+ positiv: 1122332 11387997 13682965 14902717 15393611 15926206 15026766 
Idx1+ found  : 1122331 11348578 13537373 14657789 15051460 15491318 14499778 
Total lines processed: 3419390
Block Count:1, 127
Avg Block Count:1652504 = 209868117 / 127
Avg Max Count:0, 10412, 98
Block Count:397, 54814
Avg Block Count:106 = 5860068 / 54814
Avg Max Count:198, 156, 84
BloomFilter
    bits: 275693837
    estimated elements: 25000000
    number hashes: 8
    max false positive rate: 0.005000
    bloom length (8 bits): 34461730
    elements added: 5860068
    estimated elements added: 5858417
    current false positive rate: 0.000000
    export size (bytes): 34461750
    number bits set: 43100131
    is on disk: no
Block Count:0, 1
Avg Block Count:-1370925 = -1370925 / 1
Avg Max Count:0, 0, 0
BloomFilter
    bits: 275693837
    estimated elements: 25000000
    number hashes: 8
    max false positive rate: 0.005000
    bloom length (8 bits): 34461730
    elements added: 25000000
    estimated elements added: 24985991
    current false positive rate: 0.005017
    export size (bytes): 34461750
    number bits set: 142173333
    is on disk: no
Block Count:0, 1
Avg Block Count:-3851369 = -3851369 / 1
Avg Max Count:0, 0, 0
BloomFilter
    bits: 275693837
    estimated elements: 25000000
    number hashes: 8
    max false positive rate: 0.005000
    bloom length (8 bits): 34461730
    elements added: 25000000
    estimated elements added: 24988491
    current false positive rate: 0.005017
    export size (bytes): 34461750
    number bits set: 142183020
    is on disk: no
Block Count:0, 1
Avg Block Count:-4967826 = -4967826 / 1
Avg Max Count:0, 0, 0
BloomFilter
    bits: 275693837
    estimated elements: 25000000
    number hashes: 8
    max false positive rate: 0.005000
    bloom length (8 bits): 34461730
    elements added: 25000000
    estimated elements added: 24988173
    current false positive rate: 0.005017
    export size (bytes): 34461750
    number bits set: 142181786
    is on disk: no
Block Count:0, 1
Avg Block Count:-5673164 = -5673164 / 1
Avg Max Count:0, 0, 0
BloomFilter
    bits: 275693837
    estimated elements: 25000000
    number hashes: 8
    max false positive rate: 0.005000
    bloom length (8 bits): 34461730
    elements added: 25000000
    estimated elements added: 24987842
    current false positive rate: 0.005017
    export size (bytes): 34461750
    number bits set: 142180503
    is on disk: no
Block Count:0, 1
Avg Block Count:-6187337 = -6187337 / 1
Avg Max Count:0, 0, 0
BloomFilter
    bits: 275693837
    estimated elements: 25000000
    number hashes: 8
    max false positive rate: 0.005000
    bloom length (8 bits): 34461730
    elements added: 25000000
    estimated elements added: 24987132
    current false positive rate: 0.005017
    export size (bytes): 34461750
    number bits set: 142177755
    is on disk: no
Block Count:0, 1
Avg Block Count:-6623887 = -6623887 / 1
Avg Max Count:0, 0, 0
BloomFilter
    bits: 275693837
    estimated elements: 25000000
    number hashes: 8
    max false positive rate: 0.005000
    bloom length (8 bits): 34461730
    elements added: 25000000
    estimated elements added: 24988302
    current false positive rate: 0.005017
    export size (bytes): 34461750
    number bits set: 142182286
    is on disk: no
Level Count:2
Level Count:4
Level Count:1
Level Count:1
Level Count:1
Level Count:1
Level Count:1
Level Count:1
1 4
1 4
Max word len: 98
Total words generated: 537811144
Words inserted 126670729
Words updated: 489281737
cache requests:  0, Misses: 0, Flush#: 6
cache requests:  22246786, Misses: 755980, Flush#: 821
cache requests:  8333151, Misses: 1533637, Flush#: 1980
cache requests:  23849553, Misses: 4705254, Flush#: 5932
cache requests:  31145614, Misses: 6294771, Flush#: 7828
cache requests:  35960601, Misses: 7376416, Flush#: 9012
cache requests:  39601179, Misses: 8179137, Flush#: 9910
cache requests:  42774885, Misses: 8996492, Flush#: 10703
OUBLK INBLK
    -     -
rchar: 404492689911
wchar: 203454100916
syscr: 98643911
syscw: 49591020
read_bytes: 11426254848
write_bytes: 155848454144
cancelled_write_bytes: 0
22311360
304391512
