Csz: 8, pgsz: 4096
File page count: 0
File page count: 0
Stg buf: 128mb, Idx1 buf: 128mb, Idx1+ buf: 32mb
Idx1 entry count limit: 25 million
10988 10000 60 1 w0 r0 m0 f0 r0 p20
 1502009=280567+736357+547318 i721658 u998423 u0 t1.66
22023 20000 60 1 w0 r0 m0 f0 r0 p20
 2970299=556558+1459020+1077812 i1299209 u2102895 u0 t1.943
Idx1+ lookups: 0 
33024 30000 60 1 w0 r0 m0 f0 r0 p20
 4455591=837142+2190955+1612898 i1852391 u3251575 u0 t1.966
44043 40000 66 1 w0 r0 m0 f0 r0 p20
 6021768=1126498+2950354+2194339 i2403108 u4491603 u0 t2.062
55121 50000 66 1 w0 r0 m0 f0 r0 p20
 7457432=1399039+3657323+2711810 i2899495 u5640597 u0 t1.923
Idx1+ lookups: 0 
66115 60000 66 1 w0 r0 m0 f0 r0 p20
 8882525=1666288+4349737+3237298 i3372066 u6798479 u0 t1.906
77117 70000 66 3 w6052 r0 m0 f288 r0 p20
 10323681=1938542+5063745+3753209 i3853778 u7969012 u0 t2.286
88102 80000 66 3 w11114 r0 m0 f529 r0 p20
 11702242=2200826+5741136+4250267 i4311095 u9091715 u0 t2.15
Idx1+ lookups: 30139 
99095 90000 66 4 w25207 r0 m0 f1200 r0 p20
 13139065=2468368+6445510+4774403 i4790532 u10257678 u0 t2.644
110113 100000 66 4 w36023 r421 m3544 f1566 r744307 p500
 14570300=2739305+7152735+5287868 i5266342 u11422349 u0 t2.427
121109 110000 66 4 w46802 r5500 m18557 f1586 r3065761 p500
 15981984=3006512+7851613+5792984 i5741581 u12565208 u0 t2.366
Idx1+ lookups: 126238 
132028 120000 66 4 w50067 r14178 m30600 f1592 r3931748 p500
 17532484=3286822+8590277+6386159 i6227915 u13847659 u0 t2.161
142990 130000 66 4 w53806 r24142 m44034 f1599 r5083731 p500
 18986448=3562710+9311119+6905248 i6703118 u15039275 u0 t2.271
153925 140000 66 4 w58183 r37263 m61227 f1607 r6749624 p500
 20474477=3841729+10051396+7435263 i7185518 u16262580 u0 t2.432
Idx1+ lookups: 236633 
164855 150000 66 4 w61420 r49748 m74946 f1611 r7457461 p500
 21982251=4126056+10796461+7976893 i7670543 u17505324 u0 t2.387
175812 160000 66 4 w65421 r65189 m92339 f1616 r8926673 p500
 23584909=4417148+11560934+8588302 i8161930 u18842235 u0 t2.777
186797 170000 66 4 w73700 r82573 m112339 f1627 r10749743 p500
 25060643=4694278+12291216+9118384 i8631726 u20064090 u0 t2.6
Idx1+ lookups: 363547 
197847 180000 66 4 w82606 r101400 m133058 f1641 r12167496 p500
 26594805=4977567+13035840+9687961 i9109204 u21340510 u0 t2.705
208776 190000 66 4 w93232 r122272 m156551 f1657 r13719919 p500
 28107430=5261667+13783743+10232285 i9586241 u22597006 u0 t2.636
219728 200000 66 4 w106925 r149348 m188267 f1676 r15956084 p500
 29612928=5546285+14529981+10770299 i10063331 u23846287 u0 t2.869
Idx1+ lookups: 513593 
230584 210000 66 4 w120242 r176796 m218901 f1696 r17571509 p500
 31176719=5839236+15302598+11333221 i10554737 u25146305 u0 t2.915
241548 220000 66 4 w129568 r203015 m246902 f1711 r18622913 p500
 32683216=6122373+16045650+11876729 i11034546 u26392592 u0 t2.651
252514 230000 66 4 w139177 r231351 m278328 f1724 r19849121 p500
 34281334=6415992+16823378+12467909 i11534581 u27719773 u0 t2.725
Idx1+ lookups: 672362 
263483 240000 66 4 w151809 r262871 m314551 f1740 r21633226 p500
 35779646=6698842+17564571+13004988 i12011976 u28959765 u0 t2.884
274496 250000 66 4 w168763 r299282 m356220 f1763 r23552378 p500
 37310769=6986369+18323484+13553505 i12497614 u30228753 u0 t3.071
285461 260000 66 4 w186788 r338745 m400862 f1789 r25542985 p500
 38803051=7268863+19066410+14083606 i12972561 u31465277 u0 t2.795
Idx1+ lookups: 842546 
296415 270000 66 4 w200691 r376529 m441916 f1811 r26896327 p500
 40291660=7548931+19800727+14620226 i13445988 u32697464 u0 t2.495
307437 280000 66 4 w213256 r414332 m483172 f1829 r28122133 p500
 41798390=7832680+20548382+15159093 i13924466 u33946244 u0 t2.504
318462 290000 66 4 w225520 r457274 m530516 f1846 r29719733 p500
 43400958=8135339+21341253+15733409 i14433215 u35274124 u0 t2.749
Idx1+ lookups: 1021170 
329483 300000 66 4 w241719 r503885 m581470 f1870 r31366727 p500
 45028067=8442234+22155263+16308545 i14954226 u36619780 u0 t2.848
340525 310000 66 4 w266226 r556522 m640312 f1906 r33639451 p500
 46615498=8738046+22934138+16886727 i15447645 u37943566 u0 t2.939
Idx1+ lookups: 1201601 
351480 320000 94 4 w287313 r607590 m695863 f1939 r35337387 p500
 48198444=9038935+23721499+17447383 i15943075 u39262402 u0 t2.764
362496 330000 94 4 w305434 r657335 m749246 f1969 r36837367 p500
 49733444=9330284+24482692+17993474 i16425821 u40539402 u0 t2.83
373551 340000 94 4 w321684 r707918 m803199 f1995 r38236341 p500
 51290420=9626097+25253246+18550462 i16918811 u41831443 u0 t2.76
Idx1+ lookups: 1392753 
384689 350000 94 4 w336237 r758777 m857400 f2018 r39576666 p500
 52863841=9922129+26021395+19125405 i17414861 u43136842 u0 t2.696
395874 360000 94 4 w357999 r814873 m917621 f2053 r41211489 p500
 54481113=10221859+26805577+19724920 i17926648 u44474191 u0 t2.867
406862 370000 94 4 w385888 r880711 m989936 f2096 r43521915 p500
 56127737=10531055+27599843+20335875 i18444146 u45839473 u0 t3.117
Idx1+ lookups: 1583823 
417894 380000 94 4 w415396 r944215 m1058748 f2145 r45435953 p500
 57710652=10827571+28373736+20913921 i18947472 u47148213 u0 t2.924
428912 390000 94 4 w436045 r1006228 m1125281 f2178 r47091699 p500
 59267668=11118998+29134387+21483671 i19440686 u48437075 u0 t2.787
439874 400000 94 4 w459525 r1067313 m1190218 f2218 r48607527 p500
 60798949=11403897+29878773+22048738 i19919263 u49710042 u0 t2.717
Idx1+ lookups: 1785415 
450859 410000 94 4 w483028 r1132667 m1259970 f2256 r50274488 p500
 62344803=11692810+30638301+22610561 i20407394 u50992218 u0 t2.857
461847 420000 94 4 w503910 r1194185 m1324888 f2291 r51637477 p500
 63844431=11974358+31373784+23155226 i20879283 u52237597 u0 t2.828
472807 430000 94 4 w524118 r1261645 m1395958 f2325 r53126432 p500
 65437780=12274970+32155539+23733015 i21377299 u53564288 u0 t2.896
Idx1+ lookups: 1990724 
483790 440000 94 4 w556255 r1338647 m1478169 f2378 r55177600 p500
 67045767=12575174+32948774+24314528 i21884191 u54899581 u0 t3.094
494708 450000 94 4 w590352 r1421850 m1566649 f2436 r57238104 p500
 68699472=12883619+33764275+24912530 i22402854 u56274975 u0 t3.46
Idx1+ lookups: 2203925 
505590 460000 94 4 w619170 r1499402 m1648353 f2486 r58930967 p500
 70351532=13192036+34579703+25508940 i22921996 u57648734 u0 t3.389
516566 470000 94 4 w647589 r1579124 m1732306 f2535 r60682036 p500
 71990802=13497983+35383004+26106829 i23432923 u59013782 u0 t3.231
527520 480000 94 4 w680969 r1665242 m1823112 f2592 r62615318 p500
 73645399=13806248+36198720+26705964 i23954014 u60387434 u0 t3.191
Idx1+ lookups: 2422384 
538466 490000 94 4 w711569 r1748726 m1910596 f2646 r64340758 p500
 75322036=14118226+37019796+27319560 i24474710 u61785510 u0 t3.177
549399 500000 94 4 w746972 r1839637 m2005944 f2708 r66276610 p500
 77023425=14443739+37852951+27939452 i25005032 u63202869 u0 t3.226
Idx1+ lookups: 2648293 
560288 510000 94 4 w781974 r1931005 m2101395 f2771 r68104315 p500
 78683779=14754211+38673947+28537979 i25520979 u64589114 u0 t3.155
571192 520000 94 4 w812211 r2020287 m2194562 f2825 r69854748 p500
 80352712=15063905+39495351+29144443 i26041454 u65979332 u0 t3.185
582148 530000 94 4 w852854 r2118871 m2297936 f2896 r71909114 p500
 82036336=15378372+40322769+29756566 i26564902 u67383898 u0 t3.304
Idx1+ lookups: 2875404 
593039 540000 94 4 w888154 r2214831 m2397893 f2961 r73638480 p500
 83771290=15699382+41171815+30392891 i27098161 u68835757 u0 t3.242
604123 550000 94 4 w914567 r2300364 m2486923 f3008 r75191893 p500
 85292841=15985696+41911091+30952926 i27564022 u70111175 u0 t2.879
615220 560000 94 4 w948521 r2376754 m2566708 f3070 r76639991 p500
 86578406=16228956+42541143+31420369 i27954530 u71193419 u0 t2.515
Idx1+ lookups: 3106724 
626410 570000 94 4 w979901 r2453442 m2647088 f3126 r78207096 p500
 87844101=16466215+43152805+31889826 i28337481 u72258369 u0 t2.499
637646 580000 94 4 w1002415 r2523244 m2719431 f3167 r79379319 p500
 89076810=16700413+43755344+32338702 i28710380 u73297588 u0 t2.309
648847 590000 94 4 w1033643 r2603610 m2803647 f3222 r81008516 p500
 90374030=16941574+44376422+32827115 i29085497 u74404184 u0 t2.531
660023 600000 94 4 w1057514 r2670079 m2872508 f3266 r82109929 p500
 91532382=17161983+44938682+33251932 i29435051 u75381120 u0 t2.188
Idx1+ lookups: 3340314 
671169 610000 94 4 w1084339 r2743196 m2948670 f3313 r83431882 p500
 92677881=17380618+45496976+33670550 i29778724 u76349616 u0 t2.278
682330 620000 94 4 w1110438 r2813342 m3021413 f3362 r84624026 p500
 93822077=17600425+46050280+34090645 i30119425 u77318730 u0 t2.601
693457 630000 94 4 w1144623 r2896241 m3108083 f3424 r86217611 p500
 95055697=17831544+46649550+34545330 i30479856 u78369817 u0 t2.51
cache requests:  87094873, Misses: 3166564, Flush#: 3463
File page count: 246412
File page count: 0
Idx1+ lookups: 3573456 2942 
704731 640000 94 3 w759 r0 m0 f36 r0 p20
 96294487=18063003+47246521+35007532 i30843124 u79423030 u0 t2.452
715916 650000 94 3 w4875 r0 m0 f232 r0 p20
 97439920=18281492+47802828+35427035 i31185828 u80392339 u0 t2.2
727122 660000 94 3 w9097 r0 m0 f433 r0 p20
 98670868=18515586+48399959+35879326 i31553183 u81434274 u0 t2.314
738273 670000 94 3 w13571 r0 m0 f646 r0 p20
 99875743=18744879+48985343+36321344 i31910643 u82457095 u0 t2.379
Idx1+ lookups: 3591794 230902 
749495 680000 94 3 w18024 r0 m0 f858 r0 p20
 101042383=18969139+49551143+36748337 i32250379 u83454036 u0 t2.388
760693 690000 94 3 w22394 r0 m0 f1066 r0 p20
 102254980=19199662+50136770+37196455 i32608805 u84483534 u0 t2.324
771972 700000 94 4 w27944 r0 m0 f1330 r0 p20
 103465720=19428892+50723315+37642786 i32968049 u85510511 u0 t2.381
783287 710000 94 4 w32776 r6 m418 f1560 r97200 p500
 104639900=19653350+51296043+38070532 i33314759 u86509088 u0 t2.302
Idx1+ lookups: 3641035 436774 
794503 720000 94 4 w37964 r673 m5315 f1569 r1224000 p500
 105795637=19874772+51860524+38490375 i33656405 u87491834 u0 t2.207
805629 730000 94 4 w41681 r2620 m10299 f1575 r2203004 p500
 107012879=20104345+52440052+38949652 i34014383 u88524852 u0 t2.235
816809 740000 94 4 w44992 r5634 m16063 f1580 r3233718 p500
 108170750=20322040+52988329+39390324 i34348049 u89512960 u0 t2.154
Idx1+ lookups: 3719832 620703 
827890 750000 94 4 w49256 r9666 m22853 f1586 r4330831 p500
 109346023=20541989+53535547+39846975 i34677674 u90523155 u0 t2.169
839058 760000 94 4 w52779 r14269 m29602 f1590 r5237268 p500
 110457274=20754203+54068761+40260181 i34996761 u91475586 u0 t2.055
850231 770000 94 4 w57789 r20232 m37915 f1595 r6309683 p500
 111644530=20977813+54640699+40701567 i35339589 u92490661 u0 t2.23
861324 780000 94 4 w63685 r27974 m47890 f1602 r7473915 p500
 112756712=21190675+55177904+41111668 i35664820 u93438698 u0 t2.162
Idx1+ lookups: 3823414 789802 
872344 790000 94 4 w69699 r36261 m58190 f1610 r8514726 p500
 113901230=21409743+55727856+41536166 i35992544 u94421082 u0 t2.168
883522 800000 94 4 w76208 r45880 m70098 f1619 r9636450 p500
 115052446=21630279+56283615+41960828 i36324466 u95407205 u0 t2.205
894714 810000 94 4 w83323 r56033 m82413 f1629 r10688755 p500
 116160183=21843397+56812897+42374928 i36645842 u96353170 u0 t2.133
905844 820000 94 4 w91032 r67169 m95663 f1640 r11701076 p500
 117283223=22058021+57355645+42788962 i36970137 u97314391 u0 t2.148
Idx1+ lookups: 3942234 947033 
916882 830000 94 4 w100834 r82509 m114316 f1653 r13181410 p500
 118549967=22298052+57962861+43262652 i37341048 u98391757 u0 t2.491
927964 840000 94 4 w109751 r97073 m131253 f1666 r14228707 p500
 119743936=22526809+58544733+43697164 i37697499 u99403575 u0 t2.323
939033 850000 94 4 w120634 r114955 m152295 f1681 r15561171 p500
 121004026=22765154+59154770+44162145 i38075598 u100467660 u0 t2.485
950128 860000 94 4 w130249 r133556 m173812 f1695 r16790367 p500
 122238911=23000263+59758465+44610481 i38448239 u101509791 u0 t2.433
Idx1+ lookups: 4081237 1097351 
961260 870000 94 4 w141692 r153645 m197036 f1711 r18087507 p500
 123458245=23233306+60350981+45056196 i38814337 u102539944 u0 t2.419
972424 880000 94 4 w150279 r173629 m219464 f1724 r19108681 p500
 124673076=23464513+60935225+45507237 i39179457 u103564570 u0 t2.337
983571 890000 94 4 w160872 r195229 m243909 f1739 r20236956 p500
 125884344=23693920+61524697+45951042 i39547059 u104583608 u0 t2.382
Idx1+ lookups: 4233096 1240187 
994789 900000 94 4 w170972 r217926 m269683 f1754 r21417742 p500
 127057734=23916914+62089299+46386563 i39894060 u105579254 u0 t2.319
1005944 910000 94 4 w184597 r243381 m299004 f1773 r22846489 p500
 128303145=24152135+62684289+46852631 i40245833 u106651138 u0 t2.445
1017100 920000 94 4 w195204 r267276 m325579 f1789 r23886489 p500
 129430532=24368313+63227679+47268900 i40581656 u107606007 u0 t2.23
1028294 930000 94 4 w208146 r294876 m357163 f1807 r25332552 p500
 130528677=24578028+63757612+47674284 i40907462 u108537292 u0 t2.406
Idx1+ lookups: 4396557 1370113 
1039422 940000 94 4 w222272 r323843 m389338 f1829 r26535922 p500
 131687827=24798360+64320403+48099629 i41255059 u109516974 u0 t2.333
1050473 950000 94 4 w232081 r350408 m418176 f1845 r27438057 p500
 132854633=25020472+64887893+48525919 i41599703 u110508556 u0 t2.225
1061568 960000 94 4 w245271 r380065 m450750 f1865 r28574300 p500
 134043070=25250333+65467521+48956681 i41946606 u111524463 u0 t2.336
1072599 970000 94 4 w257960 r412849 m487126 f1884 r29874661 p500
 135291847=25485760+66067542+49422293 i42309611 u112589262 u0 t2.461
Idx1+ lookups: 4571071 1491183 
1083733 980000 94 4 w269768 r442527 m519500 f1902 r30900791 p500
 136399100=25701026+66611278+49818919 i42636782 u113532357 u0 t2.204
1094785 990000 94 4 w281238 r472584 m551909 f1920 r31849541 p500
 137519050=25917257+67155540+50227043 i42971764 u114480778 u0 t2.207
1105876 1000000 94 4 w295361 r508930 m592061 f1941 r33270519 p500
 138665713=26137695+67717784+50640862 i43316090 u115451502 u0 t2.408
Idx1+ lookups: 4758347 1608928 
1117034 1010000 94 4 w312214 r544793 m631219 f1968 r34467722 p500
 139787403=26354448+68264708+51048328 i43652663 u116400298 u0 t2.321
1128112 1020000 94 4 w327137 r580353 m669749 f1992 r35582771 p500
 140921791=26573668+68822755+51454807 i43996873 u117357515 u0 t2.31
1139060 1030000 94 4 w343856 r624175 m717797 f2018 r37117227 p500
 142169262=26814500+69435817+51902697 i44381199 u118403829 u0 t2.632
1150007 1040000 94 4 w366967 r674045 m771933 f2055 r38739804 p500
 143561529=27079998+70114418+52410413 i44808898 u119570333 u0 t2.911
Idx1+ lookups: 4955573 1725119 
1160894 1050000 94 4 w386708 r724393 m826098 f2088 r40245797 p500
 144998334=27351326+70820475+52930359 i45255715 u120769661 u0 t2.932
1171814 1060000 94 4 w404516 r773238 m878127 f2117 r41545627 p500
 146379096=27613815+71499763+53428048 i45685282 u121922424 u0 t2.936
1182789 1070000 94 4 w422959 r825783 m934161 f2148 r42970747 p500
 147771413=27879098+72187374+53926681 i46121209 u123082937 u0 t2.931
Idx1+ lookups: 5158743 1839046 
1193726 1080000 94 4 w443710 r879579 m991434 f2184 r44437747 p500
 149134067=28139227+72857138+54417549 i46544031 u124221912 u0 t2.867
1204582 1090000 94 4 w466596 r938146 m1053752 f2222 r46019625 p500
 150558189=28410800+73563244+54924922 i46990665 u125408477 u0 t3.041
1215452 1100000 94 4 w491585 r1000228 m1119701 f2265 r47662284 p500
 152005113=28686816+74275924+55445128 i47438905 u126618228 u0 t3.471
Idx1+ lookups: 5377042 1948208 
1226363 1110000 94 4 w520033 r1068224 m1192207 f2314 r49556378 p500
 153500823=28969235+75014161+55983169 i47906904 u127864637 u0 t3.229
1237247 1120000 94 4 w539915 r1129155 m1256213 f2348 r50933954 p500
 154937436=29243149+75724625+56496704 i48353226 u129065377 u0 t2.952
1248176 1130000 94 4 w564862 r1195851 m1326686 f2391 r52528570 p500
 156402735=29522272+76447278+57022338 i48810310 u130288051 u0 t3.136
Idx1+ lookups: 5604625 2050508 
1259068 1140000 94 4 w589850 r1263279 m1397868 f2435 r54170153 p500
 157861130=29797985+77168674+57545265 i49268265 u131501688 u0 t3.104
1269968 1150000 94 4 w614787 r1335261 m1473745 f2478 r55903450 p500
 159329507=30076803+77900612+58066164 i49729047 u132725029 u0 t3.151
1280888 1160000 94 4 w647488 r1407956 m1550241 f2537 r57551254 p500
 160787360=30353505+78624948+58585504 i50190599 u133935167 u0 t3.15
Idx1+ lookups: 5838744 2150392 
1291754 1170000 94 4 w673523 r1482259 m1628221 f2582 r59223497 p500
 162257086=30632524+79353396+59110035 i50654589 u135156644 u0 t3.149
1302652 1180000 94 4 w701213 r1560770 m1710732 f2631 r60974878 p500
 163740225=30914948+80088433+59638609 i51120801 u136391774 u0 t3.208
1313613 1190000 94 4 w728610 r1635979 m1789197 f2680 r62495854 p500
 165222365=31196415+80824289+60167001 i51587499 u137624944 u0 t3.14
Idx1+ lookups: 6083369 2244752 
1324596 1200000 94 4 w756874 r1717463 m1874693 f2730 r64196913 p500
 166705142=31477697+81562307+60693492 i52053514 u138859919 u0 t3.217
1335456 1210000 94 4 w788268 r1799706 m1960728 f2787 r65871830 p500
 168224635=31765451+82316176+61235830 i52535080 u140120747 u0 t3.303
1346441 1220000 94 4 w821738 r1888790 m2054290 f2846 r67783865 p500
 169783151=32059976+83084342+61797326 i53018777 u141422851 u0 t3.416
Idx1+ lookups: 6332188 2336766 
1357399 1230000 94 4 w853732 r1977387 m2146852 f2903 r69490567 p500
 171340127=32353047+83856368+62354089 i53508316 u142718070 u0 t3.366
1368385 1240000 94 4 w888881 r2073464 m2247532 f2966 r71477175 p500
 172947613=32655799+84649796+62933488 i54013026 u144055228 u0 t3.525
1379469 1250000 94 4 w925087 r2169393 m2347444 f3032 r73210507 p500
 174578358=32960715+85458237+63518400 i54528590 u145408253 u0 t3.519
Idx1+ lookups: 6590846 2425988 
1390543 1260000 94 4 w959462 r2266924 m2449246 f3095 r75071594 p500
 176216496=33265768+86260659+64117377 i55040424 u146771156 u0 t3.54
1401635 1270000 94 4 w995248 r2368093 m2554592 f3161 r76927564 p500
 177844400=33572064+87068311+64699573 i55554208 u148123666 u0 t3.606
Idx1+ lookups: 6851926 2510516 
1412662 1280000 94 4 w1036779 r2473715 m2665152 f3236 r79003108 p500
 179448464=33876559+87868585+65267070 i56064507 u149453860 u0 t3.891
1423732 1290000 94 4 w1074272 r2577568 m2773483 f3307 r80882366 p500
 181048818=34176735+88658077+65844470 i56571538 u150780685 u0 t3.833
1434749 1300000 94 4 w1115886 r2687121 m2887538 f3384 r82824633 p500
 182708017=34486060+89473649+66447223 i57095241 u152156987 u0 t3.686
Idx1+ lookups: 7118825 2592587 
1445738 1310000 94 4 w1156854 r2799415 m3004338 f3459 r84850305 p500
 184393707=34802515+90300279+67060585 i57631889 u153550599 u0 t3.763
1456743 1320000 94 4 w1195466 r2910423 m3119521 f3530 r86685832 p500
 186070233=35117420+91124338+67668658 i58164189 u154938564 u0 t3.733
Idx1+ lookups: 7393018 2672047 
cache requests:  88655742, Misses: 3240405, Flush#: 3606
File page count: 246458
File page count: 0
1467716 1330000 94 2 w21 r0 m0 f1 r0 p20
 187826318=35446440+91987570+68306202 i58719404 u156394389 u0 t4.02
1478847 1340000 94 3 w7179 r0 m0 f341 r0 p20
 189576204=35770547+92843092+68948286 i59277633 u157838557 u0 t3.818
1489858 1350000 94 3 w15225 r0 m0 f724 r0 p20
 191293706=36091274+93689714+69570365 i59824581 u159258867 u0 t3.817
Idx1+ lookups: 7417815 2890371 114483 
1500812 1360000 94 3 w21530 r0 m0 f1024 r0 p20
 192945491=36397576+94496222+70177412 i60344841 u160629192 u0 t3.544
1511816 1370000 94 4 w28105 r0 m0 f1337 r0 p20
 194629037=36712329+95326971+70785495 i60870094 u162032872 u0 t3.614
1522795 1380000 94 4 w35441 r128 m2222 f1564 r569026 p500
 196261107=37016280+96132860+71375071 i61379337 u163392905 u0 t3.57
Idx1+ lookups: 7487303 3090884 217940 
1533703 1390000 94 4 w42752 r2033 m9138 f1574 r2012883 p500
 197916580=37324592+96947275+71976458 i61902201 u164765938 u0 t3.514
1544569 1400000 94 4 w52577 r7429 m20104 f1585 r3973957 p500
 199559259=37633478+97759355+72566898 i62415142 u166135709 u0 t3.635
Idx1+ lookups: 7595173 3272827 315395 
1555499 1410000 94 4 w59856 r16059 m31947 f1593 r5455947 p500
 201315494=37961628+98624605+73202706 i62964505 u167597524 u0 t3.726
1566395 1420000 94 4 w70283 r27793 m47734 f1606 r7302674 p500
 203040851=38283744+99480615+73821800 i63504345 u169034873 u0 t3.819
1577238 1430000 94 4 w81690 r42645 m66450 f1621 r9139586 p500
 204769957=38606559+100338547+74442479 i64046285 u170473995 u0 t3.791
Idx1+ lookups: 7719161 3439467 404723 
1588118 1440000 98 4 w93362 r59901 m87372 f1637 r10946654 p500
 206501964=38930451+101195825+75064964 i64592686 u171911895 u0 t3.8
1598949 1450000 98 4 w107062 r81119 m112552 f1656 r12795090 p500
 208268958=39258963+102068645+75703593 i65149992 u173378581 u0 t3.87
Idx1+ lookups: 7865782 3594801 490407 
1609797 1460000 98 4 w121574 r106937 m142943 f1676 r14809856 p500
 210044947=39588611+102945770+76346406 i65707770 u174854315 u0 t3.944
1620630 1470000 98 4 w138084 r135259 m175726 f1700 r16664294 p500
 211794585=39917933+103814704+76971470 i66259354 u176307780 u0 t3.869
1631477 1480000 98 4 w153974 r166398 m211359 f1723 r18476861 p500
 213544045=40245037+104679189+77602221 i66813531 u177757284 u0 t3.863
Idx1+ lookups: 8026747 3742226 570522 
1642373 1490000 98 4 w170032 r200488 m249799 f1746 r20242331 p500
 215341282=40581295+105569208+78248299 i67380424 u179249448 u0 t3.932
1653233 1500000 98 4 w187233 r238996 m293046 f1771 r22145043 p500
 217140861=40916401+106459891+78897104 i67948702 u180742730 u0 t4.024
Idx1+ lookups: 8204011 3878213 646447 
1664130 1510000 98 4 w207931 r282323 m341794 f1802 r24205370 p500
 218918863=41246819+107335188+79542979 i68508421 u182218524 u0 t4.039
1675034 1520000 98 4 w228431 r328407 m393078 f1833 r26193681 p500
 220707784=41578832+108217124+80191733 i69072310 u183703026 u0 t4.003
1685958 1530000 98 4 w248094 r377174 m446955 f1863 r28112463 p500
 222527080=41916354+109112653+80853015 i69648217 u185210157 u0 t4.056
Idx1+ lookups: 8392447 4006490 718682 
1696847 1540000 98 4 w270837 r430927 m506451 f1897 r30286100 p500
 224315178=42247473+109988212+81508049 i70214063 u186690233 u0 t4.076
1707676 1550000 98 4 w293547 r487595 m568309 f1933 r32237717 p500
 226145550=42585444+110889061+82174592 i70796512 u188202713 u0 t4.099
Idx1+ lookups: 8595668 4128650 787373 
1718573 1560000 98 4 w317922 r548233 m634185 f1972 r34292477 p500
 227977335=42923424+111787999+82844857 i71377408 u189717419 u0 t4.143
1729487 1570000 98 4 w338713 r607750 m698053 f2006 r35986165 p500
 229753615=43251320+112659502+83494703 i71940385 u191187163 u0 t3.939
Idx1+ lookups: 8809510 4243585 853649 
1740347 1580000 98 4 w361547 r668931 m763649 f2042 r37747847 p500
 231553104=43584046+113540125+84154536 i72509258 u192677255 u0 t4.01
1751207 1590000 98 4 w390625 r738637 m839123 f2089 r39939486 p500
 233379940=43922520+114439161+84819335 i73087009 u194190234 u0 t4.792
1762023 1600000 98 4 w422963 r813191 m919579 f2142 r42268523 p500
 235155843=44253361+115316780+85460372 i73651670 u195659487 u0 t5.257
Idx1+ lookups: 9032795 4354942 920552 
1772878 1610000 98 4 w453110 r886454 m997545 f2193 r44179557 p500
 236929770=44581602+116184385+86111454 i74215825 u197125269 u0 t4.353
1783723 1620000 98 4 w475568 r960538 m1076000 f2230 r46075248 p500
 238688807=44908360+117054935+86745918 i74777024 u198578611 u0 t4.023
Idx1+ lookups: 9268280 4460448 982772 
1794607 1630000 98 4 w501631 r1038258 m1158248 f2275 r47998769 p500
 240464479=45236722+117925167+87395629 i75343484 u200043630 u0 t4.06
1805498 1640000 98 4 w532700 r1120578 m1245491 f2328 r50036546 p500
 242254153=45568300+118810419+88042816 i75913377 u201523300 u0 t4.234
1816421 1650000 98 4 w566839 r1209598 m1339750 f2387 r52317609 p500
 244050465=45899876+119697682+88694298 i76489621 u203003511 u0 t4.249
Idx1+ lookups: 9512947 4561889 1042513 
1827273 1660000 98 4 w601919 r1298311 m1433051 f2448 r54378734 p500
 245854599=46234183+120581771+89354321 i77065340 u204492176 u0 t4.185
1838160 1670000 98 4 w629869 r1386652 m1525776 f2497 r56306695 p500
 247658504=46569017+121468086+90011465 i77644704 u205977463 u0 t4.134
Idx1+ lookups: 9765240 4657688 1101075 
1849005 1680000 98 4 w664019 r1476427 m1620039 f2558 r58297962 p500
 249430278=46895842+122335533+90661291 i78206361 u207443289 u0 t4.119
1859879 1690000 98 4 w697601 r1565850 m1713601 f2618 r60146622 p500
 251131279=47212315+123178813+91272934 i78751219 u208847246 u0 t3.997
1870739 1700000 98 4 w734140 r1667030 m1820213 f2681 r62545338 p500
 252891045=47539369+124052324+91905247 i79314289 u210300280 u0 t4.37
Idx1+ lookups: 10026110 4749520 1157888 
1881698 1710000 98 4 w769625 r1761442 m1918796 f2745 r64433482 p500
 254580511=47855132+124886720+92515242 i79853471 u211696433 u0 t3.979
1892578 1720000 98 4 w801684 r1857282 m2018613 f2803 r66313837 p500
 256293646=48175630+125733252+93133036 i80400766 u213111961 u0 t4.007
Idx1+ lookups: 10296918 4838358 1213352 
1903425 1730000 98 4 w842580 r1963024 m2129724 f2876 r68611092 p500
 258022915=48497011+126587322+93759138 i80952400 u214541207 u0 t4.208
1914319 1740000 98 4 w880586 r2069735 m2240932 f2944 r70605255 p500
 259815209=48830592+127465985+94414637 i81523575 u216021008 u0 t4.223
1925121 1750000 98 4 w910273 r2170494 m2345484 f2999 r72351584 p500
 261541348=49152781+128320704+95035878 i82077564 u217444946 u0 t4.723
Idx1+ lookups: 10572110 4924776 1267280 
1936035 1760000 98 4 w956263 r2285489 m2465505 f3084 r74627761 p500
 263330395=49486167+129206644+95680325 i82653781 u218918258 u0 t5.324
1946942 1770000 98 4 w993645 r2392527 m2576888 f3153 r76547130 p500
 265050284=49805914+130048834+96309106 i83196647 u220343792 u0 t4.075
Idx1+ lookups: 10856667 5007449 1317866 
1957829 1780000 98 4 w1034036 r2505977 m2694774 f3227 r78587572 p500
 266753303=50124838+130892409+96920932 i83743374 u221748886 u0 t4.197
1968722 1790000 98 4 w1079383 r2626496 m2820766 f3309 r80922144 p500
 268493552=50448739+131746780+97555161 i84299104 u223185467 u0 t4.353
1979581 1800000 98 4 w1121700 r2740364 m2939076 f3388 r82921750 p500
 270164288=50760785+132567358+98163038 i84836545 u224560868 u0 t4.118
Idx1+ lookups: 11146330 5086934 1368310 
1990482 1810000 98 4 w1154465 r2848538 m3050866 f3449 r84633321 p500
 271830252=51072079+133383609+98770962 i85368262 u225936437 u0 t3.895
2001382 1820000 98 4 w1196033 r2965031 m3171713 f3525 r86606246 p500
 273492871=51381902+134197434+99378998 i85901436 u227306421 u0 t4.088
Idx1+ lookups: 11440362 5162822 1418157 
2012247 1830000 98 4 w1241008 r3089721 m3301315 f3608 r88815139 p500
 275187120=51698829+135031055+99993704 i86441218 u228706799 u0 t4.18
cache requests:  90197123, Misses: 3387374, Flush#: 3663
File page count: 247392
File page count: 0
2023129 1840000 98 3 w2986 r0 m0 f142 r0 p20
 276861603=52011532+135854419+100601958 i86977660 u230087567 u0 t4.183
2034053 1850000 98 3 w9693 r0 m0 f461 r0 p20
 278586086=52334286+136703614+101226354 i87530316 u231509975 u0 t4.072
Idx1+ lookups: 11543406 5347032 1506865 52440 
2044917 1860000 98 3 w16441 r0 m0 f782 r0 p20
 280251224=52646494+137526857+101826009 i88055234 u232892965 u0 t3.952
2055814 1870000 98 3 w24256 r0 m0 f1154 r0 p20
 281924750=52958788+138352252+102431703 i88588358 u234276653 u0 t4.03
2066728 1880000 98 4 w29575 r0 m0 f1407 r0 p20
 283579260=53268199+139169715+103028509 i89103572 u235656741 u0 t3.862
Idx1+ lookups: 11609240 5553439 1603361 120985 
2077660 1890000 98 4 w35701 r153 m2301 f1564 r598204 p500
 285237044=53579292+139988643+103625286 i89614041 u237045364 u0 t3.87
2088614 1900000 98 4 w43595 r2134 m9626 f1574 r2198052 p500
 286912655=53892335+140810185+104236352 i90131061 u238446119 u0 t3.909
Idx1+ lookups: 11715858 5740066 1693645 184407 
2099586 1910000 98 4 w55120 r8407 m21133 f1586 r4149685 p500
 288616243=54209093+141647327+104856783 i90659406 u239868125 u0 t4.075
2110524 1920000 98 4 w64915 r18357 m35744 f1597 r6099067 p500
 290241237=54514629+142446303+105445717 i91167246 u241221130 u0 t3.898
2121483 1930000 98 4 w76430 r31696 m52705 f1612 r7811717 p500
 291923570=54829825+143276743+106052519 i91698528 u242617211 u0 t3.965
Idx1+ lookups: 11852205 5910401 1778178 241844 
2132440 1940000 98 4 w86654 r46750 m70951 f1626 r9373667 p500
 293565784=55136148+144083806+106649839 i92215251 u243980655 u0 t3.846
2143340 1950000 98 4 w95324 r63722 m90936 f1638 r10851352 p500
 295239019=55448867+144906211+107257969 i92740743 u245371338 u0 t3.883
2154286 1960000 98 4 w106901 r84321 m115241 f1653 r12582462 p500
 296860107=55753648+145703015+107845359 i93249355 u246719699 u0 t3.874
Idx1+ lookups: 12004793 6068638 1858097 296742 
2165157 1970000 98 4 w121758 r108427 m143722 f1674 r14574983 p500
 298412591=56044542+146464173+108410700 i93736657 u248009786 u0 t3.865
2176142 1980000 98 4 w136810 r135966 m175572 f1696 r16445735 p500
 299979496=56338337+147235354+108978397 i94232199 u249308983 u0 t3.804
Idx1+ lookups: 12179774 6217594 1934574 350016 
2187090 1990000 98 4 w152203 r165754 m209013 f1719 r17979666 p500
 301618575=56644428+148044181+109570873 i94756727 u250661883 u0 t3.873
2198031 2000000 98 4 w165203 r196147 m242990 f1738 r19517284 p500
 303185210=56938923+148817650+110135184 i95255806 u251958086 u0 t3.731
2208970 2010000 98 4 w179363 r229993 m281091 f1758 r21240918 p500
 304752540=57232180+149587337+110705170 i95751086 u253257382 u0 t3.783
Idx1+ lookups: 12363378 6356071 2007096 399635 
2219875 2020000 98 4 w195616 r267209 m322769 f1782 r23017312 p500
 306334455=57532948+150371332+111270400 i96254633 u254567315 u0 t3.855
2230717 2030000 98 4 w213589 r306307 m366244 f1809 r24727306 p500
 307845651=57817948+151122157+111809532 i96735427 u255819057 u0 t3.698
2241553 2040000 98 4 w231259 r348359 m413032 f1835 r26520787 p500
 309373570=58105978+151881084+112355392 i97227420 u257078591 u0 t3.769
Idx1+ lookups: 12563108 6488309 2077923 447871 
2252478 2050000 98 4 w250950 r392745 m461803 f1866 r28236595 p500
 310917801=58397346+152645204+112909519 i97723846 u258352310 u0 t3.794
2263400 2060000 98 4 w268069 r439422 m513000 f1892 r29950066 p500
 312460636=58688083+153405052+113466755 i98217408 u259626333 u0 t4.319
2274335 2070000 98 4 w286105 r487631 m565360 f1920 r31536437 p500
 314006113=58979074+154169481+114021866 i98709919 u260905184 u0 t4.265
Idx1+ lookups: 12777051 6612054 2146752 495009 
2285238 2080000 98 4 w304490 r535881 m617292 f1950 r33039820 p500
 315479761=59257781+154893633+114554732 i99178778 u262125060 u0 t3.95
2296195 2090000 98 4 w322086 r588726 m674743 f1977 r34747572 p500
 317001742=59547160+155648315+115097246 i99662437 u263386426 u0 t3.772
2307093 2100000 98 4 w346866 r645264 m735926 f2017 r36566129 p500
 318548784=59841585+156419314+115645210 i100153947 u264669987 u0 t3.853
Idx1+ lookups: 12999905 6729293 2211532 540749 
2317991 2110000 98 4 w369446 r705816 m801766 f2053 r38629386 p500
 320065310=60129116+157167613+116190543 i100634420 u265927917 u0 t3.921
2328915 2120000 98 4 w392762 r762550 m862010 f2093 r40070373 p500
 321540226=60409484+157900375+116714932 i101106840 u267146959 u0 t3.601
Idx1+ lookups: 13234415 6841085 2273140 584948 
2339889 2130000 98 4 w411752 r824204 m927856 f2124 r41758736 p500
 323065272=60697602+158658425+117258241 i101598276 u268404596 u0 t3.765
2350849 2140000 98 4 w433691 r885773 m993219 f2161 r43332345 p500
 324569276=60981045+159406540+117794073 i102079216 u269648196 u0 t3.704
2361818 2150000 98 4 w458392 r951375 m1062959 f2202 r45152714 p500
 326046163=61261072+160142425+118317711 i102553201 u270868844 u0 t3.741
Idx1+ lookups: 13476832 6946609 2334413 627988 
2372703 2160000 98 4 w484595 r1020048 m1135633 f2247 r46878414 p500
 327582195=61550056+160900281+118871928 i103042888 u272138939 u0 t3.824
2383611 2170000 98 4 w508889 r1085804 m1205102 f2289 r48523480 p500
 329020933=61822910+161615512+119384128 i103503177 u273328926 u0 t3.631
2394538 2180000 98 4 w533189 r1154098 m1277080 f2331 r50175376 p500
 330471640=62098697+162341500+119894769 i103970422 u274526789 u0 t3.695
Idx1+ lookups: 13728206 7049391 2394255 669970 
2405448 2190000 98 4 w554636 r1226733 m1353472 f2370 r51816756 p500
 332047282=62396171+163128686+120452548 i104476491 u275828245 u0 t3.884
2416385 2200000 98 4 w585919 r1304404 m1435656 f2424 r53793241 p500
 333572677=62685022+163886371+120996698 i104963077 u277090786 u0 t3.925
2427291 2210000 98 4 w615195 r1382099 m1517501 f2475 r55657407 p500
 335055154=62966105+164620723+121527332 i105434241 u278319347 u0 t3.775
Idx1+ lookups: 13987069 7146818 2451713 709962 
2438224 2220000 98 4 w645477 r1461567 m1600790 f2528 r57421498 p500
 336562228=63251799+165373345+122060347 i105919044 u279563564 u0 t3.82
2449156 2230000 98 4 w671355 r1543023 m1686101 f2574 r59135913 p500
 338098470=63544181+166137065+122607037 i106409848 u280834531 u0 t3.861
2460085 2240000 98 4 w699808 r1625558 m1771860 f2624 r60718732 p500
 339674657=63843460+166921569+123166530 i106918535 u282133387 u0 t3.959
Idx1+ lookups: 14255354 7240299 2507527 749676 
2471031 2250000 98 4 w728643 r1717332 m1867921 f2674 r62644464 p500
 341328221=64154313+167736404+123763464 i107448984 u283497103 u0 t4.215
2481891 2260000 98 4 w760745 r1804382 m1958942 f2732 r64430891 p500
 342920094=64455060+168519044+124339193 i107953351 u284816012 u0 t4.001
2492839 2270000 98 4 w798163 r1902056 m2061575 f2800 r66659736 p500
 344524932=64756130+169308970+124920291 i108465780 u286142346 u0 t4.184
Idx1+ lookups: 14528011 7329779 2563898 788100 
2503770 2280000 98 4 w835071 r2001828 m2165966 f2866 r68681728 p500
 346165173=65065475+170120749+125508611 i108993974 u287494049 u0 t4.218
2514685 2290000 98 4 w869049 r2099554 m2267820 f2929 r70509558 p500
 347777859=65367628+170914357+126092672 i109512066 u288823636 u0 t4.084
Idx1+ lookups: 14812646 7416787 2617733 826463 
2525687 2300000 98 4 w902123 r2200279 m2372663 f2990 r72345235 p500
 349430556=65676533+171726819+126692647 i110040145 u290187692 u0 t4.245
2536614 2310000 98 4 w937629 r2302965 m2479464 f3053 r74224079 p500
 351071462=65982636+172534843+127287338 i110566397 u291540835 u0 t4.219
2547690 2320000 98 4 w975405 r2411348 m2592209 f3122 r76252571 p500
 352775789=66300993+173374078+127904919 i111117435 u292941348 u0 t4.38
Idx1+ lookups: 15097587 7499842 2669746 864941 
2558712 2330000 98 4 w1015688 r2523930 m2709362 f3195 r78310623 p500
 354479327=66619347+174214406+128520924 i111665457 u294344318 u0 t4.409
2569709 2340000 98 4 w1055117 r2634757 m2824584 f3267 r80289441 p500
 356119816=66929029+175032721+129102657 i112195180 u295696434 u0 t4.301
2580699 2350000 98 4 w1099394 r2757132 m2951971 f3348 r82525963 p500
 357866975=67253212+175889572+129740737 i112757647 u297134258 u0 t4.614
Idx1+ lookups: 15392028 7581275 2719878 902737 
2591715 2360000 98 4 w1139107 r2873856 m3072859 f3422 r84482293 p500
 359567798=67570319+176725970+130359050 i113307795 u298531523 u0 t4.359
2602831 2370000 98 4 w1182857 r2999843 m3203787 f3501 r86661586 p500
 361333804=67899239+177596044+130999241 i113881883 u299980174 u0 t4.599
Idx1+ lookups: 15695521 7658661 2768776 939865 
2613986 2380000 98 4 w1230884 r3132509 m3341679 f3589 r88999747 p500
 363142494=68230806+178475866+131670096 i114462179 u301468380 u0 t4.746
2624949 2390000 98 4 w1279929 r3265963 m3479832 f3682 r91152591 p500
 364958248=68564735+179361240+132340268 i115053331 u302954224 u0 t4.844
cache requests:  91401632, Misses: 3493383, Flush#: 3690
File page count: 247233
File page count: 0
Idx1+ lookups: 15893889 7791592 2835467 985665 18803 
2635909 2400000 98 3 w6635 r0 m0 f313 r0 p20
 366793742=68902584+180257977+133015990 i115653874 u304453143 u0 t4.779
2646913 2410000 98 3 w13180 r0 m0 f624 r0 p20
 368547157=69226360+181113701+133662101 i116220623 u305891972 u0 t4.575
2657884 2420000 98 3 w20094 r0 m0 f953 r0 p20
 370250743=69543018+181948977+134283775 i116758708 u307303886 u0 t4.318
Idx1+ lookups: 15939249 8007343 2930878 1045219 68111 
2668918 2430000 98 4 w28249 r0 m0 f1341 r0 p20
 371945334=69856854+182774867+134907321 i117291621 u308709355 u0 t4.354
2679809 2440000 98 4 w35992 r160 m2162 f1564 r578124 p500
 373593593=70165486+183587194+135502816 i117815579 u310073113 u0 t4.211
2690746 2450000 98 4 w46524 r2518 m10628 f1576 r2349261 p500
 375264732=70476391+184414187+136105363 i118343160 u311459666 u0 t4.266
Idx1+ lookups: 16041269 8202569 3021579 1102003 114488 
2701594 2460000 98 4 w55688 r8789 m20951 f1586 r3944293 p500
 377026942=70804695+185280946+136745118 i118901533 u312918941 u0 t4.42
2712475 2470000 98 4 w64504 r17963 m33946 f1596 r5601334 p500
 378737275=71123412+186129022+137359567 i119445362 u314334659 u0 t4.497
Idx1+ lookups: 16175374 8380368 3104603 1155808 157516 
2723357 2480000 98 4 w75434 r30787 m50777 f1610 r7449826 p500
 380487328=71448458+186993347+137992245 i119995530 u315788858 u0 t4.459
2734166 2490000 98 4 w86764 r47213 m71234 f1625 r9387872 p500
 382198024=71767925+187837149+138610940 i120538922 u317204889 u0 t4.49
2745023 2500000 98 4 w100523 r67993 m96199 f1644 r11433395 p500
 383959910=72094368+188705051+139251002 i121099147 u318662186 u0 t4.687
Idx1+ lookups: 16331635 8544654 3184404 1207423 200138 
2755880 2510000 98 4 w114112 r91359 m123489 f1663 r13274858 p500
 385703183=72418174+189565646+139881674 i121657798 u320099986 u0 t4.715
2766772 2520000 98 4 w127137 r118239 m154038 f1682 r15000665 p500
 387463931=72744988+190431472+140522086 i122223236 u321550774 u0 t4.912
Idx1+ lookups: 16505845 8695834 3259642 1256446 239911 
2777605 2530000 98 4 w144433 r150855 m191987 f1706 r17265648 p500
 389210244=73071112+191290844+141155276 i122779146 u322994656 u0 t8.01
2788466 2540000 98 4 w162085 r185836 m231307 f1732 r19080953 p500
 390993925=73405001+192169511+141801295 i123350852 u324465145 u0 t5.258
2799329 2550000 98 4 w178340 r226050 m276357 f1756 r21041837 p500
 392854436=73747080+193084041+142481179 i123949354 u325995662 u0 t5.721
Idx1+ lookups: 16695154 8835799 3331097 1302766 277907 
2810193 2560000 98 4 w196280 r267295 m322156 f1783 r22951549 p500
 394586175=74069906+193939383+143107047 i124513663 u327414592 u0 t5.473
2821115 2570000 98 4 w213402 r311529 m371022 f1808 r24789639 p500
 396373854=74400331+194815983+143761024 i125090097 u328883584 u0 t5.788
Idx1+ lookups: 16900292 8969100 3399189 1349663 316213 
2832025 2580000 98 4 w237290 r365442 m431127 f1844 r27124331 p500
 398201283=74740010+195716692+144423960 i125681868 u330384308 u0 t10.787
2842894 2590000 98 4 w259531 r418213 m488879 f1878 r29076570 p500
 399960875=75065982+196579442+145067439 i126251506 u331828749 u0 t5.992
Idx1+ lookups: 17120322 9093681 3465624 1393411 351593 
2853742 2600000 98 4 w280904 r478785 m555051 f1910 r31206427 p500
 401811634=75407233+197492344+145739777 i126852010 u333347048 u0 t6.344
2864632 2610000 98 4 w304699 r540735 m622301 f1948 r33311993 p500
 403667966=75750169+198409680+146411818 i127448353 u334876225 u0 t6.369
2875503 2620000 98 4 w329777 r605552 m692079 f1988 r35286429 p500
 405501187=76090975+199311909+147078283 i128041515 u336382098 u0 t6.323
Idx1+ lookups: 17348243 9211223 3529156 1436389 387807 
2886360 2630000 98 4 w353511 r672754 m764379 f2026 r37269908 p500
 407318394=76428580+200209416+147736246 i128629917 u337875056 u0 t9.29
2897239 2640000 98 4 w380720 r744466 m841526 f2070 r39449445 p500
 409133084=76766405+201102314+148395438 i129215468 u339366768 u0 t6.535
Idx1+ lookups: 17587310 9322546 3590380 1478443 421632 
2908079 2650000 98 4 w407708 r821348 m923640 f2115 r41577159 p500
 410998892=77114178+202021249+149071777 i129817030 u340901506 u0 t6.649
2919336 2660000 98 4 w437806 r900740 m1008309 f2165 r43759776 p500
 412865095=77458535+202937691+149753790 i130408609 u342445382 u0 t6.91
Idx1+ lookups: 17833468 9428439 3650381 1517843 452985 
2930193 2670000 98 4 w464638 r981233 m1093195 f2210 r45667082 p500
 414758028=77807462+203871479+150441590 i131018278 u344002569 u0 t6.884
2941058 2680000 98 4 w496078 r1065210 m1182665 f2262 r47940911 p500
 416562298=78141604+204760082+151097021 i131603734 u345482540 u0 t10.361
2951948 2690000 98 4 w527484 r1153541 m1275786 f2316 r50083707 p500
 418394567=78482060+205663987+151760410 i132192648 u346991753 u0 t6.855
Idx1+ lookups: 18091758 9529721 3708455 1557511 484548 
2962792 2700000 98 4 w561226 r1245439 m1373059 f2374 r52431244 p500
 420187245=78815085+206550897+152407374 i132774784 u348462863 u0 t6.66
2973731 2710000 98 4 w593371 r1333656 m1465203 f2432 r54289399 p500
 421964447=79147445+207422084+153055205 i133347006 u349924619 u0 t7.101
Idx1+ lookups: 18364161 9627265 3765561 1596147 514891 
2984605 2720000 98 4 w620389 r1423876 m1559749 f2479 r56269227 p500
 423762171=79480129+208299528+153716891 i133920579 u351407005 u0 t20.954
2995574 2730000 98 4 w656294 r1520684 m1661545 f2541 r58456887 p500
 425541780=79809047+209170707+154369183 i134493292 u352869964 u0 t6.098
3006468 2740000 98 4 w693538 r1622386 m1768211 f2607 r60681828 p500
 427360559=80145053+210063381+155033678 i135081593 u354362237 u0 t6.232
Idx1+ lookups: 18639461 9719869 3820375 1633707 544570 
3017345 2750000 98 4 w728790 r1721608 m1871773 f2670 r62704156 p500
 429112466=80471448+210929421+155665389 i135650797 u355799711 u0 t5.825
3028291 2760000 98 4 w760176 r1817921 m1971950 f2726 r64591016 p500
 430853628=80794053+211779723+156304391 i136217418 u357224751 u0 t6.493
Idx1+ lookups: 18922787 9809610 3873585 1671037 574688 
3039192 2770000 98 4 w792357 r1916777 m2075013 f2784 r66629700 p500
 432538461=81107787+212604140+156920898 i136758684 u358611097 u0 t8.863
3050078 2780000 98 4 w833475 r2022285 m2185452 f2859 r68805516 p500
 434247277=81429031+213437682+157545343 i137306542 u360018115 u0 t5.612
3060975 2790000 98 4 w868868 r2128075 m2295347 f2922 r70764860 p500
 436026715=81761305+214309126+158194410 i137874601 u361485783 u0 t6.097
Idx1+ lookups: 19210459 9894622 3926914 1706991 604003 
3071909 2800000 98 4 w906927 r2234133 m2406109 f2990 r72845206 p500
 437724222=82079132+215137533+158816103 i138417883 u362884325 u0 t13.011
3082762 2810000 98 4 w949060 r2352883 m2530133 f3066 r75241741 p500
 439502098=82407520+216004295+159471644 i138992516 u364342711 u0 t15.721
Idx1+ lookups: 19513110 9976252 3977976 1743202 632098 
3093667 2820000 98 4 w986145 r2463945 m2645184 f3134 r77084561 p500
 441252475=82734828+216859883+160111731 i139558088 u365779262 u0 t5.604
3104606 2830000 98 4 w1024425 r2578618 m2764199 f3204 r79069717 p500
 443006883=83060939+217716620+160755196 i140122199 u367222281 u0 t5.617
3115556 2840000 98 4 w1065229 r2695464 m2885705 f3279 r81206037 p500
 444688481=83372733+218538469+161372236 i140663613 u368604747 u0 t9.415
Idx1+ lookups: 19817523 10056424 4027305 1778011 660779 
3126447 2850000 98 4 w1106743 r2813059 m3007695 f3357 r83262825 p500
 446373566=83687025+219365885+161985484 i141205164 u369992217 u0 t5.669
3137354 2860000 98 4 w1150951 r2935337 m3134910 f3439 r85488844 p500
 448084410=84007360+220203015+162608631 i141752463 u371402479 u0 t5.658
Idx1+ lookups: 20130172 10133548 4075731 1812290 688637 
3148306 2870000 98 4 w1186303 r3045292 m3248414 f3506 r87158566 p500
 449709146=84311145+221001359+163198792 i142278032 u372737315 u0 t5.385
3159170 2880000 98 4 w1229590 r3167899 m3375840 f3586 r89286876 p500
 451351882=84617909+221801999+163801990 i142806127 u374088613 u0 t9.524
3170031 2890000 98 4 w1271353 r3291418 m3503892 f3662 r91379481 p500
 453013492=84929203+222613413+164410040 i143337332 u375458907 u0 t5.485
cache requests:  92395738, Misses: 3571074, Flush#: 3712
File page count: 247402
File page count: 0
Idx1+ lookups: 20435199 10216060 4125653 1847375 719401 2214 
3180938 2900000 98 3 w3115 r0 m0 f146 r0 p20
 454661681=85237778+223419314+165012236 i143869889 u376812695 u0 t5.512
3191816 2910000 98 3 w10462 r0 m0 f495 r0 p20
 456350591=85550949+224239011+165637741 i144406105 u378207756 u0 t5.711
3202736 2920000 98 3 w18200 r0 m0 f863 r0 p20
 458067183=85872730+225081734+166261324 i144951095 u379627698 u0 t6.044
Idx1+ lookups: 20470983 10442163 4223054 1905014 762883 48232 
3213588 2930000 98 3 w24965 r0 m0 f1185 r0 p20
 459765403=86191157+225911227+166882779 i145483418 u381038125 u0 t7.335
3224450 2940000 98 4 w31036 r0 m0 f1474 r0 p20
 461458958=86506014+226744049+167499073 i146012505 u382447430 u0 t21.003
Idx1+ lookups: 20566847 10644578 4313244 1960194 802967 90411 
3235384 2950000 98 4 w38554 r562 m4401 f1567 r1128773 p500
 463116228=86815090+227563975+168096159 i146528222 u383830492 u0 t5.89
3246267 2960000 98 4 w49248 r4133 m13162 f1578 r2815310 p500
 464858603=87140346+228419120+168730537 i147071016 u385282196 u0 t6.036
3257218 2970000 98 4 w59893 r12324 m26422 f1590 r4804299 p500
 466613074=87466190+229282067+169368910 i147619323 u386742024 u0 t6.182
Idx1+ lookups: 20703243 10826645 4396869 2011447 840375 130242 
3268155 2980000 98 4 w71933 r24539 m42756 f1605 r6700538 p500
 468268376=87775619+230093744+169972379 i148141596 u388114281 u0 t5.763
3278993 2990000 98 4 w82622 r40478 m62805 f1619 r8600689 p500
 469969715=88091511+230926039+170595817 i148675947 u389526855 u0 t7.352
Idx1+ lookups: 20866981 10992082 4476406 2060078 876586 165797 
3289873 3000000 98 4 w94640 r58088 m83949 f1635 r10314439 p500
 471569970=88391941+231705539+171183343 i149176080 u390858156 u0 t5.601
3300770 3010000 98 4 w105017 r78455 m107645 f1650 r11944406 p500
 473233246=88702602+232525382+171785545 i149705550 u392234010 u0 t5.582
3311716 3020000 98 4 w117935 r102122 m134729 f1668 r13611458 p500
 474884704=89011906+233343669+172378776 i150235664 u393595692 u0 t5.643
Idx1+ lookups: 21043171 11148390 4551644 2107713 912640 198827 
3322684 3030000 98 4 w130302 r127228 m163200 f1686 r15179820 p500
 476508174=89314099+234142224+172968486 i150759239 u394930968 u0 t5.55
3333558 3040000 98 4 w146735 r159724 m200667 f1709 r17309898 p500
 478143366=89618548+234943979+173565228 i151282438 u396279879 u0 t7.467
3344467 3050000 98 4 w162238 r193536 m238738 f1732 r19140391 p500
 479740737=89918385+235729820+174143829 i151797104 u397594835 u0 t5.522
Idx1+ lookups: 21238916 11293085 4624510 2154974 946623 230086 
3355390 3060000 98 4 w180609 r232748 m282721 f1759 r21174855 p500
 481413586=90230624+236550329+174753692 i152334486 u398972602 u0 t5.891
3366284 3070000 98 4 w196020 r270951 m324790 f1782 r22802440 p500
 482988960=90526560+237328756+175320755 i152843417 u400268481 u0 t5.383
3377177 3080000 98 4 w209859 r311576 m369227 f1803 r24318996 p500
 484606407=90828041+238120588+175912435 i153363611 u401598749 u0 t5.538
Idx1+ lookups: 21449938 11431138 4693815 2198909 980010 259866 
3388055 3090000 98 4 w224954 r354331 m416213 f1825 r25994210 p500
 486152468=91119668+238885764+176466949 i153863424 u402870855 u0 t5.429
3398880 3100000 98 4 w243523 r400623 m467379 f1853 r27880035 p500
 487684763=91409430+239647791+177012102 i154361404 u404129763 u0 t8.044
Idx1+ lookups: 21667573 11558980 4760633 2242081 1014150 288745 
3409787 3110000 98 4 w264816 r449826 m521533 f1885 r29788972 p500
 489223743=91698454+240408490+177565964 i154858492 u405395889 u0 t5.627
3420708 3120000 98 4 w286694 r502874 m579403 f1920 r31680549 p500
 490782966=91991874+241181846+178124362 i155364543 u406677010 u0 t5.577
3431637 3130000 98 4 w304680 r556111 m636492 f1949 r33247622 p500
 492372061=92290972+241966929+178696725 i155882577 u407979313 u0 t5.744
Idx1+ lookups: 21900491 11681016 4825740 2283945 1047481 316676 
3442607 3140000 98 4 w325673 r611421 m696214 f1983 r34972977 p500
 493867479=92576410+242705734+179231864 i156366256 u409209638 u0 t5.458
3453456 3150000 98 4 w346467 r670546 m759881 f2017 r36777078 p500
 495418218=92870797+243475997+179783874 i156869417 u410484887 u0 t5.59
3464366 3160000 98 4 w364760 r730245 m823810 f2046 r38457267 p500
 496965936=93164715+244245389+180334199 i157372027 u411756774 u0 t15.536
Idx1+ lookups: 22143919 11795754 4888326 2324887 1079024 343565 
3475266 3170000 98 4 w391027 r796038 m894726 f2089 r40483198 p500
 498503481=93454655+245005791+180885711 i157873796 u413016743 u0 t6.873
3486141 3180000 98 4 w411188 r857335 m959987 f2123 r42100299 p500
 499986498=93737190+245741376+181413852 i158353339 u414238125 u0 t7.415
3497008 3190000 98 4 w435470 r924051 m1030861 f2164 r43786767 p500
 501529487=94026056+246498293+181975369 i158848449 u415509481 u0 t7.901
Idx1+ lookups: 22398312 11904695 4948664 2364638 1109834 370728 
3507853 3200000 98 4 w459518 r992174 m1102991 f2204 r45537544 p500
 503046559=94315835+247250150+182516197 i159336870 u416760328 u0 t23.229
3518683 3210000 98 4 w482630 r1061879 m1176469 f2243 r47220317 p500
 504564868=94603075+248002586+183059009 i159828279 u418009529 u0 t5.616
3529542 3220000 98 4 w506448 r1134201 m1252688 f2285 r49003076 p500
 506086306=94893153+248756525+183601588 i160322432 u419259816 u0 t5.653
Idx1+ lookups: 22659773 12009042 5008489 2403280 1140879 399013 
3540480 3230000 98 4 w537794 r1209292 m1332049 f2339 r50923777 p500
 507573435=95176490+249498789+184127119 i160806355 u420482055 u0 t5.568
3551409 3240000 98 4 w564645 r1288958 m1415916 f2385 r52844019 p500
 509136904=95471887+250274207+184686052 i161316302 u421764941 u0 t5.807
3562370 3250000 98 4 w586980 r1363301 m1493381 f2425 r54361687 p500
 510633889=95756816+251017114+185219210 i161803948 u422993670 u0 t5.573
Idx1+ lookups: 22935194 12108150 5066926 2442066 1170739 425076 
3573321 3260000 98 4 w613822 r1443284 m1577069 f2473 r56110492 p500
 512154031=96046348+251771059+185761190 i162299285 u424241635 u0 t10.375
3584317 3270000 98 4 w647727 r1532710 m1671398 f2532 r58277288 p500
 513711000=96340918+252547891+186312667 i162804857 u425521882 u0 t6.061
Idx1+ lookups: 23215416 12202609 5123424 2479986 1200273 450020 
3595165 3280000 98 4 w675909 r1613821 m1755707 f2583 r59850004 p500
 515228612=96629800+253298990+186854771 i163296287 u426770552 u0 t5.626
3606131 3290000 98 4 w706782 r1703219 m1849328 f2637 r61821280 p500
 516787712=96926491+254070286+187412396 i163799574 u428054812 u0 t5.893
3617031 3300000 98 4 w737869 r1791116 m1941182 f2693 r63707173 p500
 518283261=97210191+254817319+187941237 i164287960 u429282347 u0 t6.11
Idx1+ lookups: 23503114 12294842 5179236 2516404 1229261 474620 
3627996 3310000 98 4 w761255 r1875654 m2028683 f2735 r65204305 p500
 519803633=97499274+255577531+188477038 i164787418 u430527326 u0 t13.229
3638920 3320000 98 4 w795968 r1972535 m2130051 f2797 r67257038 p500
 521375389=97793280+256352278+189045476 i165296072 u431818739 u0 t13.775
3649881 3330000 98 4 w830846 r2065783 m2227730 f2858 r69215029 p500
 522880556=98076303+257096336+189586609 i165780495 u433059133 u0 t5.84
Idx1+ lookups: 23798011 12381981 5232073 2552233 1257985 498716 
3660867 3340000 98 4 w866157 r2167788 m2334030 f2922 r71153990 p500
 524491379=98379942+257895171+190162867 i166305933 u434380015 u0 t6.25
3671820 3350000 98 4 w900597 r2266520 m2436922 f2984 r73031792 p500
 526041380=98675689+258665765+190712311 i166811580 u435652692 u0 t6.106
3682790 3360000 98 4 w934734 r2370506 m2544612 f3048 r74841432 p500
 527659222=98979781+259462353+191297318 i167335085 u436982260 u0 t11.028
Idx1+ lookups: 24101311 12465931 5284788 2588009 1285726 522755 
3693808 3370000 98 4 w970259 r2475817 m2653820 f3115 r76698300 p500
 529325956=99293194+260282583+191900382 i167873421 u438352577 u0 t6.532
3704793 3380000 98 4 w1005178 r2583147 m2765458 f3178 r78622355 p500
 530943069=99597886+261085257+192478358 i168401295 u439678858 u0 t6.499
Idx1+ lookups: 24407873 12547454 5334612 2623270 1314216 546813 
3715703 3390000 98 4 w1048729 r2702932 m2890345 f3257 r80873222 p500
 532641482=99915490+261923870+193091543 i168951253 u441074871 u0 t6.906
3726649 3400000 98 4 w1094306 r2827903 m3020665 f3340 r83209862 p500
 534346388=100233856+262770855+193701866 i169505824 u442474542 u0 t11.441
3737635 3410000 98 4 w1138420 r2953844 m3151213 f3421 r85289229 p500
 536134448=100568655+263669932+194329472 i170088114 u443943542 u0 t7.242
Idx1+ lookups: 24721581 12625309 5383843 2657891 1340747 569180 
3748614 3420000 98 4 w1179141 r3078770 m3280818 f3496 r87402421 p500
 537914058=100902015+264547436+194973273 i170664319 u445406073 u0 t7.121
3759597 3430000 98 4 w1223169 r3213353 m3420173 f3577 r89654942 p500
 539732180=101243537+265443050+195631087 i171258815 u446893689 u0 t11.318
Idx1+ lookups: 25042334 12700616 5430426 2691576 1366866 592791 
3770552 3440000 98 4 w1272903 r3350529 m3562216 f3670 r91906960 p500
 541540317=101581938+266331153+196288296 i171849597 u448373260 u0 t22.015
cache requests:  93196261, Misses: 3643269, Flush#: 3721
File page count: 247150
File page count: 0
3781517 3450000 98 3 w3097 r0 m0 f144 r0 p20
 543336930=101916523+267210385+196945560 i172433584 u449845764 u0 t7.483
3792483 3460000 98 3 w10177 r0 m0 f480 r0 p20
 545110407=102247719+268083312+197588580 i173023206 u451287411 u0 t7.747
Idx1+ lookups: 25148712 12890874 5516444 2746919 1403592 626636 25576 
3803443 3470000 98 3 w17940 r0 m0 f849 r0 p20
 546863450=102576365+268956547+198213619 i173592195 u452728404 u0 t7.951
3814317 3480000 98 4 w25422 r0 m0 f1205 r0 p20
 548616328=102905067+269822518+198845460 i174150019 u454178658 u0 t10.292
Idx1+ lookups: 25222982 13103849 5608503 2801788 1441992 659335 58679 
3825200 3490000 98 4 w32421 r0 m0 f1538 r0 p20
 550364699=103231208+270687065+199476077 i174702685 u455629269 u0 t9.146
3836062 3500000 98 4 w42407 r1335 m7027 f1571 r1611045 p500
 552038919=103542921+271516200+200079385 i175235330 u457015000 u0 t7.98
3847051 3510000 98 4 w52697 r6170 m16544 f1582 r3220660 p500
 553738833=103859970+272354792+200694844 i175774369 u458422790 u0 t8.2
Idx1+ lookups: 25350526 13297219 5694205 2854406 1479323 690934 91134 
3857981 3520000 98 4 w63101 r15791 m30943 f1594 r5252911 p500
 555533138=104195870+273249795+201333950 i176354040 u459900317 u0 t9.581
3868919 3530000 98 4 w76228 r30209 m49529 f1611 r7189679 p500
 557372661=104540051+274170956+201984926 i176946543 u461417187 u0 t8.933
Idx1+ lookups: 25502169 13472993 5776264 2903959 1514766 721170 120379 
3879700 3540000 98 4 w88107 r47509 m70656 f1627 r9050943 p500
 559174880=104876499+275068767+202628476 i177529003 u462900493 u0 t8.774
3890544 3550000 98 4 w100615 r70122 m97657 f1644 r11209393 p500
 561055077=105229291+276013658+203289337 i178133609 u464452779 u0 t9.904
3901420 3560000 98 4 w116181 r96269 m127956 f1666 r13170151 p500
 562858794=105565010+276912898+203933306 i178719502 u465934376 u0 t9.729
Idx1+ lookups: 25675452 13633069 5854937 2951812 1549022 749434 147827 
3912350 3570000 98 4 w130198 r126615 m162529 f1686 r15165517 p500
 564721760=105912497+277839367+204600662 i179321459 u467467359 u0 t9.16
3923255 3580000 98 4 w148988 r162289 m203367 f1713 r17388138 p500
 566536233=106252225+278740214+205250933 i179906935 u468961025 u0 t9.277
Idx1+ lookups: 25867187 13781876 5927995 2997949 1582368 777076 174929 
3934146 3590000 98 4 w164874 r201379 m246918 f1736 r19315359 p500
 568414549=106603188+279666112+205930557 i180515099 u470503628 u0 t11.479
3945058 3600000 98 4 w185841 r246497 m297613 f1767 r21591951 p500
 570254570=106948208+280576629+206591269 i181108807 u472017296 u0 t9.95
Idx1+ lookups: 26075166 13918932 5996904 3042769 1614697 804104 203650 
3955958 3610000 98 4 w204550 r293585 m349166 f1796 r23452990 p500
 572141867=107297481+281509367+207275346 i181726855 u473560039 u0 t10.132
3966817 3620000 98 4 w219936 r342030 m402292 f1819 r25353642 p500
 573970117=107641840+282420517+207926474 i182318239 u475062168 u0 t11.219
3977696 3630000 98 4 w243286 r397730 m463711 f1854 r27600354 p500
 575805448=107982976+283330153+208587374 i182916114 u476566502 u0 t11.52
Idx1+ lookups: 26293493 14048228 6064147 3086506 1646499 830355 228896 
3988551 3640000 98 4 w270356 r460804 m533084 f1896 r29988966 p500
 577705627=108334575+284265405+209279576 i183529487 u478127733 u0 t26.826
3999436 3650000 98 4 w293364 r525005 m602938 f1931 r32208533 p500
 579562654=108677005+285180148+209955784 i184140036 u479643169 u0 t10.37
Idx1+ lookups: 26528226 14170782 6127328 3128476 1677330 855877 253958 
4010266 3660000 98 4 w316002 r590438 m673130 f1967 r34120783 p500
 581403607=109018526+286095150+210616435 i184742752 u481149728 u0 t10.164
4021082 3670000 98 4 w338355 r658777 m746558 f2002 r36147309 p500
 583240993=109359018+287005077+211279585 i185347069 u482649949 u0 t12.244
Idx1+ lookups: 26774403 14286745 6190429 3169542 1708735 882135 279640 
4031936 3680000 98 4 w366764 r734850 m828387 f2048 r38401168 p500
 585155368=109713677+287951495+211971670 i185969193 u484219484 u0 t10.857
4042723 3690000 98 4 w399140 r817719 m917490 f2101 r40889005 p500
 587038338=110063444+288882903+212652051 i186585956 u485758683 u0 t10.76
4053582 3700000 98 4 w427356 r899266 m1004038 f2148 r42930304 p500
 588932135=110417322+289824565+213331268 i187205017 u487307636 u0 t13.593
Idx1+ lookups: 27032259 14396243 6250068 3210866 1738482 907122 301573 
4064959 3710000 98 4 w455434 r982379 m1092101 f2195 r45060397 p500
 590833836=110769103+290768846+214014935 i187812754 u488878132 u0 t10.564
4075764 3720000 98 4 w484897 r1068754 m1183731 f2244 r47268476 p500
 592687604=111114214+291684210+214686258 i188417669 u490396654 u0 t10.498
Idx1+ lookups: 27296601 14499692 6308168 3249822 1768123 931736 324489 
4086632 3730000 98 4 w514413 r1158960 m1278462 f2295 r49420021 p500
 594516201=111454579+292586097+215349182 i189015374 u491892638 u0 t10.453
4097561 3740000 98 4 w548464 r1249627 m1373887 f2353 r51561712 p500
 596344284=111792862+293482665+216017659 i189614500 u493385338 u0 t13.61
Idx1+ lookups: 27576194 14600289 6365387 3288367 1797883 955703 346032 
4108439 3750000 98 4 w584426 r1348753 m1478415 f2415 r53976970 p500
 598193673=112136711+294395739+216687720 i190225662 u494891726 u0 t11.298
4119319 3760000 98 4 w615721 r1445242 m1579191 f2470 r55991197 p500
 600031342=112478174+295302182+217354611 i190828294 u496393019 u0 t11.294
4130276 3770000 98 4 w645779 r1540578 m1678813 f2523 r58076149 p500
 601775420=112803457+296161714+217986977 i191398801 u497819644 u0 t13.786
Idx1+ lookups: 27861672 14696647 6421750 3326188 1826679 979345 367990 
4141183 3780000 98 4 w681125 r1643892 m1787122 f2585 r60351757 p500
 603575343=113140168+297048522+218638665 i191987540 u499292426 u0 t11.162
4152093 3790000 98 4 w718298 r1745312 m1892743 f2652 r62363391 p500
 605357888=113473027+297929805+219281395 i192571283 u500750766 u0 t11.028
Idx1+ lookups: 28153722 14789175 6476278 3363726 1854506 1002706 389331 
4162989 3800000 98 4 w753217 r1854472 m2006608 f2713 r64537370 p500
 607225564=113819520+298845200+219964243 i193176640 u502282789 u0 t28.279
4173910 3810000 98 4 w790322 r1961157 m2117814 f2780 r66656441 p500
 609011404=114151393+299726941+220611152 i193765035 u503739355 u0 t13.576
4184895 3820000 98 4 w830904 r2077194 m2239414 f2853 r69157695 p500
 610800344=114485341+300612280+221255876 i194350720 u505203078 u0 t12.484
Idx1+ lookups: 28453806 14878226 6528877 3400034 1883257 1025321 410505 
4195828 3830000 98 4 w872123 r2188693 m2355624 f2927 r71282413 p500
 612539294=114810261+301475332+221879618 i194920525 u506625944 u0 t12.145
4206739 3840000 98 4 w908676 r2304620 m2476077 f2993 r73406737 p500
 614314267=115140779+302354612+222518823 i195505282 u508074239 u0 t15.796
Idx1+ lookups: 28768795 14963607 6580689 3436019 1910371 1048292 430812 
4217677 3850000 98 4 w943656 r2416725 m2592255 f3056 r75370049 p500
 616056393=115465149+303220049+223144048 i196081029 u509494468 u0 t12.648
4228607 3860000 98 4 w987157 r2533402 m2713462 f3137 r77447600 p500
 617780283=115785327+304072285+223767062 i196647811 u510901934 u0 t25.708
4239510 3870000 98 4 w1023780 r2649787 m2834214 f3203 r79536645 p500
 619481410=116103114+304913123+224380691 i197207925 u512290323 u0 t15.993
Idx1+ lookups: 29084170 15045787 6630743 3471701 1937790 1071036 450516 
4250423 3880000 98 4 w1071196 r2776844 m2966744 f3288 r81957563 p500
 621184395=116420732+305757681+224992434 i197773045 u513676475 u0 t19.488
4261357 3890000 98 4 w1110237 r2893072 m3086937 f3359 r83879118 p500
 622866150=116736173+306595185+225591185 i198322353 u515055117 u0 t12.949
Idx1+ lookups: 29404420 15124748 6679437 3506703 1964676 1092722 469444 
4272391 3900000 98 4 w1150064 r3015965 m3214381 f3432 r85989885 p500
 624582776=117063230+307431520+226220077 i198879000 u516462098 u0 t13.291
4283314 3910000 98 4 w1192010 r3143683 m3346672 f3510 r88149692 p500
 626316809=117388789+308283692+226848748 i199447583 u517878801 u0 t16.602
4294200 3920000 98 4 w1241349 r3273243 m3481011 f3601 r90334886 p500
 628000607=117704520+309113782+227457481 i199996559 u519258185 u0 t13.376
Idx1+ lookups: 29731645 15200647 6726246 3540362 1990987 1114627 489326 
4305160 3930000 98 4 w1279896 r3396797 m3608512 f3672 r92240001 p500
 629680550=118020474+309942049+228064086 i200548458 u520630496 u0 t16.527
cache requests:  93489093, Misses: 3686055, Flush#: 3722
File page count: 247211
File page count: 0
4316083 3940000 98 3 w3292 r0 m0 f155 r0 p20
 631336621=118335147+310758075+228660128 i201091664 u521984511 u0 t14.593
Idx1+ lookups: 29892528 15366240 6801679 3587056 2025244 1141800 513210 19541 
4326986 3950000 98 3 w9993 r0 m0 f473 r0 p20
 633109752=118668577+311623477+229309206 i201663415 u523441866 u0 t18.255
4337955 3960000 98 3 w17169 r0 m0 f814 r0 p20
 634733449=118976112+312418072+229899381 i202179011 u524784964 u0 t15.545
4348836 3970000 98 3 w23894 r0 m0 f1134 r0 p20
 636358243=119284193+313221032+230482160 i202694461 u526132037 u0 t15.078
Idx1+ lookups: 29960957 15584421 6895154 3641925 2063908 1172098 538024 51640 
4359757 3980000 98 4 w29946 r0 m0 f1422 r0 p20
 637990593=119592004+314032767+231064132 i203212308 u527486006 u0 t15.34
4370729 3990000 98 4 w38982 r541 m4195 f1567 r1040206 p500
 639610609=119898014+314835811+231643448 i203718470 u528836758 u0 t14.956
4381681 4000000 98 4 w49569 r3934 m13026 f1578 r2817719 p500
 641248980=120207297+315649801+232227712 i204238120 u530195571 u0 t15.679
Idx1+ lookups: 30087625 15780001 6982431 3693844 2101363 1201823 564224 80054 
4392555 4010000 98 4 w60427 r11975 m25280 f1591 r4486108 p500
 642894024=120516993+316463410+232818933 i204761122 u531557429 u0 t14.828
4403440 4020000 98 4 w70110 r23325 m40481 f1603 r6233905 p500
 644498391=120818366+317255235+233397762 i205277133 u532879590 u0 t15.136
4414465 4030000 98 4 w80067 r36641 m56936 f1616 r7669532 p500
 646078541=121116959+318037773+233963291 i205785019 u534182849 u0 t15.872
Idx1+ lookups: 30244371 15959520 7064737 3743779 2136640 1229016 589371 106911 
4425446 4040000 98 4 w90867 r53516 m77726 f1630 r9514637 p500
 647667613=121417274+318827936+234528924 i206297131 u535493425 u0 t15.565
4436408 4050000 98 4 w103840 r74601 m102670 f1648 r11411389 p500
 649287197=121723231+319627528+235111860 i206820413 u536825900 u0 t19.583
Idx1+ lookups: 30420336 16123463 7144037 3793001 2171327 1256525 613199 132102 
4447331 4060000 98 4 w117563 r100121 m132572 f1667 r13450841 p500
 650889059=122025362+320424945+235681771 i207342135 u538141484 u0 t19.513
4458226 4070000 98 4 w131102 r127732 m163638 f1687 r15133710 p500
 652500798=122327951+321219556+236263716 i207863879 u539466428 u0 t28.31
4469117 4080000 98 4 w144078 r158183 m197560 f1706 r16755258 p500
 654117208=122634434+322021328+236842110 i208388486 u540794395 u0 t20.774
Idx1+ lookups: 30617757 16274600 7218360 3839327 2205380 1282752 635968 155777 
4480047 4090000 98 4 w158201 r191392 m234430 f1727 r18402269 p500
 655764591=122944187+322838288+237433004 i208928239 u542143285 u0 t20.677
4490942 4100000 98 4 w171911 r226385 m273369 f1747 r20114122 p500
 657357971=123245762+323625401+238004550 i209446331 u543451391 u0 t18.246
4501893 4110000 98 4 w188815 r266677 m318953 f1771 r22244557 p500
 658922197=123540591+324395058+238569568 i209950490 u544738945 u0 t15.448
Idx1+ lookups: 30825441 16415734 7289046 3883161 2238105 1308214 658408 177926 
4512866 4120000 98 4 w208623 r309789 m366700 f1801 r24152827 p500
 660479016=123835502+325163882+239128274 i210455799 u546018271 u0 t15.625
4523822 4130000 98 4 w225491 r354915 m416056 f1827 r25875023 p500
 662062225=124132870+325946746+239697200 i210971798 u547316745 u0 t16.896
Idx1+ lookups: 31053110 16549093 7356708 3927582 2270254 1332882 679646 200816 
4534728 4140000 98 4 w243582 r402363 m467595 f1855 r27525070 p500
 663638742=124430770+326729663+240259282 i211488430 u548607994 u0 t16.482
4545718 4150000 98 4 w257620 r449626 m518774 f1876 r29088027 p500
 665184559=124723431+327491058+240816346 i211990037 u549877295 u0 t17.357
4556635 4160000 98 4 w277505 r500854 m574385 f1907 r30831645 p500
 666724896=125014813+328249950+241371932 i212490429 u551141503 u0 t16.617
Idx1+ lookups: 31288099 16675135 7422487 3969356 2301569 1357522 701418 222352 
4567595 4170000 98 4 w296195 r554584 m632748 f1936 r32688269 p500
 668221876=125298920+328993448+241904696 i212980226 u552368479 u0 t17.256
4578516 4180000 98 4 w320856 r614599 m698322 f1974 r34800047 p500
 669748291=125588065+329746881+242452828 i213475461 u553622235 u0 t16.682
4589453 4190000 98 4 w341312 r673081 m760682 f2007 r36406206 p500
 671330200=125884464+330528880+243022357 i213986098 u554923822 u0 t18.324
Idx1+ lookups: 31537506 16791478 7485806 4009783 2333452 1381547 722910 242713 
4600387 4200000 98 4 w360665 r731837 m823283 f2039 r38022277 p500
 672841457=126170447+331272719+243567920 i214477600 u556163677 u0 t17.367
4611320 4210000 98 4 w381584 r793345 m889114 f2073 r39803596 p500
 674271342=126443344+331986475+244072288 i214949424 u557332675 u0 t15.643
4622248 4220000 98 4 w404217 r856860 m956571 f2111 r41438050 p500
 675768866=126727194+332732126+244603872 i215441468 u558558584 u0 t18.219
Idx1+ lookups: 31798839 16904964 7548099 4050495 2364288 1405227 743748 263786 
4633106 4230000 98 4 w427429 r923739 m1027711 f2149 r43244196 p500
 677254562=127008907+333473618+245129353 i215929634 u559775193 u0 t16.67
4644049 4240000 98 4 w451831 r993405 m1101679 f2190 r45044574 p500
 678789682=127298808+334236870+245676237 i216433445 u561031645 u0 t18.934
4655040 4250000 98 4 w476190 r1064283 m1176913 f2232 r46899582 p500
 680281239=127580915+334976354+246209323 i216921039 u562254540 u0 t20.091
Idx1+ lookups: 32065649 17011474 7608349 4089314 2394702 1430142 763876 283511 
4665924 4260000 98 4 w504818 r1140759 m1257907 f2281 r48875142 p500
 681806476=127870163+335730918+246756120 i217417242 u563506652 u0 t20.837
4676832 4270000 98 4 w529805 r1213724 m1334426 f2324 r50492878 p500
 683292406=128154029+336468642+247284731 i217905543 u564722378 u0 t17.671
4687741 4280000 98 4 w553415 r1288419 m1412872 f2365 r52169901 p500
 684782466=128438396+337209726+247812683 i218392147 u565945414 u0 t19.591
Idx1+ lookups: 32344571 17114377 7668261 4128009 2425184 1453568 783994 302698 
4698685 4290000 98 4 w576956 r1363555 m1491613 f2407 r53844778 p500
 686230443=128714346+337929525+248326580 i218870187 u567128315 u0 t18.332
4709603 4300000 98 4 w603123 r1446011 m1577875 f2453 r55681934 p500
 687776961=129005595+338695464+248881419 i219372872 u568398384 u0 t34.778
4720503 4310000 98 4 w636183 r1531520 m1667535 f2511 r57595581 p500
 689305513=129294522+339455743+249425651 i219873139 u569651036 u0 t24.883
Idx1+ lookups: 32630243 17211528 7724926 4165515 2454326 1477331 805283 321185 
4731420 4320000 98 4 w664313 r1618937 m1758808 f2561 r59492603 p500
 690838489=129585490+340222210+249966865 i220379721 u570903505 u0 t34.409
4742321 4330000 98 4 w693834 r1706267 m1850154 f2612 r61344732 p500
 692372936=129875041+340985892+250512936 i220883324 u572159447 u0 t39.43
4753259 4340000 98 4 w725574 r1799615 m1947760 f2667 r63341426 p500
 693933983=130169722+341760275+251070905 i221397095 u573435189 u0 t34.368
Idx1+ lookups: 32926983 17304753 7779401 4202346 2483278 1500177 825027 340011 
4764201 4350000 98 4 w753677 r1889621 m2041226 f2717 r65000118 p500
 695518181=130470697+342563167+251617555 i221908141 u574743361 u0 t33.486
4775138 4360000 98 4 w791083 r1989874 m2146137 f2783 r67151195 p500
 697115979=130774356+343363045+252183206 i222426266 u576055571 u0 t32.812
Idx1+ lookups: 33227930 17394757 7832963 4238371 2511355 1522416 844597 357732 
4786096 4370000 98 4 w822985 r2087750 m2248045 f2840 r69004080 p500
 698712191=131077759+344159965+252749920 i222948731 u577361150 u0 t32.389
4797101 4380000 98 4 w858242 r2188554 m2353033 f2906 r70952851 p500
 700285140=131376883+344950401+253303084 i223464357 u578648185 u0 t32.679
4808087 4390000 98 4 w891691 r2293700 m2462371 f2967 r72876816 p500
 701923858=131688223+345766395+253887645 i223995756 u579992898 u0 t33.405
Idx1+ lookups: 33537532 17481784 7885235 4273782 2539258 1544311 864590 376010 
4819049 4400000 98 4 w928215 r2400070 m2572591 f3034 r74798507 p500
 703588559=132001060+346594542+254481226 i224540724 u581356413 u0 t34.632
4830048 4410000 98 4 w964167 r2510791 m2687836 f3099 r76836281 p500
 705237286=132313733+347422984+255062153 i225080524 u582705711 u0 t34.323
4841026 4420000 98 4 w1003724 r2626223 m2807944 f3171 r78940818 p500
 706883855=132621553+348235639+255656998 i225620124 u584052509 u0 t34.2
Idx1+ lookups: 33855156 17564244 7934535 4308816 2566661 1566246 883410 394047 
4852001 4430000 98 4 w1044725 r2739091 m2925071 f3247 r80902171 p500
 708503947=132926000+349038854+256238103 i226152470 u585376965 u0 t33.765
4862997 4440000 98 4 w1084231 r2859185 m3049712 f3319 r83059193 p500
 710198147=133242922+349878475+256847265 i226704745 u586765541 u0 t48.635
Idx1+ lookups: 34176486 17644192 7983101 4342771 2593287 1587787 902109 411540 
4873904 4450000 98 4 w1125724 r2979893 m3174771 f3398 r85169341 p500
 711861369=133556425+350703266+257442648 i227246337 u588130709 u0 t51.923
4884867 4460000 98 4 w1164084 r3103178 m3302431 f3469 r87214530 p500
 713566497=133875142+351543457+258060404 i227801527 u589528387 u0 t35.312
4895781 4470000 98 4 w1211620 r3231989 m3436083 f3557 r89441839 p500
 715273745=134196295+352390683+258673726 i228357279 u590926404 u0 t35.182
Idx1+ lookups: 34500399 17720740 8030246 4376877 2619969 1609395 920829 429170 
4906756 4480000 98 4 w1253841 r3363176 m3571638 f3637 r91461244 p500
 717082923=134534633+353283574+259330308 i228944134 u592408845 u0 t37.337
4917771 4490000 98 4 w1305363 r3508092 m3721995 f3733 r93940277 p500
 718926275=134875090+354186663+260006475 i229548415 u593913625 u0 t38.279
cache requests:  94018824, Misses: 3728603, Flush#: 3738
File page count: 246791
File page count: 0
Idx1+ lookups: 34738132 17842693 8091933 4417780 2650330 1633885 940389 448100 8893 
4928768 4500000 98 3 w7204 r0 m0 f340 r0 p20
 720744039=135213576+355074562+260673297 i230146195 u595396227 u0 t47.032
4939756 4510000 98 3 w14153 r0 m0 f670 r0 p20
 722515561=135542131+355944356+261319964 i230725849 u596844773 u0 t41.754
4950853 4520000 98 3 w22851 r0 m0 f1084 r0 p20
 724341155=135879658+356834075+261993496 i231314875 u598343965 u0 t41.32
Idx1+ lookups: 34791862 18067964 8187279 4475362 2689315 1664332 965047 471750 35159 
4961839 4530000 98 4 w29263 r0 m0 f1389 r0 p20
 726080472=136200997+357687937+262628770 i231868015 u599782136 u0 t37.273
4972832 4540000 98 4 w38084 r303 m3346 f1566 r867819 p500
 727843511=136527190+358550640+263275298 i232419826 u601247555 u0 t38.64
Idx1+ lookups: 34908951 18269617 8274396 4528848 2726974 1694262 988386 494357 60365 
4983782 4550000 98 4 w48771 r3714 m12232 f1577 r2608146 p500
 729544168=136843990+359384418+263896014 i232963167 u602651418 u0 t37.953
4994759 4560000 98 4 w59583 r12038 m25027 f1590 r4415786 p500
 731263850=137165703+360237314+264512469 i233518153 u604067772 u0 t39.833
5005677 4570000 98 4 w70978 r23457 m40784 f1604 r6280119 p500
 732955704=137481293+361068442+265127825 i234066315 u605456997 u0 t38.787
Idx1+ lookups: 35062586 18452375 8357447 4580177 2762375 1723376 1011253 516055 82907 
5016605 4580000 98 4 w84419 r41167 m63153 f1621 r8492571 p500
 734715404=137809281+361939611+265761654 i234640379 u606898979 u0 t42.42
5027569 4590000 98 4 w96667 r62055 m87939 f1638 r10358531 p500
 736496891=138141148+362813409+266411697 i235215431 u608363185 u0 t41.937
Idx1+ lookups: 35237346 18619925 8435485 4628180 2797623 1750933 1033326 538016 105013 
5038460 4600000 98 4 w108676 r84050 m113259 f1655 r12011479 p500
 738152221=138451437+363633981+267005860 i235757326 u609718516 u0 t38.987
5049344 4610000 98 4 w121559 r111457 m144781 f1673 r13920773 p500
 739901180=138778127+364497546+267637136 i236326874 u611152773 u0 t40.73
5060214 4620000 98 4 w134635 r142096 m179196 f1692 r15683028 p500
 741627386=139101660+365357193+268252786 i236897015 u612562329 u0 t40.698
Idx1+ lookups: 35430238 18776623 8510126 4675431 2831387 1777585 1055316 558272 126968 
5071166 4630000 98 4 w153773 r180099 m222776 f1719 r18094803 p500
 743369554=139427389+366217351+268881825 i237463591 u613991610 u0 t39.118
5082077 4640000 98 4 w170006 r219044 m266032 f1743 r19943205 p500
 745095325=139750598+367074498+269498999 i238032085 u615400734 u0 t39.816
Idx1+ lookups: 35642007 18921674 8580804 4720992 2864964 1803850 1076676 577313 147193 
5092952 4650000 98 4 w188156 r262113 m313437 f1770 r21850139 p500
 746845262=140076115+367946151+270124959 i238607221 u616831199 u0 t40.221
5103888 4660000 98 4 w206716 r311540 m368012 f1797 r23983061 p500
 748674013=140416913+368851068+270784379 i239207171 u618326386 u0 t42.41
5114792 4670000 98 4 w226110 r360617 m421688 f1827 r25884823 p500
 750401820=140740385+369708924+271403375 i239774081 u619739035 u0 t38.704
Idx1+ lookups: 35866878 19057643 8649381 4764358 2897126 1828985 1097363 595557 165694 
5125741 4680000 98 4 w246134 r415347 m481863 f1857 r28023251 p500
 752125361=141064665+370568288+272016064 i240338369 u621151187 u0 t48.394
5136717 4690000 98 4 w269790 r474231 m545975 f1894 r30079856 p500
 753880064=141391180+371440625+272644618 i240918463 u622582115 u0 t58.945
Total lines processed: 4693318
Block Count:1, 511
Avg Block Count:471840
Avg Max Count:0, 9886, 98
Block Count:831, 105589
Avg Block Count:103
Avg Max Count:190, 151, 80
BloomFilter
    bits: 155880605
    estimated elements: 25000000
    number hashes: 4
    max false positive rate: 0.050000
    bloom length (8 bits): 19485076
    elements added: 10953387
    estimated elements added: 10952482
    current false positive rate: 0.003604
    export size (bytes): 19485096
    number bits set: 38191978
    is on disk: no
Block Count:0, 1
Avg Block Count:0
Avg Max Count:0, 0, 0
BloomFilter
    bits: 155880605
    estimated elements: 25000000
    number hashes: 4
    max false positive rate: 0.050000
    bloom length (8 bits): 19485076
    elements added: 25000000
    estimated elements added: 24997956
    current false positive rate: 0.050269
    export size (bytes): 19485096
    number bits set: 73806204
    is on disk: no
Block Count:0, 1
Avg Block Count:0
Avg Max Count:0, 0, 0
BloomFilter
    bits: 155880605
    estimated elements: 25000000
    number hashes: 4
    max false positive rate: 0.050000
    bloom length (8 bits): 19485076
    elements added: 25000000
    estimated elements added: 25003174
    current false positive rate: 0.050269
    export size (bytes): 19485096
    number bits set: 73817192
    is on disk: no
Block Count:0, 1
Avg Block Count:0
Avg Max Count:0, 0, 0
BloomFilter
    bits: 155880605
    estimated elements: 25000000
    number hashes: 4
    max false positive rate: 0.050000
    bloom length (8 bits): 19485076
    elements added: 25000000
    estimated elements added: 24997527
    current false positive rate: 0.050269
    export size (bytes): 19485096
    number bits set: 73805299
    is on disk: no
Block Count:0, 1
Avg Block Count:0
Avg Max Count:0, 0, 0
BloomFilter
    bits: 155880605
    estimated elements: 25000000
    number hashes: 4
    max false positive rate: 0.050000
    bloom length (8 bits): 19485076
    elements added: 25000000
    estimated elements added: 25000033
    current false positive rate: 0.050269
    export size (bytes): 19485096
    number bits set: 73810577
    is on disk: no
Block Count:0, 1
Avg Block Count:0
Avg Max Count:0, 0, 0
BloomFilter
    bits: 155880605
    estimated elements: 25000000
    number hashes: 4
    max false positive rate: 0.050000
    bloom length (8 bits): 19485076
    elements added: 25000000
    estimated elements added: 24997922
    current false positive rate: 0.050269
    export size (bytes): 19485096
    number bits set: 73806131
    is on disk: no
Block Count:0, 1
Avg Block Count:0
Avg Max Count:0, 0, 0
BloomFilter
    bits: 155880605
    estimated elements: 25000000
    number hashes: 4
    max false positive rate: 0.050000
    bloom length (8 bits): 19485076
    elements added: 25000000
    estimated elements added: 25001772
    current false positive rate: 0.050269
    export size (bytes): 19485096
    number bits set: 73814239
    is on disk: no
Block Count:0, 1
Avg Block Count:0
Avg Max Count:0, 0, 0
BloomFilter
    bits: 155880605
    estimated elements: 25000000
    number hashes: 4
    max false positive rate: 0.050000
    bloom length (8 bits): 19485076
    elements added: 25000000
    estimated elements added: 25000328
    current false positive rate: 0.050269
    export size (bytes): 19485096
    number bits set: 73811198
    is on disk: no
Block Count:0, 1
Avg Block Count:0
Avg Max Count:0, 0, 0
BloomFilter
    bits: 155880605
    estimated elements: 25000000
    number hashes: 4
    max false positive rate: 0.050000
    bloom length (8 bits): 19485076
    elements added: 25000000
    estimated elements added: 24998768
    current false positive rate: 0.050269
    export size (bytes): 19485096
    number bits set: 73807913
    is on disk: no
Level Count:2
Level Count:4
Level Count:1
Level Count:1
Level Count:1
Level Count:1
Level Count:1
Level Count:1
Level Count:1
Level Count:1
5393781 4
2916176 4
Max word len: 98
Total words generated: 754458100
Words inserted 241110462
Words updated: 623051760
cache requests:  0, Misses: 0, Flush#: 24
cache requests:  30813597, Misses: 567948, Flush#: 1905
cache requests:  82167903, Misses: 23137379, Flush#: 0
cache requests:  46164024, Misses: 13440354, Flush#: 0
cache requests:  30581754, Misses: 9121358, Flush#: 0
cache requests:  21545682, Misses: 6492426, Flush#: 0
cache requests:  15163401, Misses: 4595404, Flush#: 0
cache requests:  9976434, Misses: 3037646, Flush#: 0
cache requests:  5613399, Misses: 1700725, Flush#: 0
cache requests:  1604349, Misses: 478685, Flush#: 0
OUBLK INBLK
    -     -
rchar: 364190098927
wchar: 43764219559
syscr: 88774411
syscw: 10548570
read_bytes: 63239720960
write_bytes: 40645877760
cancelled_write_bytes: 0
123514416
79386480
