Csz: 20000, pgsz: 4096
File page count: 0
File page count: 0
10988 10000 60 1 w0 r0 m0 f0 r0 p20
 1502009=280567+736357+547318 i721658 u998423 u0 t1.45
22023 20000 60 1 w0 r0 m0 f0 r0 p20
 2970299=556558+1459020+1077812 i1299209 u2102895 u0 t1.524
33024 30000 60 1 w0 r0 m0 f0 r0 p20
 4455591=837142+2190955+1612898 i1852391 u3251575 u0 t1.532
44043 40000 66 1 w0 r0 m0 f0 r0 p20
 6021768=1126498+2950354+2194339 i2403108 u4491603 u0 t1.606
55121 50000 66 1 w0 r0 m0 f0 r0 p20
 7457432=1399039+3657323+2711810 i2899495 u5640597 u0 t1.532
66115 60000 66 1 w0 r0 m0 f0 r0 p20
 8882525=1666288+4349737+3237298 i3372066 u6798479 u0 t1.504
77117 70000 66 1 w0 r0 m0 f0 r0 p20
 10323681=1938542+5063745+3753209 i3851018 u7971772 u0 t1.585
88102 80000 66 1 w0 r0 m0 f0 r0 p20
 11702242=2200826+5741136+4250267 i4299728 u9103082 u0 t1.535
99095 90000 66 1 w0 r0 m0 f0 r0 p20
 13139065=2468368+6445510+4774403 i4761616 u10286594 u0 t1.605
110113 100000 66 1 w0 r0 m0 f0 r0 p20
 14570300=2739305+7152735+5287868 i5211290 u11477401 u0 t1.581
121109 110000 66 1 w0 r0 m0 f0 r0 p20
 15981984=3006512+7851613+5792984 i5655730 u12651059 u0 t1.578
132028 120000 66 1 w0 r0 m0 f0 r0 p20
 17532484=3286822+8590277+6386159 i6106532 u13969042 u0 t1.666
142990 130000 66 1 w0 r0 m0 f0 r0 p20
 18986448=3562710+9311119+6905248 i6548879 u15193514 u0 t1.631
153925 140000 66 1 w0 r0 m0 f0 r0 p20
 20474477=3841729+10051396+7435263 i6999138 u16448960 u0 t1.676
164855 150000 66 1 w0 r0 m0 f0 r0 p20
 21982251=4126056+10796461+7976893 i7453888 u17721979 u0 t1.719
175812 160000 66 1 w0 r0 m0 f0 r0 p20
 23584909=4417148+11560934+8588302 i7914229 u19089936 u0 t1.792
186797 170000 66 1 w0 r0 m0 f0 r0 p20
 25060643=4694278+12291216+9118384 i8355287 u20340529 u0 t1.789
197847 180000 66 1 w0 r0 m0 f0 r0 p20
 26594805=4977567+13035840+9687961 i8800877 u21648837 u0 t1.76
208776 190000 66 1 w0 r0 m0 f0 r0 p20
 28107430=5261667+13783743+10232285 i9242517 u22940730 u0 t1.774
219728 200000 66 1 w0 r0 m0 f0 r0 p20
 29612928=5546285+14529981+10770299 i9679782 u24229836 u0 t1.808
230584 210000 66 1 w0 r0 m0 f0 r0 p20
 31176719=5839236+15302598+11333221 i10127173 u25573869 u0 t1.831
241548 220000 66 1 w0 r0 m0 f0 r0 p20
 32683216=6122373+16045650+11876729 i10560684 u26866454 u0 t1.756
252514 230000 66 1 w0 r0 m0 f0 r0 p20
 34281334=6415992+16823378+12467909 i11011556 u28242798 u0 t1.821
263483 240000 66 1 w0 r0 m0 f0 r0 p20
 35779646=6698842+17564571+13004988 i11440135 u29531606 u0 t1.755
274496 250000 66 1 w0 r0 m0 f0 r0 p20
 37310769=6986369+18323484+13553505 i11876641 u30849726 u0 t1.796
285461 260000 66 1 w0 r0 m0 f0 r0 p20
 38803051=7268863+19066410+14083606 i12299710 u32138128 u0 t1.783
296415 270000 66 1 w0 r0 m0 f0 r0 p20
 40291660=7548931+19800727+14620226 i12719617 u33423835 u0 t1.754
307437 280000 66 1 w0 r0 m0 f0 r0 p20
 41798390=7832680+20548382+15159093 i13142025 u34728685 u0 t1.786
318462 290000 66 1 w0 r0 m0 f0 r0 p20
 43400958=8135339+21341253+15733409 i13591134 u36116205 u0 t1.885
329483 300000 66 1 w0 r0 m0 f0 r0 p20
 45028067=8442234+22155263+16308545 i14053075 u37520931 u0 t1.946
340525 310000 66 1 w0 r0 m0 f0 r0 p20
 46615498=8738046+22934138+16886727 i14489506 u38901705 u0 t1.879
351480 320000 94 1 w0 r0 m0 f0 r0 p20
 48198444=9038935+23721499+17447383 i14924286 u40281191 u0 t1.879
362496 330000 94 1 w0 r0 m0 f0 r0 p20
 49733444=9330284+24482692+17993474 i15348084 u41617139 u0 t1.832
373551 340000 94 1 w0 r0 m0 f0 r0 p20
 51290420=9626097+25253246+18550462 i15776823 u42973431 u0 t1.883
384689 350000 94 1 w0 r0 m0 f0 r0 p20
 52863841=9922129+26021395+19125405 i16211252 u44340451 u0 t1.907
395874 360000 94 1 w0 r0 m0 f0 r0 p20
 54481113=10221859+26805577+19724920 i16659778 u45741061 u0 t1.954
406862 370000 94 1 w0 r0 m0 f0 r0 p20
 56127737=10531055+27599843+20335875 i17111954 u47171665 u0 t2.001
417894 380000 94 1 w0 r0 m0 f0 r0 p20
 57710652=10827571+28373736+20913921 i17550060 u48545625 u0 t1.929
428912 390000 94 1 w0 r0 m0 f0 r0 p20
 59267668=11118998+29134387+21483671 i17976993 u49900768 u0 t1.913
439874 400000 94 1 w0 r0 m0 f0 r0 p20
 60798949=11403897+29878773+22048738 i18389886 u51239419 u0 t1.891
450859 410000 94 1 w0 r0 m0 f0 r0 p20
 62344803=11692810+30638301+22610561 i18812380 u52587232 u0 t1.922
461847 420000 94 1 w0 r0 m0 f0 r0 p20
 63844431=11974358+31373784+23155226 i19219115 u53897765 u0 t1.85
472807 430000 94 1 w0 r0 m0 f0 r0 p20
 65437780=12274970+32155539+23733015 i19647666 u55293921 u0 t1.951
483790 440000 94 1 w0 r0 m0 f0 r0 p20
 67045767=12575174+32948774+24314528 i20083492 u56700280 u0 t1.963
494708 450000 94 1 w0 r0 m0 f0 r0 p20
 68699472=12883619+33764275+24912530 i20527372 u58150457 u0 t2.023
505590 460000 94 1 w0 r0 m0 f0 r0 p20
 70351532=13192036+34579703+25508940 i20970533 u59600197 u0 t2.015
516566 470000 94 1 w0 r0 m0 f0 r0 p20
 71990802=13497983+35383004+26106829 i21406006 u61040699 u0 t1.991
527520 480000 94 1 w0 r0 m0 f0 r0 p20
 73645399=13806248+36198720+26705964 i21848386 u62493062 u0 t2.012
538466 490000 94 1 w0 r0 m0 f0 r0 p20
 75322036=14118226+37019796+27319560 i22291198 u63969022 u0 t2.049
549399 500000 94 1 w0 r0 m0 f0 r0 p20
 77023425=14443739+37852951+27939452 i22739713 u65468188 u0 t2.078
560288 510000 94 1 w0 r0 m0 f0 r0 p20
 78683779=14754211+38673947+28537979 i23175074 u66935019 u0 t2.039
571192 520000 94 1 w0 r0 m0 f0 r0 p20
 80352712=15063905+39495351+29144443 i23615138 u68405648 u0 t2.05
582148 530000 94 1 w0 r0 m0 f0 r0 p20
 82036336=15378372+40322769+29756566 i24055898 u69892902 u0 t2.069
593039 540000 94 1 w0 r0 m0 f0 r0 p20
 83771290=15699382+41171815+30392891 i24502016 u71431902 u0 t2.119
604123 550000 94 1 w0 r0 m0 f0 r0 p20
 85292841=15985696+41911091+30952926 i24892730 u72782467 u0 t1.862
615220 560000 94 1 w0 r0 m0 f0 r0 p20
 86578406=16228956+42541143+31420369 i25220409 u73927540 u0 t1.6
626410 570000 94 1 w0 r0 m0 f0 r0 p20
 87844101=16466215+43152805+31889826 i25539748 u75056102 u0 t1.597
637646 580000 94 1 w0 r0 m0 f0 r0 p20
 89076810=16700413+43755344+32338702 i25850251 u76157717 u0 t1.559
648847 590000 94 1 w0 r0 m0 f0 r0 p20
 90374030=16941574+44376422+32827115 i26161957 u77327724 u0 t1.575
660023 600000 94 1 w0 r0 m0 f0 r0 p20
 91532382=17161983+44938682+33251932 i26450897 u78365274 u0 t1.452
671169 610000 94 1 w0 r0 m0 f0 r0 p20
 92677881=17380618+45496976+33670550 i26735788 u79392552 u0 t1.437
682330 620000 94 1 w0 r0 m0 f0 r0 p20
 93822077=17600425+46050280+34090645 i27017530 u80420625 u0 t1.439
693457 630000 94 1 w0 r0 m0 f0 r0 p20
 95055697=17831544+46649550+34545330 i27315757 u81533916 u0 t1.527
704731 640000 94 1 w0 r0 m0 f0 r0 p20
 96294487=18063003+47246521+35007532 i27615794 u82650360 u0 t1.536
715916 650000 94 1 w0 r0 m0 f0 r0 p20
 97439920=18281492+47802828+35427035 i27896451 u83681716 u0 t1.446
727122 660000 94 1 w0 r0 m0 f0 r0 p20
 98670868=18515586+48399959+35879326 i28194450 u84793007 u0 t1.543
738273 670000 94 1 w0 r0 m0 f0 r0 p20
 99875743=18744879+48985343+36321344 i28486533 u85881205 u0 t1.521
749495 680000 94 1 w0 r0 m0 f0 r0 p20
 101042383=18969139+49551143+36748337 i28766009 u86938406 u0 t1.472
760693 690000 94 1 w0 r0 m0 f0 r0 p20
 102254980=19199662+50136770+37196455 i29060532 u88031807 u0 t1.532
771972 700000 94 1 w0 r0 m0 f0 r0 p20
 103465720=19428892+50723315+37642786 i29355714 u89122846 u0 t1.526
783287 710000 94 1 w0 r0 m0 f0 r0 p20
 104639900=19653350+51296043+38070532 i29640455 u90183392 u0 t1.5
794503 720000 94 1 w0 r0 m0 f0 r0 p20
 105795637=19874772+51860524+38490375 i29922013 u91226226 u0 t1.475
805629 730000 94 1 w0 r0 m0 f0 r0 p20
 107012879=20104345+52440052+38949652 i30215358 u92323877 u0 t1.536
816809 740000 94 1 w0 r0 m0 f0 r0 p20
 108170750=20322040+52988329+39390324 i30489392 u93371617 u0 t1.463
827890 750000 94 1 w0 r0 m0 f0 r0 p20
 109346023=20541989+53535547+39846975 i30760179 u94440650 u0 t1.463
839058 760000 94 1 w0 r0 m0 f0 r0 p20
 110457274=20754203+54068761+40260181 i31021000 u95451347 u0 t1.425
850231 770000 94 1 w0 r0 m0 f0 r0 p20
 111644530=20977813+54640699+40701567 i31303312 u96526938 u0 t1.505
861324 780000 94 1 w0 r0 m0 f0 r0 p20
 112756712=21190675+55177904+41111668 i31571161 u97532357 u0 t1.432
872344 790000 94 1 w0 r0 m0 f0 r0 p20
 113901230=21409743+55727856+41536166 i31839797 u98573829 u0 t1.485
883522 800000 94 1 w0 r0 m0 f0 r0 p20
 115052446=21630279+56283615+41960828 i32110410 u99621261 u0 t1.544
894714 810000 94 3 w2567 r0 m0 f122 r0 p20
 116160183=21843397+56812897+42374928 i32373447 u100625565 u0 t1.558
905844 820000 94 3 w8636 r0 m0 f411 r0 p20
 117283223=22058021+57355645+42788962 i32638026 u101646502 u0 t1.761
916882 830000 94 3 w15441 r0 m0 f735 r0 p20
 118549967=22298052+57962861+43262652 i32941735 u102791070 u0 t1.995
927964 840000 94 3 w21447 r0 m0 f1021 r0 p20
 119743936=22526809+58544733+43697164 i33233423 u103867651 u0 t1.909
939033 850000 94 4 w27642 r0 m0 f1316 r0 p20
 121004026=22765154+59154770+44162145 i33541245 u105002013 u0 t2.023
950128 860000 94 4 w34238 r0 m0 f1630 r0 p20
 122238911=23000263+59758465+44610481 i33845657 u106112373 u0 t2.037
961260 870000 94 4 w41585 r46 m1557 f1924 r811583 p76
 123458245=23233306+60350981+45056196 i34144632 u107209649 u0 t2.046
972424 880000 94 4 w48056 r1418 m8948 f1999 r4242824 p84
 124673076=23464513+60935225+45507237 i34442441 u108301586 u0 t1.984
983571 890000 94 4 w55327 r4903 m19124 f2073 r7973089 p95
 125884344=23693920+61524697+45951042 i34742954 u109387713 u0 t2.032
994789 900000 94 4 w61638 r10263 m30223 f2129 r11224711 p107
 127057734=23916914+62089299+46386563 i35025838 u110447476 u0 t1.937
1005944 910000 94 4 w68220 r17452 m43512 f2183 r14659590 p118
 128303145=24152135+62684289+46852631 i35313033 u111583938 u0 t1.998
1017100 920000 94 4 w74032 r25967 m57480 f2227 r17772994 p129
 129430532=24368313+63227679+47268900 i35585797 u112601866 u0 t1.878
1028294 930000 94 4 w80414 r35906 m73531 f2272 r21159336 p139
 130528677=24578028+63757612+47674284 i35852395 u113592359 u0 t1.879
1039422 940000 94 4 w86900 r48253 m92077 f2315 r24606244 p149
 131687827=24798360+64320403+48099629 i36136268 u114635765 u0 t1.978
1050473 950000 94 4 w93158 r62544 m112515 f2354 r28051328 p160
 132854633=25020472+64887893+48525919 i36418897 u115689362 u0 t1.993
1061568 960000 94 4 w99841 r78988 m135455 f2393 r31682689 p171
 134043070=25250333+65467521+48956681 i36701403 u116769666 u0 t2.028
1072599 970000 94 4 w105733 r97948 m160068 f2425 r34952147 p183
 135291847=25485760+66067542+49422293 i36998704 u117900169 u0 t2.139
1083733 980000 94 4 w111924 r116828 m185001 f2457 r38286795 p193
 136399100=25701026+66611278+49818919 i37266537 u118902602 u0 t3.41
1094785 990000 94 4 w117649 r137833 m211609 f2485 r41457739 p204
 137519050=25917257+67155540+50227043 i37540045 u119912497 u0 t3.87
1105876 1000000 94 4 w124112 r161080 m241217 f2515 r44973045 p214
 138665713=26137695+67717784+50640862 i37821986 u120945606 u0 t2.578
1117034 1010000 94 4 w130001 r185581 m271302 f2541 r48169796 p225
 139787403=26354448+68264708+51048328 i38098939 u121954022 u0 t2.567
1128112 1020000 94 4 w135478 r212381 m303464 f2564 r51298876 p236
 140921791=26573668+68822755+51454807 i38380973 u122973415 u0 t1.981
1139060 1030000 94 4 w142211 r244240 m341862 f2591 r54966841 p248
 142169262=26814500+69435817+51902697 i38696533 u124088495 u0 t2.212
1150007 1040000 94 4 w150061 r281591 m387006 f2621 r59315045 p260
 143561529=27079998+70114418+52410413 i39048270 u125330961 u0 t2.474
1160894 1050000 94 4 w158036 r323374 m436572 f2650 r63698429 p274
 144998334=27351326+70820475+52930359 i39416711 u126608665 u0 t2.554
1171814 1060000 94 4 w164694 r366233 m485760 f2673 r67407213 p288
 146379096=27613815+71499763+53428048 i39771010 u127836696 u0 t2.457
1182789 1070000 94 4 w171970 r412025 m538773 f2697 r71536259 p301
 147771413=27879098+72187374+53926681 i40129413 u129074733 u0 t2.505
1193726 1080000 94 4 w177694 r458696 m591126 f2715 r74938803 p315
 149134067=28139227+72857138+54417549 i40478392 u130287551 u0 t2.384
1204582 1090000 94 4 w184651 r509696 m648833 f2736 r78872593 p329
 150558189=28410800+73563244+54924922 i40845450 u131553692 u0 t2.533
1215452 1100000 94 4 w191213 r562897 m708560 f2755 r82706766 p342
 152005113=28686816+74275924+55445128 i41212655 u132844478 u0 t2.578
1226363 1110000 94 4 w198022 r621214 m773561 f2774 r86662158 p357
 153500823=28969235+75014161+55983169 i41596739 u134174802 u0 t2.654
1237247 1120000 94 4 w204374 r678629 m837038 f2791 r90299707 p370
 154937436=29243149+75724625+56496704 i41961842 u135456761 u0 t2.535
1248176 1130000 94 4 w211338 r739335 m904571 f2809 r94270304 p383
 156402735=29522272+76447278+57022338 i42337474 u136760887 u0 t2.63
1259068 1140000 94 4 w217773 r802529 m973831 f2825 r97948099 p397
 157861130=29797985+77168674+57545265 i42714948 u138055005 u0 t2.638
1269968 1150000 94 4 w224003 r867815 m1045493 f2840 r101745711 p411
 159329507=30076803+77900612+58066164 i43094081 u139359995 u0 t2.652
1280888 1160000 94 4 w230023 r935238 m1118725 f2854 r105300263 p424
 160787360=30353505+78624948+58585504 i43474267 u140651499 u0 t2.612
1291754 1170000 94 4 w236246 r1004623 m1194062 f2868 r108929657 p438
 162257086=30632524+79353396+59110035 i43855602 u141955631 u0 t2.64
1302652 1180000 94 4 w242639 r1076487 m1272019 f2882 r112619774 p451
 163740225=30914948+80088433+59638609 i44236957 u143275618 u0 t2.669
1313613 1190000 94 4 w249700 r1150408 m1352865 f2897 r116658543 p463
 165222365=31196415+80824289+60167001 i44620058 u144592385 u0 t2.712
1324596 1200000 94 4 w255992 r1226901 m1435538 f2910 r120385057 p476
 166705142=31477697+81562307+60693492 i45002798 u145910635 u0 t2.698
1335456 1210000 94 4 w262440 r1306946 m1521818 f2923 r124211904 p490
 168224635=31765451+82316176+61235830 i45397862 u147257965 u0 t2.755
1346441 1220000 94 4 w268066 r1389889 m1610514 f2934 r127789663 p504
 169783151=32059976+83084342+61797326 i45795720 u148645908 u0 t2.794
1357399 1230000 94 4 w274372 r1475695 m1702117 f2946 r131408192 p518
 171340127=32353047+83856368+62354089 i46196197 u150030189 u0 t2.82
1368385 1240000 94 4 w280844 r1565232 m1798313 f2958 r135400157 p531
 172947613=32655799+84649796+62933488 i46607987 u151460267 u0 t2.918
1379469 1250000 94 4 w288054 r1659397 m1899120 f2971 r139416665 p544
 174578358=32960715+85458237+63518400 i47030722 u152906121 u0 t2.98
1390543 1260000 94 4 w294288 r1754942 m2001016 f2982 r143279995 p558
 176216496=33265768+86260659+64117377 i47449378 u154362202 u0 t2.997
1401635 1270000 94 4 w300689 r1852968 m2105486 f2993 r147214999 p572
 177844400=33572064+87068311+64699573 i47871951 u155805923 u0 t3.447
1412662 1280000 94 4 w306662 r1951979 m2209773 f3003 r150638846 p586
 179448464=33876559+87868585+65267070 i48290012 u157228355 u0 t2.934
1423732 1290000 94 4 w312130 r2051276 m2314934 f3012 r154298504 p600
 181048818=34176735+88658077+65844470 i48705492 u158646731 u0 t2.936
1434749 1300000 94 4 w318993 r2155462 m2425290 f3023 r158127912 p613
 182708017=34486060+89473649+66447223 i49133967 u160118261 u0 t3.07
1445738 1310000 94 4 w325371 r2263882 m2540454 f3033 r162279449 p626
 184393707=34802515+90300279+67060585 i49574175 u161608313 u0 t3.119
1456743 1320000 94 4 w333146 r2373432 m2657094 f3045 r166512859 p638
 186070233=35117420+91124338+67668658 i50009356 u163093397 u0 t3.13
1467716 1330000 94 4 w340457 r2490085 m2781067 f3056 r170897966 p650
 187826318=35446440+91987570+68306202 i50463165 u164650628 u0 t3.273
1478847 1340000 94 4 w347892 r2608779 m2907128 f3067 r175325144 p663
 189576204=35770547+92843092+68948286 i50918257 u166197933 u0 t3.267
1489858 1350000 94 4 w355446 r2728350 m3033992 f3078 r179699750 p675
 191293706=36091274+93689714+69570365 i51368376 u167715072 u0 t3.245
1500812 1360000 94 4 w362438 r2844549 m3157271 f3088 r183905369 p686
 192945491=36397576+94496222+70177412 i51798841 u169175192 u0 t3.136
1511816 1370000 94 4 w369645 r2965917 m3285259 f3098 r188005164 p698
 194629037=36712329+95326971+70785495 i52236604 u170666362 u0 t3.187
1522795 1380000 94 4 w376179 r3086188 m3411595 f3107 r191809088 p711
 196261107=37016280+96132860+71375071 i52663873 u172108369 u0 t3.08
1533703 1390000 94 4 w383002 r3209534 m3541716 f3117 r195915910 p723
 197916580=37324592+96947275+71976458 i53100033 u173568106 u0 t3.157
1544569 1400000 94 4 w389643 r3333939 m3672602 f3126 r199895040 p734
 199559259=37633478+97759355+72566898 i53527955 u175022896 u0 t3.135
1555499 1410000 94 4 w397287 r3468813 m3814695 f3136 r204245204 p747
 201315494=37961628+98624605+73202706 i53984668 u176577361 u0 t3.357
1566395 1420000 94 4 w403345 r3603916 m3956002 f3144 r208181447 p760
 203040851=38283744+99480615+73821800 i54433473 u178105745 u0 t3.282
1577238 1430000 94 4 w411219 r3741329 m4100814 f3154 r212565882 p771
 204769957=38606559+100338547+74442479 i54883391 u179636889 u0 t3.36
1588118 1440000 98 4 w418152 r3882099 m4248345 f3163 r216737551 p784
 206501964=38930451+101195825+75064964 i55337130 u181167451 u0 t3.337
1598949 1450000 98 4 w425751 r4026455 m4400393 f3173 r221312528 p795
 208268958=39258963+102068645+75703593 i55796254 u182732319 u0 t3.446
1609797 1460000 98 4 w433646 r4173166 m4554367 f3183 r225701795 p807
 210044947=39588611+102945770+76346406 i56254395 u184307690 u0 t3.453
1620630 1470000 98 4 w440871 r4320225 m4708627 f3192 r230081607 p818
 211794585=39917933+103814704+76971470 i56705728 u185861406 u0 t3.417
1631477 1480000 98 4 w448368 r4469576 m4864726 f3203 r234298253 p830
 213544045=40245037+104679189+77602221 i57159230 u187411585 u0 t3.402
1642373 1490000 98 4 w456492 r4624412 m5026974 f3213 r238772522 p842
 215341282=40581295+105569208+78248299 i57622331 u189007541 u0 t3.51
1653233 1500000 98 4 w464372 r4781463 m5191729 f3224 r243449279 p853
 217140861=40916401+106459891+78897104 i58085079 u190606353 u0 t3.552
1664130 1510000 98 4 w472821 r4937970 m5355812 f3234 r248087250 p863
 218918863=41246819+107335188+79542979 i58539440 u192187505 u0 t3.508
1675034 1520000 98 4 w481026 r5098606 m5523962 f3244 r252775896 p874
 220707784=41578832+108217124+80191733 i58997811 u193777525 u0 t3.547
1685958 1530000 98 4 w489702 r5264608 m5697289 f3254 r257427935 p885
 222527080=41916354+109112653+80853015 i59464816 u195393558 u0 t3.593
1696847 1540000 98 4 w499535 r5429492 m5870527 f3269 r262651002 p894
 224315178=42247473+109988212+81508049 i59923797 u196980499 u0 t3.613
1707676 1550000 98 4 w508912 r5602043 m6051455 f3281 r267903310 p903
 226145550=42585444+110889061+82174592 i60396424 u198602801 u0 t3.71
1718573 1560000 98 4 w520509 r5776744 m6234468 f3301 r273435059 p912
 227977335=42923424+111787999+82844857 i60866711 u200228116 u0 t3.842
1729487 1570000 98 4 w530924 r5948342 m6414088 f3320 r278875626 p919
 229753615=43251320+112659502+83494703 i61321672 u201805876 u0 t3.663
1740347 1580000 98 4 w541885 r6123744 m6597086 f3335 r284145210 p928
 231553104=43584046+113540125+84154536 i61782975 u203403538 u0 t3.689
1751207 1590000 98 4 w553876 r6305433 m6787398 f3355 r290188013 p935
 233379940=43922520+114439161+84819335 i62252540 u205024703 u0 t3.843
1762023 1600000 98 4 w566817 r6484616 m6974567 f3381 r295871207 p942
 235155843=44253361+115316780+85460372 i62709737 u206601420 u0 t3.739
1772878 1610000 98 4 w578579 r6665120 m7162933 f3401 r301551801 p950
 236929770=44581602+116184385+86111454 i63166303 u208174791 u0 t3.823
1783723 1620000 98 4 w589986 r6847301 m7352088 f3427 r306947007 p958
 238688807=44908360+117054935+86745918 i63620317 u209735318 u0 t3.683
1794607 1630000 98 4 w602252 r7032764 m7545028 f3453 r312564176 p965
 240464479=45236722+117925167+87395629 i64080424 u211306690 u0 t3.74
1805498 1640000 98 4 w614007 r7222002 m7740948 f3484 r318026362 p973
 242254153=45568300+118810419+88042816 i64543340 u212893337 u0 t3.749
1816421 1650000 98 4 w626242 r7414628 m7940380 f3512 r323740442 p981
 244050465=45899876+119697682+88694298 i65011608 u214481524 u0 t4.156
1827273 1660000 98 4 w638642 r7607378 m8139815 f3538 r329321240 p988
 245854599=46234183+120581771+89354321 i65478604 u216078912 u0 t3.847
1838160 1670000 98 4 w649472 r7801654 m8339506 f3573 r334353692 p997
 247658504=46569017+121468086+90011465 i65948370 u217673797 u0 t4.049
1849005 1680000 98 4 w660505 r7992993 m8536163 f3608 r339401599 p1006
 249430278=46895842+122335533+90661291 i66405869 u219243781 u0 t3.69
1859879 1690000 98 4 w670000 r8179135 m8726957 f3641 r343911059 p1015
 251131279=47212315+123178813+91272934 i66848769 u220749696 u0 t3.52
1870739 1700000 98 4 w680604 r8372404 m8925387 f3668 r348772891 p1023
 252891045=47539369+124052324+91905247 i67305890 u222308679 u0 t3.656
1881698 1710000 98 4 w690154 r8558540 m9115954 f3702 r353303215 p1032
 254580511=47855132+124886720+92515242 i67743296 u223806608 u0 t3.508
1892578 1720000 98 4 w699816 r8747982 m9309644 f3732 r357926281 p1040
 256293646=48175630+125733252+93133036 i68186121 u225326606 u0 t3.544
1903425 1730000 98 4 w708409 r8940287 m9505265 f3768 r362009718 p1050
 258022915=48497011+126587322+93759138 i68634928 u226858679 u0 t3.517
1914319 1740000 98 4 w716297 r9137387 m9705492 f3794 r365952584 p1060
 259815209=48830592+127465985+94414637 i69098914 u228445669 u0 t3.57
1925121 1750000 98 4 w724733 r9329469 m9900650 f3827 r369905617 p1070
 261541348=49152781+128320704+95035878 i69548196 u229974314 u0 t3.485
1936035 1760000 98 4 w732557 r9529134 m10103124 f3852 r373888476 p1080
 263330395=49486167+129206644+95680325 i70016058 u231555981 u0 t3.577
1946942 1770000 98 4 w740014 r9718590 m10295257 f3881 r377687960 p1090
 265050284=49805914+130048834+96309106 i70454820 u233085619 u0 t3.457
1957829 1780000 98 4 w748535 r9909369 m10488802 f3913 r381590180 p1099
 266753303=50124838+130892409+96920932 i70896974 u234595286 u0 t3.473
1968722 1790000 98 4 w756357 r10104179 m10686248 f3944 r385383765 p1109
 268493552=50448739+131746780+97555161 i71348764 u236135807 u0 t3.503
1979581 1800000 98 4 w764056 r10291071 m10875403 f3972 r389030321 p1118
 270164288=50760785+132567358+98163038 i71783787 u237613626 u0 t3.355
1990482 1810000 98 4 w770247 r10475609 m11061804 f3997 r392222513 p1128
 271830252=51072079+133383609+98770962 i72212447 u239092252 u0 t3.294
2001382 1820000 98 4 w776295 r10660856 m11248803 f4027 r395461925 p1137
 273492871=51381902+134197434+99378998 i72644872 u240562985 u0 t3.296
2012247 1830000 98 4 w783637 r10849372 m11439174 f4056 r398870116 p1147
 275187120=51698829+135031055+99993704 i73081837 u242066180 u0 t3.378
2023129 1840000 98 4 w789842 r11035922 m11627538 f4081 r402178037 p1156
 276861603=52011532+135854419+100601958 i73513731 u243551496 u0 t3.327
2034053 1850000 98 4 w796592 r11228900 m11822198 f4120 r405443928 p1166
 278586086=52334286+136703614+101226354 i73959429 u245080862 u0 t3.413
2044917 1860000 98 4 w803181 r11415110 m12010416 f4149 r408893909 p1174
 280251224=52646494+137526857+101826009 i74387382 u246560817 u0 t3.335
2055814 1870000 98 4 w809918 r11603957 m12200971 f4174 r412117057 p1184
 281924750=52958788+138352252+102431703 i74827772 u248037239 u0 t3.366
2066728 1880000 98 4 w816517 r11790128 m12388885 f4207 r415413856 p1192
 283579260=53268199+139169715+103028509 i75255750 u249504563 u0 t3.522
2077660 1890000 98 4 w822289 r11975451 m12575735 f4233 r418406758 p1202
 285237044=53579292+139988643+103625286 i75682788 u250976617 u0 t3.282
2088614 1900000 98 4 w826969 r12161429 m12762978 f4255 r421160609 p1212
 286912655=53892335+140810185+104236352 i76113844 u252463336 u0 t3.262
2099586 1910000 98 4 w833767 r12351703 m12955019 f4285 r424517402 p1220
 288616243=54209093+141647327+104856783 i76550327 u253977204 u0 t3.394
2110524 1920000 98 4 w840022 r12534080 m13138912 f4315 r427587484 p1229
 290241237=54514629+142446303+105445717 i76968710 u255419666 u0 t3.236
2121483 1930000 98 4 w845369 r12722576 m13328731 f4338 r430465660 p1238
 291923570=54829825+143276743+106052519 i77404527 u256911212 u0 t3.311
2132440 1940000 98 4 w851078 r12906043 m13513774 f4364 r433538061 p1246
 293565784=55136148+144083806+106649839 i77826528 u258369378 u0 t3.265
2143340 1950000 98 4 w856457 r13092717 m13701708 f4387 r436320852 p1256
 295239019=55448867+144906211+107257969 i78256484 u259855597 u0 t3.281
2154286 1960000 98 4 w861432 r13272639 m13882869 f4411 r439081734 p1264
 296860107=55753648+145703015+107845359 i78670898 u261298156 u0 t3.189
2165157 1970000 98 4 w866677 r13445089 m14056722 f4430 r441890665 p1272
 298412591=56044542+146464173+108410700 i79066790 u262679653 u0 t3.085
2176142 1980000 98 4 w871588 r13619332 m14232136 f4451 r444498447 p1280
 299979496=56338337+147235354+108978397 i79466925 u264074257 u0 t3.097
2187090 1990000 98 4 w877204 r13803054 m14417415 f4476 r447519006 p1288
 301618575=56644428+148044181+109570873 i79889936 u265528674 u0 t3.264
2198031 2000000 98 4 w882244 r13977879 m14593454 f4496 r450156997 p1296
 303185210=56938923+148817650+110135184 i80292177 u266921715 u0 t3.103
2208970 2010000 98 4 w886995 r14151154 m14767913 f4516 r452773622 p1304
 304752540=57232180+149587337+110705170 i80689493 u268318975 u0 t3.092
2219875 2020000 98 4 w892179 r14327978 m14946081 f4537 r455573692 p1312
 306334455=57532948+150371332+111270400 i81094545 u269727403 u0 t3.152
2230717 2030000 98 4 w896443 r14496264 m15115357 f4561 r457897036 p1320
 307845651=57817948+151122157+111809532 i81479695 u271074789 u0 t2.974
2241553 2040000 98 4 w901015 r14668530 m15288920 f4581 r460599927 p1327
 309373570=58105978+151881084+112355392 i81874145 u272431866 u0 t3.067
2252478 2050000 98 4 w906693 r14842638 m15464358 f4610 r463363991 p1334
 310917801=58397346+152645204+112909519 i82271122 u273805034 u0 t3.11
2263400 2060000 98 4 w911567 r15014017 m15636999 f4630 r465987606 p1342
 312460636=58688083+153405052+113466755 i82665194 u275178547 u0 t3.063
2274335 2070000 98 4 w916654 r15185823 m15810004 f4656 r468543160 p1349
 314006113=58979074+154169481+114021866 i83057532 u276557571 u0 t3.072
2285238 2080000 98 4 w921149 r15349735 m15975135 f4673 r471013260 p1356
 315479761=59257781+154893633+114554732 i83430669 u277873169 u0 t2.986
2296195 2090000 98 4 w925593 r15519108 m16145621 f4695 r473434221 p1364
 317001742=59547160+155648315+115097246 i83815202 u279233661 u0 t3.012
2307093 2100000 98 4 w929634 r15690971 m16318597 f4716 r475985148 p1371
 318548784=59841585+156419314+115645210 i84205162 u280618772 u0 t3.065
2317991 2110000 98 4 w935361 r15859324 m16488433 f4739 r478797677 p1377
 320065310=60129116+157167613+116190543 i84586403 u281975934 u0 t3.048
2328915 2120000 98 4 w941072 r16024527 m16655086 f4758 r481459489 p1383
 321540226=60409484+157900375+116714932 i84960289 u283293510 u0 t2.977
2339889 2130000 98 4 w946089 r16195230 m16827008 f4777 r483991497 p1390
 323065272=60697602+158658425+117258241 i85350088 u284652784 u0 t3.039
2350849 2140000 98 4 w950967 r16363476 m16996538 f4800 r486564654 p1397
 324569276=60981045+159406540+117794073 i85731512 u285995900 u0 t3.017
2361818 2150000 98 4 w955432 r16528919 m17163107 f4815 r488973359 p1404
 326046163=61261072+160142425+118317711 i86108120 u287313925 u0 t2.95
2372703 2160000 98 4 w960374 r16699856 m17335488 f4836 r491604526 p1410
 327582195=61550056+160900281+118871928 i86495893 u288685934 u0 t3.078
2383611 2170000 98 4 w965555 r16860212 m17497156 f4853 r494152893 p1416
 329020933=61822910+161615512+119384128 i86859800 u289972303 u0 t2.904
2394538 2180000 98 4 w970659 r17022796 m17661013 f4870 r496531424 p1422
 330471640=62098697+162341500+119894769 i87229166 u291268045 u0 t2.931
2405448 2190000 98 4 w976314 r17198812 m17838709 f4891 r499411528 p1428
 332047282=62396171+163128686+120452548 i87628144 u292676592 u0 t4.163
2416385 2200000 98 4 w982961 r17370205 m18012022 f4909 r502357999 p1434
 333572677=62685022+163886371+120996698 i88012779 u294041084 u0 t3.133
2427291 2210000 98 4 w989519 r17535929 m18179499 f4931 r505113660 p1439
 335055154=62966105+164620723+121527332 i88385602 u295367986 u0 t3.016
2438224 2220000 98 4 w995159 r17705001 m18350181 f4946 r507710359 p1445
 336562228=63251799+165373345+122060347 i88767855 u296714753 u0 t3.05
2449156 2230000 98 4 w1001923 r17878087 m18525264 f4964 r510564527 p1451
 338098470=63544181+166137065+122607037 i89154483 u298089896 u0 t3.139
2460085 2240000 98 4 w1009531 r18055871 m18705330 f4982 r513727076 p1456
 339674657=63843460+166921569+123166530 i89554517 u299497405 u0 t3.236
2471031 2250000 98 4 w1017063 r18240613 m18892145 f5002 r516837239 p1462
 341328221=64154313+167736404+123763464 i89974414 u300971673 u0 t3.346
2481891 2260000 98 4 w1024668 r18417799 m19071423 f5022 r519950632 p1467
 342920094=64455060+168519044+124339193 i90372836 u302396527 u0 t3.236
2492839 2270000 98 4 w1033328 r18597697 m19253971 f5048 r523399953 p1471
 344524932=64756130+169308970+124920291 i90775771 u303832355 u0 t3.319
2503770 2280000 98 4 w1041917 r18782918 m19441603 f5075 r526779145 p1476
 346165173=65065475+170120749+125508611 i91190529 u305297494 u0 t3.374
2514685 2290000 98 4 w1051235 r18964216 m19625667 f5095 r530218405 p1480
 347777859=65367628+170914357+126092672 i91595856 u306739846 u0 t3.337
2525687 2300000 98 4 w1058834 r19149512 m19813268 f5115 r533459409 p1485
 349430556=65676533+171726819+126692647 i92011295 u308216542 u0 t3.434
2536614 2310000 98 4 w1068182 r19335252 m20001804 f5136 r536902653 p1490
 351071462=65982636+172534843+127287338 i92426039 u309681193 u0 t3.4
2547690 2320000 98 4 w1077547 r19528658 m20198060 f5158 r540485187 p1494
 352775789=66300993+173374078+127904919 i92860732 u311198051 u0 t3.513
2558712 2330000 98 4 w1087571 r19722722 m20395160 f5179 r544207401 p1499
 354479327=66619347+174214406+128520924 i93292594 u312717181 u0 t3.54
2569709 2340000 98 4 w1097275 r19910759 m20586144 f5204 r547822495 p1503
 356119816=66929029+175032721+129102657 i93708844 u314182770 u0 t3.431
2580699 2350000 98 4 w1108668 r20109476 m20788176 f5230 r551798566 p1506
 357866975=67253212+175889572+129740737 i94151757 u315740148 u0 t3.64
2591715 2360000 98 4 w1118375 r20302233 m20983836 f5249 r555481055 p1511
 359567798=67570319+176725970+130359050 i94583359 u317255959 u0 t3.511
2602831 2370000 98 4 w1130892 r20504878 m21189948 f5276 r559755171 p1514
 361333804=67899239+177596044+130999241 i95035289 u318826768 u0 t3.728
2613986 2380000 98 4 w1141904 r20709214 m21398036 f5292 r563946782 p1517
 363142494=68230806+178475866+131670096 i95491762 u320438797 u0 t3.75
2624949 2390000 98 4 w1155382 r20917113 m21609840 f5317 r568337028 p1520
 364958248=68564735+179361240+132340268 i95958812 u322048743 u0 t3.912
2635909 2400000 98 4 w1167209 r21126812 m21823009 f5343 r572451436 p1524
 366793742=68902584+180257977+133015990 i96433236 u323673781 u0 t3.804
2646913 2410000 98 4 w1177864 r21328831 m22028926 f5364 r576815130 p1527
 368547157=69226360+181113701+133662101 i96886103 u325226492 u0 t3.706
2657884 2420000 98 4 w1192345 r21523745 m22227646 f5395 r581067652 p1530
 370250743=69543018+181948977+134283775 i97320533 u326742061 u0 t3.604
2668918 2430000 98 4 w1203940 r21717252 m22424731 f5419 r585180023 p1532
 371945334=69856854+182774867+134907321 i97755127 u328245849 u0 t3.538
2679809 2440000 98 4 w1214963 r21908696 m22619710 f5446 r589223473 p1535
 373593593=70165486+183587194+135502816 i98184799 u329703893 u0 t3.502
2690746 2450000 98 4 w1228023 r22102556 m22817307 f5469 r593426567 p1538
 375264732=70476391+184414187+136105363 i98615913 u331186913 u0 t3.564
2701594 2460000 98 4 w1239659 r22306123 m23024369 f5496 r597461588 p1541
 377026942=70804695+185280946+136745118 i99068141 u332752333 u0 t3.688
2712475 2470000 98 4 w1249927 r22504623 m23226089 f5521 r601391236 p1544
 378737275=71123412+186129022+137359567 i99508294 u334271727 u0 t3.605
2723357 2480000 98 4 w1261295 r22704594 m23429424 f5541 r605268561 p1548
 380487328=71448458+186993347+137992245 i99952705 u335831683 u0 t3.676
2734166 2490000 98 4 w1272808 r22901950 m23630338 f5564 r609268980 p1551
 382198024=71767925+187837149+138610940 i100390589 u337353222 u0 t6.006
2745023 2500000 98 4 w1283517 r23103586 m23835236 f5591 r613140326 p1554
 383959910=72094368+188705051+139251002 i100837934 u338923399 u0 t4.003
2755880 2510000 98 4 w1294578 r23304604 m24039436 f5619 r617005493 p1558
 385703183=72418174+189565646+139881674 i101285247 u340472537 u0 t3.682
2766772 2520000 98 4 w1306500 r23508978 m24247421 f5646 r621322623 p1561
 387463931=72744988+190431472+140522086 i101736441 u342037569 u0 t3.747
2777605 2530000 98 4 w1317448 r23709709 m24451326 f5669 r625152423 p1564
 389210244=73071112+191290844+141155276 i102180215 u343593587 u0 t3.642
2788466 2540000 98 4 w1328409 r23915405 m24660592 f5691 r629358593 p1567
 390993925=73405001+192169511+141801295 i102634630 u345181367 u0 t3.76
2799329 2550000 98 4 w1341116 r24130523 m24879514 f5720 r633758057 p1570
 392854436=73747080+193084041+142481179 i103108986 u346836030 u0 t3.917
2810193 2560000 98 4 w1353543 r24332318 m25084810 f5743 r637755781 p1573
 394586175=74069906+193939383+143107047 i103557728 u348370527 u0 t3.669
2821115 2570000 98 4 w1365632 r24539320 m25295429 f5771 r641979824 p1576
 396373854=74400331+194815983+143761024 i104013893 u349959788 u0 t3.77
2832025 2580000 98 4 w1377514 r24751759 m25511483 f5793 r646217305 p1579
 398201283=74740010+195716692+144423960 i104482774 u351583402 u0 t3.842
2842894 2590000 98 4 w1390243 r24955556 m25719123 f5821 r650525707 p1581
 399960875=75065982+196579442+145067439 i104930358 u353149897 u0 t3.741
2853742 2600000 98 4 w1402210 r25170062 m25937204 f5844 r654696182 p1584
 401811634=75407233+197492344+145739777 i105403977 u354795081 u0 t3.883
2864632 2610000 98 4 w1414296 r25383852 m26154632 f5870 r658933404 p1587
 403667966=75750169+198409680+146411818 i105874835 u356449743 u0 t4.074
2875503 2620000 98 4 w1428494 r25598039 m26373160 f5896 r663591234 p1589
 405501187=76090975+199311909+147078283 i106341805 u358081808 u0 t3.935
2886360 2630000 98 4 w1440833 r25809513 m26588151 f5925 r667815068 p1592
 407318394=76428580+200209416+147736246 i106805288 u359699685 u0 t3.83
2897239 2640000 98 4 w1452183 r26020510 m26802789 f5947 r672051537 p1595
 409133084=76766405+201102314+148395438 i107266883 u361315353 u0 t3.821
2908079 2650000 98 4 w1466086 r26238478 m27024640 f5976 r676630405 p1597
 410998892=77114178+202021249+149071777 i107742845 u362975691 u0 t3.971
2919336 2660000 98 4 w1477710 r26451224 m27241130 f6006 r680951679 p1600
 412865095=77458535+202937691+149753790 i108210177 u364643814 u0 t3.891
2930193 2670000 98 4 w1489367 r26669814 m27463136 f6040 r685167249 p1603
 414758028=77807462+203871479+150441590 i108690898 u366329949 u0 t4.068
2941058 2680000 98 4 w1503559 r26881612 m27678892 f6071 r689770400 p1605
 416562298=78141604+204760082+151097021 i109151790 u367934484 u0 t5.248
2951948 2690000 98 4 w1515701 r27094326 m27895142 f6105 r694096296 p1607
 418394567=78482060+205663987+151760410 i109615535 u369568866 u0 t4.72
2962792 2700000 98 4 w1527963 r27304190 m28108629 f6134 r698362432 p1609
 420187245=78815085+206550897+152407374 i110073587 u371164060 u0 t4.499
2973731 2710000 98 4 w1540077 r27509225 m28317061 f6161 r702490287 p1612
 421964447=79147445+207422084+153055205 i110520448 u372751177 u0 t4.666
2984605 2720000 98 4 w1553030 r27715557 m28527042 f6183 r706735817 p1614
 423762171=79480129+208299528+153716891 i110970041 u374357543 u0 t6.258
2995574 2730000 98 4 w1564317 r27921709 m28736468 f6212 r710828794 p1617
 425541780=79809047+209170707+154369183 i111421456 u375941800 u0 t5.135
3006468 2740000 98 4 w1577242 r28134548 m28953150 f6244 r715258639 p1619
 427360559=80145053+210063381+155033678 i111884437 u377559393 u0 t5.544
3017345 2750000 98 4 w1590584 r28340500 m29162877 f6271 r719695623 p1620
 429112466=80471448+210929421+155665389 i112330472 u379120036 u0 t5.448
3028291 2760000 98 4 w1601511 r28544088 m29369806 f6298 r723635905 p1623
 430853628=80794053+211779723+156304391 i112776160 u380666009 u0 t6.99
3039192 2770000 98 4 w1613094 r28740699 m29569838 f6323 r727652397 p1625
 432538461=81107787+212604140+156920898 i113201388 u382168393 u0 t5.763
3050078 2780000 98 4 w1624935 r28939242 m29771562 f6353 r731560019 p1627
 434247277=81429031+213437682+157545343 i113632135 u383692522 u0 t6.044
3060975 2790000 98 4 w1636524 r29144293 m29979806 f6386 r735569545 p1630
 436026715=81761305+214309126+158194410 i114076562 u385283822 u0 t7.611
3071909 2800000 98 4 w1648057 r29340060 m30178623 f6414 r739396064 p1632
 437724222=82079132+215137533+158816103 i114501285 u386800923 u0 t6.364
3082762 2810000 98 4 w1660822 r29546787 m30388972 f6450 r743711827 p1634
 439502098=82407520+216004295+159471644 i114950014 u388385213 u0 t7.194
3093667 2820000 98 4 w1674248 r29752933 m30599033 f6487 r748135117 p1636
 441252475=82734828+216859883+160111731 i115392172 u389945178 u0 t8.495
3104606 2830000 98 4 w1687313 r29957538 m30807142 f6524 r752287161 p1638
 443006883=83060939+217716620+160755196 i115832708 u391511772 u0 t7.667
3115556 2840000 98 4 w1699040 r30154897 m31007655 f6555 r756252923 p1640
 444688481=83372733+218538469+161372236 i116255114 u393013246 u0 t7.593
3126447 2850000 98 4 w1712280 r30353844 m31210120 f6593 r760393647 p1641
 446373566=83687025+219365885+161985484 i116678806 u394518575 u0 t9.239
3137354 2860000 98 4 w1725427 r30552405 m31412128 f6629 r764490231 p1643
 448084410=84007360+220203015+162608631 i117105915 u396049027 u0 t8.241
3148306 2870000 98 4 w1736707 r30743988 m31607075 f6663 r768391469 p1645
 449709146=84311145+221001359+163198792 i117514656 u397500691 u0 t8.245
3159170 2880000 98 4 w1749851 r30937728 m31804174 f6695 r772294446 p1647
 451351882=84617909+221801999+163801990 i117927271 u398967469 u0 t9.651
3170031 2890000 98 4 w1763313 r31133379 m32003506 f6729 r776518317 p1648
 453013492=84929203+222613413+164410040 i118341341 u400454898 u0 t8.906
3180938 2900000 98 4 w1775484 r31325946 m32199377 f6764 r780471141 p1650
 454661681=85237778+223419314+165012236 i118751541 u401931043 u0 t14.385
3191816 2910000 98 4 w1787742 r31523366 m32399849 f6798 r784381258 p1652
 456350591=85550949+224239011+165637741 i119172639 u403441222 u0 t9.515
3202736 2920000 98 4 w1801592 r31727563 m32607768 f6845 r788781488 p1653
 458067183=85872730+225081734+166261324 i119605172 u404973621 u0 t9.994
3213588 2930000 98 4 w1815472 r31929139 m32812799 f6887 r792851184 p1655
 459765403=86191157+225911227+166882779 i120031368 u406490175 u0 t15.882
3224450 2940000 98 4 w1829920 r32131680 m33019158 f6924 r797218033 p1656
 461458958=86506014+226744049+167499073 i120462047 u407997888 u0 t10.939
3235384 2950000 98 4 w1842365 r32329925 m33220988 f6957 r801312373 p1658
 463116228=86815090+227563975+168096159 i120883483 u409475231 u0 t13.927
3246267 2960000 98 4 w1857147 r32538093 m33433012 f6994 r805725862 p1659
 464858603=87140346+228419120+168730537 i121325550 u411027662 u0 t11.586
3257218 2970000 98 4 w1873389 r32746633 m33645830 f7035 r810355033 p1660
 466613074=87466190+229282067+169368910 i121765432 u412595915 u0 t12.106
3268155 2980000 98 4 w1886300 r32944774 m33847315 f7077 r814390976 p1662
 468268376=87775619+230093744+169972379 i122184329 u414071548 u0 t12.604
3278993 2990000 98 4 w1899718 r33146904 m34052844 f7116 r818421250 p1664
 469969715=88091511+230926039+170595817 i122611375 u415591427 u0 t12.177
3289873 3000000 98 4 w1912672 r33336243 m34245554 f7151 r822340315 p1665
 471569970=88391941+231705539+171183343 i123009191 u417025045 u0 t12.97
3300770 3010000 98 4 w1926015 r33536645 m34449225 f7190 r826286072 p1667
 473233246=88702602+232525382+171785545 i123431511 u418508049 u0 t12.911
3311716 3020000 98 4 w1939022 r33736914 m34653099 f7232 r830332746 p1669
 474884704=89011906+233343669+172378776 i123853138 u419978218 u0 t14.137
3322684 3030000 98 4 w1953334 r33933790 m34853535 f7269 r834476614 p1670
 476508174=89314099+234142224+172968486 i124269319 u421420888 u0 t13.096
3333558 3040000 98 4 w1965702 r34130325 m35053067 f7313 r838204351 p1672
 478143366=89618548+234943979+173565228 i124682919 u422879398 u0 t14.388
3344467 3050000 98 4 w1979415 r34324648 m35251017 f7356 r842228449 p1674
 479740737=89918385+235729820+174143829 i125089691 u424302248 u0 t13.762
3355390 3060000 98 4 w1992827 r34525956 m35455690 f7399 r846250937 p1675
 481413586=90230624+236550329+174753692 i125512743 u425794345 u0 t14.017
3366284 3070000 98 4 w2004682 r34715337 m35648013 f7437 r849802590 p1677
 482988960=90526560+237328756+175320755 i125911228 u427200670 u0 t19.071
3377177 3080000 98 4 w2018274 r34910150 m35846232 f7480 r853768466 p1679
 484606407=90828041+238120588+175912435 i126319615 u428642745 u0 t13.534
3388055 3090000 98 4 w2030244 r35098160 m36037323 f7511 r857351852 p1681
 486152468=91119668+238885764+176466949 i126713807 u430020472 u0 t17.646
3398880 3100000 98 4 w2043128 r35286152 m36228653 f7550 r861062855 p1682
 487684763=91409430+239647791+177012102 i127107394 u431383773 u0 t16.282
3409787 3110000 98 4 w2057191 r35474883 m36420751 f7597 r864938374 p1684
 489223743=91698454+240408490+177565964 i127499803 u432754578 u0 t14.587
3420708 3120000 98 4 w2068657 r35664784 m36613759 f7628 r868538276 p1686
 490782966=91991874+241181846+178124362 i127897313 u434144240 u0 t15.576
3431637 3130000 98 4 w2083131 r35860462 m36812944 f7678 r872479214 p1687
 492372061=92290972+241966929+178696725 i128304529 u435557361 u0 t14.799
3442607 3140000 98 4 w2095211 r36043514 m36998905 f7718 r875850750 p1689
 493867479=92576410+242705734+179231864 i128684306 u436891588 u0 t14.574
3453456 3150000 98 4 w2106141 r36232093 m37190338 f7749 r879265109 p1691
 495418218=92870797+243475997+179783874 i129079311 u438274993 u0 t15.996
3464366 3160000 98 4 w2119483 r36422870 m37384550 f7799 r883093901 p1693
 496965936=93164715+244245389+180334199 i129474769 u439654032 u0 t15.987
3475266 3170000 98 4 w2131087 r36611177 m37575505 f7833 r886317042 p1695
 498503481=93454655+245005791+180885711 i129869602 u441020937 u0 t16.999
3486141 3180000 98 4 w2143049 r36793767 m37761212 f7872 r889775445 p1697
 499986498=93737190+245741376+181413852 i130246178 u442345286 u0 t16.044
3497008 3190000 98 4 w2154685 r36979996 m37950376 f7907 r893146151 p1699
 501529487=94026056+246498293+181975369 i130634031 u443723899 u0 t17.153
3507853 3200000 98 4 w2165428 r37162775 m38135808 f7945 r896290329 p1701
 503046559=94315835+247250150+182516197 i131015250 u445081948 u0 t16.613
3518683 3210000 98 4 w2175839 r37347113 m38322786 f7980 r899335974 p1704
 504564868=94603075+248002586+183059009 i131400307 u446437501 u0 t16.786
3529542 3220000 98 4 w2185710 r37532140 m38510228 f8010 r902317121 p1707
 506086306=94893153+248756525+183601588 i131788315 u447793933 u0 t17.308
3540480 3230000 98 4 w2195518 r37714633 m38695151 f8044 r905308298 p1709
 507573435=95176490+249498789+184127119 i132168194 u449120216 u0 t16.302
3551409 3240000 98 4 w2206721 r37905218 m38888547 f8085 r908588720 p1712
 509136904=95471887+250274207+184686052 i132566778 u450514465 u0 t20.114
3562370 3250000 98 4 w2215957 r38088616 m39074666 f8118 r911706431 p1714
 510633889=95756816+251017114+185219210 i132947803 u451849815 u0 t16.52
3573321 3260000 98 4 w2226991 r38273853 m39262481 f8150 r914893570 p1716
 512154031=96046348+251771059+185761190 i133334455 u453206465 u0 t19.344
3584317 3270000 98 4 w2238732 r38465960 m39457471 f8194 r918280546 p1718
 513711000=96340918+252547891+186312667 i133731153 u454595586 u0 t17.127
3595165 3280000 98 4 w2249043 r38649709 m39644037 f8222 r921402558 p1721
 515228612=96629800+253298990+186854771 i134115157 u455951682 u0 t19.671
3606131 3290000 98 4 w2261476 r38841782 m39839279 f8269 r924878684 p1723
 516787712=96926491+254070286+187412396 i134509130 u457345256 u0 t18.228
3617031 3300000 98 4 w2273071 r39026174 m40026525 f8306 r927964408 p1725
 518283261=97210191+254817319+187941237 i134890787 u458679520 u0 t19.55
3627996 3310000 98 4 w2283829 r39212963 m40215938 f8347 r930954721 p1727
 519803633=97499274+255577531+188477038 i135280878 u460033866 u0 t18.446
3638920 3320000 98 4 w2294016 r39403871 m40409459 f8382 r933990886 p1730
 521375389=97793280+256352278+189045476 i135679907 u461434904 u0 t18.161
3649881 3330000 98 4 w2304385 r39586303 m40594562 f8415 r937026042 p1732
 522880556=98076303+257096336+189586609 i136058004 u462781624 u0 t18.24
3660867 3340000 98 4 w2314476 r39782774 m40793472 f8455 r940066023 p1735
 524491379=98379942+257895171+190162867 i136467033 u464218915 u0 t18.818
3671820 3350000 98 4 w2324910 r39972512 m40985779 f8488 r943076723 p1738
 526041380=98675689+258665765+190712311 i136861350 u465602922 u0 t18.399
3682790 3360000 98 4 w2336695 r40170499 m41186734 f8533 r946532212 p1740
 527659222=98979781+259462353+191297318 i137268197 u467049148 u0 t19.562
3693808 3370000 98 4 w2348546 r40371193 m41390118 f8566 r949754609 p1743
 529325956=99293194+260282583+191900382 i137687424 u468538574 u0 t19.701
3704793 3380000 98 4 w2361506 r40572576 m41594865 f8616 r953369530 p1745
 530943069=99597886+261085257+192478358 i138099702 u469980451 u0 t20.796
3715703 3390000 98 4 w2374106 r40779668 m41805140 f8648 r956842564 p1747
 532641482=99915490+261923870+193091543 i138528527 u471497597 u0 t21.247
3726649 3400000 98 4 w2387361 r40989712 m42018449 f8691 r960337223 p1750
 534346388=100233856+262770855+193701866 i138961057 u473019309 u0 t20.921
3737635 3410000 98 4 w2400743 r41210026 m42242216 f8740 r964089006 p1752
 536134448=100568655+263669932+194329472 i139414860 u474616796 u0 t23.037
3748614 3420000 98 4 w2414932 r41427283 m42462971 f8779 r967922369 p1754
 537914058=100902015+264547436+194973273 i139862649 u476207743 u0 t22.619
3759597 3430000 98 4 w2428748 r41651164 m42690137 f8824 r971597393 p1757
 539732180=101243537+265443050+195631087 i140326512 u477825992 u0 t22.769
3770552 3440000 98 4 w2443070 r41873882 m42916601 f8871 r975562761 p1759
 541540317=101581938+266331153+196288296 i140787397 u479435460 u0 t22.675
3781517 3450000 98 4 w2457465 r42092998 m43139322 f8908 r979325236 p1762
 543336930=101916523+267210385+196945560 i141243183 u481036165 u0 t21.91
3792483 3460000 98 4 w2470960 r42312650 m43362300 f8957 r982964525 p1764
 545110407=102247719+268083312+197588580 i141704384 u482606233 u0 t21.68
3803443 3470000 98 4 w2485209 r42533109 m43586353 f9007 r986817520 p1766
 546863450=102576365+268956547+198213619 i142156663 u484163936 u0 t21.866
3814317 3480000 98 4 w2497179 r42747976 m43804289 f9036 r990207441 p1769
 548616328=102905067+269822518+198845460 i142604886 u485723791 u0 t22.297
3825200 3490000 98 4 w2511023 r42966260 m44026220 f9079 r993893017 p1771
 550364699=103231208+270687065+199476077 i143053757 u487278197 u0 t22.767
3836062 3500000 98 4 w2524526 r43176594 m44239852 f9124 r997337772 p1774
 552038919=103542921+271516200+200079385 i143486539 u488763791 u0 t21.419
3847051 3510000 98 4 w2537926 r43386274 m44452921 f9158 r1000920612 p1776
 553738833=103859970+272354792+200694844 i143919999 u490277160 u0 t22.519
3857981 3520000 98 4 w2551259 r43612110 m44681985 f9202 r1004462799 p1779
 555533138=104195870+273249795+201333950 i144385234 u491869123 u0 t23.977
3868919 3530000 98 4 w2566558 r43842736 m44916388 f9246 r1008364155 p1781
 557372661=104540051+274170956+201984926 i144858303 u493505427 u0 t23.474
3879700 3540000 98 4 w2581885 r44070437 m45148187 f9290 r1012373264 p1783
 559174880=104876499+275068767+202628476 i145321462 u495108034 u0 t28.697
3890544 3550000 98 4 w2597198 r44306380 m45387951 f9342 r1016282160 p1786
 561055077=105229291+276013658+203289337 i145801534 u496784854 u0 t27.601
3901420 3560000 98 4 w2613887 r44535702 m45621433 f9398 r1020345550 p1788
 562858794=105565010+276912898+203933306 i146265163 u498388715 u0 t27.334
3912350 3570000 98 4 w2628643 r44768097 m45857452 f9437 r1024155115 p1791
 564721760=105912497+277839367+204600662 i146739260 u500049558 u0 t24.619
3923255 3580000 98 4 w2643923 r44994860 m46087855 f9484 r1027865219 p1793
 566536233=106252225+278740214+205250933 i147198356 u501669604 u0 t27.37
3934146 3590000 98 4 w2659414 r45230000 m46327029 f9533 r1031857743 p1795
 568414549=106603188+279666112+205930557 i147674262 u503344465 u0 t26.165
3945058 3600000 98 4 w2674825 r45459346 m46560142 f9573 r1035736372 p1798
 570254570=106948208+280576629+206591269 i148138603 u504987500 u0 t25.817
3955958 3610000 98 4 w2691092 r45696216 m46801204 f9623 r1039771044 p1800
 572141867=107297481+281509367+207275346 i148619230 u506667664 u0 t26.72
3966817 3620000 98 4 w2704949 r45924115 m47032608 f9673 r1043397824 p1803
 573970117=107641840+282420517+207926474 i149079534 u508300873 u0 t25.596
3977696 3630000 98 4 w2720559 r46155901 m47268243 f9716 r1047215312 p1805
 575805448=107982976+283330153+208587374 i149546734 u509935882 u0 t25.311
3988551 3640000 98 4 w2737445 r46392552 m47509185 f9760 r1051335571 p1807
 577705627=108334575+284265405+209279576 i150023873 u511633347 u0 t26.031
3999436 3650000 98 4 w2753253 r46627012 m47747603 f9808 r1055263878 p1809
 579562654=108677005+285180148+209955784 i150500542 u513282663 u0 t26.578
4010266 3660000 98 4 w2771015 r46860714 m47985659 f9863 r1059438688 p1811
 581403607=109018526+286095150+210616435 i150967360 u514925120 u0 t25.36
4021082 3670000 98 4 w2789643 r47095327 m48224820 f9912 r1063728388 p1813
 583240993=109359018+287005077+211279585 i151436205 u516560813 u0 t25.9
4031936 3680000 98 4 w2807282 r47337099 m48471135 f9961 r1067948394 p1815
 585155368=109713677+287951495+211971670 i151919858 u518268819 u0 t31.5
4042723 3690000 98 4 w2825200 r47577500 m48715985 f10017 r1072137801 p1817
 587038338=110063444+288882903+212652051 i152399900 u519944739 u0 t29.501
4053582 3700000 98 4 w2841709 r47818364 m48960691 f10073 r1076080858 p1819
 588932135=110417322+289824565+213331268 i152879585 u521633068 u0 t29.072
4064959 3710000 98 4 w2857466 r48051796 m49198071 f10108 r1079916733 p1822
 590833836=110769103+290768846+214014935 i153351771 u523339115 u0 t26.766
4075764 3720000 98 4 w2873688 r48287087 m49437490 f10157 r1083951292 p1824
 592687604=111114214+291684210+214686258 i153820340 u524993983 u0 t26.422
4086632 3730000 98 4 w2890826 r48519710 m49674240 f10223 r1087936988 p1826
 594516201=111454579+292586097+215349182 i154283636 u526624376 u0 t26.174
4097561 3740000 98 4 w2908217 r48751820 m49910848 f10264 r1092060487 p1828
 596344284=111792862+293482665+216017659 i154748279 u528251559 u0 t27.056
4108439 3750000 98 4 w2926968 r48989859 m50153614 f10313 r1096414031 p1829
 598193673=112136711+294395739+216687720 i155222298 u529895090 u0 t27.94
4119319 3760000 98 4 w2943695 r49224606 m50392280 f10372 r1100368519 p1831
 600031342=112478174+295302182+217354611 i155687825 u531533488 u0 t26.931
4130276 3770000 98 4 w2959229 r49446983 m50618548 f10411 r1104123778 p1833
 601775420=112803457+296161714+217986977 i156129600 u533088845 u0 t25.265
4141183 3780000 98 4 w2977593 r49678338 m50854365 f10462 r1108221701 p1835
 603575343=113140168+297048522+218638665 i156586144 u534693822 u0 t27.269
4152093 3790000 98 4 w2993502 r49907263 m51087485 f10515 r1112136478 p1837
 605357888=113473027+297929805+219281395 i157037051 u536284998 u0 t26.579
4162989 3800000 98 4 w3014121 r50147924 m51333091 f10577 r1116604839 p1838
 607225564=113819520+298845200+219964243 i157506306 u537953123 u0 t33.48
4173910 3810000 98 4 w3030151 r50376304 m51565271 f10617 r1120410951 p1840
 609011404=114151393+299726941+220611152 i157962152 u539542238 u0 t31.647
4184895 3820000 98 4 w3045591 r50606473 m51799462 f10667 r1124271540 p1842
 610800344=114485341+300612280+221255876 i158415785 u541138013 u0 t26.29
4195828 3830000 98 4 w3063315 r50832084 m52029478 f10717 r1128271664 p1844
 612539294=114810261+301475332+221879618 i158854754 u542691715 u0 t29.486
4206739 3840000 98 4 w3080261 r51059747 m52261177 f10756 r1132173799 p1846
 614314267=115140779+302354612+222518823 i159304292 u544275229 u0 t28.47
4217677 3850000 98 4 w3095709 r51285586 m52490944 f10805 r1135878882 p1848
 616056393=115465149+303220049+223144048 i159748275 u545827222 u0 t26.726
4228607 3860000 98 4 w3112755 r51508423 m52717832 f10859 r1139768231 p1850
 617780283=115785327+304072285+223767062 i160186139 u547363606 u0 t26.463
4239510 3870000 98 4 w3128872 r51727154 m52940611 f10895 r1143563026 p1851
 619481410=116103114+304913123+224380691 i160619189 u548879059 u0 t25.836
4250423 3880000 98 4 w3143316 r51947375 m53164377 f10939 r1147022012 p1853
 621184395=116420732+305757681+224992434 i161056595 u550392925 u0 t25.243
4261357 3890000 98 4 w3160291 r52165656 m53386986 f10986 r1150917960 p1855
 622866150=116736173+306595185+225591185 i161479350 u551898120 u0 t25.935
4272391 3900000 98 4 w3176436 r52383996 m53609457 f11022 r1154781054 p1856
 624582776=117063230+307431520+226220077 i161908839 u553432259 u0 t26.215
4283314 3910000 98 4 w3194190 r52606935 m53836661 f11074 r1158704278 p1858
 626316809=117388789+308283692+226848748 i162347144 u554979240 u0 t26.794
4294200 3920000 98 4 w3208460 r52823782 m54057169 f11124 r1162199394 p1860
 628000607=117704520+309113782+227457481 i162770578 u556484166 u0 t26.887
4305160 3930000 98 4 w3224888 r53041295 m54278672 f11160 r1165888995 p1862
 629680550=118020474+309942049+228064086 i163196586 u557982368 u0 t26.141
4316083 3940000 98 4 w3239214 r53253688 m54494636 f11198 r1169356739 p1864
 631336621=118335147+310758075+228660128 i163612723 u559463452 u0 t24.087
4326986 3950000 98 4 w3255239 r53480232 m54725101 f11247 r1173130652 p1865
 633109752=118668577+311623477+229309206 i164054914 u561050367 u0 t26.998
4337955 3960000 98 4 w3270497 r53688208 m54936736 f11285 r1176637632 p1867
 634733449=118976112+312418072+229899381 i164458296 u562505679 u0 t24.97
4348836 3970000 98 4 w3287594 r53900364 m55153002 f11332 r1180452832 p1868
 636358243=119284193+313221032+230482160 i164867892 u563958606 u0 t26.085
4359757 3980000 98 4 w3302069 r54115390 m55371803 f11377 r1184037381 p1870
 637990593=119592004+314032767+231064132 i165284821 u565413493 u0 t26.529
4370729 3990000 98 4 w3318637 r54326359 m55586727 f11415 r1187683187 p1872
 639610609=119898014+314835811+231643448 i165692402 u566862826 u0 t24.748
4381681 4000000 98 4 w3335155 r54542417 m55806832 f11456 r1191423431 p1873
 641248980=120207297+315649801+232227712 i166109096 u568324595 u0 t25.971
4392555 4010000 98 4 w3351846 r54757795 m56026274 f11510 r1195133078 p1875
 642894024=120516993+316463410+232818933 i166521898 u569796653 u0 t25.853
4403440 4020000 98 4 w3367572 r54967307 m56239715 f11544 r1198766025 p1876
 644498391=120818366+317255235+233397762 i166929527 u571227196 u0 t25.961
4414465 4030000 98 4 w3382021 r55174869 m56450687 f11590 r1202074039 p1878
 646078541=121116959+318037773+233963291 i167329560 u572638308 u0 t24.941
4425446 4040000 98 4 w3397851 r55383684 m56663306 f11626 r1205750361 p1879
 647667613=121417274+318827936+234528924 i167733753 u574056803 u0 t25.356
4436408 4050000 98 4 w3414516 r55597478 m56881390 f11676 r1209533892 p1881
 649287197=121723231+319627528+235111860 i168144576 u575501737 u0 t26.847
4447331 4060000 98 4 w3432668 r55812026 m57100327 f11724 r1213425966 p1882
 650889059=122025362+320424945+235681771 i168552268 u576931351 u0 t26.501
4458226 4070000 98 4 w3448132 r56022361 m57314462 f11762 r1216938382 p1883
 652500798=122327951+321219556+236263716 i168957744 u578372563 u0 t28.454
4469117 4080000 98 4 w3466285 r56236809 m57533192 f11817 r1220845134 p1885
 654117208=122634434+322021328+236842110 i169366316 u579816565 u0 t31.057
4480047 4090000 98 4 w3487173 r56457633 m57759019 f11865 r1225195330 p1885
 655764591=122944187+322838288+237433004 i169786930 u581284594 u0 t30.251
4490942 4100000 98 4 w3504453 r56669613 m57974870 f11915 r1228853625 p1887
 657357971=123245762+323625401+238004550 i170190898 u582706824 u0 t28.227
4501893 4110000 98 4 w3520281 r56876268 m58185420 f11962 r1232370083 p1888
 658922197=123540591+324395058+238569568 i170584006 u584105429 u0 t25.302
4512866 4120000 98 4 w3537694 r57082033 m58395352 f12004 r1236105614 p1889
 660479016=123835502+325163882+239128274 i170975273 u585498797 u0 t24.398
4523822 4130000 98 4 w3554288 r57293040 m58610490 f12058 r1239806270 p1890
 662062225=124132870+325946746+239697200 i171372717 u586915826 u0 t25.931
4534728 4140000 98 4 w3572316 r57502360 m58823929 f12094 r1243568699 p1892
 663638742=124430770+326729663+240259282 i171771270 u588325154 u0 t26.516
4545718 4150000 98 4 w3590000 r57707201 m59032856 f12135 r1247218898 p1893
 665184559=124723431+327491058+240816346 i172157944 u589709388 u0 t28.866
4556635 4160000 98 4 w3606932 r57912710 m59242374 f12181 r1250886379 p1894
 666724896=125014813+328249950+241371932 i172546181 u591085751 u0 t28.727
4567595 4170000 98 4 w3621730 r58113988 m59446993 f12228 r1254177842 p1895
 668221876=125298920+328993448+241904696 i172926259 u592422446 u0 t24.419
4578516 4180000 98 4 w3638187 r58316311 m59653005 f12270 r1257662879 p1897
 669748291=125588065+329746881+242452828 i173308939 u593788757 u0 t27.219
4589453 4190000 98 4 w3654766 r58524920 m59865482 f12325 r1261256230 p1898
 671330200=125884464+330528880+243022357 i173702671 u595207249 u0 t27.133
4600387 4200000 98 4 w3673324 r58726988 m60071895 f12365 r1265052771 p1899
 672841457=126170447+331272719+243567920 i174080815 u596560462 u0 t24.723
4611320 4210000 98 4 w3688173 r58919169 m60267698 f12406 r1268329783 p1900
 674271342=126443344+331986475+244072288 i174445235 u597836864 u0 t23.325
4622248 4220000 98 4 w3706137 r59123618 m60476373 f12462 r1272085114 p1901
 675768866=126727194+332732126+244603872 i174825544 u599174508 u0 t26.218
4633106 4230000 98 4 w3722143 r59322818 m60679229 f12499 r1275501647 p1902
 677254562=127008907+333473618+245129353 i175202853 u600501974 u0 t25.551
4644049 4240000 98 4 w3736371 r59529884 m60889781 f12548 r1278824420 p1904
 678789682=127298808+334236870+245676237 i175594331 u601870759 u0 t25.905
4655040 4250000 98 4 w3752341 r59728947 m61092318 f12582 r1282149848 p1905
 680281239=127580915+334976354+246209323 i175972092 u603203487 u0 t25.703
4665924 4260000 98 4 w3768336 r59935409 m61302594 f12631 r1285696969 p1907
 681806476=127870163+335730918+246756120 i176355163 u604568731 u0 t25.743
4676832 4270000 98 4 w3784242 r60134128 m61504938 f12669 r1289047056 p1908
 683292406=128154029+336468642+247284731 i176730303 u605897618 u0 t25.405
4687741 4280000 98 4 w3802857 r60338093 m61712960 f12721 r1292816549 p1909
 684782466=128438396+337209726+247812683 i177106136 u607231425 u0 t26.437
4698685 4290000 98 4 w3818295 r60534461 m61912725 f12755 r1296062926 p1910
 686230443=128714346+337929525+248326580 i177476494 u608522008 u0 t26.021
4709603 4300000 98 4 w3835061 r60743982 m62126123 f12807 r1299693315 p1912
 687776961=129005595+338695464+248881419 i177865397 u609905859 u0 t26.384
4720503 4310000 98 4 w3851115 r60948784 m62334649 f12841 r1303169192 p1913
 689305513=129294522+339455743+249425651 i178252260 u611271915 u0 t25.896
4731420 4320000 98 4 w3868913 r61160810 m62550531 f12899 r1306817050 p1914
 690838489=129585490+340222210+249966865 i178643675 u612639551 u0 t25.951
4742321 4330000 98 4 w3886291 r61368723 m62762193 f12933 r1310393897 p1915
 692372936=129875041+340985892+250512936 i179033602 u614009169 u0 t26.322
4753259 4340000 98 4 w3903262 r61581068 m62978304 f12986 r1314036499 p1917
 693933983=130169722+341760275+251070905 i179430014 u615402270 u0 t26.89
4764201 4350000 98 4 w3920663 r61792754 m63193861 f13029 r1317693791 p1918
 695518181=130470697+342563167+251617555 i179823324 u616828178 u0 t26.915
4775138 4360000 98 4 w3938217 r62009233 m63414211 f13087 r1321428196 p1919
 697115979=130774356+343363045+252183206 i180223927 u618257910 u0 t27.999
4786096 4370000 98 4 w3959801 r62226771 m63636422 f13125 r1325601245 p1920
 698712191=131077759+344159965+252749920 i180628272 u619681609 u0 t28.463
4797101 4380000 98 4 w3977932 r62443613 m63857297 f13188 r1329411964 p1921
 700285140=131376883+344950401+253303084 i181028660 u621083882 u0 t26.916
4808087 4390000 98 4 w3994511 r62660373 m64077509 f13223 r1332872237 p1922
 701923858=131688223+345766395+253887645 i181439520 u622549134 u0 t28.706
4819049 4400000 98 4 w4011704 r62888054 m64308802 f13287 r1336491161 p1924
 703588559=132001060+346594542+254481226 i181859848 u624037289 u0 t30.776
4830048 4410000 98 4 w4029407 r63110749 m64535286 f13323 r1340293241 p1926
 705237286=132313733+347422984+255062153 i182279109 u625507126 u0 t33.273
4841026 4420000 98 4 w4047811 r63335647 m64764148 f13380 r1344004635 p1927
 706883855=132621553+348235639+255656998 i182693634 u626978999 u0 t31.044
4852001 4430000 98 4 w4065788 r63555899 m64988214 f13417 r1347725521 p1928
 708503947=132926000+349038854+256238103 i183104398 u628425037 u0 t27.327
4862997 4440000 98 4 w4084532 r63788252 m65224666 f13485 r1351642842 p1930
 710198147=133242922+349878475+256847265 i183530109 u629940177 u0 t31.572
4873904 4450000 98 4 w4104208 r64014091 m65454725 f13525 r1355649376 p1931
 711861369=133556425+350703266+257442648 i183947294 u631429752 u0 t30.449
4884867 4460000 98 4 w4124361 r64249729 m65694587 f13593 r1359665773 p1932
 713566497=133875142+351543457+258060404 i184376963 u632952951 u0 t31.023
4895781 4470000 98 4 w4144321 r64481447 m65930490 f13635 r1363684111 p1933
 715273745=134196295+352390683+258673726 i184809343 u634474340 u0 t31.363
4906756 4480000 98 4 w4165413 r64727901 m66181438 f13700 r1367962240 p1935
 717082923=134534633+353283574+259330308 i185265968 u636087011 u0 t33.41
4917771 4490000 98 4 w4184384 r64977604 m66434939 f13759 r1371839041 p1937
 718926275=134875090+354186663+260006475 i185733255 u637728785 u0 t36.661
4928768 4500000 98 4 w4203514 r65223333 m66684546 f13810 r1375798288 p1938
 720744039=135213576+355074562+260673297 i186193882 u639348540 u0 t34.407
4939756 4510000 98 4 w4225561 r65470486 m66936311 f13863 r1380135323 p1939
 722515561=135542131+355944356+261319964 i186648796 u640921826 u0 t34.604
4950853 4520000 98 4 w4246519 r65721775 m67192076 f13922 r1384449542 p1941
 724341155=135879658+356834075+261993496 i187118621 u642540219 u0 t33.75
4961839 4530000 98 4 w4264642 r65961008 m67434856 f13982 r1388174886 p1943
 726080472=136200997+357687937+262628770 i187564661 u644085490 u0 t32.077
4972832 4540000 98 4 w4286714 r66201970 m67679897 f14037 r1392312214 p1944
 727843511=136527190+358550640+263275298 i188012166 u645655215 u0 t32.133
4983782 4550000 98 4 w4304608 r66435845 m67917417 f14093 r1396026250 p1946
 729544168=136843990+359384418+263896014 i188448850 u647165735 u0 t33.563
4994759 4560000 98 4 w4324337 r66675530 m68161113 f14145 r1399981140 p1947
 731263850=137165703+360237314+264512469 i188891333 u648694592 u0 t35.933
5005677 4570000 98 4 w4341829 r66910497 m68399784 f14212 r1403676216 p1949
 732955704=137481293+361068442+265127825 i189326668 u650196644 u0 t33.761
5016605 4580000 98 4 w4360046 r67152571 m68645575 f14251 r1407516744 p1950
 734715404=137809281+361939611+265761654 i189779414 u651759944 u0 t34.776
5027569 4590000 98 4 w4378753 r67398415 m68895267 f14313 r1411343242 p1952
 736496891=138141148+362813409+266411697 i190232411 u653346205 u0 t34.389
5038460 4600000 98 4 w4396446 r67627523 m69127834 f14363 r1414930564 p1954
 738152221=138451437+363633981+267005860 i190657239 u654818603 u0 t30.358
5049344 4610000 98 4 w4415658 r67871443 m69375518 f14426 r1418735660 p1955
 739901180=138778127+364497546+267637136 i191102093 u656377554 u0 t32.09
5060214 4620000 98 4 w4436745 r68115196 m69623458 f14485 r1422919497 p1957
 741627386=139101660+365357193+268252786 i191548667 u657910677 u0 t32.164
5071166 4630000 98 4 w4457200 r68356830 m69868954 f14540 r1426749173 p1958
 743369554=139427389+366217351+268881825 i191989402 u659465799 u0 t30.494
5082077 4640000 98 4 w4476130 r68598721 m70114633 f14601 r1430634284 p1960
 745095325=139750598+367074498+269498999 i192430860 u661001959 u0 t33.37
5092952 4650000 98 4 w4493944 r68839665 m70359054 f14643 r1434316336 p1962
 746845262=140076115+367946151+270124959 i192875950 u662562470 u0 t38.152
5103888 4660000 98 4 w4512918 r69095575 m70618575 f14716 r1438152407 p1964
 748674013=140416913+368851068+270784379 i193341253 u664192304 u0 t56.114
5114792 4670000 98 4 w4536208 r69338670 m70866079 f14760 r1442472888 p1965
 750401820=140740385+369708924+271403375 i193780492 u665732624 u0 t60.818
5125741 4680000 98 4 w4553995 r69581340 m71112176 f14836 r1446127045 p1966
 752125361=141064665+370568288+272016064 i194217633 u667271923 u0 t55.295
5136717 4690000 98 4 w4574637 r69825987 m71360726 f14876 r1450096120 p1968
 753880064=141391180+371440625+272644618 i194666350 u668834228 u0 t39.553
5147654 4700000 98 4 w4595675 r70075051 m71613807 f14931 r1454230720 p1969
 755634556=141719120+372312217+273272903 i195114233 u670396891 u0 t37.556
5158619 4710000 98 4 w4613334 r70319873 m71862074 f14996 r1457898735 p1971
 757408019=142049898+373189079+273912892 i195562992 u671979549 u0 t38.472
5169534 4720000 98 4 w4634029 r70566046 m72111891 f15047 r1461781042 p1973
 759157936=142381060+374057173+274537349 i196008075 u673539837 u0 t37.497
5180402 4730000 98 4 w4651953 r70816343 m72365525 f15126 r1465426296 p1975
 760934638=142713425+374939858+275173401 i196459018 u675125206 u0 t35.46
5191291 4740000 98 4 w4671519 r71069310 m72622004 f15167 r1469293443 p1977
 762764624=143052784+375847014+275832696 i196923131 u676757271 u0 t35.861
5202167 4750000 98 4 w4691202 r71322180 m72878585 f15226 r1473228225 p1978
 764567212=143388196+376735603+276485904 i197381222 u678362844 u0 t36.088
5213037 4760000 98 4 w4712169 r71577891 m73138088 f15294 r1477274914 p1980
 766393255=143725540+377632062+277154070 i197841284 u679992703 u0 t36.665
5223884 4770000 98 4 w4732300 r71825311 m73389269 f15339 r1481164564 p1981
 768165040=144057586+378508123+277791658 i198291121 u681572264 u0 t35.501
5234779 4780000 98 4 w4751068 r72070410 m73637816 f15410 r1484876991 p1983
 769872868=144376131+379358928+278401058 i198731599 u683089249 u0 t33.013
5245825 4790000 98 4 w4770769 r72316923 m73887992 f15450 r1488716277 p1985
 771646093=144703231+380233350+279045473 i199181988 u684668831 u0 t33.314
5256768 4800000 98 4 w4793369 r72572665 m74147784 f15509 r1492939795 p1986
 773440371=145035113+381119818+279695673 i199637025 u686268385 u0 t34.175
5267626 4810000 98 4 w4814699 r72824115 m74403060 f15577 r1496904210 p1988
 775208045=145364275+381993632+280333622 i200088462 u687841593 u0 t35.141
5278527 4820000 98 4 w4832490 r73061395 m74643471 f15623 r1500409321 p1989
 776899703=145680955+382828917+280943941 i200517049 u689350834 u0 t32.237
5289476 4830000 98 4 w4853126 r73310789 m74896427 f15702 r1504115205 p1991
 778650170=146005325+383687156+281583824 i200961621 u690909174 u0 t33.525
5300488 4840000 98 4 w4870298 r73544424 m75133226 f15736 r1507665205 p1993
 780330080=146318545+384517628+282189741 i201389678 u692405163 u0 t32.228
5311384 4850000 98 4 w4887119 r73781733 m75373341 f15779 r1510946421 p1995
 782036545=146636438+385361708+282805294 i201823031 u693926800 u0 t33.422
5322312 4860000 98 4 w4907357 r74031969 m75627019 f15845 r1514757326 p1997
 783786925=146961814+386226328+283438611 i202266738 u695487920 u0 t34.413
5333136 4870000 98 4 w4930211 r74286635 m75885674 f15903 r1518925929 p1998
 785593111=147297767+387117255+284092723 i202723262 u697099178 u0 t37.697
5344051 4880000 98 4 w4950926 r74535216 m76137692 f15948 r1522710367 p2000
 787354037=147624946+387984692+284732424 i203168768 u698669919 u0 t43.593
5354961 4890000 98 4 w4968930 r74785126 m76390536 f16015 r1526259097 p2002
 789116732=147953500+388852388+285372395 i203615630 u700241368 u0 t40.82
5365866 4900000 98 4 w4988386 r75030630 m76639163 f16084 r1529841811 p2003
 790874886=148280101+389715570+286013641 i204055230 u701814100 u0 t39.078
5376756 4910000 98 4 w5004815 r75266935 m76878500 f16123 r1533269090 p2005
 792570068=148597470+390551122+286627081 i204481541 u703329277 u0 t35.169
5387675 4920000 98 4 w5025699 r75509458 m77124662 f16186 r1537065011 p2007
 794264825=148914834+391387274+287239187 i204908046 u704843882 u0 t32.763
5398578 4930000 98 4 w5046854 r75754848 m77373495 f16260 r1540937178 p2008
 795971815=149235660+392232431+287851548 i205339885 u706368330 u0 t34.93
5409490 4940000 98 4 w5066756 r75991277 m77613063 f16301 r1544425775 p2010
 797641784=149548072+393058300+288453158 i205763979 u707857512 u0 t33.039
5420355 4950000 98 4 w5083947 r76238356 m77863127 f16357 r1547843135 p2012
 799394756=149874493+393921869+289089186 i206205277 u709423564 u0 t34.137
5431223 4960000 98 4 w5100902 r76477895 m78105605 f16418 r1551214214 p2014
 801084148=150189624+394755979+289699618 i206631289 u710932883 u0 t32.897
5442092 4970000 98 4 w5122188 r76715192 m78346398 f16460 r1554988069 p2015
 802745703=150502114+395575731+290299182 i207050098 u712417272 u0 t33.136
5453015 4980000 98 4 w5141915 r76958651 m78593255 f16517 r1558755557 p2016
 804457905=150821179+396418723+290920363 i207478160 u713949626 u0 t33.347
5463959 4990000 98 4 w5164786 r77203381 m78841747 f16588 r1562758061 p2018
 806143436=151136489+397249891+291530083 i207905668 u715452649 u0 t34.452
5474924 5000000 98 4 w5186769 r77436971 m79078853 f16631 r1566555502 p2019
 807775681=151440672+398050259+292125353 i208317939 u716908922 u0 t32.525
5485938 5010000 98 4 w5209811 r77685393 m79331278 f16699 r1570687531 p2020
 809484290=151758949+398893507+292743598 i208747631 u718435831 u0 t33.929
5496880 5020000 98 4 w5229037 r77917109 m79566202 f16765 r1574185347 p2021
 811106090=152063650+399696114+293326862 i209158551 u719883229 u0 t37.801
5507833 5030000 98 4 w5252185 r78163827 m79816595 f16812 r1578214455 p2022
 812817379=152383428+400545359+293940998 i209589968 u721412967 u0 t40.947
5518806 5040000 98 4 w5271625 r78402701 m80058784 f16879 r1581813606 p2024
 814470693=152692675+401361024+294538284 i210007772 u722888983 u0 t38.319
5529757 5050000 98 4 w5290422 r78638410 m80297392 f16944 r1585236598 p2026
 816113174=153001270+402175340+295126807 i210423552 u724355953 u0 t35.611
5540663 5060000 98 4 w5308383 r78875176 m80537246 f16988 r1588686519 p2027
 817783063=153313085+402998236+295731416 i210843862 u725848020 u0 t33.071
5551636 5070000 98 4 w5329074 r79118560 m80784046 f17056 r1592404267 p2029
 819461629=153625775+403825819+296339184 i211266808 u727347374 u0 t34.502
5562596 5080000 98 4 w5347451 r79352403 m81021173 f17117 r1595903849 p2030
 821094289=153930361+404626331+296934695 i211679090 u728804287 u0 t32.965
5573494 5090000 98 4 w5366115 r79588625 m81260286 f17156 r1599244752 p2032
 822762213=154241238+405446469+297540974 i212099078 u730293966 u0 t33.515
5584492 5100000 98 4 w5386129 r79824770 m81499630 f17209 r1602820806 p2033
 824385541=154544827+406244382+298130451 i212510417 u731741782 u0 t32.48
5595555 5110000 98 4 w5403846 r80052753 m81730519 f17291 r1606148806 p2035
 825951870=154839154+407016532+298696009 i212904981 u733141383 u0 t31.859
5606569 5120000 98 4 w5421630 r80278265 m81958993 f17324 r1609565565 p2036
 827542595=155140161+407798955+299270260 i213305574 u734563384 u0 t31.574
5617545 5130000 98 4 w5439421 r80497334 m82180695 f17360 r1612721371 p2038
 829080168=155427982+408554502+299828711 i213692359 u735937530 u0 t30.828
5628539 5140000 98 4 w5459508 r80723506 m82410071 f17418 r1616217931 p2039
 830634683=155720750+409319029+300391471 i214081222 u737329533 u0 t39.783
5639565 5150000 98 4 w5476963 r80954551 m82643876 f17485 r1619481177 p2041
 832229703=156019871+410105741+300967174 i214485781 u738752020 u0 t44.748
5650481 5160000 98 4 w5498079 r81186859 m82879614 f17523 r1623251740 p2042
 833831506=156319937+410895847+301545833 i214890406 u740182485 u0 t38.638
5661351 5170000 98 4 w5516214 r81408957 m83104570 f17568 r1626500114 p2043
 835381615=156612226+411656300+302108382 i215277338 u741570963 u0 t30.984
5672329 5180000 98 4 w5535140 r81630844 m83329306 f17643 r1629720405 p2045
 836895004=156897616+412400021+302656215 i215657708 u742923929 u0 t30.155
5683321 5190000 98 4 w5553128 r81858642 m83560062 f17693 r1633080558 p2046
 838485513=157195642+413181056+303234316 i216059461 u744343667 u0 t29.332
5694245 5200000 98 4 w5574448 r82081555 m83786625 f17732 r1636830811 p2047
 840005507=157481293+413933142+303780793 i216443655 u745701055 u0 t31.768
Total lines processed: 5200056
Block Count:9, 19991
Avg Block Count:10827
Avg Max Count:2441, 2367, 98
Block Count:14766, 1730344
Avg Block Count:97
Avg Max Count:172, 143, 98
Level Count:3
Level Count:4
6005197 5
3247938 5
Max word len: 98
Total words generated: 840018723
Words inserted 216446985
Words updated: 745712713
total_cache_requests:  0
total_cache_misses:  0
cache_flush_count:  952
total_cache_requests:  1636866523
total_cache_misses:  83788493
cache_flush_count:  17732
